INFO     Running translator.
INFO     translator stdin: None
INFO     translator time limit: 1799.96s
INFO     translator memory limit: 3584 MB
INFO     translator command line string: /infai/weidan00/downward/experiments/bachelor/.venv/bin/python3 /infai/weidan00/downward/experiments/bachelor/data/bachelor-v1/code-7aa5f34_e5e41175/builds/release/bin/translate/translate.py domain.pddl problem.pddl --sas-file output.sas
Parsing...
Parsing: [0.000s CPU, 0.005s wall-clock]
Normalizing task... [0.000s CPU, 0.000s wall-clock]
Instantiating...
Generating Datalog program... [0.000s CPU, 0.001s wall-clock]
Normalizing Datalog program...
Normalizing Datalog program: [0.010s CPU, 0.004s wall-clock]
Preparing model... [0.000s CPU, 0.004s wall-clock]
Generated 45 rules.
Computing model... [0.910s CPU, 0.914s wall-clock]
31166 relevant atoms
58671 auxiliary atoms
89837 final queue length
147216 total queue pushes
Completing instantiation... [1.680s CPU, 1.685s wall-clock]
Instantiating: [2.620s CPU, 2.632s wall-clock]
Computing fact groups...
Finding invariants...
18 initial candidates
Finding invariants: [0.050s CPU, 0.041s wall-clock]
Checking invariant weight... [0.000s CPU, 0.002s wall-clock]
Instantiating groups... [0.020s CPU, 0.020s wall-clock]
Collecting mutex groups... [0.000s CPU, 0.002s wall-clock]
Choosing groups...
116 uncovered facts
Choosing groups: [0.010s CPU, 0.004s wall-clock]
Building translation key... [0.000s CPU, 0.003s wall-clock]
Computing fact groups: [0.080s CPU, 0.080s wall-clock]
Building STRIPS to SAS dictionary... [0.000s CPU, 0.002s wall-clock]
Building dictionary for full mutex groups... [0.010s CPU, 0.001s wall-clock]
Building mutex information...
Building mutex information: [0.000s CPU, 0.001s wall-clock]
Translating task...
Processing axioms...
Simplifying axioms... [0.000s CPU, 0.000s wall-clock]
Processing axioms: [0.060s CPU, 0.059s wall-clock]
Translating task: [1.380s CPU, 1.389s wall-clock]
0 effect conditions simplified
0 implied preconditions added
Detecting unreachable propositions...
0 operators removed
0 axioms removed
475 propositions removed
Detecting unreachable propositions: [0.790s CPU, 0.789s wall-clock]
Reordering and filtering variables...
243 of 243 variables necessary.
0 of 243 mutex groups necessary.
29386 of 29386 operators necessary.
0 of 0 axiom rules necessary.
Reordering and filtering variables: [0.170s CPU, 0.175s wall-clock]
Translator variables: 243
Translator derived variables: 0
Translator facts: 1482
Translator goal facts: 16
Translator mutex groups: 0
Translator total mutex groups size: 0
Translator operators: 29386
Translator axioms: 0
Translator task size: 177595
Translator peak memory: 284432 KB
Writing output... [0.280s CPU, 0.325s wall-clock]
Done! [5.400s CPU, 5.470s wall-clock]
translate exit code: 0

INFO     Running search (release).
INFO     search stdin: output.sas
INFO     search time limit: 1794.46s
INFO     search memory limit: 3584 MB
INFO     search command line string: /infai/weidan00/downward/experiments/bachelor/data/bachelor-v1/code-7aa5f34_e5e41175/builds/release/bin/downward --search 'eager_wastar([pinch()], w=2)' --internal-plan-file sas_plan < output.sas
[t=5.6455e-05s, 17204 KB] reading input...
[t=0.191337s, 26172 KB] done reading input!
[t=0.202711s, 29776 KB] Simplifying 58618 unary operators... done! [58618 unary operators]
[t=0.272829s, 35292 KB] time to simplify: 0.0735548s
[t=0.280174s, 35292 KB] Initializing pinch heuristic...
[t=0.280366s, 35292 KB] Building successor generator...done!
[t=0.294523s, 35292 KB] peak memory difference for successor generator creation: 0 KB
[t=0.294572s, 35292 KB] time for successor generation creation: 0.0137429s
[t=0.294861s, 35292 KB] Variables: 243
[t=0.294913s, 35292 KB] FactPairs: 1482
[t=0.294953s, 35292 KB] Bytes per state: 84
[t=0.295095s, 35292 KB] Conducting best first search with reopening closed nodes, (real) bound = 2147483647
[t=0.301239s, 35292 KB] New best heuristic value for pinch: 220
[t=0.301315s, 35292 KB] g=0, 1 evaluated, 0 expanded
[t=0.301377s, 35292 KB] Initial heuristic value for pinch: 220
[t=0.301419s, 35292 KB] pruning method: none
[t=0.302843s, 35292 KB] New best heuristic value for pinch: 212
[t=0.302903s, 35292 KB] g=1, 2 evaluated, 1 expanded
[t=0.307911s, 35292 KB] New best heuristic value for pinch: 176
[t=0.307984s, 35292 KB] g=1, 3 evaluated, 1 expanded
[t=0.334752s, 35292 KB] New best heuristic value for pinch: 172
[t=0.334841s, 35292 KB] g=2, 12 evaluated, 2 expanded
[t=0.338075s, 35292 KB] New best heuristic value for pinch: 171
[t=0.338144s, 35292 KB] g=2, 20 evaluated, 2 expanded
[t=0.339578s, 35292 KB] New best heuristic value for pinch: 170
[t=0.339632s, 35292 KB] g=2, 23 evaluated, 2 expanded
[t=0.365852s, 35292 KB] New best heuristic value for pinch: 166
[t=0.365938s, 35292 KB] g=3, 37 evaluated, 3 expanded
[t=0.369161s, 35292 KB] New best heuristic value for pinch: 165
[t=0.369229s, 35292 KB] g=3, 45 evaluated, 3 expanded
[t=0.370762s, 35292 KB] New best heuristic value for pinch: 164
[t=0.370816s, 35292 KB] g=3, 48 evaluated, 3 expanded
[t=0.397195s, 35292 KB] New best heuristic value for pinch: 160
[t=0.397284s, 35292 KB] g=4, 62 evaluated, 4 expanded
[t=0.400529s, 35292 KB] New best heuristic value for pinch: 159
[t=0.400596s, 35292 KB] g=4, 70 evaluated, 4 expanded
[t=0.427318s, 35292 KB] New best heuristic value for pinch: 155
[t=0.427412s, 35292 KB] g=5, 86 evaluated, 5 expanded
[t=0.430805s, 35292 KB] New best heuristic value for pinch: 154
[t=0.430872s, 35292 KB] g=5, 95 evaluated, 5 expanded
[t=0.45806s, 35292 KB] New best heuristic value for pinch: 150
[t=0.458155s, 35292 KB] g=6, 111 evaluated, 6 expanded
[t=0.488359s, 35292 KB] New best heuristic value for pinch: 146
[t=0.488449s, 35292 KB] g=7, 135 evaluated, 7 expanded
[t=0.518808s, 35292 KB] New best heuristic value for pinch: 145
[t=0.518896s, 35292 KB] g=8, 159 evaluated, 8 expanded
[t=0.519343s, 35292 KB] New best heuristic value for pinch: 142
[t=0.519387s, 35292 KB] g=8, 160 evaluated, 8 expanded
[t=0.548453s, 35292 KB] New best heuristic value for pinch: 141
[t=0.548558s, 35292 KB] g=9, 182 evaluated, 9 expanded
[t=0.549104s, 35292 KB] New best heuristic value for pinch: 138
[t=0.54915s, 35292 KB] g=9, 183 evaluated, 9 expanded
[t=0.578703s, 35292 KB] New best heuristic value for pinch: 137
[t=0.578794s, 35292 KB] g=10, 205 evaluated, 10 expanded
[t=0.57918s, 35292 KB] New best heuristic value for pinch: 136
[t=0.579224s, 35292 KB] g=10, 206 evaluated, 10 expanded
[t=0.579648s, 35292 KB] New best heuristic value for pinch: 135
[t=0.579694s, 35292 KB] g=10, 207 evaluated, 10 expanded
[t=0.580939s, 35292 KB] New best heuristic value for pinch: 134
[t=0.580991s, 35292 KB] g=10, 210 evaluated, 10 expanded
[t=0.608053s, 35292 KB] New best heuristic value for pinch: 133
[t=0.608145s, 35292 KB] g=11, 227 evaluated, 11 expanded
[t=0.608531s, 35292 KB] New best heuristic value for pinch: 132
[t=0.608576s, 35292 KB] g=11, 228 evaluated, 11 expanded
[t=0.609009s, 35292 KB] New best heuristic value for pinch: 131
[t=0.609054s, 35292 KB] g=11, 229 evaluated, 11 expanded
[t=0.610481s, 35292 KB] New best heuristic value for pinch: 130
[t=0.610535s, 35292 KB] g=11, 233 evaluated, 11 expanded
[t=0.630243s, 35292 KB] New best heuristic value for pinch: 128
[t=0.630329s, 35292 KB] g=12, 247 evaluated, 12 expanded
[t=0.638956s, 35292 KB] New best heuristic value for pinch: 127
[t=0.639036s, 35292 KB] g=12, 252 evaluated, 12 expanded
[t=0.641501s, 35292 KB] New best heuristic value for pinch: 126
[t=0.641562s, 35292 KB] g=12, 258 evaluated, 12 expanded
[t=0.659842s, 35292 KB] New best heuristic value for pinch: 120
[t=0.659926s, 35292 KB] g=13, 269 evaluated, 13 expanded
[t=0.684595s, 35292 KB] New best heuristic value for pinch: 116
[t=0.684683s, 35292 KB] g=14, 290 evaluated, 14 expanded
[t=0.691563s, 35292 KB] New best heuristic value for pinch: 103
[t=0.691641s, 35292 KB] g=14, 296 evaluated, 14 expanded
[t=0.717155s, 35292 KB] New best heuristic value for pinch: 102
[t=0.717241s, 35292 KB] g=15, 309 evaluated, 15 expanded
[t=0.717627s, 35292 KB] New best heuristic value for pinch: 101
[t=0.717671s, 35292 KB] g=15, 310 evaluated, 15 expanded
[t=0.718106s, 35292 KB] New best heuristic value for pinch: 100
[t=0.718154s, 35292 KB] g=15, 311 evaluated, 15 expanded
[t=0.720699s, 35292 KB] New best heuristic value for pinch: 99
[t=0.72076s, 35292 KB] g=15, 317 evaluated, 15 expanded
[t=0.748078s, 35292 KB] New best heuristic value for pinch: 98
[t=0.74817s, 35292 KB] g=16, 336 evaluated, 16 expanded
[t=0.748559s, 35292 KB] New best heuristic value for pinch: 97
[t=0.748613s, 35292 KB] g=16, 337 evaluated, 16 expanded
[t=0.749036s, 35292 KB] New best heuristic value for pinch: 96
[t=0.74908s, 35292 KB] g=16, 338 evaluated, 16 expanded
[t=0.777804s, 35292 KB] New best heuristic value for pinch: 95
[t=0.777892s, 35292 KB] g=17, 362 evaluated, 17 expanded
[t=0.77828s, 35292 KB] New best heuristic value for pinch: 94
[t=0.778324s, 35292 KB] g=17, 363 evaluated, 17 expanded
[t=0.778829s, 35292 KB] New best heuristic value for pinch: 93
[t=0.778875s, 35292 KB] g=17, 364 evaluated, 17 expanded
[t=0.807943s, 35292 KB] New best heuristic value for pinch: 92
[t=0.808031s, 35292 KB] g=18, 388 evaluated, 18 expanded
[t=0.808431s, 35292 KB] New best heuristic value for pinch: 91
[t=0.808476s, 35292 KB] g=18, 389 evaluated, 18 expanded
[t=0.837307s, 35292 KB] New best heuristic value for pinch: 90
[t=0.837393s, 35292 KB] g=19, 413 evaluated, 19 expanded
[t=0.837882s, 35292 KB] New best heuristic value for pinch: 89
[t=0.837935s, 35292 KB] g=19, 415 evaluated, 19 expanded
[t=0.866936s, 35292 KB] New best heuristic value for pinch: 88
[t=0.867023s, 35292 KB] g=20, 439 evaluated, 20 expanded
[t=0.867635s, 35292 KB] New best heuristic value for pinch: 87
[t=0.867692s, 35292 KB] g=20, 441 evaluated, 20 expanded
[t=0.896053s, 35292 KB] New best heuristic value for pinch: 86
[t=0.89614s, 35292 KB] g=21, 464 evaluated, 21 expanded
[t=0.896932s, 35292 KB] New best heuristic value for pinch: 85
[t=0.896982s, 35292 KB] g=21, 467 evaluated, 21 expanded
[t=0.918246s, 35292 KB] New best heuristic value for pinch: 84
[t=0.918333s, 35292 KB] g=22, 487 evaluated, 22 expanded
[t=0.92796s, 35292 KB] New best heuristic value for pinch: 83
[t=0.928039s, 35292 KB] g=22, 496 evaluated, 22 expanded
[t=0.947424s, 35292 KB] New best heuristic value for pinch: 80
[t=0.947509s, 35292 KB] g=23, 512 evaluated, 23 expanded
[t=0.968899s, 35292 KB] New best heuristic value for pinch: 78
[t=0.968989s, 35292 KB] g=24, 530 evaluated, 24 expanded
[t=0.993598s, 35292 KB] New best heuristic value for pinch: 77
[t=0.993687s, 35292 KB] g=25, 548 evaluated, 25 expanded
[t=1.0162s, 35292 KB] New best heuristic value for pinch: 76
[t=1.01628s, 35292 KB] g=26, 569 evaluated, 26 expanded
[t=1.04432s, 35292 KB] New best heuristic value for pinch: 75
[t=1.04442s, 35292 KB] g=27, 591 evaluated, 27 expanded
[t=1.06528s, 35292 KB] New best heuristic value for pinch: 74
[t=1.06536s, 35292 KB] g=28, 607 evaluated, 28 expanded
[t=1.09271s, 35292 KB] New best heuristic value for pinch: 73
[t=1.09279s, 35292 KB] g=29, 629 evaluated, 29 expanded
[t=1.13977s, 35292 KB] New best heuristic value for pinch: 72
[t=1.13987s, 35292 KB] g=29, 661 evaluated, 31 expanded
[t=1.1675s, 35292 KB] New best heuristic value for pinch: 71
[t=1.16759s, 35292 KB] g=30, 682 evaluated, 32 expanded
[t=1.19287s, 35292 KB] New best heuristic value for pinch: 70
[t=1.19296s, 35292 KB] g=31, 700 evaluated, 33 expanded
[t=1.5752s, 35292 KB] New best heuristic value for pinch: 68
[t=1.5753s, 35292 KB] g=34, 984 evaluated, 49 expanded
[t=1.60391s, 35292 KB] New best heuristic value for pinch: 66
[t=1.604s, 35292 KB] g=35, 1011 evaluated, 50 expanded
[t=1.62757s, 35292 KB] New best heuristic value for pinch: 64
[t=1.62766s, 35292 KB] g=36, 1029 evaluated, 51 expanded
[t=1.6535s, 35292 KB] New best heuristic value for pinch: 62
[t=1.65359s, 35292 KB] g=37, 1053 evaluated, 52 expanded
[t=3.04035s, 35292 KB] New best heuristic value for pinch: 58
[t=3.04046s, 35292 KB] g=41, 2140 evaluated, 109 expanded
[t=3.06632s, 35292 KB] New best heuristic value for pinch: 57
[t=3.06641s, 35292 KB] g=42, 2166 evaluated, 110 expanded
[t=3.06863s, 35292 KB] New best heuristic value for pinch: 56
[t=3.06869s, 35292 KB] g=42, 2172 evaluated, 110 expanded
[t=3.09465s, 35292 KB] New best heuristic value for pinch: 55
[t=3.09473s, 35292 KB] g=43, 2196 evaluated, 111 expanded
[t=3.09685s, 35292 KB] New best heuristic value for pinch: 54
[t=3.09692s, 35292 KB] g=43, 2202 evaluated, 111 expanded
[t=3.12203s, 35292 KB] New best heuristic value for pinch: 53
[t=3.12211s, 35292 KB] g=44, 2225 evaluated, 112 expanded
[t=3.12438s, 35292 KB] New best heuristic value for pinch: 52
[t=3.12444s, 35292 KB] g=44, 2232 evaluated, 112 expanded
[t=3.14334s, 35292 KB] New best heuristic value for pinch: 50
[t=3.14343s, 35292 KB] g=45, 2252 evaluated, 113 expanded
[t=3.27226s, 35292 KB] New best heuristic value for pinch: 48
[t=3.27236s, 35292 KB] g=46, 2358 evaluated, 118 expanded
[t=3.83462s, 35292 KB] New best heuristic value for pinch: 47
[t=3.83472s, 35292 KB] g=50, 2803 evaluated, 138 expanded
[t=3.86085s, 35292 KB] New best heuristic value for pinch: 46
[t=3.86094s, 35292 KB] g=51, 2831 evaluated, 139 expanded
[t=3.89053s, 35292 KB] New best heuristic value for pinch: 45
[t=3.89062s, 35292 KB] g=52, 2868 evaluated, 140 expanded
[t=3.90901s, 35292 KB] New best heuristic value for pinch: 44
[t=3.90909s, 35292 KB] g=53, 2889 evaluated, 141 expanded
[t=3.95025s, 35292 KB] New best heuristic value for pinch: 43
[t=3.95034s, 35292 KB] g=54, 2919 evaluated, 142 expanded
[t=4.00444s, 35292 KB] New best heuristic value for pinch: 42
[t=4.00453s, 35292 KB] g=54, 2957 evaluated, 144 expanded
[t=4.04688s, 35292 KB] New best heuristic value for pinch: 41
[t=4.04697s, 35292 KB] g=55, 2986 evaluated, 145 expanded
[t=4.08295s, 35292 KB] New best heuristic value for pinch: 40
[t=4.08304s, 35292 KB] g=56, 3007 evaluated, 146 expanded
[t=18.1034s, 35940 KB] New best heuristic value for pinch: 39
[t=18.1035s, 35940 KB] g=61, 15099 evaluated, 662 expanded
[t=18.1446s, 35940 KB] New best heuristic value for pinch: 38
[t=18.1447s, 35940 KB] g=62, 15126 evaluated, 663 expanded
[t=835.644s, 125536 KB] New best heuristic value for pinch: 37
[t=835.644s, 125536 KB] g=65, 772275 evaluated, 33919 expanded, 152 reopened
[t=835.672s, 125536 KB] New best heuristic value for pinch: 36
[t=835.672s, 125536 KB] g=66, 772293 evaluated, 33920 expanded, 152 reopened
Peak memory: 268792 KB
caught signal 24 -- exiting
Time limit has been reached.
Remove intermediate file output.sas
search exit code: 23

Driver aborting after search
