INFO     Running translator.
INFO     translator stdin: None
INFO     translator time limit: 1799.95s
INFO     translator memory limit: 3584 MB
INFO     translator command line string: /infai/weidan00/downward/experiments/bachelor/.venv/bin/python3 /infai/weidan00/downward/experiments/bachelor/data/bachelor-v1/code-7aa5f34_e5e41175/builds/release/bin/translate/translate.py domain.pddl problem.pddl --sas-file output.sas
Parsing...
Parsing: [0.000s CPU, 0.008s wall-clock]
Normalizing task... [0.000s CPU, 0.000s wall-clock]
Instantiating...
Generating Datalog program... [0.010s CPU, 0.003s wall-clock]
Normalizing Datalog program...
Normalizing Datalog program: [0.010s CPU, 0.013s wall-clock]
Preparing model... [0.010s CPU, 0.008s wall-clock]
Generated 285 rules.
Computing model... [0.510s CPU, 0.513s wall-clock]
15960 relevant atoms
4265 auxiliary atoms
20225 final queue length
142755 total queue pushes
Completing instantiation... [1.630s CPU, 1.639s wall-clock]
Instantiating: [2.180s CPU, 2.184s wall-clock]
Computing fact groups...
Finding invariants...
37 initial candidates
Finding invariants: [0.050s CPU, 0.054s wall-clock]
Checking invariant weight... [0.000s CPU, 0.000s wall-clock]
Instantiating groups... [0.000s CPU, 0.000s wall-clock]
Collecting mutex groups... [0.000s CPU, 0.000s wall-clock]
Choosing groups...
322 uncovered facts
Choosing groups: [0.000s CPU, 0.000s wall-clock]
Building translation key... [0.010s CPU, 0.001s wall-clock]
Computing fact groups: [0.060s CPU, 0.059s wall-clock]
Building STRIPS to SAS dictionary... [0.000s CPU, 0.000s wall-clock]
Building dictionary for full mutex groups... [0.000s CPU, 0.000s wall-clock]
Building mutex information...
Building mutex information: [0.000s CPU, 0.000s wall-clock]
Translating task...
Processing axioms...
Simplifying axioms... [0.000s CPU, 0.000s wall-clock]
Processing axioms: [0.060s CPU, 0.066s wall-clock]
Translating task: [1.410s CPU, 1.414s wall-clock]
0 effect conditions simplified
0 implied preconditions added
Detecting unreachable propositions...
0 operators removed
0 axioms removed
60 propositions removed
Detecting unreachable propositions: [0.680s CPU, 0.686s wall-clock]
Reordering and filtering variables...
218 of 292 variables necessary.
0 of 0 mutex groups necessary.
7796 of 7946 operators necessary.
0 of 0 axiom rules necessary.
Reordering and filtering variables: [0.470s CPU, 0.477s wall-clock]
Translator variables: 218
Translator derived variables: 0
Translator facts: 436
Translator goal facts: 4
Translator mutex groups: 0
Translator total mutex groups size: 0
Translator operators: 7796
Translator axioms: 0
Translator task size: 193357
Translator peak memory: 260044 KB
Writing output... [0.280s CPU, 0.303s wall-clock]
Done! [5.130s CPU, 5.180s wall-clock]
translate exit code: 0

INFO     Running search (release).
INFO     search stdin: output.sas
INFO     search time limit: 1794.72s
INFO     search memory limit: 3584 MB
INFO     search command line string: /infai/weidan00/downward/experiments/bachelor/data/bachelor-v1/code-7aa5f34_e5e41175/builds/release/bin/downward --search 'eager_wastar([pinch_tracking()], w=2)' --internal-plan-file sas_plan < output.sas
[t=6.6133e-05s, 17204 KB] reading input...
[t=0.166057s, 23620 KB] done reading input!
[t=0.184555s, 34204 KB] Simplifying 47918 unary operators... done! [47650 unary operators]
[t=0.227245s, 38320 KB] time to simplify: 0.0428056s
[t=0.237259s, 45572 KB] Initializing pinch tracking heuristic...
[t=0.237502s, 45572 KB] Building successor generator...done!
[t=0.248624s, 45572 KB] peak memory difference for successor generator creation: 0 KB
[t=0.248673s, 45572 KB] time for successor generation creation: 0.0109217s
[t=0.2488s, 45572 KB] Variables: 218
[t=0.248843s, 45572 KB] FactPairs: 436
[t=0.248882s, 45572 KB] Bytes per state: 28
[t=0.249052s, 45572 KB] Conducting best first search with reopening closed nodes, (real) bound = 2147483647
[t=0.263482s, 45572 KB] New best heuristic value for pinch_tracking: 11208
[t=0.263602s, 45572 KB] g=0, 1 evaluated, 0 expanded
[t=0.263666s, 45572 KB] Initial heuristic value for pinch_tracking: 11208
[t=0.263708s, 45572 KB] pruning method: none
[t=0.275719s, 45572 KB] New best heuristic value for pinch_tracking: 5356
[t=0.275841s, 45572 KB] g=1, 2 evaluated, 1 expanded
[t=0.28488s, 45572 KB] New best heuristic value for pinch_tracking: 1938
[t=0.285001s, 45572 KB] g=2, 3 evaluated, 2 expanded
[t=0.342515s, 58140 KB] New best heuristic value for pinch_tracking: 1928
[t=0.342636s, 58140 KB] g=3, 6 evaluated, 3 expanded
[t=0.354157s, 60988 KB] New best heuristic value for pinch_tracking: 694
[t=0.354278s, 60988 KB] g=3, 7 evaluated, 3 expanded
[t=0.362226s, 62584 KB] New best heuristic value for pinch_tracking: 239
[t=0.362348s, 62584 KB] g=4, 8 evaluated, 4 expanded
[t=0.398033s, 67020 KB] New best heuristic value for pinch_tracking: 155
[t=0.398154s, 67020 KB] g=4, 14 evaluated, 4 expanded
[t=0.453468s, 73408 KB] New best heuristic value for pinch_tracking: 148
[t=0.4536s, 73408 KB] g=5, 23 evaluated, 5 expanded
[t=0.471152s, 74088 KB] New best heuristic value for pinch_tracking: 142
[t=0.471266s, 74088 KB] g=5, 32 evaluated, 5 expanded
[t=0.47748s, 74664 KB] New best heuristic value for pinch_tracking: 90
[t=0.477593s, 74664 KB] g=5, 33 evaluated, 5 expanded
[t=0.511417s, 76768 KB] New best heuristic value for pinch_tracking: 83
[t=0.511536s, 76768 KB] g=6, 41 evaluated, 6 expanded
[t=0.527803s, 76952 KB] New best heuristic value for pinch_tracking: 77
[t=0.527919s, 76952 KB] g=6, 50 evaluated, 6 expanded
[t=0.559127s, 78572 KB] New best heuristic value for pinch_tracking: 70
[t=0.559249s, 78572 KB] g=7, 58 evaluated, 7 expanded
[t=0.574572s, 78572 KB] New best heuristic value for pinch_tracking: 65
[t=0.57469s, 78572 KB] g=7, 67 evaluated, 7 expanded
[t=0.57897s, 78572 KB] New best heuristic value for pinch_tracking: 64
[t=0.579079s, 78572 KB] g=7, 69 evaluated, 7 expanded
[t=0.609503s, 78888 KB] New best heuristic value for pinch_tracking: 57
[t=0.609619s, 78888 KB] g=8, 80 evaluated, 8 expanded
[t=0.638635s, 79200 KB] New best heuristic value for pinch_tracking: 42
[t=0.638752s, 79200 KB] g=8, 98 evaluated, 8 expanded
[t=0.659979s, 79968 KB] New best heuristic value for pinch_tracking: 35
[t=0.660095s, 79968 KB] g=9, 106 evaluated, 9 expanded
[t=0.731892s, 79968 KB] New best heuristic value for pinch_tracking: 30
[t=0.732009s, 79968 KB] g=10, 154 evaluated, 10 expanded
[t=0.744223s, 79968 KB] New best heuristic value for pinch_tracking: 28
[t=0.744343s, 79968 KB] g=10, 162 evaluated, 10 expanded
[t=0.794209s, 79968 KB] New best heuristic value for pinch_tracking: 23
[t=0.794322s, 79968 KB] g=11, 194 evaluated, 11 expanded
[t=0.813923s, 79968 KB] New best heuristic value for pinch_tracking: 21
[t=0.814032s, 79968 KB] g=11, 207 evaluated, 11 expanded
[t=0.849714s, 79968 KB] New best heuristic value for pinch_tracking: 16
[t=0.849828s, 79968 KB] g=12, 230 evaluated, 12 expanded
[t=0.906971s, 80156 KB] New best heuristic value for pinch_tracking: 15
[t=0.907089s, 80156 KB] g=13, 267 evaluated, 13 expanded
[t=0.910175s, 80156 KB] New best heuristic value for pinch_tracking: 11
[t=0.910286s, 80156 KB] g=13, 269 evaluated, 13 expanded
[t=0.948228s, 80156 KB] New best heuristic value for pinch_tracking: 10
[t=0.948344s, 80156 KB] g=14, 295 evaluated, 14 expanded
[t=0.95526s, 80156 KB] New best heuristic value for pinch_tracking: 6
[t=0.95537s, 80156 KB] g=14, 300 evaluated, 14 expanded
[t=0.980803s, 80156 KB] New best heuristic value for pinch_tracking: 5
[t=0.98092s, 80156 KB] g=15, 319 evaluated, 15 expanded
[t=1.00521s, 80156 KB] New best heuristic value for pinch_tracking: 4
[t=1.00532s, 80156 KB] g=16, 340 evaluated, 16 expanded
[t=1.05203s, 80156 KB] New best heuristic value for pinch_tracking: 3
[t=1.05214s, 80156 KB] g=17, 385 evaluated, 17 expanded
[t=1.0732s, 80156 KB] New best heuristic value for pinch_tracking: 2
[t=1.07331s, 80156 KB] g=18, 404 evaluated, 18 expanded
[t=1.10692s, 80156 KB] New best heuristic value for pinch_tracking: 1
[t=1.10704s, 80156 KB] g=19, 448 evaluated, 19 expanded
[t=1.12411s, 80156 KB] New best heuristic value for pinch_tracking: 0
[t=1.12422s, 80156 KB] g=20, 466 evaluated, 20 expanded
[t=1.13524s, 80156 KB] Solution found!
[t=1.13536s, 80156 KB] Actual search time: 0.871646s
get_domain id_btrat id_rhost str__x (1)
creds id_btrat id_rhost id_adomain (1)
get_computers id_btrat id_adomain (1)
net_use id_btrat id_rhost id_bmhost str__bs id_ddomaincredential str__e id_cdomainuser str__james id_adomain str__alpha id_bvshare (1)
smb_copy id_btrat id_rhost str__bu id_bvshare id_rhost id_bmhost whatever id_cafile (1)
get_admin id_btrat id_bmhost id_adomain (1)
wmic id_btrat id_rhost id_bmhost id_cafile somepath id_ddomaincredential id_cdomainuser id_adomain str__alpha str__e id_cgrat (1)
creds id_cgrat id_bmhost id_adomain (1)
net_use id_cgrat id_bmhost id_bfhost str__bl id_ddomaincredential str__e id_cdomainuser str__james id_adomain str__alpha id_bwshare (1)
net_use id_cgrat id_bmhost id_khost str__q id_hdomaincredential str__i id_gdomainuser str__mary id_adomain str__alpha id_bxshare (1)
net_use id_cgrat id_bmhost id_yhost str__be id_hdomaincredential str__i id_gdomainuser str__mary id_adomain str__alpha id_byshare (1)
smb_copy id_cgrat id_bmhost somepath id_bwshare id_bmhost id_bfhost whatever id_cbfile (1)
smb_copy id_cgrat id_bmhost somepath id_bxshare id_bmhost id_khost whatever id_ccfile (1)
smb_copy id_cgrat id_bmhost somepath id_byshare id_bmhost id_yhost whatever id_cdfile (1)
get_admin id_btrat id_bfhost id_adomain (1)
wmic id_cgrat id_bmhost id_bfhost id_cbfile somepath id_ddomaincredential id_cdomainuser id_adomain str__alpha str__e id_chrat (1)
get_admin id_btrat id_khost id_adomain (1)
wmic id_chrat id_bfhost id_khost id_ccfile somepath id_hdomaincredential id_gdomainuser id_adomain str__alpha str__i id_cjrat (1)
get_admin id_btrat id_yhost id_adomain (1)
wmic id_chrat id_bfhost id_yhost id_cdfile somepath id_hdomaincredential id_gdomainuser id_adomain str__alpha str__i id_cfrat (1)
[t=1.1354s, 80156 KB] Plan length: 20 step(s).
[t=1.1354s, 80156 KB] Plan cost: 20
[t=1.1354s, 80156 KB] Expanded 21 state(s).
[t=1.1354s, 80156 KB] Reopened 0 state(s).
[t=1.1354s, 80156 KB] Evaluated 482 state(s).
[t=1.1354s, 80156 KB] Evaluations: 482
[t=1.1354s, 80156 KB] Generated 783 state(s).
[t=1.1354s, 80156 KB] Dead ends: 47 state(s).
[t=1.1354s, 80156 KB] Number of registered states: 482
[t=1.1354s, 80156 KB] Int hash set load factor: 482/512 = 0.941406
[t=1.1354s, 80156 KB] Int hash set resizes: 9
[t=1.1354s, 80156 KB] mean number of q cost that have been adjusted 0 times in relation to total number of q: -1
[t=1.1354s, 80156 KB] mean number of q cost that have been adjusted 1 times in relation to total number of q: -1
[t=1.1354s, 80156 KB] mean number of q cost that have been adjusted 2 times in relation to total number of q: -1
[t=1.1354s, 80156 KB] mean number of q that are at some point overconsitent in relation to total number of q: -1
[t=1.1354s, 80156 KB] mean number of q that are at first underconsisten in relation to total number of q: -1
[t=1.1354s, 80156 KB] mean number of state variables that are not in common between two following states in relation to total number of state variables: -1
[t=1.1354s, 80156 KB] variance number of state variables that are not in common between two following states in relation to total number of state variables: -1
[t=1.1354s, 80156 KB] Search time: 0.886351s
[t=1.1354s, 80156 KB] Total time: 1.1354s
Solution found.
Peak memory: 80156 KB
Remove intermediate file output.sas
search exit code: 0

INFO     Running validate.
INFO     validate stdin: None
INFO     validate time limit: None
INFO     validate memory limit: None
INFO     validate command line string: validate domain.pddl problem.pddl sas_plan
