INFO     Running translator.
INFO     translator stdin: None
INFO     translator time limit: 1799.95s
INFO     translator memory limit: 3584 MB
INFO     translator command line string: /infai/weidan00/downward/experiments/bachelor/.venv/bin/python3 /infai/weidan00/downward/experiments/bachelor/data/bachelor-v1/code-7aa5f34_e5e41175/builds/release/bin/translate/translate.py domain.pddl problem.pddl --sas-file output.sas
Parsing...
Parsing: [0.010s CPU, 0.010s wall-clock]
Normalizing task... [0.000s CPU, 0.000s wall-clock]
Instantiating...
Generating Datalog program... [0.000s CPU, 0.003s wall-clock]
Normalizing Datalog program...
Normalizing Datalog program: [0.010s CPU, 0.002s wall-clock]
Preparing model... [0.010s CPU, 0.011s wall-clock]
Generated 13 rules.
Computing model... [0.050s CPU, 0.053s wall-clock]
3497 relevant atoms
2185 auxiliary atoms
5682 final queue length
9777 total queue pushes
Completing instantiation... [0.070s CPU, 0.073s wall-clock]
Instantiating: [0.140s CPU, 0.145s wall-clock]
Computing fact groups...
Finding invariants...
6 initial candidates
Finding invariants: [0.000s CPU, 0.001s wall-clock]
Checking invariant weight... [0.000s CPU, 0.001s wall-clock]
Instantiating groups... [0.000s CPU, 0.000s wall-clock]
Collecting mutex groups... [0.000s CPU, 0.000s wall-clock]
Choosing groups...
46 uncovered facts
Choosing groups: [0.000s CPU, 0.000s wall-clock]
Building translation key... [0.010s CPU, 0.000s wall-clock]
Computing fact groups: [0.010s CPU, 0.004s wall-clock]
Building STRIPS to SAS dictionary... [0.000s CPU, 0.000s wall-clock]
Building dictionary for full mutex groups... [0.000s CPU, 0.000s wall-clock]
Building mutex information...
Building mutex information: [0.000s CPU, 0.000s wall-clock]
Translating task...
Processing axioms...
Simplifying axioms... [0.000s CPU, 0.000s wall-clock]
Processing axioms: [0.000s CPU, 0.003s wall-clock]
Translating task: [0.050s CPU, 0.055s wall-clock]
23 effect conditions simplified
0 implied preconditions added
Detecting unreachable propositions...
0 operators removed
0 axioms removed
1 propositions removed
Detecting unreachable propositions: [0.040s CPU, 0.044s wall-clock]
Reordering and filtering variables...
47 of 47 variables necessary.
0 of 1 mutex groups necessary.
2095 of 2095 operators necessary.
0 of 0 axiom rules necessary.
Reordering and filtering variables: [0.010s CPU, 0.008s wall-clock]
Translator variables: 47
Translator derived variables: 0
Translator facts: 138
Translator goal facts: 23
Translator mutex groups: 0
Translator total mutex groups size: 0
Translator operators: 2095
Translator axioms: 0
Translator task size: 6583
Translator peak memory: 148684 KB
Writing output... [0.020s CPU, 0.019s wall-clock]
Done! [0.280s CPU, 0.289s wall-clock]
translate exit code: 0

INFO     Running search (release).
INFO     search stdin: output.sas
INFO     search time limit: 1799.6s
INFO     search memory limit: 3584 MB
INFO     search command line string: /infai/weidan00/downward/experiments/bachelor/data/bachelor-v1/code-7aa5f34_e5e41175/builds/release/bin/downward --search 'eager_wastar([pinch_tracking()], w=2)' --internal-plan-file sas_plan < output.sas
[t=6.9822e-05s, 17204 KB] reading input...
[t=0.00796814s, 17544 KB] done reading input!
[t=0.010372s, 17996 KB] Simplifying 2139 unary operators... done! [2139 unary operators]
[t=0.0113843s, 18128 KB] time to simplify: 0.00114729s
[t=0.0116089s, 18128 KB] Initializing pinch tracking heuristic...
[t=0.0117591s, 18128 KB] Building successor generator...done!
[t=0.0123005s, 18160 KB] peak memory difference for successor generator creation: 32 KB
[t=0.0123418s, 18160 KB] time for successor generation creation: 0.000410814s
[t=0.0124125s, 18160 KB] Variables: 47
[t=0.0124531s, 18160 KB] FactPairs: 138
[t=0.0124937s, 18160 KB] Bytes per state: 8
[t=0.0126517s, 18160 KB] Conducting best first search with reopening closed nodes, (real) bound = 2147483647
[t=0.0129115s, 18160 KB] New best heuristic value for pinch_tracking: 92
[t=0.0129569s, 18160 KB] g=0, 1 evaluated, 0 expanded
[t=0.0130112s, 18160 KB] Initial heuristic value for pinch_tracking: 92
[t=0.0130537s, 18160 KB] pruning method: none
[t=0.0131433s, 18160 KB] New best heuristic value for pinch_tracking: 91
[t=0.0131857s, 18160 KB] g=1, 3 evaluated, 1 expanded
[t=0.0132738s, 18160 KB] New best heuristic value for pinch_tracking: 86
[t=0.0133159s, 18160 KB] g=1, 7 evaluated, 1 expanded
[t=0.0137725s, 18160 KB] New best heuristic value for pinch_tracking: 84
[t=0.0138194s, 18160 KB] g=2, 47 evaluated, 2 expanded
[t=0.0143556s, 18160 KB] New best heuristic value for pinch_tracking: 82
[t=0.0144053s, 18160 KB] g=4, 93 evaluated, 4 expanded
[t=0.0145225s, 18160 KB] New best heuristic value for pinch_tracking: 80
[t=0.014565s, 18160 KB] g=5, 100 evaluated, 5 expanded
[t=0.0150344s, 18160 KB] New best heuristic value for pinch_tracking: 79
[t=0.0150808s, 18160 KB] g=6, 139 evaluated, 7 expanded
[t=0.0152075s, 18160 KB] New best heuristic value for pinch_tracking: 76
[t=0.0152529s, 18160 KB] g=7, 146 evaluated, 8 expanded
[t=0.0156915s, 18160 KB] New best heuristic value for pinch_tracking: 75
[t=0.0157388s, 18160 KB] g=8, 185 evaluated, 9 expanded
[t=0.016252s, 18160 KB] New best heuristic value for pinch_tracking: 73
[t=0.0162976s, 18160 KB] g=10, 231 evaluated, 11 expanded
[t=0.0164845s, 18160 KB] New best heuristic value for pinch_tracking: 71
[t=0.0165289s, 18160 KB] g=11, 245 evaluated, 12 expanded
[t=0.016943s, 18160 KB] New best heuristic value for pinch_tracking: 68
[t=0.0169891s, 18160 KB] g=12, 277 evaluated, 14 expanded
[t=0.0170692s, 18160 KB] New best heuristic value for pinch_tracking: 67
[t=0.0171118s, 18160 KB] g=13, 280 evaluated, 15 expanded
[t=0.0171955s, 18160 KB] New best heuristic value for pinch_tracking: 65
[t=0.0172382s, 18160 KB] g=13, 284 evaluated, 15 expanded
[t=0.0177628s, 18160 KB] New best heuristic value for pinch_tracking: 63
[t=0.0178069s, 18160 KB] g=15, 330 evaluated, 18 expanded
[t=0.0182426s, 18160 KB] New best heuristic value for pinch_tracking: 62
[t=0.0182882s, 18160 KB] g=16, 369 evaluated, 19 expanded
[t=0.0188026s, 18160 KB] New best heuristic value for pinch_tracking: 60
[t=0.0188492s, 18160 KB] g=18, 415 evaluated, 21 expanded
[t=0.0189299s, 18160 KB] New best heuristic value for pinch_tracking: 59
[t=0.0189732s, 18160 KB] g=19, 418 evaluated, 22 expanded
[t=0.0190559s, 18160 KB] New best heuristic value for pinch_tracking: 58
[t=0.0190978s, 18160 KB] g=19, 422 evaluated, 22 expanded
[t=0.0195521s, 18160 KB] New best heuristic value for pinch_tracking: 57
[t=0.019597s, 18160 KB] g=20, 461 evaluated, 24 expanded
[t=0.0197174s, 18160 KB] New best heuristic value for pinch_tracking: 56
[t=0.0197593s, 18160 KB] g=21, 468 evaluated, 25 expanded
[t=0.0202008s, 18160 KB] New best heuristic value for pinch_tracking: 54
[t=0.0202451s, 18160 KB] g=22, 507 evaluated, 27 expanded
[t=0.0203278s, 18160 KB] New best heuristic value for pinch_tracking: 53
[t=0.0203712s, 18160 KB] g=23, 510 evaluated, 28 expanded
[t=0.0205175s, 18160 KB] New best heuristic value for pinch_tracking: 52
[t=0.0205605s, 18160 KB] g=23, 514 evaluated, 28 expanded
[t=0.0209857s, 18160 KB] New best heuristic value for pinch_tracking: 51
[t=0.0210304s, 18160 KB] g=24, 553 evaluated, 29 expanded
[t=0.021392s, 18160 KB] New best heuristic value for pinch_tracking: 50
[t=0.0214363s, 18160 KB] g=25, 584 evaluated, 30 expanded
[t=0.0216334s, 18160 KB] New best heuristic value for pinch_tracking: 49
[t=0.021676s, 18160 KB] g=26, 599 evaluated, 31 expanded
[t=0.0220485s, 18160 KB] New best heuristic value for pinch_tracking: 48
[t=0.022092s, 18160 KB] g=27, 633 evaluated, 32 expanded
[t=0.0222668s, 18160 KB] New best heuristic value for pinch_tracking: 46
[t=0.0223099s, 18160 KB] g=28, 645 evaluated, 33 expanded
[t=0.0223886s, 18160 KB] New best heuristic value for pinch_tracking: 45
[t=0.0224307s, 18160 KB] g=29, 648 evaluated, 34 expanded
[t=0.022823s, 18160 KB] New best heuristic value for pinch_tracking: 44
[t=0.0228674s, 18160 KB] g=29, 684 evaluated, 34 expanded
[t=0.0229928s, 18160 KB] New best heuristic value for pinch_tracking: 43
[t=0.023048s, 18160 KB] g=30, 691 evaluated, 35 expanded
[t=0.023494s, 18160 KB] New best heuristic value for pinch_tracking: 42
[t=0.0235466s, 18160 KB] g=31, 731 evaluated, 36 expanded
[t=0.0236614s, 18160 KB] New best heuristic value for pinch_tracking: 40
[t=0.0237041s, 18160 KB] g=32, 737 evaluated, 37 expanded
[t=0.0237814s, 18160 KB] New best heuristic value for pinch_tracking: 39
[t=0.0238239s, 18160 KB] g=33, 740 evaluated, 38 expanded
[t=0.0242969s, 18160 KB] New best heuristic value for pinch_tracking: 38
[t=0.0243497s, 18160 KB] g=34, 783 evaluated, 39 expanded
[t=0.0244535s, 18160 KB] New best heuristic value for pinch_tracking: 37
[t=0.0245002s, 18160 KB] g=35, 788 evaluated, 40 expanded
[t=0.024952s, 18160 KB] New best heuristic value for pinch_tracking: 36
[t=0.0250001s, 18160 KB] g=36, 829 evaluated, 41 expanded
[t=0.0251305s, 18160 KB] New best heuristic value for pinch_tracking: 35
[t=0.0251741s, 18160 KB] g=37, 837 evaluated, 42 expanded
[t=0.0256066s, 18160 KB] New best heuristic value for pinch_tracking: 34
[t=0.0256519s, 18160 KB] g=38, 875 evaluated, 45 expanded
[t=0.0257642s, 18160 KB] New best heuristic value for pinch_tracking: 33
[t=0.0258114s, 18160 KB] g=39, 881 evaluated, 46 expanded
[t=0.026241s, 18160 KB] New best heuristic value for pinch_tracking: 32
[t=0.0262848s, 18160 KB] g=40, 921 evaluated, 47 expanded
[t=0.0264213s, 18160 KB] New best heuristic value for pinch_tracking: 31
[t=0.026463s, 18160 KB] g=41, 930 evaluated, 48 expanded
[t=0.0268767s, 18160 KB] New best heuristic value for pinch_tracking: 30
[t=0.0269204s, 18160 KB] g=42, 967 evaluated, 49 expanded
[t=0.027066s, 18160 KB] New best heuristic value for pinch_tracking: 29
[t=0.0271081s, 18160 KB] g=43, 977 evaluated, 50 expanded
[t=0.0275165s, 18160 KB] New best heuristic value for pinch_tracking: 28
[t=0.0275602s, 18160 KB] g=44, 1013 evaluated, 52 expanded
[t=0.0276899s, 18160 KB] New best heuristic value for pinch_tracking: 27
[t=0.0277338s, 18160 KB] g=45, 1020 evaluated, 53 expanded
[t=0.0282688s, 18160 KB] New best heuristic value for pinch_tracking: 26
[t=0.0283167s, 18160 KB] g=46, 1059 evaluated, 54 expanded
[t=0.0285055s, 18160 KB] New best heuristic value for pinch_tracking: 25
[t=0.0285665s, 18160 KB] g=47, 1073 evaluated, 55 expanded
[t=0.0289346s, 18160 KB] New best heuristic value for pinch_tracking: 24
[t=0.0289777s, 18160 KB] g=48, 1105 evaluated, 57 expanded
[t=0.0292166s, 18160 KB] New best heuristic value for pinch_tracking: 23
[t=0.0292594s, 18160 KB] g=49, 1125 evaluated, 58 expanded
[t=0.0295845s, 18160 KB] New best heuristic value for pinch_tracking: 22
[t=0.029628s, 18160 KB] g=50, 1151 evaluated, 60 expanded
[t=0.0298752s, 18160 KB] New best heuristic value for pinch_tracking: 21
[t=0.0299181s, 18160 KB] g=51, 1172 evaluated, 61 expanded
[t=0.0302192s, 18160 KB] New best heuristic value for pinch_tracking: 20
[t=0.0302626s, 18160 KB] g=52, 1197 evaluated, 63 expanded
[t=0.0305528s, 18160 KB] New best heuristic value for pinch_tracking: 19
[t=0.0305972s, 18160 KB] g=53, 1221 evaluated, 64 expanded
[t=0.0308668s, 18160 KB] New best heuristic value for pinch_tracking: 18
[t=0.0309102s, 18160 KB] g=54, 1243 evaluated, 66 expanded
[t=0.0312003s, 18160 KB] New best heuristic value for pinch_tracking: 17
[t=0.0312442s, 18160 KB] g=55, 1268 evaluated, 67 expanded
[t=0.031507s, 18160 KB] New best heuristic value for pinch_tracking: 16
[t=0.0315498s, 18160 KB] g=56, 1289 evaluated, 69 expanded
[t=0.0318674s, 18160 KB] New best heuristic value for pinch_tracking: 15
[t=0.0319117s, 18160 KB] g=57, 1317 evaluated, 70 expanded
[t=0.032146s, 18160 KB] New best heuristic value for pinch_tracking: 14
[t=0.0321889s, 18160 KB] g=58, 1335 evaluated, 72 expanded
[t=0.0325231s, 18160 KB] New best heuristic value for pinch_tracking: 13
[t=0.0325675s, 18160 KB] g=59, 1365 evaluated, 73 expanded
[t=0.0327952s, 18160 KB] New best heuristic value for pinch_tracking: 12
[t=0.0328384s, 18160 KB] g=60, 1381 evaluated, 76 expanded
[t=0.0331513s, 18160 KB] New best heuristic value for pinch_tracking: 11
[t=0.0331937s, 18160 KB] g=61, 1407 evaluated, 77 expanded
[t=0.0334564s, 18160 KB] New best heuristic value for pinch_tracking: 10
[t=0.033502s, 18160 KB] g=62, 1427 evaluated, 80 expanded
[t=0.0337943s, 18160 KB] New best heuristic value for pinch_tracking: 9
[t=0.0338382s, 18160 KB] g=63, 1453 evaluated, 81 expanded
[t=0.0340963s, 18160 KB] New best heuristic value for pinch_tracking: 8
[t=0.0341389s, 18160 KB] g=64, 1473 evaluated, 83 expanded
[t=0.034486s, 18160 KB] New best heuristic value for pinch_tracking: 7
[t=0.0345295s, 18160 KB] g=65, 1504 evaluated, 84 expanded
[t=0.034733s, 18160 KB] New best heuristic value for pinch_tracking: 6
[t=0.0347772s, 18160 KB] g=66, 1519 evaluated, 86 expanded
[t=0.0350816s, 18160 KB] New best heuristic value for pinch_tracking: 5
[t=0.035125s, 18160 KB] g=67, 1545 evaluated, 87 expanded
[t=0.0353796s, 18160 KB] New best heuristic value for pinch_tracking: 4
[t=0.0354228s, 18160 KB] g=68, 1565 evaluated, 89 expanded
[t=0.0357191s, 18160 KB] New best heuristic value for pinch_tracking: 3
[t=0.0357629s, 18160 KB] g=69, 1591 evaluated, 90 expanded
[t=0.0360218s, 18160 KB] New best heuristic value for pinch_tracking: 2
[t=0.0360649s, 18160 KB] g=70, 1611 evaluated, 91 expanded
[t=0.0365457s, 18160 KB] New best heuristic value for pinch_tracking: 1
[t=0.0365891s, 18160 KB] g=71, 1656 evaluated, 92 expanded
[t=0.0366474s, 18160 KB] New best heuristic value for pinch_tracking: 0
[t=0.0366892s, 18160 KB] g=72, 1657 evaluated, 93 expanded
[t=0.0367323s, 18160 KB] Solution found!
[t=0.0367948s, 18160 KB] Actual search time: 0.0237292s
up f0 f14 (1)
stop f14 (1)
up f14 f39 (1)
stop f39 (1)
down f39 f21 (1)
stop f21 (1)
down f21 f14 (1)
stop f14 (1)
down f14 f9 (1)
stop f9 (1)
up f9 f22 (1)
stop f22 (1)
down f22 f20 (1)
stop f20 (1)
down f20 f14 (1)
stop f14 (1)
up f14 f27 (1)
stop f27 (1)
up f27 f28 (1)
stop f28 (1)
up f28 f29 (1)
stop f29 (1)
down f29 f14 (1)
stop f14 (1)
up f14 f31 (1)
stop f31 (1)
up f31 f34 (1)
stop f34 (1)
up f34 f39 (1)
stop f39 (1)
up f39 f40 (1)
stop f40 (1)
down f40 f10 (1)
stop f10 (1)
down f10 f4 (1)
stop f4 (1)
up f4 f15 (1)
stop f15 (1)
down f15 f13 (1)
stop f13 (1)
down f13 f5 (1)
stop f5 (1)
up f5 f18 (1)
stop f18 (1)
down f18 f14 (1)
stop f14 (1)
up f14 f20 (1)
stop f20 (1)
up f20 f21 (1)
stop f21 (1)
up f21 f24 (1)
stop f24 (1)
up f24 f25 (1)
stop f25 (1)
up f25 f28 (1)
stop f28 (1)
up f28 f30 (1)
stop f30 (1)
up f30 f36 (1)
stop f36 (1)
up f36 f38 (1)
stop f38 (1)
down f38 f9 (1)
stop f9 (1)
up f9 f39 (1)
stop f39 (1)
up f39 f44 (1)
stop f44 (1)
down f44 f31 (1)
stop f31 (1)
up f31 f45 (1)
stop f45 (1)
[t=0.0368398s, 18160 KB] Plan length: 72 step(s).
[t=0.0368398s, 18160 KB] Plan cost: 72
[t=0.0368398s, 18160 KB] Expanded 94 state(s).
[t=0.0368398s, 18160 KB] Reopened 0 state(s).
[t=0.0368398s, 18160 KB] Evaluated 1657 state(s).
[t=0.0368398s, 18160 KB] Evaluations: 1657
[t=0.0368398s, 18160 KB] Generated 4277 state(s).
[t=0.0368398s, 18160 KB] Dead ends: 0 state(s).
[t=0.0368398s, 18160 KB] Number of registered states: 1657
[t=0.0368398s, 18160 KB] Int hash set load factor: 1657/2048 = 0.809082
[t=0.0368398s, 18160 KB] Int hash set resizes: 11
[t=0.0368398s, 18160 KB] mean number of q cost that have been adjusted 0 times in relation to total number of q: -1
[t=0.0368398s, 18160 KB] mean number of q cost that have been adjusted 1 times in relation to total number of q: -1
[t=0.0368398s, 18160 KB] mean number of q cost that have been adjusted 2 times in relation to total number of q: -1
[t=0.0368398s, 18160 KB] mean number of q that are at some point overconsitent in relation to total number of q: -1
[t=0.0368398s, 18160 KB] mean number of q that are at first underconsisten in relation to total number of q: -1
[t=0.0368398s, 18160 KB] mean number of state variables that are not in common between two following states in relation to total number of state variables: -1
[t=0.0368398s, 18160 KB] variance number of state variables that are not in common between two following states in relation to total number of state variables: -1
[t=0.0368398s, 18160 KB] Search time: 0.0241892s
[t=0.0368398s, 18160 KB] Total time: 0.0368398s
Solution found.
Peak memory: 18160 KB
Remove intermediate file output.sas
search exit code: 0

INFO     Running validate.
INFO     validate stdin: None
INFO     validate time limit: None
INFO     validate memory limit: None
INFO     validate command line string: validate domain.pddl problem.pddl sas_plan
