INFO     Running translator.
INFO     translator stdin: None
INFO     translator time limit: 1799.95s
INFO     translator memory limit: 3584 MB
INFO     translator command line string: /infai/weidan00/downward/experiments/bachelor/.venv/bin/python3 /infai/weidan00/downward/experiments/bachelor/data/bachelor-v1/code-7aa5f34_e5e41175/builds/release/bin/translate/translate.py domain.pddl problem.pddl --sas-file output.sas
Parsing...
Parsing: [0.010s CPU, 0.009s wall-clock]
Normalizing task... [0.000s CPU, 0.001s wall-clock]
Instantiating...
Generating Datalog program... [0.010s CPU, 0.007s wall-clock]
Normalizing Datalog program...
Normalizing Datalog program: [0.000s CPU, 0.003s wall-clock]
Preparing model... [0.010s CPU, 0.012s wall-clock]
Generated 122 rules.
Computing model... [0.050s CPU, 0.054s wall-clock]
3213 relevant atoms
2032 auxiliary atoms
5245 final queue length
7098 total queue pushes
Completing instantiation... [0.050s CPU, 0.047s wall-clock]
Instantiating: [0.120s CPU, 0.126s wall-clock]
Computing fact groups...
Finding invariants...
30 initial candidates
Finding invariants: [0.000s CPU, 0.002s wall-clock]
Checking invariant weight... [0.000s CPU, 0.000s wall-clock]
Instantiating groups... [0.000s CPU, 0.001s wall-clock]
Collecting mutex groups... [0.000s CPU, 0.000s wall-clock]
Choosing groups...
350 uncovered facts
Choosing groups: [0.000s CPU, 0.000s wall-clock]
Building translation key... [0.000s CPU, 0.001s wall-clock]
Computing fact groups: [0.010s CPU, 0.008s wall-clock]
Building STRIPS to SAS dictionary... [0.000s CPU, 0.001s wall-clock]
Building dictionary for full mutex groups... [0.000s CPU, 0.001s wall-clock]
Building mutex information...
Building mutex information: [0.000s CPU, 0.000s wall-clock]
Translating task...
Processing axioms...
Simplifying axioms... [0.000s CPU, 0.000s wall-clock]
Processing axioms: [0.000s CPU, 0.004s wall-clock]
Translating task: [0.060s CPU, 0.059s wall-clock]
440 effect conditions simplified
0 implied preconditions added
Detecting unreachable propositions...
0 operators removed
0 axioms removed
1 propositions removed
Detecting unreachable propositions: [0.040s CPU, 0.043s wall-clock]
Reordering and filtering variables...
231 of 351 variables necessary.
0 of 1 mutex groups necessary.
1285 of 1303 operators necessary.
0 of 0 axiom rules necessary.
Reordering and filtering variables: [0.010s CPU, 0.013s wall-clock]
Translator variables: 231
Translator derived variables: 0
Translator facts: 481
Translator goal facts: 24
Translator mutex groups: 0
Translator total mutex groups size: 0
Translator operators: 1285
Translator axioms: 0
Translator task size: 6989
Translator peak memory: 148172 KB
Writing output... [0.010s CPU, 0.019s wall-clock]
Done! [0.270s CPU, 0.284s wall-clock]
translate exit code: 0

INFO     Running search (release).
INFO     search stdin: output.sas
INFO     search time limit: 1799.6s
INFO     search memory limit: 3584 MB
INFO     search command line string: /infai/weidan00/downward/experiments/bachelor/data/bachelor-v1/code-7aa5f34_e5e41175/builds/release/bin/downward --search 'eager_wastar([pinch_tracking()], w=2)' --internal-plan-file sas_plan < output.sas
[t=6.4345e-05s, 17204 KB] reading input...
[t=0.00806833s, 17608 KB] done reading input!
[t=0.0104087s, 18060 KB] Simplifying 2529 unary operators... done! [2526 unary operators]
[t=0.0118328s, 18324 KB] time to simplify: 0.00154718s
[t=0.0121364s, 18324 KB] Initializing pinch tracking heuristic...
[t=0.0123021s, 18324 KB] Building successor generator...done!
[t=0.013009s, 18324 KB] peak memory difference for successor generator creation: 0 KB
[t=0.0130504s, 18324 KB] time for successor generation creation: 0.000565976s
[t=0.0131104s, 18324 KB] Variables: 231
[t=0.013151s, 18324 KB] FactPairs: 481
[t=0.0131916s, 18324 KB] Bytes per state: 32
[t=0.0133426s, 18324 KB] Conducting best first search with reopening closed nodes, (real) bound = 2147483647
[t=0.0137081s, 18324 KB] New best heuristic value for pinch_tracking: 433
[t=0.0137537s, 18324 KB] g=0, 1 evaluated, 0 expanded
[t=0.0138063s, 18324 KB] Initial heuristic value for pinch_tracking: 433
[t=0.0138481s, 18324 KB] pruning method: none
[t=0.013971s, 18324 KB] New best heuristic value for pinch_tracking: 432
[t=0.0140136s, 18324 KB] g=1, 2 evaluated, 1 expanded
[t=0.014084s, 18324 KB] New best heuristic value for pinch_tracking: 431
[t=0.0141263s, 18324 KB] g=1, 3 evaluated, 1 expanded
[t=0.0141973s, 18324 KB] New best heuristic value for pinch_tracking: 418
[t=0.0142387s, 18324 KB] g=1, 4 evaluated, 1 expanded
[t=0.0145742s, 18324 KB] New best heuristic value for pinch_tracking: 411
[t=0.0146196s, 18324 KB] g=1, 16 evaluated, 1 expanded
[t=0.0148789s, 18324 KB] New best heuristic value for pinch_tracking: 409
[t=0.0149229s, 18324 KB] g=1, 25 evaluated, 1 expanded
[t=0.0153797s, 18324 KB] New best heuristic value for pinch_tracking: 408
[t=0.0154257s, 18324 KB] g=2, 48 evaluated, 2 expanded
[t=0.0154842s, 18324 KB] New best heuristic value for pinch_tracking: 407
[t=0.0155263s, 18324 KB] g=2, 49 evaluated, 2 expanded
[t=0.0155952s, 18324 KB] New best heuristic value for pinch_tracking: 394
[t=0.0156366s, 18324 KB] g=2, 50 evaluated, 2 expanded
[t=0.0159643s, 18324 KB] New best heuristic value for pinch_tracking: 387
[t=0.0160097s, 18324 KB] g=2, 62 evaluated, 2 expanded
[t=0.0163969s, 18324 KB] New best heuristic value for pinch_tracking: 385
[t=0.0164418s, 18324 KB] g=2, 71 evaluated, 2 expanded
[t=0.0169011s, 18324 KB] New best heuristic value for pinch_tracking: 384
[t=0.0169466s, 18324 KB] g=3, 94 evaluated, 3 expanded
[t=0.0170047s, 18324 KB] New best heuristic value for pinch_tracking: 383
[t=0.0170467s, 18324 KB] g=3, 95 evaluated, 3 expanded
[t=0.0171127s, 18324 KB] New best heuristic value for pinch_tracking: 370
[t=0.0171544s, 18324 KB] g=3, 96 evaluated, 3 expanded
[t=0.0174737s, 18324 KB] New best heuristic value for pinch_tracking: 363
[t=0.0175189s, 18324 KB] g=3, 108 evaluated, 3 expanded
[t=0.018138s, 18324 KB] New best heuristic value for pinch_tracking: 362
[t=0.0181853s, 18324 KB] g=4, 139 evaluated, 4 expanded
[t=0.0182453s, 18324 KB] New best heuristic value for pinch_tracking: 361
[t=0.0182874s, 18324 KB] g=4, 140 evaluated, 4 expanded
[t=0.0183519s, 18324 KB] New best heuristic value for pinch_tracking: 348
[t=0.0183941s, 18324 KB] g=4, 141 evaluated, 4 expanded
[t=0.0188339s, 18324 KB] New best heuristic value for pinch_tracking: 341
[t=0.0188787s, 18324 KB] g=4, 153 evaluated, 4 expanded
[t=0.0194212s, 18324 KB] New best heuristic value for pinch_tracking: 340
[t=0.0194676s, 18324 KB] g=5, 184 evaluated, 5 expanded
[t=0.0195196s, 18324 KB] New best heuristic value for pinch_tracking: 339
[t=0.0195618s, 18324 KB] g=5, 185 evaluated, 5 expanded
[t=0.0196254s, 18324 KB] New best heuristic value for pinch_tracking: 326
[t=0.0196669s, 18324 KB] g=5, 186 evaluated, 5 expanded
[t=0.0204974s, 18324 KB] New best heuristic value for pinch_tracking: 324
[t=0.0205442s, 18324 KB] g=5, 228 evaluated, 5 expanded
[t=0.0206504s, 18324 KB] New best heuristic value for pinch_tracking: 323
[t=0.0206929s, 18324 KB] g=6, 229 evaluated, 6 expanded
[t=0.0207511s, 18324 KB] New best heuristic value for pinch_tracking: 322
[t=0.020793s, 18324 KB] g=6, 230 evaluated, 6 expanded
[t=0.0208572s, 18324 KB] New best heuristic value for pinch_tracking: 309
[t=0.0208982s, 18324 KB] g=6, 231 evaluated, 6 expanded
[t=0.0222652s, 18324 KB] New best heuristic value for pinch_tracking: 308
[t=0.02231s, 18324 KB] g=7, 283 evaluated, 7 expanded
[t=0.0223714s, 18324 KB] New best heuristic value for pinch_tracking: 307
[t=0.0224132s, 18324 KB] g=7, 284 evaluated, 7 expanded
[t=0.022583s, 18324 KB] New best heuristic value for pinch_tracking: 293
[t=0.0226247s, 18324 KB] g=7, 285 evaluated, 7 expanded
[t=0.0239641s, 18324 KB] New best heuristic value for pinch_tracking: 292
[t=0.0240176s, 18324 KB] g=8, 337 evaluated, 8 expanded
[t=0.024096s, 18324 KB] New best heuristic value for pinch_tracking: 290
[t=0.0241526s, 18324 KB] g=8, 339 evaluated, 8 expanded
[t=0.0242659s, 18324 KB] New best heuristic value for pinch_tracking: 278
[t=0.0243076s, 18324 KB] g=8, 342 evaluated, 8 expanded
[t=0.0255228s, 18324 KB] New best heuristic value for pinch_tracking: 277
[t=0.0255756s, 18324 KB] g=9, 390 evaluated, 9 expanded
[t=0.0256525s, 18324 KB] New best heuristic value for pinch_tracking: 275
[t=0.0256944s, 18324 KB] g=9, 392 evaluated, 9 expanded
[t=0.0259053s, 18324 KB] New best heuristic value for pinch_tracking: 263
[t=0.0259477s, 18324 KB] g=9, 395 evaluated, 9 expanded
[t=0.0271574s, 18324 KB] New best heuristic value for pinch_tracking: 262
[t=0.0272084s, 18324 KB] g=10, 443 evaluated, 10 expanded
[t=0.0272854s, 18324 KB] New best heuristic value for pinch_tracking: 260
[t=0.0273286s, 18324 KB] g=10, 445 evaluated, 10 expanded
[t=0.0274714s, 18324 KB] New best heuristic value for pinch_tracking: 247
[t=0.0275134s, 18324 KB] g=10, 451 evaluated, 10 expanded
[t=0.0285946s, 18324 KB] New best heuristic value for pinch_tracking: 246
[t=0.0286458s, 18324 KB] g=11, 495 evaluated, 11 expanded
[t=0.0287059s, 18324 KB] New best heuristic value for pinch_tracking: 245
[t=0.0287485s, 18324 KB] g=11, 496 evaluated, 11 expanded
[t=0.0288172s, 18324 KB] New best heuristic value for pinch_tracking: 244
[t=0.0288585s, 18324 KB] g=11, 497 evaluated, 11 expanded
[t=0.0290924s, 18324 KB] New best heuristic value for pinch_tracking: 228
[t=0.0291342s, 18324 KB] g=11, 503 evaluated, 11 expanded
[t=0.0303042s, 18324 KB] New best heuristic value for pinch_tracking: 226
[t=0.0303554s, 18324 KB] g=12, 548 evaluated, 12 expanded
[t=0.0304169s, 18324 KB] New best heuristic value for pinch_tracking: 225
[t=0.0304587s, 18324 KB] g=12, 549 evaluated, 12 expanded
[t=0.0311194s, 18324 KB] New best heuristic value for pinch_tracking: 218
[t=0.0311656s, 18324 KB] g=12, 577 evaluated, 12 expanded
[t=0.0314837s, 18324 KB] New best heuristic value for pinch_tracking: 206
[t=0.0315275s, 18324 KB] g=12, 590 evaluated, 12 expanded
[t=0.0318093s, 18324 KB] New best heuristic value for pinch_tracking: 204
[t=0.0318538s, 18324 KB] g=13, 600 evaluated, 13 expanded
[t=0.031915s, 18324 KB] New best heuristic value for pinch_tracking: 203
[t=0.0319566s, 18324 KB] g=13, 601 evaluated, 13 expanded
[t=0.0328817s, 18324 KB] New best heuristic value for pinch_tracking: 197
[t=0.032928s, 18324 KB] g=13, 631 evaluated, 13 expanded
[t=0.0332491s, 18324 KB] New best heuristic value for pinch_tracking: 193
[t=0.0332928s, 18324 KB] g=13, 644 evaluated, 13 expanded
[t=0.0335649s, 18324 KB] New best heuristic value for pinch_tracking: 191
[t=0.0336094s, 18324 KB] g=14, 654 evaluated, 14 expanded
[t=0.0337575s, 18324 KB] New best heuristic value for pinch_tracking: 188
[t=0.0337998s, 18324 KB] g=14, 655 evaluated, 14 expanded
[t=0.0347842s, 18324 KB] New best heuristic value for pinch_tracking: 184
[t=0.0348329s, 18324 KB] g=14, 686 evaluated, 14 expanded
[t=0.0351792s, 18324 KB] New best heuristic value for pinch_tracking: 183
[t=0.0352238s, 18324 KB] g=14, 701 evaluated, 14 expanded
[t=0.0353162s, 18324 KB] New best heuristic value for pinch_tracking: 182
[t=0.0353702s, 18324 KB] g=14, 704 evaluated, 14 expanded
[t=0.0354306s, 18324 KB] New best heuristic value for pinch_tracking: 179
[t=0.0354723s, 18324 KB] g=14, 705 evaluated, 14 expanded
[t=0.0356218s, 18324 KB] New best heuristic value for pinch_tracking: 177
[t=0.035664s, 18324 KB] g=15, 709 evaluated, 15 expanded
[t=0.0358123s, 18324 KB] New best heuristic value for pinch_tracking: 174
[t=0.0358534s, 18324 KB] g=15, 710 evaluated, 15 expanded
[t=0.0368333s, 18324 KB] New best heuristic value for pinch_tracking: 169
[t=0.0368802s, 18324 KB] g=15, 741 evaluated, 15 expanded
[t=0.0374073s, 18324 KB] New best heuristic value for pinch_tracking: 167
[t=0.0374533s, 18324 KB] g=16, 764 evaluated, 16 expanded
[t=0.0375953s, 18324 KB] New best heuristic value for pinch_tracking: 164
[t=0.0376378s, 18324 KB] g=16, 765 evaluated, 16 expanded
[t=0.038659s, 18324 KB] New best heuristic value for pinch_tracking: 158
[t=0.0387073s, 18324 KB] g=16, 796 evaluated, 16 expanded
[t=0.0392633s, 18324 KB] New best heuristic value for pinch_tracking: 156
[t=0.0393101s, 18324 KB] g=17, 819 evaluated, 17 expanded
[t=0.0394534s, 18324 KB] New best heuristic value for pinch_tracking: 153
[t=0.0394954s, 18324 KB] g=17, 820 evaluated, 17 expanded
[t=0.0395906s, 18324 KB] New best heuristic value for pinch_tracking: 152
[t=0.0396322s, 18324 KB] g=17, 821 evaluated, 17 expanded
[t=0.0407837s, 18324 KB] New best heuristic value for pinch_tracking: 150
[t=0.0408311s, 18324 KB] g=17, 865 evaluated, 17 expanded
[t=0.041065s, 18324 KB] New best heuristic value for pinch_tracking: 148
[t=0.0411091s, 18324 KB] g=18, 873 evaluated, 18 expanded
[t=0.0412509s, 18324 KB] New best heuristic value for pinch_tracking: 145
[t=0.0412933s, 18324 KB] g=18, 874 evaluated, 18 expanded
[t=0.042681s, 18324 KB] New best heuristic value for pinch_tracking: 143
[t=0.042731s, 18324 KB] g=19, 927 evaluated, 19 expanded
[t=0.0427944s, 18324 KB] New best heuristic value for pinch_tracking: 140
[t=0.0428361s, 18324 KB] g=19, 928 evaluated, 19 expanded
[t=0.0442234s, 18324 KB] New best heuristic value for pinch_tracking: 138
[t=0.0442761s, 18324 KB] g=20, 982 evaluated, 20 expanded
[t=0.044414s, 18324 KB] New best heuristic value for pinch_tracking: 134
[t=0.0444564s, 18324 KB] g=20, 983 evaluated, 20 expanded
[t=0.0459211s, 18324 KB] New best heuristic value for pinch_tracking: 132
[t=0.0459744s, 18324 KB] g=21, 1037 evaluated, 21 expanded
[t=0.0468258s, 18324 KB] New best heuristic value for pinch_tracking: 131
[t=0.0468728s, 18324 KB] g=21, 1068 evaluated, 21 expanded
[t=0.0469293s, 18324 KB] New best heuristic value for pinch_tracking: 130
[t=0.0469707s, 18324 KB] g=21, 1069 evaluated, 21 expanded
[t=0.0474794s, 18324 KB] New best heuristic value for pinch_tracking: 129
[t=0.0475244s, 18324 KB] g=21, 1093 evaluated, 21 expanded
[t=0.0476341s, 18324 KB] New best heuristic value for pinch_tracking: 127
[t=0.0476768s, 18324 KB] g=22, 1095 evaluated, 22 expanded
[t=0.0485196s, 18324 KB] New best heuristic value for pinch_tracking: 126
[t=0.0485683s, 18324 KB] g=22, 1127 evaluated, 22 expanded
[t=0.048951s, 18324 KB] New best heuristic value for pinch_tracking: 125
[t=0.0489966s, 18324 KB] g=22, 1144 evaluated, 22 expanded
[t=0.0491533s, 18324 KB] New best heuristic value for pinch_tracking: 119
[t=0.0491961s, 18324 KB] g=22, 1150 evaluated, 22 expanded
[t=0.0493046s, 18324 KB] New best heuristic value for pinch_tracking: 117
[t=0.049347s, 18324 KB] g=23, 1152 evaluated, 23 expanded
[t=0.0503181s, 18324 KB] New best heuristic value for pinch_tracking: 116
[t=0.0503662s, 18324 KB] g=23, 1185 evaluated, 23 expanded
[t=0.0506662s, 18324 KB] New best heuristic value for pinch_tracking: 115
[t=0.0507102s, 18324 KB] g=23, 1196 evaluated, 23 expanded
[t=0.0510301s, 18324 KB] New best heuristic value for pinch_tracking: 113
[t=0.0510751s, 18324 KB] g=24, 1210 evaluated, 24 expanded
[t=0.0512097s, 18324 KB] New best heuristic value for pinch_tracking: 112
[t=0.0512523s, 18324 KB] g=24, 1211 evaluated, 24 expanded
[t=0.0525377s, 18324 KB] New best heuristic value for pinch_tracking: 110
[t=0.0525865s, 18324 KB] g=24, 1259 evaluated, 24 expanded
[t=0.0528196s, 18324 KB] New best heuristic value for pinch_tracking: 108
[t=0.0528639s, 18324 KB] g=25, 1268 evaluated, 25 expanded
[t=0.0545451s, 18324 KB] New best heuristic value for pinch_tracking: 106
[t=0.0545992s, 18324 KB] g=26, 1327 evaluated, 26 expanded
[t=0.0561214s, 18324 KB] New best heuristic value for pinch_tracking: 104
[t=0.056173s, 18324 KB] g=27, 1387 evaluated, 27 expanded
[t=0.057637s, 18324 KB] New best heuristic value for pinch_tracking: 102
[t=0.0576912s, 18324 KB] g=28, 1447 evaluated, 28 expanded
[t=0.0586002s, 18324 KB] New best heuristic value for pinch_tracking: 101
[t=0.0586481s, 18324 KB] g=28, 1479 evaluated, 28 expanded
[t=0.0592555s, 18324 KB] New best heuristic value for pinch_tracking: 99
[t=0.0593012s, 18324 KB] g=29, 1508 evaluated, 29 expanded
[t=0.0602257s, 18324 KB] New best heuristic value for pinch_tracking: 98
[t=0.0602733s, 18324 KB] g=29, 1540 evaluated, 29 expanded
[t=0.0608847s, 18324 KB] New best heuristic value for pinch_tracking: 96
[t=0.0609316s, 18324 KB] g=30, 1569 evaluated, 30 expanded
[t=0.0620681s, 18324 KB] New best heuristic value for pinch_tracking: 95
[t=0.0621175s, 18324 KB] g=30, 1617 evaluated, 30 expanded
[t=0.0624503s, 18324 KB] New best heuristic value for pinch_tracking: 93
[t=0.0624956s, 18324 KB] g=31, 1633 evaluated, 31 expanded
[t=0.0636559s, 18324 KB] New best heuristic value for pinch_tracking: 92
[t=0.063707s, 18324 KB] g=31, 1685 evaluated, 31 expanded
[t=0.0640342s, 18324 KB] New best heuristic value for pinch_tracking: 90
[t=0.0640803s, 18324 KB] g=32, 1698 evaluated, 32 expanded
[t=0.0655791s, 18324 KB] New best heuristic value for pinch_tracking: 88
[t=0.0656306s, 18324 KB] g=33, 1764 evaluated, 33 expanded
[t=0.0671727s, 18324 KB] New best heuristic value for pinch_tracking: 87
[t=0.0672273s, 18324 KB] g=34, 1833 evaluated, 34 expanded
[t=0.068091s, 18324 KB] New best heuristic value for pinch_tracking: 86
[t=0.0681377s, 18324 KB] g=34, 1871 evaluated, 34 expanded
[t=0.0687951s, 18324 KB] New best heuristic value for pinch_tracking: 85
[t=0.0688417s, 18324 KB] g=35, 1900 evaluated, 35 expanded
[t=0.0697674s, 18324 KB] New best heuristic value for pinch_tracking: 84
[t=0.0698157s, 18324 KB] g=35, 1943 evaluated, 35 expanded
[t=0.070433s, 18372 KB] New best heuristic value for pinch_tracking: 83
[t=0.0704808s, 18372 KB] g=36, 1968 evaluated, 36 expanded
[t=0.0714336s, 18372 KB] New best heuristic value for pinch_tracking: 82
[t=0.0714811s, 18372 KB] g=36, 2013 evaluated, 36 expanded
[t=0.072306s, 18372 KB] New best heuristic value for pinch_tracking: 81
[t=0.0723546s, 18372 KB] g=37, 2037 evaluated, 37 expanded
[t=0.0739815s, 18488 KB] New best heuristic value for pinch_tracking: 80
[t=0.0740408s, 18488 KB] g=38, 2108 evaluated, 38 expanded
[t=0.0755278s, 18488 KB] New best heuristic value for pinch_tracking: 79
[t=0.0755791s, 18488 KB] g=39, 2179 evaluated, 39 expanded
[t=0.0770847s, 18488 KB] New best heuristic value for pinch_tracking: 78
[t=0.0771363s, 18488 KB] g=40, 2252 evaluated, 40 expanded
[t=0.0785995s, 18488 KB] New best heuristic value for pinch_tracking: 77
[t=0.0786522s, 18488 KB] g=41, 2328 evaluated, 41 expanded
[t=0.0801127s, 18488 KB] New best heuristic value for pinch_tracking: 76
[t=0.0801667s, 18488 KB] g=42, 2402 evaluated, 42 expanded
[t=0.0815575s, 18488 KB] New best heuristic value for pinch_tracking: 75
[t=0.0816113s, 18488 KB] g=43, 2476 evaluated, 43 expanded
[t=0.0829725s, 18488 KB] New best heuristic value for pinch_tracking: 74
[t=0.083022s, 18488 KB] g=44, 2550 evaluated, 44 expanded
[t=0.0846177s, 18488 KB] New best heuristic value for pinch_tracking: 73
[t=0.0846741s, 18488 KB] g=45, 2643 evaluated, 45 expanded
[t=0.0859734s, 18488 KB] New best heuristic value for pinch_tracking: 72
[t=0.0860255s, 18488 KB] g=46, 2718 evaluated, 46 expanded
[t=0.0872722s, 18488 KB] New best heuristic value for pinch_tracking: 71
[t=0.0873222s, 18488 KB] g=47, 2792 evaluated, 47 expanded
[t=0.0885583s, 18488 KB] New best heuristic value for pinch_tracking: 70
[t=0.0886109s, 18488 KB] g=48, 2866 evaluated, 48 expanded
[t=0.0898327s, 18488 KB] New best heuristic value for pinch_tracking: 69
[t=0.0898849s, 18488 KB] g=49, 2942 evaluated, 49 expanded
[t=0.0911274s, 18488 KB] New best heuristic value for pinch_tracking: 68
[t=0.0911782s, 18488 KB] g=50, 3023 evaluated, 50 expanded
[t=0.0923419s, 18488 KB] New best heuristic value for pinch_tracking: 67
[t=0.0923935s, 18488 KB] g=51, 3099 evaluated, 51 expanded
[t=0.093579s, 18488 KB] New best heuristic value for pinch_tracking: 66
[t=0.0936322s, 18488 KB] g=52, 3178 evaluated, 52 expanded
[t=0.0942788s, 18488 KB] New best heuristic value for pinch_tracking: 64
[t=0.094325s, 18488 KB] g=53, 3218 evaluated, 53 expanded
[t=0.0960019s, 18488 KB] New best heuristic value for pinch_tracking: 63
[t=0.0960564s, 18488 KB] g=54, 3337 evaluated, 54 expanded
[t=0.0970907s, 18488 KB] New best heuristic value for pinch_tracking: 62
[t=0.0971392s, 18488 KB] g=55, 3406 evaluated, 55 expanded
[t=0.0984132s, 18488 KB] New best heuristic value for pinch_tracking: 61
[t=0.0984642s, 18488 KB] g=56, 3496 evaluated, 56 expanded
[t=0.0989523s, 18488 KB] New best heuristic value for pinch_tracking: 60
[t=0.098998s, 18488 KB] g=57, 3524 evaluated, 57 expanded
[t=0.100615s, 18488 KB] New best heuristic value for pinch_tracking: 59
[t=0.10067s, 18488 KB] g=58, 3641 evaluated, 58 expanded
[t=0.10196s, 18488 KB] New best heuristic value for pinch_tracking: 58
[t=0.10201s, 18488 KB] g=59, 3730 evaluated, 59 expanded
[t=0.102979s, 18488 KB] New best heuristic value for pinch_tracking: 55
[t=0.103029s, 18488 KB] g=60, 3795 evaluated, 60 expanded
[t=0.104294s, 18488 KB] New best heuristic value for pinch_tracking: 54
[t=0.104347s, 18488 KB] g=61, 3885 evaluated, 61 expanded
[t=0.105991s, 18628 KB] New best heuristic value for pinch_tracking: 53
[t=0.106046s, 18628 KB] g=62, 3971 evaluated, 62 expanded
[t=0.107377s, 18628 KB] New best heuristic value for pinch_tracking: 52
[t=0.107429s, 18628 KB] g=63, 4063 evaluated, 63 expanded
[t=0.108627s, 18628 KB] New best heuristic value for pinch_tracking: 51
[t=0.108679s, 18628 KB] g=64, 4137 evaluated, 64 expanded
[t=0.110343s, 18628 KB] New best heuristic value for pinch_tracking: 50
[t=0.110398s, 18628 KB] g=65, 4255 evaluated, 65 expanded
[t=0.111681s, 18628 KB] New best heuristic value for pinch_tracking: 49
[t=0.111732s, 18628 KB] g=66, 4345 evaluated, 66 expanded
[t=0.1126s, 18628 KB] New best heuristic value for pinch_tracking: 48
[t=0.112647s, 18628 KB] g=67, 4404 evaluated, 67 expanded
[t=0.113779s, 18628 KB] New best heuristic value for pinch_tracking: 47
[t=0.113831s, 18628 KB] g=68, 4482 evaluated, 68 expanded
[t=0.114982s, 18628 KB] New best heuristic value for pinch_tracking: 46
[t=0.115032s, 18628 KB] g=69, 4561 evaluated, 69 expanded
[t=0.115686s, 18628 KB] New best heuristic value for pinch_tracking: 45
[t=0.115733s, 18628 KB] g=70, 4606 evaluated, 70 expanded
[t=0.118103s, 18768 KB] New best heuristic value for pinch_tracking: 44
[t=0.118173s, 18768 KB] g=71, 4774 evaluated, 71 expanded
[t=0.119476s, 18768 KB] New best heuristic value for pinch_tracking: 43
[t=0.119528s, 18768 KB] g=72, 4864 evaluated, 72 expanded
[t=0.120811s, 18768 KB] New best heuristic value for pinch_tracking: 42
[t=0.120865s, 18768 KB] g=73, 4954 evaluated, 73 expanded
[t=0.122139s, 18768 KB] New best heuristic value for pinch_tracking: 41
[t=0.12219s, 18768 KB] g=74, 5043 evaluated, 74 expanded
[t=0.16507s, 19016 KB] New best heuristic value for pinch_tracking: 40
[t=0.165169s, 19016 KB] g=76, 8171 evaluated, 123 expanded
[t=0.215274s, 19308 KB] New best heuristic value for pinch_tracking: 39
[t=0.215377s, 19308 KB] g=78, 11923 evaluated, 178 expanded
[t=0.216721s, 19308 KB] New best heuristic value for pinch_tracking: 38
[t=0.216775s, 19308 KB] g=79, 12017 evaluated, 179 expanded
[t=0.265819s, 19692 KB] New best heuristic value for pinch_tracking: 37
[t=0.265921s, 19692 KB] g=81, 15708 evaluated, 231 expanded
[t=0.267655s, 19692 KB] New best heuristic value for pinch_tracking: 36
[t=0.267711s, 19692 KB] g=82, 15830 evaluated, 232 expanded
[t=0.516632s, 22384 KB] New best heuristic value for pinch_tracking: 35
[t=0.516739s, 22384 KB] g=85, 34586 evaluated, 525 expanded
[t=0.518566s, 22384 KB] New best heuristic value for pinch_tracking: 34
[t=0.518623s, 22384 KB] g=86, 34716 evaluated, 526 expanded
[t=1.33621s, 27608 KB] New best heuristic value for pinch_tracking: 33
[t=1.33631s, 27608 KB] g=87, 96152 evaluated, 1593 expanded
[t=1.33755s, 27608 KB] New best heuristic value for pinch_tracking: 32
[t=1.33761s, 27608 KB] g=88, 96244 evaluated, 1594 expanded
[t=1.54434s, 28540 KB] New best heuristic value for pinch_tracking: 31
[t=1.54445s, 28540 KB] g=91, 112198 evaluated, 1840 expanded
[t=1.54621s, 28540 KB] New best heuristic value for pinch_tracking: 30
[t=1.54627s, 28540 KB] g=92, 112329 evaluated, 1841 expanded
[t=6.94139s, 68216 KB] New best heuristic value for pinch_tracking: 29
[t=6.9415s, 68216 KB] g=95, 524078 evaluated, 9404 expanded
[t=6.94324s, 68216 KB] New best heuristic value for pinch_tracking: 28
[t=6.9433s, 68216 KB] g=96, 524206 evaluated, 9405 expanded
[t=8.03735s, 85188 KB] New best heuristic value for pinch_tracking: 27
[t=8.03746s, 85188 KB] g=99, 606974 evaluated, 10980 expanded
[t=37.7624s, 312212 KB] New best heuristic value for pinch_tracking: 26
[t=37.7625s, 312212 KB] g=101, 2894429 evaluated, 56897 expanded
[t=37.8072s, 312344 KB] New best heuristic value for pinch_tracking: 25
[t=37.8073s, 312344 KB] g=103, 2897855 evaluated, 56952 expanded
[t=50.8066s, 405184 KB] New best heuristic value for pinch_tracking: 24
[t=50.8067s, 405184 KB] g=105, 3878943 evaluated, 78204 expanded
[t=50.8484s, 405184 KB] New best heuristic value for pinch_tracking: 23
[t=50.8485s, 405184 KB] g=107, 3882103 evaluated, 78259 expanded
Failed to allocate memory.
Memory limit has been reached.
Peak memory: 3613516 KB
Remove intermediate file output.sas
search exit code: 22

Driver aborting after search
