INFO     Running translator.
INFO     translator stdin: None
INFO     translator time limit: 1799.96s
INFO     translator memory limit: 3584 MB
INFO     translator command line string: /infai/weidan00/downward/experiments/bachelor/.venv/bin/python3 /infai/weidan00/downward/experiments/bachelor/data/bachelor-v1/code-7aa5f34_e5e41175/builds/release/bin/translate/translate.py domain.pddl problem.pddl --sas-file output.sas
Parsing...
Parsing: [0.000s CPU, 0.007s wall-clock]
Normalizing task... [0.000s CPU, 0.000s wall-clock]
Instantiating...
Generating Datalog program... [0.010s CPU, 0.002s wall-clock]
Normalizing Datalog program...
Normalizing Datalog program: [0.000s CPU, 0.002s wall-clock]
Preparing model... [0.000s CPU, 0.007s wall-clock]
Generated 13 rules.
Computing model... [0.030s CPU, 0.031s wall-clock]
2433 relevant atoms
1501 auxiliary atoms
3934 final queue length
6709 total queue pushes
Completing instantiation... [0.050s CPU, 0.044s wall-clock]
Instantiating: [0.090s CPU, 0.087s wall-clock]
Computing fact groups...
Finding invariants...
6 initial candidates
Finding invariants: [0.000s CPU, 0.001s wall-clock]
Checking invariant weight... [0.000s CPU, 0.000s wall-clock]
Instantiating groups... [0.000s CPU, 0.000s wall-clock]
Collecting mutex groups... [0.000s CPU, 0.000s wall-clock]
Choosing groups...
38 uncovered facts
Choosing groups: [0.000s CPU, 0.000s wall-clock]
Building translation key... [0.000s CPU, 0.000s wall-clock]
Computing fact groups: [0.000s CPU, 0.003s wall-clock]
Building STRIPS to SAS dictionary... [0.000s CPU, 0.000s wall-clock]
Building dictionary for full mutex groups... [0.000s CPU, 0.000s wall-clock]
Building mutex information...
Building mutex information: [0.000s CPU, 0.000s wall-clock]
Translating task...
Processing axioms...
Simplifying axioms... [0.000s CPU, 0.000s wall-clock]
Processing axioms: [0.000s CPU, 0.002s wall-clock]
Translating task: [0.030s CPU, 0.033s wall-clock]
19 effect conditions simplified
0 implied preconditions added
Detecting unreachable propositions...
0 operators removed
0 axioms removed
1 propositions removed
Detecting unreachable propositions: [0.020s CPU, 0.019s wall-clock]
Reordering and filtering variables...
39 of 39 variables necessary.
0 of 1 mutex groups necessary.
1433 of 1433 operators necessary.
0 of 0 axiom rules necessary.
Reordering and filtering variables: [0.010s CPU, 0.004s wall-clock]
Translator variables: 39
Translator derived variables: 0
Translator facts: 114
Translator goal facts: 19
Translator mutex groups: 0
Translator total mutex groups size: 0
Translator operators: 1433
Translator axioms: 0
Translator task size: 4539
Translator peak memory: 146892 KB
Writing output... [0.010s CPU, 0.014s wall-clock]
Done! [0.160s CPU, 0.171s wall-clock]
translate exit code: 0

INFO     Running search (release).
INFO     search stdin: output.sas
INFO     search time limit: 1799.73s
INFO     search memory limit: 3584 MB
INFO     search command line string: /infai/weidan00/downward/experiments/bachelor/data/bachelor-v1/code-7aa5f34_e5e41175/builds/release/bin/downward --search 'eager_wastar([pinch_tracking()], w=2)' --internal-plan-file sas_plan < output.sas
[t=6.1892e-05s, 17204 KB] reading input...
[t=0.00540252s, 17480 KB] done reading input!
[t=0.00749551s, 17744 KB] Simplifying 1463 unary operators... done! [1463 unary operators]
[t=0.00818895s, 17876 KB] time to simplify: 0.000794035s
[t=0.00835923s, 17876 KB] Initializing pinch tracking heuristic...
[t=0.0084861s, 17876 KB] Building successor generator...done!
[t=0.00886212s, 18012 KB] peak memory difference for successor generator creation: 136 KB
[t=0.00890115s, 18012 KB] time for successor generation creation: 0.000243062s
[t=0.0089542s, 18012 KB] Variables: 39
[t=0.00899436s, 18012 KB] FactPairs: 114
[t=0.0090345s, 18012 KB] Bytes per state: 8
[t=0.0091637s, 18012 KB] Conducting best first search with reopening closed nodes, (real) bound = 2147483647
[t=0.00936627s, 18012 KB] New best heuristic value for pinch_tracking: 76
[t=0.00941016s, 18012 KB] g=0, 1 evaluated, 0 expanded
[t=0.00946074s, 18012 KB] Initial heuristic value for pinch_tracking: 76
[t=0.00950207s, 18012 KB] pruning method: none
[t=0.0095945s, 18012 KB] New best heuristic value for pinch_tracking: 74
[t=0.0096363s, 18012 KB] g=1, 5 evaluated, 1 expanded
[t=0.00997594s, 18012 KB] New best heuristic value for pinch_tracking: 72
[t=0.0100208s, 18012 KB] g=2, 39 evaluated, 2 expanded
[t=0.0101086s, 18012 KB] New best heuristic value for pinch_tracking: 70
[t=0.0101503s, 18012 KB] g=3, 44 evaluated, 3 expanded
[t=0.0104642s, 18012 KB] New best heuristic value for pinch_tracking: 68
[t=0.0105082s, 18012 KB] g=4, 77 evaluated, 4 expanded
[t=0.0106048s, 18012 KB] New best heuristic value for pinch_tracking: 66
[t=0.0106466s, 18012 KB] g=5, 83 evaluated, 5 expanded
[t=0.0109539s, 18012 KB] New best heuristic value for pinch_tracking: 65
[t=0.010997s, 18012 KB] g=6, 115 evaluated, 6 expanded
[t=0.0111443s, 18012 KB] New best heuristic value for pinch_tracking: 64
[t=0.0111862s, 18012 KB] g=7, 128 evaluated, 7 expanded
[t=0.0114461s, 18012 KB] New best heuristic value for pinch_tracking: 63
[t=0.0114886s, 18012 KB] g=8, 153 evaluated, 8 expanded
[t=0.0116436s, 18012 KB] New best heuristic value for pinch_tracking: 62
[t=0.011685s, 18012 KB] g=9, 167 evaluated, 9 expanded
[t=0.0119286s, 18012 KB] New best heuristic value for pinch_tracking: 60
[t=0.0119705s, 18012 KB] g=10, 191 evaluated, 10 expanded
[t=0.0120664s, 18012 KB] New best heuristic value for pinch_tracking: 59
[t=0.0121075s, 18012 KB] g=11, 197 evaluated, 11 expanded
[t=0.0123197s, 18012 KB] New best heuristic value for pinch_tracking: 58
[t=0.0123611s, 18012 KB] g=11, 219 evaluated, 11 expanded
[t=0.0124911s, 18012 KB] New best heuristic value for pinch_tracking: 57
[t=0.0125327s, 18012 KB] g=12, 229 evaluated, 12 expanded
[t=0.0128376s, 18012 KB] New best heuristic value for pinch_tracking: 56
[t=0.0128817s, 18012 KB] g=13, 258 evaluated, 13 expanded
[t=0.0130061s, 18012 KB] New best heuristic value for pinch_tracking: 55
[t=0.0130481s, 18012 KB] g=14, 267 evaluated, 14 expanded
[t=0.0133267s, 18012 KB] New best heuristic value for pinch_tracking: 54
[t=0.0133695s, 18012 KB] g=15, 297 evaluated, 15 expanded
[t=0.013484s, 18012 KB] New best heuristic value for pinch_tracking: 53
[t=0.013525s, 18012 KB] g=16, 305 evaluated, 16 expanded
[t=0.013818s, 18012 KB] New best heuristic value for pinch_tracking: 52
[t=0.0138607s, 18012 KB] g=17, 337 evaluated, 17 expanded
[t=0.0139614s, 18012 KB] New best heuristic value for pinch_tracking: 51
[t=0.0140031s, 18012 KB] g=18, 343 evaluated, 18 expanded
[t=0.014315s, 18012 KB] New best heuristic value for pinch_tracking: 50
[t=0.0143576s, 18012 KB] g=19, 378 evaluated, 19 expanded
[t=0.0144327s, 18012 KB] New best heuristic value for pinch_tracking: 48
[t=0.0144742s, 18012 KB] g=20, 381 evaluated, 20 expanded
[t=0.0145646s, 18012 KB] New best heuristic value for pinch_tracking: 47
[t=0.0146059s, 18012 KB] g=21, 387 evaluated, 21 expanded
[t=0.0148895s, 18012 KB] New best heuristic value for pinch_tracking: 46
[t=0.0149319s, 18012 KB] g=21, 418 evaluated, 21 expanded
[t=0.0149876s, 18012 KB] New best heuristic value for pinch_tracking: 44
[t=0.0150289s, 18012 KB] g=22, 419 evaluated, 22 expanded
[t=0.01512s, 18012 KB] New best heuristic value for pinch_tracking: 43
[t=0.0151616s, 18012 KB] g=23, 425 evaluated, 23 expanded
[t=0.0154642s, 18012 KB] New best heuristic value for pinch_tracking: 42
[t=0.0155068s, 18012 KB] g=24, 457 evaluated, 24 expanded
[t=0.0156088s, 18012 KB] New best heuristic value for pinch_tracking: 41
[t=0.0156506s, 18012 KB] g=25, 464 evaluated, 25 expanded
[t=0.0159343s, 18012 KB] New best heuristic value for pinch_tracking: 40
[t=0.0159762s, 18012 KB] g=26, 495 evaluated, 26 expanded
[t=0.0160951s, 18012 KB] New best heuristic value for pinch_tracking: 39
[t=0.0161366s, 18012 KB] g=27, 504 evaluated, 27 expanded
[t=0.0164792s, 18012 KB] New best heuristic value for pinch_tracking: 38
[t=0.0165229s, 18012 KB] g=28, 533 evaluated, 28 expanded
[t=0.016657s, 18012 KB] New best heuristic value for pinch_tracking: 37
[t=0.0166992s, 18012 KB] g=29, 544 evaluated, 29 expanded
[t=0.0169668s, 18012 KB] New best heuristic value for pinch_tracking: 36
[t=0.0170112s, 18012 KB] g=30, 571 evaluated, 31 expanded
[t=0.0171102s, 18012 KB] New best heuristic value for pinch_tracking: 35
[t=0.0171521s, 18012 KB] g=31, 577 evaluated, 32 expanded
[t=0.0174525s, 18012 KB] New best heuristic value for pinch_tracking: 34
[t=0.0174953s, 18012 KB] g=32, 609 evaluated, 34 expanded
[t=0.017635s, 18012 KB] New best heuristic value for pinch_tracking: 33
[t=0.0176767s, 18012 KB] g=33, 621 evaluated, 35 expanded
[t=0.017926s, 18012 KB] New best heuristic value for pinch_tracking: 32
[t=0.0179691s, 18012 KB] g=34, 647 evaluated, 36 expanded
[t=0.0181333s, 18012 KB] New best heuristic value for pinch_tracking: 31
[t=0.0181749s, 18012 KB] g=35, 661 evaluated, 37 expanded
[t=0.0184117s, 18012 KB] New best heuristic value for pinch_tracking: 30
[t=0.0184542s, 18012 KB] g=36, 685 evaluated, 38 expanded
[t=0.0186385s, 18012 KB] New best heuristic value for pinch_tracking: 29
[t=0.0186804s, 18012 KB] g=37, 703 evaluated, 39 expanded
[t=0.0188821s, 18012 KB] New best heuristic value for pinch_tracking: 28
[t=0.0189242s, 18012 KB] g=38, 723 evaluated, 40 expanded
[t=0.0191177s, 18012 KB] New best heuristic value for pinch_tracking: 27
[t=0.0191603s, 18012 KB] g=39, 742 evaluated, 41 expanded
[t=0.0193572s, 18012 KB] New best heuristic value for pinch_tracking: 26
[t=0.019399s, 18012 KB] g=40, 761 evaluated, 42 expanded
[t=0.0195982s, 18012 KB] New best heuristic value for pinch_tracking: 25
[t=0.0196397s, 18012 KB] g=41, 781 evaluated, 43 expanded
[t=0.0198272s, 18012 KB] New best heuristic value for pinch_tracking: 24
[t=0.0198686s, 18012 KB] g=42, 799 evaluated, 44 expanded
[t=0.0200807s, 18012 KB] New best heuristic value for pinch_tracking: 23
[t=0.0201224s, 18012 KB] g=43, 820 evaluated, 45 expanded
[t=0.0203021s, 18012 KB] New best heuristic value for pinch_tracking: 22
[t=0.0203434s, 18012 KB] g=44, 837 evaluated, 46 expanded
[t=0.0205574s, 18012 KB] New best heuristic value for pinch_tracking: 21
[t=0.0205989s, 18012 KB] g=45, 859 evaluated, 47 expanded
[t=0.0207702s, 18012 KB] New best heuristic value for pinch_tracking: 20
[t=0.0208086s, 18012 KB] g=46, 875 evaluated, 48 expanded
[t=0.021045s, 18012 KB] New best heuristic value for pinch_tracking: 19
[t=0.0210876s, 18012 KB] g=47, 900 evaluated, 49 expanded
[t=0.0212382s, 18012 KB] New best heuristic value for pinch_tracking: 18
[t=0.02128s, 18012 KB] g=48, 913 evaluated, 50 expanded
[t=0.0215298s, 18012 KB] New best heuristic value for pinch_tracking: 17
[t=0.0215715s, 18012 KB] g=49, 940 evaluated, 51 expanded
[t=0.0217257s, 18012 KB] New best heuristic value for pinch_tracking: 16
[t=0.0217678s, 18012 KB] g=50, 951 evaluated, 52 expanded
[t=0.0220257s, 18012 KB] New best heuristic value for pinch_tracking: 15
[t=0.0220674s, 18012 KB] g=51, 979 evaluated, 53 expanded
[t=0.0221993s, 18012 KB] New best heuristic value for pinch_tracking: 14
[t=0.0222401s, 18012 KB] g=52, 989 evaluated, 54 expanded
[t=0.0226072s, 18012 KB] New best heuristic value for pinch_tracking: 13
[t=0.0226579s, 18012 KB] g=53, 1018 evaluated, 55 expanded
[t=0.0227898s, 18012 KB] New best heuristic value for pinch_tracking: 12
[t=0.0228327s, 18012 KB] g=54, 1027 evaluated, 56 expanded
[t=0.0231108s, 18012 KB] New best heuristic value for pinch_tracking: 11
[t=0.0231531s, 18012 KB] g=55, 1057 evaluated, 57 expanded
[t=0.0232758s, 18012 KB] New best heuristic value for pinch_tracking: 10
[t=0.0233172s, 18012 KB] g=56, 1065 evaluated, 59 expanded
[t=0.0235582s, 18012 KB] New best heuristic value for pinch_tracking: 9
[t=0.0236006s, 18012 KB] g=57, 1090 evaluated, 60 expanded
[t=0.0237598s, 18012 KB] New best heuristic value for pinch_tracking: 8
[t=0.0238013s, 18012 KB] g=58, 1103 evaluated, 62 expanded
[t=0.0240352s, 18012 KB] New best heuristic value for pinch_tracking: 7
[t=0.0240766s, 18012 KB] g=59, 1128 evaluated, 63 expanded
[t=0.024235s, 18012 KB] New best heuristic value for pinch_tracking: 6
[t=0.0242767s, 18012 KB] g=60, 1141 evaluated, 65 expanded
[t=0.0245181s, 18012 KB] New best heuristic value for pinch_tracking: 5
[t=0.0245599s, 18012 KB] g=61, 1166 evaluated, 66 expanded
[t=0.024718s, 18012 KB] New best heuristic value for pinch_tracking: 4
[t=0.0247597s, 18012 KB] g=62, 1179 evaluated, 68 expanded
[t=0.0249924s, 18012 KB] New best heuristic value for pinch_tracking: 3
[t=0.0250342s, 18012 KB] g=63, 1204 evaluated, 69 expanded
[t=0.0251921s, 18012 KB] New best heuristic value for pinch_tracking: 2
[t=0.025234s, 18012 KB] g=64, 1217 evaluated, 71 expanded
[t=0.0254778s, 18012 KB] New best heuristic value for pinch_tracking: 1
[t=0.0255198s, 18012 KB] g=65, 1242 evaluated, 72 expanded
[t=0.0256708s, 18012 KB] New best heuristic value for pinch_tracking: 0
[t=0.0257124s, 18012 KB] g=66, 1255 evaluated, 73 expanded
[t=0.0257553s, 18012 KB] Solution found!
[t=0.0258053s, 18012 KB] Actual search time: 0.0162998s
up f0 f12 (1)
stop f12 (1)
down f12 f2 (1)
stop f2 (1)
up f2 f13 (1)
stop f13 (1)
down f13 f9 (1)
stop f9 (1)
up f9 f14 (1)
stop f14 (1)
up f14 f28 (1)
stop f28 (1)
up f28 f29 (1)
stop f29 (1)
up f29 f30 (1)
stop f30 (1)
up f30 f32 (1)
stop f32 (1)
up f32 f35 (1)
stop f35 (1)
up f35 f37 (1)
stop f37 (1)
down f37 f13 (1)
stop f13 (1)
down f13 f3 (1)
stop f3 (1)
up f3 f15 (1)
stop f15 (1)
down f15 f8 (1)
stop f8 (1)
up f8 f16 (1)
stop f16 (1)
down f16 f5 (1)
stop f5 (1)
up f5 f18 (1)
stop f18 (1)
down f18 f9 (1)
stop f9 (1)
up f9 f19 (1)
stop f19 (1)
up f19 f20 (1)
stop f20 (1)
up f20 f21 (1)
stop f21 (1)
up f21 f22 (1)
stop f22 (1)
up f22 f25 (1)
stop f25 (1)
up f25 f27 (1)
stop f27 (1)
up f27 f28 (1)
stop f28 (1)
up f28 f29 (1)
stop f29 (1)
up f29 f31 (1)
stop f31 (1)
up f31 f32 (1)
stop f32 (1)
up f32 f33 (1)
stop f33 (1)
up f33 f34 (1)
stop f34 (1)
up f34 f36 (1)
stop f36 (1)
down f36 f30 (1)
stop f30 (1)
[t=0.025849s, 18012 KB] Plan length: 66 step(s).
[t=0.025849s, 18012 KB] Plan cost: 66
[t=0.025849s, 18012 KB] Expanded 74 state(s).
[t=0.025849s, 18012 KB] Reopened 0 state(s).
[t=0.025849s, 18012 KB] Evaluated 1255 state(s).
[t=0.025849s, 18012 KB] Evaluations: 1255
[t=0.025849s, 18012 KB] Generated 2773 state(s).
[t=0.025849s, 18012 KB] Dead ends: 0 state(s).
[t=0.025849s, 18012 KB] Number of registered states: 1255
[t=0.025849s, 18012 KB] Int hash set load factor: 1255/2048 = 0.612793
[t=0.025849s, 18012 KB] Int hash set resizes: 11
[t=0.025849s, 18012 KB] mean number of q cost that have been adjusted 0 times in relation to total number of q: -1
[t=0.025849s, 18012 KB] mean number of q cost that have been adjusted 1 times in relation to total number of q: -1
[t=0.025849s, 18012 KB] mean number of q cost that have been adjusted 2 times in relation to total number of q: -1
[t=0.025849s, 18012 KB] mean number of q that are at some point overconsitent in relation to total number of q: -1
[t=0.025849s, 18012 KB] mean number of q that are at first underconsisten in relation to total number of q: -1
[t=0.025849s, 18012 KB] mean number of state variables that are not in common between two following states in relation to total number of state variables: -1
[t=0.025849s, 18012 KB] variance number of state variables that are not in common between two following states in relation to total number of state variables: -1
[t=0.025849s, 18012 KB] Search time: 0.016686s
[t=0.025849s, 18012 KB] Total time: 0.025849s
Solution found.
Peak memory: 18012 KB
Remove intermediate file output.sas
search exit code: 0

INFO     Running validate.
INFO     validate stdin: None
INFO     validate time limit: None
INFO     validate memory limit: None
INFO     validate command line string: validate domain.pddl problem.pddl sas_plan
