INFO     Running translator.
INFO     translator stdin: None
INFO     translator time limit: 1799.96s
INFO     translator memory limit: 3584 MB
INFO     translator command line string: /infai/weidan00/downward/experiments/bachelor/.venv/bin/python3 /infai/weidan00/downward/experiments/bachelor/data/bachelor-v1/code-7aa5f34_e5e41175/builds/release/bin/translate/translate.py domain.pddl problem.pddl --sas-file output.sas
Parsing...
Parsing: [0.010s CPU, 0.006s wall-clock]
Normalizing task... [0.000s CPU, 0.000s wall-clock]
Instantiating...
Generating Datalog program... [0.000s CPU, 0.001s wall-clock]
Normalizing Datalog program...
Normalizing Datalog program: [0.010s CPU, 0.002s wall-clock]
Preparing model... [0.000s CPU, 0.002s wall-clock]
Generated 65 rules.
Computing model... [0.010s CPU, 0.010s wall-clock]
954 relevant atoms
188 auxiliary atoms
1142 final queue length
2867 total queue pushes
Completing instantiation... [0.040s CPU, 0.041s wall-clock]
Instantiating: [0.060s CPU, 0.056s wall-clock]
Computing fact groups...
Finding invariants...
21 initial candidates
Finding invariants: [0.000s CPU, 0.004s wall-clock]
Checking invariant weight... [0.000s CPU, 0.000s wall-clock]
Instantiating groups... [0.000s CPU, 0.000s wall-clock]
Collecting mutex groups... [0.000s CPU, 0.000s wall-clock]
Choosing groups...
346 uncovered facts
Choosing groups: [0.000s CPU, 0.000s wall-clock]
Building translation key... [0.000s CPU, 0.002s wall-clock]
Computing fact groups: [0.010s CPU, 0.009s wall-clock]
Building STRIPS to SAS dictionary... [0.000s CPU, 0.000s wall-clock]
Building dictionary for full mutex groups... [0.000s CPU, 0.000s wall-clock]
Building mutex information...
Building mutex information: [0.000s CPU, 0.000s wall-clock]
Translating task...
Processing axioms...
Simplifying axioms... [0.000s CPU, 0.000s wall-clock]
Processing axioms: [0.000s CPU, 0.003s wall-clock]
Translating task: [0.060s CPU, 0.063s wall-clock]
1955 effect conditions simplified
0 implied preconditions added
Detecting unreachable propositions...
0 operators removed
0 axioms removed
10 propositions removed
Detecting unreachable propositions: [0.020s CPU, 0.023s wall-clock]
Reordering and filtering variables...
180 of 341 variables necessary.
0 of 0 mutex groups necessary.
457 of 457 operators necessary.
0 of 0 axiom rules necessary.
Reordering and filtering variables: [0.020s CPU, 0.020s wall-clock]
Translator variables: 180
Translator derived variables: 0
Translator facts: 360
Translator goal facts: 19
Translator mutex groups: 0
Translator total mutex groups size: 0
Translator operators: 457
Translator axioms: 0
Translator task size: 4394
Translator peak memory: 147148 KB
Writing output... [0.010s CPU, 0.011s wall-clock]
Done! [0.190s CPU, 0.192s wall-clock]
translate exit code: 0

INFO     Running search (release).
INFO     search stdin: output.sas
INFO     search time limit: 1799.72s
INFO     search memory limit: 3584 MB
INFO     search command line string: /infai/weidan00/downward/experiments/bachelor/data/bachelor-v1/code-7aa5f34_e5e41175/builds/release/bin/downward --search 'eager_wastar([add()], w=2)' --internal-plan-file sas_plan < output.sas
[t=5.9405e-05s, 17204 KB] reading input...
[t=0.00461011s, 17368 KB] done reading input!
[t=0.00671512s, 17828 KB] Simplifying 1914 unary operators... done! [1535 unary operators]
[t=0.00834642s, 17960 KB] time to simplify: 0.00171506s
[t=0.00857594s, 17960 KB] Initializing additive heuristic...
[t=0.00870873s, 17960 KB] Building successor generator...done!
[t=0.00908078s, 17960 KB] peak memory difference for successor generator creation: 0 KB
[t=0.00912055s, 17960 KB] time for successor generation creation: 0.000245246s
[t=0.00917028s, 17960 KB] Variables: 180
[t=0.00920998s, 17960 KB] FactPairs: 360
[t=0.00924919s, 17960 KB] Bytes per state: 24
[t=0.00936163s, 17960 KB] Conducting best first search with reopening closed nodes, (real) bound = 2147483647
[t=0.00948933s, 17960 KB] New best heuristic value for add: 19
[t=0.00953264s, 17960 KB] g=0, 1 evaluated, 0 expanded
[t=0.00958322s, 17960 KB] Initial heuristic value for add: 19
[t=0.0096239s, 17960 KB] pruning method: none
[t=0.0100167s, 17960 KB] New best heuristic value for add: 18
[t=0.0100615s, 17960 KB] g=1, 14 evaluated, 1 expanded
[t=0.0158782s, 17960 KB] New best heuristic value for add: 17
[t=0.0159272s, 17960 KB] g=1, 264 evaluated, 1 expanded
[t=0.0174303s, 17960 KB] New best heuristic value for add: 16
[t=0.0174765s, 17960 KB] g=2, 326 evaluated, 2 expanded
[t=0.0552124s, 17960 KB] New best heuristic value for add: 15
[t=0.0552808s, 17960 KB] g=4, 1938 evaluated, 10 expanded
[t=0.0567161s, 17960 KB] New best heuristic value for add: 14
[t=0.056762s, 17960 KB] g=5, 1999 evaluated, 11 expanded
[t=0.0659628s, 17960 KB] New best heuristic value for add: 13
[t=0.0660147s, 17960 KB] g=6, 2403 evaluated, 12 expanded
[t=0.336703s, 18500 KB] New best heuristic value for add: 12
[t=0.336804s, 18500 KB] g=8, 14693 evaluated, 99 expanded
[t=0.343833s, 18760 KB] New best heuristic value for add: 11
[t=0.343894s, 18760 KB] g=9, 14955 evaluated, 100 expanded
[t=0.713878s, 19820 KB] New best heuristic value for add: 10
[t=0.713978s, 19820 KB] g=11, 31549 evaluated, 227 expanded
[t=0.71975s, 19820 KB] New best heuristic value for add: 9
[t=0.719803s, 19820 KB] g=12, 31813 evaluated, 228 expanded
[t=1.09598s, 20508 KB] New best heuristic value for add: 8
[t=1.09609s, 20508 KB] g=14, 49009 evaluated, 365 expanded
[t=11.1881s, 52140 KB] New best heuristic value for add: 7
[t=11.1882s, 52140 KB] g=15, 509292 evaluated, 4066 expanded, 2 reopened
[t=409.887s, 1175960 KB] New best heuristic value for add: 6
[t=409.887s, 1175960 KB] g=17, 18421720 evaluated, 256909 expanded, 897 reopened
[t=410.375s, 1177032 KB] New best heuristic value for add: 5
[t=410.376s, 1177032 KB] g=19, 18444538 evaluated, 257074 expanded, 897 reopened
Failed to allocate memory.
Memory limit has been reached.
Peak memory: 3188392 KB
Remove intermediate file output.sas
search exit code: 22

Driver aborting after search
