INFO     Running translator.
INFO     translator stdin: None
INFO     translator time limit: 1799.96s
INFO     translator memory limit: 3584 MB
INFO     translator command line string: /infai/weidan00/downward/experiments/bachelor/.venv/bin/python3 /infai/weidan00/downward/experiments/bachelor/data/bachelor-v1/code-7aa5f34_e5e41175/builds/release/bin/translate/translate.py domain.pddl problem.pddl --sas-file output.sas
Parsing...
Parsing: [0.010s CPU, 0.009s wall-clock]
Normalizing task... [0.000s CPU, 0.000s wall-clock]
Instantiating...
Generating Datalog program... [0.000s CPU, 0.003s wall-clock]
Normalizing Datalog program...
Normalizing Datalog program: [0.010s CPU, 0.006s wall-clock]
Preparing model... [0.010s CPU, 0.011s wall-clock]
Generated 90 rules.
Computing model... [0.530s CPU, 0.528s wall-clock]
5726 relevant atoms
52456 auxiliary atoms
58182 final queue length
65571 total queue pushes
Completing instantiation... [0.190s CPU, 0.188s wall-clock]
Instantiating: [0.740s CPU, 0.752s wall-clock]
Computing fact groups...
Finding invariants...
35 initial candidates
Finding invariants: [0.010s CPU, 0.007s wall-clock]
Checking invariant weight... [0.000s CPU, 0.001s wall-clock]
Instantiating groups... [0.010s CPU, 0.004s wall-clock]
Collecting mutex groups... [0.000s CPU, 0.000s wall-clock]
Choosing groups...
140 uncovered facts
Choosing groups: [0.000s CPU, 0.001s wall-clock]
Building translation key... [0.000s CPU, 0.001s wall-clock]
Computing fact groups: [0.020s CPU, 0.019s wall-clock]
Building STRIPS to SAS dictionary... [0.000s CPU, 0.001s wall-clock]
Building dictionary for full mutex groups... [0.000s CPU, 0.001s wall-clock]
Building mutex information...
Building mutex information: [0.010s CPU, 0.000s wall-clock]
Translating task...
Processing axioms...
Simplifying axioms... [0.000s CPU, 0.000s wall-clock]
Processing axioms: [0.000s CPU, 0.009s wall-clock]
Translating task: [0.140s CPU, 0.147s wall-clock]
1170 effect conditions simplified
0 implied preconditions added
Detecting unreachable propositions...
0 operators removed
0 axioms removed
72 propositions removed
Detecting unreachable propositions: [0.070s CPU, 0.065s wall-clock]
Reordering and filtering variables...
83 of 173 variables necessary.
0 of 44 mutex groups necessary.
2652 of 3920 operators necessary.
0 of 0 axiom rules necessary.
Reordering and filtering variables: [0.010s CPU, 0.017s wall-clock]
Translator variables: 83
Translator derived variables: 0
Translator facts: 584
Translator goal facts: 14
Translator mutex groups: 0
Translator total mutex groups size: 0
Translator operators: 2652
Translator axioms: 0
Translator task size: 11426
Translator peak memory: 167884 KB
Writing output... [0.020s CPU, 0.027s wall-clock]
Done! [1.030s CPU, 1.047s wall-clock]
translate exit code: 0

INFO     Running search (release).
INFO     search stdin: output.sas
INFO     search time limit: 1798.87s
INFO     search memory limit: 3584 MB
INFO     search command line string: /infai/weidan00/downward/experiments/bachelor/data/bachelor-v1/code-7aa5f34_e5e41175/builds/release/bin/downward --search 'eager_wastar([pinch_tracking()], w=2)' --internal-plan-file sas_plan < output.sas
[t=5.9492e-05s, 17204 KB] reading input...
[t=0.0162508s, 17992 KB] done reading input!
[t=0.018685s, 18488 KB] Simplifying 3257 unary operators... done! [2297 unary operators]
[t=0.0201057s, 18752 KB] time to simplify: 0.00152192s
[t=0.0204525s, 18752 KB] Initializing pinch tracking heuristic...
[t=0.0205927s, 18752 KB] Building successor generator...done!
[t=0.0216727s, 18752 KB] peak memory difference for successor generator creation: 0 KB
[t=0.0217147s, 18752 KB] time for successor generation creation: 0.000929381s
[t=0.0217759s, 18752 KB] Variables: 83
[t=0.0218164s, 18752 KB] FactPairs: 584
[t=0.021856s, 18752 KB] Bytes per state: 24
[t=0.0219771s, 18752 KB] Conducting best first search with reopening closed nodes, (real) bound = 2147483647
[t=0.0223007s, 18752 KB] New best heuristic value for pinch_tracking: 53
[t=0.0223459s, 18752 KB] g=0, 1 evaluated, 0 expanded
[t=0.022397s, 18752 KB] Initial heuristic value for pinch_tracking: 53
[t=0.0224387s, 18752 KB] pruning method: none
[t=0.0225824s, 18752 KB] New best heuristic value for pinch_tracking: 52
[t=0.0226253s, 18752 KB] g=1, 4 evaluated, 1 expanded
[t=0.0227007s, 18752 KB] New best heuristic value for pinch_tracking: 51
[t=0.0227424s, 18752 KB] g=1, 5 evaluated, 1 expanded
[t=0.0230039s, 18752 KB] New best heuristic value for pinch_tracking: 49
[t=0.023047s, 18752 KB] g=1, 18 evaluated, 1 expanded
[t=0.0240135s, 18752 KB] New best heuristic value for pinch_tracking: 47
[t=0.0240604s, 18752 KB] g=2, 68 evaluated, 2 expanded
[t=0.0251956s, 18752 KB] New best heuristic value for pinch_tracking: 46
[t=0.0252431s, 18752 KB] g=3, 131 evaluated, 3 expanded
[t=0.0256653s, 18752 KB] New best heuristic value for pinch_tracking: 45
[t=0.0257111s, 18752 KB] g=3, 152 evaluated, 3 expanded
[t=0.0263313s, 18752 KB] New best heuristic value for pinch_tracking: 44
[t=0.0263818s, 18752 KB] g=4, 187 evaluated, 4 expanded
[t=0.0274665s, 18752 KB] New best heuristic value for pinch_tracking: 43
[t=0.0275128s, 18752 KB] g=5, 246 evaluated, 5 expanded
[t=0.028835s, 18752 KB] New best heuristic value for pinch_tracking: 42
[t=0.0288816s, 18752 KB] g=6, 314 evaluated, 6 expanded
[t=0.0298925s, 18752 KB] New best heuristic value for pinch_tracking: 41
[t=0.0299401s, 18752 KB] g=7, 367 evaluated, 7 expanded
[t=0.0310036s, 18752 KB] New best heuristic value for pinch_tracking: 40
[t=0.0310492s, 18752 KB] g=8, 423 evaluated, 8 expanded
[t=0.0320879s, 18752 KB] New best heuristic value for pinch_tracking: 39
[t=0.0321334s, 18752 KB] g=9, 479 evaluated, 9 expanded
[t=0.0336925s, 18752 KB] New best heuristic value for pinch_tracking: 38
[t=0.0337393s, 18752 KB] g=10, 564 evaluated, 10 expanded
[t=0.0347843s, 18752 KB] New best heuristic value for pinch_tracking: 37
[t=0.03483s, 18752 KB] g=11, 617 evaluated, 11 expanded
[t=0.0357832s, 18752 KB] New best heuristic value for pinch_tracking: 36
[t=0.0358288s, 18752 KB] g=12, 666 evaluated, 12 expanded
[t=0.0368328s, 18752 KB] New best heuristic value for pinch_tracking: 35
[t=0.0368781s, 18752 KB] g=13, 717 evaluated, 13 expanded
[t=0.0379898s, 18752 KB] New best heuristic value for pinch_tracking: 34
[t=0.0380351s, 18752 KB] g=15, 774 evaluated, 15 expanded
[t=0.039786s, 18752 KB] New best heuristic value for pinch_tracking: 33
[t=0.0398317s, 18752 KB] g=16, 868 evaluated, 16 expanded
[t=0.0463245s, 18752 KB] New best heuristic value for pinch_tracking: 32
[t=0.0463743s, 18752 KB] g=18, 1216 evaluated, 24 expanded
[t=0.0479241s, 18752 KB] New best heuristic value for pinch_tracking: 31
[t=0.0479798s, 18752 KB] g=19, 1303 evaluated, 25 expanded
[t=0.0541019s, 18752 KB] New best heuristic value for pinch_tracking: 30
[t=0.054158s, 18752 KB] g=21, 1641 evaluated, 33 expanded
[t=0.0550242s, 18752 KB] New best heuristic value for pinch_tracking: 29
[t=0.0550724s, 18752 KB] g=22, 1689 evaluated, 34 expanded
[t=0.0560097s, 18752 KB] New best heuristic value for pinch_tracking: 28
[t=0.056057s, 18752 KB] g=23, 1738 evaluated, 35 expanded
[t=0.0637106s, 18752 KB] New best heuristic value for pinch_tracking: 27
[t=0.063767s, 18752 KB] g=25, 2166 evaluated, 44 expanded
[t=0.0646584s, 18752 KB] New best heuristic value for pinch_tracking: 26
[t=0.0647052s, 18752 KB] g=26, 2213 evaluated, 45 expanded
[t=0.0656358s, 18752 KB] New best heuristic value for pinch_tracking: 25
[t=0.0656823s, 18752 KB] g=27, 2264 evaluated, 46 expanded
[t=0.0768341s, 18752 KB] New best heuristic value for pinch_tracking: 24
[t=0.0768873s, 18752 KB] g=29, 2902 evaluated, 60 expanded
[t=0.0777971s, 18752 KB] New best heuristic value for pinch_tracking: 23
[t=0.0778433s, 18752 KB] g=30, 2951 evaluated, 61 expanded
[t=0.0789128s, 18752 KB] New best heuristic value for pinch_tracking: 22
[t=0.0789585s, 18752 KB] g=31, 3010 evaluated, 62 expanded
[t=0.0798528s, 18752 KB] New best heuristic value for pinch_tracking: 21
[t=0.0798979s, 18752 KB] g=32, 3056 evaluated, 63 expanded
[t=0.095243s, 18920 KB] New best heuristic value for pinch_tracking: 20
[t=0.0953017s, 18920 KB] g=34, 3916 evaluated, 87 expanded
[t=0.0961575s, 18920 KB] New best heuristic value for pinch_tracking: 19
[t=0.0962055s, 18920 KB] g=35, 3959 evaluated, 88 expanded
[t=0.0970735s, 18920 KB] New best heuristic value for pinch_tracking: 18
[t=0.0971193s, 18920 KB] g=36, 4003 evaluated, 89 expanded
[t=0.0980092s, 18920 KB] New best heuristic value for pinch_tracking: 17
[t=0.0980555s, 18920 KB] g=37, 4049 evaluated, 90 expanded
[t=0.161217s, 19180 KB] New best heuristic value for pinch_tracking: 16
[t=0.161298s, 19180 KB] g=40, 7578 evaluated, 224 expanded
[t=0.305032s, 19888 KB] New best heuristic value for pinch_tracking: 15
[t=0.305119s, 19888 KB] g=41, 15865 evaluated, 602 expanded
[t=0.305975s, 19888 KB] New best heuristic value for pinch_tracking: 14
[t=0.306024s, 19888 KB] g=42, 15907 evaluated, 603 expanded
[t=0.307s, 19888 KB] New best heuristic value for pinch_tracking: 13
[t=0.307047s, 19888 KB] g=43, 15963 evaluated, 604 expanded
[t=0.532786s, 20884 KB] New best heuristic value for pinch_tracking: 12
[t=0.532892s, 20884 KB] g=46, 29330 evaluated, 1166 expanded
[t=0.686381s, 22412 KB] New best heuristic value for pinch_tracking: 11
[t=0.68648s, 22412 KB] g=47, 38435 evaluated, 1662 expanded
[t=0.687331s, 22412 KB] New best heuristic value for pinch_tracking: 10
[t=0.687378s, 22412 KB] g=48, 38480 evaluated, 1663 expanded
[t=0.688252s, 22412 KB] New best heuristic value for pinch_tracking: 9
[t=0.688298s, 22412 KB] g=49, 38528 evaluated, 1664 expanded
[t=0.823187s, 22676 KB] New best heuristic value for pinch_tracking: 8
[t=0.82329s, 22676 KB] g=52, 46621 evaluated, 1997 expanded
[t=1.01007s, 24244 KB] New best heuristic value for pinch_tracking: 7
[t=1.01017s, 24244 KB] g=54, 57772 evaluated, 2696 expanded
[t=1.01098s, 24244 KB] New best heuristic value for pinch_tracking: 6
[t=1.01103s, 24244 KB] g=55, 57817 evaluated, 2697 expanded
[t=1.01192s, 24244 KB] New best heuristic value for pinch_tracking: 5
[t=1.01197s, 24244 KB] g=56, 57865 evaluated, 2698 expanded
[t=1.01279s, 24244 KB] New best heuristic value for pinch_tracking: 4
[t=1.01283s, 24244 KB] g=57, 57911 evaluated, 2699 expanded
[t=1.0478s, 24244 KB] New best heuristic value for pinch_tracking: 3
[t=1.0479s, 24244 KB] g=60, 60089 evaluated, 2786 expanded
[t=1.0487s, 24244 KB] New best heuristic value for pinch_tracking: 2
[t=1.04874s, 24244 KB] g=61, 60134 evaluated, 2787 expanded
[t=1.04954s, 24244 KB] New best heuristic value for pinch_tracking: 1
[t=1.04958s, 24244 KB] g=62, 60180 evaluated, 2788 expanded
[t=1.05039s, 24244 KB] New best heuristic value for pinch_tracking: 0
[t=1.05044s, 24244 KB] g=63, 60229 evaluated, 2789 expanded
[t=1.05114s, 24244 KB] Solution found!
[t=1.0512s, 24244 KB] Actual search time: 1.02875s
navigate rover7 waypoint29 waypoint28 (1)
navigate rover9 waypoint9 waypoint24 (1)
calibrate rover3 camera1 objective3 waypoint3 (1)
sample_soil rover8 rover8store waypoint3 (1)
communicate_soil_data rover8 general waypoint3 waypoint3 waypoint27 (1)
navigate rover5 waypoint27 waypoint3 (1)
calibrate rover5 camera0 objective3 waypoint3 (1)
take_image rover5 waypoint3 objective1 camera0 low_res (1)
communicate_image_data rover5 general objective1 low_res waypoint3 waypoint27 (1)
navigate rover0 waypoint14 waypoint6 (1)
sample_rock rover0 rover0store waypoint6 (1)
navigate rover0 waypoint6 waypoint28 (1)
communicate_rock_data rover0 general waypoint6 waypoint28 waypoint27 (1)
sample_soil rover9 rover9store waypoint24 (1)
communicate_soil_data rover9 general waypoint24 waypoint24 waypoint27 (1)
drop rover9 rover9store (1)
sample_rock rover7 rover7store waypoint28 (1)
communicate_rock_data rover7 general waypoint28 waypoint28 waypoint27 (1)
drop rover7 rover7store (1)
navigate rover7 waypoint28 waypoint25 (1)
sample_soil rover7 rover7store waypoint25 (1)
navigate rover7 waypoint25 waypoint28 (1)
communicate_soil_data rover7 general waypoint25 waypoint28 waypoint27 (1)
navigate rover6 waypoint3 waypoint21 (1)
sample_soil rover6 rover6store waypoint21 (1)
navigate rover6 waypoint21 waypoint22 (1)
communicate_soil_data rover6 general waypoint21 waypoint22 waypoint27 (1)
calibrate rover5 camera0 objective3 waypoint3 (1)
take_image rover5 waypoint3 objective0 camera0 high_res (1)
communicate_image_data rover5 general objective0 high_res waypoint3 waypoint27 (1)
take_image rover3 waypoint3 objective5 camera1 high_res (1)
communicate_image_data rover3 general objective5 high_res waypoint3 waypoint27 (1)
navigate rover2 waypoint16 waypoint11 (1)
sample_soil rover2 rover2store waypoint11 (1)
navigate rover2 waypoint11 waypoint16 (1)
navigate rover2 waypoint16 waypoint18 (1)
communicate_soil_data rover2 general waypoint11 waypoint18 waypoint27 (1)
navigate rover4 waypoint18 waypoint10 (1)
navigate rover4 waypoint10 waypoint20 (1)
sample_rock rover4 rover4store waypoint20 (1)
navigate rover4 waypoint20 waypoint10 (1)
navigate rover4 waypoint10 waypoint18 (1)
communicate_rock_data rover4 general waypoint20 waypoint18 waypoint27 (1)
navigate rover2 waypoint18 waypoint16 (1)
navigate rover2 waypoint16 waypoint2 (1)
drop rover2 rover2store (1)
sample_soil rover2 rover2store waypoint2 (1)
navigate rover2 waypoint2 waypoint24 (1)
communicate_soil_data rover2 general waypoint2 waypoint24 waypoint27 (1)
navigate rover7 waypoint28 waypoint29 (1)
navigate rover7 waypoint29 waypoint0 (1)
drop rover7 rover7store (1)
navigate rover7 waypoint0 waypoint1 (1)
sample_soil rover7 rover7store waypoint1 (1)
navigate rover7 waypoint1 waypoint0 (1)
navigate rover7 waypoint0 waypoint8 (1)
communicate_soil_data rover7 general waypoint1 waypoint8 waypoint27 (1)
navigate rover9 waypoint24 waypoint9 (1)
navigate rover9 waypoint9 waypoint12 (1)
sample_soil rover9 rover9store waypoint12 (1)
navigate rover9 waypoint12 waypoint9 (1)
navigate rover9 waypoint9 waypoint24 (1)
communicate_soil_data rover9 general waypoint12 waypoint24 waypoint27 (1)
[t=1.05124s, 24244 KB] Plan length: 63 step(s).
[t=1.05124s, 24244 KB] Plan cost: 63
[t=1.05124s, 24244 KB] Expanded 2790 state(s).
[t=1.05124s, 24244 KB] Reopened 0 state(s).
[t=1.05124s, 24244 KB] Evaluated 60272 state(s).
[t=1.05124s, 24244 KB] Evaluations: 60272
[t=1.05124s, 24244 KB] Generated 154059 state(s).
[t=1.05124s, 24244 KB] Dead ends: 0 state(s).
[t=1.05124s, 24244 KB] Number of registered states: 60272
[t=1.05124s, 24244 KB] Int hash set load factor: 60272/131072 = 0.459839
[t=1.05124s, 24244 KB] Int hash set resizes: 17
[t=1.05124s, 24244 KB] mean number of q cost that have been adjusted 0 times in relation to total number of q: -1
[t=1.05124s, 24244 KB] mean number of q cost that have been adjusted 1 times in relation to total number of q: -1
[t=1.05124s, 24244 KB] mean number of q cost that have been adjusted 2 times in relation to total number of q: -1
[t=1.05124s, 24244 KB] mean number of q that are at some point overconsitent in relation to total number of q: -1
[t=1.05124s, 24244 KB] mean number of q that are at first underconsisten in relation to total number of q: -1
[t=1.05124s, 24244 KB] mean number of state variables that are not in common between two following states in relation to total number of state variables: -1
[t=1.05124s, 24244 KB] variance number of state variables that are not in common between two following states in relation to total number of state variables: -1
[t=1.05124s, 24244 KB] Search time: 1.02926s
[t=1.05124s, 24244 KB] Total time: 1.05124s
Solution found.
Peak memory: 24244 KB
Remove intermediate file output.sas
search exit code: 0

INFO     Running validate.
INFO     validate stdin: None
INFO     validate time limit: None
INFO     validate memory limit: None
INFO     validate command line string: validate domain.pddl problem.pddl sas_plan
