INFO     Running translator.
INFO     translator stdin: None
INFO     translator time limit: 1799.96s
INFO     translator memory limit: 3584 MB
INFO     translator command line string: /infai/weidan00/downward/experiments/bachelor/.venv/bin/python3 /infai/weidan00/downward/experiments/bachelor/data/bachelor-v1/code-7aa5f34_e5e41175/builds/release/bin/translate/translate.py domain.pddl problem.pddl --sas-file output.sas
Parsing...
Parsing: [0.000s CPU, 0.003s wall-clock]
Normalizing task... [0.000s CPU, 0.000s wall-clock]
Instantiating...
Generating Datalog program... [0.000s CPU, 0.000s wall-clock]
Normalizing Datalog program...
Normalizing Datalog program: [0.010s CPU, 0.004s wall-clock]
Preparing model... [0.000s CPU, 0.001s wall-clock]
Generated 51 rules.
Computing model... [0.000s CPU, 0.005s wall-clock]
184 relevant atoms
237 auxiliary atoms
421 final queue length
466 total queue pushes
Completing instantiation... [0.000s CPU, 0.003s wall-clock]
Instantiating: [0.010s CPU, 0.013s wall-clock]
Computing fact groups...
Finding invariants...
6 initial candidates
Finding invariants: [0.010s CPU, 0.002s wall-clock]
Checking invariant weight... [0.000s CPU, 0.000s wall-clock]
Instantiating groups... [0.000s CPU, 0.000s wall-clock]
Collecting mutex groups... [0.000s CPU, 0.000s wall-clock]
Choosing groups...
0 uncovered facts
Choosing groups: [0.000s CPU, 0.000s wall-clock]
Building translation key... [0.000s CPU, 0.000s wall-clock]
Computing fact groups: [0.010s CPU, 0.003s wall-clock]
Building STRIPS to SAS dictionary... [0.000s CPU, 0.000s wall-clock]
Building dictionary for full mutex groups... [0.000s CPU, 0.000s wall-clock]
Building mutex information...
Building mutex information: [0.000s CPU, 0.000s wall-clock]
Translating task...
Processing axioms...
Simplifying axioms... [0.000s CPU, 0.000s wall-clock]
Processing axioms: [0.000s CPU, 0.000s wall-clock]
Translating task: [0.000s CPU, 0.002s wall-clock]
0 effect conditions simplified
0 implied preconditions added
Detecting unreachable propositions...
0 operators removed
0 axioms removed
9 propositions removed
Detecting unreachable propositions: [0.000s CPU, 0.001s wall-clock]
Reordering and filtering variables...
8 of 9 variables necessary.
0 of 9 mutex groups necessary.
66 of 78 operators necessary.
0 of 0 axiom rules necessary.
Reordering and filtering variables: [0.000s CPU, 0.000s wall-clock]
Translator variables: 8
Translator derived variables: 0
Translator facts: 41
Translator goal facts: 5
Translator mutex groups: 0
Translator total mutex groups size: 0
Translator operators: 66
Translator axioms: 0
Translator task size: 312
Translator peak memory: 142540 KB
Writing output... [0.000s CPU, 0.004s wall-clock]
Done! [0.020s CPU, 0.028s wall-clock]
translate exit code: 0

INFO     Running search (release).
INFO     search stdin: output.sas
INFO     search time limit: 1799.88s
INFO     search memory limit: 3584 MB
INFO     search command line string: /infai/weidan00/downward/experiments/bachelor/data/bachelor-v1/code-7aa5f34_e5e41175/builds/release/bin/downward --search 'eager_wastar([pinch()], w=2)' --internal-plan-file sas_plan < output.sas
[t=6.0975e-05s, 17204 KB] reading input...
[t=0.000630747s, 17212 KB] done reading input!
[t=0.0024305s, 17476 KB] Simplifying 66 unary operators... done! [66 unary operators]
[t=0.00253887s, 17476 KB] time to simplify: 0.000158594s
[t=0.00260602s, 17476 KB] Initializing pinch heuristic...
[t=0.00271734s, 17476 KB] Building successor generator...done!
[t=0.00288781s, 17476 KB] peak memory difference for successor generator creation: 0 KB
[t=0.00292572s, 17476 KB] time for successor generation creation: 4.7181e-05s
[t=0.00297301s, 17476 KB] Variables: 8
[t=0.00301293s, 17476 KB] FactPairs: 41
[t=0.00305227s, 17476 KB] Bytes per state: 4
[t=0.00316214s, 17476 KB] Conducting best first search with reopening closed nodes, (real) bound = 2147483647
[t=0.00326808s, 17476 KB] New best heuristic value for pinch: 18
[t=0.00331092s, 17476 KB] g=0, 1 evaluated, 0 expanded
[t=0.0033603s, 17476 KB] Initial heuristic value for pinch: 18
[t=0.00340104s, 17476 KB] pruning method: none
[t=0.00346716s, 17476 KB] New best heuristic value for pinch: 17
[t=0.00350813s, 17476 KB] g=1, 3 evaluated, 1 expanded
[t=0.00359058s, 17476 KB] New best heuristic value for pinch: 16
[t=0.00363167s, 17476 KB] g=2, 10 evaluated, 2 expanded
[t=0.00371434s, 17476 KB] New best heuristic value for pinch: 15
[t=0.00375556s, 17476 KB] g=3, 17 evaluated, 3 expanded
[t=0.00383274s, 17476 KB] New best heuristic value for pinch: 14
[t=0.00387341s, 17476 KB] g=4, 24 evaluated, 4 expanded
[t=0.00393553s, 17476 KB] New best heuristic value for pinch: 13
[t=0.00397613s, 17476 KB] g=5, 28 evaluated, 5 expanded
[t=0.00405008s, 17476 KB] New best heuristic value for pinch: 12
[t=0.00409081s, 17476 KB] g=6, 33 evaluated, 6 expanded
[t=0.00417038s, 17476 KB] New best heuristic value for pinch: 11
[t=0.00421088s, 17476 KB] g=8, 40 evaluated, 8 expanded
[t=0.00427804s, 17476 KB] New best heuristic value for pinch: 10
[t=0.00431825s, 17476 KB] g=9, 45 evaluated, 9 expanded
[t=0.00439465s, 17476 KB] New best heuristic value for pinch: 9
[t=0.00443478s, 17476 KB] g=10, 52 evaluated, 10 expanded
[t=0.00452711s, 17476 KB] New best heuristic value for pinch: 8
[t=0.00456729s, 17476 KB] g=10, 63 evaluated, 12 expanded
[t=0.00465477s, 17476 KB] New best heuristic value for pinch: 7
[t=0.00469565s, 17476 KB] g=11, 69 evaluated, 13 expanded
[t=0.00477621s, 17476 KB] New best heuristic value for pinch: 6
[t=0.00481717s, 17476 KB] g=12, 77 evaluated, 14 expanded
[t=0.00498593s, 17476 KB] New best heuristic value for pinch: 5
[t=0.00502697s, 17476 KB] g=14, 104 evaluated, 19 expanded
[t=0.00510627s, 17476 KB] New best heuristic value for pinch: 4
[t=0.00514754s, 17476 KB] g=15, 112 evaluated, 20 expanded
[t=0.00522802s, 17476 KB] New best heuristic value for pinch: 3
[t=0.00526841s, 17476 KB] g=16, 120 evaluated, 21 expanded
[t=0.0053372s, 17476 KB] New best heuristic value for pinch: 2
[t=0.00537765s, 17476 KB] g=17, 126 evaluated, 22 expanded
[t=0.00549806s, 17476 KB] New best heuristic value for pinch: 1
[t=0.00553967s, 17476 KB] g=18, 133 evaluated, 23 expanded
[t=0.00561697s, 17476 KB] New best heuristic value for pinch: 0
[t=0.00565749s, 17476 KB] g=19, 140 evaluated, 24 expanded
[t=0.00571195s, 17476 KB] Solution found!
[t=0.0057549s, 17476 KB] Actual search time: 0.00235016s
load-truck obj23 tru2 pos2 (1)
drive-truck tru2 pos2 apt2 cit2 (1)
unload-truck obj23 tru2 apt2 (1)
load-truck obj12 tru1 pos1 (1)
drive-truck tru1 pos1 apt1 cit1 (1)
unload-truck obj12 tru1 apt1 (1)
drive-truck tru2 apt2 pos2 cit2 (1)
load-truck obj22 tru2 pos2 (1)
load-truck obj21 tru2 pos2 (1)
drive-truck tru2 pos2 apt2 cit2 (1)
unload-truck obj22 tru2 apt2 (1)
unload-truck obj21 tru2 apt2 (1)
fly-airplane apn1 apt1 apt2 (1)
load-airplane obj23 apn1 apt2 (1)
fly-airplane apn1 apt2 apt1 (1)
unload-airplane obj23 apn1 apt1 (1)
load-truck obj23 tru1 apt1 (1)
drive-truck tru1 apt1 pos1 cit1 (1)
unload-truck obj23 tru1 pos1 (1)
[t=0.00579753s, 17476 KB] Plan length: 19 step(s).
[t=0.00579753s, 17476 KB] Plan cost: 19
[t=0.00579753s, 17476 KB] Expanded 25 state(s).
[t=0.00579753s, 17476 KB] Reopened 0 state(s).
[t=0.00579753s, 17476 KB] Evaluated 143 state(s).
[t=0.00579753s, 17476 KB] Evaluations: 143
[t=0.00579753s, 17476 KB] Generated 177 state(s).
[t=0.00579753s, 17476 KB] Dead ends: 0 state(s).
[t=0.00579753s, 17476 KB] Number of registered states: 143
[t=0.00579753s, 17476 KB] Int hash set load factor: 143/256 = 0.558594
[t=0.00579753s, 17476 KB] Int hash set resizes: 8
[t=0.00579753s, 17476 KB] mean number of q cost that have been adjusted 0 times in relation to total number of q: -1
[t=0.00579753s, 17476 KB] mean number of q cost that have been adjusted 1 times in relation to total number of q: -1
[t=0.00579753s, 17476 KB] mean number of q cost that have been adjusted 2 times in relation to total number of q: -1
[t=0.00579753s, 17476 KB] mean number of q that are at some point overconsitent in relation to total number of q: -1
[t=0.00579753s, 17476 KB] mean number of q that are at first underconsisten in relation to total number of q: -1
[t=0.00579753s, 17476 KB] mean number of state variables that are not in common between two following states in relation to total number of state variables: -1
[t=0.00579753s, 17476 KB] variance number of state variables that are not in common between two following states in relation to total number of state variables: -1
[t=0.00579753s, 17476 KB] Search time: 0.00263606s
[t=0.00579753s, 17476 KB] Total time: 0.00579753s
Solution found.
Peak memory: 17476 KB
Remove intermediate file output.sas
search exit code: 0

INFO     Running validate.
INFO     validate stdin: None
INFO     validate time limit: None
INFO     validate memory limit: None
INFO     validate command line string: validate domain.pddl problem.pddl sas_plan
