INFO     Running translator.
INFO     translator stdin: None
INFO     translator time limit: 1799.96s
INFO     translator memory limit: 3584 MB
INFO     translator command line string: /infai/weidan00/downward/experiments/bachelor/.venv/bin/python3 /infai/weidan00/downward/experiments/bachelor/data/bachelor-v1/code-7aa5f34_e5e41175/builds/release/bin/translate/translate.py domain.pddl problem.pddl --sas-file output.sas
Parsing...
Parsing: [0.000s CPU, 0.003s wall-clock]
Normalizing task... [0.000s CPU, 0.000s wall-clock]
Instantiating...
Generating Datalog program... [0.000s CPU, 0.000s wall-clock]
Normalizing Datalog program...
Normalizing Datalog program: [0.000s CPU, 0.003s wall-clock]
Preparing model... [0.000s CPU, 0.001s wall-clock]
Generated 42 rules.
Computing model... [0.010s CPU, 0.010s wall-clock]
439 relevant atoms
547 auxiliary atoms
986 final queue length
1305 total queue pushes
Completing instantiation... [0.010s CPU, 0.011s wall-clock]
Instantiating: [0.020s CPU, 0.027s wall-clock]
Computing fact groups...
Finding invariants...
12 initial candidates
Finding invariants: [0.010s CPU, 0.003s wall-clock]
Checking invariant weight... [0.000s CPU, 0.000s wall-clock]
Instantiating groups... [0.000s CPU, 0.001s wall-clock]
Collecting mutex groups... [0.000s CPU, 0.000s wall-clock]
Choosing groups...
2 uncovered facts
Choosing groups: [0.000s CPU, 0.000s wall-clock]
Building translation key... [0.000s CPU, 0.000s wall-clock]
Computing fact groups: [0.010s CPU, 0.006s wall-clock]
Building STRIPS to SAS dictionary... [0.000s CPU, 0.000s wall-clock]
Building dictionary for full mutex groups... [0.000s CPU, 0.000s wall-clock]
Building mutex information...
Building mutex information: [0.000s CPU, 0.000s wall-clock]
Translating task...
Processing axioms...
Simplifying axioms... [0.000s CPU, 0.000s wall-clock]
Processing axioms: [0.000s CPU, 0.001s wall-clock]
Translating task: [0.010s CPU, 0.008s wall-clock]
0 effect conditions simplified
0 implied preconditions added
Detecting unreachable propositions...
0 operators removed
0 axioms removed
21 propositions removed
Detecting unreachable propositions: [0.000s CPU, 0.004s wall-clock]
Reordering and filtering variables...
17 of 17 variables necessary.
0 of 17 mutex groups necessary.
210 of 210 operators necessary.
0 of 0 axiom rules necessary.
Reordering and filtering variables: [0.000s CPU, 0.002s wall-clock]
Translator variables: 17
Translator derived variables: 0
Translator facts: 118
Translator goal facts: 1
Translator mutex groups: 0
Translator total mutex groups size: 0
Translator operators: 210
Translator axioms: 0
Translator task size: 1326
Translator peak memory: 143564 KB
Writing output... [0.010s CPU, 0.005s wall-clock]
Done! [0.050s CPU, 0.056s wall-clock]
translate exit code: 0

INFO     Running search (release).
INFO     search stdin: output.sas
INFO     search time limit: 1799.85s
INFO     search memory limit: 3584 MB
INFO     search command line string: /infai/weidan00/downward/experiments/bachelor/data/bachelor-v1/code-7aa5f34_e5e41175/builds/release/bin/downward --search 'eager_wastar([pinch_tracking()], w=2)' --internal-plan-file sas_plan < output.sas
[t=6.3036e-05s, 17204 KB] reading input...
[t=0.0017009s, 17212 KB] done reading input!
[t=0.00364416s, 17608 KB] Simplifying 420 unary operators... done! [371 unary operators]
[t=0.00398504s, 17608 KB] time to simplify: 0.000397103s
[t=0.00409986s, 17608 KB] Initializing pinch tracking heuristic...
[t=0.00421734s, 17608 KB] Building successor generator...done!
[t=0.00447487s, 17608 KB] peak memory difference for successor generator creation: 0 KB
[t=0.0045135s, 17608 KB] time for successor generation creation: 0.000130782s
[t=0.00456133s, 17608 KB] Variables: 17
[t=0.00460121s, 17608 KB] FactPairs: 118
[t=0.00464073s, 17608 KB] Bytes per state: 8
[t=0.00476782s, 17608 KB] Conducting best first search with reopening closed nodes, (real) bound = 2147483647
[t=0.00492007s, 17608 KB] New best heuristic value for pinch_tracking: 12
[t=0.00496347s, 17608 KB] g=0, 1 evaluated, 0 expanded
[t=0.00501453s, 17608 KB] Initial heuristic value for pinch_tracking: 12
[t=0.00505549s, 17608 KB] pruning method: none
[t=0.00513862s, 17608 KB] New best heuristic value for pinch_tracking: 9
[t=0.00517967s, 17608 KB] g=1, 2 evaluated, 1 expanded
[t=0.00529566s, 17608 KB] New best heuristic value for pinch_tracking: 6
[t=0.0053368s, 17608 KB] g=2, 4 evaluated, 2 expanded
[t=255.211s, 1173576 KB] Completely explored state space -- no solution!
[t=255.211s, 1173576 KB] Actual search time: 255.206s
[t=255.211s, 1173576 KB] Expanded 6099239 state(s).
[t=255.211s, 1173576 KB] Reopened 201114 state(s).
[t=255.211s, 1173576 KB] Evaluated 16350653 state(s).
[t=255.211s, 1173576 KB] Evaluations: 16350653
[t=255.211s, 1173576 KB] Generated 26743969 state(s).
[t=255.211s, 1173576 KB] Dead ends: 10452528 state(s).
[t=255.211s, 1173576 KB] Number of registered states: 16350653
[t=255.211s, 1173576 KB] Int hash set load factor: 16350653/33554432 = 0.487287
[t=255.211s, 1173576 KB] Int hash set resizes: 25
[t=255.211s, 1173576 KB] mean number of q cost that have been adjusted 0 times in relation to total number of q: -1
[t=255.211s, 1173576 KB] mean number of q cost that have been adjusted 1 times in relation to total number of q: -1
[t=255.211s, 1173576 KB] mean number of q cost that have been adjusted 2 times in relation to total number of q: -1
[t=255.211s, 1173576 KB] mean number of q that are at some point overconsitent in relation to total number of q: -1
[t=255.211s, 1173576 KB] mean number of q that are at first underconsisten in relation to total number of q: -1
[t=255.211s, 1173576 KB] mean number of state variables that are not in common between two following states in relation to total number of state variables: -1
[t=255.211s, 1173576 KB] variance number of state variables that are not in common between two following states in relation to total number of state variables: -1
[t=255.211s, 1173576 KB] Search time: 255.206s
[t=255.211s, 1173576 KB] Total time: 255.211s
Search stopped without finding a solution.
Peak memory: 1173576 KB
Remove intermediate file output.sas
search exit code: 12

Driver aborting after search
