INFO     Running translator.
INFO     translator stdin: None
INFO     translator time limit: 1799.96s
INFO     translator memory limit: 3584 MB
INFO     translator command line string: /infai/weidan00/downward/experiments/bachelor/.venv/bin/python3 /infai/weidan00/downward/experiments/bachelor/data/bachelor-v1/code-7aa5f34_e5e41175/builds/release/bin/translate/translate.py domain.pddl problem.pddl --sas-file output.sas
Parsing...
Parsing: [0.010s CPU, 0.005s wall-clock]
Normalizing task... [0.000s CPU, 0.000s wall-clock]
Instantiating...
Generating Datalog program... [0.000s CPU, 0.001s wall-clock]
Normalizing Datalog program...
Normalizing Datalog program: [0.000s CPU, 0.003s wall-clock]
Preparing model... [0.000s CPU, 0.001s wall-clock]
Generated 65 rules.
Computing model... [0.000s CPU, 0.002s wall-clock]
237 relevant atoms
60 auxiliary atoms
297 final queue length
563 total queue pushes
Completing instantiation... [0.010s CPU, 0.007s wall-clock]
Instantiating: [0.010s CPU, 0.014s wall-clock]
Computing fact groups...
Finding invariants...
21 initial candidates
Finding invariants: [0.000s CPU, 0.004s wall-clock]
Checking invariant weight... [0.000s CPU, 0.000s wall-clock]
Instantiating groups... [0.000s CPU, 0.000s wall-clock]
Collecting mutex groups... [0.000s CPU, 0.000s wall-clock]
Choosing groups...
61 uncovered facts
Choosing groups: [0.000s CPU, 0.000s wall-clock]
Building translation key... [0.000s CPU, 0.000s wall-clock]
Computing fact groups: [0.010s CPU, 0.005s wall-clock]
Building STRIPS to SAS dictionary... [0.000s CPU, 0.000s wall-clock]
Building dictionary for full mutex groups... [0.000s CPU, 0.000s wall-clock]
Building mutex information...
Building mutex information: [0.000s CPU, 0.000s wall-clock]
Translating task...
Processing axioms...
Simplifying axioms... [0.000s CPU, 0.000s wall-clock]
Processing axioms: [0.000s CPU, 0.001s wall-clock]
Translating task: [0.010s CPU, 0.011s wall-clock]
313 effect conditions simplified
0 implied preconditions added
Detecting unreachable propositions...
0 operators removed
0 axioms removed
4 propositions removed
Detecting unreachable propositions: [0.000s CPU, 0.004s wall-clock]
Reordering and filtering variables...
36 of 59 variables necessary.
0 of 0 mutex groups necessary.
73 of 73 operators necessary.
0 of 0 axiom rules necessary.
Reordering and filtering variables: [0.000s CPU, 0.003s wall-clock]
Translator variables: 36
Translator derived variables: 0
Translator facts: 72
Translator goal facts: 3
Translator mutex groups: 0
Translator total mutex groups size: 0
Translator operators: 73
Translator axioms: 0
Translator task size: 736
Translator peak memory: 143052 KB
Writing output... [0.010s CPU, 0.005s wall-clock]
Done! [0.050s CPU, 0.048s wall-clock]
translate exit code: 0

INFO     Running search (release).
INFO     search stdin: output.sas
INFO     search time limit: 1799.86s
INFO     search memory limit: 3584 MB
INFO     search command line string: /infai/weidan00/downward/experiments/bachelor/data/bachelor-v1/code-7aa5f34_e5e41175/builds/release/bin/downward --search 'eager_wastar([pinch_tracking()], w=2)' --internal-plan-file sas_plan < output.sas
[t=7.8969e-05s, 17204 KB] reading input...
[t=0.00108348s, 17212 KB] done reading input!
[t=0.00296797s, 17476 KB] Simplifying 320 unary operators... done! [255 unary operators]
[t=0.00332696s, 17476 KB] time to simplify: 0.000416705s
[t=0.00342622s, 17476 KB] Initializing pinch tracking heuristic...
[t=0.00354566s, 17476 KB] Building successor generator...done!
[t=0.00374926s, 17608 KB] peak memory difference for successor generator creation: 132 KB
[t=0.00378771s, 17608 KB] time for successor generation creation: 6.1456e-05s
[t=0.00383817s, 17608 KB] Variables: 36
[t=0.00387907s, 17608 KB] FactPairs: 72
[t=0.00391979s, 17608 KB] Bytes per state: 8
[t=0.0040477s, 17608 KB] Conducting best first search with reopening closed nodes, (real) bound = 2147483647
[t=0.00418207s, 17608 KB] New best heuristic value for pinch_tracking: 3
[t=0.00422656s, 17608 KB] g=0, 1 evaluated, 0 expanded
[t=0.00427799s, 17608 KB] Initial heuristic value for pinch_tracking: 3
[t=0.00431956s, 17608 KB] pruning method: none
[t=0.00463962s, 17608 KB] New best heuristic value for pinch_tracking: 2
[t=0.00472233s, 17608 KB] g=1, 26 evaluated, 1 expanded
[t=0.00584322s, 17608 KB] New best heuristic value for pinch_tracking: 1
[t=0.00589693s, 17608 KB] g=3, 128 evaluated, 4 expanded
[t=0.00642962s, 17608 KB] New best heuristic value for pinch_tracking: 0
[t=0.00647713s, 17608 KB] g=4, 177 evaluated, 5 expanded
[t=0.00655914s, 17608 KB] Solution found!
[t=0.00660405s, 17608 KB] Actual search time: 0.00227983s
do-spray-paint b0 black (1)
do-polish a0 (1)
do-time-step  (1)
do-immersion-paint a0 red (1)
[t=0.00664814s, 17608 KB] Plan length: 4 step(s).
[t=0.00664814s, 17608 KB] Plan cost: 4
[t=0.00664814s, 17608 KB] Expanded 6 state(s).
[t=0.00664814s, 17608 KB] Reopened 0 state(s).
[t=0.00664814s, 17608 KB] Evaluated 180 state(s).
[t=0.00664814s, 17608 KB] Evaluations: 180
[t=0.00664814s, 17608 KB] Generated 225 state(s).
[t=0.00664814s, 17608 KB] Dead ends: 4 state(s).
[t=0.00664814s, 17608 KB] Number of registered states: 180
[t=0.00664814s, 17608 KB] Int hash set load factor: 180/256 = 0.703125
[t=0.00664814s, 17608 KB] Int hash set resizes: 8
[t=0.00664814s, 17608 KB] mean number of q cost that have been adjusted 0 times in relation to total number of q: -1
[t=0.00664814s, 17608 KB] mean number of q cost that have been adjusted 1 times in relation to total number of q: -1
[t=0.00664814s, 17608 KB] mean number of q cost that have been adjusted 2 times in relation to total number of q: -1
[t=0.00664814s, 17608 KB] mean number of q that are at some point overconsitent in relation to total number of q: -1
[t=0.00664814s, 17608 KB] mean number of q that are at first underconsisten in relation to total number of q: -1
[t=0.00664814s, 17608 KB] mean number of state variables that are not in common between two following states in relation to total number of state variables: -1
[t=0.00664814s, 17608 KB] variance number of state variables that are not in common between two following states in relation to total number of state variables: -1
[t=0.00664814s, 17608 KB] Search time: 0.00260132s
[t=0.00664814s, 17608 KB] Total time: 0.00664814s
Solution found.
Peak memory: 17608 KB
Remove intermediate file output.sas
search exit code: 0

INFO     Running validate.
INFO     validate stdin: None
INFO     validate time limit: None
INFO     validate memory limit: None
INFO     validate command line string: validate domain.pddl problem.pddl sas_plan
