INFO     Running translator.
INFO     translator stdin: None
INFO     translator time limit: 1799.96s
INFO     translator memory limit: 3584 MB
INFO     translator command line string: /infai/weidan00/downward/experiments/bachelor/.venv/bin/python3 /infai/weidan00/downward/experiments/bachelor/data/bachelor-v1/code-7aa5f34_e5e41175/builds/release/bin/translate/translate.py domain.pddl problem.pddl --sas-file output.sas
Parsing...
Parsing: [0.010s CPU, 0.013s wall-clock]
Normalizing task... [0.000s CPU, 0.001s wall-clock]
Instantiating...
Generating Datalog program... [0.010s CPU, 0.001s wall-clock]
Normalizing Datalog program...
Normalizing Datalog program: [0.000s CPU, 0.003s wall-clock]
Preparing model... [0.000s CPU, 0.003s wall-clock]
Generated 177 rules.
Computing model... [0.000s CPU, 0.002s wall-clock]
139 relevant atoms
0 auxiliary atoms
139 final queue length
204 total queue pushes
Completing instantiation... [0.000s CPU, 0.002s wall-clock]
Instantiating: [0.010s CPU, 0.011s wall-clock]
Computing fact groups...
Finding invariants...
63 initial candidates
Finding invariants: [0.060s CPU, 0.058s wall-clock]
Checking invariant weight... [0.000s CPU, 0.000s wall-clock]
Instantiating groups... [0.000s CPU, 0.000s wall-clock]
Collecting mutex groups... [0.000s CPU, 0.000s wall-clock]
Choosing groups...
14 uncovered facts
Choosing groups: [0.000s CPU, 0.000s wall-clock]
Building translation key... [0.000s CPU, 0.000s wall-clock]
Computing fact groups: [0.060s CPU, 0.059s wall-clock]
Building STRIPS to SAS dictionary... [0.000s CPU, 0.000s wall-clock]
Building dictionary for full mutex groups... [0.000s CPU, 0.000s wall-clock]
Building mutex information...
Building mutex information: [0.000s CPU, 0.000s wall-clock]
Translating task...
Processing axioms...
Simplifying axioms... [0.000s CPU, 0.000s wall-clock]
Processing axioms: [0.000s CPU, 0.000s wall-clock]
Translating task: [0.000s CPU, 0.004s wall-clock]
33 effect conditions simplified
0 implied preconditions added
Detecting unreachable propositions...
0 operators removed
0 axioms removed
21 propositions removed
Detecting unreachable propositions: [0.010s CPU, 0.002s wall-clock]
Reordering and filtering variables...
26 of 35 variables necessary.
0 of 21 mutex groups necessary.
57 of 75 operators necessary.
0 of 0 axiom rules necessary.
Reordering and filtering variables: [0.000s CPU, 0.002s wall-clock]
Translator variables: 26
Translator derived variables: 0
Translator facts: 59
Translator goal facts: 11
Translator mutex groups: 0
Translator total mutex groups size: 0
Translator operators: 57
Translator axioms: 0
Translator task size: 519
Translator peak memory: 143308 KB
Writing output... [0.000s CPU, 0.003s wall-clock]
Done! [0.090s CPU, 0.096s wall-clock]
translate exit code: 0

INFO     Running search (release).
INFO     search stdin: output.sas
INFO     search time limit: 1799.82s
INFO     search memory limit: 3584 MB
INFO     search command line string: /infai/weidan00/downward/experiments/bachelor/data/bachelor-v1/code-7aa5f34_e5e41175/builds/release/bin/downward --search 'eager_wastar([pinch()], w=2)' --internal-plan-file sas_plan < output.sas
[t=6.0847e-05s, 17204 KB] reading input...
[t=0.000762805s, 17212 KB] done reading input!
[t=0.0026175s, 17476 KB] Simplifying 116 unary operators... done! [116 unary operators]
[t=0.00275769s, 17476 KB] time to simplify: 0.000190386s
[t=0.00284368s, 17476 KB] Initializing pinch heuristic...
[t=0.00296067s, 17476 KB] Building successor generator...done!
[t=0.00315947s, 17476 KB] peak memory difference for successor generator creation: 0 KB
[t=0.0031981s, 17476 KB] time for successor generation creation: 7.7891e-05s
[t=0.00324553s, 17476 KB] Variables: 26
[t=0.00328549s, 17476 KB] FactPairs: 59
[t=0.0033298s, 17476 KB] Bytes per state: 4
[t=0.00344053s, 17476 KB] Conducting best first search with reopening closed nodes, (real) bound = 2147483647
[t=0.00356344s, 17476 KB] New best heuristic value for pinch: 11
[t=0.00360585s, 17476 KB] g=0, 1 evaluated, 0 expanded
[t=0.00365563s, 17476 KB] Initial heuristic value for pinch: 11
[t=0.00369678s, 17476 KB] pruning method: none
[t=0.0037636s, 17476 KB] New best heuristic value for pinch: 9
[t=0.00380509s, 17476 KB] g=1, 2 evaluated, 1 expanded
[t=0.00398308s, 17476 KB] New best heuristic value for pinch: 7
[t=0.00402606s, 17476 KB] g=2, 9 evaluated, 2 expanded
[t=0.00412643s, 17476 KB] New best heuristic value for pinch: 5
[t=0.00417893s, 17476 KB] g=3, 13 evaluated, 3 expanded
[t=0.00445815s, 17476 KB] New best heuristic value for pinch: 3
[t=0.00450261s, 17476 KB] g=9, 30 evaluated, 14 expanded
[t=0.00716186s, 17476 KB] New best heuristic value for pinch: 2
[t=0.0072148s, 17476 KB] g=13, 321 evaluated, 122 expanded, 1 reopened
[t=0.00764588s, 17476 KB] New best heuristic value for pinch: 1
[t=0.00769204s, 17476 KB] g=18, 368 evaluated, 150 expanded, 1 reopened
[t=0.00825485s, 17476 KB] New best heuristic value for pinch: 0
[t=0.0083007s, 17476 KB] g=23, 429 evaluated, 164 expanded, 1 reopened
[t=0.00834425s, 17476 KB] Solution found!
[t=0.00838724s, 17476 KB] Actual search time: 0.00468684s
wait_cb3  (1)
wait_cb5  (1)
wait_cb6  (1)
wait_cb1  (1)
wait_cb1-condeff0-yes  (1)
wait_cb1-endof-condeffs  (1)
wait_cb4  (1)
wait_cb4-condeff0-yes  (1)
wait_cb4-endof-condeffs  (1)
open-sd9  (1)
close_sd4  (1)
close_sd4-condeff0-no-0  (1)
close_sd4-endof-condeffs  (1)
open-sd1  (1)
close_cb1  (1)
wait_cb1  (1)
wait_cb1-condeff0-no-0  (1)
wait_cb1-endof-condeffs  (1)
open-sd12  (1)
close_cb4  (1)
wait_cb4  (1)
wait_cb4-condeff0-no-0  (1)
wait_cb4-endof-condeffs  (1)
[t=0.00843044s, 17476 KB] Plan length: 23 step(s).
[t=0.00843044s, 17476 KB] Plan cost: 23
[t=0.00843044s, 17476 KB] Expanded 165 state(s).
[t=0.00843044s, 17476 KB] Reopened 1 state(s).
[t=0.00843044s, 17476 KB] Evaluated 429 state(s).
[t=0.00843044s, 17476 KB] Evaluations: 429
[t=0.00843044s, 17476 KB] Generated 534 state(s).
[t=0.00843044s, 17476 KB] Dead ends: 0 state(s).
[t=0.00843044s, 17476 KB] Number of registered states: 429
[t=0.00843044s, 17476 KB] Int hash set load factor: 429/512 = 0.837891
[t=0.00843044s, 17476 KB] Int hash set resizes: 9
[t=0.00843044s, 17476 KB] mean number of q cost that have been adjusted 0 times in relation to total number of q: -1
[t=0.00843044s, 17476 KB] mean number of q cost that have been adjusted 1 times in relation to total number of q: -1
[t=0.00843044s, 17476 KB] mean number of q cost that have been adjusted 2 times in relation to total number of q: -1
[t=0.00843044s, 17476 KB] mean number of q that are at some point overconsitent in relation to total number of q: -1
[t=0.00843044s, 17476 KB] mean number of q that are at first underconsisten in relation to total number of q: -1
[t=0.00843044s, 17476 KB] mean number of state variables that are not in common between two following states in relation to total number of state variables: -1
[t=0.00843044s, 17476 KB] variance number of state variables that are not in common between two following states in relation to total number of state variables: -1
[t=0.00843044s, 17476 KB] Search time: 0.0049907s
[t=0.00843044s, 17476 KB] Total time: 0.00843044s
Solution found.
Peak memory: 17476 KB
Remove intermediate file output.sas
search exit code: 0

INFO     Running validate.
INFO     validate stdin: None
INFO     validate time limit: None
INFO     validate memory limit: None
INFO     validate command line string: validate domain.pddl problem.pddl sas_plan
