INFO     Running translator.
INFO     translator stdin: None
INFO     translator time limit: 1799.95s
INFO     translator memory limit: 3584 MB
INFO     translator command line string: /infai/weidan00/downward/experiments/bachelor/.venv/bin/python3 /infai/weidan00/downward/experiments/bachelor/data/bachelor-v1/code-7aa5f34_e5e41175/builds/release/bin/translate/translate.py domain.pddl problem.pddl --sas-file output.sas
Parsing...
Parsing: [0.010s CPU, 0.007s wall-clock]
Normalizing task... [0.000s CPU, 0.000s wall-clock]
Instantiating...
Generating Datalog program... [0.000s CPU, 0.002s wall-clock]
Normalizing Datalog program...
Normalizing Datalog program: [0.000s CPU, 0.006s wall-clock]
Preparing model... [0.010s CPU, 0.007s wall-clock]
Generated 90 rules.
Computing model... [0.160s CPU, 0.165s wall-clock]
3881 relevant atoms
15214 auxiliary atoms
19095 final queue length
23932 total queue pushes
Completing instantiation... [0.110s CPU, 0.110s wall-clock]
Instantiating: [0.280s CPU, 0.294s wall-clock]
Computing fact groups...
Finding invariants...
35 initial candidates
Finding invariants: [0.010s CPU, 0.007s wall-clock]
Checking invariant weight... [0.000s CPU, 0.001s wall-clock]
Instantiating groups... [0.000s CPU, 0.002s wall-clock]
Collecting mutex groups... [0.000s CPU, 0.000s wall-clock]
Choosing groups...
158 uncovered facts
Choosing groups: [0.010s CPU, 0.001s wall-clock]
Building translation key... [0.000s CPU, 0.001s wall-clock]
Computing fact groups: [0.020s CPU, 0.013s wall-clock]
Building STRIPS to SAS dictionary... [0.000s CPU, 0.000s wall-clock]
Building dictionary for full mutex groups... [0.000s CPU, 0.000s wall-clock]
Building mutex information...
Building mutex information: [0.000s CPU, 0.000s wall-clock]
Translating task...
Processing axioms...
Simplifying axioms... [0.000s CPU, 0.000s wall-clock]
Processing axioms: [0.000s CPU, 0.006s wall-clock]
Translating task: [0.100s CPU, 0.106s wall-clock]
1330 effect conditions simplified
0 implied preconditions added
Detecting unreachable propositions...
0 operators removed
0 axioms removed
46 propositions removed
Detecting unreachable propositions: [0.070s CPU, 0.070s wall-clock]
Reordering and filtering variables...
85 of 177 variables necessary.
0 of 26 mutex groups necessary.
2159 of 2838 operators necessary.
0 of 0 axiom rules necessary.
Reordering and filtering variables: [0.020s CPU, 0.013s wall-clock]
Translator variables: 85
Translator derived variables: 0
Translator facts: 320
Translator goal facts: 17
Translator mutex groups: 0
Translator total mutex groups size: 0
Translator operators: 2159
Translator axioms: 0
Translator task size: 9393
Translator peak memory: 155852 KB
Writing output... [0.020s CPU, 0.023s wall-clock]
Done! [0.520s CPU, 0.533s wall-clock]
translate exit code: 0

INFO     Running search (release).
INFO     search stdin: output.sas
INFO     search time limit: 1799.37s
INFO     search memory limit: 3584 MB
INFO     search command line string: /infai/weidan00/downward/experiments/bachelor/data/bachelor-v1/code-7aa5f34_e5e41175/builds/release/bin/downward --search 'eager_wastar([pinch()], w=2)' --internal-plan-file sas_plan < output.sas
[t=6.3604e-05s, 17204 KB] reading input...
[t=0.0135404s, 17812 KB] done reading input!
[t=0.0159352s, 18280 KB] Simplifying 2752 unary operators... done! [1555 unary operators]
[t=0.0170049s, 18412 KB] time to simplify: 0.00115338s
[t=0.0172449s, 18412 KB] Initializing pinch heuristic...
[t=0.0173748s, 18412 KB] Building successor generator...done!
[t=0.0182043s, 18552 KB] peak memory difference for successor generator creation: 140 KB
[t=0.0182454s, 18552 KB] time for successor generation creation: 0.000699079s
[t=0.0183041s, 18552 KB] Variables: 85
[t=0.0183447s, 18552 KB] FactPairs: 320
[t=0.0183843s, 18552 KB] Bytes per state: 20
[t=0.0185091s, 18552 KB] Conducting best first search with reopening closed nodes, (real) bound = 2147483647
[t=0.0187515s, 18552 KB] New best heuristic value for pinch: 57
[t=0.0187953s, 18552 KB] g=0, 1 evaluated, 0 expanded
[t=0.0188467s, 18552 KB] Initial heuristic value for pinch: 57
[t=0.0188878s, 18552 KB] pruning method: none
[t=0.0190917s, 18552 KB] New best heuristic value for pinch: 51
[t=0.0191347s, 18552 KB] g=1, 12 evaluated, 1 expanded
[t=0.0199649s, 18552 KB] New best heuristic value for pinch: 50
[t=0.0200121s, 18552 KB] g=2, 66 evaluated, 2 expanded
[t=0.0201533s, 18552 KB] New best heuristic value for pinch: 49
[t=0.0201969s, 18552 KB] g=2, 73 evaluated, 2 expanded
[t=0.0207733s, 18552 KB] New best heuristic value for pinch: 48
[t=0.0208193s, 18552 KB] g=3, 114 evaluated, 3 expanded
[t=0.0221046s, 18552 KB] New best heuristic value for pinch: 47
[t=0.0221541s, 18552 KB] g=4, 217 evaluated, 5 expanded
[t=0.0227846s, 18552 KB] New best heuristic value for pinch: 46
[t=0.0228316s, 18552 KB] g=5, 265 evaluated, 6 expanded
[t=0.0234808s, 18552 KB] New best heuristic value for pinch: 45
[t=0.0235274s, 18552 KB] g=6, 316 evaluated, 7 expanded
[t=0.0259737s, 18552 KB] New best heuristic value for pinch: 44
[t=0.026024s, 18552 KB] g=8, 522 evaluated, 12 expanded
[t=0.0265598s, 18552 KB] New best heuristic value for pinch: 43
[t=0.0266063s, 18552 KB] g=9, 564 evaluated, 13 expanded
[t=0.0271547s, 18552 KB] New best heuristic value for pinch: 42
[t=0.0272057s, 18552 KB] g=10, 608 evaluated, 14 expanded
[t=0.0278741s, 18552 KB] New best heuristic value for pinch: 41
[t=0.0279201s, 18552 KB] g=11, 660 evaluated, 15 expanded
[t=0.0308291s, 18552 KB] New best heuristic value for pinch: 40
[t=0.0308803s, 18552 KB] g=13, 916 evaluated, 21 expanded
[t=0.031493s, 18552 KB] New best heuristic value for pinch: 39
[t=0.0315396s, 18552 KB] g=14, 969 evaluated, 22 expanded
[t=0.033552s, 18552 KB] New best heuristic value for pinch: 38
[t=0.0336019s, 18552 KB] g=15, 1127 evaluated, 25 expanded
[t=0.0342261s, 18552 KB] New best heuristic value for pinch: 37
[t=0.0342725s, 18552 KB] g=16, 1170 evaluated, 26 expanded
[t=0.0351136s, 18552 KB] New best heuristic value for pinch: 36
[t=0.0351607s, 18552 KB] g=18, 1229 evaluated, 28 expanded
[t=0.0357628s, 18552 KB] New best heuristic value for pinch: 35
[t=0.0358092s, 18552 KB] g=19, 1275 evaluated, 29 expanded
[t=0.0487761s, 18552 KB] New best heuristic value for pinch: 34
[t=0.0488355s, 18552 KB] g=21, 2186 evaluated, 53 expanded
[t=0.0494419s, 18552 KB] New best heuristic value for pinch: 33
[t=0.0494895s, 18552 KB] g=22, 2231 evaluated, 54 expanded
[t=0.060141s, 18552 KB] New best heuristic value for pinch: 32
[t=0.0602064s, 18552 KB] g=24, 2986 evaluated, 74 expanded
[t=0.0608031s, 18552 KB] New best heuristic value for pinch: 31
[t=0.0608561s, 18552 KB] g=25, 3029 evaluated, 75 expanded
[t=0.0693237s, 18552 KB] New best heuristic value for pinch: 30
[t=0.0693788s, 18552 KB] g=27, 3629 evaluated, 91 expanded
[t=0.0699719s, 18552 KB] New best heuristic value for pinch: 29
[t=0.0700188s, 18552 KB] g=28, 3671 evaluated, 92 expanded
[t=0.0767369s, 18552 KB] New best heuristic value for pinch: 28
[t=0.076789s, 18552 KB] g=30, 4118 evaluated, 104 expanded
[t=0.0773714s, 18552 KB] New best heuristic value for pinch: 27
[t=0.0774169s, 18552 KB] g=31, 4159 evaluated, 105 expanded
[t=0.0781037s, 18552 KB] New best heuristic value for pinch: 26
[t=0.0781501s, 18552 KB] g=32, 4209 evaluated, 106 expanded
[t=0.0787309s, 18552 KB] New best heuristic value for pinch: 25
[t=0.0787772s, 18552 KB] g=33, 4243 evaluated, 107 expanded
[t=0.08436s, 18552 KB] New best heuristic value for pinch: 23
[t=0.084412s, 18552 KB] g=35, 4625 evaluated, 120 expanded
[t=0.0849362s, 18552 KB] New best heuristic value for pinch: 22
[t=0.0849833s, 18552 KB] g=36, 4654 evaluated, 121 expanded
[t=0.0854901s, 18552 KB] New best heuristic value for pinch: 21
[t=0.0855418s, 18552 KB] g=37, 4684 evaluated, 122 expanded
[t=0.112772s, 18552 KB] New best heuristic value for pinch: 20
[t=0.112841s, 18552 KB] g=40, 6585 evaluated, 229 expanded
[t=0.11351s, 18552 KB] New best heuristic value for pinch: 19
[t=0.113556s, 18552 KB] g=41, 6623 evaluated, 230 expanded
[t=0.113759s, 18552 KB] New best heuristic value for pinch: 18
[t=0.113805s, 18552 KB] g=42, 6638 evaluated, 231 expanded
[t=0.114254s, 18552 KB] New best heuristic value for pinch: 17
[t=0.114303s, 18552 KB] g=43, 6665 evaluated, 232 expanded
[t=0.130599s, 18616 KB] New best heuristic value for pinch: 16
[t=0.130664s, 18616 KB] g=46, 7736 evaluated, 290 expanded
[t=0.130991s, 18616 KB] New best heuristic value for pinch: 15
[t=0.131036s, 18616 KB] g=47, 7756 evaluated, 291 expanded
[t=0.131537s, 18616 KB] New best heuristic value for pinch: 14
[t=0.131583s, 18616 KB] g=48, 7787 evaluated, 292 expanded
[t=1.54716s, 24028 KB] New best heuristic value for pinch: 13
[t=1.54728s, 24028 KB] g=52, 111584 evaluated, 9580 expanded
[t=1.54757s, 24028 KB] New best heuristic value for pinch: 12
[t=1.54762s, 24028 KB] g=53, 111604 evaluated, 9581 expanded
[t=1.54808s, 24028 KB] New best heuristic value for pinch: 11
[t=1.54813s, 24028 KB] g=54, 111634 evaluated, 9582 expanded
[t=5.28708s, 38540 KB] New best heuristic value for pinch: 10
[t=5.28719s, 38540 KB] g=56, 379061 evaluated, 34140 expanded
[t=5.39179s, 38936 KB] New best heuristic value for pinch: 9
[t=5.39188s, 38936 KB] g=59, 386643 evaluated, 34662 expanded
[t=5.39226s, 38936 KB] New best heuristic value for pinch: 8
[t=5.39231s, 38936 KB] g=60, 386667 evaluated, 34663 expanded
[t=5.39279s, 38936 KB] New best heuristic value for pinch: 7
[t=5.39284s, 38936 KB] g=61, 386696 evaluated, 34664 expanded
[t=6.88572s, 50044 KB] New best heuristic value for pinch: 6
[t=6.88583s, 50044 KB] g=65, 491102 evaluated, 43530 expanded
[t=6.88633s, 50044 KB] New best heuristic value for pinch: 5
[t=6.88638s, 50044 KB] g=66, 491133 evaluated, 43531 expanded
[t=6.88694s, 50044 KB] New best heuristic value for pinch: 4
[t=6.88699s, 50044 KB] g=67, 491171 evaluated, 43532 expanded
[t=6.92319s, 50044 KB] New best heuristic value for pinch: 3
[t=6.92329s, 50044 KB] g=70, 493964 evaluated, 43699 expanded
[t=6.92369s, 50044 KB] New best heuristic value for pinch: 2
[t=6.92374s, 50044 KB] g=71, 493991 evaluated, 43700 expanded
[t=6.92417s, 50044 KB] New best heuristic value for pinch: 1
[t=6.92422s, 50044 KB] g=72, 494020 evaluated, 43701 expanded
[t=6.92471s, 50044 KB] New best heuristic value for pinch: 0
[t=6.92476s, 50044 KB] g=73, 494054 evaluated, 43702 expanded
[t=6.92507s, 50044 KB] Solution found!
[t=6.92515s, 50044 KB] Actual search time: 6.90626s
calibrate rover4 camera4 objective2 waypoint0 (1)
calibrate rover2 camera0 objective0 waypoint13 (1)
navigate rover3 waypoint11 waypoint9 (1)
sample_rock rover3 rover3store waypoint9 (1)
navigate rover3 waypoint9 waypoint0 (1)
communicate_rock_data rover3 general waypoint9 waypoint0 waypoint6 (1)
navigate rover5 waypoint12 waypoint4 (1)
sample_rock rover5 rover5store waypoint4 (1)
navigate rover5 waypoint4 waypoint12 (1)
navigate rover5 waypoint12 waypoint1 (1)
communicate_rock_data rover5 general waypoint4 waypoint1 waypoint6 (1)
calibrate rover5 camera6 objective6 waypoint1 (1)
take_image rover5 waypoint1 objective0 camera6 high_res (1)
communicate_image_data rover5 general objective0 high_res waypoint1 waypoint6 (1)
take_image rover2 waypoint13 objective4 camera0 high_res (1)
communicate_image_data rover2 general objective4 high_res waypoint13 waypoint6 (1)
calibrate rover5 camera6 objective6 waypoint1 (1)
take_image rover5 waypoint1 objective0 camera6 colour (1)
communicate_image_data rover5 general objective0 colour waypoint1 waypoint6 (1)
calibrate rover5 camera6 objective6 waypoint1 (1)
take_image rover5 waypoint1 objective2 camera6 low_res (1)
communicate_image_data rover5 general objective2 low_res waypoint1 waypoint6 (1)
calibrate rover5 camera6 objective6 waypoint1 (1)
take_image rover5 waypoint1 objective5 camera6 colour (1)
communicate_image_data rover5 general objective5 colour waypoint1 waypoint6 (1)
calibrate rover5 camera6 objective6 waypoint1 (1)
take_image rover5 waypoint1 objective6 camera6 low_res (1)
communicate_image_data rover5 general objective6 low_res waypoint1 waypoint6 (1)
calibrate rover5 camera6 objective6 waypoint1 (1)
take_image rover5 waypoint1 objective7 camera6 colour (1)
communicate_image_data rover5 general objective7 colour waypoint1 waypoint6 (1)
take_image rover4 waypoint0 objective7 camera4 low_res (1)
communicate_image_data rover4 general objective7 low_res waypoint0 waypoint6 (1)
navigate rover2 waypoint13 waypoint6 (1)
navigate rover2 waypoint6 waypoint8 (1)
sample_soil rover2 rover2store waypoint8 (1)
communicate_soil_data rover2 general waypoint8 waypoint8 waypoint6 (1)
navigate rover5 waypoint1 waypoint12 (1)
navigate rover5 waypoint12 waypoint5 (1)
navigate rover5 waypoint5 waypoint19 (1)
drop rover5 rover5store (1)
sample_rock rover5 rover5store waypoint19 (1)
communicate_rock_data rover5 general waypoint19 waypoint19 waypoint6 (1)
navigate rover5 waypoint19 waypoint5 (1)
drop rover5 rover5store (1)
sample_soil rover5 rover5store waypoint5 (1)
navigate rover5 waypoint5 waypoint0 (1)
communicate_soil_data rover5 general waypoint5 waypoint0 waypoint6 (1)
navigate rover3 waypoint0 waypoint9 (1)
navigate rover3 waypoint9 waypoint11 (1)
navigate rover3 waypoint11 waypoint17 (1)
drop rover3 rover3store (1)
sample_rock rover3 rover3store waypoint17 (1)
navigate rover3 waypoint17 waypoint11 (1)
navigate rover3 waypoint11 waypoint16 (1)
communicate_rock_data rover3 general waypoint17 waypoint16 waypoint6 (1)
navigate rover3 waypoint16 waypoint6 (1)
drop rover3 rover3store (1)
sample_rock rover3 rover3store waypoint6 (1)
navigate rover3 waypoint6 waypoint16 (1)
communicate_rock_data rover3 general waypoint6 waypoint16 waypoint6 (1)
drop rover3 rover3store (1)
navigate rover4 waypoint0 waypoint18 (1)
sample_soil rover4 rover4store waypoint18 (1)
navigate rover4 waypoint18 waypoint0 (1)
communicate_soil_data rover4 general waypoint18 waypoint0 waypoint6 (1)
drop rover4 rover4store (1)
navigate rover4 waypoint0 waypoint2 (1)
navigate rover4 waypoint2 waypoint3 (1)
sample_rock rover4 rover4store waypoint3 (1)
navigate rover4 waypoint3 waypoint2 (1)
navigate rover4 waypoint2 waypoint0 (1)
communicate_rock_data rover4 general waypoint3 waypoint0 waypoint6 (1)
[t=6.9252s, 50044 KB] Plan length: 73 step(s).
[t=6.9252s, 50044 KB] Plan cost: 73
[t=6.9252s, 50044 KB] Expanded 43703 state(s).
[t=6.9252s, 50044 KB] Reopened 0 state(s).
[t=6.9252s, 50044 KB] Evaluated 494077 state(s).
[t=6.9252s, 50044 KB] Evaluations: 494077
[t=6.9252s, 50044 KB] Generated 2067154 state(s).
[t=6.9252s, 50044 KB] Dead ends: 0 state(s).
[t=6.9252s, 50044 KB] Number of registered states: 494077
[t=6.9252s, 50044 KB] Int hash set load factor: 494077/1048576 = 0.471189
[t=6.9252s, 50044 KB] Int hash set resizes: 20
[t=6.9252s, 50044 KB] mean number of q cost that have been adjusted 0 times in relation to total number of q: -1
[t=6.9252s, 50044 KB] mean number of q cost that have been adjusted 1 times in relation to total number of q: -1
[t=6.9252s, 50044 KB] mean number of q cost that have been adjusted 2 times in relation to total number of q: -1
[t=6.9252s, 50044 KB] mean number of q that are at some point overconsitent in relation to total number of q: -1
[t=6.9252s, 50044 KB] mean number of q that are at first underconsisten in relation to total number of q: -1
[t=6.9252s, 50044 KB] mean number of state variables that are not in common between two following states in relation to total number of state variables: -1
[t=6.9252s, 50044 KB] variance number of state variables that are not in common between two following states in relation to total number of state variables: -1
[t=6.9252s, 50044 KB] Search time: 6.90669s
[t=6.9252s, 50044 KB] Total time: 6.9252s
Solution found.
Peak memory: 50044 KB
Remove intermediate file output.sas
search exit code: 0

INFO     Running validate.
INFO     validate stdin: None
INFO     validate time limit: None
INFO     validate memory limit: None
INFO     validate command line string: validate domain.pddl problem.pddl sas_plan
