INFO     Running translator.
INFO     translator stdin: None
INFO     translator time limit: 1799.92s
INFO     translator memory limit: 3584 MB
INFO     translator command line string: /infai/weidan00/downward/experiments/bachelor/.venv/bin/python3 /infai/weidan00/downward/experiments/bachelor/data/bachelor-v1/code-7aa5f34_e5e41175/builds/release/bin/translate/translate.py domain.pddl problem.pddl --sas-file output.sas
Parsing...
Parsing: [0.000s CPU, 0.005s wall-clock]
Normalizing task... [0.000s CPU, 0.000s wall-clock]
Instantiating...
Generating Datalog program... [0.010s CPU, 0.001s wall-clock]
Normalizing Datalog program...
Normalizing Datalog program: [0.000s CPU, 0.008s wall-clock]
Preparing model... [0.010s CPU, 0.004s wall-clock]
Generated 61 rules.
Computing model... [0.110s CPU, 0.119s wall-clock]
3025 relevant atoms
2690 auxiliary atoms
5715 final queue length
11087 total queue pushes
Completing instantiation... [0.310s CPU, 0.302s wall-clock]
Instantiating: [0.440s CPU, 0.437s wall-clock]
Computing fact groups...
Finding invariants...
16 initial candidates
Finding invariants: [0.020s CPU, 0.019s wall-clock]
Checking invariant weight... [0.000s CPU, 0.001s wall-clock]
Instantiating groups... [0.020s CPU, 0.019s wall-clock]
Collecting mutex groups... [0.000s CPU, 0.001s wall-clock]
Choosing groups...
44 uncovered facts
Choosing groups: [0.000s CPU, 0.004s wall-clock]
Building translation key... [0.010s CPU, 0.001s wall-clock]
Computing fact groups: [0.050s CPU, 0.051s wall-clock]
Building STRIPS to SAS dictionary... [0.000s CPU, 0.001s wall-clock]
Building dictionary for full mutex groups... [0.000s CPU, 0.001s wall-clock]
Building mutex information...
Building mutex information: [0.000s CPU, 0.001s wall-clock]
Translating task...
Processing axioms...
Simplifying axioms... [0.000s CPU, 0.000s wall-clock]
Processing axioms: [0.010s CPU, 0.013s wall-clock]
Translating task: [0.300s CPU, 0.302s wall-clock]
2960 effect conditions simplified
0 implied preconditions added
Detecting unreachable propositions...
0 operators removed
0 axioms removed
56 propositions removed
Detecting unreachable propositions: [0.180s CPU, 0.178s wall-clock]
Reordering and filtering variables...
46 of 46 variables necessary.
34 of 46 mutex groups necessary.
2352 of 2352 operators necessary.
0 of 0 axiom rules necessary.
Reordering and filtering variables: [0.060s CPU, 0.062s wall-clock]
Translator variables: 46
Translator derived variables: 0
Translator facts: 388
Translator goal facts: 7
Translator mutex groups: 34
Translator total mutex groups size: 482
Translator operators: 2352
Translator axioms: 0
Translator task size: 19963
Translator peak memory: 157644 KB
Writing output... [0.080s CPU, 0.074s wall-clock]
Done! [1.120s CPU, 1.127s wall-clock]
translate exit code: 0

INFO     Running search (release).
INFO     search stdin: output.sas
INFO     search time limit: 1798.7s
INFO     search memory limit: 3584 MB
INFO     search command line string: /infai/weidan00/downward/experiments/bachelor/data/bachelor-v1/code-7aa5f34_e5e41175/builds/release/bin/downward --search 'eager_wastar([pinch_tracking()], w=2)' --internal-plan-file sas_plan < output.sas
[t=8.2548e-05s, 17204 KB] reading input...
[t=0.0359072s, 18360 KB] done reading input!
[t=0.0411225s, 19108 KB] Simplifying 9328 unary operators... done! [9328 unary operators]
[t=0.0644313s, 20032 KB] time to simplify: 0.0234376s
[t=0.0656133s, 20032 KB] Initializing pinch tracking heuristic...
[t=0.0658645s, 20032 KB] Building successor generator...done!
[t=0.0681073s, 20032 KB] peak memory difference for successor generator creation: 0 KB
[t=0.0681724s, 20032 KB] time for successor generation creation: 0.00202098s
[t=0.0682719s, 20032 KB] Variables: 46
[t=0.0683294s, 20032 KB] FactPairs: 388
[t=0.0683868s, 20032 KB] Bytes per state: 16
[t=0.0686108s, 20032 KB] Conducting best first search with reopening closed nodes, (real) bound = 2147483647
[t=0.0704615s, 20032 KB] New best heuristic value for pinch_tracking: 46
[t=0.0705638s, 20032 KB] g=0, 1 evaluated, 0 expanded
[t=0.0706469s, 20032 KB] Initial heuristic value for pinch_tracking: 46
[t=0.0707076s, 20032 KB] pruning method: none
[t=0.0711212s, 20032 KB] New best heuristic value for pinch_tracking: 44
[t=0.0711962s, 20032 KB] g=1, 3 evaluated, 1 expanded
[t=0.0717529s, 20032 KB] New best heuristic value for pinch_tracking: 43
[t=0.071826s, 20032 KB] g=1, 5 evaluated, 1 expanded
[t=0.0728857s, 20032 KB] New best heuristic value for pinch_tracking: 42
[t=0.0729668s, 20032 KB] g=1, 8 evaluated, 1 expanded
[t=0.0859296s, 20032 KB] New best heuristic value for pinch_tracking: 41
[t=0.0860521s, 20032 KB] g=2, 38 evaluated, 2 expanded
[t=0.0869173s, 20032 KB] New best heuristic value for pinch_tracking: 40
[t=0.0870034s, 20032 KB] g=2, 41 evaluated, 2 expanded
[t=0.101455s, 20032 KB] New best heuristic value for pinch_tracking: 39
[t=0.101574s, 20032 KB] g=3, 86 evaluated, 3 expanded
[t=0.111484s, 20032 KB] New best heuristic value for pinch_tracking: 38
[t=0.111605s, 20032 KB] g=4, 119 evaluated, 4 expanded
[t=0.121878s, 20032 KB] New best heuristic value for pinch_tracking: 37
[t=0.122009s, 20032 KB] g=5, 150 evaluated, 5 expanded
[t=0.213705s, 20032 KB] New best heuristic value for pinch_tracking: 36
[t=0.21383s, 20032 KB] g=7, 419 evaluated, 15 expanded
[t=0.226845s, 20032 KB] New best heuristic value for pinch_tracking: 35
[t=0.226963s, 20032 KB] g=8, 460 evaluated, 16 expanded
[t=0.238467s, 20032 KB] New best heuristic value for pinch_tracking: 34
[t=0.238594s, 20032 KB] g=9, 495 evaluated, 17 expanded
[t=0.373321s, 20032 KB] New best heuristic value for pinch_tracking: 30
[t=0.373444s, 20032 KB] g=11, 906 evaluated, 34 expanded
[t=0.385995s, 20032 KB] New best heuristic value for pinch_tracking: 29
[t=0.386114s, 20032 KB] g=12, 942 evaluated, 35 expanded
[t=0.392827s, 20032 KB] New best heuristic value for pinch_tracking: 27
[t=0.392946s, 20032 KB] g=13, 960 evaluated, 36 expanded
[t=0.402975s, 20032 KB] New best heuristic value for pinch_tracking: 26
[t=0.403093s, 20032 KB] g=14, 989 evaluated, 37 expanded
[t=0.433908s, 20032 KB] New best heuristic value for pinch_tracking: 25
[t=0.434031s, 20032 KB] g=16, 1083 evaluated, 40 expanded
[t=0.449006s, 20032 KB] New best heuristic value for pinch_tracking: 24
[t=0.449125s, 20032 KB] g=17, 1132 evaluated, 41 expanded
[t=1.91944s, 20108 KB] New best heuristic value for pinch_tracking: 23
[t=1.91957s, 20108 KB] g=19, 5060 evaluated, 254 expanded
[t=3.34605s, 20564 KB] New best heuristic value for pinch_tracking: 22
[t=3.34618s, 20564 KB] g=19, 8274 evaluated, 476 expanded
[t=3.37161s, 20564 KB] New best heuristic value for pinch_tracking: 21
[t=3.37173s, 20564 KB] g=21, 8352 evaluated, 479 expanded
[t=3.38992s, 20564 KB] New best heuristic value for pinch_tracking: 20
[t=3.39004s, 20564 KB] g=22, 8401 evaluated, 480 expanded
[t=29.4379s, 24844 KB] New best heuristic value for pinch_tracking: 19
[t=29.438s, 24844 KB] g=24, 62891 evaluated, 5311 expanded
[t=29.4396s, 24844 KB] New best heuristic value for pinch_tracking: 18
[t=29.4397s, 24844 KB] g=25, 62897 evaluated, 5312 expanded
[t=29.4584s, 24844 KB] New best heuristic value for pinch_tracking: 17
[t=29.4585s, 24844 KB] g=26, 62954 evaluated, 5314 expanded
[t=29.4763s, 24844 KB] New best heuristic value for pinch_tracking: 14
[t=29.4765s, 24844 KB] g=27, 63011 evaluated, 5315 expanded
[t=29.5056s, 24844 KB] New best heuristic value for pinch_tracking: 12
[t=29.5057s, 24844 KB] g=29, 63102 evaluated, 5318 expanded
Peak memory: 264124 KB
caught signal 24 -- exiting
Time limit has been reached.
Remove intermediate file output.sas
search exit code: 23

Driver aborting after search
