INFO     Running translator.
INFO     translator stdin: None
INFO     translator time limit: 1799.95s
INFO     translator memory limit: 3584 MB
INFO     translator command line string: /infai/weidan00/downward/experiments/bachelor/.venv/bin/python3 /infai/weidan00/downward/experiments/bachelor/data/bachelor-v1/code-7aa5f34_e5e41175/builds/release/bin/translate/translate.py domain.pddl problem.pddl --sas-file output.sas
Parsing...
Parsing: [0.010s CPU, 0.006s wall-clock]
Normalizing task... [0.000s CPU, 0.000s wall-clock]
Instantiating...
Generating Datalog program... [0.000s CPU, 0.002s wall-clock]
Normalizing Datalog program...
Normalizing Datalog program: [0.010s CPU, 0.011s wall-clock]
Preparing model... [0.000s CPU, 0.005s wall-clock]
Generated 126 rules.
Computing model... [0.500s CPU, 0.500s wall-clock]
17895 relevant atoms
14219 auxiliary atoms
32114 final queue length
104739 total queue pushes
Completing instantiation... [1.850s CPU, 1.864s wall-clock]
Instantiating: [2.380s CPU, 2.391s wall-clock]
Computing fact groups...
Finding invariants...
22 initial candidates
Finding invariants: [0.060s CPU, 0.062s wall-clock]
Checking invariant weight... [0.000s CPU, 0.001s wall-clock]
Instantiating groups... [0.010s CPU, 0.006s wall-clock]
Collecting mutex groups... [0.000s CPU, 0.001s wall-clock]
Choosing groups...
54 uncovered facts
Choosing groups: [0.000s CPU, 0.001s wall-clock]
Building translation key... [0.000s CPU, 0.001s wall-clock]
Computing fact groups: [0.070s CPU, 0.076s wall-clock]
Building STRIPS to SAS dictionary... [0.000s CPU, 0.000s wall-clock]
Building dictionary for full mutex groups... [0.000s CPU, 0.000s wall-clock]
Building mutex information...
Building mutex information: [0.000s CPU, 0.000s wall-clock]
Translating task...
Processing axioms...
Simplifying axioms... [0.000s CPU, 0.000s wall-clock]
Processing axioms: [0.060s CPU, 0.058s wall-clock]
Translating task: [1.280s CPU, 1.267s wall-clock]
7944 effect conditions simplified
0 implied preconditions added
Detecting unreachable propositions...
0 operators removed
0 axioms removed
72 propositions removed
Detecting unreachable propositions: [0.700s CPU, 0.706s wall-clock]
Reordering and filtering variables...
104 of 122 variables necessary.
3 of 71 mutex groups necessary.
16120 of 16120 operators necessary.
0 of 0 axiom rules necessary.
Reordering and filtering variables: [0.230s CPU, 0.237s wall-clock]
Translator variables: 104
Translator derived variables: 0
Translator facts: 584
Translator goal facts: 9
Translator mutex groups: 3
Translator total mutex groups size: 54
Translator operators: 16120
Translator axioms: 0
Translator task size: 148791
Translator peak memory: 266188 KB
Writing output... [0.210s CPU, 0.246s wall-clock]
Done! [4.950s CPU, 4.995s wall-clock]
translate exit code: 0

INFO     Running search (release).
INFO     search stdin: output.sas
INFO     search time limit: 1794.91s
INFO     search memory limit: 3584 MB
INFO     search command line string: /infai/weidan00/downward/experiments/bachelor/data/bachelor-v1/code-7aa5f34_e5e41175/builds/release/bin/downward --search 'eager_wastar([pinch_tracking()], w=2)' --internal-plan-file sas_plan < output.sas
[t=6.6272e-05s, 17204 KB] reading input...
[t=0.132702s, 23476 KB] done reading input!
[t=0.146214s, 29316 KB] Simplifying 67440 unary operators... done! [67440 unary operators]
[t=0.337253s, 35060 KB] time to simplify: 0.191153s
[t=0.342189s, 35060 KB] Initializing pinch tracking heuristic...
[t=0.342418s, 35060 KB] Building successor generator...done!
[t=0.353643s, 35060 KB] peak memory difference for successor generator creation: 0 KB
[t=0.35369s, 35060 KB] time for successor generation creation: 0.0110258s
[t=0.353894s, 35060 KB] Variables: 104
[t=0.35395s, 35060 KB] FactPairs: 584
[t=0.353991s, 35060 KB] Bytes per state: 24
[t=0.354152s, 35060 KB] Conducting best first search with reopening closed nodes, (real) bound = 2147483647
[t=0.362231s, 35060 KB] New best heuristic value for pinch_tracking: 81
[t=0.362344s, 35060 KB] g=0, 1 evaluated, 0 expanded
[t=0.3624s, 35060 KB] Initial heuristic value for pinch_tracking: 81
[t=0.362444s, 35060 KB] pruning method: none
[t=0.394421s, 35060 KB] New best heuristic value for pinch_tracking: 76
[t=0.394541s, 35060 KB] g=1, 8 evaluated, 1 expanded
[t=0.59586s, 35088 KB] New best heuristic value for pinch_tracking: 71
[t=0.595982s, 35088 KB] g=2, 88 evaluated, 2 expanded
[t=1.12846s, 35088 KB] New best heuristic value for pinch_tracking: 70
[t=1.12858s, 35088 KB] g=4, 276 evaluated, 8 expanded
[t=1.19764s, 35088 KB] New best heuristic value for pinch_tracking: 69
[t=1.19776s, 35088 KB] g=5, 302 evaluated, 9 expanded
[t=25.3139s, 36356 KB] New best heuristic value for pinch_tracking: 66
[t=25.314s, 36356 KB] g=7, 9354 evaluated, 418 expanded
[t=28.5103s, 36356 KB] New best heuristic value for pinch_tracking: 65
[t=28.5104s, 36356 KB] g=9, 10400 evaluated, 464 expanded
[t=220.117s, 43116 KB] New best heuristic value for pinch_tracking: 54
[t=220.117s, 43116 KB] g=12, 74767 evaluated, 4064 expanded
[t=220.245s, 43116 KB] New best heuristic value for pinch_tracking: 53
[t=220.245s, 43116 KB] g=13, 74803 evaluated, 4065 expanded
[t=530.291s, 52108 KB] New best heuristic value for pinch_tracking: 50
[t=530.291s, 52108 KB] g=14, 155673 evaluated, 9259 expanded, 28 reopened
[t=530.351s, 52108 KB] New best heuristic value for pinch_tracking: 49
[t=530.351s, 52108 KB] g=15, 155693 evaluated, 9260 expanded, 28 reopened
[t=530.385s, 52108 KB] New best heuristic value for pinch_tracking: 46
[t=530.385s, 52108 KB] g=15, 155697 evaluated, 9260 expanded, 28 reopened
[t=530.425s, 52108 KB] New best heuristic value for pinch_tracking: 45
[t=530.425s, 52108 KB] g=16, 155702 evaluated, 9261 expanded, 28 reopened
[t=530.574s, 52108 KB] New best heuristic value for pinch_tracking: 43
[t=530.574s, 52108 KB] g=17, 155734 evaluated, 9262 expanded, 28 reopened
[t=531.344s, 52108 KB] New best heuristic value for pinch_tracking: 35
[t=531.344s, 52108 KB] g=20, 155924 evaluated, 9273 expanded, 28 reopened
[t=531.454s, 52108 KB] New best heuristic value for pinch_tracking: 31
[t=531.454s, 52108 KB] g=21, 155954 evaluated, 9274 expanded, 28 reopened
[t=531.507s, 52108 KB] New best heuristic value for pinch_tracking: 29
[t=531.507s, 52108 KB] g=22, 155963 evaluated, 9275 expanded, 28 reopened
Peak memory: 99440 KB
caught signal 24 -- exiting
Time limit has been reached.
Remove intermediate file output.sas
search exit code: 23

Driver aborting after search
