INFO     Running translator.
INFO     translator stdin: None
INFO     translator time limit: 1799.95s
INFO     translator memory limit: 3584 MB
INFO     translator command line string: /infai/weidan00/downward/experiments/bachelor/.venv/bin/python3 /infai/weidan00/downward/experiments/bachelor/data/bachelor-v1/code-7aa5f34_e5e41175/builds/release/bin/translate/translate.py domain.pddl problem.pddl --sas-file output.sas
Parsing...
Parsing: [0.000s CPU, 0.006s wall-clock]
Normalizing task... [0.000s CPU, 0.000s wall-clock]
Instantiating...
Generating Datalog program... [0.000s CPU, 0.001s wall-clock]
Normalizing Datalog program...
Normalizing Datalog program: [0.020s CPU, 0.002s wall-clock]
Preparing model... [0.000s CPU, 0.004s wall-clock]
Generated 65 rules.
Computing model... [0.020s CPU, 0.020s wall-clock]
1849 relevant atoms
348 auxiliary atoms
2197 final queue length
5747 total queue pushes
Completing instantiation... [0.080s CPU, 0.084s wall-clock]
Instantiating: [0.120s CPU, 0.113s wall-clock]
Computing fact groups...
Finding invariants...
21 initial candidates
Finding invariants: [0.010s CPU, 0.004s wall-clock]
Checking invariant weight... [0.000s CPU, 0.000s wall-clock]
Instantiating groups... [0.000s CPU, 0.000s wall-clock]
Collecting mutex groups... [0.000s CPU, 0.000s wall-clock]
Choosing groups...
701 uncovered facts
Choosing groups: [0.000s CPU, 0.000s wall-clock]
Building translation key... [0.010s CPU, 0.003s wall-clock]
Computing fact groups: [0.020s CPU, 0.015s wall-clock]
Building STRIPS to SAS dictionary... [0.000s CPU, 0.001s wall-clock]
Building dictionary for full mutex groups... [0.000s CPU, 0.001s wall-clock]
Building mutex information...
Building mutex information: [0.000s CPU, 0.001s wall-clock]
Translating task...
Processing axioms...
Simplifying axioms... [0.000s CPU, 0.000s wall-clock]
Processing axioms: [0.010s CPU, 0.007s wall-clock]
Translating task: [0.140s CPU, 0.144s wall-clock]
4005 effect conditions simplified
0 implied preconditions added
Detecting unreachable propositions...
0 operators removed
0 axioms removed
20 propositions removed
Detecting unreachable propositions: [0.050s CPU, 0.048s wall-clock]
Reordering and filtering variables...
360 of 691 variables necessary.
0 of 0 mutex groups necessary.
937 of 937 operators necessary.
0 of 0 axiom rules necessary.
Reordering and filtering variables: [0.050s CPU, 0.053s wall-clock]
Translator variables: 360
Translator derived variables: 0
Translator facts: 720
Translator goal facts: 39
Translator mutex groups: 0
Translator total mutex groups size: 0
Translator operators: 937
Translator axioms: 0
Translator task size: 9031
Translator peak memory: 152268 KB
Writing output... [0.020s CPU, 0.021s wall-clock]
Done! [0.400s CPU, 0.408s wall-clock]
translate exit code: 0

INFO     Running search (release).
INFO     search stdin: output.sas
INFO     search time limit: 1799.49s
INFO     search memory limit: 3584 MB
INFO     search command line string: /infai/weidan00/downward/experiments/bachelor/data/bachelor-v1/code-7aa5f34_e5e41175/builds/release/bin/downward --search 'eager_wastar([pinch_tracking()], w=2)' --internal-plan-file sas_plan < output.sas
[t=6.951e-05s, 17204 KB] reading input...
[t=0.00941891s, 17620 KB] done reading input!
[t=0.0119233s, 18156 KB] Simplifying 3971 unary operators... done! [3165 unary operators]
[t=0.0152928s, 18420 KB] time to simplify: 0.00352031s
[t=0.0157109s, 18420 KB] Initializing pinch tracking heuristic...
[t=0.0158759s, 18420 KB] Building successor generator...done!
[t=0.0165363s, 18420 KB] peak memory difference for successor generator creation: 0 KB
[t=0.0165789s, 18420 KB] time for successor generation creation: 0.000509571s
[t=0.0166384s, 18420 KB] Variables: 360
[t=0.0166793s, 18420 KB] FactPairs: 720
[t=0.0167194s, 18420 KB] Bytes per state: 48
[t=0.0168844s, 18420 KB] Conducting best first search with reopening closed nodes, (real) bound = 2147483647
[t=0.0173263s, 18420 KB] New best heuristic value for pinch_tracking: 39
[t=0.0173723s, 18420 KB] g=0, 1 evaluated, 0 expanded
[t=0.0174244s, 18420 KB] Initial heuristic value for pinch_tracking: 39
[t=0.0174663s, 18420 KB] pruning method: none
[t=0.0185158s, 18420 KB] New best heuristic value for pinch_tracking: 38
[t=0.0185704s, 18420 KB] g=1, 14 evaluated, 1 expanded
[t=0.0666358s, 18420 KB] New best heuristic value for pinch_tracking: 37
[t=0.0667396s, 18420 KB] g=2, 760 evaluated, 2 expanded
[t=0.103541s, 18420 KB] New best heuristic value for pinch_tracking: 36
[t=0.103642s, 18420 KB] g=3, 1475 evaluated, 3 expanded
[t=0.529478s, 19804 KB] New best heuristic value for pinch_tracking: 35
[t=0.529594s, 19804 KB] g=4, 14372 evaluated, 37 expanded
[t=0.565581s, 20052 KB] New best heuristic value for pinch_tracking: 34
[t=0.565692s, 20052 KB] g=5, 15038 evaluated, 38 expanded
[t=0.580665s, 20052 KB] New best heuristic value for pinch_tracking: 33
[t=0.580765s, 20052 KB] g=6, 15593 evaluated, 39 expanded
[t=1.08104s, 22912 KB] New best heuristic value for pinch_tracking: 32
[t=1.08114s, 22912 KB] g=8, 36570 evaluated, 141 expanded
[t=1.12187s, 22912 KB] New best heuristic value for pinch_tracking: 31
[t=1.12198s, 22912 KB] g=9, 37211 evaluated, 142 expanded
[t=4.02367s, 32044 KB] New best heuristic value for pinch_tracking: 30
[t=4.02378s, 32044 KB] g=11, 116652 evaluated, 387 expanded
[t=4.04346s, 32044 KB] New best heuristic value for pinch_tracking: 29
[t=4.04356s, 32044 KB] g=12, 116921 evaluated, 388 expanded
[t=4.08064s, 32044 KB] New best heuristic value for pinch_tracking: 28
[t=4.08074s, 32044 KB] g=13, 117521 evaluated, 389 expanded
[t=5.28788s, 37428 KB] New best heuristic value for pinch_tracking: 27
[t=5.28799s, 37428 KB] g=15, 154683 evaluated, 530 expanded
[t=5.30872s, 37564 KB] New best heuristic value for pinch_tracking: 26
[t=5.30881s, 37564 KB] g=16, 154973 evaluated, 531 expanded
[t=6.0293s, 39184 KB] New best heuristic value for pinch_tracking: 25
[t=6.02941s, 39184 KB] g=18, 178979 evaluated, 613 expanded
[t=6.05435s, 39184 KB] New best heuristic value for pinch_tracking: 24
[t=6.05445s, 39184 KB] g=19, 179329 evaluated, 614 expanded
[t=7.15817s, 42008 KB] New best heuristic value for pinch_tracking: 23
[t=7.15828s, 42008 KB] g=21, 217933 evaluated, 755 expanded
[t=7.1891s, 42008 KB] New best heuristic value for pinch_tracking: 22
[t=7.1892s, 42008 KB] g=22, 218370 evaluated, 756 expanded
[t=8.91755s, 55496 KB] New best heuristic value for pinch_tracking: 21
[t=8.91767s, 55496 KB] g=24, 277901 evaluated, 988 expanded
[t=9.16622s, 55496 KB] New best heuristic value for pinch_tracking: 20
[t=9.16632s, 55496 KB] g=25, 282592 evaluated, 1004 expanded
[t=10.9097s, 59264 KB] New best heuristic value for pinch_tracking: 19
[t=10.9099s, 59264 KB] g=27, 344331 evaluated, 1246 expanded
[t=11.2001s, 59664 KB] New best heuristic value for pinch_tracking: 18
[t=11.2002s, 59664 KB] g=28, 349952 evaluated, 1267 expanded
[t=13.0243s, 64228 KB] New best heuristic value for pinch_tracking: 17
[t=13.0244s, 64228 KB] g=30, 413937 evaluated, 1519 expanded
[t=13.3884s, 64760 KB] New best heuristic value for pinch_tracking: 16
[t=13.3885s, 64760 KB] g=31, 420913 evaluated, 1545 expanded
[t=15.295s, 75120 KB] New best heuristic value for pinch_tracking: 15
[t=15.2951s, 75120 KB] g=33, 486943 evaluated, 1807 expanded
[t=16.8462s, 92732 KB] New best heuristic value for pinch_tracking: 14
[t=16.8463s, 92732 KB] g=35, 531646 evaluated, 1946 expanded
[t=18.5916s, 93000 KB] New best heuristic value for pinch_tracking: 13
[t=18.5917s, 93000 KB] g=36, 587124 evaluated, 2142 expanded
[t=20.756s, 98264 KB] New best heuristic value for pinch_tracking: 12
[t=20.7561s, 98264 KB] g=38, 659651 evaluated, 2433 expanded
[t=20.789s, 98264 KB] New best heuristic value for pinch_tracking: 11
[t=20.7891s, 98264 KB] g=39, 660139 evaluated, 2434 expanded
[t=23.0734s, 103672 KB] New best heuristic value for pinch_tracking: 10
[t=23.0735s, 103672 KB] g=41, 734174 evaluated, 2735 expanded
[t=29.8798s, 130136 KB] New best heuristic value for pinch_tracking: 9
[t=29.8799s, 130136 KB] g=43, 953907 evaluated, 3643 expanded
[t=57.4564s, 238700 KB] New best heuristic value for pinch_tracking: 8
[t=57.4565s, 238700 KB] g=45, 1859127 evaluated, 7451 expanded
Failed to allocate memory.
Memory limit has been reached.
Peak memory: 3670016 KB
Remove intermediate file output.sas
search exit code: 22

Driver aborting after search
