INFO     Running translator.
INFO     translator stdin: None
INFO     translator time limit: 1799.95s
INFO     translator memory limit: 3584 MB
INFO     translator command line string: /infai/weidan00/downward/experiments/bachelor/.venv/bin/python3 /infai/weidan00/downward/experiments/bachelor/data/bachelor-v1/code-7aa5f34_e5e41175/builds/release/bin/translate/translate.py domain.pddl problem.pddl --sas-file output.sas
Parsing...
Parsing: [0.000s CPU, 0.004s wall-clock]
Normalizing task... [0.000s CPU, 0.000s wall-clock]
Instantiating...
Generating Datalog program... [0.000s CPU, 0.001s wall-clock]
Normalizing Datalog program...
Normalizing Datalog program: [0.010s CPU, 0.007s wall-clock]
Preparing model... [0.000s CPU, 0.003s wall-clock]
Generated 91 rules.
Computing model... [0.080s CPU, 0.085s wall-clock]
2950 relevant atoms
4556 auxiliary atoms
7506 final queue length
14583 total queue pushes
Completing instantiation... [0.160s CPU, 0.171s wall-clock]
Instantiating: [0.260s CPU, 0.269s wall-clock]
Computing fact groups...
Finding invariants...
18 initial candidates
Finding invariants: [0.020s CPU, 0.017s wall-clock]
Checking invariant weight... [0.000s CPU, 0.000s wall-clock]
Instantiating groups... [0.000s CPU, 0.000s wall-clock]
Collecting mutex groups... [0.000s CPU, 0.000s wall-clock]
Choosing groups...
345 uncovered facts
Choosing groups: [0.000s CPU, 0.000s wall-clock]
Building translation key... [0.000s CPU, 0.002s wall-clock]
Computing fact groups: [0.030s CPU, 0.022s wall-clock]
Building STRIPS to SAS dictionary... [0.000s CPU, 0.000s wall-clock]
Building dictionary for full mutex groups... [0.000s CPU, 0.000s wall-clock]
Building mutex information...
Building mutex information: [0.000s CPU, 0.000s wall-clock]
Translating task...
Processing axioms...
Simplifying axioms... [0.000s CPU, 0.000s wall-clock]
Processing axioms: [0.000s CPU, 0.007s wall-clock]
Translating task: [0.170s CPU, 0.177s wall-clock]
5068 effect conditions simplified
0 implied preconditions added
Detecting unreachable propositions...
0 operators removed
0 axioms removed
7 propositions removed
Detecting unreachable propositions: [0.130s CPU, 0.128s wall-clock]
Reordering and filtering variables...
348 of 348 variables necessary.
0 of 3 mutex groups necessary.
2470 of 2470 operators necessary.
0 of 0 axiom rules necessary.
Reordering and filtering variables: [0.100s CPU, 0.100s wall-clock]
Translator variables: 348
Translator derived variables: 0
Translator facts: 699
Translator goal facts: 5
Translator mutex groups: 0
Translator total mutex groups size: 0
Translator operators: 2470
Translator axioms: 0
Translator task size: 22862
Translator peak memory: 159120 KB
Writing output... [0.050s CPU, 0.049s wall-clock]
Done! [0.750s CPU, 0.762s wall-clock]
translate exit code: 0

INFO     Running search (release).
INFO     search stdin: output.sas
INFO     search time limit: 1799.12s
INFO     search memory limit: 3584 MB
INFO     search command line string: /infai/weidan00/downward/experiments/bachelor/data/bachelor-v1/code-7aa5f34_e5e41175/builds/release/bin/downward --search 'eager_wastar([pinch()], w=2)' --internal-plan-file sas_plan < output.sas
[t=7.3685e-05s, 17204 KB] reading input...
[t=0.023862s, 18236 KB] done reading input!
[t=0.0277631s, 19432 KB] Simplifying 12282 unary operators... done! [12282 unary operators]
[t=0.0431393s, 20428 KB] time to simplify: 0.0154923s
[t=0.0443121s, 20428 KB] Initializing pinch heuristic...
[t=0.0445266s, 20428 KB] Building successor generator...done!
[t=0.0464593s, 20428 KB] peak memory difference for successor generator creation: 0 KB
[t=0.0465113s, 20428 KB] time for successor generation creation: 0.00174352s
[t=0.0466125s, 20428 KB] Variables: 348
[t=0.0466544s, 20428 KB] FactPairs: 699
[t=0.0466947s, 20428 KB] Bytes per state: 44
[t=0.0468784s, 20428 KB] Conducting best first search with reopening closed nodes, (real) bound = 2147483647
[t=0.0482753s, 20428 KB] New best heuristic value for pinch: 43
[t=0.0483765s, 20428 KB] g=0, 1 evaluated, 0 expanded
[t=0.0484413s, 20428 KB] Initial heuristic value for pinch: 43
[t=0.0484843s, 20428 KB] pruning method: none
[t=0.0504306s, 20428 KB] New best heuristic value for pinch: 39
[t=0.0505416s, 20428 KB] g=1, 4 evaluated, 1 expanded
[t=0.0517927s, 20428 KB] New best heuristic value for pinch: 37
[t=0.0518832s, 20428 KB] g=1, 6 evaluated, 1 expanded
[t=0.0598258s, 20428 KB] New best heuristic value for pinch: 33
[t=0.0599446s, 20428 KB] g=2, 16 evaluated, 2 expanded
[t=0.0666593s, 20428 KB] New best heuristic value for pinch: 32
[t=0.0667808s, 20428 KB] g=3, 26 evaluated, 3 expanded
[t=0.0705015s, 20428 KB] New best heuristic value for pinch: 29
[t=0.070616s, 20428 KB] g=4, 31 evaluated, 4 expanded
[t=0.0982711s, 20428 KB] New best heuristic value for pinch: 26
[t=0.0983914s, 20428 KB] g=7, 72 evaluated, 10 expanded
[t=0.127089s, 20428 KB] New best heuristic value for pinch: 24
[t=0.127216s, 20428 KB] g=9, 118 evaluated, 15 expanded
[t=0.12937s, 20428 KB] New best heuristic value for pinch: 23
[t=0.129484s, 20428 KB] g=10, 121 evaluated, 16 expanded
[t=0.18263s, 20428 KB] New best heuristic value for pinch: 20
[t=0.182764s, 20428 KB] g=13, 193 evaluated, 28 expanded
[t=0.188644s, 20428 KB] New best heuristic value for pinch: 19
[t=0.188759s, 20428 KB] g=14, 200 evaluated, 29 expanded
[t=0.194506s, 20428 KB] New best heuristic value for pinch: 18
[t=0.194632s, 20428 KB] g=15, 206 evaluated, 30 expanded
[t=0.198747s, 20428 KB] New best heuristic value for pinch: 17
[t=0.198858s, 20428 KB] g=16, 211 evaluated, 31 expanded
[t=0.206117s, 20428 KB] New best heuristic value for pinch: 16
[t=0.206234s, 20428 KB] g=17, 220 evaluated, 32 expanded
[t=0.23711s, 20428 KB] New best heuristic value for pinch: 15
[t=0.237235s, 20428 KB] g=19, 260 evaluated, 36 expanded
[t=0.43649s, 20428 KB] New best heuristic value for pinch: 14
[t=0.436624s, 20428 KB] g=22, 494 evaluated, 66 expanded
[t=0.904735s, 20428 KB] New best heuristic value for pinch: 13
[t=0.904883s, 20428 KB] g=24, 1071 evaluated, 147 expanded
[t=1.04071s, 20428 KB] New best heuristic value for pinch: 12
[t=1.04085s, 20428 KB] g=28, 1241 evaluated, 168 expanded
[t=3.31565s, 20428 KB] New best heuristic value for pinch: 11
[t=3.31578s, 20428 KB] g=19, 4095 evaluated, 610 expanded, 36 reopened
[t=3.32734s, 20428 KB] New best heuristic value for pinch: 10
[t=3.32747s, 20428 KB] g=21, 4109 evaluated, 612 expanded, 36 reopened
[t=3.35974s, 20428 KB] New best heuristic value for pinch: 9
[t=3.35986s, 20428 KB] g=23, 4147 evaluated, 617 expanded, 36 reopened
[t=3.50677s, 20428 KB] New best heuristic value for pinch: 7
[t=3.50692s, 20428 KB] g=24, 4316 evaluated, 643 expanded, 36 reopened
[t=3.51954s, 20428 KB] New best heuristic value for pinch: 6
[t=3.51965s, 20428 KB] g=26, 4332 evaluated, 645 expanded, 36 reopened
[t=3.93372s, 20428 KB] New best heuristic value for pinch: 5
[t=3.93386s, 20428 KB] g=29, 4839 evaluated, 724 expanded, 40 reopened
[t=3.96114s, 20428 KB] New best heuristic value for pinch: 4
[t=3.96126s, 20428 KB] g=31, 4874 evaluated, 728 expanded, 40 reopened
[t=4.66343s, 20428 KB] New best heuristic value for pinch: 3
[t=4.66357s, 20428 KB] g=32, 5773 evaluated, 861 expanded, 40 reopened
[t=4.67009s, 20428 KB] New best heuristic value for pinch: 2
[t=4.67021s, 20428 KB] g=33, 5781 evaluated, 862 expanded, 40 reopened
[t=8.74856s, 20836 KB] New best heuristic value for pinch: 1
[t=8.7487s, 20836 KB] g=37, 10672 evaluated, 1774 expanded, 117 reopened
[t=8.7498s, 20836 KB] New best heuristic value for pinch: 0
[t=8.7499s, 20836 KB] g=38, 10674 evaluated, 1775 expanded, 117 reopened
[t=8.75457s, 20836 KB] Solution found!
[t=8.75471s, 20836 KB] Actual search time: 8.70622s
push-start s23 b12 a2 a3 b2 gasoleo rat-a (1)
push-start s12 b1 a1 a2 b5 gasoleo rat-a (1)
push-start s13 b4 a1 a3 b10 oc1b oca1 (1)
push-end s13 a1 a3 b9 b10 (1)
push-end s12 a1 a2 b7 b5 (1)
push-end s23 a2 a3 b11 b13 (1)
push-start s23 b7 a2 a3 b12 oc1b gasoleo (1)
push-start s12 b8 a1 a2 b1 lco gasoleo (1)
pop-start s13 b11 a1 a3 b10 gasoleo oca1 (1)
pop-end s13 a1 a3 b4 b10 (1)
push-end s12 a1 a2 b5 b1 (1)
pop-start s13 b9 a1 a3 b11 oc1b gasoleo (1)
pop-end s13 a1 a3 b10 b11 (1)
push-start s12 b10 a1 a2 b8 oca1 lco (1)
push-end s12 a1 a2 b1 b8 (1)
push-end s23 a2 a3 b13 b2 (1)
pop-start s13 b6 a1 a3 b9 gasoleo oc1b (1)
pop-end s13 a1 a3 b11 b9 (1)
push-start s13 b4 a1 a3 b9 oc1b oc1b (1)
push-end s13 a1 a3 b6 b9 (1)
push-unitarypipe s34 b13 a3 a4 b3 lco gasoleo (1)
pop-start s12 b5 a1 a2 b8 rat-a lco (1)
pop-end s12 a1 a2 b10 b8 (1)
push-start s13 b10 a1 a3 b4 oca1 oc1b (1)
push-end s13 a1 a3 b9 b4 (1)
push-unitarypipe s34 b9 a3 a4 b13 oc1b lco (1)
push-start s13 b11 a1 a3 b10 gasoleo oca1 (1)
push-end s13 a1 a3 b4 b10 (1)
push-unitarypipe s34 b4 a3 a4 b9 oc1b oc1b (1)
push-unitarypipe s34 b6 a3 a4 b4 gasoleo oc1b (1)
pop-unitarypipe s34 b3 a3 a4 b6 gasoleo gasoleo (1)
pop-start s13 b6 a1 a3 b10 gasoleo oca1 (1)
pop-end s13 a1 a3 b11 b10 (1)
pop-unitarypipe s34 b0 a3 a4 b3 oca1 gasoleo (1)
push-start s23 b1 a2 a3 b7 gasoleo oc1b (1)
push-end s23 a2 a3 b2 b12 (1)
pop-start s23 b3 a2 a3 b12 gasoleo gasoleo (1)
pop-end s23 a2 a3 b1 b7 (1)
[t=8.75476s, 20836 KB] Plan length: 38 step(s).
[t=8.75476s, 20836 KB] Plan cost: 38
[t=8.75476s, 20836 KB] Expanded 1776 state(s).
[t=8.75476s, 20836 KB] Reopened 117 state(s).
[t=8.75476s, 20836 KB] Evaluated 10680 state(s).
[t=8.75476s, 20836 KB] Evaluations: 10680
[t=8.75476s, 20836 KB] Generated 15806 state(s).
[t=8.75476s, 20836 KB] Dead ends: 0 state(s).
[t=8.75476s, 20836 KB] Number of registered states: 10680
[t=8.75476s, 20836 KB] Int hash set load factor: 10680/16384 = 0.651855
[t=8.75476s, 20836 KB] Int hash set resizes: 14
[t=8.75476s, 20836 KB] mean number of q cost that have been adjusted 0 times in relation to total number of q: -1
[t=8.75476s, 20836 KB] mean number of q cost that have been adjusted 1 times in relation to total number of q: -1
[t=8.75476s, 20836 KB] mean number of q cost that have been adjusted 2 times in relation to total number of q: -1
[t=8.75476s, 20836 KB] mean number of q that are at some point overconsitent in relation to total number of q: -1
[t=8.75476s, 20836 KB] mean number of q that are at first underconsisten in relation to total number of q: -1
[t=8.75476s, 20836 KB] mean number of state variables that are not in common between two following states in relation to total number of state variables: -1
[t=8.75476s, 20836 KB] variance number of state variables that are not in common between two following states in relation to total number of state variables: -1
[t=8.75476s, 20836 KB] Search time: 8.70788s
[t=8.75476s, 20836 KB] Total time: 8.75476s
Solution found.
Peak memory: 20836 KB
Remove intermediate file output.sas
search exit code: 0

INFO     Running validate.
INFO     validate stdin: None
INFO     validate time limit: None
INFO     validate memory limit: None
INFO     validate command line string: validate domain.pddl problem.pddl sas_plan
