INFO     Running translator.
INFO     translator stdin: None
INFO     translator time limit: 1799.96s
INFO     translator memory limit: 3584 MB
INFO     translator command line string: /infai/weidan00/downward/experiments/bachelor/.venv/bin/python3 /infai/weidan00/downward/experiments/bachelor/data/bachelor-v1/code-7aa5f34_e5e41175/builds/release/bin/translate/translate.py domain.pddl problem.pddl --sas-file output.sas
Parsing...
Parsing: [0.000s CPU, 0.004s wall-clock]
Normalizing task... [0.000s CPU, 0.000s wall-clock]
Instantiating...
Generating Datalog program... [0.000s CPU, 0.001s wall-clock]
Normalizing Datalog program...
Normalizing Datalog program: [0.000s CPU, 0.003s wall-clock]
Preparing model... [0.010s CPU, 0.003s wall-clock]
Generated 52 rules.
Computing model... [0.230s CPU, 0.233s wall-clock]
4748 relevant atoms
19087 auxiliary atoms
23835 final queue length
28544 total queue pushes
Completing instantiation... [0.150s CPU, 0.151s wall-clock]
Instantiating: [0.410s CPU, 0.398s wall-clock]
Computing fact groups...
Finding invariants...
6 initial candidates
Finding invariants: [0.000s CPU, 0.004s wall-clock]
Checking invariant weight... [0.000s CPU, 0.000s wall-clock]
Instantiating groups... [0.000s CPU, 0.002s wall-clock]
Collecting mutex groups... [0.000s CPU, 0.000s wall-clock]
Choosing groups...
1 uncovered facts
Choosing groups: [0.000s CPU, 0.001s wall-clock]
Building translation key... [0.000s CPU, 0.000s wall-clock]
Computing fact groups: [0.000s CPU, 0.009s wall-clock]
Building STRIPS to SAS dictionary... [0.000s CPU, 0.000s wall-clock]
Building dictionary for full mutex groups... [0.010s CPU, 0.000s wall-clock]
Building mutex information...
Building mutex information: [0.000s CPU, 0.000s wall-clock]
Translating task...
Processing axioms...
Simplifying axioms... [0.000s CPU, 0.000s wall-clock]
Processing axioms: [0.000s CPU, 0.010s wall-clock]
Translating task: [0.180s CPU, 0.186s wall-clock]
792 effect conditions simplified
0 implied preconditions added
Detecting unreachable propositions...
177 operators removed
0 axioms removed
44 propositions removed
Detecting unreachable propositions: [0.080s CPU, 0.080s wall-clock]
Reordering and filtering variables...
36 of 36 variables necessary.
0 of 35 mutex groups necessary.
3980 of 3980 operators necessary.
0 of 0 axiom rules necessary.
Reordering and filtering variables: [0.020s CPU, 0.022s wall-clock]
Translator variables: 36
Translator derived variables: 0
Translator facts: 309
Translator goal facts: 35
Translator mutex groups: 0
Translator total mutex groups size: 0
Translator operators: 3980
Translator axioms: 0
Translator task size: 23352
Translator peak memory: 160716 KB
Writing output... [0.040s CPU, 0.045s wall-clock]
Done! [0.750s CPU, 0.754s wall-clock]
translate exit code: 0

INFO     Running search (release).
INFO     search stdin: output.sas
INFO     search time limit: 1799.15s
INFO     search memory limit: 3584 MB
INFO     search command line string: /infai/weidan00/downward/experiments/bachelor/data/bachelor-v1/code-7aa5f34_e5e41175/builds/release/bin/downward --search 'eager_wastar([add()], w=2)' --internal-plan-file sas_plan < output.sas
[t=6.7291e-05s, 17204 KB] reading input...
[t=0.0226528s, 18248 KB] done reading input!
[t=0.0256905s, 19024 KB] Simplifying 5526 unary operators... done! [5520 unary operators]
[t=0.032026s, 19420 KB] time to simplify: 0.00660809s
[t=0.0327837s, 19420 KB] Initializing additive heuristic...
[t=0.0329682s, 19420 KB] Building successor generator...done!
[t=0.0353596s, 19648 KB] peak memory difference for successor generator creation: 228 KB
[t=0.0354056s, 19648 KB] time for successor generation creation: 0.00222734s
[t=0.0354909s, 19648 KB] Variables: 36
[t=0.035532s, 19648 KB] FactPairs: 309
[t=0.0355725s, 19648 KB] Bytes per state: 16
[t=0.0357276s, 19648 KB] Conducting best first search with reopening closed nodes, (real) bound = 2147483647
[t=0.0359668s, 19648 KB] New best heuristic value for add: 4766
[t=0.0360136s, 19648 KB] g=0, 1 evaluated, 0 expanded
[t=0.0360688s, 19648 KB] Initial heuristic value for add: 4766
[t=0.03611s, 19648 KB] pruning method: none
[t=0.0365388s, 19648 KB] New best heuristic value for add: 3496
[t=0.0365904s, 19648 KB] g=1, 5 evaluated, 1 expanded
[t=0.0369258s, 19648 KB] New best heuristic value for add: 3267
[t=0.0369727s, 19648 KB] g=2, 8 evaluated, 2 expanded
[t=0.0371943s, 19648 KB] New best heuristic value for add: 2595
[t=0.0372404s, 19648 KB] g=2, 10 evaluated, 2 expanded
[t=0.0378287s, 19648 KB] New best heuristic value for add: 2194
[t=0.037878s, 19648 KB] g=3, 16 evaluated, 3 expanded
[t=0.0383736s, 19648 KB] New best heuristic value for add: 2193
[t=0.0384197s, 19648 KB] g=4, 21 evaluated, 4 expanded
[t=0.0386455s, 19648 KB] New best heuristic value for add: 2013
[t=0.0386899s, 19648 KB] g=4, 23 evaluated, 4 expanded
[t=0.0391764s, 19648 KB] New best heuristic value for add: 2012
[t=0.0392251s, 19648 KB] g=5, 28 evaluated, 5 expanded
[t=0.0399777s, 19648 KB] New best heuristic value for add: 2011
[t=0.0400256s, 19648 KB] g=6, 36 evaluated, 6 expanded
[t=0.0727237s, 19648 KB] New best heuristic value for add: 1948
[t=0.0728221s, 19648 KB] g=8, 407 evaluated, 159 expanded
[t=0.0729684s, 19648 KB] New best heuristic value for add: 1766
[t=0.0730133s, 19648 KB] g=8, 408 evaluated, 159 expanded
[t=0.0929052s, 19648 KB] New best heuristic value for add: 1731
[t=0.0929933s, 19648 KB] g=13, 627 evaluated, 209 expanded
[t=0.100863s, 19648 KB] New best heuristic value for add: 1730
[t=0.100944s, 19648 KB] g=18, 714 evaluated, 228 expanded
[t=0.803944s, 21540 KB] New best heuristic value for add: 1443
[t=0.804058s, 21540 KB] g=17, 8306 evaluated, 5201 expanded, 1993 reopened
[t=0.804409s, 21540 KB] New best heuristic value for add: 1328
[t=0.804454s, 21540 KB] g=18, 8309 evaluated, 5202 expanded, 1993 reopened
[t=0.85454s, 21800 KB] New best heuristic value for add: 1221
[t=0.854652s, 21800 KB] g=27, 8845 evaluated, 5343 expanded, 2014 reopened
[t=0.855172s, 21800 KB] New best heuristic value for add: 1220
[t=0.855222s, 21800 KB] g=28, 8850 evaluated, 5344 expanded, 2014 reopened
[t=9.5307s, 27112 KB] New best heuristic value for add: 1177
[t=9.53082s, 27112 KB] g=29, 99302 evaluated, 89914 expanded, 51797 reopened
[t=9.53127s, 27112 KB] New best heuristic value for add: 1159
[t=9.53131s, 27112 KB] g=30, 99306 evaluated, 89915 expanded, 51797 reopened
[t=9.69286s, 27244 KB] New best heuristic value for add: 1157
[t=9.69296s, 27244 KB] g=68, 101034 evaluated, 90345 expanded, 51811 reopened
[t=79.2792s, 64404 KB] New best heuristic value for add: 1140
[t=79.2794s, 64404 KB] g=42, 808228 evaluated, 863602 expanded, 558754 reopened
[t=79.2938s, 64404 KB] New best heuristic value for add: 1138
[t=79.2938s, 64404 KB] g=48, 808378 evaluated, 863638 expanded, 558754 reopened
[t=79.3527s, 64404 KB] New best heuristic value for add: 1061
[t=79.3528s, 64404 KB] g=48, 808997 evaluated, 863798 expanded, 558758 reopened
[t=79.474s, 64668 KB] New best heuristic value for add: 1060
[t=79.4741s, 64668 KB] g=71, 810247 evaluated, 864214 expanded, 558855 reopened
[t=79.5212s, 64668 KB] New best heuristic value for add: 1059
[t=79.5212s, 64668 KB] g=72, 810736 evaluated, 864334 expanded, 558855 reopened
[t=269.657s, 176632 KB] New best heuristic value for add: 1029
[t=269.657s, 176632 KB] g=55, 2708867 evaluated, 3015659 expanded, 2133575 reopened
[t=269.661s, 176768 KB] New best heuristic value for add: 1019
[t=269.661s, 176768 KB] g=57, 2708907 evaluated, 3015670 expanded, 2133575 reopened
[t=269.694s, 176768 KB] New best heuristic value for add: 962
[t=269.694s, 176768 KB] g=66, 2709236 evaluated, 3015777 expanded, 2133592 reopened
[t=269.724s, 176900 KB] New best heuristic value for add: 960
[t=269.724s, 176900 KB] g=76, 2709545 evaluated, 3015878 expanded, 2133599 reopened
[t=269.741s, 176900 KB] New best heuristic value for add: 959
[t=269.742s, 176900 KB] g=75, 2709722 evaluated, 3015924 expanded, 2133599 reopened
[t=1085.23s, 634840 KB] New best heuristic value for add: 934
[t=1085.23s, 634840 KB] g=60, 10940851 evaluated, 10274869 expanded, 6912535 reopened
[t=1085.23s, 634840 KB] New best heuristic value for add: 896
[t=1085.23s, 634840 KB] g=61, 10940852 evaluated, 10274870 expanded, 6912535 reopened
[t=1085.31s, 635240 KB] New best heuristic value for add: 885
[t=1085.31s, 635240 KB] g=73, 10941661 evaluated, 10275159 expanded, 6912597 reopened
[t=1085.63s, 635640 KB] New best heuristic value for add: 882
[t=1085.63s, 635640 KB] g=88, 10945247 evaluated, 10276257 expanded, 6912673 reopened
[t=1086.1s, 635908 KB] New best heuristic value for add: 881
[t=1086.1s, 635908 KB] g=93, 10950377 evaluated, 10278005 expanded, 6912943 reopened
[t=1087.17s, 636304 KB] New best heuristic value for add: 857
[t=1087.17s, 636304 KB] g=64, 10962048 evaluated, 10285493 expanded, 6917042 reopened
[t=1087.17s, 636304 KB] New best heuristic value for add: 856
[t=1087.17s, 636304 KB] g=65, 10962049 evaluated, 10285494 expanded, 6917042 reopened
Peak memory: 1097904 KB
caught signal 24 -- exiting
Time limit has been reached.
Remove intermediate file output.sas
search exit code: 23

Driver aborting after search
