INFO     Running translator.
INFO     translator stdin: None
INFO     translator time limit: 1799.96s
INFO     translator memory limit: 3584 MB
INFO     translator command line string: /infai/weidan00/downward/experiments/bachelor/.venv/bin/python3 /infai/weidan00/downward/experiments/bachelor/data/bachelor-v1/code-7aa5f34_e5e41175/builds/release/bin/translate/translate.py domain.pddl problem.pddl --sas-file output.sas
Parsing...
Parsing: [0.310s CPU, 0.310s wall-clock]
Normalizing task... [0.050s CPU, 0.045s wall-clock]
Instantiating...
Generating Datalog program... [0.060s CPU, 0.065s wall-clock]
Normalizing Datalog program...
Normalizing Datalog program: [0.180s CPU, 0.186s wall-clock]
Preparing model... [0.250s CPU, 0.244s wall-clock]
Generated 8809 rules.
Computing model... [0.520s CPU, 0.532s wall-clock]
11175 relevant atoms
23801 auxiliary atoms
34976 final queue length
51655 total queue pushes
Completing instantiation... [0.640s CPU, 0.641s wall-clock]
Instantiating: [1.700s CPU, 1.704s wall-clock]
Computing fact groups...
Finding invariants...
26 initial candidates
Finding invariants: [0.490s CPU, 0.489s wall-clock]
Checking invariant weight... [0.000s CPU, 0.005s wall-clock]
Instantiating groups... [0.140s CPU, 0.140s wall-clock]
Collecting mutex groups... [0.000s CPU, 0.005s wall-clock]
Choosing groups...
4100 uncovered facts
Choosing groups: [0.020s CPU, 0.015s wall-clock]
Building translation key... [0.020s CPU, 0.022s wall-clock]
Computing fact groups: [0.750s CPU, 0.759s wall-clock]
Building STRIPS to SAS dictionary... [0.010s CPU, 0.008s wall-clock]
Building dictionary for full mutex groups... [0.010s CPU, 0.010s wall-clock]
Building mutex information...
Building mutex information: [0.010s CPU, 0.010s wall-clock]
Translating task...
Processing axioms...
Simplifying axioms... [0.000s CPU, 0.000s wall-clock]
Processing axioms: [0.030s CPU, 0.023s wall-clock]
Translating task: [0.720s CPU, 0.718s wall-clock]
13863 effect conditions simplified
0 implied preconditions added
Detecting unreachable propositions...
0 operators removed
0 axioms removed
1480 propositions removed
Detecting unreachable propositions: [0.410s CPU, 0.415s wall-clock]
Reordering and filtering variables...
1573 of 3389 variables necessary.
201 of 234 mutex groups necessary.
4517 of 4517 operators necessary.
0 of 0 axiom rules necessary.
Reordering and filtering variables: [2.730s CPU, 2.730s wall-clock]
Translator variables: 1573
Translator derived variables: 0
Translator facts: 4719
Translator goal facts: 7
Translator mutex groups: 201
Translator total mutex groups size: 1578
Translator operators: 4517
Translator axioms: 0
Translator task size: 65336
Translator peak memory: 228504 KB
Writing output... [0.100s CPU, 0.118s wall-clock]
Done! [6.840s CPU, 6.871s wall-clock]
translate exit code: 0

INFO     Running search (release).
INFO     search stdin: output.sas
INFO     search time limit: 1793.03s
INFO     search memory limit: 3584 MB
INFO     search command line string: /infai/weidan00/downward/experiments/bachelor/data/bachelor-v1/code-7aa5f34_e5e41175/builds/release/bin/downward --search 'eager_wastar([add()], w=2)' --internal-plan-file sas_plan < output.sas
[t=6.9534e-05s, 17204 KB] reading input...
[t=0.0700751s, 20704 KB] done reading input!
[t=0.0770991s, 24024 KB] Simplifying 19535 unary operators... done! [19365 unary operators]
[t=0.096744s, 25728 KB] time to simplify: 0.0197556s
[t=0.1019s, 26352 KB] Initializing additive heuristic...
[t=0.102203s, 26352 KB] Building successor generator...done!
[t=0.106326s, 26352 KB] peak memory difference for successor generator creation: 0 KB
[t=0.106376s, 26352 KB] time for successor generation creation: 0.0039212s
[t=0.106478s, 26352 KB] Variables: 1573
[t=0.10652s, 26352 KB] FactPairs: 4719
[t=0.10656s, 26352 KB] Bytes per state: 208
[t=0.106731s, 26352 KB] Conducting best first search with reopening closed nodes, (real) bound = 2147483647
[t=0.107779s, 26352 KB] New best heuristic value for add: 820
[t=0.107871s, 26352 KB] g=0, 1 evaluated, 0 expanded
[t=0.107924s, 26352 KB] Initial heuristic value for add: 820
[t=0.107966s, 26352 KB] pruning method: none
[t=0.108983s, 26352 KB] New best heuristic value for add: 788
[t=0.109063s, 26352 KB] g=1, 2 evaluated, 1 expanded
[t=0.119827s, 26352 KB] New best heuristic value for add: 767
[t=0.119942s, 26352 KB] g=2, 19 evaluated, 2 expanded
[t=0.12066s, 26352 KB] New best heuristic value for add: 760
[t=0.120739s, 26352 KB] g=2, 20 evaluated, 2 expanded
[t=0.12144s, 26352 KB] New best heuristic value for add: 758
[t=0.121506s, 26352 KB] g=2, 21 evaluated, 2 expanded
[t=0.130874s, 26352 KB] New best heuristic value for add: 737
[t=0.130986s, 26352 KB] g=3, 36 evaluated, 3 expanded
[t=0.131698s, 26352 KB] New best heuristic value for add: 730
[t=0.131773s, 26352 KB] g=3, 37 evaluated, 3 expanded
[t=0.141807s, 26352 KB] New best heuristic value for add: 709
[t=0.141919s, 26352 KB] g=4, 53 evaluated, 4 expanded
[t=0.143902s, 26352 KB] New best heuristic value for add: 708
[t=0.144013s, 26352 KB] g=4, 56 evaluated, 4 expanded
[t=0.145913s, 26352 KB] New best heuristic value for add: 705
[t=0.146011s, 26352 KB] g=4, 59 evaluated, 4 expanded
[t=0.152889s, 26352 KB] New best heuristic value for add: 684
[t=0.153s, 26352 KB] g=5, 70 evaluated, 5 expanded
[t=0.15496s, 26352 KB] New best heuristic value for add: 683
[t=0.155064s, 26352 KB] g=5, 73 evaluated, 5 expanded
[t=0.163761s, 26352 KB] New best heuristic value for add: 662
[t=0.163881s, 26352 KB] g=6, 87 evaluated, 6 expanded
[t=0.175827s, 26352 KB] New best heuristic value for add: 649
[t=0.17594s, 26352 KB] g=7, 106 evaluated, 7 expanded
[t=0.179689s, 26352 KB] New best heuristic value for add: 642
[t=0.179803s, 26352 KB] g=7, 112 evaluated, 7 expanded
[t=0.186734s, 26352 KB] New best heuristic value for add: 629
[t=0.186839s, 26352 KB] g=8, 123 evaluated, 8 expanded
[t=0.197458s, 26352 KB] New best heuristic value for add: 617
[t=0.197574s, 26352 KB] g=9, 140 evaluated, 9 expanded
[t=0.20875s, 26352 KB] New best heuristic value for add: 605
[t=0.208868s, 26352 KB] g=10, 158 evaluated, 10 expanded
[t=0.213631s, 26352 KB] New best heuristic value for add: 567
[t=0.213745s, 26352 KB] g=10, 166 evaluated, 10 expanded
[t=0.219571s, 26352 KB] New best heuristic value for add: 555
[t=0.219666s, 26352 KB] g=11, 175 evaluated, 11 expanded
[t=0.229502s, 26352 KB] New best heuristic value for add: 546
[t=0.229604s, 26352 KB] g=12, 191 evaluated, 12 expanded
[t=0.230809s, 26352 KB] New best heuristic value for add: 543
[t=0.230906s, 26352 KB] g=12, 193 evaluated, 12 expanded
[t=0.234512s, 26352 KB] New best heuristic value for add: 521
[t=0.234615s, 26352 KB] g=12, 199 evaluated, 12 expanded
[t=0.239216s, 26352 KB] New best heuristic value for add: 512
[t=0.239329s, 26352 KB] g=13, 206 evaluated, 13 expanded
[t=0.240517s, 26352 KB] New best heuristic value for add: 509
[t=0.240613s, 26352 KB] g=13, 208 evaluated, 13 expanded
[t=0.248168s, 26352 KB] New best heuristic value for add: 500
[t=0.248284s, 26352 KB] g=14, 220 evaluated, 14 expanded
[t=0.249481s, 26352 KB] New best heuristic value for add: 467
[t=0.24958s, 26352 KB] g=14, 222 evaluated, 14 expanded
[t=0.255767s, 26352 KB] New best heuristic value for add: 458
[t=0.25588s, 26352 KB] g=15, 232 evaluated, 15 expanded
[t=0.257656s, 26352 KB] New best heuristic value for add: 457
[t=0.257761s, 26352 KB] g=15, 235 evaluated, 15 expanded
[t=0.262684s, 26352 KB] New best heuristic value for add: 448
[t=0.262798s, 26352 KB] g=16, 243 evaluated, 16 expanded
[t=0.266237s, 26352 KB] New best heuristic value for add: 429
[t=0.266347s, 26352 KB] g=16, 249 evaluated, 16 expanded
[t=0.269536s, 26352 KB] New best heuristic value for add: 420
[t=0.269645s, 26352 KB] g=17, 254 evaluated, 17 expanded
[t=0.276841s, 26352 KB] New best heuristic value for add: 408
[t=0.276956s, 26352 KB] g=18, 266 evaluated, 18 expanded
[t=0.284863s, 26352 KB] New best heuristic value for add: 405
[t=0.28497s, 26352 KB] g=20, 279 evaluated, 20 expanded
[t=0.293557s, 26352 KB] New best heuristic value for add: 402
[t=0.293679s, 26352 KB] g=22, 293 evaluated, 22 expanded
[t=0.302251s, 26352 KB] New best heuristic value for add: 399
[t=0.302365s, 26352 KB] g=24, 307 evaluated, 24 expanded
[t=0.309793s, 26352 KB] New best heuristic value for add: 396
[t=0.309907s, 26352 KB] g=26, 319 evaluated, 26 expanded
[t=0.319557s, 26352 KB] New best heuristic value for add: 393
[t=0.319667s, 26352 KB] g=28, 335 evaluated, 28 expanded
[t=0.328168s, 26352 KB] New best heuristic value for add: 390
[t=0.328284s, 26352 KB] g=30, 349 evaluated, 30 expanded
[t=0.33677s, 26352 KB] New best heuristic value for add: 387
[t=0.336878s, 26352 KB] g=32, 363 evaluated, 32 expanded
[t=0.353158s, 26352 KB] New best heuristic value for add: 384
[t=0.353272s, 26352 KB] g=34, 390 evaluated, 36 expanded
[t=0.369719s, 26352 KB] New best heuristic value for add: 381
[t=0.369843s, 26352 KB] g=36, 417 evaluated, 40 expanded
[t=0.390299s, 26352 KB] New best heuristic value for add: 378
[t=0.390419s, 26352 KB] g=38, 451 evaluated, 45 expanded
[t=0.408965s, 26352 KB] New best heuristic value for add: 376
[t=0.409082s, 26352 KB] g=40, 482 evaluated, 50 expanded
[t=0.445799s, 26352 KB] New best heuristic value for add: 365
[t=0.445919s, 26352 KB] g=44, 543 evaluated, 60 expanded
[t=0.522399s, 26352 KB] New best heuristic value for add: 363
[t=0.52252s, 26352 KB] g=48, 675 evaluated, 80 expanded
[t=0.53573s, 26352 KB] New best heuristic value for add: 361
[t=0.535842s, 26352 KB] g=50, 698 evaluated, 83 expanded
[t=0.623863s, 26352 KB] New best heuristic value for add: 359
[t=0.623981s, 26352 KB] g=54, 849 evaluated, 107 expanded
[t=0.637129s, 26352 KB] New best heuristic value for add: 356
[t=0.637249s, 26352 KB] g=56, 872 evaluated, 110 expanded
[t=0.653976s, 26352 KB] New best heuristic value for add: 353
[t=0.654091s, 26352 KB] g=58, 901 evaluated, 114 expanded
[t=0.667319s, 26352 KB] New best heuristic value for add: 350
[t=0.667432s, 26352 KB] g=60, 924 evaluated, 117 expanded
[t=0.684078s, 26352 KB] New best heuristic value for add: 347
[t=0.684196s, 26352 KB] g=62, 953 evaluated, 121 expanded
[t=0.697335s, 26352 KB] New best heuristic value for add: 344
[t=0.697429s, 26352 KB] g=64, 976 evaluated, 124 expanded
[t=0.710055s, 26352 KB] New best heuristic value for add: 342
[t=0.710165s, 26352 KB] g=66, 998 evaluated, 127 expanded
[t=0.723973s, 26352 KB] New best heuristic value for add: 339
[t=0.724089s, 26352 KB] g=68, 1022 evaluated, 130 expanded
[t=0.737246s, 26352 KB] New best heuristic value for add: 336
[t=0.73736s, 26352 KB] g=70, 1045 evaluated, 133 expanded
[t=0.750485s, 26352 KB] New best heuristic value for add: 333
[t=0.750596s, 26352 KB] g=72, 1068 evaluated, 136 expanded
[t=0.774731s, 26352 KB] New best heuristic value for add: 331
[t=0.774826s, 26352 KB] g=76, 1110 evaluated, 142 expanded
[t=0.97107s, 26352 KB] New best heuristic value for add: 328
[t=0.971184s, 26352 KB] g=81, 1451 evaluated, 199 expanded
[t=0.97523s, 26352 KB] New best heuristic value for add: 324
[t=0.975341s, 26352 KB] g=82, 1458 evaluated, 200 expanded
[t=0.987341s, 26352 KB] New best heuristic value for add: 323
[t=0.987454s, 26352 KB] g=85, 1479 evaluated, 203 expanded
[t=0.9915s, 26352 KB] New best heuristic value for add: 320
[t=0.991608s, 26352 KB] g=86, 1486 evaluated, 204 expanded
[t=0.995635s, 26352 KB] New best heuristic value for add: 317
[t=0.995743s, 26352 KB] g=87, 1493 evaluated, 205 expanded
[t=1.04456s, 26352 KB] New best heuristic value for add: 315
[t=1.04465s, 26352 KB] g=91, 1578 evaluated, 218 expanded
[t=1.15601s, 26352 KB] New best heuristic value for add: 306
[t=1.15612s, 26352 KB] g=91, 1771 evaluated, 251 expanded
[t=1.19284s, 26352 KB] New best heuristic value for add: 304
[t=1.19295s, 26352 KB] g=95, 1838 evaluated, 260 expanded
[t=1.20886s, 26352 KB] New best heuristic value for add: 301
[t=1.20896s, 26352 KB] g=97, 1867 evaluated, 264 expanded
[t=1.22484s, 26352 KB] New best heuristic value for add: 299
[t=1.22494s, 26352 KB] g=99, 1896 evaluated, 268 expanded
[t=1.24152s, 26352 KB] New best heuristic value for add: 297
[t=1.24162s, 26352 KB] g=101, 1926 evaluated, 272 expanded
[t=1.32854s, 26352 KB] New best heuristic value for add: 296
[t=1.32865s, 26352 KB] g=106, 2083 evaluated, 296 expanded
[t=1.57034s, 26352 KB] New best heuristic value for add: 286
[t=1.57046s, 26352 KB] g=108, 2517 evaluated, 372 expanded
[t=1.6135s, 26352 KB] New best heuristic value for add: 284
[t=1.61361s, 26352 KB] g=112, 2598 evaluated, 383 expanded
[t=1.62908s, 26352 KB] New best heuristic value for add: 282
[t=1.62921s, 26352 KB] g=114, 2627 evaluated, 387 expanded
[t=1.68874s, 26352 KB] New best heuristic value for add: 278
[t=1.68886s, 26352 KB] g=120, 2739 evaluated, 404 expanded
[t=1.69362s, 26352 KB] New best heuristic value for add: 274
[t=1.69373s, 26352 KB] g=121, 2748 evaluated, 405 expanded
[t=1.69748s, 26352 KB] New best heuristic value for add: 273
[t=1.69759s, 26352 KB] g=122, 2755 evaluated, 406 expanded
[t=1.7872s, 26352 KB] New best heuristic value for add: 271
[t=1.78732s, 26352 KB] g=127, 2924 evaluated, 431 expanded
[t=1.96872s, 26352 KB] New best heuristic value for add: 262
[t=1.96884s, 26352 KB] g=129, 3265 evaluated, 493 expanded
[t=2.01275s, 26352 KB] New best heuristic value for add: 260
[t=2.01287s, 26352 KB] g=132, 3348 evaluated, 506 expanded
[t=2.01647s, 26352 KB] New best heuristic value for add: 251
[t=2.0166s, 26352 KB] g=133, 3355 evaluated, 507 expanded
[t=2.02291s, 26352 KB] New best heuristic value for add: 237
[t=2.02302s, 26352 KB] g=134, 3367 evaluated, 508 expanded
[t=2.03073s, 26352 KB] New best heuristic value for add: 234
[t=2.03084s, 26352 KB] g=137, 3382 evaluated, 511 expanded
[t=2.03437s, 26352 KB] New best heuristic value for add: 231
[t=2.03448s, 26352 KB] g=138, 3389 evaluated, 512 expanded
[t=2.08919s, 26352 KB] New best heuristic value for add: 228
[t=2.08931s, 26352 KB] g=144, 3498 evaluated, 530 expanded
[t=2.09332s, 26352 KB] New best heuristic value for add: 224
[t=2.09344s, 26352 KB] g=145, 3506 evaluated, 531 expanded
[t=2.09652s, 26352 KB] New best heuristic value for add: 222
[t=2.09664s, 26352 KB] g=146, 3512 evaluated, 532 expanded
[t=2.1714s, 26352 KB] New best heuristic value for add: 219
[t=2.17151s, 26352 KB] g=151, 3662 evaluated, 558 expanded
[t=2.26056s, 26352 KB] New best heuristic value for add: 216
[t=2.26068s, 26352 KB] g=154, 3836 evaluated, 598 expanded
[t=2.26366s, 26352 KB] New best heuristic value for add: 209
[t=2.26377s, 26352 KB] g=155, 3842 evaluated, 599 expanded
[t=2.26794s, 26352 KB] New best heuristic value for add: 198
[t=2.26806s, 26352 KB] g=156, 3850 evaluated, 600 expanded
[t=2.27367s, 26352 KB] New best heuristic value for add: 196
[t=2.27378s, 26352 KB] g=159, 3861 evaluated, 603 expanded
[t=2.27628s, 26352 KB] New best heuristic value for add: 193
[t=2.27639s, 26352 KB] g=160, 3866 evaluated, 604 expanded
[t=2.27889s, 26352 KB] New best heuristic value for add: 192
[t=2.27901s, 26352 KB] g=161, 3871 evaluated, 605 expanded
[t=2.30354s, 26352 KB] New best heuristic value for add: 190
[t=2.30366s, 26352 KB] g=167, 3921 evaluated, 616 expanded
[t=2.30617s, 26352 KB] New best heuristic value for add: 186
[t=2.30628s, 26352 KB] g=168, 3926 evaluated, 617 expanded
[t=2.30877s, 26352 KB] New best heuristic value for add: 183
[t=2.30888s, 26352 KB] g=169, 3931 evaluated, 618 expanded
[t=2.31826s, 26352 KB] New best heuristic value for add: 179
[t=2.31837s, 26352 KB] g=172, 3950 evaluated, 622 expanded
[t=2.34426s, 26352 KB] New best heuristic value for add: 176
[t=2.34438s, 26352 KB] g=174, 4003 evaluated, 634 expanded
[t=2.34639s, 26352 KB] New best heuristic value for add: 171
[t=2.3465s, 26352 KB] g=175, 4007 evaluated, 635 expanded
[t=2.35004s, 26352 KB] New best heuristic value for add: 163
[t=2.35015s, 26352 KB] g=176, 4014 evaluated, 636 expanded
[t=2.35469s, 26352 KB] New best heuristic value for add: 162
[t=2.3548s, 26352 KB] g=179, 4023 evaluated, 639 expanded
[t=2.35678s, 26352 KB] New best heuristic value for add: 159
[t=2.35687s, 26352 KB] g=180, 4027 evaluated, 640 expanded
[t=2.35883s, 26352 KB] New best heuristic value for add: 157
[t=2.35894s, 26352 KB] g=181, 4031 evaluated, 641 expanded
[t=2.39069s, 26352 KB] New best heuristic value for add: 156
[t=2.39081s, 26352 KB] g=187, 4095 evaluated, 657 expanded
[t=2.39281s, 26352 KB] New best heuristic value for add: 152
[t=2.39292s, 26352 KB] g=188, 4099 evaluated, 658 expanded
[t=2.39489s, 26352 KB] New best heuristic value for add: 148
[t=2.395s, 26352 KB] g=189, 4103 evaluated, 659 expanded
[t=2.40455s, 26352 KB] New best heuristic value for add: 145
[t=2.40467s, 26352 KB] g=191, 4123 evaluated, 664 expanded
[t=2.40618s, 26352 KB] New best heuristic value for add: 142
[t=2.40628s, 26352 KB] g=192, 4126 evaluated, 665 expanded
[t=2.40924s, 26352 KB] New best heuristic value for add: 137
[t=2.40936s, 26352 KB] g=193, 4132 evaluated, 666 expanded
[t=2.41434s, 26352 KB] New best heuristic value for add: 134
[t=2.41445s, 26352 KB] g=197, 4142 evaluated, 670 expanded
[t=2.41594s, 26352 KB] New best heuristic value for add: 131
[t=2.41604s, 26352 KB] g=198, 4145 evaluated, 671 expanded
[t=2.43654s, 26352 KB] New best heuristic value for add: 128
[t=2.43664s, 26352 KB] g=200, 4186 evaluated, 683 expanded
[t=2.43766s, 26352 KB] New best heuristic value for add: 127
[t=2.43775s, 26352 KB] g=201, 4188 evaluated, 684 expanded
[t=2.44014s, 26352 KB] New best heuristic value for add: 125
[t=2.44024s, 26352 KB] g=202, 4193 evaluated, 685 expanded
[t=2.44185s, 26352 KB] New best heuristic value for add: 122
[t=2.44194s, 26352 KB] g=204, 4196 evaluated, 687 expanded
[t=2.72649s, 26352 KB] New best heuristic value for add: 116
[t=2.72661s, 26352 KB] g=207, 4763 evaluated, 907 expanded
[t=3.037s, 26484 KB] New best heuristic value for add: 107
[t=3.03713s, 26484 KB] g=215, 5363 evaluated, 1126 expanded
[t=3.04542s, 26484 KB] New best heuristic value for add: 100
[t=3.04553s, 26484 KB] g=221, 5381 evaluated, 1132 expanded
[t=3.05502s, 26484 KB] New best heuristic value for add: 99
[t=3.05515s, 26484 KB] g=228, 5402 evaluated, 1139 expanded
[t=3.05658s, 26484 KB] New best heuristic value for add: 91
[t=3.05668s, 26484 KB] g=229, 5405 evaluated, 1140 expanded
[t=3.06485s, 26484 KB] New best heuristic value for add: 90
[t=3.06497s, 26484 KB] g=235, 5423 evaluated, 1146 expanded
[t=3.06639s, 26484 KB] New best heuristic value for add: 83
[t=3.06649s, 26484 KB] g=236, 5426 evaluated, 1147 expanded
[t=3.06924s, 26484 KB] New best heuristic value for add: 79
[t=3.06935s, 26484 KB] g=238, 5432 evaluated, 1149 expanded
[t=3.07116s, 26484 KB] New best heuristic value for add: 78
[t=3.07126s, 26484 KB] g=239, 5436 evaluated, 1150 expanded
[t=3.07345s, 26484 KB] New best heuristic value for add: 76
[t=3.07355s, 26484 KB] g=240, 5441 evaluated, 1151 expanded
[t=3.07497s, 26484 KB] New best heuristic value for add: 75
[t=3.07506s, 26484 KB] g=241, 5444 evaluated, 1152 expanded
[t=3.07688s, 26484 KB] New best heuristic value for add: 71
[t=3.07698s, 26484 KB] g=242, 5448 evaluated, 1153 expanded
[t=3.07842s, 26484 KB] New best heuristic value for add: 67
[t=3.07852s, 26484 KB] g=243, 5451 evaluated, 1154 expanded
[t=3.08033s, 26484 KB] New best heuristic value for add: 65
[t=3.08042s, 26484 KB] g=244, 5455 evaluated, 1155 expanded
[t=3.08183s, 26484 KB] New best heuristic value for add: 64
[t=3.08191s, 26484 KB] g=245, 5458 evaluated, 1156 expanded
[t=3.08371s, 26484 KB] New best heuristic value for add: 62
[t=3.08381s, 26484 KB] g=246, 5462 evaluated, 1157 expanded
[t=3.08524s, 26484 KB] New best heuristic value for add: 61
[t=3.08534s, 26484 KB] g=247, 5465 evaluated, 1158 expanded
[t=3.08676s, 26484 KB] New best heuristic value for add: 59
[t=3.08685s, 26484 KB] g=248, 5468 evaluated, 1159 expanded
[t=3.08787s, 26484 KB] New best heuristic value for add: 58
[t=3.08796s, 26484 KB] g=249, 5470 evaluated, 1160 expanded
[t=3.09005s, 26484 KB] New best heuristic value for add: 57
[t=3.09015s, 26484 KB] g=250, 5475 evaluated, 1161 expanded
[t=5.49901s, 27764 KB] New best heuristic value for add: 48
[t=5.49914s, 27764 KB] g=255, 10355 evaluated, 2979 expanded
[t=5.50016s, 27764 KB] New best heuristic value for add: 45
[t=5.50026s, 27764 KB] g=257, 10357 evaluated, 2981 expanded
[t=5.50352s, 27764 KB] New best heuristic value for add: 44
[t=5.50363s, 27764 KB] g=264, 10364 evaluated, 2988 expanded
[t=5.50415s, 27764 KB] New best heuristic value for add: 36
[t=5.50422s, 27764 KB] g=265, 10365 evaluated, 2989 expanded
[t=5.50703s, 27764 KB] New best heuristic value for add: 29
[t=5.50713s, 27764 KB] g=271, 10371 evaluated, 2995 expanded
[t=5.51037s, 27764 KB] New best heuristic value for add: 26
[t=5.51049s, 27764 KB] g=278, 10378 evaluated, 3002 expanded
[t=5.51101s, 27764 KB] New best heuristic value for add: 20
[t=5.51109s, 27764 KB] g=279, 10379 evaluated, 3003 expanded
[t=5.51388s, 27764 KB] New best heuristic value for add: 17
[t=5.51398s, 27764 KB] g=285, 10385 evaluated, 3009 expanded
[t=5.51449s, 27764 KB] New best heuristic value for add: 12
[t=5.51456s, 27764 KB] g=286, 10386 evaluated, 3010 expanded
[t=5.51505s, 27764 KB] New best heuristic value for add: 11
[t=5.51511s, 27764 KB] g=287, 10387 evaluated, 3011 expanded
[t=5.51563s, 27764 KB] New best heuristic value for add: 8
[t=5.51569s, 27764 KB] g=288, 10388 evaluated, 3012 expanded
[t=5.5162s, 27764 KB] New best heuristic value for add: 7
[t=5.51625s, 27764 KB] g=289, 10389 evaluated, 3013 expanded
[t=5.51713s, 27764 KB] New best heuristic value for add: 5
[t=5.51719s, 27764 KB] g=290, 10391 evaluated, 3014 expanded
[t=5.51772s, 27764 KB] New best heuristic value for add: 4
[t=5.51778s, 27764 KB] g=291, 10392 evaluated, 3015 expanded
[t=5.5183s, 27764 KB] New best heuristic value for add: 2
[t=5.51836s, 27764 KB] g=292, 10393 evaluated, 3016 expanded
[t=5.51926s, 27764 KB] New best heuristic value for add: 1
[t=5.51931s, 27764 KB] g=293, 10395 evaluated, 3017 expanded
[t=5.51954s, 27764 KB] New best heuristic value for add: 0
[t=5.51959s, 27764 KB] g=294, 10396 evaluated, 3018 expanded
[t=5.51963s, 27764 KB] Solution found!
[t=5.51971s, 27764 KB] Actual search time: 5.41174s
move_seg_a8_b_1_0_79_7559_seg_a8_b_0_80_6226_south_south_medium airplane_cfbeg (1)
pushback_seg_p118_0_76_seg_o1_118b_0_60_south_south_medium airplane_daew7 (1)
move_seg_08l_a3a4_0_450_seg_08l_a4d_0_80_south_north_medium airplane_cfbe1 (1)
pushback_seg_p112_0_76_seg_o1_c3b_0_60_south_south_medium airplane_daew2 (1)
pushback_seg_p153_0_75_seg_w1_153b_0_45_south_south_medium airplane_daew4 (1)
move_seg_a8_b_0_80_6226_seg_m_a8d_0_120_934_south_north_medium airplane_cfbeg (1)
pushback_seg_p131_0_75_seg_o1_108d_0_45_south_south_medium airplane_daew3 (1)
pushback_seg_p101_0_76_seg_o1_c1a_0_60_south_south_medium airplane_daewh (1)
pushback_seg_o1_118b_0_60_seg_o1_118c_0_34_south_north_medium airplane_daew7 (1)
startup_seg_o1_118c_0_34_north_medium airplane_daew7 (1)
pushback_seg_w1_153b_0_45_seg_w1_153c_0_34_south_north_medium airplane_daew4 (1)
startup_seg_w1_153c_0_34_north_medium airplane_daew4 (1)
pushback_seg_o1_c3b_0_60_seg_o1_c3d_0_60_south_north_medium airplane_daew2 (1)
startup_seg_o1_c3d_0_60_north_medium airplane_daew2 (1)
pushback_seg_o1_108d_0_45_seg_o1_108c_0_34_south_north_medium airplane_daew3 (1)
startup_seg_o1_108c_0_34_north_medium airplane_daew3 (1)
pushback_seg_o1_c1a_0_60_seg_o1_c1b_0_34_south_north_medium airplane_daewh (1)
startup_seg_o1_c1b_0_34_north_medium airplane_daewh (1)
move_seg_o1_118c_0_34_seg_o1_118a_0_34_north_south_medium airplane_daew7 (1)
move_seg_o1_118a_0_34_seg_o1_117c_0_34_south_north_medium airplane_daew7 (1)
move_seg_w1_153c_0_34_seg_w1_153a_0_34_north_south_medium airplane_daew4 (1)
move_seg_w1_153a_0_34_seg_w1_152c_0_34_south_north_medium airplane_daew4 (1)
move_seg_w1_152c_0_34_seg_w1_152a_0_34_north_south_medium airplane_daew4 (1)
move_seg_w1_152a_0_34_seg_w1_151c_0_34_south_north_medium airplane_daew4 (1)
move_seg_w1_151c_0_34_seg_w1_151a_0_34_north_south_medium airplane_daew4 (1)
move_seg_w1_151a_0_34_seg_w1_c2c_0_34_south_north_medium airplane_daew4 (1)
move_seg_w1_c2c_0_34_seg_w1_c2a_0_60_north_south_medium airplane_daew4 (1)
move_seg_w1_c2a_0_60_seg_w1_143c_0_60_south_north_medium airplane_daew4 (1)
move_seg_w1_143c_0_60_seg_w1_143a_0_34_north_south_medium airplane_daew4 (1)
move_seg_w1_143a_0_34_seg_w1_142c_0_34_south_north_medium airplane_daew4 (1)
move_seg_w1_142c_0_34_seg_w1_142a_0_34_north_south_medium airplane_daew4 (1)
move_seg_w1_142a_0_34_seg_w1_141c_0_34_south_north_medium airplane_daew4 (1)
move_seg_o1_117c_0_34_seg_o1_117a_0_34_north_south_medium airplane_daew7 (1)
move_seg_o1_117a_0_34_seg_o1_116c_0_34_south_north_medium airplane_daew7 (1)
move_seg_o1_116c_0_34_seg_o1_116a_0_34_north_south_medium airplane_daew7 (1)
move_seg_o1_116a_0_34_seg_o1_115c_0_34_south_north_medium airplane_daew7 (1)
move_seg_o1_108c_0_34_seg_o1_108a_0_34_north_south_medium airplane_daew3 (1)
move_seg_o1_108a_0_34_seg_o1_c2c_0_34_south_north_medium airplane_daew3 (1)
move_seg_o1_c2c_0_34_seg_o1_c2a_0_60_north_south_medium airplane_daew3 (1)
move_seg_o1_c2a_0_60_seg_o1_104c_0_60_south_north_medium airplane_daew3 (1)
move_seg_o1_c1b_0_34_seg_o1_c1c_0_80_north_south_medium airplane_daewh (1)
move_seg_o1_c1c_0_80_seg_c1_n2b_0_80_south_north_medium airplane_daewh (1)
move_seg_c1_n2b_0_80_seg_c1_n2c_0_60_north_south_medium airplane_daewh (1)
move_seg_c1_n2c_0_60_seg_w1_c1b_0_60_south_north_medium airplane_daewh (1)
move_seg_o1_104c_0_60_seg_o1_104a_0_34_north_south_medium airplane_daew3 (1)
move_seg_o1_104a_0_34_seg_o1_103c_0_34_south_north_medium airplane_daew3 (1)
move_seg_o1_103c_0_34_seg_o1_103a_0_34_north_south_medium airplane_daew3 (1)
move_seg_o1_103a_0_34_seg_o1_102c_0_34_south_north_medium airplane_daew3 (1)
move_seg_o1_102c_0_34_seg_o1_102a_0_34_north_south_medium airplane_daew3 (1)
move_seg_o1_102a_0_34_seg_o1_c1b_0_34_south_north_medium airplane_daew3 (1)
move_seg_o1_c3d_0_60_seg_o1_c3a_0_34_north_south_medium airplane_daew2 (1)
move_seg_o1_c3a_0_34_seg_o1_111c_0_34_south_north_medium airplane_daew2 (1)
move_seg_o1_111c_0_34_seg_o1_111a_0_34_north_south_medium airplane_daew2 (1)
move_seg_o1_111a_0_34_seg_o1_110c_0_34_south_north_medium airplane_daew2 (1)
move_seg_o1_115c_0_34_seg_o1_115a_0_34_north_south_medium airplane_daew7 (1)
move_seg_o1_115a_0_34_seg_o1_c3c_0_48_south_north_medium airplane_daew7 (1)
move_seg_o1_110c_0_34_seg_o1_110a_0_34_north_south_medium airplane_daew2 (1)
move_seg_o1_110a_0_34_seg_o1_109c_0_34_south_north_medium airplane_daew2 (1)
move_seg_o1_c3c_0_48_seg_o1_c3a_0_34_north_south_medium airplane_daew7 (1)
move_seg_o1_c3a_0_34_seg_o1_111c_0_34_south_north_medium airplane_daew7 (1)
move_seg_o1_109c_0_34_seg_o1_109a_0_34_north_south_medium airplane_daew2 (1)
move_seg_o1_109a_0_34_seg_o1_108c_0_34_south_north_medium airplane_daew2 (1)
move_seg_o1_108c_0_34_seg_o1_108a_0_34_north_south_medium airplane_daew2 (1)
move_seg_o1_108a_0_34_seg_o1_c2c_0_34_south_north_medium airplane_daew2 (1)
move_seg_o1_c2c_0_34_seg_o1_c2a_0_60_north_south_medium airplane_daew2 (1)
move_seg_o1_c2a_0_60_seg_o1_104c_0_60_south_north_medium airplane_daew2 (1)
move_seg_o1_111c_0_34_seg_o1_111a_0_34_north_south_medium airplane_daew7 (1)
move_seg_o1_111a_0_34_seg_o1_110c_0_34_south_north_medium airplane_daew7 (1)
move_seg_o1_110c_0_34_seg_o1_110a_0_34_north_south_medium airplane_daew7 (1)
move_seg_o1_110a_0_34_seg_o1_109c_0_34_south_north_medium airplane_daew7 (1)
move_seg_o1_109c_0_34_seg_o1_109a_0_34_north_south_medium airplane_daew7 (1)
move_seg_o1_109a_0_34_seg_o1_108c_0_34_south_north_medium airplane_daew7 (1)
move_seg_w1_c1b_0_60_seg_w1_c1a_0_60_north_south_medium airplane_daewh (1)
move_seg_w1_c1a_0_60_seg_n1_0_108_south_north_medium airplane_daewh (1)
move_seg_n1_0_108_seg_n_a3c_0_60_north_north_medium airplane_daewh (1)
move_seg_n_a3c_0_60_seg_n_a3d_0_60_north_south_medium airplane_daewh (1)
move_seg_n_a3d_0_60_seg_n_a2a3f_0_115_south_north_medium airplane_daewh (1)
move_seg_n_a2a3f_0_115_seg_n_a2a3e_0_75_north_north_medium airplane_daewh (1)
move_seg_n_a2a3e_0_75_seg_n_a2a3d_0_75_north_north_medium airplane_daewh (1)
move_seg_n_a2a3d_0_75_seg_n_a2a3c_0_75_north_north_medium airplane_daewh (1)
move_seg_n_a2a3c_0_75_seg_n_a2a3b_0_75_north_north_medium airplane_daewh (1)
move_seg_n_a2a3b_0_75_seg_n_a2a3a_0_75_north_north_medium airplane_daewh (1)
move_seg_n_a2a3a_0_75_seg_n_a2b_0_60_north_north_medium airplane_daewh (1)
move_seg_n_a2b_0_60_seg_n_a2a_0_60_north_south_medium airplane_daewh (1)
move_seg_n_a2a_0_60_seg_a2_c_0_100_south_north_medium airplane_daewh (1)
move_seg_a2_c_0_100_seg_a2_b_0_90_north_north_medium airplane_daewh (1)
move_seg_a2_b_0_90_seg_a2_a_0_90_north_north_medium airplane_daewh (1)
move_seg_o1_c1b_0_34_seg_o1_c1c_0_80_north_south_medium airplane_daew3 (1)
move_seg_o1_c1c_0_80_seg_c1_n2b_0_80_south_north_medium airplane_daew3 (1)
move_seg_c1_n2b_0_80_seg_c1_n2c_0_60_north_south_medium airplane_daew3 (1)
move_seg_c1_n2c_0_60_seg_w1_c1b_0_60_south_north_medium airplane_daew3 (1)
move_seg_o1_108c_0_34_seg_o1_108a_0_34_north_south_medium airplane_daew7 (1)
move_seg_o1_108a_0_34_seg_o1_c2c_0_34_south_north_medium airplane_daew7 (1)
move_seg_o1_104c_0_60_seg_o1_104a_0_34_north_south_medium airplane_daew2 (1)
move_seg_o1_104a_0_34_seg_o1_103c_0_34_south_north_medium airplane_daew2 (1)
move_seg_o1_103c_0_34_seg_o1_103a_0_34_north_south_medium airplane_daew2 (1)
move_seg_o1_103a_0_34_seg_o1_102c_0_34_south_north_medium airplane_daew2 (1)
move_seg_o1_102c_0_34_seg_o1_102a_0_34_north_south_medium airplane_daew2 (1)
move_seg_o1_102a_0_34_seg_o1_c1b_0_34_south_north_medium airplane_daew2 (1)
move_seg_o1_c2c_0_34_seg_o1_c2a_0_60_north_south_medium airplane_daew7 (1)
move_seg_o1_c2a_0_60_seg_o1_104c_0_60_south_north_medium airplane_daew7 (1)
move_seg_w1_c1b_0_60_seg_w1_c1a_0_60_north_south_medium airplane_daew3 (1)
move_seg_w1_c1a_0_60_seg_n1_0_108_south_north_medium airplane_daew3 (1)
move_seg_n1_0_108_seg_n_a3c_0_60_north_north_medium airplane_daew3 (1)
move_seg_o1_c1b_0_34_seg_o1_c1c_0_80_north_south_medium airplane_daew2 (1)
move_seg_o1_c1c_0_80_seg_c1_n2b_0_80_south_north_medium airplane_daew2 (1)
move_seg_c1_n2b_0_80_seg_c1_n2c_0_60_north_south_medium airplane_daew2 (1)
move_seg_c1_n2c_0_60_seg_w1_c1b_0_60_south_north_medium airplane_daew2 (1)
move_seg_o1_104c_0_60_seg_o1_104a_0_34_north_south_medium airplane_daew7 (1)
move_seg_o1_104a_0_34_seg_o1_103c_0_34_south_north_medium airplane_daew7 (1)
move_seg_o1_103c_0_34_seg_o1_103a_0_34_north_south_medium airplane_daew7 (1)
move_seg_o1_103a_0_34_seg_o1_102c_0_34_south_north_medium airplane_daew7 (1)
move_seg_o1_102c_0_34_seg_o1_102a_0_34_north_south_medium airplane_daew7 (1)
move_seg_o1_102a_0_34_seg_o1_c1b_0_34_south_north_medium airplane_daew7 (1)
move_seg_n_a3c_0_60_seg_n_a3d_0_60_north_south_medium airplane_daew3 (1)
move_seg_n_a3d_0_60_seg_n_a2a3f_0_115_south_north_medium airplane_daew3 (1)
move_seg_n_a2a3f_0_115_seg_n_a2a3e_0_75_north_north_medium airplane_daew3 (1)
move_seg_n_a2a3e_0_75_seg_n_a2a3d_0_75_north_north_medium airplane_daew3 (1)
move_seg_n_a2a3d_0_75_seg_n_a2a3c_0_75_north_north_medium airplane_daew3 (1)
move_seg_n_a2a3c_0_75_seg_n_a2a3b_0_75_north_north_medium airplane_daew3 (1)
move_seg_n_a2a3b_0_75_seg_n_a2a3a_0_75_north_north_medium airplane_daew3 (1)
move_seg_n_a2a3a_0_75_seg_n_a2b_0_60_north_north_medium airplane_daew3 (1)
move_seg_w1_c1b_0_60_seg_w1_c1a_0_60_north_south_medium airplane_daew2 (1)
move_seg_w1_c1a_0_60_seg_n1_0_108_south_north_medium airplane_daew2 (1)
move_seg_n1_0_108_seg_n_a3c_0_60_north_north_medium airplane_daew2 (1)
move_seg_o1_c1b_0_34_seg_o1_c1c_0_80_north_south_medium airplane_daew7 (1)
move_seg_o1_c1c_0_80_seg_c1_n2b_0_80_south_north_medium airplane_daew7 (1)
move_seg_c1_n2b_0_80_seg_c1_n2c_0_60_north_south_medium airplane_daew7 (1)
move_seg_c1_n2c_0_60_seg_w1_c1b_0_60_south_north_medium airplane_daew7 (1)
move_seg_a2_a_0_90_seg_08l_a2b_0_80_north_north_medium airplane_daewh (1)
move_seg_08l_a2b_0_80_seg_08l_a2a_0_80_north_south_medium airplane_daewh (1)
move_seg_08l_a2a_0_80_seg_08l_a2a3_0_970_south_south_medium airplane_daewh (1)
move_seg_08l_a2a3_0_970_seg_08l_0_80_south_north_medium airplane_daewh (1)
takeoff_seg_08l_0_80_north airplane_daewh (1)
move_seg_n_a2b_0_60_seg_n_a2a_0_60_north_south_medium airplane_daew3 (1)
move_seg_n_a2a_0_60_seg_a2_c_0_100_south_north_medium airplane_daew3 (1)
move_seg_a2_c_0_100_seg_a2_b_0_90_north_north_medium airplane_daew3 (1)
move_seg_a2_b_0_90_seg_a2_a_0_90_north_north_medium airplane_daew3 (1)
move_seg_n_a3c_0_60_seg_n_a3d_0_60_north_south_medium airplane_daew2 (1)
move_seg_n_a3d_0_60_seg_n_a2a3f_0_115_south_north_medium airplane_daew2 (1)
move_seg_n_a2a3f_0_115_seg_n_a2a3e_0_75_north_north_medium airplane_daew2 (1)
move_seg_n_a2a3e_0_75_seg_n_a2a3d_0_75_north_north_medium airplane_daew2 (1)
move_seg_n_a2a3d_0_75_seg_n_a2a3c_0_75_north_north_medium airplane_daew2 (1)
move_seg_n_a2a3c_0_75_seg_n_a2a3b_0_75_north_north_medium airplane_daew2 (1)
move_seg_n_a2a3b_0_75_seg_n_a2a3a_0_75_north_north_medium airplane_daew2 (1)
move_seg_n_a2a3a_0_75_seg_n_a2b_0_60_north_north_medium airplane_daew2 (1)
move_seg_w1_c1b_0_60_seg_w1_c1a_0_60_north_south_medium airplane_daew7 (1)
move_seg_w1_c1a_0_60_seg_n1_0_108_south_north_medium airplane_daew7 (1)
move_seg_n1_0_108_seg_n_a3c_0_60_north_north_medium airplane_daew7 (1)
move_seg_w1_141c_0_34_seg_w1_141a_0_34_north_south_medium airplane_daew4 (1)
move_seg_w1_141a_0_34_seg_w1_c1c_0_34_south_north_medium airplane_daew4 (1)
move_seg_a2_a_0_90_seg_08l_a2b_0_80_north_north_medium airplane_daew3 (1)
move_seg_08l_a2b_0_80_seg_08l_a2a_0_80_north_south_medium airplane_daew3 (1)
move_seg_08l_a2a_0_80_seg_08l_a2a3_0_970_south_south_medium airplane_daew3 (1)
move_seg_08l_a2a3_0_970_seg_08l_0_80_south_north_medium airplane_daew3 (1)
takeoff_seg_08l_0_80_north airplane_daew3 (1)
move_seg_n_a2b_0_60_seg_n_a2a_0_60_north_south_medium airplane_daew2 (1)
move_seg_n_a2a_0_60_seg_a2_c_0_100_south_north_medium airplane_daew2 (1)
move_seg_a2_c_0_100_seg_a2_b_0_90_north_north_medium airplane_daew2 (1)
move_seg_a2_b_0_90_seg_a2_a_0_90_north_north_medium airplane_daew2 (1)
move_seg_a2_a_0_90_seg_08l_a2b_0_80_north_north_medium airplane_daew2 (1)
move_seg_n_a3c_0_60_seg_n_a3d_0_60_north_south_medium airplane_daew7 (1)
move_seg_n_a3d_0_60_seg_n_a2a3f_0_115_south_north_medium airplane_daew7 (1)
move_seg_n_a2a3f_0_115_seg_n_a2a3e_0_75_north_north_medium airplane_daew7 (1)
move_seg_n_a2a3e_0_75_seg_n_a2a3d_0_75_north_north_medium airplane_daew7 (1)
move_seg_n_a2a3d_0_75_seg_n_a2a3c_0_75_north_north_medium airplane_daew7 (1)
move_seg_n_a2a3c_0_75_seg_n_a2a3b_0_75_north_north_medium airplane_daew7 (1)
move_seg_n_a2a3b_0_75_seg_n_a2a3a_0_75_north_north_medium airplane_daew7 (1)
move_seg_n_a2a3a_0_75_seg_n_a2b_0_60_north_north_medium airplane_daew7 (1)
move_seg_w1_c1c_0_34_seg_w1_c1a_0_60_north_south_medium airplane_daew4 (1)
move_seg_w1_c1a_0_60_seg_n1_0_108_south_north_medium airplane_daew4 (1)
move_seg_n1_0_108_seg_n_a3c_0_60_north_north_medium airplane_daew4 (1)
move_seg_08l_a2b_0_80_seg_08l_a2a_0_80_north_south_medium airplane_daew2 (1)
move_seg_08l_a2a_0_80_seg_08l_a2a3_0_970_south_south_medium airplane_daew2 (1)
move_seg_08l_a2a3_0_970_seg_08l_0_80_south_north_medium airplane_daew2 (1)
takeoff_seg_08l_0_80_north airplane_daew2 (1)
move_seg_n_a2b_0_60_seg_n_a2a_0_60_north_south_medium airplane_daew7 (1)
move_seg_n_a2a_0_60_seg_a2_c_0_100_south_north_medium airplane_daew7 (1)
move_seg_a2_c_0_100_seg_a2_b_0_90_north_north_medium airplane_daew7 (1)
move_seg_a2_b_0_90_seg_a2_a_0_90_north_north_medium airplane_daew7 (1)
move_seg_a2_a_0_90_seg_08l_a2b_0_80_north_north_medium airplane_daew7 (1)
move_seg_n_a3c_0_60_seg_n_a3d_0_60_north_south_medium airplane_daew4 (1)
move_seg_n_a3d_0_60_seg_n_a2a3f_0_115_south_north_medium airplane_daew4 (1)
move_seg_n_a2a3f_0_115_seg_n_a2a3e_0_75_north_north_medium airplane_daew4 (1)
move_seg_n_a2a3e_0_75_seg_n_a2a3d_0_75_north_north_medium airplane_daew4 (1)
move_seg_n_a2a3d_0_75_seg_n_a2a3c_0_75_north_north_medium airplane_daew4 (1)
move_seg_n_a2a3c_0_75_seg_n_a2a3b_0_75_north_north_medium airplane_daew4 (1)
move_seg_n_a2a3b_0_75_seg_n_a2a3a_0_75_north_north_medium airplane_daew4 (1)
move_seg_n_a2a3a_0_75_seg_n_a2b_0_60_north_north_medium airplane_daew4 (1)
move_seg_08l_a2b_0_80_seg_08l_a2a_0_80_north_south_medium airplane_daew7 (1)
move_seg_08l_a2a_0_80_seg_08l_a2a3_0_970_south_south_medium airplane_daew7 (1)
move_seg_08l_a2a3_0_970_seg_08l_0_80_south_north_medium airplane_daew7 (1)
takeoff_seg_08l_0_80_north airplane_daew7 (1)
move_seg_n_a2b_0_60_seg_n_a2a_0_60_north_south_medium airplane_daew4 (1)
move_seg_n_a2a_0_60_seg_a2_c_0_100_south_north_medium airplane_daew4 (1)
move_seg_a2_c_0_100_seg_a2_b_0_90_north_north_medium airplane_daew4 (1)
move_seg_a2_b_0_90_seg_a2_a_0_90_north_north_medium airplane_daew4 (1)
move_seg_a2_a_0_90_seg_08l_a2b_0_80_north_north_medium airplane_daew4 (1)
move_seg_08l_a2b_0_80_seg_08l_a2a_0_80_north_south_medium airplane_daew4 (1)
move_seg_08l_a2a_0_80_seg_08l_a2a3_0_970_south_south_medium airplane_daew4 (1)
move_seg_08l_a2a3_0_970_seg_08l_0_80_south_north_medium airplane_daew4 (1)
takeoff_seg_08l_0_80_north airplane_daew4 (1)
move_seg_m_a8d_0_120_934_seg_m_a8b_0_60_north_south_medium airplane_cfbeg (1)
move_seg_m_a8b_0_60_seg_n_a8a_0_60_south_north_medium airplane_cfbeg (1)
move_seg_08l_a4d_0_80_seg_08l_a4a_0_80_north_south_medium airplane_cfbe1 (1)
move_seg_08l_a4a_0_80_seg_08l_a6a7_0_450_south_south_medium airplane_cfbe1 (1)
move_seg_08l_a6a7_0_450_seg_08l_a7d_0_80_south_north_medium airplane_cfbe1 (1)
move_seg_n_a8a_0_60_seg_n_a8c_0_60_north_south_medium airplane_cfbeg (1)
move_seg_n_a8c_0_60_seg_n_a6a8f_0_75_south_north_medium airplane_cfbeg (1)
move_seg_n_a6a8f_0_75_seg_n_a6a8e_0_75_north_north_medium airplane_cfbeg (1)
move_seg_n_a6a8e_0_75_seg_n_a6a8d_0_75_north_north_medium airplane_cfbeg (1)
move_seg_n_a6a8d_0_75_seg_n_a6a8c_0_75_north_north_medium airplane_cfbeg (1)
move_seg_n_a6a8c_0_75_seg_n_a6a8b_0_75_north_north_medium airplane_cfbeg (1)
move_seg_n_a6a8b_0_75_seg_n_a6a8a_0_115_north_north_medium airplane_cfbeg (1)
move_seg_n_a6a8a_0_115_seg_n_a6b_0_60_north_north_medium airplane_cfbeg (1)
move_seg_n_a6b_0_60_seg_n_a6c_0_60_north_south_medium airplane_cfbeg (1)
move_seg_n_a6c_0_60_seg_n_a7a6d_0_75_south_north_medium airplane_cfbeg (1)
move_seg_n_a7a6d_0_75_seg_n_a7a6c_0_75_north_north_medium airplane_cfbeg (1)
move_seg_n_a7a6c_0_75_seg_n_a7a6b_0_75_north_north_medium airplane_cfbeg (1)
move_seg_n_a7a6b_0_75_seg_n_a7a6a_0_85_north_north_medium airplane_cfbeg (1)
move_seg_n_a7a6a_0_85_seg_n_a7b_0_60_north_north_medium airplane_cfbeg (1)
move_seg_n_a7b_0_60_seg_n_a7c_0_60_north_south_medium airplane_cfbeg (1)
move_seg_n_a7c_0_60_seg_n_a4a7f_0_75_south_north_medium airplane_cfbeg (1)
move_seg_n_a4a7f_0_75_seg_n_a4a7e_0_75_north_north_medium airplane_cfbeg (1)
move_seg_n_a4a7e_0_75_seg_n_a4a7d_0_75_north_north_medium airplane_cfbeg (1)
move_seg_n_a4a7d_0_75_seg_n_a4a7c_0_75_north_north_medium airplane_cfbeg (1)
move_seg_n_a4a7c_0_75_seg_n_a4a7b_0_75_north_north_medium airplane_cfbeg (1)
move_seg_n_a4a7b_0_75_seg_n_a4a7a_0_115_north_north_medium airplane_cfbeg (1)
move_seg_n_a4a7a_0_115_seg_n_a4b_0_60_north_north_medium airplane_cfbeg (1)
move_seg_n_a4b_0_60_seg_n_a4c_0_60_north_south_medium airplane_cfbeg (1)
move_seg_n_a4c_0_60_seg_n_n2a4e_0_75_south_north_medium airplane_cfbeg (1)
move_seg_n_n2a4e_0_75_seg_n_n2a4d_0_75_north_north_medium airplane_cfbeg (1)
move_seg_n_n2a4d_0_75_seg_n_n2a4c_0_75_north_north_medium airplane_cfbeg (1)
move_seg_n_n2a4c_0_75_seg_n_n2a4b_0_75_north_north_medium airplane_cfbeg (1)
move_seg_n_n2a4b_0_75_seg_n_n2a4a_0_70_north_north_medium airplane_cfbeg (1)
move_seg_n_n2a4a_0_70_seg_n_n2a_0_60_north_north_medium airplane_cfbeg (1)
move_seg_n_n2a_0_60_seg_n_n2b_0_60_north_south_medium airplane_cfbeg (1)
move_seg_n_n2b_0_60_seg_n2_0_108_south_south_medium airplane_cfbeg (1)
move_seg_n2_0_108_seg_c1_n2a_0_60_south_north_medium airplane_cfbeg (1)
move_seg_c1_n2a_0_60_seg_c1_n2b_0_80_north_south_medium airplane_cfbeg (1)
move_seg_c1_n2b_0_80_seg_o1_c1c_0_80_south_north_medium airplane_cfbeg (1)
move_seg_o1_c1c_0_80_seg_o1_c1b_0_34_north_south_medium airplane_cfbeg (1)
move_seg_o1_c1b_0_34_seg_o1_102a_0_34_south_north_medium airplane_cfbeg (1)
move_seg_o1_102a_0_34_seg_o1_102c_0_34_north_south_medium airplane_cfbeg (1)
move_seg_o1_102c_0_34_seg_o1_103a_0_34_south_north_medium airplane_cfbeg (1)
move_seg_o1_103a_0_34_seg_o1_103c_0_34_north_south_medium airplane_cfbeg (1)
move_seg_o1_103c_0_34_seg_o1_104a_0_34_south_north_medium airplane_cfbeg (1)
move_seg_o1_104a_0_34_seg_o1_104b_0_60_north_south_medium airplane_cfbeg (1)
move_seg_o1_104b_0_60_seg_p104_0_76_south_south_medium airplane_cfbeg (1)
park_seg_p104_0_76_south airplane_cfbeg (1)
move_seg_08l_a7d_0_80_seg_08l_a7b_0_161_245_north_south_medium airplane_cfbe1 (1)
move_seg_08l_a7b_0_161_245_seg_a8_a_0_157_785_south_south_medium airplane_cfbe1 (1)
move_seg_a8_a_0_157_785_seg_a8_b_1_0_79_7559_south_south_medium airplane_cfbe1 (1)
move_seg_a8_b_1_0_79_7559_seg_a8_b_0_80_6226_south_south_medium airplane_cfbe1 (1)
move_seg_a8_b_0_80_6226_seg_m_a8d_0_120_934_south_north_medium airplane_cfbe1 (1)
move_seg_m_a8d_0_120_934_seg_m_a8b_0_60_north_south_medium airplane_cfbe1 (1)
move_seg_m_a8b_0_60_seg_n_a8a_0_60_south_north_medium airplane_cfbe1 (1)
move_seg_n_a8a_0_60_seg_n_a8c_0_60_north_south_medium airplane_cfbe1 (1)
move_seg_n_a8c_0_60_seg_n_a6a8f_0_75_south_north_medium airplane_cfbe1 (1)
move_seg_n_a6a8f_0_75_seg_n_a6a8e_0_75_north_north_medium airplane_cfbe1 (1)
move_seg_n_a6a8e_0_75_seg_n_a6a8d_0_75_north_north_medium airplane_cfbe1 (1)
move_seg_n_a6a8d_0_75_seg_n_a6a8c_0_75_north_north_medium airplane_cfbe1 (1)
move_seg_n_a6a8c_0_75_seg_n_a6a8b_0_75_north_north_medium airplane_cfbe1 (1)
move_seg_n_a6a8b_0_75_seg_n_a6a8a_0_115_north_north_medium airplane_cfbe1 (1)
move_seg_n_a6a8a_0_115_seg_n_a6b_0_60_north_north_medium airplane_cfbe1 (1)
move_seg_n_a6b_0_60_seg_n_a6c_0_60_north_south_medium airplane_cfbe1 (1)
move_seg_n_a6c_0_60_seg_n_a7a6d_0_75_south_north_medium airplane_cfbe1 (1)
move_seg_n_a7a6d_0_75_seg_n_a7a6c_0_75_north_north_medium airplane_cfbe1 (1)
move_seg_n_a7a6c_0_75_seg_n_a7a6b_0_75_north_north_medium airplane_cfbe1 (1)
move_seg_n_a7a6b_0_75_seg_n_a7a6a_0_85_north_north_medium airplane_cfbe1 (1)
move_seg_n_a7a6a_0_85_seg_n_a7b_0_60_north_north_medium airplane_cfbe1 (1)
move_seg_n_a7b_0_60_seg_n_a7c_0_60_north_south_medium airplane_cfbe1 (1)
move_seg_n_a7c_0_60_seg_n_a4a7f_0_75_south_north_medium airplane_cfbe1 (1)
move_seg_n_a4a7f_0_75_seg_n_a4a7e_0_75_north_north_medium airplane_cfbe1 (1)
move_seg_n_a4a7e_0_75_seg_n_a4a7d_0_75_north_north_medium airplane_cfbe1 (1)
move_seg_n_a4a7d_0_75_seg_n_a4a7c_0_75_north_north_medium airplane_cfbe1 (1)
move_seg_n_a4a7c_0_75_seg_n_a4a7b_0_75_north_north_medium airplane_cfbe1 (1)
move_seg_n_a4a7b_0_75_seg_n_a4a7a_0_115_north_north_medium airplane_cfbe1 (1)
move_seg_n_a4a7a_0_115_seg_n_a4b_0_60_north_north_medium airplane_cfbe1 (1)
move_seg_n_a4b_0_60_seg_n_a4c_0_60_north_south_medium airplane_cfbe1 (1)
move_seg_n_a4c_0_60_seg_n_n2a4e_0_75_south_north_medium airplane_cfbe1 (1)
move_seg_n_n2a4e_0_75_seg_n_n2a4d_0_75_north_north_medium airplane_cfbe1 (1)
move_seg_n_n2a4d_0_75_seg_n_n2a4c_0_75_north_north_medium airplane_cfbe1 (1)
move_seg_n_n2a4c_0_75_seg_n_n2a4b_0_75_north_north_medium airplane_cfbe1 (1)
move_seg_n_n2a4b_0_75_seg_n_n2a4a_0_70_north_north_medium airplane_cfbe1 (1)
move_seg_n_n2a4a_0_70_seg_n_n2a_0_60_north_north_medium airplane_cfbe1 (1)
move_seg_n_n2a_0_60_seg_n_n2b_0_60_north_south_medium airplane_cfbe1 (1)
move_seg_n_n2b_0_60_seg_n2_0_108_south_south_medium airplane_cfbe1 (1)
move_seg_n2_0_108_seg_c1_n2a_0_60_south_north_medium airplane_cfbe1 (1)
move_seg_c1_n2a_0_60_seg_c1_n2b_0_80_north_south_medium airplane_cfbe1 (1)
move_seg_c1_n2b_0_80_seg_o1_c1c_0_80_south_north_medium airplane_cfbe1 (1)
move_seg_o1_c1c_0_80_seg_o1_c1a_0_60_north_south_medium airplane_cfbe1 (1)
move_seg_o1_c1a_0_60_seg_p101_0_76_south_south_medium airplane_cfbe1 (1)
park_seg_p101_0_76_south airplane_cfbe1 (1)
[t=5.51976s, 27764 KB] Plan length: 294 step(s).
[t=5.51976s, 27764 KB] Plan cost: 294
[t=5.51976s, 27764 KB] Expanded 3019 state(s).
[t=5.51976s, 27764 KB] Reopened 0 state(s).
[t=5.51976s, 27764 KB] Evaluated 10396 state(s).
[t=5.51976s, 27764 KB] Evaluations: 10396
[t=5.51976s, 27764 KB] Generated 14191 state(s).
[t=5.51976s, 27764 KB] Dead ends: 1396 state(s).
[t=5.51976s, 27764 KB] Number of registered states: 10396
[t=5.51976s, 27764 KB] Int hash set load factor: 10396/16384 = 0.634521
[t=5.51976s, 27764 KB] Int hash set resizes: 14
[t=5.51976s, 27764 KB] mean number of q cost that have been adjusted 0 times in relation to total number of q: -1
[t=5.51976s, 27764 KB] mean number of q cost that have been adjusted 1 times in relation to total number of q: -1
[t=5.51976s, 27764 KB] mean number of q cost that have been adjusted 2 times in relation to total number of q: -1
[t=5.51976s, 27764 KB] mean number of q that are at some point overconsitent in relation to total number of q: -1
[t=5.51976s, 27764 KB] mean number of q that are at first underconsisten in relation to total number of q: -1
[t=5.51976s, 27764 KB] mean number of state variables that are not in common between two following states in relation to total number of state variables: -1
[t=5.51976s, 27764 KB] variance number of state variables that are not in common between two following states in relation to total number of state variables: -1
[t=5.51976s, 27764 KB] Search time: 5.41303s
[t=5.51976s, 27764 KB] Total time: 5.51976s
Solution found.
Peak memory: 27764 KB
Remove intermediate file output.sas
search exit code: 0

INFO     Running validate.
INFO     validate stdin: None
INFO     validate time limit: None
INFO     validate memory limit: None
INFO     validate command line string: validate domain.pddl problem.pddl sas_plan
