INFO     Running translator.
INFO     translator stdin: None
INFO     translator time limit: 1799.96s
INFO     translator memory limit: 3584 MB
INFO     translator command line string: /infai/weidan00/downward/experiments/bachelor/.venv/bin/python3 /infai/weidan00/downward/experiments/bachelor/data/bachelor-v1/code-7aa5f34_e5e41175/builds/release/bin/translate/translate.py domain.pddl problem.pddl --sas-file output.sas
Parsing...
Parsing: [0.090s CPU, 0.094s wall-clock]
Normalizing task... [0.010s CPU, 0.013s wall-clock]
Instantiating...
Generating Datalog program... [0.010s CPU, 0.009s wall-clock]
Normalizing Datalog program...
Normalizing Datalog program: [0.030s CPU, 0.031s wall-clock]
Preparing model... [0.020s CPU, 0.019s wall-clock]
Generated 2338 rules.
Computing model... [0.010s CPU, 0.010s wall-clock]
981 relevant atoms
0 auxiliary atoms
981 final queue length
2348 total queue pushes
Completing instantiation... [0.020s CPU, 0.020s wall-clock]
Instantiating: [0.090s CPU, 0.092s wall-clock]
Computing fact groups...
Finding invariants...
190 initial candidates
Finding invariants: [0.850s CPU, 0.845s wall-clock]
Checking invariant weight... [0.000s CPU, 0.003s wall-clock]
Instantiating groups... [0.000s CPU, 0.001s wall-clock]
Collecting mutex groups... [0.010s CPU, 0.000s wall-clock]
Choosing groups...
145 uncovered facts
Choosing groups: [0.000s CPU, 0.002s wall-clock]
Building translation key... [0.000s CPU, 0.001s wall-clock]
Computing fact groups: [0.860s CPU, 0.855s wall-clock]
Building STRIPS to SAS dictionary... [0.000s CPU, 0.000s wall-clock]
Building dictionary for full mutex groups... [0.000s CPU, 0.001s wall-clock]
Building mutex information...
Building mutex information: [0.000s CPU, 0.001s wall-clock]
Translating task...
Processing axioms...
Simplifying axioms... [0.000s CPU, 0.000s wall-clock]
Processing axioms: [0.000s CPU, 0.002s wall-clock]
Translating task: [0.050s CPU, 0.046s wall-clock]
0 effect conditions simplified
0 implied preconditions added
Detecting unreachable propositions...
0 operators removed
0 axioms removed
4 propositions removed
Detecting unreachable propositions: [0.010s CPU, 0.016s wall-clock]
Reordering and filtering variables...
14 of 154 variables necessary.
155 of 167 mutex groups necessary.
789 of 789 operators necessary.
0 of 0 axiom rules necessary.
Reordering and filtering variables: [0.010s CPU, 0.006s wall-clock]
Translator variables: 14
Translator derived variables: 0
Translator facts: 60
Translator goal facts: 5
Translator mutex groups: 155
Translator total mutex groups size: 785
Translator operators: 789
Translator axioms: 0
Translator task size: 4377
Translator peak memory: 151756 KB
Writing output... [0.010s CPU, 0.009s wall-clock]
Done! [1.130s CPU, 1.137s wall-clock]
translate exit code: 0

INFO     Running search (release).
INFO     search stdin: output.sas
INFO     search time limit: 1798.77s
INFO     search memory limit: 3584 MB
INFO     search command line string: /infai/weidan00/downward/experiments/bachelor/data/bachelor-v1/code-7aa5f34_e5e41175/builds/release/bin/downward --search 'eager_wastar([pinch_tracking()], w=2)' --internal-plan-file sas_plan < output.sas
[t=5.7881e-05s, 17204 KB] reading input...
[t=0.00448035s, 17344 KB] done reading input!
[t=0.00636928s, 17764 KB] Simplifying 1086 unary operators... done! [360 unary operators]
[t=0.0067687s, 17764 KB] time to simplify: 0.00045274s
[t=0.00686505s, 17764 KB] Initializing pinch tracking heuristic...
[t=0.00697933s, 17764 KB] Building successor generator...done!
[t=0.00732615s, 17764 KB] peak memory difference for successor generator creation: 0 KB
[t=0.00736239s, 17764 KB] time for successor generation creation: 0.000229486s
[t=0.00740928s, 17764 KB] Variables: 14
[t=0.00744706s, 17764 KB] FactPairs: 60
[t=0.00748437s, 17764 KB] Bytes per state: 4
[t=0.00759631s, 17764 KB] Conducting best first search with reopening closed nodes, (real) bound = 2147483647
[t=0.007731s, 17764 KB] New best heuristic value for pinch_tracking: 27
[t=0.00777036s, 17764 KB] g=0, 1 evaluated, 0 expanded
[t=0.007814s, 17764 KB] Initial heuristic value for pinch_tracking: 27
[t=0.0078519s, 17764 KB] pruning method: none
[t=0.00792651s, 17764 KB] New best heuristic value for pinch_tracking: 21
[t=0.00796461s, 17764 KB] g=1, 2 evaluated, 1 expanded
[t=0.00816953s, 17764 KB] New best heuristic value for pinch_tracking: 20
[t=0.00820848s, 17764 KB] g=2, 9 evaluated, 2 expanded
[t=0.00902542s, 17764 KB] New best heuristic value for pinch_tracking: 19
[t=0.00906834s, 17764 KB] g=4, 59 evaluated, 7 expanded
[t=0.00920668s, 17764 KB] New best heuristic value for pinch_tracking: 18
[t=0.00924745s, 17764 KB] g=5, 65 evaluated, 8 expanded
[t=0.00951683s, 17764 KB] New best heuristic value for pinch_tracking: 17
[t=0.00955842s, 17764 KB] g=6, 78 evaluated, 9 expanded
[t=0.00980234s, 17764 KB] New best heuristic value for pinch_tracking: 16
[t=0.00984266s, 17764 KB] g=7, 92 evaluated, 10 expanded
[t=0.0109378s, 17764 KB] New best heuristic value for pinch_tracking: 15
[t=0.0109805s, 17764 KB] g=7, 166 evaluated, 20 expanded
[t=0.0113306s, 17764 KB] New best heuristic value for pinch_tracking: 14
[t=0.0113721s, 17764 KB] g=8, 188 evaluated, 23 expanded
[t=0.0115387s, 17764 KB] New best heuristic value for pinch_tracking: 13
[t=0.0115788s, 17764 KB] g=9, 199 evaluated, 24 expanded
[t=0.0145446s, 17764 KB] New best heuristic value for pinch_tracking: 12
[t=0.0145893s, 17764 KB] g=12, 406 evaluated, 53 expanded
[t=0.0146945s, 17764 KB] New best heuristic value for pinch_tracking: 11
[t=0.0147346s, 17764 KB] g=13, 412 evaluated, 54 expanded
[t=0.0148634s, 17764 KB] New best heuristic value for pinch_tracking: 10
[t=0.0149028s, 17764 KB] g=14, 419 evaluated, 55 expanded
[t=0.0150015s, 17764 KB] New best heuristic value for pinch_tracking: 9
[t=0.0150403s, 17764 KB] g=15, 424 evaluated, 56 expanded
[t=0.015188s, 17764 KB] New best heuristic value for pinch_tracking: 8
[t=0.0152262s, 17764 KB] g=16, 433 evaluated, 57 expanded
[t=0.0153379s, 17764 KB] New best heuristic value for pinch_tracking: 7
[t=0.0153757s, 17764 KB] g=16, 441 evaluated, 59 expanded
[t=0.0154931s, 17764 KB] New best heuristic value for pinch_tracking: 6
[t=0.0155322s, 17764 KB] g=17, 447 evaluated, 60 expanded
[t=0.0156387s, 17764 KB] New best heuristic value for pinch_tracking: 5
[t=0.0156765s, 17764 KB] g=18, 453 evaluated, 61 expanded
[t=0.0157789s, 17764 KB] New best heuristic value for pinch_tracking: 4
[t=0.015817s, 17764 KB] g=19, 460 evaluated, 62 expanded
[t=0.0159287s, 17764 KB] New best heuristic value for pinch_tracking: 3
[t=0.0159751s, 17764 KB] g=21, 469 evaluated, 65 expanded
[t=0.0160363s, 17764 KB] New best heuristic value for pinch_tracking: 2
[t=0.0160746s, 17764 KB] g=22, 473 evaluated, 66 expanded
[t=0.0161188s, 17764 KB] New best heuristic value for pinch_tracking: 1
[t=0.016156s, 17764 KB] g=23, 474 evaluated, 67 expanded
[t=0.0162043s, 17764 KB] New best heuristic value for pinch_tracking: 0
[t=0.0162418s, 17764 KB] g=24, 476 evaluated, 68 expanded
[t=0.0162791s, 17764 KB] Solution found!
[t=0.0163181s, 17764 KB] Actual search time: 0.0084629s
drive_truck1_l2_l1_t0_t1  (1)
load_package2_truck1_a2_l1  (1)
drive_truck1_l1_l2_t1_t2  (1)
unload_package2_truck1_a2_l2  (1)
drive_truck1_l2_l1_t2_t3  (1)
load_package3_truck1_a2_l1  (1)
deliver_package2_l2_t3_t3  (1)
drive_truck1_l1_l3_t3_t4  (1)
unload_package3_truck1_a2_l3  (1)
deliver_package3_l3_t4_t4  (1)
drive_truck1_l3_l1_t4_t5  (1)
load_package1_truck1_a2_l1  (1)
drive_truck1_l1_l2_t5_t6  (1)
unload_package1_truck1_a2_l2  (1)
load_package5_truck1_a2_l2  (1)
drive_truck1_l2_l3_t6_t7  (1)
unload_package5_truck1_a2_l3  (1)
deliver_package1_l2_t7_t7  (1)
deliver_package5_l3_t7_t7  (1)
drive_truck1_l3_l1_t7_t8  (1)
load_package4_truck1_a1_l1  (1)
drive_truck1_l1_l3_t8_t9  (1)
unload_package4_truck1_a1_l3  (1)
deliver_package4_l3_t9_t9  (1)
[t=0.0163582s, 17764 KB] Plan length: 24 step(s).
[t=0.0163582s, 17764 KB] Plan cost: 24
[t=0.0163582s, 17764 KB] Expanded 69 state(s).
[t=0.0163582s, 17764 KB] Reopened 0 state(s).
[t=0.0163582s, 17764 KB] Evaluated 476 state(s).
[t=0.0163582s, 17764 KB] Evaluations: 476
[t=0.0163582s, 17764 KB] Generated 1810 state(s).
[t=0.0163582s, 17764 KB] Dead ends: 256 state(s).
[t=0.0163582s, 17764 KB] Number of registered states: 476
[t=0.0163582s, 17764 KB] Int hash set load factor: 476/512 = 0.929688
[t=0.0163582s, 17764 KB] Int hash set resizes: 9
[t=0.0163582s, 17764 KB] mean number of q cost that have been adjusted 0 times in relation to total number of q: -1
[t=0.0163582s, 17764 KB] mean number of q cost that have been adjusted 1 times in relation to total number of q: -1
[t=0.0163582s, 17764 KB] mean number of q cost that have been adjusted 2 times in relation to total number of q: -1
[t=0.0163582s, 17764 KB] mean number of q that are at some point overconsitent in relation to total number of q: -1
[t=0.0163582s, 17764 KB] mean number of q that are at first underconsisten in relation to total number of q: -1
[t=0.0163582s, 17764 KB] mean number of state variables that are not in common between two following states in relation to total number of state variables: -1
[t=0.0163582s, 17764 KB] variance number of state variables that are not in common between two following states in relation to total number of state variables: -1
[t=0.0163582s, 17764 KB] Search time: 0.00876257s
[t=0.0163582s, 17764 KB] Total time: 0.0163582s
Solution found.
Peak memory: 17764 KB
Remove intermediate file output.sas
search exit code: 0

INFO     Running validate.
INFO     validate stdin: None
INFO     validate time limit: None
INFO     validate memory limit: None
INFO     validate command line string: validate domain.pddl problem.pddl sas_plan
