INFO     Running translator.
INFO     translator stdin: None
INFO     translator time limit: 1799.95s
INFO     translator memory limit: 3584 MB
INFO     translator command line string: /infai/weidan00/downward/experiments/bachelor/.venv/bin/python3 /infai/weidan00/downward/experiments/bachelor/data/bachelor-v1/code-7aa5f34_e5e41175/builds/release/bin/translate/translate.py domain.pddl problem.pddl --sas-file output.sas
Parsing...
Parsing: [0.000s CPU, 0.007s wall-clock]
Normalizing task... [0.000s CPU, 0.000s wall-clock]
Instantiating...
Generating Datalog program... [0.000s CPU, 0.002s wall-clock]
Normalizing Datalog program...
Normalizing Datalog program: [0.000s CPU, 0.002s wall-clock]
Preparing model... [0.000s CPU, 0.004s wall-clock]
Generated 65 rules.
Computing model... [0.020s CPU, 0.024s wall-clock]
2112 relevant atoms
396 auxiliary atoms
2508 final queue length
6611 total queue pushes
Completing instantiation... [0.100s CPU, 0.100s wall-clock]
Instantiating: [0.120s CPU, 0.132s wall-clock]
Computing fact groups...
Finding invariants...
21 initial candidates
Finding invariants: [0.020s CPU, 0.004s wall-clock]
Checking invariant weight... [0.000s CPU, 0.000s wall-clock]
Instantiating groups... [0.000s CPU, 0.000s wall-clock]
Collecting mutex groups... [0.000s CPU, 0.000s wall-clock]
Choosing groups...
802 uncovered facts
Choosing groups: [0.000s CPU, 0.000s wall-clock]
Building translation key... [0.010s CPU, 0.004s wall-clock]
Computing fact groups: [0.030s CPU, 0.016s wall-clock]
Building STRIPS to SAS dictionary... [0.000s CPU, 0.001s wall-clock]
Building dictionary for full mutex groups... [0.000s CPU, 0.001s wall-clock]
Building mutex information...
Building mutex information: [0.000s CPU, 0.001s wall-clock]
Translating task...
Processing axioms...
Simplifying axioms... [0.000s CPU, 0.000s wall-clock]
Processing axioms: [0.010s CPU, 0.008s wall-clock]
Translating task: [0.160s CPU, 0.167s wall-clock]
4609 effect conditions simplified
0 implied preconditions added
Detecting unreachable propositions...
0 operators removed
0 axioms removed
34 propositions removed
Detecting unreachable propositions: [0.060s CPU, 0.056s wall-clock]
Reordering and filtering variables...
414 of 785 variables necessary.
0 of 0 mutex groups necessary.
1081 of 1081 operators necessary.
0 of 0 axiom rules necessary.
Reordering and filtering variables: [0.060s CPU, 0.065s wall-clock]
Translator variables: 414
Translator derived variables: 0
Translator facts: 828
Translator goal facts: 45
Translator mutex groups: 0
Translator total mutex groups size: 0
Translator operators: 1081
Translator axioms: 0
Translator task size: 10441
Translator peak memory: 153804 KB
Writing output... [0.010s CPU, 0.023s wall-clock]
Done! [0.460s CPU, 0.474s wall-clock]
translate exit code: 0

INFO     Running search (release).
INFO     search stdin: output.sas
INFO     search time limit: 1799.42s
INFO     search memory limit: 3584 MB
INFO     search command line string: /infai/weidan00/downward/experiments/bachelor/data/bachelor-v1/code-7aa5f34_e5e41175/builds/release/bin/downward --search 'eager_wastar([pinch()], w=2)' --internal-plan-file sas_plan < output.sas
[t=6.7387e-05s, 17204 KB] reading input...
[t=0.0107697s, 17656 KB] done reading input!
[t=0.0134089s, 18248 KB] Simplifying 4607 unary operators... done! [3675 unary operators]
[t=0.0173104s, 18644 KB] time to simplify: 0.00406123s
[t=0.0177901s, 18644 KB] Initializing pinch heuristic...
[t=0.0179743s, 18644 KB] Building successor generator...done!
[t=0.0186573s, 18644 KB] peak memory difference for successor generator creation: 0 KB
[t=0.0186976s, 18644 KB] time for successor generation creation: 0.000545453s
[t=0.0187639s, 18644 KB] Variables: 414
[t=0.018805s, 18644 KB] FactPairs: 828
[t=0.0188449s, 18644 KB] Bytes per state: 52
[t=0.0189944s, 18644 KB] Conducting best first search with reopening closed nodes, (real) bound = 2147483647
[t=0.0194767s, 18644 KB] New best heuristic value for pinch: 45
[t=0.0195242s, 18644 KB] g=0, 1 evaluated, 0 expanded
[t=0.0195793s, 18644 KB] Initial heuristic value for pinch: 45
[t=0.019621s, 18644 KB] pruning method: none
[t=0.0246698s, 18644 KB] New best heuristic value for pinch: 44
[t=0.0247339s, 18644 KB] g=1, 62 evaluated, 1 expanded
[t=0.0675027s, 18644 KB] New best heuristic value for pinch: 43
[t=0.0675926s, 18644 KB] g=1, 645 evaluated, 1 expanded
[t=0.075252s, 18644 KB] New best heuristic value for pinch: 42
[t=0.0753267s, 18644 KB] g=2, 816 evaluated, 2 expanded
[t=2.36008s, 22516 KB] New best heuristic value for pinch: 41
[t=2.3602s, 22516 KB] g=4, 48871 evaluated, 117 expanded
[t=2.40098s, 22516 KB] New best heuristic value for pinch: 40
[t=2.40108s, 22516 KB] g=4, 49454 evaluated, 117 expanded
[t=2.41777s, 22516 KB] New best heuristic value for pinch: 39
[t=2.41787s, 22516 KB] g=5, 49711 evaluated, 118 expanded
[t=4.00064s, 26216 KB] New best heuristic value for pinch: 38
[t=4.00075s, 26216 KB] g=7, 90624 evaluated, 226 expanded
[t=4.04632s, 26216 KB] New best heuristic value for pinch: 37
[t=4.04644s, 26216 KB] g=8, 91397 evaluated, 227 expanded
[t=4.9595s, 30148 KB] New best heuristic value for pinch: 36
[t=4.95961s, 30148 KB] g=9, 121076 evaluated, 294 expanded
[t=4.96777s, 30148 KB] New best heuristic value for pinch: 35
[t=4.96784s, 30148 KB] g=10, 121177 evaluated, 295 expanded
[t=5.01333s, 30148 KB] New best heuristic value for pinch: 34
[t=5.01344s, 30148 KB] g=11, 121965 evaluated, 296 expanded
[t=9.21453s, 41416 KB] New best heuristic value for pinch: 33
[t=9.21464s, 41416 KB] g=13, 235178 evaluated, 595 expanded
[t=9.23406s, 41416 KB] New best heuristic value for pinch: 32
[t=9.23417s, 41416 KB] g=14, 235424 evaluated, 596 expanded
[t=9.28413s, 41416 KB] New best heuristic value for pinch: 31
[t=9.28424s, 41416 KB] g=15, 236159 evaluated, 597 expanded
[t=11.2695s, 44708 KB] New best heuristic value for pinch: 30
[t=11.2696s, 44708 KB] g=17, 296725 evaluated, 788 expanded
[t=11.3013s, 44708 KB] New best heuristic value for pinch: 29
[t=11.3014s, 44708 KB] g=18, 297128 evaluated, 789 expanded
[t=12.0985s, 46608 KB] New best heuristic value for pinch: 28
[t=12.0986s, 46608 KB] g=20, 322275 evaluated, 861 expanded
[t=12.1362s, 46608 KB] New best heuristic value for pinch: 27
[t=12.1363s, 46608 KB] g=21, 322751 evaluated, 862 expanded
[t=14.6018s, 53040 KB] New best heuristic value for pinch: 26
[t=14.6019s, 53040 KB] g=23, 407617 evaluated, 1141 expanded
[t=14.6446s, 53040 KB] New best heuristic value for pinch: 25
[t=14.6446s, 53040 KB] g=24, 408164 evaluated, 1142 expanded
[t=17.5699s, 64596 KB] New best heuristic value for pinch: 24
[t=17.57s, 64596 KB] g=26, 501834 evaluated, 1448 expanded
[t=17.6145s, 64596 KB] New best heuristic value for pinch: 23
[t=17.6146s, 64596 KB] g=27, 502430 evaluated, 1449 expanded
[t=20.5988s, 71256 KB] New best heuristic value for pinch: 22
[t=20.5989s, 71256 KB] g=29, 596562 evaluated, 1761 expanded
[t=20.6228s, 71256 KB] New best heuristic value for pinch: 21
[t=20.6229s, 71256 KB] g=30, 596866 evaluated, 1762 expanded
[t=23.7125s, 78656 KB] New best heuristic value for pinch: 20
[t=23.7126s, 78656 KB] g=32, 694988 evaluated, 2086 expanded
[t=23.7608s, 78792 KB] New best heuristic value for pinch: 19
[t=23.7609s, 78792 KB] g=33, 695700 evaluated, 2087 expanded
[t=26.8693s, 86172 KB] New best heuristic value for pinch: 18
[t=26.8695s, 86172 KB] g=35, 793871 evaluated, 2419 expanded
[t=26.8991s, 86172 KB] New best heuristic value for pinch: 17
[t=26.8992s, 86172 KB] g=36, 794248 evaluated, 2420 expanded
[t=34.2185s, 110848 KB] New best heuristic value for pinch: 16
[t=34.2186s, 110848 KB] g=38, 1014285 evaluated, 3200 expanded
[t=313.852s, 971200 KB] New best heuristic value for pinch: 15
[t=313.852s, 971200 KB] g=40, 10942665 evaluated, 54666 expanded
Failed to allocate memory.
Memory limit has been reached.
Peak memory: 3670016 KB
Remove intermediate file output.sas
search exit code: 22

Driver aborting after search
