INFO     Running translator.
INFO     translator stdin: None
INFO     translator time limit: 1799.95s
INFO     translator memory limit: 3584 MB
INFO     translator command line string: /infai/weidan00/downward/experiments/bachelor/.venv/bin/python3 /infai/weidan00/downward/experiments/bachelor/data/bachelor-v1/code-7aa5f34_e5e41175/builds/release/bin/translate/translate.py domain.pddl problem.pddl --sas-file output.sas
Parsing...
Parsing: [0.000s CPU, 0.003s wall-clock]
Normalizing task... [0.000s CPU, 0.000s wall-clock]
Instantiating...
Generating Datalog program... [0.000s CPU, 0.000s wall-clock]
Normalizing Datalog program...
Normalizing Datalog program: [0.010s CPU, 0.004s wall-clock]
Preparing model... [0.000s CPU, 0.001s wall-clock]
Generated 51 rules.
Computing model... [0.010s CPU, 0.010s wall-clock]
358 relevant atoms
444 auxiliary atoms
802 final queue length
899 total queue pushes
Completing instantiation... [0.000s CPU, 0.006s wall-clock]
Instantiating: [0.020s CPU, 0.023s wall-clock]
Computing fact groups...
Finding invariants...
6 initial candidates
Finding invariants: [0.000s CPU, 0.002s wall-clock]
Checking invariant weight... [0.000s CPU, 0.000s wall-clock]
Instantiating groups... [0.000s CPU, 0.001s wall-clock]
Collecting mutex groups... [0.000s CPU, 0.000s wall-clock]
Choosing groups...
0 uncovered facts
Choosing groups: [0.000s CPU, 0.000s wall-clock]
Building translation key... [0.000s CPU, 0.000s wall-clock]
Computing fact groups: [0.010s CPU, 0.004s wall-clock]
Building STRIPS to SAS dictionary... [0.000s CPU, 0.000s wall-clock]
Building dictionary for full mutex groups... [0.000s CPU, 0.000s wall-clock]
Building mutex information...
Building mutex information: [0.000s CPU, 0.000s wall-clock]
Translating task...
Processing axioms...
Simplifying axioms... [0.000s CPU, 0.000s wall-clock]
Processing axioms: [0.000s CPU, 0.000s wall-clock]
Translating task: [0.000s CPU, 0.005s wall-clock]
0 effect conditions simplified
0 implied preconditions added
Detecting unreachable propositions...
0 operators removed
0 axioms removed
13 propositions removed
Detecting unreachable propositions: [0.010s CPU, 0.003s wall-clock]
Reordering and filtering variables...
11 of 13 variables necessary.
0 of 13 mutex groups necessary.
138 of 174 operators necessary.
0 of 0 axiom rules necessary.
Reordering and filtering variables: [0.000s CPU, 0.001s wall-clock]
Translator variables: 11
Translator derived variables: 0
Translator facts: 79
Translator goal facts: 7
Translator mutex groups: 0
Translator total mutex groups size: 0
Translator operators: 138
Translator axioms: 0
Translator task size: 637
Translator peak memory: 143052 KB
Writing output... [0.000s CPU, 0.004s wall-clock]
Done! [0.040s CPU, 0.044s wall-clock]
translate exit code: 0

INFO     Running search (release).
INFO     search stdin: output.sas
INFO     search time limit: 1799.84s
INFO     search memory limit: 3584 MB
INFO     search command line string: /infai/weidan00/downward/experiments/bachelor/data/bachelor-v1/code-7aa5f34_e5e41175/builds/release/bin/downward --search 'eager_wastar([pinch()], w=2)' --internal-plan-file sas_plan < output.sas
[t=6.5186e-05s, 17204 KB] reading input...
[t=0.00104405s, 17212 KB] done reading input!
[t=0.00291857s, 17476 KB] Simplifying 138 unary operators... done! [138 unary operators]
[t=0.00308372s, 17476 KB] time to simplify: 0.000219184s
[t=0.00316495s, 17476 KB] Initializing pinch heuristic...
[t=0.00328298s, 17476 KB] Building successor generator...done!
[t=0.00350954s, 17612 KB] peak memory difference for successor generator creation: 136 KB
[t=0.00354907s, 17612 KB] time for successor generation creation: 8.5722e-05s
[t=0.00359718s, 17612 KB] Variables: 11
[t=0.00363779s, 17612 KB] FactPairs: 79
[t=0.00367751s, 17612 KB] Bytes per state: 8
[t=0.00380358s, 17612 KB] Conducting best first search with reopening closed nodes, (real) bound = 2147483647
[t=0.00395132s, 17612 KB] New best heuristic value for pinch: 43
[t=0.00399433s, 17612 KB] g=0, 1 evaluated, 0 expanded
[t=0.00404559s, 17612 KB] Initial heuristic value for pinch: 43
[t=0.00408706s, 17612 KB] pruning method: none
[t=0.00415859s, 17612 KB] New best heuristic value for pinch: 42
[t=0.00420104s, 17612 KB] g=1, 3 evaluated, 1 expanded
[t=0.00432791s, 17612 KB] New best heuristic value for pinch: 41
[t=0.00437056s, 17612 KB] g=2, 14 evaluated, 2 expanded
[t=0.00449576s, 17612 KB] New best heuristic value for pinch: 40
[t=0.00453811s, 17612 KB] g=3, 25 evaluated, 3 expanded
[t=0.00466338s, 17612 KB] New best heuristic value for pinch: 39
[t=0.0047165s, 17612 KB] g=4, 36 evaluated, 4 expanded
[t=0.00482244s, 17612 KB] New best heuristic value for pinch: 38
[t=0.00486454s, 17612 KB] g=5, 44 evaluated, 5 expanded
[t=0.00497821s, 17612 KB] New best heuristic value for pinch: 37
[t=0.00502074s, 17612 KB] g=6, 53 evaluated, 6 expanded
[t=0.00513684s, 17612 KB] New best heuristic value for pinch: 36
[t=0.00517941s, 17612 KB] g=7, 63 evaluated, 7 expanded
[t=0.00528764s, 17612 KB] New best heuristic value for pinch: 35
[t=0.0053306s, 17612 KB] g=8, 70 evaluated, 8 expanded
[t=0.00544131s, 17612 KB] New best heuristic value for pinch: 34
[t=0.00548493s, 17612 KB] g=9, 78 evaluated, 9 expanded
[t=0.00561648s, 17612 KB] New best heuristic value for pinch: 33
[t=0.00566469s, 17612 KB] g=10, 88 evaluated, 10 expanded
[t=0.00576912s, 17612 KB] New best heuristic value for pinch: 32
[t=0.00581203s, 17612 KB] g=12, 96 evaluated, 12 expanded
[t=0.00591049s, 17612 KB] New best heuristic value for pinch: 31
[t=0.00595277s, 17612 KB] g=13, 103 evaluated, 13 expanded
[t=0.00606675s, 17612 KB] New best heuristic value for pinch: 30
[t=0.00610968s, 17612 KB] g=14, 112 evaluated, 14 expanded
[t=0.00627109s, 17612 KB] New best heuristic value for pinch: 29
[t=0.00631402s, 17612 KB] g=14, 127 evaluated, 16 expanded
[t=0.0064449s, 17612 KB] New best heuristic value for pinch: 28
[t=0.00648776s, 17612 KB] g=15, 135 evaluated, 17 expanded
[t=0.00660745s, 17612 KB] New best heuristic value for pinch: 27
[t=0.00665009s, 17612 KB] g=16, 145 evaluated, 18 expanded
[t=0.00698271s, 17612 KB] New best heuristic value for pinch: 26
[t=0.00702923s, 17612 KB] g=18, 182 evaluated, 23 expanded
[t=0.00714489s, 17612 KB] New best heuristic value for pinch: 25
[t=0.00718809s, 17612 KB] g=19, 192 evaluated, 24 expanded
[t=0.00731837s, 17612 KB] New best heuristic value for pinch: 24
[t=0.00736165s, 17612 KB] g=20, 202 evaluated, 25 expanded
[t=0.0075082s, 17612 KB] New best heuristic value for pinch: 23
[t=0.00755173s, 17612 KB] g=21, 216 evaluated, 26 expanded
[t=0.00764975s, 17612 KB] New best heuristic value for pinch: 22
[t=0.0076916s, 17612 KB] g=22, 225 evaluated, 27 expanded
[t=0.00779922s, 17612 KB] New best heuristic value for pinch: 21
[t=0.00784131s, 17612 KB] g=23, 234 evaluated, 28 expanded
[t=0.00797138s, 17612 KB] New best heuristic value for pinch: 20
[t=0.00801382s, 17612 KB] g=24, 247 evaluated, 29 expanded
[t=0.00811435s, 17612 KB] New best heuristic value for pinch: 19
[t=0.00816627s, 17612 KB] g=25, 256 evaluated, 30 expanded
[t=0.00830875s, 17612 KB] New best heuristic value for pinch: 18
[t=0.00835132s, 17612 KB] g=26, 266 evaluated, 31 expanded
[t=0.00845575s, 17612 KB] New best heuristic value for pinch: 17
[t=0.00849857s, 17612 KB] g=27, 276 evaluated, 32 expanded
[t=0.00862165s, 17612 KB] New best heuristic value for pinch: 16
[t=0.00866416s, 17612 KB] g=28, 288 evaluated, 33 expanded
[t=0.00878653s, 17612 KB] New best heuristic value for pinch: 15
[t=0.00882833s, 17612 KB] g=29, 300 evaluated, 34 expanded
[t=0.00889533s, 17612 KB] New best heuristic value for pinch: 14
[t=0.00893658s, 17612 KB] g=30, 304 evaluated, 35 expanded
[t=0.00904748s, 17612 KB] New best heuristic value for pinch: 13
[t=0.0090899s, 17612 KB] g=31, 313 evaluated, 36 expanded
[t=0.0092108s, 17612 KB] New best heuristic value for pinch: 12
[t=0.00925335s, 17612 KB] g=32, 324 evaluated, 37 expanded
[t=0.00939392s, 17612 KB] New best heuristic value for pinch: 11
[t=0.00943732s, 17612 KB] g=33, 338 evaluated, 38 expanded
[t=0.00955954s, 17612 KB] New best heuristic value for pinch: 10
[t=0.00960205s, 17612 KB] g=34, 350 evaluated, 39 expanded
[t=0.00970443s, 17612 KB] New best heuristic value for pinch: 9
[t=0.00974749s, 17612 KB] g=35, 360 evaluated, 40 expanded
[t=0.00988083s, 17612 KB] New best heuristic value for pinch: 8
[t=0.00992332s, 17612 KB] g=36, 371 evaluated, 41 expanded
[t=0.0100559s, 17612 KB] New best heuristic value for pinch: 7
[t=0.0100984s, 17612 KB] g=37, 383 evaluated, 42 expanded
[t=0.010238s, 17612 KB] New best heuristic value for pinch: 6
[t=0.0102804s, 17612 KB] g=38, 396 evaluated, 43 expanded
[t=0.0103926s, 17612 KB] New best heuristic value for pinch: 5
[t=0.0104348s, 17612 KB] g=39, 406 evaluated, 44 expanded
[t=0.0105601s, 17612 KB] New best heuristic value for pinch: 4
[t=0.0106022s, 17612 KB] g=40, 418 evaluated, 45 expanded
[t=0.0107028s, 17612 KB] New best heuristic value for pinch: 3
[t=0.0107452s, 17612 KB] g=41, 426 evaluated, 46 expanded
[t=0.0108714s, 17612 KB] New best heuristic value for pinch: 2
[t=0.010913s, 17612 KB] g=42, 438 evaluated, 47 expanded
[t=0.0110064s, 17612 KB] New best heuristic value for pinch: 1
[t=0.0110477s, 17612 KB] g=43, 446 evaluated, 48 expanded
[t=0.0111685s, 17612 KB] New best heuristic value for pinch: 0
[t=0.0112101s, 17612 KB] g=44, 457 evaluated, 49 expanded
[t=0.0112519s, 17612 KB] Solution found!
[t=0.0112959s, 17612 KB] Actual search time: 0.00720471s
load-truck obj33 tru3 pos3 (1)
drive-truck tru3 pos3 apt3 cit3 (1)
unload-truck obj33 tru3 apt3 (1)
load-truck obj23 tru2 pos2 (1)
drive-truck tru2 pos2 apt2 cit2 (1)
unload-truck obj23 tru2 apt2 (1)
load-truck obj13 tru1 pos1 (1)
drive-truck tru1 pos1 apt1 cit1 (1)
unload-truck obj13 tru1 apt1 (1)
load-airplane obj13 apn1 apt1 (1)
drive-truck tru3 apt3 pos3 cit3 (1)
load-truck obj32 tru3 pos3 (1)
load-truck obj31 tru3 pos3 (1)
drive-truck tru3 pos3 apt3 cit3 (1)
unload-truck obj32 tru3 apt3 (1)
unload-truck obj31 tru3 apt3 (1)
drive-truck tru1 apt1 pos1 cit1 (1)
load-truck obj12 tru1 pos1 (1)
drive-truck tru1 pos1 apt1 cit1 (1)
unload-truck obj12 tru1 apt1 (1)
load-airplane obj12 apn1 apt1 (1)
fly-airplane apn1 apt1 apt3 (1)
load-airplane obj33 apn1 apt3 (1)
load-airplane obj32 apn1 apt3 (1)
fly-airplane apn1 apt3 apt1 (1)
unload-airplane obj33 apn1 apt1 (1)
fly-airplane apn1 apt1 apt2 (1)
load-airplane obj23 apn1 apt2 (1)
unload-airplane obj12 apn1 apt2 (1)
load-truck obj12 tru2 apt2 (1)
drive-truck tru2 apt2 pos2 cit2 (1)
unload-truck obj12 tru2 pos2 (1)
fly-airplane apn1 apt2 apt1 (1)
unload-airplane obj32 apn1 apt1 (1)
load-truck obj32 tru1 apt1 (1)
drive-truck tru1 apt1 pos1 cit1 (1)
unload-truck obj32 tru1 pos1 (1)
fly-airplane apn1 apt1 apt3 (1)
load-airplane obj31 apn1 apt3 (1)
unload-airplane obj13 apn1 apt3 (1)
fly-airplane apn1 apt3 apt1 (1)
unload-airplane obj23 apn1 apt1 (1)
fly-airplane apn1 apt1 apt2 (1)
unload-airplane obj31 apn1 apt2 (1)
[t=0.0113394s, 17612 KB] Plan length: 44 step(s).
[t=0.0113394s, 17612 KB] Plan cost: 44
[t=0.0113394s, 17612 KB] Expanded 50 state(s).
[t=0.0113394s, 17612 KB] Reopened 0 state(s).
[t=0.0113394s, 17612 KB] Evaluated 457 state(s).
[t=0.0113394s, 17612 KB] Evaluations: 457
[t=0.0113394s, 17612 KB] Generated 529 state(s).
[t=0.0113394s, 17612 KB] Dead ends: 0 state(s).
[t=0.0113394s, 17612 KB] Number of registered states: 457
[t=0.0113394s, 17612 KB] Int hash set load factor: 457/512 = 0.892578
[t=0.0113394s, 17612 KB] Int hash set resizes: 9
[t=0.0113394s, 17612 KB] mean number of q cost that have been adjusted 0 times in relation to total number of q: -1
[t=0.0113394s, 17612 KB] mean number of q cost that have been adjusted 1 times in relation to total number of q: -1
[t=0.0113394s, 17612 KB] mean number of q cost that have been adjusted 2 times in relation to total number of q: -1
[t=0.0113394s, 17612 KB] mean number of q that are at some point overconsitent in relation to total number of q: -1
[t=0.0113394s, 17612 KB] mean number of q that are at first underconsisten in relation to total number of q: -1
[t=0.0113394s, 17612 KB] mean number of state variables that are not in common between two following states in relation to total number of state variables: -1
[t=0.0113394s, 17612 KB] variance number of state variables that are not in common between two following states in relation to total number of state variables: -1
[t=0.0113394s, 17612 KB] Search time: 0.00753647s
[t=0.0113394s, 17612 KB] Total time: 0.0113394s
Solution found.
Peak memory: 17612 KB
Remove intermediate file output.sas
search exit code: 0

INFO     Running validate.
INFO     validate stdin: None
INFO     validate time limit: None
INFO     validate memory limit: None
INFO     validate command line string: validate domain.pddl problem.pddl sas_plan
