INFO     Running translator.
INFO     translator stdin: None
INFO     translator time limit: 1799.97s
INFO     translator memory limit: 3584 MB
INFO     translator command line string: /infai/weidan00/downward/experiments/bachelor/.venv/bin/python3 /infai/weidan00/downward/experiments/bachelor/data/bachelor-v1/code-7aa5f34_e5e41175/builds/release/bin/translate/translate.py domain.pddl problem.pddl --sas-file output.sas
Parsing...
Parsing: [0.010s CPU, 0.003s wall-clock]
Normalizing task... [0.000s CPU, 0.000s wall-clock]
Instantiating...
Generating Datalog program... [0.000s CPU, 0.001s wall-clock]
Normalizing Datalog program...
Normalizing Datalog program: [0.000s CPU, 0.004s wall-clock]
Preparing model... [0.000s CPU, 0.002s wall-clock]
Generated 59 rules.
Computing model... [0.340s CPU, 0.340s wall-clock]
28538 relevant atoms
4709 auxiliary atoms
33247 final queue length
82122 total queue pushes
Completing instantiation... [1.520s CPU, 1.527s wall-clock]
Instantiating: [1.880s CPU, 1.882s wall-clock]
Computing fact groups...
Finding invariants...
9 initial candidates
Finding invariants: [0.020s CPU, 0.022s wall-clock]
Checking invariant weight... [0.000s CPU, 0.000s wall-clock]
Instantiating groups... [0.000s CPU, 0.005s wall-clock]
Collecting mutex groups... [0.000s CPU, 0.001s wall-clock]
Choosing groups...
0 uncovered facts
Choosing groups: [0.000s CPU, 0.002s wall-clock]
Building translation key... [0.000s CPU, 0.001s wall-clock]
Computing fact groups: [0.030s CPU, 0.035s wall-clock]
Building STRIPS to SAS dictionary... [0.000s CPU, 0.001s wall-clock]
Building dictionary for full mutex groups... [0.000s CPU, 0.000s wall-clock]
Building mutex information...
Building mutex information: [0.000s CPU, 0.000s wall-clock]
Translating task...
Processing axioms...
Simplifying axioms... [0.000s CPU, 0.000s wall-clock]
Processing axioms: [0.060s CPU, 0.053s wall-clock]
Translating task: [1.130s CPU, 1.124s wall-clock]
0 effect conditions simplified
0 implied preconditions added
Detecting unreachable propositions...
0 operators removed
0 axioms removed
35 propositions removed
Detecting unreachable propositions: [0.600s CPU, 0.610s wall-clock]
Reordering and filtering variables...
35 of 35 variables necessary.
0 of 35 mutex groups necessary.
27600 of 27600 operators necessary.
0 of 0 axiom rules necessary.
Reordering and filtering variables: [0.120s CPU, 0.124s wall-clock]
Translator variables: 35
Translator derived variables: 0
Translator facts: 760
Translator goal facts: 27
Translator mutex groups: 0
Translator total mutex groups size: 0
Translator operators: 27600
Translator axioms: 0
Translator task size: 132122
Translator peak memory: 254988 KB
Writing output... [0.240s CPU, 0.255s wall-clock]
Done! [4.060s CPU, 4.086s wall-clock]
translate exit code: 0

INFO     Running search (release).
INFO     search stdin: output.sas
INFO     search time limit: 1795.82s
INFO     search memory limit: 3584 MB
INFO     search command line string: /infai/weidan00/downward/experiments/bachelor/data/bachelor-v1/code-7aa5f34_e5e41175/builds/release/bin/downward --search 'eager_wastar([add()], w=2)' --internal-plan-file sas_plan < output.sas
[t=6.2152e-05s, 17204 KB] reading input...
[t=0.137861s, 24552 KB] done reading input!
[t=0.147521s, 27428 KB] Simplifying 48500 unary operators... done! [18100 unary operators]
[t=0.163805s, 29140 KB] time to simplify: 0.0169565s
[t=0.165401s, 29140 KB] Initializing additive heuristic...
[t=0.165589s, 29140 KB] Building successor generator...done!
[t=0.17569s, 29952 KB] peak memory difference for successor generator creation: 812 KB
[t=0.175739s, 29952 KB] time for successor generation creation: 0.00971262s
[t=0.176004s, 29952 KB] Variables: 35
[t=0.176058s, 29952 KB] FactPairs: 760
[t=0.176099s, 29952 KB] Bytes per state: 24
[t=0.176251s, 29952 KB] Conducting best first search with reopening closed nodes, (real) bound = 2147483647
[t=0.176566s, 29952 KB] New best heuristic value for add: 80
[t=0.176622s, 29952 KB] g=0, 1 evaluated, 0 expanded
[t=0.176679s, 29952 KB] Initial heuristic value for add: 80
[t=0.17672s, 29952 KB] pruning method: none
[t=0.179749s, 29952 KB] New best heuristic value for add: 79
[t=0.179805s, 29952 KB] g=1, 23 evaluated, 1 expanded
[t=0.180668s, 29952 KB] New best heuristic value for add: 76
[t=0.18072s, 29952 KB] g=1, 29 evaluated, 1 expanded
[t=0.200108s, 29952 KB] New best heuristic value for add: 75
[t=0.200174s, 29952 KB] g=2, 175 evaluated, 2 expanded
[t=0.21369s, 29952 KB] New best heuristic value for add: 74
[t=0.213754s, 29952 KB] g=3, 277 evaluated, 3 expanded
[t=0.23006s, 29952 KB] New best heuristic value for add: 71
[t=0.230124s, 29952 KB] g=4, 400 evaluated, 4 expanded
[t=0.24523s, 29952 KB] New best heuristic value for add: 70
[t=0.245296s, 29952 KB] g=5, 515 evaluated, 5 expanded
[t=0.262949s, 29952 KB] New best heuristic value for add: 69
[t=0.263014s, 29952 KB] g=6, 648 evaluated, 6 expanded
[t=0.283395s, 29952 KB] New best heuristic value for add: 68
[t=0.283462s, 29952 KB] g=7, 802 evaluated, 7 expanded
[t=0.301127s, 29952 KB] New best heuristic value for add: 67
[t=0.301194s, 29952 KB] g=8, 935 evaluated, 8 expanded
[t=0.324478s, 29952 KB] New best heuristic value for add: 66
[t=0.324549s, 29952 KB] g=9, 1109 evaluated, 9 expanded
[t=0.337334s, 29952 KB] New best heuristic value for add: 65
[t=0.337399s, 29952 KB] g=10, 1205 evaluated, 10 expanded
[t=0.357519s, 29952 KB] New best heuristic value for add: 64
[t=0.357585s, 29952 KB] g=11, 1356 evaluated, 11 expanded
[t=0.371656s, 29952 KB] New best heuristic value for add: 63
[t=0.371719s, 29952 KB] g=12, 1462 evaluated, 12 expanded
[t=0.390344s, 29952 KB] New best heuristic value for add: 62
[t=0.390409s, 29952 KB] g=13, 1603 evaluated, 13 expanded
[t=0.4138s, 29952 KB] New best heuristic value for add: 61
[t=0.413868s, 29952 KB] g=14, 1782 evaluated, 14 expanded
[t=0.505085s, 29952 KB] New best heuristic value for add: 60
[t=0.505176s, 29952 KB] g=16, 2471 evaluated, 20 expanded
[t=0.517647s, 29952 KB] New best heuristic value for add: 59
[t=0.517717s, 29952 KB] g=17, 2565 evaluated, 21 expanded
[t=0.547549s, 29952 KB] New best heuristic value for add: 58
[t=0.547625s, 29952 KB] g=18, 2793 evaluated, 23 expanded
[t=0.562122s, 29952 KB] New best heuristic value for add: 57
[t=0.56219s, 29952 KB] g=19, 2904 evaluated, 24 expanded
[t=0.574552s, 29952 KB] New best heuristic value for add: 56
[t=0.574622s, 29952 KB] g=20, 2999 evaluated, 25 expanded
[t=0.624471s, 29952 KB] New best heuristic value for add: 55
[t=0.624551s, 29952 KB] g=22, 3386 evaluated, 29 expanded
[t=0.636783s, 29952 KB] New best heuristic value for add: 54
[t=0.636853s, 29952 KB] g=23, 3478 evaluated, 30 expanded
[t=0.651638s, 29952 KB] New best heuristic value for add: 53
[t=0.651704s, 29952 KB] g=24, 3592 evaluated, 31 expanded
[t=0.714132s, 29952 KB] New best heuristic value for add: 52
[t=0.714221s, 29952 KB] g=26, 4079 evaluated, 36 expanded
[t=0.724508s, 29952 KB] New best heuristic value for add: 51
[t=0.724576s, 29952 KB] g=27, 4159 evaluated, 37 expanded
[t=0.73721s, 29952 KB] New best heuristic value for add: 50
[t=0.737274s, 29952 KB] g=28, 4257 evaluated, 38 expanded
[t=0.749898s, 29952 KB] New best heuristic value for add: 49
[t=0.749959s, 29952 KB] g=29, 4355 evaluated, 39 expanded
[t=0.778204s, 29952 KB] New best heuristic value for add: 48
[t=0.778274s, 29952 KB] g=31, 4575 evaluated, 42 expanded
[t=0.810267s, 29952 KB] New best heuristic value for add: 47
[t=0.810341s, 29952 KB] g=32, 4825 evaluated, 45 expanded
[t=0.823425s, 29952 KB] New best heuristic value for add: 46
[t=0.823491s, 29952 KB] g=33, 4927 evaluated, 46 expanded
[t=0.836599s, 29952 KB] New best heuristic value for add: 45
[t=0.836662s, 29952 KB] g=34, 5029 evaluated, 47 expanded
[t=0.849615s, 29952 KB] New best heuristic value for add: 44
[t=0.849678s, 29952 KB] g=35, 5130 evaluated, 48 expanded
[t=0.88497s, 29952 KB] New best heuristic value for add: 43
[t=0.885043s, 29952 KB] g=37, 5407 evaluated, 51 expanded
[t=0.885624s, 29952 KB] New best heuristic value for add: 42
[t=0.885676s, 29952 KB] g=37, 5411 evaluated, 51 expanded
[t=0.898124s, 29952 KB] New best heuristic value for add: 41
[t=0.898192s, 29952 KB] g=38, 5507 evaluated, 52 expanded
[t=0.911308s, 29952 KB] New best heuristic value for add: 40
[t=0.911371s, 29952 KB] g=39, 5610 evaluated, 53 expanded
[t=0.947248s, 29952 KB] New best heuristic value for add: 39
[t=0.947321s, 29952 KB] g=41, 5893 evaluated, 56 expanded
[t=0.981454s, 29952 KB] New best heuristic value for add: 38
[t=0.98153s, 29952 KB] g=42, 6160 evaluated, 59 expanded
[t=1.01792s, 29952 KB] New best heuristic value for add: 37
[t=1.018s, 29952 KB] g=43, 6448 evaluated, 62 expanded
[t=1.05381s, 29952 KB] New best heuristic value for add: 36
[t=1.05389s, 29952 KB] g=45, 6730 evaluated, 65 expanded
[t=1.0881s, 29952 KB] New best heuristic value for add: 35
[t=1.08818s, 29952 KB] g=46, 6998 evaluated, 68 expanded
[t=1.19606s, 29952 KB] New best heuristic value for add: 34
[t=1.19617s, 29952 KB] g=47, 7843 evaluated, 77 expanded
[t=1.207s, 29952 KB] New best heuristic value for add: 33
[t=1.20707s, 29952 KB] g=48, 7928 evaluated, 78 expanded
[t=1.21925s, 29952 KB] New best heuristic value for add: 32
[t=1.21932s, 29952 KB] g=49, 8024 evaluated, 79 expanded
[t=1.23045s, 29952 KB] New best heuristic value for add: 31
[t=1.23054s, 29952 KB] g=50, 8112 evaluated, 80 expanded
[t=1.24361s, 29952 KB] New best heuristic value for add: 30
[t=1.24369s, 29952 KB] g=51, 8215 evaluated, 81 expanded
[t=1.25501s, 29952 KB] New best heuristic value for add: 29
[t=1.25508s, 29952 KB] g=52, 8304 evaluated, 82 expanded
[t=1.26736s, 29952 KB] New best heuristic value for add: 28
[t=1.26742s, 29952 KB] g=53, 8401 evaluated, 83 expanded
[t=1.3005s, 29952 KB] New best heuristic value for add: 27
[t=1.30057s, 29952 KB] g=55, 8666 evaluated, 86 expanded
[t=1.30853s, 29952 KB] New best heuristic value for add: 26
[t=1.3086s, 29952 KB] g=56, 8731 evaluated, 87 expanded
[t=1.3169s, 29952 KB] New best heuristic value for add: 25
[t=1.31696s, 29952 KB] g=57, 8798 evaluated, 88 expanded
[t=1.32621s, 29952 KB] New best heuristic value for add: 24
[t=1.32627s, 29952 KB] g=58, 8873 evaluated, 89 expanded
[t=1.37255s, 29952 KB] New best heuristic value for add: 23
[t=1.37263s, 29952 KB] g=60, 9255 evaluated, 94 expanded
[t=1.37881s, 29952 KB] New best heuristic value for add: 22
[t=1.37887s, 29952 KB] g=61, 9305 evaluated, 95 expanded
[t=1.38683s, 29952 KB] New best heuristic value for add: 21
[t=1.38689s, 29952 KB] g=62, 9371 evaluated, 96 expanded
[t=1.3947s, 29952 KB] New best heuristic value for add: 20
[t=1.39476s, 29952 KB] g=63, 9436 evaluated, 97 expanded
[t=1.44349s, 29952 KB] New best heuristic value for add: 19
[t=1.44357s, 29952 KB] g=65, 9841 evaluated, 103 expanded
[t=1.45125s, 29952 KB] New best heuristic value for add: 18
[t=1.45132s, 29952 KB] g=66, 9904 evaluated, 104 expanded
[t=1.57834s, 29952 KB] New best heuristic value for add: 17
[t=1.57844s, 29952 KB] g=68, 10968 evaluated, 122 expanded
[t=1.58699s, 29952 KB] New best heuristic value for add: 16
[t=1.58706s, 29952 KB] g=69, 11038 evaluated, 123 expanded
[t=1.69959s, 29952 KB] New best heuristic value for add: 15
[t=1.69968s, 29952 KB] g=71, 11982 evaluated, 139 expanded
[t=1.71297s, 29952 KB] New best heuristic value for add: 14
[t=1.71304s, 29952 KB] g=72, 12092 evaluated, 141 expanded
[t=1.80658s, 29952 KB] New best heuristic value for add: 13
[t=1.80668s, 29952 KB] g=74, 12878 evaluated, 154 expanded
[t=1.81272s, 29952 KB] New best heuristic value for add: 12
[t=1.81278s, 29952 KB] g=75, 12926 evaluated, 155 expanded
[t=1.82018s, 29952 KB] New best heuristic value for add: 11
[t=1.82024s, 29952 KB] g=76, 12989 evaluated, 156 expanded
[t=1.8575s, 29952 KB] New best heuristic value for add: 10
[t=1.85757s, 29952 KB] g=78, 13307 evaluated, 162 expanded
[t=1.85899s, 29952 KB] New best heuristic value for add: 9
[t=1.85904s, 29952 KB] g=78, 13319 evaluated, 162 expanded
[t=1.86265s, 29952 KB] New best heuristic value for add: 8
[t=1.8627s, 29952 KB] g=79, 13350 evaluated, 163 expanded
[t=1.92281s, 29952 KB] New best heuristic value for add: 7
[t=1.9229s, 29952 KB] g=82, 13874 evaluated, 177 expanded
[t=1.96571s, 29952 KB] New best heuristic value for add: 6
[t=1.96579s, 29952 KB] g=83, 14228 evaluated, 187 expanded
[t=1.96986s, 29952 KB] New best heuristic value for add: 5
[t=1.96993s, 29952 KB] g=84, 14265 evaluated, 188 expanded
[t=1.97569s, 29952 KB] New best heuristic value for add: 4
[t=1.97574s, 29952 KB] g=85, 14319 evaluated, 189 expanded
[t=2.3226s, 29952 KB] New best heuristic value for add: 3
[t=2.32271s, 29952 KB] g=88, 17359 evaluated, 277 expanded
[t=2.34368s, 29952 KB] New best heuristic value for add: 2
[t=2.34376s, 29952 KB] g=90, 17643 evaluated, 284 expanded
[t=2.346s, 29952 KB] New best heuristic value for add: 1
[t=2.34606s, 29952 KB] g=91, 17689 evaluated, 287 expanded
[t=2.34689s, 29952 KB] New best heuristic value for add: 0
[t=2.34695s, 29952 KB] g=92, 17708 evaluated, 288 expanded
[t=2.34766s, 29952 KB] Solution found!
[t=2.34778s, 29952 KB] Actual search time: 2.17106s
fly plane4 city10 city13 fl2 fl1 (1)
board person19 plane5 city1 (1)
fly plane5 city1 city17 fl1 fl0 (1)
refuel plane5 city17 fl0 fl1 (1)
board person25 plane5 city17 (1)
debark person19 plane5 city17 (1)
board person9 plane4 city13 (1)
board person5 plane4 city13 (1)
board person4 plane3 city16 (1)
fly plane3 city16 city12 fl5 fl4 (1)
board person20 plane3 city12 (1)
fly plane3 city12 city4 fl4 fl3 (1)
board person23 plane3 city4 (1)
board person18 plane1 city0 (1)
fly plane3 city4 city12 fl3 fl2 (1)
debark person23 plane3 city12 (1)
fly plane3 city12 city14 fl2 fl1 (1)
debark person20 plane3 city14 (1)
fly plane3 city14 city9 fl1 fl0 (1)
debark person4 plane3 city9 (1)
refuel plane3 city9 fl0 fl1 (1)
board person17 plane3 city9 (1)
fly plane3 city9 city0 fl1 fl0 (1)
debark person17 plane3 city0 (1)
fly plane2 city1 city8 fl1 fl0 (1)
refuel plane2 city8 fl0 fl1 (1)
board person21 plane2 city8 (1)
board person15 plane2 city8 (1)
board person13 plane2 city8 (1)
refuel plane5 city17 fl1 fl2 (1)
fly plane5 city17 city6 fl2 fl1 (1)
board person6 plane5 city6 (1)
board person3 plane5 city6 (1)
board person24 plane5 city6 (1)
board person12 plane5 city6 (1)
refuel plane5 city6 fl1 fl2 (1)
fly plane5 city6 city13 fl2 fl1 (1)
debark person3 plane5 city13 (1)
debark person24 plane5 city13 (1)
refuel plane5 city13 fl1 fl2 (1)
fly plane5 city13 city16 fl2 fl1 (1)
debark person6 plane5 city16 (1)
board person10 plane5 city16 (1)
refuel plane5 city16 fl1 fl2 (1)
fly plane5 city16 city2 fl2 fl1 (1)
debark person25 plane5 city2 (1)
board person11 plane5 city2 (1)
fly plane5 city2 city13 fl1 fl0 (1)
refuel plane5 city13 fl0 fl1 (1)
debark person11 plane5 city13 (1)
debark person10 plane5 city13 (1)
fly plane5 city13 city17 fl1 fl0 (1)
debark person12 plane5 city17 (1)
fly plane4 city13 city0 fl1 fl0 (1)
refuel plane4 city0 fl0 fl1 (1)
debark person5 plane4 city0 (1)
fly plane4 city0 city17 fl1 fl0 (1)
debark person9 plane4 city17 (1)
refuel plane2 city8 fl1 fl2 (1)
fly plane2 city8 city3 fl2 fl1 (1)
board person8 plane2 city3 (1)
board person2 plane2 city3 (1)
debark person13 plane2 city3 (1)
refuel plane2 city3 fl1 fl2 (1)
fly plane2 city3 city0 fl2 fl1 (1)
debark person8 plane2 city0 (1)
refuel plane2 city0 fl1 fl2 (1)
fly plane2 city0 city1 fl2 fl1 (1)
debark person2 plane2 city1 (1)
refuel plane2 city1 fl1 fl2 (1)
fly plane2 city1 city13 fl2 fl1 (1)
debark person15 plane2 city13 (1)
fly plane2 city13 city17 fl1 fl0 (1)
refuel plane2 city17 fl0 fl1 (1)
debark person21 plane2 city17 (1)
fly plane2 city17 city8 fl1 fl0 (1)
refuel plane1 city0 fl1 fl2 (1)
fly plane1 city0 city4 fl2 fl1 (1)
debark person18 plane1 city4 (1)
refuel plane5 city17 fl0 fl1 (1)
fly plane5 city17 city19 fl1 fl0 (1)
refuel plane5 city19 fl0 fl1 (1)
board person1 plane5 city19 (1)
fly plane5 city19 city10 fl1 fl0 (1)
debark person1 plane5 city10 (1)
refuel plane1 city4 fl1 fl2 (1)
fly plane1 city4 city15 fl2 fl1 (1)
board person22 plane1 city15 (1)
fly plane1 city15 city4 fl1 fl0 (1)
refuel plane1 city4 fl0 fl1 (1)
debark person22 plane1 city4 (1)
fly plane1 city4 city11 fl1 fl0 (1)
[t=2.34782s, 29952 KB] Plan length: 92 step(s).
[t=2.34782s, 29952 KB] Plan cost: 92
[t=2.34782s, 29952 KB] Expanded 289 state(s).
[t=2.34782s, 29952 KB] Reopened 0 state(s).
[t=2.34782s, 29952 KB] Evaluated 17725 state(s).
[t=2.34782s, 29952 KB] Evaluations: 17725
[t=2.34782s, 29952 KB] Generated 20436 state(s).
[t=2.34782s, 29952 KB] Dead ends: 0 state(s).
[t=2.34782s, 29952 KB] Number of registered states: 17725
[t=2.34782s, 29952 KB] Int hash set load factor: 17725/32768 = 0.540924
[t=2.34782s, 29952 KB] Int hash set resizes: 15
[t=2.34782s, 29952 KB] mean number of q cost that have been adjusted 0 times in relation to total number of q: -1
[t=2.34782s, 29952 KB] mean number of q cost that have been adjusted 1 times in relation to total number of q: -1
[t=2.34782s, 29952 KB] mean number of q cost that have been adjusted 2 times in relation to total number of q: -1
[t=2.34782s, 29952 KB] mean number of q that are at some point overconsitent in relation to total number of q: -1
[t=2.34782s, 29952 KB] mean number of q that are at first underconsisten in relation to total number of q: -1
[t=2.34782s, 29952 KB] mean number of state variables that are not in common between two following states in relation to total number of state variables: -1
[t=2.34782s, 29952 KB] variance number of state variables that are not in common between two following states in relation to total number of state variables: -1
[t=2.34782s, 29952 KB] Search time: 2.17157s
[t=2.34782s, 29952 KB] Total time: 2.34782s
Solution found.
Peak memory: 29952 KB
Remove intermediate file output.sas
search exit code: 0

INFO     Running validate.
INFO     validate stdin: None
INFO     validate time limit: None
INFO     validate memory limit: None
INFO     validate command line string: validate domain.pddl problem.pddl sas_plan
