INFO     Running translator.
INFO     translator stdin: None
INFO     translator time limit: 1799.95s
INFO     translator memory limit: 3584 MB
INFO     translator command line string: /infai/weidan00/downward/experiments/bachelor/.venv/bin/python3 /infai/weidan00/downward/experiments/bachelor/data/bachelor-v1/code-7aa5f34_e5e41175/builds/release/bin/translate/translate.py domain.pddl problem.pddl --sas-file output.sas
Parsing...
Parsing: [0.000s CPU, 0.003s wall-clock]
Normalizing task... [0.000s CPU, 0.000s wall-clock]
Instantiating...
Generating Datalog program... [0.000s CPU, 0.000s wall-clock]
Normalizing Datalog program...
Normalizing Datalog program: [0.010s CPU, 0.004s wall-clock]
Preparing model... [0.000s CPU, 0.002s wall-clock]
Generated 61 rules.
Computing model... [0.010s CPU, 0.008s wall-clock]
345 relevant atoms
413 auxiliary atoms
758 final queue length
1196 total queue pushes
Completing instantiation... [0.010s CPU, 0.012s wall-clock]
Instantiating: [0.030s CPU, 0.028s wall-clock]
Computing fact groups...
Finding invariants...
16 initial candidates
Finding invariants: [0.010s CPU, 0.008s wall-clock]
Checking invariant weight... [0.000s CPU, 0.000s wall-clock]
Instantiating groups... [0.000s CPU, 0.002s wall-clock]
Collecting mutex groups... [0.000s CPU, 0.000s wall-clock]
Choosing groups...
16 uncovered facts
Choosing groups: [0.000s CPU, 0.000s wall-clock]
Building translation key... [0.000s CPU, 0.000s wall-clock]
Computing fact groups: [0.010s CPU, 0.011s wall-clock]
Building STRIPS to SAS dictionary... [0.000s CPU, 0.000s wall-clock]
Building dictionary for full mutex groups... [0.000s CPU, 0.000s wall-clock]
Building mutex information...
Building mutex information: [0.000s CPU, 0.000s wall-clock]
Translating task...
Processing axioms...
Simplifying axioms... [0.000s CPU, 0.000s wall-clock]
Processing axioms: [0.000s CPU, 0.001s wall-clock]
Translating task: [0.010s CPU, 0.012s wall-clock]
216 effect conditions simplified
0 implied preconditions added
Detecting unreachable propositions...
0 operators removed
0 axioms removed
22 propositions removed
Detecting unreachable propositions: [0.010s CPU, 0.006s wall-clock]
Reordering and filtering variables...
20 of 20 variables necessary.
14 of 20 mutex groups necessary.
180 of 180 operators necessary.
0 of 0 axiom rules necessary.
Reordering and filtering variables: [0.000s CPU, 0.003s wall-clock]
Translator variables: 20
Translator derived variables: 0
Translator facts: 86
Translator goal facts: 4
Translator mutex groups: 14
Translator total mutex groups size: 98
Translator operators: 180
Translator axioms: 0
Translator task size: 1648
Translator peak memory: 143564 KB
Writing output... [0.000s CPU, 0.007s wall-clock]
Done! [0.060s CPU, 0.072s wall-clock]
translate exit code: 0

INFO     Running search (release).
INFO     search stdin: output.sas
INFO     search time limit: 1799.82s
INFO     search memory limit: 3584 MB
INFO     search command line string: /infai/weidan00/downward/experiments/bachelor/data/bachelor-v1/code-7aa5f34_e5e41175/builds/release/bin/downward --search 'eager_wastar([add()], w=2)' --internal-plan-file sas_plan < output.sas
[t=6.6386e-05s, 17204 KB] reading input...
[t=0.00193368s, 17344 KB] done reading input!
[t=0.00387963s, 17608 KB] Simplifying 708 unary operators... done! [708 unary operators]
[t=0.00470529s, 17608 KB] time to simplify: 0.000899514s
[t=0.00486734s, 17608 KB] Initializing additive heuristic...
[t=0.00499472s, 17608 KB] Building successor generator...done!
[t=0.00524345s, 17608 KB] peak memory difference for successor generator creation: 0 KB
[t=0.00528254s, 17608 KB] time for successor generation creation: 0.000116976s
[t=0.00533022s, 17608 KB] Variables: 20
[t=0.00537091s, 17608 KB] FactPairs: 86
[t=0.00541188s, 17608 KB] Bytes per state: 8
[t=0.00554748s, 17608 KB] Conducting best first search with reopening closed nodes, (real) bound = 2147483647
[t=0.00566577s, 17608 KB] New best heuristic value for add: 20
[t=0.00570908s, 17608 KB] g=0, 1 evaluated, 0 expanded
[t=0.00575682s, 17608 KB] Initial heuristic value for add: 20
[t=0.00579821s, 17608 KB] pruning method: none
[t=0.00586743s, 17608 KB] New best heuristic value for add: 19
[t=0.00590319s, 17608 KB] g=1, 2 evaluated, 1 expanded
[t=0.00606806s, 17608 KB] New best heuristic value for add: 18
[t=0.00611138s, 17608 KB] g=2, 11 evaluated, 2 expanded
[t=0.00623145s, 17608 KB] New best heuristic value for add: 16
[t=0.00627396s, 17608 KB] g=3, 17 evaluated, 3 expanded
[t=0.00639185s, 17608 KB] New best heuristic value for add: 15
[t=0.00643417s, 17608 KB] g=4, 23 evaluated, 4 expanded
[t=0.00668375s, 17608 KB] New best heuristic value for add: 11
[t=0.00672846s, 17608 KB] g=6, 40 evaluated, 8 expanded
[t=0.00685607s, 17608 KB] New best heuristic value for add: 10
[t=0.00689966s, 17608 KB] g=7, 47 evaluated, 9 expanded
[t=0.00700762s, 17608 KB] New best heuristic value for add: 8
[t=0.00705015s, 17608 KB] g=8, 53 evaluated, 10 expanded
[t=0.00715042s, 17608 KB] New best heuristic value for add: 7
[t=0.00719203s, 17608 KB] g=9, 59 evaluated, 11 expanded
[t=0.00728088s, 17608 KB] New best heuristic value for add: 6
[t=0.00732253s, 17608 KB] g=10, 64 evaluated, 12 expanded
[t=0.00743496s, 17608 KB] New best heuristic value for add: 5
[t=0.00747672s, 17608 KB] g=11, 71 evaluated, 13 expanded
[t=0.00756035s, 17608 KB] New best heuristic value for add: 4
[t=0.00763352s, 17608 KB] g=12, 76 evaluated, 14 expanded
[t=0.00773297s, 17608 KB] New best heuristic value for add: 3
[t=0.00777479s, 17608 KB] g=13, 83 evaluated, 15 expanded
[t=0.00787732s, 17608 KB] New best heuristic value for add: 2
[t=0.00791868s, 17608 KB] g=14, 92 evaluated, 16 expanded
[t=0.00800714s, 17608 KB] New best heuristic value for add: 1
[t=0.00804847s, 17608 KB] g=15, 100 evaluated, 17 expanded
[t=0.00813344s, 17608 KB] New best heuristic value for add: 0
[t=0.00817543s, 17608 KB] g=16, 108 evaluated, 18 expanded
[t=0.00821695s, 17608 KB] Solution found!
[t=0.00825914s, 17608 KB] Actual search time: 0.00245637s
drive truck1 depot0 distributor0 (1)
lift hoist0 crate0 pallet0 depot0 (1)
load hoist0 crate0 truck0 depot0 (1)
drive truck0 depot0 distributor1 (1)
lift hoist2 crate2 crate1 distributor1 (1)
load hoist2 crate2 truck0 distributor1 (1)
lift hoist2 crate1 pallet2 distributor1 (1)
load hoist2 crate1 truck0 distributor1 (1)
unload hoist2 crate0 truck0 distributor1 (1)
drive truck0 distributor1 depot0 (1)
unload hoist0 crate2 truck0 depot0 (1)
drive truck0 depot0 distributor0 (1)
unload hoist1 crate1 truck0 distributor0 (1)
drop hoist0 crate2 pallet0 depot0 (1)
drop hoist2 crate0 pallet2 distributor1 (1)
drop hoist1 crate1 crate3 distributor0 (1)
[t=0.0083025s, 17608 KB] Plan length: 16 step(s).
[t=0.0083025s, 17608 KB] Plan cost: 16
[t=0.0083025s, 17608 KB] Expanded 19 state(s).
[t=0.0083025s, 17608 KB] Reopened 0 state(s).
[t=0.0083025s, 17608 KB] Evaluated 108 state(s).
[t=0.0083025s, 17608 KB] Evaluations: 108
[t=0.0083025s, 17608 KB] Generated 138 state(s).
[t=0.0083025s, 17608 KB] Dead ends: 0 state(s).
[t=0.0083025s, 17608 KB] Number of registered states: 108
[t=0.0083025s, 17608 KB] Int hash set load factor: 108/128 = 0.84375
[t=0.0083025s, 17608 KB] Int hash set resizes: 7
[t=0.0083025s, 17608 KB] mean number of q cost that have been adjusted 0 times in relation to total number of q: -1
[t=0.0083025s, 17608 KB] mean number of q cost that have been adjusted 1 times in relation to total number of q: -1
[t=0.0083025s, 17608 KB] mean number of q cost that have been adjusted 2 times in relation to total number of q: -1
[t=0.0083025s, 17608 KB] mean number of q that are at some point overconsitent in relation to total number of q: -1
[t=0.0083025s, 17608 KB] mean number of q that are at first underconsisten in relation to total number of q: -1
[t=0.0083025s, 17608 KB] mean number of state variables that are not in common between two following states in relation to total number of state variables: -1
[t=0.0083025s, 17608 KB] variance number of state variables that are not in common between two following states in relation to total number of state variables: -1
[t=0.0083025s, 17608 KB] Search time: 0.00275577s
[t=0.0083025s, 17608 KB] Total time: 0.0083025s
Solution found.
Peak memory: 17608 KB
Remove intermediate file output.sas
search exit code: 0

INFO     Running validate.
INFO     validate stdin: None
INFO     validate time limit: None
INFO     validate memory limit: None
INFO     validate command line string: validate domain.pddl problem.pddl sas_plan
