INFO     Running translator.
INFO     translator stdin: None
INFO     translator time limit: 1799.94s
INFO     translator memory limit: 3584 MB
INFO     translator command line string: /infai/weidan00/downward/experiments/bachelor/.venv/bin/python3 /infai/weidan00/downward/experiments/bachelor/data/bachelor-v1/code-7aa5f34_e5e41175/builds/release/bin/translate/translate.py domain.pddl problem.pddl --sas-file output.sas
Parsing...
Parsing: [0.010s CPU, 0.007s wall-clock]
Normalizing task... [0.000s CPU, 0.000s wall-clock]
Instantiating...
Generating Datalog program... [0.000s CPU, 0.002s wall-clock]
Normalizing Datalog program...
Normalizing Datalog program: [0.000s CPU, 0.002s wall-clock]
Preparing model... [0.010s CPU, 0.008s wall-clock]
Generated 13 rules.
Computing model... [0.040s CPU, 0.036s wall-clock]
2433 relevant atoms
1501 auxiliary atoms
3934 final queue length
6709 total queue pushes
Completing instantiation... [0.050s CPU, 0.050s wall-clock]
Instantiating: [0.100s CPU, 0.099s wall-clock]
Computing fact groups...
Finding invariants...
6 initial candidates
Finding invariants: [0.000s CPU, 0.001s wall-clock]
Checking invariant weight... [0.000s CPU, 0.000s wall-clock]
Instantiating groups... [0.000s CPU, 0.000s wall-clock]
Collecting mutex groups... [0.000s CPU, 0.000s wall-clock]
Choosing groups...
38 uncovered facts
Choosing groups: [0.000s CPU, 0.000s wall-clock]
Building translation key... [0.000s CPU, 0.000s wall-clock]
Computing fact groups: [0.000s CPU, 0.003s wall-clock]
Building STRIPS to SAS dictionary... [0.000s CPU, 0.000s wall-clock]
Building dictionary for full mutex groups... [0.000s CPU, 0.000s wall-clock]
Building mutex information...
Building mutex information: [0.000s CPU, 0.000s wall-clock]
Translating task...
Processing axioms...
Simplifying axioms... [0.000s CPU, 0.000s wall-clock]
Processing axioms: [0.000s CPU, 0.002s wall-clock]
Translating task: [0.040s CPU, 0.037s wall-clock]
19 effect conditions simplified
0 implied preconditions added
Detecting unreachable propositions...
0 operators removed
0 axioms removed
1 propositions removed
Detecting unreachable propositions: [0.020s CPU, 0.021s wall-clock]
Reordering and filtering variables...
39 of 39 variables necessary.
0 of 1 mutex groups necessary.
1430 of 1430 operators necessary.
0 of 0 axiom rules necessary.
Reordering and filtering variables: [0.000s CPU, 0.005s wall-clock]
Translator variables: 39
Translator derived variables: 0
Translator facts: 114
Translator goal facts: 19
Translator mutex groups: 0
Translator total mutex groups size: 0
Translator operators: 1430
Translator axioms: 0
Translator task size: 4533
Translator peak memory: 146892 KB
Writing output... [0.010s CPU, 0.014s wall-clock]
Done! [0.180s CPU, 0.189s wall-clock]
translate exit code: 0

INFO     Running search (release).
INFO     search stdin: output.sas
INFO     search time limit: 1799.69s
INFO     search memory limit: 3584 MB
INFO     search command line string: /infai/weidan00/downward/experiments/bachelor/data/bachelor-v1/code-7aa5f34_e5e41175/builds/release/bin/downward --search 'eager_wastar([pinch()], w=2)' --internal-plan-file sas_plan < output.sas
[t=6.332e-05s, 17204 KB] reading input...
[t=0.00549217s, 17480 KB] done reading input!
[t=0.00767408s, 17744 KB] Simplifying 1463 unary operators... done! [1463 unary operators]
[t=0.00839033s, 17876 KB] time to simplify: 0.000846542s
[t=0.00859038s, 17876 KB] Initializing pinch heuristic...
[t=0.00872486s, 17876 KB] Building successor generator...done!
[t=0.00911529s, 18012 KB] peak memory difference for successor generator creation: 136 KB
[t=0.00915554s, 18012 KB] time for successor generation creation: 0.000254008s
[t=0.0092133s, 18012 KB] Variables: 39
[t=0.00925477s, 18012 KB] FactPairs: 114
[t=0.00929497s, 18012 KB] Bytes per state: 8
[t=0.00943514s, 18012 KB] Conducting best first search with reopening closed nodes, (real) bound = 2147483647
[t=0.00963354s, 18012 KB] New best heuristic value for pinch: 76
[t=0.00967744s, 18012 KB] g=0, 1 evaluated, 0 expanded
[t=0.00972961s, 18012 KB] Initial heuristic value for pinch: 76
[t=0.00977109s, 18012 KB] pruning method: none
[t=0.00983358s, 18012 KB] New best heuristic value for pinch: 74
[t=0.00987619s, 18012 KB] g=1, 2 evaluated, 1 expanded
[t=0.0100821s, 18012 KB] New best heuristic value for pinch: 73
[t=0.0101276s, 18012 KB] g=1, 23 evaluated, 1 expanded
[t=0.0103138s, 18012 KB] New best heuristic value for pinch: 72
[t=0.0103573s, 18012 KB] g=2, 39 evaluated, 2 expanded
[t=0.0106514s, 18012 KB] New best heuristic value for pinch: 71
[t=0.0106962s, 18012 KB] g=3, 73 evaluated, 3 expanded
[t=0.0107777s, 18012 KB] New best heuristic value for pinch: 69
[t=0.0108191s, 18012 KB] g=4, 77 evaluated, 4 expanded
[t=0.0108792s, 18012 KB] New best heuristic value for pinch: 68
[t=0.0109199s, 18012 KB] g=5, 79 evaluated, 5 expanded
[t=0.0112273s, 18012 KB] New best heuristic value for pinch: 66
[t=0.0112713s, 18012 KB] g=6, 115 evaluated, 6 expanded
[t=0.011338s, 18012 KB] New best heuristic value for pinch: 64
[t=0.0113799s, 18012 KB] g=7, 117 evaluated, 7 expanded
[t=0.0116971s, 18012 KB] New best heuristic value for pinch: 63
[t=0.0117417s, 18012 KB] g=8, 153 evaluated, 8 expanded
[t=0.0118335s, 18012 KB] New best heuristic value for pinch: 62
[t=0.0118751s, 18012 KB] g=9, 159 evaluated, 9 expanded
[t=0.0121538s, 18012 KB] New best heuristic value for pinch: 61
[t=0.0121974s, 18012 KB] g=10, 191 evaluated, 10 expanded
[t=0.0123577s, 18012 KB] New best heuristic value for pinch: 60
[t=0.0123995s, 18012 KB] g=11, 207 evaluated, 11 expanded
[t=0.0126124s, 18012 KB] New best heuristic value for pinch: 59
[t=0.0126548s, 18012 KB] g=12, 229 evaluated, 13 expanded
[t=0.0128078s, 18012 KB] New best heuristic value for pinch: 58
[t=0.01285s, 18012 KB] g=13, 243 evaluated, 14 expanded
[t=0.0131027s, 18012 KB] New best heuristic value for pinch: 57
[t=0.013145s, 18012 KB] g=14, 267 evaluated, 16 expanded
[t=0.0133153s, 18012 KB] New best heuristic value for pinch: 56
[t=0.0133583s, 18012 KB] g=15, 284 evaluated, 17 expanded
[t=0.0135678s, 18012 KB] New best heuristic value for pinch: 55
[t=0.0136114s, 18012 KB] g=16, 305 evaluated, 19 expanded
[t=0.0137644s, 18012 KB] New best heuristic value for pinch: 54
[t=0.0138081s, 18012 KB] g=17, 319 evaluated, 20 expanded
[t=0.0140359s, 18012 KB] New best heuristic value for pinch: 52
[t=0.0140786s, 18012 KB] g=18, 343 evaluated, 22 expanded
[t=0.0141571s, 18012 KB] New best heuristic value for pinch: 51
[t=0.0141992s, 18012 KB] g=19, 347 evaluated, 23 expanded
[t=0.0143403s, 18012 KB] New best heuristic value for pinch: 50
[t=0.0143839s, 18012 KB] g=19, 361 evaluated, 23 expanded
[t=0.014585s, 18012 KB] New best heuristic value for pinch: 49
[t=0.0146269s, 18012 KB] g=20, 381 evaluated, 24 expanded
[t=0.0148607s, 18012 KB] New best heuristic value for pinch: 48
[t=0.0149032s, 18012 KB] g=21, 408 evaluated, 25 expanded
[t=0.0150329s, 18012 KB] New best heuristic value for pinch: 46
[t=0.0150743s, 18012 KB] g=22, 419 evaluated, 26 expanded
[t=0.0151424s, 18012 KB] New best heuristic value for pinch: 45
[t=0.0151835s, 18012 KB] g=23, 422 evaluated, 27 expanded
[t=0.0154092s, 18012 KB] New best heuristic value for pinch: 44
[t=0.0154511s, 18012 KB] g=23, 448 evaluated, 27 expanded
[t=0.0155783s, 18012 KB] New best heuristic value for pinch: 43
[t=0.0156203s, 18012 KB] g=24, 457 evaluated, 29 expanded
[t=0.0158252s, 18012 KB] New best heuristic value for pinch: 42
[t=0.0158671s, 18012 KB] g=25, 480 evaluated, 30 expanded
[t=0.0160628s, 18012 KB] New best heuristic value for pinch: 41
[t=0.0161058s, 18012 KB] g=27, 499 evaluated, 33 expanded
[t=0.0163924s, 18012 KB] New best heuristic value for pinch: 40
[t=0.0164364s, 18012 KB] g=27, 524 evaluated, 33 expanded
[t=0.0166059s, 18012 KB] New best heuristic value for pinch: 39
[t=0.0166482s, 18012 KB] g=29, 539 evaluated, 36 expanded
[t=0.0168101s, 18012 KB] New best heuristic value for pinch: 38
[t=0.0168523s, 18012 KB] g=29, 556 evaluated, 36 expanded
[t=0.0170123s, 18012 KB] New best heuristic value for pinch: 37
[t=0.0170546s, 18012 KB] g=30, 571 evaluated, 37 expanded
[t=0.0173798s, 18012 KB] New best heuristic value for pinch: 36
[t=0.0174233s, 18012 KB] g=32, 609 evaluated, 39 expanded
[t=0.0175225s, 18012 KB] New best heuristic value for pinch: 35
[t=0.0175644s, 18012 KB] g=33, 616 evaluated, 40 expanded
[t=0.0178285s, 18012 KB] New best heuristic value for pinch: 34
[t=0.0178712s, 18012 KB] g=34, 647 evaluated, 41 expanded
[t=0.0179784s, 18012 KB] New best heuristic value for pinch: 33
[t=0.0180206s, 18012 KB] g=35, 655 evaluated, 42 expanded
[t=0.0182895s, 18012 KB] New best heuristic value for pinch: 32
[t=0.0183325s, 18012 KB] g=36, 685 evaluated, 43 expanded
[t=0.0184438s, 18012 KB] New best heuristic value for pinch: 31
[t=0.0184861s, 18012 KB] g=37, 694 evaluated, 44 expanded
[t=0.0187365s, 18012 KB] New best heuristic value for pinch: 30
[t=0.0187795s, 18012 KB] g=38, 723 evaluated, 45 expanded
[t=0.0189379s, 18012 KB] New best heuristic value for pinch: 29
[t=0.0189881s, 18012 KB] g=39, 739 evaluated, 46 expanded
[t=0.0192083s, 18012 KB] New best heuristic value for pinch: 28
[t=0.0192508s, 18012 KB] g=40, 761 evaluated, 49 expanded
[t=0.0193945s, 18012 KB] New best heuristic value for pinch: 27
[t=0.019437s, 18012 KB] g=41, 775 evaluated, 50 expanded
[t=0.0196681s, 18012 KB] New best heuristic value for pinch: 26
[t=0.0197122s, 18012 KB] g=42, 799 evaluated, 53 expanded
[t=0.0198783s, 18012 KB] New best heuristic value for pinch: 25
[t=0.0199245s, 18012 KB] g=43, 816 evaluated, 54 expanded
[t=0.0201362s, 18012 KB] New best heuristic value for pinch: 24
[t=0.0201782s, 18012 KB] g=44, 837 evaluated, 57 expanded
[t=0.0203208s, 18012 KB] New best heuristic value for pinch: 23
[t=0.0203626s, 18012 KB] g=45, 851 evaluated, 58 expanded
[t=0.0205914s, 18012 KB] New best heuristic value for pinch: 22
[t=0.0206339s, 18012 KB] g=46, 875 evaluated, 61 expanded
[t=0.0208305s, 18012 KB] New best heuristic value for pinch: 21
[t=0.0208736s, 18012 KB] g=47, 895 evaluated, 62 expanded
[t=0.0210495s, 18012 KB] New best heuristic value for pinch: 20
[t=0.0210925s, 18012 KB] g=48, 913 evaluated, 63 expanded
[t=0.0212831s, 18012 KB] New best heuristic value for pinch: 19
[t=0.021326s, 18012 KB] g=49, 934 evaluated, 64 expanded
[t=0.0215023s, 18012 KB] New best heuristic value for pinch: 18
[t=0.0215453s, 18012 KB] g=50, 951 evaluated, 66 expanded
[t=0.0217073s, 18012 KB] New best heuristic value for pinch: 17
[t=0.0217487s, 18012 KB] g=51, 966 evaluated, 67 expanded
[t=0.0220584s, 18012 KB] New best heuristic value for pinch: 16
[t=0.0221029s, 18012 KB] g=52, 989 evaluated, 70 expanded
[t=0.0222535s, 18012 KB] New best heuristic value for pinch: 15
[t=0.0222964s, 18012 KB] g=53, 1004 evaluated, 71 expanded
[t=0.0225217s, 18012 KB] New best heuristic value for pinch: 14
[t=0.0225639s, 18012 KB] g=54, 1027 evaluated, 74 expanded
[t=0.022713s, 18012 KB] New best heuristic value for pinch: 13
[t=0.0227554s, 18012 KB] g=55, 1042 evaluated, 75 expanded
[t=0.0229796s, 18012 KB] New best heuristic value for pinch: 12
[t=0.0230222s, 18012 KB] g=56, 1065 evaluated, 78 expanded
[t=0.0231703s, 18012 KB] New best heuristic value for pinch: 11
[t=0.0232123s, 18012 KB] g=57, 1080 evaluated, 79 expanded
[t=0.0234281s, 18012 KB] New best heuristic value for pinch: 10
[t=0.02347s, 18012 KB] g=58, 1103 evaluated, 80 expanded
[t=0.0236968s, 18012 KB] New best heuristic value for pinch: 9
[t=0.0237396s, 18012 KB] g=59, 1129 evaluated, 81 expanded
[t=0.0238811s, 18012 KB] New best heuristic value for pinch: 8
[t=0.0239229s, 18012 KB] g=60, 1141 evaluated, 83 expanded
[t=0.0241056s, 18012 KB] New best heuristic value for pinch: 7
[t=0.024148s, 18012 KB] g=61, 1161 evaluated, 84 expanded
[t=0.0243381s, 18012 KB] New best heuristic value for pinch: 6
[t=0.0243796s, 18012 KB] g=62, 1179 evaluated, 85 expanded
[t=0.0246515s, 18012 KB] New best heuristic value for pinch: 5
[t=0.0246937s, 18012 KB] g=63, 1212 evaluated, 86 expanded
[t=0.0247807s, 18012 KB] New best heuristic value for pinch: 4
[t=0.024822s, 18012 KB] g=64, 1217 evaluated, 87 expanded
[t=0.0251034s, 18012 KB] New best heuristic value for pinch: 3
[t=0.0251459s, 18012 KB] g=65, 1251 evaluated, 88 expanded
[t=0.0252316s, 18012 KB] New best heuristic value for pinch: 2
[t=0.0252726s, 18012 KB] g=66, 1255 evaluated, 89 expanded
[t=0.0255615s, 18012 KB] New best heuristic value for pinch: 1
[t=0.0256031s, 18012 KB] g=67, 1291 evaluated, 90 expanded
[t=0.0256704s, 18012 KB] New best heuristic value for pinch: 0
[t=0.0257119s, 18012 KB] g=68, 1293 evaluated, 91 expanded
[t=0.0257541s, 18012 KB] Solution found!
[t=0.0258075s, 18012 KB] Actual search time: 0.0160326s
up f0 f29 (1)
stop f29 (1)
up f29 f34 (1)
stop f34 (1)
down f34 f1 (1)
stop f1 (1)
up f1 f10 (1)
stop f10 (1)
down f10 f5 (1)
stop f5 (1)
up f5 f21 (1)
stop f21 (1)
down f21 f6 (1)
stop f6 (1)
up f6 f26 (1)
stop f26 (1)
down f26 f7 (1)
stop f7 (1)
up f7 f20 (1)
stop f20 (1)
up f20 f27 (1)
stop f27 (1)
up f27 f36 (1)
stop f36 (1)
down f36 f10 (1)
stop f10 (1)
down f10 f3 (1)
stop f3 (1)
up f3 f29 (1)
stop f29 (1)
down f29 f12 (1)
stop f12 (1)
down f12 f4 (1)
stop f4 (1)
up f4 f13 (1)
stop f13 (1)
down f13 f5 (1)
stop f5 (1)
up f5 f23 (1)
stop f23 (1)
down f23 f6 (1)
stop f6 (1)
up f6 f24 (1)
stop f24 (1)
down f24 f9 (1)
stop f9 (1)
up f9 f20 (1)
stop f20 (1)
up f20 f25 (1)
stop f25 (1)
up f25 f28 (1)
stop f28 (1)
up f28 f29 (1)
stop f29 (1)
up f29 f30 (1)
stop f30 (1)
down f30 f21 (1)
stop f21 (1)
up f21 f31 (1)
stop f31 (1)
down f31 f26 (1)
stop f26 (1)
up f26 f33 (1)
stop f33 (1)
up f33 f34 (1)
stop f34 (1)
up f34 f36 (1)
stop f36 (1)
[t=0.0258512s, 18012 KB] Plan length: 68 step(s).
[t=0.0258512s, 18012 KB] Plan cost: 68
[t=0.0258512s, 18012 KB] Expanded 92 state(s).
[t=0.0258512s, 18012 KB] Reopened 0 state(s).
[t=0.0258512s, 18012 KB] Evaluated 1293 state(s).
[t=0.0258512s, 18012 KB] Evaluations: 1293
[t=0.0258512s, 18012 KB] Generated 3457 state(s).
[t=0.0258512s, 18012 KB] Dead ends: 0 state(s).
[t=0.0258512s, 18012 KB] Number of registered states: 1293
[t=0.0258512s, 18012 KB] Int hash set load factor: 1293/2048 = 0.631348
[t=0.0258512s, 18012 KB] Int hash set resizes: 11
[t=0.0258512s, 18012 KB] mean number of q cost that have been adjusted 0 times in relation to total number of q: -1
[t=0.0258512s, 18012 KB] mean number of q cost that have been adjusted 1 times in relation to total number of q: -1
[t=0.0258512s, 18012 KB] mean number of q cost that have been adjusted 2 times in relation to total number of q: -1
[t=0.0258512s, 18012 KB] mean number of q that are at some point overconsitent in relation to total number of q: -1
[t=0.0258512s, 18012 KB] mean number of q that are at first underconsisten in relation to total number of q: -1
[t=0.0258512s, 18012 KB] mean number of state variables that are not in common between two following states in relation to total number of state variables: -1
[t=0.0258512s, 18012 KB] variance number of state variables that are not in common between two following states in relation to total number of state variables: -1
[t=0.0258512s, 18012 KB] Search time: 0.0164168s
[t=0.0258512s, 18012 KB] Total time: 0.0258512s
Solution found.
Peak memory: 18012 KB
Remove intermediate file output.sas
search exit code: 0

INFO     Running validate.
INFO     validate stdin: None
INFO     validate time limit: None
INFO     validate memory limit: None
INFO     validate command line string: validate domain.pddl problem.pddl sas_plan
