INFO     Running translator.
INFO     translator stdin: None
INFO     translator time limit: 1799.97s
INFO     translator memory limit: 3584 MB
INFO     translator command line string: /infai/weidan00/downward/experiments/bachelor/.venv/bin/python3 /infai/weidan00/downward/experiments/bachelor/data/bachelor-v1/code-7aa5f34_e5e41175/builds/release/bin/translate/translate.py domain.pddl problem.pddl --sas-file output.sas
Parsing...
Parsing: [0.000s CPU, 0.004s wall-clock]
Normalizing task... [0.000s CPU, 0.000s wall-clock]
Instantiating...
Generating Datalog program... [0.000s CPU, 0.001s wall-clock]
Normalizing Datalog program...
Normalizing Datalog program: [0.000s CPU, 0.002s wall-clock]
Preparing model... [0.010s CPU, 0.004s wall-clock]
Generated 26 rules.
Computing model... [0.010s CPU, 0.018s wall-clock]
1197 relevant atoms
975 auxiliary atoms
2172 final queue length
2797 total queue pushes
Completing instantiation... [0.020s CPU, 0.019s wall-clock]
Instantiating: [0.040s CPU, 0.044s wall-clock]
Computing fact groups...
Finding invariants...
6 initial candidates
Finding invariants: [0.000s CPU, 0.001s wall-clock]
Checking invariant weight... [0.000s CPU, 0.000s wall-clock]
Instantiating groups... [0.000s CPU, 0.000s wall-clock]
Collecting mutex groups... [0.000s CPU, 0.000s wall-clock]
Choosing groups...
26 uncovered facts
Choosing groups: [0.000s CPU, 0.000s wall-clock]
Building translation key... [0.000s CPU, 0.000s wall-clock]
Computing fact groups: [0.000s CPU, 0.002s wall-clock]
Building STRIPS to SAS dictionary... [0.000s CPU, 0.000s wall-clock]
Building dictionary for full mutex groups... [0.000s CPU, 0.000s wall-clock]
Building mutex information...
Building mutex information: [0.000s CPU, 0.000s wall-clock]
Translating task...
Processing axioms...
Simplifying axioms... [0.000s CPU, 0.000s wall-clock]
Processing axioms: [0.010s CPU, 0.001s wall-clock]
Translating task: [0.020s CPU, 0.015s wall-clock]
13 effect conditions simplified
0 implied preconditions added
Detecting unreachable propositions...
0 operators removed
0 axioms removed
1 propositions removed
Detecting unreachable propositions: [0.010s CPU, 0.009s wall-clock]
Reordering and filtering variables...
27 of 27 variables necessary.
0 of 1 mutex groups necessary.
676 of 676 operators necessary.
0 of 0 axiom rules necessary.
Reordering and filtering variables: [0.000s CPU, 0.002s wall-clock]
Translator variables: 27
Translator derived variables: 0
Translator facts: 78
Translator goal facts: 13
Translator mutex groups: 0
Translator total mutex groups size: 0
Translator operators: 676
Translator axioms: 0
Translator task size: 2172
Translator peak memory: 144588 KB
Writing output... [0.010s CPU, 0.007s wall-clock]
Done! [0.080s CPU, 0.086s wall-clock]
translate exit code: 0

INFO     Running search (release).
INFO     search stdin: output.sas
INFO     search time limit: 1799.83s
INFO     search memory limit: 3584 MB
INFO     search command line string: /infai/weidan00/downward/experiments/bachelor/data/bachelor-v1/code-7aa5f34_e5e41175/builds/release/bin/downward --search 'eager_wastar([pinch()], w=2)' --internal-plan-file sas_plan < output.sas
[t=5.7534e-05s, 17204 KB] reading input...
[t=0.00269034s, 17344 KB] done reading input!
[t=0.00459141s, 17608 KB] Simplifying 689 unary operators... done! [689 unary operators]
[t=0.00495362s, 17740 KB] time to simplify: 0.000438576s
[t=0.00507201s, 17740 KB] Initializing pinch heuristic...
[t=0.00518851s, 17740 KB] Building successor generator...done!
[t=0.00543522s, 17740 KB] peak memory difference for successor generator creation: 0 KB
[t=0.00547453s, 17740 KB] time for successor generation creation: 0.000122473s
[t=0.00552451s, 17740 KB] Variables: 27
[t=0.00555978s, 17740 KB] FactPairs: 78
[t=0.00560008s, 17740 KB] Bytes per state: 4
[t=0.0057204s, 17740 KB] Conducting best first search with reopening closed nodes, (real) bound = 2147483647
[t=0.00586269s, 17740 KB] New best heuristic value for pinch: 51
[t=0.00590613s, 17740 KB] g=0, 1 evaluated, 0 expanded
[t=0.00595562s, 17740 KB] Initial heuristic value for pinch: 51
[t=0.0059965s, 17740 KB] pruning method: none
[t=0.00605044s, 17740 KB] New best heuristic value for pinch: 50
[t=0.00609175s, 17740 KB] g=1, 2 evaluated, 1 expanded
[t=0.00614845s, 17740 KB] New best heuristic value for pinch: 49
[t=0.0061894s, 17740 KB] g=1, 4 evaluated, 1 expanded
[t=0.00636278s, 17740 KB] New best heuristic value for pinch: 48
[t=0.00642377s, 17740 KB] g=2, 28 evaluated, 2 expanded
[t=0.00648054s, 17740 KB] New best heuristic value for pinch: 47
[t=0.00652248s, 17740 KB] g=3, 31 evaluated, 3 expanded
[t=0.00670403s, 17740 KB] New best heuristic value for pinch: 46
[t=0.00674605s, 17740 KB] g=4, 58 evaluated, 4 expanded
[t=0.00684773s, 17740 KB] New best heuristic value for pinch: 45
[t=0.00688859s, 17740 KB] g=4, 68 evaluated, 4 expanded
[t=0.00701089s, 17740 KB] New best heuristic value for pinch: 44
[t=0.00705217s, 17740 KB] g=5, 84 evaluated, 5 expanded
[t=0.00710347s, 17740 KB] New best heuristic value for pinch: 43
[t=0.00714446s, 17740 KB] g=6, 86 evaluated, 6 expanded
[t=0.00733295s, 17740 KB] New best heuristic value for pinch: 42
[t=0.0073745s, 17740 KB] g=7, 114 evaluated, 7 expanded
[t=0.00754923s, 17740 KB] New best heuristic value for pinch: 41
[t=0.00759094s, 17740 KB] g=8, 137 evaluated, 9 expanded
[t=0.00765787s, 17740 KB] New best heuristic value for pinch: 40
[t=0.00769873s, 17740 KB] g=9, 141 evaluated, 10 expanded
[t=0.00786667s, 17740 KB] New best heuristic value for pinch: 39
[t=0.00790812s, 17740 KB] g=10, 165 evaluated, 12 expanded
[t=0.00800431s, 17740 KB] New best heuristic value for pinch: 38
[t=0.00804511s, 17740 KB] g=11, 175 evaluated, 13 expanded
[t=0.00818217s, 17740 KB] New best heuristic value for pinch: 37
[t=0.00822421s, 17740 KB] g=12, 191 evaluated, 15 expanded
[t=0.00828675s, 17740 KB] New best heuristic value for pinch: 36
[t=0.00832761s, 17740 KB] g=13, 194 evaluated, 16 expanded
[t=0.00848686s, 17740 KB] New best heuristic value for pinch: 35
[t=0.00852769s, 17740 KB] g=14, 217 evaluated, 17 expanded
[t=0.00862824s, 17740 KB] New best heuristic value for pinch: 34
[t=0.00866918s, 17740 KB] g=15, 229 evaluated, 18 expanded
[t=0.00878724s, 17740 KB] New best heuristic value for pinch: 33
[t=0.00882809s, 17740 KB] g=16, 243 evaluated, 19 expanded
[t=0.00898513s, 17740 KB] New best heuristic value for pinch: 32
[t=0.00903265s, 17740 KB] g=17, 261 evaluated, 20 expanded
[t=0.0091202s, 17740 KB] New best heuristic value for pinch: 31
[t=0.0091612s, 17740 KB] g=18, 269 evaluated, 21 expanded
[t=0.00933681s, 17740 KB] New best heuristic value for pinch: 30
[t=0.00937772s, 17740 KB] g=19, 296 evaluated, 22 expanded
[t=0.00942619s, 17740 KB] New best heuristic value for pinch: 29
[t=0.00946688s, 17740 KB] g=20, 297 evaluated, 23 expanded
[t=0.00963378s, 17740 KB] New best heuristic value for pinch: 28
[t=0.00967553s, 17740 KB] g=21, 322 evaluated, 24 expanded
[t=0.00973318s, 17740 KB] New best heuristic value for pinch: 27
[t=0.0097741s, 17740 KB] g=22, 324 evaluated, 25 expanded
[t=0.00994813s, 17740 KB] New best heuristic value for pinch: 26
[t=0.00999077s, 17740 KB] g=23, 349 evaluated, 26 expanded
[t=0.0100556s, 17740 KB] New best heuristic value for pinch: 25
[t=0.0100963s, 17740 KB] g=24, 353 evaluated, 27 expanded
[t=0.0102581s, 17740 KB] New best heuristic value for pinch: 24
[t=0.0102995s, 17740 KB] g=25, 376 evaluated, 29 expanded
[t=0.0103612s, 17740 KB] New best heuristic value for pinch: 23
[t=0.0104026s, 17740 KB] g=26, 379 evaluated, 30 expanded
[t=0.0105636s, 17740 KB] New best heuristic value for pinch: 22
[t=0.0106049s, 17740 KB] g=27, 402 evaluated, 31 expanded
[t=0.0106726s, 17740 KB] New best heuristic value for pinch: 21
[t=0.0107136s, 17740 KB] g=28, 407 evaluated, 32 expanded
[t=0.0108722s, 17740 KB] New best heuristic value for pinch: 20
[t=0.0109136s, 17740 KB] g=29, 428 evaluated, 33 expanded
[t=0.010991s, 17740 KB] New best heuristic value for pinch: 19
[t=0.0110316s, 17740 KB] g=30, 435 evaluated, 34 expanded
[t=0.011174s, 17740 KB] New best heuristic value for pinch: 18
[t=0.011215s, 17740 KB] g=31, 455 evaluated, 35 expanded
[t=0.011318s, 17740 KB] New best heuristic value for pinch: 17
[t=0.0113587s, 17740 KB] g=32, 468 evaluated, 36 expanded
[t=0.0114887s, 17740 KB] New best heuristic value for pinch: 16
[t=0.0115299s, 17740 KB] g=33, 483 evaluated, 38 expanded
[t=0.0116276s, 17740 KB] New best heuristic value for pinch: 15
[t=0.011669s, 17740 KB] g=34, 493 evaluated, 39 expanded
[t=0.0118048s, 17740 KB] New best heuristic value for pinch: 14
[t=0.0118458s, 17740 KB] g=35, 510 evaluated, 41 expanded
[t=0.012008s, 17740 KB] New best heuristic value for pinch: 13
[t=0.0120493s, 17740 KB] g=36, 523 evaluated, 42 expanded
[t=0.0121689s, 17740 KB] New best heuristic value for pinch: 12
[t=0.0122098s, 17740 KB] g=37, 537 evaluated, 44 expanded
[t=0.0123058s, 17740 KB] New best heuristic value for pinch: 11
[t=0.0123464s, 17740 KB] g=38, 547 evaluated, 45 expanded
[t=0.0124831s, 17740 KB] New best heuristic value for pinch: 10
[t=0.0125243s, 17740 KB] g=39, 564 evaluated, 46 expanded
[t=0.0126384s, 17740 KB] New best heuristic value for pinch: 9
[t=0.0126788s, 17740 KB] g=40, 579 evaluated, 47 expanded
[t=0.0127817s, 17740 KB] New best heuristic value for pinch: 8
[t=0.0128224s, 17740 KB] g=41, 591 evaluated, 48 expanded
[t=0.0129611s, 17740 KB] New best heuristic value for pinch: 7
[t=0.0130022s, 17740 KB] g=42, 610 evaluated, 49 expanded
[t=0.013085s, 17740 KB] New best heuristic value for pinch: 6
[t=0.0131262s, 17740 KB] g=43, 617 evaluated, 50 expanded
[t=0.013266s, 17740 KB] New best heuristic value for pinch: 5
[t=0.0133067s, 17740 KB] g=44, 637 evaluated, 51 expanded
[t=0.0133873s, 17740 KB] New best heuristic value for pinch: 4
[t=0.0134283s, 17740 KB] g=45, 644 evaluated, 52 expanded
[t=0.0135809s, 17740 KB] New best heuristic value for pinch: 3
[t=0.0136219s, 17740 KB] g=46, 667 evaluated, 53 expanded
[t=0.01369s, 17740 KB] New best heuristic value for pinch: 2
[t=0.0137309s, 17740 KB] g=47, 671 evaluated, 54 expanded
[t=0.0138905s, 17740 KB] New best heuristic value for pinch: 1
[t=0.013931s, 17740 KB] g=48, 695 evaluated, 55 expanded
[t=0.0139938s, 17740 KB] New best heuristic value for pinch: 0
[t=0.0140346s, 17740 KB] g=49, 699 evaluated, 56 expanded
[t=0.0140752s, 17740 KB] Solution found!
[t=0.0141208s, 17740 KB] Actual search time: 0.00812022s
up f0 f10 (1)
board f10 p11 (1)
board f10 p2 (1)
down f10 f9 (1)
board f9 p6 (1)
board f9 p7 (1)
down f9 f4 (1)
board f4 p1 (1)
up f4 f17 (1)
board f17 p4 (1)
down f17 f7 (1)
board f7 p8 (1)
down f7 f2 (1)
depart f2 p8 (1)
up f2 f19 (1)
depart f19 p4 (1)
down f19 f8 (1)
depart f8 p2 (1)
depart f8 p1 (1)
down f8 f0 (1)
board f0 p5 (1)
up f0 f10 (1)
board f10 p3 (1)
down f10 f3 (1)
board f3 p12 (1)
down f3 f2 (1)
depart f2 p12 (1)
up f2 f12 (1)
depart f12 p5 (1)
down f12 f4 (1)
depart f4 p7 (1)
up f4 f19 (1)
depart f19 p3 (1)
down f19 f5 (1)
board f5 p0 (1)
up f5 f21 (1)
board f21 p9 (1)
down f21 f17 (1)
depart f17 p9 (1)
down f17 f6 (1)
board f6 p10 (1)
up f6 f22 (1)
depart f22 p6 (1)
down f22 f7 (1)
depart f7 p0 (1)
up f7 f24 (1)
depart f24 p11 (1)
down f24 f9 (1)
depart f9 p10 (1)
[t=0.0141645s, 17740 KB] Plan length: 49 step(s).
[t=0.0141645s, 17740 KB] Plan cost: 49
[t=0.0141645s, 17740 KB] Expanded 57 state(s).
[t=0.0141645s, 17740 KB] Reopened 0 state(s).
[t=0.0141645s, 17740 KB] Evaluated 699 state(s).
[t=0.0141645s, 17740 KB] Evaluations: 699
[t=0.0141645s, 17740 KB] Generated 1465 state(s).
[t=0.0141645s, 17740 KB] Dead ends: 0 state(s).
[t=0.0141645s, 17740 KB] Number of registered states: 699
[t=0.0141645s, 17740 KB] Int hash set load factor: 699/1024 = 0.682617
[t=0.0141645s, 17740 KB] Int hash set resizes: 10
[t=0.0141645s, 17740 KB] mean number of q cost that have been adjusted 0 times in relation to total number of q: -1
[t=0.0141645s, 17740 KB] mean number of q cost that have been adjusted 1 times in relation to total number of q: -1
[t=0.0141645s, 17740 KB] mean number of q cost that have been adjusted 2 times in relation to total number of q: -1
[t=0.0141645s, 17740 KB] mean number of q that are at some point overconsitent in relation to total number of q: -1
[t=0.0141645s, 17740 KB] mean number of q that are at first underconsisten in relation to total number of q: -1
[t=0.0141645s, 17740 KB] mean number of state variables that are not in common between two following states in relation to total number of state variables: -1
[t=0.0141645s, 17740 KB] variance number of state variables that are not in common between two following states in relation to total number of state variables: -1
[t=0.0141645s, 17740 KB] Search time: 0.00844485s
[t=0.0141645s, 17740 KB] Total time: 0.0141645s
Solution found.
Peak memory: 17740 KB
Remove intermediate file output.sas
search exit code: 0

INFO     Running validate.
INFO     validate stdin: None
INFO     validate time limit: None
INFO     validate memory limit: None
INFO     validate command line string: validate domain.pddl problem.pddl sas_plan
