INFO     Running translator.
INFO     translator stdin: None
INFO     translator time limit: 1799.96s
INFO     translator memory limit: 3584 MB
INFO     translator command line string: /infai/weidan00/downward/experiments/bachelor/.venv/bin/python3 /infai/weidan00/downward/experiments/bachelor/data/bachelor-v1/code-7aa5f34_e5e41175/builds/release/bin/translate/translate.py domain.pddl problem.pddl --sas-file output.sas
Parsing...
Parsing: [0.000s CPU, 0.006s wall-clock]
Normalizing task... [0.000s CPU, 0.000s wall-clock]
Instantiating...
Generating Datalog program... [0.000s CPU, 0.001s wall-clock]
Normalizing Datalog program...
Normalizing Datalog program: [0.010s CPU, 0.002s wall-clock]
Preparing model... [0.000s CPU, 0.003s wall-clock]
Generated 65 rules.
Computing model... [0.020s CPU, 0.016s wall-clock]
1486 relevant atoms
284 auxiliary atoms
1770 final queue length
4595 total queue pushes
Completing instantiation... [0.070s CPU, 0.066s wall-clock]
Instantiating: [0.100s CPU, 0.089s wall-clock]
Computing fact groups...
Finding invariants...
21 initial candidates
Finding invariants: [0.000s CPU, 0.004s wall-clock]
Checking invariant weight... [0.000s CPU, 0.000s wall-clock]
Instantiating groups... [0.000s CPU, 0.000s wall-clock]
Collecting mutex groups... [0.000s CPU, 0.000s wall-clock]
Choosing groups...
554 uncovered facts
Choosing groups: [0.000s CPU, 0.000s wall-clock]
Building translation key... [0.000s CPU, 0.002s wall-clock]
Computing fact groups: [0.010s CPU, 0.012s wall-clock]
Building STRIPS to SAS dictionary... [0.000s CPU, 0.001s wall-clock]
Building dictionary for full mutex groups... [0.000s CPU, 0.001s wall-clock]
Building mutex information...
Building mutex information: [0.000s CPU, 0.000s wall-clock]
Translating task...
Processing axioms...
Simplifying axioms... [0.000s CPU, 0.000s wall-clock]
Processing axioms: [0.000s CPU, 0.006s wall-clock]
Translating task: [0.100s CPU, 0.104s wall-clock]
3175 effect conditions simplified
0 implied preconditions added
Detecting unreachable propositions...
0 operators removed
0 axioms removed
26 propositions removed
Detecting unreachable propositions: [0.050s CPU, 0.050s wall-clock]
Reordering and filtering variables...
288 of 541 variables necessary.
0 of 0 mutex groups necessary.
745 of 745 operators necessary.
0 of 0 axiom rules necessary.
Reordering and filtering variables: [0.040s CPU, 0.038s wall-clock]
Translator variables: 288
Translator derived variables: 0
Translator facts: 576
Translator goal facts: 31
Translator mutex groups: 0
Translator total mutex groups size: 0
Translator operators: 745
Translator axioms: 0
Translator task size: 7196
Translator peak memory: 150220 KB
Writing output... [0.010s CPU, 0.017s wall-clock]
Done! [0.310s CPU, 0.323s wall-clock]
translate exit code: 0

INFO     Running search (release).
INFO     search stdin: output.sas
INFO     search time limit: 1799.58s
INFO     search memory limit: 3584 MB
INFO     search command line string: /infai/weidan00/downward/experiments/bachelor/data/bachelor-v1/code-7aa5f34_e5e41175/builds/release/bin/downward --search 'eager_wastar([pinch_tracking()], w=2)' --internal-plan-file sas_plan < output.sas
[t=6.5461e-05s, 17204 KB] reading input...
[t=0.00754693s, 17608 KB] done reading input!
[t=0.0100097s, 18020 KB] Simplifying 3168 unary operators... done! [2531 unary operators]
[t=0.0127186s, 18284 KB] time to simplify: 0.00284157s
[t=0.0130858s, 18284 KB] Initializing pinch tracking heuristic...
[t=0.0132589s, 18284 KB] Building successor generator...done!
[t=0.0138032s, 18284 KB] peak memory difference for successor generator creation: 0 KB
[t=0.013843s, 18284 KB] time for successor generation creation: 0.000412082s
[t=0.0139096s, 18284 KB] Variables: 288
[t=0.0139503s, 18284 KB] FactPairs: 576
[t=0.0139903s, 18284 KB] Bytes per state: 36
[t=0.0141354s, 18284 KB] Conducting best first search with reopening closed nodes, (real) bound = 2147483647
[t=0.0145067s, 18284 KB] New best heuristic value for pinch_tracking: 31
[t=0.0145516s, 18284 KB] g=0, 1 evaluated, 0 expanded
[t=0.0146051s, 18284 KB] Initial heuristic value for pinch_tracking: 31
[t=0.0146463s, 18284 KB] pruning method: none
[t=0.0214571s, 18284 KB] New best heuristic value for pinch_tracking: 30
[t=0.0215339s, 18284 KB] g=1, 111 evaluated, 1 expanded
[t=0.0483553s, 18284 KB] New best heuristic value for pinch_tracking: 29
[t=0.0484597s, 18284 KB] g=2, 629 evaluated, 2 expanded
[t=0.0714441s, 18284 KB] New best heuristic value for pinch_tracking: 28
[t=0.0715509s, 18284 KB] g=3, 1219 evaluated, 3 expanded
[t=0.460154s, 19700 KB] New best heuristic value for pinch_tracking: 27
[t=0.460272s, 19700 KB] g=5, 15196 evaluated, 78 expanded
[t=0.502478s, 19700 KB] New best heuristic value for pinch_tracking: 26
[t=0.502595s, 19700 KB] g=6, 15991 evaluated, 79 expanded
[t=1.58599s, 22916 KB] New best heuristic value for pinch_tracking: 25
[t=1.58611s, 22916 KB] g=8, 47439 evaluated, 223 expanded
[t=9.9065s, 57092 KB] New best heuristic value for pinch_tracking: 24
[t=9.90662s, 57092 KB] g=10, 380645 evaluated, 2191 expanded
[t=9.92312s, 57224 KB] New best heuristic value for pinch_tracking: 23
[t=9.92321s, 57224 KB] g=11, 380915 evaluated, 2192 expanded
[t=10.7928s, 59248 KB] New best heuristic value for pinch_tracking: 22
[t=10.7929s, 59248 KB] g=13, 415214 evaluated, 2349 expanded
[t=10.8146s, 59248 KB] New best heuristic value for pinch_tracking: 21
[t=10.8148s, 59248 KB] g=14, 415570 evaluated, 2350 expanded
[t=11.7768s, 68648 KB] New best heuristic value for pinch_tracking: 20
[t=11.777s, 68648 KB] g=16, 452493 evaluated, 2522 expanded
[t=11.7919s, 68648 KB] New best heuristic value for pinch_tracking: 19
[t=11.792s, 68648 KB] g=17, 452738 evaluated, 2523 expanded
[t=12.7865s, 68648 KB] New best heuristic value for pinch_tracking: 18
[t=12.7866s, 68648 KB] g=19, 491741 evaluated, 2706 expanded
[t=12.8419s, 68648 KB] New best heuristic value for pinch_tracking: 17
[t=12.8421s, 68648 KB] g=20, 492792 evaluated, 2709 expanded
[t=13.8756s, 86308 KB] New best heuristic value for pinch_tracking: 16
[t=13.8757s, 86308 KB] g=22, 533451 evaluated, 2902 expanded
[t=15.1373s, 86308 KB] New best heuristic value for pinch_tracking: 15
[t=15.1374s, 86308 KB] g=24, 576204 evaluated, 3132 expanded
[t=19.3646s, 93880 KB] New best heuristic value for pinch_tracking: 14
[t=19.3647s, 93880 KB] g=26, 720771 evaluated, 3714 expanded
Failed to allocate memory.
Memory limit has been reached.
Peak memory: 3596768 KB
Remove intermediate file output.sas
search exit code: 22

Driver aborting after search
