INFO     Running translator.
INFO     translator stdin: None
INFO     translator time limit: 1799.95s
INFO     translator memory limit: 3584 MB
INFO     translator command line string: /infai/weidan00/downward/experiments/bachelor/.venv/bin/python3 /infai/weidan00/downward/experiments/bachelor/data/bachelor-v1/code-7aa5f34_e5e41175/builds/release/bin/translate/translate.py domain.pddl problem.pddl --sas-file output.sas
Parsing...
Parsing: [0.170s CPU, 0.177s wall-clock]
Normalizing task... [0.010s CPU, 0.009s wall-clock]
Instantiating...
Generating Datalog program... [0.060s CPU, 0.058s wall-clock]
Normalizing Datalog program...
Normalizing Datalog program: [0.000s CPU, 0.002s wall-clock]
Preparing model... [0.360s CPU, 0.362s wall-clock]
Generated 23 rules.
Computing model... [0.930s CPU, 0.929s wall-clock]
36086 relevant atoms
63968 auxiliary atoms
100054 final queue length
117929 total queue pushes
Completing instantiation... [0.640s CPU, 0.646s wall-clock]
Instantiating: [2.040s CPU, 2.043s wall-clock]
Computing fact groups...
Finding invariants...
9 initial candidates
Finding invariants: [0.010s CPU, 0.014s wall-clock]
Checking invariant weight... [0.020s CPU, 0.016s wall-clock]
Instantiating groups... [0.010s CPU, 0.011s wall-clock]
Collecting mutex groups... [0.000s CPU, 0.000s wall-clock]
Choosing groups...
0 uncovered facts
Choosing groups: [0.000s CPU, 0.001s wall-clock]
Building translation key... [0.000s CPU, 0.001s wall-clock]
Computing fact groups: [0.040s CPU, 0.046s wall-clock]
Building STRIPS to SAS dictionary... [0.000s CPU, 0.000s wall-clock]
Building dictionary for full mutex groups... [0.000s CPU, 0.000s wall-clock]
Building mutex information...
Building mutex information: [0.000s CPU, 0.000s wall-clock]
Translating task...
Processing axioms...
Simplifying axioms... [0.000s CPU, 0.000s wall-clock]
Processing axioms: [0.020s CPU, 0.020s wall-clock]
Translating task: [0.410s CPU, 0.412s wall-clock]
0 effect conditions simplified
0 implied preconditions added
Detecting unreachable propositions...
0 operators removed
0 axioms removed
16 propositions removed
Detecting unreachable propositions: [0.280s CPU, 0.273s wall-clock]
Reordering and filtering variables...
16 of 16 variables necessary.
0 of 16 mutex groups necessary.
9350 of 9350 operators necessary.
0 of 0 axiom rules necessary.
Reordering and filtering variables: [0.040s CPU, 0.048s wall-clock]
Translator variables: 16
Translator derived variables: 0
Translator facts: 449
Translator goal facts: 14
Translator mutex groups: 0
Translator total mutex groups size: 0
Translator operators: 9350
Translator axioms: 0
Translator task size: 46837
Translator peak memory: 204384 KB
Writing output... [0.080s CPU, 0.099s wall-clock]
Done! [3.100s CPU, 3.131s wall-clock]
translate exit code: 0

INFO     Running search (release).
INFO     search stdin: output.sas
INFO     search time limit: 1796.77s
INFO     search memory limit: 3584 MB
INFO     search command line string: /infai/weidan00/downward/experiments/bachelor/data/bachelor-v1/code-7aa5f34_e5e41175/builds/release/bin/downward --search 'eager_wastar([pinch_tracking()], w=2)' --internal-plan-file sas_plan < output.sas
[t=6.0647e-05s, 17204 KB] reading input...
[t=0.0524126s, 19808 KB] done reading input!
[t=0.0573229s, 21228 KB] Simplifying 18308 unary operators... done! [18308 unary operators]
[t=0.0687261s, 22832 KB] time to simplify: 0.0123201s
[t=0.0704029s, 22832 KB] Initializing pinch tracking heuristic...
[t=0.070601s, 22832 KB] Building successor generator...done!
[t=0.0740082s, 22832 KB] peak memory difference for successor generator creation: 0 KB
[t=0.074054s, 22832 KB] time for successor generation creation: 0.00315738s
[t=0.0741831s, 22832 KB] Variables: 16
[t=0.0742276s, 22832 KB] FactPairs: 449
[t=0.0742668s, 22832 KB] Bytes per state: 12
[t=0.0744274s, 22832 KB] Conducting best first search with reopening closed nodes, (real) bound = 2147483647
[t=0.0760726s, 22832 KB] New best heuristic value for pinch_tracking: 94
[t=0.0761366s, 22832 KB] g=0, 1 evaluated, 0 expanded
[t=0.0761942s, 22832 KB] Initial heuristic value for pinch_tracking: 94
[t=0.0762358s, 22832 KB] pruning method: none
[t=0.0770126s, 22832 KB] New best heuristic value for pinch_tracking: 80
[t=0.0770695s, 22832 KB] g=1, 2 evaluated, 1 expanded
[t=0.0815055s, 22832 KB] New best heuristic value for pinch_tracking: 75
[t=0.0815827s, 22832 KB] g=2, 6 evaluated, 2 expanded
[t=0.0900724s, 22832 KB] New best heuristic value for pinch_tracking: 72
[t=0.090172s, 22832 KB] g=3, 14 evaluated, 3 expanded
[t=0.171363s, 22832 KB] New best heuristic value for pinch_tracking: 70
[t=0.171471s, 22832 KB] g=5, 100 evaluated, 22 expanded
[t=0.191334s, 22832 KB] New best heuristic value for pinch_tracking: 68
[t=0.191436s, 22832 KB] g=7, 121 evaluated, 26 expanded
[t=0.904775s, 22832 KB] New best heuristic value for pinch_tracking: 66
[t=0.904885s, 22832 KB] g=10, 1124 evaluated, 407 expanded, 162 reopened
[t=0.928775s, 22832 KB] New best heuristic value for pinch_tracking: 64
[t=0.928878s, 22832 KB] g=13, 1157 evaluated, 413 expanded, 162 reopened
[t=2.05192s, 22832 KB] New best heuristic value for pinch_tracking: 62
[t=2.05201s, 22832 KB] g=16, 3149 evaluated, 882 expanded, 231 reopened
[t=3.0886s, 22832 KB] New best heuristic value for pinch_tracking: 60
[t=3.08871s, 22832 KB] g=17, 4998 evaluated, 1236 expanded, 247 reopened
[t=8.69179s, 23900 KB] New best heuristic value for pinch_tracking: 58
[t=8.69191s, 23900 KB] g=20, 17378 evaluated, 3695 expanded, 504 reopened
[t=20.6323s, 25824 KB] New best heuristic value for pinch_tracking: 56
[t=20.6324s, 25824 KB] g=21, 47100 evaluated, 9876 expanded, 1297 reopened
[t=27.1848s, 27216 KB] New best heuristic value for pinch_tracking: 54
[t=27.1849s, 27216 KB] g=23, 65528 evaluated, 13730 expanded, 1793 reopened
[t=27.19s, 29068 KB] New best heuristic value for pinch_tracking: 53
[t=27.1901s, 29068 KB] g=24, 65537 evaluated, 13731 expanded, 1793 reopened
[t=36.3463s, 29568 KB] New best heuristic value for pinch_tracking: 52
[t=36.3464s, 29568 KB] g=24, 96012 evaluated, 19762 expanded, 2312 reopened
[t=36.3502s, 29568 KB] New best heuristic value for pinch_tracking: 50
[t=36.3503s, 29568 KB] g=25, 96020 evaluated, 19763 expanded, 2312 reopened
[t=41.8609s, 32236 KB] New best heuristic value for pinch_tracking: 49
[t=41.861s, 32236 KB] g=29, 114489 evaluated, 22927 expanded, 2470 reopened
[t=41.8637s, 32236 KB] New best heuristic value for pinch_tracking: 47
[t=41.8638s, 32236 KB] g=30, 114502 evaluated, 22928 expanded, 2470 reopened
[t=41.867s, 32236 KB] New best heuristic value for pinch_tracking: 45
[t=41.8671s, 32236 KB] g=31, 114524 evaluated, 22930 expanded, 2470 reopened
[t=43.4067s, 32236 KB] New best heuristic value for pinch_tracking: 44
[t=43.4068s, 32236 KB] g=31, 121084 evaluated, 23976 expanded, 2470 reopened
[t=43.4101s, 32236 KB] New best heuristic value for pinch_tracking: 42
[t=43.4102s, 32236 KB] g=32, 121108 evaluated, 23978 expanded, 2470 reopened
[t=76.7902s, 41968 KB] New best heuristic value for pinch_tracking: 40
[t=76.7903s, 41968 KB] g=34, 261368 evaluated, 47118 expanded, 3257 reopened
[t=82.7794s, 49516 KB] New best heuristic value for pinch_tracking: 37
[t=82.7795s, 49516 KB] g=37, 286275 evaluated, 51412 expanded, 3496 reopened
[t=1058.4s, 331704 KB] New best heuristic value for pinch_tracking: 34
[t=1058.4s, 331704 KB] g=42, 4138231 evaluated, 860876 expanded, 130139 reopened
Peak memory: 630772 KB
caught signal 24 -- exiting
Time limit has been reached.
Remove intermediate file output.sas
search exit code: 23

Driver aborting after search
