INFO     Running translator.
INFO     translator stdin: None
INFO     translator time limit: 1799.96s
INFO     translator memory limit: 3584 MB
INFO     translator command line string: /infai/weidan00/downward/experiments/bachelor/.venv/bin/python3 /infai/weidan00/downward/experiments/bachelor/data/bachelor-v1/code-7aa5f34_e5e41175/builds/release/bin/translate/translate.py domain.pddl problem.pddl --sas-file output.sas
Parsing...
Parsing: [0.000s CPU, 0.007s wall-clock]
Normalizing task... [0.000s CPU, 0.000s wall-clock]
Instantiating...
Generating Datalog program... [0.000s CPU, 0.001s wall-clock]
Normalizing Datalog program...
Normalizing Datalog program: [0.010s CPU, 0.002s wall-clock]
Preparing model... [0.000s CPU, 0.004s wall-clock]
Generated 65 rules.
Computing model... [0.020s CPU, 0.023s wall-clock]
2112 relevant atoms
396 auxiliary atoms
2508 final queue length
6611 total queue pushes
Completing instantiation... [0.100s CPU, 0.098s wall-clock]
Instantiating: [0.130s CPU, 0.130s wall-clock]
Computing fact groups...
Finding invariants...
21 initial candidates
Finding invariants: [0.000s CPU, 0.005s wall-clock]
Checking invariant weight... [0.000s CPU, 0.000s wall-clock]
Instantiating groups... [0.000s CPU, 0.000s wall-clock]
Collecting mutex groups... [0.000s CPU, 0.000s wall-clock]
Choosing groups...
802 uncovered facts
Choosing groups: [0.000s CPU, 0.000s wall-clock]
Building translation key... [0.000s CPU, 0.004s wall-clock]
Computing fact groups: [0.010s CPU, 0.017s wall-clock]
Building STRIPS to SAS dictionary... [0.010s CPU, 0.001s wall-clock]
Building dictionary for full mutex groups... [0.000s CPU, 0.001s wall-clock]
Building mutex information...
Building mutex information: [0.000s CPU, 0.001s wall-clock]
Translating task...
Processing axioms...
Simplifying axioms... [0.000s CPU, 0.000s wall-clock]
Processing axioms: [0.000s CPU, 0.008s wall-clock]
Translating task: [0.160s CPU, 0.165s wall-clock]
4609 effect conditions simplified
0 implied preconditions added
Detecting unreachable propositions...
0 operators removed
0 axioms removed
34 propositions removed
Detecting unreachable propositions: [0.050s CPU, 0.055s wall-clock]
Reordering and filtering variables...
414 of 785 variables necessary.
0 of 0 mutex groups necessary.
1081 of 1081 operators necessary.
0 of 0 axiom rules necessary.
Reordering and filtering variables: [0.070s CPU, 0.064s wall-clock]
Translator variables: 414
Translator derived variables: 0
Translator facts: 828
Translator goal facts: 45
Translator mutex groups: 0
Translator total mutex groups size: 0
Translator operators: 1081
Translator axioms: 0
Translator task size: 10441
Translator peak memory: 153804 KB
Writing output... [0.020s CPU, 0.022s wall-clock]
Done! [0.450s CPU, 0.469s wall-clock]
translate exit code: 0

INFO     Running search (release).
INFO     search stdin: output.sas
INFO     search time limit: 1799.44s
INFO     search memory limit: 3584 MB
INFO     search command line string: /infai/weidan00/downward/experiments/bachelor/data/bachelor-v1/code-7aa5f34_e5e41175/builds/release/bin/downward --search 'eager_wastar([add()], w=2)' --internal-plan-file sas_plan < output.sas
[t=6.9258e-05s, 17204 KB] reading input...
[t=0.0108182s, 17656 KB] done reading input!
[t=0.0134858s, 18248 KB] Simplifying 4607 unary operators... done! [3675 unary operators]
[t=0.0174476s, 18644 KB] time to simplify: 0.00413695s
[t=0.0179435s, 18644 KB] Initializing additive heuristic...
[t=0.0181313s, 18644 KB] Building successor generator...done!
[t=0.0188276s, 18644 KB] peak memory difference for successor generator creation: 0 KB
[t=0.0188704s, 18644 KB] time for successor generation creation: 0.000554652s
[t=0.0189303s, 18644 KB] Variables: 414
[t=0.0189716s, 18644 KB] FactPairs: 828
[t=0.0190127s, 18644 KB] Bytes per state: 52
[t=0.0191618s, 18644 KB] Conducting best first search with reopening closed nodes, (real) bound = 2147483647
[t=0.0193467s, 18644 KB] New best heuristic value for add: 45
[t=0.0194024s, 18644 KB] g=0, 1 evaluated, 0 expanded
[t=0.0194577s, 18644 KB] Initial heuristic value for add: 45
[t=0.0194998s, 18644 KB] pruning method: none
[t=0.0231293s, 18644 KB] New best heuristic value for add: 44
[t=0.0231936s, 18644 KB] g=1, 62 evaluated, 1 expanded
[t=0.0569066s, 18644 KB] New best heuristic value for add: 43
[t=0.0570155s, 18644 KB] g=1, 645 evaluated, 1 expanded
[t=0.066863s, 18644 KB] New best heuristic value for add: 42
[t=0.0669418s, 18644 KB] g=2, 816 evaluated, 2 expanded
[t=2.78318s, 22488 KB] New best heuristic value for add: 41
[t=2.7833s, 22488 KB] g=4, 48871 evaluated, 117 expanded
[t=2.81626s, 22488 KB] New best heuristic value for add: 40
[t=2.81636s, 22488 KB] g=4, 49454 evaluated, 117 expanded
[t=2.83096s, 22488 KB] New best heuristic value for add: 39
[t=2.83105s, 22488 KB] g=5, 49711 evaluated, 118 expanded
[t=5.1296s, 26188 KB] New best heuristic value for add: 38
[t=5.12971s, 26188 KB] g=7, 90624 evaluated, 226 expanded
[t=5.17246s, 26188 KB] New best heuristic value for add: 37
[t=5.17257s, 26188 KB] g=8, 91397 evaluated, 227 expanded
[t=6.75855s, 30112 KB] New best heuristic value for add: 36
[t=6.75866s, 30112 KB] g=9, 121076 evaluated, 294 expanded
[t=6.7643s, 30112 KB] New best heuristic value for add: 35
[t=6.76437s, 30112 KB] g=10, 121177 evaluated, 295 expanded
[t=6.80745s, 30112 KB] New best heuristic value for add: 34
[t=6.80756s, 30112 KB] g=11, 121965 evaluated, 296 expanded
[t=12.8702s, 41396 KB] New best heuristic value for add: 33
[t=12.8703s, 41396 KB] g=13, 235178 evaluated, 595 expanded
[t=12.8837s, 41396 KB] New best heuristic value for add: 32
[t=12.8838s, 41396 KB] g=14, 235424 evaluated, 596 expanded
[t=12.9238s, 41396 KB] New best heuristic value for add: 31
[t=12.9239s, 41396 KB] g=15, 236159 evaluated, 597 expanded
[t=16.1559s, 44696 KB] New best heuristic value for add: 30
[t=16.156s, 44696 KB] g=17, 296725 evaluated, 788 expanded
[t=16.1777s, 44696 KB] New best heuristic value for add: 29
[t=16.1778s, 44696 KB] g=18, 297128 evaluated, 789 expanded
[t=17.5017s, 46588 KB] New best heuristic value for add: 28
[t=17.5018s, 46588 KB] g=20, 322275 evaluated, 861 expanded
[t=17.5272s, 46724 KB] New best heuristic value for add: 27
[t=17.5273s, 46724 KB] g=21, 322751 evaluated, 862 expanded
[t=22.0198s, 53052 KB] New best heuristic value for add: 26
[t=22.02s, 53052 KB] g=23, 407617 evaluated, 1141 expanded
[t=22.0491s, 53052 KB] New best heuristic value for add: 25
[t=22.0492s, 53052 KB] g=24, 408164 evaluated, 1142 expanded
[t=26.9986s, 64608 KB] New best heuristic value for add: 24
[t=26.9987s, 64608 KB] g=26, 501834 evaluated, 1448 expanded
[t=27.0306s, 64608 KB] New best heuristic value for add: 23
[t=27.0307s, 64608 KB] g=27, 502430 evaluated, 1449 expanded
[t=31.945s, 71296 KB] New best heuristic value for add: 22
[t=31.9451s, 71296 KB] g=29, 596562 evaluated, 1761 expanded
[t=31.9611s, 71296 KB] New best heuristic value for add: 21
[t=31.9612s, 71296 KB] g=30, 596866 evaluated, 1762 expanded
[t=37.0822s, 78744 KB] New best heuristic value for add: 20
[t=37.0823s, 78744 KB] g=32, 694988 evaluated, 2086 expanded
[t=37.1197s, 78744 KB] New best heuristic value for add: 19
[t=37.1198s, 78744 KB] g=33, 695700 evaluated, 2087 expanded
[t=42.1885s, 86168 KB] New best heuristic value for add: 18
[t=42.1886s, 86168 KB] g=35, 793871 evaluated, 2419 expanded
[t=42.2082s, 86168 KB] New best heuristic value for add: 17
[t=42.2083s, 86168 KB] g=36, 794248 evaluated, 2420 expanded
[t=53.5891s, 110832 KB] New best heuristic value for add: 16
[t=53.5893s, 110832 KB] g=38, 1014285 evaluated, 3200 expanded
[t=549.769s, 976668 KB] New best heuristic value for add: 15
[t=549.769s, 976668 KB] g=40, 10942665 evaluated, 54666 expanded
Peak memory: 3409752 KB
caught signal 24 -- exiting
Time limit has been reached.
Remove intermediate file output.sas
search exit code: 23

Driver aborting after search
