INFO     Running translator.
INFO     translator stdin: None
INFO     translator time limit: 1799.97s
INFO     translator memory limit: 3584 MB
INFO     translator command line string: /infai/weidan00/downward/experiments/bachelor/.venv/bin/python3 /infai/weidan00/downward/experiments/bachelor/data/bachelor-v1/code-7aa5f34_e5e41175/builds/release/bin/translate/translate.py domain.pddl problem.pddl --sas-file output.sas
Parsing...
Parsing: [0.010s CPU, 0.003s wall-clock]
Normalizing task... [0.000s CPU, 0.000s wall-clock]
Instantiating...
Generating Datalog program... [0.000s CPU, 0.001s wall-clock]
Normalizing Datalog program...
Normalizing Datalog program: [0.000s CPU, 0.004s wall-clock]
Preparing model... [0.000s CPU, 0.002s wall-clock]
Generated 54 rules.
Computing model... [0.020s CPU, 0.018s wall-clock]
906 relevant atoms
808 auxiliary atoms
1714 final queue length
2260 total queue pushes
Completing instantiation... [0.020s CPU, 0.020s wall-clock]
Instantiating: [0.040s CPU, 0.045s wall-clock]
Computing fact groups...
Finding invariants...
11 initial candidates
Finding invariants: [0.000s CPU, 0.003s wall-clock]
Checking invariant weight... [0.000s CPU, 0.000s wall-clock]
Instantiating groups... [0.000s CPU, 0.001s wall-clock]
Collecting mutex groups... [0.000s CPU, 0.000s wall-clock]
Choosing groups...
3 uncovered facts
Choosing groups: [0.000s CPU, 0.000s wall-clock]
Building translation key... [0.000s CPU, 0.000s wall-clock]
Computing fact groups: [0.010s CPU, 0.006s wall-clock]
Building STRIPS to SAS dictionary... [0.000s CPU, 0.000s wall-clock]
Building dictionary for full mutex groups... [0.000s CPU, 0.000s wall-clock]
Building mutex information...
Building mutex information: [0.000s CPU, 0.000s wall-clock]
Translating task...
Processing axioms...
Simplifying axioms... [0.000s CPU, 0.000s wall-clock]
Processing axioms: [0.000s CPU, 0.001s wall-clock]
Translating task: [0.010s CPU, 0.018s wall-clock]
42 effect conditions simplified
0 implied preconditions added
Detecting unreachable propositions...
0 operators removed
0 axioms removed
11 propositions removed
Detecting unreachable propositions: [0.010s CPU, 0.010s wall-clock]
Reordering and filtering variables...
13 of 14 variables necessary.
3 of 14 mutex groups necessary.
574 of 616 operators necessary.
0 of 0 axiom rules necessary.
Reordering and filtering variables: [0.000s CPU, 0.003s wall-clock]
Translator variables: 13
Translator derived variables: 0
Translator facts: 119
Translator goal facts: 7
Translator mutex groups: 3
Translator total mutex groups size: 9
Translator operators: 574
Translator axioms: 0
Translator task size: 2482
Translator peak memory: 144588 KB
Writing output... [0.010s CPU, 0.007s wall-clock]
Done! [0.100s CPU, 0.093s wall-clock]
translate exit code: 0

INFO     Running search (release).
INFO     search stdin: output.sas
INFO     search time limit: 1799.82s
INFO     search memory limit: 3584 MB
INFO     search command line string: /infai/weidan00/downward/experiments/bachelor/data/bachelor-v1/code-7aa5f34_e5e41175/builds/release/bin/downward --search 'eager_wastar([pinch_tracking()], w=2)' --internal-plan-file sas_plan < output.sas
[t=5.6153e-05s, 17204 KB] reading input...
[t=0.00304035s, 17344 KB] done reading input!
[t=0.00495953s, 17608 KB] Simplifying 658 unary operators... done! [658 unary operators]
[t=0.00538389s, 17740 KB] time to simplify: 0.000494988s
[t=0.00553268s, 17740 KB] Initializing pinch tracking heuristic...
[t=0.00565035s, 17740 KB] Building successor generator...done!
[t=0.00600476s, 17740 KB] peak memory difference for successor generator creation: 0 KB
[t=0.00604405s, 17740 KB] time for successor generation creation: 0.00022094s
[t=0.00609288s, 17740 KB] Variables: 13
[t=0.00613242s, 17740 KB] FactPairs: 119
[t=0.00617173s, 17740 KB] Bytes per state: 8
[t=0.00628347s, 17740 KB] Conducting best first search with reopening closed nodes, (real) bound = 2147483647
[t=0.00646345s, 17740 KB] New best heuristic value for pinch_tracking: 32
[t=0.00650623s, 17740 KB] g=0, 1 evaluated, 0 expanded
[t=0.00655276s, 17740 KB] Initial heuristic value for pinch_tracking: 32
[t=0.00659351s, 17740 KB] pruning method: none
[t=0.00668875s, 17740 KB] New best heuristic value for pinch_tracking: 31
[t=0.0067304s, 17740 KB] g=1, 2 evaluated, 1 expanded
[t=0.00686377s, 17740 KB] New best heuristic value for pinch_tracking: 23
[t=0.00690494s, 17740 KB] g=1, 4 evaluated, 1 expanded
[t=0.00712737s, 17740 KB] New best heuristic value for pinch_tracking: 22
[t=0.00716959s, 17740 KB] g=2, 12 evaluated, 2 expanded
[t=0.00727315s, 17740 KB] New best heuristic value for pinch_tracking: 21
[t=0.00731491s, 17740 KB] g=2, 14 evaluated, 2 expanded
[t=0.00754941s, 17740 KB] New best heuristic value for pinch_tracking: 20
[t=0.00759162s, 17740 KB] g=3, 22 evaluated, 3 expanded
[t=0.00779032s, 17740 KB] New best heuristic value for pinch_tracking: 19
[t=0.00783201s, 17740 KB] g=4, 28 evaluated, 4 expanded
[t=0.00810177s, 17740 KB] New best heuristic value for pinch_tracking: 18
[t=0.00814571s, 17740 KB] g=5, 37 evaluated, 5 expanded
[t=0.00848351s, 17740 KB] New best heuristic value for pinch_tracking: 17
[t=0.00852821s, 17740 KB] g=6, 50 evaluated, 6 expanded
[t=0.00905256s, 17740 KB] New best heuristic value for pinch_tracking: 16
[t=0.00909813s, 17740 KB] g=7, 73 evaluated, 7 expanded
[t=0.00924916s, 17740 KB] New best heuristic value for pinch_tracking: 15
[t=0.00929308s, 17740 KB] g=8, 77 evaluated, 8 expanded
[t=0.0100205s, 17740 KB] New best heuristic value for pinch_tracking: 14
[t=0.0100656s, 17740 KB] g=9, 108 evaluated, 10 expanded
[t=0.0102615s, 17740 KB] New best heuristic value for pinch_tracking: 13
[t=0.0103053s, 17740 KB] g=10, 115 evaluated, 11 expanded
[t=0.011654s, 17740 KB] New best heuristic value for pinch_tracking: 12
[t=0.0117026s, 17740 KB] g=12, 169 evaluated, 16 expanded
[t=0.0127584s, 17740 KB] New best heuristic value for pinch_tracking: 11
[t=0.0128073s, 17740 KB] g=13, 211 evaluated, 20 expanded
[t=0.0130879s, 17740 KB] New best heuristic value for pinch_tracking: 10
[t=0.0131335s, 17740 KB] g=14, 221 evaluated, 21 expanded
[t=0.0145835s, 17740 KB] New best heuristic value for pinch_tracking: 9
[t=0.0146347s, 17740 KB] g=16, 276 evaluated, 27 expanded
[t=0.0150807s, 17740 KB] New best heuristic value for pinch_tracking: 8
[t=0.0151269s, 17740 KB] g=17, 295 evaluated, 28 expanded
[t=0.0162127s, 17740 KB] New best heuristic value for pinch_tracking: 7
[t=0.0162605s, 17740 KB] g=19, 338 evaluated, 32 expanded
[t=0.0165488s, 17740 KB] New best heuristic value for pinch_tracking: 6
[t=0.0165931s, 17740 KB] g=20, 348 evaluated, 33 expanded
[t=0.0181829s, 17740 KB] New best heuristic value for pinch_tracking: 5
[t=0.018231s, 17740 KB] g=18, 416 evaluated, 39 expanded
[t=0.0212825s, 17740 KB] New best heuristic value for pinch_tracking: 4
[t=0.0213339s, 17740 KB] g=21, 525 evaluated, 51 expanded
[t=0.0226589s, 17740 KB] New best heuristic value for pinch_tracking: 3
[t=0.0227062s, 17740 KB] g=21, 576 evaluated, 61 expanded
[t=0.0230765s, 17740 KB] New best heuristic value for pinch_tracking: 2
[t=0.0231215s, 17740 KB] g=22, 588 evaluated, 62 expanded
[t=0.0234377s, 17740 KB] New best heuristic value for pinch_tracking: 1
[t=0.0234811s, 17740 KB] g=23, 599 evaluated, 63 expanded
[t=0.0237479s, 17740 KB] New best heuristic value for pinch_tracking: 0
[t=0.023791s, 17740 KB] g=24, 608 evaluated, 64 expanded
[t=0.0238599s, 17740 KB] Solution found!
[t=0.0239035s, 17740 KB] Actual search time: 0.0173037s
board-truck driver2 truck1 s0 (1)
drive-truck truck1 s0 s1 driver2 (1)
walk driver1 s6 p2-6 (1)
walk driver1 p2-6 s2 (1)
board-truck driver1 truck2 s2 (1)
drive-truck truck2 s2 s0 driver1 (1)
load-truck package4 truck2 s0 (1)
drive-truck truck2 s0 s6 driver1 (1)
unload-truck package4 truck2 s6 (1)
drive-truck truck2 s6 s2 driver1 (1)
load-truck package2 truck2 s2 (1)
drive-truck truck2 s2 s1 driver1 (1)
drive-truck truck2 s1 s3 driver1 (1)
load-truck package3 truck2 s3 (1)
unload-truck package2 truck2 s3 (1)
drive-truck truck2 s3 s1 driver1 (1)
drive-truck truck2 s1 s4 driver1 (1)
unload-truck package3 truck2 s4 (1)
drive-truck truck1 s1 s5 driver2 (1)
load-truck package5 truck1 s5 (1)
drive-truck truck1 s5 s1 driver2 (1)
unload-truck package5 truck1 s1 (1)
drive-truck truck1 s1 s4 driver2 (1)
disembark-truck driver2 truck1 s4 (1)
[t=0.0239523s, 17740 KB] Plan length: 24 step(s).
[t=0.0239523s, 17740 KB] Plan cost: 24
[t=0.0239523s, 17740 KB] Expanded 65 state(s).
[t=0.0239523s, 17740 KB] Reopened 0 state(s).
[t=0.0239523s, 17740 KB] Evaluated 610 state(s).
[t=0.0239523s, 17740 KB] Evaluations: 610
[t=0.0239523s, 17740 KB] Generated 854 state(s).
[t=0.0239523s, 17740 KB] Dead ends: 0 state(s).
[t=0.0239523s, 17740 KB] Number of registered states: 610
[t=0.0239523s, 17740 KB] Int hash set load factor: 610/1024 = 0.595703
[t=0.0239523s, 17740 KB] Int hash set resizes: 10
[t=0.0239523s, 17740 KB] mean number of q cost that have been adjusted 0 times in relation to total number of q: -1
[t=0.0239523s, 17740 KB] mean number of q cost that have been adjusted 1 times in relation to total number of q: -1
[t=0.0239523s, 17740 KB] mean number of q cost that have been adjusted 2 times in relation to total number of q: -1
[t=0.0239523s, 17740 KB] mean number of q that are at some point overconsitent in relation to total number of q: -1
[t=0.0239523s, 17740 KB] mean number of q that are at first underconsisten in relation to total number of q: -1
[t=0.0239523s, 17740 KB] mean number of state variables that are not in common between two following states in relation to total number of state variables: -1
[t=0.0239523s, 17740 KB] variance number of state variables that are not in common between two following states in relation to total number of state variables: -1
[t=0.0239523s, 17740 KB] Search time: 0.0176697s
[t=0.0239523s, 17740 KB] Total time: 0.0239523s
Solution found.
Peak memory: 17740 KB
Remove intermediate file output.sas
search exit code: 0

INFO     Running validate.
INFO     validate stdin: None
INFO     validate time limit: None
INFO     validate memory limit: None
INFO     validate command line string: validate domain.pddl problem.pddl sas_plan
