INFO     Running translator.
INFO     translator stdin: None
INFO     translator time limit: 1799.96s
INFO     translator memory limit: 3584 MB
INFO     translator command line string: /infai/weidan00/downward/experiments/bachelor/.venv/bin/python3 /infai/weidan00/downward/experiments/bachelor/data/bachelor-v1/code-7aa5f34_e5e41175/builds/release/bin/translate/translate.py domain.pddl problem.pddl --sas-file output.sas
Parsing...
Parsing: [0.010s CPU, 0.008s wall-clock]
Normalizing task... [0.000s CPU, 0.001s wall-clock]
Instantiating...
Generating Datalog program... [0.000s CPU, 0.001s wall-clock]
Normalizing Datalog program...
Normalizing Datalog program: [0.000s CPU, 0.003s wall-clock]
Preparing model... [0.000s CPU, 0.002s wall-clock]
Generated 141 rules.
Computing model... [0.000s CPU, 0.001s wall-clock]
88 relevant atoms
0 auxiliary atoms
88 final queue length
150 total queue pushes
Completing instantiation... [0.000s CPU, 0.001s wall-clock]
Instantiating: [0.000s CPU, 0.008s wall-clock]
Computing fact groups...
Finding invariants...
25 initial candidates
Finding invariants: [0.020s CPU, 0.017s wall-clock]
Checking invariant weight... [0.000s CPU, 0.000s wall-clock]
Instantiating groups... [0.000s CPU, 0.000s wall-clock]
Collecting mutex groups... [0.000s CPU, 0.000s wall-clock]
Choosing groups...
4 uncovered facts
Choosing groups: [0.000s CPU, 0.000s wall-clock]
Building translation key... [0.000s CPU, 0.000s wall-clock]
Computing fact groups: [0.020s CPU, 0.018s wall-clock]
Building STRIPS to SAS dictionary... [0.000s CPU, 0.000s wall-clock]
Building dictionary for full mutex groups... [0.000s CPU, 0.000s wall-clock]
Building mutex information...
Building mutex information: [0.000s CPU, 0.000s wall-clock]
Translating task...
Processing axioms...
Simplifying axioms... [0.000s CPU, 0.000s wall-clock]
Processing axioms: [0.000s CPU, 0.000s wall-clock]
Translating task: [0.000s CPU, 0.002s wall-clock]
20 effect conditions simplified
0 implied preconditions added
Detecting unreachable propositions...
0 operators removed
0 axioms removed
8 propositions removed
Detecting unreachable propositions: [0.010s CPU, 0.002s wall-clock]
Reordering and filtering variables...
12 of 12 variables necessary.
0 of 8 mutex groups necessary.
62 of 62 operators necessary.
0 of 0 axiom rules necessary.
Reordering and filtering variables: [0.000s CPU, 0.001s wall-clock]
Translator variables: 12
Translator derived variables: 0
Translator facts: 29
Translator goal facts: 7
Translator mutex groups: 0
Translator total mutex groups size: 0
Translator operators: 62
Translator axioms: 0
Translator task size: 372
Translator peak memory: 142796 KB
Writing output... [0.000s CPU, 0.003s wall-clock]
Done! [0.040s CPU, 0.044s wall-clock]
translate exit code: 0

INFO     Running search (release).
INFO     search stdin: output.sas
INFO     search time limit: 1799.87s
INFO     search memory limit: 3584 MB
INFO     search command line string: /infai/weidan00/downward/experiments/bachelor/data/bachelor-v1/code-7aa5f34_e5e41175/builds/release/bin/downward --search 'eager_wastar([pinch_tracking()], w=2)' --internal-plan-file sas_plan < output.sas
[t=6.4083e-05s, 17204 KB] reading input...
[t=0.000670689s, 17212 KB] done reading input!
[t=0.00246132s, 17476 KB] Simplifying 98 unary operators... done! [98 unary operators]
[t=0.00267144s, 17476 KB] time to simplify: 0.000260226s
[t=0.0027457s, 17476 KB] Initializing pinch tracking heuristic...
[t=0.00286364s, 17476 KB] Building successor generator...done!
[t=0.00305689s, 17476 KB] peak memory difference for successor generator creation: 0 KB
[t=0.00309666s, 17476 KB] time for successor generation creation: 6.3114e-05s
[t=0.00314479s, 17476 KB] Variables: 12
[t=0.00318573s, 17476 KB] FactPairs: 29
[t=0.00322606s, 17476 KB] Bytes per state: 4
[t=0.00334327s, 17476 KB] Conducting best first search with reopening closed nodes, (real) bound = 2147483647
[t=0.00345904s, 17476 KB] New best heuristic value for pinch_tracking: 1
[t=0.0035029s, 17476 KB] g=0, 1 evaluated, 0 expanded
[t=0.00355336s, 17476 KB] Initial heuristic value for pinch_tracking: 1
[t=0.00359489s, 17476 KB] pruning method: none
[t=0.00471113s, 17476 KB] New best heuristic value for pinch_tracking: 0
[t=0.004766s, 17476 KB] g=10, 91 evaluated, 29 expanded
[t=0.00481994s, 17476 KB] Solution found!
[t=0.00486358s, 17476 KB] Actual search time: 0.00126585s
wait_cb1  (1)
wait_cb1-condeff0-no-0  (1)
wait_cb1-condeff1-yes  (1)
wait_cb1-endof-condeffs  (1)
open-sd5  (1)
close_cb1  (1)
wait_cb1  (1)
wait_cb1-condeff0-no-0  (1)
wait_cb1-condeff1-no-0  (1)
wait_cb1-endof-condeffs  (1)
[t=0.00490801s, 17476 KB] Plan length: 10 step(s).
[t=0.00490801s, 17476 KB] Plan cost: 10
[t=0.00490801s, 17476 KB] Expanded 30 state(s).
[t=0.00490801s, 17476 KB] Reopened 0 state(s).
[t=0.00490801s, 17476 KB] Evaluated 91 state(s).
[t=0.00490801s, 17476 KB] Evaluations: 91
[t=0.00490801s, 17476 KB] Generated 134 state(s).
[t=0.00490801s, 17476 KB] Dead ends: 0 state(s).
[t=0.00490801s, 17476 KB] Number of registered states: 91
[t=0.00490801s, 17476 KB] Int hash set load factor: 91/128 = 0.710938
[t=0.00490801s, 17476 KB] Int hash set resizes: 7
[t=0.00490801s, 17476 KB] mean number of q cost that have been adjusted 0 times in relation to total number of q: -1
[t=0.00490801s, 17476 KB] mean number of q cost that have been adjusted 1 times in relation to total number of q: -1
[t=0.00490801s, 17476 KB] mean number of q cost that have been adjusted 2 times in relation to total number of q: -1
[t=0.00490801s, 17476 KB] mean number of q that are at some point overconsitent in relation to total number of q: -1
[t=0.00490801s, 17476 KB] mean number of q that are at first underconsisten in relation to total number of q: -1
[t=0.00490801s, 17476 KB] mean number of state variables that are not in common between two following states in relation to total number of state variables: -1
[t=0.00490801s, 17476 KB] variance number of state variables that are not in common between two following states in relation to total number of state variables: -1
[t=0.00490801s, 17476 KB] Search time: 0.00156543s
[t=0.00490801s, 17476 KB] Total time: 0.00490801s
Solution found.
Peak memory: 17476 KB
Remove intermediate file output.sas
search exit code: 0

INFO     Running validate.
INFO     validate stdin: None
INFO     validate time limit: None
INFO     validate memory limit: None
INFO     validate command line string: validate domain.pddl problem.pddl sas_plan
