INFO     Running translator.
INFO     translator stdin: None
INFO     translator time limit: 1799.96s
INFO     translator memory limit: 3584 MB
INFO     translator command line string: /infai/weidan00/downward/experiments/bachelor/.venv/bin/python3 /infai/weidan00/downward/experiments/bachelor/data/bachelor-v1/code-7aa5f34_e5e41175/builds/release/bin/translate/translate.py domain.pddl problem.pddl --sas-file output.sas
Parsing...
Parsing: [0.010s CPU, 0.006s wall-clock]
Normalizing task... [0.000s CPU, 0.001s wall-clock]
Instantiating...
Generating Datalog program... [0.000s CPU, 0.004s wall-clock]
Normalizing Datalog program...
Normalizing Datalog program: [0.000s CPU, 0.003s wall-clock]
Preparing model... [0.010s CPU, 0.008s wall-clock]
Generated 74 rules.
Computing model... [0.030s CPU, 0.034s wall-clock]
2329 relevant atoms
1448 auxiliary atoms
3777 final queue length
5161 total queue pushes
Completing instantiation... [0.030s CPU, 0.031s wall-clock]
Instantiating: [0.090s CPU, 0.082s wall-clock]
Computing fact groups...
Finding invariants...
18 initial candidates
Finding invariants: [0.000s CPU, 0.002s wall-clock]
Checking invariant weight... [0.000s CPU, 0.000s wall-clock]
Instantiating groups... [0.000s CPU, 0.000s wall-clock]
Collecting mutex groups... [0.000s CPU, 0.000s wall-clock]
Choosing groups...
252 uncovered facts
Choosing groups: [0.000s CPU, 0.000s wall-clock]
Building translation key... [0.000s CPU, 0.001s wall-clock]
Computing fact groups: [0.000s CPU, 0.006s wall-clock]
Building STRIPS to SAS dictionary... [0.000s CPU, 0.000s wall-clock]
Building dictionary for full mutex groups... [0.000s CPU, 0.000s wall-clock]
Building mutex information...
Building mutex information: [0.000s CPU, 0.001s wall-clock]
Translating task...
Processing axioms...
Simplifying axioms... [0.000s CPU, 0.000s wall-clock]
Processing axioms: [0.000s CPU, 0.003s wall-clock]
Translating task: [0.040s CPU, 0.039s wall-clock]
293 effect conditions simplified
0 implied preconditions added
Detecting unreachable propositions...
0 operators removed
0 axioms removed
1 propositions removed
Detecting unreachable propositions: [0.020s CPU, 0.021s wall-clock]
Reordering and filtering variables...
179 of 253 variables necessary.
0 of 1 mutex groups necessary.
941 of 956 operators necessary.
0 of 0 axiom rules necessary.
Reordering and filtering variables: [0.010s CPU, 0.009s wall-clock]
Translator variables: 179
Translator derived variables: 0
Translator facts: 374
Translator goal facts: 12
Translator mutex groups: 0
Translator total mutex groups size: 0
Translator operators: 941
Translator axioms: 0
Translator task size: 5165
Translator peak memory: 146636 KB
Writing output... [0.010s CPU, 0.014s wall-clock]
Done! [0.180s CPU, 0.182s wall-clock]
translate exit code: 0

INFO     Running search (release).
INFO     search stdin: output.sas
INFO     search time limit: 1799.71s
INFO     search memory limit: 3584 MB
INFO     search command line string: /infai/weidan00/downward/experiments/bachelor/data/bachelor-v1/code-7aa5f34_e5e41175/builds/release/bin/downward --search 'eager_wastar([add()], w=2)' --internal-plan-file sas_plan < output.sas
[t=6.8287e-05s, 17204 KB] reading input...
[t=0.00588248s, 17544 KB] done reading input!
[t=0.00803925s, 17944 KB] Simplifying 1859 unary operators... done! [1858 unary operators]
[t=0.0090884s, 18076 KB] time to simplify: 0.00115578s
[t=0.00933928s, 18076 KB] Initializing additive heuristic...
[t=0.0094842s, 18076 KB] Building successor generator...done!
[t=0.0100559s, 18076 KB] peak memory difference for successor generator creation: 0 KB
[t=0.0100965s, 18076 KB] time for successor generation creation: 0.000434835s
[t=0.0101508s, 18076 KB] Variables: 179
[t=0.0101913s, 18076 KB] FactPairs: 374
[t=0.010231s, 18076 KB] Bytes per state: 24
[t=0.0103741s, 18076 KB] Conducting best first search with reopening closed nodes, (real) bound = 2147483647
[t=0.0105142s, 18076 KB] New best heuristic value for add: 222
[t=0.0105575s, 18076 KB] g=0, 1 evaluated, 0 expanded
[t=0.0106093s, 18076 KB] Initial heuristic value for add: 222
[t=0.0106508s, 18076 KB] pruning method: none
[t=0.0108256s, 18076 KB] New best heuristic value for add: 215
[t=0.0108694s, 18076 KB] g=1, 5 evaluated, 1 expanded
[t=0.0110657s, 18076 KB] New best heuristic value for add: 214
[t=0.0111097s, 18076 KB] g=1, 11 evaluated, 1 expanded
[t=0.0115218s, 18076 KB] New best heuristic value for add: 210
[t=0.0115668s, 18076 KB] g=1, 27 evaluated, 1 expanded
[t=0.0120761s, 18076 KB] New best heuristic value for add: 203
[t=0.0121226s, 18076 KB] g=2, 46 evaluated, 2 expanded
[t=0.0123106s, 18076 KB] New best heuristic value for add: 202
[t=0.0123539s, 18076 KB] g=2, 52 evaluated, 2 expanded
[t=0.0127708s, 18076 KB] New best heuristic value for add: 198
[t=0.0128157s, 18076 KB] g=2, 68 evaluated, 2 expanded
[t=0.0133049s, 18076 KB] New best heuristic value for add: 191
[t=0.0133506s, 18076 KB] g=3, 87 evaluated, 3 expanded
[t=0.0135346s, 18076 KB] New best heuristic value for add: 190
[t=0.0135871s, 18076 KB] g=3, 93 evaluated, 3 expanded
[t=0.0142798s, 18076 KB] New best heuristic value for add: 186
[t=0.0143254s, 18076 KB] g=3, 122 evaluated, 3 expanded
[t=0.0144978s, 18076 KB] New best heuristic value for add: 179
[t=0.0145412s, 18076 KB] g=4, 127 evaluated, 4 expanded
[t=0.0147381s, 18076 KB] New best heuristic value for add: 178
[t=0.0147813s, 18076 KB] g=4, 133 evaluated, 4 expanded
[t=0.0154753s, 18076 KB] New best heuristic value for add: 174
[t=0.0155207s, 18076 KB] g=4, 162 evaluated, 4 expanded
[t=0.0156872s, 18076 KB] New best heuristic value for add: 167
[t=0.0157306s, 18076 KB] g=5, 167 evaluated, 5 expanded
[t=0.015912s, 18076 KB] New best heuristic value for add: 166
[t=0.0159549s, 18076 KB] g=5, 173 evaluated, 5 expanded
[t=0.016662s, 18076 KB] New best heuristic value for add: 165
[t=0.0167071s, 18076 KB] g=5, 203 evaluated, 5 expanded
[t=0.0168487s, 18076 KB] New best heuristic value for add: 158
[t=0.0168916s, 18076 KB] g=6, 207 evaluated, 6 expanded
[t=0.0170737s, 18076 KB] New best heuristic value for add: 157
[t=0.0171166s, 18076 KB] g=6, 213 evaluated, 6 expanded
[t=0.0181104s, 18076 KB] New best heuristic value for add: 151
[t=0.0181564s, 18076 KB] g=7, 255 evaluated, 7 expanded
[t=0.0183753s, 18076 KB] New best heuristic value for add: 149
[t=0.0184196s, 18076 KB] g=7, 261 evaluated, 7 expanded
[t=0.0194136s, 18076 KB] New best heuristic value for add: 143
[t=0.0194599s, 18076 KB] g=8, 303 evaluated, 8 expanded
[t=0.0197075s, 18076 KB] New best heuristic value for add: 141
[t=0.0197518s, 18076 KB] g=8, 312 evaluated, 8 expanded
[t=0.0206527s, 18076 KB] New best heuristic value for add: 135
[t=0.0206999s, 18076 KB] g=9, 350 evaluated, 9 expanded
[t=0.0209491s, 18076 KB] New best heuristic value for add: 132
[t=0.020993s, 18076 KB] g=9, 359 evaluated, 9 expanded
[t=0.0218862s, 18076 KB] New best heuristic value for add: 126
[t=0.0219329s, 18076 KB] g=10, 397 evaluated, 10 expanded
[t=0.0229328s, 18076 KB] New best heuristic value for add: 123
[t=0.0229806s, 18076 KB] g=10, 440 evaluated, 10 expanded
[t=0.023128s, 18076 KB] New best heuristic value for add: 117
[t=0.0231719s, 18076 KB] g=11, 444 evaluated, 11 expanded
[t=0.0242712s, 18076 KB] New best heuristic value for add: 111
[t=0.0243191s, 18076 KB] g=12, 492 evaluated, 12 expanded
[t=0.0255154s, 18076 KB] New best heuristic value for add: 107
[t=0.0255642s, 18076 KB] g=13, 542 evaluated, 13 expanded
[t=0.0261666s, 18076 KB] New best heuristic value for add: 106
[t=0.0262118s, 18076 KB] g=13, 568 evaluated, 13 expanded
[t=0.0264786s, 18076 KB] New best heuristic value for add: 104
[t=0.0265224s, 18076 KB] g=13, 578 evaluated, 13 expanded
[t=0.02687s, 18076 KB] New best heuristic value for add: 101
[t=0.0269198s, 18076 KB] g=14, 591 evaluated, 14 expanded
[t=0.02752s, 18076 KB] New best heuristic value for add: 100
[t=0.0275652s, 18076 KB] g=14, 617 evaluated, 14 expanded
[t=0.0279948s, 18076 KB] New best heuristic value for add: 96
[t=0.0280395s, 18076 KB] g=14, 634 evaluated, 14 expanded
[t=0.0282465s, 18076 KB] New best heuristic value for add: 94
[t=0.0282904s, 18076 KB] g=15, 641 evaluated, 15 expanded
[t=0.0288631s, 18076 KB] New best heuristic value for add: 93
[t=0.0289086s, 18076 KB] g=15, 666 evaluated, 15 expanded
[t=0.0293402s, 18076 KB] New best heuristic value for add: 90
[t=0.0293848s, 18076 KB] g=15, 684 evaluated, 15 expanded
[t=0.0295254s, 18076 KB] New best heuristic value for add: 89
[t=0.0295682s, 18076 KB] g=16, 688 evaluated, 16 expanded
[t=0.0298553s, 18076 KB] New best heuristic value for add: 88
[t=0.0299001s, 18076 KB] g=16, 699 evaluated, 16 expanded
[t=0.0302796s, 18076 KB] New best heuristic value for add: 87
[t=0.0303236s, 18076 KB] g=16, 715 evaluated, 16 expanded
[t=0.0305173s, 18076 KB] New best heuristic value for add: 86
[t=0.0305611s, 18076 KB] g=16, 722 evaluated, 16 expanded
[t=0.0309461s, 18076 KB] New best heuristic value for add: 85
[t=0.0309907s, 18076 KB] g=17, 737 evaluated, 17 expanded
[t=0.0312662s, 18076 KB] New best heuristic value for add: 84
[t=0.0313098s, 18076 KB] g=17, 748 evaluated, 17 expanded
[t=0.0318361s, 18076 KB] New best heuristic value for add: 81
[t=0.03188s, 18076 KB] g=17, 771 evaluated, 17 expanded
[t=0.0322531s, 18076 KB] New best heuristic value for add: 80
[t=0.0322972s, 18076 KB] g=18, 786 evaluated, 18 expanded
[t=0.0329027s, 18076 KB] New best heuristic value for add: 79
[t=0.0329476s, 18076 KB] g=18, 813 evaluated, 18 expanded
[t=0.0331372s, 18076 KB] New best heuristic value for add: 75
[t=0.0331793s, 18076 KB] g=18, 820 evaluated, 18 expanded
[t=0.033556s, 18076 KB] New best heuristic value for add: 74
[t=0.0336006s, 18076 KB] g=19, 835 evaluated, 19 expanded
[t=0.0341852s, 18076 KB] New best heuristic value for add: 73
[t=0.0342295s, 18076 KB] g=19, 862 evaluated, 19 expanded
[t=0.0344216s, 18076 KB] New best heuristic value for add: 69
[t=0.0344661s, 18076 KB] g=19, 869 evaluated, 19 expanded
[t=0.0348329s, 18076 KB] New best heuristic value for add: 67
[t=0.0348799s, 18076 KB] g=20, 884 evaluated, 20 expanded
[t=0.036011s, 18076 KB] New best heuristic value for add: 66
[t=0.0360596s, 18076 KB] g=21, 937 evaluated, 21 expanded
[t=0.0365767s, 18076 KB] New best heuristic value for add: 65
[t=0.0366222s, 18076 KB] g=21, 961 evaluated, 21 expanded
[t=0.0372316s, 18076 KB] New best heuristic value for add: 64
[t=0.0372864s, 18076 KB] g=22, 988 evaluated, 22 expanded
[t=0.0378853s, 18076 KB] New best heuristic value for add: 63
[t=0.0379307s, 18076 KB] g=22, 1012 evaluated, 22 expanded
[t=0.0385261s, 18076 KB] New best heuristic value for add: 62
[t=0.0385718s, 18076 KB] g=23, 1039 evaluated, 23 expanded
[t=0.039216s, 18076 KB] New best heuristic value for add: 61
[t=0.0392612s, 18076 KB] g=23, 1070 evaluated, 23 expanded
[t=0.0397703s, 18076 KB] New best heuristic value for add: 60
[t=0.039816s, 18076 KB] g=24, 1093 evaluated, 24 expanded
[t=0.0404469s, 18076 KB] New best heuristic value for add: 59
[t=0.040494s, 18076 KB] g=24, 1124 evaluated, 24 expanded
[t=0.0409973s, 18076 KB] New best heuristic value for add: 58
[t=0.0410432s, 18076 KB] g=25, 1147 evaluated, 25 expanded
[t=0.0417002s, 18076 KB] New best heuristic value for add: 57
[t=0.0417468s, 18076 KB] g=25, 1179 evaluated, 25 expanded
[t=0.042238s, 18076 KB] New best heuristic value for add: 56
[t=0.0422841s, 18076 KB] g=26, 1201 evaluated, 26 expanded
[t=0.04321s, 18076 KB] New best heuristic value for add: 55
[t=0.0432561s, 18076 KB] g=26, 1247 evaluated, 26 expanded
[t=0.0434839s, 18076 KB] New best heuristic value for add: 54
[t=0.0435285s, 18076 KB] g=27, 1256 evaluated, 27 expanded
[t=0.0446568s, 18076 KB] New best heuristic value for add: 53
[t=0.0447033s, 18076 KB] g=28, 1313 evaluated, 28 expanded
[t=0.0459503s, 18076 KB] New best heuristic value for add: 52
[t=0.0460016s, 18076 KB] g=29, 1377 evaluated, 29 expanded
[t=0.0471052s, 18076 KB] New best heuristic value for add: 51
[t=0.0471529s, 18076 KB] g=30, 1434 evaluated, 30 expanded
[t=0.0483009s, 18076 KB] New best heuristic value for add: 50
[t=0.0483491s, 18076 KB] g=31, 1494 evaluated, 31 expanded
[t=0.0494597s, 18076 KB] New best heuristic value for add: 49
[t=0.0495059s, 18076 KB] g=32, 1552 evaluated, 32 expanded
[t=0.0506768s, 18076 KB] New best heuristic value for add: 48
[t=0.050724s, 18076 KB] g=33, 1616 evaluated, 33 expanded
[t=0.0517661s, 18076 KB] New best heuristic value for add: 47
[t=0.0518176s, 18076 KB] g=34, 1673 evaluated, 34 expanded
[t=0.0528393s, 18076 KB] New best heuristic value for add: 46
[t=0.0528869s, 18076 KB] g=35, 1729 evaluated, 35 expanded
[t=0.0539676s, 18076 KB] New best heuristic value for add: 45
[t=0.0540147s, 18076 KB] g=36, 1790 evaluated, 36 expanded
[t=0.0549805s, 18076 KB] New best heuristic value for add: 44
[t=0.055027s, 18076 KB] g=37, 1845 evaluated, 37 expanded
[t=0.0560284s, 18076 KB] New best heuristic value for add: 43
[t=0.0560749s, 18076 KB] g=38, 1903 evaluated, 38 expanded
[t=0.0570774s, 18076 KB] New best heuristic value for add: 42
[t=0.0571239s, 18076 KB] g=39, 1961 evaluated, 39 expanded
[t=0.0583177s, 18076 KB] New best heuristic value for add: 41
[t=0.0583673s, 18076 KB] g=40, 2020 evaluated, 40 expanded
[t=0.0592329s, 18076 KB] New best heuristic value for add: 40
[t=0.0592806s, 18076 KB] g=41, 2070 evaluated, 41 expanded
[t=0.0603622s, 18076 KB] New best heuristic value for add: 39
[t=0.0604099s, 18076 KB] g=42, 2135 evaluated, 42 expanded
[t=0.0613583s, 18076 KB] New best heuristic value for add: 38
[t=0.0614051s, 18076 KB] g=43, 2192 evaluated, 43 expanded
[t=0.0620681s, 18076 KB] New best heuristic value for add: 37
[t=0.0621131s, 18076 KB] g=44, 2231 evaluated, 44 expanded
[t=0.0630486s, 18076 KB] New best heuristic value for add: 36
[t=0.0630941s, 18076 KB] g=45, 2288 evaluated, 45 expanded
[t=0.0643123s, 18076 KB] New best heuristic value for add: 35
[t=0.0643612s, 18076 KB] g=46, 2364 evaluated, 46 expanded
[t=0.0653186s, 18076 KB] New best heuristic value for add: 34
[t=0.0653712s, 18076 KB] g=47, 2423 evaluated, 47 expanded
[t=0.0663021s, 18076 KB] New best heuristic value for add: 33
[t=0.0663487s, 18076 KB] g=48, 2481 evaluated, 48 expanded
[t=0.0672888s, 18076 KB] New best heuristic value for add: 32
[t=0.0673413s, 18076 KB] g=49, 2540 evaluated, 49 expanded
[t=0.0682985s, 18076 KB] New best heuristic value for add: 31
[t=0.0683456s, 18076 KB] g=50, 2600 evaluated, 50 expanded
[t=0.0693755s, 18076 KB] New best heuristic value for add: 30
[t=0.0694235s, 18076 KB] g=51, 2665 evaluated, 51 expanded
[t=0.0703528s, 18076 KB] New best heuristic value for add: 29
[t=0.0703995s, 18076 KB] g=52, 2725 evaluated, 52 expanded
[t=0.0713068s, 18076 KB] New best heuristic value for add: 28
[t=0.0713528s, 18076 KB] g=53, 2784 evaluated, 53 expanded
[t=0.0722508s, 18076 KB] New best heuristic value for add: 27
[t=0.0722959s, 18076 KB] g=54, 2843 evaluated, 54 expanded
[t=0.0970616s, 18196 KB] New best heuristic value for add: 24
[t=0.0971527s, 18196 KB] g=56, 4537 evaluated, 104 expanded
[t=0.0978875s, 18196 KB] New best heuristic value for add: 23
[t=0.097935s, 18196 KB] g=57, 4584 evaluated, 105 expanded
[t=0.0990944s, 18196 KB] New best heuristic value for add: 22
[t=0.0991485s, 18196 KB] g=58, 4660 evaluated, 106 expanded
[t=0.122016s, 18196 KB] New best heuristic value for add: 19
[t=0.122106s, 18196 KB] g=60, 6250 evaluated, 155 expanded
[t=0.123117s, 18196 KB] New best heuristic value for add: 18
[t=0.123168s, 18196 KB] g=61, 6315 evaluated, 156 expanded
[t=0.147302s, 18332 KB] New best heuristic value for add: 17
[t=0.147396s, 18332 KB] g=63, 7954 evaluated, 205 expanded
[t=0.148146s, 18332 KB] New best heuristic value for add: 16
[t=0.148193s, 18332 KB] g=64, 8000 evaluated, 206 expanded
[t=2.85464s, 29144 KB] New best heuristic value for add: 15
[t=2.85476s, 29144 KB] g=68, 194751 evaluated, 8095 expanded
[t=2.85574s, 29144 KB] New best heuristic value for add: 14
[t=2.85579s, 29144 KB] g=69, 194813 evaluated, 8096 expanded
[t=2.85663s, 29144 KB] New best heuristic value for add: 13
[t=2.85667s, 29144 KB] g=70, 194872 evaluated, 8097 expanded
[t=2.85754s, 29144 KB] New best heuristic value for add: 12
[t=2.85759s, 29144 KB] g=71, 194933 evaluated, 8098 expanded
[t=3.16043s, 30204 KB] New best heuristic value for add: 11
[t=3.16056s, 30204 KB] g=74, 217631 evaluated, 8856 expanded
[t=3.16145s, 30204 KB] New best heuristic value for add: 10
[t=3.1615s, 30204 KB] g=75, 217693 evaluated, 8857 expanded
[t=3.16243s, 30204 KB] New best heuristic value for add: 9
[t=3.16248s, 30204 KB] g=76, 217760 evaluated, 8858 expanded
[t=3.16328s, 30204 KB] New best heuristic value for add: 8
[t=3.16332s, 30204 KB] g=77, 217819 evaluated, 8859 expanded
[t=8.58349s, 55364 KB] New best heuristic value for add: 7
[t=8.58362s, 55364 KB] g=81, 621870 evaluated, 30286 expanded
[t=8.58443s, 55364 KB] New best heuristic value for add: 6
[t=8.58448s, 55364 KB] g=82, 621929 evaluated, 30287 expanded
[t=31.1142s, 158740 KB] New best heuristic value for add: 5
[t=31.1143s, 158740 KB] g=84, 2298864 evaluated, 127047 expanded
[t=31.115s, 158740 KB] New best heuristic value for add: 4
[t=31.115s, 158740 KB] g=85, 2298919 evaluated, 127048 expanded
[t=94.8184s, 540792 KB] New best heuristic value for add: 3
[t=94.8185s, 540792 KB] g=90, 7011404 evaluated, 454701 expanded, 1 reopened
[t=94.8191s, 540792 KB] New best heuristic value for add: 2
[t=94.8192s, 540792 KB] g=91, 7011457 evaluated, 454702 expanded, 1 reopened
[t=94.8198s, 540792 KB] New best heuristic value for add: 1
[t=94.8198s, 540792 KB] g=92, 7011507 evaluated, 454703 expanded, 1 reopened
[t=94.8204s, 540792 KB] New best heuristic value for add: 0
[t=94.8205s, 540792 KB] g=93, 7011557 evaluated, 454704 expanded, 1 reopened
[t=94.8205s, 540792 KB] Solution found!
[t=94.8206s, 540792 KB] Actual search time: 94.81s
choose gp l1 l0 (1)
initialize gp (1)
choose sp1 l2 l1 (1)
initialize sp1 (1)
associate sp1 gp sp1-gp (1)
choose cdk7 l3 l2 (1)
initialize cdk7 (1)
choose cych l4 l3 (1)
initialize cych (1)
associate cdk7 cych cdk7-cych (1)
choose cdk2 l5 l4 (1)
initialize cdk2 (1)
synthesize sp1-gp cyca (1)
associate-with-catalyze cdk2 cdk7-cych cdk2p2 (1)
associate cdk2p2 cyca cdk2p2-cyca (1)
choose skp1 l6 l5 (1)
initialize skp1 (1)
choose skp2 l7 l6 (1)
initialize skp2 (1)
initialize cdk2 (1)
choose p53 l8 l7 (1)
initialize p53 (1)
choose wee1 l9 l8 (1)
initialize wee1 (1)
synthesize sp1-gp cyca (1)
associate cdk2 cyca cdk2-cyca (1)
choose cdk46p1 l10 l9 (1)
initialize cdk46p1 (1)
choose dp12 l11 l10 (1)
initialize dp12 (1)
choose e2f13p1-dp12p1 l12 l11 (1)
initialize e2f13p1-dp12p1 (1)
initialize gp (1)
choose hdac1 l13 l12 (1)
initialize hdac1 (1)
choose prb l14 l13 (1)
initialize prb (1)
initialize sp1 (1)
synthesize sp1-gp cycd (1)
synthesize sp1-gp p107p1 (1)
associate sp1 p107p1 sp1-p107p1 (1)
synthesize p53 p21 (1)
associate-with-catalyze dp12 cdk2p2-cyca dp12p1 (1)
choose p53p1 l15 l14 (1)
initialize p53p1 (1)
associate-with-catalyze cdk46p1 cdk7-cych cdk46p1p2 (1)
associate sp1-p107p1 gp sp1-p107p1-gp (1)
associate cdk46p1p2 cycd cdk46p1p2-cycd (1)
associate p21 cdk46p1p2-cycd p21-cdk46p1p2-cycd (1)
associate prb e2f13p1-dp12p1 prb-e2f13p1-dp12p1 (1)
dummy-action-8  (1)
dummy-action-12  (1)
associate hdac1 prb-e2f13p1-dp12p1 hdac1-prb-e2f13p1-dp12p1 (1)
dummy-action-10  (1)
associate-with-catalyze skp1 cdk2p2-cyca skp1p1 (1)
initialize skp1 (1)
associate-with-catalyze cdk2p2-cyca wee1 cdk2p1p2-cyca (1)
dummy-action-9  (1)
associate skp2 skp1p1 skp2-skp1p1 (1)
initialize skp2 (1)
dummy-action-3  (1)
associate skp2 skp1 skp2-skp1 (1)
initialize skp1 (1)
initialize skp2 (1)
initialize cdk2 (1)
synthesize sp1-gp cyca (1)
associate-with-catalyze cdk2 cdk7-cych cdk2p2 (1)
associate cdk2p2 cyca cdk2p2-cyca (1)
associate-with-catalyze skp2 cdk2p2-cyca skp2p1 (1)
associate skp2p1 skp1 skp2p1-skp1 (1)
dummy-action-5  (1)
initialize dp12 (1)
associate p53 dp12p1 p53-dp12p1 (1)
associate-with-catalyze dp12 cdk2p2-cyca dp12p1 (1)
associate p53p1 dp12p1 p53p1-dp12p1 (1)
dummy-action-4  (1)
dummy-action-6  (1)
choose cdk2p1 l16 l15 (1)
initialize cdk2p1 (1)
synthesize sp1-gp cyce (1)
associate-with-catalyze cdk2p1 cdk7-cych cdk2p1p2 (1)
associate cdk2p1p2 cyce cdk2p1p2-cyce (1)
dummy-action-7  (1)
associate skp2-skp1 cdk2p1p2-cyca skp2-skp1-cdk2p1p2-cyca (1)
dummy-action-11  (1)
initialize skp1 (1)
initialize skp2 (1)
associate-with-catalyze skp1 cdk2p2-cyca skp1p1 (1)
associate skp2-skp1p1 cdk2-cyca skp2-skp1p1-cdk2-cyca (1)
associate skp2 skp1p1 skp2-skp1p1 (1)
associate skp2-skp1p1 cdk2p2-cyca skp2-skp1p1-cdk2p2-cyca (1)
dummy-action-2  (1)
dummy-action-1  (1)
[t=94.8206s, 540792 KB] Plan length: 93 step(s).
[t=94.8206s, 540792 KB] Plan cost: 93
[t=94.8206s, 540792 KB] Expanded 454705 state(s).
[t=94.8206s, 540792 KB] Reopened 1 state(s).
[t=94.8206s, 540792 KB] Evaluated 7011557 state(s).
[t=94.8206s, 540792 KB] Evaluations: 7011557
[t=94.8206s, 540792 KB] Generated 24160421 state(s).
[t=94.8206s, 540792 KB] Dead ends: 0 state(s).
[t=94.8206s, 540792 KB] Number of registered states: 7011557
[t=94.8206s, 540792 KB] Int hash set load factor: 7011557/16777216 = 0.417921
[t=94.8206s, 540792 KB] Int hash set resizes: 24
[t=94.8206s, 540792 KB] mean number of q cost that have been adjusted 0 times in relation to total number of q: -1
[t=94.8206s, 540792 KB] mean number of q cost that have been adjusted 1 times in relation to total number of q: -1
[t=94.8206s, 540792 KB] mean number of q cost that have been adjusted 2 times in relation to total number of q: -1
[t=94.8206s, 540792 KB] mean number of q that are at some point overconsitent in relation to total number of q: -1
[t=94.8206s, 540792 KB] mean number of q that are at first underconsisten in relation to total number of q: -1
[t=94.8206s, 540792 KB] mean number of state variables that are not in common between two following states in relation to total number of state variables: -1
[t=94.8206s, 540792 KB] variance number of state variables that are not in common between two following states in relation to total number of state variables: -1
[t=94.8206s, 540792 KB] Search time: 94.8103s
[t=94.8206s, 540792 KB] Total time: 94.8206s
Solution found.
Peak memory: 540792 KB
Remove intermediate file output.sas
search exit code: 0

INFO     Running validate.
INFO     validate stdin: None
INFO     validate time limit: None
INFO     validate memory limit: None
INFO     validate command line string: validate domain.pddl problem.pddl sas_plan
