INFO     Running translator.
INFO     translator stdin: None
INFO     translator time limit: 1799.96s
INFO     translator memory limit: 3584 MB
INFO     translator command line string: /infai/weidan00/downward/experiments/bachelor/.venv/bin/python3 /infai/weidan00/downward/experiments/bachelor/data/bachelor-v1/code-7aa5f34_e5e41175/builds/release/bin/translate/translate.py domain.pddl problem.pddl --sas-file output.sas
Parsing...
Parsing: [0.110s CPU, 0.109s wall-clock]
Normalizing task... [0.010s CPU, 0.006s wall-clock]
Instantiating...
Generating Datalog program... [0.070s CPU, 0.070s wall-clock]
Normalizing Datalog program...
Normalizing Datalog program: [0.000s CPU, 0.005s wall-clock]
Preparing model... [0.200s CPU, 0.200s wall-clock]
Generated 6 rules.
Computing model... [0.430s CPU, 0.430s wall-clock]
37477 relevant atoms
14364 auxiliary atoms
51841 final queue length
68907 total queue pushes
Completing instantiation... [0.440s CPU, 0.433s wall-clock]
Instantiating: [1.150s CPU, 1.160s wall-clock]
Computing fact groups...
Finding invariants...
4 initial candidates
Finding invariants: [0.010s CPU, 0.003s wall-clock]
Checking invariant weight... [0.000s CPU, 0.008s wall-clock]
Instantiating groups... [0.010s CPU, 0.009s wall-clock]
Collecting mutex groups... [0.000s CPU, 0.005s wall-clock]
Choosing groups...
2916 uncovered facts
Choosing groups: [0.020s CPU, 0.013s wall-clock]
Building translation key... [0.020s CPU, 0.016s wall-clock]
Computing fact groups: [0.130s CPU, 0.124s wall-clock]
Building STRIPS to SAS dictionary... [0.000s CPU, 0.008s wall-clock]
Building dictionary for full mutex groups... [0.050s CPU, 0.054s wall-clock]
Building mutex information...
Building mutex information: [0.000s CPU, 0.006s wall-clock]
Translating task...
Processing axioms...
Simplifying axioms... [0.000s CPU, 0.000s wall-clock]
Processing axioms: [0.020s CPU, 0.021s wall-clock]
Translating task: [0.440s CPU, 0.447s wall-clock]
0 effect conditions simplified
0 implied preconditions added
Detecting unreachable propositions...
0 operators removed
0 axioms removed
3 propositions removed
Detecting unreachable propositions: [0.340s CPU, 0.350s wall-clock]
Reordering and filtering variables...
2916 of 2916 variables necessary.
0 of 1 mutex groups necessary.
11448 of 11448 operators necessary.
0 of 0 axiom rules necessary.
Reordering and filtering variables: [0.080s CPU, 0.074s wall-clock]
Translator variables: 2916
Translator derived variables: 0
Translator facts: 8746
Translator goal facts: 2915
Translator mutex groups: 0
Translator total mutex groups size: 0
Translator operators: 11448
Translator axioms: 0
Translator task size: 60365
Translator peak memory: 200372 KB
Writing output... [0.130s CPU, 0.143s wall-clock]
Done! [2.470s CPU, 2.509s wall-clock]
translate exit code: 0

INFO     Running search (release).
INFO     search stdin: output.sas
INFO     search time limit: 1797.4s
INFO     search memory limit: 3584 MB
INFO     search command line string: /infai/weidan00/downward/experiments/bachelor/data/bachelor-v1/code-7aa5f34_e5e41175/builds/release/bin/downward --search 'eager_wastar([pinch()], w=2)' --internal-plan-file sas_plan < output.sas
[t=6.8089e-05s, 17204 KB] reading input...
[t=0.0811667s, 21680 KB] done reading input!
[t=0.0868255s, 23340 KB] Simplifying 22892 unary operators... done! [22892 unary operators]
[t=0.100739s, 25644 KB] time to simplify: 0.0155363s
[t=0.104233s, 25644 KB] Initializing pinch heuristic...
[t=0.104564s, 25644 KB] Building successor generator...done!
[t=0.107975s, 25644 KB] peak memory difference for successor generator creation: 0 KB
[t=0.108025s, 25644 KB] time for successor generation creation: 0.00312447s
[t=0.108204s, 25644 KB] Variables: 2916
[t=0.108257s, 25644 KB] FactPairs: 8746
[t=0.108298s, 25644 KB] Bytes per state: 368
[t=0.108449s, 25644 KB] Conducting best first search with reopening closed nodes, (real) bound = 2147483647
[t=0.111003s, 25644 KB] New best heuristic value for pinch: 78732
[t=0.11111s, 25644 KB] g=0, 1 evaluated, 0 expanded
[t=0.111171s, 25644 KB] Initial heuristic value for pinch: 78732
[t=0.111213s, 25644 KB] pruning method: none
[t=0.11315s, 25644 KB] New best heuristic value for pinch: 78731
[t=0.113249s, 25644 KB] g=1, 2 evaluated, 1 expanded
[t=0.119853s, 25644 KB] New best heuristic value for pinch: 78729
[t=0.119962s, 25644 KB] g=2, 7 evaluated, 2 expanded
[t=0.128328s, 25644 KB] New best heuristic value for pinch: 78728
[t=0.128441s, 25644 KB] g=3, 13 evaluated, 3 expanded
[t=0.185766s, 25644 KB] New best heuristic value for pinch: 78727
[t=0.18588s, 25644 KB] g=5, 57 evaluated, 20 expanded, 1 reopened
[t=0.18867s, 25644 KB] New best heuristic value for pinch: 78726
[t=0.188777s, 25644 KB] g=6, 59 evaluated, 21 expanded, 1 reopened
[t=0.193573s, 25644 KB] New best heuristic value for pinch: 78725
[t=0.193679s, 25644 KB] g=7, 63 evaluated, 22 expanded, 1 reopened
[t=0.204367s, 25644 KB] New best heuristic value for pinch: 78724
[t=0.204475s, 25644 KB] g=9, 71 evaluated, 25 expanded, 1 reopened
[t=0.219889s, 25644 KB] New best heuristic value for pinch: 78723
[t=0.220007s, 25644 KB] g=11, 82 evaluated, 30 expanded, 1 reopened
[t=0.225562s, 25644 KB] New best heuristic value for pinch: 78722
[t=0.225668s, 25644 KB] g=12, 86 evaluated, 31 expanded, 1 reopened
[t=0.230349s, 25644 KB] New best heuristic value for pinch: 78721
[t=0.230455s, 25644 KB] g=13, 90 evaluated, 32 expanded, 1 reopened
[t=0.23588s, 25644 KB] New best heuristic value for pinch: 78720
[t=0.235985s, 25644 KB] g=15, 94 evaluated, 35 expanded, 1 reopened
[t=0.259368s, 25644 KB] New best heuristic value for pinch: 78719
[t=0.259482s, 25644 KB] g=15, 112 evaluated, 41 expanded, 1 reopened
[t=0.271234s, 25644 KB] New best heuristic value for pinch: 78718
[t=0.271351s, 25644 KB] g=15, 120 evaluated, 45 expanded, 1 reopened
[t=0.27515s, 25644 KB] New best heuristic value for pinch: 78717
[t=0.275264s, 25644 KB] g=16, 123 evaluated, 46 expanded, 1 reopened
[t=0.292451s, 25644 KB] New best heuristic value for pinch: 78716
[t=0.292562s, 25644 KB] g=18, 135 evaluated, 50 expanded, 1 reopened
[t=0.309789s, 25644 KB] New best heuristic value for pinch: 78715
[t=0.309905s, 25644 KB] g=20, 147 evaluated, 55 expanded, 1 reopened
[t=0.313612s, 25644 KB] New best heuristic value for pinch: 78714
[t=0.313714s, 25644 KB] g=21, 150 evaluated, 56 expanded, 1 reopened
[t=0.318327s, 25644 KB] New best heuristic value for pinch: 78713
[t=0.318432s, 25644 KB] g=22, 154 evaluated, 57 expanded, 1 reopened
[t=0.324681s, 25644 KB] New best heuristic value for pinch: 78712
[t=0.324786s, 25644 KB] g=24, 159 evaluated, 60 expanded, 1 reopened
[t=14.2411s, 28440 KB] New best heuristic value for pinch: 78710
[t=14.2412s, 28440 KB] g=14, 10685 evaluated, 18358 expanded, 12897 reopened
[t=14.2451s, 28440 KB] New best heuristic value for pinch: 78709
[t=14.2452s, 28440 KB] g=15, 10687 evaluated, 18359 expanded, 12897 reopened
[t=14.2489s, 28440 KB] New best heuristic value for pinch: 78708
[t=14.2491s, 28440 KB] g=16, 10690 evaluated, 18360 expanded, 12897 reopened
[t=14.2772s, 28440 KB] New best heuristic value for pinch: 78706
[t=14.2773s, 28440 KB] g=20, 10711 evaluated, 18371 expanded, 12897 reopened
[t=14.3121s, 28440 KB] New best heuristic value for pinch: 78705
[t=14.3122s, 28440 KB] g=18, 10737 evaluated, 18385 expanded, 12897 reopened
[t=14.345s, 28572 KB] New best heuristic value for pinch: 78703
[t=14.3451s, 28572 KB] g=20, 10760 evaluated, 18397 expanded, 12897 reopened
[t=14.3488s, 28572 KB] New best heuristic value for pinch: 78702
[t=14.3489s, 28572 KB] g=21, 10763 evaluated, 18398 expanded, 12897 reopened
[t=14.3803s, 28572 KB] New best heuristic value for pinch: 78700
[t=14.3804s, 28572 KB] g=23, 10785 evaluated, 18410 expanded, 12897 reopened
[t=213.02s, 83996 KB] New best heuristic value for pinch: 78698
[t=213.021s, 83996 KB] g=18, 149027 evaluated, 261423 expanded, 181490 reopened
[t=213.025s, 83996 KB] New best heuristic value for pinch: 78697
[t=213.025s, 83996 KB] g=19, 149030 evaluated, 261424 expanded, 181490 reopened
[t=213.03s, 83996 KB] New best heuristic value for pinch: 78696
[t=213.03s, 83996 KB] g=20, 149034 evaluated, 261425 expanded, 181490 reopened
[t=213.067s, 83996 KB] New best heuristic value for pinch: 78694
[t=213.067s, 83996 KB] g=24, 149059 evaluated, 261440 expanded, 181490 reopened
[t=213.111s, 83996 KB] New best heuristic value for pinch: 78692
[t=213.111s, 83996 KB] g=28, 149090 evaluated, 261457 expanded, 181490 reopened
[t=213.116s, 83996 KB] New best heuristic value for pinch: 78691
[t=213.116s, 83996 KB] g=29, 149093 evaluated, 261458 expanded, 181490 reopened
[t=213.122s, 83996 KB] New best heuristic value for pinch: 78690
[t=213.122s, 83996 KB] g=30, 149097 evaluated, 261459 expanded, 181490 reopened
[t=213.165s, 83996 KB] New best heuristic value for pinch: 78688
[t=213.165s, 83996 KB] g=34, 149124 evaluated, 261474 expanded, 181490 reopened
[t=213.215s, 84128 KB] New best heuristic value for pinch: 78687
[t=213.216s, 84128 KB] g=34, 149157 evaluated, 261492 expanded, 181490 reopened
[t=213.257s, 84128 KB] New best heuristic value for pinch: 78685
[t=213.257s, 84128 KB] g=34, 149187 evaluated, 261508 expanded, 181490 reopened
[t=213.262s, 84128 KB] New best heuristic value for pinch: 78684
[t=213.262s, 84128 KB] g=35, 149190 evaluated, 261509 expanded, 181490 reopened
[t=213.304s, 84128 KB] New best heuristic value for pinch: 78682
[t=213.304s, 84128 KB] g=39, 149218 evaluated, 261525 expanded, 181490 reopened
[t=213.349s, 84128 KB] New best heuristic value for pinch: 78680
[t=213.349s, 84128 KB] g=43, 149249 evaluated, 261542 expanded, 181490 reopened
[t=213.354s, 84128 KB] New best heuristic value for pinch: 78679
[t=213.354s, 84128 KB] g=44, 149252 evaluated, 261543 expanded, 181490 reopened
[t=213.362s, 84128 KB] New best heuristic value for pinch: 78678
[t=213.362s, 84128 KB] g=45, 149257 evaluated, 261544 expanded, 181490 reopened
[t=213.4s, 84128 KB] New best heuristic value for pinch: 78676
[t=213.4s, 84128 KB] g=49, 149282 evaluated, 261559 expanded, 181490 reopened
Peak memory: 742528 KB
caught signal 24 -- exiting
Time limit has been reached.
Remove intermediate file output.sas
search exit code: 23

Driver aborting after search
