INFO     Running translator.
INFO     translator stdin: None
INFO     translator time limit: 1799.96s
INFO     translator memory limit: 3584 MB
INFO     translator command line string: /infai/weidan00/downward/experiments/bachelor/.venv/bin/python3 /infai/weidan00/downward/experiments/bachelor/data/bachelor-v1/code-7aa5f34_e5e41175/builds/release/bin/translate/translate.py domain.pddl problem.pddl --sas-file output.sas
Parsing...
Parsing: [0.000s CPU, 0.005s wall-clock]
Normalizing task... [0.000s CPU, 0.000s wall-clock]
Instantiating...
Generating Datalog program... [0.000s CPU, 0.000s wall-clock]
Normalizing Datalog program...
Normalizing Datalog program: [0.000s CPU, 0.001s wall-clock]
Preparing model... [0.000s CPU, 0.001s wall-clock]
Generated 48 rules.
Computing model... [0.000s CPU, 0.000s wall-clock]
42 relevant atoms
0 auxiliary atoms
42 final queue length
57 total queue pushes
Completing instantiation... [0.000s CPU, 0.001s wall-clock]
Instantiating: [0.000s CPU, 0.003s wall-clock]
Computing fact groups...
Finding invariants...
20 initial candidates
Finding invariants: [0.010s CPU, 0.004s wall-clock]
Checking invariant weight... [0.000s CPU, 0.000s wall-clock]
Instantiating groups... [0.000s CPU, 0.000s wall-clock]
Collecting mutex groups... [0.000s CPU, 0.000s wall-clock]
Choosing groups...
3 uncovered facts
Choosing groups: [0.000s CPU, 0.000s wall-clock]
Building translation key... [0.000s CPU, 0.000s wall-clock]
Computing fact groups: [0.010s CPU, 0.004s wall-clock]
Building STRIPS to SAS dictionary... [0.000s CPU, 0.000s wall-clock]
Building dictionary for full mutex groups... [0.000s CPU, 0.000s wall-clock]
Building mutex information...
Building mutex information: [0.000s CPU, 0.000s wall-clock]
Translating task...
Processing axioms...
Simplifying axioms... [0.000s CPU, 0.000s wall-clock]
Processing axioms: [0.000s CPU, 0.000s wall-clock]
Translating task: [0.000s CPU, 0.001s wall-clock]
6 effect conditions simplified
0 implied preconditions added
Detecting unreachable propositions...
0 operators removed
0 axioms removed
8 propositions removed
Detecting unreachable propositions: [0.000s CPU, 0.001s wall-clock]
Reordering and filtering variables...
6 of 11 variables necessary.
0 of 8 mutex groups necessary.
11 of 21 operators necessary.
0 of 0 axiom rules necessary.
Reordering and filtering variables: [0.000s CPU, 0.000s wall-clock]
Translator variables: 6
Translator derived variables: 0
Translator facts: 13
Translator goal facts: 3
Translator mutex groups: 0
Translator total mutex groups size: 0
Translator operators: 11
Translator axioms: 0
Translator task size: 81
Translator peak memory: 142284 KB
Writing output... [0.000s CPU, 0.002s wall-clock]
Done! [0.010s CPU, 0.017s wall-clock]
translate exit code: 0

INFO     Running search (release).
INFO     search stdin: output.sas
INFO     search time limit: 1799.9s
INFO     search memory limit: 3584 MB
INFO     search command line string: /infai/weidan00/downward/experiments/bachelor/data/bachelor-v1/code-7aa5f34_e5e41175/builds/release/bin/downward --search 'eager_wastar([add()], w=2)' --internal-plan-file sas_plan < output.sas
[t=6.1529e-05s, 17204 KB] reading input...
[t=0.000377063s, 17212 KB] done reading input!
[t=0.00217634s, 17476 KB] Simplifying 22 unary operators... done! [22 unary operators]
[t=0.00227751s, 17476 KB] time to simplify: 0.00015083s
[t=0.00233763s, 17476 KB] Initializing additive heuristic...
[t=0.00245323s, 17476 KB] Building successor generator...done!
[t=0.00259944s, 17476 KB] peak memory difference for successor generator creation: 0 KB
[t=0.00263719s, 17476 KB] time for successor generation creation: 2.772e-05s
[t=0.00268385s, 17476 KB] Variables: 6
[t=0.0027231s, 17476 KB] FactPairs: 13
[t=0.00276201s, 17476 KB] Bytes per state: 4
[t=0.0028716s, 17476 KB] Conducting best first search with reopening closed nodes, (real) bound = 2147483647
[t=0.00296264s, 17476 KB] New best heuristic value for add: 1
[t=0.00300408s, 17476 KB] g=0, 1 evaluated, 0 expanded
[t=0.00305471s, 17476 KB] Initial heuristic value for add: 1
[t=0.00309626s, 17476 KB] pruning method: none
[t=0.00317751s, 17476 KB] New best heuristic value for add: 0
[t=0.00321969s, 17476 KB] g=8, 10 evaluated, 8 expanded
[t=0.0032617s, 17476 KB] Solution found!
[t=0.00330366s, 17476 KB] Actual search time: 0.000202933s
wait_cb1  (1)
wait_cb1-condeff0-yes  (1)
wait_cb1-endof-condeffs  (1)
open-sd1  (1)
close_cb1  (1)
wait_cb1  (1)
wait_cb1-condeff0-no-0  (1)
wait_cb1-endof-condeffs  (1)
[t=0.00334642s, 17476 KB] Plan length: 8 step(s).
[t=0.00334642s, 17476 KB] Plan cost: 8
[t=0.00334642s, 17476 KB] Expanded 9 state(s).
[t=0.00334642s, 17476 KB] Reopened 0 state(s).
[t=0.00334642s, 17476 KB] Evaluated 10 state(s).
[t=0.00334642s, 17476 KB] Evaluations: 10
[t=0.00334642s, 17476 KB] Generated 12 state(s).
[t=0.00334642s, 17476 KB] Dead ends: 0 state(s).
[t=0.00334642s, 17476 KB] Number of registered states: 10
[t=0.00334642s, 17476 KB] Int hash set load factor: 10/16 = 0.625
[t=0.00334642s, 17476 KB] Int hash set resizes: 4
[t=0.00334642s, 17476 KB] mean number of q cost that have been adjusted 0 times in relation to total number of q: -1
[t=0.00334642s, 17476 KB] mean number of q cost that have been adjusted 1 times in relation to total number of q: -1
[t=0.00334642s, 17476 KB] mean number of q cost that have been adjusted 2 times in relation to total number of q: -1
[t=0.00334642s, 17476 KB] mean number of q that are at some point overconsitent in relation to total number of q: -1
[t=0.00334642s, 17476 KB] mean number of q that are at first underconsisten in relation to total number of q: -1
[t=0.00334642s, 17476 KB] mean number of state variables that are not in common between two following states in relation to total number of state variables: -1
[t=0.00334642s, 17476 KB] variance number of state variables that are not in common between two following states in relation to total number of state variables: -1
[t=0.00334642s, 17476 KB] Search time: 0.000475521s
[t=0.00334642s, 17476 KB] Total time: 0.00334642s
Solution found.
Peak memory: 17476 KB
Remove intermediate file output.sas
search exit code: 0

INFO     Running validate.
INFO     validate stdin: None
INFO     validate time limit: None
INFO     validate memory limit: None
INFO     validate command line string: validate domain.pddl problem.pddl sas_plan
