INFO     Running translator.
INFO     translator stdin: None
INFO     translator time limit: 1799.96s
INFO     translator memory limit: 3584 MB
INFO     translator command line string: /infai/weidan00/downward/experiments/bachelor/.venv/bin/python3 /infai/weidan00/downward/experiments/bachelor/data/bachelor-v1/code-7aa5f34_e5e41175/builds/release/bin/translate/translate.py domain.pddl problem.pddl --sas-file output.sas
Parsing...
Parsing: [0.000s CPU, 0.003s wall-clock]
Normalizing task... [0.000s CPU, 0.000s wall-clock]
Instantiating...
Generating Datalog program... [0.000s CPU, 0.000s wall-clock]
Normalizing Datalog program...
Normalizing Datalog program: [0.000s CPU, 0.002s wall-clock]
Preparing model... [0.000s CPU, 0.001s wall-clock]
Generated 26 rules.
Computing model... [0.010s CPU, 0.006s wall-clock]
393 relevant atoms
357 auxiliary atoms
750 final queue length
919 total queue pushes
Completing instantiation... [0.000s CPU, 0.005s wall-clock]
Instantiating: [0.010s CPU, 0.016s wall-clock]
Computing fact groups...
Finding invariants...
6 initial candidates
Finding invariants: [0.000s CPU, 0.001s wall-clock]
Checking invariant weight... [0.000s CPU, 0.000s wall-clock]
Instantiating groups... [0.000s CPU, 0.000s wall-clock]
Collecting mutex groups... [0.000s CPU, 0.000s wall-clock]
Choosing groups...
14 uncovered facts
Choosing groups: [0.000s CPU, 0.000s wall-clock]
Building translation key... [0.000s CPU, 0.000s wall-clock]
Computing fact groups: [0.010s CPU, 0.002s wall-clock]
Building STRIPS to SAS dictionary... [0.000s CPU, 0.000s wall-clock]
Building dictionary for full mutex groups... [0.000s CPU, 0.000s wall-clock]
Building mutex information...
Building mutex information: [0.000s CPU, 0.000s wall-clock]
Translating task...
Processing axioms...
Simplifying axioms... [0.000s CPU, 0.000s wall-clock]
Processing axioms: [0.000s CPU, 0.000s wall-clock]
Translating task: [0.000s CPU, 0.005s wall-clock]
7 effect conditions simplified
0 implied preconditions added
Detecting unreachable propositions...
0 operators removed
0 axioms removed
1 propositions removed
Detecting unreachable propositions: [0.000s CPU, 0.003s wall-clock]
Reordering and filtering variables...
15 of 15 variables necessary.
0 of 1 mutex groups necessary.
196 of 196 operators necessary.
0 of 0 axiom rules necessary.
Reordering and filtering variables: [0.000s CPU, 0.001s wall-clock]
Translator variables: 15
Translator derived variables: 0
Translator facts: 42
Translator goal facts: 7
Translator mutex groups: 0
Translator total mutex groups size: 0
Translator operators: 196
Translator axioms: 0
Translator task size: 666
Translator peak memory: 142796 KB
Writing output... [0.010s CPU, 0.005s wall-clock]
Done! [0.030s CPU, 0.035s wall-clock]
translate exit code: 0

INFO     Running search (release).
INFO     search stdin: output.sas
INFO     search time limit: 1799.88s
INFO     search memory limit: 3584 MB
INFO     search command line string: /infai/weidan00/downward/experiments/bachelor/data/bachelor-v1/code-7aa5f34_e5e41175/builds/release/bin/downward --search 'eager_wastar([add()], w=2)' --internal-plan-file sas_plan < output.sas
[t=6.0246e-05s, 17204 KB] reading input...
[t=0.00100588s, 17212 KB] done reading input!
[t=0.00283854s, 17476 KB] Simplifying 203 unary operators... done! [203 unary operators]
[t=0.00299102s, 17476 KB] time to simplify: 0.00020371s
[t=0.0030643s, 17476 KB] Initializing additive heuristic...
[t=0.00317812s, 17476 KB] Building successor generator...done!
[t=0.00335052s, 17476 KB] peak memory difference for successor generator creation: 0 KB
[t=0.0033881s, 17476 KB] time for successor generation creation: 5.5181e-05s
[t=0.00344299s, 17476 KB] Variables: 15
[t=0.00348198s, 17476 KB] FactPairs: 42
[t=0.00352034s, 17476 KB] Bytes per state: 4
[t=0.00362896s, 17476 KB] Conducting best first search with reopening closed nodes, (real) bound = 2147483647
[t=0.00372605s, 17476 KB] New best heuristic value for add: 26
[t=0.00376829s, 17476 KB] g=0, 1 evaluated, 0 expanded
[t=0.0038172s, 17476 KB] Initial heuristic value for add: 26
[t=0.00385758s, 17476 KB] pruning method: none
[t=0.00391435s, 17476 KB] New best heuristic value for add: 25
[t=0.00395528s, 17476 KB] g=1, 2 evaluated, 1 expanded
[t=0.00407049s, 17476 KB] New best heuristic value for add: 24
[t=0.0041116s, 17476 KB] g=2, 17 evaluated, 2 expanded
[t=0.00422859s, 17476 KB] New best heuristic value for add: 22
[t=0.0042951s, 17476 KB] g=3, 34 evaluated, 3 expanded
[t=0.00438255s, 17476 KB] New best heuristic value for add: 21
[t=0.0044231s, 17476 KB] g=4, 44 evaluated, 5 expanded
[t=0.00449084s, 17476 KB] New best heuristic value for add: 20
[t=0.00453115s, 17476 KB] g=5, 50 evaluated, 6 expanded
[t=0.00461431s, 17476 KB] New best heuristic value for add: 19
[t=0.0046545s, 17476 KB] g=6, 60 evaluated, 7 expanded
[t=0.00473741s, 17476 KB] New best heuristic value for add: 18
[t=0.00477817s, 17476 KB] g=7, 68 evaluated, 8 expanded
[t=0.00484373s, 17476 KB] New best heuristic value for add: 17
[t=0.00488384s, 17476 KB] g=8, 74 evaluated, 9 expanded
[t=0.00497121s, 17476 KB] New best heuristic value for add: 16
[t=0.00501149s, 17476 KB] g=9, 85 evaluated, 10 expanded
[t=0.00506631s, 17476 KB] New best heuristic value for add: 15
[t=0.00510646s, 17476 KB] g=10, 88 evaluated, 11 expanded
[t=0.00515978s, 17476 KB] New best heuristic value for add: 14
[t=0.00520003s, 17476 KB] g=11, 90 evaluated, 12 expanded
[t=0.00530497s, 17476 KB] New best heuristic value for add: 13
[t=0.00534537s, 17476 KB] g=12, 106 evaluated, 13 expanded
[t=0.00543028s, 17476 KB] New best heuristic value for add: 12
[t=0.00547053s, 17476 KB] g=13, 117 evaluated, 14 expanded
[t=0.00553033s, 17476 KB] New best heuristic value for add: 11
[t=0.0055702s, 17476 KB] g=14, 122 evaluated, 15 expanded
[t=0.00566105s, 17476 KB] New best heuristic value for add: 10
[t=0.00570151s, 17476 KB] g=15, 131 evaluated, 16 expanded
[t=0.0057712s, 17476 KB] New best heuristic value for add: 9
[t=0.00581132s, 17476 KB] g=16, 139 evaluated, 17 expanded
[t=0.00588069s, 17476 KB] New best heuristic value for add: 8
[t=0.00592053s, 17476 KB] g=17, 146 evaluated, 18 expanded
[t=0.00600068s, 17476 KB] New best heuristic value for add: 7
[t=0.00604083s, 17476 KB] g=18, 156 evaluated, 19 expanded
[t=0.00610542s, 17476 KB] New best heuristic value for add: 6
[t=0.00614574s, 17476 KB] g=19, 162 evaluated, 20 expanded
[t=0.00622151s, 17476 KB] New best heuristic value for add: 5
[t=0.00626175s, 17476 KB] g=20, 173 evaluated, 21 expanded
[t=0.00632108s, 17476 KB] New best heuristic value for add: 4
[t=0.00636131s, 17476 KB] g=21, 177 evaluated, 23 expanded
[t=0.00642429s, 17476 KB] New best heuristic value for add: 3
[t=0.00646442s, 17476 KB] g=22, 184 evaluated, 24 expanded
[t=0.00653019s, 17476 KB] New best heuristic value for add: 2
[t=0.00657003s, 17476 KB] g=23, 191 evaluated, 26 expanded
[t=0.00663328s, 17476 KB] New best heuristic value for add: 1
[t=0.0066728s, 17476 KB] g=24, 198 evaluated, 27 expanded
[t=0.00673497s, 17476 KB] New best heuristic value for add: 0
[t=0.00677465s, 17476 KB] g=25, 205 evaluated, 28 expanded
[t=0.00681513s, 17476 KB] Solution found!
[t=0.00685637s, 17476 KB] Actual search time: 0.00299459s
board f0 p1 (1)
board f0 p6 (1)
up f0 f13 (1)
board f13 p4 (1)
down f13 f12 (1)
depart f12 p4 (1)
down f12 f5 (1)
board f5 p5 (1)
up f5 f7 (1)
board f7 p0 (1)
board f7 p3 (1)
down f7 f2 (1)
depart f2 p3 (1)
up f2 f12 (1)
depart f12 p5 (1)
down f12 f5 (1)
depart f5 p0 (1)
up f5 f13 (1)
depart f13 p1 (1)
down f13 f8 (1)
depart f8 p6 (1)
up f8 f9 (1)
board f9 p2 (1)
down f9 f6 (1)
depart f6 p2 (1)
[t=0.00689811s, 17476 KB] Plan length: 25 step(s).
[t=0.00689811s, 17476 KB] Plan cost: 25
[t=0.00689811s, 17476 KB] Expanded 29 state(s).
[t=0.00689811s, 17476 KB] Reopened 0 state(s).
[t=0.00689811s, 17476 KB] Evaluated 205 state(s).
[t=0.00689811s, 17476 KB] Evaluations: 205
[t=0.00689811s, 17476 KB] Generated 395 state(s).
[t=0.00689811s, 17476 KB] Dead ends: 0 state(s).
[t=0.00689811s, 17476 KB] Number of registered states: 205
[t=0.00689811s, 17476 KB] Int hash set load factor: 205/256 = 0.800781
[t=0.00689811s, 17476 KB] Int hash set resizes: 8
[t=0.00689811s, 17476 KB] mean number of q cost that have been adjusted 0 times in relation to total number of q: -1
[t=0.00689811s, 17476 KB] mean number of q cost that have been adjusted 1 times in relation to total number of q: -1
[t=0.00689811s, 17476 KB] mean number of q cost that have been adjusted 2 times in relation to total number of q: -1
[t=0.00689811s, 17476 KB] mean number of q that are at some point overconsitent in relation to total number of q: -1
[t=0.00689811s, 17476 KB] mean number of q that are at first underconsisten in relation to total number of q: -1
[t=0.00689811s, 17476 KB] mean number of state variables that are not in common between two following states in relation to total number of state variables: -1
[t=0.00689811s, 17476 KB] variance number of state variables that are not in common between two following states in relation to total number of state variables: -1
[t=0.00689811s, 17476 KB] Search time: 0.00326974s
[t=0.00689811s, 17476 KB] Total time: 0.00689811s
Solution found.
Peak memory: 17476 KB
Remove intermediate file output.sas
search exit code: 0

INFO     Running validate.
INFO     validate stdin: None
INFO     validate time limit: None
INFO     validate memory limit: None
INFO     validate command line string: validate domain.pddl problem.pddl sas_plan
