INFO     Running translator.
INFO     translator stdin: None
INFO     translator time limit: 1799.96s
INFO     translator memory limit: 3584 MB
INFO     translator command line string: /infai/weidan00/downward/experiments/bachelor/.venv/bin/python3 /infai/weidan00/downward/experiments/bachelor/data/bachelor-v1/code-7aa5f34_e5e41175/builds/release/bin/translate/translate.py domain.pddl problem.pddl --sas-file output.sas
Parsing...
Parsing: [0.000s CPU, 0.006s wall-clock]
Normalizing task... [0.000s CPU, 0.000s wall-clock]
Instantiating...
Generating Datalog program... [0.000s CPU, 0.002s wall-clock]
Normalizing Datalog program...
Normalizing Datalog program: [0.000s CPU, 0.002s wall-clock]
Preparing model... [0.010s CPU, 0.006s wall-clock]
Generated 13 rules.
Computing model... [0.020s CPU, 0.025s wall-clock]
1973 relevant atoms
1207 auxiliary atoms
3180 final queue length
5391 total queue pushes
Completing instantiation... [0.040s CPU, 0.034s wall-clock]
Instantiating: [0.070s CPU, 0.069s wall-clock]
Computing fact groups...
Finding invariants...
6 initial candidates
Finding invariants: [0.000s CPU, 0.001s wall-clock]
Checking invariant weight... [0.010s CPU, 0.000s wall-clock]
Instantiating groups... [0.000s CPU, 0.000s wall-clock]
Collecting mutex groups... [0.000s CPU, 0.000s wall-clock]
Choosing groups...
34 uncovered facts
Choosing groups: [0.000s CPU, 0.000s wall-clock]
Building translation key... [0.000s CPU, 0.000s wall-clock]
Computing fact groups: [0.010s CPU, 0.002s wall-clock]
Building STRIPS to SAS dictionary... [0.000s CPU, 0.000s wall-clock]
Building dictionary for full mutex groups... [0.000s CPU, 0.000s wall-clock]
Building mutex information...
Building mutex information: [0.000s CPU, 0.000s wall-clock]
Translating task...
Processing axioms...
Simplifying axioms... [0.000s CPU, 0.000s wall-clock]
Processing axioms: [0.000s CPU, 0.001s wall-clock]
Translating task: [0.020s CPU, 0.026s wall-clock]
17 effect conditions simplified
0 implied preconditions added
Detecting unreachable propositions...
0 operators removed
0 axioms removed
1 propositions removed
Detecting unreachable propositions: [0.020s CPU, 0.015s wall-clock]
Reordering and filtering variables...
35 of 35 variables necessary.
0 of 1 mutex groups necessary.
1144 of 1144 operators necessary.
0 of 0 axiom rules necessary.
Reordering and filtering variables: [0.000s CPU, 0.004s wall-clock]
Translator variables: 35
Translator derived variables: 0
Translator facts: 102
Translator goal facts: 17
Translator mutex groups: 0
Translator total mutex groups size: 0
Translator operators: 1144
Translator axioms: 0
Translator task size: 3649
Translator peak memory: 145868 KB
Writing output... [0.010s CPU, 0.012s wall-clock]
Done! [0.130s CPU, 0.136s wall-clock]
translate exit code: 0

INFO     Running search (release).
INFO     search stdin: output.sas
INFO     search time limit: 1799.77s
INFO     search memory limit: 3584 MB
INFO     search command line string: /infai/weidan00/downward/experiments/bachelor/data/bachelor-v1/code-7aa5f34_e5e41175/builds/release/bin/downward --search 'eager_wastar([pinch_tracking()], w=2)' --internal-plan-file sas_plan < output.sas
[t=6.1965e-05s, 17204 KB] reading input...
[t=0.00440325s, 17376 KB] done reading input!
[t=0.00647739s, 17784 KB] Simplifying 1173 unary operators... done! [1173 unary operators]
[t=0.00703659s, 17784 KB] time to simplify: 0.000636073s
[t=0.00717531s, 17784 KB] Initializing pinch tracking heuristic...
[t=0.0073016s, 17784 KB] Building successor generator...done!
[t=0.00764164s, 17916 KB] peak memory difference for successor generator creation: 132 KB
[t=0.0076819s, 17916 KB] time for successor generation creation: 0.000210037s
[t=0.00773428s, 17916 KB] Variables: 35
[t=0.00777469s, 17916 KB] FactPairs: 102
[t=0.00781446s, 17916 KB] Bytes per state: 8
[t=0.00793438s, 17916 KB] Conducting best first search with reopening closed nodes, (real) bound = 2147483647
[t=0.00812043s, 17916 KB] New best heuristic value for pinch_tracking: 67
[t=0.00816366s, 17916 KB] g=0, 1 evaluated, 0 expanded
[t=0.00821443s, 17916 KB] Initial heuristic value for pinch_tracking: 67
[t=0.00825569s, 17916 KB] pruning method: none
[t=0.00833775s, 17916 KB] New best heuristic value for pinch_tracking: 66
[t=0.00837904s, 17916 KB] g=1, 4 evaluated, 1 expanded
[t=0.00844107s, 17916 KB] New best heuristic value for pinch_tracking: 65
[t=0.0084819s, 17916 KB] g=1, 7 evaluated, 1 expanded
[t=0.0087368s, 17916 KB] New best heuristic value for pinch_tracking: 64
[t=0.00877895s, 17916 KB] g=2, 35 evaluated, 2 expanded
[t=0.00895551s, 17916 KB] New best heuristic value for pinch_tracking: 63
[t=0.0089971s, 17916 KB] g=3, 54 evaluated, 3 expanded
[t=0.00915635s, 17916 KB] New best heuristic value for pinch_tracking: 62
[t=0.00919769s, 17916 KB] g=4, 69 evaluated, 4 expanded
[t=0.00940342s, 17916 KB] New best heuristic value for pinch_tracking: 61
[t=0.00944436s, 17916 KB] g=5, 91 evaluated, 5 expanded
[t=0.0095739s, 17916 KB] New best heuristic value for pinch_tracking: 59
[t=0.00961479s, 17916 KB] g=6, 103 evaluated, 6 expanded
[t=0.00968782s, 17916 KB] New best heuristic value for pinch_tracking: 58
[t=0.00972821s, 17916 KB] g=7, 107 evaluated, 7 expanded
[t=0.0099946s, 17916 KB] New best heuristic value for pinch_tracking: 57
[t=0.0100373s, 17916 KB] g=8, 137 evaluated, 8 expanded
[t=0.0101523s, 17916 KB] New best heuristic value for pinch_tracking: 56
[t=0.0101985s, 17916 KB] g=9, 147 evaluated, 9 expanded
[t=0.0104097s, 17916 KB] New best heuristic value for pinch_tracking: 55
[t=0.0104507s, 17916 KB] g=10, 171 evaluated, 10 expanded
[t=0.0105855s, 17916 KB] New best heuristic value for pinch_tracking: 54
[t=0.0106262s, 17916 KB] g=11, 184 evaluated, 11 expanded
[t=0.0108233s, 17916 KB] New best heuristic value for pinch_tracking: 53
[t=0.0108636s, 17916 KB] g=12, 205 evaluated, 13 expanded
[t=0.0109578s, 17916 KB] New best heuristic value for pinch_tracking: 52
[t=0.0109982s, 17916 KB] g=13, 212 evaluated, 14 expanded
[t=0.0112414s, 17916 KB] New best heuristic value for pinch_tracking: 51
[t=0.0112832s, 17916 KB] g=14, 239 evaluated, 16 expanded
[t=0.011377s, 17916 KB] New best heuristic value for pinch_tracking: 50
[t=0.0114176s, 17916 KB] g=15, 246 evaluated, 17 expanded
[t=0.0116844s, 17916 KB] New best heuristic value for pinch_tracking: 48
[t=0.0117261s, 17916 KB] g=16, 273 evaluated, 19 expanded
[t=0.0117802s, 17916 KB] New best heuristic value for pinch_tracking: 47
[t=0.0118214s, 17916 KB] g=17, 274 evaluated, 20 expanded
[t=0.011907s, 17916 KB] New best heuristic value for pinch_tracking: 46
[t=0.0119476s, 17916 KB] g=17, 280 evaluated, 20 expanded
[t=0.0121858s, 17916 KB] New best heuristic value for pinch_tracking: 45
[t=0.012227s, 17916 KB] g=18, 307 evaluated, 21 expanded
[t=0.0124864s, 17916 KB] New best heuristic value for pinch_tracking: 44
[t=0.0125274s, 17916 KB] g=19, 338 evaluated, 22 expanded
[t=0.0125985s, 17916 KB] New best heuristic value for pinch_tracking: 42
[t=0.012639s, 17916 KB] g=20, 341 evaluated, 23 expanded
[t=0.01269s, 17916 KB] New best heuristic value for pinch_tracking: 41
[t=0.0127304s, 17916 KB] g=21, 342 evaluated, 24 expanded
[t=0.0129935s, 17916 KB] New best heuristic value for pinch_tracking: 40
[t=0.0130341s, 17916 KB] g=21, 373 evaluated, 24 expanded
[t=0.0130981s, 17916 KB] New best heuristic value for pinch_tracking: 39
[t=0.0131379s, 17916 KB] g=22, 375 evaluated, 25 expanded
[t=0.0134247s, 17916 KB] New best heuristic value for pinch_tracking: 38
[t=0.0134655s, 17916 KB] g=24, 409 evaluated, 28 expanded
[t=0.0135209s, 17916 KB] New best heuristic value for pinch_tracking: 37
[t=0.0135614s, 17916 KB] g=25, 410 evaluated, 29 expanded
[t=0.0138489s, 17916 KB] New best heuristic value for pinch_tracking: 36
[t=0.0138908s, 17916 KB] g=26, 443 evaluated, 31 expanded
[t=0.0139462s, 17916 KB] New best heuristic value for pinch_tracking: 35
[t=0.0139869s, 17916 KB] g=27, 444 evaluated, 32 expanded
[t=0.0142569s, 17916 KB] New best heuristic value for pinch_tracking: 34
[t=0.0142984s, 17916 KB] g=28, 477 evaluated, 33 expanded
[t=0.0143694s, 17916 KB] New best heuristic value for pinch_tracking: 33
[t=0.0144099s, 17916 KB] g=29, 480 evaluated, 34 expanded
[t=0.0147266s, 17916 KB] New best heuristic value for pinch_tracking: 32
[t=0.014771s, 17916 KB] g=30, 511 evaluated, 35 expanded
[t=0.0148587s, 17916 KB] New best heuristic value for pinch_tracking: 31
[t=0.0149004s, 17916 KB] g=31, 516 evaluated, 36 expanded
[t=0.0151532s, 17916 KB] New best heuristic value for pinch_tracking: 30
[t=0.0151952s, 17916 KB] g=32, 545 evaluated, 38 expanded
[t=0.0152721s, 17916 KB] New best heuristic value for pinch_tracking: 29
[t=0.0153128s, 17916 KB] g=33, 549 evaluated, 39 expanded
[t=0.0155853s, 17916 KB] New best heuristic value for pinch_tracking: 28
[t=0.0156266s, 17916 KB] g=34, 579 evaluated, 42 expanded
[t=0.0157222s, 17916 KB] New best heuristic value for pinch_tracking: 27
[t=0.0157633s, 17916 KB] g=35, 586 evaluated, 43 expanded
[t=0.016s, 17916 KB] New best heuristic value for pinch_tracking: 26
[t=0.0160412s, 17916 KB] g=36, 613 evaluated, 45 expanded
[t=0.0161437s, 17916 KB] New best heuristic value for pinch_tracking: 25
[t=0.0161843s, 17916 KB] g=37, 621 evaluated, 46 expanded
[t=0.0164201s, 17916 KB] New best heuristic value for pinch_tracking: 24
[t=0.0164608s, 17916 KB] g=38, 647 evaluated, 49 expanded
[t=0.016556s, 17916 KB] New best heuristic value for pinch_tracking: 23
[t=0.0165971s, 17916 KB] g=39, 654 evaluated, 50 expanded
[t=0.0168396s, 17916 KB] New best heuristic value for pinch_tracking: 22
[t=0.0168807s, 17916 KB] g=40, 681 evaluated, 53 expanded
[t=0.0170035s, 17916 KB] New best heuristic value for pinch_tracking: 21
[t=0.0170443s, 17916 KB] g=41, 692 evaluated, 54 expanded
[t=0.0172483s, 17916 KB] New best heuristic value for pinch_tracking: 20
[t=0.017289s, 17916 KB] g=42, 715 evaluated, 55 expanded
[t=0.0174275s, 17916 KB] New best heuristic value for pinch_tracking: 19
[t=0.0174688s, 17916 KB] g=43, 728 evaluated, 56 expanded
[t=0.0176587s, 17916 KB] New best heuristic value for pinch_tracking: 18
[t=0.0177001s, 17916 KB] g=44, 749 evaluated, 57 expanded
[t=0.0178548s, 17916 KB] New best heuristic value for pinch_tracking: 17
[t=0.0178952s, 17916 KB] g=45, 765 evaluated, 58 expanded
[t=0.0180725s, 17916 KB] New best heuristic value for pinch_tracking: 16
[t=0.0181131s, 17916 KB] g=46, 783 evaluated, 60 expanded
[t=0.0182259s, 17916 KB] New best heuristic value for pinch_tracking: 15
[t=0.0182706s, 17916 KB] g=47, 793 evaluated, 61 expanded
[t=0.0184859s, 17916 KB] New best heuristic value for pinch_tracking: 14
[t=0.0185266s, 17916 KB] g=48, 817 evaluated, 63 expanded
[t=0.0186879s, 17916 KB] New best heuristic value for pinch_tracking: 13
[t=0.0187286s, 17916 KB] g=49, 834 evaluated, 64 expanded
[t=0.0188925s, 17916 KB] New best heuristic value for pinch_tracking: 12
[t=0.0189334s, 17916 KB] g=50, 851 evaluated, 65 expanded
[t=0.0191273s, 17916 KB] New best heuristic value for pinch_tracking: 11
[t=0.0191749s, 17916 KB] g=51, 873 evaluated, 66 expanded
[t=0.019313s, 17916 KB] New best heuristic value for pinch_tracking: 10
[t=0.0193547s, 17916 KB] g=52, 885 evaluated, 68 expanded
[t=0.0195057s, 17916 KB] New best heuristic value for pinch_tracking: 9
[t=0.019547s, 17916 KB] g=53, 901 evaluated, 69 expanded
[t=0.0197253s, 17916 KB] New best heuristic value for pinch_tracking: 8
[t=0.0197662s, 17916 KB] g=54, 919 evaluated, 71 expanded
[t=0.019919s, 17916 KB] New best heuristic value for pinch_tracking: 7
[t=0.0199601s, 17916 KB] g=55, 935 evaluated, 72 expanded
[t=0.0201449s, 17916 KB] New best heuristic value for pinch_tracking: 6
[t=0.0201866s, 17916 KB] g=56, 953 evaluated, 74 expanded
[t=0.0204163s, 17916 KB] New best heuristic value for pinch_tracking: 5
[t=0.0204579s, 17916 KB] g=57, 969 evaluated, 75 expanded
[t=0.0206309s, 17916 KB] New best heuristic value for pinch_tracking: 4
[t=0.0206719s, 17916 KB] g=58, 987 evaluated, 76 expanded
[t=0.02092s, 17916 KB] New best heuristic value for pinch_tracking: 3
[t=0.0209611s, 17916 KB] g=59, 1017 evaluated, 77 expanded
[t=0.0210504s, 17916 KB] New best heuristic value for pinch_tracking: 2
[t=0.0210911s, 17916 KB] g=60, 1021 evaluated, 78 expanded
[t=0.0213564s, 17916 KB] New best heuristic value for pinch_tracking: 1
[t=0.0213979s, 17916 KB] g=61, 1053 evaluated, 79 expanded
[t=0.0214634s, 17916 KB] New best heuristic value for pinch_tracking: 0
[t=0.021504s, 17916 KB] g=62, 1055 evaluated, 80 expanded
[t=0.0215457s, 17916 KB] Solution found!
[t=0.0215934s, 17916 KB] Actual search time: 0.0133337s
up f0 f14 (1)
stop f14 (1)
up f14 f19 (1)
stop f19 (1)
up f19 f22 (1)
stop f22 (1)
down f22 f11 (1)
stop f11 (1)
down f11 f8 (1)
stop f8 (1)
up f8 f17 (1)
stop f17 (1)
up f17 f19 (1)
stop f19 (1)
up f19 f20 (1)
stop f20 (1)
down f20 f14 (1)
stop f14 (1)
up f14 f31 (1)
stop f31 (1)
up f31 f32 (1)
stop f32 (1)
down f32 f1 (1)
stop f1 (1)
up f1 f10 (1)
stop f10 (1)
down f10 f0 (1)
stop f0 (1)
up f0 f11 (1)
stop f11 (1)
down f11 f5 (1)
stop f5 (1)
up f5 f15 (1)
stop f15 (1)
down f15 f3 (1)
stop f3 (1)
up f3 f19 (1)
stop f19 (1)
down f19 f6 (1)
stop f6 (1)
up f6 f14 (1)
stop f14 (1)
down f14 f8 (1)
stop f8 (1)
up f8 f21 (1)
stop f21 (1)
down f21 f9 (1)
stop f9 (1)
up f9 f17 (1)
stop f17 (1)
up f17 f27 (1)
stop f27 (1)
up f27 f28 (1)
stop f28 (1)
up f28 f29 (1)
stop f29 (1)
down f29 f22 (1)
stop f22 (1)
up f22 f30 (1)
stop f30 (1)
up f30 f32 (1)
stop f32 (1)
[t=0.0216363s, 17916 KB] Plan length: 62 step(s).
[t=0.0216363s, 17916 KB] Plan cost: 62
[t=0.0216363s, 17916 KB] Expanded 81 state(s).
[t=0.0216363s, 17916 KB] Reopened 0 state(s).
[t=0.0216363s, 17916 KB] Evaluated 1055 state(s).
[t=0.0216363s, 17916 KB] Evaluations: 1055
[t=0.0216363s, 17916 KB] Generated 2720 state(s).
[t=0.0216363s, 17916 KB] Dead ends: 0 state(s).
[t=0.0216363s, 17916 KB] Number of registered states: 1055
[t=0.0216363s, 17916 KB] Int hash set load factor: 1055/2048 = 0.515137
[t=0.0216363s, 17916 KB] Int hash set resizes: 11
[t=0.0216363s, 17916 KB] mean number of q cost that have been adjusted 0 times in relation to total number of q: -1
[t=0.0216363s, 17916 KB] mean number of q cost that have been adjusted 1 times in relation to total number of q: -1
[t=0.0216363s, 17916 KB] mean number of q cost that have been adjusted 2 times in relation to total number of q: -1
[t=0.0216363s, 17916 KB] mean number of q that are at some point overconsitent in relation to total number of q: -1
[t=0.0216363s, 17916 KB] mean number of q that are at first underconsisten in relation to total number of q: -1
[t=0.0216363s, 17916 KB] mean number of state variables that are not in common between two following states in relation to total number of state variables: -1
[t=0.0216363s, 17916 KB] variance number of state variables that are not in common between two following states in relation to total number of state variables: -1
[t=0.0216363s, 17916 KB] Search time: 0.0137027s
[t=0.0216363s, 17916 KB] Total time: 0.0216363s
Solution found.
Peak memory: 17916 KB
Remove intermediate file output.sas
search exit code: 0

INFO     Running validate.
INFO     validate stdin: None
INFO     validate time limit: None
INFO     validate memory limit: None
INFO     validate command line string: validate domain.pddl problem.pddl sas_plan
