INFO     Running translator.
INFO     translator stdin: None
INFO     translator time limit: 1799.95s
INFO     translator memory limit: 3584 MB
INFO     translator command line string: /infai/weidan00/downward/experiments/bachelor/.venv/bin/python3 /infai/weidan00/downward/experiments/bachelor/data/bachelor-v1/code-7aa5f34_e5e41175/builds/release/bin/translate/translate.py domain.pddl problem.pddl --sas-file output.sas
Parsing...
Parsing: [0.000s CPU, 0.006s wall-clock]
Normalizing task... [0.000s CPU, 0.000s wall-clock]
Instantiating...
Generating Datalog program... [0.000s CPU, 0.001s wall-clock]
Normalizing Datalog program...
Normalizing Datalog program: [0.000s CPU, 0.002s wall-clock]
Preparing model... [0.010s CPU, 0.003s wall-clock]
Generated 65 rules.
Computing model... [0.010s CPU, 0.016s wall-clock]
1489 relevant atoms
284 auxiliary atoms
1773 final queue length
4595 total queue pushes
Completing instantiation... [0.070s CPU, 0.067s wall-clock]
Instantiating: [0.090s CPU, 0.091s wall-clock]
Computing fact groups...
Finding invariants...
21 initial candidates
Finding invariants: [0.000s CPU, 0.004s wall-clock]
Checking invariant weight... [0.000s CPU, 0.000s wall-clock]
Instantiating groups... [0.000s CPU, 0.000s wall-clock]
Collecting mutex groups... [0.000s CPU, 0.000s wall-clock]
Choosing groups...
557 uncovered facts
Choosing groups: [0.010s CPU, 0.000s wall-clock]
Building translation key... [0.000s CPU, 0.002s wall-clock]
Computing fact groups: [0.020s CPU, 0.012s wall-clock]
Building STRIPS to SAS dictionary... [0.000s CPU, 0.001s wall-clock]
Building dictionary for full mutex groups... [0.000s CPU, 0.001s wall-clock]
Building mutex information...
Building mutex information: [0.000s CPU, 0.000s wall-clock]
Translating task...
Processing axioms...
Simplifying axioms... [0.000s CPU, 0.000s wall-clock]
Processing axioms: [0.010s CPU, 0.005s wall-clock]
Translating task: [0.100s CPU, 0.104s wall-clock]
3181 effect conditions simplified
0 implied preconditions added
Detecting unreachable propositions...
0 operators removed
0 axioms removed
20 propositions removed
Detecting unreachable propositions: [0.050s CPU, 0.047s wall-clock]
Reordering and filtering variables...
288 of 547 variables necessary.
0 of 0 mutex groups necessary.
745 of 745 operators necessary.
0 of 0 axiom rules necessary.
Reordering and filtering variables: [0.040s CPU, 0.038s wall-clock]
Translator variables: 288
Translator derived variables: 0
Translator facts: 576
Translator goal facts: 31
Translator mutex groups: 0
Translator total mutex groups size: 0
Translator operators: 745
Translator axioms: 0
Translator task size: 7214
Translator peak memory: 150220 KB
Writing output... [0.020s CPU, 0.017s wall-clock]
Done! [0.320s CPU, 0.322s wall-clock]
translate exit code: 0

INFO     Running search (release).
INFO     search stdin: output.sas
INFO     search time limit: 1799.58s
INFO     search memory limit: 3584 MB
INFO     search command line string: /infai/weidan00/downward/experiments/bachelor/data/bachelor-v1/code-7aa5f34_e5e41175/builds/release/bin/downward --search 'eager_wastar([pinch()], w=2)' --internal-plan-file sas_plan < output.sas
[t=6.0913e-05s, 17204 KB] reading input...
[t=0.00757883s, 17608 KB] done reading input!
[t=0.00998889s, 18020 KB] Simplifying 3186 unary operators... done! [2541 unary operators]
[t=0.0127179s, 18284 KB] time to simplify: 0.00285231s
[t=0.0130638s, 18284 KB] Initializing pinch heuristic...
[t=0.0132166s, 18284 KB] Building successor generator...done!
[t=0.0137436s, 18284 KB] peak memory difference for successor generator creation: 0 KB
[t=0.0137877s, 18284 KB] time for successor generation creation: 0.00038559s
[t=0.0138426s, 18284 KB] Variables: 288
[t=0.0138847s, 18284 KB] FactPairs: 576
[t=0.0139248s, 18284 KB] Bytes per state: 36
[t=0.0140498s, 18284 KB] Conducting best first search with reopening closed nodes, (real) bound = 2147483647
[t=0.0144203s, 18284 KB] New best heuristic value for pinch: 31
[t=0.0144679s, 18284 KB] g=0, 1 evaluated, 0 expanded
[t=0.0145223s, 18284 KB] Initial heuristic value for pinch: 31
[t=0.0145638s, 18284 KB] pruning method: none
[t=0.0196896s, 18284 KB] New best heuristic value for pinch: 30
[t=0.0197473s, 18284 KB] g=1, 89 evaluated, 1 expanded
[t=0.041168s, 18284 KB] New best heuristic value for pinch: 29
[t=0.0412469s, 18284 KB] g=2, 616 evaluated, 2 expanded
[t=0.0515686s, 18284 KB] New best heuristic value for pinch: 28
[t=0.0516341s, 18284 KB] g=3, 1138 evaluated, 3 expanded
[t=0.216257s, 18784 KB] New best heuristic value for pinch: 27
[t=0.216367s, 18784 KB] g=5, 10503 evaluated, 66 expanded
[t=0.24222s, 18784 KB] New best heuristic value for pinch: 26
[t=0.24231s, 18784 KB] g=6, 11036 evaluated, 67 expanded
[t=0.733777s, 20492 KB] New best heuristic value for pinch: 25
[t=0.733866s, 20492 KB] g=8, 31061 evaluated, 161 expanded
[t=0.752338s, 20492 KB] New best heuristic value for pinch: 24
[t=0.752422s, 20492 KB] g=9, 31404 evaluated, 162 expanded
[t=1.21254s, 21704 KB] New best heuristic value for pinch: 23
[t=1.21265s, 21704 KB] g=11, 53478 evaluated, 263 expanded
[t=1.23202s, 21704 KB] New best heuristic value for pinch: 22
[t=1.2321s, 21704 KB] g=12, 53847 evaluated, 264 expanded
[t=1.9291s, 24204 KB] New best heuristic value for pinch: 21
[t=1.92921s, 24204 KB] g=14, 86277 evaluated, 418 expanded
[t=1.93327s, 24204 KB] New best heuristic value for pinch: 20
[t=1.93333s, 24204 KB] g=15, 86350 evaluated, 419 expanded
[t=2.67906s, 27716 KB] New best heuristic value for pinch: 19
[t=2.67918s, 27716 KB] g=17, 119706 evaluated, 576 expanded
[t=2.69678s, 27716 KB] New best heuristic value for pinch: 18
[t=2.69685s, 27716 KB] g=18, 120034 evaluated, 577 expanded
[t=3.48174s, 29352 KB] New best heuristic value for pinch: 17
[t=3.48184s, 29352 KB] g=20, 155566 evaluated, 747 expanded
[t=3.48842s, 29352 KB] New best heuristic value for pinch: 16
[t=3.48848s, 29352 KB] g=21, 155685 evaluated, 748 expanded
[t=4.35868s, 31608 KB] New best heuristic value for pinch: 15
[t=4.35879s, 31608 KB] g=23, 193975 evaluated, 932 expanded
[t=4.38029s, 31740 KB] New best heuristic value for pinch: 14
[t=4.38038s, 31740 KB] g=24, 194456 evaluated, 933 expanded
[t=9.7292s, 47088 KB] New best heuristic value for pinch: 13
[t=9.72931s, 47088 KB] g=26, 417296 evaluated, 2062 expanded
[t=88.84s, 334748 KB] New best heuristic value for pinch: 12
[t=88.8401s, 334748 KB] g=28, 4194984 evaluated, 29063 expanded
[t=366.074s, 1317640 KB] New best heuristic value for pinch: 11
[t=366.074s, 1317640 KB] g=30, 17331101 evaluated, 128503 expanded
[t=366.68s, 1319368 KB] New best heuristic value for pinch: 10
[t=366.68s, 1319368 KB] g=32, 17358880 evaluated, 128651 expanded
Failed to allocate memory.
Memory limit has been reached.
Peak memory: 3625568 KB
Remove intermediate file output.sas
search exit code: 22

Driver aborting after search
