INFO     Running translator.
INFO     translator stdin: None
INFO     translator time limit: 1799.96s
INFO     translator memory limit: 3584 MB
INFO     translator command line string: /infai/weidan00/downward/experiments/bachelor/.venv/bin/python3 /infai/weidan00/downward/experiments/bachelor/data/bachelor-v1/code-7aa5f34_e5e41175/builds/release/bin/translate/translate.py domain.pddl problem.pddl --sas-file output.sas
Parsing...
Parsing: [0.000s CPU, 0.005s wall-clock]
Normalizing task... [0.000s CPU, 0.000s wall-clock]
Instantiating...
Generating Datalog program... [0.000s CPU, 0.001s wall-clock]
Normalizing Datalog program...
Normalizing Datalog program: [0.010s CPU, 0.006s wall-clock]
Preparing model... [0.000s CPU, 0.003s wall-clock]
Generated 115 rules.
Computing model... [0.070s CPU, 0.075s wall-clock]
3725 relevant atoms
3726 auxiliary atoms
7451 final queue length
13104 total queue pushes
Completing instantiation... [0.160s CPU, 0.149s wall-clock]
Instantiating: [0.240s CPU, 0.236s wall-clock]
Computing fact groups...
Finding invariants...
24 initial candidates
Finding invariants: [0.010s CPU, 0.015s wall-clock]
Checking invariant weight... [0.000s CPU, 0.000s wall-clock]
Instantiating groups... [0.000s CPU, 0.001s wall-clock]
Collecting mutex groups... [0.000s CPU, 0.000s wall-clock]
Choosing groups...
381 uncovered facts
Choosing groups: [0.000s CPU, 0.000s wall-clock]
Building translation key... [0.000s CPU, 0.002s wall-clock]
Computing fact groups: [0.020s CPU, 0.022s wall-clock]
Building STRIPS to SAS dictionary... [0.000s CPU, 0.000s wall-clock]
Building dictionary for full mutex groups... [0.000s CPU, 0.000s wall-clock]
Building mutex information...
Building mutex information: [0.000s CPU, 0.000s wall-clock]
Translating task...
Processing axioms...
Simplifying axioms... [0.000s CPU, 0.000s wall-clock]
Processing axioms: [0.010s CPU, 0.008s wall-clock]
Translating task: [0.160s CPU, 0.169s wall-clock]
4430 effect conditions simplified
0 implied preconditions added
Detecting unreachable propositions...
0 operators removed
0 axioms removed
3 propositions removed
Detecting unreachable propositions: [0.110s CPU, 0.097s wall-clock]
Reordering and filtering variables...
384 of 384 variables necessary.
16 of 19 mutex groups necessary.
2644 of 2644 operators necessary.
0 of 0 axiom rules necessary.
Reordering and filtering variables: [0.050s CPU, 0.053s wall-clock]
Translator variables: 384
Translator derived variables: 0
Translator facts: 799
Translator goal facts: 14
Translator mutex groups: 16
Translator total mutex groups size: 48
Translator operators: 2644
Translator axioms: 0
Translator task size: 25367
Translator peak memory: 159948 KB
Writing output... [0.040s CPU, 0.047s wall-clock]
Done! [0.630s CPU, 0.640s wall-clock]
translate exit code: 0

INFO     Running search (release).
INFO     search stdin: output.sas
INFO     search time limit: 1799.28s
INFO     search memory limit: 3584 MB
INFO     search command line string: /infai/weidan00/downward/experiments/bachelor/data/bachelor-v1/code-7aa5f34_e5e41175/builds/release/bin/downward --search 'eager_wastar([pinch()], w=2)' --internal-plan-file sas_plan < output.sas
[t=6.0518e-05s, 17204 KB] reading input...
[t=0.0256368s, 18384 KB] done reading input!
[t=0.0291209s, 19440 KB] Simplifying 9782 unary operators... done! [8326 unary operators]
[t=0.038991s, 20240 KB] time to simplify: 0.00994251s
[t=0.0397836s, 20240 KB] Initializing pinch heuristic...
[t=0.0399576s, 20240 KB] Building successor generator...done!
[t=0.041576s, 20240 KB] peak memory difference for successor generator creation: 0 KB
[t=0.0416187s, 20240 KB] time for successor generation creation: 0.00147617s
[t=0.0416834s, 20240 KB] Variables: 384
[t=0.0417235s, 20240 KB] FactPairs: 799
[t=0.0417628s, 20240 KB] Bytes per state: 52
[t=0.0418946s, 20240 KB] Conducting best first search with reopening closed nodes, (real) bound = 2147483647
[t=0.0428175s, 20240 KB] New best heuristic value for pinch: 444
[t=0.0428706s, 20240 KB] g=0, 1 evaluated, 0 expanded
[t=0.0429212s, 20240 KB] Initial heuristic value for pinch: 444
[t=0.0429625s, 20240 KB] pruning method: none
[t=0.0456175s, 20240 KB] New best heuristic value for pinch: 289
[t=0.0456753s, 20240 KB] g=1, 4 evaluated, 1 expanded
[t=0.0492673s, 20240 KB] New best heuristic value for pinch: 287
[t=0.04932s, 20240 KB] g=1, 14 evaluated, 1 expanded
[t=0.145266s, 20400 KB] New best heuristic value for pinch: 203
[t=0.145367s, 20400 KB] g=3, 438 evaluated, 32 expanded
[t=0.148881s, 20552 KB] New best heuristic value for pinch: 171
[t=0.148948s, 20552 KB] g=4, 455 evaluated, 33 expanded
[t=0.150797s, 20552 KB] New best heuristic value for pinch: 165
[t=0.150854s, 20552 KB] g=5, 460 evaluated, 34 expanded
[t=0.160231s, 20840 KB] New best heuristic value for pinch: 145
[t=0.160294s, 20840 KB] g=7, 499 evaluated, 37 expanded
[t=0.260952s, 20840 KB] New best heuristic value for pinch: 133
[t=0.261051s, 20840 KB] g=8, 897 evaluated, 97 expanded
[t=0.289663s, 20984 KB] New best heuristic value for pinch: 125
[t=0.289749s, 20984 KB] g=11, 1011 evaluated, 119 expanded
[t=0.667394s, 21136 KB] New best heuristic value for pinch: 117
[t=0.667505s, 21136 KB] g=16, 2459 evaluated, 541 expanded, 32 reopened
[t=5.43286s, 22908 KB] New best heuristic value for pinch: 113
[t=5.43297s, 22908 KB] g=16, 22369 evaluated, 9317 expanded, 1262 reopened
[t=11.13s, 24884 KB] New best heuristic value for pinch: 105
[t=11.1301s, 24884 KB] g=17, 45222 evaluated, 22104 expanded, 5853 reopened
Peak memory: 718160 KB
caught signal 24 -- exiting
Time limit has been reached.
Remove intermediate file output.sas
search exit code: 23

Driver aborting after search
