INFO     Running translator.
INFO     translator stdin: None
INFO     translator time limit: 1799.96s
INFO     translator memory limit: 3584 MB
INFO     translator command line string: /infai/weidan00/downward/experiments/bachelor/.venv/bin/python3 /infai/weidan00/downward/experiments/bachelor/data/bachelor-v1/code-7aa5f34_e5e41175/builds/release/bin/translate/translate.py domain.pddl problem.pddl --sas-file output.sas
Parsing...
Parsing: [0.010s CPU, 0.007s wall-clock]
Normalizing task... [0.000s CPU, 0.000s wall-clock]
Instantiating...
Generating Datalog program... [0.000s CPU, 0.002s wall-clock]
Normalizing Datalog program...
Normalizing Datalog program: [0.000s CPU, 0.002s wall-clock]
Preparing model... [0.010s CPU, 0.004s wall-clock]
Generated 65 rules.
Computing model... [0.020s CPU, 0.024s wall-clock]
2295 relevant atoms
428 auxiliary atoms
2723 final queue length
7187 total queue pushes
Completing instantiation... [0.110s CPU, 0.103s wall-clock]
Instantiating: [0.140s CPU, 0.136s wall-clock]
Computing fact groups...
Finding invariants...
21 initial candidates
Finding invariants: [0.000s CPU, 0.005s wall-clock]
Checking invariant weight... [0.010s CPU, 0.000s wall-clock]
Instantiating groups... [0.000s CPU, 0.000s wall-clock]
Collecting mutex groups... [0.000s CPU, 0.000s wall-clock]
Choosing groups...
877 uncovered facts
Choosing groups: [0.000s CPU, 0.000s wall-clock]
Building translation key... [0.010s CPU, 0.004s wall-clock]
Computing fact groups: [0.020s CPU, 0.018s wall-clock]
Building STRIPS to SAS dictionary... [0.000s CPU, 0.001s wall-clock]
Building dictionary for full mutex groups... [0.000s CPU, 0.001s wall-clock]
Building mutex information...
Building mutex information: [0.000s CPU, 0.001s wall-clock]
Translating task...
Processing axioms...
Simplifying axioms... [0.000s CPU, 0.000s wall-clock]
Processing axioms: [0.010s CPU, 0.009s wall-clock]
Translating task: [0.170s CPU, 0.171s wall-clock]
5027 effect conditions simplified
0 implied preconditions added
Detecting unreachable propositions...
0 operators removed
0 axioms removed
28 propositions removed
Detecting unreachable propositions: [0.050s CPU, 0.058s wall-clock]
Reordering and filtering variables...
450 of 863 variables necessary.
0 of 0 mutex groups necessary.
1177 of 1177 operators necessary.
0 of 0 axiom rules necessary.
Reordering and filtering variables: [0.070s CPU, 0.071s wall-clock]
Translator variables: 450
Translator derived variables: 0
Translator facts: 900
Translator goal facts: 49
Translator mutex groups: 0
Translator total mutex groups size: 0
Translator operators: 1177
Translator axioms: 0
Translator task size: 11378
Translator peak memory: 154828 KB
Writing output... [0.020s CPU, 0.026s wall-clock]
Done! [0.490s CPU, 0.495s wall-clock]
translate exit code: 0

INFO     Running search (release).
INFO     search stdin: output.sas
INFO     search time limit: 1799.42s
INFO     search memory limit: 3584 MB
INFO     search command line string: /infai/weidan00/downward/experiments/bachelor/data/bachelor-v1/code-7aa5f34_e5e41175/builds/release/bin/downward --search 'eager_wastar([add()], w=2)' --internal-plan-file sas_plan < output.sas
[t=6.2688e-05s, 17204 KB] reading input...
[t=0.0115887s, 17812 KB] done reading input!
[t=0.0141707s, 18440 KB] Simplifying 5028 unary operators... done! [4011 unary operators]
[t=0.0183798s, 18704 KB] time to simplify: 0.00434602s
[t=0.0188521s, 18704 KB] Initializing additive heuristic...
[t=0.0190116s, 18704 KB] Building successor generator...done!
[t=0.0197063s, 18704 KB] peak memory difference for successor generator creation: 0 KB
[t=0.019746s, 18704 KB] time for successor generation creation: 0.000557474s
[t=0.0197993s, 18704 KB] Variables: 450
[t=0.0198392s, 18704 KB] FactPairs: 900
[t=0.0198786s, 18704 KB] Bytes per state: 60
[t=0.0200006s, 18704 KB] Conducting best first search with reopening closed nodes, (real) bound = 2147483647
[t=0.0201771s, 18704 KB] New best heuristic value for add: 49
[t=0.0202214s, 18704 KB] g=0, 1 evaluated, 0 expanded
[t=0.0202715s, 18704 KB] Initial heuristic value for add: 49
[t=0.0203122s, 18704 KB] pruning method: none
[t=0.022719s, 18704 KB] New best heuristic value for add: 48
[t=0.0227687s, 18704 KB] g=1, 38 evaluated, 1 expanded
[t=0.0587975s, 18704 KB] New best heuristic value for add: 47
[t=0.0588667s, 18704 KB] g=1, 622 evaluated, 1 expanded
[t=0.0736541s, 18704 KB] New best heuristic value for add: 46
[t=0.0737094s, 18704 KB] g=2, 858 evaluated, 2 expanded
[t=4.09133s, 24800 KB] New best heuristic value for add: 45
[t=4.09145s, 24800 KB] g=4, 65796 evaluated, 129 expanded
[t=4.13142s, 24932 KB] New best heuristic value for add: 44
[t=4.13152s, 24932 KB] g=4, 66445 evaluated, 129 expanded
[t=4.14216s, 24932 KB] New best heuristic value for add: 43
[t=4.14223s, 24932 KB] g=5, 66616 evaluated, 130 expanded
[t=7.44175s, 30580 KB] New best heuristic value for add: 42
[t=7.44188s, 30580 KB] g=7, 120239 evaluated, 244 expanded
[t=7.48186s, 30580 KB] New best heuristic value for add: 41
[t=7.48195s, 30580 KB] g=7, 120891 evaluated, 244 expanded
[t=7.50278s, 30580 KB] New best heuristic value for add: 40
[t=7.50285s, 30580 KB] g=8, 121230 evaluated, 245 expanded
[t=10.2193s, 34108 KB] New best heuristic value for add: 39
[t=10.2194s, 34108 KB] g=10, 165863 evaluated, 350 expanded
[t=10.2731s, 34240 KB] New best heuristic value for add: 38
[t=10.2733s, 34240 KB] g=11, 166765 evaluated, 351 expanded
[t=10.3216s, 34240 KB] New best heuristic value for add: 37
[t=10.3217s, 34240 KB] g=12, 167588 evaluated, 352 expanded
[t=12.9584s, 38132 KB] New best heuristic value for add: 36
[t=12.9585s, 38132 KB] g=14, 213827 evaluated, 516 expanded
[t=13.0059s, 38264 KB] New best heuristic value for add: 35
[t=13.006s, 38264 KB] g=15, 214634 evaluated, 517 expanded
[t=13.0505s, 38264 KB] New best heuristic value for add: 34
[t=13.0506s, 38264 KB] g=16, 215401 evaluated, 518 expanded
[t=15.2832s, 43644 KB] New best heuristic value for add: 33
[t=15.2834s, 43644 KB] g=18, 254485 evaluated, 670 expanded
[t=15.3263s, 43644 KB] New best heuristic value for add: 32
[t=15.3264s, 43644 KB] g=19, 255225 evaluated, 671 expanded
[t=15.3693s, 43644 KB] New best heuristic value for add: 31
[t=15.3694s, 43644 KB] g=20, 255974 evaluated, 672 expanded
[t=17.2778s, 46600 KB] New best heuristic value for add: 30
[t=17.2779s, 46600 KB] g=22, 289730 evaluated, 816 expanded
[t=17.3162s, 46600 KB] New best heuristic value for add: 29
[t=17.3163s, 46600 KB] g=23, 290399 evaluated, 817 expanded
[t=17.3564s, 46600 KB] New best heuristic value for add: 28
[t=17.3565s, 46600 KB] g=24, 291108 evaluated, 818 expanded
[t=19.0621s, 49140 KB] New best heuristic value for add: 27
[t=19.0623s, 49140 KB] g=26, 321331 evaluated, 958 expanded
[t=19.1074s, 49272 KB] New best heuristic value for add: 26
[t=19.1075s, 49272 KB] g=27, 322121 evaluated, 959 expanded
[t=19.1516s, 49272 KB] New best heuristic value for add: 25
[t=19.1517s, 49272 KB] g=28, 322867 evaluated, 960 expanded
[t=19.1831s, 49408 KB] New best heuristic value for add: 24
[t=19.1831s, 49408 KB] g=29, 323417 evaluated, 961 expanded
[t=21.272s, 52376 KB] New best heuristic value for add: 23
[t=21.2721s, 52376 KB] g=31, 360613 evaluated, 1063 expanded
[t=21.307s, 52512 KB] New best heuristic value for add: 22
[t=21.3071s, 52512 KB] g=32, 361225 evaluated, 1064 expanded
[t=23.8398s, 56268 KB] New best heuristic value for add: 21
[t=23.8399s, 56268 KB] g=34, 406982 evaluated, 1195 expanded
[t=23.8755s, 56268 KB] New best heuristic value for add: 20
[t=23.8756s, 56268 KB] g=35, 407609 evaluated, 1196 expanded
[t=29.0013s, 68052 KB] New best heuristic value for add: 19
[t=29.0014s, 68052 KB] g=37, 499156 evaluated, 1479 expanded
[t=29.0374s, 68052 KB] New best heuristic value for add: 18
[t=29.0375s, 68052 KB] g=38, 499790 evaluated, 1480 expanded
[t=34.1763s, 75764 KB] New best heuristic value for add: 17
[t=34.1764s, 75764 KB] g=40, 592582 evaluated, 1771 expanded
[t=34.2176s, 75896 KB] New best heuristic value for add: 16
[t=34.2177s, 75896 KB] g=41, 593313 evaluated, 1772 expanded
[t=39.8106s, 84220 KB] New best heuristic value for add: 15
[t=39.8108s, 84220 KB] g=43, 694980 evaluated, 2098 expanded
[t=39.853s, 84352 KB] New best heuristic value for add: 14
[t=39.8532s, 84352 KB] g=44, 695735 evaluated, 2099 expanded
[t=45.8682s, 93492 KB] New best heuristic value for add: 13
[t=45.8684s, 93492 KB] g=46, 805541 evaluated, 2456 expanded
[t=45.8883s, 93492 KB] New best heuristic value for add: 12
[t=45.8884s, 93492 KB] g=47, 805901 evaluated, 2457 expanded
[t=59.9682s, 122964 KB] New best heuristic value for add: 11
[t=59.9683s, 122964 KB] g=49, 1062862 evaluated, 3315 expanded
[t=742.596s, 1518924 KB] New best heuristic value for add: 10
[t=742.597s, 1518924 KB] g=51, 13306489 evaluated, 62810 expanded
[t=748.858s, 1518924 KB] New best heuristic value for add: 9
[t=748.858s, 1518924 KB] g=53, 13420170 evaluated, 63190 expanded
Peak memory: 3230616 KB
caught signal 24 -- exiting
Time limit has been reached.
Remove intermediate file output.sas
search exit code: 23

Driver aborting after search
