INFO     Running translator.
INFO     translator stdin: None
INFO     translator time limit: 1799.96s
INFO     translator memory limit: 3584 MB
INFO     translator command line string: /infai/weidan00/downward/experiments/bachelor/.venv/bin/python3 /infai/weidan00/downward/experiments/bachelor/data/bachelor-v1/code-7aa5f34_e5e41175/builds/release/bin/translate/translate.py domain.pddl problem.pddl --sas-file output.sas
Parsing...
Parsing: [0.000s CPU, 0.003s wall-clock]
Normalizing task... [0.000s CPU, 0.000s wall-clock]
Instantiating...
Generating Datalog program... [0.010s CPU, 0.000s wall-clock]
Normalizing Datalog program...
Normalizing Datalog program: [0.000s CPU, 0.002s wall-clock]
Preparing model... [0.000s CPU, 0.001s wall-clock]
Generated 26 rules.
Computing model... [0.000s CPU, 0.001s wall-clock]
53 relevant atoms
62 auxiliary atoms
115 final queue length
124 total queue pushes
Completing instantiation... [0.000s CPU, 0.001s wall-clock]
Instantiating: [0.010s CPU, 0.005s wall-clock]
Computing fact groups...
Finding invariants...
6 initial candidates
Finding invariants: [0.000s CPU, 0.001s wall-clock]
Checking invariant weight... [0.000s CPU, 0.000s wall-clock]
Instantiating groups... [0.000s CPU, 0.000s wall-clock]
Collecting mutex groups... [0.000s CPU, 0.000s wall-clock]
Choosing groups...
4 uncovered facts
Choosing groups: [0.000s CPU, 0.000s wall-clock]
Building translation key... [0.000s CPU, 0.000s wall-clock]
Computing fact groups: [0.000s CPU, 0.001s wall-clock]
Building STRIPS to SAS dictionary... [0.000s CPU, 0.000s wall-clock]
Building dictionary for full mutex groups... [0.000s CPU, 0.000s wall-clock]
Building mutex information...
Building mutex information: [0.000s CPU, 0.000s wall-clock]
Translating task...
Processing axioms...
Simplifying axioms... [0.000s CPU, 0.000s wall-clock]
Processing axioms: [0.000s CPU, 0.000s wall-clock]
Translating task: [0.000s CPU, 0.001s wall-clock]
2 effect conditions simplified
0 implied preconditions added
Detecting unreachable propositions...
0 operators removed
0 axioms removed
1 propositions removed
Detecting unreachable propositions: [0.000s CPU, 0.000s wall-clock]
Reordering and filtering variables...
5 of 5 variables necessary.
0 of 1 mutex groups necessary.
16 of 16 operators necessary.
0 of 0 axiom rules necessary.
Reordering and filtering variables: [0.000s CPU, 0.000s wall-clock]
Translator variables: 5
Translator derived variables: 0
Translator facts: 12
Translator goal facts: 2
Translator mutex groups: 0
Translator total mutex groups size: 0
Translator operators: 16
Translator axioms: 0
Translator task size: 71
Translator peak memory: 142284 KB
Writing output... [0.000s CPU, 0.002s wall-clock]
Done! [0.020s CPU, 0.013s wall-clock]
translate exit code: 0

INFO     Running search (release).
INFO     search stdin: output.sas
INFO     search time limit: 1799.9s
INFO     search memory limit: 3584 MB
INFO     search command line string: /infai/weidan00/downward/experiments/bachelor/data/bachelor-v1/code-7aa5f34_e5e41175/builds/release/bin/downward --search 'eager_wastar([pinch_tracking()], w=2)' --internal-plan-file sas_plan < output.sas
[t=6.0942e-05s, 17204 KB] reading input...
[t=0.000363515s, 17212 KB] done reading input!
[t=0.00218378s, 17476 KB] Simplifying 18 unary operators... done! [18 unary operators]
[t=0.00226799s, 17476 KB] time to simplify: 0.0001331s
[t=0.00232568s, 17476 KB] Initializing pinch tracking heuristic...
[t=0.00243859s, 17476 KB] Building successor generator...done!
[t=0.00258925s, 17476 KB] peak memory difference for successor generator creation: 0 KB
[t=0.0026275s, 17476 KB] time for successor generation creation: 3.2721e-05s
[t=0.00267482s, 17476 KB] Variables: 5
[t=0.00271446s, 17476 KB] FactPairs: 12
[t=0.00275392s, 17476 KB] Bytes per state: 4
[t=0.00286109s, 17476 KB] Conducting best first search with reopening closed nodes, (real) bound = 2147483647
[t=0.00295859s, 17476 KB] New best heuristic value for pinch_tracking: 8
[t=0.00300067s, 17476 KB] g=0, 1 evaluated, 0 expanded
[t=0.00305056s, 17476 KB] Initial heuristic value for pinch_tracking: 8
[t=0.00309126s, 17476 KB] pruning method: none
[t=0.00314656s, 17476 KB] New best heuristic value for pinch_tracking: 7
[t=0.00318702s, 17476 KB] g=1, 2 evaluated, 1 expanded
[t=0.00323711s, 17476 KB] New best heuristic value for pinch_tracking: 6
[t=0.00327737s, 17476 KB] g=1, 4 evaluated, 1 expanded
[t=0.00333247s, 17476 KB] New best heuristic value for pinch_tracking: 5
[t=0.00337238s, 17476 KB] g=3, 7 evaluated, 4 expanded
[t=0.00341735s, 17476 KB] New best heuristic value for pinch_tracking: 4
[t=0.00345784s, 17476 KB] g=3, 8 evaluated, 4 expanded
[t=0.0035053s, 17476 KB] New best heuristic value for pinch_tracking: 3
[t=0.00354578s, 17476 KB] g=4, 9 evaluated, 5 expanded
[t=0.00359806s, 17476 KB] New best heuristic value for pinch_tracking: 2
[t=0.00363795s, 17476 KB] g=6, 13 evaluated, 7 expanded
[t=0.0036872s, 17476 KB] New best heuristic value for pinch_tracking: 1
[t=0.00372708s, 17476 KB] g=7, 16 evaluated, 8 expanded
[t=0.0037747s, 17476 KB] New best heuristic value for pinch_tracking: 0
[t=0.00381499s, 17476 KB] g=8, 17 evaluated, 9 expanded
[t=0.00385498s, 17476 KB] Solution found!
[t=0.00389777s, 17476 KB] Actual search time: 0.000802892s
up f0 f1 (1)
board f1 p0 (1)
up f1 f3 (1)
depart f3 p0 (1)
down f3 f2 (1)
board f2 p1 (1)
up f2 f3 (1)
depart f3 p1 (1)
[t=0.0039408s, 17476 KB] Plan length: 8 step(s).
[t=0.0039408s, 17476 KB] Plan cost: 8
[t=0.0039408s, 17476 KB] Expanded 10 state(s).
[t=0.0039408s, 17476 KB] Reopened 0 state(s).
[t=0.0039408s, 17476 KB] Evaluated 17 state(s).
[t=0.0039408s, 17476 KB] Evaluations: 17
[t=0.0039408s, 17476 KB] Generated 33 state(s).
[t=0.0039408s, 17476 KB] Dead ends: 0 state(s).
[t=0.0039408s, 17476 KB] Number of registered states: 17
[t=0.0039408s, 17476 KB] Int hash set load factor: 17/32 = 0.53125
[t=0.0039408s, 17476 KB] Int hash set resizes: 5
[t=0.0039408s, 17476 KB] mean number of q cost that have been adjusted 0 times in relation to total number of q: -1
[t=0.0039408s, 17476 KB] mean number of q cost that have been adjusted 1 times in relation to total number of q: -1
[t=0.0039408s, 17476 KB] mean number of q cost that have been adjusted 2 times in relation to total number of q: -1
[t=0.0039408s, 17476 KB] mean number of q that are at some point overconsitent in relation to total number of q: -1
[t=0.0039408s, 17476 KB] mean number of q that are at first underconsisten in relation to total number of q: -1
[t=0.0039408s, 17476 KB] mean number of state variables that are not in common between two following states in relation to total number of state variables: -1
[t=0.0039408s, 17476 KB] variance number of state variables that are not in common between two following states in relation to total number of state variables: -1
[t=0.0039408s, 17476 KB] Search time: 0.00108033s
[t=0.0039408s, 17476 KB] Total time: 0.0039408s
Solution found.
Peak memory: 17476 KB
Remove intermediate file output.sas
search exit code: 0

INFO     Running validate.
INFO     validate stdin: None
INFO     validate time limit: None
INFO     validate memory limit: None
INFO     validate command line string: validate domain.pddl problem.pddl sas_plan
