INFO     Running translator.
INFO     translator stdin: None
INFO     translator time limit: 1799.96s
INFO     translator memory limit: 3584 MB
INFO     translator command line string: /infai/weidan00/downward/experiments/bachelor/.venv/bin/python3 /infai/weidan00/downward/experiments/bachelor/data/bachelor-v1/code-7aa5f34_e5e41175/builds/release/bin/translate/translate.py domain.pddl problem.pddl --sas-file output.sas
Parsing...
Parsing: [0.200s CPU, 0.206s wall-clock]
Normalizing task... [0.010s CPU, 0.011s wall-clock]
Instantiating...
Generating Datalog program... [0.060s CPU, 0.064s wall-clock]
Normalizing Datalog program...
Normalizing Datalog program: [0.000s CPU, 0.002s wall-clock]
Preparing model... [0.430s CPU, 0.435s wall-clock]
Generated 23 rules.
Computing model... [0.890s CPU, 0.891s wall-clock]
36431 relevant atoms
67527 auxiliary atoms
103958 final queue length
115169 total queue pushes
Completing instantiation... [0.490s CPU, 0.491s wall-clock]
Instantiating: [1.920s CPU, 1.927s wall-clock]
Computing fact groups...
Finding invariants...
9 initial candidates
Finding invariants: [0.010s CPU, 0.009s wall-clock]
Checking invariant weight... [0.020s CPU, 0.018s wall-clock]
Instantiating groups... [0.010s CPU, 0.007s wall-clock]
Collecting mutex groups... [0.000s CPU, 0.000s wall-clock]
Choosing groups...
0 uncovered facts
Choosing groups: [0.000s CPU, 0.001s wall-clock]
Building translation key... [0.000s CPU, 0.000s wall-clock]
Computing fact groups: [0.040s CPU, 0.039s wall-clock]
Building STRIPS to SAS dictionary... [0.000s CPU, 0.000s wall-clock]
Building dictionary for full mutex groups... [0.000s CPU, 0.000s wall-clock]
Building mutex information...
Building mutex information: [0.000s CPU, 0.000s wall-clock]
Translating task...
Processing axioms...
Simplifying axioms... [0.000s CPU, 0.000s wall-clock]
Processing axioms: [0.010s CPU, 0.013s wall-clock]
Translating task: [0.220s CPU, 0.222s wall-clock]
0 effect conditions simplified
0 implied preconditions added
Detecting unreachable propositions...
0 operators removed
0 axioms removed
11 propositions removed
Detecting unreachable propositions: [0.180s CPU, 0.180s wall-clock]
Reordering and filtering variables...
11 of 11 variables necessary.
0 of 11 mutex groups necessary.
5848 of 5848 operators necessary.
0 of 0 axiom rules necessary.
Reordering and filtering variables: [0.030s CPU, 0.029s wall-clock]
Translator variables: 11
Translator derived variables: 0
Translator facts: 334
Translator goal facts: 9
Translator mutex groups: 0
Translator total mutex groups size: 0
Translator operators: 5848
Translator axioms: 0
Translator task size: 29432
Translator peak memory: 199632 KB
Writing output... [0.050s CPU, 0.061s wall-clock]
Done! [2.660s CPU, 2.692s wall-clock]
translate exit code: 0

INFO     Running search (release).
INFO     search stdin: output.sas
INFO     search time limit: 1797.22s
INFO     search memory limit: 3584 MB
INFO     search command line string: /infai/weidan00/downward/experiments/bachelor/data/bachelor-v1/code-7aa5f34_e5e41175/builds/release/bin/downward --search 'eager_wastar([pinch()], w=2)' --internal-plan-file sas_plan < output.sas
[t=6.0694e-05s, 17204 KB] reading input...
[t=0.0322464s, 18820 KB] done reading input!
[t=0.0359045s, 19756 KB] Simplifying 11534 unary operators... done! [11309 unary operators]
[t=0.0427919s, 20804 KB] time to simplify: 0.00697202s
[t=0.0434159s, 20804 KB] Initializing pinch heuristic...
[t=0.0435671s, 20804 KB] Building successor generator...done!
[t=0.0455789s, 20804 KB] peak memory difference for successor generator creation: 0 KB
[t=0.0456236s, 20804 KB] time for successor generation creation: 0.00181026s
[t=0.045712s, 20804 KB] Variables: 11
[t=0.0457547s, 20804 KB] FactPairs: 334
[t=0.0457946s, 20804 KB] Bytes per state: 8
[t=0.0459407s, 20804 KB] Conducting best first search with reopening closed nodes, (real) bound = 2147483647
[t=0.0469497s, 20804 KB] New best heuristic value for pinch: 58
[t=0.047004s, 20804 KB] g=0, 1 evaluated, 0 expanded
[t=0.0470585s, 20804 KB] Initial heuristic value for pinch: 58
[t=0.0471001s, 20804 KB] pruning method: none
[t=0.0476143s, 20804 KB] New best heuristic value for pinch: 44
[t=0.047664s, 20804 KB] g=1, 2 evaluated, 1 expanded
[t=0.049397s, 20804 KB] New best heuristic value for pinch: 40
[t=0.0494563s, 20804 KB] g=2, 4 evaluated, 2 expanded
[t=0.0549001s, 20804 KB] New best heuristic value for pinch: 39
[t=0.0549667s, 20804 KB] g=3, 15 evaluated, 3 expanded
[t=0.0624073s, 20804 KB] New best heuristic value for pinch: 37
[t=0.0624753s, 20804 KB] g=6, 30 evaluated, 7 expanded
[t=0.0714206s, 20804 KB] New best heuristic value for pinch: 35
[t=0.0714936s, 20804 KB] g=8, 48 evaluated, 11 expanded
[t=0.0760121s, 20804 KB] New best heuristic value for pinch: 33
[t=0.0760823s, 20804 KB] g=9, 58 evaluated, 13 expanded
[t=0.0825017s, 20804 KB] New best heuristic value for pinch: 32
[t=0.0825732s, 20804 KB] g=11, 73 evaluated, 15 expanded
[t=0.0830321s, 20804 KB] New best heuristic value for pinch: 31
[t=0.0830823s, 20804 KB] g=12, 77 evaluated, 16 expanded
[t=0.0869628s, 20804 KB] New best heuristic value for pinch: 29
[t=0.0870242s, 20804 KB] g=13, 92 evaluated, 18 expanded
[t=0.0921978s, 20804 KB] New best heuristic value for pinch: 28
[t=0.0922705s, 20804 KB] g=15, 110 evaluated, 20 expanded
[t=0.0926473s, 20804 KB] New best heuristic value for pinch: 27
[t=0.0926973s, 20804 KB] g=16, 116 evaluated, 21 expanded
[t=0.0957544s, 20804 KB] New best heuristic value for pinch: 25
[t=0.095813s, 20804 KB] g=17, 131 evaluated, 23 expanded
[t=0.098849s, 20804 KB] New best heuristic value for pinch: 24
[t=0.0989094s, 20804 KB] g=18, 145 evaluated, 24 expanded
[t=0.0999979s, 20804 KB] New best heuristic value for pinch: 23
[t=0.10005s, 20804 KB] g=19, 148 evaluated, 25 expanded
[t=0.102191s, 20804 KB] New best heuristic value for pinch: 22
[t=0.102246s, 20804 KB] g=20, 160 evaluated, 26 expanded
[t=0.104761s, 20804 KB] New best heuristic value for pinch: 21
[t=0.104816s, 20804 KB] g=22, 171 evaluated, 28 expanded
[t=0.105861s, 20804 KB] New best heuristic value for pinch: 20
[t=0.105913s, 20804 KB] g=23, 183 evaluated, 29 expanded
[t=0.106623s, 20804 KB] New best heuristic value for pinch: 19
[t=0.106673s, 20804 KB] g=24, 187 evaluated, 30 expanded
[t=0.108385s, 20804 KB] New best heuristic value for pinch: 18
[t=0.108437s, 20804 KB] g=25, 195 evaluated, 31 expanded
[t=0.109472s, 20804 KB] New best heuristic value for pinch: 17
[t=0.109522s, 20804 KB] g=26, 204 evaluated, 32 expanded
[t=0.110206s, 20804 KB] New best heuristic value for pinch: 16
[t=0.110254s, 20804 KB] g=27, 206 evaluated, 33 expanded
[t=0.11524s, 20804 KB] New best heuristic value for pinch: 15
[t=0.11531s, 20804 KB] g=27, 243 evaluated, 38 expanded
[t=0.116003s, 20804 KB] New best heuristic value for pinch: 14
[t=0.116053s, 20804 KB] g=28, 245 evaluated, 39 expanded
[t=0.117082s, 20804 KB] New best heuristic value for pinch: 13
[t=0.117133s, 20804 KB] g=29, 256 evaluated, 40 expanded
[t=0.133896s, 20804 KB] New best heuristic value for pinch: 12
[t=0.133973s, 20804 KB] g=31, 444 evaluated, 70 expanded
[t=1.9227s, 21060 KB] New best heuristic value for pinch: 11
[t=1.92282s, 21060 KB] g=29, 19636 evaluated, 4050 expanded, 16 reopened
[t=2.15574s, 21060 KB] New best heuristic value for pinch: 10
[t=2.15586s, 21060 KB] g=28, 21570 evaluated, 4440 expanded, 24 reopened
[t=2.15737s, 21060 KB] New best heuristic value for pinch: 9
[t=2.15742s, 21060 KB] g=30, 21581 evaluated, 4442 expanded, 24 reopened
[t=18.2268s, 26916 KB] New best heuristic value for pinch: 8
[t=18.2269s, 26916 KB] g=31, 161981 evaluated, 34604 expanded, 1728 reopened
[t=18.229s, 26916 KB] New best heuristic value for pinch: 7
[t=18.2291s, 26916 KB] g=32, 161995 evaluated, 34606 expanded, 1728 reopened
[t=1053.18s, 418176 KB] New best heuristic value for pinch: 6
[t=1053.18s, 418176 KB] g=30, 8407912 evaluated, 2307810 expanded, 420336 reopened
[t=1053.18s, 418176 KB] New best heuristic value for pinch: 5
[t=1053.18s, 418176 KB] g=31, 8407918 evaluated, 2307811 expanded, 420336 reopened
[t=1055.23s, 418176 KB] New best heuristic value for pinch: 4
[t=1055.23s, 418176 KB] g=32, 8424563 evaluated, 2312245 expanded, 420837 reopened
[t=1055.23s, 418176 KB] New best heuristic value for pinch: 3
[t=1055.23s, 418176 KB] g=32, 8424571 evaluated, 2312247 expanded, 420837 reopened
[t=1055.23s, 418176 KB] New best heuristic value for pinch: 2
[t=1055.23s, 418176 KB] g=33, 8424576 evaluated, 2312248 expanded, 420837 reopened
[t=1055.23s, 418176 KB] New best heuristic value for pinch: 1
[t=1055.23s, 418176 KB] g=34, 8424578 evaluated, 2312249 expanded, 420837 reopened
[t=1055.23s, 418176 KB] New best heuristic value for pinch: 0
[t=1055.23s, 418176 KB] g=35, 8424581 evaluated, 2312250 expanded, 420837 reopened
[t=1055.23s, 418176 KB] Solution found!
[t=1055.23s, 418176 KB] Actual search time: 1055.19s
drive t0 l7 l5 level227 level14 level241 (1)
drive t0 l5 l0 level206 level21 level227 (1)
load p2 t0 l0 (1)
drive t0 l0 l2 level196 level10 level206 (1)
unload p2 t0 l2 (1)
drive t0 l2 l6 level190 level6 level196 (1)
load p8 t0 l6 (1)
load p6 t0 l6 (1)
drive t0 l6 l0 level180 level10 level190 (1)
drive t0 l0 l5 level159 level21 level180 (1)
load p7 t0 l5 (1)
load p5 t0 l5 (1)
load p4 t0 l5 (1)
drive t0 l5 l0 level138 level21 level159 (1)
drive t0 l0 l2 level128 level10 level138 (1)
unload p8 t0 l2 (1)
load p1 t0 l2 (1)
drive t0 l2 l0 level118 level10 level128 (1)
unload p1 t0 l0 (1)
drive t0 l0 l6 level108 level10 level118 (1)
unload p4 t0 l6 (1)
load p3 t0 l6 (1)
drive t0 l6 l2 level102 level6 level108 (1)
unload p3 t0 l2 (1)
drive t0 l2 l3 level88 level14 level102 (1)
unload p7 t0 l3 (1)
load p0 t0 l3 (1)
drive t0 l3 l1 level63 level25 level88 (1)
drive t0 l1 l5 level60 level3 level63 (1)
drive t0 l5 l7 level46 level14 level60 (1)
unload p5 t0 l7 (1)
drive t0 l7 l8 level27 level19 level46 (1)
unload p6 t0 l8 (1)
drive t0 l8 l4 level9 level18 level27 (1)
unload p0 t0 l4 (1)
[t=1055.23s, 418176 KB] Plan length: 35 step(s).
[t=1055.23s, 418176 KB] Plan cost: 35
[t=1055.23s, 418176 KB] Expanded 2312251 state(s).
[t=1055.23s, 418176 KB] Reopened 420837 state(s).
[t=1055.23s, 418176 KB] Evaluated 8424581 state(s).
[t=1055.23s, 418176 KB] Evaluations: 8424581
[t=1055.23s, 418176 KB] Generated 17706018 state(s).
[t=1055.23s, 418176 KB] Dead ends: 3091601 state(s).
[t=1055.23s, 418176 KB] Number of registered states: 8424581
[t=1055.23s, 418176 KB] Int hash set load factor: 8424581/16777216 = 0.502144
[t=1055.23s, 418176 KB] Int hash set resizes: 24
[t=1055.23s, 418176 KB] mean number of q cost that have been adjusted 0 times in relation to total number of q: -1
[t=1055.23s, 418176 KB] mean number of q cost that have been adjusted 1 times in relation to total number of q: -1
[t=1055.23s, 418176 KB] mean number of q cost that have been adjusted 2 times in relation to total number of q: -1
[t=1055.23s, 418176 KB] mean number of q that are at some point overconsitent in relation to total number of q: -1
[t=1055.23s, 418176 KB] mean number of q that are at first underconsisten in relation to total number of q: -1
[t=1055.23s, 418176 KB] mean number of state variables that are not in common between two following states in relation to total number of state variables: -1
[t=1055.23s, 418176 KB] variance number of state variables that are not in common between two following states in relation to total number of state variables: -1
[t=1055.23s, 418176 KB] Search time: 1055.19s
[t=1055.23s, 418176 KB] Total time: 1055.23s
Solution found.
Peak memory: 418176 KB
Remove intermediate file output.sas
search exit code: 0

INFO     Running validate.
INFO     validate stdin: None
INFO     validate time limit: None
INFO     validate memory limit: None
INFO     validate command line string: validate domain.pddl problem.pddl sas_plan
