INFO     Running translator.
INFO     translator stdin: None
INFO     translator time limit: 1799.96s
INFO     translator memory limit: 3584 MB
INFO     translator command line string: /infai/weidan00/downward/experiments/bachelor/.venv/bin/python3 /infai/weidan00/downward/experiments/bachelor/data/bachelor-v1/code-7aa5f34_e5e41175/builds/release/bin/translate/translate.py domain.pddl problem.pddl --sas-file output.sas
Parsing...
Parsing: [0.000s CPU, 0.006s wall-clock]
Normalizing task... [0.000s CPU, 0.000s wall-clock]
Instantiating...
Generating Datalog program... [0.000s CPU, 0.001s wall-clock]
Normalizing Datalog program...
Normalizing Datalog program: [0.010s CPU, 0.010s wall-clock]
Preparing model... [0.010s CPU, 0.004s wall-clock]
Generated 126 rules.
Computing model... [0.180s CPU, 0.190s wall-clock]
7480 relevant atoms
7153 auxiliary atoms
14633 final queue length
41713 total queue pushes
Completing instantiation... [0.610s CPU, 0.623s wall-clock]
Instantiating: [0.820s CPU, 0.833s wall-clock]
Computing fact groups...
Finding invariants...
22 initial candidates
Finding invariants: [0.040s CPU, 0.039s wall-clock]
Checking invariant weight... [0.000s CPU, 0.001s wall-clock]
Instantiating groups... [0.010s CPU, 0.004s wall-clock]
Collecting mutex groups... [0.000s CPU, 0.000s wall-clock]
Choosing groups...
32 uncovered facts
Choosing groups: [0.000s CPU, 0.001s wall-clock]
Building translation key... [0.000s CPU, 0.001s wall-clock]
Computing fact groups: [0.050s CPU, 0.048s wall-clock]
Building STRIPS to SAS dictionary... [0.000s CPU, 0.000s wall-clock]
Building dictionary for full mutex groups... [0.000s CPU, 0.000s wall-clock]
Building mutex information...
Building mutex information: [0.000s CPU, 0.000s wall-clock]
Translating task...
Processing axioms...
Simplifying axioms... [0.000s CPU, 0.000s wall-clock]
Processing axioms: [0.020s CPU, 0.022s wall-clock]
Translating task: [0.410s CPU, 0.405s wall-clock]
1656 effect conditions simplified
0 implied preconditions added
Detecting unreachable propositions...
0 operators removed
0 axioms removed
48 propositions removed
Detecting unreachable propositions: [0.240s CPU, 0.246s wall-clock]
Reordering and filtering variables...
80 of 80 variables necessary.
2 of 50 mutex groups necessary.
6464 of 6464 operators necessary.
0 of 0 axiom rules necessary.
Reordering and filtering variables: [0.090s CPU, 0.087s wall-clock]
Translator variables: 80
Translator derived variables: 0
Translator facts: 418
Translator goal facts: 9
Translator mutex groups: 2
Translator total mutex groups size: 32
Translator operators: 6464
Translator axioms: 0
Translator task size: 60231
Translator peak memory: 189388 KB
Writing output... [0.090s CPU, 0.101s wall-clock]
Done! [1.720s CPU, 1.751s wall-clock]
translate exit code: 0

INFO     Running search (release).
INFO     search stdin: output.sas
INFO     search time limit: 1798.16s
INFO     search memory limit: 3584 MB
INFO     search command line string: /infai/weidan00/downward/experiments/bachelor/data/bachelor-v1/code-7aa5f34_e5e41175/builds/release/bin/downward --search 'eager_wastar([add()], w=2)' --internal-plan-file sas_plan < output.sas
[t=6.4726e-05s, 17204 KB] reading input...
[t=0.0518996s, 19668 KB] done reading input!
[t=0.0582655s, 21736 KB] Simplifying 27372 unary operators... done! [27372 unary operators]
[t=0.122427s, 24208 KB] time to simplify: 0.0642652s
[t=0.124448s, 24208 KB] Initializing additive heuristic...
[t=0.124652s, 24208 KB] Building successor generator...done!
[t=0.129521s, 24208 KB] peak memory difference for successor generator creation: 0 KB
[t=0.129571s, 24208 KB] time for successor generation creation: 0.004687s
[t=0.12968s, 24208 KB] Variables: 80
[t=0.129723s, 24208 KB] FactPairs: 418
[t=0.129763s, 24208 KB] Bytes per state: 20
[t=0.129913s, 24208 KB] Conducting best first search with reopening closed nodes, (real) bound = 2147483647
[t=0.130501s, 24208 KB] New best heuristic value for add: 59
[t=0.130574s, 24208 KB] g=0, 1 evaluated, 0 expanded
[t=0.130625s, 24208 KB] Initial heuristic value for add: 59
[t=0.130667s, 24208 KB] pruning method: none
[t=0.133793s, 24208 KB] New best heuristic value for add: 58
[t=0.13389s, 24208 KB] g=1, 10 evaluated, 1 expanded
[t=0.139424s, 24208 KB] New best heuristic value for add: 47
[t=0.139528s, 24208 KB] g=2, 27 evaluated, 2 expanded
[t=0.182309s, 24208 KB] New best heuristic value for add: 46
[t=0.182415s, 24208 KB] g=4, 156 evaluated, 11 expanded
[t=0.195945s, 24208 KB] New best heuristic value for add: 44
[t=0.196051s, 24208 KB] g=6, 198 evaluated, 15 expanded
[t=0.230675s, 24208 KB] New best heuristic value for add: 42
[t=0.230777s, 24208 KB] g=8, 309 evaluated, 22 expanded
[t=6.8917s, 24208 KB] New best heuristic value for add: 40
[t=6.89182s, 24208 KB] g=9, 21537 evaluated, 2292 expanded, 9 reopened
[t=6.89351s, 24208 KB] New best heuristic value for add: 39
[t=6.89361s, 24208 KB] g=10, 21542 evaluated, 2293 expanded, 9 reopened
[t=6.922s, 24208 KB] New best heuristic value for add: 37
[t=6.92212s, 24208 KB] g=12, 21635 evaluated, 2300 expanded, 9 reopened
[t=7.0715s, 24208 KB] New best heuristic value for add: 36
[t=7.07162s, 24208 KB] g=12, 22130 evaluated, 2343 expanded, 9 reopened
[t=7.27456s, 24208 KB] New best heuristic value for add: 34
[t=7.27468s, 24208 KB] g=16, 22797 evaluated, 2396 expanded, 9 reopened
[t=41.556s, 30472 KB] New best heuristic value for add: 31
[t=41.5561s, 30472 KB] g=14, 134466 evaluated, 13244 expanded, 225 reopened
[t=41.5622s, 30472 KB] New best heuristic value for add: 30
[t=41.5623s, 30472 KB] g=15, 134486 evaluated, 13245 expanded, 225 reopened
[t=41.6197s, 30472 KB] New best heuristic value for add: 29
[t=41.6198s, 30472 KB] g=17, 134679 evaluated, 13265 expanded, 225 reopened
[t=41.6222s, 30472 KB] New best heuristic value for add: 27
[t=41.6223s, 30472 KB] g=18, 134687 evaluated, 13266 expanded, 225 reopened
[t=41.6307s, 30472 KB] New best heuristic value for add: 20
[t=41.6308s, 30472 KB] g=20, 134715 evaluated, 13269 expanded, 225 reopened
[t=41.6548s, 30472 KB] New best heuristic value for add: 19
[t=41.6549s, 30472 KB] g=23, 134797 evaluated, 13273 expanded, 225 reopened
[t=43.6755s, 30736 KB] New best heuristic value for add: 18
[t=43.6757s, 30736 KB] g=23, 141768 evaluated, 13715 expanded, 225 reopened
[t=43.6775s, 30736 KB] New best heuristic value for add: 14
[t=43.6776s, 30736 KB] g=24, 141775 evaluated, 13716 expanded, 225 reopened
[t=43.6779s, 30736 KB] New best heuristic value for add: 12
[t=43.678s, 30736 KB] g=24, 141776 evaluated, 13716 expanded, 225 reopened
[t=43.7206s, 30736 KB] New best heuristic value for add: 10
[t=43.7207s, 30736 KB] g=28, 141931 evaluated, 13729 expanded, 225 reopened
[t=198.087s, 60016 KB] New best heuristic value for add: 8
[t=198.087s, 60016 KB] g=29, 678116 evaluated, 78444 expanded, 3421 reopened
[t=198.088s, 60016 KB] New best heuristic value for add: 7
[t=198.088s, 60016 KB] g=30, 678117 evaluated, 78445 expanded, 3421 reopened
[t=198.093s, 60016 KB] New best heuristic value for add: 6
[t=198.093s, 60016 KB] g=32, 678139 evaluated, 78447 expanded, 3421 reopened
[t=198.228s, 60016 KB] New best heuristic value for add: 5
[t=198.228s, 60016 KB] g=34, 678687 evaluated, 78496 expanded, 3421 reopened
[t=198.516s, 60152 KB] New best heuristic value for add: 3
[t=198.516s, 60152 KB] g=37, 679811 evaluated, 78564 expanded, 3421 reopened
[t=198.517s, 60152 KB] New best heuristic value for add: 2
[t=198.517s, 60152 KB] g=38, 679813 evaluated, 78565 expanded, 3421 reopened
[t=198.58s, 60152 KB] New best heuristic value for add: 0
[t=198.58s, 60152 KB] g=42, 680099 evaluated, 78583 expanded, 3421 reopened
[t=198.581s, 60152 KB] Solution found!
[t=198.581s, 60152 KB] Actual search time: 198.45s
pop-start s12 b14 a1 a2 b15 oca1 gasoleo ta2-1-oca1 (1)
pop-end s12 a1 a2 b1 b15 rat-a ta1-1-rat-a (1)
pop-start s13 b11 a1 a3 b3 lco oca1 ta3-1-lco (1)
pop-end s13 a1 a3 b10 b3 oca1 ta1-1-oca1 (1)
pop-start s13 b5 a1 a3 b11 oc1b lco ta3-1-oc1b (1)
pop-end s13 a1 a3 b3 b11 rat-a ta1-2-rat-a (1)
pop-start s13 b2 a1 a3 b5 lco oc1b ta3-2-lco (1)
pop-end s13 a1 a3 b11 b5 oca1 ta1-2-oca1 (1)
push-start s13 b10 a1 a3 b5 oca1 oc1b ta1-1-oca1 (1)
push-end s13 a1 a3 b2 b5 lco ta3-1-lco (1)
push-start s13 b3 a1 a3 b10 oca1 oca1 ta1-2-oca1 (1)
push-end s13 a1 a3 b5 b10 oc1b ta3-1-oc1b (1)
pop-start s12 b13 a1 a2 b14 gasoleo oca1 ta2-1-gasoleo (1)
pop-end s12 a1 a2 b15 b14 lco ta1-2-lco (1)
push-start s12 b0 a1 a2 b14 oc1b oca1 ta1-1-oc1b (1)
push-end s12 a1 a2 b13 b14 gasoleo ta2-1-gasoleo (1)
push-start s12 b11 a1 a2 b0 lco oc1b ta1-1-lco (1)
push-end s12 a1 a2 b14 b0 oca1 ta2-1-oca1 (1)
push-start s12 b6 a1 a2 b11 lco lco ta1-2-lco (1)
push-end s12 a1 a2 b0 b11 oc1b ta2-2-oc1b (1)
push-start s12 b1 a1 a2 b6 rat-a lco ta1-1-rat-a (1)
push-end s12 a1 a2 b11 b6 lco ta2-1-lco (1)
pop-start s12 b14 a1 a2 b6 oca1 lco ta2-1-oca1 (1)
pop-end s12 a1 a2 b1 b6 gasoleo ta1-1-gasoleo (1)
pop-start s12 b13 a1 a2 b14 gasoleo oca1 ta2-1-gasoleo (1)
pop-end s12 a1 a2 b6 b14 lco ta1-1-lco (1)
pop-start s12 b12 a1 a2 b13 rat-a gasoleo ta2-1-rat-a (1)
pop-end s12 a1 a2 b14 b13 rat-a ta1-1-rat-a (1)
push-start s12 b6 a1 a2 b13 lco gasoleo ta1-1-lco (1)
push-end s12 a1 a2 b12 b13 rat-a ta2-1-rat-a (1)
push-start s13 b15 a1 a3 b3 gasoleo oca1 ta1-1-gasoleo (1)
push-end s13 a1 a3 b10 b3 oca1 ta3-2-oca1 (1)
pop-start s13 b5 a1 a3 b3 oc1b oca1 ta3-1-oc1b (1)
pop-end s13 a1 a3 b15 b3 gasoleo ta1-1-gasoleo (1)
pop-start s13 b2 a1 a3 b5 lco oc1b ta3-1-lco (1)
pop-end s13 a1 a3 b3 b5 oca1 ta1-1-oca1 (1)
push-start s12 b3 a1 a2 b6 oca1 lco ta1-1-oca1 (1)
push-end s12 a1 a2 b13 b6 gasoleo ta2-1-gasoleo (1)
pop-start s13 b9 a1 a3 b2 oca1 lco ta3-1-oca1 (1)
pop-end s13 a1 a3 b5 b2 oc1b ta1-1-oc1b (1)
push-start s12 b5 a1 a2 b3 oc1b oca1 ta1-1-oc1b (1)
push-end s12 a1 a2 b6 b3 lco ta2-2-lco (1)
[t=198.581s, 60152 KB] Plan length: 42 step(s).
[t=198.581s, 60152 KB] Plan cost: 42
[t=198.581s, 60152 KB] Expanded 78584 state(s).
[t=198.581s, 60152 KB] Reopened 3421 state(s).
[t=198.581s, 60152 KB] Evaluated 680103 state(s).
[t=198.581s, 60152 KB] Evaluations: 680103
[t=198.581s, 60152 KB] Generated 1039422 state(s).
[t=198.581s, 60152 KB] Dead ends: 1 state(s).
[t=198.581s, 60152 KB] Number of registered states: 680103
[t=198.581s, 60152 KB] Int hash set load factor: 680103/1048576 = 0.648597
[t=198.581s, 60152 KB] Int hash set resizes: 20
[t=198.581s, 60152 KB] mean number of q cost that have been adjusted 0 times in relation to total number of q: -1
[t=198.581s, 60152 KB] mean number of q cost that have been adjusted 1 times in relation to total number of q: -1
[t=198.581s, 60152 KB] mean number of q cost that have been adjusted 2 times in relation to total number of q: -1
[t=198.581s, 60152 KB] mean number of q that are at some point overconsitent in relation to total number of q: -1
[t=198.581s, 60152 KB] mean number of q that are at first underconsisten in relation to total number of q: -1
[t=198.581s, 60152 KB] mean number of state variables that are not in common between two following states in relation to total number of state variables: -1
[t=198.581s, 60152 KB] variance number of state variables that are not in common between two following states in relation to total number of state variables: -1
[t=198.581s, 60152 KB] Search time: 198.451s
[t=198.581s, 60152 KB] Total time: 198.581s
Solution found.
Peak memory: 60152 KB
Remove intermediate file output.sas
search exit code: 0

INFO     Running validate.
INFO     validate stdin: None
INFO     validate time limit: None
INFO     validate memory limit: None
INFO     validate command line string: validate domain.pddl problem.pddl sas_plan
