INFO     Running translator.
INFO     translator stdin: None
INFO     translator time limit: 1799.96s
INFO     translator memory limit: 3584 MB
INFO     translator command line string: /infai/weidan00/downward/experiments/bachelor/.venv/bin/python3 /infai/weidan00/downward/experiments/bachelor/data/bachelor-v1/code-7aa5f34_e5e41175/builds/release/bin/translate/translate.py domain.pddl problem.pddl --sas-file output.sas
Parsing...
Parsing: [0.020s CPU, 0.004s wall-clock]
Normalizing task... [0.000s CPU, 0.000s wall-clock]
Instantiating...
Generating Datalog program... [0.000s CPU, 0.001s wall-clock]
Normalizing Datalog program...
Normalizing Datalog program: [0.000s CPU, 0.003s wall-clock]
Preparing model... [0.000s CPU, 0.003s wall-clock]
Generated 44 rules.
Computing model... [0.340s CPU, 0.341s wall-clock]
41030 relevant atoms
3345 auxiliary atoms
44375 final queue length
83525 total queue pushes
Completing instantiation... [1.240s CPU, 1.253s wall-clock]
Instantiating: [1.590s CPU, 1.613s wall-clock]
Computing fact groups...
Finding invariants...
12 initial candidates
Finding invariants: [0.010s CPU, 0.007s wall-clock]
Checking invariant weight... [0.000s CPU, 0.000s wall-clock]
Instantiating groups... [0.000s CPU, 0.001s wall-clock]
Collecting mutex groups... [0.000s CPU, 0.000s wall-clock]
Choosing groups...
256 uncovered facts
Choosing groups: [0.000s CPU, 0.001s wall-clock]
Building translation key... [0.000s CPU, 0.001s wall-clock]
Computing fact groups: [0.020s CPU, 0.017s wall-clock]
Building STRIPS to SAS dictionary... [0.000s CPU, 0.001s wall-clock]
Building dictionary for full mutex groups... [0.000s CPU, 0.000s wall-clock]
Building mutex information...
Building mutex information: [0.000s CPU, 0.000s wall-clock]
Translating task...
Processing axioms...
Simplifying axioms... [0.000s CPU, 0.000s wall-clock]
Processing axioms: [0.040s CPU, 0.040s wall-clock]
Translating task: [0.960s CPU, 0.954s wall-clock]
45 effect conditions simplified
0 implied preconditions added
Detecting unreachable propositions...
0 operators removed
0 axioms removed
7 propositions removed
Detecting unreachable propositions: [0.600s CPU, 0.606s wall-clock]
Reordering and filtering variables...
110 of 263 variables necessary.
0 of 7 mutex groups necessary.
37605 of 39392 operators necessary.
0 of 0 axiom rules necessary.
Reordering and filtering variables: [0.100s CPU, 0.095s wall-clock]
Translator variables: 110
Translator derived variables: 0
Translator facts: 717
Translator goal facts: 70
Translator mutex groups: 0
Translator total mutex groups size: 0
Translator operators: 37605
Translator axioms: 0
Translator task size: 115308
Translator peak memory: 258156 KB
Writing output... [0.220s CPU, 0.252s wall-clock]
Done! [3.550s CPU, 3.589s wall-clock]
translate exit code: 0

INFO     Running search (release).
INFO     search stdin: output.sas
INFO     search time limit: 1796.33s
INFO     search memory limit: 3584 MB
INFO     search command line string: /infai/weidan00/downward/experiments/bachelor/data/bachelor-v1/code-7aa5f34_e5e41175/builds/release/bin/downward --search 'eager_wastar([pinch()], w=2)' --internal-plan-file sas_plan < output.sas
[t=5.491e-05s, 17204 KB] reading input...
[t=0.141254s, 26680 KB] done reading input!
[t=0.148563s, 28916 KB] Simplifying 37650 unary operators... done! [37642 unary operators]
[t=0.163345s, 32400 KB] time to simplify: 0.0163562s
[t=0.166007s, 32400 KB] Initializing pinch heuristic...
[t=0.166153s, 32400 KB] Building successor generator...done!
[t=0.174276s, 32572 KB] peak memory difference for successor generator creation: 172 KB
[t=0.174315s, 32572 KB] time for successor generation creation: 0.00763234s
[t=0.174581s, 32572 KB] Variables: 110
[t=0.174625s, 32572 KB] FactPairs: 717
[t=0.174659s, 32572 KB] Bytes per state: 20
[t=0.174783s, 32572 KB] Conducting best first search with reopening closed nodes, (real) bound = 2147483647
[t=0.177133s, 32572 KB] New best heuristic value for pinch: 395
[t=0.177182s, 32572 KB] g=0, 1 evaluated, 0 expanded
[t=0.17723s, 32572 KB] Initial heuristic value for pinch: 395
[t=0.177265s, 32572 KB] pruning method: none
[t=0.177333s, 32572 KB] New best heuristic value for pinch: 349
[t=0.177368s, 32572 KB] g=1, 2 evaluated, 1 expanded
[t=0.177423s, 32572 KB] New best heuristic value for pinch: 267
[t=0.177457s, 32572 KB] g=1, 4 evaluated, 1 expanded
[t=0.184857s, 32572 KB] New best heuristic value for pinch: 266
[t=0.184908s, 32572 KB] g=2, 522 evaluated, 2 expanded
[t=0.185109s, 32572 KB] New best heuristic value for pinch: 202
[t=0.185146s, 32572 KB] g=2, 533 evaluated, 2 expanded
[t=0.192212s, 32572 KB] New best heuristic value for pinch: 136
[t=0.192262s, 32572 KB] g=3, 1037 evaluated, 3 expanded
[t=0.198608s, 32572 KB] New best heuristic value for pinch: 135
[t=0.198657s, 32572 KB] g=4, 1496 evaluated, 4 expanded
[t=0.199341s, 32572 KB] New best heuristic value for pinch: 134
[t=0.199377s, 32572 KB] g=4, 1543 evaluated, 4 expanded
[t=0.205854s, 32572 KB] New best heuristic value for pinch: 133
[t=0.205903s, 32572 KB] g=5, 2000 evaluated, 5 expanded
[t=0.213495s, 32572 KB] New best heuristic value for pinch: 132
[t=0.213544s, 32572 KB] g=6, 2549 evaluated, 6 expanded
[t=0.223424s, 32572 KB] New best heuristic value for pinch: 131
[t=0.223473s, 32572 KB] g=7, 3263 evaluated, 7 expanded
[t=0.231273s, 32572 KB] New best heuristic value for pinch: 130
[t=0.231323s, 32572 KB] g=8, 3811 evaluated, 8 expanded
[t=0.327549s, 32572 KB] New best heuristic value for pinch: 129
[t=0.3276s, 32572 KB] g=10, 10763 evaluated, 23 expanded
[t=0.333799s, 32572 KB] New best heuristic value for pinch: 128
[t=0.333849s, 32572 KB] g=11, 11209 evaluated, 24 expanded
[t=0.340835s, 32572 KB] New best heuristic value for pinch: 127
[t=0.340883s, 32572 KB] g=12, 11712 evaluated, 25 expanded
[t=0.347268s, 32572 KB] New best heuristic value for pinch: 126
[t=0.347322s, 32572 KB] g=13, 12173 evaluated, 26 expanded
[t=0.354281s, 32572 KB] New best heuristic value for pinch: 125
[t=0.354336s, 32572 KB] g=14, 12675 evaluated, 27 expanded
[t=0.36071s, 32572 KB] New best heuristic value for pinch: 124
[t=0.360758s, 32572 KB] g=15, 13137 evaluated, 28 expanded
[t=0.367807s, 32572 KB] New best heuristic value for pinch: 123
[t=0.367855s, 32572 KB] g=16, 13638 evaluated, 29 expanded
[t=0.374238s, 32572 KB] New best heuristic value for pinch: 122
[t=0.374287s, 32572 KB] g=17, 14101 evaluated, 30 expanded
[t=0.381223s, 32572 KB] New best heuristic value for pinch: 121
[t=0.381271s, 32572 KB] g=18, 14601 evaluated, 31 expanded
[t=0.387694s, 32572 KB] New best heuristic value for pinch: 120
[t=0.387743s, 32572 KB] g=19, 15065 evaluated, 32 expanded
[t=0.395747s, 32572 KB] New best heuristic value for pinch: 119
[t=0.395798s, 32572 KB] g=20, 15564 evaluated, 33 expanded
[t=0.402244s, 32572 KB] New best heuristic value for pinch: 118
[t=0.402293s, 32572 KB] g=21, 16029 evaluated, 34 expanded
[t=0.409234s, 32572 KB] New best heuristic value for pinch: 117
[t=0.409283s, 32572 KB] g=22, 16527 evaluated, 35 expanded
[t=0.415727s, 32572 KB] New best heuristic value for pinch: 116
[t=0.415775s, 32572 KB] g=23, 16993 evaluated, 36 expanded
[t=0.422707s, 32572 KB] New best heuristic value for pinch: 115
[t=0.422756s, 32572 KB] g=24, 17490 evaluated, 37 expanded
[t=0.429224s, 32572 KB] New best heuristic value for pinch: 114
[t=0.429272s, 32572 KB] g=25, 17957 evaluated, 38 expanded
[t=0.436178s, 32572 KB] New best heuristic value for pinch: 113
[t=0.436226s, 32572 KB] g=26, 18453 evaluated, 39 expanded
[t=0.442696s, 32572 KB] New best heuristic value for pinch: 112
[t=0.442749s, 32572 KB] g=27, 18921 evaluated, 40 expanded
[t=0.449646s, 32572 KB] New best heuristic value for pinch: 111
[t=0.449698s, 32572 KB] g=28, 19416 evaluated, 41 expanded
[t=0.456192s, 32572 KB] New best heuristic value for pinch: 110
[t=0.45624s, 32572 KB] g=29, 19885 evaluated, 42 expanded
[t=0.46312s, 32572 KB] New best heuristic value for pinch: 109
[t=0.463168s, 32572 KB] g=30, 20379 evaluated, 43 expanded
[t=0.469677s, 32572 KB] New best heuristic value for pinch: 108
[t=0.469724s, 32572 KB] g=31, 20849 evaluated, 44 expanded
[t=0.476575s, 32572 KB] New best heuristic value for pinch: 107
[t=0.476624s, 32572 KB] g=32, 21342 evaluated, 45 expanded
[t=0.483132s, 32572 KB] New best heuristic value for pinch: 106
[t=0.48318s, 32572 KB] g=33, 21813 evaluated, 46 expanded
[t=0.490025s, 32572 KB] New best heuristic value for pinch: 105
[t=0.490073s, 32572 KB] g=34, 22305 evaluated, 47 expanded
[t=0.496702s, 32572 KB] New best heuristic value for pinch: 104
[t=0.496749s, 32572 KB] g=35, 22777 evaluated, 48 expanded
[t=0.503581s, 32572 KB] New best heuristic value for pinch: 103
[t=0.503629s, 32572 KB] g=36, 23268 evaluated, 49 expanded
[t=0.510168s, 32572 KB] New best heuristic value for pinch: 102
[t=0.510219s, 32572 KB] g=37, 23741 evaluated, 50 expanded
[t=0.517052s, 32572 KB] New best heuristic value for pinch: 101
[t=0.517103s, 32572 KB] g=38, 24231 evaluated, 51 expanded
[t=0.523657s, 32572 KB] New best heuristic value for pinch: 100
[t=0.523707s, 32572 KB] g=39, 24705 evaluated, 52 expanded
[t=0.530524s, 32572 KB] New best heuristic value for pinch: 99
[t=0.530574s, 32572 KB] g=40, 25194 evaluated, 53 expanded
[t=0.537147s, 32572 KB] New best heuristic value for pinch: 98
[t=0.537198s, 32572 KB] g=41, 25669 evaluated, 54 expanded
[t=0.543984s, 32572 KB] New best heuristic value for pinch: 97
[t=0.544038s, 32572 KB] g=42, 26157 evaluated, 55 expanded
[t=0.550612s, 32572 KB] New best heuristic value for pinch: 96
[t=0.550665s, 32572 KB] g=43, 26633 evaluated, 56 expanded
[t=0.557439s, 32572 KB] New best heuristic value for pinch: 95
[t=0.557488s, 32572 KB] g=44, 27120 evaluated, 57 expanded
[t=0.564082s, 32572 KB] New best heuristic value for pinch: 94
[t=0.564133s, 32572 KB] g=45, 27597 evaluated, 58 expanded
[t=0.570899s, 32572 KB] New best heuristic value for pinch: 93
[t=0.57095s, 32572 KB] g=46, 28083 evaluated, 59 expanded
[t=0.577551s, 32572 KB] New best heuristic value for pinch: 92
[t=0.577602s, 32572 KB] g=47, 28561 evaluated, 60 expanded
[t=0.584357s, 32572 KB] New best heuristic value for pinch: 91
[t=0.584406s, 32572 KB] g=48, 29046 evaluated, 61 expanded
[t=0.591037s, 32572 KB] New best heuristic value for pinch: 90
[t=0.591087s, 32572 KB] g=49, 29525 evaluated, 62 expanded
[t=0.599745s, 32572 KB] New best heuristic value for pinch: 89
[t=0.599795s, 32572 KB] g=50, 30009 evaluated, 63 expanded
[t=0.606439s, 32572 KB] New best heuristic value for pinch: 88
[t=0.606489s, 32572 KB] g=51, 30489 evaluated, 64 expanded
[t=0.613238s, 32572 KB] New best heuristic value for pinch: 87
[t=0.613287s, 32572 KB] g=52, 30972 evaluated, 65 expanded
[t=0.61995s, 32572 KB] New best heuristic value for pinch: 86
[t=0.619999s, 32572 KB] g=53, 31453 evaluated, 66 expanded
[t=0.626756s, 32572 KB] New best heuristic value for pinch: 85
[t=0.626805s, 32572 KB] g=54, 31935 evaluated, 67 expanded
[t=0.633505s, 32572 KB] New best heuristic value for pinch: 84
[t=0.633554s, 32572 KB] g=55, 32417 evaluated, 68 expanded
[t=0.640288s, 32572 KB] New best heuristic value for pinch: 83
[t=0.640336s, 32572 KB] g=56, 32898 evaluated, 69 expanded
[t=0.647057s, 32572 KB] New best heuristic value for pinch: 82
[t=0.647105s, 32572 KB] g=57, 33381 evaluated, 70 expanded
[t=0.653825s, 32572 KB] New best heuristic value for pinch: 81
[t=0.653873s, 32572 KB] g=58, 33861 evaluated, 71 expanded
[t=0.66059s, 32572 KB] New best heuristic value for pinch: 80
[t=0.660637s, 32572 KB] g=59, 34345 evaluated, 72 expanded
[t=0.667337s, 32572 KB] New best heuristic value for pinch: 79
[t=0.667385s, 32572 KB] g=60, 34824 evaluated, 73 expanded
[t=0.674097s, 32572 KB] New best heuristic value for pinch: 78
[t=0.674145s, 32572 KB] g=61, 35309 evaluated, 74 expanded
[t=0.680849s, 32572 KB] New best heuristic value for pinch: 77
[t=0.680899s, 32572 KB] g=62, 35787 evaluated, 75 expanded
[t=0.687671s, 32572 KB] New best heuristic value for pinch: 76
[t=0.687721s, 32572 KB] g=63, 36273 evaluated, 76 expanded
[t=0.694416s, 32572 KB] New best heuristic value for pinch: 75
[t=0.694466s, 32572 KB] g=64, 36750 evaluated, 77 expanded
[t=0.701244s, 32572 KB] New best heuristic value for pinch: 74
[t=0.701294s, 32572 KB] g=65, 37237 evaluated, 78 expanded
[t=0.707985s, 32572 KB] New best heuristic value for pinch: 73
[t=0.708035s, 32572 KB] g=66, 37713 evaluated, 79 expanded
[t=0.715112s, 32572 KB] New best heuristic value for pinch: 72
[t=0.715165s, 32572 KB] g=67, 38201 evaluated, 80 expanded
[t=0.72253s, 32572 KB] New best heuristic value for pinch: 71
[t=0.722584s, 32572 KB] g=68, 38676 evaluated, 81 expanded
[t=0.730266s, 32572 KB] New best heuristic value for pinch: 70
[t=0.730322s, 32572 KB] g=69, 39165 evaluated, 82 expanded
[t=0.738139s, 32572 KB] New best heuristic value for pinch: 69
[t=0.738197s, 32572 KB] g=70, 39639 evaluated, 83 expanded
[t=0.746411s, 32572 KB] New best heuristic value for pinch: 68
[t=0.74647s, 32572 KB] g=71, 40129 evaluated, 84 expanded
[t=0.754464s, 32572 KB] New best heuristic value for pinch: 67
[t=0.754523s, 32572 KB] g=72, 40602 evaluated, 85 expanded
[t=0.762767s, 32572 KB] New best heuristic value for pinch: 66
[t=0.76283s, 32572 KB] g=73, 41093 evaluated, 86 expanded
[t=0.770811s, 32572 KB] New best heuristic value for pinch: 65
[t=0.770872s, 32572 KB] g=74, 41565 evaluated, 87 expanded
[t=0.778775s, 32572 KB] New best heuristic value for pinch: 64
[t=0.778831s, 32572 KB] g=75, 42057 evaluated, 88 expanded
[t=0.78607s, 32572 KB] New best heuristic value for pinch: 63
[t=0.786123s, 32572 KB] g=76, 42528 evaluated, 89 expanded
[t=0.793515s, 32572 KB] New best heuristic value for pinch: 62
[t=0.793568s, 32572 KB] g=77, 43021 evaluated, 90 expanded
[t=0.800685s, 32572 KB] New best heuristic value for pinch: 61
[t=0.800739s, 32572 KB] g=78, 43491 evaluated, 91 expanded
[t=0.808208s, 32572 KB] New best heuristic value for pinch: 60
[t=0.808263s, 32572 KB] g=79, 43985 evaluated, 92 expanded
[t=0.815586s, 32572 KB] New best heuristic value for pinch: 59
[t=0.815641s, 32572 KB] g=80, 44454 evaluated, 93 expanded
[t=0.823292s, 32572 KB] New best heuristic value for pinch: 58
[t=0.823348s, 32572 KB] g=81, 44949 evaluated, 94 expanded
[t=0.830471s, 32572 KB] New best heuristic value for pinch: 57
[t=0.830523s, 32572 KB] g=82, 45417 evaluated, 95 expanded
[t=0.837911s, 32572 KB] New best heuristic value for pinch: 56
[t=0.837965s, 32572 KB] g=83, 45913 evaluated, 96 expanded
[t=0.844983s, 32572 KB] New best heuristic value for pinch: 55
[t=0.845041s, 32572 KB] g=84, 46380 evaluated, 97 expanded
[t=0.852435s, 32572 KB] New best heuristic value for pinch: 54
[t=0.852489s, 32572 KB] g=85, 46877 evaluated, 98 expanded
[t=0.859493s, 32572 KB] New best heuristic value for pinch: 53
[t=0.859547s, 32572 KB] g=86, 47343 evaluated, 99 expanded
[t=0.867042s, 32572 KB] New best heuristic value for pinch: 52
[t=0.867097s, 32572 KB] g=87, 47841 evaluated, 100 expanded
[t=0.874341s, 32572 KB] New best heuristic value for pinch: 51
[t=0.874395s, 32572 KB] g=88, 48306 evaluated, 101 expanded
[t=0.882193s, 32572 KB] New best heuristic value for pinch: 50
[t=0.882249s, 32572 KB] g=89, 48805 evaluated, 102 expanded
[t=0.889468s, 32572 KB] New best heuristic value for pinch: 49
[t=0.889528s, 32572 KB] g=90, 49269 evaluated, 103 expanded
[t=0.897251s, 32572 KB] New best heuristic value for pinch: 48
[t=0.897308s, 32572 KB] g=91, 49769 evaluated, 104 expanded
[t=0.904513s, 32572 KB] New best heuristic value for pinch: 47
[t=0.904575s, 32572 KB] g=92, 50232 evaluated, 105 expanded
[t=0.91229s, 32572 KB] New best heuristic value for pinch: 46
[t=0.912347s, 32572 KB] g=93, 50733 evaluated, 106 expanded
[t=0.919548s, 32572 KB] New best heuristic value for pinch: 45
[t=0.919604s, 32572 KB] g=94, 51195 evaluated, 107 expanded
[t=0.92733s, 32572 KB] New best heuristic value for pinch: 44
[t=0.927387s, 32572 KB] g=95, 51697 evaluated, 108 expanded
[t=0.934581s, 32572 KB] New best heuristic value for pinch: 43
[t=0.934643s, 32572 KB] g=96, 52158 evaluated, 109 expanded
[t=0.942388s, 32572 KB] New best heuristic value for pinch: 42
[t=0.942445s, 32572 KB] g=97, 52661 evaluated, 110 expanded
[t=0.949522s, 32572 KB] New best heuristic value for pinch: 41
[t=0.949578s, 32572 KB] g=98, 53121 evaluated, 111 expanded
[t=0.957095s, 32572 KB] New best heuristic value for pinch: 40
[t=0.95715s, 32572 KB] g=99, 53625 evaluated, 112 expanded
[t=0.964056s, 32572 KB] New best heuristic value for pinch: 39
[t=0.964111s, 32572 KB] g=100, 54084 evaluated, 113 expanded
[t=0.971609s, 32572 KB] New best heuristic value for pinch: 38
[t=0.971669s, 32572 KB] g=101, 54589 evaluated, 114 expanded
[t=0.978725s, 32572 KB] New best heuristic value for pinch: 37
[t=0.978781s, 32572 KB] g=102, 55047 evaluated, 115 expanded
[t=0.986571s, 32572 KB] New best heuristic value for pinch: 36
[t=0.986629s, 32572 KB] g=103, 55553 evaluated, 116 expanded
[t=1.00056s, 32572 KB] New best heuristic value for pinch: 35
[t=1.00062s, 32572 KB] g=104, 56455 evaluated, 118 expanded
[t=1.00841s, 32572 KB] New best heuristic value for pinch: 34
[t=1.00847s, 32572 KB] g=105, 56962 evaluated, 119 expanded
[t=1.02214s, 32572 KB] New best heuristic value for pinch: 33
[t=1.0222s, 32572 KB] g=106, 57863 evaluated, 121 expanded
[t=1.02994s, 32572 KB] New best heuristic value for pinch: 32
[t=1.03s, 32572 KB] g=107, 58370 evaluated, 122 expanded
[t=1.04394s, 32644 KB] New best heuristic value for pinch: 31
[t=1.044s, 32644 KB] g=108, 59271 evaluated, 124 expanded
[t=1.05182s, 32644 KB] New best heuristic value for pinch: 30
[t=1.05188s, 32644 KB] g=109, 59778 evaluated, 125 expanded
[t=1.06997s, 33692 KB] New best heuristic value for pinch: 29
[t=1.07002s, 33692 KB] g=110, 60679 evaluated, 127 expanded
[t=1.07756s, 33692 KB] New best heuristic value for pinch: 28
[t=1.07761s, 33692 KB] g=111, 61186 evaluated, 128 expanded
[t=1.09147s, 33692 KB] New best heuristic value for pinch: 27
[t=1.09153s, 33692 KB] g=112, 62087 evaluated, 130 expanded
[t=1.09935s, 33692 KB] New best heuristic value for pinch: 26
[t=1.09941s, 33692 KB] g=113, 62594 evaluated, 131 expanded
[t=1.11342s, 33692 KB] New best heuristic value for pinch: 25
[t=1.11347s, 33692 KB] g=114, 63495 evaluated, 133 expanded
[t=1.12128s, 33692 KB] New best heuristic value for pinch: 24
[t=1.12134s, 33692 KB] g=115, 64002 evaluated, 134 expanded
[t=1.13516s, 33692 KB] New best heuristic value for pinch: 23
[t=1.13521s, 33692 KB] g=116, 64903 evaluated, 136 expanded
[t=1.14274s, 33692 KB] New best heuristic value for pinch: 22
[t=1.14279s, 33692 KB] g=117, 65410 evaluated, 137 expanded
[t=1.15625s, 33692 KB] New best heuristic value for pinch: 21
[t=1.1563s, 33692 KB] g=118, 66311 evaluated, 139 expanded
[t=1.16389s, 33692 KB] New best heuristic value for pinch: 20
[t=1.16394s, 33692 KB] g=119, 66818 evaluated, 140 expanded
[t=1.17787s, 33692 KB] New best heuristic value for pinch: 19
[t=1.17792s, 33692 KB] g=120, 67719 evaluated, 142 expanded
[t=1.18573s, 33692 KB] New best heuristic value for pinch: 18
[t=1.18578s, 33692 KB] g=121, 68226 evaluated, 143 expanded
[t=1.19972s, 33692 KB] New best heuristic value for pinch: 17
[t=1.19978s, 33692 KB] g=122, 69127 evaluated, 145 expanded
[t=1.20758s, 33692 KB] New best heuristic value for pinch: 16
[t=1.20763s, 33692 KB] g=123, 69634 evaluated, 146 expanded
[t=1.22157s, 33692 KB] New best heuristic value for pinch: 15
[t=1.22162s, 33692 KB] g=124, 70535 evaluated, 148 expanded
[t=1.22942s, 33692 KB] New best heuristic value for pinch: 14
[t=1.22947s, 33692 KB] g=125, 71042 evaluated, 149 expanded
[t=1.24343s, 33692 KB] New best heuristic value for pinch: 13
[t=1.24349s, 33692 KB] g=126, 71943 evaluated, 151 expanded
[t=1.2513s, 33692 KB] New best heuristic value for pinch: 12
[t=1.25136s, 33692 KB] g=127, 72450 evaluated, 152 expanded
[t=1.26531s, 33692 KB] New best heuristic value for pinch: 11
[t=1.26536s, 33692 KB] g=128, 73351 evaluated, 154 expanded
[t=1.27318s, 33692 KB] New best heuristic value for pinch: 10
[t=1.27324s, 33692 KB] g=129, 73858 evaluated, 155 expanded
[t=1.28699s, 33824 KB] New best heuristic value for pinch: 9
[t=1.28705s, 33824 KB] g=130, 74759 evaluated, 157 expanded
[t=1.29477s, 33824 KB] New best heuristic value for pinch: 8
[t=1.29483s, 33824 KB] g=131, 75266 evaluated, 158 expanded
[t=1.30879s, 33824 KB] New best heuristic value for pinch: 7
[t=1.30885s, 33824 KB] g=132, 76167 evaluated, 160 expanded
[t=1.31649s, 33824 KB] New best heuristic value for pinch: 6
[t=1.31655s, 33824 KB] g=133, 76674 evaluated, 161 expanded
[t=1.33051s, 33956 KB] New best heuristic value for pinch: 5
[t=1.33057s, 33956 KB] g=134, 77575 evaluated, 163 expanded
[t=1.33835s, 33956 KB] New best heuristic value for pinch: 4
[t=1.33841s, 33956 KB] g=135, 78082 evaluated, 164 expanded
[t=1.35228s, 33956 KB] New best heuristic value for pinch: 3
[t=1.35234s, 33956 KB] g=136, 78983 evaluated, 166 expanded
[t=1.36025s, 33956 KB] New best heuristic value for pinch: 2
[t=1.36031s, 33956 KB] g=137, 79490 evaluated, 167 expanded
[t=1.37425s, 34088 KB] New best heuristic value for pinch: 1
[t=1.37431s, 34088 KB] g=138, 80391 evaluated, 169 expanded
[t=1.3821s, 34088 KB] New best heuristic value for pinch: 0
[t=1.38215s, 34088 KB] g=139, 80898 evaluated, 170 expanded
[t=1.38918s, 34088 KB] Solution found!
[t=1.38926s, 34088 KB] Actual search time: 1.21199s
switch_on instrument14 satellite6 (1)
turn_to satellite6 groundstation1 planet24 (1)
calibrate satellite6 instrument14 groundstation1 (1)
turn_to satellite6 planet68 groundstation1 (1)
take_image satellite6 planet68 instrument14 infrared0 (1)
turn_to satellite5 phenomenon69 planet5 (1)
turn_to satellite1 groundstation1 planet10 (1)
turn_to satellite0 planet29 planet21 (1)
turn_to satellite6 phenomenon14 planet68 (1)
take_image satellite6 phenomenon14 instrument14 infrared0 (1)
turn_to satellite6 phenomenon15 phenomenon14 (1)
take_image satellite6 phenomenon15 instrument14 infrared0 (1)
turn_to satellite6 phenomenon20 phenomenon15 (1)
take_image satellite6 phenomenon20 instrument14 infrared1 (1)
turn_to satellite6 phenomenon26 phenomenon20 (1)
take_image satellite6 phenomenon26 instrument14 thermograph2 (1)
turn_to satellite6 phenomenon33 phenomenon26 (1)
take_image satellite6 phenomenon33 instrument14 infrared0 (1)
turn_to satellite6 phenomenon34 phenomenon33 (1)
take_image satellite6 phenomenon34 instrument14 infrared1 (1)
turn_to satellite6 phenomenon43 phenomenon34 (1)
take_image satellite6 phenomenon43 instrument14 thermograph2 (1)
turn_to satellite6 phenomenon45 phenomenon43 (1)
take_image satellite6 phenomenon45 instrument14 thermograph2 (1)
turn_to satellite6 phenomenon46 phenomenon45 (1)
take_image satellite6 phenomenon46 instrument14 infrared0 (1)
turn_to satellite6 phenomenon47 phenomenon46 (1)
take_image satellite6 phenomenon47 instrument14 infrared0 (1)
turn_to satellite6 phenomenon51 phenomenon47 (1)
take_image satellite6 phenomenon51 instrument14 thermograph2 (1)
turn_to satellite6 phenomenon52 phenomenon51 (1)
take_image satellite6 phenomenon52 instrument14 infrared1 (1)
turn_to satellite6 phenomenon55 phenomenon52 (1)
take_image satellite6 phenomenon55 instrument14 thermograph2 (1)
turn_to satellite6 phenomenon57 phenomenon55 (1)
take_image satellite6 phenomenon57 instrument14 thermograph2 (1)
turn_to satellite6 phenomenon60 phenomenon57 (1)
take_image satellite6 phenomenon60 instrument14 infrared0 (1)
turn_to satellite6 phenomenon61 phenomenon60 (1)
take_image satellite6 phenomenon61 instrument14 thermograph2 (1)
turn_to satellite6 phenomenon62 phenomenon61 (1)
take_image satellite6 phenomenon62 instrument14 infrared0 (1)
turn_to satellite6 phenomenon69 phenomenon62 (1)
take_image satellite6 phenomenon69 instrument14 infrared0 (1)
turn_to satellite6 phenomenon72 phenomenon69 (1)
take_image satellite6 phenomenon72 instrument14 infrared0 (1)
turn_to satellite6 phenomenon8 phenomenon72 (1)
take_image satellite6 phenomenon8 instrument14 thermograph2 (1)
turn_to satellite6 phenomenon9 phenomenon8 (1)
take_image satellite6 phenomenon9 instrument14 infrared0 (1)
turn_to satellite6 planet10 phenomenon9 (1)
take_image satellite6 planet10 instrument14 infrared0 (1)
turn_to satellite6 planet11 planet10 (1)
take_image satellite6 planet11 instrument14 infrared1 (1)
turn_to satellite6 planet12 planet11 (1)
take_image satellite6 planet12 instrument14 thermograph2 (1)
turn_to satellite6 planet16 planet12 (1)
take_image satellite6 planet16 instrument14 infrared1 (1)
turn_to satellite6 planet18 planet16 (1)
take_image satellite6 planet18 instrument14 infrared0 (1)
turn_to satellite6 planet19 planet18 (1)
take_image satellite6 planet19 instrument14 infrared0 (1)
turn_to satellite6 planet21 planet19 (1)
take_image satellite6 planet21 instrument14 infrared0 (1)
turn_to satellite6 planet24 planet21 (1)
take_image satellite6 planet24 instrument14 infrared1 (1)
turn_to satellite6 planet25 planet24 (1)
take_image satellite6 planet25 instrument14 infrared0 (1)
turn_to satellite6 planet28 planet25 (1)
take_image satellite6 planet28 instrument14 infrared0 (1)
turn_to satellite6 planet29 planet28 (1)
take_image satellite6 planet29 instrument14 infrared0 (1)
turn_to satellite6 planet3 planet29 (1)
take_image satellite6 planet3 instrument14 infrared1 (1)
turn_to satellite6 planet32 planet3 (1)
take_image satellite6 planet32 instrument14 thermograph2 (1)
turn_to satellite6 planet36 planet32 (1)
take_image satellite6 planet36 instrument14 infrared0 (1)
turn_to satellite6 planet39 planet36 (1)
take_image satellite6 planet39 instrument14 infrared1 (1)
turn_to satellite6 planet41 planet39 (1)
take_image satellite6 planet41 instrument14 thermograph2 (1)
turn_to satellite6 planet42 planet41 (1)
take_image satellite6 planet42 instrument14 infrared0 (1)
turn_to satellite6 planet44 planet42 (1)
take_image satellite6 planet44 instrument14 infrared1 (1)
turn_to satellite6 planet48 planet44 (1)
take_image satellite6 planet48 instrument14 thermograph2 (1)
turn_to satellite6 planet49 planet48 (1)
take_image satellite6 planet49 instrument14 thermograph2 (1)
turn_to satellite6 planet5 planet49 (1)
take_image satellite6 planet5 instrument14 thermograph2 (1)
turn_to satellite6 planet50 planet5 (1)
take_image satellite6 planet50 instrument14 thermograph2 (1)
turn_to satellite6 planet56 planet50 (1)
take_image satellite6 planet56 instrument14 thermograph2 (1)
turn_to satellite6 planet63 planet56 (1)
take_image satellite6 planet63 instrument14 thermograph2 (1)
turn_to satellite6 planet64 planet63 (1)
take_image satellite6 planet64 instrument14 infrared0 (1)
turn_to satellite6 planet67 planet64 (1)
take_image satellite6 planet67 instrument14 thermograph2 (1)
turn_to satellite6 planet71 planet67 (1)
take_image satellite6 planet71 instrument14 infrared1 (1)
turn_to satellite6 star22 planet71 (1)
take_image satellite6 star22 instrument14 infrared1 (1)
turn_to satellite6 star23 star22 (1)
take_image satellite6 star23 instrument14 thermograph2 (1)
turn_to satellite6 star27 star23 (1)
take_image satellite6 star27 instrument14 infrared0 (1)
turn_to satellite6 star30 star27 (1)
take_image satellite6 star30 instrument14 infrared1 (1)
turn_to satellite6 star35 star30 (1)
take_image satellite6 star35 instrument14 thermograph2 (1)
turn_to satellite6 star37 star35 (1)
take_image satellite6 star37 instrument14 thermograph2 (1)
turn_to satellite6 star38 star37 (1)
take_image satellite6 star38 instrument14 thermograph2 (1)
turn_to satellite6 star4 star38 (1)
take_image satellite6 star4 instrument14 infrared1 (1)
turn_to satellite6 star40 star4 (1)
take_image satellite6 star40 instrument14 thermograph2 (1)
turn_to satellite6 star53 star40 (1)
take_image satellite6 star53 instrument14 infrared1 (1)
turn_to satellite6 star54 star53 (1)
take_image satellite6 star54 instrument14 infrared0 (1)
turn_to satellite6 star58 star54 (1)
take_image satellite6 star58 instrument14 infrared1 (1)
turn_to satellite6 star59 star58 (1)
take_image satellite6 star59 instrument14 thermograph2 (1)
turn_to satellite6 star6 star59 (1)
take_image satellite6 star6 instrument14 infrared1 (1)
turn_to satellite6 star65 star6 (1)
take_image satellite6 star65 instrument14 infrared1 (1)
turn_to satellite6 star7 star65 (1)
take_image satellite6 star7 instrument14 infrared0 (1)
turn_to satellite6 star70 star7 (1)
take_image satellite6 star70 instrument14 infrared1 (1)
turn_to satellite6 planet68 star70 (1)
[t=1.3893s, 34088 KB] Plan length: 139 step(s).
[t=1.3893s, 34088 KB] Plan cost: 139
[t=1.3893s, 34088 KB] Expanded 171 state(s).
[t=1.3893s, 34088 KB] Reopened 0 state(s).
[t=1.3893s, 34088 KB] Evaluated 81352 state(s).
[t=1.3893s, 34088 KB] Evaluations: 81352
[t=1.3893s, 34088 KB] Generated 88046 state(s).
[t=1.3893s, 34088 KB] Dead ends: 0 state(s).
[t=1.3893s, 34088 KB] Number of registered states: 81352
[t=1.3893s, 34088 KB] Int hash set load factor: 81352/131072 = 0.620667
[t=1.3893s, 34088 KB] Int hash set resizes: 17
[t=1.3893s, 34088 KB] mean number of q cost that have been adjusted 0 times in relation to total number of q: -1
[t=1.3893s, 34088 KB] mean number of q cost that have been adjusted 1 times in relation to total number of q: -1
[t=1.3893s, 34088 KB] mean number of q cost that have been adjusted 2 times in relation to total number of q: -1
[t=1.3893s, 34088 KB] mean number of q that are at some point overconsitent in relation to total number of q: -1
[t=1.3893s, 34088 KB] mean number of q that are at first underconsisten in relation to total number of q: -1
[t=1.3893s, 34088 KB] mean number of state variables that are not in common between two following states in relation to total number of state variables: -1
[t=1.3893s, 34088 KB] variance number of state variables that are not in common between two following states in relation to total number of state variables: -1
[t=1.3893s, 34088 KB] Search time: 1.21452s
[t=1.3893s, 34088 KB] Total time: 1.3893s
Solution found.
Peak memory: 34088 KB
Remove intermediate file output.sas
search exit code: 0

INFO     Running validate.
INFO     validate stdin: None
INFO     validate time limit: None
INFO     validate memory limit: None
INFO     validate command line string: validate domain.pddl problem.pddl sas_plan
