INFO     Running translator.
INFO     translator stdin: None
INFO     translator time limit: 1799.96s
INFO     translator memory limit: 3584 MB
INFO     translator command line string: /infai/weidan00/downward/experiments/bachelor/.venv/bin/python3 /infai/weidan00/downward/experiments/bachelor/data/bachelor-v1/code-7aa5f34_e5e41175/builds/release/bin/translate/translate.py domain.pddl problem.pddl --sas-file output.sas
Parsing...
Parsing: [0.010s CPU, 0.010s wall-clock]
Normalizing task... [0.000s CPU, 0.000s wall-clock]
Instantiating...
Generating Datalog program... [0.010s CPU, 0.003s wall-clock]
Normalizing Datalog program...
Normalizing Datalog program: [0.000s CPU, 0.002s wall-clock]
Preparing model... [0.010s CPU, 0.013s wall-clock]
Generated 13 rules.
Computing model... [0.050s CPU, 0.054s wall-clock]
4101 relevant atoms
2575 auxiliary atoms
6676 final queue length
11527 total queue pushes
Completing instantiation... [0.080s CPU, 0.076s wall-clock]
Instantiating: [0.150s CPU, 0.149s wall-clock]
Computing fact groups...
Finding invariants...
6 initial candidates
Finding invariants: [0.000s CPU, 0.001s wall-clock]
Checking invariant weight... [0.000s CPU, 0.001s wall-clock]
Instantiating groups... [0.000s CPU, 0.000s wall-clock]
Collecting mutex groups... [0.000s CPU, 0.000s wall-clock]
Choosing groups...
50 uncovered facts
Choosing groups: [0.000s CPU, 0.000s wall-clock]
Building translation key... [0.000s CPU, 0.000s wall-clock]
Computing fact groups: [0.000s CPU, 0.003s wall-clock]
Building STRIPS to SAS dictionary... [0.000s CPU, 0.000s wall-clock]
Building dictionary for full mutex groups... [0.000s CPU, 0.000s wall-clock]
Building mutex information...
Building mutex information: [0.000s CPU, 0.000s wall-clock]
Translating task...
Processing axioms...
Simplifying axioms... [0.000s CPU, 0.000s wall-clock]
Processing axioms: [0.010s CPU, 0.003s wall-clock]
Translating task: [0.070s CPU, 0.066s wall-clock]
25 effect conditions simplified
0 implied preconditions added
Detecting unreachable propositions...
0 operators removed
0 axioms removed
1 propositions removed
Detecting unreachable propositions: [0.030s CPU, 0.033s wall-clock]
Reordering and filtering variables...
51 of 51 variables necessary.
0 of 1 mutex groups necessary.
2479 of 2479 operators necessary.
0 of 0 axiom rules necessary.
Reordering and filtering variables: [0.010s CPU, 0.008s wall-clock]
Translator variables: 51
Translator derived variables: 0
Translator facts: 150
Translator goal facts: 25
Translator mutex groups: 0
Translator total mutex groups size: 0
Translator operators: 2479
Translator axioms: 0
Translator task size: 7759
Translator peak memory: 149964 KB
Writing output... [0.020s CPU, 0.020s wall-clock]
Done! [0.290s CPU, 0.295s wall-clock]
translate exit code: 0

INFO     Running search (release).
INFO     search stdin: output.sas
INFO     search time limit: 1799.6s
INFO     search memory limit: 3584 MB
INFO     search command line string: /infai/weidan00/downward/experiments/bachelor/data/bachelor-v1/code-7aa5f34_e5e41175/builds/release/bin/downward --search 'eager_wastar([pinch_tracking()], w=2)' --internal-plan-file sas_plan < output.sas
[t=6.6854e-05s, 17204 KB] reading input...
[t=0.00917185s, 17712 KB] done reading input!
[t=0.0115651s, 18108 KB] Simplifying 2525 unary operators... done! [2525 unary operators]
[t=0.0126797s, 18240 KB] time to simplify: 0.00125786s
[t=0.0129145s, 18240 KB] Initializing pinch tracking heuristic...
[t=0.0130685s, 18240 KB] Building successor generator...done!
[t=0.0136718s, 18244 KB] peak memory difference for successor generator creation: 4 KB
[t=0.0137128s, 18244 KB] time for successor generation creation: 0.00047049s
[t=0.0137789s, 18244 KB] Variables: 51
[t=0.0138193s, 18244 KB] FactPairs: 150
[t=0.0138591s, 18244 KB] Bytes per state: 8
[t=0.0140042s, 18244 KB] Conducting best first search with reopening closed nodes, (real) bound = 2147483647
[t=0.0142871s, 18244 KB] New best heuristic value for pinch_tracking: 99
[t=0.0143393s, 18244 KB] g=0, 1 evaluated, 0 expanded
[t=0.0143925s, 18244 KB] Initial heuristic value for pinch_tracking: 99
[t=0.0144338s, 18244 KB] pruning method: none
[t=0.0144938s, 18244 KB] New best heuristic value for pinch_tracking: 98
[t=0.0145354s, 18244 KB] g=1, 2 evaluated, 1 expanded
[t=0.0148345s, 18244 KB] New best heuristic value for pinch_tracking: 96
[t=0.0148775s, 18244 KB] g=1, 25 evaluated, 1 expanded
[t=0.015043s, 18244 KB] New best heuristic value for pinch_tracking: 95
[t=0.0150851s, 18244 KB] g=1, 36 evaluated, 1 expanded
[t=0.015314s, 18244 KB] New best heuristic value for pinch_tracking: 92
[t=0.0153564s, 18244 KB] g=2, 52 evaluated, 2 expanded
[t=0.0154527s, 18244 KB] New best heuristic value for pinch_tracking: 90
[t=0.0154943s, 18244 KB] g=3, 56 evaluated, 3 expanded
[t=0.0160342s, 18244 KB] New best heuristic value for pinch_tracking: 88
[t=0.0160795s, 18244 KB] g=4, 102 evaluated, 4 expanded
[t=0.0165513s, 18244 KB] New best heuristic value for pinch_tracking: 87
[t=0.0165967s, 18244 KB] g=5, 140 evaluated, 5 expanded
[t=0.016777s, 18244 KB] New best heuristic value for pinch_tracking: 85
[t=0.0168202s, 18244 KB] g=6, 152 evaluated, 6 expanded
[t=0.0170107s, 18244 KB] New best heuristic value for pinch_tracking: 84
[t=0.017052s, 18244 KB] g=7, 166 evaluated, 7 expanded
[t=0.017423s, 18244 KB] New best heuristic value for pinch_tracking: 83
[t=0.0174663s, 18244 KB] g=7, 197 evaluated, 7 expanded
[t=0.0175742s, 18244 KB] New best heuristic value for pinch_tracking: 81
[t=0.0176155s, 18244 KB] g=8, 202 evaluated, 8 expanded
[t=0.0178049s, 18244 KB] New best heuristic value for pinch_tracking: 80
[t=0.0178467s, 18244 KB] g=9, 216 evaluated, 9 expanded
[t=0.01828s, 18244 KB] New best heuristic value for pinch_tracking: 78
[t=0.018323s, 18244 KB] g=10, 252 evaluated, 10 expanded
[t=0.0183847s, 18244 KB] New best heuristic value for pinch_tracking: 77
[t=0.0184258s, 18244 KB] g=11, 253 evaluated, 11 expanded
[t=0.018635s, 18244 KB] New best heuristic value for pinch_tracking: 76
[t=0.0186773s, 18244 KB] g=11, 266 evaluated, 11 expanded
[t=0.0191112s, 18244 KB] New best heuristic value for pinch_tracking: 75
[t=0.0191552s, 18244 KB] g=12, 302 evaluated, 12 expanded
[t=0.0193939s, 18244 KB] New best heuristic value for pinch_tracking: 74
[t=0.0194358s, 18244 KB] g=13, 320 evaluated, 13 expanded
[t=0.0198193s, 18244 KB] New best heuristic value for pinch_tracking: 73
[t=0.0198692s, 18244 KB] g=14, 352 evaluated, 14 expanded
[t=0.0201158s, 18244 KB] New best heuristic value for pinch_tracking: 72
[t=0.0201581s, 18244 KB] g=15, 371 evaluated, 15 expanded
[t=0.0205373s, 18244 KB] New best heuristic value for pinch_tracking: 70
[t=0.0205804s, 18244 KB] g=16, 402 evaluated, 17 expanded
[t=0.0206422s, 18244 KB] New best heuristic value for pinch_tracking: 69
[t=0.0206828s, 18244 KB] g=17, 403 evaluated, 18 expanded
[t=0.020773s, 18244 KB] New best heuristic value for pinch_tracking: 68
[t=0.0208146s, 18244 KB] g=17, 407 evaluated, 18 expanded
[t=0.0213378s, 18244 KB] New best heuristic value for pinch_tracking: 67
[t=0.0213822s, 18244 KB] g=18, 452 evaluated, 20 expanded
[t=0.0216578s, 18244 KB] New best heuristic value for pinch_tracking: 66
[t=0.0217099s, 18244 KB] g=19, 474 evaluated, 21 expanded
[t=0.0220626s, 18244 KB] New best heuristic value for pinch_tracking: 65
[t=0.0221051s, 18244 KB] g=20, 502 evaluated, 23 expanded
[t=0.0224495s, 18244 KB] New best heuristic value for pinch_tracking: 64
[t=0.0224927s, 18244 KB] g=21, 525 evaluated, 24 expanded
[t=0.0228427s, 18244 KB] New best heuristic value for pinch_tracking: 62
[t=0.0228859s, 18244 KB] g=22, 552 evaluated, 26 expanded
[t=0.0229447s, 18244 KB] New best heuristic value for pinch_tracking: 61
[t=0.022986s, 18244 KB] g=23, 553 evaluated, 27 expanded
[t=0.0232791s, 18244 KB] New best heuristic value for pinch_tracking: 60
[t=0.0233215s, 18244 KB] g=23, 577 evaluated, 27 expanded
[t=0.0236643s, 18244 KB] New best heuristic value for pinch_tracking: 58
[t=0.0237072s, 18244 KB] g=24, 602 evaluated, 30 expanded
[t=0.0237654s, 18244 KB] New best heuristic value for pinch_tracking: 57
[t=0.023806s, 18244 KB] g=25, 603 evaluated, 31 expanded
[t=0.024129s, 18244 KB] New best heuristic value for pinch_tracking: 56
[t=0.0241727s, 18244 KB] g=25, 630 evaluated, 31 expanded
[t=0.0244613s, 18244 KB] New best heuristic value for pinch_tracking: 55
[t=0.0245046s, 18244 KB] g=26, 652 evaluated, 32 expanded
[t=0.0248402s, 18244 KB] New best heuristic value for pinch_tracking: 54
[t=0.0248832s, 18244 KB] g=27, 680 evaluated, 33 expanded
[t=0.0251748s, 18244 KB] New best heuristic value for pinch_tracking: 52
[t=0.0252179s, 18244 KB] g=28, 702 evaluated, 35 expanded
[t=0.025274s, 18244 KB] New best heuristic value for pinch_tracking: 51
[t=0.0253151s, 18244 KB] g=29, 703 evaluated, 36 expanded
[t=0.025724s, 18244 KB] New best heuristic value for pinch_tracking: 50
[t=0.0257668s, 18244 KB] g=29, 737 evaluated, 36 expanded
[t=0.0259869s, 18244 KB] New best heuristic value for pinch_tracking: 48
[t=0.0260297s, 18244 KB] g=30, 752 evaluated, 38 expanded
[t=0.0260862s, 18244 KB] New best heuristic value for pinch_tracking: 47
[t=0.0261267s, 18244 KB] g=31, 753 evaluated, 39 expanded
[t=0.0265272s, 18244 KB] New best heuristic value for pinch_tracking: 46
[t=0.0265693s, 18244 KB] g=31, 787 evaluated, 39 expanded
[t=0.0268302s, 18244 KB] New best heuristic value for pinch_tracking: 45
[t=0.0268722s, 18244 KB] g=33, 806 evaluated, 42 expanded
[t=0.0272338s, 18244 KB] New best heuristic value for pinch_tracking: 44
[t=0.0272762s, 18244 KB] g=33, 836 evaluated, 42 expanded
[t=0.0275675s, 18244 KB] New best heuristic value for pinch_tracking: 43
[t=0.0276105s, 18244 KB] g=35, 857 evaluated, 46 expanded
[t=0.0276958s, 18244 KB] New best heuristic value for pinch_tracking: 42
[t=0.0277375s, 18244 KB] g=35, 861 evaluated, 46 expanded
[t=0.0282927s, 18244 KB] New best heuristic value for pinch_tracking: 41
[t=0.0283371s, 18244 KB] g=37, 908 evaluated, 49 expanded
[t=0.0283917s, 18244 KB] New best heuristic value for pinch_tracking: 40
[t=0.0284319s, 18244 KB] g=37, 909 evaluated, 49 expanded
[t=0.0290594s, 18244 KB] New best heuristic value for pinch_tracking: 39
[t=0.0291145s, 18244 KB] g=39, 964 evaluated, 52 expanded
[t=0.0293883s, 18244 KB] New best heuristic value for pinch_tracking: 38
[t=0.0294305s, 18244 KB] g=39, 986 evaluated, 52 expanded
[t=0.0299042s, 18244 KB] New best heuristic value for pinch_tracking: 36
[t=0.0299508s, 18244 KB] g=41, 1015 evaluated, 55 expanded
[t=0.0304663s, 18244 KB] New best heuristic value for pinch_tracking: 34
[t=0.0305122s, 18244 KB] g=43, 1057 evaluated, 58 expanded
[t=0.0311961s, 18244 KB] New best heuristic value for pinch_tracking: 32
[t=0.0312419s, 18244 KB] g=45, 1116 evaluated, 61 expanded
[t=0.0318489s, 18244 KB] New best heuristic value for pinch_tracking: 30
[t=0.0318931s, 18244 KB] g=47, 1169 evaluated, 64 expanded
[t=0.0324798s, 18244 KB] New best heuristic value for pinch_tracking: 28
[t=0.0325243s, 18244 KB] g=49, 1220 evaluated, 67 expanded
[t=0.0329064s, 18244 KB] New best heuristic value for pinch_tracking: 27
[t=0.0329494s, 18244 KB] g=50, 1252 evaluated, 68 expanded
[t=0.0335184s, 18244 KB] New best heuristic value for pinch_tracking: 26
[t=0.0335645s, 18244 KB] g=52, 1302 evaluated, 70 expanded
[t=0.0338075s, 18244 KB] New best heuristic value for pinch_tracking: 25
[t=0.033863s, 18244 KB] g=53, 1321 evaluated, 71 expanded
[t=0.0342404s, 18244 KB] New best heuristic value for pinch_tracking: 24
[t=0.0342844s, 18244 KB] g=54, 1352 evaluated, 73 expanded
[t=0.0345554s, 18244 KB] New best heuristic value for pinch_tracking: 23
[t=0.0345973s, 18244 KB] g=55, 1374 evaluated, 74 expanded
[t=0.0349641s, 18244 KB] New best heuristic value for pinch_tracking: 22
[t=0.0350066s, 18244 KB] g=56, 1402 evaluated, 77 expanded
[t=0.0352773s, 18244 KB] New best heuristic value for pinch_tracking: 21
[t=0.0353187s, 18244 KB] g=57, 1424 evaluated, 78 expanded
[t=0.035675s, 18244 KB] New best heuristic value for pinch_tracking: 20
[t=0.0357291s, 18244 KB] g=58, 1452 evaluated, 81 expanded
[t=0.0360015s, 18244 KB] New best heuristic value for pinch_tracking: 19
[t=0.0360433s, 18244 KB] g=59, 1474 evaluated, 82 expanded
[t=0.0364018s, 18244 KB] New best heuristic value for pinch_tracking: 18
[t=0.0364457s, 18244 KB] g=60, 1502 evaluated, 85 expanded
[t=0.0367248s, 18244 KB] New best heuristic value for pinch_tracking: 17
[t=0.0367664s, 18244 KB] g=61, 1524 evaluated, 86 expanded
[t=0.0371225s, 18244 KB] New best heuristic value for pinch_tracking: 16
[t=0.0371652s, 18244 KB] g=62, 1552 evaluated, 89 expanded
[t=0.0374366s, 18244 KB] New best heuristic value for pinch_tracking: 15
[t=0.037479s, 18244 KB] g=63, 1574 evaluated, 90 expanded
[t=0.0378438s, 18244 KB] New best heuristic value for pinch_tracking: 14
[t=0.0378862s, 18244 KB] g=64, 1602 evaluated, 93 expanded
[t=0.0381562s, 18244 KB] New best heuristic value for pinch_tracking: 13
[t=0.0381973s, 18244 KB] g=65, 1624 evaluated, 94 expanded
[t=0.0385502s, 18244 KB] New best heuristic value for pinch_tracking: 12
[t=0.0385928s, 18244 KB] g=66, 1652 evaluated, 96 expanded
[t=0.0388781s, 18244 KB] New best heuristic value for pinch_tracking: 11
[t=0.0389209s, 18244 KB] g=67, 1675 evaluated, 97 expanded
[t=0.0392564s, 18244 KB] New best heuristic value for pinch_tracking: 10
[t=0.0392997s, 18244 KB] g=68, 1702 evaluated, 99 expanded
[t=0.0395817s, 18244 KB] New best heuristic value for pinch_tracking: 9
[t=0.039624s, 18244 KB] g=69, 1724 evaluated, 100 expanded
[t=0.039972s, 18244 KB] New best heuristic value for pinch_tracking: 8
[t=0.0400145s, 18244 KB] g=70, 1752 evaluated, 102 expanded
[t=0.0402828s, 18244 KB] New best heuristic value for pinch_tracking: 7
[t=0.0403253s, 18244 KB] g=71, 1774 evaluated, 103 expanded
[t=0.040668s, 18244 KB] New best heuristic value for pinch_tracking: 6
[t=0.0407116s, 18244 KB] g=72, 1802 evaluated, 104 expanded
[t=0.0411972s, 18244 KB] New best heuristic value for pinch_tracking: 5
[t=0.0412411s, 18244 KB] g=73, 1845 evaluated, 105 expanded
[t=0.0413783s, 18244 KB] New best heuristic value for pinch_tracking: 4
[t=0.0414198s, 18244 KB] g=74, 1852 evaluated, 106 expanded
[t=0.0419221s, 18244 KB] New best heuristic value for pinch_tracking: 3
[t=0.0419659s, 18244 KB] g=75, 1897 evaluated, 107 expanded
[t=0.0420743s, 18244 KB] New best heuristic value for pinch_tracking: 2
[t=0.0421159s, 18244 KB] g=76, 1902 evaluated, 108 expanded
[t=0.0426631s, 18244 KB] New best heuristic value for pinch_tracking: 1
[t=0.0427076s, 18244 KB] g=77, 1950 evaluated, 109 expanded
[t=0.0427834s, 18244 KB] New best heuristic value for pinch_tracking: 0
[t=0.0428247s, 18244 KB] g=78, 1952 evaluated, 110 expanded
[t=0.0428659s, 18244 KB] Solution found!
[t=0.0429183s, 18244 KB] Actual search time: 0.0284807s
up f0 f4 (1)
stop f4 (1)
down f4 f3 (1)
stop f3 (1)
up f3 f43 (1)
stop f43 (1)
up f43 f45 (1)
stop f45 (1)
down f45 f20 (1)
stop f20 (1)
down f20 f3 (1)
stop f3 (1)
up f3 f24 (1)
stop f24 (1)
down f24 f9 (1)
stop f9 (1)
up f9 f27 (1)
stop f27 (1)
up f27 f28 (1)
stop f28 (1)
up f28 f30 (1)
stop f30 (1)
up f30 f40 (1)
stop f40 (1)
down f40 f33 (1)
stop f33 (1)
up f33 f44 (1)
stop f44 (1)
up f44 f46 (1)
stop f46 (1)
down f46 f0 (1)
stop f0 (1)
up f0 f14 (1)
stop f14 (1)
down f14 f12 (1)
stop f12 (1)
down f12 f3 (1)
stop f3 (1)
up f3 f18 (1)
stop f18 (1)
down f18 f7 (1)
stop f7 (1)
up f7 f19 (1)
stop f19 (1)
up f19 f22 (1)
stop f22 (1)
up f22 f23 (1)
stop f23 (1)
down f23 f4 (1)
stop f4 (1)
up f4 f24 (1)
stop f24 (1)
up f24 f27 (1)
stop f27 (1)
up f27 f31 (1)
stop f31 (1)
up f31 f32 (1)
stop f32 (1)
up f32 f33 (1)
stop f33 (1)
up f33 f35 (1)
stop f35 (1)
up f35 f36 (1)
stop f36 (1)
down f36 f4 (1)
stop f4 (1)
up f4 f37 (1)
stop f37 (1)
up f37 f41 (1)
stop f41 (1)
down f41 f28 (1)
stop f28 (1)
up f28 f43 (1)
stop f43 (1)
up f43 f45 (1)
stop f45 (1)
up f45 f48 (1)
stop f48 (1)
[t=0.0429614s, 18244 KB] Plan length: 78 step(s).
[t=0.0429614s, 18244 KB] Plan cost: 78
[t=0.0429614s, 18244 KB] Expanded 111 state(s).
[t=0.0429614s, 18244 KB] Reopened 0 state(s).
[t=0.0429614s, 18244 KB] Evaluated 1952 state(s).
[t=0.0429614s, 18244 KB] Evaluations: 1952
[t=0.0429614s, 18244 KB] Generated 5500 state(s).
[t=0.0429614s, 18244 KB] Dead ends: 0 state(s).
[t=0.0429614s, 18244 KB] Number of registered states: 1952
[t=0.0429614s, 18244 KB] Int hash set load factor: 1952/2048 = 0.953125
[t=0.0429614s, 18244 KB] Int hash set resizes: 11
[t=0.0429614s, 18244 KB] mean number of q cost that have been adjusted 0 times in relation to total number of q: -1
[t=0.0429614s, 18244 KB] mean number of q cost that have been adjusted 1 times in relation to total number of q: -1
[t=0.0429614s, 18244 KB] mean number of q cost that have been adjusted 2 times in relation to total number of q: -1
[t=0.0429614s, 18244 KB] mean number of q that are at some point overconsitent in relation to total number of q: -1
[t=0.0429614s, 18244 KB] mean number of q that are at first underconsisten in relation to total number of q: -1
[t=0.0429614s, 18244 KB] mean number of state variables that are not in common between two following states in relation to total number of state variables: -1
[t=0.0429614s, 18244 KB] variance number of state variables that are not in common between two following states in relation to total number of state variables: -1
[t=0.0429614s, 18244 KB] Search time: 0.0289583s
[t=0.0429614s, 18244 KB] Total time: 0.0429614s
Solution found.
Peak memory: 18244 KB
Remove intermediate file output.sas
search exit code: 0

INFO     Running validate.
INFO     validate stdin: None
INFO     validate time limit: None
INFO     validate memory limit: None
INFO     validate command line string: validate domain.pddl problem.pddl sas_plan
