INFO     Running translator.
INFO     translator stdin: None
INFO     translator time limit: 1799.96s
INFO     translator memory limit: 3584 MB
INFO     translator command line string: /infai/weidan00/downward/experiments/bachelor/.venv/bin/python3 /infai/weidan00/downward/experiments/bachelor/data/bachelor-v1/code-7aa5f34_e5e41175/builds/release/bin/translate/translate.py domain.pddl problem.pddl --sas-file output.sas
Parsing...
Parsing: [0.380s CPU, 0.386s wall-clock]
Normalizing task... [0.080s CPU, 0.083s wall-clock]
Instantiating...
Generating Datalog program... [0.050s CPU, 0.047s wall-clock]
Normalizing Datalog program...
Normalizing Datalog program: [0.290s CPU, 0.289s wall-clock]
Preparing model... [0.270s CPU, 0.280s wall-clock]
Generated 12302 rules.
Computing model... [0.240s CPU, 0.235s wall-clock]
5635 relevant atoms
8480 auxiliary atoms
14115 final queue length
19894 total queue pushes
Completing instantiation... [0.140s CPU, 0.141s wall-clock]
Instantiating: [1.020s CPU, 1.019s wall-clock]
Computing fact groups...
Finding invariants...
26 initial candidates
Finding invariants: [0.630s CPU, 0.633s wall-clock]
Checking invariant weight... [0.010s CPU, 0.005s wall-clock]
Instantiating groups... [0.270s CPU, 0.281s wall-clock]
Collecting mutex groups... [0.010s CPU, 0.002s wall-clock]
Choosing groups...
2196 uncovered facts
Choosing groups: [0.000s CPU, 0.005s wall-clock]
Building translation key... [0.050s CPU, 0.055s wall-clock]
Computing fact groups: [1.010s CPU, 1.023s wall-clock]
Building STRIPS to SAS dictionary... [0.010s CPU, 0.003s wall-clock]
Building dictionary for full mutex groups... [0.000s CPU, 0.005s wall-clock]
Building mutex information...
Building mutex information: [0.010s CPU, 0.004s wall-clock]
Translating task...
Processing axioms...
Simplifying axioms... [0.000s CPU, 0.000s wall-clock]
Processing axioms: [0.000s CPU, 0.007s wall-clock]
Translating task: [0.160s CPU, 0.166s wall-clock]
5080 effect conditions simplified
0 implied preconditions added
Detecting unreachable propositions...
0 operators removed
0 axioms removed
1097 propositions removed
Detecting unreachable propositions: [0.150s CPU, 0.154s wall-clock]
Reordering and filtering variables...
765 of 1656 variables necessary.
255 of 264 mutex groups necessary.
1463 of 1463 operators necessary.
0 of 0 axiom rules necessary.
Reordering and filtering variables: [0.340s CPU, 0.328s wall-clock]
Translator variables: 765
Translator derived variables: 0
Translator facts: 2101
Translator goal facts: 2
Translator mutex groups: 255
Translator total mutex groups size: 770
Translator operators: 1463
Translator axioms: 0
Translator task size: 19760
Translator peak memory: 189888 KB
Writing output... [0.030s CPU, 0.040s wall-clock]
Done! [3.200s CPU, 3.225s wall-clock]
translate exit code: 0

INFO     Running search (release).
INFO     search stdin: output.sas
INFO     search time limit: 1796.69s
INFO     search memory limit: 3584 MB
INFO     search command line string: /infai/weidan00/downward/experiments/bachelor/data/bachelor-v1/code-7aa5f34_e5e41175/builds/release/bin/downward --search 'eager_wastar([add()], w=2)' --internal-plan-file sas_plan < output.sas
[t=6.335e-05s, 17204 KB] reading input...
[t=0.0228506s, 18412 KB] done reading input!
[t=0.0261597s, 19404 KB] Simplifying 6991 unary operators... done! [6959 unary operators]
[t=0.0298893s, 19876 KB] time to simplify: 0.0040468s
[t=0.0316044s, 20068 KB] Initializing additive heuristic...
[t=0.0318056s, 20068 KB] Building successor generator...done!
[t=0.0333109s, 20068 KB] peak memory difference for successor generator creation: 0 KB
[t=0.0333542s, 20068 KB] time for successor generation creation: 0.00134068s
[t=0.0334167s, 20068 KB] Variables: 765
[t=0.0334571s, 20068 KB] FactPairs: 2101
[t=0.0334965s, 20068 KB] Bytes per state: 100
[t=0.033634s, 20068 KB] Conducting best first search with reopening closed nodes, (real) bound = 2147483647
[t=0.0339744s, 20068 KB] New best heuristic value for add: 363
[t=0.0340254s, 20068 KB] g=0, 1 evaluated, 0 expanded
[t=0.034075s, 20068 KB] Initial heuristic value for add: 363
[t=0.0341243s, 20068 KB] pruning method: none
[t=0.0344182s, 20068 KB] New best heuristic value for add: 330
[t=0.0344687s, 20068 KB] g=1, 2 evaluated, 1 expanded
[t=0.0346891s, 20068 KB] New best heuristic value for add: 328
[t=0.0347367s, 20068 KB] g=1, 3 evaluated, 1 expanded
[t=0.0352791s, 20068 KB] New best heuristic value for add: 295
[t=0.0353312s, 20068 KB] g=2, 6 evaluated, 2 expanded
[t=0.0360342s, 20068 KB] New best heuristic value for add: 262
[t=0.0360867s, 20068 KB] g=3, 10 evaluated, 3 expanded
[t=0.0367695s, 20068 KB] New best heuristic value for add: 229
[t=0.0368212s, 20068 KB] g=4, 14 evaluated, 4 expanded
[t=0.0375221s, 20068 KB] New best heuristic value for add: 208
[t=0.0375748s, 20068 KB] g=5, 18 evaluated, 5 expanded
[t=0.0385576s, 20068 KB] New best heuristic value for add: 193
[t=0.0386113s, 20068 KB] g=6, 24 evaluated, 6 expanded
[t=0.0393347s, 20068 KB] New best heuristic value for add: 136
[t=0.0393869s, 20068 KB] g=7, 28 evaluated, 7 expanded
[t=0.0404148s, 20068 KB] New best heuristic value for add: 133
[t=0.0404694s, 20068 KB] g=9, 34 evaluated, 9 expanded
[t=0.0414477s, 20068 KB] New best heuristic value for add: 130
[t=0.041501s, 20068 KB] g=11, 40 evaluated, 11 expanded
[t=0.0424708s, 20068 KB] New best heuristic value for add: 127
[t=0.0425238s, 20068 KB] g=13, 46 evaluated, 13 expanded
[t=0.0434898s, 20068 KB] New best heuristic value for add: 124
[t=0.0435432s, 20068 KB] g=15, 52 evaluated, 15 expanded
[t=0.0445004s, 20068 KB] New best heuristic value for add: 121
[t=0.0445531s, 20068 KB] g=17, 58 evaluated, 17 expanded
[t=0.0453825s, 20068 KB] New best heuristic value for add: 118
[t=0.0454349s, 20068 KB] g=19, 63 evaluated, 19 expanded
[t=0.0462723s, 20068 KB] New best heuristic value for add: 115
[t=0.0463251s, 20068 KB] g=21, 68 evaluated, 21 expanded
[t=0.0471492s, 20068 KB] New best heuristic value for add: 112
[t=0.0472008s, 20068 KB] g=23, 73 evaluated, 23 expanded
[t=0.0480209s, 20068 KB] New best heuristic value for add: 109
[t=0.0480723s, 20068 KB] g=25, 78 evaluated, 25 expanded
[t=0.0488914s, 20068 KB] New best heuristic value for add: 106
[t=0.0489437s, 20068 KB] g=27, 83 evaluated, 27 expanded
[t=0.0497636s, 20068 KB] New best heuristic value for add: 103
[t=0.0498154s, 20068 KB] g=29, 88 evaluated, 29 expanded
[t=0.0504759s, 20068 KB] New best heuristic value for add: 100
[t=0.0505266s, 20068 KB] g=31, 92 evaluated, 31 expanded
[t=0.0518799s, 20068 KB] New best heuristic value for add: 97
[t=0.0519325s, 20068 KB] g=33, 101 evaluated, 35 expanded
[t=0.0682474s, 20068 KB] New best heuristic value for add: 92
[t=0.0683296s, 20068 KB] g=36, 209 evaluated, 89 expanded
[t=0.0694751s, 20068 KB] New best heuristic value for add: 87
[t=0.0695315s, 20068 KB] g=40, 217 evaluated, 93 expanded
[t=0.0709236s, 20068 KB] New best heuristic value for add: 81
[t=0.0709776s, 20068 KB] g=45, 227 evaluated, 98 expanded
[t=0.0723801s, 20068 KB] New best heuristic value for add: 80
[t=0.0724346s, 20068 KB] g=50, 237 evaluated, 103 expanded
[t=0.0727533s, 20068 KB] New best heuristic value for add: 74
[t=0.0728014s, 20068 KB] g=51, 239 evaluated, 104 expanded
[t=0.0739394s, 20068 KB] New best heuristic value for add: 73
[t=0.0739923s, 20068 KB] g=55, 247 evaluated, 108 expanded
[t=0.0743235s, 20068 KB] New best heuristic value for add: 68
[t=0.0743716s, 20068 KB] g=56, 249 evaluated, 109 expanded
[t=0.0749888s, 20068 KB] New best heuristic value for add: 65
[t=0.0750452s, 20068 KB] g=58, 253 evaluated, 111 expanded
[t=0.0759542s, 20068 KB] New best heuristic value for add: 63
[t=0.0760143s, 20068 KB] g=61, 259 evaluated, 114 expanded
[t=0.0763452s, 20068 KB] New best heuristic value for add: 60
[t=0.0763929s, 20068 KB] g=62, 261 evaluated, 115 expanded
[t=0.0767277s, 20068 KB] New best heuristic value for add: 59
[t=0.0767763s, 20068 KB] g=63, 263 evaluated, 116 expanded
[t=0.0771188s, 20068 KB] New best heuristic value for add: 57
[t=0.0771663s, 20068 KB] g=64, 265 evaluated, 117 expanded
[t=0.0775072s, 20068 KB] New best heuristic value for add: 55
[t=0.0775548s, 20068 KB] g=65, 267 evaluated, 118 expanded
[t=0.0780553s, 20068 KB] New best heuristic value for add: 54
[t=0.0781076s, 20068 KB] g=66, 270 evaluated, 119 expanded
[t=0.0846537s, 20068 KB] New best heuristic value for add: 45
[t=0.084728s, 20068 KB] g=74, 310 evaluated, 158 expanded
[t=0.0855771s, 20068 KB] New best heuristic value for add: 38
[t=0.0856309s, 20068 KB] g=80, 316 evaluated, 164 expanded
[t=0.0867357s, 20068 KB] New best heuristic value for add: 29
[t=0.0867897s, 20068 KB] g=88, 324 evaluated, 172 expanded
[t=0.0877638s, 20068 KB] New best heuristic value for add: 21
[t=0.0878152s, 20068 KB] g=95, 331 evaluated, 179 expanded
[t=0.0881258s, 20068 KB] New best heuristic value for add: 17
[t=0.088173s, 20068 KB] g=97, 333 evaluated, 181 expanded
[t=0.0883509s, 20068 KB] New best heuristic value for add: 16
[t=0.0883961s, 20068 KB] g=98, 334 evaluated, 182 expanded
[t=0.088711s, 20068 KB] New best heuristic value for add: 14
[t=0.0887593s, 20068 KB] g=99, 336 evaluated, 183 expanded
[t=0.0889399s, 20068 KB] New best heuristic value for add: 13
[t=0.088985s, 20068 KB] g=100, 337 evaluated, 184 expanded
[t=0.089248s, 20068 KB] New best heuristic value for add: 11
[t=0.0892938s, 20068 KB] g=101, 339 evaluated, 185 expanded
[t=0.0894792s, 20068 KB] New best heuristic value for add: 10
[t=0.089524s, 20068 KB] g=102, 340 evaluated, 186 expanded
[t=0.0897874s, 20068 KB] New best heuristic value for add: 8
[t=0.0898324s, 20068 KB] g=103, 342 evaluated, 187 expanded
[t=0.0900079s, 20068 KB] New best heuristic value for add: 7
[t=0.0900527s, 20068 KB] g=104, 343 evaluated, 188 expanded
[t=0.0903139s, 20068 KB] New best heuristic value for add: 5
[t=0.0903591s, 20068 KB] g=105, 345 evaluated, 189 expanded
[t=0.0905347s, 20068 KB] New best heuristic value for add: 4
[t=0.0905794s, 20068 KB] g=106, 346 evaluated, 190 expanded
[t=0.0907493s, 20068 KB] New best heuristic value for add: 2
[t=0.0907934s, 20068 KB] g=107, 347 evaluated, 191 expanded
[t=0.091055s, 20068 KB] New best heuristic value for add: 1
[t=0.091101s, 20068 KB] g=108, 349 evaluated, 192 expanded
[t=0.0912025s, 20068 KB] New best heuristic value for add: 0
[t=0.0912461s, 20068 KB] g=109, 350 evaluated, 193 expanded
[t=0.0912883s, 20068 KB] Solution found!
[t=0.0913332s, 20068 KB] Actual search time: 0.0572032s
pushback_seg_p107_0_76_seg_o1_c2b_0_60_south_south_medium airplane_daew9 (1)
move_seg_08l_a7b_0_161_245_seg_a8_a_0_157_785_south_south_medium airplane_cfbeg (1)
move_seg_a8_a_0_157_785_seg_a8_b_1_0_79_7559_south_south_medium airplane_cfbeg (1)
move_seg_a8_b_1_0_79_7559_seg_a8_b_0_80_6226_south_south_medium airplane_cfbeg (1)
move_seg_a8_b_0_80_6226_seg_m_a8d_0_120_934_south_north_medium airplane_cfbeg (1)
pushback_seg_o1_c2b_0_60_seg_o1_c2d_0_60_south_north_medium airplane_daew9 (1)
startup_seg_o1_c2d_0_60_north_medium airplane_daew9 (1)
move_seg_o1_c2d_0_60_seg_o1_c2c_0_34_north_south_medium airplane_daew9 (1)
move_seg_o1_c2c_0_34_seg_o1_108a_0_34_south_north_medium airplane_daew9 (1)
move_seg_o1_108a_0_34_seg_o1_108c_0_34_north_south_medium airplane_daew9 (1)
move_seg_o1_108c_0_34_seg_o1_109a_0_34_south_north_medium airplane_daew9 (1)
move_seg_o1_109a_0_34_seg_o1_109c_0_34_north_south_medium airplane_daew9 (1)
move_seg_o1_109c_0_34_seg_o1_110a_0_34_south_north_medium airplane_daew9 (1)
move_seg_o1_110a_0_34_seg_o1_110c_0_34_north_south_medium airplane_daew9 (1)
move_seg_o1_110c_0_34_seg_o1_111a_0_34_south_north_medium airplane_daew9 (1)
move_seg_o1_111a_0_34_seg_o1_111c_0_34_north_south_medium airplane_daew9 (1)
move_seg_o1_111c_0_34_seg_o1_c3a_0_34_south_north_medium airplane_daew9 (1)
move_seg_o1_c3a_0_34_seg_o1_c3c_0_48_north_south_medium airplane_daew9 (1)
move_seg_o1_c3c_0_48_seg_o1_115a_0_34_south_north_medium airplane_daew9 (1)
move_seg_o1_115a_0_34_seg_o1_115c_0_34_north_south_medium airplane_daew9 (1)
move_seg_o1_115c_0_34_seg_o1_116a_0_34_south_north_medium airplane_daew9 (1)
move_seg_o1_116a_0_34_seg_o1_116c_0_34_north_south_medium airplane_daew9 (1)
move_seg_o1_116c_0_34_seg_o1_117a_0_34_south_north_medium airplane_daew9 (1)
move_seg_o1_117a_0_34_seg_o1_117c_0_34_north_south_medium airplane_daew9 (1)
move_seg_o1_117c_0_34_seg_o1_118a_0_34_south_north_medium airplane_daew9 (1)
move_seg_o1_118a_0_34_seg_o1_118c_0_34_north_south_medium airplane_daew9 (1)
move_seg_o1_118c_0_34_seg_o1_c4a_0_34_south_north_medium airplane_daew9 (1)
move_seg_o1_c4a_0_34_seg_o1_c4c_0_80_north_south_medium airplane_daew9 (1)
move_seg_o1_c4c_0_80_seg_c4_s6a_0_80_south_north_medium airplane_daew9 (1)
move_seg_c4_s6a_0_80_seg_c4_s6c_0_60_north_south_medium airplane_daew9 (1)
move_seg_c4_s6c_0_60_seg_w1_c4b_0_60_south_north_medium airplane_daew9 (1)
move_seg_m_a8d_0_120_934_seg_m_a8b_0_60_north_south_medium airplane_cfbeg (1)
move_seg_m_a8b_0_60_seg_n_a8a_0_60_south_north_medium airplane_cfbeg (1)
move_seg_w1_c4b_0_60_seg_w1_c4c_0_60_north_south_medium airplane_daew9 (1)
move_seg_w1_c4c_0_60_seg_s5_0_94_south_south_medium airplane_daew9 (1)
move_seg_s5_0_94_seg_s_b7a_0_60_south_north_medium airplane_daew9 (1)
move_seg_s_b7a_0_60_seg_s_b7d_0_60_north_south_medium airplane_daew9 (1)
move_seg_s_b7d_0_60_seg_s_b6b7b_0_140_south_north_medium airplane_daew9 (1)
move_seg_s_b6b7b_0_140_seg_s_b6b7a_0_140_north_north_medium airplane_daew9 (1)
move_seg_s_b6b7a_0_140_seg_s_b6a_0_60_north_north_medium airplane_daew9 (1)
move_seg_s_b6a_0_60_seg_s_b6c_0_60_north_south_medium airplane_daew9 (1)
move_seg_s_b6c_0_60_seg_s_b4b6c_0_130_south_north_medium airplane_daew9 (1)
move_seg_s_b4b6c_0_130_seg_s_b4b6b_0_135_north_north_medium airplane_daew9 (1)
move_seg_s_b4b6b_0_135_seg_s_b4b6a_0_135_north_north_medium airplane_daew9 (1)
move_seg_s_b4b6a_0_135_seg_s_b4a_0_60_north_north_medium airplane_daew9 (1)
move_seg_s_b4a_0_60_seg_s_b4c_0_60_north_south_medium airplane_daew9 (1)
move_seg_s_b4c_0_60_seg_s_b3b4d_0_140_south_north_medium airplane_daew9 (1)
move_seg_s_b3b4d_0_140_seg_s_b3b4c_0_140_north_north_medium airplane_daew9 (1)
move_seg_s_b3b4c_0_140_seg_s_b3b4b_0_140_north_north_medium airplane_daew9 (1)
move_seg_s_b3b4b_0_140_seg_s_b3b4a_0_140_north_north_medium airplane_daew9 (1)
move_seg_s_b3b4a_0_140_seg_s_b3a_0_60_north_north_medium airplane_daew9 (1)
move_seg_s_b3a_0_60_seg_s_b3c_0_60_north_south_medium airplane_daew9 (1)
move_seg_s_b3c_0_60_seg_s_b2b3c_0_140_south_north_medium airplane_daew9 (1)
move_seg_s_b2b3c_0_140_seg_s_b2b3b_0_140_north_north_medium airplane_daew9 (1)
move_seg_s_b2b3b_0_140_seg_s_b2b3a_0_140_north_north_medium airplane_daew9 (1)
move_seg_s_b2b3a_0_140_seg_s_b2a_0_60_north_north_medium airplane_daew9 (1)
move_seg_s_b2a_0_60_seg_s_b2b_0_60_north_south_medium airplane_daew9 (1)
move_seg_s_b2b_0_60_seg_t_b2a_0_60_south_north_medium airplane_daew9 (1)
move_seg_t_b2a_0_60_seg_t_b2c_0_60_north_south_medium airplane_daew9 (1)
move_seg_t_b2c_0_60_seg_b2_0_80_south_north_medium airplane_daew9 (1)
move_seg_b2_0_80_seg_b2_1_0_80_north_north_medium airplane_daew9 (1)
move_seg_b2_1_0_80_seg_08r_b2a_0_80_north_north_medium airplane_daew9 (1)
move_seg_08r_b2a_0_80_seg_08r_b2b_0_80_north_south_medium airplane_daew9 (1)
move_seg_08r_b2b_0_80_seg_08r_b2b3_0_900_south_south_medium airplane_daew9 (1)
move_seg_08r_b2b3_0_900_seg_08r_0_80_south_north_medium airplane_daew9 (1)
takeoff_seg_08r_0_80_north airplane_daew9 (1)
move_seg_n_a8a_0_60_seg_n_a8c_0_60_north_south_medium airplane_cfbeg (1)
move_seg_n_a8c_0_60_seg_n_a6a8f_0_75_south_north_medium airplane_cfbeg (1)
move_seg_n_a6a8f_0_75_seg_n_a6a8e_0_75_north_north_medium airplane_cfbeg (1)
move_seg_n_a6a8e_0_75_seg_n_a6a8d_0_75_north_north_medium airplane_cfbeg (1)
move_seg_n_a6a8d_0_75_seg_n_a6a8c_0_75_north_north_medium airplane_cfbeg (1)
move_seg_n_a6a8c_0_75_seg_n_a6a8b_0_75_north_north_medium airplane_cfbeg (1)
move_seg_n_a6a8b_0_75_seg_n_a6a8a_0_115_north_north_medium airplane_cfbeg (1)
move_seg_n_a6a8a_0_115_seg_n_a6b_0_60_north_north_medium airplane_cfbeg (1)
move_seg_n_a6b_0_60_seg_n_a6c_0_60_north_south_medium airplane_cfbeg (1)
move_seg_n_a6c_0_60_seg_n_a7a6d_0_75_south_north_medium airplane_cfbeg (1)
move_seg_n_a7a6d_0_75_seg_n_a7a6c_0_75_north_north_medium airplane_cfbeg (1)
move_seg_n_a7a6c_0_75_seg_n_a7a6b_0_75_north_north_medium airplane_cfbeg (1)
move_seg_n_a7a6b_0_75_seg_n_a7a6a_0_85_north_north_medium airplane_cfbeg (1)
move_seg_n_a7a6a_0_85_seg_n_a7b_0_60_north_north_medium airplane_cfbeg (1)
move_seg_n_a7b_0_60_seg_n_a7c_0_60_north_south_medium airplane_cfbeg (1)
move_seg_n_a7c_0_60_seg_n_a4a7f_0_75_south_north_medium airplane_cfbeg (1)
move_seg_n_a4a7f_0_75_seg_n_a4a7e_0_75_north_north_medium airplane_cfbeg (1)
move_seg_n_a4a7e_0_75_seg_n_a4a7d_0_75_north_north_medium airplane_cfbeg (1)
move_seg_n_a4a7d_0_75_seg_n_a4a7c_0_75_north_north_medium airplane_cfbeg (1)
move_seg_n_a4a7c_0_75_seg_n_a4a7b_0_75_north_north_medium airplane_cfbeg (1)
move_seg_n_a4a7b_0_75_seg_n_a4a7a_0_115_north_north_medium airplane_cfbeg (1)
move_seg_n_a4a7a_0_115_seg_n_a4b_0_60_north_north_medium airplane_cfbeg (1)
move_seg_n_a4b_0_60_seg_n_a4c_0_60_north_south_medium airplane_cfbeg (1)
move_seg_n_a4c_0_60_seg_n_n2a4e_0_75_south_north_medium airplane_cfbeg (1)
move_seg_n_n2a4e_0_75_seg_n_n2a4d_0_75_north_north_medium airplane_cfbeg (1)
move_seg_n_n2a4d_0_75_seg_n_n2a4c_0_75_north_north_medium airplane_cfbeg (1)
move_seg_n_n2a4c_0_75_seg_n_n2a4b_0_75_north_north_medium airplane_cfbeg (1)
move_seg_n_n2a4b_0_75_seg_n_n2a4a_0_70_north_north_medium airplane_cfbeg (1)
move_seg_n_n2a4a_0_70_seg_n_n2a_0_60_north_north_medium airplane_cfbeg (1)
move_seg_n_n2a_0_60_seg_n_n2b_0_60_north_south_medium airplane_cfbeg (1)
move_seg_n_n2b_0_60_seg_n2_0_108_south_south_medium airplane_cfbeg (1)
move_seg_n2_0_108_seg_c1_n2a_0_60_south_north_medium airplane_cfbeg (1)
move_seg_c1_n2a_0_60_seg_c1_n2b_0_80_north_south_medium airplane_cfbeg (1)
move_seg_c1_n2b_0_80_seg_o1_c1c_0_80_south_north_medium airplane_cfbeg (1)
move_seg_o1_c1c_0_80_seg_o1_c1b_0_34_north_south_medium airplane_cfbeg (1)
move_seg_o1_c1b_0_34_seg_o1_102a_0_34_south_north_medium airplane_cfbeg (1)
move_seg_o1_102a_0_34_seg_o1_102c_0_34_north_south_medium airplane_cfbeg (1)
move_seg_o1_102c_0_34_seg_o1_103a_0_34_south_north_medium airplane_cfbeg (1)
move_seg_o1_103a_0_34_seg_o1_103c_0_34_north_south_medium airplane_cfbeg (1)
move_seg_o1_103c_0_34_seg_o1_104a_0_34_south_north_medium airplane_cfbeg (1)
move_seg_o1_104a_0_34_seg_o1_104b_0_60_north_south_medium airplane_cfbeg (1)
move_seg_o1_104b_0_60_seg_p104_0_76_south_south_medium airplane_cfbeg (1)
park_seg_p104_0_76_south airplane_cfbeg (1)
[t=0.0913759s, 20068 KB] Plan length: 109 step(s).
[t=0.0913759s, 20068 KB] Plan cost: 109
[t=0.0913759s, 20068 KB] Expanded 194 state(s).
[t=0.0913759s, 20068 KB] Reopened 0 state(s).
[t=0.0913759s, 20068 KB] Evaluated 350 state(s).
[t=0.0913759s, 20068 KB] Evaluations: 350
[t=0.0913759s, 20068 KB] Generated 412 state(s).
[t=0.0913759s, 20068 KB] Dead ends: 59 state(s).
[t=0.0913759s, 20068 KB] Number of registered states: 350
[t=0.0913759s, 20068 KB] Int hash set load factor: 350/512 = 0.683594
[t=0.0913759s, 20068 KB] Int hash set resizes: 9
[t=0.0913759s, 20068 KB] mean number of q cost that have been adjusted 0 times in relation to total number of q: -1
[t=0.0913759s, 20068 KB] mean number of q cost that have been adjusted 1 times in relation to total number of q: -1
[t=0.0913759s, 20068 KB] mean number of q cost that have been adjusted 2 times in relation to total number of q: -1
[t=0.0913759s, 20068 KB] mean number of q that are at some point overconsitent in relation to total number of q: -1
[t=0.0913759s, 20068 KB] mean number of q that are at first underconsisten in relation to total number of q: -1
[t=0.0913759s, 20068 KB] mean number of state variables that are not in common between two following states in relation to total number of state variables: -1
[t=0.0913759s, 20068 KB] variance number of state variables that are not in common between two following states in relation to total number of state variables: -1
[t=0.0913759s, 20068 KB] Search time: 0.0577427s
[t=0.0913759s, 20068 KB] Total time: 0.0913759s
Solution found.
Peak memory: 20068 KB
Remove intermediate file output.sas
search exit code: 0

INFO     Running validate.
INFO     validate stdin: None
INFO     validate time limit: None
INFO     validate memory limit: None
INFO     validate command line string: validate domain.pddl problem.pddl sas_plan
