INFO     Running translator.
INFO     translator stdin: None
INFO     translator time limit: 1799.96s
INFO     translator memory limit: 3584 MB
INFO     translator command line string: /infai/weidan00/downward/experiments/bachelor/.venv/bin/python3 /infai/weidan00/downward/experiments/bachelor/data/bachelor-v1/code-7aa5f34_e5e41175/builds/release/bin/translate/translate.py domain.pddl problem.pddl --sas-file output.sas
Parsing...
Parsing: [0.000s CPU, 0.007s wall-clock]
Normalizing task... [0.000s CPU, 0.000s wall-clock]
Instantiating...
Generating Datalog program... [0.010s CPU, 0.002s wall-clock]
Normalizing Datalog program...
Normalizing Datalog program: [0.000s CPU, 0.002s wall-clock]
Preparing model... [0.000s CPU, 0.007s wall-clock]
Generated 26 rules.
Computing model... [0.030s CPU, 0.031s wall-clock]
2197 relevant atoms
1710 auxiliary atoms
3907 final queue length
5132 total queue pushes
Completing instantiation... [0.030s CPU, 0.036s wall-clock]
Instantiating: [0.080s CPU, 0.078s wall-clock]
Computing fact groups...
Finding invariants...
6 initial candidates
Finding invariants: [0.000s CPU, 0.001s wall-clock]
Checking invariant weight... [0.000s CPU, 0.000s wall-clock]
Instantiating groups... [0.000s CPU, 0.000s wall-clock]
Collecting mutex groups... [0.000s CPU, 0.000s wall-clock]
Choosing groups...
36 uncovered facts
Choosing groups: [0.000s CPU, 0.000s wall-clock]
Building translation key... [0.000s CPU, 0.000s wall-clock]
Computing fact groups: [0.000s CPU, 0.003s wall-clock]
Building STRIPS to SAS dictionary... [0.000s CPU, 0.000s wall-clock]
Building dictionary for full mutex groups... [0.000s CPU, 0.000s wall-clock]
Building mutex information...
Building mutex information: [0.000s CPU, 0.000s wall-clock]
Translating task...
Processing axioms...
Simplifying axioms... [0.000s CPU, 0.000s wall-clock]
Processing axioms: [0.000s CPU, 0.002s wall-clock]
Translating task: [0.030s CPU, 0.030s wall-clock]
18 effect conditions simplified
0 implied preconditions added
Detecting unreachable propositions...
0 operators removed
0 axioms removed
1 propositions removed
Detecting unreachable propositions: [0.020s CPU, 0.017s wall-clock]
Reordering and filtering variables...
37 of 37 variables necessary.
0 of 1 mutex groups necessary.
1296 of 1296 operators necessary.
0 of 0 axiom rules necessary.
Reordering and filtering variables: [0.000s CPU, 0.004s wall-clock]
Translator variables: 37
Translator derived variables: 0
Translator facts: 108
Translator goal facts: 18
Translator mutex groups: 0
Translator total mutex groups size: 0
Translator operators: 1296
Translator axioms: 0
Translator task size: 4087
Translator peak memory: 146380 KB
Writing output... [0.000s CPU, 0.012s wall-clock]
Done! [0.140s CPU, 0.153s wall-clock]
translate exit code: 0

INFO     Running search (release).
INFO     search stdin: output.sas
INFO     search time limit: 1799.75s
INFO     search memory limit: 3584 MB
INFO     search command line string: /infai/weidan00/downward/experiments/bachelor/data/bachelor-v1/code-7aa5f34_e5e41175/builds/release/bin/downward --search 'eager_wastar([add()], w=2)' --internal-plan-file sas_plan < output.sas
[t=5.9444e-05s, 17204 KB] reading input...
[t=0.00484221s, 17392 KB] done reading input!
[t=0.00687761s, 17816 KB] Simplifying 1314 unary operators... done! [1314 unary operators]
[t=0.00747542s, 17948 KB] time to simplify: 0.000686771s
[t=0.00762721s, 17948 KB] Initializing additive heuristic...
[t=0.00775389s, 17948 KB] Building successor generator...done!
[t=0.00811416s, 17964 KB] peak memory difference for successor generator creation: 16 KB
[t=0.00815338s, 17964 KB] time for successor generation creation: 0.000229845s
[t=0.00820489s, 17964 KB] Variables: 37
[t=0.00824492s, 17964 KB] FactPairs: 108
[t=0.00828458s, 17964 KB] Bytes per state: 8
[t=0.00839998s, 17964 KB] Conducting best first search with reopening closed nodes, (real) bound = 2147483647
[t=0.00850864s, 17964 KB] New best heuristic value for add: 72
[t=0.00856062s, 17964 KB] g=0, 1 evaluated, 0 expanded
[t=0.00861077s, 17964 KB] Initial heuristic value for add: 72
[t=0.00865164s, 17964 KB] pruning method: none
[t=0.00871915s, 17964 KB] New best heuristic value for add: 69
[t=0.00876052s, 17964 KB] g=1, 2 evaluated, 1 expanded
[t=0.00922973s, 17964 KB] New best heuristic value for add: 68
[t=0.00927384s, 17964 KB] g=2, 37 evaluated, 2 expanded
[t=0.00955418s, 17964 KB] New best heuristic value for add: 67
[t=0.0095968s, 17964 KB] g=3, 56 evaluated, 3 expanded
[t=0.00984915s, 17964 KB] New best heuristic value for add: 66
[t=0.00989173s, 17964 KB] g=4, 73 evaluated, 4 expanded
[t=0.0102896s, 17964 KB] New best heuristic value for add: 65
[t=0.0103331s, 17964 KB] g=5, 103 evaluated, 5 expanded
[t=0.0104989s, 17964 KB] New best heuristic value for add: 64
[t=0.0105418s, 17964 KB] g=7, 111 evaluated, 10 expanded
[t=0.0109234s, 17964 KB] New best heuristic value for add: 63
[t=0.0109671s, 17964 KB] g=7, 139 evaluated, 10 expanded
[t=0.0111252s, 17964 KB] New best heuristic value for add: 62
[t=0.0111675s, 17964 KB] g=9, 147 evaluated, 14 expanded
[t=0.0115107s, 17964 KB] New best heuristic value for add: 61
[t=0.0115545s, 17964 KB] g=9, 169 evaluated, 14 expanded
[t=0.0117826s, 17964 KB] New best heuristic value for add: 60
[t=0.0118255s, 17964 KB] g=11, 183 evaluated, 18 expanded
[t=0.0121901s, 17964 KB] New best heuristic value for add: 59
[t=0.012238s, 17964 KB] g=11, 211 evaluated, 18 expanded
[t=0.0123972s, 17964 KB] New best heuristic value for add: 58
[t=0.0124392s, 17964 KB] g=13, 219 evaluated, 22 expanded
[t=0.0128073s, 17964 KB] New best heuristic value for add: 57
[t=0.0128497s, 17964 KB] g=13, 247 evaluated, 22 expanded
[t=0.0129929s, 17964 KB] New best heuristic value for add: 56
[t=0.0130347s, 17964 KB] g=14, 255 evaluated, 23 expanded
[t=0.0135368s, 17964 KB] New best heuristic value for add: 55
[t=0.0135813s, 17964 KB] g=16, 291 evaluated, 26 expanded
[t=0.0136689s, 17964 KB] New best heuristic value for add: 54
[t=0.0137112s, 17964 KB] g=17, 294 evaluated, 27 expanded
[t=0.0141724s, 17964 KB] New best heuristic value for add: 53
[t=0.0142155s, 17964 KB] g=18, 329 evaluated, 29 expanded
[t=0.0142924s, 17964 KB] New best heuristic value for add: 52
[t=0.0143337s, 17964 KB] g=19, 331 evaluated, 30 expanded
[t=0.0148056s, 17964 KB] New best heuristic value for add: 50
[t=0.0148488s, 17964 KB] g=20, 368 evaluated, 31 expanded
[t=0.0153078s, 17964 KB] New best heuristic value for add: 49
[t=0.0153519s, 17964 KB] g=21, 402 evaluated, 34 expanded
[t=0.0154209s, 17964 KB] New best heuristic value for add: 48
[t=0.015462s, 17964 KB] g=22, 404 evaluated, 35 expanded
[t=0.0159245s, 17964 KB] New best heuristic value for add: 47
[t=0.0159811s, 17964 KB] g=23, 439 evaluated, 38 expanded
[t=0.0160627s, 17964 KB] New best heuristic value for add: 46
[t=0.0161045s, 17964 KB] g=24, 442 evaluated, 39 expanded
[t=0.0165693s, 17964 KB] New best heuristic value for add: 45
[t=0.0166122s, 17964 KB] g=25, 478 evaluated, 42 expanded
[t=0.0166862s, 17964 KB] New best heuristic value for add: 44
[t=0.0167277s, 17964 KB] g=26, 480 evaluated, 43 expanded
[t=0.0172591s, 17964 KB] New best heuristic value for add: 42
[t=0.0173035s, 17964 KB] g=27, 517 evaluated, 44 expanded
[t=0.0177527s, 17964 KB] New best heuristic value for add: 41
[t=0.0177959s, 17964 KB] g=28, 552 evaluated, 46 expanded
[t=0.0178686s, 17964 KB] New best heuristic value for add: 40
[t=0.0179097s, 17964 KB] g=29, 554 evaluated, 47 expanded
[t=0.018772s, 17964 KB] New best heuristic value for add: 38
[t=0.0188214s, 17964 KB] g=31, 626 evaluated, 51 expanded
[t=0.019258s, 17964 KB] New best heuristic value for add: 37
[t=0.0193007s, 17964 KB] g=32, 661 evaluated, 52 expanded
[t=0.0201522s, 17964 KB] New best heuristic value for add: 36
[t=0.0201974s, 17964 KB] g=34, 733 evaluated, 55 expanded
[t=0.0202649s, 17964 KB] New best heuristic value for add: 35
[t=0.0203064s, 17964 KB] g=35, 735 evaluated, 56 expanded
[t=0.0207449s, 17964 KB] New best heuristic value for add: 34
[t=0.0207888s, 17964 KB] g=36, 770 evaluated, 58 expanded
[t=0.0208618s, 17964 KB] New best heuristic value for add: 33
[t=0.0209036s, 17964 KB] g=37, 772 evaluated, 59 expanded
[t=0.021339s, 17964 KB] New best heuristic value for add: 32
[t=0.0213829s, 17964 KB] g=38, 807 evaluated, 61 expanded
[t=0.0214493s, 17964 KB] New best heuristic value for add: 31
[t=0.02149s, 17964 KB] g=39, 809 evaluated, 62 expanded
[t=0.0219312s, 17964 KB] New best heuristic value for add: 30
[t=0.0219736s, 17964 KB] g=40, 844 evaluated, 65 expanded
[t=0.0220398s, 17964 KB] New best heuristic value for add: 29
[t=0.0220807s, 17964 KB] g=41, 846 evaluated, 66 expanded
[t=0.0225021s, 17964 KB] New best heuristic value for add: 28
[t=0.022556s, 17964 KB] g=42, 881 evaluated, 69 expanded
[t=0.0226282s, 17964 KB] New best heuristic value for add: 27
[t=0.0226692s, 17964 KB] g=43, 883 evaluated, 70 expanded
[t=0.0230852s, 17964 KB] New best heuristic value for add: 26
[t=0.0231274s, 17964 KB] g=44, 918 evaluated, 73 expanded
[t=0.0231985s, 17964 KB] New best heuristic value for add: 25
[t=0.023239s, 17964 KB] g=45, 920 evaluated, 74 expanded
[t=0.0236676s, 17964 KB] New best heuristic value for add: 24
[t=0.0237099s, 17964 KB] g=46, 955 evaluated, 78 expanded
[t=0.0237739s, 17964 KB] New best heuristic value for add: 23
[t=0.0238144s, 17964 KB] g=47, 957 evaluated, 79 expanded
[t=0.0242399s, 17964 KB] New best heuristic value for add: 22
[t=0.024282s, 17964 KB] g=48, 993 evaluated, 83 expanded
[t=0.0243685s, 17964 KB] New best heuristic value for add: 21
[t=0.0244093s, 17964 KB] g=49, 996 evaluated, 84 expanded
[t=0.0249239s, 17964 KB] New best heuristic value for add: 20
[t=0.0249677s, 17964 KB] g=50, 1031 evaluated, 86 expanded
[t=0.0250327s, 17964 KB] New best heuristic value for add: 19
[t=0.0250737s, 17964 KB] g=51, 1033 evaluated, 87 expanded
[t=0.025495s, 17964 KB] New best heuristic value for add: 18
[t=0.0255371s, 17964 KB] g=52, 1069 evaluated, 90 expanded
[t=0.0256112s, 17964 KB] New best heuristic value for add: 17
[t=0.0256519s, 17964 KB] g=53, 1072 evaluated, 91 expanded
[t=0.0260553s, 17964 KB] New best heuristic value for add: 16
[t=0.0260974s, 17964 KB] g=54, 1108 evaluated, 94 expanded
[t=0.0261656s, 17964 KB] New best heuristic value for add: 15
[t=0.0262063s, 17964 KB] g=55, 1110 evaluated, 95 expanded
[t=0.0266039s, 17964 KB] New best heuristic value for add: 14
[t=0.0266467s, 17964 KB] g=56, 1146 evaluated, 97 expanded
[t=0.0267193s, 17964 KB] New best heuristic value for add: 13
[t=0.0267603s, 17964 KB] g=57, 1149 evaluated, 98 expanded
[t=0.0271497s, 17964 KB] New best heuristic value for add: 12
[t=0.027191s, 17964 KB] g=58, 1184 evaluated, 100 expanded
[t=0.0272534s, 17964 KB] New best heuristic value for add: 11
[t=0.0272939s, 17964 KB] g=59, 1186 evaluated, 101 expanded
[t=0.0276726s, 17964 KB] New best heuristic value for add: 10
[t=0.0277138s, 17964 KB] g=60, 1221 evaluated, 103 expanded
[t=0.0277756s, 17964 KB] New best heuristic value for add: 9
[t=0.0278164s, 17964 KB] g=61, 1223 evaluated, 104 expanded
[t=0.0281937s, 17964 KB] New best heuristic value for add: 8
[t=0.0282355s, 17964 KB] g=62, 1258 evaluated, 106 expanded
[t=0.0283034s, 17964 KB] New best heuristic value for add: 7
[t=0.0283438s, 17964 KB] g=63, 1260 evaluated, 107 expanded
[t=0.0287037s, 17964 KB] New best heuristic value for add: 6
[t=0.0287455s, 17964 KB] g=64, 1295 evaluated, 108 expanded
[t=0.0289661s, 17964 KB] New best heuristic value for add: 5
[t=0.0290181s, 17964 KB] g=65, 1315 evaluated, 109 expanded
[t=0.0292302s, 17964 KB] New best heuristic value for add: 4
[t=0.0292721s, 17964 KB] g=66, 1333 evaluated, 110 expanded
[t=0.0295593s, 17964 KB] New best heuristic value for add: 3
[t=0.0296003s, 17964 KB] g=67, 1361 evaluated, 111 expanded
[t=0.0297282s, 17964 KB] New best heuristic value for add: 2
[t=0.0297692s, 17964 KB] g=68, 1370 evaluated, 112 expanded
[t=0.0300755s, 17964 KB] New best heuristic value for add: 1
[t=0.0301164s, 17964 KB] g=69, 1400 evaluated, 113 expanded
[t=0.030211s, 17964 KB] New best heuristic value for add: 0
[t=0.0302517s, 17964 KB] g=70, 1406 evaluated, 114 expanded
[t=0.0302921s, 17964 KB] Solution found!
[t=0.0303377s, 17964 KB] Actual search time: 0.0216824s
up f0 f1 (1)
board f1 p8 (1)
up f1 f26 (1)
board f26 p5 (1)
down f26 f12 (1)
board f12 p11 (1)
down f12 f3 (1)
board f3 p15 (1)
up f3 f16 (1)
board f16 p1 (1)
down f16 f7 (1)
board f7 p14 (1)
up f7 f30 (1)
depart f30 p14 (1)
down f30 f18 (1)
board f18 p7 (1)
up f18 f21 (1)
board f21 p17 (1)
board f21 p2 (1)
up f21 f27 (1)
depart f27 p8 (1)
up f27 f30 (1)
depart f30 p7 (1)
up f30 f31 (1)
board f31 p0 (1)
board f31 p6 (1)
down f31 f26 (1)
depart f26 p6 (1)
down f26 f10 (1)
board f10 p16 (1)
down f10 f1 (1)
depart f1 p16 (1)
up f1 f12 (1)
depart f12 p0 (1)
down f12 f2 (1)
board f2 p3 (1)
up f2 f14 (1)
depart f14 p3 (1)
down f14 f5 (1)
depart f5 p17 (1)
up f5 f15 (1)
board f15 p12 (1)
down f15 f6 (1)
board f6 p13 (1)
up f6 f17 (1)
depart f17 p11 (1)
down f17 f7 (1)
board f7 p4 (1)
down f7 f3 (1)
depart f3 p4 (1)
up f3 f18 (1)
depart f18 p1 (1)
down f18 f8 (1)
board f8 p10 (1)
up f8 f16 (1)
depart f16 p10 (1)
up f16 f19 (1)
depart f19 p15 (1)
up f19 f23 (1)
depart f23 p5 (1)
up f23 f24 (1)
board f24 p9 (1)
down f24 f1 (1)
depart f1 p9 (1)
up f1 f26 (1)
depart f26 p12 (1)
up f26 f27 (1)
depart f27 p13 (1)
up f27 f30 (1)
depart f30 p2 (1)
[t=0.0303809s, 17964 KB] Plan length: 70 step(s).
[t=0.0303809s, 17964 KB] Plan cost: 70
[t=0.0303809s, 17964 KB] Expanded 115 state(s).
[t=0.0303809s, 17964 KB] Reopened 0 state(s).
[t=0.0303809s, 17964 KB] Evaluated 1406 state(s).
[t=0.0303809s, 17964 KB] Evaluations: 1406
[t=0.0303809s, 17964 KB] Generated 4111 state(s).
[t=0.0303809s, 17964 KB] Dead ends: 0 state(s).
[t=0.0303809s, 17964 KB] Number of registered states: 1406
[t=0.0303809s, 17964 KB] Int hash set load factor: 1406/2048 = 0.686523
[t=0.0303809s, 17964 KB] Int hash set resizes: 11
[t=0.0303809s, 17964 KB] mean number of q cost that have been adjusted 0 times in relation to total number of q: -1
[t=0.0303809s, 17964 KB] mean number of q cost that have been adjusted 1 times in relation to total number of q: -1
[t=0.0303809s, 17964 KB] mean number of q cost that have been adjusted 2 times in relation to total number of q: -1
[t=0.0303809s, 17964 KB] mean number of q that are at some point overconsitent in relation to total number of q: -1
[t=0.0303809s, 17964 KB] mean number of q that are at first underconsisten in relation to total number of q: -1
[t=0.0303809s, 17964 KB] mean number of state variables that are not in common between two following states in relation to total number of state variables: -1
[t=0.0303809s, 17964 KB] variance number of state variables that are not in common between two following states in relation to total number of state variables: -1
[t=0.0303809s, 17964 KB] Search time: 0.0219816s
[t=0.0303809s, 17964 KB] Total time: 0.0303809s
Solution found.
Peak memory: 17964 KB
Remove intermediate file output.sas
search exit code: 0

INFO     Running validate.
INFO     validate stdin: None
INFO     validate time limit: None
INFO     validate memory limit: None
INFO     validate command line string: validate domain.pddl problem.pddl sas_plan
