INFO     Running translator.
INFO     translator stdin: None
INFO     translator time limit: 1799.95s
INFO     translator memory limit: 3584 MB
INFO     translator command line string: /infai/weidan00/downward/experiments/bachelor/.venv/bin/python3 /infai/weidan00/downward/experiments/bachelor/data/bachelor-v1/code-7aa5f34_e5e41175/builds/release/bin/translate/translate.py domain.pddl problem.pddl --sas-file output.sas
Parsing...
Parsing: [0.000s CPU, 0.003s wall-clock]
Normalizing task... [0.010s CPU, 0.000s wall-clock]
Instantiating...
Generating Datalog program... [0.000s CPU, 0.001s wall-clock]
Normalizing Datalog program...
Normalizing Datalog program: [0.000s CPU, 0.002s wall-clock]
Preparing model... [0.000s CPU, 0.002s wall-clock]
Generated 26 rules.
Computing model... [0.010s CPU, 0.008s wall-clock]
497 relevant atoms
440 auxiliary atoms
937 final queue length
1162 total queue pushes
Completing instantiation... [0.000s CPU, 0.007s wall-clock]
Instantiating: [0.010s CPU, 0.020s wall-clock]
Computing fact groups...
Finding invariants...
6 initial candidates
Finding invariants: [0.000s CPU, 0.001s wall-clock]
Checking invariant weight... [0.000s CPU, 0.000s wall-clock]
Instantiating groups... [0.000s CPU, 0.000s wall-clock]
Collecting mutex groups... [0.000s CPU, 0.000s wall-clock]
Choosing groups...
16 uncovered facts
Choosing groups: [0.000s CPU, 0.000s wall-clock]
Building translation key... [0.000s CPU, 0.000s wall-clock]
Computing fact groups: [0.010s CPU, 0.002s wall-clock]
Building STRIPS to SAS dictionary... [0.000s CPU, 0.000s wall-clock]
Building dictionary for full mutex groups... [0.000s CPU, 0.000s wall-clock]
Building mutex information...
Building mutex information: [0.000s CPU, 0.000s wall-clock]
Translating task...
Processing axioms...
Simplifying axioms... [0.000s CPU, 0.000s wall-clock]
Processing axioms: [0.000s CPU, 0.000s wall-clock]
Translating task: [0.000s CPU, 0.006s wall-clock]
8 effect conditions simplified
0 implied preconditions added
Detecting unreachable propositions...
0 operators removed
0 axioms removed
1 propositions removed
Detecting unreachable propositions: [0.000s CPU, 0.003s wall-clock]
Reordering and filtering variables...
17 of 17 variables necessary.
0 of 1 mutex groups necessary.
256 of 256 operators necessary.
0 of 0 axiom rules necessary.
Reordering and filtering variables: [0.010s CPU, 0.001s wall-clock]
Translator variables: 17
Translator derived variables: 0
Translator facts: 48
Translator goal facts: 8
Translator mutex groups: 0
Translator total mutex groups size: 0
Translator operators: 256
Translator axioms: 0
Translator task size: 857
Translator peak memory: 143052 KB
Writing output... [0.000s CPU, 0.004s wall-clock]
Done! [0.040s CPU, 0.040s wall-clock]
translate exit code: 0

INFO     Running search (release).
INFO     search stdin: output.sas
INFO     search time limit: 1799.86s
INFO     search memory limit: 3584 MB
INFO     search command line string: /infai/weidan00/downward/experiments/bachelor/data/bachelor-v1/code-7aa5f34_e5e41175/builds/release/bin/downward --search 'eager_wastar([pinch()], w=2)' --internal-plan-file sas_plan < output.sas
[t=6.1493e-05s, 17204 KB] reading input...
[t=0.00121972s, 17212 KB] done reading input!
[t=0.00309925s, 17476 KB] Simplifying 264 unary operators... done! [264 unary operators]
[t=0.00329183s, 17608 KB] time to simplify: 0.00025606s
[t=0.00338245s, 17608 KB] Initializing pinch heuristic...
[t=0.00350318s, 17608 KB] Building successor generator...done!
[t=0.00369532s, 17608 KB] peak memory difference for successor generator creation: 0 KB
[t=0.00373358s, 17608 KB] time for successor generation creation: 6.4452e-05s
[t=0.0037804s, 17608 KB] Variables: 17
[t=0.00382005s, 17608 KB] FactPairs: 48
[t=0.00385907s, 17608 KB] Bytes per state: 4
[t=0.00396911s, 17608 KB] Conducting best first search with reopening closed nodes, (real) bound = 2147483647
[t=0.00408571s, 17608 KB] New best heuristic value for pinch: 30
[t=0.00412736s, 17608 KB] g=0, 1 evaluated, 0 expanded
[t=0.00417597s, 17608 KB] Initial heuristic value for pinch: 30
[t=0.00421602s, 17608 KB] pruning method: none
[t=0.00426879s, 17608 KB] New best heuristic value for pinch: 29
[t=0.00430918s, 17608 KB] g=1, 2 evaluated, 1 expanded
[t=0.00444327s, 17608 KB] New best heuristic value for pinch: 28
[t=0.00448442s, 17608 KB] g=2, 23 evaluated, 2 expanded
[t=0.0045372s, 17608 KB] New best heuristic value for pinch: 27
[t=0.00457776s, 17608 KB] g=2, 26 evaluated, 2 expanded
[t=0.00464849s, 17608 KB] New best heuristic value for pinch: 26
[t=0.00468894s, 17608 KB] g=3, 33 evaluated, 3 expanded
[t=0.00473814s, 17608 KB] New best heuristic value for pinch: 25
[t=0.00477782s, 17608 KB] g=4, 35 evaluated, 4 expanded
[t=0.00489822s, 17608 KB] New best heuristic value for pinch: 24
[t=0.0049391s, 17608 KB] g=5, 58 evaluated, 5 expanded
[t=0.0050178s, 17608 KB] New best heuristic value for pinch: 23
[t=0.0050587s, 17608 KB] g=6, 66 evaluated, 6 expanded
[t=0.00516085s, 17608 KB] New best heuristic value for pinch: 22
[t=0.00520125s, 17608 KB] g=7, 83 evaluated, 7 expanded
[t=0.00525641s, 17608 KB] New best heuristic value for pinch: 21
[t=0.00529703s, 17608 KB] g=8, 84 evaluated, 8 expanded
[t=0.00539574s, 17608 KB] New best heuristic value for pinch: 20
[t=0.00543605s, 17608 KB] g=9, 100 evaluated, 10 expanded
[t=0.00548494s, 17608 KB] New best heuristic value for pinch: 19
[t=0.00552544s, 17608 KB] g=10, 101 evaluated, 11 expanded
[t=0.00562318s, 17608 KB] New best heuristic value for pinch: 18
[t=0.00566339s, 17608 KB] g=11, 117 evaluated, 13 expanded
[t=0.00571163s, 17608 KB] New best heuristic value for pinch: 17
[t=0.00575152s, 17608 KB] g=12, 118 evaluated, 14 expanded
[t=0.0058677s, 17608 KB] New best heuristic value for pinch: 16
[t=0.00590842s, 17608 KB] g=13, 134 evaluated, 16 expanded
[t=0.00595578s, 17608 KB] New best heuristic value for pinch: 15
[t=0.00599577s, 17608 KB] g=14, 135 evaluated, 17 expanded
[t=0.006098s, 17608 KB] New best heuristic value for pinch: 14
[t=0.00613985s, 17608 KB] g=15, 151 evaluated, 19 expanded
[t=0.00618633s, 17608 KB] New best heuristic value for pinch: 13
[t=0.00622636s, 17608 KB] g=16, 152 evaluated, 20 expanded
[t=0.00632609s, 17608 KB] New best heuristic value for pinch: 12
[t=0.00636679s, 17608 KB] g=17, 168 evaluated, 22 expanded
[t=0.00641538s, 17608 KB] New best heuristic value for pinch: 11
[t=0.0064553s, 17608 KB] g=18, 169 evaluated, 23 expanded
[t=0.00655287s, 17608 KB] New best heuristic value for pinch: 10
[t=0.00659291s, 17608 KB] g=19, 185 evaluated, 24 expanded
[t=0.00665024s, 17608 KB] New best heuristic value for pinch: 9
[t=0.00669012s, 17608 KB] g=20, 190 evaluated, 25 expanded
[t=0.00677307s, 17608 KB] New best heuristic value for pinch: 8
[t=0.0068133s, 17608 KB] g=21, 202 evaluated, 26 expanded
[t=0.00688995s, 17608 KB] New best heuristic value for pinch: 7
[t=0.00693035s, 17608 KB] g=22, 211 evaluated, 27 expanded
[t=0.00699818s, 17608 KB] New best heuristic value for pinch: 6
[t=0.00703844s, 17608 KB] g=23, 218 evaluated, 29 expanded
[t=0.0071057s, 17608 KB] New best heuristic value for pinch: 5
[t=0.00714652s, 17608 KB] g=24, 225 evaluated, 30 expanded
[t=0.00722s, 17608 KB] New best heuristic value for pinch: 4
[t=0.00726021s, 17608 KB] g=25, 234 evaluated, 31 expanded
[t=0.00734082s, 17608 KB] New best heuristic value for pinch: 3
[t=0.00738151s, 17608 KB] g=26, 246 evaluated, 32 expanded
[t=0.00743937s, 17608 KB] New best heuristic value for pinch: 2
[t=0.00747971s, 17608 KB] g=27, 250 evaluated, 33 expanded
[t=0.00759483s, 17608 KB] New best heuristic value for pinch: 1
[t=0.0076356s, 17608 KB] g=28, 264 evaluated, 34 expanded
[t=0.00769548s, 17608 KB] New best heuristic value for pinch: 0
[t=0.00773656s, 17608 KB] g=29, 266 evaluated, 35 expanded
[t=0.00777782s, 17608 KB] Solution found!
[t=0.00782007s, 17608 KB] Actual search time: 0.00360093s
board f0 p6 (1)
up f0 f3 (1)
board f3 p2 (1)
board f3 p4 (1)
up f3 f14 (1)
board f14 p1 (1)
depart f14 p6 (1)
down f14 f1 (1)
board f1 p0 (1)
up f1 f10 (1)
board f10 p7 (1)
down f10 f3 (1)
depart f3 p1 (1)
up f3 f11 (1)
depart f11 p7 (1)
down f11 f5 (1)
board f5 p3 (1)
down f5 f0 (1)
depart f0 p3 (1)
up f0 f12 (1)
depart f12 p2 (1)
down f12 f7 (1)
board f7 p5 (1)
down f7 f6 (1)
depart f6 p5 (1)
up f6 f15 (1)
depart f15 p0 (1)
down f15 f8 (1)
depart f8 p4 (1)
[t=0.00786301s, 17608 KB] Plan length: 29 step(s).
[t=0.00786301s, 17608 KB] Plan cost: 29
[t=0.00786301s, 17608 KB] Expanded 36 state(s).
[t=0.00786301s, 17608 KB] Reopened 0 state(s).
[t=0.00786301s, 17608 KB] Evaluated 266 state(s).
[t=0.00786301s, 17608 KB] Evaluations: 266
[t=0.00786301s, 17608 KB] Generated 564 state(s).
[t=0.00786301s, 17608 KB] Dead ends: 0 state(s).
[t=0.00786301s, 17608 KB] Number of registered states: 266
[t=0.00786301s, 17608 KB] Int hash set load factor: 266/512 = 0.519531
[t=0.00786301s, 17608 KB] Int hash set resizes: 9
[t=0.00786301s, 17608 KB] mean number of q cost that have been adjusted 0 times in relation to total number of q: -1
[t=0.00786301s, 17608 KB] mean number of q cost that have been adjusted 1 times in relation to total number of q: -1
[t=0.00786301s, 17608 KB] mean number of q cost that have been adjusted 2 times in relation to total number of q: -1
[t=0.00786301s, 17608 KB] mean number of q that are at some point overconsitent in relation to total number of q: -1
[t=0.00786301s, 17608 KB] mean number of q that are at first underconsisten in relation to total number of q: -1
[t=0.00786301s, 17608 KB] mean number of state variables that are not in common between two following states in relation to total number of state variables: -1
[t=0.00786301s, 17608 KB] variance number of state variables that are not in common between two following states in relation to total number of state variables: -1
[t=0.00786301s, 17608 KB] Search time: 0.00389449s
[t=0.00786301s, 17608 KB] Total time: 0.00786301s
Solution found.
Peak memory: 17608 KB
Remove intermediate file output.sas
search exit code: 0

INFO     Running validate.
INFO     validate stdin: None
INFO     validate time limit: None
INFO     validate memory limit: None
INFO     validate command line string: validate domain.pddl problem.pddl sas_plan
