INFO     Running translator.
INFO     translator stdin: None
INFO     translator time limit: 1799.96s
INFO     translator memory limit: 3584 MB
INFO     translator command line string: /infai/weidan00/downward/experiments/bachelor/.venv/bin/python3 /infai/weidan00/downward/experiments/bachelor/data/bachelor-v1/code-7aa5f34_e5e41175/builds/release/bin/translate/translate.py domain.pddl problem.pddl --sas-file output.sas
Parsing...
Parsing: [0.000s CPU, 0.004s wall-clock]
Normalizing task... [0.000s CPU, 0.000s wall-clock]
Instantiating...
Generating Datalog program... [0.000s CPU, 0.001s wall-clock]
Normalizing Datalog program...
Trivial rules: Converted to facts.
Normalizing Datalog program: [0.000s CPU, 0.002s wall-clock]
Preparing model... [0.010s CPU, 0.002s wall-clock]
Generated 32 rules.
Computing model... [0.460s CPU, 0.465s wall-clock]
29578 relevant atoms
1387 auxiliary atoms
30965 final queue length
147055 total queue pushes
Completing instantiation... [2.570s CPU, 2.582s wall-clock]
Instantiating: [3.040s CPU, 3.059s wall-clock]
Computing fact groups...
Finding invariants...
13 initial candidates
Finding invariants: [0.010s CPU, 0.009s wall-clock]
Checking invariant weight... [0.000s CPU, 0.000s wall-clock]
Instantiating groups... [0.000s CPU, 0.000s wall-clock]
Collecting mutex groups... [0.000s CPU, 0.000s wall-clock]
Choosing groups...
234 uncovered facts
Choosing groups: [0.000s CPU, 0.000s wall-clock]
Building translation key... [0.000s CPU, 0.001s wall-clock]
Computing fact groups: [0.010s CPU, 0.013s wall-clock]
Building STRIPS to SAS dictionary... [0.000s CPU, 0.000s wall-clock]
Building dictionary for full mutex groups... [0.000s CPU, 0.000s wall-clock]
Building mutex information...
Building mutex information: [0.000s CPU, 0.000s wall-clock]
Translating task...
Processing axioms...
Simplifying axioms... [0.000s CPU, 0.000s wall-clock]
Processing axioms: [0.120s CPU, 0.116s wall-clock]
Translating task: [2.890s CPU, 2.889s wall-clock]
56370 effect conditions simplified
0 implied preconditions added
Detecting unreachable propositions...
0 operators removed
0 axioms removed
3 propositions removed
Detecting unreachable propositions: [1.450s CPU, 1.464s wall-clock]
Reordering and filtering variables...
237 of 237 variables necessary.
0 of 3 mutex groups necessary.
28952 of 28952 operators necessary.
0 of 0 axiom rules necessary.
Reordering and filtering variables: [0.750s CPU, 0.743s wall-clock]
Translator variables: 237
Translator derived variables: 0
Translator facts: 579
Translator goal facts: 17
Translator mutex groups: 0
Translator total mutex groups size: 0
Translator operators: 28952
Translator axioms: 0
Translator task size: 327585
Translator peak memory: 365156 KB
Writing output... [0.510s CPU, 0.558s wall-clock]
Done! [8.780s CPU, 8.867s wall-clock]
translate exit code: 0

INFO     Running search (release).
INFO     search stdin: output.sas
INFO     search time limit: 1791.06s
INFO     search memory limit: 3584 MB
INFO     search command line string: /infai/weidan00/downward/experiments/bachelor/data/bachelor-v1/code-7aa5f34_e5e41175/builds/release/bin/downward --search 'eager_wastar([pinch()], w=2)' --internal-plan-file sas_plan < output.sas
[t=7.0646e-05s, 17204 KB] reading input...
[t=0.287318s, 29828 KB] done reading input!
[t=0.314915s, 42340 KB] Simplifying 172584 unary operators... done! [172584 unary operators]
[t=1.16972s, 57748 KB] time to simplify: 0.854883s
[t=1.18002s, 57748 KB] Initializing pinch heuristic...
[t=1.18023s, 57748 KB] Building successor generator...done!
[t=1.20154s, 57748 KB] peak memory difference for successor generator creation: 0 KB
[t=1.20159s, 57748 KB] time for successor generation creation: 0.0211375s
[t=1.2019s, 57748 KB] Variables: 237
[t=1.20196s, 57748 KB] FactPairs: 579
[t=1.202s, 57748 KB] Bytes per state: 32
[t=1.20215s, 57748 KB] Conducting best first search with reopening closed nodes, (real) bound = 2147483647
[t=1.21972s, 57748 KB] New best heuristic value for pinch: 27
[t=1.21982s, 57748 KB] g=0, 1 evaluated, 0 expanded
[t=1.21988s, 57748 KB] Initial heuristic value for pinch: 27
[t=1.21992s, 57748 KB] pruning method: none
[t=1.33113s, 57748 KB] New best heuristic value for pinch: 25
[t=1.33123s, 57748 KB] g=2, 6 evaluated, 3 expanded
[t=1.39451s, 57748 KB] New best heuristic value for pinch: 24
[t=1.39462s, 57748 KB] g=3, 9 evaluated, 4 expanded
[t=1.4547s, 57748 KB] New best heuristic value for pinch: 23
[t=1.45477s, 57748 KB] g=4, 12 evaluated, 5 expanded
[t=1.50183s, 57748 KB] New best heuristic value for pinch: 22
[t=1.50191s, 57748 KB] g=5, 15 evaluated, 6 expanded
[t=10.2571s, 60140 KB] New best heuristic value for pinch: 21
[t=10.2572s, 60140 KB] g=13, 400 evaluated, 273 expanded, 11 reopened
[t=74.7024s, 61740 KB] New best heuristic value for pinch: 20
[t=74.7026s, 61740 KB] g=18, 3072 evaluated, 2224 expanded, 139 reopened
[t=121.451s, 62884 KB] New best heuristic value for pinch: 19
[t=121.451s, 62884 KB] g=14, 4939 evaluated, 3914 expanded, 255 reopened
[t=121.499s, 62884 KB] New best heuristic value for pinch: 18
[t=121.499s, 62884 KB] g=15, 4941 evaluated, 3915 expanded, 255 reopened
[t=360.249s, 64452 KB] New best heuristic value for pinch: 17
[t=360.25s, 64452 KB] g=19, 14587 evaluated, 10985 expanded, 895 reopened
[t=364.943s, 64452 KB] New best heuristic value for pinch: 16
[t=364.943s, 64452 KB] g=22, 14773 evaluated, 11086 expanded, 901 reopened
Peak memory: 72012 KB
caught signal 24 -- exiting
Time limit has been reached.
Remove intermediate file output.sas
search exit code: 23

Driver aborting after search
