INFO     Running translator.
INFO     translator stdin: None
INFO     translator time limit: 1799.95s
INFO     translator memory limit: 3584 MB
INFO     translator command line string: /infai/weidan00/downward/experiments/bachelor/.venv/bin/python3 /infai/weidan00/downward/experiments/bachelor/data/bachelor-v1/code-7aa5f34_e5e41175/builds/release/bin/translate/translate.py domain.pddl problem.pddl --sas-file output.sas
Parsing...
Parsing: [0.010s CPU, 0.006s wall-clock]
Normalizing task... [0.000s CPU, 0.000s wall-clock]
Instantiating...
Generating Datalog program... [0.000s CPU, 0.001s wall-clock]
Normalizing Datalog program...
Normalizing Datalog program: [0.000s CPU, 0.007s wall-clock]
Preparing model... [0.010s CPU, 0.004s wall-clock]
Generated 125 rules.
Computing model... [0.320s CPU, 0.330s wall-clock]
20004 relevant atoms
4491 auxiliary atoms
24495 final queue length
86970 total queue pushes
Completing instantiation... [1.410s CPU, 1.413s wall-clock]
Instantiating: [1.750s CPU, 1.763s wall-clock]
Computing fact groups...
Finding invariants...
15 initial candidates
Finding invariants: [0.030s CPU, 0.026s wall-clock]
Checking invariant weight... [0.000s CPU, 0.002s wall-clock]
Instantiating groups... [0.010s CPU, 0.014s wall-clock]
Collecting mutex groups... [0.000s CPU, 0.000s wall-clock]
Choosing groups...
40 uncovered facts
Choosing groups: [0.000s CPU, 0.002s wall-clock]
Building translation key... [0.000s CPU, 0.001s wall-clock]
Computing fact groups: [0.050s CPU, 0.049s wall-clock]
Building STRIPS to SAS dictionary... [0.000s CPU, 0.000s wall-clock]
Building dictionary for full mutex groups... [0.000s CPU, 0.001s wall-clock]
Building mutex information...
not in strips_to_sas, left out: Atom bottomcol(c0)
not in strips_to_sas, left out: Atom bottomcol(d0)
not in strips_to_sas, left out: Atom bottomcol(h0)
not in strips_to_sas, left out: Atom bottomcol(s0)
Building mutex information: [0.000s CPU, 0.001s wall-clock]
Translating task...
Processing axioms...
Simplifying axioms... [0.000s CPU, 0.000s wall-clock]
Processing axioms: [0.050s CPU, 0.053s wall-clock]
Translating task: [1.380s CPU, 1.382s wall-clock]
8232 effect conditions simplified
0 implied preconditions added
Detecting unreachable propositions...
0 operators removed
0 axioms removed
14 propositions removed
Detecting unreachable propositions: [0.710s CPU, 0.713s wall-clock]
Reordering and filtering variables...
86 of 86 variables necessary.
82 of 162 mutex groups necessary.
19338 of 19338 operators necessary.
0 of 0 axiom rules necessary.
Reordering and filtering variables: [0.210s CPU, 0.213s wall-clock]
Translator variables: 86
Translator derived variables: 0
Translator facts: 375
Translator goal facts: 4
Translator mutex groups: 82
Translator total mutex groups size: 411
Translator operators: 19338
Translator axioms: 0
Translator task size: 158440
Translator peak memory: 258508 KB
Writing output... [0.240s CPU, 0.264s wall-clock]
Done! [4.440s CPU, 4.473s wall-clock]
translate exit code: 0

INFO     Running search (release).
INFO     search stdin: output.sas
INFO     search time limit: 1795.43s
INFO     search memory limit: 3584 MB
INFO     search command line string: /infai/weidan00/downward/experiments/bachelor/data/bachelor-v1/code-7aa5f34_e5e41175/builds/release/bin/downward --search 'eager_wastar([pinch_tracking()], w=2)' --internal-plan-file sas_plan < output.sas
[t=6.5625e-05s, 17204 KB] reading input...
[t=0.135512s, 23784 KB] done reading input!
[t=0.148985s, 28896 KB] Simplifying 71996 unary operators... done! [71996 unary operators]
[t=0.306778s, 35432 KB] time to simplify: 0.157912s
[t=0.311064s, 35432 KB] Initializing pinch tracking heuristic...
[t=0.311284s, 35432 KB] Building successor generator...done!
[t=0.320649s, 35432 KB] peak memory difference for successor generator creation: 0 KB
[t=0.320696s, 35432 KB] time for successor generation creation: 0.00917441s
[t=0.320935s, 35432 KB] Variables: 86
[t=0.320989s, 35432 KB] FactPairs: 375
[t=0.321028s, 35432 KB] Bytes per state: 24
[t=0.321178s, 35432 KB] Conducting best first search with reopening closed nodes, (real) bound = 2147483647
[t=0.329717s, 35432 KB] New best heuristic value for pinch_tracking: 124
[t=0.329835s, 35432 KB] g=0, 1 evaluated, 0 expanded
[t=0.329892s, 35432 KB] Initial heuristic value for pinch_tracking: 124
[t=0.329933s, 35432 KB] pruning method: none
[t=0.336622s, 35432 KB] New best heuristic value for pinch_tracking: 118
[t=0.336729s, 35432 KB] g=1, 2 evaluated, 1 expanded
[t=0.395413s, 35432 KB] New best heuristic value for pinch_tracking: 115
[t=0.395528s, 35432 KB] g=2, 11 evaluated, 2 expanded
[t=0.411525s, 35432 KB] New best heuristic value for pinch_tracking: 114
[t=0.411633s, 35432 KB] g=2, 13 evaluated, 2 expanded
[t=0.413683s, 35432 KB] New best heuristic value for pinch_tracking: 113
[t=0.413787s, 35432 KB] g=2, 14 evaluated, 2 expanded
[t=0.457119s, 35432 KB] New best heuristic value for pinch_tracking: 110
[t=0.457231s, 35432 KB] g=3, 19 evaluated, 3 expanded
[t=0.472703s, 35432 KB] New best heuristic value for pinch_tracking: 109
[t=0.47281s, 35432 KB] g=3, 21 evaluated, 3 expanded
[t=0.478015s, 35432 KB] New best heuristic value for pinch_tracking: 108
[t=0.478121s, 35432 KB] g=3, 22 evaluated, 3 expanded
[t=0.516487s, 35432 KB] New best heuristic value for pinch_tracking: 105
[t=0.516597s, 35432 KB] g=4, 29 evaluated, 4 expanded
[t=0.531687s, 35432 KB] New best heuristic value for pinch_tracking: 104
[t=0.531795s, 35432 KB] g=4, 31 evaluated, 4 expanded
[t=0.569078s, 35432 KB] New best heuristic value for pinch_tracking: 103
[t=0.569191s, 35432 KB] g=4, 37 evaluated, 4 expanded
[t=0.57444s, 35432 KB] New best heuristic value for pinch_tracking: 100
[t=0.574547s, 35432 KB] g=5, 38 evaluated, 5 expanded
[t=0.604598s, 35432 KB] New best heuristic value for pinch_tracking: 99
[t=0.604709s, 35432 KB] g=5, 41 evaluated, 5 expanded
[t=0.616933s, 35432 KB] New best heuristic value for pinch_tracking: 95
[t=0.617052s, 35432 KB] g=6, 47 evaluated, 6 expanded
[t=1.03253s, 35432 KB] New best heuristic value for pinch_tracking: 94
[t=1.03265s, 35432 KB] g=8, 66 evaluated, 8 expanded
[t=3.19726s, 36488 KB] New best heuristic value for pinch_tracking: 93
[t=3.19738s, 36488 KB] g=9, 188 evaluated, 22 expanded
[t=5.46616s, 38112 KB] New best heuristic value for pinch_tracking: 90
[t=5.46628s, 38112 KB] g=9, 301 evaluated, 36 expanded
[t=5.84798s, 38112 KB] New best heuristic value for pinch_tracking: 89
[t=5.8481s, 38112 KB] g=11, 318 evaluated, 38 expanded
[t=7.14175s, 38112 KB] New best heuristic value for pinch_tracking: 86
[t=7.14187s, 38112 KB] g=12, 400 evaluated, 50 expanded
[t=7.34445s, 38112 KB] New best heuristic value for pinch_tracking: 85
[t=7.34457s, 38112 KB] g=13, 416 evaluated, 51 expanded
[t=7.87406s, 38112 KB] New best heuristic value for pinch_tracking: 84
[t=7.87418s, 38112 KB] g=15, 448 evaluated, 55 expanded
[t=8.25422s, 38112 KB] New best heuristic value for pinch_tracking: 81
[t=8.25434s, 38112 KB] g=18, 488 evaluated, 59 expanded
[t=8.32777s, 38112 KB] New best heuristic value for pinch_tracking: 80
[t=8.32788s, 38112 KB] g=18, 495 evaluated, 59 expanded
[t=8.42113s, 38112 KB] New best heuristic value for pinch_tracking: 79
[t=8.42125s, 38112 KB] g=19, 503 evaluated, 60 expanded
[t=8.51254s, 38112 KB] New best heuristic value for pinch_tracking: 75
[t=8.51266s, 38112 KB] g=20, 515 evaluated, 61 expanded
[t=8.67637s, 38112 KB] New best heuristic value for pinch_tracking: 71
[t=8.67649s, 38112 KB] g=21, 531 evaluated, 62 expanded
[t=8.77371s, 38112 KB] New best heuristic value for pinch_tracking: 70
[t=8.77383s, 38112 KB] g=22, 543 evaluated, 63 expanded
[t=8.8781s, 38112 KB] New best heuristic value for pinch_tracking: 68
[t=8.87822s, 38112 KB] g=23, 560 evaluated, 64 expanded
[t=8.89779s, 38112 KB] New best heuristic value for pinch_tracking: 66
[t=8.8979s, 38112 KB] g=23, 562 evaluated, 64 expanded
[t=9.03132s, 38112 KB] New best heuristic value for pinch_tracking: 62
[t=9.03144s, 38112 KB] g=24, 578 evaluated, 65 expanded
[t=9.14045s, 38112 KB] New best heuristic value for pinch_tracking: 59
[t=9.14056s, 38112 KB] g=25, 594 evaluated, 66 expanded
[t=9.14203s, 38112 KB] New best heuristic value for pinch_tracking: 58
[t=9.14214s, 38112 KB] g=25, 595 evaluated, 66 expanded
[t=9.25333s, 38112 KB] New best heuristic value for pinch_tracking: 55
[t=9.25345s, 38112 KB] g=26, 611 evaluated, 67 expanded
[t=9.39138s, 38112 KB] New best heuristic value for pinch_tracking: 54
[t=9.39149s, 38112 KB] g=27, 630 evaluated, 68 expanded
[t=9.47448s, 38112 KB] New best heuristic value for pinch_tracking: 53
[t=9.47459s, 38112 KB] g=28, 644 evaluated, 69 expanded
[t=9.50239s, 38112 KB] New best heuristic value for pinch_tracking: 52
[t=9.5025s, 38112 KB] g=28, 648 evaluated, 69 expanded
[t=9.52062s, 38112 KB] New best heuristic value for pinch_tracking: 51
[t=9.52074s, 38112 KB] g=28, 650 evaluated, 69 expanded
[t=9.63297s, 38112 KB] New best heuristic value for pinch_tracking: 50
[t=9.63309s, 38112 KB] g=29, 667 evaluated, 70 expanded
[t=9.66669s, 38112 KB] New best heuristic value for pinch_tracking: 49
[t=9.66681s, 38112 KB] g=29, 673 evaluated, 70 expanded
[t=9.68326s, 38112 KB] New best heuristic value for pinch_tracking: 48
[t=9.68337s, 38112 KB] g=29, 675 evaluated, 70 expanded
[t=9.83024s, 38112 KB] New best heuristic value for pinch_tracking: 45
[t=9.83036s, 38112 KB] g=30, 697 evaluated, 71 expanded
[t=9.87913s, 38112 KB] New best heuristic value for pinch_tracking: 43
[t=9.87925s, 38112 KB] g=31, 706 evaluated, 72 expanded
[t=10.1373s, 38112 KB] New best heuristic value for pinch_tracking: 42
[t=10.1374s, 38112 KB] g=33, 758 evaluated, 76 expanded
[t=10.1667s, 38112 KB] New best heuristic value for pinch_tracking: 40
[t=10.1668s, 38112 KB] g=34, 764 evaluated, 77 expanded
[t=11.8738s, 38112 KB] New best heuristic value for pinch_tracking: 39
[t=11.8739s, 38112 KB] g=36, 1113 evaluated, 115 expanded
[t=11.923s, 38112 KB] New best heuristic value for pinch_tracking: 36
[t=11.9232s, 38112 KB] g=37, 1123 evaluated, 116 expanded
[t=11.9683s, 38112 KB] New best heuristic value for pinch_tracking: 33
[t=11.9684s, 38112 KB] g=38, 1133 evaluated, 117 expanded
[t=12.0285s, 38112 KB] New best heuristic value for pinch_tracking: 32
[t=12.0286s, 38112 KB] g=39, 1148 evaluated, 118 expanded
[t=12.0558s, 38112 KB] New best heuristic value for pinch_tracking: 31
[t=12.0559s, 38112 KB] g=40, 1153 evaluated, 119 expanded
[t=12.0755s, 38112 KB] New best heuristic value for pinch_tracking: 30
[t=12.0756s, 38112 KB] g=40, 1161 evaluated, 119 expanded
[t=12.0826s, 38112 KB] New best heuristic value for pinch_tracking: 29
[t=12.0827s, 38112 KB] g=40, 1163 evaluated, 119 expanded
[t=12.1233s, 38112 KB] New best heuristic value for pinch_tracking: 28
[t=12.1234s, 38112 KB] g=41, 1173 evaluated, 120 expanded
[t=12.1341s, 38112 KB] New best heuristic value for pinch_tracking: 27
[t=12.1342s, 38112 KB] g=42, 1176 evaluated, 121 expanded
[t=12.1529s, 38112 KB] New best heuristic value for pinch_tracking: 26
[t=12.153s, 38112 KB] g=42, 1184 evaluated, 121 expanded
[t=12.232s, 38112 KB] New best heuristic value for pinch_tracking: 24
[t=12.2321s, 38112 KB] g=43, 1205 evaluated, 123 expanded
[t=12.2752s, 38112 KB] New best heuristic value for pinch_tracking: 23
[t=12.2754s, 38112 KB] g=44, 1221 evaluated, 124 expanded
[t=12.2786s, 38112 KB] New best heuristic value for pinch_tracking: 22
[t=12.2787s, 38112 KB] g=45, 1222 evaluated, 125 expanded
[t=12.3051s, 38112 KB] New best heuristic value for pinch_tracking: 21
[t=12.3052s, 38112 KB] g=45, 1232 evaluated, 125 expanded
[t=12.4718s, 38112 KB] New best heuristic value for pinch_tracking: 20
[t=12.472s, 38112 KB] g=47, 1289 evaluated, 131 expanded
[t=12.5159s, 38112 KB] New best heuristic value for pinch_tracking: 19
[t=12.516s, 38112 KB] g=47, 1302 evaluated, 131 expanded
[t=12.5319s, 38112 KB] New best heuristic value for pinch_tracking: 18
[t=12.532s, 38112 KB] g=48, 1308 evaluated, 132 expanded
[t=12.5639s, 38112 KB] New best heuristic value for pinch_tracking: 17
[t=12.564s, 38112 KB] g=49, 1319 evaluated, 133 expanded
[t=12.5932s, 38112 KB] New best heuristic value for pinch_tracking: 16
[t=12.5933s, 38112 KB] g=50, 1331 evaluated, 134 expanded
[t=12.6225s, 38112 KB] New best heuristic value for pinch_tracking: 15
[t=12.6226s, 38112 KB] g=51, 1343 evaluated, 135 expanded
[t=12.6499s, 38112 KB] New best heuristic value for pinch_tracking: 13
[t=12.65s, 38112 KB] g=52, 1354 evaluated, 136 expanded
[t=12.6787s, 38112 KB] New best heuristic value for pinch_tracking: 12
[t=12.6789s, 38112 KB] g=53, 1366 evaluated, 137 expanded
[t=12.6998s, 38112 KB] New best heuristic value for pinch_tracking: 11
[t=12.6999s, 38112 KB] g=54, 1376 evaluated, 138 expanded
[t=12.7184s, 38112 KB] New best heuristic value for pinch_tracking: 10
[t=12.7185s, 38112 KB] g=55, 1386 evaluated, 139 expanded
[t=12.7439s, 38112 KB] New best heuristic value for pinch_tracking: 9
[t=12.7441s, 38112 KB] g=56, 1399 evaluated, 140 expanded
[t=12.7745s, 38112 KB] New best heuristic value for pinch_tracking: 8
[t=12.7746s, 38112 KB] g=57, 1412 evaluated, 141 expanded
[t=12.7942s, 38112 KB] New best heuristic value for pinch_tracking: 7
[t=12.7943s, 38112 KB] g=58, 1424 evaluated, 142 expanded
[t=12.8233s, 38112 KB] New best heuristic value for pinch_tracking: 6
[t=12.8234s, 38112 KB] g=59, 1437 evaluated, 143 expanded
[t=12.8441s, 38112 KB] New best heuristic value for pinch_tracking: 5
[t=12.8442s, 38112 KB] g=60, 1448 evaluated, 144 expanded
[t=12.8607s, 38112 KB] New best heuristic value for pinch_tracking: 4
[t=12.8608s, 38112 KB] g=61, 1455 evaluated, 145 expanded
[t=12.8782s, 38112 KB] New best heuristic value for pinch_tracking: 3
[t=12.8783s, 38112 KB] g=62, 1464 evaluated, 146 expanded
[t=12.886s, 38112 KB] New best heuristic value for pinch_tracking: 2
[t=12.8861s, 38112 KB] g=63, 1468 evaluated, 147 expanded
[t=12.893s, 38112 KB] New best heuristic value for pinch_tracking: 1
[t=12.8931s, 38112 KB] g=64, 1472 evaluated, 148 expanded
[t=12.9004s, 38112 KB] New best heuristic value for pinch_tracking: 0
[t=12.9005s, 38112 KB] g=65, 1475 evaluated, 149 expanded
[t=12.9022s, 38112 KB] Solution found!
[t=12.9023s, 38112 KB] Actual search time: 12.5723s
sendtohome sa h3 s n1 s0 n0 (1)
sendtofree d3 s2 n4 n3 (1)
sendtohome s2 c7 s n2 sa n1 (1)
sendtofree d8 s10 n3 n2 (1)
sendtofree h5 s3 n2 n1 (1)
sendtohome s3 s6 s n3 s2 n2 (1)
colfromfreecell h5 s6 n1 n2 (1)
sendtofree s5 da n2 n1 (1)
sendtohome da s9 d n1 d0 n0 (1)
colfromfreecell d8 s9 n1 n2 (1)
sendtofree h3 ha n2 n1 (1)
sendtohome ha s7 h n1 h0 n0 (1)
move c7 c6 d8 (1)
move h9 ca s10 (1)
sendtohome ca d5 c n1 c0 n0 (1)
move d5 d2 c6 (1)
sendtohome-b d2 d n2 da n1 n0 n1 (1)
sendtofree h9 s10 n1 n0 (1)
homefromfreecell d3 d n3 d2 n2 n0 n1 (1)
sendtofree d7 h2 n1 n0 (1)
sendtohome h2 h8 h n2 ha n1 (1)
homefromfreecell h3 h n3 h2 n2 n0 n1 (1)
sendtofree s10 h4 n1 n0 (1)
sendtohome h4 s4 h n4 h3 n3 (1)
sendtohome h5 s6 h n5 h4 n4 (1)
sendtohome s4 d6 s n4 s3 n3 (1)
homefromfreecell s5 s n5 s4 n4 n0 n1 (1)
sendtohome s6 s8 s n6 s5 n5 (1)
sendtofree d5 c6 n1 n0 (1)
sendtohome s7 d10 s n7 s6 n6 (1)
sendtohome s8 c4 s n8 s7 n7 (1)
newcolfromfreecell d7 n1 n0 n0 n1 (1)
move c6 h6 d7 (1)
sendtohome h6 c3 h n6 h5 n5 (1)
colfromfreecell d5 c6 n1 n2 (1)
sendtofree h10 h7 n2 n1 (1)
sendtohome h7 c10 h n7 h6 n6 (1)
sendtohome h8 c9 h n8 h7 n7 (1)
homefromfreecell h9 h n9 h8 n8 n1 n2 (1)
sendtofree c7 d8 n2 n1 (1)
homefromfreecell h10 h n10 h9 n9 n1 n2 (1)
sendtofree d8 s9 n2 n1 (1)
sendtohome s9 d9 s n9 s8 n8 (1)
homefromfreecell s10 s n10 s9 n9 n1 n2 (1)
sendtofree d6 c2 n2 n1 (1)
sendtohome-b c2 c n2 ca n1 n0 n1 (1)
sendtofree d5 c6 n1 n0 (1)
sendtohome-b c3 c n3 c2 n2 n1 n2 (1)
sendtohome-b c4 c n4 c3 n3 n2 n3 (1)
sendtonewcol c9 c5 n3 n2 (1)
sendtohome-b c5 c n5 c4 n4 n2 n3 (1)
sendtohome c6 d7 c n6 c5 n5 (1)
sendtonewcol d10 d4 n3 n2 (1)
sendtohome-b d4 d n4 d3 n3 n2 n3 (1)
homefromfreecell d5 d n5 d4 n4 n0 n1 (1)
sendtofree c10 c8 n1 n0 (1)
homefromfreecell d6 d n6 d5 n5 n0 n1 (1)
sendtohome-b d7 d n7 d6 n6 n3 n4 (1)
homefromfreecell d8 d n8 d7 n7 n1 n2 (1)
sendtohome-b d9 d n9 d8 n8 n4 n5 (1)
sendtohome-b d10 d n10 d9 n9 n5 n6 (1)
homefromfreecell c7 c n7 c6 n6 n2 n3 (1)
sendtohome-b c8 c n8 c7 n7 n6 n7 (1)
sendtohome-b c9 c n9 c8 n8 n7 n8 (1)
homefromfreecell c10 c n10 c9 n9 n3 n4 (1)
[t=12.9023s, 38112 KB] Plan length: 65 step(s).
[t=12.9023s, 38112 KB] Plan cost: 65
[t=12.9023s, 38112 KB] Expanded 150 state(s).
[t=12.9023s, 38112 KB] Reopened 0 state(s).
[t=12.9023s, 38112 KB] Evaluated 1476 state(s).
[t=12.9023s, 38112 KB] Evaluations: 1476
[t=12.9023s, 38112 KB] Generated 1730 state(s).
[t=12.9023s, 38112 KB] Dead ends: 53 state(s).
[t=12.9023s, 38112 KB] Number of registered states: 1476
[t=12.9023s, 38112 KB] Int hash set load factor: 1476/2048 = 0.720703
[t=12.9023s, 38112 KB] Int hash set resizes: 11
[t=12.9023s, 38112 KB] mean number of q cost that have been adjusted 0 times in relation to total number of q: -1
[t=12.9023s, 38112 KB] mean number of q cost that have been adjusted 1 times in relation to total number of q: -1
[t=12.9023s, 38112 KB] mean number of q cost that have been adjusted 2 times in relation to total number of q: -1
[t=12.9023s, 38112 KB] mean number of q that are at some point overconsitent in relation to total number of q: -1
[t=12.9023s, 38112 KB] mean number of q that are at first underconsisten in relation to total number of q: -1
[t=12.9023s, 38112 KB] mean number of state variables that are not in common between two following states in relation to total number of state variables: -1
[t=12.9023s, 38112 KB] variance number of state variables that are not in common between two following states in relation to total number of state variables: -1
[t=12.9023s, 38112 KB] Search time: 12.5812s
[t=12.9023s, 38112 KB] Total time: 12.9023s
Solution found.
Peak memory: 38112 KB
Remove intermediate file output.sas
search exit code: 0

INFO     Running validate.
INFO     validate stdin: None
INFO     validate time limit: None
INFO     validate memory limit: None
INFO     validate command line string: validate domain.pddl problem.pddl sas_plan
