INFO     Running translator.
INFO     translator stdin: None
INFO     translator time limit: 1799.96s
INFO     translator memory limit: 3584 MB
INFO     translator command line string: /infai/weidan00/downward/experiments/bachelor/.venv/bin/python3 /infai/weidan00/downward/experiments/bachelor/data/bachelor-v1/code-7aa5f34_e5e41175/builds/release/bin/translate/translate.py domain.pddl problem.pddl --sas-file output.sas
Parsing...
Parsing: [0.000s CPU, 0.005s wall-clock]
Normalizing task... [0.000s CPU, 0.000s wall-clock]
Instantiating...
Generating Datalog program... [0.000s CPU, 0.001s wall-clock]
Normalizing Datalog program...
Normalizing Datalog program: [0.000s CPU, 0.003s wall-clock]
Preparing model... [0.010s CPU, 0.003s wall-clock]
Generated 45 rules.
Computing model... [0.220s CPU, 0.222s wall-clock]
7201 relevant atoms
16410 auxiliary atoms
23611 final queue length
35517 total queue pushes
Completing instantiation... [0.300s CPU, 0.301s wall-clock]
Instantiating: [0.530s CPU, 0.536s wall-clock]
Computing fact groups...
Finding invariants...
18 initial candidates
Finding invariants: [0.020s CPU, 0.013s wall-clock]
Checking invariant weight... [0.000s CPU, 0.001s wall-clock]
Instantiating groups... [0.010s CPU, 0.010s wall-clock]
Collecting mutex groups... [0.000s CPU, 0.001s wall-clock]
Choosing groups...
68 uncovered facts
Choosing groups: [0.000s CPU, 0.002s wall-clock]
Building translation key... [0.010s CPU, 0.001s wall-clock]
Computing fact groups: [0.040s CPU, 0.033s wall-clock]
Building STRIPS to SAS dictionary... [0.000s CPU, 0.001s wall-clock]
Building dictionary for full mutex groups... [0.000s CPU, 0.001s wall-clock]
Building mutex information...
Building mutex information: [0.000s CPU, 0.000s wall-clock]
Translating task...
Processing axioms...
Simplifying axioms... [0.000s CPU, 0.000s wall-clock]
Processing axioms: [0.010s CPU, 0.013s wall-clock]
Translating task: [0.270s CPU, 0.270s wall-clock]
0 effect conditions simplified
0 implied preconditions added
Detecting unreachable propositions...
0 operators removed
0 axioms removed
297 propositions removed
Detecting unreachable propositions: [0.160s CPU, 0.163s wall-clock]
Reordering and filtering variables...
161 of 161 variables necessary.
0 of 161 mutex groups necessary.
6270 of 6270 operators necessary.
0 of 0 axiom rules necessary.
Reordering and filtering variables: [0.040s CPU, 0.040s wall-clock]
Translator variables: 161
Translator derived variables: 0
Translator facts: 725
Translator goal facts: 14
Translator mutex groups: 0
Translator total mutex groups size: 0
Translator operators: 6270
Translator axioms: 0
Translator task size: 38310
Translator peak memory: 173004 KB
Writing output... [0.060s CPU, 0.071s wall-clock]
Done! [1.120s CPU, 1.135s wall-clock]
translate exit code: 0

INFO     Running search (release).
INFO     search stdin: output.sas
INFO     search time limit: 1798.78s
INFO     search memory limit: 3584 MB
INFO     search command line string: /infai/weidan00/downward/experiments/bachelor/data/bachelor-v1/code-7aa5f34_e5e41175/builds/release/bin/downward --search 'eager_wastar([pinch()], w=2)' --internal-plan-file sas_plan < output.sas
[t=5.9477e-05s, 17204 KB] reading input...
[t=0.0414076s, 19120 KB] done reading input!
[t=0.0452517s, 20368 KB] Simplifying 12470 unary operators... done! [12470 unary operators]
[t=0.0563511s, 21364 KB] time to simplify: 0.0111876s
[t=0.0574692s, 21364 KB] Initializing pinch heuristic...
[t=0.05765s, 21364 KB] Building successor generator...done!
[t=0.0607719s, 21364 KB] peak memory difference for successor generator creation: 0 KB
[t=0.0608155s, 21364 KB] time for successor generation creation: 0.00291552s
[t=0.0609204s, 21364 KB] Variables: 161
[t=0.060963s, 21364 KB] FactPairs: 725
[t=0.0610031s, 21364 KB] Bytes per state: 56
[t=0.0611526s, 21364 KB] Conducting best first search with reopening closed nodes, (real) bound = 2147483647
[t=0.0624169s, 21364 KB] New best heuristic value for pinch: 161
[t=0.0624765s, 21364 KB] g=0, 1 evaluated, 0 expanded
[t=0.0625345s, 21364 KB] Initial heuristic value for pinch: 161
[t=0.0625763s, 21364 KB] pruning method: none
[t=0.0631423s, 21364 KB] New best heuristic value for pinch: 130
[t=0.0632018s, 21364 KB] g=1, 2 evaluated, 1 expanded
[t=0.0671253s, 21364 KB] New best heuristic value for pinch: 126
[t=0.0671922s, 21364 KB] g=2, 9 evaluated, 2 expanded
[t=0.0721867s, 21364 KB] New best heuristic value for pinch: 122
[t=0.0722472s, 21364 KB] g=3, 29 evaluated, 3 expanded
[t=0.0773083s, 21364 KB] New best heuristic value for pinch: 119
[t=0.0773748s, 21364 KB] g=4, 49 evaluated, 4 expanded
[t=0.0776504s, 21364 KB] New best heuristic value for pinch: 118
[t=0.077694s, 21364 KB] g=4, 51 evaluated, 4 expanded
[t=0.0823594s, 21364 KB] New best heuristic value for pinch: 115
[t=0.0824225s, 21364 KB] g=5, 68 evaluated, 5 expanded
[t=0.0827212s, 21364 KB] New best heuristic value for pinch: 114
[t=0.0827647s, 21364 KB] g=5, 70 evaluated, 5 expanded
[t=0.0874884s, 21364 KB] New best heuristic value for pinch: 111
[t=0.0875489s, 21364 KB] g=6, 87 evaluated, 6 expanded
[t=0.0882591s, 21364 KB] New best heuristic value for pinch: 110
[t=0.0883052s, 21364 KB] g=6, 93 evaluated, 6 expanded
[t=0.0924494s, 21364 KB] New best heuristic value for pinch: 107
[t=0.0925091s, 21364 KB] g=7, 105 evaluated, 7 expanded
[t=0.0932429s, 21364 KB] New best heuristic value for pinch: 106
[t=0.0932895s, 21364 KB] g=7, 111 evaluated, 7 expanded
[t=0.0974751s, 21364 KB] New best heuristic value for pinch: 103
[t=0.0975349s, 21364 KB] g=8, 123 evaluated, 8 expanded
[t=0.102273s, 21364 KB] New best heuristic value for pinch: 100
[t=0.102334s, 21364 KB] g=9, 141 evaluated, 9 expanded
[t=0.107152s, 21364 KB] New best heuristic value for pinch: 98
[t=0.107218s, 21364 KB] g=10, 159 evaluated, 10 expanded
[t=0.110517s, 21364 KB] New best heuristic value for pinch: 97
[t=0.110574s, 21364 KB] g=11, 171 evaluated, 11 expanded
[t=0.112013s, 21364 KB] New best heuristic value for pinch: 96
[t=0.112067s, 21364 KB] g=11, 176 evaluated, 11 expanded
[t=0.115364s, 21364 KB] New best heuristic value for pinch: 93
[t=0.11542s, 21364 KB] g=12, 188 evaluated, 12 expanded
[t=0.120657s, 21364 KB] New best heuristic value for pinch: 79
[t=0.120713s, 21364 KB] g=13, 209 evaluated, 13 expanded
[t=0.124857s, 21364 KB] New best heuristic value for pinch: 77
[t=0.124913s, 21364 KB] g=14, 222 evaluated, 14 expanded
[t=0.129864s, 21364 KB] New best heuristic value for pinch: 75
[t=0.129919s, 21364 KB] g=15, 243 evaluated, 15 expanded
[t=0.134949s, 21364 KB] New best heuristic value for pinch: 74
[t=0.135006s, 21364 KB] g=16, 264 evaluated, 16 expanded
[t=0.135282s, 21364 KB] New best heuristic value for pinch: 73
[t=0.135332s, 21364 KB] g=16, 266 evaluated, 16 expanded
[t=0.139927s, 21364 KB] New best heuristic value for pinch: 72
[t=0.139986s, 21364 KB] g=17, 284 evaluated, 17 expanded
[t=0.140296s, 21364 KB] New best heuristic value for pinch: 71
[t=0.14034s, 21364 KB] g=17, 286 evaluated, 17 expanded
[t=0.145017s, 21364 KB] New best heuristic value for pinch: 70
[t=0.145082s, 21364 KB] g=18, 304 evaluated, 18 expanded
[t=0.145363s, 21364 KB] New best heuristic value for pinch: 69
[t=0.145406s, 21364 KB] g=18, 306 evaluated, 18 expanded
[t=0.14989s, 21364 KB] New best heuristic value for pinch: 68
[t=0.149947s, 21364 KB] g=19, 323 evaluated, 19 expanded
[t=0.150248s, 21364 KB] New best heuristic value for pinch: 67
[t=0.150292s, 21364 KB] g=19, 325 evaluated, 19 expanded
[t=0.154846s, 21364 KB] New best heuristic value for pinch: 66
[t=0.154902s, 21364 KB] g=20, 342 evaluated, 20 expanded
[t=0.15517s, 21364 KB] New best heuristic value for pinch: 65
[t=0.155213s, 21364 KB] g=20, 344 evaluated, 20 expanded
[t=0.159619s, 21364 KB] New best heuristic value for pinch: 64
[t=0.159675s, 21364 KB] g=21, 360 evaluated, 21 expanded
[t=0.159983s, 21364 KB] New best heuristic value for pinch: 63
[t=0.160027s, 21364 KB] g=21, 363 evaluated, 21 expanded
[t=0.163001s, 21364 KB] New best heuristic value for pinch: 61
[t=0.163056s, 21364 KB] g=22, 374 evaluated, 22 expanded
[t=0.168233s, 21364 KB] New best heuristic value for pinch: 55
[t=0.168289s, 21364 KB] g=23, 396 evaluated, 23 expanded
[t=0.17261s, 21364 KB] New best heuristic value for pinch: 54
[t=0.172667s, 21364 KB] g=24, 413 evaluated, 24 expanded
[t=0.173023s, 21364 KB] New best heuristic value for pinch: 53
[t=0.173068s, 21364 KB] g=24, 416 evaluated, 24 expanded
[t=0.177525s, 21364 KB] New best heuristic value for pinch: 52
[t=0.17758s, 21364 KB] g=25, 435 evaluated, 25 expanded
[t=0.17796s, 21364 KB] New best heuristic value for pinch: 51
[t=0.178004s, 21364 KB] g=25, 438 evaluated, 25 expanded
[t=0.182547s, 21364 KB] New best heuristic value for pinch: 50
[t=0.182609s, 21364 KB] g=26, 457 evaluated, 26 expanded
[t=0.187323s, 21364 KB] New best heuristic value for pinch: 49
[t=0.187379s, 21364 KB] g=27, 479 evaluated, 27 expanded
[t=0.192165s, 21364 KB] New best heuristic value for pinch: 48
[t=0.192221s, 21364 KB] g=28, 501 evaluated, 28 expanded
[t=0.195396s, 21364 KB] New best heuristic value for pinch: 47
[t=0.195458s, 21364 KB] g=29, 516 evaluated, 29 expanded
[t=0.201136s, 21364 KB] New best heuristic value for pinch: 46
[t=0.201193s, 21364 KB] g=30, 538 evaluated, 30 expanded
[t=0.201678s, 21364 KB] New best heuristic value for pinch: 45
[t=0.201727s, 21364 KB] g=30, 540 evaluated, 30 expanded
[t=0.203677s, 21364 KB] New best heuristic value for pinch: 44
[t=0.203731s, 21364 KB] g=31, 553 evaluated, 31 expanded
[t=0.205174s, 21364 KB] New best heuristic value for pinch: 43
[t=0.205227s, 21364 KB] g=31, 556 evaluated, 31 expanded
[t=0.209375s, 21364 KB] New best heuristic value for pinch: 42
[t=0.20943s, 21364 KB] g=32, 576 evaluated, 32 expanded
[t=0.216701s, 21364 KB] New best heuristic value for pinch: 41
[t=0.216766s, 21364 KB] g=33, 609 evaluated, 33 expanded
[t=0.220094s, 21364 KB] New best heuristic value for pinch: 40
[t=0.22015s, 21364 KB] g=34, 624 evaluated, 34 expanded
[t=0.225496s, 21364 KB] New best heuristic value for pinch: 39
[t=0.225553s, 21364 KB] g=35, 651 evaluated, 35 expanded
[t=0.230201s, 21364 KB] New best heuristic value for pinch: 38
[t=0.230256s, 21364 KB] g=36, 678 evaluated, 36 expanded
[t=0.234284s, 21364 KB] New best heuristic value for pinch: 37
[t=0.234339s, 21364 KB] g=37, 701 evaluated, 37 expanded
[t=0.239401s, 21364 KB] New best heuristic value for pinch: 36
[t=0.239457s, 21364 KB] g=38, 726 evaluated, 38 expanded
[t=0.244275s, 21364 KB] New best heuristic value for pinch: 35
[t=0.244339s, 21364 KB] g=39, 749 evaluated, 39 expanded
[t=0.250114s, 21364 KB] New best heuristic value for pinch: 34
[t=0.250176s, 21364 KB] g=40, 771 evaluated, 40 expanded
[t=0.268827s, 21364 KB] New best heuristic value for pinch: 33
[t=0.268907s, 21364 KB] g=40, 830 evaluated, 44 expanded
[t=0.275495s, 21364 KB] New best heuristic value for pinch: 32
[t=0.27556s, 21364 KB] g=41, 852 evaluated, 45 expanded
[t=0.282135s, 21364 KB] New best heuristic value for pinch: 31
[t=0.282194s, 21364 KB] g=42, 869 evaluated, 46 expanded
[t=0.340741s, 21364 KB] New best heuristic value for pinch: 30
[t=0.34084s, 21364 KB] g=45, 1084 evaluated, 58 expanded
[t=0.34527s, 21364 KB] New best heuristic value for pinch: 29
[t=0.345327s, 21364 KB] g=46, 1101 evaluated, 59 expanded
[t=0.350226s, 21364 KB] New best heuristic value for pinch: 28
[t=0.350282s, 21364 KB] g=47, 1123 evaluated, 60 expanded
[t=0.356261s, 21364 KB] New best heuristic value for pinch: 27
[t=0.356321s, 21364 KB] g=48, 1144 evaluated, 61 expanded
[t=2.23691s, 21852 KB] New best heuristic value for pinch: 26
[t=2.237s, 21852 KB] g=51, 9241 evaluated, 538 expanded, 15 reopened
[t=3.02651s, 22124 KB] New best heuristic value for pinch: 25
[t=3.02661s, 22124 KB] g=52, 12122 evaluated, 715 expanded, 15 reopened
[t=13.2213s, 25988 KB] New best heuristic value for pinch: 24
[t=13.2214s, 25988 KB] g=57, 56106 evaluated, 3319 expanded, 91 reopened
[t=25.6025s, 30628 KB] New best heuristic value for pinch: 23
[t=25.6026s, 30628 KB] g=58, 108238 evaluated, 6409 expanded, 161 reopened
[t=750.794s, 327928 KB] New best heuristic value for pinch: 22
[t=750.794s, 327928 KB] g=61, 3466813 evaluated, 205106 expanded, 5921 reopened
Peak memory: 788128 KB
caught signal 24 -- exiting
Time limit has been reached.
Remove intermediate file output.sas
search exit code: 23

Driver aborting after search
