INFO     Running translator.
INFO     translator stdin: None
INFO     translator time limit: 1799.95s
INFO     translator memory limit: 3584 MB
INFO     translator command line string: /infai/weidan00/downward/experiments/bachelor/.venv/bin/python3 /infai/weidan00/downward/experiments/bachelor/data/bachelor-v1/code-7aa5f34_e5e41175/builds/release/bin/translate/translate.py domain.pddl problem.pddl --sas-file output.sas
Parsing...
Parsing: [0.010s CPU, 0.004s wall-clock]
Normalizing task... [0.000s CPU, 0.000s wall-clock]
Instantiating...
Generating Datalog program... [0.000s CPU, 0.001s wall-clock]
Normalizing Datalog program...
Normalizing Datalog program: [0.000s CPU, 0.001s wall-clock]
Preparing model... [0.000s CPU, 0.003s wall-clock]
Generated 13 rules.
Computing model... [0.010s CPU, 0.013s wall-clock]
1033 relevant atoms
612 auxiliary atoms
1645 final queue length
2726 total queue pushes
Completing instantiation... [0.020s CPU, 0.017s wall-clock]
Instantiating: [0.030s CPU, 0.037s wall-clock]
Computing fact groups...
Finding invariants...
6 initial candidates
Finding invariants: [0.000s CPU, 0.001s wall-clock]
Checking invariant weight... [0.000s CPU, 0.000s wall-clock]
Instantiating groups... [0.000s CPU, 0.000s wall-clock]
Collecting mutex groups... [0.000s CPU, 0.000s wall-clock]
Choosing groups...
24 uncovered facts
Choosing groups: [0.000s CPU, 0.000s wall-clock]
Building translation key... [0.000s CPU, 0.000s wall-clock]
Computing fact groups: [0.000s CPU, 0.002s wall-clock]
Building STRIPS to SAS dictionary... [0.000s CPU, 0.000s wall-clock]
Building dictionary for full mutex groups... [0.000s CPU, 0.000s wall-clock]
Building mutex information...
Building mutex information: [0.000s CPU, 0.000s wall-clock]
Translating task...
Processing axioms...
Simplifying axioms... [0.000s CPU, 0.000s wall-clock]
Processing axioms: [0.000s CPU, 0.001s wall-clock]
Translating task: [0.020s CPU, 0.014s wall-clock]
12 effect conditions simplified
0 implied preconditions added
Detecting unreachable propositions...
0 operators removed
0 axioms removed
1 propositions removed
Detecting unreachable propositions: [0.000s CPU, 0.008s wall-clock]
Reordering and filtering variables...
25 of 25 variables necessary.
0 of 1 mutex groups necessary.
568 of 568 operators necessary.
0 of 0 axiom rules necessary.
Reordering and filtering variables: [0.010s CPU, 0.002s wall-clock]
Translator variables: 25
Translator derived variables: 0
Translator facts: 72
Translator goal facts: 12
Translator mutex groups: 0
Translator total mutex groups size: 0
Translator operators: 568
Translator axioms: 0
Translator task size: 1857
Translator peak memory: 144076 KB
Writing output... [0.000s CPU, 0.007s wall-clock]
Done! [0.070s CPU, 0.075s wall-clock]
translate exit code: 0

INFO     Running search (release).
INFO     search stdin: output.sas
INFO     search time limit: 1799.82s
INFO     search memory limit: 3584 MB
INFO     search command line string: /infai/weidan00/downward/experiments/bachelor/data/bachelor-v1/code-7aa5f34_e5e41175/builds/release/bin/downward --search 'eager_wastar([pinch()], w=2)' --internal-plan-file sas_plan < output.sas
[t=6.2487e-05s, 17204 KB] reading input...
[t=0.00239004s, 17344 KB] done reading input!
[t=0.00433063s, 17608 KB] Simplifying 588 unary operators... done! [588 unary operators]
[t=0.00469784s, 17608 KB] time to simplify: 0.000431167s
[t=0.00480141s, 17608 KB] Initializing pinch heuristic...
[t=0.00492238s, 17608 KB] Building successor generator...done!
[t=0.00515023s, 17608 KB] peak memory difference for successor generator creation: 0 KB
[t=0.00518903s, 17608 KB] time for successor generation creation: 0.000105209s
[t=0.00523919s, 17608 KB] Variables: 25
[t=0.00527928s, 17608 KB] FactPairs: 72
[t=0.00531881s, 17608 KB] Bytes per state: 4
[t=0.0054558s, 17608 KB] Conducting best first search with reopening closed nodes, (real) bound = 2147483647
[t=0.00559628s, 17608 KB] New best heuristic value for pinch: 45
[t=0.00563974s, 17608 KB] g=0, 1 evaluated, 0 expanded
[t=0.00569212s, 17608 KB] Initial heuristic value for pinch: 45
[t=0.00573348s, 17608 KB] pruning method: none
[t=0.0057881s, 17608 KB] New best heuristic value for pinch: 43
[t=0.00582956s, 17608 KB] g=1, 2 evaluated, 1 expanded
[t=0.00599989s, 17608 KB] New best heuristic value for pinch: 42
[t=0.00604255s, 17608 KB] g=2, 26 evaluated, 2 expanded
[t=0.00619647s, 17608 KB] New best heuristic value for pinch: 41
[t=0.00623916s, 17608 KB] g=3, 49 evaluated, 3 expanded
[t=0.00632782s, 17608 KB] New best heuristic value for pinch: 40
[t=0.0063699s, 17608 KB] g=4, 56 evaluated, 4 expanded
[t=0.0065017s, 17608 KB] New best heuristic value for pinch: 38
[t=0.00654323s, 17608 KB] g=5, 73 evaluated, 5 expanded
[t=0.00659305s, 17608 KB] New best heuristic value for pinch: 37
[t=0.00663375s, 17608 KB] g=6, 74 evaluated, 6 expanded
[t=0.00670909s, 17608 KB] New best heuristic value for pinch: 36
[t=0.00674971s, 17608 KB] g=6, 81 evaluated, 6 expanded
[t=0.0068676s, 17608 KB] New best heuristic value for pinch: 34
[t=0.00690933s, 17608 KB] g=7, 97 evaluated, 7 expanded
[t=0.00696096s, 17608 KB] New best heuristic value for pinch: 33
[t=0.0070019s, 17608 KB] g=8, 98 evaluated, 8 expanded
[t=0.0070906s, 17608 KB] New best heuristic value for pinch: 32
[t=0.00713195s, 17608 KB] g=8, 108 evaluated, 8 expanded
[t=0.00724527s, 17608 KB] New best heuristic value for pinch: 31
[t=0.00728604s, 17608 KB] g=9, 121 evaluated, 9 expanded
[t=0.00740969s, 17608 KB] New best heuristic value for pinch: 30
[t=0.00745084s, 17608 KB] g=10, 136 evaluated, 10 expanded
[t=0.00753734s, 17608 KB] New best heuristic value for pinch: 29
[t=0.00757876s, 17608 KB] g=11, 145 evaluated, 11 expanded
[t=0.00771759s, 17608 KB] New best heuristic value for pinch: 28
[t=0.00775884s, 17608 KB] g=12, 166 evaluated, 12 expanded
[t=0.00783916s, 17608 KB] New best heuristic value for pinch: 27
[t=0.00787967s, 17608 KB] g=14, 170 evaluated, 17 expanded
[t=0.00800948s, 17608 KB] New best heuristic value for pinch: 26
[t=0.00805592s, 17608 KB] g=14, 190 evaluated, 17 expanded
[t=0.00813406s, 17608 KB] New best heuristic value for pinch: 25
[t=0.00817524s, 17608 KB] g=16, 194 evaluated, 21 expanded
[t=0.00825304s, 17608 KB] New best heuristic value for pinch: 24
[t=0.00829422s, 17608 KB] g=16, 202 evaluated, 21 expanded
[t=0.00840582s, 17608 KB] New best heuristic value for pinch: 23
[t=0.00844648s, 17608 KB] g=17, 217 evaluated, 22 expanded
[t=0.00860261s, 17608 KB] New best heuristic value for pinch: 22
[t=0.00864443s, 17608 KB] g=19, 241 evaluated, 25 expanded
[t=0.00869514s, 17608 KB] New best heuristic value for pinch: 21
[t=0.00873574s, 17608 KB] g=20, 242 evaluated, 26 expanded
[t=0.00892021s, 17608 KB] New best heuristic value for pinch: 20
[t=0.00896197s, 17608 KB] g=21, 265 evaluated, 28 expanded
[t=0.00901296s, 17608 KB] New best heuristic value for pinch: 19
[t=0.00905382s, 17608 KB] g=22, 266 evaluated, 29 expanded
[t=0.00921276s, 17608 KB] New best heuristic value for pinch: 18
[t=0.00925447s, 17608 KB] g=23, 289 evaluated, 33 expanded
[t=0.00930434s, 17608 KB] New best heuristic value for pinch: 17
[t=0.00934516s, 17608 KB] g=24, 290 evaluated, 34 expanded
[t=0.00950472s, 17608 KB] New best heuristic value for pinch: 16
[t=0.00954636s, 17608 KB] g=25, 313 evaluated, 38 expanded
[t=0.009597s, 17608 KB] New best heuristic value for pinch: 15
[t=0.00963801s, 17608 KB] g=26, 314 evaluated, 39 expanded
[t=0.00980157s, 17608 KB] New best heuristic value for pinch: 14
[t=0.00984273s, 17608 KB] g=27, 337 evaluated, 42 expanded
[t=0.00989313s, 17608 KB] New best heuristic value for pinch: 13
[t=0.00993387s, 17608 KB] g=28, 338 evaluated, 43 expanded
[t=0.010088s, 17608 KB] New best heuristic value for pinch: 12
[t=0.0101294s, 17608 KB] g=29, 361 evaluated, 46 expanded
[t=0.0101794s, 17608 KB] New best heuristic value for pinch: 11
[t=0.0102205s, 17608 KB] g=30, 362 evaluated, 47 expanded
[t=0.0103739s, 17608 KB] New best heuristic value for pinch: 10
[t=0.0104152s, 17608 KB] g=31, 385 evaluated, 50 expanded
[t=0.0104665s, 17608 KB] New best heuristic value for pinch: 9
[t=0.0105073s, 17608 KB] g=32, 386 evaluated, 51 expanded
[t=0.0106647s, 17608 KB] New best heuristic value for pinch: 8
[t=0.010707s, 17608 KB] g=33, 409 evaluated, 53 expanded
[t=0.0107575s, 17608 KB] New best heuristic value for pinch: 7
[t=0.0107988s, 17608 KB] g=34, 410 evaluated, 54 expanded
[t=0.0109472s, 17608 KB] New best heuristic value for pinch: 6
[t=0.0109881s, 17608 KB] g=35, 433 evaluated, 56 expanded
[t=0.0110367s, 17608 KB] New best heuristic value for pinch: 5
[t=0.011077s, 17608 KB] g=36, 434 evaluated, 57 expanded
[t=0.0112252s, 17608 KB] New best heuristic value for pinch: 4
[t=0.0112665s, 17608 KB] g=37, 457 evaluated, 59 expanded
[t=0.0113157s, 17608 KB] New best heuristic value for pinch: 3
[t=0.0113564s, 17608 KB] g=38, 458 evaluated, 60 expanded
[t=0.011514s, 17608 KB] New best heuristic value for pinch: 2
[t=0.0115552s, 17608 KB] g=39, 481 evaluated, 62 expanded
[t=0.0116038s, 17608 KB] New best heuristic value for pinch: 1
[t=0.0116447s, 17608 KB] g=40, 482 evaluated, 63 expanded
[t=0.0117888s, 17608 KB] New best heuristic value for pinch: 0
[t=0.0118306s, 17608 KB] g=41, 505 evaluated, 64 expanded
[t=0.0118756s, 17608 KB] Solution found!
[t=0.0119238s, 17608 KB] Actual search time: 0.00618682s
stop f0 (1)
up f0 f1 (1)
stop f1 (1)
up f1 f15 (1)
stop f15 (1)
down f15 f2 (1)
stop f2 (1)
up f2 f18 (1)
stop f18 (1)
down f18 f6 (1)
stop f6 (1)
down f6 f1 (1)
stop f1 (1)
up f1 f11 (1)
stop f11 (1)
down f11 f7 (1)
stop f7 (1)
down f7 f4 (1)
stop f4 (1)
up f4 f12 (1)
stop f12 (1)
down f12 f8 (1)
stop f8 (1)
up f8 f14 (1)
stop f14 (1)
down f14 f7 (1)
stop f7 (1)
up f7 f16 (1)
stop f16 (1)
down f16 f9 (1)
stop f9 (1)
down f9 f6 (1)
stop f6 (1)
up f6 f17 (1)
stop f17 (1)
up f17 f18 (1)
stop f18 (1)
up f18 f19 (1)
stop f19 (1)
down f19 f0 (1)
stop f0 (1)
[t=0.0119671s, 17608 KB] Plan length: 41 step(s).
[t=0.0119671s, 17608 KB] Plan cost: 41
[t=0.0119671s, 17608 KB] Expanded 65 state(s).
[t=0.0119671s, 17608 KB] Reopened 0 state(s).
[t=0.0119671s, 17608 KB] Evaluated 505 state(s).
[t=0.0119671s, 17608 KB] Evaluations: 505
[t=0.0119671s, 17608 KB] Generated 1536 state(s).
[t=0.0119671s, 17608 KB] Dead ends: 0 state(s).
[t=0.0119671s, 17608 KB] Number of registered states: 505
[t=0.0119671s, 17608 KB] Int hash set load factor: 505/512 = 0.986328
[t=0.0119671s, 17608 KB] Int hash set resizes: 9
[t=0.0119671s, 17608 KB] mean number of q cost that have been adjusted 0 times in relation to total number of q: -1
[t=0.0119671s, 17608 KB] mean number of q cost that have been adjusted 1 times in relation to total number of q: -1
[t=0.0119671s, 17608 KB] mean number of q cost that have been adjusted 2 times in relation to total number of q: -1
[t=0.0119671s, 17608 KB] mean number of q that are at some point overconsitent in relation to total number of q: -1
[t=0.0119671s, 17608 KB] mean number of q that are at first underconsisten in relation to total number of q: -1
[t=0.0119671s, 17608 KB] mean number of state variables that are not in common between two following states in relation to total number of state variables: -1
[t=0.0119671s, 17608 KB] variance number of state variables that are not in common between two following states in relation to total number of state variables: -1
[t=0.0119671s, 17608 KB] Search time: 0.00651188s
[t=0.0119671s, 17608 KB] Total time: 0.0119671s
Solution found.
Peak memory: 17608 KB
Remove intermediate file output.sas
search exit code: 0

INFO     Running validate.
INFO     validate stdin: None
INFO     validate time limit: None
INFO     validate memory limit: None
INFO     validate command line string: validate domain.pddl problem.pddl sas_plan
