INFO     Running translator.
INFO     translator stdin: None
INFO     translator time limit: 1799.96s
INFO     translator memory limit: 3584 MB
INFO     translator command line string: /infai/weidan00/downward/experiments/bachelor/.venv/bin/python3 /infai/weidan00/downward/experiments/bachelor/data/bachelor-v1/code-7aa5f34_e5e41175/builds/release/bin/translate/translate.py domain.pddl problem.pddl --sas-file output.sas
Parsing...
Parsing: [0.000s CPU, 0.006s wall-clock]
Normalizing task... [0.000s CPU, 0.000s wall-clock]
Instantiating...
Generating Datalog program... [0.010s CPU, 0.001s wall-clock]
Normalizing Datalog program...
Normalizing Datalog program: [0.000s CPU, 0.002s wall-clock]
Preparing model... [0.000s CPU, 0.004s wall-clock]
Generated 65 rules.
Computing model... [0.020s CPU, 0.023s wall-clock]
2112 relevant atoms
396 auxiliary atoms
2508 final queue length
6611 total queue pushes
Completing instantiation... [0.100s CPU, 0.095s wall-clock]
Instantiating: [0.130s CPU, 0.126s wall-clock]
Computing fact groups...
Finding invariants...
21 initial candidates
Finding invariants: [0.000s CPU, 0.005s wall-clock]
Checking invariant weight... [0.000s CPU, 0.000s wall-clock]
Instantiating groups... [0.000s CPU, 0.000s wall-clock]
Collecting mutex groups... [0.000s CPU, 0.000s wall-clock]
Choosing groups...
802 uncovered facts
Choosing groups: [0.000s CPU, 0.000s wall-clock]
Building translation key... [0.000s CPU, 0.003s wall-clock]
Computing fact groups: [0.010s CPU, 0.017s wall-clock]
Building STRIPS to SAS dictionary... [0.000s CPU, 0.001s wall-clock]
Building dictionary for full mutex groups... [0.010s CPU, 0.001s wall-clock]
Building mutex information...
Building mutex information: [0.000s CPU, 0.001s wall-clock]
Translating task...
Processing axioms...
Simplifying axioms... [0.000s CPU, 0.000s wall-clock]
Processing axioms: [0.000s CPU, 0.008s wall-clock]
Translating task: [0.160s CPU, 0.165s wall-clock]
4609 effect conditions simplified
0 implied preconditions added
Detecting unreachable propositions...
0 operators removed
0 axioms removed
34 propositions removed
Detecting unreachable propositions: [0.050s CPU, 0.056s wall-clock]
Reordering and filtering variables...
414 of 785 variables necessary.
0 of 0 mutex groups necessary.
1081 of 1081 operators necessary.
0 of 0 axiom rules necessary.
Reordering and filtering variables: [0.080s CPU, 0.064s wall-clock]
Translator variables: 414
Translator derived variables: 0
Translator facts: 828
Translator goal facts: 45
Translator mutex groups: 0
Translator total mutex groups size: 0
Translator operators: 1081
Translator axioms: 0
Translator task size: 10441
Translator peak memory: 153804 KB
Writing output... [0.020s CPU, 0.021s wall-clock]
Done! [0.460s CPU, 0.464s wall-clock]
translate exit code: 0

INFO     Running search (release).
INFO     search stdin: output.sas
INFO     search time limit: 1799.44s
INFO     search memory limit: 3584 MB
INFO     search command line string: /infai/weidan00/downward/experiments/bachelor/data/bachelor-v1/code-7aa5f34_e5e41175/builds/release/bin/downward --search 'eager_wastar([pinch_tracking()], w=2)' --internal-plan-file sas_plan < output.sas
[t=6.3898e-05s, 17204 KB] reading input...
[t=0.0107594s, 17656 KB] done reading input!
[t=0.0133171s, 18248 KB] Simplifying 4607 unary operators... done! [3675 unary operators]
[t=0.0172126s, 18644 KB] time to simplify: 0.00403663s
[t=0.0176796s, 18644 KB] Initializing pinch tracking heuristic...
[t=0.0178557s, 18644 KB] Building successor generator...done!
[t=0.0185429s, 18644 KB] peak memory difference for successor generator creation: 0 KB
[t=0.0185844s, 18644 KB] time for successor generation creation: 0.000542991s
[t=0.0186437s, 18644 KB] Variables: 414
[t=0.0186844s, 18644 KB] FactPairs: 828
[t=0.0187251s, 18644 KB] Bytes per state: 52
[t=0.0188684s, 18644 KB] Conducting best first search with reopening closed nodes, (real) bound = 2147483647
[t=0.0193564s, 18644 KB] New best heuristic value for pinch_tracking: 45
[t=0.0194217s, 18644 KB] g=0, 1 evaluated, 0 expanded
[t=0.0194788s, 18644 KB] Initial heuristic value for pinch_tracking: 45
[t=0.0195239s, 18644 KB] pruning method: none
[t=0.0250506s, 18644 KB] New best heuristic value for pinch_tracking: 44
[t=0.0251154s, 18644 KB] g=1, 62 evaluated, 1 expanded
[t=0.0688811s, 18644 KB] New best heuristic value for pinch_tracking: 43
[t=0.0689697s, 18644 KB] g=1, 645 evaluated, 1 expanded
[t=0.076672s, 18644 KB] New best heuristic value for pinch_tracking: 42
[t=0.0767346s, 18644 KB] g=2, 816 evaluated, 2 expanded
[t=2.42534s, 24524 KB] New best heuristic value for pinch_tracking: 41
[t=2.42544s, 24524 KB] g=4, 48871 evaluated, 117 expanded
[t=2.46652s, 24524 KB] New best heuristic value for pinch_tracking: 40
[t=2.46662s, 24524 KB] g=4, 49454 evaluated, 117 expanded
[t=2.48343s, 24524 KB] New best heuristic value for pinch_tracking: 39
[t=2.48352s, 24524 KB] g=5, 49711 evaluated, 118 expanded
[t=4.14881s, 29952 KB] New best heuristic value for pinch_tracking: 38
[t=4.14892s, 29952 KB] g=7, 90624 evaluated, 226 expanded
[t=4.19783s, 30088 KB] New best heuristic value for pinch_tracking: 37
[t=4.19792s, 30088 KB] g=8, 91397 evaluated, 227 expanded
[t=5.24273s, 34028 KB] New best heuristic value for pinch_tracking: 36
[t=5.24283s, 34028 KB] g=9, 121076 evaluated, 294 expanded
[t=5.25181s, 34028 KB] New best heuristic value for pinch_tracking: 35
[t=5.2519s, 34028 KB] g=10, 121177 evaluated, 295 expanded
[t=5.30218s, 34028 KB] New best heuristic value for pinch_tracking: 34
[t=5.30227s, 34028 KB] g=11, 121965 evaluated, 296 expanded
[t=10.0189s, 49200 KB] New best heuristic value for pinch_tracking: 33
[t=10.019s, 49200 KB] g=13, 235178 evaluated, 595 expanded
[t=10.0387s, 49200 KB] New best heuristic value for pinch_tracking: 32
[t=10.0388s, 49200 KB] g=14, 235424 evaluated, 596 expanded
[t=10.0887s, 49200 KB] New best heuristic value for pinch_tracking: 31
[t=10.0888s, 49200 KB] g=15, 236159 evaluated, 597 expanded
[t=12.176s, 59096 KB] New best heuristic value for pinch_tracking: 30
[t=12.1761s, 59096 KB] g=17, 296725 evaluated, 788 expanded
[t=12.2078s, 59228 KB] New best heuristic value for pinch_tracking: 29
[t=12.2079s, 59228 KB] g=18, 297128 evaluated, 789 expanded
[t=13.0494s, 61284 KB] New best heuristic value for pinch_tracking: 28
[t=13.0495s, 61284 KB] g=20, 322275 evaluated, 861 expanded
[t=13.0895s, 61284 KB] New best heuristic value for pinch_tracking: 27
[t=13.0896s, 61284 KB] g=21, 322751 evaluated, 862 expanded
[t=15.8687s, 68276 KB] New best heuristic value for pinch_tracking: 26
[t=15.8688s, 68276 KB] g=23, 407617 evaluated, 1141 expanded
[t=15.9146s, 68276 KB] New best heuristic value for pinch_tracking: 25
[t=15.9147s, 68276 KB] g=24, 408164 evaluated, 1142 expanded
[t=19.082s, 80232 KB] New best heuristic value for pinch_tracking: 24
[t=19.0821s, 80232 KB] g=26, 501834 evaluated, 1448 expanded
[t=19.1263s, 80232 KB] New best heuristic value for pinch_tracking: 23
[t=19.1264s, 80232 KB] g=27, 502430 evaluated, 1449 expanded
[t=22.2559s, 100132 KB] New best heuristic value for pinch_tracking: 22
[t=22.256s, 100132 KB] g=29, 596562 evaluated, 1761 expanded
[t=22.2798s, 100132 KB] New best heuristic value for pinch_tracking: 21
[t=22.2799s, 100132 KB] g=30, 596866 evaluated, 1762 expanded
[t=25.6326s, 108240 KB] New best heuristic value for pinch_tracking: 20
[t=25.6327s, 108240 KB] g=32, 694988 evaluated, 2086 expanded
[t=25.6845s, 108240 KB] New best heuristic value for pinch_tracking: 19
[t=25.6845s, 108240 KB] g=33, 695700 evaluated, 2087 expanded
[t=29.169s, 116264 KB] New best heuristic value for pinch_tracking: 18
[t=29.1691s, 116264 KB] g=35, 793871 evaluated, 2419 expanded
[t=29.2012s, 116400 KB] New best heuristic value for pinch_tracking: 17
[t=29.2013s, 116400 KB] g=36, 794248 evaluated, 2420 expanded
[t=37.3766s, 142676 KB] New best heuristic value for pinch_tracking: 16
[t=37.3767s, 142676 KB] g=38, 1014285 evaluated, 3200 expanded
[t=357.5s, 1441792 KB] New best heuristic value for pinch_tracking: 15
[t=357.5s, 1441792 KB] g=40, 10942665 evaluated, 54666 expanded
Failed to allocate memory.
Memory limit has been reached.
Peak memory: 3373892 KB
Remove intermediate file output.sas
search exit code: 22

Driver aborting after search
