INFO     Running translator.
INFO     translator stdin: None
INFO     translator time limit: 1799.96s
INFO     translator memory limit: 3584 MB
INFO     translator command line string: /infai/weidan00/downward/experiments/bachelor/.venv/bin/python3 /infai/weidan00/downward/experiments/bachelor/data/bachelor-v1/code-7aa5f34_e5e41175/builds/release/bin/translate/translate.py domain.pddl problem.pddl --sas-file output.sas
Parsing...
Parsing: [0.010s CPU, 0.007s wall-clock]
Normalizing task... [0.000s CPU, 0.000s wall-clock]
Instantiating...
Generating Datalog program... [0.000s CPU, 0.002s wall-clock]
Normalizing Datalog program...
Normalizing Datalog program: [0.000s CPU, 0.002s wall-clock]
Preparing model... [0.010s CPU, 0.004s wall-clock]
Generated 65 rules.
Computing model... [0.020s CPU, 0.025s wall-clock]
2299 relevant atoms
428 auxiliary atoms
2727 final queue length
7187 total queue pushes
Completing instantiation... [0.100s CPU, 0.105s wall-clock]
Instantiating: [0.130s CPU, 0.139s wall-clock]
Computing fact groups...
Finding invariants...
21 initial candidates
Finding invariants: [0.010s CPU, 0.004s wall-clock]
Checking invariant weight... [0.000s CPU, 0.000s wall-clock]
Instantiating groups... [0.000s CPU, 0.000s wall-clock]
Collecting mutex groups... [0.000s CPU, 0.000s wall-clock]
Choosing groups...
881 uncovered facts
Choosing groups: [0.000s CPU, 0.000s wall-clock]
Building translation key... [0.000s CPU, 0.004s wall-clock]
Computing fact groups: [0.020s CPU, 0.017s wall-clock]
Building STRIPS to SAS dictionary... [0.000s CPU, 0.001s wall-clock]
Building dictionary for full mutex groups... [0.000s CPU, 0.001s wall-clock]
Building mutex information...
Building mutex information: [0.000s CPU, 0.001s wall-clock]
Translating task...
Processing axioms...
Simplifying axioms... [0.000s CPU, 0.000s wall-clock]
Processing axioms: [0.010s CPU, 0.009s wall-clock]
Translating task: [0.180s CPU, 0.177s wall-clock]
5035 effect conditions simplified
0 implied preconditions added
Detecting unreachable propositions...
0 operators removed
0 axioms removed
20 propositions removed
Detecting unreachable propositions: [0.060s CPU, 0.060s wall-clock]
Reordering and filtering variables...
450 of 871 variables necessary.
0 of 0 mutex groups necessary.
1177 of 1177 operators necessary.
0 of 0 axiom rules necessary.
Reordering and filtering variables: [0.070s CPU, 0.072s wall-clock]
Translator variables: 450
Translator derived variables: 0
Translator facts: 900
Translator goal facts: 49
Translator mutex groups: 0
Translator total mutex groups size: 0
Translator operators: 1177
Translator axioms: 0
Translator task size: 11327
Translator peak memory: 154828 KB
Writing output... [0.020s CPU, 0.026s wall-clock]
Done! [0.500s CPU, 0.506s wall-clock]
translate exit code: 0

INFO     Running search (release).
INFO     search stdin: output.sas
INFO     search time limit: 1799.41s
INFO     search memory limit: 3584 MB
INFO     search command line string: /infai/weidan00/downward/experiments/bachelor/data/bachelor-v1/code-7aa5f34_e5e41175/builds/release/bin/downward --search 'eager_wastar([add()], w=2)' --internal-plan-file sas_plan < output.sas
[t=6.4123e-05s, 17204 KB] reading input...
[t=0.0116514s, 17812 KB] done reading input!
[t=0.0143256s, 18432 KB] Simplifying 4977 unary operators... done! [3978 unary operators]
[t=0.01851s, 18696 KB] time to simplify: 0.00434523s
[t=0.0190104s, 18696 KB] Initializing additive heuristic...
[t=0.0191963s, 18696 KB] Building successor generator...done!
[t=0.019932s, 18696 KB] peak memory difference for successor generator creation: 0 KB
[t=0.0199729s, 18696 KB] time for successor generation creation: 0.000596048s
[t=0.0200399s, 18696 KB] Variables: 450
[t=0.0200807s, 18696 KB] FactPairs: 900
[t=0.0201203s, 18696 KB] Bytes per state: 60
[t=0.0202649s, 18696 KB] Conducting best first search with reopening closed nodes, (real) bound = 2147483647
[t=0.0204537s, 18696 KB] New best heuristic value for add: 49
[t=0.0204984s, 18696 KB] g=0, 1 evaluated, 0 expanded
[t=0.0205509s, 18696 KB] Initial heuristic value for add: 49
[t=0.0205919s, 18696 KB] pruning method: none
[t=0.0222797s, 18696 KB] New best heuristic value for add: 48
[t=0.0223334s, 18696 KB] g=1, 26 evaluated, 1 expanded
[t=0.0674781s, 18696 KB] New best heuristic value for add: 47
[t=0.0675673s, 18696 KB] g=1, 741 evaluated, 1 expanded
[t=0.0737794s, 18696 KB] New best heuristic value for add: 46
[t=0.073843s, 18696 KB] g=2, 840 evaluated, 2 expanded
[t=2.23505s, 21756 KB] New best heuristic value for add: 45
[t=2.23516s, 21756 KB] g=4, 35819 evaluated, 83 expanded
[t=2.28861s, 21892 KB] New best heuristic value for add: 44
[t=2.28872s, 21892 KB] g=5, 36686 evaluated, 84 expanded
[t=2.33159s, 21892 KB] New best heuristic value for add: 43
[t=2.3317s, 21892 KB] g=6, 37407 evaluated, 85 expanded
[t=4.53152s, 25620 KB] New best heuristic value for add: 42
[t=4.53163s, 25620 KB] g=8, 74873 evaluated, 218 expanded
[t=4.58401s, 25620 KB] New best heuristic value for add: 41
[t=4.58411s, 25620 KB] g=9, 75738 evaluated, 219 expanded
[t=4.63021s, 25756 KB] New best heuristic value for add: 40
[t=4.63032s, 25756 KB] g=10, 76514 evaluated, 220 expanded
[t=6.45217s, 28308 KB] New best heuristic value for add: 39
[t=6.45227s, 28308 KB] g=12, 107765 evaluated, 343 expanded
[t=6.49683s, 28308 KB] New best heuristic value for add: 38
[t=6.49693s, 28308 KB] g=13, 108508 evaluated, 344 expanded
[t=6.54369s, 28444 KB] New best heuristic value for add: 37
[t=6.5438s, 28444 KB] g=14, 109303 evaluated, 345 expanded
[t=8.93821s, 32944 KB] New best heuristic value for add: 36
[t=8.93832s, 32944 KB] g=16, 150472 evaluated, 491 expanded
[t=8.98565s, 32944 KB] New best heuristic value for add: 35
[t=8.98575s, 32944 KB] g=17, 151272 evaluated, 492 expanded
[t=9.02357s, 33080 KB] New best heuristic value for add: 34
[t=9.02368s, 33080 KB] g=18, 151923 evaluated, 493 expanded
[t=10.7755s, 35608 KB] New best heuristic value for add: 33
[t=10.7756s, 35608 KB] g=20, 182264 evaluated, 620 expanded
[t=23.1151s, 55372 KB] New best heuristic value for add: 32
[t=23.1153s, 55372 KB] g=22, 394091 evaluated, 1625 expanded
[t=25.3423s, 58460 KB] New best heuristic value for add: 31
[t=25.3425s, 58460 KB] g=23, 431584 evaluated, 1702 expanded
[t=29.9147s, 69020 KB] New best heuristic value for add: 30
[t=29.9148s, 69020 KB] g=25, 510338 evaluated, 1948 expanded
[t=29.9172s, 69020 KB] New best heuristic value for add: 29
[t=29.9172s, 69020 KB] g=26, 510376 evaluated, 1949 expanded
[t=34.8702s, 76152 KB] New best heuristic value for add: 28
[t=34.8703s, 76152 KB] g=28, 596210 evaluated, 2211 expanded
[t=34.8775s, 76152 KB] New best heuristic value for add: 27
[t=34.8776s, 76152 KB] g=29, 596332 evaluated, 2212 expanded
[t=39.9522s, 83540 KB] New best heuristic value for add: 26
[t=39.9523s, 83540 KB] g=31, 684852 evaluated, 2484 expanded
[t=39.9602s, 83540 KB] New best heuristic value for add: 25
[t=39.9602s, 83540 KB] g=32, 684987 evaluated, 2485 expanded
[t=45.231s, 91224 KB] New best heuristic value for add: 24
[t=45.2311s, 91224 KB] g=34, 777281 evaluated, 2770 expanded
[t=45.2431s, 91224 KB] New best heuristic value for add: 23
[t=45.2431s, 91224 KB] g=35, 777487 evaluated, 2771 expanded
[t=50.8088s, 115404 KB] New best heuristic value for add: 22
[t=50.8089s, 115404 KB] g=37, 874389 evaluated, 3072 expanded
[t=50.8257s, 115404 KB] New best heuristic value for add: 21
[t=50.8258s, 115404 KB] g=38, 874682 evaluated, 3073 expanded
[t=56.5478s, 115820 KB] New best heuristic value for add: 20
[t=56.5479s, 115820 KB] g=40, 975965 evaluated, 3390 expanded
[t=56.566s, 115820 KB] New best heuristic value for add: 19
[t=56.5661s, 115820 KB] g=41, 976283 evaluated, 3391 expanded
[t=62.4126s, 124564 KB] New best heuristic value for add: 18
[t=62.4128s, 124564 KB] g=43, 1080926 evaluated, 3721 expanded
[t=69.9679s, 135944 KB] New best heuristic value for add: 17
[t=69.968s, 135944 KB] g=45, 1217434 evaluated, 4180 expanded
[t=90.8502s, 166772 KB] New best heuristic value for add: 16
[t=90.8503s, 166772 KB] g=47, 1590540 evaluated, 5206 expanded
[t=134.527s, 247920 KB] New best heuristic value for add: 15
[t=134.527s, 247920 KB] g=49, 2370511 evaluated, 7410 expanded
Peak memory: 3192088 KB
caught signal 24 -- exiting
Time limit has been reached.
Remove intermediate file output.sas
search exit code: 23

Driver aborting after search
