INFO     Running translator.
INFO     translator stdin: None
INFO     translator time limit: 1799.96s
INFO     translator memory limit: 3584 MB
INFO     translator command line string: /infai/weidan00/downward/experiments/bachelor/.venv/bin/python3 /infai/weidan00/downward/experiments/bachelor/data/bachelor-v1/code-7aa5f34_e5e41175/builds/release/bin/translate/translate.py domain.pddl problem.pddl --sas-file output.sas
Parsing...
Parsing: [0.000s CPU, 0.005s wall-clock]
Normalizing task... [0.000s CPU, 0.000s wall-clock]
Instantiating...
Generating Datalog program... [0.000s CPU, 0.001s wall-clock]
Normalizing Datalog program...
Normalizing Datalog program: [0.010s CPU, 0.006s wall-clock]
Preparing model... [0.000s CPU, 0.003s wall-clock]
Generated 125 rules.
Computing model... [0.160s CPU, 0.156s wall-clock]
9718 relevant atoms
2218 auxiliary atoms
11936 final queue length
42282 total queue pushes
Completing instantiation... [0.640s CPU, 0.641s wall-clock]
Instantiating: [0.810s CPU, 0.811s wall-clock]
Computing fact groups...
Finding invariants...
15 initial candidates
Finding invariants: [0.020s CPU, 0.022s wall-clock]
Checking invariant weight... [0.010s CPU, 0.001s wall-clock]
Instantiating groups... [0.010s CPU, 0.005s wall-clock]
Collecting mutex groups... [0.000s CPU, 0.000s wall-clock]
Choosing groups...
18 uncovered facts
Choosing groups: [0.000s CPU, 0.001s wall-clock]
Building translation key... [0.000s CPU, 0.000s wall-clock]
Computing fact groups: [0.040s CPU, 0.031s wall-clock]
Building STRIPS to SAS dictionary... [0.000s CPU, 0.000s wall-clock]
Building dictionary for full mutex groups... [0.000s CPU, 0.000s wall-clock]
Building mutex information...
not in strips_to_sas, left out: Atom bottomcol(c0)
not in strips_to_sas, left out: Atom bottomcol(d0)
not in strips_to_sas, left out: Atom bottomcol(h0)
not in strips_to_sas, left out: Atom bottomcol(s0)
Building mutex information: [0.000s CPU, 0.000s wall-clock]
Translating task...
Processing axioms...
Simplifying axioms... [0.000s CPU, 0.000s wall-clock]
Processing axioms: [0.030s CPU, 0.026s wall-clock]
Translating task: [0.600s CPU, 0.601s wall-clock]
3656 effect conditions simplified
0 implied preconditions added
Detecting unreachable propositions...
0 operators removed
0 axioms removed
12 propositions removed
Detecting unreachable propositions: [0.320s CPU, 0.333s wall-clock]
Reordering and filtering variables...
46 of 46 variables necessary.
54 of 82 mutex groups necessary.
9352 of 9352 operators necessary.
0 of 0 axiom rules necessary.
Reordering and filtering variables: [0.100s CPU, 0.098s wall-clock]
Translator variables: 46
Translator derived variables: 0
Translator facts: 198
Translator goal facts: 4
Translator mutex groups: 54
Translator total mutex groups size: 243
Translator operators: 9352
Translator axioms: 0
Translator task size: 77191
Translator peak memory: 198604 KB
Writing output... [0.130s CPU, 0.140s wall-clock]
Done! [2.030s CPU, 2.050s wall-clock]
translate exit code: 0

INFO     Running search (release).
INFO     search stdin: output.sas
INFO     search time limit: 1797.84s
INFO     search memory limit: 3584 MB
INFO     search command line string: /infai/weidan00/downward/experiments/bachelor/data/bachelor-v1/code-7aa5f34_e5e41175/builds/release/bin/downward --search 'eager_wastar([pinch_tracking()], w=2)' --internal-plan-file sas_plan < output.sas
[t=6.7036e-05s, 17204 KB] reading input...
[t=0.0662913s, 20336 KB] done reading input!
[t=0.0738379s, 23104 KB] Simplifying 35236 unary operators... done! [35236 unary operators]
[t=0.136647s, 26296 KB] time to simplify: 0.062921s
[t=0.138672s, 26296 KB] Initializing pinch tracking heuristic...
[t=0.138901s, 26296 KB] Building successor generator...done!
[t=0.143311s, 26296 KB] peak memory difference for successor generator creation: 0 KB
[t=0.14336s, 26296 KB] time for successor generation creation: 0.00422355s
[t=0.143494s, 26296 KB] Variables: 46
[t=0.143537s, 26296 KB] FactPairs: 198
[t=0.143576s, 26296 KB] Bytes per state: 12
[t=0.143746s, 26296 KB] Conducting best first search with reopening closed nodes, (real) bound = 2147483647
[t=0.147608s, 26296 KB] New best heuristic value for pinch_tracking: 39
[t=0.147727s, 26296 KB] g=0, 1 evaluated, 0 expanded
[t=0.147784s, 26296 KB] Initial heuristic value for pinch_tracking: 39
[t=0.147826s, 26296 KB] pruning method: none
[t=0.148402s, 26296 KB] New best heuristic value for pinch_tracking: 35
[t=0.148466s, 26296 KB] g=1, 2 evaluated, 1 expanded
[t=0.193109s, 26296 KB] New best heuristic value for pinch_tracking: 34
[t=0.193229s, 26296 KB] g=2, 17 evaluated, 2 expanded
[t=0.200851s, 26296 KB] New best heuristic value for pinch_tracking: 32
[t=0.200965s, 26296 KB] g=2, 19 evaluated, 2 expanded
[t=0.23025s, 26296 KB] New best heuristic value for pinch_tracking: 31
[t=0.230364s, 26296 KB] g=3, 31 evaluated, 3 expanded
[t=0.240417s, 26296 KB] New best heuristic value for pinch_tracking: 30
[t=0.240534s, 26296 KB] g=3, 35 evaluated, 3 expanded
[t=0.263871s, 26296 KB] New best heuristic value for pinch_tracking: 29
[t=0.263988s, 26296 KB] g=4, 45 evaluated, 4 expanded
[t=0.275754s, 26296 KB] New best heuristic value for pinch_tracking: 28
[t=0.275867s, 26296 KB] g=4, 51 evaluated, 4 expanded
[t=0.29236s, 26296 KB] New best heuristic value for pinch_tracking: 27
[t=0.292474s, 26296 KB] g=5, 60 evaluated, 5 expanded
[t=0.308692s, 26296 KB] New best heuristic value for pinch_tracking: 26
[t=0.308807s, 26296 KB] g=5, 69 evaluated, 5 expanded
[t=0.317285s, 26296 KB] New best heuristic value for pinch_tracking: 24
[t=0.317401s, 26296 KB] g=6, 74 evaluated, 6 expanded
[t=0.357224s, 26296 KB] New best heuristic value for pinch_tracking: 23
[t=0.357343s, 26296 KB] g=7, 92 evaluated, 7 expanded
[t=0.387159s, 26296 KB] New best heuristic value for pinch_tracking: 22
[t=0.387277s, 26296 KB] g=8, 109 evaluated, 8 expanded
[t=0.39896s, 26296 KB] New best heuristic value for pinch_tracking: 21
[t=0.399074s, 26296 KB] g=8, 116 evaluated, 8 expanded
[t=0.412958s, 26296 KB] New best heuristic value for pinch_tracking: 20
[t=0.413069s, 26296 KB] g=9, 127 evaluated, 9 expanded
[t=0.43088s, 26296 KB] New best heuristic value for pinch_tracking: 19
[t=0.430998s, 26296 KB] g=9, 140 evaluated, 9 expanded
[t=0.434458s, 26296 KB] New best heuristic value for pinch_tracking: 17
[t=0.434568s, 26296 KB] g=10, 143 evaluated, 10 expanded
[t=0.476835s, 26296 KB] New best heuristic value for pinch_tracking: 16
[t=0.476953s, 26296 KB] g=11, 169 evaluated, 11 expanded
[t=0.495171s, 26296 KB] New best heuristic value for pinch_tracking: 15
[t=0.495285s, 26296 KB] g=12, 183 evaluated, 12 expanded
[t=0.530906s, 26296 KB] New best heuristic value for pinch_tracking: 14
[t=0.531021s, 26296 KB] g=13, 205 evaluated, 13 expanded
[t=0.55406s, 26296 KB] New best heuristic value for pinch_tracking: 13
[t=0.55417s, 26296 KB] g=14, 220 evaluated, 14 expanded
[t=0.575786s, 26296 KB] New best heuristic value for pinch_tracking: 12
[t=0.575907s, 26296 KB] g=15, 236 evaluated, 15 expanded
[t=0.601718s, 26296 KB] New best heuristic value for pinch_tracking: 10
[t=0.601837s, 26296 KB] g=16, 254 evaluated, 16 expanded
[t=0.626346s, 26296 KB] New best heuristic value for pinch_tracking: 9
[t=0.626459s, 26296 KB] g=17, 273 evaluated, 17 expanded
[t=0.62973s, 26296 KB] New best heuristic value for pinch_tracking: 8
[t=0.629842s, 26296 KB] g=17, 275 evaluated, 17 expanded
[t=0.646895s, 26296 KB] New best heuristic value for pinch_tracking: 7
[t=0.64701s, 26296 KB] g=18, 290 evaluated, 18 expanded
[t=0.661283s, 26296 KB] New best heuristic value for pinch_tracking: 6
[t=0.6614s, 26296 KB] g=19, 304 evaluated, 19 expanded
[t=0.67352s, 26296 KB] New best heuristic value for pinch_tracking: 5
[t=0.673634s, 26296 KB] g=20, 317 evaluated, 20 expanded
[t=0.683681s, 26296 KB] New best heuristic value for pinch_tracking: 4
[t=0.683793s, 26296 KB] g=21, 328 evaluated, 21 expanded
[t=0.690859s, 26296 KB] New best heuristic value for pinch_tracking: 3
[t=0.690973s, 26296 KB] g=22, 335 evaluated, 22 expanded
[t=0.697868s, 26296 KB] New best heuristic value for pinch_tracking: 2
[t=0.697984s, 26296 KB] g=23, 342 evaluated, 23 expanded
[t=0.701281s, 26296 KB] New best heuristic value for pinch_tracking: 1
[t=0.701391s, 26296 KB] g=24, 346 evaluated, 24 expanded
[t=0.705272s, 26296 KB] New best heuristic value for pinch_tracking: 0
[t=0.705382s, 26296 KB] g=25, 350 evaluated, 25 expanded
[t=0.706086s, 26296 KB] Solution found!
[t=0.706169s, 26296 KB] Actual search time: 0.55834s
sendtohome da d2 d n1 d0 n0 (1)
sendtohome d2 h3 d n2 da n1 (1)
sendtofree h2 c4 n4 n3 (1)
sendtofree c3 c5 n3 n2 (1)
sendtofree h4 ha n2 n1 (1)
sendtohome ha d5 h n1 h0 n0 (1)
homefromfreecell h2 h n2 ha n1 n1 n2 (1)
sendtohome h3 d4 h n3 h2 n2 (1)
sendtofree s4 sa n2 n1 (1)
sendtohome sa d3 s n1 s0 n0 (1)
sendtohome-b d3 d n3 d2 n2 n0 n1 (1)
sendtofree s5 ca n1 n0 (1)
sendtohome-b ca c n1 c0 n0 n1 n2 (1)
sendtohome-b c2 c n2 ca n1 n2 n3 (1)
homefromfreecell c3 c n3 c2 n2 n0 n1 (1)
sendtohome c4 s2 c n4 c3 n3 (1)
sendtohome c5 s3 c n5 c4 n4 (1)
sendtohome-b s2 s n2 sa n1 n3 n4 (1)
sendtohome-b s3 s n3 s2 n2 n4 n5 (1)
homefromfreecell s4 s n4 s3 n3 n1 n2 (1)
sendtohome-b d4 d n4 d3 n3 n5 n6 (1)
sendtohome-b d5 d n5 d4 n4 n6 n7 (1)
homefromfreecell h4 h n4 h3 n3 n2 n3 (1)
sendtohome-b h5 h n5 h4 n4 n7 n8 (1)
homefromfreecell s5 s n5 s4 n4 n3 n4 (1)
[t=0.706214s, 26296 KB] Plan length: 25 step(s).
[t=0.706214s, 26296 KB] Plan cost: 25
[t=0.706214s, 26296 KB] Expanded 26 state(s).
[t=0.706214s, 26296 KB] Reopened 0 state(s).
[t=0.706214s, 26296 KB] Evaluated 351 state(s).
[t=0.706214s, 26296 KB] Evaluations: 351
[t=0.706214s, 26296 KB] Generated 357 state(s).
[t=0.706214s, 26296 KB] Dead ends: 0 state(s).
[t=0.706214s, 26296 KB] Number of registered states: 351
[t=0.706214s, 26296 KB] Int hash set load factor: 351/512 = 0.685547
[t=0.706214s, 26296 KB] Int hash set resizes: 9
[t=0.706214s, 26296 KB] mean number of q cost that have been adjusted 0 times in relation to total number of q: -1
[t=0.706214s, 26296 KB] mean number of q cost that have been adjusted 1 times in relation to total number of q: -1
[t=0.706214s, 26296 KB] mean number of q cost that have been adjusted 2 times in relation to total number of q: -1
[t=0.706214s, 26296 KB] mean number of q that are at some point overconsitent in relation to total number of q: -1
[t=0.706214s, 26296 KB] mean number of q that are at first underconsisten in relation to total number of q: -1
[t=0.706214s, 26296 KB] mean number of state variables that are not in common between two following states in relation to total number of state variables: -1
[t=0.706214s, 26296 KB] variance number of state variables that are not in common between two following states in relation to total number of state variables: -1
[t=0.706214s, 26296 KB] Search time: 0.562469s
[t=0.706214s, 26296 KB] Total time: 0.706214s
Solution found.
Peak memory: 26296 KB
Remove intermediate file output.sas
search exit code: 0

INFO     Running validate.
INFO     validate stdin: None
INFO     validate time limit: None
INFO     validate memory limit: None
INFO     validate command line string: validate domain.pddl problem.pddl sas_plan
