INFO     Running translator.
INFO     translator stdin: None
INFO     translator time limit: 1799.95s
INFO     translator memory limit: 3584 MB
INFO     translator command line string: /infai/weidan00/downward/experiments/bachelor/.venv/bin/python3 /infai/weidan00/downward/experiments/bachelor/data/bachelor-v1/code-7aa5f34_e5e41175/builds/release/bin/translate/translate.py domain.pddl problem.pddl --sas-file output.sas
Parsing...
Parsing: [0.000s CPU, 0.002s wall-clock]
Normalizing task... [0.000s CPU, 0.000s wall-clock]
Instantiating...
Generating Datalog program... [0.000s CPU, 0.000s wall-clock]
Normalizing Datalog program...
Normalizing Datalog program: [0.000s CPU, 0.002s wall-clock]
Preparing model... [0.000s CPU, 0.001s wall-clock]
Generated 21 rules.
Computing model... [0.010s CPU, 0.003s wall-clock]
198 relevant atoms
133 auxiliary atoms
331 final queue length
542 total queue pushes
Completing instantiation... [0.000s CPU, 0.005s wall-clock]
Instantiating: [0.010s CPU, 0.011s wall-clock]
Computing fact groups...
Finding invariants...
10 initial candidates
Finding invariants: [0.010s CPU, 0.004s wall-clock]
Checking invariant weight... [0.000s CPU, 0.000s wall-clock]
Instantiating groups... [0.000s CPU, 0.000s wall-clock]
Collecting mutex groups... [0.000s CPU, 0.000s wall-clock]
Choosing groups...
8 uncovered facts
Choosing groups: [0.000s CPU, 0.000s wall-clock]
Building translation key... [0.000s CPU, 0.000s wall-clock]
Computing fact groups: [0.010s CPU, 0.005s wall-clock]
Building STRIPS to SAS dictionary... [0.000s CPU, 0.000s wall-clock]
Building dictionary for full mutex groups... [0.000s CPU, 0.000s wall-clock]
Building mutex information...
Building mutex information: [0.000s CPU, 0.000s wall-clock]
Translating task...
Processing axioms...
Simplifying axioms... [0.000s CPU, 0.000s wall-clock]
Processing axioms: [0.000s CPU, 0.000s wall-clock]
Translating task: [0.000s CPU, 0.006s wall-clock]
140 effect conditions simplified
0 implied preconditions added
Detecting unreachable propositions...
0 operators removed
0 axioms removed
14 propositions removed
Detecting unreachable propositions: [0.010s CPU, 0.003s wall-clock]
Reordering and filtering variables...
15 of 15 variables necessary.
8 of 15 mutex groups necessary.
98 of 98 operators necessary.
0 of 0 axiom rules necessary.
Reordering and filtering variables: [0.000s CPU, 0.002s wall-clock]
Translator variables: 15
Translator derived variables: 0
Translator facts: 72
Translator goal facts: 6
Translator mutex groups: 8
Translator total mutex groups size: 64
Translator operators: 98
Translator axioms: 0
Translator task size: 871
Translator peak memory: 142796 KB
Writing output... [0.000s CPU, 0.004s wall-clock]
Done! [0.030s CPU, 0.034s wall-clock]
translate exit code: 0

INFO     Running search (release).
INFO     search stdin: output.sas
INFO     search time limit: 1799.86s
INFO     search memory limit: 3584 MB
INFO     search command line string: /infai/weidan00/downward/experiments/bachelor/data/bachelor-v1/code-7aa5f34_e5e41175/builds/release/bin/downward --search 'eager_wastar([pinch_tracking()], w=2)' --internal-plan-file sas_plan < output.sas
[t=6.7497e-05s, 17204 KB] reading input...
[t=0.00108024s, 17212 KB] done reading input!
[t=0.0029891s, 17608 KB] Simplifying 378 unary operators... done! [294 unary operators]
[t=0.00331841s, 17608 KB] time to simplify: 0.000387715s
[t=0.00342181s, 17608 KB] Initializing pinch tracking heuristic...
[t=0.00353915s, 17608 KB] Building successor generator...done!
[t=0.00372544s, 17608 KB] peak memory difference for successor generator creation: 0 KB
[t=0.00377474s, 17608 KB] time for successor generation creation: 6.7799e-05s
[t=0.00383177s, 17608 KB] Variables: 15
[t=0.00387308s, 17608 KB] FactPairs: 72
[t=0.00391344s, 17608 KB] Bytes per state: 4
[t=0.00403548s, 17608 KB] Conducting best first search with reopening closed nodes, (real) bound = 2147483647
[t=0.00417966s, 17608 KB] New best heuristic value for pinch_tracking: 51
[t=0.00422392s, 17608 KB] g=0, 1 evaluated, 0 expanded
[t=0.00427275s, 17608 KB] Initial heuristic value for pinch_tracking: 51
[t=0.00431474s, 17608 KB] pruning method: none
[t=0.00445946s, 17608 KB] New best heuristic value for pinch_tracking: 40
[t=0.00450302s, 17608 KB] g=2, 3 evaluated, 2 expanded
[t=0.0046266s, 17608 KB] New best heuristic value for pinch_tracking: 32
[t=0.00466977s, 17608 KB] g=4, 5 evaluated, 4 expanded
[t=0.00472095s, 17608 KB] New best heuristic value for pinch_tracking: 31
[t=0.00476201s, 17608 KB] g=4, 6 evaluated, 4 expanded
[t=0.0049067s, 17608 KB] New best heuristic value for pinch_tracking: 25
[t=0.00494994s, 17608 KB] g=6, 10 evaluated, 7 expanded
[t=0.00501402s, 17608 KB] New best heuristic value for pinch_tracking: 24
[t=0.0050556s, 17608 KB] g=6, 12 evaluated, 7 expanded
[t=0.00529713s, 17608 KB] New best heuristic value for pinch_tracking: 19
[t=0.00534163s, 17608 KB] g=8, 20 evaluated, 11 expanded
[t=0.00541164s, 17608 KB] New best heuristic value for pinch_tracking: 17
[t=0.0054537s, 17608 KB] g=8, 22 evaluated, 11 expanded
[t=0.00582507s, 17608 KB] New best heuristic value for pinch_tracking: 11
[t=0.0058715s, 17608 KB] g=10, 37 evaluated, 16 expanded
[t=0.00610788s, 17608 KB] New best heuristic value for pinch_tracking: 10
[t=0.00615256s, 17608 KB] g=12, 48 evaluated, 19 expanded
[t=0.00622806s, 17608 KB] New best heuristic value for pinch_tracking: 7
[t=0.0062707s, 17608 KB] g=12, 50 evaluated, 19 expanded
[t=0.00677488s, 17608 KB] New best heuristic value for pinch_tracking: 5
[t=0.00682243s, 17608 KB] g=14, 74 evaluated, 26 expanded
[t=0.00708255s, 17608 KB] New best heuristic value for pinch_tracking: 3
[t=0.00712726s, 17608 KB] g=16, 84 evaluated, 30 expanded
[t=0.00740809s, 17608 KB] New best heuristic value for pinch_tracking: 2
[t=0.00745431s, 17608 KB] g=20, 92 evaluated, 36 expanded
[t=0.00753906s, 17608 KB] New best heuristic value for pinch_tracking: 1
[t=0.00758158s, 17608 KB] g=21, 93 evaluated, 37 expanded
[t=0.00764665s, 17608 KB] New best heuristic value for pinch_tracking: 0
[t=0.00768879s, 17608 KB] g=22, 94 evaluated, 38 expanded
[t=0.00773033s, 17608 KB] Solution found!
[t=0.00777401s, 17608 KB] Actual search time: 0.00345574s
unstack e g (1)
put-down e (1)
unstack g b (1)
put-down g (1)
unstack b a (1)
put-down b (1)
unstack a f (1)
stack a g (1)
unstack f c (1)
stack f e (1)
unstack c d (1)
stack c f (1)
pick-up b (1)
stack b c (1)
pick-up d (1)
stack d b (1)
unstack a g (1)
put-down a (1)
pick-up g (1)
stack g d (1)
pick-up a (1)
stack a g (1)
[t=0.00781828s, 17608 KB] Plan length: 22 step(s).
[t=0.00781828s, 17608 KB] Plan cost: 22
[t=0.00781828s, 17608 KB] Expanded 39 state(s).
[t=0.00781828s, 17608 KB] Reopened 0 state(s).
[t=0.00781828s, 17608 KB] Evaluated 94 state(s).
[t=0.00781828s, 17608 KB] Evaluations: 94
[t=0.00781828s, 17608 KB] Generated 132 state(s).
[t=0.00781828s, 17608 KB] Dead ends: 0 state(s).
[t=0.00781828s, 17608 KB] Number of registered states: 94
[t=0.00781828s, 17608 KB] Int hash set load factor: 94/128 = 0.734375
[t=0.00781828s, 17608 KB] Int hash set resizes: 7
[t=0.00781828s, 17608 KB] mean number of q cost that have been adjusted 0 times in relation to total number of q: -1
[t=0.00781828s, 17608 KB] mean number of q cost that have been adjusted 1 times in relation to total number of q: -1
[t=0.00781828s, 17608 KB] mean number of q cost that have been adjusted 2 times in relation to total number of q: -1
[t=0.00781828s, 17608 KB] mean number of q that are at some point overconsitent in relation to total number of q: -1
[t=0.00781828s, 17608 KB] mean number of q that are at first underconsisten in relation to total number of q: -1
[t=0.00781828s, 17608 KB] mean number of state variables that are not in common between two following states in relation to total number of state variables: -1
[t=0.00781828s, 17608 KB] variance number of state variables that are not in common between two following states in relation to total number of state variables: -1
[t=0.00781828s, 17608 KB] Search time: 0.00378365s
[t=0.00781828s, 17608 KB] Total time: 0.00781828s
Solution found.
Peak memory: 17608 KB
Remove intermediate file output.sas
search exit code: 0

INFO     Running validate.
INFO     validate stdin: None
INFO     validate time limit: None
INFO     validate memory limit: None
INFO     validate command line string: validate domain.pddl problem.pddl sas_plan
