INFO     Running translator.
INFO     translator stdin: None
INFO     translator time limit: 1799.96s
INFO     translator memory limit: 3584 MB
INFO     translator command line string: /infai/weidan00/downward/experiments/bachelor/.venv/bin/python3 /infai/weidan00/downward/experiments/bachelor/data/bachelor-v1/code-7aa5f34_e5e41175/builds/release/bin/translate/translate.py domain.pddl problem.pddl --sas-file output.sas
Parsing...
Parsing: [0.000s CPU, 0.002s wall-clock]
Normalizing task... [0.000s CPU, 0.000s wall-clock]
Instantiating...
Generating Datalog program... [0.000s CPU, 0.000s wall-clock]
Normalizing Datalog program...
Normalizing Datalog program: [0.000s CPU, 0.002s wall-clock]
Preparing model... [0.000s CPU, 0.001s wall-clock]
Generated 26 rules.
Computing model... [0.010s CPU, 0.004s wall-clock]
221 relevant atoms
215 auxiliary atoms
436 final queue length
517 total queue pushes
Completing instantiation... [0.000s CPU, 0.003s wall-clock]
Instantiating: [0.010s CPU, 0.011s wall-clock]
Computing fact groups...
Finding invariants...
6 initial candidates
Finding invariants: [0.000s CPU, 0.001s wall-clock]
Checking invariant weight... [0.000s CPU, 0.000s wall-clock]
Instantiating groups... [0.000s CPU, 0.000s wall-clock]
Collecting mutex groups... [0.000s CPU, 0.000s wall-clock]
Choosing groups...
10 uncovered facts
Choosing groups: [0.000s CPU, 0.000s wall-clock]
Building translation key... [0.000s CPU, 0.000s wall-clock]
Computing fact groups: [0.000s CPU, 0.002s wall-clock]
Building STRIPS to SAS dictionary... [0.000s CPU, 0.000s wall-clock]
Building dictionary for full mutex groups... [0.000s CPU, 0.000s wall-clock]
Building mutex information...
Building mutex information: [0.000s CPU, 0.000s wall-clock]
Translating task...
Processing axioms...
Simplifying axioms... [0.000s CPU, 0.000s wall-clock]
Processing axioms: [0.000s CPU, 0.000s wall-clock]
Translating task: [0.000s CPU, 0.003s wall-clock]
5 effect conditions simplified
0 implied preconditions added
Detecting unreachable propositions...
0 operators removed
0 axioms removed
1 propositions removed
Detecting unreachable propositions: [0.000s CPU, 0.002s wall-clock]
Reordering and filtering variables...
11 of 11 variables necessary.
0 of 1 mutex groups necessary.
100 of 100 operators necessary.
0 of 0 axiom rules necessary.
Reordering and filtering variables: [0.000s CPU, 0.001s wall-clock]
Translator variables: 11
Translator derived variables: 0
Translator facts: 30
Translator goal facts: 5
Translator mutex groups: 0
Translator total mutex groups size: 0
Translator operators: 100
Translator axioms: 0
Translator task size: 356
Translator peak memory: 142540 KB
Writing output... [0.000s CPU, 0.003s wall-clock]
Done! [0.020s CPU, 0.023s wall-clock]
translate exit code: 0

INFO     Running search (release).
INFO     search stdin: output.sas
INFO     search time limit: 1799.89s
INFO     search memory limit: 3584 MB
INFO     search command line string: /infai/weidan00/downward/experiments/bachelor/data/bachelor-v1/code-7aa5f34_e5e41175/builds/release/bin/downward --search 'eager_wastar([add()], w=2)' --internal-plan-file sas_plan < output.sas
[t=6.5442e-05s, 17204 KB] reading input...
[t=0.000688351s, 17212 KB] done reading input!
[t=0.00255697s, 17476 KB] Simplifying 105 unary operators... done! [105 unary operators]
[t=0.00267687s, 17476 KB] time to simplify: 0.00017015s
[t=0.00274373s, 17476 KB] Initializing additive heuristic...
[t=0.0028628s, 17476 KB] Building successor generator...done!
[t=0.00303744s, 17476 KB] peak memory difference for successor generator creation: 0 KB
[t=0.00307698s, 17476 KB] time for successor generation creation: 4.8117e-05s
[t=0.003127s, 17476 KB] Variables: 11
[t=0.00316801s, 17476 KB] FactPairs: 30
[t=0.0032084s, 17476 KB] Bytes per state: 4
[t=0.00332147s, 17476 KB] Conducting best first search with reopening closed nodes, (real) bound = 2147483647
[t=0.00342264s, 17476 KB] New best heuristic value for add: 19
[t=0.0034683s, 17476 KB] g=0, 1 evaluated, 0 expanded
[t=0.00352067s, 17476 KB] Initial heuristic value for add: 19
[t=0.00356286s, 17476 KB] pruning method: none
[t=0.00362825s, 17476 KB] New best heuristic value for add: 18
[t=0.00367137s, 17476 KB] g=1, 3 evaluated, 1 expanded
[t=0.00374723s, 17476 KB] New best heuristic value for add: 17
[t=0.00379059s, 17476 KB] g=2, 11 evaluated, 2 expanded
[t=0.00384627s, 17476 KB] New best heuristic value for add: 16
[t=0.00388777s, 17476 KB] g=3, 13 evaluated, 3 expanded
[t=0.00396873s, 17476 KB] New best heuristic value for add: 15
[t=0.00401268s, 17476 KB] g=4, 23 evaluated, 4 expanded
[t=0.00406986s, 17476 KB] New best heuristic value for add: 14
[t=0.00411271s, 17476 KB] g=4, 27 evaluated, 4 expanded
[t=0.00417371s, 17476 KB] New best heuristic value for add: 13
[t=0.00421606s, 17476 KB] g=5, 32 evaluated, 5 expanded
[t=0.00430217s, 17476 KB] New best heuristic value for add: 12
[t=0.00434599s, 17476 KB] g=7, 42 evaluated, 7 expanded
[t=0.00439674s, 17476 KB] New best heuristic value for add: 11
[t=0.00444066s, 17476 KB] g=8, 43 evaluated, 8 expanded
[t=0.00451414s, 17476 KB] New best heuristic value for add: 10
[t=0.00455617s, 17476 KB] g=9, 52 evaluated, 9 expanded
[t=0.00461325s, 17476 KB] New best heuristic value for add: 9
[t=0.00465675s, 17476 KB] g=10, 56 evaluated, 10 expanded
[t=0.00472815s, 17476 KB] New best heuristic value for add: 8
[t=0.00477152s, 17476 KB] g=11, 63 evaluated, 13 expanded
[t=0.00484166s, 17476 KB] New best heuristic value for add: 7
[t=0.00488378s, 17476 KB] g=12, 68 evaluated, 14 expanded
[t=0.0049492s, 17476 KB] New best heuristic value for add: 6
[t=0.00499133s, 17476 KB] g=13, 74 evaluated, 16 expanded
[t=0.00505235s, 17476 KB] New best heuristic value for add: 5
[t=0.00509463s, 17476 KB] g=14, 80 evaluated, 17 expanded
[t=0.0051557s, 17476 KB] New best heuristic value for add: 4
[t=0.00519746s, 17476 KB] g=15, 85 evaluated, 19 expanded
[t=0.00525435s, 17476 KB] New best heuristic value for add: 3
[t=0.00529679s, 17476 KB] g=16, 90 evaluated, 20 expanded
[t=0.00535629s, 17476 KB] New best heuristic value for add: 2
[t=0.00539788s, 17476 KB] g=17, 95 evaluated, 22 expanded
[t=0.00545672s, 17476 KB] New best heuristic value for add: 1
[t=0.00549881s, 17476 KB] g=18, 100 evaluated, 23 expanded
[t=0.00555619s, 17476 KB] New best heuristic value for add: 0
[t=0.00559764s, 17476 KB] g=19, 105 evaluated, 24 expanded
[t=0.00564094s, 17476 KB] Solution found!
[t=0.0056852s, 17476 KB] Actual search time: 0.0021179s
up f0 f2 (1)
board f2 p1 (1)
board f2 p2 (1)
up f2 f5 (1)
board f5 p0 (1)
down f5 f0 (1)
depart f0 p1 (1)
up f0 f1 (1)
depart f1 p0 (1)
up f1 f7 (1)
board f7 p3 (1)
down f7 f5 (1)
depart f5 p3 (1)
up f5 f8 (1)
depart f8 p2 (1)
up f8 f9 (1)
board f9 p4 (1)
down f9 f4 (1)
depart f4 p4 (1)
[t=0.00572898s, 17476 KB] Plan length: 19 step(s).
[t=0.00572898s, 17476 KB] Plan cost: 19
[t=0.00572898s, 17476 KB] Expanded 25 state(s).
[t=0.00572898s, 17476 KB] Reopened 0 state(s).
[t=0.00572898s, 17476 KB] Evaluated 105 state(s).
[t=0.00572898s, 17476 KB] Evaluations: 105
[t=0.00572898s, 17476 KB] Generated 236 state(s).
[t=0.00572898s, 17476 KB] Dead ends: 0 state(s).
[t=0.00572898s, 17476 KB] Number of registered states: 105
[t=0.00572898s, 17476 KB] Int hash set load factor: 105/128 = 0.820312
[t=0.00572898s, 17476 KB] Int hash set resizes: 7
[t=0.00572898s, 17476 KB] mean number of q cost that have been adjusted 0 times in relation to total number of q: -1
[t=0.00572898s, 17476 KB] mean number of q cost that have been adjusted 1 times in relation to total number of q: -1
[t=0.00572898s, 17476 KB] mean number of q cost that have been adjusted 2 times in relation to total number of q: -1
[t=0.00572898s, 17476 KB] mean number of q that are at some point overconsitent in relation to total number of q: -1
[t=0.00572898s, 17476 KB] mean number of q that are at first underconsisten in relation to total number of q: -1
[t=0.00572898s, 17476 KB] mean number of state variables that are not in common between two following states in relation to total number of state variables: -1
[t=0.00572898s, 17476 KB] variance number of state variables that are not in common between two following states in relation to total number of state variables: -1
[t=0.00572898s, 17476 KB] Search time: 0.00240851s
[t=0.00572898s, 17476 KB] Total time: 0.00572898s
Solution found.
Peak memory: 17476 KB
Remove intermediate file output.sas
search exit code: 0

INFO     Running validate.
INFO     validate stdin: None
INFO     validate time limit: None
INFO     validate memory limit: None
INFO     validate command line string: validate domain.pddl problem.pddl sas_plan
