INFO     Running translator.
INFO     translator stdin: None
INFO     translator time limit: 1799.96s
INFO     translator memory limit: 3584 MB
INFO     translator command line string: /infai/weidan00/downward/experiments/bachelor/.venv/bin/python3 /infai/weidan00/downward/experiments/bachelor/data/bachelor-v1/code-7aa5f34_e5e41175/builds/release/bin/translate/translate.py domain.pddl problem.pddl --sas-file output.sas
Parsing...
Parsing: [0.000s CPU, 0.005s wall-clock]
Normalizing task... [0.000s CPU, 0.000s wall-clock]
Instantiating...
Generating Datalog program... [0.000s CPU, 0.002s wall-clock]
Normalizing Datalog program...
Normalizing Datalog program: [0.000s CPU, 0.003s wall-clock]
Preparing model... [0.010s CPU, 0.005s wall-clock]
Generated 44 rules.
Computing model... [1.500s CPU, 1.496s wall-clock]
173446 relevant atoms
9098 auxiliary atoms
182544 final queue length
351112 total queue pushes
Completing instantiation... [6.060s CPU, 6.083s wall-clock]
Instantiating: [7.640s CPU, 7.660s wall-clock]
Computing fact groups...
Finding invariants...
12 initial candidates
Finding invariants: [0.030s CPU, 0.028s wall-clock]
Checking invariant weight... [0.000s CPU, 0.000s wall-clock]
Instantiating groups... [0.000s CPU, 0.004s wall-clock]
Collecting mutex groups... [0.000s CPU, 0.002s wall-clock]
Choosing groups...
596 uncovered facts
Choosing groups: [0.000s CPU, 0.004s wall-clock]
Building translation key... [0.000s CPU, 0.004s wall-clock]
Computing fact groups: [0.060s CPU, 0.062s wall-clock]
Building STRIPS to SAS dictionary... [0.000s CPU, 0.002s wall-clock]
Building dictionary for full mutex groups... [0.000s CPU, 0.002s wall-clock]
Building mutex information...
Building mutex information: [0.000s CPU, 0.001s wall-clock]
Translating task...
Processing axioms...
Simplifying axioms... [0.000s CPU, 0.000s wall-clock]
Processing axioms: [0.250s CPU, 0.239s wall-clock]
Translating task: [4.530s CPU, 4.536s wall-clock]
84 effect conditions simplified
0 implied preconditions added
Detecting unreachable propositions...
0 operators removed
0 axioms removed
15 propositions removed
Detecting unreachable propositions: [3.070s CPU, 3.078s wall-clock]
Reordering and filtering variables...
173 of 611 variables necessary.
0 of 15 mutex groups necessary.
164753 of 169134 operators necessary.
0 of 0 axiom rules necessary.
Reordering and filtering variables: [0.480s CPU, 0.480s wall-clock]
Translator variables: 173
Translator derived variables: 0
Translator facts: 1891
Translator goal facts: 93
Translator mutex groups: 0
Translator total mutex groups size: 0
Translator operators: 164753
Translator axioms: 0
Translator task size: 498266
Translator peak memory: 644940 KB
Writing output... [1.080s CPU, 1.218s wall-clock]
Done! [17.090s CPU, 17.266s wall-clock]
translate exit code: 0

INFO     Running search (release).
INFO     search stdin: output.sas
INFO     search time limit: 1782.68s
INFO     search memory limit: 3584 MB
INFO     search command line string: /infai/weidan00/downward/experiments/bachelor/data/bachelor-v1/code-7aa5f34_e5e41175/builds/release/bin/downward --search 'eager_wastar([pinch()], w=2)' --internal-plan-file sas_plan < output.sas
[t=6.1714e-05s, 17204 KB] reading input...
[t=0.731231s, 58664 KB] done reading input!
[t=0.762323s, 66448 KB] Simplifying 164837 unary operators... done! [164824 unary operators]
[t=0.876022s, 82732 KB] time to simplify: 0.131368s
[t=0.898728s, 82732 KB] Initializing pinch heuristic...
[t=0.89894s, 82732 KB] Building successor generator...done!
[t=0.950189s, 83244 KB] peak memory difference for successor generator creation: 512 KB
[t=0.950252s, 83244 KB] time for successor generation creation: 0.0473787s
[t=0.951786s, 83244 KB] Variables: 173
[t=0.951857s, 83244 KB] FactPairs: 1891
[t=0.951897s, 83244 KB] Bytes per state: 36
[t=0.952052s, 83244 KB] Conducting best first search with reopening closed nodes, (real) bound = 2147483647
[t=0.968103s, 83244 KB] New best heuristic value for pinch: 521
[t=0.968206s, 83244 KB] g=0, 1 evaluated, 0 expanded
[t=0.968265s, 83244 KB] Initial heuristic value for pinch: 521
[t=0.968307s, 83244 KB] pruning method: none
[t=0.968401s, 83244 KB] New best heuristic value for pinch: 458
[t=0.968443s, 83244 KB] g=1, 2 evaluated, 1 expanded
[t=0.968501s, 83244 KB] New best heuristic value for pinch: 426
[t=0.968541s, 83244 KB] g=1, 3 evaluated, 1 expanded
[t=0.968695s, 83244 KB] New best heuristic value for pinch: 425
[t=0.968737s, 83244 KB] g=1, 10 evaluated, 1 expanded
[t=0.968924s, 83244 KB] New best heuristic value for pinch: 419
[t=0.968966s, 83244 KB] g=1, 21 evaluated, 1 expanded
[t=0.969073s, 83244 KB] New best heuristic value for pinch: 413
[t=0.969114s, 83244 KB] g=1, 24 evaluated, 1 expanded
[t=1.01609s, 83244 KB] New best heuristic value for pinch: 385
[t=1.01619s, 83244 KB] g=2, 1590 evaluated, 2 expanded
[t=1.01625s, 83244 KB] New best heuristic value for pinch: 353
[t=1.01629s, 83244 KB] g=2, 1591 evaluated, 2 expanded
[t=1.06362s, 83244 KB] New best heuristic value for pinch: 352
[t=1.06374s, 83244 KB] g=3, 3179 evaluated, 3 expanded
[t=1.06407s, 83244 KB] New best heuristic value for pinch: 304
[t=1.06412s, 83244 KB] g=3, 3198 evaluated, 3 expanded
[t=1.10375s, 83244 KB] New best heuristic value for pinch: 298
[t=1.10385s, 83244 KB] g=3, 4517 evaluated, 3 expanded
[t=1.1113s, 83244 KB] New best heuristic value for pinch: 297
[t=1.11138s, 83244 KB] g=4, 4766 evaluated, 4 expanded
[t=1.11158s, 83244 KB] New best heuristic value for pinch: 242
[t=1.11163s, 83244 KB] g=4, 4778 evaluated, 4 expanded
[t=1.15555s, 83244 KB] New best heuristic value for pinch: 241
[t=1.15564s, 83244 KB] g=5, 6248 evaluated, 5 expanded
[t=1.15596s, 83244 KB] New best heuristic value for pinch: 211
[t=1.15601s, 83244 KB] g=5, 6264 evaluated, 5 expanded
[t=1.20327s, 83244 KB] New best heuristic value for pinch: 180
[t=1.20335s, 83244 KB] g=6, 7825 evaluated, 6 expanded
[t=1.24758s, 83244 KB] New best heuristic value for pinch: 179
[t=1.24766s, 83244 KB] g=7, 9331 evaluated, 7 expanded
[t=1.2943s, 83244 KB] New best heuristic value for pinch: 178
[t=1.29437s, 83244 KB] g=8, 10892 evaluated, 8 expanded
[t=1.33849s, 83244 KB] New best heuristic value for pinch: 177
[t=1.33856s, 83244 KB] g=9, 12399 evaluated, 9 expanded
[t=1.38503s, 83244 KB] New best heuristic value for pinch: 176
[t=1.38512s, 83244 KB] g=10, 13959 evaluated, 10 expanded
[t=1.43038s, 83244 KB] New best heuristic value for pinch: 175
[t=1.43048s, 83244 KB] g=11, 15467 evaluated, 11 expanded
[t=1.47716s, 83244 KB] New best heuristic value for pinch: 174
[t=1.47726s, 83244 KB] g=12, 17026 evaluated, 12 expanded
[t=1.5219s, 83244 KB] New best heuristic value for pinch: 173
[t=1.52201s, 83244 KB] g=13, 18535 evaluated, 13 expanded
[t=1.56884s, 83244 KB] New best heuristic value for pinch: 172
[t=1.56894s, 83244 KB] g=14, 20093 evaluated, 14 expanded
[t=1.61333s, 83244 KB] New best heuristic value for pinch: 171
[t=1.61343s, 83244 KB] g=15, 21606 evaluated, 15 expanded
[t=1.65986s, 83244 KB] New best heuristic value for pinch: 170
[t=1.65996s, 83244 KB] g=16, 23160 evaluated, 16 expanded
[t=1.70435s, 83244 KB] New best heuristic value for pinch: 169
[t=1.70444s, 83244 KB] g=17, 24674 evaluated, 17 expanded
[t=1.7508s, 83244 KB] New best heuristic value for pinch: 168
[t=1.7509s, 83244 KB] g=18, 26227 evaluated, 18 expanded
[t=1.79551s, 83244 KB] New best heuristic value for pinch: 167
[t=1.79561s, 83244 KB] g=19, 27746 evaluated, 19 expanded
[t=1.84398s, 83244 KB] New best heuristic value for pinch: 166
[t=1.84408s, 83244 KB] g=20, 29294 evaluated, 20 expanded
[t=1.88896s, 83244 KB] New best heuristic value for pinch: 165
[t=1.88905s, 83244 KB] g=21, 30815 evaluated, 21 expanded
[t=1.93535s, 83244 KB] New best heuristic value for pinch: 164
[t=1.93545s, 83244 KB] g=22, 32361 evaluated, 22 expanded
[t=1.98017s, 83244 KB] New best heuristic value for pinch: 163
[t=1.98027s, 83244 KB] g=23, 33883 evaluated, 23 expanded
[t=2.02944s, 83244 KB] New best heuristic value for pinch: 162
[t=2.02955s, 83244 KB] g=24, 35428 evaluated, 24 expanded
[t=2.07565s, 83244 KB] New best heuristic value for pinch: 161
[t=2.07576s, 83244 KB] g=25, 36951 evaluated, 25 expanded
[t=2.12208s, 83244 KB] New best heuristic value for pinch: 160
[t=2.12218s, 83244 KB] g=26, 38495 evaluated, 26 expanded
[t=2.16708s, 83244 KB] New best heuristic value for pinch: 159
[t=2.16718s, 83244 KB] g=27, 40019 evaluated, 27 expanded
[t=2.21339s, 83244 KB] New best heuristic value for pinch: 158
[t=2.21349s, 83244 KB] g=28, 41562 evaluated, 28 expanded
[t=2.25844s, 83244 KB] New best heuristic value for pinch: 157
[t=2.25854s, 83244 KB] g=29, 43087 evaluated, 29 expanded
[t=2.30495s, 83244 KB] New best heuristic value for pinch: 156
[t=2.30506s, 83244 KB] g=30, 44629 evaluated, 30 expanded
[t=2.35015s, 83244 KB] New best heuristic value for pinch: 155
[t=2.35025s, 83244 KB] g=31, 46156 evaluated, 31 expanded
[t=2.39631s, 83244 KB] New best heuristic value for pinch: 154
[t=2.39641s, 83244 KB] g=32, 47696 evaluated, 32 expanded
[t=2.44146s, 83244 KB] New best heuristic value for pinch: 153
[t=2.44156s, 83244 KB] g=33, 49226 evaluated, 33 expanded
[t=2.48756s, 83244 KB] New best heuristic value for pinch: 152
[t=2.48766s, 83244 KB] g=34, 50763 evaluated, 34 expanded
[t=2.53279s, 83244 KB] New best heuristic value for pinch: 151
[t=2.5329s, 83244 KB] g=35, 52297 evaluated, 35 expanded
[t=2.57882s, 83244 KB] New best heuristic value for pinch: 150
[t=2.57893s, 83244 KB] g=36, 53830 evaluated, 36 expanded
[t=2.62409s, 83244 KB] New best heuristic value for pinch: 149
[t=2.62419s, 83244 KB] g=37, 55366 evaluated, 37 expanded
[t=2.67001s, 83244 KB] New best heuristic value for pinch: 148
[t=2.67012s, 83244 KB] g=38, 56897 evaluated, 38 expanded
[t=2.72006s, 83244 KB] New best heuristic value for pinch: 147
[t=2.72017s, 83244 KB] g=39, 58434 evaluated, 39 expanded
[t=2.76625s, 83244 KB] New best heuristic value for pinch: 146
[t=2.76635s, 83244 KB] g=40, 59964 evaluated, 40 expanded
[t=2.81175s, 83244 KB] New best heuristic value for pinch: 145
[t=2.81185s, 83244 KB] g=41, 61502 evaluated, 41 expanded
[t=2.85771s, 83244 KB] New best heuristic value for pinch: 144
[t=2.85781s, 83244 KB] g=42, 63031 evaluated, 42 expanded
[t=2.90314s, 83244 KB] New best heuristic value for pinch: 143
[t=2.90324s, 83244 KB] g=43, 64571 evaluated, 43 expanded
[t=2.949s, 83244 KB] New best heuristic value for pinch: 142
[t=2.9491s, 83244 KB] g=44, 66098 evaluated, 44 expanded
[t=2.99457s, 83244 KB] New best heuristic value for pinch: 141
[t=2.99467s, 83244 KB] g=45, 67641 evaluated, 45 expanded
[t=3.04035s, 83244 KB] New best heuristic value for pinch: 140
[t=3.04045s, 83244 KB] g=46, 69165 evaluated, 46 expanded
[t=3.08601s, 83244 KB] New best heuristic value for pinch: 139
[t=3.08612s, 83244 KB] g=47, 70709 evaluated, 47 expanded
[t=3.13184s, 83244 KB] New best heuristic value for pinch: 138
[t=3.13194s, 83244 KB] g=48, 72232 evaluated, 48 expanded
[t=3.17759s, 83244 KB] New best heuristic value for pinch: 137
[t=3.17769s, 83244 KB] g=49, 73779 evaluated, 49 expanded
[t=3.2234s, 83244 KB] New best heuristic value for pinch: 136
[t=3.22351s, 83244 KB] g=50, 75299 evaluated, 50 expanded
[t=3.26946s, 83244 KB] New best heuristic value for pinch: 135
[t=3.26956s, 83244 KB] g=51, 76848 evaluated, 51 expanded
[t=3.31533s, 83244 KB] New best heuristic value for pinch: 134
[t=3.31544s, 83244 KB] g=52, 78366 evaluated, 52 expanded
[t=3.36133s, 83244 KB] New best heuristic value for pinch: 133
[t=3.36144s, 83244 KB] g=53, 79916 evaluated, 53 expanded
[t=3.40699s, 83244 KB] New best heuristic value for pinch: 132
[t=3.40709s, 83244 KB] g=54, 81433 evaluated, 54 expanded
[t=3.45291s, 83244 KB] New best heuristic value for pinch: 131
[t=3.45301s, 83244 KB] g=55, 82987 evaluated, 55 expanded
[t=3.49845s, 83244 KB] New best heuristic value for pinch: 130
[t=3.49855s, 83244 KB] g=56, 84500 evaluated, 56 expanded
[t=3.54447s, 83244 KB] New best heuristic value for pinch: 129
[t=3.54458s, 83244 KB] g=57, 86055 evaluated, 57 expanded
[t=3.58996s, 83244 KB] New best heuristic value for pinch: 128
[t=3.59007s, 83244 KB] g=58, 87567 evaluated, 58 expanded
[t=3.63599s, 83244 KB] New best heuristic value for pinch: 127
[t=3.6361s, 83244 KB] g=59, 89126 evaluated, 59 expanded
[t=3.68138s, 83244 KB] New best heuristic value for pinch: 126
[t=3.68149s, 83244 KB] g=60, 90634 evaluated, 60 expanded
[t=3.72757s, 83244 KB] New best heuristic value for pinch: 125
[t=3.72767s, 83244 KB] g=61, 92196 evaluated, 61 expanded
[t=3.77282s, 83244 KB] New best heuristic value for pinch: 124
[t=3.77293s, 83244 KB] g=62, 93701 evaluated, 62 expanded
[t=3.81937s, 83244 KB] New best heuristic value for pinch: 123
[t=3.81947s, 83244 KB] g=63, 95274 evaluated, 63 expanded
[t=3.86433s, 83244 KB] New best heuristic value for pinch: 122
[t=3.86444s, 83244 KB] g=64, 96768 evaluated, 64 expanded
[t=3.91097s, 83244 KB] New best heuristic value for pinch: 121
[t=3.91107s, 83244 KB] g=65, 98342 evaluated, 65 expanded
[t=3.95607s, 83244 KB] New best heuristic value for pinch: 120
[t=3.95618s, 83244 KB] g=66, 99835 evaluated, 66 expanded
[t=4.00406s, 83244 KB] New best heuristic value for pinch: 119
[t=4.00418s, 83244 KB] g=67, 101410 evaluated, 67 expanded
[t=4.05202s, 83244 KB] New best heuristic value for pinch: 118
[t=4.05213s, 83244 KB] g=68, 102902 evaluated, 68 expanded
[t=4.09876s, 83244 KB] New best heuristic value for pinch: 117
[t=4.09887s, 83244 KB] g=69, 104478 evaluated, 69 expanded
[t=4.14377s, 83244 KB] New best heuristic value for pinch: 116
[t=4.14387s, 83244 KB] g=70, 105969 evaluated, 70 expanded
[t=4.19043s, 83244 KB] New best heuristic value for pinch: 115
[t=4.19054s, 83244 KB] g=71, 107549 evaluated, 71 expanded
[t=4.23522s, 83244 KB] New best heuristic value for pinch: 114
[t=4.23533s, 83244 KB] g=72, 109036 evaluated, 72 expanded
[t=4.28204s, 83244 KB] New best heuristic value for pinch: 113
[t=4.28215s, 83244 KB] g=73, 110620 evaluated, 73 expanded
[t=4.32665s, 83244 KB] New best heuristic value for pinch: 112
[t=4.32675s, 83244 KB] g=74, 112103 evaluated, 74 expanded
[t=4.37345s, 83244 KB] New best heuristic value for pinch: 111
[t=4.37355s, 83244 KB] g=75, 113689 evaluated, 75 expanded
[t=4.41794s, 83244 KB] New best heuristic value for pinch: 110
[t=4.41803s, 83244 KB] g=76, 115170 evaluated, 76 expanded
[t=4.4737s, 83244 KB] New best heuristic value for pinch: 109
[t=4.4738s, 83244 KB] g=77, 116757 evaluated, 77 expanded
[t=4.51838s, 83244 KB] New best heuristic value for pinch: 108
[t=4.51848s, 83244 KB] g=78, 118237 evaluated, 78 expanded
[t=4.56533s, 83244 KB] New best heuristic value for pinch: 107
[t=4.56543s, 83244 KB] g=79, 119827 evaluated, 79 expanded
[t=4.60985s, 83244 KB] New best heuristic value for pinch: 106
[t=4.60995s, 83244 KB] g=80, 121304 evaluated, 80 expanded
[t=4.65689s, 83244 KB] New best heuristic value for pinch: 105
[t=4.65699s, 83244 KB] g=81, 122895 evaluated, 81 expanded
[t=4.70144s, 83244 KB] New best heuristic value for pinch: 104
[t=4.70154s, 83244 KB] g=82, 124371 evaluated, 82 expanded
[t=4.74851s, 83244 KB] New best heuristic value for pinch: 103
[t=4.74861s, 83244 KB] g=83, 125964 evaluated, 83 expanded
[t=4.793s, 83244 KB] New best heuristic value for pinch: 102
[t=4.7931s, 83244 KB] g=84, 127438 evaluated, 84 expanded
[t=4.84013s, 83244 KB] New best heuristic value for pinch: 101
[t=4.84023s, 83244 KB] g=85, 129034 evaluated, 85 expanded
[t=4.88448s, 83244 KB] New best heuristic value for pinch: 100
[t=4.88458s, 83244 KB] g=86, 130505 evaluated, 86 expanded
[t=4.93177s, 83244 KB] New best heuristic value for pinch: 99
[t=4.93187s, 83244 KB] g=87, 132104 evaluated, 87 expanded
[t=4.97594s, 83244 KB] New best heuristic value for pinch: 98
[t=4.97604s, 83244 KB] g=88, 133572 evaluated, 88 expanded
[t=5.02326s, 83244 KB] New best heuristic value for pinch: 97
[t=5.02336s, 83244 KB] g=89, 135172 evaluated, 89 expanded
[t=5.06755s, 83244 KB] New best heuristic value for pinch: 96
[t=5.06766s, 83244 KB] g=90, 136639 evaluated, 90 expanded
[t=5.11498s, 83244 KB] New best heuristic value for pinch: 95
[t=5.11509s, 83244 KB] g=91, 138242 evaluated, 91 expanded
[t=5.15927s, 83244 KB] New best heuristic value for pinch: 94
[t=5.15938s, 83244 KB] g=92, 139706 evaluated, 92 expanded
[t=5.20685s, 83244 KB] New best heuristic value for pinch: 93
[t=5.20696s, 83244 KB] g=93, 141310 evaluated, 93 expanded
[t=5.2512s, 83244 KB] New best heuristic value for pinch: 92
[t=5.25131s, 83244 KB] g=94, 142773 evaluated, 94 expanded
[t=5.29891s, 83244 KB] New best heuristic value for pinch: 91
[t=5.29902s, 83244 KB] g=95, 144378 evaluated, 95 expanded
[t=5.3432s, 83244 KB] New best heuristic value for pinch: 90
[t=5.3433s, 83244 KB] g=96, 145840 evaluated, 96 expanded
[t=5.39072s, 83244 KB] New best heuristic value for pinch: 89
[t=5.39082s, 83244 KB] g=97, 147446 evaluated, 97 expanded
[t=5.43475s, 83244 KB] New best heuristic value for pinch: 88
[t=5.43486s, 83244 KB] g=98, 148907 evaluated, 98 expanded
[t=5.48227s, 83244 KB] New best heuristic value for pinch: 87
[t=5.48237s, 83244 KB] g=99, 150514 evaluated, 99 expanded
[t=5.5264s, 83244 KB] New best heuristic value for pinch: 86
[t=5.5265s, 83244 KB] g=100, 151974 evaluated, 100 expanded
[t=5.57397s, 83244 KB] New best heuristic value for pinch: 85
[t=5.57407s, 83244 KB] g=101, 153582 evaluated, 101 expanded
[t=5.61796s, 83244 KB] New best heuristic value for pinch: 84
[t=5.61806s, 83244 KB] g=102, 155041 evaluated, 102 expanded
[t=5.66561s, 83244 KB] New best heuristic value for pinch: 83
[t=5.66572s, 83244 KB] g=103, 156650 evaluated, 103 expanded
[t=5.70958s, 83244 KB] New best heuristic value for pinch: 82
[t=5.7097s, 83244 KB] g=104, 158108 evaluated, 104 expanded
[t=5.75763s, 83244 KB] New best heuristic value for pinch: 81
[t=5.75774s, 83244 KB] g=105, 159731 evaluated, 105 expanded
[t=5.80991s, 83244 KB] New best heuristic value for pinch: 80
[t=5.81001s, 83244 KB] g=106, 161475 evaluated, 106 expanded
[t=5.86119s, 83244 KB] New best heuristic value for pinch: 79
[t=5.86129s, 83244 KB] g=107, 163189 evaluated, 107 expanded
[t=5.9076s, 83244 KB] New best heuristic value for pinch: 78
[t=5.9077s, 83244 KB] g=108, 164735 evaluated, 108 expanded
[t=5.96416s, 83244 KB] New best heuristic value for pinch: 77
[t=5.96427s, 83244 KB] g=109, 166625 evaluated, 109 expanded
[t=6.01332s, 83244 KB] New best heuristic value for pinch: 76
[t=6.01343s, 83244 KB] g=110, 168268 evaluated, 110 expanded
[t=6.023s, 83244 KB] New best heuristic value for pinch: 75
[t=6.02309s, 83244 KB] g=111, 168596 evaluated, 111 expanded
[t=6.10491s, 83244 KB] New best heuristic value for pinch: 74
[t=6.10501s, 83244 KB] g=112, 171334 evaluated, 112 expanded
[t=6.11461s, 83244 KB] New best heuristic value for pinch: 73
[t=6.11469s, 83244 KB] g=113, 171662 evaluated, 113 expanded
[t=6.19665s, 83244 KB] New best heuristic value for pinch: 72
[t=6.19675s, 83244 KB] g=114, 174405 evaluated, 114 expanded
[t=6.20629s, 83244 KB] New best heuristic value for pinch: 71
[t=6.2064s, 83244 KB] g=115, 174729 evaluated, 115 expanded
[t=6.28852s, 83244 KB] New best heuristic value for pinch: 70
[t=6.28862s, 83244 KB] g=116, 177473 evaluated, 116 expanded
[t=6.29812s, 83244 KB] New best heuristic value for pinch: 69
[t=6.29821s, 83244 KB] g=117, 177796 evaluated, 117 expanded
[t=6.38043s, 83244 KB] New best heuristic value for pinch: 68
[t=6.38053s, 83244 KB] g=118, 180542 evaluated, 118 expanded
[t=6.38999s, 83244 KB] New best heuristic value for pinch: 67
[t=6.3901s, 83244 KB] g=119, 180863 evaluated, 119 expanded
[t=6.47248s, 83244 KB] New best heuristic value for pinch: 66
[t=6.47258s, 83244 KB] g=120, 183617 evaluated, 120 expanded
[t=6.48172s, 83244 KB] New best heuristic value for pinch: 65
[t=6.48179s, 83244 KB] g=121, 183930 evaluated, 121 expanded
[t=6.56429s, 83244 KB] New best heuristic value for pinch: 64
[t=6.56438s, 83244 KB] g=122, 186686 evaluated, 122 expanded
[t=6.57357s, 83244 KB] New best heuristic value for pinch: 63
[t=6.57365s, 83244 KB] g=123, 186997 evaluated, 123 expanded
[t=6.65601s, 83244 KB] New best heuristic value for pinch: 62
[t=6.65609s, 83244 KB] g=124, 189754 evaluated, 124 expanded
[t=6.66515s, 83244 KB] New best heuristic value for pinch: 61
[t=6.66523s, 83244 KB] g=125, 190064 evaluated, 125 expanded
[t=6.74753s, 83244 KB] New best heuristic value for pinch: 60
[t=6.74763s, 83244 KB] g=126, 192823 evaluated, 126 expanded
[t=6.75661s, 83244 KB] New best heuristic value for pinch: 59
[t=6.75669s, 83244 KB] g=127, 193131 evaluated, 127 expanded
[t=6.83914s, 83288 KB] New best heuristic value for pinch: 58
[t=6.83924s, 83288 KB] g=128, 195892 evaluated, 128 expanded
[t=6.8482s, 83288 KB] New best heuristic value for pinch: 57
[t=6.84828s, 83288 KB] g=129, 196198 evaluated, 129 expanded
[t=6.93087s, 83420 KB] New best heuristic value for pinch: 56
[t=6.93098s, 83420 KB] g=130, 198961 evaluated, 130 expanded
[t=6.93986s, 83420 KB] New best heuristic value for pinch: 55
[t=6.93995s, 83420 KB] g=131, 199265 evaluated, 131 expanded
[t=7.02248s, 83556 KB] New best heuristic value for pinch: 54
[t=7.02258s, 83556 KB] g=132, 202032 evaluated, 132 expanded
[t=7.03133s, 83692 KB] New best heuristic value for pinch: 53
[t=7.03141s, 83692 KB] g=133, 202332 evaluated, 133 expanded
[t=7.11405s, 83824 KB] New best heuristic value for pinch: 52
[t=7.11414s, 83824 KB] g=134, 205101 evaluated, 134 expanded
[t=7.12283s, 83824 KB] New best heuristic value for pinch: 51
[t=7.12291s, 83824 KB] g=135, 205399 evaluated, 135 expanded
[t=7.20546s, 83956 KB] New best heuristic value for pinch: 50
[t=7.20555s, 83956 KB] g=136, 208169 evaluated, 136 expanded
[t=7.2142s, 83956 KB] New best heuristic value for pinch: 49
[t=7.21427s, 83956 KB] g=137, 208466 evaluated, 137 expanded
[t=7.29703s, 84224 KB] New best heuristic value for pinch: 48
[t=7.29712s, 84224 KB] g=138, 211239 evaluated, 138 expanded
[t=7.30573s, 84224 KB] New best heuristic value for pinch: 47
[t=7.30581s, 84224 KB] g=139, 211533 evaluated, 139 expanded
[t=7.38869s, 84356 KB] New best heuristic value for pinch: 46
[t=7.38879s, 84356 KB] g=140, 214309 evaluated, 140 expanded
[t=7.39731s, 84356 KB] New best heuristic value for pinch: 45
[t=7.39739s, 84356 KB] g=141, 214600 evaluated, 141 expanded
[t=7.48505s, 84488 KB] New best heuristic value for pinch: 44
[t=7.48516s, 84488 KB] g=142, 217379 evaluated, 142 expanded
[t=7.49356s, 84624 KB] New best heuristic value for pinch: 43
[t=7.49365s, 84624 KB] g=143, 217667 evaluated, 143 expanded
[t=7.57677s, 84756 KB] New best heuristic value for pinch: 42
[t=7.57688s, 84756 KB] g=144, 220447 evaluated, 144 expanded
[t=7.58528s, 84756 KB] New best heuristic value for pinch: 41
[t=7.58536s, 84756 KB] g=145, 220734 evaluated, 145 expanded
[t=7.6685s, 84888 KB] New best heuristic value for pinch: 40
[t=7.66859s, 84888 KB] g=146, 223515 evaluated, 146 expanded
[t=7.67696s, 84888 KB] New best heuristic value for pinch: 39
[t=7.67703s, 84888 KB] g=147, 223801 evaluated, 147 expanded
[t=7.76004s, 85024 KB] New best heuristic value for pinch: 38
[t=7.76014s, 85024 KB] g=148, 226586 evaluated, 148 expanded
[t=7.76837s, 85156 KB] New best heuristic value for pinch: 37
[t=7.76846s, 85156 KB] g=149, 226868 evaluated, 149 expanded
[t=7.86849s, 89268 KB] New best heuristic value for pinch: 36
[t=7.86858s, 89268 KB] g=150, 229654 evaluated, 150 expanded
[t=7.87683s, 89268 KB] New best heuristic value for pinch: 35
[t=7.87691s, 89268 KB] g=151, 229935 evaluated, 151 expanded
[t=7.96068s, 89268 KB] New best heuristic value for pinch: 34
[t=7.96077s, 89268 KB] g=152, 232726 evaluated, 152 expanded
[t=7.96892s, 89268 KB] New best heuristic value for pinch: 33
[t=7.96902s, 89268 KB] g=153, 233002 evaluated, 153 expanded
[t=8.05267s, 89268 KB] New best heuristic value for pinch: 32
[t=8.05277s, 89268 KB] g=154, 235794 evaluated, 154 expanded
[t=8.06091s, 89268 KB] New best heuristic value for pinch: 31
[t=8.061s, 89268 KB] g=155, 236069 evaluated, 155 expanded
[t=8.14484s, 89268 KB] New best heuristic value for pinch: 30
[t=8.14494s, 89268 KB] g=156, 238863 evaluated, 156 expanded
[t=8.15296s, 89268 KB] New best heuristic value for pinch: 29
[t=8.15306s, 89268 KB] g=157, 239136 evaluated, 157 expanded
[t=8.23658s, 89268 KB] New best heuristic value for pinch: 28
[t=8.23667s, 89268 KB] g=158, 241932 evaluated, 158 expanded
[t=8.24457s, 89268 KB] New best heuristic value for pinch: 27
[t=8.24465s, 89268 KB] g=159, 242203 evaluated, 159 expanded
[t=8.3282s, 89268 KB] New best heuristic value for pinch: 26
[t=8.3283s, 89268 KB] g=160, 245000 evaluated, 160 expanded
[t=8.33617s, 89268 KB] New best heuristic value for pinch: 25
[t=8.33625s, 89268 KB] g=161, 245270 evaluated, 161 expanded
[t=8.41978s, 89268 KB] New best heuristic value for pinch: 24
[t=8.41988s, 89268 KB] g=162, 248069 evaluated, 162 expanded
[t=8.42768s, 89268 KB] New best heuristic value for pinch: 23
[t=8.42775s, 89268 KB] g=163, 248337 evaluated, 163 expanded
[t=8.51158s, 89268 KB] New best heuristic value for pinch: 22
[t=8.51168s, 89268 KB] g=164, 251143 evaluated, 164 expanded
[t=8.51929s, 89268 KB] New best heuristic value for pinch: 21
[t=8.51937s, 89268 KB] g=165, 251404 evaluated, 165 expanded
[t=8.60322s, 89268 KB] New best heuristic value for pinch: 20
[t=8.60332s, 89268 KB] g=166, 254211 evaluated, 166 expanded
[t=8.6109s, 89268 KB] New best heuristic value for pinch: 19
[t=8.61098s, 89268 KB] g=167, 254471 evaluated, 167 expanded
[t=8.69492s, 89268 KB] New best heuristic value for pinch: 18
[t=8.69503s, 89268 KB] g=168, 257282 evaluated, 168 expanded
[t=8.70249s, 89268 KB] New best heuristic value for pinch: 17
[t=8.70257s, 89268 KB] g=169, 257538 evaluated, 169 expanded
[t=8.7866s, 89268 KB] New best heuristic value for pinch: 16
[t=8.78671s, 89268 KB] g=170, 260354 evaluated, 170 expanded
[t=8.79401s, 89268 KB] New best heuristic value for pinch: 15
[t=8.79409s, 89268 KB] g=171, 260605 evaluated, 171 expanded
[t=8.87813s, 89404 KB] New best heuristic value for pinch: 14
[t=8.87823s, 89404 KB] g=172, 263422 evaluated, 172 expanded
[t=8.88553s, 89404 KB] New best heuristic value for pinch: 13
[t=8.88561s, 89404 KB] g=173, 263672 evaluated, 173 expanded
[t=8.96979s, 89536 KB] New best heuristic value for pinch: 12
[t=8.96989s, 89536 KB] g=174, 266492 evaluated, 174 expanded
[t=8.97711s, 89536 KB] New best heuristic value for pinch: 11
[t=8.97718s, 89536 KB] g=175, 266739 evaluated, 175 expanded
[t=9.06134s, 89668 KB] New best heuristic value for pinch: 10
[t=9.06144s, 89668 KB] g=176, 269561 evaluated, 176 expanded
[t=9.06857s, 89668 KB] New best heuristic value for pinch: 9
[t=9.06867s, 89668 KB] g=177, 269806 evaluated, 177 expanded
[t=9.15294s, 89932 KB] New best heuristic value for pinch: 8
[t=9.15303s, 89932 KB] g=178, 272629 evaluated, 178 expanded
[t=9.16014s, 89932 KB] New best heuristic value for pinch: 7
[t=9.16022s, 89932 KB] g=179, 272873 evaluated, 179 expanded
[t=9.24456s, 90068 KB] New best heuristic value for pinch: 6
[t=9.24465s, 90068 KB] g=180, 275698 evaluated, 180 expanded
[t=9.25168s, 90068 KB] New best heuristic value for pinch: 5
[t=9.25176s, 90068 KB] g=181, 275940 evaluated, 181 expanded
[t=9.33609s, 90332 KB] New best heuristic value for pinch: 4
[t=9.33618s, 90332 KB] g=182, 278766 evaluated, 182 expanded
[t=9.34321s, 90332 KB] New best heuristic value for pinch: 3
[t=9.34329s, 90332 KB] g=183, 279007 evaluated, 183 expanded
[t=9.4278s, 90464 KB] New best heuristic value for pinch: 2
[t=9.42788s, 90464 KB] g=184, 281836 evaluated, 184 expanded
[t=9.43481s, 90464 KB] New best heuristic value for pinch: 1
[t=9.43488s, 90464 KB] g=185, 282074 evaluated, 185 expanded
[t=9.52252s, 90596 KB] New best heuristic value for pinch: 0
[t=9.52262s, 90596 KB] g=186, 285011 evaluated, 186 expanded
[t=9.52597s, 90596 KB] Solution found!
[t=9.52623s, 90596 KB] Actual search time: 8.55792s
switch_on instrument18 satellite10 (1)
switch_on instrument16 satellite9 (1)
turn_to satellite10 star3 phenomenon45 (1)
calibrate satellite10 instrument18 star3 (1)
turn_to satellite9 groundstation1 phenomenon8 (1)
calibrate satellite9 instrument16 groundstation1 (1)
turn_to satellite9 phenomenon100 groundstation1 (1)
take_image satellite9 phenomenon100 instrument16 image3 (1)
turn_to satellite9 phenomenon103 phenomenon100 (1)
take_image satellite9 phenomenon103 instrument16 infrared1 (1)
turn_to satellite9 phenomenon12 phenomenon103 (1)
take_image satellite9 phenomenon12 instrument16 image3 (1)
turn_to satellite9 phenomenon13 phenomenon12 (1)
take_image satellite9 phenomenon13 instrument16 spectrograph0 (1)
turn_to satellite9 phenomenon36 phenomenon13 (1)
take_image satellite9 phenomenon36 instrument16 infrared1 (1)
turn_to satellite9 phenomenon41 phenomenon36 (1)
take_image satellite9 phenomenon41 instrument16 image3 (1)
turn_to satellite9 phenomenon49 phenomenon41 (1)
take_image satellite9 phenomenon49 instrument16 infrared1 (1)
turn_to satellite9 phenomenon56 phenomenon49 (1)
take_image satellite9 phenomenon56 instrument16 infrared1 (1)
turn_to satellite9 phenomenon57 phenomenon56 (1)
take_image satellite9 phenomenon57 instrument16 spectrograph0 (1)
turn_to satellite9 phenomenon6 phenomenon57 (1)
take_image satellite9 phenomenon6 instrument16 image3 (1)
turn_to satellite9 phenomenon63 phenomenon6 (1)
take_image satellite9 phenomenon63 instrument16 infrared1 (1)
turn_to satellite9 phenomenon7 phenomenon63 (1)
take_image satellite9 phenomenon7 instrument16 infrared1 (1)
turn_to satellite9 phenomenon76 phenomenon7 (1)
take_image satellite9 phenomenon76 instrument16 spectrograph0 (1)
turn_to satellite9 phenomenon90 phenomenon76 (1)
take_image satellite9 phenomenon90 instrument16 image3 (1)
turn_to satellite9 planet101 phenomenon90 (1)
take_image satellite9 planet101 instrument16 image3 (1)
turn_to satellite9 planet104 planet101 (1)
take_image satellite9 planet104 instrument16 infrared1 (1)
turn_to satellite9 planet11 planet104 (1)
take_image satellite9 planet11 instrument16 spectrograph0 (1)
turn_to satellite9 planet17 planet11 (1)
take_image satellite9 planet17 instrument16 image3 (1)
turn_to satellite9 planet23 planet17 (1)
take_image satellite9 planet23 instrument16 infrared1 (1)
turn_to satellite9 planet30 planet23 (1)
take_image satellite9 planet30 instrument16 infrared1 (1)
turn_to satellite9 planet31 planet30 (1)
take_image satellite9 planet31 instrument16 infrared1 (1)
turn_to satellite9 planet38 planet31 (1)
take_image satellite9 planet38 instrument16 infrared1 (1)
turn_to satellite9 planet42 planet38 (1)
take_image satellite9 planet42 instrument16 image3 (1)
turn_to satellite9 planet47 planet42 (1)
take_image satellite9 planet47 instrument16 spectrograph0 (1)
turn_to satellite9 planet61 planet47 (1)
take_image satellite9 planet61 instrument16 image3 (1)
turn_to satellite9 planet66 planet61 (1)
take_image satellite9 planet66 instrument16 infrared1 (1)
turn_to satellite9 planet73 planet66 (1)
take_image satellite9 planet73 instrument16 image3 (1)
turn_to satellite9 planet87 planet73 (1)
take_image satellite9 planet87 instrument16 image3 (1)
turn_to satellite9 star22 planet87 (1)
take_image satellite9 star22 instrument16 infrared1 (1)
turn_to satellite9 star24 star22 (1)
take_image satellite9 star24 instrument16 spectrograph0 (1)
turn_to satellite9 star25 star24 (1)
take_image satellite9 star25 instrument16 infrared1 (1)
turn_to satellite9 star27 star25 (1)
take_image satellite9 star27 instrument16 image3 (1)
turn_to satellite9 star35 star27 (1)
take_image satellite9 star35 instrument16 spectrograph0 (1)
turn_to satellite9 star50 star35 (1)
take_image satellite9 star50 instrument16 infrared1 (1)
turn_to satellite9 star53 star50 (1)
take_image satellite9 star53 instrument16 spectrograph0 (1)
turn_to satellite9 star54 star53 (1)
take_image satellite9 star54 instrument16 image3 (1)
turn_to satellite9 star62 star54 (1)
take_image satellite9 star62 instrument16 image3 (1)
turn_to satellite9 star64 star62 (1)
take_image satellite9 star64 instrument16 spectrograph0 (1)
turn_to satellite9 star71 star64 (1)
take_image satellite9 star71 instrument16 image3 (1)
turn_to satellite9 star75 star71 (1)
take_image satellite9 star75 instrument16 infrared1 (1)
turn_to satellite9 star79 star75 (1)
take_image satellite9 star79 instrument16 infrared1 (1)
turn_to satellite9 star82 star79 (1)
take_image satellite9 star82 instrument16 image3 (1)
turn_to satellite9 star85 star82 (1)
take_image satellite9 star85 instrument16 spectrograph0 (1)
turn_to satellite9 star86 star85 (1)
take_image satellite9 star86 instrument16 infrared1 (1)
turn_to satellite9 star88 star86 (1)
take_image satellite9 star88 instrument16 spectrograph0 (1)
turn_to satellite9 star9 star88 (1)
take_image satellite9 star9 instrument16 image3 (1)
turn_to satellite9 star95 star9 (1)
take_image satellite9 star95 instrument16 spectrograph0 (1)
turn_to satellite9 star96 star95 (1)
take_image satellite9 star96 instrument16 spectrograph0 (1)
turn_to satellite9 star97 star96 (1)
take_image satellite9 star97 instrument16 spectrograph0 (1)
turn_to satellite8 phenomenon48 planet17 (1)
turn_to satellite6 star24 planet98 (1)
turn_to satellite4 star82 planet17 (1)
turn_to satellite3 planet87 planet5 (1)
turn_to satellite12 planet67 planet47 (1)
turn_to satellite10 phenomenon20 star3 (1)
take_image satellite10 phenomenon20 instrument18 image2 (1)
turn_to satellite10 phenomenon21 phenomenon20 (1)
take_image satellite10 phenomenon21 instrument18 image2 (1)
turn_to satellite10 phenomenon44 phenomenon21 (1)
take_image satellite10 phenomenon44 instrument18 image2 (1)
turn_to satellite10 phenomenon45 phenomenon44 (1)
take_image satellite10 phenomenon45 instrument18 image4 (1)
turn_to satellite10 phenomenon48 phenomenon45 (1)
take_image satellite10 phenomenon48 instrument18 image4 (1)
turn_to satellite10 phenomenon70 phenomenon48 (1)
take_image satellite10 phenomenon70 instrument18 image4 (1)
turn_to satellite10 phenomenon8 phenomenon70 (1)
take_image satellite10 phenomenon8 instrument18 image2 (1)
turn_to satellite10 phenomenon89 phenomenon8 (1)
take_image satellite10 phenomenon89 instrument18 image2 (1)
turn_to satellite10 phenomenon92 phenomenon89 (1)
take_image satellite10 phenomenon92 instrument18 image4 (1)
turn_to satellite10 planet10 phenomenon92 (1)
take_image satellite10 planet10 instrument18 image4 (1)
turn_to satellite10 planet102 planet10 (1)
take_image satellite10 planet102 instrument18 image2 (1)
turn_to satellite10 planet19 planet102 (1)
take_image satellite10 planet19 instrument18 image4 (1)
turn_to satellite10 planet26 planet19 (1)
take_image satellite10 planet26 instrument18 image2 (1)
turn_to satellite10 planet28 planet26 (1)
take_image satellite10 planet28 instrument18 image4 (1)
turn_to satellite10 planet32 planet28 (1)
take_image satellite10 planet32 instrument18 image2 (1)
turn_to satellite10 planet40 planet32 (1)
take_image satellite10 planet40 instrument18 image2 (1)
turn_to satellite10 planet5 planet40 (1)
take_image satellite10 planet5 instrument18 image2 (1)
turn_to satellite10 planet55 planet5 (1)
take_image satellite10 planet55 instrument18 image4 (1)
turn_to satellite10 planet60 planet55 (1)
take_image satellite10 planet60 instrument18 image2 (1)
turn_to satellite10 planet68 planet60 (1)
take_image satellite10 planet68 instrument18 image4 (1)
turn_to satellite10 planet69 planet68 (1)
take_image satellite10 planet69 instrument18 image2 (1)
turn_to satellite10 planet91 planet69 (1)
take_image satellite10 planet91 instrument18 image4 (1)
turn_to satellite10 planet93 planet91 (1)
take_image satellite10 planet93 instrument18 image4 (1)
turn_to satellite10 planet99 planet93 (1)
take_image satellite10 planet99 instrument18 image4 (1)
turn_to satellite10 star14 planet99 (1)
take_image satellite10 star14 instrument18 image4 (1)
turn_to satellite10 star15 star14 (1)
take_image satellite10 star15 instrument18 image4 (1)
turn_to satellite10 star18 star15 (1)
take_image satellite10 star18 instrument18 image4 (1)
turn_to satellite10 star33 star18 (1)
take_image satellite10 star33 instrument18 image4 (1)
turn_to satellite10 star34 star33 (1)
take_image satellite10 star34 instrument18 image4 (1)
turn_to satellite10 star43 star34 (1)
take_image satellite10 star43 instrument18 image2 (1)
turn_to satellite10 star58 star43 (1)
take_image satellite10 star58 instrument18 image2 (1)
turn_to satellite10 star59 star58 (1)
take_image satellite10 star59 instrument18 image4 (1)
turn_to satellite10 star65 star59 (1)
take_image satellite10 star65 instrument18 image2 (1)
turn_to satellite10 star72 star65 (1)
take_image satellite10 star72 instrument18 image2 (1)
turn_to satellite10 star74 star72 (1)
take_image satellite10 star74 instrument18 image2 (1)
turn_to satellite10 star77 star74 (1)
take_image satellite10 star77 instrument18 image4 (1)
turn_to satellite10 star78 star77 (1)
take_image satellite10 star78 instrument18 image4 (1)
turn_to satellite10 star83 star78 (1)
take_image satellite10 star83 instrument18 image4 (1)
turn_to satellite1 star88 planet87 (1)
[t=9.52628s, 90596 KB] Plan length: 186 step(s).
[t=9.52628s, 90596 KB] Plan cost: 186
[t=9.52628s, 90596 KB] Expanded 187 state(s).
[t=9.52628s, 90596 KB] Reopened 0 state(s).
[t=9.52628s, 90596 KB] Evaluated 285119 state(s).
[t=9.52628s, 90596 KB] Evaluations: 285119
[t=9.52628s, 90596 KB] Generated 295178 state(s).
[t=9.52628s, 90596 KB] Dead ends: 0 state(s).
[t=9.52628s, 90596 KB] Number of registered states: 285119
[t=9.52628s, 90596 KB] Int hash set load factor: 285119/524288 = 0.543821
[t=9.52628s, 90596 KB] Int hash set resizes: 19
[t=9.52628s, 90596 KB] mean number of q cost that have been adjusted 0 times in relation to total number of q: -1
[t=9.52628s, 90596 KB] mean number of q cost that have been adjusted 1 times in relation to total number of q: -1
[t=9.52628s, 90596 KB] mean number of q cost that have been adjusted 2 times in relation to total number of q: -1
[t=9.52628s, 90596 KB] mean number of q that are at some point overconsitent in relation to total number of q: -1
[t=9.52628s, 90596 KB] mean number of q that are at first underconsisten in relation to total number of q: -1
[t=9.52628s, 90596 KB] mean number of state variables that are not in common between two following states in relation to total number of state variables: -1
[t=9.52628s, 90596 KB] variance number of state variables that are not in common between two following states in relation to total number of state variables: -1
[t=9.52628s, 90596 KB] Search time: 8.57423s
[t=9.52628s, 90596 KB] Total time: 9.52628s
Solution found.
Peak memory: 90596 KB
Remove intermediate file output.sas
search exit code: 0

INFO     Running validate.
INFO     validate stdin: None
INFO     validate time limit: None
INFO     validate memory limit: None
INFO     validate command line string: validate domain.pddl problem.pddl sas_plan
