INFO     Running translator.
INFO     translator stdin: None
INFO     translator time limit: 1799.96s
INFO     translator memory limit: 3584 MB
INFO     translator command line string: /infai/weidan00/downward/experiments/bachelor/.venv/bin/python3 /infai/weidan00/downward/experiments/bachelor/data/bachelor-v1/code-7aa5f34_e5e41175/builds/release/bin/translate/translate.py domain.pddl problem.pddl --sas-file output.sas
Parsing...
Parsing: [0.010s CPU, 0.004s wall-clock]
Normalizing task... [0.000s CPU, 0.000s wall-clock]
Instantiating...
Generating Datalog program... [0.000s CPU, 0.001s wall-clock]
Normalizing Datalog program...
Normalizing Datalog program: [0.000s CPU, 0.003s wall-clock]
Preparing model... [0.000s CPU, 0.003s wall-clock]
Generated 46 rules.
Computing model... [0.110s CPU, 0.113s wall-clock]
8296 relevant atoms
3303 auxiliary atoms
11599 final queue length
24725 total queue pushes
Completing instantiation... [0.340s CPU, 0.349s wall-clock]
Instantiating: [0.470s CPU, 0.474s wall-clock]
Computing fact groups...
Finding invariants...
12 initial candidates
Finding invariants: [0.000s CPU, 0.004s wall-clock]
Checking invariant weight... [0.000s CPU, 0.001s wall-clock]
Instantiating groups... [0.000s CPU, 0.002s wall-clock]
Collecting mutex groups... [0.000s CPU, 0.001s wall-clock]
Choosing groups...
1 uncovered facts
Choosing groups: [0.010s CPU, 0.002s wall-clock]
Building translation key... [0.000s CPU, 0.001s wall-clock]
Computing fact groups: [0.010s CPU, 0.014s wall-clock]
Building STRIPS to SAS dictionary... [0.000s CPU, 0.000s wall-clock]
Building dictionary for full mutex groups... [0.000s CPU, 0.000s wall-clock]
Building mutex information...
Building mutex information: [0.000s CPU, 0.000s wall-clock]
Translating task...
Processing axioms...
Simplifying axioms... [0.000s CPU, 0.000s wall-clock]
Processing axioms: [0.020s CPU, 0.015s wall-clock]
Translating task: [0.310s CPU, 0.305s wall-clock]
539 effect conditions simplified
0 implied preconditions added
Detecting unreachable propositions...
0 operators removed
0 axioms removed
139 propositions removed
Detecting unreachable propositions: [0.140s CPU, 0.135s wall-clock]
Reordering and filtering variables...
23 of 23 variables necessary.
1 of 23 mutex groups necessary.
6716 of 6716 operators necessary.
0 of 0 axiom rules necessary.
Reordering and filtering variables: [0.040s CPU, 0.038s wall-clock]
Translator variables: 23
Translator derived variables: 0
Translator facts: 621
Translator goal facts: 5
Translator mutex groups: 1
Translator total mutex groups size: 12
Translator operators: 6716
Translator axioms: 0
Translator task size: 39874
Translator peak memory: 174028 KB
Writing output... [0.060s CPU, 0.070s wall-clock]
Done! [1.050s CPU, 1.057s wall-clock]
translate exit code: 0

INFO     Running search (release).
INFO     search stdin: output.sas
INFO     search time limit: 1798.85s
INFO     search memory limit: 3584 MB
INFO     search command line string: /infai/weidan00/downward/experiments/bachelor/data/bachelor-v1/code-7aa5f34_e5e41175/builds/release/bin/downward --search 'eager_wastar([add()], w=2)' --internal-plan-file sas_plan < output.sas
[t=6.6287e-05s, 17204 KB] reading input...
[t=0.0374584s, 19164 KB] done reading input!
[t=0.0415138s, 20548 KB] Simplifying 13184 unary operators... done! [7794 unary operators]
[t=0.0526846s, 21616 KB] time to simplify: 0.0112734s
[t=0.0533708s, 21616 KB] Initializing additive heuristic...
[t=0.0535518s, 21616 KB] Building successor generator...done!
[t=0.0574197s, 21616 KB] peak memory difference for successor generator creation: 0 KB
[t=0.0574673s, 21616 KB] time for successor generation creation: 0.0036405s
[t=0.0575797s, 21616 KB] Variables: 23
[t=0.0576202s, 21616 KB] FactPairs: 621
[t=0.0576576s, 21616 KB] Bytes per state: 12
[t=0.0578036s, 21616 KB] Conducting best first search with reopening closed nodes, (real) bound = 2147483647
[t=0.058043s, 21616 KB] New best heuristic value for add: 52
[t=0.0580882s, 21616 KB] g=0, 1 evaluated, 0 expanded
[t=0.0581347s, 21616 KB] Initial heuristic value for add: 52
[t=0.0581734s, 21616 KB] pruning method: none
[t=0.0583196s, 21616 KB] New best heuristic value for add: 48
[t=0.0583602s, 21616 KB] g=1, 2 evaluated, 1 expanded
[t=0.0585672s, 21616 KB] New best heuristic value for add: 44
[t=0.0586075s, 21616 KB] g=2, 4 evaluated, 2 expanded
[t=0.0592025s, 21616 KB] New best heuristic value for add: 42
[t=0.0592478s, 21616 KB] g=3, 11 evaluated, 3 expanded
[t=0.0596746s, 21616 KB] New best heuristic value for add: 40
[t=0.0597172s, 21616 KB] g=4, 16 evaluated, 4 expanded
[t=0.0608889s, 21616 KB] New best heuristic value for add: 38
[t=0.0609338s, 21616 KB] g=6, 30 evaluated, 7 expanded
[t=0.0614367s, 21616 KB] New best heuristic value for add: 36
[t=0.0614811s, 21616 KB] g=7, 36 evaluated, 8 expanded
[t=0.18622s, 21616 KB] New best heuristic value for add: 33
[t=0.186316s, 21616 KB] g=11, 1676 evaluated, 460 expanded, 36 reopened
[t=0.21411s, 21616 KB] New best heuristic value for add: 32
[t=0.214191s, 21616 KB] g=15, 2091 evaluated, 561 expanded, 36 reopened
[t=0.98311s, 21616 KB] New best heuristic value for add: 31
[t=0.983225s, 21616 KB] g=22, 13761 evaluated, 3838 expanded, 199 reopened
[t=12.0669s, 29016 KB] New best heuristic value for add: 29
[t=12.067s, 29016 KB] g=17, 173956 evaluated, 55389 expanded, 5670 reopened
[t=12.0672s, 29016 KB] New best heuristic value for add: 28
[t=12.0673s, 29016 KB] g=18, 173959 evaluated, 55390 expanded, 5670 reopened
[t=12.068s, 29016 KB] New best heuristic value for add: 27
[t=12.0681s, 29016 KB] g=18, 173970 evaluated, 55393 expanded, 5670 reopened
[t=12.2668s, 29152 KB] New best heuristic value for add: 26
[t=12.2669s, 29152 KB] g=27, 177212 evaluated, 56474 expanded, 5705 reopened
[t=13.4444s, 29816 KB] New best heuristic value for add: 25
[t=13.4445s, 29816 KB] g=34, 196111 evaluated, 64179 expanded, 6403 reopened
[t=19.0834s, 35244 KB] New best heuristic value for add: 24
[t=19.0835s, 35244 KB] g=27, 277288 evaluated, 95666 expanded, 10634 reopened
[t=19.0837s, 35244 KB] New best heuristic value for add: 22
[t=19.0838s, 35244 KB] g=28, 277291 evaluated, 95667 expanded, 10634 reopened
[t=19.084s, 35244 KB] New best heuristic value for add: 21
[t=19.084s, 35244 KB] g=29, 277293 evaluated, 95668 expanded, 10634 reopened
[t=19.2391s, 35244 KB] New best heuristic value for add: 18
[t=19.2392s, 35244 KB] g=33, 279646 evaluated, 96541 expanded, 10676 reopened
[t=19.3465s, 35244 KB] New best heuristic value for add: 16
[t=19.3466s, 35244 KB] g=39, 281322 evaluated, 97057 expanded, 10695 reopened
[t=19.347s, 35244 KB] New best heuristic value for add: 14
[t=19.347s, 35244 KB] g=40, 281327 evaluated, 97058 expanded, 10695 reopened
[t=19.3472s, 35244 KB] New best heuristic value for add: 13
[t=19.3472s, 35244 KB] g=41, 281329 evaluated, 97059 expanded, 10695 reopened
[t=19.8181s, 35244 KB] New best heuristic value for add: 11
[t=19.8182s, 35244 KB] g=50, 288645 evaluated, 99974 expanded, 10792 reopened
[t=19.8184s, 35244 KB] New best heuristic value for add: 9
[t=19.8185s, 35244 KB] g=51, 288648 evaluated, 99975 expanded, 10792 reopened
[t=19.8186s, 35244 KB] New best heuristic value for add: 7
[t=19.8187s, 35244 KB] g=52, 288650 evaluated, 99976 expanded, 10792 reopened
[t=19.8189s, 35244 KB] New best heuristic value for add: 6
[t=19.8189s, 35244 KB] g=53, 288653 evaluated, 99977 expanded, 10792 reopened
[t=19.819s, 35244 KB] New best heuristic value for add: 5
[t=19.8191s, 35244 KB] g=54, 288654 evaluated, 99978 expanded, 10792 reopened
[t=19.8193s, 35244 KB] New best heuristic value for add: 4
[t=19.8193s, 35244 KB] g=55, 288658 evaluated, 99979 expanded, 10792 reopened
[t=19.8195s, 35244 KB] New best heuristic value for add: 3
[t=19.8196s, 35244 KB] g=56, 288662 evaluated, 99980 expanded, 10792 reopened
[t=19.8197s, 35244 KB] New best heuristic value for add: 2
[t=19.8197s, 35244 KB] g=57, 288665 evaluated, 99981 expanded, 10792 reopened
[t=19.8199s, 35244 KB] New best heuristic value for add: 1
[t=19.8199s, 35244 KB] g=58, 288668 evaluated, 99982 expanded, 10792 reopened
[t=19.8201s, 35244 KB] New best heuristic value for add: 0
[t=19.8201s, 35244 KB] g=59, 288674 evaluated, 99983 expanded, 10792 reopened
[t=19.8201s, 35244 KB] Solution found!
[t=19.8202s, 35244 KB] Actual search time: 19.762s
move node3-4 node2-4 (1)
move node2-4 node1-4 (1)
pickup node1-4 key0 (1)
move node1-4 node2-4 (1)
move node2-4 node3-4 (1)
unlock node3-4 node3-3 key0 diamond (1)
move node3-4 node3-3 (1)
unlock node3-3 node3-2 key0 diamond (1)
move node3-3 node3-4 (1)
move node3-4 node2-4 (1)
move node2-4 node1-4 (1)
move node1-4 node1-5 (1)
move node1-5 node0-5 (1)
putdown node0-5 key0 (1)
move node0-5 node1-5 (1)
move node1-5 node1-4 (1)
pickup node1-4 key9 (1)
move node1-4 node2-4 (1)
pickup-and-loose node2-4 key1 key9 (1)
move node2-4 node2-5 (1)
move node2-5 node3-5 (1)
move node3-5 node3-6 (1)
move node3-6 node4-6 (1)
putdown node4-6 key1 (1)
move node4-6 node3-6 (1)
move node3-6 node3-5 (1)
move node3-5 node3-4 (1)
move node3-4 node3-3 (1)
move node3-3 node3-2 (1)
pickup node3-2 key2 (1)
move node3-2 node3-3 (1)
move node3-3 node3-4 (1)
move node3-4 node2-4 (1)
move node2-4 node1-4 (1)
move node1-4 node1-5 (1)
move node1-5 node0-5 (1)
putdown node0-5 key2 (1)
move node0-5 node1-5 (1)
move node1-5 node1-4 (1)
move node1-4 node2-4 (1)
pickup node2-4 key4 (1)
move node2-4 node2-5 (1)
move node2-5 node2-6 (1)
move node2-6 node3-6 (1)
move node3-6 node4-6 (1)
move node4-6 node5-6 (1)
putdown node5-6 key4 (1)
move node5-6 node4-6 (1)
move node4-6 node3-6 (1)
move node3-6 node2-6 (1)
move node2-6 node2-5 (1)
move node2-5 node2-4 (1)
pickup node2-4 key9 (1)
move node2-4 node1-4 (1)
move node1-4 node1-3 (1)
move node1-3 node1-2 (1)
move node1-2 node1-1 (1)
move node1-1 node1-0 (1)
putdown node1-0 key9 (1)
[t=19.8202s, 35244 KB] Plan length: 59 step(s).
[t=19.8202s, 35244 KB] Plan cost: 59
[t=19.8202s, 35244 KB] Expanded 99984 state(s).
[t=19.8202s, 35244 KB] Reopened 10792 state(s).
[t=19.8202s, 35244 KB] Evaluated 288674 state(s).
[t=19.8202s, 35244 KB] Evaluations: 288674
[t=19.8202s, 35244 KB] Generated 545569 state(s).
[t=19.8202s, 35244 KB] Dead ends: 0 state(s).
[t=19.8202s, 35244 KB] Number of registered states: 288674
[t=19.8202s, 35244 KB] Int hash set load factor: 288674/524288 = 0.550602
[t=19.8202s, 35244 KB] Int hash set resizes: 19
[t=19.8202s, 35244 KB] mean number of q cost that have been adjusted 0 times in relation to total number of q: -1
[t=19.8202s, 35244 KB] mean number of q cost that have been adjusted 1 times in relation to total number of q: -1
[t=19.8202s, 35244 KB] mean number of q cost that have been adjusted 2 times in relation to total number of q: -1
[t=19.8202s, 35244 KB] mean number of q that are at some point overconsitent in relation to total number of q: -1
[t=19.8202s, 35244 KB] mean number of q that are at first underconsisten in relation to total number of q: -1
[t=19.8202s, 35244 KB] mean number of state variables that are not in common between two following states in relation to total number of state variables: -1
[t=19.8202s, 35244 KB] variance number of state variables that are not in common between two following states in relation to total number of state variables: -1
[t=19.8202s, 35244 KB] Search time: 19.7624s
[t=19.8202s, 35244 KB] Total time: 19.8202s
Solution found.
Peak memory: 35244 KB
Remove intermediate file output.sas
search exit code: 0

INFO     Running validate.
INFO     validate stdin: None
INFO     validate time limit: None
INFO     validate memory limit: None
INFO     validate command line string: validate domain.pddl problem.pddl sas_plan
