INFO     Running translator.
INFO     translator stdin: None
INFO     translator time limit: 1799.96s
INFO     translator memory limit: 3584 MB
INFO     translator command line string: /infai/weidan00/downward/experiments/bachelor/.venv/bin/python3 /infai/weidan00/downward/experiments/bachelor/data/bachelor-v1/code-7aa5f34_e5e41175/builds/release/bin/translate/translate.py domain.pddl problem.pddl --sas-file output.sas
Parsing...
Parsing: [0.010s CPU, 0.004s wall-clock]
Normalizing task... [0.000s CPU, 0.000s wall-clock]
Instantiating...
Generating Datalog program... [0.000s CPU, 0.001s wall-clock]
Normalizing Datalog program...
Normalizing Datalog program: [0.000s CPU, 0.005s wall-clock]
Preparing model... [0.000s CPU, 0.002s wall-clock]
Generated 90 rules.
Computing model... [0.010s CPU, 0.006s wall-clock]
310 relevant atoms
417 auxiliary atoms
727 final queue length
945 total queue pushes
Completing instantiation... [0.010s CPU, 0.005s wall-clock]
Instantiating: [0.020s CPU, 0.020s wall-clock]
Computing fact groups...
Finding invariants...
35 initial candidates
Finding invariants: [0.000s CPU, 0.005s wall-clock]
Checking invariant weight... [0.000s CPU, 0.000s wall-clock]
Instantiating groups... [0.000s CPU, 0.000s wall-clock]
Collecting mutex groups... [0.000s CPU, 0.000s wall-clock]
Choosing groups...
38 uncovered facts
Choosing groups: [0.000s CPU, 0.000s wall-clock]
Building translation key... [0.000s CPU, 0.000s wall-clock]
Computing fact groups: [0.000s CPU, 0.006s wall-clock]
Building STRIPS to SAS dictionary... [0.000s CPU, 0.000s wall-clock]
Building dictionary for full mutex groups... [0.000s CPU, 0.000s wall-clock]
Building mutex information...
Building mutex information: [0.000s CPU, 0.000s wall-clock]
Translating task...
Processing axioms...
Simplifying axioms... [0.000s CPU, 0.000s wall-clock]
Processing axioms: [0.000s CPU, 0.000s wall-clock]
Translating task: [0.010s CPU, 0.005s wall-clock]
61 effect conditions simplified
0 implied preconditions added
Detecting unreachable propositions...
0 operators removed
0 axioms removed
15 propositions removed
Detecting unreachable propositions: [0.000s CPU, 0.003s wall-clock]
Reordering and filtering variables...
25 of 44 variables necessary.
0 of 9 mutex groups necessary.
111 of 144 operators necessary.
0 of 0 axiom rules necessary.
Reordering and filtering variables: [0.000s CPU, 0.001s wall-clock]
Translator variables: 25
Translator derived variables: 0
Translator facts: 53
Translator goal facts: 7
Translator mutex groups: 0
Translator total mutex groups size: 0
Translator operators: 111
Translator axioms: 0
Translator task size: 545
Translator peak memory: 143052 KB
Writing output... [0.010s CPU, 0.003s wall-clock]
Done! [0.050s CPU, 0.044s wall-clock]
translate exit code: 0

INFO     Running search (release).
INFO     search stdin: output.sas
INFO     search time limit: 1799.86s
INFO     search memory limit: 3584 MB
INFO     search command line string: /infai/weidan00/downward/experiments/bachelor/data/bachelor-v1/code-7aa5f34_e5e41175/builds/release/bin/downward --search 'eager_wastar([add()], w=2)' --internal-plan-file sas_plan < output.sas
[t=5.9181e-05s, 17204 KB] reading input...
[t=0.00104329s, 17212 KB] done reading input!
[t=0.00292443s, 17476 KB] Simplifying 142 unary operators... done! [92 unary operators]
[t=0.00306297s, 17476 KB] time to simplify: 0.000188599s
[t=0.00313486s, 17476 KB] Initializing additive heuristic...
[t=0.00325449s, 17476 KB] Building successor generator...done!
[t=0.00344675s, 17476 KB] peak memory difference for successor generator creation: 0 KB
[t=0.00348576s, 17476 KB] time for successor generation creation: 6.6977e-05s
[t=0.003534s, 17476 KB] Variables: 25
[t=0.00357404s, 17476 KB] FactPairs: 53
[t=0.00361355s, 17476 KB] Bytes per state: 4
[t=0.00372939s, 17476 KB] Conducting best first search with reopening closed nodes, (real) bound = 2147483647
[t=0.00383471s, 17476 KB] New best heuristic value for add: 21
[t=0.00387822s, 17476 KB] g=0, 1 evaluated, 0 expanded
[t=0.00392957s, 17476 KB] Initial heuristic value for add: 21
[t=0.00397081s, 17476 KB] pruning method: none
[t=0.00403184s, 17476 KB] New best heuristic value for add: 19
[t=0.00407409s, 17476 KB] g=1, 2 evaluated, 1 expanded
[t=0.00412354s, 17476 KB] New best heuristic value for add: 18
[t=0.00416467s, 17476 KB] g=1, 3 evaluated, 1 expanded
[t=0.00425654s, 17476 KB] New best heuristic value for add: 16
[t=0.00429954s, 17476 KB] g=2, 10 evaluated, 2 expanded
[t=0.00444666s, 17476 KB] New best heuristic value for add: 15
[t=0.0044891s, 17476 KB] g=4, 31 evaluated, 4 expanded
[t=0.00460418s, 17476 KB] New best heuristic value for add: 14
[t=0.0046461s, 17476 KB] g=5, 46 evaluated, 5 expanded
[t=0.00498262s, 17476 KB] New best heuristic value for add: 13
[t=0.00502888s, 17476 KB] g=7, 114 evaluated, 11 expanded
[t=0.00515045s, 17476 KB] New best heuristic value for add: 12
[t=0.00519407s, 17476 KB] g=8, 128 evaluated, 12 expanded
[t=0.00530113s, 17476 KB] New best heuristic value for add: 11
[t=0.00534382s, 17476 KB] g=9, 140 evaluated, 13 expanded
[t=0.00543428s, 17476 KB] New best heuristic value for add: 10
[t=0.00547578s, 17476 KB] g=10, 152 evaluated, 14 expanded
[t=0.00570026s, 17476 KB] New best heuristic value for add: 9
[t=0.0057441s, 17476 KB] g=12, 201 evaluated, 20 expanded
[t=0.00582854s, 17476 KB] New best heuristic value for add: 8
[t=0.00587186s, 17476 KB] g=13, 211 evaluated, 21 expanded
[t=0.00594495s, 17476 KB] New best heuristic value for add: 7
[t=0.00598644s, 17476 KB] g=14, 219 evaluated, 22 expanded
[t=0.00606392s, 17476 KB] New best heuristic value for add: 6
[t=0.00610558s, 17476 KB] g=15, 227 evaluated, 23 expanded
[t=0.0061781s, 17476 KB] New best heuristic value for add: 5
[t=0.0062193s, 17476 KB] g=16, 235 evaluated, 24 expanded
[t=0.00644927s, 17476 KB] New best heuristic value for add: 4
[t=0.00649437s, 17476 KB] g=18, 280 evaluated, 32 expanded
[t=0.00656969s, 17476 KB] New best heuristic value for add: 3
[t=0.00661128s, 17476 KB] g=19, 289 evaluated, 33 expanded
[t=0.00667618s, 17476 KB] New best heuristic value for add: 2
[t=0.00671781s, 17476 KB] g=20, 296 evaluated, 34 expanded
[t=0.00678183s, 17476 KB] New best heuristic value for add: 1
[t=0.00682346s, 17476 KB] g=21, 303 evaluated, 35 expanded
[t=0.00688612s, 17476 KB] New best heuristic value for add: 0
[t=0.00692895s, 17476 KB] g=22, 310 evaluated, 36 expanded
[t=0.00697498s, 17476 KB] Solution found!
[t=0.00701774s, 17476 KB] Actual search time: 0.00304271s
calibrate rover1 camera1 objective1 waypoint0 (1)
navigate rover1 waypoint0 waypoint1 (1)
calibrate rover1 camera0 objective1 waypoint1 (1)
take_image rover1 waypoint1 objective0 camera1 colour (1)
communicate_image_data rover1 general objective0 colour waypoint1 waypoint3 (1)
calibrate rover1 camera1 objective1 waypoint1 (1)
take_image rover1 waypoint1 objective0 camera1 high_res (1)
take_image rover1 waypoint1 objective2 camera0 high_res (1)
communicate_image_data rover1 general objective2 high_res waypoint1 waypoint3 (1)
communicate_image_data rover1 general objective0 high_res waypoint1 waypoint3 (1)
sample_soil rover1 rover1store waypoint1 (1)
navigate rover1 waypoint1 waypoint2 (1)
communicate_soil_data rover1 general waypoint1 waypoint2 waypoint3 (1)
drop rover1 rover1store (1)
sample_soil rover1 rover1store waypoint2 (1)
communicate_soil_data rover1 general waypoint2 waypoint2 waypoint3 (1)
sample_rock rover0 rover0store waypoint0 (1)
navigate rover0 waypoint0 waypoint1 (1)
communicate_rock_data rover0 general waypoint0 waypoint1 waypoint3 (1)
drop rover0 rover0store (1)
sample_rock rover0 rover0store waypoint1 (1)
communicate_rock_data rover0 general waypoint1 waypoint1 waypoint3 (1)
[t=0.00706148s, 17476 KB] Plan length: 22 step(s).
[t=0.00706148s, 17476 KB] Plan cost: 22
[t=0.00706148s, 17476 KB] Expanded 37 state(s).
[t=0.00706148s, 17476 KB] Reopened 0 state(s).
[t=0.00706148s, 17476 KB] Evaluated 311 state(s).
[t=0.00706148s, 17476 KB] Evaluations: 311
[t=0.00706148s, 17476 KB] Generated 544 state(s).
[t=0.00706148s, 17476 KB] Dead ends: 0 state(s).
[t=0.00706148s, 17476 KB] Number of registered states: 311
[t=0.00706148s, 17476 KB] Int hash set load factor: 311/512 = 0.607422
[t=0.00706148s, 17476 KB] Int hash set resizes: 9
[t=0.00706148s, 17476 KB] mean number of q cost that have been adjusted 0 times in relation to total number of q: -1
[t=0.00706148s, 17476 KB] mean number of q cost that have been adjusted 1 times in relation to total number of q: -1
[t=0.00706148s, 17476 KB] mean number of q cost that have been adjusted 2 times in relation to total number of q: -1
[t=0.00706148s, 17476 KB] mean number of q that are at some point overconsitent in relation to total number of q: -1
[t=0.00706148s, 17476 KB] mean number of q that are at first underconsisten in relation to total number of q: -1
[t=0.00706148s, 17476 KB] mean number of state variables that are not in common between two following states in relation to total number of state variables: -1
[t=0.00706148s, 17476 KB] variance number of state variables that are not in common between two following states in relation to total number of state variables: -1
[t=0.00706148s, 17476 KB] Search time: 0.00333266s
[t=0.00706148s, 17476 KB] Total time: 0.00706148s
Solution found.
Peak memory: 17476 KB
Remove intermediate file output.sas
search exit code: 0

INFO     Running validate.
INFO     validate stdin: None
INFO     validate time limit: None
INFO     validate memory limit: None
INFO     validate command line string: validate domain.pddl problem.pddl sas_plan
