INFO     Running translator.
INFO     translator stdin: None
INFO     translator time limit: 1799.96s
INFO     translator memory limit: 3584 MB
INFO     translator command line string: /infai/weidan00/downward/experiments/bachelor/.venv/bin/python3 /infai/weidan00/downward/experiments/bachelor/data/bachelor-v1/code-7aa5f34_e5e41175/builds/release/bin/translate/translate.py domain.pddl problem.pddl --sas-file output.sas
Parsing...
Parsing: [0.000s CPU, 0.003s wall-clock]
Normalizing task... [0.000s CPU, 0.000s wall-clock]
Instantiating...
Generating Datalog program... [0.000s CPU, 0.001s wall-clock]
Normalizing Datalog program...
Normalizing Datalog program: [0.000s CPU, 0.001s wall-clock]
Preparing model... [0.000s CPU, 0.002s wall-clock]
Generated 13 rules.
Computing model... [0.010s CPU, 0.006s wall-clock]
497 relevant atoms
280 auxiliary atoms
777 final queue length
1242 total queue pushes
Completing instantiation... [0.000s CPU, 0.008s wall-clock]
Instantiating: [0.010s CPU, 0.018s wall-clock]
Computing fact groups...
Finding invariants...
6 initial candidates
Finding invariants: [0.010s CPU, 0.001s wall-clock]
Checking invariant weight... [0.000s CPU, 0.000s wall-clock]
Instantiating groups... [0.000s CPU, 0.000s wall-clock]
Collecting mutex groups... [0.000s CPU, 0.000s wall-clock]
Choosing groups...
16 uncovered facts
Choosing groups: [0.000s CPU, 0.000s wall-clock]
Building translation key... [0.000s CPU, 0.000s wall-clock]
Computing fact groups: [0.010s CPU, 0.002s wall-clock]
Building STRIPS to SAS dictionary... [0.000s CPU, 0.000s wall-clock]
Building dictionary for full mutex groups... [0.000s CPU, 0.000s wall-clock]
Building mutex information...
Building mutex information: [0.000s CPU, 0.000s wall-clock]
Translating task...
Processing axioms...
Simplifying axioms... [0.000s CPU, 0.000s wall-clock]
Processing axioms: [0.000s CPU, 0.000s wall-clock]
Translating task: [0.000s CPU, 0.006s wall-clock]
8 effect conditions simplified
0 implied preconditions added
Detecting unreachable propositions...
0 operators removed
0 axioms removed
1 propositions removed
Detecting unreachable propositions: [0.010s CPU, 0.003s wall-clock]
Reordering and filtering variables...
17 of 17 variables necessary.
0 of 1 mutex groups necessary.
252 of 252 operators necessary.
0 of 0 axiom rules necessary.
Reordering and filtering variables: [0.000s CPU, 0.001s wall-clock]
Translator variables: 17
Translator derived variables: 0
Translator facts: 48
Translator goal facts: 8
Translator mutex groups: 0
Translator total mutex groups size: 0
Translator operators: 252
Translator axioms: 0
Translator task size: 857
Translator peak memory: 143052 KB
Writing output... [0.000s CPU, 0.004s wall-clock]
Done! [0.030s CPU, 0.038s wall-clock]
translate exit code: 0

INFO     Running search (release).
INFO     search stdin: output.sas
INFO     search time limit: 1799.88s
INFO     search memory limit: 3584 MB
INFO     search command line string: /infai/weidan00/downward/experiments/bachelor/data/bachelor-v1/code-7aa5f34_e5e41175/builds/release/bin/downward --search 'eager_wastar([add()], w=2)' --internal-plan-file sas_plan < output.sas
[t=6.8356e-05s, 17204 KB] reading input...
[t=0.00123366s, 17212 KB] done reading input!
[t=0.00303657s, 17476 KB] Simplifying 264 unary operators... done! [264 unary operators]
[t=0.00321553s, 17608 KB] time to simplify: 0.000240238s
[t=0.00330425s, 17608 KB] Initializing additive heuristic...
[t=0.00341847s, 17608 KB] Building successor generator...done!
[t=0.00359512s, 17608 KB] peak memory difference for successor generator creation: 0 KB
[t=0.0036332s, 17608 KB] time for successor generation creation: 5.653e-05s
[t=0.00368078s, 17608 KB] Variables: 17
[t=0.00372027s, 17608 KB] FactPairs: 48
[t=0.00375952s, 17608 KB] Bytes per state: 4
[t=0.00387601s, 17608 KB] Conducting best first search with reopening closed nodes, (real) bound = 2147483647
[t=0.00398117s, 17608 KB] New best heuristic value for add: 30
[t=0.00402394s, 17608 KB] g=0, 1 evaluated, 0 expanded
[t=0.0040729s, 17608 KB] Initial heuristic value for add: 30
[t=0.00411386s, 17608 KB] pruning method: none
[t=0.00417144s, 17608 KB] New best heuristic value for add: 29
[t=0.00421263s, 17608 KB] g=1, 2 evaluated, 1 expanded
[t=0.0043683s, 17608 KB] New best heuristic value for add: 28
[t=0.00440966s, 17608 KB] g=2, 23 evaluated, 2 expanded
[t=0.00446627s, 17608 KB] New best heuristic value for add: 27
[t=0.00450717s, 17608 KB] g=2, 26 evaluated, 2 expanded
[t=0.00458896s, 17608 KB] New best heuristic value for add: 25
[t=0.00463001s, 17608 KB] g=3, 33 evaluated, 3 expanded
[t=0.00472035s, 17608 KB] New best heuristic value for add: 24
[t=0.00476131s, 17608 KB] g=4, 41 evaluated, 4 expanded
[t=0.00484402s, 17608 KB] New best heuristic value for add: 22
[t=0.00488484s, 17608 KB] g=5, 49 evaluated, 5 expanded
[t=0.00493224s, 17608 KB] New best heuristic value for add: 21
[t=0.00497253s, 17608 KB] g=6, 50 evaluated, 6 expanded
[t=0.00509494s, 17608 KB] New best heuristic value for add: 20
[t=0.00513631s, 17608 KB] g=7, 65 evaluated, 8 expanded
[t=0.00518585s, 17608 KB] New best heuristic value for add: 19
[t=0.00522646s, 17608 KB] g=8, 66 evaluated, 9 expanded
[t=0.0053399s, 17608 KB] New best heuristic value for add: 18
[t=0.00538049s, 17608 KB] g=9, 81 evaluated, 11 expanded
[t=0.00542865s, 17608 KB] New best heuristic value for add: 17
[t=0.00546936s, 17608 KB] g=10, 82 evaluated, 12 expanded
[t=0.0055671s, 17608 KB] New best heuristic value for add: 16
[t=0.00560858s, 17608 KB] g=11, 97 evaluated, 14 expanded
[t=0.0056572s, 17608 KB] New best heuristic value for add: 15
[t=0.00569769s, 17608 KB] g=12, 98 evaluated, 15 expanded
[t=0.00580412s, 17608 KB] New best heuristic value for add: 14
[t=0.00584478s, 17608 KB] g=13, 113 evaluated, 17 expanded
[t=0.00589227s, 17608 KB] New best heuristic value for add: 13
[t=0.00593251s, 17608 KB] g=14, 114 evaluated, 18 expanded
[t=0.00604811s, 17608 KB] New best heuristic value for add: 12
[t=0.00608891s, 17608 KB] g=15, 129 evaluated, 20 expanded
[t=0.00613739s, 17608 KB] New best heuristic value for add: 11
[t=0.00617753s, 17608 KB] g=16, 130 evaluated, 21 expanded
[t=0.0062765s, 17608 KB] New best heuristic value for add: 10
[t=0.00631919s, 17608 KB] g=17, 145 evaluated, 22 expanded
[t=0.00639497s, 17608 KB] New best heuristic value for add: 9
[t=0.00643957s, 17608 KB] g=18, 149 evaluated, 23 expanded
[t=0.00653848s, 17608 KB] New best heuristic value for add: 8
[t=0.00658234s, 17608 KB] g=19, 161 evaluated, 24 expanded
[t=0.00666437s, 17608 KB] New best heuristic value for add: 7
[t=0.00670761s, 17608 KB] g=20, 170 evaluated, 25 expanded
[t=0.00678569s, 17608 KB] New best heuristic value for add: 6
[t=0.00682863s, 17608 KB] g=21, 177 evaluated, 27 expanded
[t=0.00689953s, 17608 KB] New best heuristic value for add: 5
[t=0.00694133s, 17608 KB] g=22, 184 evaluated, 28 expanded
[t=0.00701546s, 17608 KB] New best heuristic value for add: 4
[t=0.00705624s, 17608 KB] g=23, 193 evaluated, 29 expanded
[t=0.00713708s, 17608 KB] New best heuristic value for add: 3
[t=0.00720565s, 17608 KB] g=24, 205 evaluated, 30 expanded
[t=0.00726466s, 17608 KB] New best heuristic value for add: 2
[t=0.00730566s, 17608 KB] g=25, 209 evaluated, 31 expanded
[t=0.00738798s, 17608 KB] New best heuristic value for add: 1
[t=0.0074281s, 17608 KB] g=26, 223 evaluated, 32 expanded
[t=0.00747674s, 17608 KB] New best heuristic value for add: 0
[t=0.00751668s, 17608 KB] g=27, 225 evaluated, 33 expanded
[t=0.00755884s, 17608 KB] Solution found!
[t=0.00760125s, 17608 KB] Actual search time: 0.00348438s
stop f0 (1)
up f0 f3 (1)
stop f3 (1)
up f3 f14 (1)
stop f14 (1)
down f14 f1 (1)
stop f1 (1)
up f1 f10 (1)
stop f10 (1)
down f10 f3 (1)
stop f3 (1)
up f3 f11 (1)
stop f11 (1)
down f11 f5 (1)
stop f5 (1)
down f5 f0 (1)
stop f0 (1)
up f0 f12 (1)
stop f12 (1)
down f12 f7 (1)
stop f7 (1)
down f7 f6 (1)
stop f6 (1)
up f6 f15 (1)
stop f15 (1)
down f15 f8 (1)
stop f8 (1)
[t=0.00764435s, 17608 KB] Plan length: 27 step(s).
[t=0.00764435s, 17608 KB] Plan cost: 27
[t=0.00764435s, 17608 KB] Expanded 34 state(s).
[t=0.00764435s, 17608 KB] Reopened 0 state(s).
[t=0.00764435s, 17608 KB] Evaluated 225 state(s).
[t=0.00764435s, 17608 KB] Evaluations: 225
[t=0.00764435s, 17608 KB] Generated 528 state(s).
[t=0.00764435s, 17608 KB] Dead ends: 0 state(s).
[t=0.00764435s, 17608 KB] Number of registered states: 225
[t=0.00764435s, 17608 KB] Int hash set load factor: 225/256 = 0.878906
[t=0.00764435s, 17608 KB] Int hash set resizes: 8
[t=0.00764435s, 17608 KB] mean number of q cost that have been adjusted 0 times in relation to total number of q: -1
[t=0.00764435s, 17608 KB] mean number of q cost that have been adjusted 1 times in relation to total number of q: -1
[t=0.00764435s, 17608 KB] mean number of q cost that have been adjusted 2 times in relation to total number of q: -1
[t=0.00764435s, 17608 KB] mean number of q that are at some point overconsitent in relation to total number of q: -1
[t=0.00764435s, 17608 KB] mean number of q that are at first underconsisten in relation to total number of q: -1
[t=0.00764435s, 17608 KB] mean number of state variables that are not in common between two following states in relation to total number of state variables: -1
[t=0.00764435s, 17608 KB] variance number of state variables that are not in common between two following states in relation to total number of state variables: -1
[t=0.00764435s, 17608 KB] Search time: 0.003769s
[t=0.00764435s, 17608 KB] Total time: 0.00764435s
Solution found.
Peak memory: 17608 KB
Remove intermediate file output.sas
search exit code: 0

INFO     Running validate.
INFO     validate stdin: None
INFO     validate time limit: None
INFO     validate memory limit: None
INFO     validate command line string: validate domain.pddl problem.pddl sas_plan
