INFO     Running translator.
INFO     translator stdin: None
INFO     translator time limit: 1799.96s
INFO     translator memory limit: 3584 MB
INFO     translator command line string: /infai/weidan00/downward/experiments/bachelor/.venv/bin/python3 /infai/weidan00/downward/experiments/bachelor/data/bachelor-v1/code-7aa5f34_e5e41175/builds/release/bin/translate/translate.py domain.pddl problem.pddl --sas-file output.sas
Parsing...
Parsing: [0.000s CPU, 0.005s wall-clock]
Normalizing task... [0.000s CPU, 0.000s wall-clock]
Instantiating...
Generating Datalog program... [0.000s CPU, 0.001s wall-clock]
Normalizing Datalog program...
Normalizing Datalog program: [0.010s CPU, 0.002s wall-clock]
Preparing model... [0.000s CPU, 0.005s wall-clock]
Generated 26 rules.
Computing model... [0.020s CPU, 0.025s wall-clock]
1761 relevant atoms
1392 auxiliary atoms
3153 final queue length
4114 total queue pushes
Completing instantiation... [0.030s CPU, 0.028s wall-clock]
Instantiating: [0.060s CPU, 0.062s wall-clock]
Computing fact groups...
Finding invariants...
6 initial candidates
Finding invariants: [0.000s CPU, 0.001s wall-clock]
Checking invariant weight... [0.000s CPU, 0.000s wall-clock]
Instantiating groups... [0.000s CPU, 0.000s wall-clock]
Collecting mutex groups... [0.000s CPU, 0.000s wall-clock]
Choosing groups...
32 uncovered facts
Choosing groups: [0.000s CPU, 0.000s wall-clock]
Building translation key... [0.000s CPU, 0.000s wall-clock]
Computing fact groups: [0.000s CPU, 0.002s wall-clock]
Building STRIPS to SAS dictionary... [0.000s CPU, 0.000s wall-clock]
Building dictionary for full mutex groups... [0.000s CPU, 0.000s wall-clock]
Building mutex information...
Building mutex information: [0.000s CPU, 0.000s wall-clock]
Translating task...
Processing axioms...
Simplifying axioms... [0.000s CPU, 0.000s wall-clock]
Processing axioms: [0.000s CPU, 0.001s wall-clock]
Translating task: [0.030s CPU, 0.024s wall-clock]
16 effect conditions simplified
0 implied preconditions added
Detecting unreachable propositions...
0 operators removed
0 axioms removed
1 propositions removed
Detecting unreachable propositions: [0.010s CPU, 0.013s wall-clock]
Reordering and filtering variables...
33 of 33 variables necessary.
0 of 1 mutex groups necessary.
1024 of 1024 operators necessary.
0 of 0 axiom rules necessary.
Reordering and filtering variables: [0.000s CPU, 0.003s wall-clock]
Translator variables: 33
Translator derived variables: 0
Translator facts: 96
Translator goal facts: 16
Translator mutex groups: 0
Translator total mutex groups size: 0
Translator operators: 1024
Translator axioms: 0
Translator task size: 3249
Translator peak memory: 145612 KB
Writing output... [0.010s CPU, 0.009s wall-clock]
Done! [0.110s CPU, 0.121s wall-clock]
translate exit code: 0

INFO     Running search (release).
INFO     search stdin: output.sas
INFO     search time limit: 1799.78s
INFO     search memory limit: 3584 MB
INFO     search command line string: /infai/weidan00/downward/experiments/bachelor/data/bachelor-v1/code-7aa5f34_e5e41175/builds/release/bin/downward --search 'eager_wastar([pinch_tracking()], w=2)' --internal-plan-file sas_plan < output.sas
[t=6.316e-05s, 17204 KB] reading input...
[t=0.00394521s, 17364 KB] done reading input!
[t=0.00596465s, 17760 KB] Simplifying 1040 unary operators... done! [1040 unary operators]
[t=0.00645218s, 17760 KB] time to simplify: 0.000559272s
[t=0.00657394s, 17760 KB] Initializing pinch tracking heuristic...
[t=0.00669589s, 17760 KB] Building successor generator...done!
[t=0.00700446s, 17760 KB] peak memory difference for successor generator creation: 0 KB
[t=0.00706074s, 17760 KB] time for successor generation creation: 0.000181159s
[t=0.00711366s, 17760 KB] Variables: 33
[t=0.00715355s, 17760 KB] FactPairs: 96
[t=0.00719293s, 17760 KB] Bytes per state: 8
[t=0.00730644s, 17760 KB] Conducting best first search with reopening closed nodes, (real) bound = 2147483647
[t=0.00748246s, 17760 KB] New best heuristic value for pinch_tracking: 64
[t=0.00752602s, 17760 KB] g=0, 1 evaluated, 0 expanded
[t=0.00757657s, 17760 KB] Initial heuristic value for pinch_tracking: 64
[t=0.00761739s, 17760 KB] pruning method: none
[t=0.00768896s, 17760 KB] New best heuristic value for pinch_tracking: 63
[t=0.00773006s, 17760 KB] g=1, 3 evaluated, 1 expanded
[t=0.00779727s, 17760 KB] New best heuristic value for pinch_tracking: 62
[t=0.00783812s, 17760 KB] g=1, 6 evaluated, 1 expanded
[t=0.00799019s, 17760 KB] New best heuristic value for pinch_tracking: 61
[t=0.00803132s, 17760 KB] g=1, 20 evaluated, 1 expanded
[t=0.00816968s, 17760 KB] New best heuristic value for pinch_tracking: 60
[t=0.00821073s, 17760 KB] g=2, 33 evaluated, 2 expanded
[t=0.00842827s, 17760 KB] New best heuristic value for pinch_tracking: 59
[t=0.00846897s, 17760 KB] g=3, 59 evaluated, 3 expanded
[t=0.0085628s, 17760 KB] New best heuristic value for pinch_tracking: 58
[t=0.00860383s, 17760 KB] g=4, 65 evaluated, 4 expanded
[t=0.00866408s, 17760 KB] New best heuristic value for pinch_tracking: 57
[t=0.00870451s, 17760 KB] g=5, 68 evaluated, 5 expanded
[t=0.00897141s, 17760 KB] New best heuristic value for pinch_tracking: 56
[t=0.00901311s, 17760 KB] g=6, 101 evaluated, 6 expanded
[t=0.00929461s, 17760 KB] New best heuristic value for pinch_tracking: 55
[t=0.00933706s, 17760 KB] g=7, 135 evaluated, 7 expanded
[t=0.00938714s, 17760 KB] New best heuristic value for pinch_tracking: 54
[t=0.00942802s, 17760 KB] g=7, 136 evaluated, 7 expanded
[t=0.00965428s, 17760 KB] New best heuristic value for pinch_tracking: 53
[t=0.0097025s, 17760 KB] g=8, 164 evaluated, 8 expanded
[t=0.0097984s, 17760 KB] New best heuristic value for pinch_tracking: 52
[t=0.00983955s, 17760 KB] g=9, 171 evaluated, 9 expanded
[t=0.0100521s, 17760 KB] New best heuristic value for pinch_tracking: 51
[t=0.0100935s, 17760 KB] g=10, 196 evaluated, 10 expanded
[t=0.0102019s, 17760 KB] New best heuristic value for pinch_tracking: 50
[t=0.0102425s, 17760 KB] g=11, 206 evaluated, 11 expanded
[t=0.0104348s, 17760 KB] New best heuristic value for pinch_tracking: 49
[t=0.0104761s, 17760 KB] g=12, 228 evaluated, 12 expanded
[t=0.0106288s, 17760 KB] New best heuristic value for pinch_tracking: 48
[t=0.01067s, 17760 KB] g=13, 244 evaluated, 13 expanded
[t=0.0108515s, 17760 KB] New best heuristic value for pinch_tracking: 47
[t=0.0108933s, 17760 KB] g=14, 260 evaluated, 14 expanded
[t=0.0110588s, 17760 KB] New best heuristic value for pinch_tracking: 46
[t=0.0111001s, 17760 KB] g=15, 278 evaluated, 15 expanded
[t=0.0112506s, 17760 KB] New best heuristic value for pinch_tracking: 45
[t=0.0112914s, 17760 KB] g=16, 294 evaluated, 16 expanded
[t=0.0113473s, 17760 KB] New best heuristic value for pinch_tracking: 44
[t=0.0113876s, 17760 KB] g=17, 296 evaluated, 17 expanded
[t=0.0116648s, 17760 KB] New best heuristic value for pinch_tracking: 43
[t=0.0117063s, 17760 KB] g=18, 330 evaluated, 18 expanded
[t=0.011885s, 17760 KB] New best heuristic value for pinch_tracking: 42
[t=0.0119263s, 17760 KB] g=18, 351 evaluated, 18 expanded
[t=0.0120297s, 17760 KB] New best heuristic value for pinch_tracking: 41
[t=0.0120712s, 17760 KB] g=19, 359 evaluated, 19 expanded
[t=0.012291s, 17760 KB] New best heuristic value for pinch_tracking: 40
[t=0.0123321s, 17760 KB] g=20, 386 evaluated, 20 expanded
[t=0.0124153s, 17760 KB] New best heuristic value for pinch_tracking: 39
[t=0.0124566s, 17760 KB] g=21, 391 evaluated, 21 expanded
[t=0.0127049s, 17760 KB] New best heuristic value for pinch_tracking: 38
[t=0.0127456s, 17760 KB] g=22, 422 evaluated, 22 expanded
[t=0.0127983s, 17760 KB] New best heuristic value for pinch_tracking: 37
[t=0.0128388s, 17760 KB] g=23, 423 evaluated, 23 expanded
[t=0.0130914s, 17760 KB] New best heuristic value for pinch_tracking: 36
[t=0.0131329s, 17760 KB] g=25, 455 evaluated, 25 expanded
[t=0.0132016s, 17760 KB] New best heuristic value for pinch_tracking: 35
[t=0.013242s, 17760 KB] g=26, 458 evaluated, 26 expanded
[t=0.0135232s, 17760 KB] New best heuristic value for pinch_tracking: 34
[t=0.0135654s, 17760 KB] g=27, 488 evaluated, 29 expanded
[t=0.0136302s, 17760 KB] New best heuristic value for pinch_tracking: 33
[t=0.013671s, 17760 KB] g=28, 491 evaluated, 30 expanded
[t=0.0139915s, 17760 KB] New best heuristic value for pinch_tracking: 32
[t=0.0140355s, 17760 KB] g=29, 521 evaluated, 33 expanded
[t=0.0141071s, 17760 KB] New best heuristic value for pinch_tracking: 31
[t=0.0141481s, 17760 KB] g=30, 525 evaluated, 34 expanded
[t=0.0144087s, 17760 KB] New best heuristic value for pinch_tracking: 30
[t=0.0144513s, 17760 KB] g=31, 554 evaluated, 37 expanded
[t=0.0145156s, 17760 KB] New best heuristic value for pinch_tracking: 29
[t=0.014557s, 17760 KB] g=32, 557 evaluated, 38 expanded
[t=0.0148152s, 17760 KB] New best heuristic value for pinch_tracking: 28
[t=0.0148568s, 17760 KB] g=33, 587 evaluated, 41 expanded
[t=0.014934s, 17760 KB] New best heuristic value for pinch_tracking: 27
[t=0.014975s, 17760 KB] g=34, 592 evaluated, 42 expanded
[t=0.0152276s, 17760 KB] New best heuristic value for pinch_tracking: 26
[t=0.0152699s, 17760 KB] g=35, 620 evaluated, 45 expanded
[t=0.0153533s, 17760 KB] New best heuristic value for pinch_tracking: 25
[t=0.015394s, 17760 KB] g=36, 626 evaluated, 46 expanded
[t=0.015628s, 17760 KB] New best heuristic value for pinch_tracking: 24
[t=0.0156698s, 17760 KB] g=37, 653 evaluated, 49 expanded
[t=0.0157642s, 17760 KB] New best heuristic value for pinch_tracking: 23
[t=0.0158052s, 17760 KB] g=38, 660 evaluated, 50 expanded
[t=0.0160351s, 17760 KB] New best heuristic value for pinch_tracking: 22
[t=0.016077s, 17760 KB] g=39, 686 evaluated, 52 expanded
[t=0.0161453s, 17760 KB] New best heuristic value for pinch_tracking: 21
[t=0.0161861s, 17760 KB] g=40, 690 evaluated, 53 expanded
[t=0.0164279s, 17760 KB] New best heuristic value for pinch_tracking: 20
[t=0.0164692s, 17760 KB] g=41, 719 evaluated, 55 expanded
[t=0.0165829s, 17760 KB] New best heuristic value for pinch_tracking: 19
[t=0.0166241s, 17760 KB] g=42, 729 evaluated, 56 expanded
[t=0.0168177s, 17760 KB] New best heuristic value for pinch_tracking: 18
[t=0.0168588s, 17760 KB] g=43, 751 evaluated, 58 expanded
[t=0.0169844s, 17760 KB] New best heuristic value for pinch_tracking: 17
[t=0.0170258s, 17760 KB] g=44, 762 evaluated, 59 expanded
[t=0.017226s, 17760 KB] New best heuristic value for pinch_tracking: 16
[t=0.0172683s, 17760 KB] g=45, 784 evaluated, 61 expanded
[t=0.0173938s, 17760 KB] New best heuristic value for pinch_tracking: 15
[t=0.0174356s, 17760 KB] g=46, 797 evaluated, 62 expanded
[t=0.0176186s, 17760 KB] New best heuristic value for pinch_tracking: 14
[t=0.01766s, 17760 KB] g=47, 817 evaluated, 64 expanded
[t=0.0177995s, 17760 KB] New best heuristic value for pinch_tracking: 13
[t=0.017841s, 17760 KB] g=48, 830 evaluated, 65 expanded
[t=0.0180169s, 17760 KB] New best heuristic value for pinch_tracking: 12
[t=0.0180578s, 17760 KB] g=49, 849 evaluated, 67 expanded
[t=0.0181908s, 17760 KB] New best heuristic value for pinch_tracking: 11
[t=0.0182317s, 17760 KB] g=50, 862 evaluated, 68 expanded
[t=0.0184112s, 17760 KB] New best heuristic value for pinch_tracking: 10
[t=0.0184525s, 17760 KB] g=51, 881 evaluated, 70 expanded
[t=0.0185795s, 17760 KB] New best heuristic value for pinch_tracking: 9
[t=0.0186204s, 17760 KB] g=52, 894 evaluated, 71 expanded
[t=0.0188214s, 17760 KB] New best heuristic value for pinch_tracking: 8
[t=0.0188638s, 17760 KB] g=53, 914 evaluated, 73 expanded
[t=0.0189966s, 17760 KB] New best heuristic value for pinch_tracking: 7
[t=0.0190379s, 17760 KB] g=54, 928 evaluated, 74 expanded
[t=0.0192215s, 17760 KB] New best heuristic value for pinch_tracking: 6
[t=0.0192634s, 17760 KB] g=55, 948 evaluated, 76 expanded
[t=0.0193969s, 17760 KB] New best heuristic value for pinch_tracking: 5
[t=0.019438s, 17760 KB] g=56, 962 evaluated, 77 expanded
[t=0.0196224s, 17760 KB] New best heuristic value for pinch_tracking: 4
[t=0.0196646s, 17760 KB] g=57, 981 evaluated, 79 expanded
[t=0.0198009s, 17760 KB] New best heuristic value for pinch_tracking: 3
[t=0.0198417s, 17760 KB] g=58, 994 evaluated, 80 expanded
[t=0.0200257s, 17760 KB] New best heuristic value for pinch_tracking: 2
[t=0.0200666s, 17760 KB] g=59, 1013 evaluated, 81 expanded
[t=0.020379s, 17760 KB] New best heuristic value for pinch_tracking: 1
[t=0.0204222s, 17760 KB] g=60, 1038 evaluated, 82 expanded
[t=0.020527s, 17760 KB] New best heuristic value for pinch_tracking: 0
[t=0.0205684s, 17760 KB] g=61, 1045 evaluated, 83 expanded
[t=0.02061s, 17760 KB] Solution found!
[t=0.0206538s, 17760 KB] Actual search time: 0.0130322s
up f0 f26 (1)
board f26 p5 (1)
down f26 f9 (1)
board f9 p1 (1)
board f9 p15 (1)
board f9 p4 (1)
down f9 f3 (1)
board f3 p7 (1)
up f3 f13 (1)
depart f13 p4 (1)
down f13 f6 (1)
depart f6 p7 (1)
up f6 f19 (1)
board f19 p14 (1)
down f19 f7 (1)
board f7 p0 (1)
board f7 p11 (1)
up f7 f26 (1)
depart f26 p15 (1)
up f26 f27 (1)
board f27 p10 (1)
up f27 f31 (1)
depart f31 p14 (1)
down f31 f10 (1)
board f10 p3 (1)
down f10 f6 (1)
depart f6 p0 (1)
up f6 f11 (1)
depart f11 p5 (1)
down f11 f8 (1)
depart f8 p10 (1)
up f8 f12 (1)
depart f12 p3 (1)
up f12 f13 (1)
depart f13 p11 (1)
up f13 f14 (1)
board f14 p13 (1)
down f14 f3 (1)
depart f3 p13 (1)
up f3 f17 (1)
board f17 p2 (1)
up f17 f18 (1)
board f18 p6 (1)
up f18 f19 (1)
depart f19 p1 (1)
up f19 f20 (1)
board f20 p9 (1)
up f20 f22 (1)
board f22 p12 (1)
up f22 f24 (1)
depart f24 p9 (1)
up f24 f26 (1)
depart f26 p12 (1)
up f26 f27 (1)
depart f27 p6 (1)
up f27 f28 (1)
board f28 p8 (1)
down f28 f2 (1)
depart f2 p8 (1)
up f2 f31 (1)
depart f31 p2 (1)
[t=0.020697s, 17760 KB] Plan length: 61 step(s).
[t=0.020697s, 17760 KB] Plan cost: 61
[t=0.020697s, 17760 KB] Expanded 84 state(s).
[t=0.020697s, 17760 KB] Reopened 0 state(s).
[t=0.020697s, 17760 KB] Evaluated 1045 state(s).
[t=0.020697s, 17760 KB] Evaluations: 1045
[t=0.020697s, 17760 KB] Generated 2647 state(s).
[t=0.020697s, 17760 KB] Dead ends: 0 state(s).
[t=0.020697s, 17760 KB] Number of registered states: 1045
[t=0.020697s, 17760 KB] Int hash set load factor: 1045/2048 = 0.510254
[t=0.020697s, 17760 KB] Int hash set resizes: 11
[t=0.020697s, 17760 KB] mean number of q cost that have been adjusted 0 times in relation to total number of q: -1
[t=0.020697s, 17760 KB] mean number of q cost that have been adjusted 1 times in relation to total number of q: -1
[t=0.020697s, 17760 KB] mean number of q cost that have been adjusted 2 times in relation to total number of q: -1
[t=0.020697s, 17760 KB] mean number of q that are at some point overconsitent in relation to total number of q: -1
[t=0.020697s, 17760 KB] mean number of q that are at first underconsisten in relation to total number of q: -1
[t=0.020697s, 17760 KB] mean number of state variables that are not in common between two following states in relation to total number of state variables: -1
[t=0.020697s, 17760 KB] variance number of state variables that are not in common between two following states in relation to total number of state variables: -1
[t=0.020697s, 17760 KB] Search time: 0.0133914s
[t=0.020697s, 17760 KB] Total time: 0.020697s
Solution found.
Peak memory: 17760 KB
Remove intermediate file output.sas
search exit code: 0

INFO     Running validate.
INFO     validate stdin: None
INFO     validate time limit: None
INFO     validate memory limit: None
INFO     validate command line string: validate domain.pddl problem.pddl sas_plan
