INFO     Running translator.
INFO     translator stdin: None
INFO     translator time limit: 1799.95s
INFO     translator memory limit: 3584 MB
INFO     translator command line string: /infai/weidan00/downward/experiments/bachelor/.venv/bin/python3 /infai/weidan00/downward/experiments/bachelor/data/bachelor-v1/code-7aa5f34_e5e41175/builds/release/bin/translate/translate.py domain.pddl problem.pddl --sas-file output.sas
Parsing...
Parsing: [0.010s CPU, 0.005s wall-clock]
Normalizing task... [0.000s CPU, 0.000s wall-clock]
Instantiating...
Generating Datalog program... [0.000s CPU, 0.001s wall-clock]
Normalizing Datalog program...
Normalizing Datalog program: [0.010s CPU, 0.007s wall-clock]
Preparing model... [0.000s CPU, 0.003s wall-clock]
Generated 125 rules.
Computing model... [0.040s CPU, 0.045s wall-clock]
1884 relevant atoms
1568 auxiliary atoms
3452 final queue length
8305 total queue pushes
Completing instantiation... [0.110s CPU, 0.107s wall-clock]
Instantiating: [0.160s CPU, 0.164s wall-clock]
Computing fact groups...
Finding invariants...
15 initial candidates
Finding invariants: [0.020s CPU, 0.024s wall-clock]
Checking invariant weight... [0.000s CPU, 0.001s wall-clock]
Instantiating groups... [0.010s CPU, 0.003s wall-clock]
Collecting mutex groups... [0.000s CPU, 0.000s wall-clock]
Choosing groups...
15 uncovered facts
Choosing groups: [0.000s CPU, 0.001s wall-clock]
Building translation key... [0.000s CPU, 0.000s wall-clock]
Computing fact groups: [0.030s CPU, 0.031s wall-clock]
Building STRIPS to SAS dictionary... [0.000s CPU, 0.000s wall-clock]
Building dictionary for full mutex groups... [0.000s CPU, 0.000s wall-clock]
Building mutex information...
not in strips_to_sas, left out: Atom bottomcol(club0)
not in strips_to_sas, left out: Atom bottomcol(diamond0)
not in strips_to_sas, left out: Atom bottomcol(heart0)
not in strips_to_sas, left out: Atom bottomcol(spade0)
Building mutex information: [0.000s CPU, 0.000s wall-clock]
Translating task...
Processing axioms...
Simplifying axioms... [0.000s CPU, 0.000s wall-clock]
Processing axioms: [0.000s CPU, 0.005s wall-clock]
Translating task: [0.100s CPU, 0.098s wall-clock]
602 effect conditions simplified
0 implied preconditions added
Detecting unreachable propositions...
0 operators removed
0 axioms removed
14 propositions removed
Detecting unreachable propositions: [0.040s CPU, 0.044s wall-clock]
Reordering and filtering variables...
38 of 38 variables necessary.
44 of 66 mutex groups necessary.
1615 of 1615 operators necessary.
0 of 0 axiom rules necessary.
Reordering and filtering variables: [0.020s CPU, 0.018s wall-clock]
Translator variables: 38
Translator derived variables: 0
Translator facts: 146
Translator goal facts: 4
Translator mutex groups: 44
Translator total mutex groups size: 192
Translator operators: 1615
Translator axioms: 0
Translator task size: 13240
Translator peak memory: 152268 KB
Writing output... [0.020s CPU, 0.026s wall-clock]
Done! [0.380s CPU, 0.393s wall-clock]
translate exit code: 0

INFO     Running search (release).
INFO     search stdin: output.sas
INFO     search time limit: 1799.5s
INFO     search memory limit: 3584 MB
INFO     search command line string: /infai/weidan00/downward/experiments/bachelor/data/bachelor-v1/code-7aa5f34_e5e41175/builds/release/bin/downward --search 'eager_wastar([add()], w=2)' --internal-plan-file sas_plan < output.sas
[t=6.6245e-05s, 17204 KB] reading input...
[t=0.0120409s, 17760 KB] done reading input!
[t=0.0148711s, 18512 KB] Simplifying 5800 unary operators... done! [5800 unary operators]
[t=0.0209101s, 18908 KB] time to simplify: 0.00632484s
[t=0.0215608s, 18908 KB] Initializing additive heuristic...
[t=0.0217274s, 18908 KB] Building successor generator...done!
[t=0.0227548s, 18908 KB] peak memory difference for successor generator creation: 0 KB
[t=0.0228005s, 18908 KB] time for successor generation creation: 0.00086456s
[t=0.022866s, 18908 KB] Variables: 38
[t=0.0229071s, 18908 KB] FactPairs: 146
[t=0.0229476s, 18908 KB] Bytes per state: 12
[t=0.0230926s, 18908 KB] Conducting best first search with reopening closed nodes, (real) bound = 2147483647
[t=0.0232924s, 18908 KB] New best heuristic value for add: 35
[t=0.023339s, 18908 KB] g=0, 1 evaluated, 0 expanded
[t=0.023387s, 18908 KB] Initial heuristic value for add: 35
[t=0.0234284s, 18908 KB] pruning method: none
[t=0.023558s, 18908 KB] New best heuristic value for add: 32
[t=0.0236016s, 18908 KB] g=1, 2 evaluated, 1 expanded
[t=0.0241891s, 18908 KB] New best heuristic value for add: 29
[t=0.0242409s, 18908 KB] g=2, 10 evaluated, 2 expanded
[t=0.0248796s, 18908 KB] New best heuristic value for add: 27
[t=0.0249335s, 18908 KB] g=3, 19 evaluated, 3 expanded
[t=0.0252384s, 18908 KB] New best heuristic value for add: 26
[t=0.0252866s, 18908 KB] g=3, 23 evaluated, 3 expanded
[t=0.025581s, 18908 KB] New best heuristic value for add: 24
[t=0.0256274s, 18908 KB] g=4, 27 evaluated, 4 expanded
[t=0.0264246s, 18908 KB] New best heuristic value for add: 23
[t=0.0264741s, 18908 KB] g=5, 39 evaluated, 5 expanded
[t=0.0265762s, 18908 KB] New best heuristic value for add: 22
[t=0.0266191s, 18908 KB] g=5, 40 evaluated, 5 expanded
[t=0.0269566s, 18908 KB] New best heuristic value for add: 20
[t=0.0270083s, 18908 KB] g=6, 45 evaluated, 6 expanded
[t=0.0272864s, 18908 KB] New best heuristic value for add: 19
[t=0.0273305s, 18908 KB] g=7, 49 evaluated, 7 expanded
[t=0.0274853s, 18908 KB] New best heuristic value for add: 18
[t=0.0275284s, 18908 KB] g=7, 51 evaluated, 7 expanded
[t=0.0277906s, 18908 KB] New best heuristic value for add: 17
[t=0.0278342s, 18908 KB] g=8, 55 evaluated, 8 expanded
[t=0.0279336s, 18908 KB] New best heuristic value for add: 16
[t=0.0279758s, 18908 KB] g=8, 56 evaluated, 8 expanded
[t=0.0282254s, 18908 KB] New best heuristic value for add: 15
[t=0.0282686s, 18908 KB] g=9, 60 evaluated, 9 expanded
[t=0.0286159s, 18908 KB] New best heuristic value for add: 14
[t=0.0286615s, 18908 KB] g=10, 66 evaluated, 10 expanded
[t=0.0289004s, 18908 KB] New best heuristic value for add: 12
[t=0.0289453s, 18908 KB] g=10, 70 evaluated, 10 expanded
[t=0.0291338s, 18908 KB] New best heuristic value for add: 11
[t=0.0291777s, 18908 KB] g=11, 73 evaluated, 11 expanded
[t=0.0292528s, 18908 KB] New best heuristic value for add: 9
[t=0.0292948s, 18908 KB] g=11, 74 evaluated, 11 expanded
[t=0.0295097s, 18908 KB] New best heuristic value for add: 7
[t=0.029552s, 18908 KB] g=12, 78 evaluated, 12 expanded
[t=0.0298236s, 18908 KB] New best heuristic value for add: 6
[t=0.0298671s, 18908 KB] g=13, 84 evaluated, 13 expanded
[t=0.030142s, 18908 KB] New best heuristic value for add: 5
[t=0.0301863s, 18908 KB] g=14, 91 evaluated, 14 expanded
[t=0.0304543s, 18908 KB] New best heuristic value for add: 4
[t=0.0304969s, 18908 KB] g=15, 98 evaluated, 15 expanded
[t=0.0307661s, 18908 KB] New best heuristic value for add: 3
[t=0.0308091s, 18908 KB] g=16, 105 evaluated, 16 expanded
[t=0.0309989s, 18908 KB] New best heuristic value for add: 2
[t=0.0310413s, 18908 KB] g=17, 111 evaluated, 17 expanded
[t=0.0311717s, 18908 KB] New best heuristic value for add: 1
[t=0.0312134s, 18908 KB] g=18, 115 evaluated, 18 expanded
[t=0.0313039s, 18908 KB] New best heuristic value for add: 0
[t=0.0313464s, 18908 KB] g=19, 119 evaluated, 19 expanded
[t=0.0314027s, 18908 KB] Solution found!
[t=0.0314465s, 18908 KB] Actual search time: 0.00801451s
sendtohome diamonda spade2 diamond n1 diamond0 n0 (1)
sendtohome diamond2 cluba diamond n2 diamonda n1 (1)
sendtofree diamond4 diamond3 n2 n1 (1)
sendtohome cluba heart4 club n1 club0 n0 (1)
sendtofree heart3 spadea n1 n0 (1)
sendtohome spadea hearta spade n1 spade0 n0 (1)
sendtohome spade2 club4 spade n2 spadea n1 (1)
sendtohome diamond3 club2 diamond n3 diamond2 n2 (1)
sendtohome-b hearta heart n1 heart0 n0 n0 n1 (1)
sendtonewcol club3 spade3 n1 n0 (1)
sendtohome spade3 heart2 spade n3 spade2 n2 (1)
sendtohome heart2 spade4 heart n2 hearta n1 (1)
sendtohome-b spade4 spade n4 spade3 n3 n0 n1 (1)
sendtohome-b club2 club n2 cluba n1 n1 n2 (1)
sendtohome-b club3 club n3 club2 n2 n2 n3 (1)
sendtohome-b club4 club n4 club3 n3 n3 n4 (1)
homefromfreecell heart3 heart n3 heart2 n2 n0 n1 (1)
sendtohome-b heart4 heart n4 heart3 n3 n4 n5 (1)
homefromfreecell diamond4 diamond n4 diamond3 n3 n1 n2 (1)
[t=0.0314908s, 18908 KB] Plan length: 19 step(s).
[t=0.0314908s, 18908 KB] Plan cost: 19
[t=0.0314908s, 18908 KB] Expanded 20 state(s).
[t=0.0314908s, 18908 KB] Reopened 0 state(s).
[t=0.0314908s, 18908 KB] Evaluated 120 state(s).
[t=0.0314908s, 18908 KB] Evaluations: 120
[t=0.0314908s, 18908 KB] Generated 120 state(s).
[t=0.0314908s, 18908 KB] Dead ends: 0 state(s).
[t=0.0314908s, 18908 KB] Number of registered states: 120
[t=0.0314908s, 18908 KB] Int hash set load factor: 120/128 = 0.9375
[t=0.0314908s, 18908 KB] Int hash set resizes: 7
[t=0.0314908s, 18908 KB] mean number of q cost that have been adjusted 0 times in relation to total number of q: -1
[t=0.0314908s, 18908 KB] mean number of q cost that have been adjusted 1 times in relation to total number of q: -1
[t=0.0314908s, 18908 KB] mean number of q cost that have been adjusted 2 times in relation to total number of q: -1
[t=0.0314908s, 18908 KB] mean number of q that are at some point overconsitent in relation to total number of q: -1
[t=0.0314908s, 18908 KB] mean number of q that are at first underconsisten in relation to total number of q: -1
[t=0.0314908s, 18908 KB] mean number of state variables that are not in common between two following states in relation to total number of state variables: -1
[t=0.0314908s, 18908 KB] variance number of state variables that are not in common between two following states in relation to total number of state variables: -1
[t=0.0314908s, 18908 KB] Search time: 0.00839881s
[t=0.0314908s, 18908 KB] Total time: 0.0314908s
Solution found.
Peak memory: 18908 KB
Remove intermediate file output.sas
search exit code: 0

INFO     Running validate.
INFO     validate stdin: None
INFO     validate time limit: None
INFO     validate memory limit: None
INFO     validate command line string: validate domain.pddl problem.pddl sas_plan
