INFO     Running translator.
INFO     translator stdin: None
INFO     translator time limit: 1799.95s
INFO     translator memory limit: 3584 MB
INFO     translator command line string: /infai/weidan00/downward/experiments/bachelor/.venv/bin/python3 /infai/weidan00/downward/experiments/bachelor/data/bachelor-v1/code-7aa5f34_e5e41175/builds/release/bin/translate/translate.py domain.pddl problem.pddl --sas-file output.sas
Parsing...
Parsing: [0.020s CPU, 0.016s wall-clock]
Normalizing task... [0.000s CPU, 0.001s wall-clock]
Instantiating...
Generating Datalog program... [0.000s CPU, 0.002s wall-clock]
Normalizing Datalog program...
Normalizing Datalog program: [0.020s CPU, 0.014s wall-clock]
Preparing model... [0.000s CPU, 0.008s wall-clock]
Generated 277 rules.
Computing model... [5.010s CPU, 5.022s wall-clock]
192751 relevant atoms
21377 auxiliary atoms
214128 final queue length
1115000 total queue pushes
Completing instantiation... [8.360s CPU, 8.388s wall-clock]
Instantiating: [13.470s CPU, 13.530s wall-clock]
Computing fact groups...
Finding invariants...
6 initial candidates
Finding invariants: [0.870s CPU, 0.871s wall-clock]
Checking invariant weight... [0.000s CPU, 0.000s wall-clock]
Instantiating groups... [0.010s CPU, 0.001s wall-clock]
Collecting mutex groups... [0.000s CPU, 0.000s wall-clock]
Choosing groups...
182 uncovered facts
Choosing groups: [0.000s CPU, 0.000s wall-clock]
Building translation key... [0.000s CPU, 0.001s wall-clock]
Computing fact groups: [0.880s CPU, 0.876s wall-clock]
Building STRIPS to SAS dictionary... [0.000s CPU, 0.000s wall-clock]
Building dictionary for full mutex groups... [0.000s CPU, 0.000s wall-clock]
Building mutex information...
Building mutex information: [0.000s CPU, 0.000s wall-clock]
Translating task...
Processing axioms...
Simplifying axioms... [0.000s CPU, 0.000s wall-clock]
Processing axioms: [0.250s CPU, 0.251s wall-clock]
Translating task: [7.140s CPU, 7.164s wall-clock]
214848 effect conditions simplified
0 implied preconditions added
Detecting unreachable propositions...
0 operators removed
0 axioms removed
152 propositions removed
Detecting unreachable propositions: [3.680s CPU, 3.690s wall-clock]
Reordering and filtering variables...
81 of 106 variables necessary.
0 of 0 mutex groups necessary.
53712 of 53712 operators necessary.
0 of 0 axiom rules necessary.
Reordering and filtering variables: [1.530s CPU, 1.540s wall-clock]
Translator variables: 81
Translator derived variables: 0
Translator facts: 162
Translator goal facts: 6
Translator mutex groups: 0
Translator total mutex groups size: 0
Translator operators: 53712
Translator axioms: 0
Translator task size: 718929
Translator peak memory: 765500 KB
Writing output... [1.290s CPU, 1.394s wall-clock]
Done! [28.300s CPU, 28.499s wall-clock]
translate exit code: 0

INFO     Running search (release).
INFO     search stdin: output.sas
INFO     search time limit: 1771.49s
INFO     search memory limit: 3584 MB
INFO     search command line string: /infai/weidan00/downward/experiments/bachelor/data/bachelor-v1/code-7aa5f34_e5e41175/builds/release/bin/downward --search 'eager_wastar([pinch_tracking()], w=2)' --internal-plan-file sas_plan < output.sas
[t=6.4703e-05s, 17204 KB] reading input...
[t=0.742124s, 46008 KB] done reading input!
[t=0.800233s, 74628 KB] Simplifying 371000 unary operators... done! [62544 unary operators]
[t=1.00193s, 80700 KB] time to simplify: 0.20181s
[t=1.00728s, 80700 KB] Initializing pinch tracking heuristic...
[t=1.00749s, 80700 KB] Building successor generator...done!
[t=1.03583s, 80700 KB] peak memory difference for successor generator creation: 0 KB
[t=1.03588s, 80700 KB] time for successor generation creation: 0.0281523s
[t=1.03644s, 80700 KB] Variables: 81
[t=1.03651s, 80700 KB] FactPairs: 162
[t=1.03656s, 80700 KB] Bytes per state: 12
[t=1.03672s, 80700 KB] Conducting best first search with reopening closed nodes, (real) bound = 2147483647
[t=1.04173s, 80700 KB] New best heuristic value for pinch_tracking: 4
[t=1.04182s, 80700 KB] g=0, 1 evaluated, 0 expanded
[t=1.04188s, 80700 KB] Initial heuristic value for pinch_tracking: 4
[t=1.04193s, 80700 KB] pruning method: none
[t=1.04358s, 80700 KB] New best heuristic value for pinch_tracking: 2
[t=1.04367s, 80700 KB] g=1, 2 evaluated, 1 expanded
[t=1.04735s, 80700 KB] New best heuristic value for pinch_tracking: 0
[t=1.04746s, 80700 KB] g=2, 6 evaluated, 2 expanded
[t=1.04805s, 80700 KB] Solution found!
[t=1.04813s, 80700 KB] Actual search time: 0.00620412s
sulfonylationofalcohol h176 o070 s072 cl073 c050 o068 c021 o069 (1)
etherformationbysulfonatedisplacement h059 o065 c050 o070 o068 s072 h164 c021 o069 c049 h164 c041 (1)
[t=1.04818s, 80700 KB] Plan length: 2 step(s).
[t=1.04818s, 80700 KB] Plan cost: 2
[t=1.04818s, 80700 KB] Expanded 3 state(s).
[t=1.04818s, 80700 KB] Reopened 0 state(s).
[t=1.04818s, 80700 KB] Evaluated 7 state(s).
[t=1.04818s, 80700 KB] Evaluations: 7
[t=1.04818s, 80700 KB] Generated 76 state(s).
[t=1.04818s, 80700 KB] Dead ends: 4 state(s).
[t=1.04818s, 80700 KB] Number of registered states: 7
[t=1.04818s, 80700 KB] Int hash set load factor: 7/8 = 0.875
[t=1.04818s, 80700 KB] Int hash set resizes: 3
[t=1.04818s, 80700 KB] mean number of q cost that have been adjusted 0 times in relation to total number of q: -1
[t=1.04818s, 80700 KB] mean number of q cost that have been adjusted 1 times in relation to total number of q: -1
[t=1.04818s, 80700 KB] mean number of q cost that have been adjusted 2 times in relation to total number of q: -1
[t=1.04818s, 80700 KB] mean number of q that are at some point overconsitent in relation to total number of q: -1
[t=1.04818s, 80700 KB] mean number of q that are at first underconsisten in relation to total number of q: -1
[t=1.04818s, 80700 KB] mean number of state variables that are not in common between two following states in relation to total number of state variables: -1
[t=1.04818s, 80700 KB] variance number of state variables that are not in common between two following states in relation to total number of state variables: -1
[t=1.04818s, 80700 KB] Search time: 0.0114595s
[t=1.04818s, 80700 KB] Total time: 1.04818s
Solution found.
Peak memory: 80700 KB
Remove intermediate file output.sas
search exit code: 0

INFO     Running validate.
INFO     validate stdin: None
INFO     validate time limit: None
INFO     validate memory limit: None
INFO     validate command line string: validate domain.pddl problem.pddl sas_plan
