INFO     Running translator.
INFO     translator stdin: None
INFO     translator time limit: 1799.96s
INFO     translator memory limit: 3584 MB
INFO     translator command line string: /infai/weidan00/downward/experiments/bachelor/.venv/bin/python3 /infai/weidan00/downward/experiments/bachelor/data/bachelor-v1/code-7aa5f34_e5e41175/builds/release/bin/translate/translate.py domain.pddl problem.pddl --sas-file output.sas
Parsing...
Parsing: [0.010s CPU, 0.003s wall-clock]
Normalizing task... [0.000s CPU, 0.000s wall-clock]
Instantiating...
Generating Datalog program... [0.000s CPU, 0.001s wall-clock]
Normalizing Datalog program...
Normalizing Datalog program: [0.000s CPU, 0.003s wall-clock]
Preparing model... [0.000s CPU, 0.002s wall-clock]
Generated 44 rules.
Computing model... [0.060s CPU, 0.064s wall-clock]
6444 relevant atoms
1715 auxiliary atoms
8159 final queue length
13636 total queue pushes
Completing instantiation... [0.170s CPU, 0.165s wall-clock]
Instantiating: [0.240s CPU, 0.237s wall-clock]
Computing fact groups...
Finding invariants...
12 initial candidates
Finding invariants: [0.000s CPU, 0.003s wall-clock]
Checking invariant weight... [0.000s CPU, 0.000s wall-clock]
Instantiating groups... [0.000s CPU, 0.001s wall-clock]
Collecting mutex groups... [0.000s CPU, 0.000s wall-clock]
Choosing groups...
171 uncovered facts
Choosing groups: [0.000s CPU, 0.001s wall-clock]
Building translation key... [0.010s CPU, 0.001s wall-clock]
Computing fact groups: [0.010s CPU, 0.008s wall-clock]
Building STRIPS to SAS dictionary... [0.000s CPU, 0.000s wall-clock]
Building dictionary for full mutex groups... [0.000s CPU, 0.000s wall-clock]
Building mutex information...
Building mutex information: [0.000s CPU, 0.000s wall-clock]
Translating task...
Processing axioms...
Simplifying axioms... [0.000s CPU, 0.000s wall-clock]
Processing axioms: [0.000s CPU, 0.007s wall-clock]
Translating task: [0.130s CPU, 0.138s wall-clock]
57 effect conditions simplified
0 implied preconditions added
Detecting unreachable propositions...
0 operators removed
0 axioms removed
8 propositions removed
Detecting unreachable propositions: [0.100s CPU, 0.096s wall-clock]
Reordering and filtering variables...
72 of 179 variables necessary.
0 of 8 mutex groups necessary.
4959 of 5632 operators necessary.
0 of 0 axiom rules necessary.
Reordering and filtering variables: [0.020s CPU, 0.018s wall-clock]
Translator variables: 72
Translator derived variables: 0
Translator facts: 328
Translator goal facts: 24
Translator mutex groups: 0
Translator total mutex groups size: 0
Translator operators: 4959
Translator axioms: 0
Translator task size: 15581
Translator peak memory: 159436 KB
Writing output... [0.030s CPU, 0.041s wall-clock]
Done! [0.540s CPU, 0.550s wall-clock]
translate exit code: 0

INFO     Running search (release).
INFO     search stdin: output.sas
INFO     search time limit: 1799.37s
INFO     search memory limit: 3584 MB
INFO     search command line string: /infai/weidan00/downward/experiments/bachelor/data/bachelor-v1/code-7aa5f34_e5e41175/builds/release/bin/downward --search 'eager_wastar([pinch()], w=2)' --internal-plan-file sas_plan < output.sas
[t=5.742e-05s, 17204 KB] reading input...
[t=0.0230324s, 18472 KB] done reading input!
[t=0.0257002s, 19052 KB] Simplifying 5016 unary operators... done! [5005 unary operators]
[t=0.0277424s, 19448 KB] time to simplify: 0.00224421s
[t=0.0281695s, 19448 KB] Initializing pinch heuristic...
[t=0.028299s, 19448 KB] Building successor generator...done!
[t=0.0295418s, 19528 KB] peak memory difference for successor generator creation: 80 KB
[t=0.0295829s, 19528 KB] time for successor generation creation: 0.00107834s
[t=0.0296514s, 19528 KB] Variables: 72
[t=0.0296918s, 19528 KB] FactPairs: 328
[t=0.029731s, 19528 KB] Bytes per state: 16
[t=0.0298458s, 19528 KB] Conducting best first search with reopening closed nodes, (real) bound = 2147483647
[t=0.0302705s, 19528 KB] New best heuristic value for pinch: 109
[t=0.0303102s, 19528 KB] g=0, 1 evaluated, 0 expanded
[t=0.030361s, 19528 KB] Initial heuristic value for pinch: 109
[t=0.0304019s, 19528 KB] pruning method: none
[t=0.0304644s, 19528 KB] New best heuristic value for pinch: 105
[t=0.0305055s, 19528 KB] g=1, 2 evaluated, 1 expanded
[t=0.030568s, 19528 KB] New best heuristic value for pinch: 94
[t=0.0306093s, 19528 KB] g=1, 5 evaluated, 1 expanded
[t=0.0307203s, 19528 KB] New best heuristic value for pinch: 84
[t=0.030762s, 19528 KB] g=1, 16 evaluated, 1 expanded
[t=0.0319226s, 19528 KB] New best heuristic value for pinch: 80
[t=0.03197s, 19528 KB] g=2, 213 evaluated, 2 expanded
[t=0.0320469s, 19528 KB] New best heuristic value for pinch: 76
[t=0.0320886s, 19528 KB] g=2, 219 evaluated, 2 expanded
[t=0.0328716s, 19528 KB] New best heuristic value for pinch: 70
[t=0.0329158s, 19528 KB] g=2, 351 evaluated, 2 expanded
[t=0.0333534s, 19528 KB] New best heuristic value for pinch: 66
[t=0.0333966s, 19528 KB] g=3, 422 evaluated, 3 expanded
[t=0.0334711s, 19528 KB] New best heuristic value for pinch: 62
[t=0.0335123s, 19528 KB] g=3, 428 evaluated, 3 expanded
[t=0.0335901s, 19528 KB] New best heuristic value for pinch: 56
[t=0.0336307s, 19528 KB] g=3, 435 evaluated, 3 expanded
[t=0.0346769s, 19528 KB] New best heuristic value for pinch: 52
[t=0.0347231s, 19528 KB] g=4, 608 evaluated, 4 expanded
[t=0.0347999s, 19528 KB] New best heuristic value for pinch: 48
[t=0.0348416s, 19528 KB] g=4, 614 evaluated, 4 expanded
[t=0.0361898s, 19528 KB] New best heuristic value for pinch: 47
[t=0.0362367s, 19528 KB] g=5, 854 evaluated, 5 expanded
[t=0.0364279s, 19528 KB] New best heuristic value for pinch: 45
[t=0.0364698s, 19528 KB] g=5, 881 evaluated, 5 expanded
[t=0.0374232s, 19528 KB] New best heuristic value for pinch: 41
[t=0.0374692s, 19528 KB] g=6, 1031 evaluated, 6 expanded
[t=0.038675s, 19528 KB] New best heuristic value for pinch: 40
[t=0.0387211s, 19528 KB] g=7, 1246 evaluated, 7 expanded
[t=0.038982s, 19528 KB] New best heuristic value for pinch: 39
[t=0.0390244s, 19528 KB] g=7, 1285 evaluated, 7 expanded
[t=0.0398234s, 19528 KB] New best heuristic value for pinch: 38
[t=0.0398677s, 19528 KB] g=8, 1424 evaluated, 8 expanded
[t=0.0405567s, 19528 KB] New best heuristic value for pinch: 37
[t=0.0406s, 19528 KB] g=8, 1547 evaluated, 8 expanded
[t=0.0409895s, 19528 KB] New best heuristic value for pinch: 36
[t=0.0410326s, 19528 KB] g=9, 1609 evaluated, 9 expanded
[t=0.0420837s, 19528 KB] New best heuristic value for pinch: 35
[t=0.0421291s, 19528 KB] g=10, 1799 evaluated, 10 expanded
[t=0.0435913s, 19528 KB] New best heuristic value for pinch: 34
[t=0.0436387s, 19528 KB] g=11, 2032 evaluated, 11 expanded
[t=0.0451094s, 19528 KB] New best heuristic value for pinch: 33
[t=0.0451571s, 19528 KB] g=12, 2298 evaluated, 12 expanded
[t=0.0464724s, 19528 KB] New best heuristic value for pinch: 32
[t=0.0465193s, 19528 KB] g=13, 2533 evaluated, 13 expanded
[t=0.0862276s, 19528 KB] New best heuristic value for pinch: 31
[t=0.0863058s, 19528 KB] g=15, 9713 evaluated, 54 expanded
[t=0.0875402s, 19528 KB] New best heuristic value for pinch: 30
[t=0.0875908s, 19528 KB] g=16, 9925 evaluated, 55 expanded
[t=0.0884309s, 19528 KB] New best heuristic value for pinch: 29
[t=0.0884797s, 19528 KB] g=17, 10072 evaluated, 56 expanded
[t=0.0898553s, 19528 KB] New best heuristic value for pinch: 28
[t=0.089906s, 19528 KB] g=18, 10320 evaluated, 57 expanded
[t=0.0907299s, 19528 KB] New best heuristic value for pinch: 27
[t=0.0907768s, 19528 KB] g=19, 10465 evaluated, 58 expanded
[t=0.0921686s, 19528 KB] New best heuristic value for pinch: 26
[t=0.0922152s, 19528 KB] g=20, 10716 evaluated, 59 expanded
[t=0.093032s, 19528 KB] New best heuristic value for pinch: 25
[t=0.0930797s, 19528 KB] g=21, 10858 evaluated, 60 expanded
[t=0.0944976s, 19528 KB] New best heuristic value for pinch: 24
[t=0.0945444s, 19528 KB] g=22, 11112 evaluated, 61 expanded
[t=0.0963271s, 19528 KB] New best heuristic value for pinch: 23
[t=0.0963778s, 19528 KB] g=23, 11435 evaluated, 63 expanded
[t=0.0977871s, 19528 KB] New best heuristic value for pinch: 22
[t=0.0978342s, 19528 KB] g=24, 11690 evaluated, 64 expanded
[t=0.09962s, 19528 KB] New best heuristic value for pinch: 21
[t=0.0996705s, 19528 KB] g=25, 12012 evaluated, 66 expanded
[t=0.101092s, 19528 KB] New best heuristic value for pinch: 20
[t=0.10114s, 19528 KB] g=26, 12267 evaluated, 67 expanded
[t=0.102914s, 19636 KB] New best heuristic value for pinch: 19
[t=0.102968s, 19636 KB] g=27, 12589 evaluated, 69 expanded
[t=0.104366s, 19636 KB] New best heuristic value for pinch: 18
[t=0.104415s, 19636 KB] g=28, 12844 evaluated, 70 expanded
[t=0.164221s, 20164 KB] New best heuristic value for pinch: 17
[t=0.164316s, 20164 KB] g=30, 23625 evaluated, 135 expanded
[t=0.165777s, 20164 KB] New best heuristic value for pinch: 16
[t=0.165828s, 20164 KB] g=31, 23883 evaluated, 136 expanded
[t=0.166318s, 20164 KB] New best heuristic value for pinch: 15
[t=0.166365s, 20164 KB] g=32, 23965 evaluated, 137 expanded
[t=0.168104s, 20164 KB] New best heuristic value for pinch: 14
[t=0.168156s, 20164 KB] g=33, 24279 evaluated, 138 expanded
[t=0.168639s, 20164 KB] New best heuristic value for pinch: 13
[t=0.168688s, 20164 KB] g=34, 24358 evaluated, 139 expanded
[t=0.170403s, 20164 KB] New best heuristic value for pinch: 12
[t=0.170453s, 20164 KB] g=35, 24674 evaluated, 140 expanded
[t=0.170914s, 20164 KB] New best heuristic value for pinch: 11
[t=0.170962s, 20164 KB] g=36, 24751 evaluated, 141 expanded
[t=0.17269s, 20164 KB] New best heuristic value for pinch: 10
[t=0.172738s, 20164 KB] g=37, 25068 evaluated, 142 expanded
[t=0.173197s, 20300 KB] New best heuristic value for pinch: 9
[t=0.173249s, 20300 KB] g=38, 25144 evaluated, 143 expanded
[t=0.174998s, 20300 KB] New best heuristic value for pinch: 8
[t=0.175048s, 20300 KB] g=39, 25463 evaluated, 144 expanded
[t=0.175496s, 20300 KB] New best heuristic value for pinch: 7
[t=0.175543s, 20300 KB] g=40, 25537 evaluated, 145 expanded
[t=0.177295s, 20300 KB] New best heuristic value for pinch: 6
[t=0.177346s, 20300 KB] g=41, 25857 evaluated, 146 expanded
[t=0.177779s, 20300 KB] New best heuristic value for pinch: 5
[t=0.177825s, 20300 KB] g=42, 25930 evaluated, 147 expanded
[t=0.179597s, 20300 KB] New best heuristic value for pinch: 4
[t=0.179649s, 20300 KB] g=43, 26255 evaluated, 148 expanded
[t=0.180055s, 20300 KB] New best heuristic value for pinch: 3
[t=0.180099s, 20300 KB] g=44, 26323 evaluated, 149 expanded
[t=0.181875s, 20300 KB] New best heuristic value for pinch: 2
[t=0.181928s, 20300 KB] g=45, 26649 evaluated, 150 expanded
[t=0.183321s, 20300 KB] New best heuristic value for pinch: 1
[t=0.183371s, 20300 KB] g=46, 26900 evaluated, 152 expanded
[t=0.185173s, 20300 KB] New best heuristic value for pinch: 0
[t=0.185224s, 20300 KB] g=47, 27227 evaluated, 153 expanded
[t=0.185547s, 20300 KB] Solution found!
[t=0.185595s, 20300 KB] Actual search time: 0.155189s
switch_on instrument5 satellite2 (1)
turn_to satellite2 groundstation2 star19 (1)
calibrate satellite2 instrument5 groundstation2 (1)
switch_on instrument10 satellite5 (1)
turn_to satellite5 groundstation0 planet6 (1)
calibrate satellite5 instrument10 groundstation0 (1)
turn_to satellite5 planet24 groundstation0 (1)
turn_to satellite2 star13 groundstation2 (1)
take_image satellite5 planet24 instrument10 infrared0 (1)
take_image satellite2 star13 instrument5 thermograph3 (1)
turn_to satellite7 star3 planet11 (1)
turn_to satellite3 planet14 star4 (1)
turn_to satellite1 planet22 star18 (1)
turn_to satellite5 phenomenon5 planet24 (1)
take_image satellite5 phenomenon5 instrument10 spectrograph2 (1)
turn_to satellite5 phenomenon9 phenomenon5 (1)
take_image satellite5 phenomenon9 instrument10 infrared0 (1)
turn_to satellite5 planet14 phenomenon9 (1)
take_image satellite5 planet14 instrument10 thermograph4 (1)
turn_to satellite5 planet21 planet14 (1)
take_image satellite5 planet21 instrument10 infrared0 (1)
turn_to satellite5 planet6 planet21 (1)
take_image satellite5 planet6 instrument10 spectrograph2 (1)
turn_to satellite5 planet7 planet6 (1)
take_image satellite5 planet7 instrument10 infrared0 (1)
turn_to satellite5 star15 planet7 (1)
take_image satellite5 star15 instrument10 thermograph4 (1)
turn_to satellite5 planet24 star15 (1)
turn_to satellite2 phenomenon10 star13 (1)
take_image satellite2 phenomenon10 instrument5 image1 (1)
turn_to satellite2 phenomenon16 phenomenon10 (1)
take_image satellite2 phenomenon16 instrument5 image1 (1)
turn_to satellite2 planet11 phenomenon16 (1)
take_image satellite2 planet11 instrument5 image1 (1)
turn_to satellite2 planet17 planet11 (1)
take_image satellite2 planet17 instrument5 thermograph3 (1)
turn_to satellite2 planet20 planet17 (1)
take_image satellite2 planet20 instrument5 image1 (1)
turn_to satellite2 planet22 planet20 (1)
take_image satellite2 planet22 instrument5 image1 (1)
turn_to satellite2 planet23 planet22 (1)
take_image satellite2 planet23 instrument5 thermograph3 (1)
turn_to satellite2 star12 planet23 (1)
take_image satellite2 star12 instrument5 thermograph3 (1)
turn_to satellite2 star18 star12 (1)
take_image satellite2 star18 instrument5 image1 (1)
turn_to satellite2 star13 star18 (1)
[t=0.185638s, 20300 KB] Plan length: 47 step(s).
[t=0.185638s, 20300 KB] Plan cost: 47
[t=0.185638s, 20300 KB] Expanded 154 state(s).
[t=0.185638s, 20300 KB] Reopened 0 state(s).
[t=0.185638s, 20300 KB] Evaluated 27280 state(s).
[t=0.185638s, 20300 KB] Evaluations: 27280
[t=0.185638s, 20300 KB] Generated 32089 state(s).
[t=0.185638s, 20300 KB] Dead ends: 0 state(s).
[t=0.185638s, 20300 KB] Number of registered states: 27280
[t=0.185638s, 20300 KB] Int hash set load factor: 27280/32768 = 0.83252
[t=0.185638s, 20300 KB] Int hash set resizes: 15
[t=0.185638s, 20300 KB] mean number of q cost that have been adjusted 0 times in relation to total number of q: -1
[t=0.185638s, 20300 KB] mean number of q cost that have been adjusted 1 times in relation to total number of q: -1
[t=0.185638s, 20300 KB] mean number of q cost that have been adjusted 2 times in relation to total number of q: -1
[t=0.185638s, 20300 KB] mean number of q that are at some point overconsitent in relation to total number of q: -1
[t=0.185638s, 20300 KB] mean number of q that are at first underconsisten in relation to total number of q: -1
[t=0.185638s, 20300 KB] mean number of state variables that are not in common between two following states in relation to total number of state variables: -1
[t=0.185638s, 20300 KB] variance number of state variables that are not in common between two following states in relation to total number of state variables: -1
[t=0.185638s, 20300 KB] Search time: 0.155793s
[t=0.185638s, 20300 KB] Total time: 0.185638s
Solution found.
Peak memory: 20300 KB
Remove intermediate file output.sas
search exit code: 0

INFO     Running validate.
INFO     validate stdin: None
INFO     validate time limit: None
INFO     validate memory limit: None
INFO     validate command line string: validate domain.pddl problem.pddl sas_plan
