INFO     Running translator.
INFO     translator stdin: None
INFO     translator time limit: 1799.96s
INFO     translator memory limit: 3584 MB
INFO     translator command line string: /infai/weidan00/downward/experiments/bachelor/.venv/bin/python3 /infai/weidan00/downward/experiments/bachelor/data/bachelor-v1/code-7aa5f34_e5e41175/builds/release/bin/translate/translate.py domain.pddl problem.pddl --sas-file output.sas
Parsing...
Parsing: [0.010s CPU, 0.005s wall-clock]
Normalizing task... [0.010s CPU, 0.000s wall-clock]
Instantiating...
Generating Datalog program... [0.000s CPU, 0.001s wall-clock]
Normalizing Datalog program...
Normalizing Datalog program: [0.000s CPU, 0.002s wall-clock]
Preparing model... [0.000s CPU, 0.002s wall-clock]
Generated 65 rules.
Computing model... [0.010s CPU, 0.008s wall-clock]
776 relevant atoms
156 auxiliary atoms
932 final queue length
2291 total queue pushes
Completing instantiation... [0.030s CPU, 0.032s wall-clock]
Instantiating: [0.040s CPU, 0.045s wall-clock]
Computing fact groups...
Finding invariants...
21 initial candidates
Finding invariants: [0.010s CPU, 0.005s wall-clock]
Checking invariant weight... [0.000s CPU, 0.000s wall-clock]
Instantiating groups... [0.000s CPU, 0.000s wall-clock]
Collecting mutex groups... [0.000s CPU, 0.000s wall-clock]
Choosing groups...
276 uncovered facts
Choosing groups: [0.000s CPU, 0.000s wall-clock]
Building translation key... [0.000s CPU, 0.001s wall-clock]
Computing fact groups: [0.010s CPU, 0.009s wall-clock]
Building STRIPS to SAS dictionary... [0.000s CPU, 0.000s wall-clock]
Building dictionary for full mutex groups... [0.000s CPU, 0.000s wall-clock]
Building mutex information...
Building mutex information: [0.000s CPU, 0.001s wall-clock]
Translating task...
Processing axioms...
Simplifying axioms... [0.000s CPU, 0.000s wall-clock]
Processing axioms: [0.000s CPU, 0.003s wall-clock]
Translating task: [0.050s CPU, 0.049s wall-clock]
1547 effect conditions simplified
0 implied preconditions added
Detecting unreachable propositions...
0 operators removed
0 axioms removed
6 propositions removed
Detecting unreachable propositions: [0.020s CPU, 0.018s wall-clock]
Reordering and filtering variables...
144 of 273 variables necessary.
0 of 0 mutex groups necessary.
361 of 361 operators necessary.
0 of 0 axiom rules necessary.
Reordering and filtering variables: [0.010s CPU, 0.015s wall-clock]
Translator variables: 144
Translator derived variables: 0
Translator facts: 288
Translator goal facts: 15
Translator mutex groups: 0
Translator total mutex groups size: 0
Translator operators: 361
Translator axioms: 0
Translator task size: 3517
Translator peak memory: 146124 KB
Writing output... [0.010s CPU, 0.008s wall-clock]
Done! [0.160s CPU, 0.154s wall-clock]
translate exit code: 0

INFO     Running search (release).
INFO     search stdin: output.sas
INFO     search time limit: 1799.75s
INFO     search memory limit: 3584 MB
INFO     search command line string: /infai/weidan00/downward/experiments/bachelor/data/bachelor-v1/code-7aa5f34_e5e41175/builds/release/bin/downward --search 'eager_wastar([pinch_tracking()], w=2)' --internal-plan-file sas_plan < output.sas
[t=5.9318e-05s, 17204 KB] reading input...
[t=0.0037294s, 17344 KB] done reading input!
[t=0.00578173s, 17768 KB] Simplifying 1553 unary operators... done! [1237 unary operators]
[t=0.0070905s, 17900 KB] time to simplify: 0.00138523s
[t=0.00729216s, 17900 KB] Initializing pinch tracking heuristic...
[t=0.00744071s, 17900 KB] Building successor generator...done!
[t=0.00777774s, 17900 KB] peak memory difference for successor generator creation: 0 KB
[t=0.00781666s, 17900 KB] time for successor generation creation: 0.000206493s
[t=0.00786573s, 17900 KB] Variables: 144
[t=0.00790523s, 17900 KB] FactPairs: 288
[t=0.00794471s, 17900 KB] Bytes per state: 20
[t=0.00805723s, 17900 KB] Conducting best first search with reopening closed nodes, (real) bound = 2147483647
[t=0.00830366s, 17900 KB] New best heuristic value for pinch_tracking: 15
[t=0.00834725s, 17900 KB] g=0, 1 evaluated, 0 expanded
[t=0.0083981s, 17900 KB] Initial heuristic value for pinch_tracking: 15
[t=0.00843901s, 17900 KB] pruning method: none
[t=0.0104525s, 17900 KB] New best heuristic value for pinch_tracking: 14
[t=0.0104998s, 17900 KB] g=1, 63 evaluated, 1 expanded
[t=0.0146968s, 17900 KB] New best heuristic value for pinch_tracking: 13
[t=0.0147437s, 17900 KB] g=1, 209 evaluated, 1 expanded
[t=0.017002s, 17900 KB] New best heuristic value for pinch_tracking: 12
[t=0.0170562s, 17900 KB] g=2, 305 evaluated, 2 expanded
[t=0.0848954s, 17900 KB] New best heuristic value for pinch_tracking: 11
[t=0.0849716s, 17900 KB] g=4, 3183 evaluated, 21 expanded
[t=0.0888707s, 17900 KB] New best heuristic value for pinch_tracking: 10
[t=0.088921s, 17900 KB] g=5, 3308 evaluated, 22 expanded
[t=0.208417s, 18632 KB] New best heuristic value for pinch_tracking: 9
[t=0.208507s, 18632 KB] g=7, 9677 evaluated, 73 expanded
[t=0.2131s, 18632 KB] New best heuristic value for pinch_tracking: 8
[t=0.213149s, 18632 KB] g=8, 9825 evaluated, 74 expanded
[t=0.390894s, 19560 KB] New best heuristic value for pinch_tracking: 7
[t=0.390994s, 19560 KB] g=10, 19468 evaluated, 162 expanded
[t=0.393681s, 19560 KB] New best heuristic value for pinch_tracking: 6
[t=0.393729s, 19560 KB] g=11, 19553 evaluated, 163 expanded
[t=0.599719s, 20472 KB] New best heuristic value for pinch_tracking: 5
[t=0.59982s, 20472 KB] g=13, 30605 evaluated, 266 expanded
[t=1.65935s, 25556 KB] New best heuristic value for pinch_tracking: 4
[t=1.65945s, 25556 KB] g=15, 89034 evaluated, 875 expanded
[t=1.66603s, 25556 KB] New best heuristic value for pinch_tracking: 3
[t=1.66609s, 25556 KB] g=16, 89279 evaluated, 876 expanded
[t=115.562s, 577264 KB] New best heuristic value for pinch_tracking: 2
[t=115.562s, 577264 KB] g=18, 6805049 evaluated, 113423 expanded, 677 reopened
[t=115.821s, 577932 KB] New best heuristic value for pinch_tracking: 1
[t=115.821s, 577932 KB] g=20, 6820766 evaluated, 113562 expanded, 677 reopened
[t=115.827s, 577932 KB] New best heuristic value for pinch_tracking: 0
[t=115.827s, 577932 KB] g=21, 6820957 evaluated, 113563 expanded, 677 reopened
[t=115.828s, 577932 KB] Solution found!
[t=115.828s, 577932 KB] Actual search time: 115.82s
do-lathe f0 (1)
do-spray-paint j0 yellow (1)
do-polish i0 (1)
do-time-step  (1)
do-spray-paint o0 red (1)
do-punch k0 one back (1)
do-time-step  (1)
do-spray-paint a0 blue (1)
do-lathe l0 (1)
do-time-step  (1)
do-spray-paint l0 black (1)
do-time-step  (1)
do-spray-paint b0 red (1)
do-immersion-paint i0 black (1)
do-time-step  (1)
do-immersion-paint k0 black (1)
do-grind c0 (1)
do-time-step  (1)
do-grind m0 (1)
do-time-step  (1)
do-grind n0 (1)
[t=115.828s, 577932 KB] Plan length: 21 step(s).
[t=115.828s, 577932 KB] Plan cost: 21
[t=115.828s, 577932 KB] Expanded 113564 state(s).
[t=115.828s, 577932 KB] Reopened 677 state(s).
[t=115.828s, 577932 KB] Evaluated 6821008 state(s).
[t=115.828s, 577932 KB] Evaluations: 6821008
[t=115.828s, 577932 KB] Generated 14291346 state(s).
[t=115.828s, 577932 KB] Dead ends: 60826 state(s).
[t=115.828s, 577932 KB] Number of registered states: 6821008
[t=115.828s, 577932 KB] Int hash set load factor: 6821008/8388608 = 0.813128
[t=115.828s, 577932 KB] Int hash set resizes: 23
[t=115.828s, 577932 KB] mean number of q cost that have been adjusted 0 times in relation to total number of q: -1
[t=115.828s, 577932 KB] mean number of q cost that have been adjusted 1 times in relation to total number of q: -1
[t=115.828s, 577932 KB] mean number of q cost that have been adjusted 2 times in relation to total number of q: -1
[t=115.828s, 577932 KB] mean number of q that are at some point overconsitent in relation to total number of q: -1
[t=115.828s, 577932 KB] mean number of q that are at first underconsisten in relation to total number of q: -1
[t=115.828s, 577932 KB] mean number of state variables that are not in common between two following states in relation to total number of state variables: -1
[t=115.828s, 577932 KB] variance number of state variables that are not in common between two following states in relation to total number of state variables: -1
[t=115.828s, 577932 KB] Search time: 115.82s
[t=115.828s, 577932 KB] Total time: 115.828s
Solution found.
Peak memory: 577932 KB
Remove intermediate file output.sas
search exit code: 0

INFO     Running validate.
INFO     validate stdin: None
INFO     validate time limit: None
INFO     validate memory limit: None
INFO     validate command line string: validate domain.pddl problem.pddl sas_plan
