INFO     Running translator.
INFO     translator stdin: None
INFO     translator time limit: 1799.93s
INFO     translator memory limit: 3584 MB
INFO     translator command line string: /infai/weidan00/downward/experiments/bachelor/.venv/bin/python3 /infai/weidan00/downward/experiments/bachelor/data/bachelor-v1/code-7aa5f34_e5e41175/builds/release/bin/translate/translate.py domain.pddl problem.pddl --sas-file output.sas
Parsing...
Parsing: [0.020s CPU, 0.015s wall-clock]
Normalizing task... [0.000s CPU, 0.001s wall-clock]
Instantiating...
Generating Datalog program... [0.000s CPU, 0.005s wall-clock]
Normalizing Datalog program...
Normalizing Datalog program: [0.000s CPU, 0.003s wall-clock]
Preparing model... [0.020s CPU, 0.018s wall-clock]
Generated 13 rules.
Computing model... [0.080s CPU, 0.081s wall-clock]
3213 relevant atoms
2002 auxiliary atoms
5215 final queue length
8956 total queue pushes
Completing instantiation... [0.110s CPU, 0.109s wall-clock]
Instantiating: [0.210s CPU, 0.219s wall-clock]
Computing fact groups...
Finding invariants...
6 initial candidates
Finding invariants: [0.000s CPU, 0.002s wall-clock]
Checking invariant weight... [0.000s CPU, 0.001s wall-clock]
Instantiating groups... [0.000s CPU, 0.000s wall-clock]
Collecting mutex groups... [0.000s CPU, 0.000s wall-clock]
Choosing groups...
44 uncovered facts
Choosing groups: [0.000s CPU, 0.000s wall-clock]
Building translation key... [0.000s CPU, 0.000s wall-clock]
Computing fact groups: [0.000s CPU, 0.006s wall-clock]
Building STRIPS to SAS dictionary... [0.000s CPU, 0.000s wall-clock]
Building dictionary for full mutex groups... [0.000s CPU, 0.000s wall-clock]
Building mutex information...
Building mutex information: [0.000s CPU, 0.000s wall-clock]
Translating task...
Processing axioms...
Simplifying axioms... [0.000s CPU, 0.000s wall-clock]
Processing axioms: [0.010s CPU, 0.005s wall-clock]
Translating task: [0.090s CPU, 0.082s wall-clock]
22 effect conditions simplified
0 implied preconditions added
Detecting unreachable propositions...
0 operators removed
0 axioms removed
1 propositions removed
Detecting unreachable propositions: [0.040s CPU, 0.046s wall-clock]
Reordering and filtering variables...
45 of 45 variables necessary.
0 of 1 mutex groups necessary.
1920 of 1920 operators necessary.
0 of 0 axiom rules necessary.
Reordering and filtering variables: [0.010s CPU, 0.012s wall-clock]
Translator variables: 45
Translator derived variables: 0
Translator facts: 132
Translator goal facts: 22
Translator mutex groups: 0
Translator total mutex groups size: 0
Translator operators: 1920
Translator axioms: 0
Translator task size: 6041
Translator peak memory: 148428 KB
Writing output... [0.020s CPU, 0.029s wall-clock]
Done! [0.400s CPU, 0.416s wall-clock]
translate exit code: 0

INFO     Running search (release).
INFO     search stdin: output.sas
INFO     search time limit: 1799.41s
INFO     search memory limit: 3584 MB
INFO     search command line string: /infai/weidan00/downward/experiments/bachelor/data/bachelor-v1/code-7aa5f34_e5e41175/builds/release/bin/downward --search 'eager_wastar([add()], w=2)' --internal-plan-file sas_plan < output.sas
[t=8.8778e-05s, 17204 KB] reading input...
[t=0.0136897s, 17528 KB] done reading input!
[t=0.0172035s, 17956 KB] Simplifying 1958 unary operators... done! [1958 unary operators]
[t=0.0187593s, 18088 KB] time to simplify: 0.00176202s
[t=0.0190914s, 18088 KB] Initializing additive heuristic...
[t=0.0193033s, 18088 KB] Building successor generator...done!
[t=0.0200947s, 18104 KB] peak memory difference for successor generator creation: 16 KB
[t=0.0201566s, 18104 KB] time for successor generation creation: 0.000565509s
[t=0.0202518s, 18104 KB] Variables: 45
[t=0.0203259s, 18104 KB] FactPairs: 132
[t=0.0203869s, 18104 KB] Bytes per state: 8
[t=0.0206276s, 18104 KB] Conducting best first search with reopening closed nodes, (real) bound = 2147483647
[t=0.0208194s, 18104 KB] New best heuristic value for add: 87
[t=0.0208936s, 18104 KB] g=0, 1 evaluated, 0 expanded
[t=0.0209717s, 18104 KB] Initial heuristic value for add: 87
[t=0.0210295s, 18104 KB] pruning method: none
[t=0.0213596s, 18104 KB] New best heuristic value for add: 86
[t=0.0214351s, 18104 KB] g=1, 10 evaluated, 1 expanded
[t=0.0216173s, 18104 KB] New best heuristic value for add: 84
[t=0.0216844s, 18104 KB] g=1, 14 evaluated, 1 expanded
[t=0.0226236s, 18104 KB] New best heuristic value for add: 83
[t=0.0227113s, 18104 KB] g=2, 45 evaluated, 2 expanded
[t=0.023983s, 18104 KB] New best heuristic value for add: 82
[t=0.0240787s, 18104 KB] g=4, 89 evaluated, 4 expanded
[t=0.0245013s, 18104 KB] New best heuristic value for add: 81
[t=0.0245811s, 18104 KB] g=5, 103 evaluated, 5 expanded
[t=0.0254926s, 18104 KB] New best heuristic value for add: 80
[t=0.0255679s, 18104 KB] g=6, 133 evaluated, 7 expanded
[t=0.0256833s, 18104 KB] New best heuristic value for add: 79
[t=0.0257619s, 18104 KB] g=7, 134 evaluated, 8 expanded
[t=0.0261524s, 18104 KB] New best heuristic value for add: 78
[t=0.0262274s, 18104 KB] g=7, 146 evaluated, 8 expanded
[t=0.0264852s, 18104 KB] New best heuristic value for add: 77
[t=0.0265574s, 18104 KB] g=7, 153 evaluated, 8 expanded
[t=0.0272687s, 18104 KB] New best heuristic value for add: 76
[t=0.0273519s, 18104 KB] g=8, 177 evaluated, 10 expanded
[t=0.027465s, 18104 KB] New best heuristic value for add: 75
[t=0.0275306s, 18104 KB] g=9, 178 evaluated, 11 expanded
[t=0.0280024s, 18104 KB] New best heuristic value for add: 73
[t=0.0280772s, 18104 KB] g=9, 193 evaluated, 11 expanded
[t=0.0288941s, 18104 KB] New best heuristic value for add: 72
[t=0.0289791s, 18104 KB] g=10, 221 evaluated, 13 expanded
[t=0.0290879s, 18104 KB] New best heuristic value for add: 71
[t=0.0291523s, 18104 KB] g=11, 222 evaluated, 14 expanded
[t=0.0295736s, 18104 KB] New best heuristic value for add: 69
[t=0.0296494s, 18104 KB] g=11, 235 evaluated, 14 expanded
[t=0.0305318s, 18104 KB] New best heuristic value for add: 68
[t=0.030618s, 18104 KB] g=12, 265 evaluated, 15 expanded
[t=0.0318498s, 18104 KB] New best heuristic value for add: 67
[t=0.0319378s, 18104 KB] g=14, 309 evaluated, 17 expanded
[t=0.0324452s, 18104 KB] New best heuristic value for add: 66
[t=0.0325223s, 18104 KB] g=15, 326 evaluated, 18 expanded
[t=0.0333425s, 18104 KB] New best heuristic value for add: 65
[t=0.0334303s, 18104 KB] g=16, 353 evaluated, 20 expanded
[t=0.0338416s, 18104 KB] New best heuristic value for add: 64
[t=0.0339217s, 18104 KB] g=17, 367 evaluated, 21 expanded
[t=0.0348005s, 18104 KB] New best heuristic value for add: 63
[t=0.0348862s, 18104 KB] g=18, 397 evaluated, 23 expanded
[t=0.0353208s, 18104 KB] New best heuristic value for add: 62
[t=0.03539s, 18104 KB] g=19, 411 evaluated, 24 expanded
[t=0.0362653s, 18104 KB] New best heuristic value for add: 60
[t=0.0363481s, 18104 KB] g=20, 441 evaluated, 26 expanded
[t=0.036451s, 18104 KB] New best heuristic value for add: 59
[t=0.0365223s, 18104 KB] g=21, 442 evaluated, 27 expanded
[t=0.0369374s, 18104 KB] New best heuristic value for add: 58
[t=0.0370047s, 18104 KB] g=21, 455 evaluated, 27 expanded
[t=0.0378814s, 18104 KB] New best heuristic value for add: 56
[t=0.037969s, 18104 KB] g=22, 485 evaluated, 29 expanded
[t=0.0380724s, 18104 KB] New best heuristic value for add: 55
[t=0.038137s, 18104 KB] g=23, 486 evaluated, 30 expanded
[t=0.0385082s, 18104 KB] New best heuristic value for add: 54
[t=0.0385824s, 18104 KB] g=23, 499 evaluated, 30 expanded
[t=0.0395349s, 18104 KB] New best heuristic value for add: 52
[t=0.0396182s, 18104 KB] g=24, 529 evaluated, 32 expanded
[t=0.0397299s, 18104 KB] New best heuristic value for add: 51
[t=0.0397954s, 18104 KB] g=25, 530 evaluated, 33 expanded
[t=0.0401601s, 18104 KB] New best heuristic value for add: 50
[t=0.0402323s, 18104 KB] g=25, 543 evaluated, 33 expanded
[t=0.041093s, 18104 KB] New best heuristic value for add: 49
[t=0.0411665s, 18104 KB] g=26, 573 evaluated, 35 expanded
[t=0.0415934s, 18104 KB] New best heuristic value for add: 48
[t=0.0416661s, 18104 KB] g=27, 587 evaluated, 36 expanded
[t=0.0425239s, 18104 KB] New best heuristic value for add: 46
[t=0.0426081s, 18104 KB] g=28, 617 evaluated, 38 expanded
[t=0.0427117s, 18104 KB] New best heuristic value for add: 45
[t=0.0427781s, 18104 KB] g=29, 618 evaluated, 39 expanded
[t=0.0431462s, 18104 KB] New best heuristic value for add: 44
[t=0.0432205s, 18104 KB] g=29, 631 evaluated, 39 expanded
[t=0.0440713s, 18104 KB] New best heuristic value for add: 42
[t=0.0441536s, 18104 KB] g=30, 661 evaluated, 41 expanded
[t=0.0442618s, 18104 KB] New best heuristic value for add: 41
[t=0.0443283s, 18104 KB] g=31, 662 evaluated, 42 expanded
[t=0.0446888s, 18104 KB] New best heuristic value for add: 40
[t=0.0447645s, 18104 KB] g=31, 675 evaluated, 42 expanded
[t=0.0456688s, 18104 KB] New best heuristic value for add: 39
[t=0.0457557s, 18104 KB] g=33, 706 evaluated, 47 expanded
[t=0.0462617s, 18104 KB] New best heuristic value for add: 38
[t=0.046341s, 18104 KB] g=33, 725 evaluated, 47 expanded
[t=0.0470773s, 18104 KB] New best heuristic value for add: 37
[t=0.0471553s, 18104 KB] g=35, 751 evaluated, 50 expanded
[t=0.0474856s, 18104 KB] New best heuristic value for add: 36
[t=0.0475589s, 18104 KB] g=35, 762 evaluated, 50 expanded
[t=0.0484762s, 18104 KB] New best heuristic value for add: 35
[t=0.0485604s, 18104 KB] g=37, 796 evaluated, 54 expanded
[t=0.0490497s, 18104 KB] New best heuristic value for add: 34
[t=0.0491262s, 18104 KB] g=37, 813 evaluated, 54 expanded
[t=0.049933s, 18104 KB] New best heuristic value for add: 33
[t=0.050004s, 18104 KB] g=39, 842 evaluated, 58 expanded
[t=0.050293s, 18104 KB] New best heuristic value for add: 32
[t=0.0503664s, 18104 KB] g=39, 852 evaluated, 58 expanded
[t=0.0512335s, 18104 KB] New best heuristic value for add: 31
[t=0.0513175s, 18104 KB] g=41, 884 evaluated, 62 expanded
[t=0.0517721s, 18104 KB] New best heuristic value for add: 30
[t=0.051843s, 18104 KB] g=41, 901 evaluated, 62 expanded
[t=0.0526901s, 18104 KB] New best heuristic value for add: 29
[t=0.0527746s, 18104 KB] g=43, 932 evaluated, 66 expanded
[t=0.0530518s, 18104 KB] New best heuristic value for add: 28
[t=0.0531163s, 18104 KB] g=43, 942 evaluated, 66 expanded
[t=0.0539327s, 18104 KB] New best heuristic value for add: 27
[t=0.0540135s, 18104 KB] g=45, 972 evaluated, 70 expanded
[t=0.0544474s, 18104 KB] New best heuristic value for add: 26
[t=0.054526s, 18104 KB] g=45, 989 evaluated, 70 expanded
[t=0.0554216s, 18104 KB] New best heuristic value for add: 25
[t=0.0555037s, 18104 KB] g=47, 1022 evaluated, 74 expanded
[t=0.0559171s, 18104 KB] New best heuristic value for add: 24
[t=0.0559918s, 18104 KB] g=47, 1032 evaluated, 74 expanded
[t=0.0570599s, 18104 KB] New best heuristic value for add: 23
[t=0.0571436s, 18104 KB] g=49, 1075 evaluated, 77 expanded
[t=0.0572475s, 18104 KB] New best heuristic value for add: 22
[t=0.0573044s, 18104 KB] g=49, 1077 evaluated, 77 expanded
[t=0.0583702s, 18104 KB] New best heuristic value for add: 20
[t=0.0584613s, 18104 KB] g=51, 1121 evaluated, 80 expanded
[t=0.0593798s, 18104 KB] New best heuristic value for add: 18
[t=0.0594653s, 18104 KB] g=53, 1159 evaluated, 83 expanded
[t=0.0605276s, 18104 KB] New best heuristic value for add: 16
[t=0.0606059s, 18104 KB] g=55, 1203 evaluated, 86 expanded
[t=0.0613275s, 18104 KB] New best heuristic value for add: 15
[t=0.0614109s, 18104 KB] g=56, 1233 evaluated, 87 expanded
[t=0.062465s, 18104 KB] New best heuristic value for add: 14
[t=0.0625552s, 18104 KB] g=58, 1277 evaluated, 90 expanded
[t=0.0629041s, 18104 KB] New best heuristic value for add: 13
[t=0.0629816s, 18104 KB] g=59, 1291 evaluated, 91 expanded
[t=0.063727s, 18104 KB] New best heuristic value for add: 12
[t=0.0638162s, 18104 KB] g=60, 1321 evaluated, 94 expanded
[t=0.0641603s, 18104 KB] New best heuristic value for add: 11
[t=0.0642367s, 18104 KB] g=61, 1335 evaluated, 95 expanded
[t=0.0649866s, 18104 KB] New best heuristic value for add: 10
[t=0.0650652s, 18104 KB] g=62, 1365 evaluated, 98 expanded
[t=0.0654083s, 18104 KB] New best heuristic value for add: 9
[t=0.065479s, 18104 KB] g=63, 1379 evaluated, 99 expanded
[t=0.0661854s, 18104 KB] New best heuristic value for add: 8
[t=0.0662649s, 18104 KB] g=64, 1409 evaluated, 100 expanded
[t=0.0668803s, 18104 KB] New best heuristic value for add: 7
[t=0.066957s, 18104 KB] g=65, 1435 evaluated, 101 expanded
[t=0.0673948s, 18104 KB] New best heuristic value for add: 6
[t=0.0674696s, 18104 KB] g=66, 1453 evaluated, 103 expanded
[t=0.0679529s, 18104 KB] New best heuristic value for add: 5
[t=0.0680273s, 18104 KB] g=67, 1473 evaluated, 104 expanded
[t=0.0685957s, 18104 KB] New best heuristic value for add: 4
[t=0.0686736s, 18104 KB] g=68, 1497 evaluated, 106 expanded
[t=0.0691428s, 18104 KB] New best heuristic value for add: 3
[t=0.0692184s, 18104 KB] g=69, 1517 evaluated, 107 expanded
[t=0.0697952s, 18104 KB] New best heuristic value for add: 2
[t=0.0698708s, 18104 KB] g=70, 1541 evaluated, 109 expanded
[t=0.0703121s, 18104 KB] New best heuristic value for add: 1
[t=0.0703857s, 18104 KB] g=71, 1561 evaluated, 110 expanded
[t=0.0709252s, 18104 KB] New best heuristic value for add: 0
[t=0.0710046s, 18104 KB] g=72, 1585 evaluated, 111 expanded
[t=0.0710775s, 18104 KB] Solution found!
[t=0.0711491s, 18104 KB] Actual search time: 0.0501254s
up f0 f20 (1)
stop f20 (1)
up f20 f43 (1)
stop f43 (1)
down f43 f17 (1)
stop f17 (1)
down f17 f5 (1)
stop f5 (1)
up f5 f21 (1)
stop f21 (1)
down f21 f20 (1)
stop f20 (1)
down f20 f6 (1)
stop f6 (1)
up f6 f26 (1)
stop f26 (1)
up f26 f27 (1)
stop f27 (1)
up f27 f30 (1)
stop f30 (1)
up f30 f35 (1)
stop f35 (1)
up f35 f37 (1)
stop f37 (1)
up f37 f38 (1)
stop f38 (1)
up f38 f41 (1)
stop f41 (1)
up f41 f43 (1)
stop f43 (1)
down f43 f12 (1)
stop f12 (1)
down f12 f0 (1)
stop f0 (1)
up f0 f14 (1)
stop f14 (1)
down f14 f4 (1)
stop f4 (1)
up f4 f15 (1)
stop f15 (1)
down f15 f6 (1)
stop f6 (1)
up f6 f16 (1)
stop f16 (1)
down f16 f8 (1)
stop f8 (1)
up f8 f10 (1)
stop f10 (1)
up f10 f18 (1)
stop f18 (1)
up f18 f22 (1)
stop f22 (1)
up f22 f23 (1)
stop f23 (1)
down f23 f20 (1)
stop f20 (1)
up f20 f27 (1)
stop f27 (1)
up f27 f31 (1)
stop f31 (1)
up f31 f33 (1)
stop f33 (1)
down f33 f20 (1)
stop f20 (1)
up f20 f34 (1)
stop f34 (1)
up f34 f38 (1)
stop f38 (1)
up f38 f40 (1)
stop f40 (1)
down f40 f26 (1)
stop f26 (1)
[t=0.0712165s, 18104 KB] Plan length: 72 step(s).
[t=0.0712165s, 18104 KB] Plan cost: 72
[t=0.0712165s, 18104 KB] Expanded 112 state(s).
[t=0.0712165s, 18104 KB] Reopened 0 state(s).
[t=0.0712165s, 18104 KB] Evaluated 1585 state(s).
[t=0.0712165s, 18104 KB] Evaluations: 1585
[t=0.0712165s, 18104 KB] Generated 4884 state(s).
[t=0.0712165s, 18104 KB] Dead ends: 0 state(s).
[t=0.0712165s, 18104 KB] Number of registered states: 1585
[t=0.0712165s, 18104 KB] Int hash set load factor: 1585/2048 = 0.773926
[t=0.0712165s, 18104 KB] Int hash set resizes: 11
[t=0.0712165s, 18104 KB] mean number of q cost that have been adjusted 0 times in relation to total number of q: -1
[t=0.0712165s, 18104 KB] mean number of q cost that have been adjusted 1 times in relation to total number of q: -1
[t=0.0712165s, 18104 KB] mean number of q cost that have been adjusted 2 times in relation to total number of q: -1
[t=0.0712165s, 18104 KB] mean number of q that are at some point overconsitent in relation to total number of q: -1
[t=0.0712165s, 18104 KB] mean number of q that are at first underconsisten in relation to total number of q: -1
[t=0.0712165s, 18104 KB] mean number of state variables that are not in common between two following states in relation to total number of state variables: -1
[t=0.0712165s, 18104 KB] variance number of state variables that are not in common between two following states in relation to total number of state variables: -1
[t=0.0712165s, 18104 KB] Search time: 0.050591s
[t=0.0712165s, 18104 KB] Total time: 0.0712165s
Solution found.
Peak memory: 18104 KB
Remove intermediate file output.sas
search exit code: 0

INFO     Running validate.
INFO     validate stdin: None
INFO     validate time limit: None
INFO     validate memory limit: None
INFO     validate command line string: validate domain.pddl problem.pddl sas_plan
