INFO     Running translator.
INFO     translator stdin: None
INFO     translator time limit: 1799.95s
INFO     translator memory limit: 3584 MB
INFO     translator command line string: /infai/weidan00/downward/experiments/bachelor/.venv/bin/python3 /infai/weidan00/downward/experiments/bachelor/data/bachelor-v1/code-7aa5f34_e5e41175/builds/release/bin/translate/translate.py domain.pddl problem.pddl --sas-file output.sas
Parsing...
Parsing: [0.010s CPU, 0.006s wall-clock]
Normalizing task... [0.000s CPU, 0.000s wall-clock]
Instantiating...
Generating Datalog program... [0.000s CPU, 0.002s wall-clock]
Normalizing Datalog program...
Normalizing Datalog program: [0.010s CPU, 0.010s wall-clock]
Preparing model... [0.000s CPU, 0.004s wall-clock]
Generated 126 rules.
Computing model... [0.460s CPU, 0.464s wall-clock]
17895 relevant atoms
14219 auxiliary atoms
32114 final queue length
104739 total queue pushes
Completing instantiation... [1.780s CPU, 1.791s wall-clock]
Instantiating: [2.270s CPU, 2.281s wall-clock]
Computing fact groups...
Finding invariants...
22 initial candidates
Finding invariants: [0.060s CPU, 0.062s wall-clock]
Checking invariant weight... [0.000s CPU, 0.001s wall-clock]
Instantiating groups... [0.010s CPU, 0.006s wall-clock]
Collecting mutex groups... [0.000s CPU, 0.001s wall-clock]
Choosing groups...
54 uncovered facts
Choosing groups: [0.000s CPU, 0.001s wall-clock]
Building translation key... [0.000s CPU, 0.001s wall-clock]
Computing fact groups: [0.070s CPU, 0.076s wall-clock]
Building STRIPS to SAS dictionary... [0.000s CPU, 0.000s wall-clock]
Building dictionary for full mutex groups... [0.000s CPU, 0.000s wall-clock]
Building mutex information...
Building mutex information: [0.000s CPU, 0.000s wall-clock]
Translating task...
Processing axioms...
Simplifying axioms... [0.000s CPU, 0.000s wall-clock]
Processing axioms: [0.060s CPU, 0.057s wall-clock]
Translating task: [1.190s CPU, 1.192s wall-clock]
7944 effect conditions simplified
0 implied preconditions added
Detecting unreachable propositions...
0 operators removed
0 axioms removed
72 propositions removed
Detecting unreachable propositions: [0.670s CPU, 0.668s wall-clock]
Reordering and filtering variables...
104 of 122 variables necessary.
3 of 71 mutex groups necessary.
16120 of 16120 operators necessary.
0 of 0 axiom rules necessary.
Reordering and filtering variables: [0.230s CPU, 0.230s wall-clock]
Translator variables: 104
Translator derived variables: 0
Translator facts: 584
Translator goal facts: 9
Translator mutex groups: 3
Translator total mutex groups size: 54
Translator operators: 16120
Translator axioms: 0
Translator task size: 148791
Translator peak memory: 265932 KB
Writing output... [0.220s CPU, 0.240s wall-clock]
Done! [4.730s CPU, 4.775s wall-clock]
translate exit code: 0

INFO     Running search (release).
INFO     search stdin: output.sas
INFO     search time limit: 1795.13s
INFO     search memory limit: 3584 MB
INFO     search command line string: /infai/weidan00/downward/experiments/bachelor/data/bachelor-v1/code-7aa5f34_e5e41175/builds/release/bin/downward --search 'eager_wastar([add()], w=2)' --internal-plan-file sas_plan < output.sas
[t=6.7289e-05s, 17204 KB] reading input...
[t=0.132192s, 23476 KB] done reading input!
[t=0.145599s, 29316 KB] Simplifying 67440 unary operators... done! [67440 unary operators]
[t=0.335059s, 35060 KB] time to simplify: 0.189572s
[t=0.339907s, 35060 KB] Initializing additive heuristic...
[t=0.340123s, 35060 KB] Building successor generator...done!
[t=0.351246s, 35060 KB] peak memory difference for successor generator creation: 0 KB
[t=0.351293s, 35060 KB] time for successor generation creation: 0.010934s
[t=0.351488s, 35060 KB] Variables: 104
[t=0.351541s, 35060 KB] FactPairs: 584
[t=0.351591s, 35060 KB] Bytes per state: 24
[t=0.351742s, 35060 KB] Conducting best first search with reopening closed nodes, (real) bound = 2147483647
[t=0.353161s, 35060 KB] New best heuristic value for add: 81
[t=0.353252s, 35060 KB] g=0, 1 evaluated, 0 expanded
[t=0.353303s, 35060 KB] Initial heuristic value for add: 81
[t=0.353345s, 35060 KB] pruning method: none
[t=0.360095s, 35060 KB] New best heuristic value for add: 76
[t=0.360208s, 35060 KB] g=1, 8 evaluated, 1 expanded
[t=0.433471s, 35060 KB] New best heuristic value for add: 71
[t=0.433589s, 35060 KB] g=2, 88 evaluated, 2 expanded
[t=0.605767s, 35060 KB] New best heuristic value for add: 70
[t=0.605885s, 35060 KB] g=4, 276 evaluated, 8 expanded
[t=0.629947s, 35060 KB] New best heuristic value for add: 69
[t=0.630065s, 35060 KB] g=5, 302 evaluated, 9 expanded
[t=8.98945s, 35060 KB] New best heuristic value for add: 66
[t=8.98957s, 35060 KB] g=7, 9354 evaluated, 418 expanded
[t=9.93725s, 35060 KB] New best heuristic value for add: 65
[t=9.93737s, 35060 KB] g=9, 10400 evaluated, 464 expanded
[t=67.9765s, 36360 KB] New best heuristic value for add: 54
[t=67.9766s, 36360 KB] g=12, 74767 evaluated, 4064 expanded
[t=68.0079s, 36360 KB] New best heuristic value for add: 53
[t=68.008s, 36360 KB] g=13, 74803 evaluated, 4065 expanded
[t=136.984s, 41112 KB] New best heuristic value for add: 50
[t=136.984s, 41112 KB] g=14, 155673 evaluated, 9259 expanded, 28 reopened
[t=137.002s, 41112 KB] New best heuristic value for add: 49
[t=137.002s, 41112 KB] g=15, 155693 evaluated, 9260 expanded, 28 reopened
[t=137.006s, 41112 KB] New best heuristic value for add: 46
[t=137.006s, 41112 KB] g=15, 155697 evaluated, 9260 expanded, 28 reopened
[t=137.01s, 41112 KB] New best heuristic value for add: 45
[t=137.01s, 41112 KB] g=16, 155702 evaluated, 9261 expanded, 28 reopened
[t=137.038s, 41112 KB] New best heuristic value for add: 43
[t=137.038s, 41112 KB] g=17, 155734 evaluated, 9262 expanded, 28 reopened
[t=137.199s, 41112 KB] New best heuristic value for add: 35
[t=137.199s, 41112 KB] g=20, 155924 evaluated, 9273 expanded, 28 reopened
[t=137.224s, 41112 KB] New best heuristic value for add: 31
[t=137.224s, 41112 KB] g=21, 155954 evaluated, 9274 expanded, 28 reopened
[t=137.231s, 41112 KB] New best heuristic value for add: 29
[t=137.231s, 41112 KB] g=22, 155963 evaluated, 9275 expanded, 28 reopened
Peak memory: 172868 KB
caught signal 24 -- exiting
Time limit has been reached.
Remove intermediate file output.sas
search exit code: 23

Driver aborting after search
