INFO     Running translator.
INFO     translator stdin: None
INFO     translator time limit: 1799.96s
INFO     translator memory limit: 3584 MB
INFO     translator command line string: /infai/weidan00/downward/experiments/bachelor/.venv/bin/python3 /infai/weidan00/downward/experiments/bachelor/data/bachelor-v1/code-7aa5f34_e5e41175/builds/release/bin/translate/translate.py domain.pddl problem.pddl --sas-file output.sas
Parsing...
Parsing: [0.000s CPU, 0.004s wall-clock]
Normalizing task... [0.000s CPU, 0.000s wall-clock]
Instantiating...
Generating Datalog program... [0.000s CPU, 0.001s wall-clock]
Normalizing Datalog program...
Normalizing Datalog program: [0.010s CPU, 0.007s wall-clock]
Preparing model... [0.000s CPU, 0.003s wall-clock]
Generated 91 rules.
Computing model... [0.210s CPU, 0.222s wall-clock]
8678 relevant atoms
11828 auxiliary atoms
20506 final queue length
42985 total queue pushes
Completing instantiation... [0.520s CPU, 0.530s wall-clock]
Instantiating: [0.760s CPU, 0.768s wall-clock]
Computing fact groups...
Finding invariants...
18 initial candidates
Finding invariants: [0.020s CPU, 0.019s wall-clock]
Checking invariant weight... [0.000s CPU, 0.000s wall-clock]
Instantiating groups... [0.000s CPU, 0.000s wall-clock]
Collecting mutex groups... [0.000s CPU, 0.000s wall-clock]
Choosing groups...
760 uncovered facts
Choosing groups: [0.000s CPU, 0.000s wall-clock]
Building translation key... [0.010s CPU, 0.003s wall-clock]
Computing fact groups: [0.040s CPU, 0.031s wall-clock]
Building STRIPS to SAS dictionary... [0.000s CPU, 0.001s wall-clock]
Building dictionary for full mutex groups... [0.000s CPU, 0.001s wall-clock]
Building mutex information...
Building mutex information: [0.000s CPU, 0.001s wall-clock]
Translating task...
Processing axioms...
Simplifying axioms... [0.000s CPU, 0.000s wall-clock]
Processing axioms: [0.020s CPU, 0.020s wall-clock]
Translating task: [0.620s CPU, 0.622s wall-clock]
15900 effect conditions simplified
0 implied preconditions added
Detecting unreachable propositions...
0 operators removed
0 axioms removed
8 propositions removed
Detecting unreachable propositions: [0.340s CPU, 0.350s wall-clock]
Reordering and filtering variables...
764 of 764 variables necessary.
0 of 4 mutex groups necessary.
7740 of 7740 operators necessary.
0 of 0 axiom rules necessary.
Reordering and filtering variables: [0.410s CPU, 0.404s wall-clock]
Translator variables: 764
Translator derived variables: 0
Translator facts: 1532
Translator goal facts: 4
Translator mutex groups: 0
Translator total mutex groups size: 0
Translator operators: 7740
Translator axioms: 0
Translator task size: 71124
Translator peak memory: 196996 KB
Writing output... [0.120s CPU, 0.140s wall-clock]
Done! [2.320s CPU, 2.356s wall-clock]
translate exit code: 0

INFO     Running search (release).
INFO     search stdin: output.sas
INFO     search time limit: 1797.55s
INFO     search memory limit: 3584 MB
INFO     search command line string: /infai/weidan00/downward/experiments/bachelor/data/bachelor-v1/code-7aa5f34_e5e41175/builds/release/bin/downward --search 'eager_wastar([pinch_tracking()], w=2)' --internal-plan-file sas_plan < output.sas
[t=6.8236e-05s, 17204 KB] reading input...
[t=0.0723258s, 20448 KB] done reading input!
[t=0.0802143s, 23316 KB] Simplifying 38724 unary operators... done! [38724 unary operators]
[t=0.144122s, 26796 KB] time to simplify: 0.0640167s
[t=0.147152s, 26796 KB] Initializing pinch tracking heuristic...
[t=0.1474s, 26796 KB] Building successor generator...done!
[t=0.152457s, 26796 KB] peak memory difference for successor generator creation: 0 KB
[t=0.152506s, 26796 KB] time for successor generation creation: 0.0048727s
[t=0.152633s, 26796 KB] Variables: 764
[t=0.152676s, 26796 KB] FactPairs: 1532
[t=0.152715s, 26796 KB] Bytes per state: 96
[t=0.152872s, 26796 KB] Conducting best first search with reopening closed nodes, (real) bound = 2147483647
[t=0.157144s, 26796 KB] New best heuristic value for pinch_tracking: 43
[t=0.15725s, 26796 KB] g=0, 1 evaluated, 0 expanded
[t=0.157313s, 26796 KB] Initial heuristic value for pinch_tracking: 43
[t=0.157355s, 26796 KB] pruning method: none
[t=0.163692s, 26796 KB] New best heuristic value for pinch_tracking: 34
[t=0.1638s, 26796 KB] g=1, 6 evaluated, 1 expanded
[t=0.206058s, 26796 KB] New best heuristic value for pinch_tracking: 27
[t=0.206169s, 26796 KB] g=2, 26 evaluated, 2 expanded
[t=0.965394s, 26796 KB] New best heuristic value for pinch_tracking: 22
[t=0.965508s, 26796 KB] g=4, 350 evaluated, 55 expanded
[t=1.88524s, 26796 KB] New best heuristic value for pinch_tracking: 18
[t=1.88535s, 26796 KB] g=6, 728 evaluated, 108 expanded
[t=23.1679s, 27572 KB] New best heuristic value for pinch_tracking: 17
[t=23.168s, 27572 KB] g=12, 8765 evaluated, 1655 expanded
[t=23.1969s, 27572 KB] New best heuristic value for pinch_tracking: 16
[t=23.197s, 27572 KB] g=13, 8781 evaluated, 1656 expanded
[t=188.792s, 39304 KB] New best heuristic value for pinch_tracking: 15
[t=188.792s, 39304 KB] g=18, 75185 evaluated, 14213 expanded
[t=470.311s, 57600 KB] New best heuristic value for pinch_tracking: 14
[t=470.312s, 57600 KB] g=19, 193864 evaluated, 36097 expanded, 21 reopened
[t=482.073s, 58236 KB] New best heuristic value for pinch_tracking: 13
[t=482.074s, 58236 KB] g=20, 199205 evaluated, 36825 expanded, 21 reopened
Peak memory: 155588 KB
caught signal 24 -- exiting
Time limit has been reached.
Remove intermediate file output.sas
search exit code: 23

Driver aborting after search
