INFO     Running translator.
INFO     translator stdin: None
INFO     translator time limit: 1799.95s
INFO     translator memory limit: 3584 MB
INFO     translator command line string: /infai/weidan00/downward/experiments/bachelor/.venv/bin/python3 /infai/weidan00/downward/experiments/bachelor/data/bachelor-v1/code-7aa5f34_e5e41175/builds/release/bin/translate/translate.py domain.pddl problem.pddl --sas-file output.sas
Parsing...
Parsing: [0.000s CPU, 0.004s wall-clock]
Normalizing task... [0.000s CPU, 0.001s wall-clock]
Instantiating...
Generating Datalog program... [0.000s CPU, 0.002s wall-clock]
Normalizing Datalog program...
Normalizing Datalog program: [0.010s CPU, 0.002s wall-clock]
Preparing model... [0.000s CPU, 0.004s wall-clock]
Generated 50 rules.
Computing model... [0.020s CPU, 0.015s wall-clock]
884 relevant atoms
625 auxiliary atoms
1509 final queue length
1804 total queue pushes
Completing instantiation... [0.000s CPU, 0.009s wall-clock]
Instantiating: [0.040s CPU, 0.033s wall-clock]
Computing fact groups...
Finding invariants...
12 initial candidates
Finding invariants: [0.000s CPU, 0.002s wall-clock]
Checking invariant weight... [0.000s CPU, 0.000s wall-clock]
Instantiating groups... [0.000s CPU, 0.000s wall-clock]
Collecting mutex groups... [0.000s CPU, 0.000s wall-clock]
Choosing groups...
118 uncovered facts
Choosing groups: [0.000s CPU, 0.000s wall-clock]
Building translation key... [0.000s CPU, 0.001s wall-clock]
Computing fact groups: [0.000s CPU, 0.004s wall-clock]
Building STRIPS to SAS dictionary... [0.000s CPU, 0.000s wall-clock]
Building dictionary for full mutex groups... [0.000s CPU, 0.000s wall-clock]
Building mutex information...
Building mutex information: [0.000s CPU, 0.000s wall-clock]
Translating task...
Processing axioms...
Simplifying axioms... [0.000s CPU, 0.000s wall-clock]
Processing axioms: [0.000s CPU, 0.001s wall-clock]
Translating task: [0.010s CPU, 0.012s wall-clock]
106 effect conditions simplified
0 implied preconditions added
Detecting unreachable propositions...
0 operators removed
0 axioms removed
1 propositions removed
Detecting unreachable propositions: [0.010s CPU, 0.006s wall-clock]
Reordering and filtering variables...
83 of 119 variables necessary.
0 of 1 mutex groups necessary.
256 of 266 operators necessary.
0 of 0 axiom rules necessary.
Reordering and filtering variables: [0.000s CPU, 0.003s wall-clock]
Translator variables: 83
Translator derived variables: 0
Translator facts: 172
Translator goal facts: 6
Translator mutex groups: 0
Translator total mutex groups size: 0
Translator operators: 256
Translator axioms: 0
Translator task size: 1462
Translator peak memory: 143564 KB
Writing output... [0.010s CPU, 0.006s wall-clock]
Done! [0.070s CPU, 0.072s wall-clock]
translate exit code: 0

INFO     Running search (release).
INFO     search stdin: output.sas
INFO     search time limit: 1799.81s
INFO     search memory limit: 3584 MB
INFO     search command line string: /infai/weidan00/downward/experiments/bachelor/data/bachelor-v1/code-7aa5f34_e5e41175/builds/release/bin/downward --search 'eager_wastar([pinch()], w=2)' --internal-plan-file sas_plan < output.sas
[t=6.6138e-05s, 17204 KB] reading input...
[t=0.00194141s, 17344 KB] done reading input!
[t=0.00395675s, 17604 KB] Simplifying 484 unary operators... done! [484 unary operators]
[t=0.00429974s, 17604 KB] time to simplify: 0.000405734s
[t=0.00442303s, 17604 KB] Initializing pinch heuristic...
[t=0.00459s, 17604 KB] Building successor generator...done!
[t=0.0048562s, 17604 KB] peak memory difference for successor generator creation: 0 KB
[t=0.0048946s, 17604 KB] time for successor generation creation: 0.000132621s
[t=0.00494342s, 17604 KB] Variables: 83
[t=0.00498332s, 17604 KB] FactPairs: 172
[t=0.00502307s, 17604 KB] Bytes per state: 12
[t=0.00516085s, 17604 KB] Conducting best first search with reopening closed nodes, (real) bound = 2147483647
[t=0.00533028s, 17604 KB] New best heuristic value for pinch: 48
[t=0.00537558s, 17604 KB] g=0, 1 evaluated, 0 expanded
[t=0.00542984s, 17604 KB] Initial heuristic value for pinch: 48
[t=0.00547201s, 17604 KB] pruning method: none
[t=0.00554305s, 17604 KB] New best heuristic value for pinch: 47
[t=0.00558603s, 17604 KB] g=1, 2 evaluated, 1 expanded
[t=0.00568502s, 17604 KB] New best heuristic value for pinch: 44
[t=0.00572914s, 17604 KB] g=1, 9 evaluated, 1 expanded
[t=0.00588975s, 17604 KB] New best heuristic value for pinch: 43
[t=0.00593349s, 17604 KB] g=2, 24 evaluated, 2 expanded
[t=0.00604064s, 17604 KB] New best heuristic value for pinch: 40
[t=0.00608396s, 17604 KB] g=2, 31 evaluated, 2 expanded
[t=0.0062506s, 17604 KB] New best heuristic value for pinch: 39
[t=0.00629496s, 17604 KB] g=3, 46 evaluated, 3 expanded
[t=0.00640263s, 17604 KB] New best heuristic value for pinch: 36
[t=0.00644504s, 17604 KB] g=3, 58 evaluated, 3 expanded
[t=0.006561s, 17604 KB] New best heuristic value for pinch: 35
[t=0.00660383s, 17604 KB] g=4, 67 evaluated, 4 expanded
[t=0.00672491s, 17604 KB] New best heuristic value for pinch: 32
[t=0.00676657s, 17604 KB] g=4, 79 evaluated, 4 expanded
[t=0.00687704s, 17604 KB] New best heuristic value for pinch: 31
[t=0.00691991s, 17604 KB] g=5, 88 evaluated, 5 expanded
[t=0.00704631s, 17604 KB] New best heuristic value for pinch: 30
[t=0.00708908s, 17604 KB] g=5, 105 evaluated, 5 expanded
[t=0.00716887s, 17604 KB] New best heuristic value for pinch: 28
[t=0.00721124s, 17604 KB] g=5, 108 evaluated, 5 expanded
[t=0.00726683s, 17604 KB] New best heuristic value for pinch: 27
[t=0.00730897s, 17604 KB] g=6, 109 evaluated, 6 expanded
[t=0.00748108s, 17604 KB] New best heuristic value for pinch: 26
[t=0.00752287s, 17604 KB] g=6, 128 evaluated, 6 expanded
[t=0.00765899s, 17604 KB] New best heuristic value for pinch: 25
[t=0.00770178s, 17604 KB] g=7, 139 evaluated, 7 expanded
[t=0.00788543s, 17604 KB] New best heuristic value for pinch: 24
[t=0.00792864s, 17604 KB] g=7, 158 evaluated, 7 expanded
[t=0.00804792s, 17604 KB] New best heuristic value for pinch: 23
[t=0.00809102s, 17604 KB] g=8, 169 evaluated, 8 expanded
[t=0.00825423s, 17604 KB] New best heuristic value for pinch: 22
[t=0.00829736s, 17604 KB] g=8, 189 evaluated, 8 expanded
[t=0.00841319s, 17604 KB] New best heuristic value for pinch: 21
[t=0.00845594s, 17604 KB] g=9, 201 evaluated, 9 expanded
[t=0.00861974s, 17604 KB] New best heuristic value for pinch: 20
[t=0.00867016s, 17604 KB] g=9, 221 evaluated, 9 expanded
[t=0.00877102s, 17604 KB] New best heuristic value for pinch: 19
[t=0.00881371s, 17604 KB] g=10, 233 evaluated, 10 expanded
[t=0.00905574s, 17604 KB] New best heuristic value for pinch: 18
[t=0.00910372s, 17604 KB] g=11, 264 evaluated, 11 expanded
[t=0.00940387s, 17604 KB] New best heuristic value for pinch: 17
[t=0.00945249s, 17604 KB] g=12, 313 evaluated, 12 expanded
[t=0.00967712s, 17604 KB] New best heuristic value for pinch: 16
[t=0.00972569s, 17604 KB] g=13, 343 evaluated, 13 expanded
[t=0.00992521s, 17604 KB] New best heuristic value for pinch: 15
[t=0.00997012s, 17604 KB] g=14, 373 evaluated, 14 expanded
[t=0.0101653s, 17604 KB] New best heuristic value for pinch: 14
[t=0.010209s, 17604 KB] g=15, 403 evaluated, 15 expanded
[t=0.0103992s, 17604 KB] New best heuristic value for pinch: 13
[t=0.0104496s, 17604 KB] g=16, 432 evaluated, 16 expanded
[t=0.0106544s, 17604 KB] New best heuristic value for pinch: 12
[t=0.0106978s, 17604 KB] g=17, 464 evaluated, 17 expanded
[t=0.0109022s, 17604 KB] New best heuristic value for pinch: 11
[t=0.0109459s, 17604 KB] g=18, 495 evaluated, 18 expanded
[t=0.0112055s, 17604 KB] New best heuristic value for pinch: 10
[t=0.0112497s, 17604 KB] g=19, 526 evaluated, 19 expanded
[t=0.0114767s, 17604 KB] New best heuristic value for pinch: 9
[t=0.0115215s, 17604 KB] g=20, 559 evaluated, 20 expanded
[t=0.0117349s, 17604 KB] New best heuristic value for pinch: 8
[t=0.0117783s, 17604 KB] g=21, 592 evaluated, 21 expanded
[t=0.0119789s, 17604 KB] New best heuristic value for pinch: 7
[t=0.0120214s, 17604 KB] g=22, 623 evaluated, 22 expanded
[t=0.0122262s, 17604 KB] New best heuristic value for pinch: 6
[t=0.0122822s, 17604 KB] g=23, 655 evaluated, 23 expanded
[t=0.0124849s, 17604 KB] New best heuristic value for pinch: 5
[t=0.0125305s, 17604 KB] g=24, 687 evaluated, 24 expanded
[t=0.0127283s, 17604 KB] New best heuristic value for pinch: 4
[t=0.0127747s, 17604 KB] g=25, 718 evaluated, 25 expanded
[t=0.0145003s, 17604 KB] New best heuristic value for pinch: 3
[t=0.0145581s, 17604 KB] g=27, 1076 evaluated, 55 expanded
[t=0.014765s, 17604 KB] New best heuristic value for pinch: 2
[t=0.0148111s, 17604 KB] g=28, 1107 evaluated, 56 expanded
[t=0.0150142s, 17604 KB] New best heuristic value for pinch: 1
[t=0.015054s, 17604 KB] g=29, 1139 evaluated, 57 expanded
[t=0.0152542s, 17604 KB] New best heuristic value for pinch: 0
[t=0.0152999s, 17604 KB] g=30, 1171 evaluated, 58 expanded
[t=0.0153436s, 17604 KB] Solution found!
[t=0.0153877s, 17604 KB] Actual search time: 0.00991056s
choose e2f13-dp12 l1 l0 (1)
initialize e2f13-dp12 (1)
choose ge2 l2 l1 (1)
initialize ge2 (1)
associate e2f13-dp12 ge2 e2f13-dp12-ge2 (1)
choose p53 l3 l2 (1)
initialize p53 (1)
choose sp1 l4 l3 (1)
initialize sp1 (1)
choose cdk1p1p2 l5 l4 (1)
initialize cdk1p1p2 (1)
choose pcna l6 l5 (1)
initialize pcna (1)
synthesize p53 gadd45 (1)
synthesize p53 p21 (1)
synthesize e2f13-dp12-ge2 c-myc (1)
synthesize e2f13-dp12-ge2 cyce (1)
synthesize e2f13-dp12-ge2 p107 (1)
synthesize e2f13-dp12-ge2 p107p1 (1)
associate cdk1p1p2 gadd45 cdk1p1p2-gadd45 (1)
dummy-action-1  (1)
associate pcna p21 pcna-p21 (1)
dummy-action-4  (1)
dummy-action-3  (1)
dummy-action-6  (1)
associate sp1 p107 sp1-p107 (1)
initialize sp1 (1)
associate sp1 p107p1 sp1-p107p1 (1)
dummy-action-2  (1)
dummy-action-5  (1)
[t=0.0154308s, 17604 KB] Plan length: 30 step(s).
[t=0.0154308s, 17604 KB] Plan cost: 30
[t=0.0154308s, 17604 KB] Expanded 59 state(s).
[t=0.0154308s, 17604 KB] Reopened 0 state(s).
[t=0.0154308s, 17604 KB] Evaluated 1171 state(s).
[t=0.0154308s, 17604 KB] Evaluations: 1171
[t=0.0154308s, 17604 KB] Generated 1871 state(s).
[t=0.0154308s, 17604 KB] Dead ends: 0 state(s).
[t=0.0154308s, 17604 KB] Number of registered states: 1171
[t=0.0154308s, 17604 KB] Int hash set load factor: 1171/2048 = 0.571777
[t=0.0154308s, 17604 KB] Int hash set resizes: 11
[t=0.0154308s, 17604 KB] mean number of q cost that have been adjusted 0 times in relation to total number of q: -1
[t=0.0154308s, 17604 KB] mean number of q cost that have been adjusted 1 times in relation to total number of q: -1
[t=0.0154308s, 17604 KB] mean number of q cost that have been adjusted 2 times in relation to total number of q: -1
[t=0.0154308s, 17604 KB] mean number of q that are at some point overconsitent in relation to total number of q: -1
[t=0.0154308s, 17604 KB] mean number of q that are at first underconsisten in relation to total number of q: -1
[t=0.0154308s, 17604 KB] mean number of state variables that are not in common between two following states in relation to total number of state variables: -1
[t=0.0154308s, 17604 KB] variance number of state variables that are not in common between two following states in relation to total number of state variables: -1
[t=0.0154308s, 17604 KB] Search time: 0.0102708s
[t=0.0154308s, 17604 KB] Total time: 0.0154308s
Solution found.
Peak memory: 17604 KB
Remove intermediate file output.sas
search exit code: 0

INFO     Running validate.
INFO     validate stdin: None
INFO     validate time limit: None
INFO     validate memory limit: None
INFO     validate command line string: validate domain.pddl problem.pddl sas_plan
