INFO     Running translator.
INFO     translator stdin: None
INFO     translator time limit: 1799.96s
INFO     translator memory limit: 3584 MB
INFO     translator command line string: /infai/weidan00/downward/experiments/bachelor/.venv/bin/python3 /infai/weidan00/downward/experiments/bachelor/data/bachelor-v1/code-7aa5f34_e5e41175/builds/release/bin/translate/translate.py domain.pddl problem.pddl --sas-file output.sas
Parsing...
Parsing: [0.000s CPU, 0.006s wall-clock]
Normalizing task... [0.000s CPU, 0.000s wall-clock]
Instantiating...
Generating Datalog program... [0.010s CPU, 0.001s wall-clock]
Normalizing Datalog program...
Normalizing Datalog program: [0.000s CPU, 0.003s wall-clock]
Preparing model... [0.000s CPU, 0.003s wall-clock]
Generated 65 rules.
Computing model... [0.010s CPU, 0.014s wall-clock]
1218 relevant atoms
236 auxiliary atoms
1454 final queue length
3731 total queue pushes
Completing instantiation... [0.060s CPU, 0.056s wall-clock]
Instantiating: [0.080s CPU, 0.077s wall-clock]
Computing fact groups...
Finding invariants...
21 initial candidates
Finding invariants: [0.000s CPU, 0.005s wall-clock]
Checking invariant weight... [0.000s CPU, 0.000s wall-clock]
Instantiating groups... [0.000s CPU, 0.000s wall-clock]
Collecting mutex groups... [0.000s CPU, 0.000s wall-clock]
Choosing groups...
448 uncovered facts
Choosing groups: [0.000s CPU, 0.000s wall-clock]
Building translation key... [0.000s CPU, 0.002s wall-clock]
Computing fact groups: [0.010s CPU, 0.011s wall-clock]
Building STRIPS to SAS dictionary... [0.000s CPU, 0.001s wall-clock]
Building dictionary for full mutex groups... [0.000s CPU, 0.001s wall-clock]
Building mutex information...
Building mutex information: [0.000s CPU, 0.000s wall-clock]
Translating task...
Processing axioms...
Simplifying axioms... [0.000s CPU, 0.000s wall-clock]
Processing axioms: [0.000s CPU, 0.005s wall-clock]
Translating task: [0.090s CPU, 0.088s wall-clock]
2561 effect conditions simplified
0 implied preconditions added
Detecting unreachable propositions...
0 operators removed
0 axioms removed
22 propositions removed
Detecting unreachable propositions: [0.030s CPU, 0.032s wall-clock]
Reordering and filtering variables...
234 of 437 variables necessary.
0 of 0 mutex groups necessary.
601 of 601 operators necessary.
0 of 0 axiom rules necessary.
Reordering and filtering variables: [0.030s CPU, 0.030s wall-clock]
Translator variables: 234
Translator derived variables: 0
Translator facts: 468
Translator goal facts: 25
Translator mutex groups: 0
Translator total mutex groups size: 0
Translator operators: 601
Translator axioms: 0
Translator task size: 5825
Translator peak memory: 148684 KB
Writing output... [0.020s CPU, 0.014s wall-clock]
Done! [0.260s CPU, 0.263s wall-clock]
translate exit code: 0

INFO     Running search (release).
INFO     search stdin: output.sas
INFO     search time limit: 1799.63s
INFO     search memory limit: 3584 MB
INFO     search command line string: /infai/weidan00/downward/experiments/bachelor/data/bachelor-v1/code-7aa5f34_e5e41175/builds/release/bin/downward --search 'eager_wastar([pinch()], w=2)' --internal-plan-file sas_plan < output.sas
[t=6.8636e-05s, 17204 KB] reading input...
[t=0.00630541s, 17476 KB] done reading input!
[t=0.00869805s, 17928 KB] Simplifying 2571 unary operators... done! [2052 unary operators]
[t=0.0109451s, 18060 KB] time to simplify: 0.00238781s
[t=0.0112802s, 18060 KB] Initializing pinch heuristic...
[t=0.0114382s, 18060 KB] Building successor generator...done!
[t=0.011907s, 18060 KB] peak memory difference for successor generator creation: 0 KB
[t=0.0119487s, 18060 KB] time for successor generation creation: 0.000322686s
[t=0.0120047s, 18060 KB] Variables: 234
[t=0.0120464s, 18060 KB] FactPairs: 468
[t=0.0120868s, 18060 KB] Bytes per state: 32
[t=0.0122431s, 18060 KB] Conducting best first search with reopening closed nodes, (real) bound = 2147483647
[t=0.0125667s, 18060 KB] New best heuristic value for pinch: 25
[t=0.0126146s, 18060 KB] g=0, 1 evaluated, 0 expanded
[t=0.0126701s, 18060 KB] Initial heuristic value for pinch: 25
[t=0.0127131s, 18060 KB] pruning method: none
[t=0.0145749s, 18060 KB] New best heuristic value for pinch: 24
[t=0.0146511s, 18060 KB] g=1, 39 evaluated, 1 expanded
[t=0.0283882s, 18060 KB] New best heuristic value for pinch: 23
[t=0.0284882s, 18060 KB] g=1, 357 evaluated, 1 expanded
[t=0.0313791s, 18060 KB] New best heuristic value for pinch: 22
[t=0.0314723s, 18060 KB] g=2, 457 evaluated, 2 expanded
[t=0.255607s, 18344 KB] New best heuristic value for pinch: 21
[t=0.255719s, 18344 KB] g=4, 7248 evaluated, 28 expanded
[t=0.257664s, 18344 KB] New best heuristic value for pinch: 20
[t=0.257733s, 18344 KB] g=5, 7288 evaluated, 29 expanded
[t=0.272879s, 18344 KB] New best heuristic value for pinch: 19
[t=0.272991s, 18344 KB] g=6, 7696 evaluated, 30 expanded
[t=0.280267s, 18476 KB] New best heuristic value for pinch: 18
[t=0.280368s, 18476 KB] g=7, 8090 evaluated, 31 expanded
[t=0.396157s, 19000 KB] New best heuristic value for pinch: 17
[t=0.396269s, 19000 KB] g=9, 15236 evaluated, 66 expanded
[t=0.403708s, 19000 KB] New best heuristic value for pinch: 16
[t=0.403809s, 19000 KB] g=10, 15395 evaluated, 67 expanded
[t=0.421016s, 19000 KB] New best heuristic value for pinch: 15
[t=0.421124s, 19000 KB] g=11, 15816 evaluated, 68 expanded
[t=0.430219s, 19000 KB] New best heuristic value for pinch: 14
[t=0.430323s, 19000 KB] g=12, 16186 evaluated, 69 expanded
[t=0.692438s, 20180 KB] New best heuristic value for pinch: 13
[t=0.692555s, 20180 KB] g=14, 29795 evaluated, 162 expanded
[t=0.710734s, 20180 KB] New best heuristic value for pinch: 12
[t=0.710856s, 20180 KB] g=15, 30243 evaluated, 163 expanded
[t=0.716232s, 20180 KB] New best heuristic value for pinch: 11
[t=0.71633s, 20180 KB] g=16, 30540 evaluated, 164 expanded
[t=0.882644s, 20596 KB] New best heuristic value for pinch: 10
[t=0.882768s, 20596 KB] g=18, 39811 evaluated, 244 expanded
[t=1.86142s, 24032 KB] New best heuristic value for pinch: 9
[t=1.86154s, 24032 KB] g=20, 91455 evaluated, 655 expanded
[t=1.87342s, 24032 KB] New best heuristic value for pinch: 8
[t=1.87352s, 24032 KB] g=21, 91729 evaluated, 656 expanded
[t=2.36671s, 27280 KB] New best heuristic value for pinch: 7
[t=2.36683s, 27280 KB] g=23, 116301 evaluated, 815 expanded
[t=2.36958s, 27280 KB] New best heuristic value for pinch: 6
[t=2.36966s, 27280 KB] g=24, 116363 evaluated, 816 expanded
[t=2.96463s, 28120 KB] New best heuristic value for pinch: 5
[t=2.96476s, 28120 KB] g=26, 144828 evaluated, 996 expanded
[t=4.70546s, 36728 KB] New best heuristic value for pinch: 4
[t=4.70559s, 36728 KB] g=28, 228332 evaluated, 1520 expanded
Failed to allocate memory.
Memory limit has been reached.
Peak memory: 3647008 KB
Remove intermediate file output.sas
search exit code: 22

Driver aborting after search
