INFO     Running translator.
INFO     translator stdin: None
INFO     translator time limit: 1799.96s
INFO     translator memory limit: 3584 MB
INFO     translator command line string: /infai/weidan00/downward/experiments/bachelor/.venv/bin/python3 /infai/weidan00/downward/experiments/bachelor/data/bachelor-v1/code-7aa5f34_e5e41175/builds/release/bin/translate/translate.py domain.pddl problem.pddl --sas-file output.sas
Parsing...
Parsing: [0.000s CPU, 0.004s wall-clock]
Normalizing task... [0.000s CPU, 0.000s wall-clock]
Instantiating...
Generating Datalog program... [0.000s CPU, 0.001s wall-clock]
Normalizing Datalog program...
Normalizing Datalog program: [0.000s CPU, 0.003s wall-clock]
Preparing model... [0.010s CPU, 0.003s wall-clock]
Generated 41 rules.
Computing model... [0.090s CPU, 0.090s wall-clock]
11387 relevant atoms
1348 auxiliary atoms
12735 final queue length
24577 total queue pushes
Completing instantiation... [0.460s CPU, 0.463s wall-clock]
Instantiating: [0.560s CPU, 0.562s wall-clock]
Computing fact groups...
Finding invariants...
18 initial candidates
Finding invariants: [0.010s CPU, 0.006s wall-clock]
Checking invariant weight... [0.000s CPU, 0.001s wall-clock]
Instantiating groups... [0.000s CPU, 0.004s wall-clock]
Collecting mutex groups... [0.000s CPU, 0.000s wall-clock]
Choosing groups...
78 uncovered facts
Choosing groups: [0.000s CPU, 0.001s wall-clock]
Building translation key... [0.000s CPU, 0.001s wall-clock]
Computing fact groups: [0.010s CPU, 0.014s wall-clock]
Building STRIPS to SAS dictionary... [0.000s CPU, 0.000s wall-clock]
Building dictionary for full mutex groups... [0.010s CPU, 0.000s wall-clock]
Building mutex information...
Building mutex information: [0.000s CPU, 0.000s wall-clock]
Translating task...
Processing axioms...
Simplifying axioms... [0.000s CPU, 0.000s wall-clock]
Processing axioms: [0.020s CPU, 0.022s wall-clock]
Translating task: [0.590s CPU, 0.600s wall-clock]
17904 effect conditions simplified
0 implied preconditions added
Detecting unreachable propositions...
0 operators removed
0 axioms removed
4 propositions removed
Detecting unreachable propositions: [0.370s CPU, 0.372s wall-clock]
Reordering and filtering variables...
106 of 106 variables necessary.
24 of 76 mutex groups necessary.
10824 of 10824 operators necessary.
0 of 0 axiom rules necessary.
Reordering and filtering variables: [0.090s CPU, 0.092s wall-clock]
Translator variables: 106
Translator derived variables: 0
Translator facts: 340
Translator goal facts: 18
Translator mutex groups: 24
Translator total mutex groups size: 48
Translator operators: 10824
Translator axioms: 0
Translator task size: 74192
Translator peak memory: 191948 KB
Writing output... [0.110s CPU, 0.130s wall-clock]
Done! [1.770s CPU, 1.799s wall-clock]
translate exit code: 0

INFO     Running search (release).
INFO     search stdin: output.sas
INFO     search time limit: 1798.12s
INFO     search memory limit: 3584 MB
INFO     search command line string: /infai/weidan00/downward/experiments/bachelor/data/bachelor-v1/code-7aa5f34_e5e41175/builds/release/bin/downward --search 'eager_wastar([add()], w=2)' --internal-plan-file sas_plan < output.sas
[t=6.0974e-05s, 17204 KB] reading input...
[t=0.0715934s, 20736 KB] done reading input!
[t=0.0785024s, 22804 KB] Simplifying 31632 unary operators... done! [26664 unary operators]
[t=0.103914s, 25376 KB] time to simplify: 0.0267566s
[t=0.106476s, 25376 KB] Initializing additive heuristic...
[t=0.106675s, 25376 KB] Building successor generator...done!
[t=0.112272s, 25376 KB] peak memory difference for successor generator creation: 0 KB
[t=0.112319s, 25376 KB] time for successor generation creation: 0.0053385s
[t=0.112456s, 25376 KB] Variables: 106
[t=0.112503s, 25376 KB] FactPairs: 340
[t=0.112543s, 25376 KB] Bytes per state: 20
[t=0.11269s, 25376 KB] Conducting best first search with reopening closed nodes, (real) bound = 2147483647
[t=0.113131s, 25376 KB] New best heuristic value for add: 79
[t=0.113189s, 25376 KB] g=0, 1 evaluated, 0 expanded
[t=0.113239s, 25376 KB] Initial heuristic value for add: 79
[t=0.113281s, 25376 KB] pruning method: none
[t=0.116588s, 25376 KB] New best heuristic value for add: 68
[t=0.116657s, 25376 KB] g=1, 14 evaluated, 1 expanded
[t=0.179344s, 25376 KB] New best heuristic value for add: 54
[t=0.179445s, 25376 KB] g=1, 290 evaluated, 1 expanded
[t=2.15566s, 25376 KB] New best heuristic value for add: 36
[t=2.15577s, 25376 KB] g=2, 8969 evaluated, 2 expanded
[t=3.7551s, 25376 KB] New best heuristic value for add: 29
[t=3.75521s, 25376 KB] g=3, 16457 evaluated, 3 expanded
Peak memory: 555600 KB
caught signal 24 -- exiting
Time limit has been reached.
Remove intermediate file output.sas
search exit code: 23

Driver aborting after search
