INFO     Running translator.
INFO     translator stdin: None
INFO     translator time limit: 1799.96s
INFO     translator memory limit: 3584 MB
INFO     translator command line string: /infai/weidan00/downward/experiments/bachelor/.venv/bin/python3 /infai/weidan00/downward/experiments/bachelor/data/bachelor-v1/code-7aa5f34_e5e41175/builds/release/bin/translate/translate.py domain.pddl problem.pddl --sas-file output.sas
Parsing...
Parsing: [0.000s CPU, 0.006s wall-clock]
Normalizing task... [0.000s CPU, 0.000s wall-clock]
Instantiating...
Generating Datalog program... [0.010s CPU, 0.001s wall-clock]
Normalizing Datalog program...
Normalizing Datalog program: [0.000s CPU, 0.002s wall-clock]
Preparing model... [0.000s CPU, 0.006s wall-clock]
Generated 26 rules.
Computing model... [0.030s CPU, 0.028s wall-clock]
1973 relevant atoms
1547 auxiliary atoms
3520 final queue length
4609 total queue pushes
Completing instantiation... [0.030s CPU, 0.031s wall-clock]
Instantiating: [0.070s CPU, 0.070s wall-clock]
Computing fact groups...
Finding invariants...
6 initial candidates
Finding invariants: [0.000s CPU, 0.001s wall-clock]
Checking invariant weight... [0.000s CPU, 0.000s wall-clock]
Instantiating groups... [0.000s CPU, 0.000s wall-clock]
Collecting mutex groups... [0.000s CPU, 0.000s wall-clock]
Choosing groups...
34 uncovered facts
Choosing groups: [0.000s CPU, 0.000s wall-clock]
Building translation key... [0.000s CPU, 0.000s wall-clock]
Computing fact groups: [0.010s CPU, 0.003s wall-clock]
Building STRIPS to SAS dictionary... [0.000s CPU, 0.000s wall-clock]
Building dictionary for full mutex groups... [0.000s CPU, 0.000s wall-clock]
Building mutex information...
Building mutex information: [0.000s CPU, 0.000s wall-clock]
Translating task...
Processing axioms...
Simplifying axioms... [0.000s CPU, 0.000s wall-clock]
Processing axioms: [0.000s CPU, 0.001s wall-clock]
Translating task: [0.020s CPU, 0.026s wall-clock]
17 effect conditions simplified
0 implied preconditions added
Detecting unreachable propositions...
0 operators removed
0 axioms removed
1 propositions removed
Detecting unreachable propositions: [0.020s CPU, 0.015s wall-clock]
Reordering and filtering variables...
35 of 35 variables necessary.
0 of 1 mutex groups necessary.
1156 of 1156 operators necessary.
0 of 0 axiom rules necessary.
Reordering and filtering variables: [0.000s CPU, 0.003s wall-clock]
Translator variables: 35
Translator derived variables: 0
Translator facts: 102
Translator goal facts: 17
Translator mutex groups: 0
Translator total mutex groups size: 0
Translator operators: 1156
Translator axioms: 0
Translator task size: 3656
Translator peak memory: 145868 KB
Writing output... [0.010s CPU, 0.011s wall-clock]
Done! [0.130s CPU, 0.136s wall-clock]
translate exit code: 0

INFO     Running search (release).
INFO     search stdin: output.sas
INFO     search time limit: 1799.77s
INFO     search memory limit: 3584 MB
INFO     search command line string: /infai/weidan00/downward/experiments/bachelor/data/bachelor-v1/code-7aa5f34_e5e41175/builds/release/bin/downward --search 'eager_wastar([add()], w=2)' --internal-plan-file sas_plan < output.sas
[t=6.1595e-05s, 17204 KB] reading input...
[t=0.00436378s, 17376 KB] done reading input!
[t=0.00637076s, 17784 KB] Simplifying 1173 unary operators... done! [1173 unary operators]
[t=0.00693223s, 17784 KB] time to simplify: 0.000635728s
[t=0.00706632s, 17784 KB] Initializing additive heuristic...
[t=0.00718854s, 17784 KB] Building successor generator...done!
[t=0.00753155s, 17920 KB] peak memory difference for successor generator creation: 136 KB
[t=0.00757057s, 17920 KB] time for successor generation creation: 0.000214038s
[t=0.00762126s, 17920 KB] Variables: 35
[t=0.00766137s, 17920 KB] FactPairs: 102
[t=0.0077086s, 17920 KB] Bytes per state: 8
[t=0.00782028s, 17920 KB] Conducting best first search with reopening closed nodes, (real) bound = 2147483647
[t=0.00793338s, 17920 KB] New best heuristic value for add: 67
[t=0.00797657s, 17920 KB] g=0, 1 evaluated, 0 expanded
[t=0.00802633s, 17920 KB] Initial heuristic value for add: 67
[t=0.00806759s, 17920 KB] pruning method: none
[t=0.00813439s, 17920 KB] New best heuristic value for add: 66
[t=0.00817643s, 17920 KB] g=1, 2 evaluated, 1 expanded
[t=0.0083161s, 17920 KB] New best heuristic value for add: 65
[t=0.00835845s, 17920 KB] g=1, 10 evaluated, 1 expanded
[t=0.00861648s, 17920 KB] New best heuristic value for add: 64
[t=0.00865926s, 17920 KB] g=1, 29 evaluated, 1 expanded
[t=0.00878735s, 17920 KB] New best heuristic value for add: 63
[t=0.00882957s, 17920 KB] g=2, 36 evaluated, 2 expanded
[t=0.0089023s, 17920 KB] New best heuristic value for add: 62
[t=0.00894402s, 17920 KB] g=3, 38 evaluated, 3 expanded
[t=0.00945308s, 17920 KB] New best heuristic value for add: 61
[t=0.00950169s, 17920 KB] g=4, 80 evaluated, 4 expanded
[t=0.00981476s, 17920 KB] New best heuristic value for add: 60
[t=0.00985718s, 17920 KB] g=5, 105 evaluated, 5 expanded
[t=0.0099406s, 17920 KB] New best heuristic value for add: 59
[t=0.00998233s, 17920 KB] g=6, 108 evaluated, 6 expanded
[t=0.0104216s, 17920 KB] New best heuristic value for add: 58
[t=0.010465s, 17920 KB] g=7, 143 evaluated, 7 expanded
[t=0.0106627s, 17920 KB] New best heuristic value for add: 57
[t=0.0107055s, 17920 KB] g=7, 157 evaluated, 7 expanded
[t=0.0109686s, 17920 KB] New best heuristic value for add: 56
[t=0.0110113s, 17920 KB] g=8, 177 evaluated, 8 expanded
[t=0.0110841s, 17920 KB] New best heuristic value for add: 55
[t=0.0111254s, 17920 KB] g=9, 179 evaluated, 9 expanded
[t=0.0117258s, 17920 KB] New best heuristic value for add: 54
[t=0.0117696s, 17920 KB] g=10, 230 evaluated, 10 expanded
[t=0.0119928s, 17920 KB] New best heuristic value for add: 53
[t=0.0120352s, 17920 KB] g=11, 246 evaluated, 11 expanded
[t=0.0123208s, 17920 KB] New best heuristic value for add: 52
[t=0.0123642s, 17920 KB] g=12, 265 evaluated, 12 expanded
[t=0.0125733s, 17920 KB] New best heuristic value for add: 51
[t=0.0126155s, 17920 KB] g=13, 280 evaluated, 13 expanded
[t=0.0128777s, 17920 KB] New best heuristic value for add: 50
[t=0.0129195s, 17920 KB] g=14, 300 evaluated, 14 expanded
[t=0.0131147s, 17920 KB] New best heuristic value for add: 49
[t=0.0131567s, 17920 KB] g=15, 314 evaluated, 15 expanded
[t=0.0135198s, 17920 KB] New best heuristic value for add: 48
[t=0.0135634s, 17920 KB] g=16, 341 evaluated, 16 expanded
[t=0.0137105s, 17920 KB] New best heuristic value for add: 47
[t=0.0137524s, 17920 KB] g=17, 350 evaluated, 17 expanded
[t=0.0141242s, 17920 KB] New best heuristic value for add: 46
[t=0.0141742s, 17920 KB] g=18, 381 evaluated, 18 expanded
[t=0.0142522s, 17920 KB] New best heuristic value for add: 45
[t=0.0142934s, 17920 KB] g=19, 384 evaluated, 19 expanded
[t=0.0143659s, 17920 KB] New best heuristic value for add: 44
[t=0.0144073s, 17920 KB] g=20, 386 evaluated, 20 expanded
[t=0.0148084s, 17920 KB] New best heuristic value for add: 43
[t=0.0148505s, 17920 KB] g=21, 420 evaluated, 21 expanded
[t=0.0152228s, 17920 KB] New best heuristic value for add: 42
[t=0.0152653s, 17920 KB] g=21, 451 evaluated, 21 expanded
[t=0.0153318s, 17920 KB] New best heuristic value for add: 41
[t=0.0153729s, 17920 KB] g=22, 453 evaluated, 22 expanded
[t=0.015774s, 17920 KB] New best heuristic value for add: 40
[t=0.0158161s, 17920 KB] g=23, 487 evaluated, 23 expanded
[t=0.015909s, 17920 KB] New best heuristic value for add: 39
[t=0.0159506s, 17920 KB] g=24, 491 evaluated, 24 expanded
[t=0.0164353s, 17920 KB] New best heuristic value for add: 38
[t=0.0164791s, 17920 KB] g=25, 528 evaluated, 25 expanded
[t=0.0165569s, 17920 KB] New best heuristic value for add: 37
[t=0.0165982s, 17920 KB] g=26, 531 evaluated, 26 expanded
[t=0.0169865s, 17920 KB] New best heuristic value for add: 36
[t=0.017029s, 17920 KB] g=27, 564 evaluated, 27 expanded
[t=0.0171098s, 17920 KB] New best heuristic value for add: 35
[t=0.0171514s, 17920 KB] g=28, 567 evaluated, 28 expanded
[t=0.0175113s, 17920 KB] New best heuristic value for add: 34
[t=0.0175532s, 17920 KB] g=29, 598 evaluated, 29 expanded
[t=0.0176671s, 17920 KB] New best heuristic value for add: 33
[t=0.0177083s, 17920 KB] g=30, 605 evaluated, 30 expanded
[t=0.0180365s, 17920 KB] New best heuristic value for add: 32
[t=0.0180799s, 17920 KB] g=31, 632 evaluated, 31 expanded
[t=0.0182024s, 17920 KB] New best heuristic value for add: 31
[t=0.0182436s, 17920 KB] g=32, 640 evaluated, 32 expanded
[t=0.018539s, 17920 KB] New best heuristic value for add: 30
[t=0.0185813s, 17920 KB] g=33, 666 evaluated, 33 expanded
[t=0.0187327s, 17920 KB] New best heuristic value for add: 29
[t=0.018774s, 17920 KB] g=34, 676 evaluated, 34 expanded
[t=0.0190634s, 17920 KB] New best heuristic value for add: 28
[t=0.0191051s, 17920 KB] g=35, 701 evaluated, 35 expanded
[t=0.0192641s, 17920 KB] New best heuristic value for add: 27
[t=0.0193056s, 17920 KB] g=36, 713 evaluated, 36 expanded
[t=0.019567s, 17920 KB] New best heuristic value for add: 26
[t=0.0196086s, 17920 KB] g=37, 736 evaluated, 37 expanded
[t=0.0197777s, 17920 KB] New best heuristic value for add: 25
[t=0.0198198s, 17920 KB] g=38, 748 evaluated, 38 expanded
[t=0.0200828s, 17920 KB] New best heuristic value for add: 24
[t=0.0201245s, 17920 KB] g=39, 770 evaluated, 40 expanded
[t=0.0202527s, 17920 KB] New best heuristic value for add: 23
[t=0.0202943s, 17920 KB] g=40, 779 evaluated, 41 expanded
[t=0.0206085s, 17920 KB] New best heuristic value for add: 22
[t=0.0206506s, 17920 KB] g=41, 806 evaluated, 44 expanded
[t=0.0207751s, 17920 KB] New best heuristic value for add: 21
[t=0.0208165s, 17920 KB] g=42, 814 evaluated, 45 expanded
[t=0.0211108s, 17920 KB] New best heuristic value for add: 20
[t=0.0211531s, 17920 KB] g=43, 841 evaluated, 46 expanded
[t=0.0213135s, 17920 KB] New best heuristic value for add: 19
[t=0.0213545s, 17920 KB] g=44, 854 evaluated, 47 expanded
[t=0.0216169s, 17920 KB] New best heuristic value for add: 18
[t=0.0216587s, 17920 KB] g=45, 876 evaluated, 49 expanded
[t=0.021854s, 17920 KB] New best heuristic value for add: 17
[t=0.0218958s, 17920 KB] g=46, 893 evaluated, 50 expanded
[t=0.0221145s, 17920 KB] New best heuristic value for add: 16
[t=0.0221565s, 17920 KB] g=47, 911 evaluated, 52 expanded
[t=0.0223664s, 17920 KB] New best heuristic value for add: 15
[t=0.0224136s, 17920 KB] g=48, 930 evaluated, 53 expanded
[t=0.0226207s, 17920 KB] New best heuristic value for add: 14
[t=0.0226626s, 17920 KB] g=49, 947 evaluated, 55 expanded
[t=0.0228888s, 17920 KB] New best heuristic value for add: 13
[t=0.0229299s, 17920 KB] g=50, 968 evaluated, 56 expanded
[t=0.0232054s, 17920 KB] New best heuristic value for add: 12
[t=0.0232489s, 17920 KB] g=51, 983 evaluated, 58 expanded
[t=0.0234845s, 17920 KB] New best heuristic value for add: 11
[t=0.0235267s, 17920 KB] g=52, 1004 evaluated, 59 expanded
[t=0.0236971s, 17920 KB] New best heuristic value for add: 10
[t=0.0237386s, 17920 KB] g=53, 1018 evaluated, 61 expanded
[t=0.0239736s, 17920 KB] New best heuristic value for add: 9
[t=0.0240156s, 17920 KB] g=54, 1040 evaluated, 62 expanded
[t=0.0241759s, 17920 KB] New best heuristic value for add: 8
[t=0.0242175s, 17920 KB] g=55, 1053 evaluated, 64 expanded
[t=0.024469s, 17920 KB] New best heuristic value for add: 7
[t=0.0245107s, 17920 KB] g=56, 1077 evaluated, 65 expanded
[t=0.024651s, 17920 KB] New best heuristic value for add: 6
[t=0.0246918s, 17920 KB] g=57, 1088 evaluated, 66 expanded
[t=0.0249437s, 17920 KB] New best heuristic value for add: 5
[t=0.024985s, 17920 KB] g=58, 1114 evaluated, 67 expanded
[t=0.0251061s, 17920 KB] New best heuristic value for add: 4
[t=0.0251467s, 17920 KB] g=59, 1123 evaluated, 68 expanded
[t=0.0254113s, 17920 KB] New best heuristic value for add: 3
[t=0.0254521s, 17920 KB] g=60, 1151 evaluated, 69 expanded
[t=0.0255491s, 17920 KB] New best heuristic value for add: 2
[t=0.0255896s, 17920 KB] g=61, 1157 evaluated, 70 expanded
[t=0.025881s, 17920 KB] New best heuristic value for add: 1
[t=0.025922s, 17920 KB] g=62, 1189 evaluated, 71 expanded
[t=0.0259909s, 17920 KB] New best heuristic value for add: 0
[t=0.0260313s, 17920 KB] g=63, 1192 evaluated, 72 expanded
[t=0.0260781s, 17920 KB] Solution found!
[t=0.0261226s, 17920 KB] Actual search time: 0.0180504s
up f0 f33 (1)
board f33 p6 (1)
board f33 p7 (1)
down f33 f16 (1)
board f16 p13 (1)
board f16 p3 (1)
down f16 f7 (1)
board f7 p0 (1)
board f7 p16 (1)
up f7 f20 (1)
depart f20 p7 (1)
down f20 f8 (1)
board f8 p12 (1)
up f8 f21 (1)
board f21 p9 (1)
up f21 f26 (1)
depart f26 p6 (1)
up f26 f31 (1)
board f31 p10 (1)
board f31 p4 (1)
up f31 f32 (1)
board f32 p15 (1)
up f32 f33 (1)
depart f33 p4 (1)
depart f33 p0 (1)
down f33 f0 (1)
board f0 p1 (1)
up f0 f11 (1)
depart f11 p9 (1)
down f11 f5 (1)
depart f5 p13 (1)
up f5 f12 (1)
board f12 p2 (1)
down f12 f7 (1)
depart f7 p15 (1)
up f7 f13 (1)
board f13 p8 (1)
down f13 f9 (1)
depart f9 p12 (1)
up f9 f16 (1)
board f16 p5 (1)
down f16 f14 (1)
depart f14 p5 (1)
up f14 f18 (1)
depart f18 p2 (1)
up f18 f20 (1)
depart f20 p1 (1)
up f20 f21 (1)
depart f21 p3 (1)
up f21 f22 (1)
depart f22 p10 (1)
up f22 f23 (1)
board f23 p11 (1)
up f23 f25 (1)
board f25 p14 (1)
down f25 f8 (1)
depart f8 p14 (1)
up f8 f26 (1)
depart f26 p11 (1)
up f26 f28 (1)
depart f28 p8 (1)
up f28 f32 (1)
depart f32 p16 (1)
[t=0.0261651s, 17920 KB] Plan length: 63 step(s).
[t=0.0261651s, 17920 KB] Plan cost: 63
[t=0.0261651s, 17920 KB] Expanded 73 state(s).
[t=0.0261651s, 17920 KB] Reopened 0 state(s).
[t=0.0261651s, 17920 KB] Evaluated 1192 state(s).
[t=0.0261651s, 17920 KB] Evaluations: 1192
[t=0.0261651s, 17920 KB] Generated 2471 state(s).
[t=0.0261651s, 17920 KB] Dead ends: 0 state(s).
[t=0.0261651s, 17920 KB] Number of registered states: 1192
[t=0.0261651s, 17920 KB] Int hash set load factor: 1192/2048 = 0.582031
[t=0.0261651s, 17920 KB] Int hash set resizes: 11
[t=0.0261651s, 17920 KB] mean number of q cost that have been adjusted 0 times in relation to total number of q: -1
[t=0.0261651s, 17920 KB] mean number of q cost that have been adjusted 1 times in relation to total number of q: -1
[t=0.0261651s, 17920 KB] mean number of q cost that have been adjusted 2 times in relation to total number of q: -1
[t=0.0261651s, 17920 KB] mean number of q that are at some point overconsitent in relation to total number of q: -1
[t=0.0261651s, 17920 KB] mean number of q that are at first underconsisten in relation to total number of q: -1
[t=0.0261651s, 17920 KB] mean number of state variables that are not in common between two following states in relation to total number of state variables: -1
[t=0.0261651s, 17920 KB] variance number of state variables that are not in common between two following states in relation to total number of state variables: -1
[t=0.0261651s, 17920 KB] Search time: 0.0183456s
[t=0.0261651s, 17920 KB] Total time: 0.0261651s
Solution found.
Peak memory: 17920 KB
Remove intermediate file output.sas
search exit code: 0

INFO     Running validate.
INFO     validate stdin: None
INFO     validate time limit: None
INFO     validate memory limit: None
INFO     validate command line string: validate domain.pddl problem.pddl sas_plan
