INFO     Running translator.
INFO     translator stdin: None
INFO     translator time limit: 1799.93s
INFO     translator memory limit: 3584 MB
INFO     translator command line string: /infai/weidan00/downward/experiments/bachelor/.venv/bin/python3 /infai/weidan00/downward/experiments/bachelor/data/bachelor-v1/code-7aa5f34_e5e41175/builds/release/bin/translate/translate.py domain.pddl problem.pddl --sas-file output.sas
Parsing...
Parsing: [0.010s CPU, 0.004s wall-clock]
Normalizing task... [0.000s CPU, 0.000s wall-clock]
Instantiating...
Generating Datalog program... [0.000s CPU, 0.001s wall-clock]
Normalizing Datalog program...
Normalizing Datalog program: [0.000s CPU, 0.007s wall-clock]
Preparing model... [0.010s CPU, 0.003s wall-clock]
Generated 59 rules.
Computing model... [0.050s CPU, 0.051s wall-clock]
1726 relevant atoms
879 auxiliary atoms
2605 final queue length
5252 total queue pushes
Completing instantiation... [0.140s CPU, 0.131s wall-clock]
Instantiating: [0.200s CPU, 0.195s wall-clock]
Computing fact groups...
Finding invariants...
9 initial candidates
Finding invariants: [0.000s CPU, 0.007s wall-clock]
Checking invariant weight... [0.000s CPU, 0.000s wall-clock]
Instantiating groups... [0.010s CPU, 0.002s wall-clock]
Collecting mutex groups... [0.000s CPU, 0.000s wall-clock]
Choosing groups...
0 uncovered facts
Choosing groups: [0.000s CPU, 0.001s wall-clock]
Building translation key... [0.000s CPU, 0.000s wall-clock]
Computing fact groups: [0.010s CPU, 0.012s wall-clock]
Building STRIPS to SAS dictionary... [0.000s CPU, 0.000s wall-clock]
Building dictionary for full mutex groups... [0.000s CPU, 0.000s wall-clock]
Building mutex information...
Building mutex information: [0.000s CPU, 0.000s wall-clock]
Translating task...
Processing axioms...
Simplifying axioms... [0.000s CPU, 0.000s wall-clock]
Processing axioms: [0.000s CPU, 0.006s wall-clock]
Translating task: [0.090s CPU, 0.093s wall-clock]
0 effect conditions simplified
0 implied preconditions added
Detecting unreachable propositions...
0 operators removed
0 axioms removed
13 propositions removed
Detecting unreachable propositions: [0.050s CPU, 0.047s wall-clock]
Reordering and filtering variables...
13 of 13 variables necessary.
0 of 13 mutex groups necessary.
1548 of 1548 operators necessary.
0 of 0 axiom rules necessary.
Reordering and filtering variables: [0.010s CPU, 0.014s wall-clock]
Translator variables: 13
Translator derived variables: 0
Translator facts: 102
Translator goal facts: 8
Translator mutex groups: 0
Translator total mutex groups size: 0
Translator operators: 1548
Translator axioms: 0
Translator task size: 7305
Translator peak memory: 148684 KB
Writing output... [0.020s CPU, 0.030s wall-clock]
Done! [0.400s CPU, 0.402s wall-clock]
translate exit code: 0

INFO     Running search (release).
INFO     search stdin: output.sas
INFO     search time limit: 1799.44s
INFO     search memory limit: 3584 MB
INFO     search command line string: /infai/weidan00/downward/experiments/bachelor/data/bachelor-v1/code-7aa5f34_e5e41175/builds/release/bin/downward --search 'eager_wastar([pinch_tracking()], w=2)' --internal-plan-file sas_plan < output.sas
[t=8.9369e-05s, 17204 KB] reading input...
[t=0.0148907s, 17624 KB] done reading input!
[t=0.0183789s, 18020 KB] Simplifying 2538 unary operators... done! [1098 unary operators]
[t=0.020007s, 18152 KB] time to simplify: 0.00177644s
[t=0.0202985s, 18152 KB] Initializing pinch tracking heuristic...
[t=0.0205008s, 18152 KB] Building successor generator...done!
[t=0.0215667s, 18152 KB] peak memory difference for successor generator creation: 0 KB
[t=0.021634s, 18152 KB] time for successor generation creation: 0.000826271s
[t=0.0217302s, 18152 KB] Variables: 13
[t=0.0217945s, 18152 KB] FactPairs: 102
[t=0.0218548s, 18152 KB] Bytes per state: 8
[t=0.0220752s, 18152 KB] Conducting best first search with reopening closed nodes, (real) bound = 2147483647
[t=0.0224244s, 18152 KB] New best heuristic value for pinch_tracking: 15
[t=0.022503s, 18152 KB] g=0, 1 evaluated, 0 expanded
[t=0.0225843s, 18152 KB] Initial heuristic value for pinch_tracking: 15
[t=0.022648s, 18152 KB] pruning method: none
[t=0.0227774s, 18152 KB] New best heuristic value for pinch_tracking: 14
[t=0.0228446s, 18152 KB] g=1, 2 evaluated, 1 expanded
[t=0.0233126s, 18152 KB] New best heuristic value for pinch_tracking: 13
[t=0.0233899s, 18152 KB] g=1, 15 evaluated, 1 expanded
[t=0.0247457s, 18152 KB] New best heuristic value for pinch_tracking: 12
[t=0.0248392s, 18152 KB] g=2, 63 evaluated, 2 expanded
[t=0.0324924s, 18152 KB] New best heuristic value for pinch_tracking: 11
[t=0.0326218s, 18152 KB] g=4, 342 evaluated, 11 expanded
[t=0.0338328s, 18152 KB] New best heuristic value for pinch_tracking: 10
[t=0.0339297s, 18152 KB] g=5, 387 evaluated, 12 expanded
[t=0.0347976s, 18152 KB] New best heuristic value for pinch_tracking: 9
[t=0.0348814s, 18152 KB] g=6, 417 evaluated, 13 expanded
[t=0.0362037s, 18152 KB] New best heuristic value for pinch_tracking: 8
[t=0.0362977s, 18152 KB] g=7, 467 evaluated, 14 expanded
[t=0.0372028s, 18152 KB] New best heuristic value for pinch_tracking: 7
[t=0.0372935s, 18152 KB] g=8, 500 evaluated, 15 expanded
[t=0.0386186s, 18152 KB] New best heuristic value for pinch_tracking: 6
[t=0.0387136s, 18152 KB] g=9, 545 evaluated, 16 expanded
[t=0.0403464s, 18152 KB] New best heuristic value for pinch_tracking: 5
[t=0.0404642s, 18152 KB] g=10, 604 evaluated, 17 expanded
[t=0.0448953s, 18152 KB] New best heuristic value for pinch_tracking: 4
[t=0.0450166s, 18152 KB] g=12, 763 evaluated, 22 expanded
[t=0.0460554s, 18152 KB] New best heuristic value for pinch_tracking: 3
[t=0.0461501s, 18152 KB] g=13, 797 evaluated, 23 expanded
[t=0.0616044s, 18152 KB] New best heuristic value for pinch_tracking: 2
[t=0.0617399s, 18152 KB] g=14, 1329 evaluated, 47 expanded
[t=0.0627563s, 18152 KB] New best heuristic value for pinch_tracking: 1
[t=0.0628471s, 18152 KB] g=15, 1361 evaluated, 48 expanded
[t=0.063852s, 18152 KB] New best heuristic value for pinch_tracking: 0
[t=0.0639395s, 18152 KB] g=16, 1391 evaluated, 49 expanded
[t=0.0643656s, 18152 KB] Solution found!
[t=0.0644481s, 18152 KB] Actual search time: 0.041794s
fly plane2 city4 city0 fl3 fl2 (1)
board person4 plane2 city0 (1)
fly plane3 city1 city2 fl5 fl4 (1)
board person6 plane3 city2 (1)
board person2 plane3 city2 (1)
fly plane3 city2 city1 fl4 fl3 (1)
debark person2 plane3 city1 (1)
fly plane3 city1 city4 fl3 fl2 (1)
debark person6 plane3 city4 (1)
fly plane1 city4 city1 fl4 fl3 (1)
fly plane3 city4 city5 fl2 fl1 (1)
board person7 plane3 city5 (1)
fly plane3 city5 city0 fl1 fl0 (1)
debark person7 plane3 city0 (1)
fly plane2 city0 city2 fl2 fl1 (1)
debark person4 plane2 city2 (1)
[t=0.0645172s, 18152 KB] Plan length: 16 step(s).
[t=0.0645172s, 18152 KB] Plan cost: 16
[t=0.0645172s, 18152 KB] Expanded 50 state(s).
[t=0.0645172s, 18152 KB] Reopened 0 state(s).
[t=0.0645172s, 18152 KB] Evaluated 1406 state(s).
[t=0.0645172s, 18152 KB] Evaluations: 1406
[t=0.0645172s, 18152 KB] Generated 1704 state(s).
[t=0.0645172s, 18152 KB] Dead ends: 0 state(s).
[t=0.0645172s, 18152 KB] Number of registered states: 1406
[t=0.0645172s, 18152 KB] Int hash set load factor: 1406/2048 = 0.686523
[t=0.0645172s, 18152 KB] Int hash set resizes: 11
[t=0.0645172s, 18152 KB] mean number of q cost that have been adjusted 0 times in relation to total number of q: -1
[t=0.0645172s, 18152 KB] mean number of q cost that have been adjusted 1 times in relation to total number of q: -1
[t=0.0645172s, 18152 KB] mean number of q cost that have been adjusted 2 times in relation to total number of q: -1
[t=0.0645172s, 18152 KB] mean number of q that are at some point overconsitent in relation to total number of q: -1
[t=0.0645172s, 18152 KB] mean number of q that are at first underconsisten in relation to total number of q: -1
[t=0.0645172s, 18152 KB] mean number of state variables that are not in common between two following states in relation to total number of state variables: -1
[t=0.0645172s, 18152 KB] variance number of state variables that are not in common between two following states in relation to total number of state variables: -1
[t=0.0645172s, 18152 KB] Search time: 0.0424436s
[t=0.0645172s, 18152 KB] Total time: 0.0645172s
Solution found.
Peak memory: 18152 KB
Remove intermediate file output.sas
search exit code: 0

INFO     Running validate.
INFO     validate stdin: None
INFO     validate time limit: None
INFO     validate memory limit: None
INFO     validate command line string: validate domain.pddl problem.pddl sas_plan
