INFO     Running translator.
INFO     translator stdin: None
INFO     translator time limit: 1799.96s
INFO     translator memory limit: 3584 MB
INFO     translator command line string: /infai/weidan00/downward/experiments/bachelor/.venv/bin/python3 /infai/weidan00/downward/experiments/bachelor/data/bachelor-v1/code-7aa5f34_e5e41175/builds/release/bin/translate/translate.py domain.pddl problem.pddl --sas-file output.sas
Parsing...
Parsing: [0.020s CPU, 0.010s wall-clock]
Normalizing task... [0.000s CPU, 0.000s wall-clock]
Instantiating...
Generating Datalog program... [0.000s CPU, 0.002s wall-clock]
Normalizing Datalog program...
Normalizing Datalog program: [0.000s CPU, 0.002s wall-clock]
Preparing model... [0.020s CPU, 0.012s wall-clock]
Generated 26 rules.
Computing model... [0.050s CPU, 0.052s wall-clock]
3793 relevant atoms
2856 auxiliary atoms
6649 final queue length
8858 total queue pushes
Completing instantiation... [0.060s CPU, 0.063s wall-clock]
Instantiating: [0.130s CPU, 0.134s wall-clock]
Computing fact groups...
Finding invariants...
6 initial candidates
Finding invariants: [0.000s CPU, 0.001s wall-clock]
Checking invariant weight... [0.000s CPU, 0.001s wall-clock]
Instantiating groups... [0.000s CPU, 0.000s wall-clock]
Collecting mutex groups... [0.000s CPU, 0.000s wall-clock]
Choosing groups...
48 uncovered facts
Choosing groups: [0.000s CPU, 0.000s wall-clock]
Building translation key... [0.000s CPU, 0.000s wall-clock]
Computing fact groups: [0.000s CPU, 0.003s wall-clock]
Building STRIPS to SAS dictionary... [0.000s CPU, 0.000s wall-clock]
Building dictionary for full mutex groups... [0.000s CPU, 0.000s wall-clock]
Building mutex information...
Building mutex information: [0.000s CPU, 0.000s wall-clock]
Translating task...
Processing axioms...
Simplifying axioms... [0.000s CPU, 0.000s wall-clock]
Processing axioms: [0.010s CPU, 0.003s wall-clock]
Translating task: [0.060s CPU, 0.052s wall-clock]
24 effect conditions simplified
0 implied preconditions added
Detecting unreachable propositions...
0 operators removed
0 axioms removed
1 propositions removed
Detecting unreachable propositions: [0.030s CPU, 0.038s wall-clock]
Reordering and filtering variables...
49 of 49 variables necessary.
0 of 1 mutex groups necessary.
2304 of 2304 operators necessary.
0 of 0 axiom rules necessary.
Reordering and filtering variables: [0.010s CPU, 0.007s wall-clock]
Translator variables: 49
Translator derived variables: 0
Translator facts: 144
Translator goal facts: 24
Translator mutex groups: 0
Translator total mutex groups size: 0
Translator operators: 2304
Translator axioms: 0
Translator task size: 7177
Translator peak memory: 149196 KB
Writing output... [0.020s CPU, 0.019s wall-clock]
Done! [0.270s CPU, 0.268s wall-clock]
translate exit code: 0

INFO     Running search (release).
INFO     search stdin: output.sas
INFO     search time limit: 1799.64s
INFO     search memory limit: 3584 MB
INFO     search command line string: /infai/weidan00/downward/experiments/bachelor/data/bachelor-v1/code-7aa5f34_e5e41175/builds/release/bin/downward --search 'eager_wastar([pinch_tracking()], w=2)' --internal-plan-file sas_plan < output.sas
[t=6.8234e-05s, 17204 KB] reading input...
[t=0.00839446s, 17564 KB] done reading input!
[t=0.0107379s, 18036 KB] Simplifying 2328 unary operators... done! [2328 unary operators]
[t=0.0117429s, 18168 KB] time to simplify: 0.00113492s
[t=0.0119602s, 18168 KB] Initializing pinch tracking heuristic...
[t=0.0121047s, 18168 KB] Building successor generator...done!
[t=0.0126657s, 18200 KB] peak memory difference for successor generator creation: 32 KB
[t=0.0127064s, 18200 KB] time for successor generation creation: 0.000433865s
[t=0.0127768s, 18200 KB] Variables: 49
[t=0.0128184s, 18200 KB] FactPairs: 144
[t=0.0128583s, 18200 KB] Bytes per state: 8
[t=0.012993s, 18200 KB] Conducting best first search with reopening closed nodes, (real) bound = 2147483647
[t=0.013256s, 18200 KB] New best heuristic value for pinch_tracking: 96
[t=0.0133003s, 18200 KB] g=0, 1 evaluated, 0 expanded
[t=0.0133527s, 18200 KB] Initial heuristic value for pinch_tracking: 96
[t=0.0133938s, 18200 KB] pruning method: none
[t=0.0134624s, 18200 KB] New best heuristic value for pinch_tracking: 94
[t=0.0135033s, 18200 KB] g=1, 2 evaluated, 1 expanded
[t=0.0136616s, 18200 KB] New best heuristic value for pinch_tracking: 93
[t=0.0137042s, 18200 KB] g=1, 11 evaluated, 1 expanded
[t=0.0140434s, 18200 KB] New best heuristic value for pinch_tracking: 92
[t=0.0140858s, 18200 KB] g=1, 40 evaluated, 1 expanded
[t=0.0142247s, 18200 KB] New best heuristic value for pinch_tracking: 91
[t=0.0142665s, 18200 KB] g=2, 49 evaluated, 2 expanded
[t=0.0148196s, 18200 KB] New best heuristic value for pinch_tracking: 90
[t=0.0148664s, 18200 KB] g=4, 97 evaluated, 4 expanded
[t=0.0149317s, 18200 KB] New best heuristic value for pinch_tracking: 89
[t=0.0149731s, 18200 KB] g=5, 99 evaluated, 5 expanded
[t=0.0155375s, 18200 KB] New best heuristic value for pinch_tracking: 88
[t=0.0155836s, 18200 KB] g=6, 148 evaluated, 6 expanded
[t=0.0157389s, 18200 KB] New best heuristic value for pinch_tracking: 87
[t=0.0157815s, 18200 KB] g=6, 159 evaluated, 6 expanded
[t=0.0161795s, 18200 KB] New best heuristic value for pinch_tracking: 86
[t=0.0162244s, 18200 KB] g=7, 194 evaluated, 7 expanded
[t=0.0162873s, 18200 KB] New best heuristic value for pinch_tracking: 85
[t=0.0163282s, 18200 KB] g=8, 196 evaluated, 8 expanded
[t=0.0168732s, 18200 KB] New best heuristic value for pinch_tracking: 84
[t=0.0169199s, 18200 KB] g=9, 245 evaluated, 9 expanded
[t=0.0173573s, 18200 KB] New best heuristic value for pinch_tracking: 83
[t=0.0174074s, 18200 KB] g=9, 282 evaluated, 9 expanded
[t=0.0175573s, 18200 KB] New best heuristic value for pinch_tracking: 82
[t=0.017599s, 18200 KB] g=10, 291 evaluated, 11 expanded
[t=0.0176649s, 18200 KB] New best heuristic value for pinch_tracking: 81
[t=0.0177058s, 18200 KB] g=11, 294 evaluated, 12 expanded
[t=0.0182382s, 18200 KB] New best heuristic value for pinch_tracking: 80
[t=0.0182829s, 18200 KB] g=12, 343 evaluated, 13 expanded
[t=0.0187674s, 18200 KB] New best heuristic value for pinch_tracking: 79
[t=0.0188129s, 18200 KB] g=12, 386 evaluated, 13 expanded
[t=0.0189301s, 18200 KB] New best heuristic value for pinch_tracking: 78
[t=0.0189722s, 18200 KB] g=13, 392 evaluated, 15 expanded
[t=0.0194318s, 18200 KB] New best heuristic value for pinch_tracking: 77
[t=0.0194757s, 18200 KB] g=13, 433 evaluated, 15 expanded
[t=0.0196402s, 18200 KB] New best heuristic value for pinch_tracking: 76
[t=0.0196819s, 18200 KB] g=15, 443 evaluated, 18 expanded
[t=0.0200624s, 18200 KB] New best heuristic value for pinch_tracking: 75
[t=0.0201056s, 18200 KB] g=15, 477 evaluated, 18 expanded
[t=0.0203677s, 18200 KB] New best heuristic value for pinch_tracking: 74
[t=0.0204098s, 18200 KB] g=17, 496 evaluated, 21 expanded
[t=0.0208658s, 18200 KB] New best heuristic value for pinch_tracking: 73
[t=0.0209109s, 18200 KB] g=17, 531 evaluated, 21 expanded
[t=0.0211589s, 18200 KB] New best heuristic value for pinch_tracking: 72
[t=0.0212016s, 18200 KB] g=19, 549 evaluated, 24 expanded
[t=0.0215278s, 18200 KB] New best heuristic value for pinch_tracking: 71
[t=0.0215701s, 18200 KB] g=19, 577 evaluated, 24 expanded
[t=0.0217435s, 18200 KB] New best heuristic value for pinch_tracking: 70
[t=0.0217862s, 18200 KB] g=21, 588 evaluated, 27 expanded
[t=0.0222866s, 18200 KB] New best heuristic value for pinch_tracking: 69
[t=0.0223298s, 18200 KB] g=21, 632 evaluated, 27 expanded
[t=0.0227086s, 18200 KB] New best heuristic value for pinch_tracking: 68
[t=0.0227514s, 18200 KB] g=22, 664 evaluated, 29 expanded
[t=0.0229445s, 18200 KB] New best heuristic value for pinch_tracking: 67
[t=0.022986s, 18200 KB] g=22, 679 evaluated, 29 expanded
[t=0.0234341s, 18200 KB] New best heuristic value for pinch_tracking: 66
[t=0.0234777s, 18200 KB] g=24, 716 evaluated, 32 expanded
[t=0.0236327s, 18200 KB] New best heuristic value for pinch_tracking: 65
[t=0.0236737s, 18200 KB] g=24, 727 evaluated, 32 expanded
[t=0.0241303s, 18200 KB] New best heuristic value for pinch_tracking: 64
[t=0.024175s, 18200 KB] g=26, 766 evaluated, 35 expanded
[t=0.0243124s, 18200 KB] New best heuristic value for pinch_tracking: 63
[t=0.0243576s, 18200 KB] g=26, 775 evaluated, 35 expanded
[t=0.0248463s, 18200 KB] New best heuristic value for pinch_tracking: 62
[t=0.0248938s, 18200 KB] g=28, 817 evaluated, 38 expanded
[t=0.0250109s, 18200 KB] New best heuristic value for pinch_tracking: 61
[t=0.0250541s, 18200 KB] g=28, 824 evaluated, 38 expanded
[t=0.0251645s, 18200 KB] New best heuristic value for pinch_tracking: 60
[t=0.0252075s, 18200 KB] g=29, 829 evaluated, 39 expanded
[t=0.025736s, 18200 KB] New best heuristic value for pinch_tracking: 59
[t=0.0257873s, 18200 KB] g=31, 877 evaluated, 41 expanded
[t=0.0262324s, 18200 KB] New best heuristic value for pinch_tracking: 58
[t=0.0262764s, 18200 KB] g=32, 916 evaluated, 42 expanded
[t=0.0264227s, 18200 KB] New best heuristic value for pinch_tracking: 57
[t=0.0264641s, 18200 KB] g=33, 925 evaluated, 43 expanded
[t=0.0269545s, 18200 KB] New best heuristic value for pinch_tracking: 56
[t=0.0269991s, 18200 KB] g=34, 969 evaluated, 44 expanded
[t=0.0271502s, 18200 KB] New best heuristic value for pinch_tracking: 55
[t=0.0271912s, 18200 KB] g=36, 975 evaluated, 50 expanded
[t=0.0276633s, 18200 KB] New best heuristic value for pinch_tracking: 54
[t=0.027706s, 18200 KB] g=36, 1017 evaluated, 50 expanded
[t=0.0279584s, 18200 KB] New best heuristic value for pinch_tracking: 53
[t=0.0280029s, 18200 KB] g=38, 1023 evaluated, 56 expanded
[t=0.0284347s, 18200 KB] New best heuristic value for pinch_tracking: 52
[t=0.0284789s, 18200 KB] g=38, 1061 evaluated, 56 expanded
[t=0.0286729s, 18200 KB] New best heuristic value for pinch_tracking: 51
[t=0.0287156s, 18200 KB] g=40, 1071 evaluated, 62 expanded
[t=0.0291771s, 18200 KB] New best heuristic value for pinch_tracking: 50
[t=0.0292203s, 18200 KB] g=40, 1113 evaluated, 62 expanded
[t=0.0293154s, 18200 KB] New best heuristic value for pinch_tracking: 49
[t=0.0293569s, 18200 KB] g=41, 1117 evaluated, 63 expanded
[t=0.0299079s, 18200 KB] New best heuristic value for pinch_tracking: 48
[t=0.0299538s, 18200 KB] g=43, 1165 evaluated, 67 expanded
[t=0.0300257s, 18200 KB] New best heuristic value for pinch_tracking: 47
[t=0.030066s, 18200 KB] g=44, 1167 evaluated, 68 expanded
[t=0.0305933s, 18200 KB] New best heuristic value for pinch_tracking: 46
[t=0.0306358s, 18200 KB] g=45, 1213 evaluated, 72 expanded
[t=0.0307083s, 18200 KB] New best heuristic value for pinch_tracking: 45
[t=0.0307486s, 18200 KB] g=46, 1215 evaluated, 73 expanded
[t=0.0312918s, 18200 KB] New best heuristic value for pinch_tracking: 44
[t=0.031335s, 18200 KB] g=47, 1263 evaluated, 77 expanded
[t=0.0314154s, 18200 KB] New best heuristic value for pinch_tracking: 43
[t=0.031456s, 18200 KB] g=48, 1267 evaluated, 78 expanded
[t=0.0319993s, 18200 KB] New best heuristic value for pinch_tracking: 42
[t=0.0320419s, 18200 KB] g=49, 1314 evaluated, 82 expanded
[t=0.0321059s, 18200 KB] New best heuristic value for pinch_tracking: 41
[t=0.0321462s, 18200 KB] g=50, 1316 evaluated, 83 expanded
[t=0.0326951s, 18200 KB] New best heuristic value for pinch_tracking: 40
[t=0.0327379s, 18200 KB] g=51, 1363 evaluated, 87 expanded
[t=0.0328021s, 18200 KB] New best heuristic value for pinch_tracking: 39
[t=0.0328422s, 18200 KB] g=52, 1365 evaluated, 88 expanded
[t=0.033393s, 18200 KB] New best heuristic value for pinch_tracking: 38
[t=0.0334353s, 18200 KB] g=53, 1412 evaluated, 92 expanded
[t=0.0334995s, 18200 KB] New best heuristic value for pinch_tracking: 37
[t=0.0335401s, 18200 KB] g=54, 1414 evaluated, 93 expanded
[t=0.034084s, 18200 KB] New best heuristic value for pinch_tracking: 36
[t=0.0341258s, 18200 KB] g=55, 1461 evaluated, 97 expanded
[t=0.0341898s, 18200 KB] New best heuristic value for pinch_tracking: 35
[t=0.0342394s, 18200 KB] g=56, 1463 evaluated, 98 expanded
[t=0.0347858s, 18200 KB] New best heuristic value for pinch_tracking: 34
[t=0.0348289s, 18200 KB] g=57, 1511 evaluated, 102 expanded
[t=0.034901s, 18200 KB] New best heuristic value for pinch_tracking: 33
[t=0.0349415s, 18200 KB] g=58, 1513 evaluated, 103 expanded
[t=0.0354931s, 18200 KB] New best heuristic value for pinch_tracking: 32
[t=0.0355366s, 18200 KB] g=59, 1561 evaluated, 107 expanded
[t=0.0356089s, 18200 KB] New best heuristic value for pinch_tracking: 31
[t=0.0356495s, 18200 KB] g=60, 1563 evaluated, 108 expanded
[t=0.0361646s, 18200 KB] New best heuristic value for pinch_tracking: 30
[t=0.036208s, 18200 KB] g=61, 1610 evaluated, 109 expanded
[t=0.0362975s, 18200 KB] New best heuristic value for pinch_tracking: 29
[t=0.0363382s, 18200 KB] g=62, 1615 evaluated, 110 expanded
[t=0.0368363s, 18200 KB] New best heuristic value for pinch_tracking: 28
[t=0.0368787s, 18200 KB] g=63, 1659 evaluated, 112 expanded
[t=0.0369721s, 18200 KB] New best heuristic value for pinch_tracking: 27
[t=0.0370125s, 18200 KB] g=64, 1664 evaluated, 113 expanded
[t=0.0375454s, 18200 KB] New best heuristic value for pinch_tracking: 26
[t=0.0375884s, 18200 KB] g=65, 1709 evaluated, 118 expanded
[t=0.0376882s, 18200 KB] New best heuristic value for pinch_tracking: 25
[t=0.037729s, 18200 KB] g=66, 1715 evaluated, 119 expanded
[t=0.0382626s, 18200 KB] New best heuristic value for pinch_tracking: 24
[t=0.0383068s, 18200 KB] g=67, 1760 evaluated, 124 expanded
[t=0.0384083s, 18200 KB] New best heuristic value for pinch_tracking: 23
[t=0.038449s, 18200 KB] g=68, 1765 evaluated, 125 expanded
[t=0.0389751s, 18200 KB] New best heuristic value for pinch_tracking: 22
[t=0.0390183s, 18200 KB] g=69, 1810 evaluated, 129 expanded
[t=0.0391392s, 18200 KB] New best heuristic value for pinch_tracking: 21
[t=0.03918s, 18200 KB] g=70, 1818 evaluated, 130 expanded
[t=0.0396839s, 18200 KB] New best heuristic value for pinch_tracking: 20
[t=0.0397259s, 18200 KB] g=71, 1861 evaluated, 134 expanded
[t=0.0398312s, 18200 KB] New best heuristic value for pinch_tracking: 19
[t=0.0398723s, 18200 KB] g=72, 1867 evaluated, 135 expanded
[t=0.0403932s, 18200 KB] New best heuristic value for pinch_tracking: 18
[t=0.0404364s, 18200 KB] g=73, 1911 evaluated, 139 expanded
[t=0.0405318s, 18200 KB] New best heuristic value for pinch_tracking: 17
[t=0.0405724s, 18200 KB] g=74, 1916 evaluated, 140 expanded
[t=0.0411064s, 18200 KB] New best heuristic value for pinch_tracking: 16
[t=0.0411504s, 18200 KB] g=75, 1960 evaluated, 144 expanded
[t=0.0412492s, 18200 KB] New best heuristic value for pinch_tracking: 15
[t=0.0412906s, 18200 KB] g=76, 1965 evaluated, 145 expanded
[t=0.0419966s, 18200 KB] New best heuristic value for pinch_tracking: 14
[t=0.0420436s, 18200 KB] g=77, 2009 evaluated, 149 expanded
[t=0.0421489s, 18200 KB] New best heuristic value for pinch_tracking: 13
[t=0.0421902s, 18200 KB] g=78, 2014 evaluated, 150 expanded
[t=0.0427158s, 18200 KB] New best heuristic value for pinch_tracking: 12
[t=0.0427597s, 18200 KB] g=79, 2058 evaluated, 153 expanded
[t=0.0428556s, 18200 KB] New best heuristic value for pinch_tracking: 11
[t=0.0428969s, 18200 KB] g=80, 2063 evaluated, 154 expanded
[t=0.0434059s, 18200 KB] New best heuristic value for pinch_tracking: 10
[t=0.043449s, 18200 KB] g=81, 2108 evaluated, 157 expanded
[t=0.0435493s, 18200 KB] New best heuristic value for pinch_tracking: 9
[t=0.043595s, 18200 KB] g=82, 2114 evaluated, 158 expanded
[t=0.0440945s, 18200 KB] New best heuristic value for pinch_tracking: 8
[t=0.0441369s, 18200 KB] g=83, 2158 evaluated, 161 expanded
[t=0.0442381s, 18200 KB] New best heuristic value for pinch_tracking: 7
[t=0.0442789s, 18200 KB] g=84, 2163 evaluated, 162 expanded
[t=0.0447622s, 18200 KB] New best heuristic value for pinch_tracking: 6
[t=0.0448049s, 18200 KB] g=85, 2206 evaluated, 163 expanded
[t=0.0451359s, 18200 KB] New best heuristic value for pinch_tracking: 5
[t=0.0451779s, 18200 KB] g=86, 2235 evaluated, 164 expanded
[t=0.0454305s, 18200 KB] New best heuristic value for pinch_tracking: 4
[t=0.0454837s, 18200 KB] g=87, 2255 evaluated, 166 expanded
[t=0.0457621s, 18200 KB] New best heuristic value for pinch_tracking: 3
[t=0.0458029s, 18200 KB] g=88, 2278 evaluated, 167 expanded
[t=0.0461084s, 18200 KB] New best heuristic value for pinch_tracking: 2
[t=0.04615s, 18200 KB] g=89, 2304 evaluated, 168 expanded
[t=0.0466662s, 18200 KB] New best heuristic value for pinch_tracking: 1
[t=0.0467087s, 18200 KB] g=90, 2352 evaluated, 169 expanded
[t=0.0467677s, 18200 KB] New best heuristic value for pinch_tracking: 0
[t=0.0468084s, 18200 KB] g=91, 2353 evaluated, 170 expanded
[t=0.0468489s, 18200 KB] Solution found!
[t=0.0469012s, 18200 KB] Actual search time: 0.0335042s
up f0 f44 (1)
board f44 p18 (1)
down f44 f18 (1)
board f18 p12 (1)
board f18 p7 (1)
down f18 f4 (1)
board f4 p11 (1)
board f4 p8 (1)
up f4 f8 (1)
board f8 p0 (1)
board f8 p17 (1)
board f8 p23 (1)
down f8 f1 (1)
board f1 p3 (1)
up f1 f13 (1)
depart f13 p7 (1)
down f13 f5 (1)
board f5 p21 (1)
up f5 f16 (1)
board f16 p2 (1)
board f16 p22 (1)
up f16 f29 (1)
board f29 p6 (1)
up f29 f33 (1)
depart f33 p17 (1)
up f33 f35 (1)
board f35 p14 (1)
up f35 f44 (1)
depart f44 p14 (1)
down f44 f37 (1)
board f37 p4 (1)
up f37 f39 (1)
depart f39 p22 (1)
down f39 f13 (1)
depart f13 p12 (1)
down f13 f5 (1)
depart f5 p0 (1)
up f5 f14 (1)
board f14 p15 (1)
up f14 f44 (1)
depart f44 p15 (1)
down f44 f17 (1)
board f17 p16 (1)
down f17 f6 (1)
board f6 p9 (1)
up f6 f18 (1)
depart f18 p8 (1)
down f18 f7 (1)
depart f7 p2 (1)
up f7 f19 (1)
depart f19 p4 (1)
up f19 f20 (1)
depart f20 p23 (1)
up f20 f22 (1)
depart f22 p3 (1)
up f22 f23 (1)
board f23 p1 (1)
up f23 f24 (1)
board f24 p19 (1)
down f24 f1 (1)
depart f1 p19 (1)
up f1 f26 (1)
depart f26 p18 (1)
up f26 f35 (1)
depart f35 p6 (1)
up f35 f36 (1)
board f36 p5 (1)
down f36 f4 (1)
depart f4 p5 (1)
up f4 f37 (1)
depart f37 p16 (1)
up f37 f39 (1)
depart f39 p9 (1)
up f39 f42 (1)
depart f42 p21 (1)
up f42 f43 (1)
board f43 p13 (1)
down f43 f33 (1)
depart f33 p13 (1)
up f33 f44 (1)
depart f44 p1 (1)
up f44 f45 (1)
board f45 p20 (1)
down f45 f12 (1)
depart f12 p20 (1)
up f12 f46 (1)
board f46 p10 (1)
down f46 f29 (1)
depart f29 p10 (1)
up f29 f47 (1)
depart f47 p11 (1)
[t=0.046945s, 18200 KB] Plan length: 91 step(s).
[t=0.046945s, 18200 KB] Plan cost: 91
[t=0.046945s, 18200 KB] Expanded 171 state(s).
[t=0.046945s, 18200 KB] Reopened 0 state(s).
[t=0.046945s, 18200 KB] Evaluated 2353 state(s).
[t=0.046945s, 18200 KB] Evaluations: 2353
[t=0.046945s, 18200 KB] Generated 8165 state(s).
[t=0.046945s, 18200 KB] Dead ends: 0 state(s).
[t=0.046945s, 18200 KB] Number of registered states: 2353
[t=0.046945s, 18200 KB] Int hash set load factor: 2353/4096 = 0.574463
[t=0.046945s, 18200 KB] Int hash set resizes: 12
[t=0.046945s, 18200 KB] mean number of q cost that have been adjusted 0 times in relation to total number of q: -1
[t=0.046945s, 18200 KB] mean number of q cost that have been adjusted 1 times in relation to total number of q: -1
[t=0.046945s, 18200 KB] mean number of q cost that have been adjusted 2 times in relation to total number of q: -1
[t=0.046945s, 18200 KB] mean number of q that are at some point overconsitent in relation to total number of q: -1
[t=0.046945s, 18200 KB] mean number of q that are at first underconsisten in relation to total number of q: -1
[t=0.046945s, 18200 KB] mean number of state variables that are not in common between two following states in relation to total number of state variables: -1
[t=0.046945s, 18200 KB] variance number of state variables that are not in common between two following states in relation to total number of state variables: -1
[t=0.046945s, 18200 KB] Search time: 0.0339529s
[t=0.046945s, 18200 KB] Total time: 0.046945s
Solution found.
Peak memory: 18200 KB
Remove intermediate file output.sas
search exit code: 0

INFO     Running validate.
INFO     validate stdin: None
INFO     validate time limit: None
INFO     validate memory limit: None
INFO     validate command line string: validate domain.pddl problem.pddl sas_plan
