INFO     Running translator.
INFO     translator stdin: None
INFO     translator time limit: 1799.96s
INFO     translator memory limit: 3584 MB
INFO     translator command line string: /infai/weidan00/downward/experiments/bachelor/.venv/bin/python3 /infai/weidan00/downward/experiments/bachelor/data/bachelor-v1/code-7aa5f34_e5e41175/builds/release/bin/translate/translate.py domain.pddl problem.pddl --sas-file output.sas
Parsing...
Parsing: [0.000s CPU, 0.006s wall-clock]
Normalizing task... [0.000s CPU, 0.000s wall-clock]
Instantiating...
Generating Datalog program... [0.000s CPU, 0.001s wall-clock]
Normalizing Datalog program...
Normalizing Datalog program: [0.010s CPU, 0.006s wall-clock]
Preparing model... [0.000s CPU, 0.004s wall-clock]
Generated 125 rules.
Computing model... [0.330s CPU, 0.324s wall-clock]
20004 relevant atoms
4491 auxiliary atoms
24495 final queue length
86970 total queue pushes
Completing instantiation... [1.350s CPU, 1.360s wall-clock]
Instantiating: [1.700s CPU, 1.702s wall-clock]
Computing fact groups...
Finding invariants...
15 initial candidates
Finding invariants: [0.030s CPU, 0.024s wall-clock]
Checking invariant weight... [0.000s CPU, 0.002s wall-clock]
Instantiating groups... [0.010s CPU, 0.013s wall-clock]
Collecting mutex groups... [0.000s CPU, 0.000s wall-clock]
Choosing groups...
40 uncovered facts
Choosing groups: [0.000s CPU, 0.002s wall-clock]
Building translation key... [0.000s CPU, 0.001s wall-clock]
Computing fact groups: [0.050s CPU, 0.045s wall-clock]
Building STRIPS to SAS dictionary... [0.000s CPU, 0.000s wall-clock]
Building dictionary for full mutex groups... [0.000s CPU, 0.001s wall-clock]
Building mutex information...
not in strips_to_sas, left out: Atom bottomcol(c0)
not in strips_to_sas, left out: Atom bottomcol(d0)
not in strips_to_sas, left out: Atom bottomcol(h0)
not in strips_to_sas, left out: Atom bottomcol(s0)
Building mutex information: [0.000s CPU, 0.001s wall-clock]
Translating task...
Processing axioms...
Simplifying axioms... [0.000s CPU, 0.000s wall-clock]
Processing axioms: [0.050s CPU, 0.050s wall-clock]
Translating task: [1.270s CPU, 1.276s wall-clock]
8232 effect conditions simplified
0 implied preconditions added
Detecting unreachable propositions...
0 operators removed
0 axioms removed
14 propositions removed
Detecting unreachable propositions: [0.650s CPU, 0.652s wall-clock]
Reordering and filtering variables...
86 of 86 variables necessary.
82 of 162 mutex groups necessary.
19338 of 19338 operators necessary.
0 of 0 axiom rules necessary.
Reordering and filtering variables: [0.190s CPU, 0.186s wall-clock]
Translator variables: 86
Translator derived variables: 0
Translator facts: 375
Translator goal facts: 4
Translator mutex groups: 82
Translator total mutex groups size: 411
Translator operators: 19338
Translator axioms: 0
Translator task size: 158440
Translator peak memory: 258508 KB
Writing output... [0.250s CPU, 0.266s wall-clock]
Done! [4.160s CPU, 4.191s wall-clock]
translate exit code: 0

INFO     Running search (release).
INFO     search stdin: output.sas
INFO     search time limit: 1795.71s
INFO     search memory limit: 3584 MB
INFO     search command line string: /infai/weidan00/downward/experiments/bachelor/data/bachelor-v1/code-7aa5f34_e5e41175/builds/release/bin/downward --search 'eager_wastar([add()], w=2)' --internal-plan-file sas_plan < output.sas
[t=5.7246e-05s, 17204 KB] reading input...
[t=0.12576s, 23784 KB] done reading input!
[t=0.137485s, 28896 KB] Simplifying 71996 unary operators... done! [71996 unary operators]
[t=0.248304s, 35428 KB] time to simplify: 0.11092s
[t=0.251869s, 35428 KB] Initializing additive heuristic...
[t=0.252081s, 35428 KB] Building successor generator...done!
[t=0.260507s, 35428 KB] peak memory difference for successor generator creation: 0 KB
[t=0.260548s, 35428 KB] time for successor generation creation: 0.00827046s
[t=0.260766s, 35428 KB] Variables: 86
[t=0.260835s, 35428 KB] FactPairs: 375
[t=0.260875s, 35428 KB] Bytes per state: 24
[t=0.261018s, 35428 KB] Conducting best first search with reopening closed nodes, (real) bound = 2147483647
[t=0.26229s, 35428 KB] New best heuristic value for add: 124
[t=0.26235s, 35428 KB] g=0, 1 evaluated, 0 expanded
[t=0.262396s, 35428 KB] Initial heuristic value for add: 124
[t=0.262434s, 35428 KB] pruning method: none
[t=0.263308s, 35428 KB] New best heuristic value for add: 118
[t=0.26336s, 35428 KB] g=1, 2 evaluated, 1 expanded
[t=0.270884s, 35428 KB] New best heuristic value for add: 115
[t=0.270962s, 35428 KB] g=2, 11 evaluated, 2 expanded
[t=0.272669s, 35428 KB] New best heuristic value for add: 114
[t=0.27273s, 35428 KB] g=2, 13 evaluated, 2 expanded
[t=0.273551s, 35428 KB] New best heuristic value for add: 113
[t=0.273603s, 35428 KB] g=2, 14 evaluated, 2 expanded
[t=0.277699s, 35428 KB] New best heuristic value for add: 110
[t=0.277764s, 35428 KB] g=3, 19 evaluated, 3 expanded
[t=0.279419s, 35428 KB] New best heuristic value for add: 109
[t=0.279476s, 35428 KB] g=3, 21 evaluated, 3 expanded
[t=0.280279s, 35428 KB] New best heuristic value for add: 108
[t=0.280331s, 35428 KB] g=3, 22 evaluated, 3 expanded
[t=0.28591s, 35428 KB] New best heuristic value for add: 105
[t=0.285974s, 35428 KB] g=4, 29 evaluated, 4 expanded
[t=0.287598s, 35428 KB] New best heuristic value for add: 104
[t=0.287653s, 35428 KB] g=4, 31 evaluated, 4 expanded
[t=0.292411s, 35428 KB] New best heuristic value for add: 103
[t=0.29247s, 35428 KB] g=4, 37 evaluated, 4 expanded
[t=0.293335s, 35428 KB] New best heuristic value for add: 100
[t=0.293388s, 35428 KB] g=5, 38 evaluated, 5 expanded
[t=0.295775s, 35428 KB] New best heuristic value for add: 99
[t=0.295833s, 35428 KB] g=5, 41 evaluated, 5 expanded
[t=0.300501s, 35428 KB] New best heuristic value for add: 95
[t=0.300564s, 35428 KB] g=6, 47 evaluated, 6 expanded
[t=0.314172s, 35428 KB] New best heuristic value for add: 94
[t=0.314259s, 35428 KB] g=8, 66 evaluated, 8 expanded
[t=0.404135s, 35428 KB] New best heuristic value for add: 93
[t=0.404237s, 35428 KB] g=9, 188 evaluated, 22 expanded
[t=0.481682s, 35428 KB] New best heuristic value for add: 90
[t=0.481786s, 35428 KB] g=9, 301 evaluated, 36 expanded
[t=0.493304s, 35428 KB] New best heuristic value for add: 89
[t=0.493406s, 35428 KB] g=11, 318 evaluated, 38 expanded
[t=0.553778s, 35428 KB] New best heuristic value for add: 86
[t=0.553879s, 35428 KB] g=12, 400 evaluated, 50 expanded
[t=0.566479s, 35428 KB] New best heuristic value for add: 85
[t=0.566574s, 35428 KB] g=13, 416 evaluated, 51 expanded
[t=0.59008s, 35428 KB] New best heuristic value for add: 84
[t=0.590176s, 35428 KB] g=15, 448 evaluated, 55 expanded
[t=0.621858s, 35428 KB] New best heuristic value for add: 81
[t=0.621964s, 35428 KB] g=18, 488 evaluated, 59 expanded
[t=0.627466s, 35428 KB] New best heuristic value for add: 80
[t=0.627549s, 35428 KB] g=18, 495 evaluated, 59 expanded
[t=0.633813s, 35428 KB] New best heuristic value for add: 79
[t=0.633893s, 35428 KB] g=19, 503 evaluated, 60 expanded
[t=0.643412s, 35428 KB] New best heuristic value for add: 75
[t=0.643496s, 35428 KB] g=20, 515 evaluated, 61 expanded
[t=0.65581s, 35428 KB] New best heuristic value for add: 71
[t=0.655896s, 35428 KB] g=21, 531 evaluated, 62 expanded
[t=0.665542s, 35428 KB] New best heuristic value for add: 70
[t=0.665641s, 35428 KB] g=22, 543 evaluated, 63 expanded
[t=0.678789s, 35428 KB] New best heuristic value for add: 68
[t=0.678882s, 35428 KB] g=23, 560 evaluated, 64 expanded
[t=0.68044s, 35428 KB] New best heuristic value for add: 66
[t=0.680504s, 35428 KB] g=23, 562 evaluated, 64 expanded
[t=0.692643s, 35428 KB] New best heuristic value for add: 62
[t=0.692725s, 35428 KB] g=24, 578 evaluated, 65 expanded
[t=0.70469s, 35428 KB] New best heuristic value for add: 59
[t=0.704777s, 35428 KB] g=25, 594 evaluated, 66 expanded
[t=0.705553s, 35428 KB] New best heuristic value for add: 58
[t=0.705609s, 35428 KB] g=25, 595 evaluated, 66 expanded
[t=0.717417s, 35428 KB] New best heuristic value for add: 55
[t=0.717495s, 35428 KB] g=26, 611 evaluated, 67 expanded
[t=0.731267s, 35428 KB] New best heuristic value for add: 54
[t=0.73135s, 35428 KB] g=27, 630 evaluated, 68 expanded
[t=0.741462s, 35428 KB] New best heuristic value for add: 53
[t=0.741549s, 35428 KB] g=28, 644 evaluated, 69 expanded
[t=0.744406s, 35428 KB] New best heuristic value for add: 52
[t=0.744474s, 35428 KB] g=28, 648 evaluated, 69 expanded
[t=0.745909s, 35428 KB] New best heuristic value for add: 51
[t=0.745964s, 35428 KB] g=28, 650 evaluated, 69 expanded
[t=0.757969s, 35428 KB] New best heuristic value for add: 50
[t=0.758051s, 35428 KB] g=29, 667 evaluated, 70 expanded
[t=0.762253s, 35428 KB] New best heuristic value for add: 49
[t=0.762323s, 35428 KB] g=29, 673 evaluated, 70 expanded
[t=0.763739s, 35428 KB] New best heuristic value for add: 48
[t=0.763798s, 35428 KB] g=29, 675 evaluated, 70 expanded
[t=0.779067s, 35428 KB] New best heuristic value for add: 45
[t=0.779151s, 35428 KB] g=30, 697 evaluated, 71 expanded
[t=0.7854s, 35428 KB] New best heuristic value for add: 43
[t=0.785476s, 35428 KB] g=31, 706 evaluated, 72 expanded
[t=0.820571s, 35428 KB] New best heuristic value for add: 42
[t=0.820668s, 35428 KB] g=33, 758 evaluated, 76 expanded
[t=0.824756s, 35428 KB] New best heuristic value for add: 40
[t=0.824847s, 35428 KB] g=34, 764 evaluated, 77 expanded
[t=1.05879s, 35428 KB] New best heuristic value for add: 39
[t=1.0589s, 35428 KB] g=36, 1113 evaluated, 115 expanded
[t=1.0654s, 35428 KB] New best heuristic value for add: 36
[t=1.06549s, 35428 KB] g=37, 1123 evaluated, 116 expanded
[t=1.07214s, 35428 KB] New best heuristic value for add: 33
[t=1.07223s, 35428 KB] g=38, 1133 evaluated, 117 expanded
[t=1.08224s, 35428 KB] New best heuristic value for add: 32
[t=1.08233s, 35428 KB] g=39, 1148 evaluated, 118 expanded
[t=1.08554s, 35428 KB] New best heuristic value for add: 31
[t=1.08563s, 35428 KB] g=40, 1153 evaluated, 119 expanded
[t=1.0908s, 35428 KB] New best heuristic value for add: 30
[t=1.09088s, 35428 KB] g=40, 1161 evaluated, 119 expanded
[t=1.09213s, 35428 KB] New best heuristic value for add: 29
[t=1.09219s, 35428 KB] g=40, 1163 evaluated, 119 expanded
[t=1.09855s, 35428 KB] New best heuristic value for add: 28
[t=1.09863s, 35428 KB] g=41, 1173 evaluated, 120 expanded
[t=1.10056s, 35428 KB] New best heuristic value for add: 27
[t=1.10063s, 35428 KB] g=42, 1176 evaluated, 121 expanded
[t=1.1056s, 35428 KB] New best heuristic value for add: 26
[t=1.10568s, 35428 KB] g=42, 1184 evaluated, 121 expanded
[t=1.1186s, 35428 KB] New best heuristic value for add: 24
[t=1.11869s, 35428 KB] g=43, 1205 evaluated, 123 expanded
[t=1.1285s, 35428 KB] New best heuristic value for add: 23
[t=1.12859s, 35428 KB] g=44, 1221 evaluated, 124 expanded
[t=1.12928s, 35428 KB] New best heuristic value for add: 22
[t=1.12934s, 35428 KB] g=45, 1222 evaluated, 125 expanded
[t=1.13535s, 35428 KB] New best heuristic value for add: 21
[t=1.13543s, 35428 KB] g=45, 1232 evaluated, 125 expanded
[t=1.16913s, 35428 KB] New best heuristic value for add: 20
[t=1.16923s, 35428 KB] g=47, 1289 evaluated, 131 expanded
[t=1.17686s, 35428 KB] New best heuristic value for add: 19
[t=1.17695s, 35428 KB] g=47, 1302 evaluated, 131 expanded
[t=1.18051s, 35428 KB] New best heuristic value for add: 18
[t=1.18059s, 35428 KB] g=48, 1308 evaluated, 132 expanded
[t=1.18671s, 35428 KB] New best heuristic value for add: 17
[t=1.1868s, 35428 KB] g=49, 1319 evaluated, 133 expanded
[t=1.19313s, 35428 KB] New best heuristic value for add: 16
[t=1.19321s, 35428 KB] g=50, 1331 evaluated, 134 expanded
[t=1.19926s, 35428 KB] New best heuristic value for add: 15
[t=1.19934s, 35428 KB] g=51, 1343 evaluated, 135 expanded
[t=1.20457s, 35428 KB] New best heuristic value for add: 13
[t=1.20465s, 35428 KB] g=52, 1354 evaluated, 136 expanded
[t=1.21057s, 35428 KB] New best heuristic value for add: 12
[t=1.21065s, 35428 KB] g=53, 1366 evaluated, 137 expanded
[t=1.21554s, 35428 KB] New best heuristic value for add: 11
[t=1.21562s, 35428 KB] g=54, 1376 evaluated, 138 expanded
[t=1.21979s, 35428 KB] New best heuristic value for add: 10
[t=1.21987s, 35428 KB] g=55, 1386 evaluated, 139 expanded
[t=1.22523s, 35428 KB] New best heuristic value for add: 9
[t=1.22531s, 35428 KB] g=56, 1399 evaluated, 140 expanded
[t=1.23043s, 35428 KB] New best heuristic value for add: 8
[t=1.23051s, 35428 KB] g=57, 1412 evaluated, 141 expanded
[t=1.23485s, 35428 KB] New best heuristic value for add: 7
[t=1.23493s, 35428 KB] g=58, 1424 evaluated, 142 expanded
[t=1.23959s, 35428 KB] New best heuristic value for add: 6
[t=1.23967s, 35428 KB] g=59, 1437 evaluated, 143 expanded
[t=1.24358s, 35428 KB] New best heuristic value for add: 5
[t=1.24366s, 35428 KB] g=60, 1448 evaluated, 144 expanded
[t=1.24613s, 35428 KB] New best heuristic value for add: 4
[t=1.2462s, 35428 KB] g=61, 1455 evaluated, 145 expanded
[t=1.24924s, 35428 KB] New best heuristic value for add: 3
[t=1.24931s, 35428 KB] g=62, 1464 evaluated, 146 expanded
[t=1.2507s, 35428 KB] New best heuristic value for add: 2
[t=1.25076s, 35428 KB] g=63, 1468 evaluated, 147 expanded
[t=1.25172s, 35428 KB] New best heuristic value for add: 1
[t=1.25178s, 35428 KB] g=64, 1472 evaluated, 148 expanded
[t=1.25236s, 35428 KB] New best heuristic value for add: 0
[t=1.25241s, 35428 KB] g=65, 1475 evaluated, 149 expanded
[t=1.25261s, 35428 KB] Solution found!
[t=1.25267s, 35428 KB] Actual search time: 0.990232s
sendtohome sa h3 s n1 s0 n0 (1)
sendtofree d3 s2 n4 n3 (1)
sendtohome s2 c7 s n2 sa n1 (1)
sendtofree d8 s10 n3 n2 (1)
sendtofree h5 s3 n2 n1 (1)
sendtohome s3 s6 s n3 s2 n2 (1)
colfromfreecell h5 s6 n1 n2 (1)
sendtofree s5 da n2 n1 (1)
sendtohome da s9 d n1 d0 n0 (1)
colfromfreecell d8 s9 n1 n2 (1)
sendtofree h3 ha n2 n1 (1)
sendtohome ha s7 h n1 h0 n0 (1)
move c7 c6 d8 (1)
move h9 ca s10 (1)
sendtohome ca d5 c n1 c0 n0 (1)
move d5 d2 c6 (1)
sendtohome-b d2 d n2 da n1 n0 n1 (1)
sendtofree h9 s10 n1 n0 (1)
homefromfreecell d3 d n3 d2 n2 n0 n1 (1)
sendtofree d7 h2 n1 n0 (1)
sendtohome h2 h8 h n2 ha n1 (1)
homefromfreecell h3 h n3 h2 n2 n0 n1 (1)
sendtofree s10 h4 n1 n0 (1)
sendtohome h4 s4 h n4 h3 n3 (1)
sendtohome h5 s6 h n5 h4 n4 (1)
sendtohome s4 d6 s n4 s3 n3 (1)
homefromfreecell s5 s n5 s4 n4 n0 n1 (1)
sendtohome s6 s8 s n6 s5 n5 (1)
sendtofree d5 c6 n1 n0 (1)
sendtohome s7 d10 s n7 s6 n6 (1)
sendtohome s8 c4 s n8 s7 n7 (1)
newcolfromfreecell d7 n1 n0 n0 n1 (1)
move c6 h6 d7 (1)
sendtohome h6 c3 h n6 h5 n5 (1)
colfromfreecell d5 c6 n1 n2 (1)
sendtofree h10 h7 n2 n1 (1)
sendtohome h7 c10 h n7 h6 n6 (1)
sendtohome h8 c9 h n8 h7 n7 (1)
homefromfreecell h9 h n9 h8 n8 n1 n2 (1)
sendtofree c7 d8 n2 n1 (1)
homefromfreecell h10 h n10 h9 n9 n1 n2 (1)
sendtofree d8 s9 n2 n1 (1)
sendtohome s9 d9 s n9 s8 n8 (1)
homefromfreecell s10 s n10 s9 n9 n1 n2 (1)
sendtofree d6 c2 n2 n1 (1)
sendtohome-b c2 c n2 ca n1 n0 n1 (1)
sendtofree d5 c6 n1 n0 (1)
sendtohome-b c3 c n3 c2 n2 n1 n2 (1)
sendtohome-b c4 c n4 c3 n3 n2 n3 (1)
sendtonewcol c9 c5 n3 n2 (1)
sendtohome-b c5 c n5 c4 n4 n2 n3 (1)
sendtohome c6 d7 c n6 c5 n5 (1)
sendtonewcol d10 d4 n3 n2 (1)
sendtohome-b d4 d n4 d3 n3 n2 n3 (1)
homefromfreecell d5 d n5 d4 n4 n0 n1 (1)
sendtofree c10 c8 n1 n0 (1)
homefromfreecell d6 d n6 d5 n5 n0 n1 (1)
sendtohome-b d7 d n7 d6 n6 n3 n4 (1)
homefromfreecell d8 d n8 d7 n7 n1 n2 (1)
sendtohome-b d9 d n9 d8 n8 n4 n5 (1)
sendtohome-b d10 d n10 d9 n9 n5 n6 (1)
homefromfreecell c7 c n7 c6 n6 n2 n3 (1)
sendtohome-b c8 c n8 c7 n7 n6 n7 (1)
sendtohome-b c9 c n9 c8 n8 n7 n8 (1)
homefromfreecell c10 c n10 c9 n9 n3 n4 (1)
[t=1.25271s, 35428 KB] Plan length: 65 step(s).
[t=1.25271s, 35428 KB] Plan cost: 65
[t=1.25271s, 35428 KB] Expanded 150 state(s).
[t=1.25271s, 35428 KB] Reopened 0 state(s).
[t=1.25271s, 35428 KB] Evaluated 1476 state(s).
[t=1.25271s, 35428 KB] Evaluations: 1476
[t=1.25271s, 35428 KB] Generated 1730 state(s).
[t=1.25271s, 35428 KB] Dead ends: 53 state(s).
[t=1.25271s, 35428 KB] Number of registered states: 1476
[t=1.25271s, 35428 KB] Int hash set load factor: 1476/2048 = 0.720703
[t=1.25271s, 35428 KB] Int hash set resizes: 11
[t=1.25271s, 35428 KB] mean number of q cost that have been adjusted 0 times in relation to total number of q: -1
[t=1.25271s, 35428 KB] mean number of q cost that have been adjusted 1 times in relation to total number of q: -1
[t=1.25271s, 35428 KB] mean number of q cost that have been adjusted 2 times in relation to total number of q: -1
[t=1.25271s, 35428 KB] mean number of q that are at some point overconsitent in relation to total number of q: -1
[t=1.25271s, 35428 KB] mean number of q that are at first underconsisten in relation to total number of q: -1
[t=1.25271s, 35428 KB] mean number of state variables that are not in common between two following states in relation to total number of state variables: -1
[t=1.25271s, 35428 KB] variance number of state variables that are not in common between two following states in relation to total number of state variables: -1
[t=1.25271s, 35428 KB] Search time: 0.991693s
[t=1.25271s, 35428 KB] Total time: 1.25271s
Solution found.
Peak memory: 35428 KB
Remove intermediate file output.sas
search exit code: 0

INFO     Running validate.
INFO     validate stdin: None
INFO     validate time limit: None
INFO     validate memory limit: None
INFO     validate command line string: validate domain.pddl problem.pddl sas_plan
