INFO     Running translator.
INFO     translator stdin: None
INFO     translator time limit: 1799.95s
INFO     translator memory limit: 3584 MB
INFO     translator command line string: /infai/weidan00/downward/experiments/bachelor/.venv/bin/python3 /infai/weidan00/downward/experiments/bachelor/data/bachelor-v1/code-7aa5f34_e5e41175/builds/release/bin/translate/translate.py domain.pddl problem.pddl --sas-file output.sas
Parsing...
Parsing: [0.010s CPU, 0.004s wall-clock]
Normalizing task... [0.000s CPU, 0.000s wall-clock]
Instantiating...
Generating Datalog program... [0.000s CPU, 0.001s wall-clock]
Normalizing Datalog program...
Normalizing Datalog program: [0.000s CPU, 0.004s wall-clock]
Preparing model... [0.000s CPU, 0.002s wall-clock]
Generated 55 rules.
Computing model... [0.090s CPU, 0.086s wall-clock]
5526 relevant atoms
1942 auxiliary atoms
7468 final queue length
17614 total queue pushes
Completing instantiation... [0.260s CPU, 0.260s wall-clock]
Instantiating: [0.350s CPU, 0.355s wall-clock]
Computing fact groups...
Finding invariants...
12 initial candidates
Finding invariants: [0.010s CPU, 0.009s wall-clock]
Checking invariant weight... [0.000s CPU, 0.000s wall-clock]
Instantiating groups... [0.000s CPU, 0.002s wall-clock]
Collecting mutex groups... [0.000s CPU, 0.000s wall-clock]
Choosing groups...
0 uncovered facts
Choosing groups: [0.000s CPU, 0.001s wall-clock]
Building translation key... [0.000s CPU, 0.000s wall-clock]
Computing fact groups: [0.010s CPU, 0.013s wall-clock]
Building STRIPS to SAS dictionary... [0.000s CPU, 0.000s wall-clock]
Building dictionary for full mutex groups... [0.000s CPU, 0.000s wall-clock]
Building mutex information...
Building mutex information: [0.000s CPU, 0.000s wall-clock]
Translating task...
Processing axioms...
Simplifying axioms... [0.000s CPU, 0.000s wall-clock]
Processing axioms: [0.010s CPU, 0.010s wall-clock]
Translating task: [0.220s CPU, 0.216s wall-clock]
0 effect conditions simplified
0 implied preconditions added
Detecting unreachable propositions...
0 operators removed
0 axioms removed
26 propositions removed
Detecting unreachable propositions: [0.090s CPU, 0.096s wall-clock]
Reordering and filtering variables...
26 of 26 variables necessary.
0 of 26 mutex groups necessary.
4930 of 4930 operators necessary.
0 of 0 axiom rules necessary.
Reordering and filtering variables: [0.030s CPU, 0.028s wall-clock]
Translator variables: 26
Translator derived variables: 0
Translator facts: 220
Translator goal facts: 1
Translator mutex groups: 0
Translator total mutex groups size: 0
Translator operators: 4930
Translator axioms: 0
Translator task size: 26337
Translator peak memory: 164300 KB
Writing output... [0.040s CPU, 0.054s wall-clock]
Done! [0.760s CPU, 0.778s wall-clock]
translate exit code: 0

INFO     Running search (release).
INFO     search stdin: output.sas
INFO     search time limit: 1799.13s
INFO     search memory limit: 3584 MB
INFO     search command line string: /infai/weidan00/downward/experiments/bachelor/data/bachelor-v1/code-7aa5f34_e5e41175/builds/release/bin/downward --search 'eager_wastar([pinch()], w=2)' --internal-plan-file sas_plan < output.sas
[t=7.5826e-05s, 17204 KB] reading input...
[t=0.0306569s, 18732 KB] done reading input!
[t=0.0342477s, 19620 KB] Simplifying 9860 unary operators... done! [9310 unary operators]
[t=0.0409622s, 20484 KB] time to simplify: 0.00681179s
[t=0.0415477s, 20484 KB] Initializing pinch heuristic...
[t=0.0417288s, 20484 KB] Building successor generator...done!
[t=0.0442914s, 20484 KB] peak memory difference for successor generator creation: 0 KB
[t=0.0443383s, 20484 KB] time for successor generation creation: 0.00235451s
[t=0.0444318s, 20484 KB] Variables: 26
[t=0.0444719s, 20484 KB] FactPairs: 220
[t=0.0445108s, 20484 KB] Bytes per state: 12
[t=0.0446687s, 20484 KB] Conducting best first search with reopening closed nodes, (real) bound = 2147483647
[t=0.0456137s, 20484 KB] New best heuristic value for pinch: 6
[t=0.045668s, 20484 KB] g=0, 1 evaluated, 0 expanded
[t=0.0457251s, 20484 KB] Initial heuristic value for pinch: 6
[t=0.045766s, 20484 KB] pruning method: none
[t=0.0467044s, 20484 KB] New best heuristic value for pinch: 5
[t=0.0467567s, 20484 KB] g=1, 8 evaluated, 1 expanded
[t=0.0564348s, 20484 KB] New best heuristic value for pinch: 4
[t=0.0565154s, 20484 KB] g=2, 73 evaluated, 2 expanded
[t=0.0666329s, 20484 KB] New best heuristic value for pinch: 3
[t=0.0667128s, 20484 KB] g=3, 142 evaluated, 3 expanded
[t=0.0774108s, 20484 KB] New best heuristic value for pinch: 2
[t=0.0774937s, 20484 KB] g=4, 216 evaluated, 4 expanded
[t=0.0881232s, 20484 KB] New best heuristic value for pinch: 1
[t=0.0882185s, 20484 KB] g=5, 288 evaluated, 5 expanded
[t=0.0995813s, 20484 KB] New best heuristic value for pinch: 0
[t=0.0996664s, 20484 KB] g=6, 362 evaluated, 6 expanded
[t=0.109785s, 20484 KB] Solution found!
[t=0.109872s, 20484 KB] Actual search time: 0.0641055s
overcome boils entertainment haroset earth neptune (1)
feast entertainment haroset endive oregon bavaria (1)
feast entertainment endive pistachio moravia kentucky (1)
feast entertainment pistachio turkey moravia kentucky (1)
feast entertainment turkey papaya manitoba oregon (1)
succumb boils entertainment papaya earth neptune (1)
[t=0.109923s, 20484 KB] Plan length: 6 step(s).
[t=0.109923s, 20484 KB] Plan cost: 6
[t=0.109923s, 20484 KB] Expanded 7 state(s).
[t=0.109923s, 20484 KB] Reopened 0 state(s).
[t=0.109923s, 20484 KB] Evaluated 429 state(s).
[t=0.109923s, 20484 KB] Evaluations: 429
[t=0.109923s, 20484 KB] Generated 429 state(s).
[t=0.109923s, 20484 KB] Dead ends: 0 state(s).
[t=0.109923s, 20484 KB] Number of registered states: 429
[t=0.109923s, 20484 KB] Int hash set load factor: 429/512 = 0.837891
[t=0.109923s, 20484 KB] Int hash set resizes: 9
[t=0.109923s, 20484 KB] mean number of q cost that have been adjusted 0 times in relation to total number of q: -1
[t=0.109923s, 20484 KB] mean number of q cost that have been adjusted 1 times in relation to total number of q: -1
[t=0.109923s, 20484 KB] mean number of q cost that have been adjusted 2 times in relation to total number of q: -1
[t=0.109923s, 20484 KB] mean number of q that are at some point overconsitent in relation to total number of q: -1
[t=0.109923s, 20484 KB] mean number of q that are at first underconsisten in relation to total number of q: -1
[t=0.109923s, 20484 KB] mean number of state variables that are not in common between two following states in relation to total number of state variables: -1
[t=0.109923s, 20484 KB] variance number of state variables that are not in common between two following states in relation to total number of state variables: -1
[t=0.109923s, 20484 KB] Search time: 0.0652557s
[t=0.109923s, 20484 KB] Total time: 0.109923s
Solution found.
Peak memory: 20484 KB
Remove intermediate file output.sas
search exit code: 0

INFO     Running validate.
INFO     validate stdin: None
INFO     validate time limit: None
INFO     validate memory limit: None
INFO     validate command line string: validate domain.pddl problem.pddl sas_plan
