INFO     Running translator.
INFO     translator stdin: None
INFO     translator time limit: 1799.96s
INFO     translator memory limit: 3584 MB
INFO     translator command line string: /infai/weidan00/downward/experiments/bachelor/.venv/bin/python3 /infai/weidan00/downward/experiments/bachelor/data/bachelor-v1/code-7aa5f34_e5e41175/builds/release/bin/translate/translate.py domain.pddl problem.pddl --sas-file output.sas
Parsing...
Parsing: [0.000s CPU, 0.003s wall-clock]
Normalizing task... [0.000s CPU, 0.000s wall-clock]
Instantiating...
Generating Datalog program... [0.000s CPU, 0.001s wall-clock]
Normalizing Datalog program...
Normalizing Datalog program: [0.000s CPU, 0.003s wall-clock]
Preparing model... [0.000s CPU, 0.002s wall-clock]
Generated 44 rules.
Computing model... [0.030s CPU, 0.024s wall-clock]
2226 relevant atoms
799 auxiliary atoms
3025 final queue length
4707 total queue pushes
Completing instantiation... [0.040s CPU, 0.051s wall-clock]
Instantiating: [0.070s CPU, 0.081s wall-clock]
Computing fact groups...
Finding invariants...
12 initial candidates
Finding invariants: [0.010s CPU, 0.002s wall-clock]
Checking invariant weight... [0.000s CPU, 0.000s wall-clock]
Instantiating groups... [0.000s CPU, 0.000s wall-clock]
Collecting mutex groups... [0.000s CPU, 0.000s wall-clock]
Choosing groups...
112 uncovered facts
Choosing groups: [0.000s CPU, 0.000s wall-clock]
Building translation key... [0.000s CPU, 0.001s wall-clock]
Computing fact groups: [0.010s CPU, 0.005s wall-clock]
Building STRIPS to SAS dictionary... [0.000s CPU, 0.000s wall-clock]
Building dictionary for full mutex groups... [0.000s CPU, 0.000s wall-clock]
Building mutex information...
Building mutex information: [0.000s CPU, 0.000s wall-clock]
Translating task...
Processing axioms...
Simplifying axioms... [0.000s CPU, 0.000s wall-clock]
Processing axioms: [0.000s CPU, 0.002s wall-clock]
Translating task: [0.040s CPU, 0.044s wall-clock]
33 effect conditions simplified
0 implied preconditions added
Detecting unreachable propositions...
0 operators removed
0 axioms removed
5 propositions removed
Detecting unreachable propositions: [0.030s CPU, 0.024s wall-clock]
Reordering and filtering variables...
43 of 117 variables necessary.
0 of 5 mutex groups necessary.
1445 of 1784 operators necessary.
0 of 0 axiom rules necessary.
Reordering and filtering variables: [0.000s CPU, 0.007s wall-clock]
Translator variables: 43
Translator derived variables: 0
Translator facts: 161
Translator goal facts: 12
Translator mutex groups: 0
Translator total mutex groups size: 0
Translator operators: 1445
Translator axioms: 0
Translator task size: 4699
Translator peak memory: 148172 KB
Writing output... [0.010s CPU, 0.015s wall-clock]
Done! [0.160s CPU, 0.182s wall-clock]
translate exit code: 0

INFO     Running search (release).
INFO     search stdin: output.sas
INFO     search time limit: 1799.73s
INFO     search memory limit: 3584 MB
INFO     search command line string: /infai/weidan00/downward/experiments/bachelor/data/bachelor-v1/code-7aa5f34_e5e41175/builds/release/bin/downward --search 'eager_wastar([pinch_tracking()], w=2)' --internal-plan-file sas_plan < output.sas
[t=5.8117e-05s, 17204 KB] reading input...
[t=0.00685595s, 17612 KB] done reading input!
[t=0.00886658s, 17876 KB] Simplifying 1478 unary operators... done! [1472 unary operators]
[t=0.00947943s, 18008 KB] time to simplify: 0.000698679s
[t=0.00966392s, 18008 KB] Initializing pinch tracking heuristic...
[t=0.00977856s, 18008 KB] Building successor generator...done!
[t=0.0101844s, 18132 KB] peak memory difference for successor generator creation: 124 KB
[t=0.0102218s, 18132 KB] time for successor generation creation: 0.000279835s
[t=0.0102712s, 18132 KB] Variables: 43
[t=0.0103088s, 18132 KB] FactPairs: 161
[t=0.010346s, 18132 KB] Bytes per state: 8
[t=0.0104485s, 18132 KB] Conducting best first search with reopening closed nodes, (real) bound = 2147483647
[t=0.0106653s, 18132 KB] New best heuristic value for pinch_tracking: 64
[t=0.0107094s, 18132 KB] g=0, 1 evaluated, 0 expanded
[t=0.0107594s, 18132 KB] Initial heuristic value for pinch_tracking: 64
[t=0.0108006s, 18132 KB] pruning method: none
[t=0.0108664s, 18132 KB] New best heuristic value for pinch_tracking: 52
[t=0.0109086s, 18132 KB] g=1, 2 evaluated, 1 expanded
[t=0.0109608s, 18132 KB] New best heuristic value for pinch_tracking: 50
[t=0.0110023s, 18132 KB] g=1, 3 evaluated, 1 expanded
[t=0.0110723s, 18132 KB] New best heuristic value for pinch_tracking: 48
[t=0.0111132s, 18132 KB] g=1, 6 evaluated, 1 expanded
[t=0.0116785s, 18132 KB] New best heuristic value for pinch_tracking: 46
[t=0.0117202s, 18132 KB] g=2, 93 evaluated, 2 expanded
[t=0.0117861s, 18132 KB] New best heuristic value for pinch_tracking: 45
[t=0.0118249s, 18132 KB] g=2, 97 evaluated, 2 expanded
[t=0.0118764s, 18132 KB] New best heuristic value for pinch_tracking: 44
[t=0.0119143s, 18132 KB] g=2, 99 evaluated, 2 expanded
[t=0.0121295s, 18132 KB] New best heuristic value for pinch_tracking: 39
[t=0.0121689s, 18132 KB] g=2, 131 evaluated, 2 expanded
[t=0.0125043s, 18132 KB] New best heuristic value for pinch_tracking: 37
[t=0.0125473s, 18132 KB] g=3, 182 evaluated, 3 expanded
[t=0.0126093s, 18132 KB] New best heuristic value for pinch_tracking: 30
[t=0.0126507s, 18132 KB] g=3, 185 evaluated, 3 expanded
[t=0.013083s, 18132 KB] New best heuristic value for pinch_tracking: 28
[t=0.0131262s, 18132 KB] g=4, 256 evaluated, 4 expanded
[t=0.0132428s, 18132 KB] New best heuristic value for pinch_tracking: 27
[t=0.0132855s, 18132 KB] g=4, 261 evaluated, 4 expanded
[t=0.0137858s, 18132 KB] New best heuristic value for pinch_tracking: 26
[t=0.0138264s, 18132 KB] g=5, 351 evaluated, 5 expanded
[t=0.0140717s, 18132 KB] New best heuristic value for pinch_tracking: 25
[t=0.0141105s, 18132 KB] g=5, 393 evaluated, 5 expanded
[t=0.0143868s, 18132 KB] New best heuristic value for pinch_tracking: 23
[t=0.0144273s, 18132 KB] g=6, 438 evaluated, 6 expanded
[t=0.0149411s, 18132 KB] New best heuristic value for pinch_tracking: 22
[t=0.0149829s, 18132 KB] g=7, 521 evaluated, 7 expanded
[t=0.0155048s, 18132 KB] New best heuristic value for pinch_tracking: 21
[t=0.0155498s, 18132 KB] g=8, 606 evaluated, 8 expanded
[t=0.0159509s, 18132 KB] New best heuristic value for pinch_tracking: 20
[t=0.0159943s, 18132 KB] g=9, 673 evaluated, 9 expanded
[t=0.0165354s, 18132 KB] New best heuristic value for pinch_tracking: 19
[t=0.0165762s, 18132 KB] g=10, 768 evaluated, 10 expanded
[t=0.0169462s, 18132 KB] New best heuristic value for pinch_tracking: 18
[t=0.0169861s, 18132 KB] g=11, 835 evaluated, 11 expanded
[t=0.0175215s, 18132 KB] New best heuristic value for pinch_tracking: 17
[t=0.0175622s, 18132 KB] g=12, 932 evaluated, 12 expanded
[t=0.017928s, 18132 KB] New best heuristic value for pinch_tracking: 16
[t=0.0179729s, 18132 KB] g=13, 998 evaluated, 13 expanded
[t=0.0186622s, 18132 KB] New best heuristic value for pinch_tracking: 15
[t=0.0187075s, 18132 KB] g=14, 1096 evaluated, 14 expanded
[t=0.01911s, 18132 KB] New best heuristic value for pinch_tracking: 14
[t=0.0191502s, 18132 KB] g=15, 1161 evaluated, 15 expanded
[t=0.0196869s, 18132 KB] New best heuristic value for pinch_tracking: 13
[t=0.0197279s, 18132 KB] g=16, 1260 evaluated, 16 expanded
[t=0.0200925s, 18132 KB] New best heuristic value for pinch_tracking: 12
[t=0.0201325s, 18132 KB] g=17, 1324 evaluated, 17 expanded
[t=0.0206875s, 18132 KB] New best heuristic value for pinch_tracking: 11
[t=0.0207282s, 18132 KB] g=18, 1428 evaluated, 18 expanded
[t=0.0210996s, 18132 KB] New best heuristic value for pinch_tracking: 10
[t=0.0211424s, 18132 KB] g=19, 1487 evaluated, 19 expanded
[t=0.0217522s, 18132 KB] New best heuristic value for pinch_tracking: 9
[t=0.0218008s, 18132 KB] g=20, 1592 evaluated, 20 expanded
[t=0.0221456s, 18132 KB] New best heuristic value for pinch_tracking: 8
[t=0.0221852s, 18132 KB] g=21, 1650 evaluated, 21 expanded
[t=0.0227669s, 18132 KB] New best heuristic value for pinch_tracking: 7
[t=0.0228075s, 18132 KB] g=22, 1759 evaluated, 22 expanded
[t=0.0231125s, 18132 KB] New best heuristic value for pinch_tracking: 6
[t=0.0231524s, 18132 KB] g=23, 1813 evaluated, 23 expanded
[t=0.0237625s, 18132 KB] New best heuristic value for pinch_tracking: 5
[t=0.0238077s, 18132 KB] g=24, 1923 evaluated, 24 expanded
[t=0.0241386s, 18132 KB] New best heuristic value for pinch_tracking: 4
[t=0.0241812s, 18132 KB] g=25, 1976 evaluated, 25 expanded
[t=0.0250745s, 18132 KB] New best heuristic value for pinch_tracking: 3
[t=0.0251217s, 18132 KB] g=26, 2093 evaluated, 26 expanded
[t=0.025426s, 18132 KB] New best heuristic value for pinch_tracking: 2
[t=0.0254692s, 18132 KB] g=27, 2140 evaluated, 27 expanded
[t=0.0261667s, 18132 KB] New best heuristic value for pinch_tracking: 1
[t=0.0262073s, 18132 KB] g=28, 2261 evaluated, 28 expanded
[t=0.0264627s, 18132 KB] New best heuristic value for pinch_tracking: 0
[t=0.0265022s, 18132 KB] g=29, 2303 evaluated, 29 expanded
[t=0.0269259s, 18132 KB] Solution found!
[t=0.0269712s, 18132 KB] Actual search time: 0.0161667s
switch_on instrument7 satellite3 (1)
turn_to satellite3 star4 groundstation3 (1)
calibrate satellite3 instrument7 star4 (1)
switch_on instrument5 satellite2 (1)
turn_to satellite2 star0 star1 (1)
calibrate satellite2 instrument5 star0 (1)
turn_to satellite4 planet9 planet10 (1)
turn_to satellite3 phenomenon13 star4 (1)
take_image satellite3 phenomenon13 instrument7 image4 (1)
turn_to satellite3 phenomenon14 phenomenon13 (1)
take_image satellite3 phenomenon14 instrument7 spectrograph1 (1)
turn_to satellite3 phenomenon8 phenomenon14 (1)
take_image satellite3 phenomenon8 instrument7 image4 (1)
turn_to satellite3 planet10 phenomenon8 (1)
take_image satellite3 planet10 instrument7 infrared3 (1)
turn_to satellite3 planet5 planet10 (1)
take_image satellite3 planet5 instrument7 image4 (1)
turn_to satellite3 star12 planet5 (1)
take_image satellite3 star12 instrument7 image4 (1)
turn_to satellite3 star15 star12 (1)
take_image satellite3 star15 instrument7 spectrograph1 (1)
turn_to satellite3 star6 star15 (1)
take_image satellite3 star6 instrument7 infrared3 (1)
turn_to satellite3 star7 star6 (1)
take_image satellite3 star7 instrument7 image4 (1)
turn_to satellite2 planet9 star0 (1)
take_image satellite2 planet9 instrument5 infrared0 (1)
turn_to satellite2 star16 planet9 (1)
take_image satellite2 star16 instrument5 image2 (1)
[t=0.0270148s, 18132 KB] Plan length: 29 step(s).
[t=0.0270148s, 18132 KB] Plan cost: 29
[t=0.0270148s, 18132 KB] Expanded 30 state(s).
[t=0.0270148s, 18132 KB] Reopened 0 state(s).
[t=0.0270148s, 18132 KB] Evaluated 2371 state(s).
[t=0.0270148s, 18132 KB] Evaluations: 2371
[t=0.0270148s, 18132 KB] Generated 2637 state(s).
[t=0.0270148s, 18132 KB] Dead ends: 0 state(s).
[t=0.0270148s, 18132 KB] Number of registered states: 2371
[t=0.0270148s, 18132 KB] Int hash set load factor: 2371/4096 = 0.578857
[t=0.0270148s, 18132 KB] Int hash set resizes: 12
[t=0.0270148s, 18132 KB] mean number of q cost that have been adjusted 0 times in relation to total number of q: -1
[t=0.0270148s, 18132 KB] mean number of q cost that have been adjusted 1 times in relation to total number of q: -1
[t=0.0270148s, 18132 KB] mean number of q cost that have been adjusted 2 times in relation to total number of q: -1
[t=0.0270148s, 18132 KB] mean number of q that are at some point overconsitent in relation to total number of q: -1
[t=0.0270148s, 18132 KB] mean number of q that are at first underconsisten in relation to total number of q: -1
[t=0.0270148s, 18132 KB] mean number of state variables that are not in common between two following states in relation to total number of state variables: -1
[t=0.0270148s, 18132 KB] variance number of state variables that are not in common between two following states in relation to total number of state variables: -1
[t=0.0270148s, 18132 KB] Search time: 0.0165668s
[t=0.0270148s, 18132 KB] Total time: 0.0270148s
Solution found.
Peak memory: 18132 KB
Remove intermediate file output.sas
search exit code: 0

INFO     Running validate.
INFO     validate stdin: None
INFO     validate time limit: None
INFO     validate memory limit: None
INFO     validate command line string: validate domain.pddl problem.pddl sas_plan
