INFO     Running translator.
INFO     translator stdin: None
INFO     translator time limit: 1799.96s
INFO     translator memory limit: 3584 MB
INFO     translator command line string: /infai/weidan00/downward/experiments/bachelor/.venv/bin/python3 /infai/weidan00/downward/experiments/bachelor/data/bachelor-v1/code-7aa5f34_e5e41175/builds/release/bin/translate/translate.py domain.pddl problem.pddl --sas-file output.sas
Parsing...
Parsing: [0.010s CPU, 0.003s wall-clock]
Normalizing task... [0.000s CPU, 0.000s wall-clock]
Instantiating...
Generating Datalog program... [0.000s CPU, 0.001s wall-clock]
Normalizing Datalog program...
Normalizing Datalog program: [0.000s CPU, 0.003s wall-clock]
Preparing model... [0.000s CPU, 0.002s wall-clock]
Generated 46 rules.
Computing model... [0.040s CPU, 0.043s wall-clock]
3114 relevant atoms
1522 auxiliary atoms
4636 final queue length
9238 total queue pushes
Completing instantiation... [0.120s CPU, 0.114s wall-clock]
Instantiating: [0.160s CPU, 0.164s wall-clock]
Computing fact groups...
Finding invariants...
12 initial candidates
Finding invariants: [0.000s CPU, 0.003s wall-clock]
Checking invariant weight... [0.000s CPU, 0.000s wall-clock]
Instantiating groups... [0.000s CPU, 0.001s wall-clock]
Collecting mutex groups... [0.000s CPU, 0.000s wall-clock]
Choosing groups...
1 uncovered facts
Choosing groups: [0.000s CPU, 0.001s wall-clock]
Building translation key... [0.000s CPU, 0.000s wall-clock]
Computing fact groups: [0.000s CPU, 0.007s wall-clock]
Building STRIPS to SAS dictionary... [0.000s CPU, 0.000s wall-clock]
Building dictionary for full mutex groups... [0.000s CPU, 0.000s wall-clock]
Building mutex information...
Building mutex information: [0.000s CPU, 0.000s wall-clock]
Translating task...
Processing axioms...
Simplifying axioms... [0.000s CPU, 0.000s wall-clock]
Processing axioms: [0.010s CPU, 0.005s wall-clock]
Translating task: [0.100s CPU, 0.095s wall-clock]
225 effect conditions simplified
0 implied preconditions added
Detecting unreachable propositions...
0 operators removed
0 axioms removed
69 propositions removed
Detecting unreachable propositions: [0.050s CPU, 0.045s wall-clock]
Reordering and filtering variables...
19 of 19 variables necessary.
1 of 19 mutex groups necessary.
2384 of 2384 operators necessary.
0 of 0 axiom rules necessary.
Reordering and filtering variables: [0.020s CPU, 0.014s wall-clock]
Translator variables: 19
Translator derived variables: 0
Translator facts: 277
Translator goal facts: 1
Translator mutex groups: 1
Translator total mutex groups size: 10
Translator operators: 2384
Translator axioms: 0
Translator task size: 14119
Translator peak memory: 153804 KB
Writing output... [0.020s CPU, 0.029s wall-clock]
Done! [0.360s CPU, 0.364s wall-clock]
translate exit code: 0

INFO     Running search (release).
INFO     search stdin: output.sas
INFO     search time limit: 1799.55s
INFO     search memory limit: 3584 MB
INFO     search command line string: /infai/weidan00/downward/experiments/bachelor/data/bachelor-v1/code-7aa5f34_e5e41175/builds/release/bin/downward --search 'eager_wastar([pinch_tracking()], w=2)' --internal-plan-file sas_plan < output.sas
[t=6.1438e-05s, 17204 KB] reading input...
[t=0.014115s, 17964 KB] done reading input!
[t=0.0166979s, 18544 KB] Simplifying 4634 unary operators... done! [2834 unary operators]
[t=0.0199429s, 18940 KB] time to simplify: 0.00340674s
[t=0.0202897s, 18940 KB] Initializing pinch tracking heuristic...
[t=0.0204215s, 18940 KB] Building successor generator...done!
[t=0.0217728s, 18940 KB] peak memory difference for successor generator creation: 0 KB
[t=0.0218144s, 18940 KB] time for successor generation creation: 0.00121853s
[t=0.0218727s, 18940 KB] Variables: 19
[t=0.0219182s, 18940 KB] FactPairs: 277
[t=0.021958s, 18940 KB] Bytes per state: 8
[t=0.0220733s, 18940 KB] Conducting best first search with reopening closed nodes, (real) bound = 2147483647
[t=0.0225096s, 18940 KB] New best heuristic value for pinch_tracking: 13
[t=0.0225562s, 18940 KB] g=0, 1 evaluated, 0 expanded
[t=0.0226049s, 18940 KB] Initial heuristic value for pinch_tracking: 13
[t=0.022646s, 18940 KB] pruning method: none
[t=0.0234237s, 18940 KB] New best heuristic value for pinch_tracking: 9
[t=0.0234721s, 18940 KB] g=2, 4 evaluated, 2 expanded
[t=0.0289654s, 18940 KB] New best heuristic value for pinch_tracking: 7
[t=0.029016s, 18940 KB] g=6, 25 evaluated, 11 expanded
[t=0.0296655s, 18940 KB] New best heuristic value for pinch_tracking: 6
[t=0.0297163s, 18940 KB] g=7, 28 evaluated, 12 expanded
[t=0.0306361s, 18940 KB] New best heuristic value for pinch_tracking: 5
[t=0.0306883s, 18940 KB] g=8, 31 evaluated, 13 expanded
[t=0.0344778s, 18940 KB] New best heuristic value for pinch_tracking: 4
[t=0.0345271s, 18940 KB] g=10, 48 evaluated, 16 expanded
[t=0.0348927s, 18940 KB] New best heuristic value for pinch_tracking: 3
[t=0.0349385s, 18940 KB] g=11, 49 evaluated, 17 expanded
[t=0.0357194s, 18940 KB] New best heuristic value for pinch_tracking: 2
[t=0.0357656s, 18940 KB] g=12, 52 evaluated, 18 expanded
[t=0.0368609s, 18940 KB] New best heuristic value for pinch_tracking: 1
[t=0.0369077s, 18940 KB] g=13, 57 evaluated, 19 expanded
[t=0.0379764s, 18940 KB] New best heuristic value for pinch_tracking: 0
[t=0.0380229s, 18940 KB] g=14, 62 evaluated, 20 expanded
[t=0.0380665s, 18940 KB] Solution found!
[t=0.0381089s, 18940 KB] Actual search time: 0.015459s
move node2-4 node1-4 (1)
move node1-4 node1-3 (1)
move node1-3 node1-2 (1)
move node1-2 node0-2 (1)
pickup node0-2 key3 (1)
move node0-2 node1-2 (1)
move node1-2 node1-3 (1)
unlock node1-3 node2-3 key3 square (1)
move node1-3 node2-3 (1)
pickup-and-loose node2-3 key0 key3 (1)
move node2-3 node1-3 (1)
move node1-3 node1-2 (1)
move node1-2 node1-1 (1)
putdown node1-1 key0 (1)
[t=0.0381522s, 18940 KB] Plan length: 14 step(s).
[t=0.0381522s, 18940 KB] Plan cost: 14
[t=0.0381522s, 18940 KB] Expanded 21 state(s).
[t=0.0381522s, 18940 KB] Reopened 0 state(s).
[t=0.0381522s, 18940 KB] Evaluated 62 state(s).
[t=0.0381522s, 18940 KB] Evaluations: 62
[t=0.0381522s, 18940 KB] Generated 84 state(s).
[t=0.0381522s, 18940 KB] Dead ends: 0 state(s).
[t=0.0381522s, 18940 KB] Number of registered states: 62
[t=0.0381522s, 18940 KB] Int hash set load factor: 62/64 = 0.96875
[t=0.0381522s, 18940 KB] Int hash set resizes: 6
[t=0.0381522s, 18940 KB] mean number of q cost that have been adjusted 0 times in relation to total number of q: -1
[t=0.0381522s, 18940 KB] mean number of q cost that have been adjusted 1 times in relation to total number of q: -1
[t=0.0381522s, 18940 KB] mean number of q cost that have been adjusted 2 times in relation to total number of q: -1
[t=0.0381522s, 18940 KB] mean number of q that are at some point overconsitent in relation to total number of q: -1
[t=0.0381522s, 18940 KB] mean number of q that are at first underconsisten in relation to total number of q: -1
[t=0.0381522s, 18940 KB] mean number of state variables that are not in common between two following states in relation to total number of state variables: -1
[t=0.0381522s, 18940 KB] variance number of state variables that are not in common between two following states in relation to total number of state variables: -1
[t=0.0381522s, 18940 KB] Search time: 0.0160796s
[t=0.0381522s, 18940 KB] Total time: 0.0381522s
Solution found.
Peak memory: 18940 KB
Remove intermediate file output.sas
search exit code: 0

INFO     Running validate.
INFO     validate stdin: None
INFO     validate time limit: None
INFO     validate memory limit: None
INFO     validate command line string: validate domain.pddl problem.pddl sas_plan
