INFO     Running translator.
INFO     translator stdin: None
INFO     translator time limit: 1799.96s
INFO     translator memory limit: 3584 MB
INFO     translator command line string: /infai/weidan00/downward/experiments/bachelor/.venv/bin/python3 /infai/weidan00/downward/experiments/bachelor/data/bachelor-v1/code-7aa5f34_e5e41175/builds/release/bin/translate/translate.py domain.pddl problem.pddl --sas-file output.sas
Parsing...
Parsing: [0.010s CPU, 0.005s wall-clock]
Normalizing task... [0.000s CPU, 0.000s wall-clock]
Instantiating...
Generating Datalog program... [0.000s CPU, 0.001s wall-clock]
Normalizing Datalog program...
Normalizing Datalog program: [0.000s CPU, 0.006s wall-clock]
Preparing model... [0.010s CPU, 0.002s wall-clock]
Generated 91 rules.
Computing model... [0.030s CPU, 0.038s wall-clock]
1355 relevant atoms
2398 auxiliary atoms
3753 final queue length
6576 total queue pushes
Completing instantiation... [0.060s CPU, 0.060s wall-clock]
Instantiating: [0.100s CPU, 0.109s wall-clock]
Computing fact groups...
Finding invariants...
18 initial candidates
Finding invariants: [0.020s CPU, 0.018s wall-clock]
Checking invariant weight... [0.000s CPU, 0.000s wall-clock]
Instantiating groups... [0.000s CPU, 0.000s wall-clock]
Collecting mutex groups... [0.000s CPU, 0.000s wall-clock]
Choosing groups...
225 uncovered facts
Choosing groups: [0.000s CPU, 0.000s wall-clock]
Building translation key... [0.000s CPU, 0.001s wall-clock]
Computing fact groups: [0.020s CPU, 0.021s wall-clock]
Building STRIPS to SAS dictionary... [0.000s CPU, 0.000s wall-clock]
Building dictionary for full mutex groups... [0.000s CPU, 0.000s wall-clock]
Building mutex information...
Building mutex information: [0.000s CPU, 0.000s wall-clock]
Translating task...
Processing axioms...
Simplifying axioms... [0.000s CPU, 0.000s wall-clock]
Processing axioms: [0.010s CPU, 0.003s wall-clock]
Translating task: [0.070s CPU, 0.066s wall-clock]
1912 effect conditions simplified
0 implied preconditions added
Detecting unreachable propositions...
0 operators removed
0 axioms removed
2 propositions removed
Detecting unreachable propositions: [0.040s CPU, 0.042s wall-clock]
Reordering and filtering variables...
227 of 227 variables necessary.
0 of 2 mutex groups necessary.
1012 of 1012 operators necessary.
0 of 0 axiom rules necessary.
Reordering and filtering variables: [0.030s CPU, 0.035s wall-clock]
Translator variables: 227
Translator derived variables: 0
Translator facts: 456
Translator goal facts: 6
Translator mutex groups: 0
Translator total mutex groups size: 0
Translator operators: 1012
Translator axioms: 0
Translator task size: 9573
Translator peak memory: 148940 KB
Writing output... [0.010s CPU, 0.020s wall-clock]
Done! [0.300s CPU, 0.302s wall-clock]
translate exit code: 0

INFO     Running search (release).
INFO     search stdin: output.sas
INFO     search time limit: 1799.6s
INFO     search memory limit: 3584 MB
INFO     search command line string: /infai/weidan00/downward/experiments/bachelor/data/bachelor-v1/code-7aa5f34_e5e41175/builds/release/bin/downward --search 'eager_wastar([pinch_tracking()], w=2)' --internal-plan-file sas_plan < output.sas
[t=6e-05s, 17204 KB] reading input...
[t=0.00957078s, 17696 KB] done reading input!
[t=0.0121515s, 18268 KB] Simplifying 4836 unary operators... done! [4836 unary operators]
[t=0.0160282s, 18664 KB] time to simplify: 0.00406965s
[t=0.0166257s, 18664 KB] Initializing pinch tracking heuristic...
[t=0.0167764s, 18664 KB] Building successor generator...done!
[t=0.0175568s, 18664 KB] peak memory difference for successor generator creation: 0 KB
[t=0.0175977s, 18664 KB] time for successor generation creation: 0.000637209s
[t=0.0176523s, 18664 KB] Variables: 227
[t=0.0176931s, 18664 KB] FactPairs: 456
[t=0.0177328s, 18664 KB] Bytes per state: 32
[t=0.017863s, 18664 KB] Conducting best first search with reopening closed nodes, (real) bound = 2147483647
[t=0.0184487s, 18664 KB] New best heuristic value for pinch_tracking: 60
[t=0.0184964s, 18664 KB] g=0, 1 evaluated, 0 expanded
[t=0.0185552s, 18664 KB] Initial heuristic value for pinch_tracking: 60
[t=0.0185973s, 18664 KB] pruning method: none
[t=0.0211397s, 18664 KB] New best heuristic value for pinch_tracking: 53
[t=0.0211961s, 18664 KB] g=2, 8 evaluated, 2 expanded
[t=0.0332725s, 18664 KB] New best heuristic value for pinch_tracking: 51
[t=0.0333399s, 18664 KB] g=4, 46 evaluated, 9 expanded
[t=0.719247s, 18824 KB] New best heuristic value for pinch_tracking: 50
[t=0.719332s, 18824 KB] g=9, 2362 evaluated, 533 expanded, 1 reopened
[t=0.729461s, 18824 KB] New best heuristic value for pinch_tracking: 44
[t=0.729544s, 18824 KB] g=10, 2401 evaluated, 539 expanded, 1 reopened
[t=0.737171s, 18824 KB] New best heuristic value for pinch_tracking: 43
[t=0.737242s, 18824 KB] g=13, 2430 evaluated, 542 expanded, 1 reopened
[t=0.953861s, 18956 KB] New best heuristic value for pinch_tracking: 42
[t=0.953967s, 18956 KB] g=18, 3187 evaluated, 712 expanded, 12 reopened
[t=0.955825s, 18956 KB] New best heuristic value for pinch_tracking: 41
[t=0.955881s, 18956 KB] g=19, 3192 evaluated, 713 expanded, 12 reopened
[t=1.01199s, 19084 KB] New best heuristic value for pinch_tracking: 40
[t=1.01207s, 19084 KB] g=23, 3352 evaluated, 762 expanded, 12 reopened
[t=1.01423s, 19084 KB] New best heuristic value for pinch_tracking: 34
[t=1.01428s, 19084 KB] g=25, 3362 evaluated, 764 expanded, 12 reopened
[t=1.45998s, 19364 KB] New best heuristic value for pinch_tracking: 32
[t=1.46008s, 19364 KB] g=28, 4799 evaluated, 1480 expanded, 263 reopened
[t=1.47188s, 19364 KB] New best heuristic value for pinch_tracking: 28
[t=1.47194s, 19364 KB] g=31, 4836 evaluated, 1485 expanded, 263 reopened
[t=1.4859s, 19364 KB] New best heuristic value for pinch_tracking: 27
[t=1.48596s, 19364 KB] g=33, 4881 evaluated, 1492 expanded, 263 reopened
[t=1.48686s, 19364 KB] New best heuristic value for pinch_tracking: 21
[t=1.48691s, 19364 KB] g=34, 4884 evaluated, 1493 expanded, 263 reopened
[t=1.48899s, 19364 KB] New best heuristic value for pinch_tracking: 19
[t=1.48904s, 19364 KB] g=35, 4892 evaluated, 1494 expanded, 263 reopened
[t=1.49057s, 19364 KB] New best heuristic value for pinch_tracking: 15
[t=1.49062s, 19364 KB] g=37, 4896 evaluated, 1496 expanded, 263 reopened
[t=1.49628s, 19364 KB] New best heuristic value for pinch_tracking: 14
[t=1.49633s, 19364 KB] g=39, 4912 evaluated, 1498 expanded, 263 reopened
[t=1.51609s, 19364 KB] New best heuristic value for pinch_tracking: 12
[t=1.51615s, 19364 KB] g=44, 4970 evaluated, 1510 expanded, 263 reopened
[t=1.52934s, 19364 KB] New best heuristic value for pinch_tracking: 10
[t=1.52943s, 19364 KB] g=46, 5012 evaluated, 1519 expanded, 263 reopened
[t=1.6848s, 19364 KB] New best heuristic value for pinch_tracking: 9
[t=1.6849s, 19364 KB] g=50, 5450 evaluated, 1651 expanded, 263 reopened
[t=1.82176s, 19364 KB] New best heuristic value for pinch_tracking: 8
[t=1.82185s, 19364 KB] g=50, 5865 evaluated, 1787 expanded, 265 reopened
[t=1.82991s, 19364 KB] New best heuristic value for pinch_tracking: 7
[t=1.82997s, 19364 KB] g=51, 5890 evaluated, 1796 expanded, 265 reopened
[t=1.83154s, 19364 KB] New best heuristic value for pinch_tracking: 6
[t=1.83159s, 19364 KB] g=52, 5895 evaluated, 1797 expanded, 265 reopened
[t=1.83216s, 19364 KB] New best heuristic value for pinch_tracking: 5
[t=1.8322s, 19364 KB] g=53, 5897 evaluated, 1798 expanded, 265 reopened
[t=1.83681s, 19364 KB] New best heuristic value for pinch_tracking: 4
[t=1.83686s, 19364 KB] g=56, 5908 evaluated, 1802 expanded, 265 reopened
[t=1.92234s, 19364 KB] New best heuristic value for pinch_tracking: 2
[t=1.92244s, 19364 KB] g=53, 6145 evaluated, 1899 expanded, 265 reopened
[t=1.94264s, 19364 KB] New best heuristic value for pinch_tracking: 1
[t=1.94271s, 19364 KB] g=57, 6198 evaluated, 1917 expanded, 265 reopened
[t=1.9444s, 19496 KB] New best heuristic value for pinch_tracking: 0
[t=1.94445s, 19496 KB] g=58, 6202 evaluated, 1918 expanded, 265 reopened
[t=1.94506s, 19496 KB] Solution found!
[t=1.94511s, 19496 KB] Actual search time: 1.92651s
pop-start s13 b4 a1 a3 b7 oca1 lco (1)
pop-end s13 a1 a3 b12 b7 (1)
pop-start s13 b6 a1 a3 b4 lco oca1 (1)
pop-end s13 a1 a3 b7 b4 (1)
push-start s12 b8 a1 a2 b10 rat-a rat-a (1)
push-end s12 a1 a2 b1 b10 (1)
push-start s12 b7 a1 a2 b8 lco rat-a (1)
push-end s12 a1 a2 b10 b8 (1)
push-start s12 b2 a1 a2 b7 oca1 lco (1)
push-end s12 a1 a2 b8 b7 (1)
pop-start s12 b1 a1 a2 b7 oca1 lco (1)
pop-end s12 a1 a2 b2 b7 (1)
pop-start s12 b11 a1 a2 b1 oc1b oca1 (1)
pop-end s12 a1 a2 b7 b1 (1)
push-start s12 b2 a1 a2 b1 oca1 oca1 (1)
push-end s12 a1 a2 b11 b1 (1)
push-start s12 b7 a1 a2 b2 lco oca1 (1)
push-end s12 a1 a2 b1 b2 (1)
push-start s12 b12 a1 a2 b7 rat-a lco (1)
push-end s12 a1 a2 b2 b7 (1)
pop-start s12 b3 a1 a2 b7 rat-a lco (1)
pop-end s12 a1 a2 b12 b7 (1)
pop-start s12 b0 a1 a2 b3 rat-a rat-a (1)
pop-end s12 a1 a2 b7 b3 (1)
pop-start s12 b10 a1 a2 b0 rat-a rat-a (1)
pop-end s12 a1 a2 b3 b0 (1)
push-start s12 b7 a1 a2 b0 lco rat-a (1)
push-end s12 a1 a2 b10 b0 (1)
pop-start s13 b13 a1 a3 b6 rat-a lco (1)
pop-end s13 a1 a3 b4 b6 (1)
push-start s13 b3 a1 a3 b6 rat-a lco (1)
push-start s12 b4 a1 a2 b7 oca1 lco (1)
push-end s12 a1 a2 b0 b7 (1)
pop-start s12 b1 a1 a2 b7 oca1 lco (1)
push-end s13 a1 a3 b13 b6 (1)
pop-end s12 a1 a2 b4 b7 (1)
pop-start s12 b11 a1 a2 b1 oc1b oca1 (1)
pop-end s12 a1 a2 b7 b1 (1)
push-start s13 b7 a1 a3 b3 lco rat-a (1)
push-end s13 a1 a3 b6 b3 (1)
push-start s13 b4 a1 a3 b7 oca1 lco (1)
push-end s13 a1 a3 b3 b7 (1)
pop-start s13 b6 a1 a3 b7 lco lco (1)
pop-end s13 a1 a3 b4 b7 (1)
pop-start s13 b13 a1 a3 b6 rat-a lco (1)
pop-end s13 a1 a3 b7 b6 (1)
pop-start s12 b2 a1 a2 b11 oca1 oc1b (1)
pop-end s12 a1 a2 b1 b11 (1)
push-start s13 b1 a1 a3 b6 oca1 lco (1)
push-start s12 b4 a1 a2 b11 oca1 oc1b (1)
push-end s12 a1 a2 b2 b11 (1)
push-end s13 a1 a3 b13 b6 (1)
push-start s13 b9 a1 a3 b1 oc1b oca1 (1)
push-end s13 a1 a3 b6 b1 (1)
push-start s13 b7 a1 a3 b9 lco oc1b (1)
push-end s13 a1 a3 b1 b9 (1)
pop-start s13 b6 a1 a3 b9 lco oc1b (1)
pop-end s13 a1 a3 b7 b9 (1)
[t=1.94516s, 19496 KB] Plan length: 58 step(s).
[t=1.94516s, 19496 KB] Plan cost: 58
[t=1.94516s, 19496 KB] Expanded 1919 state(s).
[t=1.94516s, 19496 KB] Reopened 265 state(s).
[t=1.94516s, 19496 KB] Evaluated 6203 state(s).
[t=1.94516s, 19496 KB] Evaluations: 6203
[t=1.94516s, 19496 KB] Generated 9020 state(s).
[t=1.94516s, 19496 KB] Dead ends: 0 state(s).
[t=1.94516s, 19496 KB] Number of registered states: 6203
[t=1.94516s, 19496 KB] Int hash set load factor: 6203/8192 = 0.757202
[t=1.94516s, 19496 KB] Int hash set resizes: 13
[t=1.94516s, 19496 KB] mean number of q cost that have been adjusted 0 times in relation to total number of q: -1
[t=1.94516s, 19496 KB] mean number of q cost that have been adjusted 1 times in relation to total number of q: -1
[t=1.94516s, 19496 KB] mean number of q cost that have been adjusted 2 times in relation to total number of q: -1
[t=1.94516s, 19496 KB] mean number of q that are at some point overconsitent in relation to total number of q: -1
[t=1.94516s, 19496 KB] mean number of q that are at first underconsisten in relation to total number of q: -1
[t=1.94516s, 19496 KB] mean number of state variables that are not in common between two following states in relation to total number of state variables: -1
[t=1.94516s, 19496 KB] variance number of state variables that are not in common between two following states in relation to total number of state variables: -1
[t=1.94516s, 19496 KB] Search time: 1.92729s
[t=1.94516s, 19496 KB] Total time: 1.94516s
Solution found.
Peak memory: 19496 KB
Remove intermediate file output.sas
search exit code: 0

INFO     Running validate.
INFO     validate stdin: None
INFO     validate time limit: None
INFO     validate memory limit: None
INFO     validate command line string: validate domain.pddl problem.pddl sas_plan
