INFO     Running translator.
INFO     translator stdin: None
INFO     translator time limit: 1799.92s
INFO     translator memory limit: 3584 MB
INFO     translator command line string: /infai/weidan00/downward/experiments/bachelor/.venv/bin/python3 /infai/weidan00/downward/experiments/bachelor/data/bachelor-v1/code-7aa5f34_e5e41175/builds/release/bin/translate/translate.py domain.pddl problem.pddl --sas-file output.sas
Parsing...
Parsing: [0.000s CPU, 0.004s wall-clock]
Normalizing task... [0.000s CPU, 0.000s wall-clock]
Instantiating...
Generating Datalog program... [0.000s CPU, 0.001s wall-clock]
Normalizing Datalog program...
Normalizing Datalog program: [0.010s CPU, 0.006s wall-clock]
Preparing model... [0.000s CPU, 0.003s wall-clock]
Generated 45 rules.
Computing model... [0.020s CPU, 0.023s wall-clock]
415 relevant atoms
972 auxiliary atoms
1387 final queue length
1702 total queue pushes
Completing instantiation... [0.020s CPU, 0.018s wall-clock]
Instantiating: [0.050s CPU, 0.053s wall-clock]
Computing fact groups...
Finding invariants...
18 initial candidates
Finding invariants: [0.010s CPU, 0.010s wall-clock]
Checking invariant weight... [0.000s CPU, 0.001s wall-clock]
Instantiating groups... [0.010s CPU, 0.003s wall-clock]
Collecting mutex groups... [0.000s CPU, 0.000s wall-clock]
Choosing groups...
14 uncovered facts
Choosing groups: [0.000s CPU, 0.001s wall-clock]
Building translation key... [0.000s CPU, 0.001s wall-clock]
Computing fact groups: [0.020s CPU, 0.017s wall-clock]
Building STRIPS to SAS dictionary... [0.000s CPU, 0.000s wall-clock]
Building dictionary for full mutex groups... [0.000s CPU, 0.000s wall-clock]
Building mutex information...
Building mutex information: [0.000s CPU, 0.000s wall-clock]
Translating task...
Processing axioms...
Simplifying axioms... [0.000s CPU, 0.000s wall-clock]
Processing axioms: [0.000s CPU, 0.001s wall-clock]
Translating task: [0.020s CPU, 0.015s wall-clock]
0 effect conditions simplified
0 implied preconditions added
Detecting unreachable propositions...
0 operators removed
0 axioms removed
72 propositions removed
Detecting unreachable propositions: [0.000s CPU, 0.009s wall-clock]
Reordering and filtering variables...
44 of 44 variables necessary.
0 of 44 mutex groups necessary.
204 of 204 operators necessary.
0 of 0 axiom rules necessary.
Reordering and filtering variables: [0.010s CPU, 0.004s wall-clock]
Translator variables: 44
Translator derived variables: 0
Translator facts: 129
Translator goal facts: 8
Translator mutex groups: 0
Translator total mutex groups size: 0
Translator operators: 204
Translator axioms: 0
Translator task size: 1381
Translator peak memory: 143564 KB
Writing output... [0.000s CPU, 0.008s wall-clock]
Done! [0.100s CPU, 0.114s wall-clock]
translate exit code: 0

INFO     Running search (release).
INFO     search stdin: output.sas
INFO     search time limit: 1799.71s
INFO     search memory limit: 3584 MB
INFO     search command line string: /infai/weidan00/downward/experiments/bachelor/data/bachelor-v1/code-7aa5f34_e5e41175/builds/release/bin/downward --search 'eager_wastar([pinch_tracking()], w=2)' --internal-plan-file sas_plan < output.sas
[t=8.6929e-05s, 17204 KB] reading input...
[t=0.00340668s, 17344 KB] done reading input!
[t=0.0063078s, 17596 KB] Simplifying 400 unary operators... done! [400 unary operators]
[t=0.00693402s, 17596 KB] time to simplify: 0.000736573s
[t=0.00715763s, 17596 KB] Initializing pinch tracking heuristic...
[t=0.00735572s, 17596 KB] Building successor generator...done!
[t=0.0078046s, 17596 KB] peak memory difference for successor generator creation: 0 KB
[t=0.00786484s, 17596 KB] time for successor generation creation: 0.000235748s
[t=0.00793771s, 17596 KB] Variables: 44
[t=0.00800162s, 17596 KB] FactPairs: 129
[t=0.00806382s, 17596 KB] Bytes per state: 12
[t=0.00828777s, 17596 KB] Conducting best first search with reopening closed nodes, (real) bound = 2147483647
[t=0.00854589s, 17596 KB] New best heuristic value for pinch_tracking: 82
[t=0.0086144s, 17596 KB] g=0, 1 evaluated, 0 expanded
[t=0.00869786s, 17596 KB] Initial heuristic value for pinch_tracking: 82
[t=0.00876228s, 17596 KB] pruning method: none
[t=0.0088988s, 17596 KB] New best heuristic value for pinch_tracking: 70
[t=0.00896408s, 17596 KB] g=1, 2 evaluated, 1 expanded
[t=0.00914712s, 17596 KB] New best heuristic value for pinch_tracking: 60
[t=0.00922638s, 17596 KB] g=2, 4 evaluated, 2 expanded
[t=0.00947164s, 17596 KB] New best heuristic value for pinch_tracking: 59
[t=0.00954285s, 17596 KB] g=3, 7 evaluated, 3 expanded
[t=0.00963271s, 17596 KB] New best heuristic value for pinch_tracking: 58
[t=0.00969753s, 17596 KB] g=3, 8 evaluated, 3 expanded
[t=0.0100201s, 17596 KB] New best heuristic value for pinch_tracking: 57
[t=0.0100937s, 17596 KB] g=4, 17 evaluated, 4 expanded
[t=0.0101907s, 17596 KB] New best heuristic value for pinch_tracking: 56
[t=0.0102575s, 17596 KB] g=4, 18 evaluated, 4 expanded
[t=0.0106085s, 17596 KB] New best heuristic value for pinch_tracking: 55
[t=0.0106832s, 17596 KB] g=5, 28 evaluated, 5 expanded
[t=0.0108082s, 17596 KB] New best heuristic value for pinch_tracking: 54
[t=0.0108745s, 17596 KB] g=5, 31 evaluated, 5 expanded
[t=0.0111529s, 17596 KB] New best heuristic value for pinch_tracking: 53
[t=0.0112293s, 17596 KB] g=6, 38 evaluated, 6 expanded
[t=0.0113587s, 17596 KB] New best heuristic value for pinch_tracking: 52
[t=0.0114251s, 17596 KB] g=6, 41 evaluated, 6 expanded
[t=0.0117424s, 17596 KB] New best heuristic value for pinch_tracking: 51
[t=0.0118165s, 17596 KB] g=7, 49 evaluated, 7 expanded
[t=0.0119552s, 17596 KB] New best heuristic value for pinch_tracking: 50
[t=0.0120212s, 17596 KB] g=7, 53 evaluated, 7 expanded
[t=0.0123114s, 17596 KB] New best heuristic value for pinch_tracking: 49
[t=0.0123847s, 17596 KB] g=8, 59 evaluated, 8 expanded
[t=0.0125202s, 17596 KB] New best heuristic value for pinch_tracking: 48
[t=0.0125756s, 17596 KB] g=8, 63 evaluated, 8 expanded
[t=0.0128261s, 17596 KB] New best heuristic value for pinch_tracking: 46
[t=0.012899s, 17596 KB] g=9, 69 evaluated, 9 expanded
[t=0.0132991s, 17596 KB] New best heuristic value for pinch_tracking: 45
[t=0.0133747s, 17596 KB] g=10, 80 evaluated, 10 expanded
[t=0.0135582s, 17596 KB] New best heuristic value for pinch_tracking: 44
[t=0.0136335s, 17596 KB] g=11, 82 evaluated, 11 expanded
[t=0.0139664s, 17596 KB] New best heuristic value for pinch_tracking: 39
[t=0.0140405s, 17596 KB] g=12, 89 evaluated, 12 expanded
[t=0.0141818s, 17596 KB] New best heuristic value for pinch_tracking: 34
[t=0.0142465s, 17596 KB] g=13, 93 evaluated, 13 expanded
[t=0.0145705s, 17596 KB] New best heuristic value for pinch_tracking: 33
[t=0.0146447s, 17596 KB] g=14, 99 evaluated, 14 expanded
[t=0.0148085s, 17596 KB] New best heuristic value for pinch_tracking: 32
[t=0.0148782s, 17596 KB] g=14, 105 evaluated, 14 expanded
[t=0.0151712s, 17596 KB] New best heuristic value for pinch_tracking: 31
[t=0.0152401s, 17596 KB] g=15, 112 evaluated, 15 expanded
[t=0.0153907s, 17596 KB] New best heuristic value for pinch_tracking: 30
[t=0.0154528s, 17596 KB] g=15, 118 evaluated, 15 expanded
[t=0.015755s, 17596 KB] New best heuristic value for pinch_tracking: 29
[t=0.0158255s, 17596 KB] g=16, 126 evaluated, 16 expanded
[t=0.0162349s, 17596 KB] New best heuristic value for pinch_tracking: 28
[t=0.016319s, 17596 KB] g=17, 139 evaluated, 17 expanded
[t=0.0166263s, 17596 KB] New best heuristic value for pinch_tracking: 27
[t=0.0166982s, 17596 KB] g=18, 152 evaluated, 18 expanded
[t=0.0171169s, 17596 KB] New best heuristic value for pinch_tracking: 26
[t=0.0171972s, 17596 KB] g=19, 165 evaluated, 19 expanded
[t=0.0174694s, 17596 KB] New best heuristic value for pinch_tracking: 25
[t=0.0175401s, 17596 KB] g=20, 171 evaluated, 20 expanded
[t=0.018011s, 17596 KB] New best heuristic value for pinch_tracking: 24
[t=0.0180945s, 17596 KB] g=20, 183 evaluated, 22 expanded
[t=0.0183781s, 17596 KB] New best heuristic value for pinch_tracking: 23
[t=0.0184502s, 17596 KB] g=21, 189 evaluated, 23 expanded
[t=0.0187672s, 17596 KB] New best heuristic value for pinch_tracking: 22
[t=0.018832s, 17596 KB] g=22, 197 evaluated, 24 expanded
[t=0.0196514s, 17596 KB] New best heuristic value for pinch_tracking: 21
[t=0.0197347s, 17596 KB] g=25, 222 evaluated, 28 expanded
[t=0.0200222s, 17596 KB] New best heuristic value for pinch_tracking: 20
[t=0.0200971s, 17596 KB] g=26, 232 evaluated, 29 expanded
[t=0.0205072s, 17596 KB] New best heuristic value for pinch_tracking: 19
[t=0.0205821s, 17596 KB] g=27, 246 evaluated, 30 expanded
[t=0.0209638s, 17596 KB] New best heuristic value for pinch_tracking: 18
[t=0.02104s, 17596 KB] g=27, 256 evaluated, 32 expanded
[t=0.0214641s, 17596 KB] New best heuristic value for pinch_tracking: 16
[t=0.021533s, 17596 KB] g=28, 269 evaluated, 33 expanded
[t=0.0217659s, 17596 KB] New best heuristic value for pinch_tracking: 15
[t=0.0218434s, 17596 KB] g=29, 274 evaluated, 34 expanded
[t=0.0227579s, 17596 KB] New best heuristic value for pinch_tracking: 13
[t=0.0228448s, 17596 KB] g=29, 304 evaluated, 38 expanded
[t=0.023049s, 17596 KB] New best heuristic value for pinch_tracking: 12
[t=0.0231192s, 17596 KB] g=30, 309 evaluated, 39 expanded
[t=0.0239571s, 17596 KB] New best heuristic value for pinch_tracking: 10
[t=0.0240433s, 17596 KB] g=30, 338 evaluated, 43 expanded
[t=0.0242444s, 17596 KB] New best heuristic value for pinch_tracking: 9
[t=0.0243174s, 17596 KB] g=31, 343 evaluated, 44 expanded
[t=0.0246245s, 17596 KB] New best heuristic value for pinch_tracking: 8
[t=0.024689s, 17596 KB] g=32, 352 evaluated, 45 expanded
[t=0.0270077s, 17596 KB] New best heuristic value for pinch_tracking: 7
[t=0.0271166s, 17596 KB] g=39, 445 evaluated, 60 expanded
[t=0.0273151s, 17596 KB] New best heuristic value for pinch_tracking: 6
[t=0.0273845s, 17596 KB] g=40, 450 evaluated, 61 expanded
[t=0.04171s, 17596 KB] New best heuristic value for pinch_tracking: 5
[t=0.0418372s, 17596 KB] g=43, 1075 evaluated, 162 expanded
[t=0.042089s, 17596 KB] New best heuristic value for pinch_tracking: 4
[t=0.0421621s, 17596 KB] g=44, 1081 evaluated, 163 expanded
[t=0.164492s, 17872 KB] New best heuristic value for pinch_tracking: 3
[t=0.164632s, 17872 KB] g=51, 6365 evaluated, 1224 expanded, 45 reopened
[t=0.16481s, 17872 KB] New best heuristic value for pinch_tracking: 2
[t=0.164888s, 17872 KB] g=52, 6368 evaluated, 1225 expanded, 45 reopened
[t=0.283266s, 18364 KB] New best heuristic value for pinch_tracking: 1
[t=0.283411s, 18364 KB] g=55, 11418 evaluated, 2408 expanded, 119 reopened
[t=0.283547s, 18364 KB] New best heuristic value for pinch_tracking: 0
[t=0.283613s, 18364 KB] g=56, 11420 evaluated, 2409 expanded, 119 reopened
[t=0.283681s, 18364 KB] Solution found!
[t=0.283753s, 18364 KB] Actual search time: 0.274984s
drive truck2 depot1 market2 (1)
drive truck2 market2 market1 (1)
buy truck2 goods7 market1 level1 level2 level0 level1 (1)
load goods7 truck2 market1 level0 level1 level0 level1 (1)
buy truck2 goods5 market1 level1 level2 level0 level1 (1)
load goods5 truck2 market1 level0 level1 level0 level1 (1)
buy truck2 goods4 market1 level1 level2 level0 level1 (1)
load goods4 truck2 market1 level0 level1 level0 level1 (1)
drive truck2 market1 market2 (1)
buy truck2 goods3 market2 level0 level1 level0 level1 (1)
drive truck2 market2 depot1 (1)
drive truck1 depot1 market2 (1)
drive truck1 market2 market1 (1)
buy truck1 goods2 market1 level1 level2 level0 level1 (1)
load goods2 truck1 market1 level0 level1 level0 level1 (1)
buy truck1 goods8 market1 level1 level2 level0 level1 (1)
load goods8 truck1 market1 level0 level1 level0 level1 (1)
drive truck1 market1 market2 (1)
load goods3 truck1 market2 level0 level1 level0 level1 (1)
drive truck1 market2 depot1 (1)
unload goods8 truck1 depot1 level0 level1 level0 level1 (1)
unload goods3 truck1 depot1 level0 level1 level0 level1 (1)
drive truck1 depot1 market2 (1)
drive truck1 market2 market1 (1)
buy truck1 goods6 market1 level1 level2 level0 level1 (1)
load goods6 truck1 market1 level0 level1 level0 level1 (1)
buy truck1 goods1 market1 level0 level1 level0 level1 (1)
load goods1 truck1 market1 level0 level1 level0 level1 (1)
drive truck1 market1 market2 (1)
drive truck1 market2 depot1 (1)
unload goods6 truck1 depot1 level0 level1 level0 level1 (1)
unload goods1 truck1 depot1 level0 level1 level0 level1 (1)
unload goods2 truck1 depot1 level0 level1 level0 level1 (1)
drive truck1 depot1 market2 (1)
drive truck1 market2 market1 (1)
buy truck1 goods2 market1 level0 level1 level0 level1 (1)
load goods2 truck1 market1 level0 level1 level0 level1 (1)
buy truck1 goods7 market1 level0 level1 level0 level1 (1)
load goods7 truck1 market1 level0 level1 level0 level1 (1)
buy truck1 goods5 market1 level0 level1 level0 level1 (1)
load goods5 truck1 market1 level0 level1 level0 level1 (1)
drive truck1 market1 market2 (1)
drive truck1 market2 depot1 (1)
unload goods7 truck2 depot1 level0 level1 level0 level1 (1)
unload goods5 truck2 depot1 level0 level1 level0 level1 (1)
unload goods7 truck1 depot1 level0 level1 level1 level2 (1)
unload goods5 truck1 depot1 level0 level1 level1 level2 (1)
unload goods2 truck1 depot1 level0 level1 level1 level2 (1)
drive truck1 depot1 market2 (1)
drive truck1 market2 market1 (1)
buy truck1 goods4 market1 level0 level1 level0 level1 (1)
load goods4 truck1 market1 level0 level1 level0 level1 (1)
drive truck1 market1 market2 (1)
unload goods4 truck2 depot1 level0 level1 level0 level1 (1)
drive truck1 market2 depot1 (1)
unload goods4 truck1 depot1 level0 level1 level1 level2 (1)
[t=0.283818s, 18364 KB] Plan length: 56 step(s).
[t=0.283818s, 18364 KB] Plan cost: 56
[t=0.283818s, 18364 KB] Expanded 2410 state(s).
[t=0.283818s, 18364 KB] Reopened 119 state(s).
[t=0.283818s, 18364 KB] Evaluated 11420 state(s).
[t=0.283818s, 18364 KB] Evaluations: 11420
[t=0.283818s, 18364 KB] Generated 16964 state(s).
[t=0.283818s, 18364 KB] Dead ends: 119 state(s).
[t=0.283818s, 18364 KB] Number of registered states: 11420
[t=0.283818s, 18364 KB] Int hash set load factor: 11420/16384 = 0.697021
[t=0.283818s, 18364 KB] Int hash set resizes: 14
[t=0.283818s, 18364 KB] mean number of q cost that have been adjusted 0 times in relation to total number of q: -1
[t=0.283818s, 18364 KB] mean number of q cost that have been adjusted 1 times in relation to total number of q: -1
[t=0.283818s, 18364 KB] mean number of q cost that have been adjusted 2 times in relation to total number of q: -1
[t=0.283818s, 18364 KB] mean number of q that are at some point overconsitent in relation to total number of q: -1
[t=0.283818s, 18364 KB] mean number of q that are at first underconsisten in relation to total number of q: -1
[t=0.283818s, 18364 KB] mean number of state variables that are not in common between two following states in relation to total number of state variables: -1
[t=0.283818s, 18364 KB] variance number of state variables that are not in common between two following states in relation to total number of state variables: -1
[t=0.283818s, 18364 KB] Search time: 0.275531s
[t=0.283818s, 18364 KB] Total time: 0.283818s
Solution found.
Peak memory: 18364 KB
Remove intermediate file output.sas
search exit code: 0

INFO     Running validate.
INFO     validate stdin: None
INFO     validate time limit: None
INFO     validate memory limit: None
INFO     validate command line string: validate domain.pddl problem.pddl sas_plan
