INFO     Running translator.
INFO     translator stdin: None
INFO     translator time limit: 1799.95s
INFO     translator memory limit: 3584 MB
INFO     translator command line string: /infai/weidan00/downward/experiments/bachelor/.venv/bin/python3 /infai/weidan00/downward/experiments/bachelor/data/bachelor-v1/code-7aa5f34_e5e41175/builds/release/bin/translate/translate.py domain.pddl problem.pddl --sas-file output.sas
Parsing...
Parsing: [0.010s CPU, 0.006s wall-clock]
Normalizing task... [0.000s CPU, 0.000s wall-clock]
Instantiating...
Generating Datalog program... [0.000s CPU, 0.001s wall-clock]
Normalizing Datalog program...
Normalizing Datalog program: [0.000s CPU, 0.002s wall-clock]
Preparing model... [0.000s CPU, 0.002s wall-clock]
Generated 65 rules.
Computing model... [0.010s CPU, 0.009s wall-clock]
954 relevant atoms
188 auxiliary atoms
1142 final queue length
2867 total queue pushes
Completing instantiation... [0.040s CPU, 0.041s wall-clock]
Instantiating: [0.050s CPU, 0.056s wall-clock]
Computing fact groups...
Finding invariants...
21 initial candidates
Finding invariants: [0.000s CPU, 0.005s wall-clock]
Checking invariant weight... [0.000s CPU, 0.000s wall-clock]
Instantiating groups... [0.000s CPU, 0.000s wall-clock]
Collecting mutex groups... [0.000s CPU, 0.000s wall-clock]
Choosing groups...
346 uncovered facts
Choosing groups: [0.000s CPU, 0.000s wall-clock]
Building translation key... [0.000s CPU, 0.002s wall-clock]
Computing fact groups: [0.010s CPU, 0.010s wall-clock]
Building STRIPS to SAS dictionary... [0.000s CPU, 0.000s wall-clock]
Building dictionary for full mutex groups... [0.000s CPU, 0.000s wall-clock]
Building mutex information...
Building mutex information: [0.000s CPU, 0.000s wall-clock]
Translating task...
Processing axioms...
Simplifying axioms... [0.000s CPU, 0.000s wall-clock]
Processing axioms: [0.000s CPU, 0.003s wall-clock]
Translating task: [0.060s CPU, 0.064s wall-clock]
1955 effect conditions simplified
0 implied preconditions added
Detecting unreachable propositions...
0 operators removed
0 axioms removed
10 propositions removed
Detecting unreachable propositions: [0.030s CPU, 0.024s wall-clock]
Reordering and filtering variables...
180 of 341 variables necessary.
0 of 0 mutex groups necessary.
457 of 457 operators necessary.
0 of 0 axiom rules necessary.
Reordering and filtering variables: [0.020s CPU, 0.021s wall-clock]
Translator variables: 180
Translator derived variables: 0
Translator facts: 360
Translator goal facts: 19
Translator mutex groups: 0
Translator total mutex groups size: 0
Translator operators: 457
Translator axioms: 0
Translator task size: 4394
Translator peak memory: 147148 KB
Writing output... [0.010s CPU, 0.012s wall-clock]
Done! [0.190s CPU, 0.198s wall-clock]
translate exit code: 0

INFO     Running search (release).
INFO     search stdin: output.sas
INFO     search time limit: 1799.69s
INFO     search memory limit: 3584 MB
INFO     search command line string: /infai/weidan00/downward/experiments/bachelor/data/bachelor-v1/code-7aa5f34_e5e41175/builds/release/bin/downward --search 'eager_wastar([pinch_tracking()], w=2)' --internal-plan-file sas_plan < output.sas
[t=6.7816e-05s, 17204 KB] reading input...
[t=0.0047103s, 17368 KB] done reading input!
[t=0.00694834s, 17764 KB] Simplifying 1914 unary operators... done! [1535 unary operators]
[t=0.00863311s, 17896 KB] time to simplify: 0.0017877s
[t=0.0088859s, 17896 KB] Initializing pinch tracking heuristic...
[t=0.00904049s, 17896 KB] Building successor generator...done!
[t=0.00942169s, 17896 KB] peak memory difference for successor generator creation: 0 KB
[t=0.00946129s, 17896 KB] time for successor generation creation: 0.000247327s
[t=0.00951354s, 17896 KB] Variables: 180
[t=0.00955343s, 17896 KB] FactPairs: 360
[t=0.00959348s, 17896 KB] Bytes per state: 24
[t=0.00973919s, 17896 KB] Conducting best first search with reopening closed nodes, (real) bound = 2147483647
[t=0.0100088s, 17896 KB] New best heuristic value for pinch_tracking: 19
[t=0.0100547s, 17896 KB] g=0, 1 evaluated, 0 expanded
[t=0.0101086s, 17896 KB] Initial heuristic value for pinch_tracking: 19
[t=0.0101513s, 17896 KB] pruning method: none
[t=0.0107219s, 17896 KB] New best heuristic value for pinch_tracking: 18
[t=0.0107675s, 17896 KB] g=1, 14 evaluated, 1 expanded
[t=0.0197824s, 17896 KB] New best heuristic value for pinch_tracking: 17
[t=0.0198591s, 17896 KB] g=1, 264 evaluated, 1 expanded
[t=0.021157s, 17896 KB] New best heuristic value for pinch_tracking: 16
[t=0.0212126s, 17896 KB] g=2, 326 evaluated, 2 expanded
[t=0.0614122s, 17896 KB] New best heuristic value for pinch_tracking: 15
[t=0.0615113s, 17896 KB] g=4, 1938 evaluated, 10 expanded
[t=0.0639338s, 17896 KB] New best heuristic value for pinch_tracking: 14
[t=0.0639942s, 17896 KB] g=5, 1999 evaluated, 11 expanded
[t=0.074301s, 18036 KB] New best heuristic value for pinch_tracking: 13
[t=0.0743824s, 18036 KB] g=6, 2403 evaluated, 12 expanded
[t=0.294705s, 18908 KB] New best heuristic value for pinch_tracking: 12
[t=0.294821s, 18908 KB] g=8, 14693 evaluated, 99 expanded
[t=0.305435s, 19168 KB] New best heuristic value for pinch_tracking: 11
[t=0.30553s, 19168 KB] g=9, 14955 evaluated, 100 expanded
[t=0.643363s, 20636 KB] New best heuristic value for pinch_tracking: 10
[t=0.643486s, 20636 KB] g=11, 31549 evaluated, 227 expanded
[t=0.652831s, 20636 KB] New best heuristic value for pinch_tracking: 9
[t=0.652917s, 20636 KB] g=12, 31813 evaluated, 228 expanded
[t=0.99291s, 22052 KB] New best heuristic value for pinch_tracking: 8
[t=0.993029s, 22052 KB] g=14, 49009 evaluated, 365 expanded
[t=10.5226s, 64292 KB] New best heuristic value for pinch_tracking: 7
[t=10.5227s, 64292 KB] g=15, 509292 evaluated, 4066 expanded, 2 reopened
[t=325.193s, 1949764 KB] New best heuristic value for pinch_tracking: 6
[t=325.193s, 1949764 KB] g=17, 18421720 evaluated, 256909 expanded, 897 reopened
[t=325.629s, 1950824 KB] New best heuristic value for pinch_tracking: 5
[t=325.629s, 1950824 KB] g=19, 18444538 evaluated, 257074 expanded, 897 reopened
Failed to allocate memory.
Memory limit has been reached.
Peak memory: 3594260 KB
Remove intermediate file output.sas
search exit code: 22

Driver aborting after search
