INFO     Running translator.
INFO     translator stdin: None
INFO     translator time limit: 1799.96s
INFO     translator memory limit: 3584 MB
INFO     translator command line string: /infai/weidan00/downward/experiments/bachelor/.venv/bin/python3 /infai/weidan00/downward/experiments/bachelor/data/bachelor-v1/code-7aa5f34_e5e41175/builds/release/bin/translate/translate.py domain.pddl problem.pddl --sas-file output.sas
Parsing...
Parsing: [0.010s CPU, 0.006s wall-clock]
Normalizing task... [0.000s CPU, 0.000s wall-clock]
Instantiating...
Generating Datalog program... [0.000s CPU, 0.001s wall-clock]
Normalizing Datalog program...
Normalizing Datalog program: [0.000s CPU, 0.002s wall-clock]
Preparing model... [0.000s CPU, 0.003s wall-clock]
Generated 65 rules.
Computing model... [0.020s CPU, 0.016s wall-clock]
1492 relevant atoms
284 auxiliary atoms
1776 final queue length
4595 total queue pushes
Completing instantiation... [0.060s CPU, 0.066s wall-clock]
Instantiating: [0.080s CPU, 0.089s wall-clock]
Computing fact groups...
Finding invariants...
21 initial candidates
Finding invariants: [0.010s CPU, 0.005s wall-clock]
Checking invariant weight... [0.000s CPU, 0.000s wall-clock]
Instantiating groups... [0.000s CPU, 0.000s wall-clock]
Collecting mutex groups... [0.000s CPU, 0.000s wall-clock]
Choosing groups...
560 uncovered facts
Choosing groups: [0.000s CPU, 0.000s wall-clock]
Building translation key... [0.010s CPU, 0.002s wall-clock]
Computing fact groups: [0.020s CPU, 0.013s wall-clock]
Building STRIPS to SAS dictionary... [0.000s CPU, 0.001s wall-clock]
Building dictionary for full mutex groups... [0.000s CPU, 0.001s wall-clock]
Building mutex information...
Building mutex information: [0.000s CPU, 0.000s wall-clock]
Translating task...
Processing axioms...
Simplifying axioms... [0.000s CPU, 0.000s wall-clock]
Processing axioms: [0.000s CPU, 0.005s wall-clock]
Translating task: [0.100s CPU, 0.105s wall-clock]
3187 effect conditions simplified
0 implied preconditions added
Detecting unreachable propositions...
0 operators removed
0 axioms removed
14 propositions removed
Detecting unreachable propositions: [0.050s CPU, 0.048s wall-clock]
Reordering and filtering variables...
288 of 553 variables necessary.
0 of 0 mutex groups necessary.
745 of 745 operators necessary.
0 of 0 axiom rules necessary.
Reordering and filtering variables: [0.030s CPU, 0.039s wall-clock]
Translator variables: 288
Translator derived variables: 0
Translator facts: 576
Translator goal facts: 31
Translator mutex groups: 0
Translator total mutex groups size: 0
Translator operators: 745
Translator axioms: 0
Translator task size: 7232
Translator peak memory: 150220 KB
Writing output... [0.010s CPU, 0.018s wall-clock]
Done! [0.310s CPU, 0.322s wall-clock]
translate exit code: 0

INFO     Running search (release).
INFO     search stdin: output.sas
INFO     search time limit: 1799.59s
INFO     search memory limit: 3584 MB
INFO     search command line string: /infai/weidan00/downward/experiments/bachelor/data/bachelor-v1/code-7aa5f34_e5e41175/builds/release/bin/downward --search 'eager_wastar([pinch_tracking()], w=2)' --internal-plan-file sas_plan < output.sas
[t=6.4575e-05s, 17204 KB] reading input...
[t=0.00753833s, 17608 KB] done reading input!
[t=0.0101055s, 18024 KB] Simplifying 3204 unary operators... done! [2551 unary operators]
[t=0.012779s, 18288 KB] time to simplify: 0.00278465s
[t=0.0131241s, 18288 KB] Initializing pinch tracking heuristic...
[t=0.0132746s, 18288 KB] Building successor generator...done!
[t=0.0137775s, 18288 KB] peak memory difference for successor generator creation: 0 KB
[t=0.0138173s, 18288 KB] time for successor generation creation: 0.000372273s
[t=0.0138808s, 18288 KB] Variables: 288
[t=0.0139208s, 18288 KB] FactPairs: 576
[t=0.0139603s, 18288 KB] Bytes per state: 36
[t=0.0140884s, 18288 KB] Conducting best first search with reopening closed nodes, (real) bound = 2147483647
[t=0.0144542s, 18288 KB] New best heuristic value for pinch_tracking: 31
[t=0.0145139s, 18288 KB] g=0, 1 evaluated, 0 expanded
[t=0.0145671s, 18288 KB] Initial heuristic value for pinch_tracking: 31
[t=0.0146085s, 18288 KB] pruning method: none
[t=0.0177151s, 18288 KB] New best heuristic value for pinch_tracking: 30
[t=0.0177731s, 18288 KB] g=1, 51 evaluated, 1 expanded
[t=0.038026s, 18288 KB] New best heuristic value for pinch_tracking: 29
[t=0.0380993s, 18288 KB] g=1, 389 evaluated, 1 expanded
[t=0.0434549s, 18288 KB] New best heuristic value for pinch_tracking: 28
[t=0.0435154s, 18288 KB] g=2, 563 evaluated, 2 expanded
[t=0.586545s, 20120 KB] New best heuristic value for pinch_tracking: 27
[t=0.58666s, 20120 KB] g=4, 17219 evaluated, 63 expanded
[t=0.61105s, 20120 KB] New best heuristic value for pinch_tracking: 26
[t=0.611138s, 20120 KB] g=5, 17776 evaluated, 64 expanded
[t=0.621519s, 20120 KB] New best heuristic value for pinch_tracking: 25
[t=0.621598s, 20120 KB] g=6, 18241 evaluated, 65 expanded
[t=0.856901s, 20928 KB] New best heuristic value for pinch_tracking: 24
[t=0.857007s, 20928 KB] g=8, 30102 evaluated, 142 expanded
[t=0.888721s, 21444 KB] New best heuristic value for pinch_tracking: 23
[t=0.888823s, 21444 KB] g=9, 30653 evaluated, 143 expanded
[t=1.61842s, 23460 KB] New best heuristic value for pinch_tracking: 22
[t=1.61853s, 23460 KB] g=11, 56677 evaluated, 261 expanded
[t=1.63363s, 23460 KB] New best heuristic value for pinch_tracking: 21
[t=1.63371s, 23460 KB] g=12, 56938 evaluated, 262 expanded
[t=2.00997s, 26632 KB] New best heuristic value for pinch_tracking: 20
[t=2.01008s, 26632 KB] g=14, 71766 evaluated, 324 expanded
[t=2.02721s, 26632 KB] New best heuristic value for pinch_tracking: 19
[t=2.0273s, 26632 KB] g=15, 72062 evaluated, 325 expanded
[t=2.51047s, 27696 KB] New best heuristic value for pinch_tracking: 18
[t=2.51058s, 27696 KB] g=17, 92528 evaluated, 416 expanded
[t=2.53163s, 27696 KB] New best heuristic value for pinch_tracking: 17
[t=2.53172s, 27696 KB] g=18, 92904 evaluated, 417 expanded
[t=3.38336s, 30888 KB] New best heuristic value for pinch_tracking: 16
[t=3.38347s, 30888 KB] g=20, 129921 evaluated, 595 expanded
[t=3.40629s, 31020 KB] New best heuristic value for pinch_tracking: 15
[t=3.40638s, 31020 KB] g=21, 130381 evaluated, 596 expanded
[t=4.40947s, 36412 KB] New best heuristic value for pinch_tracking: 14
[t=4.40958s, 36412 KB] g=23, 169741 evaluated, 790 expanded
[t=4.41729s, 36412 KB] New best heuristic value for pinch_tracking: 13
[t=4.41735s, 36412 KB] g=24, 169873 evaluated, 791 expanded
[t=5.5675s, 39104 KB] New best heuristic value for pinch_tracking: 12
[t=5.5676s, 39104 KB] g=26, 214084 evaluated, 1005 expanded
[t=9.86174s, 57108 KB] New best heuristic value for pinch_tracking: 11
[t=9.86185s, 57108 KB] g=28, 377511 evaluated, 1862 expanded
[t=45.4149s, 215036 KB] New best heuristic value for pinch_tracking: 10
[t=45.415s, 215036 KB] g=30, 1751032 evaluated, 9260 expanded
Failed to allocate memory.
Memory limit has been reached.
Peak memory: 3608656 KB
Remove intermediate file output.sas
search exit code: 22

Driver aborting after search
