INFO     Running translator.
INFO     translator stdin: None
INFO     translator time limit: 1799.95s
INFO     translator memory limit: 3584 MB
INFO     translator command line string: /infai/weidan00/downward/experiments/bachelor/.venv/bin/python3 /infai/weidan00/downward/experiments/bachelor/data/bachelor-v1/code-7aa5f34_e5e41175/builds/release/bin/translate/translate.py domain.pddl problem.pddl --sas-file output.sas
Parsing...
Parsing: [0.010s CPU, 0.004s wall-clock]
Normalizing task... [0.000s CPU, 0.000s wall-clock]
Instantiating...
Generating Datalog program... [0.000s CPU, 0.001s wall-clock]
Normalizing Datalog program...
Normalizing Datalog program: [0.000s CPU, 0.004s wall-clock]
Preparing model... [0.000s CPU, 0.003s wall-clock]
Generated 55 rules.
Computing model... [0.230s CPU, 0.227s wall-clock]
16293 relevant atoms
5368 auxiliary atoms
21661 final queue length
51647 total queue pushes
Completing instantiation... [0.920s CPU, 0.929s wall-clock]
Instantiating: [1.160s CPU, 1.170s wall-clock]
Computing fact groups...
Finding invariants...
12 initial candidates
Finding invariants: [0.010s CPU, 0.016s wall-clock]
Checking invariant weight... [0.010s CPU, 0.000s wall-clock]
Instantiating groups... [0.000s CPU, 0.008s wall-clock]
Collecting mutex groups... [0.000s CPU, 0.001s wall-clock]
Choosing groups...
0 uncovered facts
Choosing groups: [0.000s CPU, 0.002s wall-clock]
Building translation key... [0.000s CPU, 0.001s wall-clock]
Computing fact groups: [0.030s CPU, 0.032s wall-clock]
Building STRIPS to SAS dictionary... [0.000s CPU, 0.001s wall-clock]
Building dictionary for full mutex groups... [0.000s CPU, 0.000s wall-clock]
Building mutex information...
Building mutex information: [0.000s CPU, 0.000s wall-clock]
Translating task...
Processing axioms...
Simplifying axioms... [0.010s CPU, 0.000s wall-clock]
Processing axioms: [0.040s CPU, 0.033s wall-clock]
Translating task: [0.680s CPU, 0.676s wall-clock]
0 effect conditions simplified
0 implied preconditions added
Detecting unreachable propositions...
0 operators removed
0 axioms removed
58 propositions removed
Detecting unreachable propositions: [0.450s CPU, 0.449s wall-clock]
Reordering and filtering variables...
58 of 58 variables necessary.
0 of 58 mutex groups necessary.
15312 of 15312 operators necessary.
0 of 0 axiom rules necessary.
Reordering and filtering variables: [0.090s CPU, 0.093s wall-clock]
Translator variables: 58
Translator derived variables: 0
Translator facts: 744
Translator goal facts: 1
Translator mutex groups: 0
Translator total mutex groups size: 0
Translator operators: 15312
Translator axioms: 0
Translator task size: 92051
Translator peak memory: 214220 KB
Writing output... [0.150s CPU, 0.181s wall-clock]
Done! [2.610s CPU, 2.642s wall-clock]
translate exit code: 0

INFO     Running search (release).
INFO     search stdin: output.sas
INFO     search time limit: 1797.26s
INFO     search memory limit: 3584 MB
INFO     search command line string: /infai/weidan00/downward/experiments/bachelor/data/bachelor-v1/code-7aa5f34_e5e41175/builds/release/bin/downward --search 'eager_wastar([pinch()], w=2)' --internal-plan-file sas_plan < output.sas
[t=6.6793e-05s, 17204 KB] reading input...
[t=0.0965238s, 21816 KB] done reading input!
[t=0.103658s, 24056 KB] Simplifying 30624 unary operators... done! [30408 unary operators]
[t=0.146664s, 26812 KB] time to simplify: 0.0431171s
[t=0.148651s, 26812 KB] Initializing pinch heuristic...
[t=0.148868s, 26812 KB] Building successor generator...done!
[t=0.158214s, 26812 KB] peak memory difference for successor generator creation: 0 KB
[t=0.158266s, 26812 KB] time for successor generation creation: 0.00895292s
[t=0.158471s, 26812 KB] Variables: 58
[t=0.158524s, 26812 KB] FactPairs: 744
[t=0.158565s, 26812 KB] Bytes per state: 32
[t=0.158719s, 26812 KB] Conducting best first search with reopening closed nodes, (real) bound = 2147483647
[t=0.161953s, 26812 KB] New best heuristic value for pinch: 4
[t=0.162036s, 26812 KB] g=0, 1 evaluated, 0 expanded
[t=0.162097s, 26812 KB] Initial heuristic value for pinch: 4
[t=0.16214s, 26812 KB] pruning method: none
[t=4.58299s, 27188 KB] New best heuristic value for pinch: 3
[t=4.5831s, 27188 KB] g=3, 8900 evaluated, 420 expanded
[t=4.60104s, 27188 KB] New best heuristic value for pinch: 2
[t=4.60114s, 27188 KB] g=4, 8924 evaluated, 421 expanded
[t=4.61607s, 27188 KB] New best heuristic value for pinch: 1
[t=4.61618s, 27188 KB] g=5, 8969 evaluated, 422 expanded
[t=4.63836s, 27188 KB] New best heuristic value for pinch: 0
[t=4.63847s, 27188 KB] g=6, 9018 evaluated, 423 expanded
[t=4.65376s, 27188 KB] Solution found!
[t=4.65387s, 27188 KB] Actual search time: 4.49173s
feast learning lemon wurst alsace kentucky (1)
overcome sciatica learning wurst neptune saturn (1)
drink okra wurst goias kentucky alsace alsace kentucky (1)
feast learning wurst flounder alsace kentucky (1)
feast learning flounder apple alsace kentucky (1)
succumb sciatica learning apple neptune saturn (1)
[t=4.65392s, 27188 KB] Plan length: 6 step(s).
[t=4.65392s, 27188 KB] Plan cost: 6
[t=4.65392s, 27188 KB] Expanded 424 state(s).
[t=4.65392s, 27188 KB] Reopened 0 state(s).
[t=4.65392s, 27188 KB] Evaluated 9051 state(s).
[t=4.65392s, 27188 KB] Evaluations: 9051
[t=4.65392s, 27188 KB] Generated 20757 state(s).
[t=4.65392s, 27188 KB] Dead ends: 0 state(s).
[t=4.65392s, 27188 KB] Number of registered states: 9051
[t=4.65392s, 27188 KB] Int hash set load factor: 9051/16384 = 0.552429
[t=4.65392s, 27188 KB] Int hash set resizes: 14
[t=4.65392s, 27188 KB] mean number of q cost that have been adjusted 0 times in relation to total number of q: -1
[t=4.65392s, 27188 KB] mean number of q cost that have been adjusted 1 times in relation to total number of q: -1
[t=4.65392s, 27188 KB] mean number of q cost that have been adjusted 2 times in relation to total number of q: -1
[t=4.65392s, 27188 KB] mean number of q that are at some point overconsitent in relation to total number of q: -1
[t=4.65392s, 27188 KB] mean number of q that are at first underconsisten in relation to total number of q: -1
[t=4.65392s, 27188 KB] mean number of state variables that are not in common between two following states in relation to total number of state variables: -1
[t=4.65392s, 27188 KB] variance number of state variables that are not in common between two following states in relation to total number of state variables: -1
[t=4.65392s, 27188 KB] Search time: 4.4952s
[t=4.65392s, 27188 KB] Total time: 4.65392s
Solution found.
Peak memory: 27188 KB
Remove intermediate file output.sas
search exit code: 0

INFO     Running validate.
INFO     validate stdin: None
INFO     validate time limit: None
INFO     validate memory limit: None
INFO     validate command line string: validate domain.pddl problem.pddl sas_plan
