INFO     Running translator.
INFO     translator stdin: None
INFO     translator time limit: 1799.96s
INFO     translator memory limit: 3584 MB
INFO     translator command line string: /infai/weidan00/downward/experiments/bachelor/.venv/bin/python3 /infai/weidan00/downward/experiments/bachelor/data/bachelor-v1/code-7aa5f34_e5e41175/builds/release/bin/translate/translate.py domain.pddl problem.pddl --sas-file output.sas
Parsing...
Parsing: [0.160s CPU, 0.170s wall-clock]
Normalizing task... [0.010s CPU, 0.009s wall-clock]
Instantiating...
Generating Datalog program... [0.050s CPU, 0.056s wall-clock]
Normalizing Datalog program...
Normalizing Datalog program: [0.010s CPU, 0.002s wall-clock]
Preparing model... [0.340s CPU, 0.340s wall-clock]
Generated 23 rules.
Computing model... [0.850s CPU, 0.848s wall-clock]
33926 relevant atoms
61452 auxiliary atoms
95378 final queue length
108944 total queue pushes
Completing instantiation... [0.510s CPU, 0.514s wall-clock]
Instantiating: [1.810s CPU, 1.811s wall-clock]
Computing fact groups...
Finding invariants...
9 initial candidates
Finding invariants: [0.010s CPU, 0.010s wall-clock]
Checking invariant weight... [0.020s CPU, 0.016s wall-clock]
Instantiating groups... [0.000s CPU, 0.008s wall-clock]
Collecting mutex groups... [0.000s CPU, 0.000s wall-clock]
Choosing groups...
0 uncovered facts
Choosing groups: [0.010s CPU, 0.001s wall-clock]
Building translation key... [0.000s CPU, 0.001s wall-clock]
Computing fact groups: [0.040s CPU, 0.038s wall-clock]
Building STRIPS to SAS dictionary... [0.000s CPU, 0.000s wall-clock]
Building dictionary for full mutex groups... [0.000s CPU, 0.000s wall-clock]
Building mutex information...
Building mutex information: [0.000s CPU, 0.000s wall-clock]
Translating task...
Processing axioms...
Simplifying axioms... [0.000s CPU, 0.000s wall-clock]
Processing axioms: [0.020s CPU, 0.019s wall-clock]
Translating task: [0.260s CPU, 0.264s wall-clock]
0 effect conditions simplified
0 implied preconditions added
Detecting unreachable propositions...
0 operators removed
0 axioms removed
13 propositions removed
Detecting unreachable propositions: [0.200s CPU, 0.207s wall-clock]
Reordering and filtering variables...
13 of 13 variables necessary.
0 of 13 mutex groups necessary.
7082 of 7082 operators necessary.
0 of 0 axiom rules necessary.
Reordering and filtering variables: [0.040s CPU, 0.035s wall-clock]
Translator variables: 13
Translator derived variables: 0
Translator facts: 369
Translator goal facts: 11
Translator mutex groups: 0
Translator total mutex groups size: 0
Translator operators: 7082
Translator axioms: 0
Translator task size: 35561
Translator peak memory: 197912 KB
Writing output... [0.060s CPU, 0.075s wall-clock]
Done! [2.600s CPU, 2.628s wall-clock]
translate exit code: 0

INFO     Running search (release).
INFO     search stdin: output.sas
INFO     search time limit: 1797.29s
INFO     search memory limit: 3584 MB
INFO     search command line string: /infai/weidan00/downward/experiments/bachelor/data/bachelor-v1/code-7aa5f34_e5e41175/builds/release/bin/downward --search 'eager_wastar([add()], w=2)' --internal-plan-file sas_plan < output.sas
[t=6.1671e-05s, 17204 KB] reading input...
[t=0.0387769s, 19196 KB] done reading input!
[t=0.0428336s, 20236 KB] Simplifying 13922 unary operators... done! [13922 unary operators]
[t=0.0512226s, 21492 KB] time to simplify: 0.0084617s
[t=0.051822s, 21492 KB] Initializing additive heuristic...
[t=0.051987s, 21492 KB] Building successor generator...done!
[t=0.0543636s, 21492 KB] peak memory difference for successor generator creation: 0 KB
[t=0.0544069s, 21492 KB] time for successor generation creation: 0.00216328s
[t=0.0545086s, 21492 KB] Variables: 13
[t=0.0545516s, 21492 KB] FactPairs: 369
[t=0.0545912s, 21492 KB] Bytes per state: 8
[t=0.0547306s, 21492 KB] Conducting best first search with reopening closed nodes, (real) bound = 2147483647
[t=0.0549341s, 21492 KB] New best heuristic value for add: 69
[t=0.0549821s, 21492 KB] g=0, 1 evaluated, 0 expanded
[t=0.0550365s, 21492 KB] Initial heuristic value for add: 69
[t=0.0550777s, 21492 KB] pruning method: none
[t=0.055235s, 21492 KB] New best heuristic value for add: 61
[t=0.0552798s, 21492 KB] g=1, 2 evaluated, 1 expanded
[t=0.0557539s, 21492 KB] New best heuristic value for add: 52
[t=0.0558037s, 21492 KB] g=2, 7 evaluated, 2 expanded
[t=0.0562074s, 21492 KB] New best heuristic value for add: 51
[t=0.056255s, 21492 KB] g=3, 11 evaluated, 3 expanded
[t=0.0567367s, 21492 KB] New best heuristic value for add: 50
[t=0.0567839s, 21492 KB] g=4, 16 evaluated, 4 expanded
[t=0.0578569s, 21492 KB] New best heuristic value for add: 49
[t=0.0579058s, 21492 KB] g=6, 28 evaluated, 7 expanded
[t=0.0585314s, 21492 KB] New best heuristic value for add: 48
[t=0.0585809s, 21492 KB] g=7, 35 evaluated, 8 expanded
[t=0.0595357s, 21492 KB] New best heuristic value for add: 46
[t=0.0595839s, 21492 KB] g=8, 46 evaluated, 10 expanded
[t=0.0601259s, 21492 KB] New best heuristic value for add: 45
[t=0.0601776s, 21492 KB] g=9, 52 evaluated, 11 expanded
[t=0.062617s, 21492 KB] New best heuristic value for add: 43
[t=0.0626687s, 21492 KB] g=12, 81 evaluated, 17 expanded
[t=0.258834s, 21492 KB] New best heuristic value for add: 41
[t=0.258936s, 21492 KB] g=14, 2914 evaluated, 656 expanded, 62 reopened
[t=0.259711s, 21492 KB] New best heuristic value for add: 40
[t=0.259763s, 21492 KB] g=15, 2923 evaluated, 657 expanded, 62 reopened
[t=0.290375s, 21492 KB] New best heuristic value for add: 38
[t=0.290454s, 21492 KB] g=17, 3361 evaluated, 734 expanded, 62 reopened
[t=1.2577s, 21492 KB] New best heuristic value for add: 36
[t=1.25781s, 21492 KB] g=21, 20230 evaluated, 4434 expanded, 252 reopened
[t=1.25846s, 21492 KB] New best heuristic value for add: 35
[t=1.25852s, 21492 KB] g=22, 20240 evaluated, 4435 expanded, 252 reopened
[t=1.28628s, 21492 KB] New best heuristic value for add: 34
[t=1.28637s, 21492 KB] g=22, 20897 evaluated, 4564 expanded, 252 reopened
[t=1.28695s, 21492 KB] New best heuristic value for add: 32
[t=1.287s, 21492 KB] g=23, 20906 evaluated, 4565 expanded, 252 reopened
[t=1.28763s, 21492 KB] New best heuristic value for add: 31
[t=1.28768s, 21492 KB] g=24, 20918 evaluated, 4566 expanded, 252 reopened
[t=1.53649s, 21492 KB] New best heuristic value for add: 30
[t=1.53659s, 21492 KB] g=29, 26805 evaluated, 5738 expanded, 252 reopened
[t=1.54112s, 21492 KB] New best heuristic value for add: 28
[t=1.54118s, 21492 KB] g=30, 26944 evaluated, 5765 expanded, 252 reopened
[t=1.5438s, 21492 KB] New best heuristic value for add: 26
[t=1.54385s, 21492 KB] g=31, 27024 evaluated, 5781 expanded, 252 reopened
[t=1.69971s, 21980 KB] New best heuristic value for add: 24
[t=1.69981s, 21980 KB] g=31, 31528 evaluated, 6691 expanded, 252 reopened
[t=1.70127s, 21980 KB] New best heuristic value for add: 22
[t=1.70132s, 21980 KB] g=32, 31571 evaluated, 6700 expanded, 252 reopened
[t=5.47355s, 26708 KB] New best heuristic value for add: 20
[t=5.47368s, 26708 KB] g=33, 127808 evaluated, 28026 expanded, 506 reopened
[t=35.4263s, 67728 KB] New best heuristic value for add: 19
[t=35.4264s, 67728 KB] g=34, 846137 evaluated, 225995 expanded, 31395 reopened
[t=37.59s, 67728 KB] New best heuristic value for add: 17
[t=37.5901s, 67728 KB] g=34, 908063 evaluated, 240816 expanded, 31483 reopened
[t=37.5907s, 67728 KB] New best heuristic value for add: 16
[t=37.5907s, 67728 KB] g=35, 908073 evaluated, 240817 expanded, 31483 reopened
[t=146.773s, 216884 KB] New best heuristic value for add: 14
[t=146.773s, 216884 KB] g=35, 3578516 evaluated, 1086406 expanded, 235072 reopened
[t=146.774s, 216884 KB] New best heuristic value for add: 12
[t=146.774s, 216884 KB] g=36, 3578547 evaluated, 1086411 expanded, 235072 reopened
[t=386.333s, 410928 KB] New best heuristic value for add: 11
[t=386.333s, 410928 KB] g=37, 9180004 evaluated, 2461709 expanded, 322525 reopened
[t=386.333s, 410928 KB] New best heuristic value for add: 10
[t=386.333s, 410928 KB] g=38, 9180009 evaluated, 2461710 expanded, 322525 reopened
Peak memory: 1750508 KB
caught signal 24 -- exiting
Time limit has been reached.
Remove intermediate file output.sas
search exit code: 23

Driver aborting after search
