INFO     Running translator.
INFO     translator stdin: None
INFO     translator time limit: 1799.96s
INFO     translator memory limit: 3584 MB
INFO     translator command line string: /infai/weidan00/downward/experiments/bachelor/.venv/bin/python3 /infai/weidan00/downward/experiments/bachelor/data/bachelor-v1/code-7aa5f34_e5e41175/builds/release/bin/translate/translate.py domain.pddl problem.pddl --sas-file output.sas
Parsing...
Parsing: [0.000s CPU, 0.009s wall-clock]
Normalizing task... [0.000s CPU, 0.001s wall-clock]
Instantiating...
Generating Datalog program... [0.010s CPU, 0.002s wall-clock]
Normalizing Datalog program...
Normalizing Datalog program: [0.010s CPU, 0.015s wall-clock]
Preparing model... [0.010s CPU, 0.008s wall-clock]
Generated 284 rules.
Computing model... [0.400s CPU, 0.407s wall-clock]
12075 relevant atoms
20466 auxiliary atoms
32541 final queue length
79327 total queue pushes
Completing instantiation... [0.960s CPU, 0.961s wall-clock]
Instantiating: [1.400s CPU, 1.405s wall-clock]
Computing fact groups...
Finding invariants...
22 initial candidates
Finding invariants: [0.080s CPU, 0.083s wall-clock]
Checking invariant weight... [0.000s CPU, 0.001s wall-clock]
Instantiating groups... [0.020s CPU, 0.011s wall-clock]
Collecting mutex groups... [0.000s CPU, 0.001s wall-clock]
Choosing groups...
330 uncovered facts
Choosing groups: [0.000s CPU, 0.003s wall-clock]
Building translation key... [0.000s CPU, 0.002s wall-clock]
Computing fact groups: [0.110s CPU, 0.108s wall-clock]
Building STRIPS to SAS dictionary... [0.000s CPU, 0.001s wall-clock]
Building dictionary for full mutex groups... [0.000s CPU, 0.002s wall-clock]
Building mutex information...
Building mutex information: [0.000s CPU, 0.001s wall-clock]
Translating task...
Processing axioms...
Simplifying axioms... [0.000s CPU, 0.000s wall-clock]
Processing axioms: [0.040s CPU, 0.035s wall-clock]
Translating task: [1.040s CPU, 1.040s wall-clock]
8142 effect conditions simplified
0 implied preconditions added
Detecting unreachable propositions...
0 operators removed
0 axioms removed
1 propositions removed
Detecting unreachable propositions: [0.520s CPU, 0.524s wall-clock]
Reordering and filtering variables...
342 of 356 variables necessary.
68 of 94 mutex groups necessary.
10887 of 10895 operators necessary.
0 of 0 axiom rules necessary.
Reordering and filtering variables: [0.230s CPU, 0.228s wall-clock]
Translator variables: 342
Translator derived variables: 0
Translator facts: 1012
Translator goal facts: 4
Translator mutex groups: 68
Translator total mutex groups size: 873
Translator operators: 10887
Translator axioms: 0
Translator task size: 116538
Translator peak memory: 227732 KB
Writing output... [0.190s CPU, 0.214s wall-clock]
Done! [3.530s CPU, 3.573s wall-clock]
translate exit code: 0

INFO     Running search (release).
INFO     search stdin: output.sas
INFO     search time limit: 1796.33s
INFO     search memory limit: 3584 MB
INFO     search command line string: /infai/weidan00/downward/experiments/bachelor/data/bachelor-v1/code-7aa5f34_e5e41175/builds/release/bin/downward --search 'eager_wastar([pinch_tracking()], w=2)' --internal-plan-file sas_plan < output.sas
[t=6.5575e-05s, 17204 KB] reading input...
[t=0.103686s, 21800 KB] done reading input!
[t=0.115148s, 26720 KB] Simplifying 61654 unary operators... done! [60554 unary operators]
[t=0.252788s, 32112 KB] time to simplify: 0.137757s
[t=0.25693s, 32112 KB] Initializing pinch tracking heuristic...
[t=0.257169s, 32112 KB] Building successor generator...done!
[t=0.26397s, 32112 KB] peak memory difference for successor generator creation: 0 KB
[t=0.264016s, 32112 KB] time for successor generation creation: 0.00662s
[t=0.264159s, 32112 KB] Variables: 342
[t=0.264208s, 32112 KB] FactPairs: 1012
[t=0.264248s, 32112 KB] Bytes per state: 56
[t=0.264404s, 32112 KB] Conducting best first search with reopening closed nodes, (real) bound = 2147483647
[t=0.271873s, 32112 KB] New best heuristic value for pinch_tracking: 465
[t=0.271975s, 32112 KB] g=0, 1 evaluated, 0 expanded
[t=0.272032s, 32112 KB] Initial heuristic value for pinch_tracking: 465
[t=0.272075s, 32112 KB] pruning method: none
[t=0.277762s, 32112 KB] New best heuristic value for pinch_tracking: 459
[t=0.277859s, 32112 KB] g=1, 2 evaluated, 1 expanded
[t=0.329903s, 32112 KB] New best heuristic value for pinch_tracking: 456
[t=0.330022s, 32112 KB] g=2, 9 evaluated, 2 expanded
[t=0.409659s, 32824 KB] New best heuristic value for pinch_tracking: 447
[t=0.409782s, 32824 KB] g=4, 20 evaluated, 5 expanded
[t=0.437034s, 32824 KB] New best heuristic value for pinch_tracking: 442
[t=0.437155s, 32824 KB] g=5, 24 evaluated, 6 expanded
[t=0.440552s, 32824 KB] New best heuristic value for pinch_tracking: 441
[t=0.440647s, 32824 KB] g=5, 25 evaluated, 6 expanded
[t=0.475649s, 32824 KB] New best heuristic value for pinch_tracking: 435
[t=0.47576s, 32824 KB] g=6, 30 evaluated, 7 expanded
[t=0.81104s, 33376 KB] New best heuristic value for pinch_tracking: 418
[t=0.811157s, 33376 KB] g=9, 80 evaluated, 22 expanded, 2 reopened
[t=0.851887s, 33632 KB] New best heuristic value for pinch_tracking: 412
[t=0.852007s, 33632 KB] g=10, 86 evaluated, 23 expanded, 2 reopened
[t=1.32546s, 33868 KB] New best heuristic value for pinch_tracking: 407
[t=1.32558s, 33868 KB] g=15, 157 evaluated, 43 expanded, 2 reopened
[t=1.35122s, 33868 KB] New best heuristic value for pinch_tracking: 404
[t=1.35134s, 33868 KB] g=16, 162 evaluated, 44 expanded, 2 reopened
[t=1.35709s, 33868 KB] New best heuristic value for pinch_tracking: 398
[t=1.35719s, 33868 KB] g=16, 163 evaluated, 44 expanded, 2 reopened
[t=1.44039s, 33868 KB] New best heuristic value for pinch_tracking: 388
[t=1.44051s, 33868 KB] g=17, 177 evaluated, 47 expanded, 2 reopened
[t=1.90005s, 34548 KB] New best heuristic value for pinch_tracking: 387
[t=1.90018s, 34548 KB] g=21, 250 evaluated, 68 expanded, 2 reopened
[t=2.5032s, 34788 KB] New best heuristic value for pinch_tracking: 378
[t=2.50332s, 34788 KB] g=23, 346 evaluated, 100 expanded, 2 reopened
[t=2.53381s, 34788 KB] New best heuristic value for pinch_tracking: 366
[t=2.53393s, 34788 KB] g=24, 351 evaluated, 101 expanded, 2 reopened
[t=2.5709s, 34788 KB] New best heuristic value for pinch_tracking: 349
[t=2.571s, 34788 KB] g=25, 358 evaluated, 102 expanded, 2 reopened
[t=2.59263s, 34788 KB] New best heuristic value for pinch_tracking: 333
[t=2.59275s, 34788 KB] g=26, 362 evaluated, 103 expanded, 2 reopened
[t=2.61723s, 34788 KB] New best heuristic value for pinch_tracking: 331
[t=2.61734s, 34788 KB] g=27, 366 evaluated, 104 expanded, 2 reopened
[t=2.63618s, 34788 KB] New best heuristic value for pinch_tracking: 315
[t=2.63629s, 34788 KB] g=27, 370 evaluated, 104 expanded, 2 reopened
[t=2.65333s, 34788 KB] New best heuristic value for pinch_tracking: 312
[t=2.65344s, 34788 KB] g=28, 373 evaluated, 105 expanded, 2 reopened
[t=2.695s, 34788 KB] New best heuristic value for pinch_tracking: 310
[t=2.69512s, 34788 KB] g=29, 382 evaluated, 106 expanded, 2 reopened
[t=2.80051s, 34788 KB] New best heuristic value for pinch_tracking: 309
[t=2.80064s, 34788 KB] g=32, 405 evaluated, 111 expanded, 2 reopened
[t=2.98798s, 34788 KB] New best heuristic value for pinch_tracking: 308
[t=2.98809s, 34788 KB] g=34, 445 evaluated, 121 expanded, 2 reopened
[t=4.46246s, 34788 KB] New best heuristic value for pinch_tracking: 305
[t=4.46258s, 34788 KB] g=31, 759 evaluated, 225 expanded, 11 reopened
[t=5.53975s, 34788 KB] New best heuristic value for pinch_tracking: 301
[t=5.53986s, 34788 KB] g=39, 988 evaluated, 316 expanded, 14 reopened
[t=5.55744s, 34788 KB] New best heuristic value for pinch_tracking: 289
[t=5.55755s, 34788 KB] g=40, 993 evaluated, 317 expanded, 14 reopened
[t=5.72122s, 34788 KB] New best heuristic value for pinch_tracking: 284
[t=5.72133s, 34788 KB] g=46, 1028 evaluated, 328 expanded, 14 reopened
[t=5.78025s, 34788 KB] New best heuristic value for pinch_tracking: 283
[t=5.78037s, 34788 KB] g=48, 1040 evaluated, 331 expanded, 14 reopened
[t=6.39231s, 34788 KB] New best heuristic value for pinch_tracking: 280
[t=6.39242s, 34788 KB] g=60, 1189 evaluated, 379 expanded, 14 reopened
[t=6.5433s, 34788 KB] New best heuristic value for pinch_tracking: 275
[t=6.54342s, 34788 KB] g=66, 1226 evaluated, 391 expanded, 14 reopened
[t=6.8315s, 34788 KB] New best heuristic value for pinch_tracking: 274
[t=6.83162s, 34788 KB] g=56, 1296 evaluated, 415 expanded, 14 reopened
[t=6.8487s, 34788 KB] New best heuristic value for pinch_tracking: 263
[t=6.84881s, 34788 KB] g=57, 1301 evaluated, 416 expanded, 14 reopened
[t=6.87484s, 34788 KB] New best heuristic value for pinch_tracking: 257
[t=6.87495s, 34788 KB] g=58, 1308 evaluated, 417 expanded, 14 reopened
[t=6.95268s, 34788 KB] New best heuristic value for pinch_tracking: 248
[t=6.9528s, 34788 KB] g=60, 1327 evaluated, 422 expanded, 14 reopened
[t=7.06713s, 35056 KB] New best heuristic value for pinch_tracking: 235
[t=7.06725s, 35056 KB] g=62, 1357 evaluated, 431 expanded, 14 reopened
[t=40.0256s, 36132 KB] New best heuristic value for pinch_tracking: 225
[t=40.0257s, 36132 KB] g=84, 9673 evaluated, 3387 expanded, 41 reopened
[t=40.038s, 36132 KB] New best heuristic value for pinch_tracking: 218
[t=40.0381s, 36132 KB] g=85, 9678 evaluated, 3388 expanded, 41 reopened
[t=40.8865s, 36132 KB] New best heuristic value for pinch_tracking: 217
[t=40.8866s, 36132 KB] g=95, 10068 evaluated, 3491 expanded, 47 reopened
[t=41.235s, 36132 KB] New best heuristic value for pinch_tracking: 212
[t=41.2351s, 36132 KB] g=100, 10257 evaluated, 3547 expanded, 47 reopened
[t=45.2992s, 36132 KB] New best heuristic value for pinch_tracking: 209
[t=45.2993s, 36132 KB] g=108, 12217 evaluated, 4172 expanded, 67 reopened
[t=45.308s, 36132 KB] New best heuristic value for pinch_tracking: 207
[t=45.3082s, 36132 KB] g=109, 12224 evaluated, 4173 expanded, 67 reopened
[t=45.3254s, 36132 KB] New best heuristic value for pinch_tracking: 201
[t=45.3255s, 36132 KB] g=111, 12236 evaluated, 4175 expanded, 67 reopened
[t=45.3284s, 36132 KB] New best heuristic value for pinch_tracking: 200
[t=45.3285s, 36132 KB] g=112, 12238 evaluated, 4176 expanded, 67 reopened
[t=45.333s, 36132 KB] New best heuristic value for pinch_tracking: 194
[t=45.3331s, 36132 KB] g=112, 12242 evaluated, 4176 expanded, 67 reopened
[t=45.3363s, 36132 KB] New best heuristic value for pinch_tracking: 185
[t=45.3364s, 36132 KB] g=113, 12244 evaluated, 4177 expanded, 67 reopened
[t=45.3467s, 36132 KB] New best heuristic value for pinch_tracking: 167
[t=45.3468s, 36132 KB] g=114, 12252 evaluated, 4178 expanded, 67 reopened
[t=45.3616s, 36424 KB] New best heuristic value for pinch_tracking: 159
[t=45.3617s, 36424 KB] g=115, 12265 evaluated, 4179 expanded, 67 reopened
[t=45.3708s, 36424 KB] New best heuristic value for pinch_tracking: 154
[t=45.3709s, 36424 KB] g=116, 12273 evaluated, 4180 expanded, 67 reopened
[t=45.3748s, 36424 KB] New best heuristic value for pinch_tracking: 150
[t=45.3749s, 36424 KB] g=116, 12276 evaluated, 4180 expanded, 67 reopened
[t=45.3816s, 36424 KB] New best heuristic value for pinch_tracking: 143
[t=45.3817s, 36424 KB] g=117, 12283 evaluated, 4181 expanded, 67 reopened
[t=57.2622s, 37608 KB] New best heuristic value for pinch_tracking: 141
[t=57.2623s, 37608 KB] g=127, 22369 evaluated, 5717 expanded, 67 reopened
[t=57.2665s, 37608 KB] New best heuristic value for pinch_tracking: 139
[t=57.2666s, 37608 KB] g=128, 22375 evaluated, 5718 expanded, 67 reopened
[t=57.2708s, 37608 KB] New best heuristic value for pinch_tracking: 136
[t=57.2709s, 37608 KB] g=128, 22381 evaluated, 5718 expanded, 67 reopened
[t=57.2731s, 37608 KB] New best heuristic value for pinch_tracking: 134
[t=57.2732s, 37608 KB] g=129, 22386 evaluated, 5719 expanded, 67 reopened
[t=57.2753s, 37608 KB] New best heuristic value for pinch_tracking: 132
[t=57.2753s, 37608 KB] g=129, 22389 evaluated, 5719 expanded, 67 reopened
[t=57.2776s, 37608 KB] New best heuristic value for pinch_tracking: 128
[t=57.2777s, 37608 KB] g=129, 22392 evaluated, 5719 expanded, 67 reopened
[t=57.2799s, 37608 KB] New best heuristic value for pinch_tracking: 126
[t=57.28s, 37608 KB] g=130, 22397 evaluated, 5720 expanded, 67 reopened
[t=57.2841s, 37608 KB] New best heuristic value for pinch_tracking: 124
[t=57.2841s, 37608 KB] g=130, 22403 evaluated, 5720 expanded, 67 reopened
[t=57.2851s, 37608 KB] New best heuristic value for pinch_tracking: 122
[t=57.2852s, 37608 KB] g=130, 22404 evaluated, 5720 expanded, 67 reopened
[t=57.288s, 37608 KB] New best heuristic value for pinch_tracking: 120
[t=57.2881s, 37608 KB] g=131, 22409 evaluated, 5721 expanded, 67 reopened
[t=57.3021s, 37608 KB] New best heuristic value for pinch_tracking: 118
[t=57.3022s, 37608 KB] g=132, 22428 evaluated, 5722 expanded, 67 reopened
[t=58.265s, 37852 KB] New best heuristic value for pinch_tracking: 117
[t=58.2652s, 37852 KB] g=131, 23599 evaluated, 5860 expanded, 67 reopened
[t=58.2678s, 37852 KB] New best heuristic value for pinch_tracking: 115
[t=58.2679s, 37852 KB] g=132, 23604 evaluated, 5861 expanded, 67 reopened
[t=58.2793s, 37852 KB] New best heuristic value for pinch_tracking: 113
[t=58.2794s, 37852 KB] g=133, 23621 evaluated, 5862 expanded, 67 reopened
[t=72.7425s, 40388 KB] New best heuristic value for pinch_tracking: 112
[t=72.7426s, 40388 KB] g=140, 43030 evaluated, 9200 expanded, 146 reopened
[t=72.7442s, 40388 KB] New best heuristic value for pinch_tracking: 109
[t=72.7442s, 40388 KB] g=141, 43033 evaluated, 9201 expanded, 146 reopened
[t=141.268s, 54640 KB] New best heuristic value for pinch_tracking: 106
[t=141.269s, 54640 KB] g=140, 145798 evaluated, 29851 expanded, 3251 reopened
[t=278.009s, 78232 KB] New best heuristic value for pinch_tracking: 103
[t=278.009s, 78232 KB] g=138, 341522 evaluated, 70629 expanded, 8267 reopened
[t=278.023s, 78232 KB] New best heuristic value for pinch_tracking: 97
[t=278.023s, 78232 KB] g=139, 341542 evaluated, 70630 expanded, 8267 reopened
[t=278.031s, 78232 KB] New best heuristic value for pinch_tracking: 95
[t=278.031s, 78232 KB] g=140, 341552 evaluated, 70631 expanded, 8267 reopened
[t=278.037s, 78232 KB] New best heuristic value for pinch_tracking: 93
[t=278.038s, 78232 KB] g=140, 341562 evaluated, 70631 expanded, 8267 reopened
[t=278.043s, 78232 KB] New best heuristic value for pinch_tracking: 90
[t=278.043s, 78232 KB] g=141, 341568 evaluated, 70632 expanded, 8267 reopened
[t=278.053s, 78232 KB] New best heuristic value for pinch_tracking: 88
[t=278.053s, 78232 KB] g=142, 341582 evaluated, 70633 expanded, 8267 reopened
Peak memory: 348416 KB
caught signal 24 -- exiting
Time limit has been reached.
Remove intermediate file output.sas
search exit code: 23

Driver aborting after search
