INFO     Running translator.
INFO     translator stdin: None
INFO     translator time limit: 1799.96s
INFO     translator memory limit: 3584 MB
INFO     translator command line string: /infai/weidan00/downward/experiments/bachelor/.venv/bin/python3 /infai/weidan00/downward/experiments/bachelor/data/bachelor-v1/code-7aa5f34_e5e41175/builds/release/bin/translate/translate.py domain.pddl problem.pddl --sas-file output.sas
Parsing...
Parsing: [0.010s CPU, 0.004s wall-clock]
Normalizing task... [0.000s CPU, 0.000s wall-clock]
Instantiating...
Generating Datalog program... [0.000s CPU, 0.001s wall-clock]
Normalizing Datalog program...
Normalizing Datalog program: [0.000s CPU, 0.002s wall-clock]
Preparing model... [0.000s CPU, 0.003s wall-clock]
Generated 39 rules.
Computing model... [0.140s CPU, 0.135s wall-clock]
4831 relevant atoms
1482 auxiliary atoms
6313 final queue length
61846 total queue pushes
Completing instantiation... [2.460s CPU, 2.463s wall-clock]
Instantiating: [2.600s CPU, 2.607s wall-clock]
Computing fact groups...
Finding invariants...
19 initial candidates
Finding invariants: [0.010s CPU, 0.007s wall-clock]
Checking invariant weight... [0.000s CPU, 0.000s wall-clock]
Instantiating groups... [0.000s CPU, 0.001s wall-clock]
Collecting mutex groups... [0.000s CPU, 0.000s wall-clock]
Choosing groups...
311 uncovered facts
Choosing groups: [0.000s CPU, 0.000s wall-clock]
Building translation key... [0.000s CPU, 0.001s wall-clock]
Computing fact groups: [0.010s CPU, 0.013s wall-clock]
Building STRIPS to SAS dictionary... [0.000s CPU, 0.000s wall-clock]
Building dictionary for full mutex groups... [0.000s CPU, 0.000s wall-clock]
Building mutex information...
Building mutex information: [0.010s CPU, 0.000s wall-clock]
Translating task...
Processing axioms...
Simplifying axioms... [0.000s CPU, 0.000s wall-clock]
Processing axioms: [0.040s CPU, 0.044s wall-clock]
Translating task: [0.840s CPU, 0.852s wall-clock]
6808 effect conditions simplified
0 implied preconditions added
Detecting unreachable propositions...
299 operators removed
0 axioms removed
45 propositions removed
Detecting unreachable propositions: [0.320s CPU, 0.314s wall-clock]
Reordering and filtering variables...
302 of 302 variables necessary.
0 of 9 mutex groups necessary.
3763 of 3763 operators necessary.
0 of 0 axiom rules necessary.
Reordering and filtering variables: [0.150s CPU, 0.150s wall-clock]
Translator variables: 302
Translator derived variables: 0
Translator facts: 673
Translator goal facts: 7
Translator mutex groups: 0
Translator total mutex groups size: 0
Translator operators: 3763
Translator axioms: 0
Translator task size: 78887
Translator peak memory: 197068 KB
Writing output... [0.140s CPU, 0.138s wall-clock]
Done! [4.100s CPU, 4.109s wall-clock]
translate exit code: 0

INFO     Running search (release).
INFO     search stdin: output.sas
INFO     search time limit: 1795.8s
INFO     search memory limit: 3584 MB
INFO     search command line string: /infai/weidan00/downward/experiments/bachelor/data/bachelor-v1/code-7aa5f34_e5e41175/builds/release/bin/downward --search 'eager_wastar([add()], w=2)' --internal-plan-file sas_plan < output.sas
[t=6.3862e-05s, 17204 KB] reading input...
[t=0.0686642s, 19812 KB] done reading input!
[t=0.0769827s, 22908 KB] Simplifying 35513 unary operators... done! [35513 unary operators]
[t=0.18462s, 26136 KB] time to simplify: 0.107738s
[t=0.187586s, 26136 KB] Initializing additive heuristic...
[t=0.187808s, 26136 KB] Building successor generator...done!
[t=0.190405s, 26136 KB] peak memory difference for successor generator creation: 0 KB
[t=0.190452s, 26136 KB] time for successor generation creation: 0.0024468s
[t=0.190537s, 26136 KB] Variables: 302
[t=0.190577s, 26136 KB] FactPairs: 673
[t=0.190616s, 26136 KB] Bytes per state: 40
[t=0.190763s, 26136 KB] Conducting best first search with reopening closed nodes, (real) bound = 2147483647
[t=0.191661s, 26136 KB] New best heuristic value for add: 165
[t=0.191721s, 26136 KB] g=0, 1 evaluated, 0 expanded
[t=0.191777s, 26136 KB] Initial heuristic value for add: 165
[t=0.191818s, 26136 KB] pruning method: none
[t=0.192525s, 26136 KB] New best heuristic value for add: 153
[t=0.192579s, 26136 KB] g=1, 2 evaluated, 1 expanded
[t=0.193255s, 26136 KB] New best heuristic value for add: 151
[t=0.193307s, 26136 KB] g=1, 3 evaluated, 1 expanded
[t=0.194611s, 26136 KB] New best heuristic value for add: 137
[t=0.194666s, 26136 KB] g=2, 5 evaluated, 2 expanded
[t=0.195967s, 26136 KB] New best heuristic value for add: 135
[t=0.196021s, 26136 KB] g=3, 7 evaluated, 3 expanded
[t=0.196698s, 26136 KB] New best heuristic value for add: 125
[t=0.196751s, 26136 KB] g=3, 8 evaluated, 3 expanded
[t=0.197435s, 26136 KB] New best heuristic value for add: 123
[t=0.197487s, 26136 KB] g=4, 9 evaluated, 4 expanded
[t=0.240808s, 26136 KB] New best heuristic value for add: 120
[t=0.240919s, 26136 KB] g=13, 82 evaluated, 58 expanded
[t=0.24253s, 26136 KB] New best heuristic value for add: 108
[t=0.242602s, 26136 KB] g=14, 85 evaluated, 59 expanded
[t=0.244727s, 26136 KB] New best heuristic value for add: 100
[t=0.244801s, 26136 KB] g=15, 89 evaluated, 60 expanded
[t=0.292165s, 26136 KB] New best heuristic value for add: 99
[t=0.292269s, 26136 KB] g=20, 182 evaluated, 151 expanded, 6 reopened
[t=0.29385s, 26136 KB] New best heuristic value for add: 91
[t=0.293926s, 26136 KB] g=21, 185 evaluated, 152 expanded, 6 reopened
[t=0.34621s, 26136 KB] New best heuristic value for add: 81
[t=0.346317s, 26136 KB] g=34, 292 evaluated, 270 expanded, 28 reopened
[t=0.348157s, 26136 KB] New best heuristic value for add: 80
[t=0.348231s, 26136 KB] g=35, 297 evaluated, 273 expanded, 28 reopened
[t=0.349076s, 26136 KB] New best heuristic value for add: 79
[t=0.349136s, 26136 KB] g=36, 299 evaluated, 274 expanded, 28 reopened
[t=0.349578s, 26136 KB] New best heuristic value for add: 78
[t=0.349632s, 26136 KB] g=37, 300 evaluated, 275 expanded, 28 reopened
[t=0.364661s, 26136 KB] New best heuristic value for add: 76
[t=0.364766s, 26136 KB] g=41, 339 evaluated, 312 expanded, 28 reopened
[t=0.365179s, 26136 KB] New best heuristic value for add: 68
[t=0.365239s, 26136 KB] g=41, 340 evaluated, 312 expanded, 28 reopened
[t=0.365659s, 26136 KB] New best heuristic value for add: 66
[t=0.365712s, 26136 KB] g=42, 341 evaluated, 313 expanded, 28 reopened
[t=0.366824s, 26136 KB] New best heuristic value for add: 64
[t=0.366878s, 26136 KB] g=43, 344 evaluated, 314 expanded, 28 reopened
[t=0.36729s, 26136 KB] New best heuristic value for add: 62
[t=0.367341s, 26136 KB] g=44, 345 evaluated, 315 expanded, 28 reopened
[t=0.367764s, 26136 KB] New best heuristic value for add: 60
[t=0.367816s, 26136 KB] g=45, 346 evaluated, 316 expanded, 28 reopened
[t=0.368223s, 26136 KB] New best heuristic value for add: 58
[t=0.368274s, 26136 KB] g=46, 347 evaluated, 317 expanded, 28 reopened
[t=0.369041s, 26136 KB] New best heuristic value for add: 56
[t=0.369093s, 26136 KB] g=47, 349 evaluated, 318 expanded, 28 reopened
[t=0.394302s, 26136 KB] New best heuristic value for add: 55
[t=0.394413s, 26136 KB] g=53, 422 evaluated, 390 expanded, 28 reopened
[t=0.394776s, 26136 KB] New best heuristic value for add: 49
[t=0.394834s, 26136 KB] g=54, 423 evaluated, 391 expanded, 28 reopened
[t=0.395499s, 26136 KB] New best heuristic value for add: 43
[t=0.395551s, 26136 KB] g=55, 425 evaluated, 392 expanded, 28 reopened
[t=0.396216s, 26136 KB] New best heuristic value for add: 37
[t=0.396268s, 26136 KB] g=56, 427 evaluated, 393 expanded, 28 reopened
[t=0.397232s, 26136 KB] New best heuristic value for add: 31
[t=0.397283s, 26136 KB] g=57, 430 evaluated, 394 expanded, 28 reopened
[t=0.397643s, 26136 KB] New best heuristic value for add: 25
[t=0.397694s, 26136 KB] g=58, 431 evaluated, 395 expanded, 28 reopened
[t=0.398052s, 26136 KB] New best heuristic value for add: 19
[t=0.39811s, 26136 KB] g=59, 432 evaluated, 396 expanded, 28 reopened
[t=0.398469s, 26136 KB] New best heuristic value for add: 13
[t=0.398519s, 26136 KB] g=60, 433 evaluated, 397 expanded, 28 reopened
[t=0.399154s, 26136 KB] New best heuristic value for add: 7
[t=0.399205s, 26136 KB] g=61, 435 evaluated, 398 expanded, 28 reopened
[t=0.400393s, 26136 KB] New best heuristic value for add: 5
[t=0.400447s, 26136 KB] g=62, 439 evaluated, 399 expanded, 28 reopened
[t=6.98791s, 26136 KB] New best heuristic value for add: 4
[t=6.98802s, 26136 KB] g=64, 18849 evaluated, 22586 expanded, 5026 reopened
[t=8.43889s, 26136 KB] New best heuristic value for add: 3
[t=8.43901s, 26136 KB] g=77, 22973 evaluated, 29095 expanded, 7578 reopened
[t=51.8782s, 34228 KB] New best heuristic value for add: 2
[t=51.8783s, 34228 KB] g=68, 143621 evaluated, 263938 expanded, 128461 reopened
[t=51.8786s, 34228 KB] New best heuristic value for add: 1
[t=51.8787s, 34228 KB] g=69, 143622 evaluated, 263939 expanded, 128461 reopened
[t=51.8788s, 34228 KB] New best heuristic value for add: 0
[t=51.8788s, 34228 KB] g=70, 143623 evaluated, 263940 expanded, 128461 reopened
[t=51.8789s, 34228 KB] Solution found!
[t=51.8789s, 34228 KB] Actual search time: 51.6871s
move pos-0-0 pos-1-0 (1)
move pos-1-0 pos-2-0 (1)
start-painting pos-2-0 g1 n1 n0 (1)
end-painting g1 (1)
move pos-2-0 pos-2-1 (1)
move pos-2-1 pos-2-2 (1)
move pos-2-2 pos-2-3 (1)
move pos-2-3 pos-2-4 (1)
start-painting pos-2-4 g5 n5 n4 (1)
move-painting pos-2-4 pos-3-4 g5 n4 n3 (1)
move-painting pos-3-4 pos-3-5 g5 n3 n2 (1)
move-painting pos-3-5 pos-4-5 g5 n2 n1 (1)
move-painting pos-4-5 pos-4-4 g5 n1 n0 (1)
end-painting g5 (1)
move pos-4-4 pos-4-3 (1)
move pos-4-3 pos-3-3 (1)
move pos-3-3 pos-2-3 (1)
move pos-2-3 pos-1-3 (1)
move pos-1-3 pos-1-2 (1)
start-painting pos-1-2 g3 n5 n4 (1)
move-painting pos-1-2 pos-2-2 g3 n4 n3 (1)
move-painting pos-2-2 pos-3-2 g3 n3 n2 (1)
move-painting pos-3-2 pos-4-2 g3 n2 n1 (1)
move-painting pos-4-2 pos-5-2 g3 n1 n0 (1)
end-painting g3 (1)
move pos-5-2 pos-5-1 (1)
move pos-5-1 pos-4-1 (1)
move pos-4-1 pos-3-1 (1)
move pos-3-1 pos-2-1 (1)
move pos-2-1 pos-1-1 (1)
move pos-1-1 pos-0-1 (1)
move pos-0-1 pos-0-0 (1)
start-painting pos-0-0 g0 n1 n0 (1)
end-painting g0 (1)
move pos-0-0 pos-0-1 (1)
move pos-0-1 pos-0-2 (1)
move pos-0-2 pos-0-3 (1)
start-painting pos-0-3 g4 n6 n5 (1)
move-painting pos-0-3 pos-0-4 g4 n5 n4 (1)
move-painting pos-0-4 pos-0-5 g4 n4 n3 (1)
move-painting pos-0-5 pos-0-6 g4 n3 n2 (1)
move-painting pos-0-6 pos-1-6 g4 n2 n1 (1)
move-painting pos-1-6 pos-2-6 g4 n1 n0 (1)
end-painting g4 (1)
move pos-2-6 pos-3-6 (1)
move pos-3-6 pos-4-6 (1)
move pos-4-6 pos-5-6 (1)
move pos-5-6 pos-6-6 (1)
move pos-6-6 pos-6-5 (1)
move pos-6-5 pos-6-4 (1)
move pos-6-4 pos-6-3 (1)
move pos-6-3 pos-6-2 (1)
move pos-6-2 pos-6-1 (1)
move pos-6-1 pos-6-0 (1)
move pos-6-0 pos-5-0 (1)
move pos-5-0 pos-4-0 (1)
start-painting pos-4-0 g2 n3 n2 (1)
move-painting pos-4-0 pos-5-0 g2 n2 n1 (1)
move-painting pos-5-0 pos-6-0 g2 n1 n0 (1)
end-painting g2 (1)
move pos-6-0 pos-6-1 (1)
move pos-6-1 pos-6-2 (1)
move pos-6-2 pos-6-3 (1)
move pos-6-3 pos-6-4 (1)
move pos-6-4 pos-6-5 (1)
move pos-6-5 pos-6-6 (1)
move pos-6-6 pos-5-6 (1)
start-painting pos-5-6 g6 n2 n1 (1)
move-painting pos-5-6 pos-6-6 g6 n1 n0 (1)
end-painting g6 (1)
[t=51.8789s, 34228 KB] Plan length: 70 step(s).
[t=51.8789s, 34228 KB] Plan cost: 70
[t=51.8789s, 34228 KB] Expanded 263941 state(s).
[t=51.8789s, 34228 KB] Reopened 128461 state(s).
[t=51.8789s, 34228 KB] Evaluated 143623 state(s).
[t=51.8789s, 34228 KB] Evaluations: 143623
[t=51.8789s, 34228 KB] Generated 667378 state(s).
[t=51.8789s, 34228 KB] Dead ends: 7286 state(s).
[t=51.8789s, 34228 KB] Number of registered states: 143623
[t=51.8789s, 34228 KB] Int hash set load factor: 143623/262144 = 0.547878
[t=51.8789s, 34228 KB] Int hash set resizes: 18
[t=51.8789s, 34228 KB] mean number of q cost that have been adjusted 0 times in relation to total number of q: -1
[t=51.8789s, 34228 KB] mean number of q cost that have been adjusted 1 times in relation to total number of q: -1
[t=51.8789s, 34228 KB] mean number of q cost that have been adjusted 2 times in relation to total number of q: -1
[t=51.8789s, 34228 KB] mean number of q that are at some point overconsitent in relation to total number of q: -1
[t=51.8789s, 34228 KB] mean number of q that are at first underconsisten in relation to total number of q: -1
[t=51.8789s, 34228 KB] mean number of state variables that are not in common between two following states in relation to total number of state variables: -1
[t=51.8789s, 34228 KB] variance number of state variables that are not in common between two following states in relation to total number of state variables: -1
[t=51.8789s, 34228 KB] Search time: 51.6882s
[t=51.8789s, 34228 KB] Total time: 51.8789s
Solution found.
Peak memory: 34228 KB
Remove intermediate file output.sas
search exit code: 0

INFO     Running validate.
INFO     validate stdin: None
INFO     validate time limit: None
INFO     validate memory limit: None
INFO     validate command line string: validate domain.pddl problem.pddl sas_plan
