INFO     Running translator.
INFO     translator stdin: None
INFO     translator time limit: 1799.96s
INFO     translator memory limit: 3584 MB
INFO     translator command line string: /infai/weidan00/downward/experiments/bachelor/.venv/bin/python3 /infai/weidan00/downward/experiments/bachelor/data/bachelor-v1/code-7aa5f34_e5e41175/builds/release/bin/translate/translate.py domain.pddl problem.pddl --sas-file output.sas
Parsing...
Parsing: [0.000s CPU, 0.005s wall-clock]
Normalizing task... [0.000s CPU, 0.000s wall-clock]
Instantiating...
Generating Datalog program... [0.010s CPU, 0.002s wall-clock]
Normalizing Datalog program...
Normalizing Datalog program: [0.010s CPU, 0.004s wall-clock]
Preparing model... [0.000s CPU, 0.005s wall-clock]
Generated 45 rules.
Computing model... [1.040s CPU, 1.049s wall-clock]
34761 relevant atoms
65273 auxiliary atoms
100034 final queue length
164076 total queue pushes
Completing instantiation... [2.030s CPU, 2.034s wall-clock]
Instantiating: [3.120s CPU, 3.124s wall-clock]
Computing fact groups...
Finding invariants...
18 initial candidates
Finding invariants: [0.050s CPU, 0.047s wall-clock]
Checking invariant weight... [0.000s CPU, 0.002s wall-clock]
Instantiating groups... [0.020s CPU, 0.025s wall-clock]
Collecting mutex groups... [0.000s CPU, 0.002s wall-clock]
Choosing groups...
132 uncovered facts
Choosing groups: [0.000s CPU, 0.005s wall-clock]
Building translation key... [0.000s CPU, 0.003s wall-clock]
Computing fact groups: [0.090s CPU, 0.094s wall-clock]
Building STRIPS to SAS dictionary... [0.000s CPU, 0.002s wall-clock]
Building dictionary for full mutex groups... [0.010s CPU, 0.002s wall-clock]
Building mutex information...
Building mutex information: [0.000s CPU, 0.001s wall-clock]
Translating task...
Processing axioms...
Simplifying axioms... [0.000s CPU, 0.000s wall-clock]
Processing axioms: [0.070s CPU, 0.070s wall-clock]
Translating task: [1.480s CPU, 1.492s wall-clock]
0 effect conditions simplified
0 implied preconditions added
Detecting unreachable propositions...
0 operators removed
0 axioms removed
535 propositions removed
Detecting unreachable propositions: [0.880s CPU, 0.882s wall-clock]
Reordering and filtering variables...
271 of 271 variables necessary.
0 of 271 mutex groups necessary.
32788 of 32788 operators necessary.
0 of 0 axiom rules necessary.
Reordering and filtering variables: [0.200s CPU, 0.198s wall-clock]
Translator variables: 271
Translator derived variables: 0
Translator facts: 1651
Translator goal facts: 18
Translator mutex groups: 0
Translator total mutex groups size: 0
Translator operators: 32788
Translator axioms: 0
Translator task size: 198206
Translator peak memory: 300988 KB
Writing output... [0.320s CPU, 0.357s wall-clock]
Done! [6.180s CPU, 6.240s wall-clock]
translate exit code: 0

INFO     Running search (release).
INFO     search stdin: output.sas
INFO     search time limit: 1793.69s
INFO     search memory limit: 3584 MB
INFO     search command line string: /infai/weidan00/downward/experiments/bachelor/data/bachelor-v1/code-7aa5f34_e5e41175/builds/release/bin/downward --search 'eager_wastar([add()], w=2)' --internal-plan-file sas_plan < output.sas
[t=6.6205e-05s, 17204 KB] reading input...
[t=0.21434s, 27152 KB] done reading input!
[t=0.226934s, 31068 KB] Simplifying 65422 unary operators... done! [65422 unary operators]
[t=0.338768s, 37284 KB] time to simplify: 0.118578s
[t=0.350174s, 37284 KB] Initializing additive heuristic...
[t=0.3504s, 37284 KB] Building successor generator...done!
[t=0.36695s, 37284 KB] peak memory difference for successor generator creation: 0 KB
[t=0.367008s, 37284 KB] time for successor generation creation: 0.0159853s
[t=0.367371s, 37284 KB] Variables: 271
[t=0.367426s, 37284 KB] FactPairs: 1651
[t=0.367466s, 37284 KB] Bytes per state: 92
[t=0.36762s, 37284 KB] Conducting best first search with reopening closed nodes, (real) bound = 2147483647
[t=0.36908s, 37284 KB] New best heuristic value for add: 250
[t=0.369154s, 37284 KB] g=0, 1 evaluated, 0 expanded
[t=0.369212s, 37284 KB] Initial heuristic value for add: 250
[t=0.369254s, 37284 KB] pruning method: none
[t=0.370363s, 37284 KB] New best heuristic value for add: 237
[t=0.370434s, 37284 KB] g=1, 2 evaluated, 1 expanded
[t=0.37244s, 37284 KB] New best heuristic value for add: 200
[t=0.372528s, 37284 KB] g=1, 4 evaluated, 1 expanded
[t=0.381303s, 37284 KB] New best heuristic value for add: 194
[t=0.381411s, 37284 KB] g=2, 13 evaluated, 2 expanded
[t=0.406586s, 37284 KB] New best heuristic value for add: 188
[t=0.4067s, 37284 KB] g=3, 40 evaluated, 3 expanded
[t=0.431803s, 37284 KB] New best heuristic value for add: 186
[t=0.431909s, 37284 KB] g=4, 67 evaluated, 4 expanded
[t=0.432889s, 37284 KB] New best heuristic value for add: 183
[t=0.432974s, 37284 KB] g=4, 68 evaluated, 4 expanded
[t=0.443035s, 37284 KB] New best heuristic value for add: 182
[t=0.443135s, 37284 KB] g=4, 79 evaluated, 4 expanded
[t=0.456223s, 37284 KB] New best heuristic value for add: 180
[t=0.456318s, 37284 KB] g=5, 93 evaluated, 5 expanded
[t=0.457284s, 37284 KB] New best heuristic value for add: 177
[t=0.457357s, 37284 KB] g=5, 94 evaluated, 5 expanded
[t=0.467269s, 37284 KB] New best heuristic value for add: 176
[t=0.467367s, 37284 KB] g=5, 105 evaluated, 5 expanded
[t=0.480288s, 37284 KB] New best heuristic value for add: 174
[t=0.480392s, 37284 KB] g=6, 119 evaluated, 6 expanded
[t=0.481362s, 37284 KB] New best heuristic value for add: 171
[t=0.481447s, 37284 KB] g=6, 120 evaluated, 6 expanded
[t=0.503301s, 37284 KB] New best heuristic value for add: 169
[t=0.503403s, 37284 KB] g=7, 144 evaluated, 7 expanded
[t=0.504372s, 37284 KB] New best heuristic value for add: 166
[t=0.504458s, 37284 KB] g=7, 145 evaluated, 7 expanded
[t=0.526204s, 37284 KB] New best heuristic value for add: 164
[t=0.526309s, 37284 KB] g=8, 169 evaluated, 8 expanded
[t=0.531762s, 37284 KB] New best heuristic value for add: 162
[t=0.531866s, 37284 KB] g=8, 175 evaluated, 8 expanded
[t=0.53453s, 37284 KB] New best heuristic value for add: 161
[t=0.534639s, 37284 KB] g=8, 178 evaluated, 8 expanded
[t=0.547941s, 37284 KB] New best heuristic value for add: 159
[t=0.548045s, 37284 KB] g=9, 193 evaluated, 9 expanded
[t=0.552929s, 37284 KB] New best heuristic value for add: 157
[t=0.553031s, 37284 KB] g=9, 199 evaluated, 9 expanded
[t=0.555508s, 37284 KB] New best heuristic value for add: 156
[t=0.555606s, 37284 KB] g=9, 202 evaluated, 9 expanded
[t=0.568187s, 37284 KB] New best heuristic value for add: 154
[t=0.568299s, 37284 KB] g=10, 217 evaluated, 10 expanded
[t=0.573175s, 37284 KB] New best heuristic value for add: 152
[t=0.573276s, 37284 KB] g=10, 223 evaluated, 10 expanded
[t=0.587403s, 37284 KB] New best heuristic value for add: 150
[t=0.587506s, 37284 KB] g=11, 240 evaluated, 11 expanded
[t=0.592365s, 37284 KB] New best heuristic value for add: 148
[t=0.592468s, 37284 KB] g=11, 246 evaluated, 11 expanded
[t=0.604061s, 37284 KB] New best heuristic value for add: 146
[t=0.604165s, 37284 KB] g=12, 260 evaluated, 12 expanded
[t=0.611517s, 37284 KB] New best heuristic value for add: 145
[t=0.61162s, 37284 KB] g=12, 269 evaluated, 12 expanded
[t=0.613221s, 37284 KB] New best heuristic value for add: 144
[t=0.613317s, 37284 KB] g=12, 271 evaluated, 12 expanded
[t=0.622248s, 37284 KB] New best heuristic value for add: 138
[t=0.622353s, 37284 KB] g=13, 282 evaluated, 13 expanded
[t=0.6374s, 37284 KB] New best heuristic value for add: 131
[t=0.637505s, 37284 KB] g=14, 302 evaluated, 14 expanded
[t=0.645217s, 37284 KB] New best heuristic value for add: 118
[t=0.645323s, 37284 KB] g=14, 311 evaluated, 14 expanded
[t=0.656165s, 37284 KB] New best heuristic value for add: 116
[t=0.656269s, 37284 KB] g=15, 324 evaluated, 15 expanded
[t=0.660712s, 37284 KB] New best heuristic value for add: 115
[t=0.660808s, 37284 KB] g=15, 330 evaluated, 15 expanded
[t=0.662327s, 37284 KB] New best heuristic value for add: 114
[t=0.66242s, 37284 KB] g=15, 332 evaluated, 15 expanded
[t=0.677593s, 37284 KB] New best heuristic value for add: 112
[t=0.677695s, 37284 KB] g=16, 351 evaluated, 16 expanded
[t=0.682138s, 37284 KB] New best heuristic value for add: 111
[t=0.682247s, 37284 KB] g=16, 357 evaluated, 16 expanded
[t=0.698169s, 37284 KB] New best heuristic value for add: 109
[t=0.698266s, 37284 KB] g=17, 377 evaluated, 17 expanded
[t=0.703394s, 37284 KB] New best heuristic value for add: 108
[t=0.703487s, 37284 KB] g=17, 384 evaluated, 17 expanded
[t=0.719335s, 37284 KB] New best heuristic value for add: 106
[t=0.719434s, 37284 KB] g=18, 404 evaluated, 18 expanded
[t=0.724513s, 37284 KB] New best heuristic value for add: 105
[t=0.724604s, 37284 KB] g=18, 411 evaluated, 18 expanded
[t=0.739094s, 37284 KB] New best heuristic value for add: 103
[t=0.739193s, 37284 KB] g=19, 430 evaluated, 19 expanded
[t=0.744491s, 37284 KB] New best heuristic value for add: 102
[t=0.744586s, 37284 KB] g=19, 438 evaluated, 19 expanded
[t=0.758499s, 37284 KB] New best heuristic value for add: 100
[t=0.758597s, 37284 KB] g=20, 457 evaluated, 20 expanded
[t=0.776687s, 37284 KB] New best heuristic value for add: 98
[t=0.776791s, 37284 KB] g=21, 483 evaluated, 21 expanded
[t=0.794837s, 37284 KB] New best heuristic value for add: 97
[t=0.794937s, 37284 KB] g=22, 509 evaluated, 22 expanded
[t=0.795619s, 37284 KB] New best heuristic value for add: 96
[t=0.795694s, 37284 KB] g=22, 510 evaluated, 22 expanded
[t=0.810511s, 37284 KB] New best heuristic value for add: 94
[t=0.810613s, 37284 KB] g=23, 531 evaluated, 23 expanded
[t=0.820183s, 37284 KB] New best heuristic value for add: 90
[t=0.820281s, 37284 KB] g=24, 546 evaluated, 24 expanded
[t=0.832988s, 37284 KB] New best heuristic value for add: 89
[t=0.833085s, 37284 KB] g=25, 563 evaluated, 25 expanded
[t=0.833829s, 37284 KB] New best heuristic value for add: 88
[t=0.8339s, 37284 KB] g=25, 564 evaluated, 25 expanded
[t=0.848892s, 37284 KB] New best heuristic value for add: 87
[t=0.848993s, 37284 KB] g=26, 584 evaluated, 26 expanded
[t=0.850414s, 37284 KB] New best heuristic value for add: 86
[t=0.850496s, 37284 KB] g=26, 586 evaluated, 26 expanded
[t=0.866132s, 37284 KB] New best heuristic value for add: 85
[t=0.866229s, 37284 KB] g=27, 607 evaluated, 27 expanded
[t=0.88047s, 37284 KB] New best heuristic value for add: 84
[t=0.880564s, 37284 KB] g=28, 626 evaluated, 28 expanded
[t=0.89761s, 37284 KB] New best heuristic value for add: 83
[t=0.897707s, 37284 KB] g=29, 649 evaluated, 29 expanded
[t=0.9111s, 37284 KB] New best heuristic value for add: 82
[t=0.911197s, 37284 KB] g=30, 667 evaluated, 30 expanded
[t=0.929481s, 37284 KB] New best heuristic value for add: 81
[t=0.929576s, 37284 KB] g=31, 692 evaluated, 31 expanded
[t=0.942354s, 37284 KB] New best heuristic value for add: 80
[t=0.942451s, 37284 KB] g=32, 709 evaluated, 32 expanded
[t=0.959311s, 37284 KB] New best heuristic value for add: 79
[t=0.959404s, 37284 KB] g=33, 732 evaluated, 33 expanded
[t=0.984485s, 37284 KB] New best heuristic value for add: 78
[t=0.984581s, 37284 KB] g=33, 766 evaluated, 35 expanded
[t=1.00074s, 37284 KB] New best heuristic value for add: 77
[t=1.00084s, 37284 KB] g=34, 788 evaluated, 36 expanded
[t=1.01461s, 37284 KB] New best heuristic value for add: 76
[t=1.0147s, 37284 KB] g=35, 807 evaluated, 37 expanded
[t=1.20217s, 37284 KB] New best heuristic value for add: 74
[t=1.20228s, 37284 KB] g=38, 1061 evaluated, 50 expanded
[t=1.22264s, 37284 KB] New best heuristic value for add: 72
[t=1.22275s, 37284 KB] g=39, 1089 evaluated, 51 expanded
[t=1.23985s, 37284 KB] New best heuristic value for add: 70
[t=1.23995s, 37284 KB] g=40, 1113 evaluated, 52 expanded
[t=1.25689s, 37284 KB] New best heuristic value for add: 68
[t=1.257s, 37284 KB] g=41, 1138 evaluated, 53 expanded
[t=1.33464s, 37284 KB] New best heuristic value for add: 67
[t=1.33474s, 37284 KB] g=44, 1253 evaluated, 58 expanded
[t=1.35343s, 37284 KB] New best heuristic value for add: 66
[t=1.35353s, 37284 KB] g=45, 1281 evaluated, 59 expanded
[t=1.36751s, 37284 KB] New best heuristic value for add: 65
[t=1.36761s, 37284 KB] g=46, 1301 evaluated, 60 expanded
[t=1.38418s, 37284 KB] New best heuristic value for add: 64
[t=1.38428s, 37284 KB] g=47, 1326 evaluated, 61 expanded
[t=1.39872s, 37284 KB] New best heuristic value for add: 63
[t=1.39882s, 37284 KB] g=48, 1348 evaluated, 62 expanded
[t=1.85672s, 37284 KB] New best heuristic value for add: 61
[t=1.85683s, 37284 KB] g=51, 2035 evaluated, 96 expanded
[t=1.86936s, 37284 KB] New best heuristic value for add: 59
[t=1.86947s, 37284 KB] g=52, 2054 evaluated, 97 expanded
[t=2.11429s, 37284 KB] New best heuristic value for add: 56
[t=2.11441s, 37284 KB] g=56, 2430 evaluated, 114 expanded
[t=2.13419s, 37284 KB] New best heuristic value for add: 55
[t=2.1343s, 37284 KB] g=57, 2461 evaluated, 115 expanded
[t=2.15496s, 37284 KB] New best heuristic value for add: 54
[t=2.15507s, 37284 KB] g=58, 2494 evaluated, 116 expanded
[t=2.178s, 37284 KB] New best heuristic value for add: 53
[t=2.17811s, 37284 KB] g=59, 2531 evaluated, 117 expanded
[t=2.19884s, 37284 KB] New best heuristic value for add: 52
[t=2.19895s, 37284 KB] g=60, 2564 evaluated, 118 expanded
[t=2.21356s, 37284 KB] New best heuristic value for add: 51
[t=2.21367s, 37284 KB] g=61, 2586 evaluated, 119 expanded
[t=2.23349s, 37284 KB] New best heuristic value for add: 50
[t=2.23359s, 37284 KB] g=62, 2618 evaluated, 120 expanded
[t=2.24714s, 37284 KB] New best heuristic value for add: 49
[t=2.24724s, 37284 KB] g=63, 2639 evaluated, 121 expanded
[t=2.2597s, 37284 KB] New best heuristic value for add: 48
[t=2.2598s, 37284 KB] g=64, 2658 evaluated, 122 expanded
[t=2.27809s, 37284 KB] New best heuristic value for add: 47
[t=2.2782s, 37284 KB] g=65, 2687 evaluated, 123 expanded
[t=2.29819s, 37284 KB] New best heuristic value for add: 46
[t=2.29829s, 37284 KB] g=66, 2719 evaluated, 124 expanded
[t=2.31215s, 37284 KB] New best heuristic value for add: 45
[t=2.31226s, 37284 KB] g=67, 2740 evaluated, 125 expanded
[t=2.33132s, 37284 KB] New best heuristic value for add: 44
[t=2.33143s, 37284 KB] g=68, 2771 evaluated, 126 expanded
[t=2.77964s, 37284 KB] New best heuristic value for add: 43
[t=2.77975s, 37284 KB] g=70, 3476 evaluated, 155 expanded
[t=2.79245s, 37284 KB] New best heuristic value for add: 42
[t=2.79255s, 37284 KB] g=71, 3496 evaluated, 156 expanded
[t=13.0372s, 37284 KB] New best heuristic value for add: 41
[t=13.0373s, 37284 KB] g=76, 19412 evaluated, 851 expanded
[t=21.7915s, 38408 KB] New best heuristic value for add: 40
[t=21.7916s, 38408 KB] g=77, 32946 evaluated, 1455 expanded
[t=430.136s, 118256 KB] New best heuristic value for add: 39
[t=430.136s, 118256 KB] g=80, 669478 evaluated, 31178 expanded, 503 reopened
[t=444.884s, 120912 KB] New best heuristic value for add: 38
[t=444.884s, 120912 KB] g=81, 692391 evaluated, 32292 expanded, 503 reopened
Peak memory: 384976 KB
caught signal 24 -- exiting
Time limit has been reached.
Remove intermediate file output.sas
search exit code: 23

Driver aborting after search
