INFO     Running translator.
INFO     translator stdin: None
INFO     translator time limit: 1799.96s
INFO     translator memory limit: 3584 MB
INFO     translator command line string: /infai/weidan00/downward/experiments/bachelor/.venv/bin/python3 /infai/weidan00/downward/experiments/bachelor/data/bachelor-v1/code-7aa5f34_e5e41175/builds/release/bin/translate/translate.py domain.pddl problem.pddl --sas-file output.sas
Parsing...
Parsing: [0.010s CPU, 0.007s wall-clock]
Normalizing task... [0.000s CPU, 0.001s wall-clock]
Instantiating...
Generating Datalog program... [0.000s CPU, 0.001s wall-clock]
Normalizing Datalog program...
Normalizing Datalog program: [0.000s CPU, 0.006s wall-clock]
Preparing model... [0.020s CPU, 0.004s wall-clock]
Generated 211 rules.
Computing model... [0.010s CPU, 0.014s wall-clock]
703 relevant atoms
964 auxiliary atoms
1667 final queue length
2332 total queue pushes
Completing instantiation... [0.020s CPU, 0.015s wall-clock]
Instantiating: [0.050s CPU, 0.041s wall-clock]
Computing fact groups...
Finding invariants...
20 initial candidates
Finding invariants: [0.000s CPU, 0.005s wall-clock]
Checking invariant weight... [0.000s CPU, 0.000s wall-clock]
Instantiating groups... [0.000s CPU, 0.001s wall-clock]
Collecting mutex groups... [0.000s CPU, 0.000s wall-clock]
Choosing groups...
156 uncovered facts
Choosing groups: [0.000s CPU, 0.000s wall-clock]
Building translation key... [0.010s CPU, 0.001s wall-clock]
Computing fact groups: [0.010s CPU, 0.009s wall-clock]
Building STRIPS to SAS dictionary... [0.000s CPU, 0.000s wall-clock]
Building dictionary for full mutex groups... [0.000s CPU, 0.000s wall-clock]
Building mutex information...
Building mutex information: [0.000s CPU, 0.000s wall-clock]
Translating task...
Processing axioms...
Simplifying axioms... [0.000s CPU, 0.000s wall-clock]
Processing axioms: [0.000s CPU, 0.001s wall-clock]
Translating task: [0.010s CPU, 0.016s wall-clock]
211 effect conditions simplified
0 implied preconditions added
Detecting unreachable propositions...
0 operators removed
0 axioms removed
9 propositions removed
Detecting unreachable propositions: [0.010s CPU, 0.008s wall-clock]
Reordering and filtering variables...
71 of 162 variables necessary.
0 of 7 mutex groups necessary.
316 of 316 operators necessary.
0 of 0 axiom rules necessary.
Reordering and filtering variables: [0.000s CPU, 0.004s wall-clock]
Translator variables: 71
Translator derived variables: 0
Translator facts: 212
Translator goal facts: 42
Translator mutex groups: 0
Translator total mutex groups size: 0
Translator operators: 316
Translator axioms: 0
Translator task size: 2263
Translator peak memory: 144588 KB
Writing output... [0.000s CPU, 0.006s wall-clock]
Done! [0.100s CPU, 0.094s wall-clock]
translate exit code: 0

INFO     Running search (release).
INFO     search stdin: output.sas
INFO     search time limit: 1799.82s
INFO     search memory limit: 3584 MB
INFO     search command line string: /infai/weidan00/downward/experiments/bachelor/data/bachelor-v1/code-7aa5f34_e5e41175/builds/release/bin/downward --search 'eager_wastar([pinch()], w=2)' --internal-plan-file sas_plan < output.sas
[t=6.0619e-05s, 17204 KB] reading input...
[t=0.00283632s, 17344 KB] done reading input!
[t=0.00474117s, 17608 KB] Simplifying 621 unary operators... done! [327 unary operators]
[t=0.00514221s, 17740 KB] time to simplify: 0.000461604s
[t=0.0052657s, 17740 KB] Initializing pinch heuristic...
[t=0.0053969s, 17740 KB] Building successor generator...done!
[t=0.00567229s, 17740 KB] peak memory difference for successor generator creation: 0 KB
[t=0.00571112s, 17740 KB] time for successor generation creation: 0.000153305s
[t=0.00575828s, 17740 KB] Variables: 71
[t=0.00579865s, 17740 KB] FactPairs: 212
[t=0.00583816s, 17740 KB] Bytes per state: 12
[t=0.00594713s, 17740 KB] Conducting best first search with reopening closed nodes, (real) bound = 2147483647
[t=0.00609863s, 17740 KB] New best heuristic value for pinch: 616
[t=0.00614139s, 17740 KB] g=0, 1 evaluated, 0 expanded
[t=0.00619108s, 17740 KB] Initial heuristic value for pinch: 616
[t=0.00623204s, 17740 KB] pruning method: none
[t=0.0063224s, 17740 KB] New best heuristic value for pinch: 308
[t=0.00636418s, 17740 KB] g=0, 2 evaluated, 1 expanded
[t=0.00641963s, 17740 KB] New best heuristic value for pinch: 289
[t=0.00646049s, 17740 KB] g=224, 3 evaluated, 2 expanded
[t=0.00660772s, 17740 KB] New best heuristic value for pinch: 279
[t=0.0066491s, 17740 KB] g=1624, 10 evaluated, 3 expanded
[t=0.00671095s, 17740 KB] New best heuristic value for pinch: 272
[t=0.00675193s, 17740 KB] g=349, 12 evaluated, 3 expanded
[t=0.0071995s, 17740 KB] New best heuristic value for pinch: 262
[t=0.00724499s, 17740 KB] g=1749, 45 evaluated, 10 expanded
[t=0.00732173s, 17740 KB] New best heuristic value for pinch: 257
[t=0.00736332s, 17740 KB] g=474, 49 evaluated, 10 expanded
[t=0.0086699s, 17740 KB] New best heuristic value for pinch: 247
[t=0.00871707s, 17740 KB] g=1874, 164 evaluated, 31 expanded
[t=0.00880538s, 17740 KB] New best heuristic value for pinch: 244
[t=0.00884844s, 17740 KB] g=599, 170 evaluated, 31 expanded
[t=0.0111971s, 17740 KB] New best heuristic value for pinch: 234
[t=0.0112437s, 17740 KB] g=1999, 409 evaluated, 66 expanded
[t=0.0113405s, 17740 KB] New best heuristic value for pinch: 233
[t=0.0113827s, 17740 KB] g=724, 417 evaluated, 66 expanded
[t=0.0140198s, 17740 KB] New best heuristic value for pinch: 223
[t=0.0140673s, 17740 KB] g=2124, 710 evaluated, 101 expanded
[t=0.0157906s, 17740 KB] New best heuristic value for pinch: 214
[t=0.015837s, 17740 KB] g=2249, 927 evaluated, 122 expanded
[t=0.0165672s, 17740 KB] New best heuristic value for pinch: 207
[t=0.0166124s, 17740 KB] g=2374, 1012 evaluated, 129 expanded
[t=0.0547121s, 17992 KB] New best heuristic value for pinch: 204
[t=0.0547792s, 17992 KB] g=12248, 4806 evaluated, 928 expanded
[t=0.0598886s, 18124 KB] New best heuristic value for pinch: 197
[t=0.059941s, 18124 KB] g=12373, 5394 evaluated, 1012 expanded
[t=0.174201s, 19184 KB] New best heuristic value for pinch: 195
[t=0.174287s, 19184 KB] g=13747, 17322 evaluated, 3210 expanded
[t=0.199447s, 19320 KB] New best heuristic value for pinch: 188
[t=0.199514s, 19320 KB] g=13872, 20122 evaluated, 3630 expanded
[t=0.391374s, 20776 KB] New best heuristic value for pinch: 187
[t=0.391466s, 20776 KB] g=15246, 41857 evaluated, 7193 expanded
[t=0.463022s, 21048 KB] New best heuristic value for pinch: 180
[t=0.463105s, 21048 KB] g=15371, 50299 evaluated, 8355 expanded
[t=0.841803s, 23428 KB] New best heuristic value for pinch: 173
[t=0.841895s, 23428 KB] g=16870, 93097 evaluated, 15173 expanded
[t=1.36273s, 26728 KB] New best heuristic value for pinch: 167
[t=1.36283s, 26728 KB] g=18369, 148320 evaluated, 24574 expanded
[t=2.06486s, 29524 KB] New best heuristic value for pinch: 162
[t=2.06497s, 29524 KB] g=19868, 221802 evaluated, 37299 expanded
[t=3.01903s, 35328 KB] New best heuristic value for pinch: 158
[t=3.01913s, 35328 KB] g=21367, 317152 evaluated, 54240 expanded
[t=4.28168s, 40000 KB] New best heuristic value for pinch: 157
[t=4.28179s, 40000 KB] g=22867, 440755 evaluated, 76922 expanded
[t=6.01958s, 49852 KB] New best heuristic value for pinch: 153
[t=6.01968s, 49852 KB] g=24366, 602855 evaluated, 108190 expanded
[t=11.2057s, 75460 KB] New best heuristic value for pinch: 149
[t=11.2059s, 75460 KB] g=27365, 1090850 evaluated, 202362 expanded
[t=19.0785s, 129348 KB] New best heuristic value for pinch: 147
[t=19.0787s, 129348 KB] g=30364, 1833702 evaluated, 340608 expanded
[t=24.6934s, 136016 KB] New best heuristic value for pinch: 146
[t=24.6935s, 136016 KB] g=32364, 2384248 evaluated, 437562 expanded
[t=24.6939s, 136016 KB] New best heuristic value for pinch: 145
[t=24.694s, 136016 KB] g=32366, 2384291 evaluated, 437566 expanded
[t=36.3226s, 235256 KB] New best heuristic value for pinch: 144
[t=36.3227s, 235256 KB] g=35363, 3550118 evaluated, 632892 expanded
[t=36.3237s, 235256 KB] New best heuristic value for pinch: 143
[t=36.3238s, 235256 KB] g=35365, 3550216 evaluated, 632906 expanded
[t=44.4571s, 236520 KB] New best heuristic value for pinch: 142
[t=44.4573s, 236520 KB] g=37364, 4400679 evaluated, 766996 expanded
[t=44.458s, 236520 KB] New best heuristic value for pinch: 141
[t=44.4581s, 236520 KB] g=155156, 4400742 evaluated, 767004 expanded
[t=58.2286s, 286408 KB] New best heuristic value for pinch: 140
[t=58.2287s, 286408 KB] g=40363, 5909309 evaluated, 988495 expanded
[t=58.2293s, 286408 KB] New best heuristic value for pinch: 139
[t=58.2294s, 286408 KB] g=158155, 5909356 evaluated, 988501 expanded
[t=68.1792s, 446004 KB] New best heuristic value for pinch: 138
[t=68.1793s, 446004 KB] g=160156, 6973117 evaluated, 1135354 expanded
[t=68.1797s, 446004 KB] New best heuristic value for pinch: 137
[t=68.1798s, 446004 KB] g=160156, 6973151 evaluated, 1135358 expanded
[t=82.198s, 446004 KB] New best heuristic value for pinch: 136
[t=82.1981s, 446004 KB] g=45364, 8605065 evaluated, 1345056 expanded
[t=82.1984s, 446004 KB] New best heuristic value for pinch: 135
[t=82.1985s, 446004 KB] g=163155, 8605096 evaluated, 1345060 expanded
[t=91.4663s, 477220 KB] New best heuristic value for pinch: 134
[t=91.4664s, 477220 KB] g=165155, 9703845 evaluated, 1478709 expanded
[t=91.4668s, 477220 KB] New best heuristic value for pinch: 133
[t=91.4668s, 477220 KB] g=165157, 9703885 evaluated, 1478713 expanded
[t=103.389s, 526064 KB] New best heuristic value for pinch: 132
[t=103.389s, 526064 KB] g=168154, 11182010 evaluated, 1645650 expanded
[t=103.389s, 526064 KB] New best heuristic value for pinch: 131
[t=103.389s, 526064 KB] g=168156, 11182052 evaluated, 1645654 expanded
[t=110.839s, 556560 KB] New best heuristic value for pinch: 130
[t=110.839s, 556560 KB] g=170155, 12110663 evaluated, 1745734 expanded
[t=120.421s, 854112 KB] New best heuristic value for pinch: 129
[t=120.421s, 854112 KB] g=173154, 13246432 evaluated, 1859650 expanded
[t=120.421s, 854112 KB] New best heuristic value for pinch: 128
[t=120.421s, 854112 KB] g=173154, 13246453 evaluated, 1859652 expanded
[t=120.422s, 854112 KB] New best heuristic value for pinch: 127
[t=120.422s, 854112 KB] g=173157, 13246545 evaluated, 1859660 expanded
[t=125.45s, 854112 KB] New best heuristic value for pinch: 126
[t=125.45s, 854112 KB] g=175156, 13903263 evaluated, 1923104 expanded
[t=130.899s, 854112 KB] New best heuristic value for pinch: 125
[t=130.899s, 854112 KB] g=178155, 14641256 evaluated, 1989352 expanded
[t=130.899s, 854112 KB] New best heuristic value for pinch: 124
[t=130.899s, 854112 KB] g=178155, 14641279 evaluated, 1989354 expanded
[t=135.065s, 854112 KB] New best heuristic value for pinch: 123
[t=135.065s, 854112 KB] g=181154, 15216613 evaluated, 2038095 expanded
[t=135.066s, 854112 KB] New best heuristic value for pinch: 122
[t=135.066s, 854112 KB] g=181157, 15216717 evaluated, 2038103 expanded
[t=136.588s, 854112 KB] New best heuristic value for pinch: 120
[t=136.588s, 854112 KB] g=183156, 15428869 evaluated, 2055593 expanded
[t=138.561s, 854112 KB] New best heuristic value for pinch: 119
[t=138.562s, 854112 KB] g=186155, 15709269 evaluated, 2077252 expanded
[t=139.924s, 854112 KB] New best heuristic value for pinch: 115
[t=139.924s, 854112 KB] g=191156, 15908204 evaluated, 2091720 expanded
[t=140.445s, 854112 KB] New best heuristic value for pinch: 111
[t=140.445s, 854112 KB] g=201155, 15988074 evaluated, 2096999 expanded
[t=247.624s, 1138496 KB] New best heuristic value for pinch: 110
[t=247.624s, 1138496 KB] g=174153, 25742137 evaluated, 4045905 expanded
[t=279.775s, 1686836 KB] New best heuristic value for pinch: 109
[t=279.775s, 1686836 KB] g=176152, 28579449 evaluated, 4568765 expanded
[t=332.731s, 1686836 KB] New best heuristic value for pinch: 108
[t=332.731s, 1686836 KB] g=381942, 33686926 evaluated, 5445522 expanded
[t=332.731s, 1686836 KB] New best heuristic value for pinch: 107
[t=332.731s, 1686836 KB] g=179151, 33686929 evaluated, 5445522 expanded
[t=332.899s, 1686836 KB] New best heuristic value for pinch: 106
[t=332.9s, 1686836 KB] g=179154, 33702658 evaluated, 5448211 expanded
[t=374.823s, 1790756 KB] New best heuristic value for pinch: 105
[t=374.823s, 1790756 KB] g=298944, 37788362 evaluated, 6140892 expanded
[t=439.964s, 2003548 KB] New best heuristic value for pinch: 104
[t=439.964s, 2003548 KB] g=386943, 44411580 evaluated, 7186547 expanded
[t=439.964s, 2003548 KB] New best heuristic value for pinch: 103
[t=439.964s, 2003548 KB] g=184152, 44411583 evaluated, 7186547 expanded
[t=488.238s, 2165348 KB] New best heuristic value for pinch: 102
[t=488.238s, 2165348 KB] g=303943, 49438227 evaluated, 7958861 expanded
[t=509.933s, 2240580 KB] New best heuristic value for pinch: 101
[t=509.933s, 2240580 KB] g=187154, 51787205 evaluated, 8288830 expanded
[t=562.24s, 3314832 KB] New best heuristic value for pinch: 100
[t=562.24s, 3314832 KB] g=306942, 56988197 evaluated, 9044695 expanded
[t=562.242s, 3314832 KB] New best heuristic value for pinch: 99
[t=562.242s, 3314832 KB] g=306944, 56988427 evaluated, 9044722 expanded
[t=609.815s, 3314832 KB] New best heuristic value for pinch: 98
[t=609.815s, 3314832 KB] g=308943, 62246203 evaluated, 9769888 expanded
[t=676.861s, 3341568 KB] New best heuristic value for pinch: 97
[t=676.861s, 3341568 KB] g=396942, 69765260 evaluated, 10749758 expanded
[t=676.861s, 3341568 KB] New best heuristic value for pinch: 96
[t=676.861s, 3341568 KB] g=311942, 69765279 evaluated, 10749760 expanded
[t=735.265s, 3558480 KB] New best heuristic value for pinch: 95
[t=735.265s, 3558480 KB] g=314941, 76538853 evaluated, 11577263 expanded
[t=735.322s, 3558748 KB] New best heuristic value for pinch: 94
[t=735.322s, 3558748 KB] g=314944, 76545352 evaluated, 11578050 expanded
Failed to allocate memory.
Memory limit has been reached.
Peak memory: 3670016 KB
Remove intermediate file output.sas
search exit code: 22

Driver aborting after search
