INFO     Running translator.
INFO     translator stdin: None
INFO     translator time limit: 1799.95s
INFO     translator memory limit: 3584 MB
INFO     translator command line string: /infai/weidan00/downward/experiments/bachelor/.venv/bin/python3 /infai/weidan00/downward/experiments/bachelor/data/bachelor-v1/code-7aa5f34_e5e41175/builds/release/bin/translate/translate.py domain.pddl problem.pddl --sas-file output.sas
Parsing...
Warning: Atom at(ap181, d177, ham) is specified twice in initial state specification
Warning: Atom at(ap183, d57, fra) is specified twice in initial state specification
Warning: Atom at(ap242, d160, fra) is specified twice in initial state specification
Warning: Atom at(ap318, d83, fra) is specified twice in initial state specification
Warning: Atom at(ap352, d191, ber) is specified twice in initial state specification
Parsing: [0.020s CPU, 0.025s wall-clock]
Normalizing task... [0.000s CPU, 0.001s wall-clock]
Instantiating...
Generating Datalog program... [0.020s CPU, 0.014s wall-clock]
Normalizing Datalog program...
Normalizing Datalog program: [0.000s CPU, 0.002s wall-clock]
Preparing model... [0.040s CPU, 0.040s wall-clock]
Generated 5 rules.
Computing model... [2.160s CPU, 2.174s wall-clock]
5908 relevant atoms
203 auxiliary atoms
6111 final queue length
1502611 total queue pushes
Completing instantiation... [0.960s CPU, 0.965s wall-clock]
Instantiating: [3.190s CPU, 3.198s wall-clock]
Computing fact groups...
Finding invariants...
4 initial candidates
Finding invariants: [0.000s CPU, 0.001s wall-clock]
Checking invariant weight... [0.000s CPU, 0.003s wall-clock]
Instantiating groups... [0.000s CPU, 0.000s wall-clock]
Collecting mutex groups... [0.000s CPU, 0.000s wall-clock]
Choosing groups...
700 uncovered facts
Choosing groups: [0.010s CPU, 0.000s wall-clock]
Building translation key... [0.000s CPU, 0.003s wall-clock]
Computing fact groups: [0.010s CPU, 0.016s wall-clock]
Building STRIPS to SAS dictionary... [0.010s CPU, 0.001s wall-clock]
Building dictionary for full mutex groups... [0.000s CPU, 0.001s wall-clock]
Building mutex information...
Building mutex information: [0.000s CPU, 0.001s wall-clock]
Translating task...
Processing axioms...
Simplifying axioms... [0.000s CPU, 0.000s wall-clock]
Processing axioms: [0.000s CPU, 0.002s wall-clock]
Translating task: [0.040s CPU, 0.039s wall-clock]
600 effect conditions simplified
0 implied preconditions added
Detecting unreachable propositions...
0 operators removed
0 axioms removed
0 propositions removed
Detecting unreachable propositions: [0.030s CPU, 0.039s wall-clock]
Reordering and filtering variables...
700 of 700 variables necessary.
0 of 0 mutex groups necessary.
600 of 600 operators necessary.
0 of 0 axiom rules necessary.
Reordering and filtering variables: [0.020s CPU, 0.014s wall-clock]
Translator variables: 700
Translator derived variables: 0
Translator facts: 1400
Translator goal facts: 500
Translator mutex groups: 0
Translator total mutex groups size: 0
Translator operators: 600
Translator axioms: 0
Translator task size: 6895
Translator peak memory: 148684 KB
Writing output... [0.020s CPU, 0.019s wall-clock]
Done! [3.340s CPU, 3.358s wall-clock]
translate exit code: 0

INFO     Running search (release).
INFO     search stdin: output.sas
INFO     search time limit: 1796.55s
INFO     search memory limit: 3584 MB
INFO     search command line string: /infai/weidan00/downward/experiments/bachelor/data/bachelor-v1/code-7aa5f34_e5e41175/builds/release/bin/downward --search 'eager_wastar([pinch_tracking()], w=2)' --internal-plan-file sas_plan < output.sas
[t=6.7529e-05s, 17204 KB] reading input...
[t=0.00832191s, 17608 KB] done reading input!
[t=0.0107235s, 18176 KB] Simplifying 3095 unary operators... done! [2674 unary operators]
[t=0.0120283s, 18308 KB] time to simplify: 0.00145537s
[t=0.0124495s, 18308 KB] Initializing pinch tracking heuristic...
[t=0.0126342s, 18308 KB] Building successor generator...done!
[t=0.0129445s, 18308 KB] peak memory difference for successor generator creation: 0 KB
[t=0.0129837s, 18308 KB] time for successor generation creation: 0.000181225s
[t=0.0130391s, 18308 KB] Variables: 700
[t=0.013079s, 18308 KB] FactPairs: 1400
[t=0.0131189s, 18308 KB] Bytes per state: 88
[t=0.0132685s, 18308 KB] Conducting best first search with reopening closed nodes, (real) bound = 2147483647
[t=0.0136292s, 18308 KB] New best heuristic value for pinch_tracking: 500
[t=0.0136752s, 18308 KB] g=0, 1 evaluated, 0 expanded
[t=0.0137402s, 18308 KB] Initial heuristic value for pinch_tracking: 500
[t=0.0137834s, 18308 KB] pruning method: none
[t=0.0138624s, 18308 KB] New best heuristic value for pinch_tracking: 498
[t=0.0139045s, 18308 KB] g=1, 2 evaluated, 1 expanded
[t=0.0139633s, 18308 KB] New best heuristic value for pinch_tracking: 496
[t=0.0140041s, 18308 KB] g=1, 3 evaluated, 1 expanded
[t=0.0141081s, 18308 KB] New best heuristic value for pinch_tracking: 492
[t=0.0141506s, 18308 KB] g=1, 7 evaluated, 1 expanded
[t=0.0143146s, 18308 KB] New best heuristic value for pinch_tracking: 491
[t=0.0143576s, 18308 KB] g=1, 15 evaluated, 1 expanded
[t=0.0162374s, 18308 KB] New best heuristic value for pinch_tracking: 490
[t=0.0162999s, 18308 KB] g=1, 138 evaluated, 1 expanded
[t=0.0165663s, 18308 KB] New best heuristic value for pinch_tracking: 489
[t=0.0166095s, 18308 KB] g=1, 152 evaluated, 1 expanded
[t=0.0232645s, 18308 KB] New best heuristic value for pinch_tracking: 487
[t=0.0233477s, 18308 KB] g=2, 602 evaluated, 2 expanded
[t=0.0234108s, 18308 KB] New best heuristic value for pinch_tracking: 485
[t=0.0234608s, 18308 KB] g=2, 603 evaluated, 2 expanded
[t=0.0235622s, 18308 KB] New best heuristic value for pinch_tracking: 481
[t=0.0236038s, 18308 KB] g=2, 607 evaluated, 2 expanded
[t=0.0237621s, 18308 KB] New best heuristic value for pinch_tracking: 480
[t=0.0238028s, 18308 KB] g=2, 615 evaluated, 2 expanded
[t=0.0256316s, 18308 KB] New best heuristic value for pinch_tracking: 479
[t=0.0256881s, 18308 KB] g=2, 738 evaluated, 2 expanded
[t=0.0270419s, 18308 KB] New best heuristic value for pinch_tracking: 478
[t=0.0270925s, 18308 KB] g=2, 828 evaluated, 2 expanded
[t=0.0326902s, 18312 KB] New best heuristic value for pinch_tracking: 476
[t=0.0327709s, 18312 KB] g=3, 1199 evaluated, 3 expanded
[t=0.0328338s, 18312 KB] New best heuristic value for pinch_tracking: 474
[t=0.0328753s, 18312 KB] g=3, 1200 evaluated, 3 expanded
[t=0.0329791s, 18312 KB] New best heuristic value for pinch_tracking: 470
[t=0.0330203s, 18312 KB] g=3, 1204 evaluated, 3 expanded
[t=0.0332007s, 18312 KB] New best heuristic value for pinch_tracking: 469
[t=0.0332431s, 18312 KB] g=3, 1212 evaluated, 3 expanded
[t=0.0380512s, 18312 KB] New best heuristic value for pinch_tracking: 467
[t=0.0381327s, 18312 KB] g=3, 1539 evaluated, 3 expanded
[t=0.0418339s, 18312 KB] New best heuristic value for pinch_tracking: 465
[t=0.041903s, 18312 KB] g=4, 1793 evaluated, 4 expanded
[t=0.0419695s, 18312 KB] New best heuristic value for pinch_tracking: 463
[t=0.0420109s, 18312 KB] g=4, 1794 evaluated, 4 expanded
[t=0.0421115s, 18312 KB] New best heuristic value for pinch_tracking: 459
[t=0.0421526s, 18312 KB] g=4, 1798 evaluated, 4 expanded
[t=0.0423078s, 18312 KB] New best heuristic value for pinch_tracking: 458
[t=0.0423487s, 18312 KB] g=4, 1806 evaluated, 4 expanded
[t=0.0510658s, 18440 KB] New best heuristic value for pinch_tracking: 456
[t=0.0511502s, 18440 KB] g=5, 2384 evaluated, 5 expanded
[t=0.0512127s, 18440 KB] New best heuristic value for pinch_tracking: 454
[t=0.0512546s, 18440 KB] g=5, 2385 evaluated, 5 expanded
[t=0.0513579s, 18440 KB] New best heuristic value for pinch_tracking: 450
[t=0.0513992s, 18440 KB] g=5, 2389 evaluated, 5 expanded
[t=0.0517917s, 18440 KB] New best heuristic value for pinch_tracking: 449
[t=0.051834s, 18440 KB] g=5, 2412 evaluated, 5 expanded
[t=0.0600365s, 18576 KB] New best heuristic value for pinch_tracking: 447
[t=0.0601197s, 18576 KB] g=6, 2972 evaluated, 6 expanded
[t=0.060182s, 18576 KB] New best heuristic value for pinch_tracking: 445
[t=0.0602235s, 18576 KB] g=6, 2973 evaluated, 6 expanded
[t=0.0603315s, 18576 KB] New best heuristic value for pinch_tracking: 441
[t=0.0603731s, 18576 KB] g=6, 2977 evaluated, 6 expanded
[t=0.0622551s, 18576 KB] New best heuristic value for pinch_tracking: 440
[t=0.0623132s, 18576 KB] g=6, 3102 evaluated, 6 expanded
[t=0.0689811s, 18576 KB] New best heuristic value for pinch_tracking: 438
[t=0.0690614s, 18576 KB] g=7, 3557 evaluated, 7 expanded
[t=0.0691225s, 18576 KB] New best heuristic value for pinch_tracking: 436
[t=0.0691639s, 18576 KB] g=7, 3558 evaluated, 7 expanded
[t=0.0692643s, 18576 KB] New best heuristic value for pinch_tracking: 432
[t=0.0693047s, 18576 KB] g=7, 3562 evaluated, 7 expanded
[t=0.0768291s, 18748 KB] New best heuristic value for pinch_tracking: 431
[t=0.0769135s, 18748 KB] g=7, 4052 evaluated, 7 expanded
[t=0.0783287s, 18884 KB] New best heuristic value for pinch_tracking: 429
[t=0.0783851s, 18884 KB] g=8, 4139 evaluated, 8 expanded
[t=0.0784441s, 18884 KB] New best heuristic value for pinch_tracking: 427
[t=0.0784854s, 18884 KB] g=8, 4140 evaluated, 8 expanded
[t=0.0785873s, 18884 KB] New best heuristic value for pinch_tracking: 423
[t=0.0786284s, 18884 KB] g=8, 4144 evaluated, 8 expanded
[t=0.0869845s, 18884 KB] New best heuristic value for pinch_tracking: 421
[t=0.0870684s, 18884 KB] g=9, 4718 evaluated, 9 expanded
[t=0.0871309s, 18884 KB] New best heuristic value for pinch_tracking: 419
[t=0.0871725s, 18884 KB] g=9, 4719 evaluated, 9 expanded
[t=0.0873299s, 18884 KB] New best heuristic value for pinch_tracking: 416
[t=0.0873707s, 18884 KB] g=9, 4727 evaluated, 9 expanded
[t=0.0877295s, 18884 KB] New best heuristic value for pinch_tracking: 415
[t=0.0877717s, 18884 KB] g=9, 4748 evaluated, 9 expanded
[t=0.0957278s, 18884 KB] New best heuristic value for pinch_tracking: 413
[t=0.0958113s, 18884 KB] g=10, 5294 evaluated, 10 expanded
[t=0.0958833s, 18884 KB] New best heuristic value for pinch_tracking: 411
[t=0.0959248s, 18884 KB] g=10, 5295 evaluated, 10 expanded
[t=0.0961022s, 18884 KB] New best heuristic value for pinch_tracking: 408
[t=0.0961439s, 18884 KB] g=10, 5303 evaluated, 10 expanded
[t=0.0966808s, 18884 KB] New best heuristic value for pinch_tracking: 407
[t=0.0967257s, 18884 KB] g=10, 5336 evaluated, 10 expanded
[t=0.104526s, 19024 KB] New best heuristic value for pinch_tracking: 405
[t=0.104611s, 19024 KB] g=11, 5867 evaluated, 11 expanded
[t=0.104674s, 19024 KB] New best heuristic value for pinch_tracking: 403
[t=0.104725s, 19024 KB] g=11, 5868 evaluated, 11 expanded
[t=0.104882s, 19024 KB] New best heuristic value for pinch_tracking: 400
[t=0.104923s, 19024 KB] g=11, 5876 evaluated, 11 expanded
[t=0.107415s, 19024 KB] New best heuristic value for pinch_tracking: 399
[t=0.107478s, 19024 KB] g=11, 6044 evaluated, 11 expanded
[t=0.113257s, 19024 KB] New best heuristic value for pinch_tracking: 397
[t=0.113334s, 19024 KB] g=12, 6437 evaluated, 12 expanded
[t=0.113395s, 19024 KB] New best heuristic value for pinch_tracking: 395
[t=0.113437s, 19024 KB] g=12, 6438 evaluated, 12 expanded
[t=0.113596s, 19024 KB] New best heuristic value for pinch_tracking: 392
[t=0.113637s, 19024 KB] g=12, 6446 evaluated, 12 expanded
[t=0.116372s, 19024 KB] New best heuristic value for pinch_tracking: 391
[t=0.11644s, 19024 KB] g=12, 6631 evaluated, 12 expanded
[t=0.12187s, 19148 KB] New best heuristic value for pinch_tracking: 389
[t=0.121949s, 19148 KB] g=13, 7004 evaluated, 13 expanded
[t=0.122012s, 19148 KB] New best heuristic value for pinch_tracking: 387
[t=0.122053s, 19148 KB] g=13, 7005 evaluated, 13 expanded
[t=0.122211s, 19148 KB] New best heuristic value for pinch_tracking: 384
[t=0.122252s, 19148 KB] g=13, 7013 evaluated, 13 expanded
[t=0.125133s, 19148 KB] New best heuristic value for pinch_tracking: 383
[t=0.1252s, 19148 KB] g=13, 7208 evaluated, 13 expanded
[t=0.130539s, 19148 KB] New best heuristic value for pinch_tracking: 381
[t=0.130618s, 19148 KB] g=14, 7568 evaluated, 14 expanded
[t=0.13068s, 19148 KB] New best heuristic value for pinch_tracking: 380
[t=0.130721s, 19148 KB] g=14, 7569 evaluated, 14 expanded
[t=0.130881s, 19148 KB] New best heuristic value for pinch_tracking: 376
[t=0.130923s, 19148 KB] g=14, 7577 evaluated, 14 expanded
[t=0.138724s, 19272 KB] New best heuristic value for pinch_tracking: 375
[t=0.138812s, 19272 KB] g=14, 8060 evaluated, 14 expanded
[t=0.139873s, 19272 KB] New best heuristic value for pinch_tracking: 373
[t=0.139921s, 19272 KB] g=15, 8129 evaluated, 15 expanded
[t=0.139981s, 19272 KB] New best heuristic value for pinch_tracking: 372
[t=0.140023s, 19272 KB] g=15, 8130 evaluated, 15 expanded
[t=0.140182s, 19272 KB] New best heuristic value for pinch_tracking: 368
[t=0.140223s, 19272 KB] g=15, 8138 evaluated, 15 expanded
[t=0.148364s, 19640 KB] New best heuristic value for pinch_tracking: 366
[t=0.148452s, 19640 KB] g=16, 8687 evaluated, 16 expanded
[t=0.148516s, 19640 KB] New best heuristic value for pinch_tracking: 365
[t=0.148558s, 19640 KB] g=16, 8688 evaluated, 16 expanded
[t=0.14873s, 19640 KB] New best heuristic value for pinch_tracking: 362
[t=0.148772s, 19640 KB] g=16, 8696 evaluated, 16 expanded
[t=0.149055s, 19640 KB] New best heuristic value for pinch_tracking: 361
[t=0.149097s, 19640 KB] g=16, 8712 evaluated, 16 expanded
[t=0.156895s, 19640 KB] New best heuristic value for pinch_tracking: 359
[t=0.156977s, 19640 KB] g=17, 9242 evaluated, 17 expanded
[t=0.15704s, 19640 KB] New best heuristic value for pinch_tracking: 358
[t=0.157082s, 19640 KB] g=17, 9243 evaluated, 17 expanded
[t=0.157239s, 19640 KB] New best heuristic value for pinch_tracking: 355
[t=0.15728s, 19640 KB] g=17, 9251 evaluated, 17 expanded
[t=0.158311s, 19640 KB] New best heuristic value for pinch_tracking: 354
[t=0.158359s, 19640 KB] g=17, 9318 evaluated, 17 expanded
[t=0.165287s, 19640 KB] New best heuristic value for pinch_tracking: 352
[t=0.165371s, 19640 KB] g=18, 9794 evaluated, 18 expanded
[t=0.165442s, 19640 KB] New best heuristic value for pinch_tracking: 351
[t=0.165484s, 19640 KB] g=18, 9795 evaluated, 18 expanded
[t=0.165642s, 19640 KB] New best heuristic value for pinch_tracking: 348
[t=0.165683s, 19640 KB] g=18, 9803 evaluated, 18 expanded
[t=0.167643s, 19640 KB] New best heuristic value for pinch_tracking: 347
[t=0.167703s, 19640 KB] g=18, 9934 evaluated, 18 expanded
[t=0.173709s, 19772 KB] New best heuristic value for pinch_tracking: 345
[t=0.17379s, 19772 KB] g=19, 10343 evaluated, 19 expanded
[t=0.173852s, 19772 KB] New best heuristic value for pinch_tracking: 344
[t=0.173893s, 19772 KB] g=19, 10344 evaluated, 19 expanded
[t=0.174056s, 19772 KB] New best heuristic value for pinch_tracking: 341
[t=0.174097s, 19772 KB] g=19, 10352 evaluated, 19 expanded
[t=0.176079s, 19772 KB] New best heuristic value for pinch_tracking: 340
[t=0.176141s, 19772 KB] g=19, 10486 evaluated, 19 expanded
[t=0.182053s, 19772 KB] New best heuristic value for pinch_tracking: 338
[t=0.18214s, 19772 KB] g=20, 10888 evaluated, 20 expanded
[t=0.182317s, 19772 KB] New best heuristic value for pinch_tracking: 334
[t=0.182359s, 19772 KB] g=20, 10897 evaluated, 20 expanded
[t=0.184963s, 19892 KB] New best heuristic value for pinch_tracking: 333
[t=0.185031s, 19892 KB] g=20, 11074 evaluated, 20 expanded
[t=0.190236s, 19892 KB] New best heuristic value for pinch_tracking: 331
[t=0.190312s, 19892 KB] g=21, 11430 evaluated, 21 expanded
[t=0.190488s, 19892 KB] New best heuristic value for pinch_tracking: 327
[t=0.19053s, 19892 KB] g=21, 11439 evaluated, 21 expanded
[t=0.193198s, 19892 KB] New best heuristic value for pinch_tracking: 326
[t=0.193265s, 19892 KB] g=21, 11619 evaluated, 21 expanded
[t=0.198383s, 19892 KB] New best heuristic value for pinch_tracking: 324
[t=0.198461s, 19892 KB] g=22, 11969 evaluated, 22 expanded
[t=0.198636s, 19892 KB] New best heuristic value for pinch_tracking: 320
[t=0.198678s, 19892 KB] g=22, 11978 evaluated, 22 expanded
[t=0.202017s, 20016 KB] New best heuristic value for pinch_tracking: 319
[t=0.202087s, 20016 KB] g=22, 12204 evaluated, 22 expanded
[t=0.206478s, 20016 KB] New best heuristic value for pinch_tracking: 317
[t=0.206552s, 20016 KB] g=23, 12505 evaluated, 23 expanded
[t=0.206727s, 20016 KB] New best heuristic value for pinch_tracking: 313
[t=0.206769s, 20016 KB] g=23, 12514 evaluated, 23 expanded
[t=0.213501s, 20016 KB] New best heuristic value for pinch_tracking: 312
[t=0.213581s, 20016 KB] g=23, 12976 evaluated, 23 expanded
[t=0.214534s, 20016 KB] New best heuristic value for pinch_tracking: 310
[t=0.214581s, 20016 KB] g=24, 13038 evaluated, 24 expanded
[t=0.214778s, 20140 KB] New best heuristic value for pinch_tracking: 307
[t=0.214821s, 20140 KB] g=24, 13047 evaluated, 24 expanded
[t=0.214879s, 20140 KB] New best heuristic value for pinch_tracking: 306
[t=0.21492s, 20140 KB] g=24, 13048 evaluated, 24 expanded
[t=0.222481s, 20140 KB] New best heuristic value for pinch_tracking: 305
[t=0.222567s, 20140 KB] g=25, 13568 evaluated, 25 expanded
[t=0.222629s, 20140 KB] New best heuristic value for pinch_tracking: 304
[t=0.22267s, 20140 KB] g=25, 13569 evaluated, 25 expanded
[t=0.222829s, 20140 KB] New best heuristic value for pinch_tracking: 303
[t=0.22287s, 20140 KB] g=25, 13577 evaluated, 25 expanded
[t=0.222953s, 20140 KB] New best heuristic value for pinch_tracking: 300
[t=0.222995s, 20140 KB] g=25, 13579 evaluated, 25 expanded
[t=0.230439s, 20140 KB] New best heuristic value for pinch_tracking: 299
[t=0.23052s, 20140 KB] g=26, 14095 evaluated, 26 expanded
[t=0.230581s, 20140 KB] New best heuristic value for pinch_tracking: 298
[t=0.230623s, 20140 KB] g=26, 14096 evaluated, 26 expanded
[t=0.230779s, 20140 KB] New best heuristic value for pinch_tracking: 297
[t=0.23082s, 20140 KB] g=26, 14104 evaluated, 26 expanded
[t=0.230934s, 20140 KB] New best heuristic value for pinch_tracking: 296
[t=0.230982s, 20140 KB] g=26, 14109 evaluated, 26 expanded
[t=0.23121s, 20140 KB] New best heuristic value for pinch_tracking: 295
[t=0.231253s, 20140 KB] g=26, 14122 evaluated, 26 expanded
[t=0.231412s, 20140 KB] New best heuristic value for pinch_tracking: 294
[t=0.231453s, 20140 KB] g=26, 14130 evaluated, 26 expanded
[t=0.239738s, 20504 KB] New best heuristic value for pinch_tracking: 293
[t=0.23983s, 20504 KB] g=27, 14619 evaluated, 27 expanded
[t=0.239912s, 20504 KB] New best heuristic value for pinch_tracking: 292
[t=0.239954s, 20504 KB] g=27, 14621 evaluated, 27 expanded
[t=0.240097s, 20504 KB] New best heuristic value for pinch_tracking: 291
[t=0.240138s, 20504 KB] g=27, 14628 evaluated, 27 expanded
[t=0.240257s, 20504 KB] New best heuristic value for pinch_tracking: 290
[t=0.240298s, 20504 KB] g=27, 14633 evaluated, 27 expanded
[t=0.240556s, 20504 KB] New best heuristic value for pinch_tracking: 289
[t=0.240599s, 20504 KB] g=27, 14648 evaluated, 27 expanded
[t=0.240709s, 20504 KB] New best heuristic value for pinch_tracking: 288
[t=0.24075s, 20504 KB] g=27, 14652 evaluated, 27 expanded
[t=0.247837s, 20504 KB] New best heuristic value for pinch_tracking: 287
[t=0.247921s, 20504 KB] g=28, 15140 evaluated, 28 expanded
[t=0.247998s, 20504 KB] New best heuristic value for pinch_tracking: 286
[t=0.248039s, 20504 KB] g=28, 15142 evaluated, 28 expanded
[t=0.248183s, 20504 KB] New best heuristic value for pinch_tracking: 285
[t=0.248224s, 20504 KB] g=28, 15149 evaluated, 28 expanded
[t=0.248338s, 20504 KB] New best heuristic value for pinch_tracking: 284
[t=0.248379s, 20504 KB] g=28, 15154 evaluated, 28 expanded
[t=0.248663s, 20508 KB] New best heuristic value for pinch_tracking: 283
[t=0.248706s, 20508 KB] g=28, 15169 evaluated, 28 expanded
[t=0.249242s, 20508 KB] New best heuristic value for pinch_tracking: 282
[t=0.249288s, 20508 KB] g=28, 15202 evaluated, 28 expanded
[t=0.255937s, 20508 KB] New best heuristic value for pinch_tracking: 281
[t=0.256016s, 20508 KB] g=29, 15658 evaluated, 29 expanded
[t=0.256091s, 20508 KB] New best heuristic value for pinch_tracking: 280
[t=0.256132s, 20508 KB] g=29, 15660 evaluated, 29 expanded
[t=0.256274s, 20508 KB] New best heuristic value for pinch_tracking: 279
[t=0.256321s, 20508 KB] g=29, 15667 evaluated, 29 expanded
[t=0.256441s, 20508 KB] New best heuristic value for pinch_tracking: 278
[t=0.256482s, 20508 KB] g=29, 15672 evaluated, 29 expanded
[t=0.256742s, 20508 KB] New best heuristic value for pinch_tracking: 277
[t=0.256784s, 20508 KB] g=29, 15687 evaluated, 29 expanded
[t=0.257462s, 20508 KB] New best heuristic value for pinch_tracking: 276
[t=0.257509s, 20508 KB] g=29, 15730 evaluated, 29 expanded
[t=0.263919s, 20508 KB] New best heuristic value for pinch_tracking: 275
[t=0.264002s, 20508 KB] g=30, 16172 evaluated, 30 expanded
[t=0.26408s, 20508 KB] New best heuristic value for pinch_tracking: 274
[t=0.264119s, 20508 KB] g=30, 16174 evaluated, 30 expanded
[t=0.264263s, 20508 KB] New best heuristic value for pinch_tracking: 273
[t=0.264305s, 20508 KB] g=30, 16181 evaluated, 30 expanded
[t=0.264428s, 20508 KB] New best heuristic value for pinch_tracking: 272
[t=0.264469s, 20508 KB] g=30, 16186 evaluated, 30 expanded
[t=0.264728s, 20508 KB] New best heuristic value for pinch_tracking: 271
[t=0.264771s, 20508 KB] g=30, 16201 evaluated, 30 expanded
[t=0.265492s, 20508 KB] New best heuristic value for pinch_tracking: 270
[t=0.265536s, 20508 KB] g=30, 16248 evaluated, 30 expanded
[t=0.272095s, 21036 KB] New best heuristic value for pinch_tracking: 269
[t=0.272185s, 21036 KB] g=31, 16683 evaluated, 31 expanded
[t=0.272263s, 21036 KB] New best heuristic value for pinch_tracking: 268
[t=0.272304s, 21036 KB] g=31, 16685 evaluated, 31 expanded
[t=0.272448s, 21036 KB] New best heuristic value for pinch_tracking: 267
[t=0.27249s, 21036 KB] g=31, 16692 evaluated, 31 expanded
[t=0.272634s, 21036 KB] New best heuristic value for pinch_tracking: 266
[t=0.272675s, 21036 KB] g=31, 16699 evaluated, 31 expanded
[t=0.272917s, 21036 KB] New best heuristic value for pinch_tracking: 265
[t=0.272958s, 21036 KB] g=31, 16712 evaluated, 31 expanded
[t=0.273941s, 21036 KB] New best heuristic value for pinch_tracking: 264
[t=0.273988s, 21036 KB] g=31, 16777 evaluated, 31 expanded
[t=0.279989s, 21036 KB] New best heuristic value for pinch_tracking: 263
[t=0.28007s, 21036 KB] g=32, 17191 evaluated, 32 expanded
[t=0.280146s, 21036 KB] New best heuristic value for pinch_tracking: 262
[t=0.280188s, 21036 KB] g=32, 17193 evaluated, 32 expanded
[t=0.280333s, 21036 KB] New best heuristic value for pinch_tracking: 261
[t=0.280374s, 21036 KB] g=32, 17200 evaluated, 32 expanded
[t=0.28052s, 21036 KB] New best heuristic value for pinch_tracking: 260
[t=0.280562s, 21036 KB] g=32, 17207 evaluated, 32 expanded
[t=0.280796s, 21036 KB] New best heuristic value for pinch_tracking: 259
[t=0.280838s, 21036 KB] g=32, 17220 evaluated, 32 expanded
[t=0.284293s, 21036 KB] New best heuristic value for pinch_tracking: 258
[t=0.284365s, 21036 KB] g=32, 17456 evaluated, 32 expanded
[t=0.287848s, 21172 KB] New best heuristic value for pinch_tracking: 257
[t=0.287918s, 21172 KB] g=33, 17696 evaluated, 33 expanded
[t=0.287993s, 21172 KB] New best heuristic value for pinch_tracking: 256
[t=0.288034s, 21172 KB] g=33, 17698 evaluated, 33 expanded
[t=0.288176s, 21172 KB] New best heuristic value for pinch_tracking: 255
[t=0.288218s, 21172 KB] g=33, 17705 evaluated, 33 expanded
[t=0.28836s, 21172 KB] New best heuristic value for pinch_tracking: 254
[t=0.288411s, 21172 KB] g=33, 17712 evaluated, 33 expanded
[t=0.28865s, 21172 KB] New best heuristic value for pinch_tracking: 253
[t=0.288692s, 21172 KB] g=33, 17725 evaluated, 33 expanded
[t=0.294025s, 21172 KB] New best heuristic value for pinch_tracking: 252
[t=0.294106s, 21172 KB] g=33, 18092 evaluated, 33 expanded
[t=0.29571s, 21172 KB] New best heuristic value for pinch_tracking: 251
[t=0.295766s, 21172 KB] g=34, 18198 evaluated, 34 expanded
[t=0.295839s, 21172 KB] New best heuristic value for pinch_tracking: 250
[t=0.29588s, 21172 KB] g=34, 18200 evaluated, 34 expanded
[t=0.296025s, 21172 KB] New best heuristic value for pinch_tracking: 249
[t=0.296066s, 21172 KB] g=34, 18207 evaluated, 34 expanded
[t=0.296221s, 21172 KB] New best heuristic value for pinch_tracking: 248
[t=0.296262s, 21172 KB] g=34, 18214 evaluated, 34 expanded
[t=0.296494s, 21172 KB] New best heuristic value for pinch_tracking: 247
[t=0.296535s, 21172 KB] g=34, 18227 evaluated, 34 expanded
[t=0.303102s, 21172 KB] New best heuristic value for pinch_tracking: 246
[t=0.303183s, 21172 KB] g=34, 18682 evaluated, 34 expanded
[t=0.303465s, 21172 KB] New best heuristic value for pinch_tracking: 245
[t=0.303508s, 21172 KB] g=35, 18697 evaluated, 35 expanded
[t=0.30358s, 21172 KB] New best heuristic value for pinch_tracking: 244
[t=0.303623s, 21172 KB] g=35, 18699 evaluated, 35 expanded
[t=0.303782s, 21308 KB] New best heuristic value for pinch_tracking: 243
[t=0.303824s, 21308 KB] g=35, 18706 evaluated, 35 expanded
[t=0.303976s, 21308 KB] New best heuristic value for pinch_tracking: 242
[t=0.304019s, 21308 KB] g=35, 18713 evaluated, 35 expanded
[t=0.304248s, 21308 KB] New best heuristic value for pinch_tracking: 241
[t=0.30429s, 21308 KB] g=35, 18726 evaluated, 35 expanded
[t=0.311058s, 21308 KB] New best heuristic value for pinch_tracking: 240
[t=0.311144s, 21308 KB] g=36, 19193 evaluated, 36 expanded
[t=0.311221s, 21308 KB] New best heuristic value for pinch_tracking: 239
[t=0.311263s, 21308 KB] g=36, 19195 evaluated, 36 expanded
[t=0.311406s, 21308 KB] New best heuristic value for pinch_tracking: 238
[t=0.311447s, 21308 KB] g=36, 19202 evaluated, 36 expanded
[t=0.311591s, 21308 KB] New best heuristic value for pinch_tracking: 237
[t=0.311632s, 21308 KB] g=36, 19209 evaluated, 36 expanded
[t=0.311862s, 21308 KB] New best heuristic value for pinch_tracking: 236
[t=0.311905s, 21308 KB] g=36, 19221 evaluated, 36 expanded
[t=0.318652s, 21308 KB] New best heuristic value for pinch_tracking: 235
[t=0.318734s, 21308 KB] g=37, 19686 evaluated, 37 expanded
[t=0.31881s, 21308 KB] New best heuristic value for pinch_tracking: 234
[t=0.318851s, 21308 KB] g=37, 19688 evaluated, 37 expanded
[t=0.318993s, 21308 KB] New best heuristic value for pinch_tracking: 233
[t=0.319034s, 21308 KB] g=37, 19695 evaluated, 37 expanded
[t=0.319589s, 21308 KB] New best heuristic value for pinch_tracking: 231
[t=0.319632s, 21308 KB] g=37, 19730 evaluated, 37 expanded
[t=0.326109s, 21444 KB] New best heuristic value for pinch_tracking: 230
[t=0.326192s, 21444 KB] g=38, 20176 evaluated, 38 expanded
[t=0.326269s, 21444 KB] New best heuristic value for pinch_tracking: 229
[t=0.326311s, 21444 KB] g=38, 20178 evaluated, 38 expanded
[t=0.326475s, 21444 KB] New best heuristic value for pinch_tracking: 228
[t=0.326518s, 21444 KB] g=38, 20185 evaluated, 38 expanded
[t=0.327056s, 21444 KB] New best heuristic value for pinch_tracking: 226
[t=0.327101s, 21444 KB] g=38, 20220 evaluated, 38 expanded
[t=0.333514s, 21444 KB] New best heuristic value for pinch_tracking: 225
[t=0.333595s, 21444 KB] g=39, 20663 evaluated, 39 expanded
[t=0.33367s, 21444 KB] New best heuristic value for pinch_tracking: 224
[t=0.333711s, 21444 KB] g=39, 20665 evaluated, 39 expanded
[t=0.333852s, 21444 KB] New best heuristic value for pinch_tracking: 223
[t=0.333893s, 21444 KB] g=39, 20672 evaluated, 39 expanded
[t=0.334415s, 21444 KB] New best heuristic value for pinch_tracking: 221
[t=0.334459s, 21444 KB] g=39, 20705 evaluated, 39 expanded
[t=0.340856s, 21584 KB] New best heuristic value for pinch_tracking: 220
[t=0.340939s, 21584 KB] g=40, 21147 evaluated, 40 expanded
[t=0.341018s, 21584 KB] New best heuristic value for pinch_tracking: 219
[t=0.34106s, 21584 KB] g=40, 21149 evaluated, 40 expanded
[t=0.341205s, 21584 KB] New best heuristic value for pinch_tracking: 218
[t=0.341247s, 21584 KB] g=40, 21156 evaluated, 40 expanded
[t=0.34211s, 21584 KB] New best heuristic value for pinch_tracking: 217
[t=0.342156s, 21584 KB] g=40, 21212 evaluated, 40 expanded
[t=0.342413s, 21584 KB] New best heuristic value for pinch_tracking: 216
[t=0.342456s, 21584 KB] g=40, 21227 evaluated, 40 expanded
[t=0.348235s, 21584 KB] New best heuristic value for pinch_tracking: 215
[t=0.348314s, 21584 KB] g=41, 21628 evaluated, 41 expanded
[t=0.348389s, 21584 KB] New best heuristic value for pinch_tracking: 214
[t=0.34843s, 21584 KB] g=41, 21630 evaluated, 41 expanded
[t=0.348578s, 21584 KB] New best heuristic value for pinch_tracking: 213
[t=0.348619s, 21584 KB] g=41, 21637 evaluated, 41 expanded
[t=0.34947s, 21584 KB] New best heuristic value for pinch_tracking: 212
[t=0.349518s, 21584 KB] g=41, 21693 evaluated, 41 expanded
[t=0.350544s, 21584 KB] New best heuristic value for pinch_tracking: 211
[t=0.350589s, 21584 KB] g=41, 21762 evaluated, 41 expanded
[t=0.355558s, 21584 KB] New best heuristic value for pinch_tracking: 210
[t=0.355637s, 21584 KB] g=42, 22105 evaluated, 42 expanded
[t=0.355725s, 21584 KB] New best heuristic value for pinch_tracking: 209
[t=0.355766s, 21584 KB] g=42, 22107 evaluated, 42 expanded
[t=0.355912s, 21584 KB] New best heuristic value for pinch_tracking: 208
[t=0.355954s, 21584 KB] g=42, 22114 evaluated, 42 expanded
[t=0.356811s, 21584 KB] New best heuristic value for pinch_tracking: 207
[t=0.356858s, 21584 KB] g=42, 22170 evaluated, 42 expanded
[t=0.358232s, 21584 KB] New best heuristic value for pinch_tracking: 206
[t=0.358285s, 21584 KB] g=42, 22261 evaluated, 42 expanded
[t=0.362881s, 21724 KB] New best heuristic value for pinch_tracking: 205
[t=0.362959s, 21724 KB] g=43, 22578 evaluated, 43 expanded
[t=0.363036s, 21724 KB] New best heuristic value for pinch_tracking: 204
[t=0.363077s, 21724 KB] g=43, 22580 evaluated, 43 expanded
[t=0.363219s, 21724 KB] New best heuristic value for pinch_tracking: 203
[t=0.36326s, 21724 KB] g=43, 22587 evaluated, 43 expanded
[t=0.364107s, 21724 KB] New best heuristic value for pinch_tracking: 202
[t=0.364154s, 21724 KB] g=43, 22643 evaluated, 43 expanded
[t=0.366402s, 21724 KB] New best heuristic value for pinch_tracking: 201
[t=0.366465s, 21724 KB] g=43, 22797 evaluated, 43 expanded
[t=0.370125s, 21724 KB] New best heuristic value for pinch_tracking: 200
[t=0.370198s, 21724 KB] g=44, 23048 evaluated, 44 expanded
[t=0.370273s, 21724 KB] New best heuristic value for pinch_tracking: 199
[t=0.370323s, 21724 KB] g=44, 23050 evaluated, 44 expanded
[t=0.370466s, 21724 KB] New best heuristic value for pinch_tracking: 198
[t=0.370508s, 21724 KB] g=44, 23057 evaluated, 44 expanded
[t=0.371356s, 21724 KB] New best heuristic value for pinch_tracking: 197
[t=0.371404s, 21724 KB] g=44, 23113 evaluated, 44 expanded
[t=0.373689s, 21724 KB] New best heuristic value for pinch_tracking: 196
[t=0.373751s, 21724 KB] g=44, 23268 evaluated, 44 expanded
[t=0.377298s, 21856 KB] New best heuristic value for pinch_tracking: 195
[t=0.377372s, 21856 KB] g=45, 23513 evaluated, 45 expanded
[t=0.377447s, 21856 KB] New best heuristic value for pinch_tracking: 194
[t=0.377488s, 21856 KB] g=45, 23515 evaluated, 45 expanded
[t=0.377631s, 21856 KB] New best heuristic value for pinch_tracking: 193
[t=0.377672s, 21856 KB] g=45, 23522 evaluated, 45 expanded
[t=0.378527s, 21856 KB] New best heuristic value for pinch_tracking: 192
[t=0.378574s, 21856 KB] g=45, 23578 evaluated, 45 expanded
[t=0.38134s, 21856 KB] New best heuristic value for pinch_tracking: 191
[t=0.381406s, 21856 KB] g=45, 23768 evaluated, 45 expanded
[t=0.384438s, 21856 KB] New best heuristic value for pinch_tracking: 190
[t=0.384509s, 21856 KB] g=46, 23975 evaluated, 46 expanded
[t=0.384584s, 21856 KB] New best heuristic value for pinch_tracking: 189
[t=0.384626s, 21856 KB] g=46, 23977 evaluated, 46 expanded
[t=0.384772s, 21856 KB] New best heuristic value for pinch_tracking: 188
[t=0.384814s, 21856 KB] g=46, 23984 evaluated, 46 expanded
[t=0.385679s, 21856 KB] New best heuristic value for pinch_tracking: 187
[t=0.385731s, 21856 KB] g=46, 24040 evaluated, 46 expanded
[t=0.389386s, 21856 KB] New best heuristic value for pinch_tracking: 186
[t=0.389459s, 21856 KB] g=46, 24291 evaluated, 46 expanded
[t=0.391534s, 21856 KB] New best heuristic value for pinch_tracking: 185
[t=0.391595s, 21856 KB] g=47, 24433 evaluated, 47 expanded
[t=0.391668s, 21856 KB] New best heuristic value for pinch_tracking: 184
[t=0.39171s, 21856 KB] g=47, 24435 evaluated, 47 expanded
[t=0.391854s, 21856 KB] New best heuristic value for pinch_tracking: 183
[t=0.391895s, 21856 KB] g=47, 24442 evaluated, 47 expanded
[t=0.392748s, 21856 KB] New best heuristic value for pinch_tracking: 182
[t=0.392796s, 21856 KB] g=47, 24498 evaluated, 47 expanded
[t=0.397677s, 21988 KB] New best heuristic value for pinch_tracking: 181
[t=0.397755s, 21988 KB] g=47, 24835 evaluated, 47 expanded
[t=0.398567s, 21988 KB] New best heuristic value for pinch_tracking: 180
[t=0.398614s, 21988 KB] g=48, 24888 evaluated, 48 expanded
[t=0.398686s, 21988 KB] New best heuristic value for pinch_tracking: 179
[t=0.398727s, 21988 KB] g=48, 24890 evaluated, 48 expanded
[t=0.398874s, 21988 KB] New best heuristic value for pinch_tracking: 178
[t=0.398916s, 21988 KB] g=48, 24897 evaluated, 48 expanded
[t=0.399769s, 21988 KB] New best heuristic value for pinch_tracking: 177
[t=0.399817s, 21988 KB] g=48, 24953 evaluated, 48 expanded
[t=0.405363s, 21988 KB] New best heuristic value for pinch_tracking: 176
[t=0.405452s, 21988 KB] g=49, 25339 evaluated, 49 expanded
[t=0.405531s, 21988 KB] New best heuristic value for pinch_tracking: 175
[t=0.405572s, 21988 KB] g=49, 25341 evaluated, 49 expanded
[t=0.405714s, 21988 KB] New best heuristic value for pinch_tracking: 174
[t=0.405755s, 21988 KB] g=49, 25348 evaluated, 49 expanded
[t=0.40659s, 21988 KB] New best heuristic value for pinch_tracking: 173
[t=0.406637s, 21988 KB] g=49, 25403 evaluated, 49 expanded
[t=0.41218s, 22124 KB] New best heuristic value for pinch_tracking: 172
[t=0.412272s, 22124 KB] g=50, 25785 evaluated, 50 expanded
[t=0.412407s, 22124 KB] New best heuristic value for pinch_tracking: 171
[t=0.412449s, 22124 KB] g=50, 25791 evaluated, 50 expanded
[t=0.412535s, 22124 KB] New best heuristic value for pinch_tracking: 170
[t=0.412576s, 22124 KB] g=50, 25794 evaluated, 50 expanded
[t=0.413562s, 22124 KB] New best heuristic value for pinch_tracking: 169
[t=0.41361s, 22124 KB] g=50, 25859 evaluated, 50 expanded
[t=0.418925s, 22124 KB] New best heuristic value for pinch_tracking: 168
[t=0.419009s, 22124 KB] g=51, 26228 evaluated, 51 expanded
[t=0.419144s, 22124 KB] New best heuristic value for pinch_tracking: 167
[t=0.419185s, 22124 KB] g=51, 26234 evaluated, 51 expanded
[t=0.419271s, 22124 KB] New best heuristic value for pinch_tracking: 166
[t=0.419311s, 22124 KB] g=51, 26237 evaluated, 51 expanded
[t=0.420538s, 22124 KB] New best heuristic value for pinch_tracking: 165
[t=0.420588s, 22124 KB] g=51, 26320 evaluated, 51 expanded
[t=0.425593s, 22124 KB] New best heuristic value for pinch_tracking: 164
[t=0.425669s, 22124 KB] g=52, 26667 evaluated, 52 expanded
[t=0.425803s, 22124 KB] New best heuristic value for pinch_tracking: 163
[t=0.425854s, 22124 KB] g=52, 26673 evaluated, 52 expanded
[t=0.42594s, 22124 KB] New best heuristic value for pinch_tracking: 162
[t=0.425981s, 22124 KB] g=52, 26676 evaluated, 52 expanded
[t=0.427278s, 22124 KB] New best heuristic value for pinch_tracking: 161
[t=0.427331s, 22124 KB] g=52, 26763 evaluated, 52 expanded
[t=0.432206s, 22256 KB] New best heuristic value for pinch_tracking: 160
[t=0.432282s, 22256 KB] g=53, 27102 evaluated, 53 expanded
[t=0.432414s, 22256 KB] New best heuristic value for pinch_tracking: 159
[t=0.432456s, 22256 KB] g=53, 27108 evaluated, 53 expanded
[t=0.432541s, 22256 KB] New best heuristic value for pinch_tracking: 158
[t=0.432582s, 22256 KB] g=53, 27111 evaluated, 53 expanded
[t=0.434289s, 22256 KB] New best heuristic value for pinch_tracking: 157
[t=0.434342s, 22256 KB] g=53, 27228 evaluated, 53 expanded
[t=0.438759s, 22256 KB] New best heuristic value for pinch_tracking: 156
[t=0.438836s, 22256 KB] g=54, 27534 evaluated, 54 expanded
[t=0.43897s, 22256 KB] New best heuristic value for pinch_tracking: 155
[t=0.439012s, 22256 KB] g=54, 27540 evaluated, 54 expanded
[t=0.439099s, 22256 KB] New best heuristic value for pinch_tracking: 154
[t=0.43914s, 22256 KB] g=54, 27543 evaluated, 54 expanded
[t=0.441128s, 22256 KB] New best heuristic value for pinch_tracking: 153
[t=0.44119s, 22256 KB] g=54, 27679 evaluated, 54 expanded
[t=0.445277s, 22256 KB] New best heuristic value for pinch_tracking: 152
[t=0.44535s, 22256 KB] g=55, 27962 evaluated, 55 expanded
[t=0.445481s, 22256 KB] New best heuristic value for pinch_tracking: 151
[t=0.445523s, 22256 KB] g=55, 27968 evaluated, 55 expanded
[t=0.445608s, 22256 KB] New best heuristic value for pinch_tracking: 150
[t=0.445649s, 22256 KB] g=55, 27971 evaluated, 55 expanded
[t=0.447859s, 22388 KB] New best heuristic value for pinch_tracking: 149
[t=0.44792s, 22388 KB] g=55, 28123 evaluated, 55 expanded
[t=0.451746s, 22388 KB] New best heuristic value for pinch_tracking: 148
[t=0.451819s, 22388 KB] g=56, 28387 evaluated, 56 expanded
[t=0.45195s, 22388 KB] New best heuristic value for pinch_tracking: 147
[t=0.451992s, 22388 KB] g=56, 28393 evaluated, 56 expanded
[t=0.452076s, 22388 KB] New best heuristic value for pinch_tracking: 146
[t=0.452117s, 22388 KB] g=56, 28396 evaluated, 56 expanded
[t=0.454485s, 22388 KB] New best heuristic value for pinch_tracking: 145
[t=0.45455s, 22388 KB] g=56, 28559 evaluated, 56 expanded
[t=0.458153s, 22388 KB] New best heuristic value for pinch_tracking: 144
[t=0.458225s, 22388 KB] g=57, 28806 evaluated, 57 expanded
[t=0.458399s, 22388 KB] New best heuristic value for pinch_tracking: 142
[t=0.458441s, 22388 KB] g=57, 28815 evaluated, 57 expanded
[t=0.461973s, 22388 KB] New best heuristic value for pinch_tracking: 141
[t=0.462043s, 22388 KB] g=57, 29061 evaluated, 57 expanded
[t=0.464358s, 22520 KB] New best heuristic value for pinch_tracking: 140
[t=0.464416s, 22520 KB] g=58, 29220 evaluated, 58 expanded
[t=0.464589s, 22520 KB] New best heuristic value for pinch_tracking: 138
[t=0.464631s, 22520 KB] g=58, 29229 evaluated, 58 expanded
[t=0.471284s, 23036 KB] New best heuristic value for pinch_tracking: 137
[t=0.471375s, 23036 KB] g=58, 29522 evaluated, 58 expanded
[t=0.472972s, 23036 KB] New best heuristic value for pinch_tracking: 136
[t=0.473025s, 23036 KB] g=59, 29630 evaluated, 59 expanded
[t=0.473198s, 23036 KB] New best heuristic value for pinch_tracking: 134
[t=0.473241s, 23036 KB] g=59, 29639 evaluated, 59 expanded
[t=0.478929s, 23036 KB] New best heuristic value for pinch_tracking: 133
[t=0.479009s, 23036 KB] g=60, 30036 evaluated, 60 expanded
[t=0.479224s, 23036 KB] New best heuristic value for pinch_tracking: 131
[t=0.479266s, 23036 KB] g=60, 30047 evaluated, 60 expanded
[t=0.484948s, 23036 KB] New best heuristic value for pinch_tracking: 130
[t=0.485029s, 23036 KB] g=61, 30439 evaluated, 61 expanded
[t=0.48522s, 23036 KB] New best heuristic value for pinch_tracking: 129
[t=0.485262s, 23036 KB] g=61, 30449 evaluated, 61 expanded
[t=0.485348s, 23036 KB] New best heuristic value for pinch_tracking: 128
[t=0.48539s, 23036 KB] g=61, 30452 evaluated, 61 expanded
[t=0.4909s, 23036 KB] New best heuristic value for pinch_tracking: 127
[t=0.490979s, 23036 KB] g=62, 30837 evaluated, 62 expanded
[t=0.491169s, 23036 KB] New best heuristic value for pinch_tracking: 126
[t=0.491211s, 23036 KB] g=62, 30847 evaluated, 62 expanded
[t=0.491388s, 23036 KB] New best heuristic value for pinch_tracking: 125
[t=0.49143s, 23036 KB] g=62, 30856 evaluated, 62 expanded
[t=0.496788s, 23036 KB] New best heuristic value for pinch_tracking: 124
[t=0.496868s, 23036 KB] g=63, 31228 evaluated, 63 expanded
[t=0.497069s, 23036 KB] New best heuristic value for pinch_tracking: 123
[t=0.497112s, 23036 KB] g=63, 31238 evaluated, 63 expanded
[t=0.497425s, 23036 KB] New best heuristic value for pinch_tracking: 122
[t=0.497468s, 23036 KB] g=63, 31256 evaluated, 63 expanded
[t=0.502653s, 23044 KB] New best heuristic value for pinch_tracking: 121
[t=0.502732s, 23044 KB] g=64, 31615 evaluated, 64 expanded
[t=0.502925s, 23044 KB] New best heuristic value for pinch_tracking: 120
[t=0.502968s, 23044 KB] g=64, 31625 evaluated, 64 expanded
[t=0.503865s, 23044 KB] New best heuristic value for pinch_tracking: 119
[t=0.503911s, 23044 KB] g=64, 31686 evaluated, 64 expanded
[t=0.5084s, 23044 KB] New best heuristic value for pinch_tracking: 118
[t=0.508473s, 23044 KB] g=65, 31998 evaluated, 65 expanded
[t=0.50866s, 23044 KB] New best heuristic value for pinch_tracking: 117
[t=0.508703s, 23044 KB] g=65, 32008 evaluated, 65 expanded
[t=0.509641s, 23044 KB] New best heuristic value for pinch_tracking: 116
[t=0.50969s, 23044 KB] g=65, 32071 evaluated, 65 expanded
[t=0.514141s, 23044 KB] New best heuristic value for pinch_tracking: 115
[t=0.514221s, 23044 KB] g=66, 32375 evaluated, 66 expanded
[t=0.514409s, 23044 KB] New best heuristic value for pinch_tracking: 114
[t=0.514451s, 23044 KB] g=66, 32385 evaluated, 66 expanded
[t=0.515403s, 23044 KB] New best heuristic value for pinch_tracking: 113
[t=0.515452s, 23044 KB] g=66, 32449 evaluated, 66 expanded
[t=0.519721s, 23180 KB] New best heuristic value for pinch_tracking: 112
[t=0.519798s, 23180 KB] g=67, 32746 evaluated, 67 expanded
[t=0.519983s, 23180 KB] New best heuristic value for pinch_tracking: 111
[t=0.520025s, 23180 KB] g=67, 32756 evaluated, 67 expanded
[t=0.522231s, 24220 KB] New best heuristic value for pinch_tracking: 110
[t=0.522301s, 24220 KB] g=67, 32872 evaluated, 67 expanded
[t=0.525754s, 24220 KB] New best heuristic value for pinch_tracking: 109
[t=0.525832s, 24220 KB] g=68, 33112 evaluated, 68 expanded
[t=0.526023s, 24220 KB] New best heuristic value for pinch_tracking: 108
[t=0.526065s, 24220 KB] g=68, 33122 evaluated, 68 expanded
[t=0.527778s, 24220 KB] New best heuristic value for pinch_tracking: 107
[t=0.527833s, 24220 KB] g=68, 33239 evaluated, 68 expanded
[t=0.531194s, 24220 KB] New best heuristic value for pinch_tracking: 106
[t=0.531259s, 24220 KB] g=69, 33472 evaluated, 69 expanded
[t=0.531454s, 24220 KB] New best heuristic value for pinch_tracking: 105
[t=0.531496s, 24220 KB] g=69, 33482 evaluated, 69 expanded
[t=0.533154s, 24220 KB] New best heuristic value for pinch_tracking: 104
[t=0.533207s, 24220 KB] g=69, 33597 evaluated, 69 expanded
[t=0.536507s, 24220 KB] New best heuristic value for pinch_tracking: 103
[t=0.536575s, 24220 KB] g=70, 33826 evaluated, 70 expanded
[t=0.536766s, 24220 KB] New best heuristic value for pinch_tracking: 102
[t=0.536808s, 24220 KB] g=70, 33836 evaluated, 70 expanded
[t=0.538604s, 24220 KB] New best heuristic value for pinch_tracking: 101
[t=0.538658s, 24220 KB] g=70, 33960 evaluated, 70 expanded
[t=0.541746s, 24220 KB] New best heuristic value for pinch_tracking: 100
[t=0.541812s, 24220 KB] g=71, 34176 evaluated, 71 expanded
[t=0.541997s, 24220 KB] New best heuristic value for pinch_tracking: 99
[t=0.542039s, 24220 KB] g=71, 34186 evaluated, 71 expanded
[t=0.544473s, 24220 KB] New best heuristic value for pinch_tracking: 98
[t=0.544536s, 24220 KB] g=71, 34355 evaluated, 71 expanded
[t=0.546948s, 24220 KB] New best heuristic value for pinch_tracking: 97
[t=0.547023s, 24220 KB] g=72, 34521 evaluated, 72 expanded
[t=0.547211s, 24220 KB] New best heuristic value for pinch_tracking: 96
[t=0.547253s, 24220 KB] g=72, 34531 evaluated, 72 expanded
[t=0.550091s, 24220 KB] New best heuristic value for pinch_tracking: 95
[t=0.550154s, 24220 KB] g=72, 34728 evaluated, 72 expanded
[t=0.552099s, 24220 KB] New best heuristic value for pinch_tracking: 94
[t=0.552159s, 24220 KB] g=73, 34860 evaluated, 73 expanded
[t=0.552345s, 24220 KB] New best heuristic value for pinch_tracking: 93
[t=0.552387s, 24220 KB] g=73, 34870 evaluated, 73 expanded
[t=0.555464s, 24220 KB] New best heuristic value for pinch_tracking: 92
[t=0.555533s, 24220 KB] g=73, 35084 evaluated, 73 expanded
[t=0.557171s, 24220 KB] New best heuristic value for pinch_tracking: 91
[t=0.557228s, 24220 KB] g=74, 35194 evaluated, 74 expanded
[t=0.557413s, 24220 KB] New best heuristic value for pinch_tracking: 90
[t=0.557455s, 24220 KB] g=74, 35204 evaluated, 74 expanded
[t=0.560857s, 24220 KB] New best heuristic value for pinch_tracking: 89
[t=0.560928s, 24220 KB] g=74, 35438 evaluated, 74 expanded
[t=0.562189s, 24220 KB] New best heuristic value for pinch_tracking: 88
[t=0.56224s, 24220 KB] g=75, 35523 evaluated, 75 expanded
[t=0.562433s, 24220 KB] New best heuristic value for pinch_tracking: 87
[t=0.562476s, 24220 KB] g=75, 35533 evaluated, 75 expanded
[t=0.5659s, 24220 KB] New best heuristic value for pinch_tracking: 86
[t=0.56597s, 24220 KB] g=75, 35773 evaluated, 75 expanded
[t=0.567067s, 24220 KB] New best heuristic value for pinch_tracking: 85
[t=0.567114s, 24220 KB] g=76, 35845 evaluated, 76 expanded
[t=0.567299s, 24220 KB] New best heuristic value for pinch_tracking: 84
[t=0.567342s, 24220 KB] g=76, 35855 evaluated, 76 expanded
[t=0.571243s, 24220 KB] New best heuristic value for pinch_tracking: 83
[t=0.571318s, 24220 KB] g=76, 36129 evaluated, 76 expanded
[t=0.571859s, 24220 KB] New best heuristic value for pinch_tracking: 82
[t=0.571904s, 24220 KB] g=77, 36163 evaluated, 77 expanded
[t=0.572087s, 24220 KB] New best heuristic value for pinch_tracking: 81
[t=0.572129s, 24220 KB] g=77, 36173 evaluated, 77 expanded
[t=0.576547s, 24352 KB] New best heuristic value for pinch_tracking: 80
[t=0.576626s, 24352 KB] g=78, 36477 evaluated, 78 expanded
[t=0.576813s, 24352 KB] New best heuristic value for pinch_tracking: 79
[t=0.576854s, 24352 KB] g=78, 36487 evaluated, 78 expanded
[t=0.581101s, 24352 KB] New best heuristic value for pinch_tracking: 78
[t=0.581184s, 24352 KB] g=79, 36785 evaluated, 79 expanded
[t=0.581387s, 24352 KB] New best heuristic value for pinch_tracking: 77
[t=0.581428s, 24352 KB] g=79, 36796 evaluated, 79 expanded
[t=0.585616s, 24352 KB] New best heuristic value for pinch_tracking: 76
[t=0.58569s, 24352 KB] g=80, 37086 evaluated, 80 expanded
[t=0.586217s, 24352 KB] New best heuristic value for pinch_tracking: 75
[t=0.586262s, 24352 KB] g=80, 37119 evaluated, 80 expanded
[t=0.590081s, 24488 KB] New best heuristic value for pinch_tracking: 74
[t=0.590153s, 24488 KB] g=81, 37381 evaluated, 81 expanded
[t=0.590702s, 24488 KB] New best heuristic value for pinch_tracking: 73
[t=0.590748s, 24488 KB] g=81, 37416 evaluated, 81 expanded
[t=0.594443s, 24488 KB] New best heuristic value for pinch_tracking: 72
[t=0.594516s, 24488 KB] g=82, 37672 evaluated, 82 expanded
[t=0.595149s, 24488 KB] New best heuristic value for pinch_tracking: 71
[t=0.595194s, 24488 KB] g=82, 37713 evaluated, 82 expanded
[t=0.598728s, 24488 KB] New best heuristic value for pinch_tracking: 70
[t=0.598811s, 24488 KB] g=83, 37956 evaluated, 83 expanded
[t=0.599498s, 24488 KB] New best heuristic value for pinch_tracking: 69
[t=0.599544s, 24488 KB] g=83, 38002 evaluated, 83 expanded
[t=0.602943s, 24488 KB] New best heuristic value for pinch_tracking: 68
[t=0.603015s, 24488 KB] g=84, 38236 evaluated, 84 expanded
[t=0.603749s, 24488 KB] New best heuristic value for pinch_tracking: 67
[t=0.603796s, 24488 KB] g=84, 38284 evaluated, 84 expanded
[t=0.607064s, 24620 KB] New best heuristic value for pinch_tracking: 66
[t=0.607133s, 24620 KB] g=85, 38509 evaluated, 85 expanded
[t=0.607871s, 24620 KB] New best heuristic value for pinch_tracking: 65
[t=0.607917s, 24620 KB] g=85, 38558 evaluated, 85 expanded
[t=0.611049s, 24620 KB] New best heuristic value for pinch_tracking: 64
[t=0.611121s, 24620 KB] g=86, 38776 evaluated, 86 expanded
[t=0.611979s, 24620 KB] New best heuristic value for pinch_tracking: 63
[t=0.612024s, 24620 KB] g=86, 38833 evaluated, 86 expanded
[t=0.615018s, 24620 KB] New best heuristic value for pinch_tracking: 62
[t=0.615086s, 24620 KB] g=87, 39039 evaluated, 87 expanded
[t=0.61596s, 24620 KB] New best heuristic value for pinch_tracking: 61
[t=0.616007s, 24620 KB] g=87, 39096 evaluated, 87 expanded
[t=0.61897s, 24620 KB] New best heuristic value for pinch_tracking: 60
[t=0.619043s, 24620 KB] g=88, 39298 evaluated, 88 expanded
[t=0.619968s, 24620 KB] New best heuristic value for pinch_tracking: 59
[t=0.620018s, 24620 KB] g=88, 39359 evaluated, 88 expanded
[t=0.622819s, 24620 KB] New best heuristic value for pinch_tracking: 58
[t=0.622887s, 24620 KB] g=89, 39553 evaluated, 89 expanded
[t=0.623797s, 24620 KB] New best heuristic value for pinch_tracking: 57
[t=0.623845s, 24620 KB] g=89, 39614 evaluated, 89 expanded
[t=0.626608s, 24752 KB] New best heuristic value for pinch_tracking: 56
[t=0.626677s, 24752 KB] g=90, 39802 evaluated, 90 expanded
[t=0.627587s, 24752 KB] New best heuristic value for pinch_tracking: 55
[t=0.627637s, 24752 KB] g=90, 39861 evaluated, 90 expanded
[t=0.630396s, 24752 KB] New best heuristic value for pinch_tracking: 54
[t=0.630469s, 24752 KB] g=91, 40048 evaluated, 91 expanded
[t=0.631359s, 24752 KB] New best heuristic value for pinch_tracking: 53
[t=0.631406s, 24752 KB] g=91, 40106 evaluated, 91 expanded
[t=0.63404s, 24752 KB] New best heuristic value for pinch_tracking: 52
[t=0.634104s, 24752 KB] g=92, 40288 evaluated, 92 expanded
[t=0.635043s, 24752 KB] New best heuristic value for pinch_tracking: 51
[t=0.635087s, 24752 KB] g=92, 40351 evaluated, 92 expanded
[t=0.637568s, 24752 KB] New best heuristic value for pinch_tracking: 50
[t=0.637633s, 24752 KB] g=93, 40523 evaluated, 93 expanded
[t=0.638621s, 24752 KB] New best heuristic value for pinch_tracking: 49
[t=0.638672s, 24752 KB] g=93, 40588 evaluated, 93 expanded
[t=0.641115s, 24752 KB] New best heuristic value for pinch_tracking: 48
[t=0.641187s, 24752 KB] g=94, 40753 evaluated, 94 expanded
[t=0.642334s, 24752 KB] New best heuristic value for pinch_tracking: 47
[t=0.642389s, 24752 KB] g=94, 40829 evaluated, 94 expanded
[t=0.644587s, 24892 KB] New best heuristic value for pinch_tracking: 46
[t=0.644654s, 24892 KB] g=95, 40975 evaluated, 95 expanded
[t=0.645864s, 24892 KB] New best heuristic value for pinch_tracking: 45
[t=0.645915s, 24892 KB] g=95, 41057 evaluated, 95 expanded
[t=0.647861s, 24892 KB] New best heuristic value for pinch_tracking: 44
[t=0.647918s, 24892 KB] g=96, 41190 evaluated, 96 expanded
[t=0.649217s, 24892 KB] New best heuristic value for pinch_tracking: 43
[t=0.649273s, 24892 KB] g=96, 41278 evaluated, 96 expanded
[t=0.651087s, 24892 KB] New best heuristic value for pinch_tracking: 42
[t=0.651146s, 24892 KB] g=97, 41400 evaluated, 97 expanded
[t=0.652437s, 24892 KB] New best heuristic value for pinch_tracking: 41
[t=0.652486s, 24892 KB] g=97, 41487 evaluated, 97 expanded
[t=0.654152s, 24892 KB] New best heuristic value for pinch_tracking: 40
[t=0.654205s, 24892 KB] g=98, 41602 evaluated, 98 expanded
[t=0.655589s, 24892 KB] New best heuristic value for pinch_tracking: 39
[t=0.655643s, 24892 KB] g=98, 41695 evaluated, 98 expanded
[t=0.657137s, 24892 KB] New best heuristic value for pinch_tracking: 38
[t=0.657195s, 24892 KB] g=99, 41796 evaluated, 99 expanded
[t=0.658865s, 24892 KB] New best heuristic value for pinch_tracking: 37
[t=0.658926s, 24892 KB] g=99, 41908 evaluated, 99 expanded
[t=0.66013s, 25028 KB] New best heuristic value for pinch_tracking: 36
[t=0.660195s, 25028 KB] g=100, 41986 evaluated, 100 expanded
[t=0.662211s, 25028 KB] New best heuristic value for pinch_tracking: 35
[t=0.662273s, 25028 KB] g=100, 42123 evaluated, 100 expanded
[t=0.663026s, 25028 KB] New best heuristic value for pinch_tracking: 34
[t=0.66308s, 25028 KB] g=101, 42172 evaluated, 101 expanded
[t=0.665227s, 25028 KB] New best heuristic value for pinch_tracking: 33
[t=0.665287s, 25028 KB] g=101, 42319 evaluated, 101 expanded
[t=0.665806s, 25028 KB] New best heuristic value for pinch_tracking: 32
[t=0.66585s, 25028 KB] g=102, 42352 evaluated, 102 expanded
[t=0.668039s, 25028 KB] New best heuristic value for pinch_tracking: 31
[t=0.6681s, 25028 KB] g=102, 42502 evaluated, 102 expanded
[t=0.668515s, 25028 KB] New best heuristic value for pinch_tracking: 30
[t=0.668559s, 25028 KB] g=103, 42527 evaluated, 103 expanded
[t=0.670893s, 25028 KB] New best heuristic value for pinch_tracking: 29
[t=0.670957s, 25028 KB] g=103, 42687 evaluated, 103 expanded
[t=0.671162s, 25028 KB] New best heuristic value for pinch_tracking: 28
[t=0.671205s, 25028 KB] g=104, 42696 evaluated, 104 expanded
[t=0.673626s, 25028 KB] New best heuristic value for pinch_tracking: 27
[t=0.673694s, 25028 KB] g=105, 42860 evaluated, 105 expanded
[t=0.676084s, 25028 KB] New best heuristic value for pinch_tracking: 26
[t=0.676151s, 25028 KB] g=106, 43019 evaluated, 106 expanded
[t=0.678425s, 25168 KB] New best heuristic value for pinch_tracking: 25
[t=0.678489s, 25168 KB] g=107, 43173 evaluated, 107 expanded
[t=0.680693s, 25168 KB] New best heuristic value for pinch_tracking: 24
[t=0.680754s, 25168 KB] g=108, 43322 evaluated, 108 expanded
[t=0.682909s, 25168 KB] New best heuristic value for pinch_tracking: 23
[t=0.682967s, 25168 KB] g=109, 43468 evaluated, 109 expanded
[t=0.685072s, 25168 KB] New best heuristic value for pinch_tracking: 22
[t=0.685136s, 25168 KB] g=110, 43608 evaluated, 110 expanded
[t=0.687194s, 25168 KB] New best heuristic value for pinch_tracking: 21
[t=0.687257s, 25168 KB] g=111, 43745 evaluated, 111 expanded
[t=0.689276s, 25168 KB] New best heuristic value for pinch_tracking: 20
[t=0.68934s, 25168 KB] g=112, 43880 evaluated, 112 expanded
[t=0.691437s, 25168 KB] New best heuristic value for pinch_tracking: 19
[t=0.691496s, 25168 KB] g=113, 44019 evaluated, 113 expanded
[t=0.693367s, 25168 KB] New best heuristic value for pinch_tracking: 18
[t=0.693428s, 25168 KB] g=114, 44144 evaluated, 114 expanded
[t=0.695248s, 25168 KB] New best heuristic value for pinch_tracking: 17
[t=0.69532s, 25168 KB] g=115, 44267 evaluated, 115 expanded
[t=0.69707s, 25300 KB] New best heuristic value for pinch_tracking: 16
[t=0.697128s, 25300 KB] g=116, 44384 evaluated, 116 expanded
[t=0.698875s, 25300 KB] New best heuristic value for pinch_tracking: 15
[t=0.698935s, 25300 KB] g=117, 44501 evaluated, 117 expanded
[t=0.700645s, 25300 KB] New best heuristic value for pinch_tracking: 14
[t=0.700705s, 25300 KB] g=118, 44614 evaluated, 118 expanded
[t=0.702397s, 25300 KB] New best heuristic value for pinch_tracking: 13
[t=0.702456s, 25300 KB] g=119, 44726 evaluated, 119 expanded
[t=0.704132s, 25300 KB] New best heuristic value for pinch_tracking: 12
[t=0.704185s, 25300 KB] g=120, 44837 evaluated, 120 expanded
[t=0.705767s, 25300 KB] New best heuristic value for pinch_tracking: 11
[t=0.705821s, 25300 KB] g=121, 44943 evaluated, 121 expanded
[t=0.707408s, 25300 KB] New best heuristic value for pinch_tracking: 10
[t=0.707463s, 25300 KB] g=122, 45048 evaluated, 122 expanded
[t=0.708951s, 25300 KB] New best heuristic value for pinch_tracking: 9
[t=0.709006s, 25300 KB] g=123, 45146 evaluated, 123 expanded
[t=0.710421s, 25300 KB] New best heuristic value for pinch_tracking: 8
[t=0.710473s, 25300 KB] g=124, 45239 evaluated, 124 expanded
[t=0.711942s, 25300 KB] New best heuristic value for pinch_tracking: 7
[t=0.711994s, 25300 KB] g=125, 45336 evaluated, 125 expanded
[t=0.713349s, 25300 KB] New best heuristic value for pinch_tracking: 6
[t=0.713406s, 25300 KB] g=126, 45425 evaluated, 126 expanded
[t=0.714771s, 25300 KB] New best heuristic value for pinch_tracking: 5
[t=0.714827s, 25300 KB] g=127, 45513 evaluated, 127 expanded
[t=0.716156s, 25432 KB] New best heuristic value for pinch_tracking: 4
[t=0.716209s, 25432 KB] g=128, 45598 evaluated, 128 expanded
[t=0.717462s, 25432 KB] New best heuristic value for pinch_tracking: 3
[t=0.717516s, 25432 KB] g=129, 45679 evaluated, 129 expanded
[t=0.718842s, 25432 KB] New best heuristic value for pinch_tracking: 2
[t=0.718896s, 25432 KB] g=130, 45764 evaluated, 130 expanded
Failed to allocate memory.
Memory limit has been reached.
Peak memory: 3670016 KB
Remove intermediate file output.sas
search exit code: 22

Driver aborting after search
