INFO     Running translator.
INFO     translator stdin: None
INFO     translator time limit: 1799.96s
INFO     translator memory limit: 3584 MB
INFO     translator command line string: /infai/weidan00/downward/experiments/bachelor/.venv/bin/python3 /infai/weidan00/downward/experiments/bachelor/data/bachelor-v1/code-7aa5f34_e5e41175/builds/release/bin/translate/translate.py domain.pddl problem.pddl --sas-file output.sas
Parsing...
Parsing: [0.010s CPU, 0.010s wall-clock]
Normalizing task... [0.000s CPU, 0.000s wall-clock]
Instantiating...
Generating Datalog program... [0.000s CPU, 0.003s wall-clock]
Normalizing Datalog program...
Normalizing Datalog program: [0.010s CPU, 0.002s wall-clock]
Preparing model... [0.010s CPU, 0.013s wall-clock]
Generated 13 rules.
Computing model... [0.060s CPU, 0.049s wall-clock]
3793 relevant atoms
2376 auxiliary atoms
6169 final queue length
10634 total queue pushes
Completing instantiation... [0.060s CPU, 0.068s wall-clock]
Instantiating: [0.140s CPU, 0.135s wall-clock]
Computing fact groups...
Finding invariants...
6 initial candidates
Finding invariants: [0.000s CPU, 0.001s wall-clock]
Checking invariant weight... [0.000s CPU, 0.000s wall-clock]
Instantiating groups... [0.000s CPU, 0.000s wall-clock]
Collecting mutex groups... [0.000s CPU, 0.000s wall-clock]
Choosing groups...
48 uncovered facts
Choosing groups: [0.000s CPU, 0.000s wall-clock]
Building translation key... [0.000s CPU, 0.000s wall-clock]
Computing fact groups: [0.010s CPU, 0.003s wall-clock]
Building STRIPS to SAS dictionary... [0.000s CPU, 0.000s wall-clock]
Building dictionary for full mutex groups... [0.000s CPU, 0.000s wall-clock]
Building mutex information...
Building mutex information: [0.000s CPU, 0.000s wall-clock]
Translating task...
Processing axioms...
Simplifying axioms... [0.000s CPU, 0.000s wall-clock]
Processing axioms: [0.000s CPU, 0.003s wall-clock]
Translating task: [0.050s CPU, 0.051s wall-clock]
24 effect conditions simplified
0 implied preconditions added
Detecting unreachable propositions...
0 operators removed
0 axioms removed
1 propositions removed
Detecting unreachable propositions: [0.030s CPU, 0.037s wall-clock]
Reordering and filtering variables...
49 of 49 variables necessary.
0 of 1 mutex groups necessary.
2287 of 2287 operators necessary.
0 of 0 axiom rules necessary.
Reordering and filtering variables: [0.010s CPU, 0.007s wall-clock]
Translator variables: 49
Translator derived variables: 0
Translator facts: 144
Translator goal facts: 24
Translator mutex groups: 0
Translator total mutex groups size: 0
Translator operators: 2287
Translator axioms: 0
Translator task size: 7167
Translator peak memory: 149196 KB
Writing output... [0.020s CPU, 0.020s wall-clock]
Done! [0.270s CPU, 0.268s wall-clock]
translate exit code: 0

INFO     Running search (release).
INFO     search stdin: output.sas
INFO     search time limit: 1799.64s
INFO     search memory limit: 3584 MB
INFO     search command line string: /infai/weidan00/downward/experiments/bachelor/data/bachelor-v1/code-7aa5f34_e5e41175/builds/release/bin/downward --search 'eager_wastar([pinch()], w=2)' --internal-plan-file sas_plan < output.sas
[t=6.2671e-05s, 17204 KB] reading input...
[t=0.00838475s, 17560 KB] done reading input!
[t=0.0106531s, 17952 KB] Simplifying 2328 unary operators... done! [2328 unary operators]
[t=0.0116563s, 18216 KB] time to simplify: 0.00112262s
[t=0.0118683s, 18216 KB] Initializing pinch heuristic...
[t=0.0120013s, 18216 KB] Building successor generator...done!
[t=0.0125297s, 18216 KB] peak memory difference for successor generator creation: 0 KB
[t=0.0125686s, 18216 KB] time for successor generation creation: 0.000404368s
[t=0.0126244s, 18216 KB] Variables: 49
[t=0.0126638s, 18216 KB] FactPairs: 144
[t=0.0127027s, 18216 KB] Bytes per state: 8
[t=0.0128306s, 18216 KB] Conducting best first search with reopening closed nodes, (real) bound = 2147483647
[t=0.0130823s, 18216 KB] New best heuristic value for pinch: 96
[t=0.0131257s, 18216 KB] g=0, 1 evaluated, 0 expanded
[t=0.0131772s, 18216 KB] Initial heuristic value for pinch: 96
[t=0.0132178s, 18216 KB] pruning method: none
[t=0.0132805s, 18216 KB] New best heuristic value for pinch: 95
[t=0.0133211s, 18216 KB] g=1, 2 evaluated, 1 expanded
[t=0.013374s, 18216 KB] New best heuristic value for pinch: 94
[t=0.0134143s, 18216 KB] g=1, 3 evaluated, 1 expanded
[t=0.0135443s, 18216 KB] New best heuristic value for pinch: 92
[t=0.013585s, 18216 KB] g=1, 12 evaluated, 1 expanded
[t=0.0139782s, 18216 KB] New best heuristic value for pinch: 90
[t=0.014021s, 18216 KB] g=2, 49 evaluated, 2 expanded
[t=0.0145119s, 18216 KB] New best heuristic value for pinch: 88
[t=0.0145548s, 18216 KB] g=4, 97 evaluated, 4 expanded
[t=0.0146323s, 18216 KB] New best heuristic value for pinch: 87
[t=0.0146816s, 18216 KB] g=5, 99 evaluated, 5 expanded
[t=0.0147946s, 18216 KB] New best heuristic value for pinch: 86
[t=0.0148379s, 18216 KB] g=5, 106 evaluated, 5 expanded
[t=0.0152681s, 18216 KB] New best heuristic value for pinch: 85
[t=0.015313s, 18216 KB] g=6, 145 evaluated, 6 expanded
[t=0.0154706s, 18216 KB] New best heuristic value for pinch: 84
[t=0.015523s, 18216 KB] g=7, 156 evaluated, 7 expanded
[t=0.0159047s, 18216 KB] New best heuristic value for pinch: 82
[t=0.0159478s, 18216 KB] g=8, 193 evaluated, 8 expanded
[t=0.0160155s, 18216 KB] New best heuristic value for pinch: 81
[t=0.0160562s, 18216 KB] g=9, 195 evaluated, 9 expanded
[t=0.0161878s, 18216 KB] New best heuristic value for pinch: 80
[t=0.0162298s, 18216 KB] g=9, 205 evaluated, 9 expanded
[t=0.016601s, 18216 KB] New best heuristic value for pinch: 78
[t=0.0166427s, 18216 KB] g=10, 241 evaluated, 10 expanded
[t=0.0167103s, 18216 KB] New best heuristic value for pinch: 77
[t=0.016751s, 18216 KB] g=11, 243 evaluated, 11 expanded
[t=0.0169019s, 18216 KB] New best heuristic value for pinch: 76
[t=0.0169422s, 18216 KB] g=11, 255 evaluated, 11 expanded
[t=0.01732s, 18216 KB] New best heuristic value for pinch: 74
[t=0.0173688s, 18216 KB] g=12, 289 evaluated, 12 expanded
[t=0.0174367s, 18216 KB] New best heuristic value for pinch: 73
[t=0.0174773s, 18216 KB] g=13, 291 evaluated, 13 expanded
[t=0.0176635s, 18216 KB] New best heuristic value for pinch: 72
[t=0.0177037s, 18216 KB] g=13, 307 evaluated, 13 expanded
[t=0.0180189s, 18216 KB] New best heuristic value for pinch: 71
[t=0.0180608s, 18216 KB] g=14, 337 evaluated, 14 expanded
[t=0.0182849s, 18216 KB] New best heuristic value for pinch: 70
[t=0.0183268s, 18216 KB] g=15, 356 evaluated, 15 expanded
[t=0.0186351s, 18216 KB] New best heuristic value for pinch: 68
[t=0.0186772s, 18216 KB] g=16, 385 evaluated, 16 expanded
[t=0.0187435s, 18216 KB] New best heuristic value for pinch: 67
[t=0.018784s, 18216 KB] g=17, 387 evaluated, 17 expanded
[t=0.0189958s, 18216 KB] New best heuristic value for pinch: 66
[t=0.0190363s, 18216 KB] g=17, 406 evaluated, 17 expanded
[t=0.0193348s, 18216 KB] New best heuristic value for pinch: 64
[t=0.0193758s, 18216 KB] g=18, 433 evaluated, 18 expanded
[t=0.0194413s, 18216 KB] New best heuristic value for pinch: 63
[t=0.0194818s, 18216 KB] g=19, 435 evaluated, 19 expanded
[t=0.0197015s, 18216 KB] New best heuristic value for pinch: 62
[t=0.019742s, 18216 KB] g=19, 455 evaluated, 19 expanded
[t=0.0200289s, 18216 KB] New best heuristic value for pinch: 61
[t=0.0200744s, 18216 KB] g=20, 481 evaluated, 21 expanded
[t=0.0202638s, 18216 KB] New best heuristic value for pinch: 60
[t=0.0203042s, 18216 KB] g=21, 497 evaluated, 22 expanded
[t=0.0207045s, 18216 KB] New best heuristic value for pinch: 59
[t=0.0207469s, 18216 KB] g=22, 529 evaluated, 24 expanded
[t=0.0209383s, 18216 KB] New best heuristic value for pinch: 58
[t=0.0209794s, 18216 KB] g=23, 545 evaluated, 25 expanded
[t=0.0213312s, 18216 KB] New best heuristic value for pinch: 57
[t=0.0213731s, 18216 KB] g=24, 577 evaluated, 27 expanded
[t=0.0215616s, 18216 KB] New best heuristic value for pinch: 56
[t=0.0216028s, 18216 KB] g=25, 593 evaluated, 28 expanded
[t=0.0219594s, 18216 KB] New best heuristic value for pinch: 55
[t=0.0220005s, 18216 KB] g=26, 625 evaluated, 31 expanded
[t=0.0221883s, 18216 KB] New best heuristic value for pinch: 54
[t=0.022229s, 18216 KB] g=27, 641 evaluated, 32 expanded
[t=0.0225852s, 18216 KB] New best heuristic value for pinch: 52
[t=0.0226271s, 18216 KB] g=28, 673 evaluated, 35 expanded
[t=0.0226893s, 18216 KB] New best heuristic value for pinch: 51
[t=0.0227297s, 18216 KB] g=29, 675 evaluated, 36 expanded
[t=0.0229067s, 18216 KB] New best heuristic value for pinch: 50
[t=0.0229477s, 18216 KB] g=29, 689 evaluated, 36 expanded
[t=0.0233256s, 18216 KB] New best heuristic value for pinch: 49
[t=0.023367s, 18216 KB] g=31, 724 evaluated, 40 expanded
[t=0.023517s, 18216 KB] New best heuristic value for pinch: 48
[t=0.0235577s, 18216 KB] g=31, 736 evaluated, 40 expanded
[t=0.0239192s, 18216 KB] New best heuristic value for pinch: 47
[t=0.0239613s, 18216 KB] g=32, 769 evaluated, 42 expanded
[t=0.0241498s, 18216 KB] New best heuristic value for pinch: 46
[t=0.0241911s, 18216 KB] g=33, 785 evaluated, 43 expanded
[t=0.0245695s, 18216 KB] New best heuristic value for pinch: 45
[t=0.0246109s, 18216 KB] g=35, 821 evaluated, 46 expanded
[t=0.0248176s, 18216 KB] New best heuristic value for pinch: 44
[t=0.0248584s, 18216 KB] g=35, 839 evaluated, 46 expanded
[t=0.0252001s, 18216 KB] New best heuristic value for pinch: 43
[t=0.025241s, 18216 KB] g=37, 871 evaluated, 49 expanded
[t=0.0253635s, 18216 KB] New best heuristic value for pinch: 42
[t=0.0254039s, 18216 KB] g=37, 880 evaluated, 49 expanded
[t=0.0258336s, 18216 KB] New best heuristic value for pinch: 41
[t=0.0258756s, 18216 KB] g=39, 921 evaluated, 52 expanded
[t=0.0260421s, 18216 KB] New best heuristic value for pinch: 40
[t=0.0260824s, 18216 KB] g=39, 935 evaluated, 52 expanded
[t=0.0264809s, 18216 KB] New best heuristic value for pinch: 39
[t=0.0265221s, 18216 KB] g=41, 973 evaluated, 55 expanded
[t=0.0266139s, 18216 KB] New best heuristic value for pinch: 38
[t=0.0266539s, 18216 KB] g=41, 978 evaluated, 55 expanded
[t=0.0272132s, 18216 KB] New best heuristic value for pinch: 37
[t=0.027257s, 18216 KB] g=43, 1023 evaluated, 58 expanded
[t=0.0273768s, 18216 KB] New best heuristic value for pinch: 36
[t=0.0274186s, 18216 KB] g=43, 1031 evaluated, 58 expanded
[t=0.0278456s, 18216 KB] New best heuristic value for pinch: 35
[t=0.027888s, 18216 KB] g=45, 1072 evaluated, 61 expanded
[t=0.0279685s, 18216 KB] New best heuristic value for pinch: 34
[t=0.0280088s, 18216 KB] g=45, 1076 evaluated, 61 expanded
[t=0.0284828s, 18216 KB] New best heuristic value for pinch: 33
[t=0.0285257s, 18216 KB] g=47, 1121 evaluated, 64 expanded
[t=0.0286233s, 18216 KB] New best heuristic value for pinch: 32
[t=0.0286637s, 18216 KB] g=47, 1127 evaluated, 64 expanded
[t=0.0291149s, 18216 KB] New best heuristic value for pinch: 31
[t=0.0291562s, 18216 KB] g=49, 1171 evaluated, 67 expanded
[t=0.0292158s, 18216 KB] New best heuristic value for pinch: 30
[t=0.0292557s, 18216 KB] g=49, 1173 evaluated, 67 expanded
[t=0.029559s, 18216 KB] New best heuristic value for pinch: 29
[t=0.0296004s, 18216 KB] g=50, 1201 evaluated, 68 expanded
[t=0.0300798s, 18216 KB] New best heuristic value for pinch: 28
[t=0.0301213s, 18216 KB] g=52, 1249 evaluated, 70 expanded
[t=0.0303428s, 18216 KB] New best heuristic value for pinch: 27
[t=0.0303843s, 18216 KB] g=53, 1268 evaluated, 71 expanded
[t=0.0306899s, 18216 KB] New best heuristic value for pinch: 26
[t=0.0307307s, 18216 KB] g=54, 1297 evaluated, 72 expanded
[t=0.0309655s, 18216 KB] New best heuristic value for pinch: 25
[t=0.031006s, 18216 KB] g=55, 1318 evaluated, 73 expanded
[t=0.0313104s, 18216 KB] New best heuristic value for pinch: 24
[t=0.0313534s, 18216 KB] g=56, 1345 evaluated, 75 expanded
[t=0.0315416s, 18216 KB] New best heuristic value for pinch: 23
[t=0.0315828s, 18216 KB] g=57, 1361 evaluated, 76 expanded
[t=0.0319209s, 18216 KB] New best heuristic value for pinch: 22
[t=0.0319624s, 18216 KB] g=58, 1393 evaluated, 78 expanded
[t=0.0321589s, 18216 KB] New best heuristic value for pinch: 21
[t=0.0322s, 18216 KB] g=59, 1409 evaluated, 79 expanded
[t=0.0325486s, 18216 KB] New best heuristic value for pinch: 20
[t=0.0325897s, 18216 KB] g=60, 1441 evaluated, 82 expanded
[t=0.0327773s, 18216 KB] New best heuristic value for pinch: 19
[t=0.0328178s, 18216 KB] g=61, 1457 evaluated, 83 expanded
[t=0.0331699s, 18216 KB] New best heuristic value for pinch: 18
[t=0.0332109s, 18216 KB] g=62, 1489 evaluated, 86 expanded
[t=0.0333979s, 18216 KB] New best heuristic value for pinch: 17
[t=0.0334383s, 18216 KB] g=63, 1505 evaluated, 87 expanded
[t=0.0337854s, 18216 KB] New best heuristic value for pinch: 16
[t=0.0338268s, 18216 KB] g=64, 1537 evaluated, 90 expanded
[t=0.0340201s, 18216 KB] New best heuristic value for pinch: 15
[t=0.0340619s, 18216 KB] g=65, 1553 evaluated, 91 expanded
[t=0.0343921s, 18216 KB] New best heuristic value for pinch: 14
[t=0.034433s, 18216 KB] g=66, 1585 evaluated, 92 expanded
[t=0.0347077s, 18216 KB] New best heuristic value for pinch: 13
[t=0.0347482s, 18216 KB] g=67, 1611 evaluated, 93 expanded
[t=0.0350041s, 18216 KB] New best heuristic value for pinch: 12
[t=0.0350455s, 18216 KB] g=68, 1633 evaluated, 95 expanded
[t=0.0352652s, 18216 KB] New best heuristic value for pinch: 11
[t=0.0353057s, 18216 KB] g=69, 1653 evaluated, 96 expanded
[t=0.0355985s, 18216 KB] New best heuristic value for pinch: 10
[t=0.0356389s, 18216 KB] g=70, 1681 evaluated, 97 expanded
[t=0.0360329s, 18216 KB] New best heuristic value for pinch: 9
[t=0.0360753s, 18216 KB] g=71, 1720 evaluated, 98 expanded
[t=0.0362055s, 18216 KB] New best heuristic value for pinch: 8
[t=0.0362463s, 18216 KB] g=72, 1729 evaluated, 99 expanded
[t=0.0366372s, 18216 KB] New best heuristic value for pinch: 7
[t=0.0366783s, 18216 KB] g=73, 1769 evaluated, 100 expanded
[t=0.0368089s, 18216 KB] New best heuristic value for pinch: 6
[t=0.0368497s, 18216 KB] g=74, 1777 evaluated, 101 expanded
[t=0.037254s, 18216 KB] New best heuristic value for pinch: 5
[t=0.0372949s, 18216 KB] g=75, 1818 evaluated, 102 expanded
[t=0.0374083s, 18216 KB] New best heuristic value for pinch: 4
[t=0.0374489s, 18216 KB] g=76, 1825 evaluated, 103 expanded
[t=0.0378664s, 18216 KB] New best heuristic value for pinch: 3
[t=0.0379077s, 18216 KB] g=77, 1867 evaluated, 104 expanded
[t=0.0380116s, 18216 KB] New best heuristic value for pinch: 2
[t=0.0380522s, 18216 KB] g=78, 1873 evaluated, 105 expanded
[t=0.038474s, 18216 KB] New best heuristic value for pinch: 1
[t=0.0385149s, 18216 KB] g=79, 1916 evaluated, 106 expanded
[t=0.0386098s, 18216 KB] New best heuristic value for pinch: 0
[t=0.0386413s, 18216 KB] g=80, 1921 evaluated, 107 expanded
[t=0.0386835s, 18216 KB] Solution found!
[t=0.0387345s, 18216 KB] Actual search time: 0.025513s
up f0 f19 (1)
stop f19 (1)
down f19 f10 (1)
stop f10 (1)
down f10 f8 (1)
stop f8 (1)
up f8 f12 (1)
stop f12 (1)
down f12 f9 (1)
stop f9 (1)
up f9 f14 (1)
stop f14 (1)
up f14 f18 (1)
stop f18 (1)
up f18 f19 (1)
stop f19 (1)
up f19 f21 (1)
stop f21 (1)
up f21 f26 (1)
stop f26 (1)
up f26 f31 (1)
stop f31 (1)
up f31 f39 (1)
stop f39 (1)
up f39 f43 (1)
stop f43 (1)
up f43 f45 (1)
stop f45 (1)
down f45 f1 (1)
stop f1 (1)
up f1 f40 (1)
stop f40 (1)
down f40 f11 (1)
stop f11 (1)
down f11 f2 (1)
stop f2 (1)
up f2 f13 (1)
stop f13 (1)
down f13 f4 (1)
stop f4 (1)
up f4 f17 (1)
stop f17 (1)
down f17 f6 (1)
stop f6 (1)
up f6 f18 (1)
stop f18 (1)
down f18 f7 (1)
stop f7 (1)
up f7 f22 (1)
stop f22 (1)
down f22 f20 (1)
stop f20 (1)
down f20 f8 (1)
stop f8 (1)
up f8 f23 (1)
stop f23 (1)
up f23 f25 (1)
stop f25 (1)
up f25 f29 (1)
stop f29 (1)
up f29 f31 (1)
stop f31 (1)
up f31 f35 (1)
stop f35 (1)
down f35 f22 (1)
stop f22 (1)
up f22 f38 (1)
stop f38 (1)
down f38 f26 (1)
stop f26 (1)
up f26 f39 (1)
stop f39 (1)
up f39 f40 (1)
stop f40 (1)
up f40 f41 (1)
stop f41 (1)
up f41 f42 (1)
stop f42 (1)
up f42 f43 (1)
stop f43 (1)
[t=0.0387772s, 18216 KB] Plan length: 80 step(s).
[t=0.0387772s, 18216 KB] Plan cost: 80
[t=0.0387772s, 18216 KB] Expanded 108 state(s).
[t=0.0387772s, 18216 KB] Reopened 0 state(s).
[t=0.0387772s, 18216 KB] Evaluated 1921 state(s).
[t=0.0387772s, 18216 KB] Evaluations: 1921
[t=0.0387772s, 18216 KB] Generated 5135 state(s).
[t=0.0387772s, 18216 KB] Dead ends: 0 state(s).
[t=0.0387772s, 18216 KB] Number of registered states: 1921
[t=0.0387772s, 18216 KB] Int hash set load factor: 1921/2048 = 0.937988
[t=0.0387772s, 18216 KB] Int hash set resizes: 11
[t=0.0387772s, 18216 KB] mean number of q cost that have been adjusted 0 times in relation to total number of q: -1
[t=0.0387772s, 18216 KB] mean number of q cost that have been adjusted 1 times in relation to total number of q: -1
[t=0.0387772s, 18216 KB] mean number of q cost that have been adjusted 2 times in relation to total number of q: -1
[t=0.0387772s, 18216 KB] mean number of q that are at some point overconsitent in relation to total number of q: -1
[t=0.0387772s, 18216 KB] mean number of q that are at first underconsisten in relation to total number of q: -1
[t=0.0387772s, 18216 KB] mean number of state variables that are not in common between two following states in relation to total number of state variables: -1
[t=0.0387772s, 18216 KB] variance number of state variables that are not in common between two following states in relation to total number of state variables: -1
[t=0.0387772s, 18216 KB] Search time: 0.0259472s
[t=0.0387772s, 18216 KB] Total time: 0.0387772s
Solution found.
Peak memory: 18216 KB
Remove intermediate file output.sas
search exit code: 0

INFO     Running validate.
INFO     validate stdin: None
INFO     validate time limit: None
INFO     validate memory limit: None
INFO     validate command line string: validate domain.pddl problem.pddl sas_plan
