INFO     Running translator.
INFO     translator stdin: None
INFO     translator time limit: 1799.96s
INFO     translator memory limit: 3584 MB
INFO     translator command line string: /infai/weidan00/downward/experiments/bachelor/.venv/bin/python3 /infai/weidan00/downward/experiments/bachelor/data/bachelor-v1/code-7aa5f34_e5e41175/builds/release/bin/translate/translate.py domain.pddl problem.pddl --sas-file output.sas
Parsing...
Parsing: [0.000s CPU, 0.003s wall-clock]
Normalizing task... [0.000s CPU, 0.000s wall-clock]
Instantiating...
Generating Datalog program... [0.000s CPU, 0.000s wall-clock]
Normalizing Datalog program...
Normalizing Datalog program: [0.000s CPU, 0.004s wall-clock]
Preparing model... [0.000s CPU, 0.001s wall-clock]
Generated 51 rules.
Computing model... [0.010s CPU, 0.005s wall-clock]
184 relevant atoms
237 auxiliary atoms
421 final queue length
466 total queue pushes
Completing instantiation... [0.000s CPU, 0.003s wall-clock]
Instantiating: [0.010s CPU, 0.014s wall-clock]
Computing fact groups...
Finding invariants...
6 initial candidates
Finding invariants: [0.000s CPU, 0.002s wall-clock]
Checking invariant weight... [0.000s CPU, 0.000s wall-clock]
Instantiating groups... [0.000s CPU, 0.000s wall-clock]
Collecting mutex groups... [0.000s CPU, 0.000s wall-clock]
Choosing groups...
0 uncovered facts
Choosing groups: [0.000s CPU, 0.000s wall-clock]
Building translation key... [0.000s CPU, 0.000s wall-clock]
Computing fact groups: [0.000s CPU, 0.003s wall-clock]
Building STRIPS to SAS dictionary... [0.000s CPU, 0.000s wall-clock]
Building dictionary for full mutex groups... [0.000s CPU, 0.000s wall-clock]
Building mutex information...
Building mutex information: [0.000s CPU, 0.000s wall-clock]
Translating task...
Processing axioms...
Simplifying axioms... [0.000s CPU, 0.000s wall-clock]
Processing axioms: [0.000s CPU, 0.000s wall-clock]
Translating task: [0.010s CPU, 0.003s wall-clock]
0 effect conditions simplified
0 implied preconditions added
Detecting unreachable propositions...
0 operators removed
0 axioms removed
9 propositions removed
Detecting unreachable propositions: [0.000s CPU, 0.001s wall-clock]
Reordering and filtering variables...
7 of 9 variables necessary.
0 of 9 mutex groups necessary.
54 of 78 operators necessary.
0 of 0 axiom rules necessary.
Reordering and filtering variables: [0.000s CPU, 0.000s wall-clock]
Translator variables: 7
Translator derived variables: 0
Translator facts: 34
Translator goal facts: 4
Translator mutex groups: 0
Translator total mutex groups size: 0
Translator operators: 54
Translator axioms: 0
Translator task size: 255
Translator peak memory: 142540 KB
Writing output... [0.000s CPU, 0.004s wall-clock]
Done! [0.020s CPU, 0.030s wall-clock]
translate exit code: 0

INFO     Running search (release).
INFO     search stdin: output.sas
INFO     search time limit: 1799.88s
INFO     search memory limit: 3584 MB
INFO     search command line string: /infai/weidan00/downward/experiments/bachelor/data/bachelor-v1/code-7aa5f34_e5e41175/builds/release/bin/downward --search 'eager_wastar([add()], w=2)' --internal-plan-file sas_plan < output.sas
[t=6.8865e-05s, 17204 KB] reading input...
[t=0.000611389s, 17212 KB] done reading input!
[t=0.00255697s, 17476 KB] Simplifying 54 unary operators... done! [54 unary operators]
[t=0.0026788s, 17476 KB] time to simplify: 0.000176965s
[t=0.0027493s, 17476 KB] Initializing additive heuristic...
[t=0.00286941s, 17476 KB] Building successor generator...done!
[t=0.00303939s, 17476 KB] peak memory difference for successor generator creation: 0 KB
[t=0.0030785s, 17476 KB] time for successor generation creation: 4.4895e-05s
[t=0.00312737s, 17476 KB] Variables: 7
[t=0.00317429s, 17476 KB] FactPairs: 34
[t=0.00321581s, 17476 KB] Bytes per state: 4
[t=0.00334181s, 17476 KB] Conducting best first search with reopening closed nodes, (real) bound = 2147483647
[t=0.00344731s, 17476 KB] New best heuristic value for add: 21
[t=0.00349255s, 17476 KB] g=0, 1 evaluated, 0 expanded
[t=0.00354579s, 17476 KB] Initial heuristic value for add: 21
[t=0.00358848s, 17476 KB] pruning method: none
[t=0.00365639s, 17476 KB] New best heuristic value for add: 20
[t=0.00370009s, 17476 KB] g=1, 3 evaluated, 1 expanded
[t=0.0037729s, 17476 KB] New best heuristic value for add: 19
[t=0.0038161s, 17476 KB] g=2, 9 evaluated, 2 expanded
[t=0.00388638s, 17476 KB] New best heuristic value for add: 18
[t=0.00392918s, 17476 KB] g=3, 15 evaluated, 3 expanded
[t=0.00400786s, 17476 KB] New best heuristic value for add: 17
[t=0.00405162s, 17476 KB] g=4, 23 evaluated, 4 expanded
[t=0.00411925s, 17476 KB] New best heuristic value for add: 16
[t=0.00416143s, 17476 KB] g=5, 29 evaluated, 5 expanded
[t=0.00423666s, 17476 KB] New best heuristic value for add: 15
[t=0.00427923s, 17476 KB] g=6, 36 evaluated, 6 expanded
[t=0.00436205s, 17476 KB] New best heuristic value for add: 14
[t=0.00440492s, 17476 KB] g=6, 46 evaluated, 8 expanded
[t=0.00447321s, 17476 KB] New best heuristic value for add: 13
[t=0.00451559s, 17476 KB] g=7, 52 evaluated, 9 expanded
[t=0.00458508s, 17476 KB] New best heuristic value for add: 12
[t=0.00462754s, 17476 KB] g=8, 59 evaluated, 10 expanded
[t=0.00474238s, 17476 KB] New best heuristic value for add: 11
[t=0.00478611s, 17476 KB] g=10, 76 evaluated, 14 expanded
[t=0.00484966s, 17476 KB] New best heuristic value for add: 10
[t=0.00489241s, 17476 KB] g=11, 81 evaluated, 15 expanded
[t=0.0049602s, 17476 KB] New best heuristic value for add: 9
[t=0.00500271s, 17476 KB] g=12, 88 evaluated, 16 expanded
[t=0.0051178s, 17476 KB] New best heuristic value for add: 8
[t=0.00516091s, 17476 KB] g=14, 110 evaluated, 20 expanded
[t=0.00522843s, 17476 KB] New best heuristic value for add: 7
[t=0.00527144s, 17476 KB] g=15, 117 evaluated, 21 expanded
[t=0.00534388s, 17476 KB] New best heuristic value for add: 6
[t=0.00538625s, 17476 KB] g=16, 126 evaluated, 22 expanded
[t=0.00548347s, 17476 KB] New best heuristic value for add: 5
[t=0.00552615s, 17476 KB] g=16, 139 evaluated, 24 expanded
[t=0.0055927s, 17476 KB] New best heuristic value for add: 4
[t=0.00563548s, 17476 KB] g=17, 146 evaluated, 25 expanded
[t=0.00570761s, 17476 KB] New best heuristic value for add: 3
[t=0.00575006s, 17476 KB] g=18, 155 evaluated, 26 expanded
[t=0.00580654s, 17476 KB] New best heuristic value for add: 2
[t=0.00584841s, 17476 KB] g=19, 159 evaluated, 27 expanded
[t=0.00590743s, 17476 KB] New best heuristic value for add: 1
[t=0.0059499s, 17476 KB] g=20, 164 evaluated, 28 expanded
[t=0.00601574s, 17476 KB] New best heuristic value for add: 0
[t=0.0060587s, 17476 KB] g=21, 172 evaluated, 29 expanded
[t=0.00611444s, 17476 KB] Solution found!
[t=0.00615937s, 17476 KB] Actual search time: 0.00256616s
load-truck obj21 tru2 pos2 (1)
drive-truck tru2 pos2 apt2 cit2 (1)
unload-truck obj21 tru2 apt2 (1)
load-truck obj13 tru1 pos1 (1)
load-truck obj12 tru1 pos1 (1)
drive-truck tru1 pos1 apt1 cit1 (1)
unload-truck obj13 tru1 apt1 (1)
unload-truck obj12 tru1 apt1 (1)
drive-truck tru1 apt1 pos1 cit1 (1)
load-truck obj11 tru1 pos1 (1)
drive-truck tru1 pos1 apt1 cit1 (1)
unload-truck obj11 tru1 apt1 (1)
fly-airplane apn1 apt2 apt1 (1)
load-airplane obj12 apn1 apt1 (1)
load-airplane obj11 apn1 apt1 (1)
fly-airplane apn1 apt1 apt2 (1)
unload-airplane obj12 apn1 apt2 (1)
unload-airplane obj11 apn1 apt2 (1)
load-truck obj11 tru2 apt2 (1)
drive-truck tru2 apt2 pos2 cit2 (1)
unload-truck obj11 tru2 pos2 (1)
[t=0.00620441s, 17476 KB] Plan length: 21 step(s).
[t=0.00620441s, 17476 KB] Plan cost: 21
[t=0.00620441s, 17476 KB] Expanded 30 state(s).
[t=0.00620441s, 17476 KB] Reopened 0 state(s).
[t=0.00620441s, 17476 KB] Evaluated 177 state(s).
[t=0.00620441s, 17476 KB] Evaluations: 177
[t=0.00620441s, 17476 KB] Generated 218 state(s).
[t=0.00620441s, 17476 KB] Dead ends: 0 state(s).
[t=0.00620441s, 17476 KB] Number of registered states: 177
[t=0.00620441s, 17476 KB] Int hash set load factor: 177/256 = 0.691406
[t=0.00620441s, 17476 KB] Int hash set resizes: 8
[t=0.00620441s, 17476 KB] mean number of q cost that have been adjusted 0 times in relation to total number of q: -1
[t=0.00620441s, 17476 KB] mean number of q cost that have been adjusted 1 times in relation to total number of q: -1
[t=0.00620441s, 17476 KB] mean number of q cost that have been adjusted 2 times in relation to total number of q: -1
[t=0.00620441s, 17476 KB] mean number of q that are at some point overconsitent in relation to total number of q: -1
[t=0.00620441s, 17476 KB] mean number of q that are at first underconsisten in relation to total number of q: -1
[t=0.00620441s, 17476 KB] mean number of state variables that are not in common between two following states in relation to total number of state variables: -1
[t=0.00620441s, 17476 KB] variance number of state variables that are not in common between two following states in relation to total number of state variables: -1
[t=0.00620441s, 17476 KB] Search time: 0.0028632s
[t=0.00620441s, 17476 KB] Total time: 0.00620441s
Solution found.
Peak memory: 17476 KB
Remove intermediate file output.sas
search exit code: 0

INFO     Running validate.
INFO     validate stdin: None
INFO     validate time limit: None
INFO     validate memory limit: None
INFO     validate command line string: validate domain.pddl problem.pddl sas_plan
