INFO     Running translator.
INFO     translator stdin: None
INFO     translator time limit: 1799.96s
INFO     translator memory limit: 3584 MB
INFO     translator command line string: /infai/weidan00/downward/experiments/bachelor/.venv/bin/python3 /infai/weidan00/downward/experiments/bachelor/data/bachelor-v1/code-7aa5f34_e5e41175/builds/release/bin/translate/translate.py domain.pddl problem.pddl --sas-file output.sas
Parsing...
Parsing: [0.000s CPU, 0.003s wall-clock]
Normalizing task... [0.000s CPU, 0.000s wall-clock]
Instantiating...
Generating Datalog program... [0.000s CPU, 0.001s wall-clock]
Normalizing Datalog program...
Normalizing Datalog program: [0.000s CPU, 0.003s wall-clock]
Preparing model... [0.000s CPU, 0.002s wall-clock]
Generated 43 rules.
Computing model... [0.010s CPU, 0.010s wall-clock]
451 relevant atoms
649 auxiliary atoms
1100 final queue length
1586 total queue pushes
Completing instantiation... [0.010s CPU, 0.012s wall-clock]
Instantiating: [0.020s CPU, 0.028s wall-clock]
Computing fact groups...
Finding invariants...
16 initial candidates
Finding invariants: [0.010s CPU, 0.005s wall-clock]
Checking invariant weight... [0.000s CPU, 0.000s wall-clock]
Instantiating groups... [0.000s CPU, 0.000s wall-clock]
Collecting mutex groups... [0.000s CPU, 0.000s wall-clock]
Choosing groups...
33 uncovered facts
Choosing groups: [0.000s CPU, 0.000s wall-clock]
Building translation key... [0.000s CPU, 0.000s wall-clock]
Computing fact groups: [0.010s CPU, 0.007s wall-clock]
Building STRIPS to SAS dictionary... [0.000s CPU, 0.000s wall-clock]
Building dictionary for full mutex groups... [0.000s CPU, 0.000s wall-clock]
Building mutex information...
Building mutex information: [0.000s CPU, 0.000s wall-clock]
Translating task...
Processing axioms...
Simplifying axioms... [0.000s CPU, 0.000s wall-clock]
Processing axioms: [0.000s CPU, 0.001s wall-clock]
Translating task: [0.010s CPU, 0.014s wall-clock]
325 effect conditions simplified
0 implied preconditions added
Detecting unreachable propositions...
0 operators removed
0 axioms removed
29 propositions removed
Detecting unreachable propositions: [0.010s CPU, 0.008s wall-clock]
Reordering and filtering variables...
22 of 26 variables necessary.
1 of 6 mutex groups necessary.
230 of 230 operators necessary.
0 of 0 axiom rules necessary.
Reordering and filtering variables: [0.000s CPU, 0.003s wall-clock]
Translator variables: 22
Translator derived variables: 0
Translator facts: 99
Translator goal facts: 4
Translator mutex groups: 1
Translator total mutex groups size: 5
Translator operators: 230
Translator axioms: 0
Translator task size: 1863
Translator peak memory: 143820 KB
Writing output... [0.000s CPU, 0.006s wall-clock]
Done! [0.060s CPU, 0.072s wall-clock]
translate exit code: 0

INFO     Running search (release).
INFO     search stdin: output.sas
INFO     search time limit: 1799.83s
INFO     search memory limit: 3584 MB
INFO     search command line string: /infai/weidan00/downward/experiments/bachelor/data/bachelor-v1/code-7aa5f34_e5e41175/builds/release/bin/downward --search 'eager_wastar([pinch()], w=2)' --internal-plan-file sas_plan < output.sas
[t=6.4417e-05s, 17204 KB] reading input...
[t=0.00228218s, 17344 KB] done reading input!
[t=0.00427993s, 17608 KB] Simplifying 848 unary operators... done! [745 unary operators]
[t=0.00497596s, 17740 KB] time to simplify: 0.000767646s
[t=0.00513191s, 17740 KB] Initializing pinch heuristic...
[t=0.00526112s, 17740 KB] Building successor generator...done!
[t=0.0055505s, 17740 KB] peak memory difference for successor generator creation: 0 KB
[t=0.00559054s, 17740 KB] time for successor generation creation: 0.000166263s
[t=0.00563916s, 17740 KB] Variables: 22
[t=0.00567881s, 17740 KB] FactPairs: 99
[t=0.00571835s, 17740 KB] Bytes per state: 8
[t=0.00589262s, 17740 KB] Conducting best first search with reopening closed nodes, (real) bound = 2147483647
[t=0.0060769s, 17740 KB] New best heuristic value for pinch: 24
[t=0.00612128s, 17740 KB] g=0, 1 evaluated, 0 expanded
[t=0.00616901s, 17740 KB] Initial heuristic value for pinch: 24
[t=0.00621035s, 17740 KB] pruning method: none
[t=0.00631722s, 17740 KB] New best heuristic value for pinch: 20
[t=0.0063592s, 17740 KB] g=1, 2 evaluated, 1 expanded
[t=0.00646815s, 17740 KB] New best heuristic value for pinch: 16
[t=0.00650972s, 17740 KB] g=2, 4 evaluated, 2 expanded
[t=0.00659596s, 17740 KB] New best heuristic value for pinch: 12
[t=0.00663728s, 17740 KB] g=3, 5 evaluated, 3 expanded
[t=0.00672795s, 17740 KB] New best heuristic value for pinch: 8
[t=0.00677039s, 17740 KB] g=4, 6 evaluated, 4 expanded
[t=0.00862024s, 17740 KB] New best heuristic value for pinch: 6
[t=0.00868069s, 17740 KB] g=8, 47 evaluated, 15 expanded
[t=0.0485881s, 17740 KB] New best heuristic value for pinch: 4
[t=0.048681s, 17740 KB] g=12, 837 evaluated, 220 expanded
[t=0.0494287s, 17740 KB] New best heuristic value for pinch: 3
[t=0.0494752s, 17740 KB] g=14, 849 evaluated, 222 expanded
[t=0.0582862s, 17740 KB] New best heuristic value for pinch: 2
[t=0.0583465s, 17740 KB] g=16, 1041 evaluated, 265 expanded
[t=0.0586214s, 17740 KB] New best heuristic value for pinch: 1
[t=0.0586657s, 17740 KB] g=17, 1047 evaluated, 266 expanded
[t=0.0592814s, 17740 KB] New best heuristic value for pinch: 0
[t=0.059328s, 17740 KB] g=18, 1056 evaluated, 267 expanded
[t=0.0593715s, 17740 KB] Solution found!
[t=0.0594153s, 17740 KB] Actual search time: 0.0532013s
move hoist0 depot0-1-1 depot0-2-1 (1)
move hoist0 depot0-2-1 depot0-2-2 (1)
move hoist0 depot0-2-2 depot0-2-3 (1)
go-out hoist0 depot0-2-3 loadarea (1)
lift hoist0 crate0 container-0-0 loadarea container0 (1)
go-in hoist0 loadarea depot0-2-3 (1)
drop hoist0 crate0 depot0-2-4 depot0-2-3 depot0 (1)
go-out hoist0 depot0-2-3 loadarea (1)
lift hoist0 crate1 container-0-1 loadarea container0 (1)
go-in hoist0 loadarea depot0-2-3 (1)
drop hoist0 crate1 depot0-1-3 depot0-2-3 depot0 (1)
go-out hoist0 depot0-2-3 loadarea (1)
lift hoist0 crate2 container-0-2 loadarea container0 (1)
go-in hoist0 loadarea depot0-2-3 (1)
drop hoist0 crate2 depot0-2-2 depot0-2-3 depot0 (1)
go-out hoist0 depot0-2-3 loadarea (1)
lift hoist0 crate3 container-0-3 loadarea container0 (1)
drop hoist0 crate3 depot0-2-3 loadarea depot0 (1)
[t=0.0594591s, 17740 KB] Plan length: 18 step(s).
[t=0.0594591s, 17740 KB] Plan cost: 18
[t=0.0594591s, 17740 KB] Expanded 268 state(s).
[t=0.0594591s, 17740 KB] Reopened 0 state(s).
[t=0.0594591s, 17740 KB] Evaluated 1056 state(s).
[t=0.0594591s, 17740 KB] Evaluations: 1056
[t=0.0594591s, 17740 KB] Generated 1450 state(s).
[t=0.0594591s, 17740 KB] Dead ends: 0 state(s).
[t=0.0594591s, 17740 KB] Number of registered states: 1056
[t=0.0594591s, 17740 KB] Int hash set load factor: 1056/2048 = 0.515625
[t=0.0594591s, 17740 KB] Int hash set resizes: 11
[t=0.0594591s, 17740 KB] mean number of q cost that have been adjusted 0 times in relation to total number of q: -1
[t=0.0594591s, 17740 KB] mean number of q cost that have been adjusted 1 times in relation to total number of q: -1
[t=0.0594591s, 17740 KB] mean number of q cost that have been adjusted 2 times in relation to total number of q: -1
[t=0.0594591s, 17740 KB] mean number of q that are at some point overconsitent in relation to total number of q: -1
[t=0.0594591s, 17740 KB] mean number of q that are at first underconsisten in relation to total number of q: -1
[t=0.0594591s, 17740 KB] mean number of state variables that are not in common between two following states in relation to total number of state variables: -1
[t=0.0594591s, 17740 KB] variance number of state variables that are not in common between two following states in relation to total number of state variables: -1
[t=0.0594591s, 17740 KB] Search time: 0.0535671s
[t=0.0594591s, 17740 KB] Total time: 0.0594591s
Solution found.
Peak memory: 17740 KB
Remove intermediate file output.sas
search exit code: 0

INFO     Running validate.
INFO     validate stdin: None
INFO     validate time limit: None
INFO     validate memory limit: None
INFO     validate command line string: validate domain.pddl problem.pddl sas_plan
