INFO     Running translator.
INFO     translator stdin: None
INFO     translator time limit: 1799.96s
INFO     translator memory limit: 3584 MB
INFO     translator command line string: /infai/weidan00/downward/experiments/bachelor/.venv/bin/python3 /infai/weidan00/downward/experiments/bachelor/data/bachelor-v1/code-7aa5f34_e5e41175/builds/release/bin/translate/translate.py domain.pddl problem.pddl --sas-file output.sas
Parsing...
Parsing: [0.000s CPU, 0.004s wall-clock]
Normalizing task... [0.000s CPU, 0.000s wall-clock]
Instantiating...
Generating Datalog program... [0.000s CPU, 0.001s wall-clock]
Normalizing Datalog program...
Normalizing Datalog program: [0.010s CPU, 0.004s wall-clock]
Preparing model... [0.000s CPU, 0.003s wall-clock]
Generated 55 rules.
Computing model... [0.380s CPU, 0.383s wall-clock]
28347 relevant atoms
5352 auxiliary atoms
33699 final queue length
87316 total queue pushes
Completing instantiation... [1.510s CPU, 1.520s wall-clock]
Instantiating: [1.910s CPU, 1.919s wall-clock]
Computing fact groups...
Finding invariants...
12 initial candidates
Finding invariants: [0.030s CPU, 0.031s wall-clock]
Checking invariant weight... [0.000s CPU, 0.001s wall-clock]
Instantiating groups... [0.020s CPU, 0.010s wall-clock]
Collecting mutex groups... [0.000s CPU, 0.001s wall-clock]
Choosing groups...
0 uncovered facts
Choosing groups: [0.000s CPU, 0.002s wall-clock]
Building translation key... [0.000s CPU, 0.001s wall-clock]
Computing fact groups: [0.060s CPU, 0.051s wall-clock]
Building STRIPS to SAS dictionary... [0.000s CPU, 0.001s wall-clock]
Building dictionary for full mutex groups... [0.000s CPU, 0.001s wall-clock]
Building mutex information...
Building mutex information: [0.000s CPU, 0.000s wall-clock]
Translating task...
Processing axioms...
Simplifying axioms... [0.000s CPU, 0.000s wall-clock]
Processing axioms: [0.070s CPU, 0.071s wall-clock]
Translating task: [1.200s CPU, 1.207s wall-clock]
0 effect conditions simplified
0 implied preconditions added
Detecting unreachable propositions...
0 operators removed
0 axioms removed
58 propositions removed
Detecting unreachable propositions: [0.690s CPU, 0.688s wall-clock]
Reordering and filtering variables...
58 of 58 variables necessary.
0 of 58 mutex groups necessary.
26136 of 26136 operators necessary.
0 of 0 axiom rules necessary.
Reordering and filtering variables: [0.160s CPU, 0.153s wall-clock]
Translator variables: 58
Translator derived variables: 0
Translator facts: 873
Translator goal facts: 3
Translator mutex groups: 0
Translator total mutex groups size: 0
Translator operators: 26136
Translator axioms: 0
Translator task size: 141604
Translator peak memory: 258368 KB
Writing output... [0.230s CPU, 0.266s wall-clock]
Done! [4.330s CPU, 4.372s wall-clock]
translate exit code: 0

INFO     Running search (release).
INFO     search stdin: output.sas
INFO     search time limit: 1795.53s
INFO     search memory limit: 3584 MB
INFO     search command line string: /infai/weidan00/downward/experiments/bachelor/data/bachelor-v1/code-7aa5f34_e5e41175/builds/release/bin/downward --search 'eager_wastar([pinch_tracking()], w=2)' --internal-plan-file sas_plan < output.sas
[t=6.3812e-05s, 17204 KB] reading input...
[t=0.159902s, 24944 KB] done reading input!
[t=0.171172s, 27928 KB] Simplifying 52272 unary operators... done! [51651 unary operators]
[t=0.231772s, 32836 KB] time to simplify: 0.0644884s
[t=0.238195s, 32836 KB] Initializing pinch tracking heuristic...
[t=0.238386s, 32836 KB] Building successor generator...done!
[t=0.252027s, 32836 KB] peak memory difference for successor generator creation: 0 KB
[t=0.252078s, 32836 KB] time for successor generation creation: 0.0131938s
[t=0.252364s, 32836 KB] Variables: 58
[t=0.252419s, 32836 KB] FactPairs: 873
[t=0.252459s, 32836 KB] Bytes per state: 36
[t=0.252612s, 32836 KB] Conducting best first search with reopening closed nodes, (real) bound = 2147483647
[t=0.258411s, 32836 KB] New best heuristic value for pinch_tracking: 7
[t=0.258509s, 32836 KB] g=0, 1 evaluated, 0 expanded
[t=0.258578s, 32836 KB] Initial heuristic value for pinch_tracking: 7
[t=0.258621s, 32836 KB] pruning method: none
[t=0.26434s, 32836 KB] New best heuristic value for pinch_tracking: 6
[t=0.264438s, 32836 KB] g=1, 6 evaluated, 1 expanded
[t=0.405372s, 32836 KB] New best heuristic value for pinch_tracking: 5
[t=0.405472s, 32836 KB] g=2, 153 evaluated, 2 expanded
[t=67.9694s, 40504 KB] New best heuristic value for pinch_tracking: 4
[t=67.9696s, 40504 KB] g=4, 79287 evaluated, 3295 expanded
[t=68.0487s, 40504 KB] New best heuristic value for pinch_tracking: 3
[t=68.0488s, 40504 KB] g=5, 79392 evaluated, 3296 expanded
[t=68.1391s, 40504 KB] New best heuristic value for pinch_tracking: 2
[t=68.1392s, 40504 KB] g=6, 79504 evaluated, 3297 expanded
[t=68.2337s, 40504 KB] New best heuristic value for pinch_tracking: 1
[t=68.2338s, 40504 KB] g=7, 79623 evaluated, 3298 expanded
[t=68.3224s, 40504 KB] New best heuristic value for pinch_tracking: 0
[t=68.3225s, 40504 KB] g=8, 79735 evaluated, 3299 expanded
[t=68.4431s, 40704 KB] Solution found!
[t=68.4432s, 40704 KB] Actual search time: 68.1846s
drink bacon tofu bosnia manitoba goias surrey arizona (1)
feast curiosity muffin apple alsace goias (1)
overcome anger-12 curiosity apple saturn earth (1)
drink bacon apple manitoba goias alsace surrey arizona (1)
feast curiosity apple muffin surrey arizona (1)
feast curiosity muffin tofu arizona alsace (1)
feast curiosity tofu cherry surrey arizona (1)
succumb anger-12 curiosity cherry saturn earth (1)
[t=68.4432s, 40704 KB] Plan length: 8 step(s).
[t=68.4432s, 40704 KB] Plan cost: 8
[t=68.4432s, 40704 KB] Expanded 3300 state(s).
[t=68.4432s, 40704 KB] Reopened 0 state(s).
[t=68.4432s, 40704 KB] Evaluated 79839 state(s).
[t=68.4432s, 40704 KB] Evaluations: 79839
[t=68.4432s, 40704 KB] Generated 419975 state(s).
[t=68.4432s, 40704 KB] Dead ends: 0 state(s).
[t=68.4432s, 40704 KB] Number of registered states: 79839
[t=68.4432s, 40704 KB] Int hash set load factor: 79839/131072 = 0.609123
[t=68.4432s, 40704 KB] Int hash set resizes: 17
[t=68.4432s, 40704 KB] mean number of q cost that have been adjusted 0 times in relation to total number of q: -1
[t=68.4432s, 40704 KB] mean number of q cost that have been adjusted 1 times in relation to total number of q: -1
[t=68.4432s, 40704 KB] mean number of q cost that have been adjusted 2 times in relation to total number of q: -1
[t=68.4432s, 40704 KB] mean number of q that are at some point overconsitent in relation to total number of q: -1
[t=68.4432s, 40704 KB] mean number of q that are at first underconsisten in relation to total number of q: -1
[t=68.4432s, 40704 KB] mean number of state variables that are not in common between two following states in relation to total number of state variables: -1
[t=68.4432s, 40704 KB] variance number of state variables that are not in common between two following states in relation to total number of state variables: -1
[t=68.4432s, 40704 KB] Search time: 68.1906s
[t=68.4432s, 40704 KB] Total time: 68.4432s
Solution found.
Peak memory: 40704 KB
Remove intermediate file output.sas
search exit code: 0

INFO     Running validate.
INFO     validate stdin: None
INFO     validate time limit: None
INFO     validate memory limit: None
INFO     validate command line string: validate domain.pddl problem.pddl sas_plan
