INFO     Running translator.
INFO     translator stdin: None
INFO     translator time limit: 1799.96s
INFO     translator memory limit: 3584 MB
INFO     translator command line string: /infai/weidan00/downward/experiments/bachelor/.venv/bin/python3 /infai/weidan00/downward/experiments/bachelor/data/bachelor-v1/code-7aa5f34_e5e41175/builds/release/bin/translate/translate.py domain.pddl problem.pddl --sas-file output.sas
Parsing...
Parsing: [0.000s CPU, 0.003s wall-clock]
Normalizing task... [0.000s CPU, 0.000s wall-clock]
Instantiating...
Generating Datalog program... [0.000s CPU, 0.001s wall-clock]
Normalizing Datalog program...
Normalizing Datalog program: [0.000s CPU, 0.003s wall-clock]
Preparing model... [0.000s CPU, 0.002s wall-clock]
Generated 42 rules.
Computing model... [0.050s CPU, 0.057s wall-clock]
3453 relevant atoms
2359 auxiliary atoms
5812 final queue length
11513 total queue pushes
Completing instantiation... [0.150s CPU, 0.155s wall-clock]
Instantiating: [0.210s CPU, 0.220s wall-clock]
Computing fact groups...
Finding invariants...
12 initial candidates
Finding invariants: [0.000s CPU, 0.005s wall-clock]
Checking invariant weight... [0.000s CPU, 0.000s wall-clock]
Instantiating groups... [0.000s CPU, 0.003s wall-clock]
Collecting mutex groups... [0.000s CPU, 0.000s wall-clock]
Choosing groups...
9 uncovered facts
Choosing groups: [0.010s CPU, 0.001s wall-clock]
Building translation key... [0.000s CPU, 0.000s wall-clock]
Computing fact groups: [0.010s CPU, 0.013s wall-clock]
Building STRIPS to SAS dictionary... [0.000s CPU, 0.000s wall-clock]
Building dictionary for full mutex groups... [0.000s CPU, 0.000s wall-clock]
Building mutex information...
Building mutex information: [0.000s CPU, 0.000s wall-clock]
Translating task...
Processing axioms...
Simplifying axioms... [0.000s CPU, 0.000s wall-clock]
Processing axioms: [0.000s CPU, 0.006s wall-clock]
Translating task: [0.120s CPU, 0.118s wall-clock]
0 effect conditions simplified
0 implied preconditions added
Detecting unreachable propositions...
0 operators removed
0 axioms removed
50 propositions removed
Detecting unreachable propositions: [0.050s CPU, 0.059s wall-clock]
Reordering and filtering variables...
32 of 32 variables necessary.
0 of 32 mutex groups necessary.
2980 of 2980 operators necessary.
0 of 0 axiom rules necessary.
Reordering and filtering variables: [0.020s CPU, 0.018s wall-clock]
Translator variables: 32
Translator derived variables: 0
Translator facts: 291
Translator goal facts: 1
Translator mutex groups: 0
Translator total mutex groups size: 0
Translator operators: 2980
Translator axioms: 0
Translator task size: 17774
Translator peak memory: 156620 KB
Writing output... [0.030s CPU, 0.038s wall-clock]
Done! [0.460s CPU, 0.477s wall-clock]
translate exit code: 0

INFO     Running search (release).
INFO     search stdin: output.sas
INFO     search time limit: 1799.43s
INFO     search memory limit: 3584 MB
INFO     search command line string: /infai/weidan00/downward/experiments/bachelor/data/bachelor-v1/code-7aa5f34_e5e41175/builds/release/bin/downward --search 'eager_wastar([pinch_tracking()], w=2)' --internal-plan-file sas_plan < output.sas
[t=5.9386e-05s, 17204 KB] reading input...
[t=0.018987s, 18152 KB] done reading input!
[t=0.0218352s, 18796 KB] Simplifying 5960 unary operators... done! [5785 unary operators]
[t=0.0262214s, 19324 KB] time to simplify: 0.00464343s
[t=0.0268659s, 19324 KB] Initializing pinch tracking heuristic...
[t=0.0270089s, 19324 KB] Building successor generator...done!
[t=0.0287683s, 19400 KB] peak memory difference for successor generator creation: 76 KB
[t=0.0288108s, 19400 KB] time for successor generation creation: 0.00162404s
[t=0.028878s, 19400 KB] Variables: 32
[t=0.0289182s, 19400 KB] FactPairs: 291
[t=0.0289577s, 19400 KB] Bytes per state: 12
[t=0.0290902s, 19400 KB] Conducting best first search with reopening closed nodes, (real) bound = 2147483647
[t=0.0297739s, 19400 KB] New best heuristic value for pinch_tracking: 6
[t=0.0298221s, 19400 KB] g=0, 1 evaluated, 0 expanded
[t=0.0298749s, 19400 KB] Initial heuristic value for pinch_tracking: 6
[t=0.0299161s, 19400 KB] pruning method: none
[t=0.031214s, 19400 KB] New best heuristic value for pinch_tracking: 5
[t=0.0312728s, 19400 KB] g=1, 8 evaluated, 1 expanded
Peak memory: 1693988 KB
caught signal 24 -- exiting
Time limit has been reached.
Remove intermediate file output.sas
search exit code: 23

Driver aborting after search
