INFO     Running translator.
INFO     translator stdin: None
INFO     translator time limit: 1799.96s
INFO     translator memory limit: 3584 MB
INFO     translator command line string: /infai/weidan00/downward/experiments/bachelor/.venv/bin/python3 /infai/weidan00/downward/experiments/bachelor/data/bachelor-v1/code-7aa5f34_e5e41175/builds/release/bin/translate/translate.py domain.pddl problem.pddl --sas-file output.sas
Parsing...
Parsing: [0.000s CPU, 0.005s wall-clock]
Normalizing task... [0.000s CPU, 0.000s wall-clock]
Instantiating...
Generating Datalog program... [0.000s CPU, 0.001s wall-clock]
Normalizing Datalog program...
Normalizing Datalog program: [0.000s CPU, 0.002s wall-clock]
Preparing model... [0.010s CPU, 0.004s wall-clock]
Generated 13 rules.
Computing model... [0.020s CPU, 0.020s wall-clock]
1561 relevant atoms
945 auxiliary atoms
2506 final queue length
4217 total queue pushes
Completing instantiation... [0.030s CPU, 0.027s wall-clock]
Instantiating: [0.060s CPU, 0.056s wall-clock]
Computing fact groups...
Finding invariants...
6 initial candidates
Finding invariants: [0.010s CPU, 0.001s wall-clock]
Checking invariant weight... [0.000s CPU, 0.000s wall-clock]
Instantiating groups... [0.000s CPU, 0.000s wall-clock]
Collecting mutex groups... [0.000s CPU, 0.000s wall-clock]
Choosing groups...
30 uncovered facts
Choosing groups: [0.000s CPU, 0.000s wall-clock]
Building translation key... [0.000s CPU, 0.000s wall-clock]
Computing fact groups: [0.010s CPU, 0.002s wall-clock]
Building STRIPS to SAS dictionary... [0.000s CPU, 0.000s wall-clock]
Building dictionary for full mutex groups... [0.000s CPU, 0.000s wall-clock]
Building mutex information...
Building mutex information: [0.000s CPU, 0.000s wall-clock]
Translating task...
Processing axioms...
Simplifying axioms... [0.000s CPU, 0.000s wall-clock]
Processing axioms: [0.000s CPU, 0.001s wall-clock]
Translating task: [0.020s CPU, 0.021s wall-clock]
15 effect conditions simplified
0 implied preconditions added
Detecting unreachable propositions...
0 operators removed
0 axioms removed
1 propositions removed
Detecting unreachable propositions: [0.010s CPU, 0.012s wall-clock]
Reordering and filtering variables...
31 of 31 variables necessary.
0 of 1 mutex groups necessary.
887 of 887 operators necessary.
0 of 0 axiom rules necessary.
Reordering and filtering variables: [0.000s CPU, 0.003s wall-clock]
Translator variables: 31
Translator derived variables: 0
Translator facts: 90
Translator goal facts: 15
Translator mutex groups: 0
Translator total mutex groups size: 0
Translator operators: 887
Translator axioms: 0
Translator task size: 2855
Translator peak memory: 145100 KB
Writing output... [0.010s CPU, 0.010s wall-clock]
Done! [0.110s CPU, 0.112s wall-clock]
translate exit code: 0

INFO     Running search (release).
INFO     search stdin: output.sas
INFO     search time limit: 1799.79s
INFO     search memory limit: 3584 MB
INFO     search command line string: /infai/weidan00/downward/experiments/bachelor/data/bachelor-v1/code-7aa5f34_e5e41175/builds/release/bin/downward --search 'eager_wastar([pinch()], w=2)' --internal-plan-file sas_plan < output.sas
[t=6.3067e-05s, 17204 KB] reading input...
[t=0.00351738s, 17352 KB] done reading input!
[t=0.00552698s, 17744 KB] Simplifying 915 unary operators... done! [915 unary operators]
[t=0.00599331s, 17744 KB] time to simplify: 0.000538435s
[t=0.00611336s, 17744 KB] Initializing pinch heuristic...
[t=0.00623097s, 17744 KB] Building successor generator...done!
[t=0.00650224s, 17744 KB] peak memory difference for successor generator creation: 0 KB
[t=0.00654144s, 17744 KB] time for successor generation creation: 0.000144146s
[t=0.00659142s, 17744 KB] Variables: 31
[t=0.00663142s, 17744 KB] FactPairs: 90
[t=0.00667094s, 17744 KB] Bytes per state: 8
[t=0.00679251s, 17744 KB] Conducting best first search with reopening closed nodes, (real) bound = 2147483647
[t=0.00694893s, 17744 KB] New best heuristic value for pinch: 58
[t=0.00699236s, 17744 KB] g=0, 1 evaluated, 0 expanded
[t=0.00706738s, 17744 KB] Initial heuristic value for pinch: 58
[t=0.00710857s, 17744 KB] pruning method: none
[t=0.00716364s, 17744 KB] New best heuristic value for pinch: 57
[t=0.00720547s, 17744 KB] g=1, 2 evaluated, 1 expanded
[t=0.00745038s, 17744 KB] New best heuristic value for pinch: 55
[t=0.00749377s, 17744 KB] g=2, 35 evaluated, 2 expanded
[t=0.00768598s, 17744 KB] New best heuristic value for pinch: 53
[t=0.00772831s, 17744 KB] g=3, 61 evaluated, 3 expanded
[t=0.00781087s, 17744 KB] New best heuristic value for pinch: 52
[t=0.00785274s, 17744 KB] g=4, 66 evaluated, 4 expanded
[t=0.00797892s, 17744 KB] New best heuristic value for pinch: 51
[t=0.00802066s, 17744 KB] g=4, 80 evaluated, 4 expanded
[t=0.00812858s, 17744 KB] New best heuristic value for pinch: 50
[t=0.00817012s, 17744 KB] g=5, 91 evaluated, 5 expanded
[t=0.00838093s, 17744 KB] New best heuristic value for pinch: 49
[t=0.00842284s, 17744 KB] g=7, 121 evaluated, 7 expanded
[t=0.00850176s, 17744 KB] New best heuristic value for pinch: 48
[t=0.00854258s, 17744 KB] g=8, 127 evaluated, 8 expanded
[t=0.00873194s, 17744 KB] New best heuristic value for pinch: 46
[t=0.00877582s, 17744 KB] g=9, 151 evaluated, 9 expanded
[t=0.00884182s, 17744 KB] New best heuristic value for pinch: 45
[t=0.00888674s, 17744 KB] g=10, 152 evaluated, 10 expanded
[t=0.00897112s, 17744 KB] New best heuristic value for pinch: 44
[t=0.00901239s, 17744 KB] g=10, 159 evaluated, 10 expanded
[t=0.00917845s, 17744 KB] New best heuristic value for pinch: 42
[t=0.0092206s, 17744 KB] g=11, 181 evaluated, 11 expanded
[t=0.00927221s, 17744 KB] New best heuristic value for pinch: 41
[t=0.00931326s, 17744 KB] g=12, 182 evaluated, 12 expanded
[t=0.00943194s, 17744 KB] New best heuristic value for pinch: 40
[t=0.00947271s, 17744 KB] g=12, 196 evaluated, 12 expanded
[t=0.00960017s, 17744 KB] New best heuristic value for pinch: 38
[t=0.00964878s, 17744 KB] g=13, 211 evaluated, 13 expanded
[t=0.00970128s, 17744 KB] New best heuristic value for pinch: 37
[t=0.00974165s, 17744 KB] g=14, 212 evaluated, 14 expanded
[t=0.00987504s, 17744 KB] New best heuristic value for pinch: 36
[t=0.00991632s, 17744 KB] g=14, 229 evaluated, 14 expanded
[t=0.010032s, 17744 KB] New best heuristic value for pinch: 34
[t=0.0100733s, 17744 KB] g=15, 241 evaluated, 15 expanded
[t=0.010124s, 17744 KB] New best heuristic value for pinch: 33
[t=0.0101644s, 17744 KB] g=16, 242 evaluated, 16 expanded
[t=0.0103312s, 17744 KB] New best heuristic value for pinch: 32
[t=0.010373s, 17744 KB] g=16, 260 evaluated, 16 expanded
[t=0.010482s, 17744 KB] New best heuristic value for pinch: 31
[t=0.0105308s, 17744 KB] g=17, 271 evaluated, 17 expanded
[t=0.0106845s, 17744 KB] New best heuristic value for pinch: 30
[t=0.0107255s, 17744 KB] g=18, 291 evaluated, 18 expanded
[t=0.0108344s, 17744 KB] New best heuristic value for pinch: 28
[t=0.0108751s, 17744 KB] g=19, 301 evaluated, 20 expanded
[t=0.0109239s, 17744 KB] New best heuristic value for pinch: 27
[t=0.0109646s, 17744 KB] g=20, 302 evaluated, 21 expanded
[t=0.011079s, 17744 KB] New best heuristic value for pinch: 26
[t=0.0111204s, 17744 KB] g=20, 315 evaluated, 21 expanded
[t=0.0112608s, 17744 KB] New best heuristic value for pinch: 24
[t=0.0113022s, 17744 KB] g=21, 331 evaluated, 23 expanded
[t=0.0113511s, 17744 KB] New best heuristic value for pinch: 23
[t=0.0114012s, 17744 KB] g=22, 332 evaluated, 24 expanded
[t=0.0115163s, 17744 KB] New best heuristic value for pinch: 22
[t=0.0115568s, 17744 KB] g=22, 345 evaluated, 24 expanded
[t=0.011709s, 17744 KB] New best heuristic value for pinch: 21
[t=0.0117503s, 17744 KB] g=24, 362 evaluated, 28 expanded
[t=0.0118966s, 17744 KB] New best heuristic value for pinch: 20
[t=0.0119371s, 17744 KB] g=24, 381 evaluated, 28 expanded
[t=0.0120547s, 17744 KB] New best heuristic value for pinch: 19
[t=0.0120959s, 17744 KB] g=26, 392 evaluated, 32 expanded
[t=0.0122096s, 17744 KB] New best heuristic value for pinch: 18
[t=0.0122539s, 17744 KB] g=26, 405 evaluated, 32 expanded
[t=0.0123869s, 17744 KB] New best heuristic value for pinch: 17
[t=0.0124286s, 17744 KB] g=27, 421 evaluated, 33 expanded
[t=0.0126418s, 17744 KB] New best heuristic value for pinch: 16
[t=0.0126848s, 17744 KB] g=29, 451 evaluated, 36 expanded
[t=0.0127382s, 17744 KB] New best heuristic value for pinch: 15
[t=0.0127796s, 17744 KB] g=30, 452 evaluated, 37 expanded
[t=0.0129846s, 17744 KB] New best heuristic value for pinch: 14
[t=0.013026s, 17744 KB] g=31, 481 evaluated, 39 expanded
[t=0.0130899s, 17744 KB] New best heuristic value for pinch: 13
[t=0.013131s, 17744 KB] g=32, 482 evaluated, 40 expanded
[t=0.0133346s, 17744 KB] New best heuristic value for pinch: 12
[t=0.0133765s, 17744 KB] g=33, 511 evaluated, 41 expanded
[t=0.0135051s, 17744 KB] New best heuristic value for pinch: 11
[t=0.0135467s, 17744 KB] g=34, 516 evaluated, 42 expanded
[t=0.0137269s, 17744 KB] New best heuristic value for pinch: 10
[t=0.0137686s, 17744 KB] g=35, 541 evaluated, 43 expanded
[t=0.0138884s, 17744 KB] New best heuristic value for pinch: 9
[t=0.0139292s, 17744 KB] g=36, 555 evaluated, 44 expanded
[t=0.014062s, 17744 KB] New best heuristic value for pinch: 8
[t=0.0141042s, 17744 KB] g=37, 571 evaluated, 45 expanded
[t=0.0142412s, 17744 KB] New best heuristic value for pinch: 7
[t=0.0142821s, 17744 KB] g=38, 588 evaluated, 46 expanded
[t=0.0143984s, 17744 KB] New best heuristic value for pinch: 6
[t=0.0144389s, 17744 KB] g=39, 601 evaluated, 47 expanded
[t=0.0145848s, 17744 KB] New best heuristic value for pinch: 5
[t=0.0146256s, 17744 KB] g=40, 620 evaluated, 48 expanded
[t=0.0147311s, 17744 KB] New best heuristic value for pinch: 4
[t=0.014773s, 17744 KB] g=41, 631 evaluated, 49 expanded
[t=0.0149293s, 17744 KB] New best heuristic value for pinch: 3
[t=0.0149712s, 17744 KB] g=42, 651 evaluated, 50 expanded
[t=0.015071s, 17744 KB] New best heuristic value for pinch: 2
[t=0.0151124s, 17744 KB] g=43, 661 evaluated, 51 expanded
[t=0.0152696s, 17744 KB] New best heuristic value for pinch: 1
[t=0.0153116s, 17744 KB] g=44, 682 evaluated, 52 expanded
[t=0.0154066s, 17744 KB] New best heuristic value for pinch: 0
[t=0.0154472s, 17744 KB] g=45, 691 evaluated, 53 expanded
[t=0.0154897s, 17744 KB] Solution found!
[t=0.0155371s, 17744 KB] Actual search time: 0.0084245s
stop f0 (1)
up f0 f12 (1)
stop f12 (1)
up f12 f19 (1)
stop f19 (1)
down f19 f13 (1)
stop f13 (1)
down f13 f2 (1)
stop f2 (1)
up f2 f15 (1)
stop f15 (1)
down f15 f9 (1)
stop f9 (1)
up f9 f18 (1)
stop f18 (1)
up f18 f19 (1)
stop f19 (1)
up f19 f27 (1)
stop f27 (1)
up f27 f28 (1)
stop f28 (1)
down f28 f10 (1)
stop f10 (1)
down f10 f3 (1)
stop f3 (1)
up f3 f20 (1)
stop f20 (1)
down f20 f12 (1)
stop f12 (1)
down f12 f8 (1)
stop f8 (1)
down f8 f0 (1)
stop f0 (1)
up f0 f13 (1)
stop f13 (1)
up f13 f14 (1)
stop f14 (1)
up f14 f17 (1)
stop f17 (1)
up f17 f19 (1)
stop f19 (1)
up f19 f20 (1)
stop f20 (1)
up f20 f21 (1)
stop f21 (1)
[t=0.0155804s, 17744 KB] Plan length: 45 step(s).
[t=0.0155804s, 17744 KB] Plan cost: 45
[t=0.0155804s, 17744 KB] Expanded 54 state(s).
[t=0.0155804s, 17744 KB] Reopened 0 state(s).
[t=0.0155804s, 17744 KB] Evaluated 691 state(s).
[t=0.0155804s, 17744 KB] Evaluations: 691
[t=0.0155804s, 17744 KB] Generated 1590 state(s).
[t=0.0155804s, 17744 KB] Dead ends: 0 state(s).
[t=0.0155804s, 17744 KB] Number of registered states: 691
[t=0.0155804s, 17744 KB] Int hash set load factor: 691/1024 = 0.674805
[t=0.0155804s, 17744 KB] Int hash set resizes: 10
[t=0.0155804s, 17744 KB] mean number of q cost that have been adjusted 0 times in relation to total number of q: -1
[t=0.0155804s, 17744 KB] mean number of q cost that have been adjusted 1 times in relation to total number of q: -1
[t=0.0155804s, 17744 KB] mean number of q cost that have been adjusted 2 times in relation to total number of q: -1
[t=0.0155804s, 17744 KB] mean number of q that are at some point overconsitent in relation to total number of q: -1
[t=0.0155804s, 17744 KB] mean number of q that are at first underconsisten in relation to total number of q: -1
[t=0.0155804s, 17744 KB] mean number of state variables that are not in common between two following states in relation to total number of state variables: -1
[t=0.0155804s, 17744 KB] variance number of state variables that are not in common between two following states in relation to total number of state variables: -1
[t=0.0155804s, 17744 KB] Search time: 0.00878858s
[t=0.0155804s, 17744 KB] Total time: 0.0155804s
Solution found.
Peak memory: 17744 KB
Remove intermediate file output.sas
search exit code: 0

INFO     Running validate.
INFO     validate stdin: None
INFO     validate time limit: None
INFO     validate memory limit: None
INFO     validate command line string: validate domain.pddl problem.pddl sas_plan
