INFO     Running translator.
INFO     translator stdin: None
INFO     translator time limit: 1799.95s
INFO     translator memory limit: 3584 MB
INFO     translator command line string: /infai/weidan00/downward/experiments/bachelor/.venv/bin/python3 /infai/weidan00/downward/experiments/bachelor/data/bachelor-v1/code-7aa5f34_e5e41175/builds/release/bin/translate/translate.py domain.pddl problem.pddl --sas-file output.sas
Parsing...
Parsing: [0.000s CPU, 0.011s wall-clock]
Normalizing task... [0.000s CPU, 0.000s wall-clock]
Instantiating...
Generating Datalog program... [0.010s CPU, 0.002s wall-clock]
Normalizing Datalog program...
Normalizing Datalog program: [0.000s CPU, 0.002s wall-clock]
Preparing model... [0.010s CPU, 0.009s wall-clock]
Generated 26 rules.
Computing model... [0.040s CPU, 0.041s wall-clock]
2941 relevant atoms
2247 auxiliary atoms
5188 final queue length
6869 total queue pushes
Completing instantiation... [0.050s CPU, 0.048s wall-clock]
Instantiating: [0.110s CPU, 0.104s wall-clock]
Computing fact groups...
Finding invariants...
6 initial candidates
Finding invariants: [0.000s CPU, 0.001s wall-clock]
Checking invariant weight... [0.000s CPU, 0.000s wall-clock]
Instantiating groups... [0.000s CPU, 0.000s wall-clock]
Collecting mutex groups... [0.000s CPU, 0.000s wall-clock]
Choosing groups...
42 uncovered facts
Choosing groups: [0.000s CPU, 0.000s wall-clock]
Building translation key... [0.000s CPU, 0.000s wall-clock]
Computing fact groups: [0.000s CPU, 0.003s wall-clock]
Building STRIPS to SAS dictionary... [0.000s CPU, 0.000s wall-clock]
Building dictionary for full mutex groups... [0.000s CPU, 0.000s wall-clock]
Building mutex information...
Building mutex information: [0.000s CPU, 0.000s wall-clock]
Translating task...
Processing axioms...
Simplifying axioms... [0.000s CPU, 0.000s wall-clock]
Processing axioms: [0.000s CPU, 0.002s wall-clock]
Translating task: [0.050s CPU, 0.040s wall-clock]
21 effect conditions simplified
0 implied preconditions added
Detecting unreachable propositions...
0 operators removed
0 axioms removed
1 propositions removed
Detecting unreachable propositions: [0.020s CPU, 0.023s wall-clock]
Reordering and filtering variables...
43 of 43 variables necessary.
0 of 1 mutex groups necessary.
1764 of 1764 operators necessary.
0 of 0 axiom rules necessary.
Reordering and filtering variables: [0.010s CPU, 0.005s wall-clock]
Translator variables: 43
Translator derived variables: 0
Translator facts: 126
Translator goal facts: 21
Translator mutex groups: 0
Translator total mutex groups size: 0
Translator operators: 1764
Translator axioms: 0
Translator task size: 5524
Translator peak memory: 147916 KB
Writing output... [0.010s CPU, 0.021s wall-clock]
Done! [0.200s CPU, 0.210s wall-clock]
translate exit code: 0

INFO     Running search (release).
INFO     search stdin: output.sas
INFO     search time limit: 1799.69s
INFO     search memory limit: 3584 MB
INFO     search command line string: /infai/weidan00/downward/experiments/bachelor/data/bachelor-v1/code-7aa5f34_e5e41175/builds/release/bin/downward --search 'eager_wastar([pinch_tracking()], w=2)' --internal-plan-file sas_plan < output.sas
[t=6.6327e-05s, 17204 KB] reading input...
[t=0.00656027s, 17512 KB] done reading input!
[t=0.00878928s, 17920 KB] Simplifying 1785 unary operators... done! [1785 unary operators]
[t=0.00960287s, 18052 KB] time to simplify: 0.000928762s
[t=0.00979506s, 18052 KB] Initializing pinch tracking heuristic...
[t=0.00993466s, 18052 KB] Building successor generator...done!
[t=0.01039s, 18116 KB] peak memory difference for successor generator creation: 64 KB
[t=0.0104305s, 18116 KB] time for successor generation creation: 0.000318454s
[t=0.0104869s, 18116 KB] Variables: 43
[t=0.0105268s, 18116 KB] FactPairs: 126
[t=0.0105662s, 18116 KB] Bytes per state: 8
[t=0.0106949s, 18116 KB] Conducting best first search with reopening closed nodes, (real) bound = 2147483647
[t=0.0109177s, 18116 KB] New best heuristic value for pinch_tracking: 83
[t=0.010961s, 18116 KB] g=0, 1 evaluated, 0 expanded
[t=0.011013s, 18116 KB] Initial heuristic value for pinch_tracking: 83
[t=0.0110545s, 18116 KB] pruning method: none
[t=0.0111139s, 18116 KB] New best heuristic value for pinch_tracking: 82
[t=0.0111549s, 18116 KB] g=1, 2 evaluated, 1 expanded
[t=0.0112816s, 18116 KB] New best heuristic value for pinch_tracking: 80
[t=0.0113227s, 18116 KB] g=1, 10 evaluated, 1 expanded
[t=0.0116778s, 18116 KB] New best heuristic value for pinch_tracking: 79
[t=0.0117214s, 18116 KB] g=2, 44 evaluated, 2 expanded
[t=0.0117864s, 18116 KB] New best heuristic value for pinch_tracking: 78
[t=0.0118279s, 18116 KB] g=3, 47 evaluated, 3 expanded
[t=0.0122468s, 18116 KB] New best heuristic value for pinch_tracking: 77
[t=0.0122954s, 18116 KB] g=4, 90 evaluated, 4 expanded
[t=0.0128224s, 18116 KB] New best heuristic value for pinch_tracking: 76
[t=0.0128668s, 18116 KB] g=5, 145 evaluated, 5 expanded
[t=0.0130558s, 18116 KB] New best heuristic value for pinch_tracking: 75
[t=0.0130974s, 18116 KB] g=5, 162 evaluated, 5 expanded
[t=0.0132444s, 18116 KB] New best heuristic value for pinch_tracking: 74
[t=0.0132863s, 18116 KB] g=6, 173 evaluated, 6 expanded
[t=0.0136405s, 18116 KB] New best heuristic value for pinch_tracking: 73
[t=0.0136825s, 18116 KB] g=7, 209 evaluated, 7 expanded
[t=0.0137798s, 18116 KB] New best heuristic value for pinch_tracking: 72
[t=0.0138207s, 18116 KB] g=8, 215 evaluated, 8 expanded
[t=0.0138792s, 18116 KB] New best heuristic value for pinch_tracking: 71
[t=0.0139198s, 18116 KB] g=9, 217 evaluated, 9 expanded
[t=0.0144269s, 18116 KB] New best heuristic value for pinch_tracking: 70
[t=0.0144706s, 18116 KB] g=10, 268 evaluated, 10 expanded
[t=0.0147534s, 18116 KB] New best heuristic value for pinch_tracking: 69
[t=0.0147955s, 18116 KB] g=10, 296 evaluated, 10 expanded
[t=0.0148755s, 18116 KB] New best heuristic value for pinch_tracking: 68
[t=0.0149165s, 18116 KB] g=11, 300 evaluated, 11 expanded
[t=0.014974s, 18116 KB] New best heuristic value for pinch_tracking: 67
[t=0.0150145s, 18116 KB] g=12, 302 evaluated, 12 expanded
[t=0.0155034s, 18116 KB] New best heuristic value for pinch_tracking: 66
[t=0.0155462s, 18116 KB] g=13, 353 evaluated, 13 expanded
[t=0.0158621s, 18116 KB] New best heuristic value for pinch_tracking: 65
[t=0.0159035s, 18116 KB] g=14, 385 evaluated, 14 expanded
[t=0.016091s, 18116 KB] New best heuristic value for pinch_tracking: 64
[t=0.0161324s, 18116 KB] g=15, 401 evaluated, 15 expanded
[t=0.0164225s, 18116 KB] New best heuristic value for pinch_tracking: 63
[t=0.0164643s, 18116 KB] g=16, 429 evaluated, 16 expanded
[t=0.0167395s, 18116 KB] New best heuristic value for pinch_tracking: 62
[t=0.0167806s, 18116 KB] g=17, 457 evaluated, 17 expanded
[t=0.01697s, 18116 KB] New best heuristic value for pinch_tracking: 61
[t=0.0170119s, 18116 KB] g=18, 473 evaluated, 18 expanded
[t=0.017308s, 18116 KB] New best heuristic value for pinch_tracking: 60
[t=0.0173504s, 18116 KB] g=19, 502 evaluated, 19 expanded
[t=0.0175649s, 18116 KB] New best heuristic value for pinch_tracking: 59
[t=0.017608s, 18116 KB] g=20, 515 evaluated, 20 expanded
[t=0.0179536s, 18116 KB] New best heuristic value for pinch_tracking: 58
[t=0.0179966s, 18116 KB] g=21, 547 evaluated, 21 expanded
[t=0.0181554s, 18116 KB] New best heuristic value for pinch_tracking: 57
[t=0.0181969s, 18116 KB] g=22, 559 evaluated, 23 expanded
[t=0.0184677s, 18116 KB] New best heuristic value for pinch_tracking: 56
[t=0.0185085s, 18116 KB] g=23, 585 evaluated, 24 expanded
[t=0.0190798s, 18116 KB] New best heuristic value for pinch_tracking: 55
[t=0.0191233s, 18116 KB] g=23, 643 evaluated, 28 expanded
[t=0.0193963s, 18116 KB] New best heuristic value for pinch_tracking: 54
[t=0.0194381s, 18116 KB] g=24, 669 evaluated, 29 expanded
[t=0.0200383s, 18116 KB] New best heuristic value for pinch_tracking: 53
[t=0.0200818s, 18116 KB] g=26, 731 evaluated, 33 expanded
[t=0.0203021s, 18116 KB] New best heuristic value for pinch_tracking: 52
[t=0.0203433s, 18116 KB] g=26, 752 evaluated, 33 expanded
[t=0.0209681s, 18116 KB] New best heuristic value for pinch_tracking: 51
[t=0.0210117s, 18116 KB] g=28, 816 evaluated, 38 expanded
[t=0.021278s, 18116 KB] New best heuristic value for pinch_tracking: 50
[t=0.0213207s, 18116 KB] g=28, 842 evaluated, 38 expanded
[t=0.0219012s, 18116 KB] New best heuristic value for pinch_tracking: 49
[t=0.0219441s, 18116 KB] g=30, 900 evaluated, 44 expanded
[t=0.0221733s, 18116 KB] New best heuristic value for pinch_tracking: 48
[t=0.0222149s, 18116 KB] g=30, 922 evaluated, 44 expanded
[t=0.0229179s, 18116 KB] New best heuristic value for pinch_tracking: 47
[t=0.0229618s, 18116 KB] g=32, 984 evaluated, 50 expanded
[t=0.0232284s, 18116 KB] New best heuristic value for pinch_tracking: 46
[t=0.023271s, 18116 KB] g=32, 1010 evaluated, 50 expanded
[t=0.0238633s, 18116 KB] New best heuristic value for pinch_tracking: 45
[t=0.0239072s, 18116 KB] g=34, 1068 evaluated, 56 expanded
[t=0.0241474s, 18116 KB] New best heuristic value for pinch_tracking: 44
[t=0.024189s, 18116 KB] g=34, 1091 evaluated, 56 expanded
[t=0.0247951s, 18116 KB] New best heuristic value for pinch_tracking: 43
[t=0.0248388s, 18116 KB] g=36, 1154 evaluated, 60 expanded
[t=0.0250446s, 18116 KB] New best heuristic value for pinch_tracking: 42
[t=0.0250867s, 18116 KB] g=36, 1173 evaluated, 60 expanded
[t=0.0257144s, 18116 KB] New best heuristic value for pinch_tracking: 41
[t=0.0257583s, 18116 KB] g=38, 1236 evaluated, 66 expanded
[t=0.026021s, 18116 KB] New best heuristic value for pinch_tracking: 40
[t=0.0260627s, 18116 KB] g=38, 1262 evaluated, 66 expanded
[t=0.0266775s, 18116 KB] New best heuristic value for pinch_tracking: 39
[t=0.0267204s, 18116 KB] g=40, 1325 evaluated, 72 expanded
[t=0.0269256s, 18116 KB] New best heuristic value for pinch_tracking: 38
[t=0.0269671s, 18116 KB] g=40, 1344 evaluated, 72 expanded
[t=0.0275816s, 18116 KB] New best heuristic value for pinch_tracking: 37
[t=0.0276261s, 18116 KB] g=42, 1406 evaluated, 78 expanded
[t=0.0278911s, 18116 KB] New best heuristic value for pinch_tracking: 36
[t=0.0279323s, 18116 KB] g=42, 1432 evaluated, 78 expanded
[t=0.0285582s, 18116 KB] New best heuristic value for pinch_tracking: 35
[t=0.0286011s, 18116 KB] g=44, 1496 evaluated, 84 expanded
[t=0.0288073s, 18116 KB] New best heuristic value for pinch_tracking: 34
[t=0.0288487s, 18116 KB] g=44, 1515 evaluated, 84 expanded
[t=0.0294331s, 18116 KB] New best heuristic value for pinch_tracking: 33
[t=0.029476s, 18116 KB] g=46, 1574 evaluated, 90 expanded
[t=0.0297387s, 18116 KB] New best heuristic value for pinch_tracking: 32
[t=0.0297799s, 18116 KB] g=46, 1600 evaluated, 90 expanded
[t=0.0303549s, 18116 KB] New best heuristic value for pinch_tracking: 31
[t=0.0303984s, 18116 KB] g=48, 1658 evaluated, 96 expanded
[t=0.0306595s, 18116 KB] New best heuristic value for pinch_tracking: 30
[t=0.0307001s, 18116 KB] g=48, 1684 evaluated, 96 expanded
[t=0.0312735s, 18116 KB] New best heuristic value for pinch_tracking: 29
[t=0.0313168s, 18116 KB] g=50, 1742 evaluated, 101 expanded
[t=0.0315794s, 18116 KB] New best heuristic value for pinch_tracking: 28
[t=0.0316207s, 18116 KB] g=50, 1768 evaluated, 101 expanded
[t=0.0321911s, 18116 KB] New best heuristic value for pinch_tracking: 27
[t=0.0322344s, 18116 KB] g=52, 1826 evaluated, 106 expanded
[t=0.0324977s, 18116 KB] New best heuristic value for pinch_tracking: 26
[t=0.0325387s, 18116 KB] g=52, 1852 evaluated, 106 expanded
[t=0.0331061s, 18116 KB] New best heuristic value for pinch_tracking: 25
[t=0.0331486s, 18116 KB] g=54, 1910 evaluated, 111 expanded
[t=0.0334105s, 18116 KB] New best heuristic value for pinch_tracking: 24
[t=0.033452s, 18116 KB] g=54, 1936 evaluated, 111 expanded
[t=0.0342114s, 18116 KB] New best heuristic value for pinch_tracking: 23
[t=0.0342577s, 18116 KB] g=56, 1996 evaluated, 116 expanded
[t=0.0345237s, 18116 KB] New best heuristic value for pinch_tracking: 22
[t=0.034566s, 18116 KB] g=56, 2022 evaluated, 116 expanded
[t=0.0351494s, 18116 KB] New best heuristic value for pinch_tracking: 21
[t=0.035193s, 18116 KB] g=58, 2080 evaluated, 121 expanded
[t=0.0354581s, 18116 KB] New best heuristic value for pinch_tracking: 20
[t=0.0354997s, 18116 KB] g=58, 2106 evaluated, 121 expanded
[t=0.0356531s, 18116 KB] New best heuristic value for pinch_tracking: 19
[t=0.0356945s, 18116 KB] g=59, 2118 evaluated, 122 expanded
[t=0.0364768s, 18116 KB] New best heuristic value for pinch_tracking: 18
[t=0.036521s, 18116 KB] g=61, 2202 evaluated, 126 expanded
[t=0.0366085s, 18116 KB] New best heuristic value for pinch_tracking: 17
[t=0.03665s, 18116 KB] g=62, 2207 evaluated, 127 expanded
[t=0.0370514s, 18116 KB] New best heuristic value for pinch_tracking: 16
[t=0.0370951s, 18116 KB] g=63, 2245 evaluated, 130 expanded
[t=0.037182s, 18116 KB] New best heuristic value for pinch_tracking: 15
[t=0.0372229s, 18116 KB] g=64, 2250 evaluated, 131 expanded
[t=0.0376123s, 18116 KB] New best heuristic value for pinch_tracking: 14
[t=0.0376552s, 18116 KB] g=65, 2288 evaluated, 134 expanded
[t=0.0377616s, 18116 KB] New best heuristic value for pinch_tracking: 13
[t=0.037803s, 18116 KB] g=66, 2293 evaluated, 135 expanded
[t=0.0382046s, 18116 KB] New best heuristic value for pinch_tracking: 12
[t=0.038247s, 18116 KB] g=67, 2333 evaluated, 138 expanded
[t=0.038342s, 18116 KB] New best heuristic value for pinch_tracking: 11
[t=0.0383828s, 18116 KB] g=68, 2340 evaluated, 139 expanded
[t=0.038788s, 18116 KB] New best heuristic value for pinch_tracking: 10
[t=0.0388302s, 18116 KB] g=69, 2379 evaluated, 142 expanded
[t=0.0389229s, 18116 KB] New best heuristic value for pinch_tracking: 9
[t=0.038964s, 18116 KB] g=70, 2385 evaluated, 143 expanded
[t=0.0393656s, 18116 KB] New best heuristic value for pinch_tracking: 8
[t=0.0394081s, 18116 KB] g=71, 2425 evaluated, 146 expanded
[t=0.0395044s, 18116 KB] New best heuristic value for pinch_tracking: 7
[t=0.0395448s, 18116 KB] g=72, 2432 evaluated, 147 expanded
[t=0.0399346s, 18116 KB] New best heuristic value for pinch_tracking: 6
[t=0.0399766s, 18116 KB] g=73, 2470 evaluated, 150 expanded
[t=0.0400715s, 18116 KB] New best heuristic value for pinch_tracking: 5
[t=0.0401136s, 18116 KB] g=74, 2475 evaluated, 151 expanded
[t=0.040484s, 18116 KB] New best heuristic value for pinch_tracking: 4
[t=0.0405305s, 18116 KB] g=75, 2512 evaluated, 152 expanded
[t=0.0408394s, 18116 KB] New best heuristic value for pinch_tracking: 3
[t=0.0408809s, 18116 KB] g=76, 2543 evaluated, 153 expanded
[t=0.0410391s, 18116 KB] New best heuristic value for pinch_tracking: 2
[t=0.0410808s, 18116 KB] g=77, 2555 evaluated, 155 expanded
[t=0.0413523s, 18116 KB] New best heuristic value for pinch_tracking: 1
[t=0.0413944s, 18116 KB] g=78, 2581 evaluated, 156 expanded
[t=0.0415933s, 18116 KB] New best heuristic value for pinch_tracking: 0
[t=0.0416364s, 18116 KB] g=79, 2598 evaluated, 157 expanded
[t=0.0416784s, 18116 KB] Solution found!
[t=0.0417312s, 18116 KB] Actual search time: 0.0306726s
up f0 f16 (1)
board f16 p10 (1)
board f16 p11 (1)
board f16 p2 (1)
up f16 f31 (1)
board f31 p13 (1)
up f31 f36 (1)
board f36 p7 (1)
board f36 p9 (1)
up f36 f38 (1)
board f38 p15 (1)
board f38 p18 (1)
down f38 f17 (1)
board f17 p14 (1)
down f17 f7 (1)
depart f7 p7 (1)
up f7 f29 (1)
board f29 p6 (1)
down f29 f9 (1)
board f9 p20 (1)
depart f9 p13 (1)
up f9 f37 (1)
board f37 p4 (1)
down f37 f0 (1)
board f0 p12 (1)
up f0 f13 (1)
board f13 p3 (1)
down f13 f5 (1)
depart f5 p6 (1)
up f5 f14 (1)
depart f14 p14 (1)
down f14 f6 (1)
board f6 p5 (1)
down f6 f4 (1)
depart f4 p5 (1)
up f4 f16 (1)
depart f16 p3 (1)
down f16 f7 (1)
depart f7 p2 (1)
up f7 f17 (1)
depart f17 p10 (1)
down f17 f8 (1)
board f8 p0 (1)
up f8 f19 (1)
depart f19 p4 (1)
up f19 f20 (1)
board f20 p17 (1)
down f20 f15 (1)
depart f15 p17 (1)
up f15 f23 (1)
depart f23 p11 (1)
up f23 f26 (1)
depart f26 p15 (1)
up f26 f29 (1)
depart f29 p0 (1)
up f29 f30 (1)
board f30 p19 (1)
up f30 f31 (1)
depart f31 p19 (1)
up f31 f32 (1)
depart f32 p18 (1)
up f32 f33 (1)
depart f33 p9 (1)
up f33 f35 (1)
board f35 p1 (1)
up f35 f36 (1)
depart f36 p20 (1)
up f36 f37 (1)
depart f37 p12 (1)
up f37 f38 (1)
depart f38 p1 (1)
up f38 f40 (1)
board f40 p8 (1)
down f40 f12 (1)
depart f12 p8 (1)
up f12 f41 (1)
board f41 p16 (1)
down f41 f31 (1)
depart f31 p16 (1)
[t=0.0417742s, 18116 KB] Plan length: 79 step(s).
[t=0.0417742s, 18116 KB] Plan cost: 79
[t=0.0417742s, 18116 KB] Expanded 158 state(s).
[t=0.0417742s, 18116 KB] Reopened 0 state(s).
[t=0.0417742s, 18116 KB] Evaluated 2598 state(s).
[t=0.0417742s, 18116 KB] Evaluations: 2598
[t=0.0417742s, 18116 KB] Generated 6587 state(s).
[t=0.0417742s, 18116 KB] Dead ends: 0 state(s).
[t=0.0417742s, 18116 KB] Number of registered states: 2598
[t=0.0417742s, 18116 KB] Int hash set load factor: 2598/4096 = 0.634277
[t=0.0417742s, 18116 KB] Int hash set resizes: 12
[t=0.0417742s, 18116 KB] mean number of q cost that have been adjusted 0 times in relation to total number of q: -1
[t=0.0417742s, 18116 KB] mean number of q cost that have been adjusted 1 times in relation to total number of q: -1
[t=0.0417742s, 18116 KB] mean number of q cost that have been adjusted 2 times in relation to total number of q: -1
[t=0.0417742s, 18116 KB] mean number of q that are at some point overconsitent in relation to total number of q: -1
[t=0.0417742s, 18116 KB] mean number of q that are at first underconsisten in relation to total number of q: -1
[t=0.0417742s, 18116 KB] mean number of state variables that are not in common between two following states in relation to total number of state variables: -1
[t=0.0417742s, 18116 KB] variance number of state variables that are not in common between two following states in relation to total number of state variables: -1
[t=0.0417742s, 18116 KB] Search time: 0.0310801s
[t=0.0417742s, 18116 KB] Total time: 0.0417742s
Solution found.
Peak memory: 18116 KB
Remove intermediate file output.sas
search exit code: 0

INFO     Running validate.
INFO     validate stdin: None
INFO     validate time limit: None
INFO     validate memory limit: None
INFO     validate command line string: validate domain.pddl problem.pddl sas_plan
