INFO     Running translator.
INFO     translator stdin: None
INFO     translator time limit: 1799.95s
INFO     translator memory limit: 3584 MB
INFO     translator command line string: /infai/weidan00/downward/experiments/bachelor/.venv/bin/python3 /infai/weidan00/downward/experiments/bachelor/data/bachelor-v1/code-7aa5f34_e5e41175/builds/release/bin/translate/translate.py domain.pddl problem.pddl --sas-file output.sas
Parsing...
Parsing: [0.010s CPU, 0.013s wall-clock]
Normalizing task... [0.000s CPU, 0.001s wall-clock]
Instantiating...
Generating Datalog program... [0.000s CPU, 0.001s wall-clock]
Normalizing Datalog program...
Normalizing Datalog program: [0.010s CPU, 0.008s wall-clock]
Preparing model... [0.000s CPU, 0.005s wall-clock]
Generated 211 rules.
Computing model... [0.020s CPU, 0.023s wall-clock]
1168 relevant atoms
1372 auxiliary atoms
2540 final queue length
3770 total queue pushes
Completing instantiation... [0.030s CPU, 0.028s wall-clock]
Instantiating: [0.060s CPU, 0.067s wall-clock]
Computing fact groups...
Finding invariants...
20 initial candidates
Finding invariants: [0.010s CPU, 0.007s wall-clock]
Checking invariant weight... [0.000s CPU, 0.001s wall-clock]
Instantiating groups... [0.000s CPU, 0.001s wall-clock]
Collecting mutex groups... [0.000s CPU, 0.000s wall-clock]
Choosing groups...
299 uncovered facts
Choosing groups: [0.000s CPU, 0.001s wall-clock]
Building translation key... [0.000s CPU, 0.001s wall-clock]
Computing fact groups: [0.020s CPU, 0.015s wall-clock]
Building STRIPS to SAS dictionary... [0.000s CPU, 0.000s wall-clock]
Building dictionary for full mutex groups... [0.000s CPU, 0.000s wall-clock]
Building mutex information...
Building mutex information: [0.000s CPU, 0.001s wall-clock]
Translating task...
Processing axioms...
Simplifying axioms... [0.000s CPU, 0.000s wall-clock]
Processing axioms: [0.000s CPU, 0.002s wall-clock]
Translating task: [0.030s CPU, 0.030s wall-clock]
421 effect conditions simplified
0 implied preconditions added
Detecting unreachable propositions...
0 operators removed
0 axioms removed
12 propositions removed
Detecting unreachable propositions: [0.010s CPU, 0.016s wall-clock]
Reordering and filtering variables...
99 of 308 variables necessary.
0 of 10 mutex groups necessary.
571 of 571 operators necessary.
0 of 0 axiom rules necessary.
Reordering and filtering variables: [0.010s CPU, 0.008s wall-clock]
Translator variables: 99
Translator derived variables: 0
Translator facts: 298
Translator goal facts: 60
Translator mutex groups: 0
Translator total mutex groups size: 0
Translator operators: 571
Translator axioms: 0
Translator task size: 4063
Translator peak memory: 146380 KB
Writing output... [0.010s CPU, 0.009s wall-clock]
Done! [0.150s CPU, 0.163s wall-clock]
translate exit code: 0

INFO     Running search (release).
INFO     search stdin: output.sas
INFO     search time limit: 1799.73s
INFO     search memory limit: 3584 MB
INFO     search command line string: /infai/weidan00/downward/experiments/bachelor/data/bachelor-v1/code-7aa5f34_e5e41175/builds/release/bin/downward --search 'eager_wastar([pinch_tracking()], w=2)' --internal-plan-file sas_plan < output.sas
[t=6.2706e-05s, 17204 KB] reading input...
[t=0.00469612s, 17364 KB] done reading input!
[t=0.00679433s, 17760 KB] Simplifying 1125 unary operators... done! [465 unary operators]
[t=0.00739579s, 17760 KB] time to simplify: 0.000662774s
[t=0.00754279s, 17760 KB] Initializing pinch tracking heuristic...
[t=0.00767117s, 17760 KB] Building successor generator...done!
[t=0.00805284s, 17892 KB] peak memory difference for successor generator creation: 132 KB
[t=0.00809423s, 17892 KB] time for successor generation creation: 0.000245236s
[t=0.00814228s, 17892 KB] Variables: 99
[t=0.00818267s, 17892 KB] FactPairs: 298
[t=0.008223s, 17892 KB] Bytes per state: 20
[t=0.0083457s, 17892 KB] Conducting best first search with reopening closed nodes, (real) bound = 2147483647
[t=0.00852325s, 17892 KB] New best heuristic value for pinch_tracking: 1130
[t=0.00856662s, 17892 KB] g=0, 1 evaluated, 0 expanded
[t=0.00861724s, 17892 KB] Initial heuristic value for pinch_tracking: 1130
[t=0.0086579s, 17892 KB] pruning method: none
[t=0.00876112s, 17892 KB] New best heuristic value for pinch_tracking: 565
[t=0.0088023s, 17892 KB] g=0, 2 evaluated, 1 expanded
[t=0.00886243s, 17892 KB] New best heuristic value for pinch_tracking: 540
[t=0.00891041s, 17892 KB] g=224, 3 evaluated, 2 expanded
[t=0.00911002s, 17892 KB] New best heuristic value for pinch_tracking: 527
[t=0.00915256s, 17892 KB] g=1624, 13 evaluated, 3 expanded
[t=0.00921907s, 17892 KB] New best heuristic value for pinch_tracking: 517
[t=0.00926053s, 17892 KB] g=349, 15 evaluated, 3 expanded
[t=0.0101398s, 17892 KB] New best heuristic value for pinch_tracking: 504
[t=0.0101875s, 17892 KB] g=1749, 78 evaluated, 13 expanded
[t=0.0102747s, 17892 KB] New best heuristic value for pinch_tracking: 496
[t=0.0103176s, 17892 KB] g=474, 82 evaluated, 13 expanded
[t=0.014146s, 17892 KB] New best heuristic value for pinch_tracking: 483
[t=0.0141987s, 17892 KB] g=1874, 378 evaluated, 58 expanded
[t=0.0143005s, 17892 KB] New best heuristic value for pinch_tracking: 477
[t=0.0143443s, 17892 KB] g=599, 384 evaluated, 58 expanded
[t=0.0251575s, 17892 KB] New best heuristic value for pinch_tracking: 464
[t=0.0252198s, 17892 KB] g=1999, 1308 evaluated, 178 expanded
[t=0.0253372s, 17892 KB] New best heuristic value for pinch_tracking: 460
[t=0.0253807s, 17892 KB] g=724, 1316 evaluated, 178 expanded
[t=0.0460944s, 18020 KB] New best heuristic value for pinch_tracking: 447
[t=0.0461759s, 18020 KB] g=2124, 3232 evaluated, 387 expanded
[t=0.0463104s, 18020 KB] New best heuristic value for pinch_tracking: 445
[t=0.0463545s, 18020 KB] g=849, 3242 evaluated, 387 expanded
[t=0.0737512s, 18308 KB] New best heuristic value for pinch_tracking: 432
[t=0.0738332s, 18308 KB] g=2249, 5960 evaluated, 639 expanded
[t=0.0994198s, 18824 KB] New best heuristic value for pinch_tracking: 419
[t=0.0995018s, 18824 KB] g=2374, 8610 evaluated, 850 expanded
[t=0.114894s, 18824 KB] New best heuristic value for pinch_tracking: 406
[t=0.11497s, 18824 KB] g=2499, 10335 evaluated, 970 expanded
[t=0.121275s, 18824 KB] New best heuristic value for pinch_tracking: 397
[t=0.121346s, 18824 KB] g=2624, 11065 evaluated, 1015 expanded
[t=0.122851s, 18824 KB] New best heuristic value for pinch_tracking: 390
[t=0.122904s, 18824 KB] g=2749, 11246 evaluated, 1025 expanded
[t=0.844576s, 25812 KB] New best heuristic value for pinch_tracking: 384
[t=0.844659s, 25812 KB] g=12623, 75806 evaluated, 11066 expanded
[t=0.861959s, 25944 KB] New best heuristic value for pinch_tracking: 377
[t=0.862042s, 25944 KB] g=12748, 77606 evaluated, 11246 expanded
[t=4.01851s, 51636 KB] New best heuristic value for pinch_tracking: 372
[t=4.01861s, 51636 KB] g=14122, 370854 evaluated, 55723 expanded
[t=4.14486s, 52304 KB] New best heuristic value for pinch_tracking: 365
[t=4.14494s, 52304 KB] g=14247, 383346 evaluated, 57166 expanded
[t=13.2626s, 140380 KB] New best heuristic value for pinch_tracking: 361
[t=13.2627s, 140380 KB] g=15621, 1271928 evaluated, 177387 expanded
[t=13.8604s, 143040 KB] New best heuristic value for pinch_tracking: 354
[t=13.8605s, 143040 KB] g=15746, 1333336 evaluated, 184376 expanded
[t=32.7406s, 289352 KB] New best heuristic value for pinch_tracking: 351
[t=32.7407s, 289352 KB] g=17120, 3196244 evaluated, 419527 expanded
[t=34.8398s, 298808 KB] New best heuristic value for pinch_tracking: 344
[t=34.8399s, 298808 KB] g=17245, 3413667 evaluated, 443677 expanded
[t=66.6016s, 559656 KB] New best heuristic value for pinch_tracking: 342
[t=66.6017s, 559656 KB] g=18619, 6422193 evaluated, 824439 expanded
[t=72.8772s, 709256 KB] New best heuristic value for pinch_tracking: 335
[t=72.8773s, 709256 KB] g=18744, 6992380 evaluated, 887399 expanded
[t=120.365s, 1031240 KB] New best heuristic value for pinch_tracking: 334
[t=120.366s, 1031240 KB] g=20118, 11293134 evaluated, 1452495 expanded
[t=132.43s, 1081028 KB] New best heuristic value for pinch_tracking: 327
[t=132.43s, 1081028 KB] g=20243, 12446887 evaluated, 1579974 expanded
[t=224.04s, 1944104 KB] New best heuristic value for pinch_tracking: 320
[t=224.04s, 1944104 KB] g=21742, 20371979 evaluated, 2609951 expanded
[t=360.536s, 2751924 KB] New best heuristic value for pinch_tracking: 313
[t=360.536s, 2751924 KB] g=23241, 31557326 evaluated, 4097804 expanded
Failed to allocate memory.
Memory limit has been reached.
Peak memory: 3552472 KB
Remove intermediate file output.sas
search exit code: 22

Driver aborting after search
