INFO     Running translator.
INFO     translator stdin: None
INFO     translator time limit: 1799.96s
INFO     translator memory limit: 3584 MB
INFO     translator command line string: /infai/weidan00/downward/experiments/bachelor/.venv/bin/python3 /infai/weidan00/downward/experiments/bachelor/data/bachelor-v1/code-7aa5f34_e5e41175/builds/release/bin/translate/translate.py domain.pddl problem.pddl --sas-file output.sas
Parsing...
Parsing: [0.000s CPU, 0.003s wall-clock]
Normalizing task... [0.000s CPU, 0.000s wall-clock]
Instantiating...
Generating Datalog program... [0.000s CPU, 0.000s wall-clock]
Normalizing Datalog program...
Normalizing Datalog program: [0.000s CPU, 0.002s wall-clock]
Preparing model... [0.000s CPU, 0.001s wall-clock]
Generated 26 rules.
Computing model... [0.010s CPU, 0.006s wall-clock]
393 relevant atoms
357 auxiliary atoms
750 final queue length
919 total queue pushes
Completing instantiation... [0.010s CPU, 0.005s wall-clock]
Instantiating: [0.020s CPU, 0.016s wall-clock]
Computing fact groups...
Finding invariants...
6 initial candidates
Finding invariants: [0.000s CPU, 0.001s wall-clock]
Checking invariant weight... [0.000s CPU, 0.000s wall-clock]
Instantiating groups... [0.000s CPU, 0.000s wall-clock]
Collecting mutex groups... [0.000s CPU, 0.000s wall-clock]
Choosing groups...
14 uncovered facts
Choosing groups: [0.000s CPU, 0.000s wall-clock]
Building translation key... [0.000s CPU, 0.000s wall-clock]
Computing fact groups: [0.000s CPU, 0.002s wall-clock]
Building STRIPS to SAS dictionary... [0.000s CPU, 0.000s wall-clock]
Building dictionary for full mutex groups... [0.000s CPU, 0.000s wall-clock]
Building mutex information...
Building mutex information: [0.000s CPU, 0.000s wall-clock]
Translating task...
Processing axioms...
Simplifying axioms... [0.000s CPU, 0.000s wall-clock]
Processing axioms: [0.000s CPU, 0.000s wall-clock]
Translating task: [0.000s CPU, 0.005s wall-clock]
7 effect conditions simplified
0 implied preconditions added
Detecting unreachable propositions...
0 operators removed
0 axioms removed
1 propositions removed
Detecting unreachable propositions: [0.010s CPU, 0.003s wall-clock]
Reordering and filtering variables...
15 of 15 variables necessary.
0 of 1 mutex groups necessary.
196 of 196 operators necessary.
0 of 0 axiom rules necessary.
Reordering and filtering variables: [0.000s CPU, 0.001s wall-clock]
Translator variables: 15
Translator derived variables: 0
Translator facts: 42
Translator goal facts: 7
Translator mutex groups: 0
Translator total mutex groups size: 0
Translator operators: 196
Translator axioms: 0
Translator task size: 666
Translator peak memory: 142796 KB
Writing output... [0.000s CPU, 0.004s wall-clock]
Done! [0.030s CPU, 0.036s wall-clock]
translate exit code: 0

INFO     Running search (release).
INFO     search stdin: output.sas
INFO     search time limit: 1799.88s
INFO     search memory limit: 3584 MB
INFO     search command line string: /infai/weidan00/downward/experiments/bachelor/data/bachelor-v1/code-7aa5f34_e5e41175/builds/release/bin/downward --search 'eager_wastar([pinch()], w=2)' --internal-plan-file sas_plan < output.sas
[t=5.9909e-05s, 17204 KB] reading input...
[t=0.000996417s, 17212 KB] done reading input!
[t=0.0028179s, 17476 KB] Simplifying 203 unary operators... done! [203 unary operators]
[t=0.00296981s, 17476 KB] time to simplify: 0.000203653s
[t=0.00304707s, 17476 KB] Initializing pinch heuristic...
[t=0.00316794s, 17476 KB] Building successor generator...done!
[t=0.00334308s, 17476 KB] peak memory difference for successor generator creation: 0 KB
[t=0.00338123s, 17476 KB] time for successor generation creation: 5.3937e-05s
[t=0.0034278s, 17476 KB] Variables: 15
[t=0.00346699s, 17476 KB] FactPairs: 42
[t=0.00350654s, 17476 KB] Bytes per state: 4
[t=0.003618s, 17476 KB] Conducting best first search with reopening closed nodes, (real) bound = 2147483647
[t=0.00372769s, 17476 KB] New best heuristic value for pinch: 28
[t=0.00377022s, 17476 KB] g=0, 1 evaluated, 0 expanded
[t=0.00381939s, 17476 KB] Initial heuristic value for pinch: 28
[t=0.00385996s, 17476 KB] pruning method: none
[t=0.00391725s, 17476 KB] New best heuristic value for pinch: 25
[t=0.00395784s, 17476 KB] g=1, 2 evaluated, 1 expanded
[t=0.00405149s, 17476 KB] New best heuristic value for pinch: 24
[t=0.00409263s, 17476 KB] g=2, 15 evaluated, 2 expanded
[t=0.00414788s, 17476 KB] New best heuristic value for pinch: 23
[t=0.00418816s, 17476 KB] g=3, 18 evaluated, 3 expanded
[t=0.00428237s, 17476 KB] New best heuristic value for pinch: 22
[t=0.00432312s, 17476 KB] g=4, 33 evaluated, 4 expanded
[t=0.00441304s, 17476 KB] New best heuristic value for pinch: 21
[t=0.00445347s, 17476 KB] g=5, 48 evaluated, 5 expanded
[t=0.00450651s, 17476 KB] New best heuristic value for pinch: 20
[t=0.00454645s, 17476 KB] g=5, 52 evaluated, 5 expanded
[t=0.0046138s, 17476 KB] New best heuristic value for pinch: 19
[t=0.00465405s, 17476 KB] g=6, 60 evaluated, 6 expanded
[t=0.00474559s, 17476 KB] New best heuristic value for pinch: 18
[t=0.00478647s, 17476 KB] g=7, 67 evaluated, 7 expanded
[t=0.00485357s, 17476 KB] New best heuristic value for pinch: 17
[t=0.00489386s, 17476 KB] g=8, 74 evaluated, 8 expanded
[t=0.00496745s, 17476 KB] New best heuristic value for pinch: 16
[t=0.00500799s, 17476 KB] g=9, 84 evaluated, 9 expanded
[t=0.0050731s, 17476 KB] New best heuristic value for pinch: 15
[t=0.00511372s, 17476 KB] g=10, 90 evaluated, 10 expanded
[t=0.00522368s, 17476 KB] New best heuristic value for pinch: 14
[t=0.00526449s, 17476 KB] g=10, 112 evaluated, 12 expanded
[t=0.00532451s, 17476 KB] New best heuristic value for pinch: 13
[t=0.00536458s, 17476 KB] g=11, 117 evaluated, 13 expanded
[t=0.0054727s, 17476 KB] New best heuristic value for pinch: 12
[t=0.00551835s, 17476 KB] g=13, 132 evaluated, 16 expanded
[t=0.00557134s, 17476 KB] New best heuristic value for pinch: 11
[t=0.00561196s, 17476 KB] g=14, 135 evaluated, 17 expanded
[t=0.00569393s, 17476 KB] New best heuristic value for pinch: 10
[t=0.00573415s, 17476 KB] g=15, 147 evaluated, 19 expanded
[t=0.0057888s, 17476 KB] New best heuristic value for pinch: 9
[t=0.00582905s, 17476 KB] g=16, 150 evaluated, 20 expanded
[t=0.00590987s, 17476 KB] New best heuristic value for pinch: 8
[t=0.00595052s, 17476 KB] g=17, 162 evaluated, 21 expanded
[t=0.00600751s, 17476 KB] New best heuristic value for pinch: 7
[t=0.00604768s, 17476 KB] g=18, 167 evaluated, 22 expanded
[t=0.00612481s, 17476 KB] New best heuristic value for pinch: 6
[t=0.00616488s, 17476 KB] g=19, 177 evaluated, 25 expanded
[t=0.00622763s, 17476 KB] New best heuristic value for pinch: 5
[t=0.00626775s, 17476 KB] g=20, 183 evaluated, 26 expanded
[t=0.00634549s, 17476 KB] New best heuristic value for pinch: 4
[t=0.00638624s, 17476 KB] g=21, 191 evaluated, 28 expanded
[t=0.00645085s, 17476 KB] New best heuristic value for pinch: 3
[t=0.00649124s, 17476 KB] g=22, 198 evaluated, 29 expanded
[t=0.00655654s, 17476 KB] New best heuristic value for pinch: 2
[t=0.00659719s, 17476 KB] g=23, 205 evaluated, 31 expanded
[t=0.00666083s, 17476 KB] New best heuristic value for pinch: 1
[t=0.00670128s, 17476 KB] g=24, 211 evaluated, 32 expanded
[t=0.00676956s, 17476 KB] New best heuristic value for pinch: 0
[t=0.00681018s, 17476 KB] g=25, 219 evaluated, 33 expanded
[t=0.00685049s, 17476 KB] Solution found!
[t=0.00689436s, 17476 KB] Actual search time: 0.00302969s
up f0 f1 (1)
board f1 p0 (1)
board f1 p2 (1)
board f1 p4 (1)
up f1 f2 (1)
board f2 p5 (1)
up f2 f3 (1)
depart f3 p4 (1)
depart f3 p2 (1)
up f3 f5 (1)
depart f5 p5 (1)
down f5 f4 (1)
depart f4 p0 (1)
up f4 f10 (1)
board f10 p3 (1)
down f10 f2 (1)
depart f2 p3 (1)
up f2 f6 (1)
board f6 p6 (1)
up f6 f11 (1)
depart f11 p6 (1)
down f11 f9 (1)
board f9 p1 (1)
down f9 f5 (1)
depart f5 p1 (1)
[t=0.00693708s, 17476 KB] Plan length: 25 step(s).
[t=0.00693708s, 17476 KB] Plan cost: 25
[t=0.00693708s, 17476 KB] Expanded 34 state(s).
[t=0.00693708s, 17476 KB] Reopened 0 state(s).
[t=0.00693708s, 17476 KB] Evaluated 219 state(s).
[t=0.00693708s, 17476 KB] Evaluations: 219
[t=0.00693708s, 17476 KB] Generated 462 state(s).
[t=0.00693708s, 17476 KB] Dead ends: 0 state(s).
[t=0.00693708s, 17476 KB] Number of registered states: 219
[t=0.00693708s, 17476 KB] Int hash set load factor: 219/256 = 0.855469
[t=0.00693708s, 17476 KB] Int hash set resizes: 8
[t=0.00693708s, 17476 KB] mean number of q cost that have been adjusted 0 times in relation to total number of q: -1
[t=0.00693708s, 17476 KB] mean number of q cost that have been adjusted 1 times in relation to total number of q: -1
[t=0.00693708s, 17476 KB] mean number of q cost that have been adjusted 2 times in relation to total number of q: -1
[t=0.00693708s, 17476 KB] mean number of q that are at some point overconsitent in relation to total number of q: -1
[t=0.00693708s, 17476 KB] mean number of q that are at first underconsisten in relation to total number of q: -1
[t=0.00693708s, 17476 KB] mean number of state variables that are not in common between two following states in relation to total number of state variables: -1
[t=0.00693708s, 17476 KB] variance number of state variables that are not in common between two following states in relation to total number of state variables: -1
[t=0.00693708s, 17476 KB] Search time: 0.00331973s
[t=0.00693708s, 17476 KB] Total time: 0.00693708s
Solution found.
Peak memory: 17476 KB
Remove intermediate file output.sas
search exit code: 0

INFO     Running validate.
INFO     validate stdin: None
INFO     validate time limit: None
INFO     validate memory limit: None
INFO     validate command line string: validate domain.pddl problem.pddl sas_plan
