INFO     Running translator.
INFO     translator stdin: None
INFO     translator time limit: 1799.96s
INFO     translator memory limit: 3584 MB
INFO     translator command line string: /infai/weidan00/downward/experiments/bachelor/.venv/bin/python3 /infai/weidan00/downward/experiments/bachelor/data/bachelor-v1/code-7aa5f34_e5e41175/builds/release/bin/translate/translate.py domain.pddl problem.pddl --sas-file output.sas
Parsing...
Parsing: [0.000s CPU, 0.004s wall-clock]
Normalizing task... [0.000s CPU, 0.000s wall-clock]
Instantiating...
Generating Datalog program... [0.000s CPU, 0.001s wall-clock]
Normalizing Datalog program...
Normalizing Datalog program: [0.010s CPU, 0.004s wall-clock]
Preparing model... [0.000s CPU, 0.002s wall-clock]
Generated 45 rules.
Computing model... [0.070s CPU, 0.068s wall-clock]
2126 relevant atoms
5023 auxiliary atoms
7149 final queue length
10186 total queue pushes
Completing instantiation... [0.070s CPU, 0.076s wall-clock]
Instantiating: [0.160s CPU, 0.153s wall-clock]
Computing fact groups...
Finding invariants...
18 initial candidates
Finding invariants: [0.010s CPU, 0.007s wall-clock]
Checking invariant weight... [0.000s CPU, 0.001s wall-clock]
Instantiating groups... [0.000s CPU, 0.004s wall-clock]
Collecting mutex groups... [0.000s CPU, 0.000s wall-clock]
Choosing groups...
36 uncovered facts
Choosing groups: [0.000s CPU, 0.001s wall-clock]
Building translation key... [0.000s CPU, 0.001s wall-clock]
Computing fact groups: [0.010s CPU, 0.016s wall-clock]
Building STRIPS to SAS dictionary... [0.000s CPU, 0.000s wall-clock]
Building dictionary for full mutex groups... [0.000s CPU, 0.000s wall-clock]
Building mutex information...
Building mutex information: [0.000s CPU, 0.000s wall-clock]
Translating task...
Processing axioms...
Simplifying axioms... [0.000s CPU, 0.000s wall-clock]
Processing axioms: [0.010s CPU, 0.004s wall-clock]
Translating task: [0.080s CPU, 0.075s wall-clock]
0 effect conditions simplified
0 implied preconditions added
Detecting unreachable propositions...
0 operators removed
0 axioms removed
157 propositions removed
Detecting unreachable propositions: [0.030s CPU, 0.034s wall-clock]
Reordering and filtering variables...
85 of 85 variables necessary.
0 of 85 mutex groups necessary.
1664 of 1664 operators necessary.
0 of 0 axiom rules necessary.
Reordering and filtering variables: [0.010s CPU, 0.011s wall-clock]
Translator variables: 85
Translator derived variables: 0
Translator facts: 320
Translator goal facts: 9
Translator mutex groups: 0
Translator total mutex groups size: 0
Translator operators: 1664
Translator axioms: 0
Translator task size: 10230
Translator peak memory: 150988 KB
Writing output... [0.010s CPU, 0.022s wall-clock]
Done! [0.320s CPU, 0.321s wall-clock]
translate exit code: 0

INFO     Running search (release).
INFO     search stdin: output.sas
INFO     search time limit: 1799.59s
INFO     search memory limit: 3584 MB
INFO     search command line string: /infai/weidan00/downward/experiments/bachelor/data/bachelor-v1/code-7aa5f34_e5e41175/builds/release/bin/downward --search 'eager_wastar([pinch()], w=2)' --internal-plan-file sas_plan < output.sas
[t=6.6214e-05s, 17204 KB] reading input...
[t=0.011541s, 17768 KB] done reading input!
[t=0.0140248s, 18204 KB] Simplifying 3272 unary operators... done! [3272 unary operators]
[t=0.0166193s, 18468 KB] time to simplify: 0.00274784s
[t=0.017074s, 18468 KB] Initializing pinch heuristic...
[t=0.01724s, 18468 KB] Building successor generator...done!
[t=0.0181698s, 18468 KB] peak memory difference for successor generator creation: 0 KB
[t=0.0182212s, 18468 KB] time for successor generation creation: 0.000771356s
[t=0.018286s, 18468 KB] Variables: 85
[t=0.018327s, 18468 KB] FactPairs: 320
[t=0.0183666s, 18468 KB] Bytes per state: 24
[t=0.0185159s, 18468 KB] Conducting best first search with reopening closed nodes, (real) bound = 2147483647
[t=0.018955s, 18468 KB] New best heuristic value for pinch: 101
[t=0.0190015s, 18468 KB] g=0, 1 evaluated, 0 expanded
[t=0.0190552s, 18468 KB] Initial heuristic value for pinch: 101
[t=0.0191066s, 18468 KB] pruning method: none
[t=0.0192464s, 18468 KB] New best heuristic value for pinch: 92
[t=0.0192886s, 18468 KB] g=1, 2 evaluated, 1 expanded
[t=0.0195219s, 18468 KB] New best heuristic value for pinch: 82
[t=0.0195654s, 18468 KB] g=1, 3 evaluated, 1 expanded
[t=0.0207996s, 18468 KB] New best heuristic value for pinch: 79
[t=0.0208507s, 18468 KB] g=2, 10 evaluated, 2 expanded
[t=0.022317s, 18468 KB] New best heuristic value for pinch: 76
[t=0.022371s, 18468 KB] g=3, 24 evaluated, 3 expanded
[t=0.0238469s, 18468 KB] New best heuristic value for pinch: 73
[t=0.0238972s, 18468 KB] g=4, 38 evaluated, 4 expanded
[t=0.0253414s, 18468 KB] New best heuristic value for pinch: 70
[t=0.0253926s, 18468 KB] g=5, 52 evaluated, 5 expanded
[t=0.0269013s, 18468 KB] New best heuristic value for pinch: 67
[t=0.0269538s, 18468 KB] g=6, 66 evaluated, 6 expanded
[t=0.028375s, 18468 KB] New best heuristic value for pinch: 64
[t=0.0284247s, 18468 KB] g=7, 79 evaluated, 7 expanded
[t=0.0298885s, 18468 KB] New best heuristic value for pinch: 61
[t=0.0299416s, 18468 KB] g=8, 92 evaluated, 8 expanded
[t=0.0308103s, 18468 KB] New best heuristic value for pinch: 59
[t=0.0308581s, 18468 KB] g=9, 99 evaluated, 9 expanded
[t=0.031432s, 18468 KB] New best heuristic value for pinch: 58
[t=0.0314795s, 18468 KB] g=9, 105 evaluated, 9 expanded
[t=0.0323379s, 18468 KB] New best heuristic value for pinch: 53
[t=0.0323856s, 18468 KB] g=10, 112 evaluated, 10 expanded
[t=0.0335793s, 18468 KB] New best heuristic value for pinch: 47
[t=0.0336287s, 18468 KB] g=11, 123 evaluated, 11 expanded
[t=0.0340781s, 18468 KB] New best heuristic value for pinch: 46
[t=0.0341234s, 18468 KB] g=11, 128 evaluated, 11 expanded
[t=0.035399s, 18468 KB] New best heuristic value for pinch: 45
[t=0.0354509s, 18468 KB] g=12, 140 evaluated, 12 expanded
[t=0.0355443s, 18468 KB] New best heuristic value for pinch: 44
[t=0.0355939s, 18468 KB] g=12, 141 evaluated, 12 expanded
[t=0.0367715s, 18468 KB] New best heuristic value for pinch: 43
[t=0.0368199s, 18468 KB] g=13, 153 evaluated, 13 expanded
[t=0.0371584s, 18468 KB] New best heuristic value for pinch: 42
[t=0.0372037s, 18468 KB] g=13, 158 evaluated, 13 expanded
[t=0.0386412s, 18468 KB] New best heuristic value for pinch: 41
[t=0.038693s, 18468 KB] g=14, 173 evaluated, 14 expanded
[t=0.0401104s, 18468 KB] New best heuristic value for pinch: 40
[t=0.0401589s, 18468 KB] g=15, 189 evaluated, 15 expanded
[t=0.0416307s, 18468 KB] New best heuristic value for pinch: 39
[t=0.0416824s, 18468 KB] g=16, 206 evaluated, 16 expanded
[t=0.0430678s, 18468 KB] New best heuristic value for pinch: 38
[t=0.0431174s, 18468 KB] g=17, 222 evaluated, 17 expanded
[t=0.0439402s, 18468 KB] New best heuristic value for pinch: 37
[t=0.0439876s, 18468 KB] g=18, 230 evaluated, 18 expanded
[t=0.0449129s, 18468 KB] New best heuristic value for pinch: 34
[t=0.0449611s, 18468 KB] g=19, 239 evaluated, 19 expanded
[t=0.0459502s, 18468 KB] New best heuristic value for pinch: 31
[t=0.045998s, 18468 KB] g=20, 250 evaluated, 20 expanded
[t=0.0470801s, 18468 KB] New best heuristic value for pinch: 29
[t=0.0471295s, 18468 KB] g=21, 264 evaluated, 21 expanded
[t=0.0485446s, 18468 KB] New best heuristic value for pinch: 27
[t=0.0485928s, 18468 KB] g=22, 282 evaluated, 22 expanded
[t=0.0496297s, 18468 KB] New best heuristic value for pinch: 26
[t=0.0496773s, 18468 KB] g=23, 297 evaluated, 23 expanded
[t=0.0511038s, 18468 KB] New best heuristic value for pinch: 25
[t=0.0511593s, 18468 KB] g=24, 314 evaluated, 24 expanded
[t=0.0531337s, 18468 KB] New best heuristic value for pinch: 24
[t=0.0531882s, 18468 KB] g=25, 335 evaluated, 25 expanded
[t=0.0543555s, 18468 KB] New best heuristic value for pinch: 23
[t=0.054403s, 18468 KB] g=26, 347 evaluated, 26 expanded
[t=0.0556919s, 18468 KB] New best heuristic value for pinch: 22
[t=0.0557413s, 18468 KB] g=27, 358 evaluated, 27 expanded
[t=0.0567994s, 18468 KB] New best heuristic value for pinch: 21
[t=0.0568457s, 18468 KB] g=28, 369 evaluated, 28 expanded
[t=0.058258s, 18468 KB] New best heuristic value for pinch: 20
[t=0.0583121s, 18468 KB] g=29, 385 evaluated, 29 expanded
[t=0.0597695s, 18468 KB] New best heuristic value for pinch: 19
[t=0.0598206s, 18468 KB] g=30, 402 evaluated, 30 expanded
[t=0.0607996s, 18468 KB] New best heuristic value for pinch: 18
[t=0.0608549s, 18468 KB] g=31, 413 evaluated, 31 expanded
[t=0.0624934s, 18468 KB] New best heuristic value for pinch: 17
[t=0.0625465s, 18468 KB] g=32, 429 evaluated, 32 expanded
[t=0.0638375s, 18468 KB] New best heuristic value for pinch: 16
[t=0.0638873s, 18468 KB] g=33, 442 evaluated, 33 expanded
[t=0.231249s, 18468 KB] New best heuristic value for pinch: 15
[t=0.231361s, 18468 KB] g=36, 2367 evaluated, 185 expanded
[t=0.265867s, 18468 KB] New best heuristic value for pinch: 14
[t=0.265965s, 18468 KB] g=37, 2705 evaluated, 216 expanded
[t=1.09877s, 19136 KB] New best heuristic value for pinch: 13
[t=1.09892s, 19136 KB] g=42, 12803 evaluated, 1050 expanded
[t=11.6129s, 27300 KB] New best heuristic value for pinch: 12
[t=11.6131s, 27300 KB] g=44, 146030 evaluated, 13055 expanded, 108 reopened
[t=13.1906s, 28096 KB] New best heuristic value for pinch: 11
[t=13.1908s, 28096 KB] g=46, 165096 evaluated, 14798 expanded, 207 reopened
[t=206.58s, 177596 KB] New best heuristic value for pinch: 10
[t=206.58s, 177596 KB] g=49, 2687991 evaluated, 266295 expanded, 14376 reopened
[t=800.339s, 642020 KB] New best heuristic value for pinch: 9
[t=800.339s, 642020 KB] g=52, 10446929 evaluated, 1083821 expanded, 86134 reopened
[t=1584.46s, 1264624 KB] New best heuristic value for pinch: 8
[t=1584.46s, 1264624 KB] g=55, 20915407 evaluated, 2183879 expanded, 139107 reopened
Peak memory: 1396060 KB
caught signal 24 -- exiting
Time limit has been reached.
Remove intermediate file output.sas
search exit code: 23

Driver aborting after search
