INFO     Running translator.
INFO     translator stdin: None
INFO     translator time limit: 1799.96s
INFO     translator memory limit: 3584 MB
INFO     translator command line string: /infai/weidan00/downward/experiments/bachelor/.venv/bin/python3 /infai/weidan00/downward/experiments/bachelor/data/bachelor-v1/code-7aa5f34_e5e41175/builds/release/bin/translate/translate.py domain.pddl problem.pddl --sas-file output.sas
Parsing...
Parsing: [0.010s CPU, 0.005s wall-clock]
Normalizing task... [0.000s CPU, 0.000s wall-clock]
Instantiating...
Generating Datalog program... [0.000s CPU, 0.001s wall-clock]
Normalizing Datalog program...
Normalizing Datalog program: [0.000s CPU, 0.003s wall-clock]
Preparing model... [0.000s CPU, 0.004s wall-clock]
Generated 44 rules.
Computing model... [0.520s CPU, 0.511s wall-clock]
59876 relevant atoms
4359 auxiliary atoms
64235 final queue length
121562 total queue pushes
Completing instantiation... [2.060s CPU, 2.072s wall-clock]
Instantiating: [2.590s CPU, 2.609s wall-clock]
Computing fact groups...
Finding invariants...
12 initial candidates
Finding invariants: [0.010s CPU, 0.011s wall-clock]
Checking invariant weight... [0.000s CPU, 0.000s wall-clock]
Instantiating groups... [0.010s CPU, 0.002s wall-clock]
Collecting mutex groups... [0.000s CPU, 0.001s wall-clock]
Choosing groups...
344 uncovered facts
Choosing groups: [0.000s CPU, 0.002s wall-clock]
Building translation key... [0.000s CPU, 0.002s wall-clock]
Computing fact groups: [0.030s CPU, 0.027s wall-clock]
Building STRIPS to SAS dictionary... [0.000s CPU, 0.001s wall-clock]
Building dictionary for full mutex groups... [0.000s CPU, 0.001s wall-clock]
Building mutex information...
Building mutex information: [0.000s CPU, 0.001s wall-clock]
Translating task...
Processing axioms...
Simplifying axioms... [0.000s CPU, 0.000s wall-clock]
Processing axioms: [0.070s CPU, 0.065s wall-clock]
Translating task: [1.630s CPU, 1.633s wall-clock]
51 effect conditions simplified
0 implied preconditions added
Detecting unreachable propositions...
0 operators removed
0 axioms removed
10 propositions removed
Detecting unreachable propositions: [1.070s CPU, 1.078s wall-clock]
Reordering and filtering variables...
118 of 354 variables necessary.
0 of 10 mutex groups necessary.
56053 of 57651 operators necessary.
0 of 0 axiom rules necessary.
Reordering and filtering variables: [0.160s CPU, 0.162s wall-clock]
Translator variables: 118
Translator derived variables: 0
Translator facts: 966
Translator goal facts: 65
Translator mutex groups: 0
Translator total mutex groups size: 0
Translator operators: 56053
Translator axioms: 0
Translator task size: 170380
Translator peak memory: 311108 KB
Writing output... [0.370s CPU, 0.427s wall-clock]
Done! [5.940s CPU, 6.022s wall-clock]
translate exit code: 0

INFO     Running search (release).
INFO     search stdin: output.sas
INFO     search time limit: 1793.91s
INFO     search memory limit: 3584 MB
INFO     search command line string: /infai/weidan00/downward/experiments/bachelor/data/bachelor-v1/code-7aa5f34_e5e41175/builds/release/bin/downward --search 'eager_wastar([pinch_tracking()], w=2)' --internal-plan-file sas_plan < output.sas
[t=6.64e-05s, 17204 KB] reading input...
[t=0.251098s, 31312 KB] done reading input!
[t=0.263298s, 34228 KB] Simplifying 56104 unary operators... done! [56097 unary operators]
[t=0.299494s, 39580 KB] time to simplify: 0.0407764s
[t=0.306084s, 39580 KB] Initializing pinch tracking heuristic...
[t=0.306311s, 39580 KB] Building successor generator...done!
[t=0.322254s, 39936 KB] peak memory difference for successor generator creation: 356 KB
[t=0.322313s, 39936 KB] time for successor generation creation: 0.014831s
[t=0.322848s, 39936 KB] Variables: 118
[t=0.32291s, 39936 KB] FactPairs: 966
[t=0.322962s, 39936 KB] Bytes per state: 24
[t=0.323119s, 39936 KB] Conducting best first search with reopening closed nodes, (real) bound = 2147483647
[t=0.328037s, 39936 KB] New best heuristic value for pinch_tracking: 346
[t=0.32814s, 39936 KB] g=0, 1 evaluated, 0 expanded
[t=0.328201s, 39936 KB] Initial heuristic value for pinch_tracking: 346
[t=0.328243s, 39936 KB] pruning method: none
[t=0.328388s, 39936 KB] New best heuristic value for pinch_tracking: 324
[t=0.328431s, 39936 KB] g=1, 2 evaluated, 1 expanded
[t=0.328531s, 39936 KB] New best heuristic value for pinch_tracking: 273
[t=0.328574s, 39936 KB] g=1, 3 evaluated, 1 expanded
[t=0.369947s, 39936 KB] New best heuristic value for pinch_tracking: 257
[t=0.370063s, 39936 KB] g=2, 759 evaluated, 2 expanded
[t=0.370173s, 39936 KB] New best heuristic value for pinch_tracking: 241
[t=0.370218s, 39936 KB] g=2, 760 evaluated, 2 expanded
[t=0.373857s, 39936 KB] New best heuristic value for pinch_tracking: 225
[t=0.373947s, 39936 KB] g=2, 826 evaluated, 2 expanded
[t=0.411677s, 39936 KB] New best heuristic value for pinch_tracking: 177
[t=0.411794s, 39936 KB] g=3, 1513 evaluated, 3 expanded
[t=0.449186s, 39936 KB] New best heuristic value for pinch_tracking: 161
[t=0.449302s, 39936 KB] g=4, 2195 evaluated, 4 expanded
[t=0.449406s, 39936 KB] New best heuristic value for pinch_tracking: 145
[t=0.449449s, 39936 KB] g=4, 2196 evaluated, 4 expanded
[t=0.490652s, 39936 KB] New best heuristic value for pinch_tracking: 129
[t=0.490767s, 39936 KB] g=5, 2951 evaluated, 5 expanded
[t=0.532934s, 39936 KB] New best heuristic value for pinch_tracking: 128
[t=0.533025s, 39936 KB] g=6, 3725 evaluated, 6 expanded
[t=0.573587s, 39936 KB] New best heuristic value for pinch_tracking: 127
[t=0.573703s, 39936 KB] g=7, 4460 evaluated, 7 expanded
[t=0.611857s, 39936 KB] New best heuristic value for pinch_tracking: 126
[t=0.611971s, 39936 KB] g=8, 5162 evaluated, 8 expanded
[t=0.652122s, 39936 KB] New best heuristic value for pinch_tracking: 125
[t=0.652242s, 39936 KB] g=9, 5897 evaluated, 9 expanded
[t=0.690477s, 39936 KB] New best heuristic value for pinch_tracking: 124
[t=0.690588s, 39936 KB] g=10, 6600 evaluated, 10 expanded
[t=0.73105s, 39936 KB] New best heuristic value for pinch_tracking: 123
[t=0.731161s, 39936 KB] g=11, 7334 evaluated, 11 expanded
[t=0.77137s, 39936 KB] New best heuristic value for pinch_tracking: 122
[t=0.771486s, 39936 KB] g=12, 8038 evaluated, 12 expanded
[t=0.811654s, 39936 KB] New best heuristic value for pinch_tracking: 121
[t=0.81177s, 39936 KB] g=13, 8771 evaluated, 13 expanded
[t=0.849685s, 39936 KB] New best heuristic value for pinch_tracking: 120
[t=0.849799s, 39936 KB] g=14, 9476 evaluated, 14 expanded
[t=0.889288s, 39936 KB] New best heuristic value for pinch_tracking: 119
[t=0.889401s, 39936 KB] g=15, 10208 evaluated, 15 expanded
[t=0.927296s, 39936 KB] New best heuristic value for pinch_tracking: 118
[t=0.927412s, 39936 KB] g=16, 10914 evaluated, 16 expanded
[t=0.966863s, 39936 KB] New best heuristic value for pinch_tracking: 117
[t=0.966976s, 39936 KB] g=17, 11645 evaluated, 17 expanded
[t=1.00495s, 39936 KB] New best heuristic value for pinch_tracking: 116
[t=1.00506s, 39936 KB] g=18, 12352 evaluated, 18 expanded
[t=1.04443s, 39936 KB] New best heuristic value for pinch_tracking: 115
[t=1.04454s, 39936 KB] g=19, 13082 evaluated, 19 expanded
[t=1.08257s, 39936 KB] New best heuristic value for pinch_tracking: 114
[t=1.08268s, 39936 KB] g=20, 13790 evaluated, 20 expanded
[t=1.12198s, 39936 KB] New best heuristic value for pinch_tracking: 113
[t=1.1221s, 39936 KB] g=21, 14519 evaluated, 21 expanded
[t=1.16138s, 39936 KB] New best heuristic value for pinch_tracking: 112
[t=1.1615s, 39936 KB] g=22, 15228 evaluated, 22 expanded
[t=1.20083s, 39936 KB] New best heuristic value for pinch_tracking: 111
[t=1.20094s, 39936 KB] g=23, 15956 evaluated, 23 expanded
[t=1.23979s, 39936 KB] New best heuristic value for pinch_tracking: 110
[t=1.23991s, 39936 KB] g=24, 16666 evaluated, 24 expanded
[t=1.27983s, 39936 KB] New best heuristic value for pinch_tracking: 109
[t=1.27995s, 39936 KB] g=25, 17393 evaluated, 25 expanded
[t=1.31881s, 39936 KB] New best heuristic value for pinch_tracking: 108
[t=1.31892s, 39936 KB] g=26, 18104 evaluated, 26 expanded
[t=1.35866s, 39936 KB] New best heuristic value for pinch_tracking: 107
[t=1.35877s, 39936 KB] g=27, 18830 evaluated, 27 expanded
[t=1.39773s, 39936 KB] New best heuristic value for pinch_tracking: 106
[t=1.39785s, 39936 KB] g=28, 19543 evaluated, 28 expanded
[t=1.43751s, 39936 KB] New best heuristic value for pinch_tracking: 105
[t=1.43763s, 39936 KB] g=29, 20267 evaluated, 29 expanded
[t=1.47659s, 39936 KB] New best heuristic value for pinch_tracking: 104
[t=1.47671s, 39936 KB] g=30, 20981 evaluated, 30 expanded
[t=1.51632s, 39936 KB] New best heuristic value for pinch_tracking: 103
[t=1.51643s, 39936 KB] g=31, 21704 evaluated, 31 expanded
[t=1.55551s, 39936 KB] New best heuristic value for pinch_tracking: 102
[t=1.55563s, 39936 KB] g=32, 22420 evaluated, 32 expanded
[t=1.59511s, 39936 KB] New best heuristic value for pinch_tracking: 101
[t=1.59522s, 39936 KB] g=33, 23141 evaluated, 33 expanded
[t=1.63387s, 39936 KB] New best heuristic value for pinch_tracking: 100
[t=1.63399s, 39936 KB] g=34, 23858 evaluated, 34 expanded
[t=1.67203s, 39936 KB] New best heuristic value for pinch_tracking: 99
[t=1.67215s, 39936 KB] g=35, 24578 evaluated, 35 expanded
[t=1.70995s, 39936 KB] New best heuristic value for pinch_tracking: 98
[t=1.71006s, 39936 KB] g=36, 25297 evaluated, 36 expanded
[t=1.74803s, 39936 KB] New best heuristic value for pinch_tracking: 97
[t=1.74812s, 39936 KB] g=37, 26015 evaluated, 37 expanded
[t=1.78596s, 39936 KB] New best heuristic value for pinch_tracking: 96
[t=1.78608s, 39936 KB] g=38, 26735 evaluated, 38 expanded
[t=1.82403s, 39936 KB] New best heuristic value for pinch_tracking: 95
[t=1.82414s, 39936 KB] g=39, 27452 evaluated, 39 expanded
[t=1.86198s, 39936 KB] New best heuristic value for pinch_tracking: 94
[t=1.86209s, 39936 KB] g=40, 28173 evaluated, 40 expanded
[t=1.8998s, 39936 KB] New best heuristic value for pinch_tracking: 93
[t=1.89991s, 39936 KB] g=41, 28889 evaluated, 41 expanded
[t=1.93792s, 39936 KB] New best heuristic value for pinch_tracking: 92
[t=1.93803s, 39936 KB] g=42, 29611 evaluated, 42 expanded
[t=1.97842s, 39936 KB] New best heuristic value for pinch_tracking: 91
[t=1.97853s, 39936 KB] g=43, 30326 evaluated, 43 expanded
[t=2.01994s, 39936 KB] New best heuristic value for pinch_tracking: 90
[t=2.02006s, 39936 KB] g=44, 31049 evaluated, 44 expanded
[t=2.06s, 39936 KB] New best heuristic value for pinch_tracking: 89
[t=2.06011s, 39936 KB] g=45, 31763 evaluated, 45 expanded
[t=2.09959s, 39936 KB] New best heuristic value for pinch_tracking: 88
[t=2.0997s, 39936 KB] g=46, 32488 evaluated, 46 expanded
[t=2.13931s, 39936 KB] New best heuristic value for pinch_tracking: 87
[t=2.13943s, 39936 KB] g=47, 33200 evaluated, 47 expanded
[t=2.179s, 39936 KB] New best heuristic value for pinch_tracking: 86
[t=2.17911s, 39936 KB] g=48, 33927 evaluated, 48 expanded
[t=2.21784s, 39936 KB] New best heuristic value for pinch_tracking: 85
[t=2.21796s, 39936 KB] g=49, 34637 evaluated, 49 expanded
[t=2.25746s, 39936 KB] New best heuristic value for pinch_tracking: 84
[t=2.25757s, 39936 KB] g=50, 35365 evaluated, 50 expanded
[t=2.29642s, 39936 KB] New best heuristic value for pinch_tracking: 83
[t=2.29654s, 39936 KB] g=51, 36074 evaluated, 51 expanded
[t=2.33629s, 39936 KB] New best heuristic value for pinch_tracking: 82
[t=2.3364s, 39936 KB] g=52, 36804 evaluated, 52 expanded
[t=2.37536s, 39936 KB] New best heuristic value for pinch_tracking: 81
[t=2.37548s, 39936 KB] g=53, 37511 evaluated, 53 expanded
[t=2.41527s, 39936 KB] New best heuristic value for pinch_tracking: 80
[t=2.41539s, 39936 KB] g=54, 38242 evaluated, 54 expanded
[t=2.454s, 39936 KB] New best heuristic value for pinch_tracking: 79
[t=2.45411s, 39936 KB] g=55, 38948 evaluated, 55 expanded
[t=2.49399s, 39936 KB] New best heuristic value for pinch_tracking: 78
[t=2.49411s, 39936 KB] g=56, 39680 evaluated, 56 expanded
[t=2.53262s, 39936 KB] New best heuristic value for pinch_tracking: 77
[t=2.53273s, 39936 KB] g=57, 40385 evaluated, 57 expanded
[t=2.57264s, 39936 KB] New best heuristic value for pinch_tracking: 76
[t=2.57276s, 39936 KB] g=58, 41118 evaluated, 58 expanded
[t=2.6112s, 39936 KB] New best heuristic value for pinch_tracking: 75
[t=2.61132s, 39936 KB] g=59, 41822 evaluated, 59 expanded
[t=2.65123s, 39936 KB] New best heuristic value for pinch_tracking: 74
[t=2.65134s, 39936 KB] g=60, 42556 evaluated, 60 expanded
[t=2.68979s, 39936 KB] New best heuristic value for pinch_tracking: 73
[t=2.68992s, 39936 KB] g=61, 43259 evaluated, 61 expanded
[t=2.73002s, 39936 KB] New best heuristic value for pinch_tracking: 72
[t=2.73014s, 39936 KB] g=62, 43995 evaluated, 62 expanded
[t=2.76848s, 39936 KB] New best heuristic value for pinch_tracking: 71
[t=2.76861s, 39936 KB] g=63, 44696 evaluated, 63 expanded
[t=2.80894s, 39936 KB] New best heuristic value for pinch_tracking: 70
[t=2.80905s, 39936 KB] g=64, 45436 evaluated, 64 expanded
[t=2.84711s, 40112 KB] New best heuristic value for pinch_tracking: 69
[t=2.84724s, 40112 KB] g=65, 46133 evaluated, 65 expanded
[t=2.88612s, 40112 KB] New best heuristic value for pinch_tracking: 68
[t=2.88624s, 40112 KB] g=66, 46874 evaluated, 66 expanded
[t=2.92292s, 40112 KB] New best heuristic value for pinch_tracking: 67
[t=2.92304s, 40112 KB] g=67, 47570 evaluated, 67 expanded
[t=2.96192s, 40112 KB] New best heuristic value for pinch_tracking: 66
[t=2.96204s, 40112 KB] g=68, 48312 evaluated, 68 expanded
[t=2.99867s, 40112 KB] New best heuristic value for pinch_tracking: 65
[t=2.99878s, 40112 KB] g=69, 49007 evaluated, 69 expanded
[t=3.03779s, 40112 KB] New best heuristic value for pinch_tracking: 64
[t=3.0379s, 40112 KB] g=70, 49750 evaluated, 70 expanded
[t=3.07445s, 40112 KB] New best heuristic value for pinch_tracking: 63
[t=3.07457s, 40112 KB] g=71, 50444 evaluated, 71 expanded
[t=3.11378s, 40332 KB] New best heuristic value for pinch_tracking: 62
[t=3.11389s, 40332 KB] g=72, 51189 evaluated, 72 expanded
[t=3.15042s, 40332 KB] New best heuristic value for pinch_tracking: 61
[t=3.15054s, 40332 KB] g=73, 51881 evaluated, 73 expanded
[t=3.18966s, 40332 KB] New best heuristic value for pinch_tracking: 60
[t=3.18977s, 40332 KB] g=74, 52627 evaluated, 74 expanded
[t=3.22616s, 40332 KB] New best heuristic value for pinch_tracking: 59
[t=3.22627s, 40332 KB] g=75, 53318 evaluated, 75 expanded
[t=3.26552s, 40332 KB] New best heuristic value for pinch_tracking: 58
[t=3.26564s, 40332 KB] g=76, 54065 evaluated, 76 expanded
[t=3.30205s, 40332 KB] New best heuristic value for pinch_tracking: 57
[t=3.30217s, 40332 KB] g=77, 54755 evaluated, 77 expanded
[t=3.34153s, 40332 KB] New best heuristic value for pinch_tracking: 56
[t=3.34164s, 40332 KB] g=78, 55506 evaluated, 78 expanded
[t=3.37784s, 40332 KB] New best heuristic value for pinch_tracking: 55
[t=3.37796s, 40332 KB] g=79, 56192 evaluated, 79 expanded
[t=3.41792s, 40560 KB] New best heuristic value for pinch_tracking: 54
[t=3.41803s, 40560 KB] g=80, 56944 evaluated, 80 expanded
[t=3.45454s, 40560 KB] New best heuristic value for pinch_tracking: 53
[t=3.45466s, 40560 KB] g=81, 57629 evaluated, 81 expanded
[t=3.49491s, 40560 KB] New best heuristic value for pinch_tracking: 52
[t=3.49503s, 40560 KB] g=82, 58387 evaluated, 82 expanded
[t=3.53139s, 40560 KB] New best heuristic value for pinch_tracking: 51
[t=3.5315s, 40560 KB] g=83, 59066 evaluated, 83 expanded
[t=3.57672s, 41584 KB] New best heuristic value for pinch_tracking: 50
[t=3.57684s, 41584 KB] g=84, 59825 evaluated, 84 expanded
[t=3.61299s, 41584 KB] New best heuristic value for pinch_tracking: 49
[t=3.6131s, 41584 KB] g=85, 60503 evaluated, 85 expanded
[t=3.65345s, 41584 KB] New best heuristic value for pinch_tracking: 48
[t=3.65356s, 41584 KB] g=86, 61263 evaluated, 86 expanded
[t=3.6898s, 41584 KB] New best heuristic value for pinch_tracking: 47
[t=3.68991s, 41584 KB] g=87, 61940 evaluated, 87 expanded
[t=3.73044s, 41584 KB] New best heuristic value for pinch_tracking: 46
[t=3.73055s, 41584 KB] g=88, 62701 evaluated, 88 expanded
[t=3.76685s, 41584 KB] New best heuristic value for pinch_tracking: 45
[t=3.76696s, 41584 KB] g=89, 63377 evaluated, 89 expanded
[t=3.8078s, 41584 KB] New best heuristic value for pinch_tracking: 44
[t=3.80792s, 41584 KB] g=90, 64139 evaluated, 90 expanded
[t=3.84419s, 41584 KB] New best heuristic value for pinch_tracking: 43
[t=3.8443s, 41584 KB] g=91, 64814 evaluated, 91 expanded
[t=3.88603s, 43632 KB] New best heuristic value for pinch_tracking: 42
[t=3.88615s, 43632 KB] g=92, 65578 evaluated, 92 expanded
[t=3.9221s, 43632 KB] New best heuristic value for pinch_tracking: 41
[t=3.92222s, 43632 KB] g=93, 66251 evaluated, 93 expanded
[t=3.96303s, 43632 KB] New best heuristic value for pinch_tracking: 40
[t=3.96315s, 43632 KB] g=94, 67017 evaluated, 94 expanded
[t=3.99984s, 43632 KB] New best heuristic value for pinch_tracking: 39
[t=3.99996s, 43632 KB] g=95, 67688 evaluated, 95 expanded
[t=4.04349s, 43632 KB] New best heuristic value for pinch_tracking: 38
[t=4.04361s, 43632 KB] g=96, 68455 evaluated, 96 expanded
[t=4.07949s, 43632 KB] New best heuristic value for pinch_tracking: 37
[t=4.07961s, 43632 KB] g=97, 69125 evaluated, 97 expanded
[t=4.12052s, 43632 KB] New best heuristic value for pinch_tracking: 36
[t=4.12063s, 43632 KB] g=98, 69893 evaluated, 98 expanded
[t=4.15645s, 43632 KB] New best heuristic value for pinch_tracking: 35
[t=4.15657s, 43632 KB] g=99, 70562 evaluated, 99 expanded
[t=4.19762s, 43632 KB] New best heuristic value for pinch_tracking: 34
[t=4.19774s, 43632 KB] g=100, 71331 evaluated, 100 expanded
[t=4.23353s, 43632 KB] New best heuristic value for pinch_tracking: 33
[t=4.23364s, 43632 KB] g=101, 71999 evaluated, 101 expanded
[t=4.27893s, 43632 KB] New best heuristic value for pinch_tracking: 32
[t=4.27904s, 43632 KB] g=102, 72845 evaluated, 102 expanded
[t=4.31073s, 43632 KB] New best heuristic value for pinch_tracking: 31
[t=4.31084s, 43632 KB] g=103, 73438 evaluated, 103 expanded
[t=4.35688s, 43632 KB] New best heuristic value for pinch_tracking: 30
[t=4.35701s, 43632 KB] g=104, 74283 evaluated, 104 expanded
[t=4.38908s, 43632 KB] New best heuristic value for pinch_tracking: 29
[t=4.3892s, 43632 KB] g=105, 74875 evaluated, 105 expanded
[t=4.43536s, 43632 KB] New best heuristic value for pinch_tracking: 28
[t=4.43547s, 43632 KB] g=106, 75721 evaluated, 106 expanded
[t=4.46751s, 43632 KB] New best heuristic value for pinch_tracking: 27
[t=4.46762s, 43632 KB] g=107, 76312 evaluated, 107 expanded
[t=4.51444s, 43632 KB] New best heuristic value for pinch_tracking: 26
[t=4.51455s, 43632 KB] g=108, 77173 evaluated, 108 expanded
[t=4.54576s, 43632 KB] New best heuristic value for pinch_tracking: 25
[t=4.54587s, 43632 KB] g=109, 77749 evaluated, 109 expanded
[t=4.59296s, 43632 KB] New best heuristic value for pinch_tracking: 24
[t=4.59307s, 43632 KB] g=110, 78619 evaluated, 110 expanded
[t=4.62326s, 43632 KB] New best heuristic value for pinch_tracking: 23
[t=4.62338s, 43632 KB] g=111, 79186 evaluated, 111 expanded
[t=4.67012s, 43632 KB] New best heuristic value for pinch_tracking: 22
[t=4.67023s, 43632 KB] g=112, 80058 evaluated, 112 expanded
[t=4.70036s, 43632 KB] New best heuristic value for pinch_tracking: 21
[t=4.70048s, 43632 KB] g=113, 80623 evaluated, 113 expanded
[t=4.74762s, 43632 KB] New best heuristic value for pinch_tracking: 20
[t=4.74774s, 43632 KB] g=114, 81504 evaluated, 114 expanded
[t=4.7774s, 43632 KB] New best heuristic value for pinch_tracking: 19
[t=4.77751s, 43632 KB] g=115, 82060 evaluated, 115 expanded
[t=4.82523s, 43848 KB] New best heuristic value for pinch_tracking: 18
[t=4.82535s, 43848 KB] g=116, 82944 evaluated, 116 expanded
[t=4.85503s, 43848 KB] New best heuristic value for pinch_tracking: 17
[t=4.85514s, 43848 KB] g=117, 83497 evaluated, 117 expanded
[t=4.90283s, 43848 KB] New best heuristic value for pinch_tracking: 16
[t=4.90295s, 43848 KB] g=118, 84382 evaluated, 118 expanded
[t=4.93252s, 43848 KB] New best heuristic value for pinch_tracking: 15
[t=4.93264s, 43848 KB] g=119, 84934 evaluated, 119 expanded
[t=4.9805s, 43848 KB] New best heuristic value for pinch_tracking: 14
[t=4.98062s, 43848 KB] g=120, 85824 evaluated, 120 expanded
[t=5.00994s, 43848 KB] New best heuristic value for pinch_tracking: 13
[t=5.01005s, 43848 KB] g=121, 86371 evaluated, 121 expanded
[t=5.0581s, 43848 KB] New best heuristic value for pinch_tracking: 12
[t=5.05822s, 43848 KB] g=122, 87265 evaluated, 122 expanded
[t=5.08716s, 44088 KB] New best heuristic value for pinch_tracking: 11
[t=5.08727s, 44088 KB] g=123, 87808 evaluated, 123 expanded
[t=5.13428s, 44088 KB] New best heuristic value for pinch_tracking: 10
[t=5.1344s, 44088 KB] g=124, 88704 evaluated, 124 expanded
[t=5.16285s, 44088 KB] New best heuristic value for pinch_tracking: 9
[t=5.16297s, 44088 KB] g=125, 89245 evaluated, 125 expanded
[t=5.21014s, 44088 KB] New best heuristic value for pinch_tracking: 8
[t=5.21026s, 44088 KB] g=126, 90144 evaluated, 126 expanded
[t=5.23857s, 44088 KB] New best heuristic value for pinch_tracking: 7
[t=5.2387s, 44088 KB] g=127, 90682 evaluated, 127 expanded
[t=5.28598s, 44088 KB] New best heuristic value for pinch_tracking: 6
[t=5.2861s, 44088 KB] g=128, 91582 evaluated, 128 expanded
[t=5.31447s, 44088 KB] New best heuristic value for pinch_tracking: 5
[t=5.31459s, 44088 KB] g=129, 92119 evaluated, 129 expanded
[t=5.36219s, 44308 KB] New best heuristic value for pinch_tracking: 4
[t=5.36231s, 44308 KB] g=130, 93020 evaluated, 130 expanded
[t=5.39086s, 44308 KB] New best heuristic value for pinch_tracking: 3
[t=5.39098s, 44308 KB] g=131, 93556 evaluated, 131 expanded
[t=5.43943s, 44308 KB] New best heuristic value for pinch_tracking: 2
[t=5.43954s, 44308 KB] g=132, 94467 evaluated, 132 expanded
[t=5.46756s, 44308 KB] New best heuristic value for pinch_tracking: 1
[t=5.46768s, 44308 KB] g=133, 94993 evaluated, 133 expanded
[t=5.5333s, 44308 KB] New best heuristic value for pinch_tracking: 0
[t=5.53342s, 44308 KB] g=134, 96232 evaluated, 134 expanded
[t=5.54377s, 44308 KB] Solution found!
[t=5.54401s, 44308 KB] Actual search time: 5.21577s
switch_on instrument15 satellite9 (1)
turn_to satellite9 star1 planet9 (1)
calibrate satellite9 instrument15 star1 (1)
switch_on instrument12 satellite7 (1)
calibrate satellite7 instrument12 groundstation4 (1)
turn_to satellite9 phenomenon17 star1 (1)
take_image satellite9 phenomenon17 instrument15 image2 (1)
turn_to satellite9 phenomenon18 phenomenon17 (1)
take_image satellite9 phenomenon18 instrument15 image0 (1)
turn_to satellite9 phenomenon23 phenomenon18 (1)
take_image satellite9 phenomenon23 instrument15 image2 (1)
turn_to satellite9 phenomenon26 phenomenon23 (1)
take_image satellite9 phenomenon26 instrument15 image2 (1)
turn_to satellite9 phenomenon38 phenomenon26 (1)
take_image satellite9 phenomenon38 instrument15 image0 (1)
turn_to satellite9 phenomenon40 phenomenon38 (1)
take_image satellite9 phenomenon40 instrument15 image1 (1)
turn_to satellite9 phenomenon41 phenomenon40 (1)
take_image satellite9 phenomenon41 instrument15 image1 (1)
turn_to satellite9 phenomenon5 phenomenon41 (1)
take_image satellite9 phenomenon5 instrument15 image0 (1)
turn_to satellite9 phenomenon51 phenomenon5 (1)
take_image satellite9 phenomenon51 instrument15 image0 (1)
turn_to satellite9 phenomenon52 phenomenon51 (1)
take_image satellite9 phenomenon52 instrument15 image1 (1)
turn_to satellite9 phenomenon54 phenomenon52 (1)
take_image satellite9 phenomenon54 instrument15 image0 (1)
turn_to satellite9 phenomenon57 phenomenon54 (1)
take_image satellite9 phenomenon57 instrument15 image1 (1)
turn_to satellite9 phenomenon59 phenomenon57 (1)
take_image satellite9 phenomenon59 instrument15 image1 (1)
turn_to satellite9 phenomenon66 phenomenon59 (1)
take_image satellite9 phenomenon66 instrument15 image0 (1)
turn_to satellite9 phenomenon67 phenomenon66 (1)
take_image satellite9 phenomenon67 instrument15 image1 (1)
turn_to satellite9 phenomenon73 phenomenon67 (1)
take_image satellite9 phenomenon73 instrument15 image0 (1)
turn_to satellite9 planet10 phenomenon73 (1)
take_image satellite9 planet10 instrument15 image0 (1)
turn_to satellite9 planet11 planet10 (1)
take_image satellite9 planet11 instrument15 image2 (1)
turn_to satellite9 planet12 planet11 (1)
take_image satellite9 planet12 instrument15 image1 (1)
turn_to satellite9 planet19 planet12 (1)
take_image satellite9 planet19 instrument15 image0 (1)
turn_to satellite9 planet25 planet19 (1)
take_image satellite9 planet25 instrument15 image1 (1)
turn_to satellite9 planet30 planet25 (1)
take_image satellite9 planet30 instrument15 image0 (1)
turn_to satellite9 planet32 planet30 (1)
take_image satellite9 planet32 instrument15 image0 (1)
turn_to satellite9 planet34 planet32 (1)
take_image satellite9 planet34 instrument15 image1 (1)
turn_to satellite9 planet35 planet34 (1)
take_image satellite9 planet35 instrument15 image2 (1)
turn_to satellite9 planet36 planet35 (1)
take_image satellite9 planet36 instrument15 image2 (1)
turn_to satellite9 planet37 planet36 (1)
take_image satellite9 planet37 instrument15 image2 (1)
turn_to satellite9 planet39 planet37 (1)
take_image satellite9 planet39 instrument15 image0 (1)
turn_to satellite9 planet45 planet39 (1)
take_image satellite9 planet45 instrument15 image2 (1)
turn_to satellite9 planet55 planet45 (1)
take_image satellite9 planet55 instrument15 image1 (1)
turn_to satellite9 planet60 planet55 (1)
take_image satellite9 planet60 instrument15 image1 (1)
turn_to satellite9 planet63 planet60 (1)
take_image satellite9 planet63 instrument15 image2 (1)
turn_to satellite9 planet64 planet63 (1)
take_image satellite9 planet64 instrument15 image0 (1)
turn_to satellite9 planet68 planet64 (1)
take_image satellite9 planet68 instrument15 image0 (1)
turn_to satellite9 planet70 planet68 (1)
take_image satellite9 planet70 instrument15 image0 (1)
turn_to satellite9 planet8 planet70 (1)
take_image satellite9 planet8 instrument15 image0 (1)
turn_to satellite9 star20 planet8 (1)
take_image satellite9 star20 instrument15 image0 (1)
turn_to satellite9 star21 star20 (1)
take_image satellite9 star21 instrument15 image0 (1)
turn_to satellite9 star42 star21 (1)
take_image satellite9 star42 instrument15 image2 (1)
turn_to satellite9 star43 star42 (1)
take_image satellite9 star43 instrument15 image2 (1)
turn_to satellite9 star47 star43 (1)
take_image satellite9 star47 instrument15 image1 (1)
turn_to satellite9 star50 star47 (1)
take_image satellite9 star50 instrument15 image1 (1)
turn_to satellite9 star53 star50 (1)
take_image satellite9 star53 instrument15 image0 (1)
turn_to satellite9 star6 star53 (1)
take_image satellite9 star6 instrument15 image1 (1)
turn_to satellite9 star7 star6 (1)
take_image satellite9 star7 instrument15 image0 (1)
turn_to satellite9 star71 star7 (1)
take_image satellite9 star71 instrument15 image0 (1)
turn_to satellite9 star72 star71 (1)
take_image satellite9 star72 instrument15 image1 (1)
turn_to satellite9 star74 star72 (1)
take_image satellite9 star74 instrument15 image0 (1)
turn_to satellite7 phenomenon13 groundstation4 (1)
take_image satellite7 phenomenon13 instrument12 image3 (1)
turn_to satellite7 phenomenon15 phenomenon13 (1)
take_image satellite7 phenomenon15 instrument12 image3 (1)
turn_to satellite7 phenomenon16 phenomenon15 (1)
take_image satellite7 phenomenon16 instrument12 image3 (1)
turn_to satellite7 phenomenon61 phenomenon16 (1)
take_image satellite7 phenomenon61 instrument12 image3 (1)
turn_to satellite7 planet22 phenomenon61 (1)
take_image satellite7 planet22 instrument12 image3 (1)
turn_to satellite7 planet28 planet22 (1)
take_image satellite7 planet28 instrument12 image3 (1)
turn_to satellite7 planet44 planet28 (1)
take_image satellite7 planet44 instrument12 image3 (1)
turn_to satellite7 planet48 planet44 (1)
take_image satellite7 planet48 instrument12 image3 (1)
turn_to satellite7 planet49 planet48 (1)
take_image satellite7 planet49 instrument12 image3 (1)
turn_to satellite7 planet65 planet49 (1)
take_image satellite7 planet65 instrument12 image3 (1)
turn_to satellite7 planet9 planet65 (1)
take_image satellite7 planet9 instrument12 image3 (1)
turn_to satellite7 star14 planet9 (1)
take_image satellite7 star14 instrument12 image3 (1)
turn_to satellite7 star24 star14 (1)
take_image satellite7 star24 instrument12 image3 (1)
turn_to satellite7 star27 star24 (1)
take_image satellite7 star27 instrument12 image3 (1)
turn_to satellite7 star29 star27 (1)
take_image satellite7 star29 instrument12 image3 (1)
turn_to satellite7 star62 star29 (1)
take_image satellite7 star62 instrument12 image3 (1)
turn_to satellite2 planet19 phenomenon52 (1)
[t=5.54406s, 44308 KB] Plan length: 134 step(s).
[t=5.54406s, 44308 KB] Plan cost: 134
[t=5.54406s, 44308 KB] Expanded 135 state(s).
[t=5.54406s, 44308 KB] Reopened 0 state(s).
[t=5.54406s, 44308 KB] Evaluated 96426 state(s).
[t=5.54406s, 44308 KB] Evaluations: 96426
[t=5.54406s, 44308 KB] Generated 101434 state(s).
[t=5.54406s, 44308 KB] Dead ends: 0 state(s).
[t=5.54406s, 44308 KB] Number of registered states: 96426
[t=5.54406s, 44308 KB] Int hash set load factor: 96426/131072 = 0.735672
[t=5.54406s, 44308 KB] Int hash set resizes: 17
[t=5.54406s, 44308 KB] mean number of q cost that have been adjusted 0 times in relation to total number of q: -1
[t=5.54406s, 44308 KB] mean number of q cost that have been adjusted 1 times in relation to total number of q: -1
[t=5.54406s, 44308 KB] mean number of q cost that have been adjusted 2 times in relation to total number of q: -1
[t=5.54406s, 44308 KB] mean number of q that are at some point overconsitent in relation to total number of q: -1
[t=5.54406s, 44308 KB] mean number of q that are at first underconsisten in relation to total number of q: -1
[t=5.54406s, 44308 KB] mean number of state variables that are not in common between two following states in relation to total number of state variables: -1
[t=5.54406s, 44308 KB] variance number of state variables that are not in common between two following states in relation to total number of state variables: -1
[t=5.54406s, 44308 KB] Search time: 5.22094s
[t=5.54406s, 44308 KB] Total time: 5.54406s
Solution found.
Peak memory: 44308 KB
Remove intermediate file output.sas
search exit code: 0

INFO     Running validate.
INFO     validate stdin: None
INFO     validate time limit: None
INFO     validate memory limit: None
INFO     validate command line string: validate domain.pddl problem.pddl sas_plan
