INFO     Running translator.
INFO     translator stdin: None
INFO     translator time limit: 1799.96s
INFO     translator memory limit: 3584 MB
INFO     translator command line string: /infai/weidan00/downward/experiments/bachelor/.venv/bin/python3 /infai/weidan00/downward/experiments/bachelor/data/bachelor-v1/code-7aa5f34_e5e41175/builds/release/bin/translate/translate.py domain.pddl problem.pddl --sas-file output.sas
Parsing...
Parsing: [0.010s CPU, 0.008s wall-clock]
Normalizing task... [0.000s CPU, 0.000s wall-clock]
Instantiating...
Generating Datalog program... [0.000s CPU, 0.002s wall-clock]
Normalizing Datalog program...
Normalizing Datalog program: [0.000s CPU, 0.002s wall-clock]
Preparing model... [0.010s CPU, 0.009s wall-clock]
Generated 26 rules.
Computing model... [0.040s CPU, 0.042s wall-clock]
2941 relevant atoms
2247 auxiliary atoms
5188 final queue length
6869 total queue pushes
Completing instantiation... [0.050s CPU, 0.048s wall-clock]
Instantiating: [0.100s CPU, 0.105s wall-clock]
Computing fact groups...
Finding invariants...
6 initial candidates
Finding invariants: [0.000s CPU, 0.001s wall-clock]
Checking invariant weight... [0.000s CPU, 0.000s wall-clock]
Instantiating groups... [0.000s CPU, 0.000s wall-clock]
Collecting mutex groups... [0.000s CPU, 0.000s wall-clock]
Choosing groups...
42 uncovered facts
Choosing groups: [0.000s CPU, 0.000s wall-clock]
Building translation key... [0.000s CPU, 0.000s wall-clock]
Computing fact groups: [0.000s CPU, 0.003s wall-clock]
Building STRIPS to SAS dictionary... [0.000s CPU, 0.000s wall-clock]
Building dictionary for full mutex groups... [0.000s CPU, 0.000s wall-clock]
Building mutex information...
Building mutex information: [0.000s CPU, 0.000s wall-clock]
Translating task...
Processing axioms...
Simplifying axioms... [0.000s CPU, 0.000s wall-clock]
Processing axioms: [0.010s CPU, 0.002s wall-clock]
Translating task: [0.040s CPU, 0.040s wall-clock]
21 effect conditions simplified
0 implied preconditions added
Detecting unreachable propositions...
0 operators removed
0 axioms removed
1 propositions removed
Detecting unreachable propositions: [0.030s CPU, 0.023s wall-clock]
Reordering and filtering variables...
43 of 43 variables necessary.
0 of 1 mutex groups necessary.
1764 of 1764 operators necessary.
0 of 0 axiom rules necessary.
Reordering and filtering variables: [0.000s CPU, 0.005s wall-clock]
Translator variables: 43
Translator derived variables: 0
Translator facts: 126
Translator goal facts: 21
Translator mutex groups: 0
Translator total mutex groups size: 0
Translator operators: 1764
Translator axioms: 0
Translator task size: 5524
Translator peak memory: 147916 KB
Writing output... [0.010s CPU, 0.016s wall-clock]
Done! [0.200s CPU, 0.206s wall-clock]
translate exit code: 0

INFO     Running search (release).
INFO     search stdin: output.sas
INFO     search time limit: 1799.7s
INFO     search memory limit: 3584 MB
INFO     search command line string: /infai/weidan00/downward/experiments/bachelor/data/bachelor-v1/code-7aa5f34_e5e41175/builds/release/bin/downward --search 'eager_wastar([pinch()], w=2)' --internal-plan-file sas_plan < output.sas
[t=6.7475e-05s, 17204 KB] reading input...
[t=0.0065948s, 17512 KB] done reading input!
[t=0.00886002s, 17920 KB] Simplifying 1785 unary operators... done! [1785 unary operators]
[t=0.00968152s, 18052 KB] time to simplify: 0.000944275s
[t=0.00987955s, 18052 KB] Initializing pinch heuristic...
[t=0.0100244s, 18052 KB] Building successor generator...done!
[t=0.0104974s, 18116 KB] peak memory difference for successor generator creation: 64 KB
[t=0.0105375s, 18116 KB] time for successor generation creation: 0.000333605s
[t=0.0105951s, 18116 KB] Variables: 43
[t=0.0106348s, 18116 KB] FactPairs: 126
[t=0.0106742s, 18116 KB] Bytes per state: 8
[t=0.0108222s, 18116 KB] Conducting best first search with reopening closed nodes, (real) bound = 2147483647
[t=0.011048s, 18116 KB] New best heuristic value for pinch: 83
[t=0.0110999s, 18116 KB] g=0, 1 evaluated, 0 expanded
[t=0.0111531s, 18116 KB] Initial heuristic value for pinch: 83
[t=0.0111946s, 18116 KB] pruning method: none
[t=0.0112598s, 18116 KB] New best heuristic value for pinch: 81
[t=0.0113015s, 18116 KB] g=1, 2 evaluated, 1 expanded
[t=0.0116825s, 18116 KB] New best heuristic value for pinch: 80
[t=0.0117278s, 18116 KB] g=2, 43 evaluated, 2 expanded
[t=0.0117895s, 18116 KB] New best heuristic value for pinch: 79
[t=0.0118309s, 18116 KB] g=3, 46 evaluated, 3 expanded
[t=0.0122255s, 18116 KB] New best heuristic value for pinch: 78
[t=0.0122697s, 18116 KB] g=4, 89 evaluated, 4 expanded
[t=0.0124006s, 18116 KB] New best heuristic value for pinch: 77
[t=0.0124426s, 18116 KB] g=4, 100 evaluated, 4 expanded
[t=0.0127469s, 18116 KB] New best heuristic value for pinch: 76
[t=0.0127905s, 18116 KB] g=5, 131 evaluated, 5 expanded
[t=0.0129972s, 18116 KB] New best heuristic value for pinch: 75
[t=0.0130398s, 18116 KB] g=6, 150 evaluated, 6 expanded
[t=0.013261s, 18116 KB] New best heuristic value for pinch: 74
[t=0.0133027s, 18116 KB] g=7, 173 evaluated, 7 expanded
[t=0.0133581s, 18116 KB] New best heuristic value for pinch: 73
[t=0.0133987s, 18116 KB] g=8, 175 evaluated, 8 expanded
[t=0.0137858s, 18116 KB] New best heuristic value for pinch: 72
[t=0.0138352s, 18116 KB] g=9, 219 evaluated, 9 expanded
[t=0.014205s, 18116 KB] New best heuristic value for pinch: 71
[t=0.0142488s, 18116 KB] g=10, 258 evaluated, 10 expanded
[t=0.0143669s, 18116 KB] New best heuristic value for pinch: 70
[t=0.0144089s, 18116 KB] g=11, 267 evaluated, 11 expanded
[t=0.0147279s, 18116 KB] New best heuristic value for pinch: 69
[t=0.0147745s, 18116 KB] g=12, 302 evaluated, 12 expanded
[t=0.0148322s, 18116 KB] New best heuristic value for pinch: 68
[t=0.0148726s, 18116 KB] g=13, 304 evaluated, 13 expanded
[t=0.0152426s, 18116 KB] New best heuristic value for pinch: 67
[t=0.0152852s, 18116 KB] g=14, 346 evaluated, 14 expanded
[t=0.0154428s, 18116 KB] New best heuristic value for pinch: 66
[t=0.0154838s, 18116 KB] g=14, 361 evaluated, 14 expanded
[t=0.0157353s, 18116 KB] New best heuristic value for pinch: 65
[t=0.0157769s, 18116 KB] g=15, 387 evaluated, 15 expanded
[t=0.0159595s, 18116 KB] New best heuristic value for pinch: 64
[t=0.0160001s, 18116 KB] g=16, 404 evaluated, 16 expanded
[t=0.0162355s, 18116 KB] New best heuristic value for pinch: 63
[t=0.0162764s, 18116 KB] g=17, 429 evaluated, 17 expanded
[t=0.0164747s, 18116 KB] New best heuristic value for pinch: 62
[t=0.0165159s, 18116 KB] g=18, 449 evaluated, 18 expanded
[t=0.0167578s, 18116 KB] New best heuristic value for pinch: 61
[t=0.0167994s, 18116 KB] g=19, 473 evaluated, 19 expanded
[t=0.0170325s, 18116 KB] New best heuristic value for pinch: 60
[t=0.0170745s, 18116 KB] g=20, 498 evaluated, 20 expanded
[t=0.0173252s, 18116 KB] New best heuristic value for pinch: 59
[t=0.0173693s, 18116 KB] g=21, 517 evaluated, 21 expanded
[t=0.0174263s, 18116 KB] New best heuristic value for pinch: 58
[t=0.0174671s, 18116 KB] g=22, 519 evaluated, 22 expanded
[t=0.017844s, 18116 KB] New best heuristic value for pinch: 57
[t=0.017887s, 18116 KB] g=23, 561 evaluated, 23 expanded
[t=0.0181393s, 18116 KB] New best heuristic value for pinch: 56
[t=0.0181809s, 18116 KB] g=23, 588 evaluated, 23 expanded
[t=0.018354s, 18116 KB] New best heuristic value for pinch: 55
[t=0.0183959s, 18116 KB] g=24, 602 evaluated, 25 expanded
[t=0.0186222s, 18116 KB] New best heuristic value for pinch: 54
[t=0.018665s, 18116 KB] g=25, 624 evaluated, 26 expanded
[t=0.018872s, 18116 KB] New best heuristic value for pinch: 53
[t=0.0189137s, 18116 KB] g=26, 644 evaluated, 28 expanded
[t=0.0191388s, 18116 KB] New best heuristic value for pinch: 52
[t=0.0191802s, 18116 KB] g=27, 666 evaluated, 29 expanded
[t=0.0194257s, 18116 KB] New best heuristic value for pinch: 51
[t=0.0194688s, 18116 KB] g=29, 689 evaluated, 33 expanded
[t=0.019666s, 18116 KB] New best heuristic value for pinch: 50
[t=0.0197071s, 18116 KB] g=29, 709 evaluated, 33 expanded
[t=0.0199195s, 18116 KB] New best heuristic value for pinch: 49
[t=0.0199605s, 18116 KB] g=30, 730 evaluated, 34 expanded
[t=0.0203473s, 18116 KB] New best heuristic value for pinch: 48
[t=0.0203906s, 18116 KB] g=32, 772 evaluated, 37 expanded
[t=0.0204512s, 18116 KB] New best heuristic value for pinch: 47
[t=0.0204916s, 18116 KB] g=33, 773 evaluated, 38 expanded
[t=0.0208709s, 18116 KB] New best heuristic value for pinch: 46
[t=0.0209131s, 18116 KB] g=34, 815 evaluated, 40 expanded
[t=0.0209673s, 18116 KB] New best heuristic value for pinch: 45
[t=0.0210078s, 18116 KB] g=35, 817 evaluated, 41 expanded
[t=0.0213924s, 18116 KB] New best heuristic value for pinch: 44
[t=0.0214343s, 18116 KB] g=36, 858 evaluated, 43 expanded
[t=0.0214857s, 18116 KB] New best heuristic value for pinch: 43
[t=0.0215263s, 18116 KB] g=37, 859 evaluated, 44 expanded
[t=0.0219025s, 18116 KB] New best heuristic value for pinch: 42
[t=0.0219449s, 18116 KB] g=38, 900 evaluated, 46 expanded
[t=0.0219966s, 18116 KB] New best heuristic value for pinch: 41
[t=0.022037s, 18116 KB] g=39, 901 evaluated, 47 expanded
[t=0.0224199s, 18116 KB] New best heuristic value for pinch: 40
[t=0.0224625s, 18116 KB] g=40, 942 evaluated, 50 expanded
[t=0.0225203s, 18116 KB] New best heuristic value for pinch: 39
[t=0.0225608s, 18116 KB] g=41, 943 evaluated, 51 expanded
[t=0.0229381s, 18116 KB] New best heuristic value for pinch: 38
[t=0.0229803s, 18116 KB] g=42, 984 evaluated, 54 expanded
[t=0.0230547s, 18116 KB] New best heuristic value for pinch: 37
[t=0.0230956s, 18116 KB] g=43, 985 evaluated, 55 expanded
[t=0.0235657s, 18116 KB] New best heuristic value for pinch: 36
[t=0.0236114s, 18116 KB] g=44, 1026 evaluated, 56 expanded
[t=0.0236963s, 18116 KB] New best heuristic value for pinch: 35
[t=0.0237374s, 18116 KB] g=45, 1031 evaluated, 57 expanded
[t=0.0240977s, 18116 KB] New best heuristic value for pinch: 34
[t=0.0241405s, 18116 KB] g=46, 1068 evaluated, 60 expanded
[t=0.0242324s, 18116 KB] New best heuristic value for pinch: 33
[t=0.0242737s, 18116 KB] g=47, 1074 evaluated, 61 expanded
[t=0.0246317s, 18116 KB] New best heuristic value for pinch: 32
[t=0.0246742s, 18116 KB] g=48, 1112 evaluated, 64 expanded
[t=0.0248222s, 18116 KB] New best heuristic value for pinch: 31
[t=0.0248687s, 18116 KB] g=49, 1126 evaluated, 65 expanded
[t=0.0251698s, 18116 KB] New best heuristic value for pinch: 30
[t=0.0252124s, 18116 KB] g=50, 1156 evaluated, 68 expanded
[t=0.0253039s, 18116 KB] New best heuristic value for pinch: 29
[t=0.0253448s, 18116 KB] g=51, 1162 evaluated, 69 expanded
[t=0.0256928s, 18116 KB] New best heuristic value for pinch: 28
[t=0.0257354s, 18116 KB] g=52, 1199 evaluated, 72 expanded
[t=0.0258402s, 18116 KB] New best heuristic value for pinch: 27
[t=0.0258815s, 18116 KB] g=53, 1205 evaluated, 73 expanded
[t=0.0262365s, 18116 KB] New best heuristic value for pinch: 26
[t=0.0262785s, 18116 KB] g=54, 1242 evaluated, 76 expanded
[t=0.0263692s, 18116 KB] New best heuristic value for pinch: 25
[t=0.0264097s, 18116 KB] g=55, 1248 evaluated, 77 expanded
[t=0.0267601s, 18116 KB] New best heuristic value for pinch: 24
[t=0.0268025s, 18116 KB] g=56, 1285 evaluated, 80 expanded
[t=0.0269006s, 18116 KB] New best heuristic value for pinch: 23
[t=0.0269425s, 18116 KB] g=57, 1291 evaluated, 81 expanded
[t=0.0272736s, 18116 KB] New best heuristic value for pinch: 22
[t=0.0273152s, 18116 KB] g=58, 1327 evaluated, 82 expanded
[t=0.0274846s, 18116 KB] New best heuristic value for pinch: 21
[t=0.0275253s, 18116 KB] g=59, 1343 evaluated, 83 expanded
[t=0.0278122s, 18116 KB] New best heuristic value for pinch: 20
[t=0.0278539s, 18116 KB] g=60, 1370 evaluated, 86 expanded
[t=0.0279773s, 18116 KB] New best heuristic value for pinch: 19
[t=0.0280188s, 18116 KB] g=61, 1379 evaluated, 87 expanded
[t=0.0283507s, 18116 KB] New best heuristic value for pinch: 18
[t=0.0283939s, 18116 KB] g=62, 1413 evaluated, 90 expanded
[t=0.0285075s, 18116 KB] New best heuristic value for pinch: 17
[t=0.028556s, 18116 KB] g=63, 1422 evaluated, 91 expanded
[t=0.0288846s, 18116 KB] New best heuristic value for pinch: 16
[t=0.0289263s, 18116 KB] g=64, 1456 evaluated, 94 expanded
[t=0.0290402s, 18116 KB] New best heuristic value for pinch: 15
[t=0.029081s, 18116 KB] g=65, 1465 evaluated, 95 expanded
[t=0.0294098s, 18116 KB] New best heuristic value for pinch: 14
[t=0.0294521s, 18116 KB] g=66, 1499 evaluated, 98 expanded
[t=0.0295693s, 18116 KB] New best heuristic value for pinch: 13
[t=0.0296108s, 18116 KB] g=67, 1508 evaluated, 99 expanded
[t=0.0299435s, 18116 KB] New best heuristic value for pinch: 12
[t=0.029986s, 18116 KB] g=68, 1542 evaluated, 102 expanded
[t=0.0301005s, 18116 KB] New best heuristic value for pinch: 11
[t=0.0301421s, 18116 KB] g=69, 1551 evaluated, 103 expanded
[t=0.0304796s, 18116 KB] New best heuristic value for pinch: 10
[t=0.0305221s, 18116 KB] g=70, 1585 evaluated, 106 expanded
[t=0.0306376s, 18116 KB] New best heuristic value for pinch: 9
[t=0.030679s, 18116 KB] g=71, 1594 evaluated, 107 expanded
[t=0.0310022s, 18116 KB] New best heuristic value for pinch: 8
[t=0.0310445s, 18116 KB] g=72, 1628 evaluated, 110 expanded
[t=0.0311651s, 18116 KB] New best heuristic value for pinch: 7
[t=0.0312056s, 18116 KB] g=73, 1637 evaluated, 111 expanded
[t=0.0315209s, 18116 KB] New best heuristic value for pinch: 6
[t=0.0315632s, 18116 KB] g=74, 1671 evaluated, 112 expanded
[t=0.0318273s, 18116 KB] New best heuristic value for pinch: 5
[t=0.0318696s, 18116 KB] g=75, 1700 evaluated, 113 expanded
[t=0.032036s, 18116 KB] New best heuristic value for pinch: 4
[t=0.0320774s, 18116 KB] g=76, 1714 evaluated, 115 expanded
[t=0.032297s, 18116 KB] New best heuristic value for pinch: 3
[t=0.0323398s, 18116 KB] g=77, 1736 evaluated, 116 expanded
[t=0.0325404s, 18116 KB] New best heuristic value for pinch: 2
[t=0.0325823s, 18116 KB] g=78, 1756 evaluated, 118 expanded
[t=0.0328028s, 18116 KB] New best heuristic value for pinch: 1
[t=0.0328446s, 18116 KB] g=79, 1778 evaluated, 119 expanded
[t=0.0330502s, 18116 KB] New best heuristic value for pinch: 0
[t=0.0330916s, 18116 KB] g=80, 1798 evaluated, 120 expanded
[t=0.0331364s, 18116 KB] Solution found!
[t=0.03319s, 18116 KB] Actual search time: 0.0219915s
up f0 f1 (1)
board f1 p0 (1)
board f1 p13 (1)
up f1 f19 (1)
depart f19 p13 (1)
down f19 f9 (1)
board f9 p1 (1)
board f9 p11 (1)
down f9 f2 (1)
board f2 p5 (1)
up f2 f15 (1)
board f15 p19 (1)
board f15 p4 (1)
up f15 f16 (1)
board f16 p9 (1)
up f16 f17 (1)
board f17 p16 (1)
up f17 f19 (1)
depart f19 p5 (1)
up f19 f24 (1)
board f24 p15 (1)
board f24 p8 (1)
up f24 f31 (1)
depart f31 p4 (1)
up f31 f33 (1)
board f33 p20 (1)
down f33 f1 (1)
board f1 p17 (1)
up f1 f28 (1)
depart f28 p17 (1)
down f28 f10 (1)
board f10 p3 (1)
down f10 f2 (1)
depart f2 p11 (1)
up f2 f12 (1)
depart f12 p15 (1)
down f12 f4 (1)
depart f4 p0 (1)
up f4 f14 (1)
board f14 p10 (1)
down f14 f5 (1)
board f5 p14 (1)
down f5 f0 (1)
depart f0 p14 (1)
up f0 f17 (1)
depart f17 p9 (1)
down f17 f9 (1)
depart f9 p16 (1)
up f9 f19 (1)
depart f19 p1 (1)
up f19 f20 (1)
board f20 p6 (1)
up f20 f25 (1)
depart f25 p6 (1)
up f25 f26 (1)
board f26 p12 (1)
down f26 f13 (1)
depart f13 p12 (1)
up f13 f29 (1)
board f29 p2 (1)
up f29 f30 (1)
depart f30 p3 (1)
up f30 f31 (1)
depart f31 p2 (1)
up f31 f33 (1)
depart f33 p10 (1)
up f33 f35 (1)
depart f35 p20 (1)
up f35 f36 (1)
depart f36 p8 (1)
up f36 f37 (1)
board f37 p18 (1)
down f37 f16 (1)
depart f16 p18 (1)
up f16 f39 (1)
depart f39 p19 (1)
up f39 f41 (1)
board f41 p7 (1)
down f41 f28 (1)
depart f28 p7 (1)
[t=0.0332329s, 18116 KB] Plan length: 80 step(s).
[t=0.0332329s, 18116 KB] Plan cost: 80
[t=0.0332329s, 18116 KB] Expanded 121 state(s).
[t=0.0332329s, 18116 KB] Reopened 0 state(s).
[t=0.0332329s, 18116 KB] Evaluated 1798 state(s).
[t=0.0332329s, 18116 KB] Evaluations: 1798
[t=0.0332329s, 18116 KB] Generated 5029 state(s).
[t=0.0332329s, 18116 KB] Dead ends: 0 state(s).
[t=0.0332329s, 18116 KB] Number of registered states: 1798
[t=0.0332329s, 18116 KB] Int hash set load factor: 1798/2048 = 0.87793
[t=0.0332329s, 18116 KB] Int hash set resizes: 11
[t=0.0332329s, 18116 KB] mean number of q cost that have been adjusted 0 times in relation to total number of q: -1
[t=0.0332329s, 18116 KB] mean number of q cost that have been adjusted 1 times in relation to total number of q: -1
[t=0.0332329s, 18116 KB] mean number of q cost that have been adjusted 2 times in relation to total number of q: -1
[t=0.0332329s, 18116 KB] mean number of q that are at some point overconsitent in relation to total number of q: -1
[t=0.0332329s, 18116 KB] mean number of q that are at first underconsisten in relation to total number of q: -1
[t=0.0332329s, 18116 KB] mean number of state variables that are not in common between two following states in relation to total number of state variables: -1
[t=0.0332329s, 18116 KB] variance number of state variables that are not in common between two following states in relation to total number of state variables: -1
[t=0.0332329s, 18116 KB] Search time: 0.0224119s
[t=0.0332329s, 18116 KB] Total time: 0.0332329s
Solution found.
Peak memory: 18116 KB
Remove intermediate file output.sas
search exit code: 0

INFO     Running validate.
INFO     validate stdin: None
INFO     validate time limit: None
INFO     validate memory limit: None
INFO     validate command line string: validate domain.pddl problem.pddl sas_plan
