INFO     Running translator.
INFO     translator stdin: None
INFO     translator time limit: 1799.95s
INFO     translator memory limit: 3584 MB
INFO     translator command line string: /infai/weidan00/downward/experiments/bachelor/.venv/bin/python3 /infai/weidan00/downward/experiments/bachelor/data/bachelor-v1/code-7aa5f34_e5e41175/builds/release/bin/translate/translate.py domain.pddl problem.pddl --sas-file output.sas
Parsing...
Parsing: [0.010s CPU, 0.012s wall-clock]
Normalizing task... [0.000s CPU, 0.001s wall-clock]
Instantiating...
Generating Datalog program... [0.000s CPU, 0.001s wall-clock]
Normalizing Datalog program...
Normalizing Datalog program: [0.000s CPU, 0.003s wall-clock]
Preparing model... [0.010s CPU, 0.003s wall-clock]
Generated 173 rules.
Computing model... [0.000s CPU, 0.001s wall-clock]
144 relevant atoms
0 auxiliary atoms
144 final queue length
203 total queue pushes
Completing instantiation... [0.000s CPU, 0.002s wall-clock]
Instantiating: [0.010s CPU, 0.011s wall-clock]
Computing fact groups...
Finding invariants...
67 initial candidates
Finding invariants: [0.040s CPU, 0.041s wall-clock]
Checking invariant weight... [0.000s CPU, 0.000s wall-clock]
Instantiating groups... [0.000s CPU, 0.000s wall-clock]
Collecting mutex groups... [0.000s CPU, 0.000s wall-clock]
Choosing groups...
10 uncovered facts
Choosing groups: [0.000s CPU, 0.000s wall-clock]
Building translation key... [0.000s CPU, 0.000s wall-clock]
Computing fact groups: [0.040s CPU, 0.043s wall-clock]
Building STRIPS to SAS dictionary... [0.000s CPU, 0.000s wall-clock]
Building dictionary for full mutex groups... [0.000s CPU, 0.000s wall-clock]
Building mutex information...
Building mutex information: [0.000s CPU, 0.000s wall-clock]
Translating task...
Processing axioms...
Simplifying axioms... [0.000s CPU, 0.000s wall-clock]
Processing axioms: [0.000s CPU, 0.000s wall-clock]
Translating task: [0.000s CPU, 0.004s wall-clock]
26 effect conditions simplified
0 implied preconditions added
Detecting unreachable propositions...
0 operators removed
0 axioms removed
26 propositions removed
Detecting unreachable propositions: [0.010s CPU, 0.002s wall-clock]
Reordering and filtering variables...
19 of 36 variables necessary.
0 of 26 mutex groups necessary.
42 of 76 operators necessary.
0 of 0 axiom rules necessary.
Reordering and filtering variables: [0.000s CPU, 0.001s wall-clock]
Translator variables: 19
Translator derived variables: 0
Translator facts: 43
Translator goal facts: 7
Translator mutex groups: 0
Translator total mutex groups size: 0
Translator operators: 42
Translator axioms: 0
Translator task size: 349
Translator peak memory: 143308 KB
Writing output... [0.000s CPU, 0.003s wall-clock]
Done! [0.070s CPU, 0.078s wall-clock]
translate exit code: 0

INFO     Running search (release).
INFO     search stdin: output.sas
INFO     search time limit: 1799.83s
INFO     search memory limit: 3584 MB
INFO     search command line string: /infai/weidan00/downward/experiments/bachelor/data/bachelor-v1/code-7aa5f34_e5e41175/builds/release/bin/downward --search 'eager_wastar([pinch()], w=2)' --internal-plan-file sas_plan < output.sas
[t=6.5562e-05s, 17204 KB] reading input...
[t=0.000641784s, 17212 KB] done reading input!
[t=0.00248551s, 17476 KB] Simplifying 88 unary operators... done! [88 unary operators]
[t=0.0026124s, 17476 KB] time to simplify: 0.00017618s
[t=0.00268822s, 17476 KB] Initializing pinch heuristic...
[t=0.0028067s, 17476 KB] Building successor generator...done!
[t=0.00298728s, 17476 KB] peak memory difference for successor generator creation: 0 KB
[t=0.00302655s, 17476 KB] time for successor generation creation: 5.6387e-05s
[t=0.0030748s, 17476 KB] Variables: 19
[t=0.00311446s, 17476 KB] FactPairs: 43
[t=0.00315544s, 17476 KB] Bytes per state: 4
[t=0.00327551s, 17476 KB] Conducting best first search with reopening closed nodes, (real) bound = 2147483647
[t=0.00339666s, 17476 KB] New best heuristic value for pinch: 4
[t=0.00344062s, 17476 KB] g=0, 1 evaluated, 0 expanded
[t=0.00349244s, 17476 KB] Initial heuristic value for pinch: 4
[t=0.00353401s, 17476 KB] pruning method: none
[t=0.00359791s, 17476 KB] New best heuristic value for pinch: 3
[t=0.0036403s, 17476 KB] g=1, 2 evaluated, 1 expanded
[t=0.00377885s, 17476 KB] New best heuristic value for pinch: 2
[t=0.00382163s, 17476 KB] g=2, 7 evaluated, 2 expanded
[t=0.00544972s, 17476 KB] New best heuristic value for pinch: 1
[t=0.00550909s, 17476 KB] g=17, 218 evaluated, 145 expanded, 1 reopened
[t=0.00592557s, 17476 KB] New best heuristic value for pinch: 0
[t=0.00597603s, 17476 KB] g=24, 261 evaluated, 170 expanded, 1 reopened
[t=0.00602109s, 17476 KB] Solution found!
[t=0.00606603s, 17476 KB] Actual search time: 0.00252865s
wait_cb1  (1)
wait_cb3  (1)
wait_cb2  (1)
wait_cb2-condeff1-yes  (1)
wait_cb2-condeff0-yes  (1)
wait_cb2-endof-condeffs  (1)
wait_cb4  (1)
wait_cb4-condeff0-yes  (1)
wait_cb4-condeff1-yes  (1)
wait_cb4-endof-condeffs  (1)
open-sd10  (1)
open-sd8  (1)
close_cb2  (1)
wait_cb2  (1)
wait_cb2-condeff1-no-0  (1)
wait_cb2-condeff0-no-0  (1)
wait_cb2-endof-condeffs  (1)
open-sd18  (1)
open-sd21  (1)
close_cb4  (1)
wait_cb4  (1)
wait_cb4-condeff0-no-0  (1)
wait_cb4-condeff1-no-0  (1)
wait_cb4-endof-condeffs  (1)
[t=0.00613976s, 17476 KB] Plan length: 24 step(s).
[t=0.00613976s, 17476 KB] Plan cost: 24
[t=0.00613976s, 17476 KB] Expanded 171 state(s).
[t=0.00613976s, 17476 KB] Reopened 1 state(s).
[t=0.00613976s, 17476 KB] Evaluated 261 state(s).
[t=0.00613976s, 17476 KB] Evaluations: 261
[t=0.00613976s, 17476 KB] Generated 397 state(s).
[t=0.00613976s, 17476 KB] Dead ends: 0 state(s).
[t=0.00613976s, 17476 KB] Number of registered states: 261
[t=0.00613976s, 17476 KB] Int hash set load factor: 261/512 = 0.509766
[t=0.00613976s, 17476 KB] Int hash set resizes: 9
[t=0.00613976s, 17476 KB] mean number of q cost that have been adjusted 0 times in relation to total number of q: -1
[t=0.00613976s, 17476 KB] mean number of q cost that have been adjusted 1 times in relation to total number of q: -1
[t=0.00613976s, 17476 KB] mean number of q cost that have been adjusted 2 times in relation to total number of q: -1
[t=0.00613976s, 17476 KB] mean number of q that are at some point overconsitent in relation to total number of q: -1
[t=0.00613976s, 17476 KB] mean number of q that are at first underconsisten in relation to total number of q: -1
[t=0.00613976s, 17476 KB] mean number of state variables that are not in common between two following states in relation to total number of state variables: -1
[t=0.00613976s, 17476 KB] variance number of state variables that are not in common between two following states in relation to total number of state variables: -1
[t=0.00613976s, 17476 KB] Search time: 0.0028654s
[t=0.00613976s, 17476 KB] Total time: 0.00613976s
Solution found.
Peak memory: 17476 KB
Remove intermediate file output.sas
search exit code: 0

INFO     Running validate.
INFO     validate stdin: None
INFO     validate time limit: None
INFO     validate memory limit: None
INFO     validate command line string: validate domain.pddl problem.pddl sas_plan
