INFO     Running translator.
INFO     translator stdin: None
INFO     translator time limit: 1799.96s
INFO     translator memory limit: 3584 MB
INFO     translator command line string: /infai/weidan00/downward/experiments/bachelor/.venv/bin/python3 /infai/weidan00/downward/experiments/bachelor/data/bachelor-v1/code-7aa5f34_e5e41175/builds/release/bin/translate/translate.py domain.pddl problem.pddl --sas-file output.sas
Parsing...
Parsing: [0.010s CPU, 0.004s wall-clock]
Normalizing task... [0.000s CPU, 0.000s wall-clock]
Instantiating...
Generating Datalog program... [0.000s CPU, 0.001s wall-clock]
Normalizing Datalog program...
Normalizing Datalog program: [0.000s CPU, 0.006s wall-clock]
Preparing model... [0.000s CPU, 0.002s wall-clock]
Generated 91 rules.
Computing model... [0.020s CPU, 0.013s wall-clock]
370 relevant atoms
864 auxiliary atoms
1234 final queue length
1860 total queue pushes
Completing instantiation... [0.010s CPU, 0.014s wall-clock]
Instantiating: [0.030s CPU, 0.036s wall-clock]
Computing fact groups...
Finding invariants...
18 initial candidates
Finding invariants: [0.010s CPU, 0.014s wall-clock]
Checking invariant weight... [0.000s CPU, 0.000s wall-clock]
Instantiating groups... [0.000s CPU, 0.000s wall-clock]
Collecting mutex groups... [0.000s CPU, 0.000s wall-clock]
Choosing groups...
56 uncovered facts
Choosing groups: [0.000s CPU, 0.000s wall-clock]
Building translation key... [0.000s CPU, 0.000s wall-clock]
Computing fact groups: [0.010s CPU, 0.015s wall-clock]
Building STRIPS to SAS dictionary... [0.000s CPU, 0.000s wall-clock]
Building dictionary for full mutex groups... [0.000s CPU, 0.000s wall-clock]
Building mutex information...
Building mutex information: [0.000s CPU, 0.000s wall-clock]
Translating task...
Processing axioms...
Simplifying axioms... [0.000s CPU, 0.000s wall-clock]
Processing axioms: [0.000s CPU, 0.001s wall-clock]
Translating task: [0.010s CPU, 0.015s wall-clock]
608 effect conditions simplified
0 implied preconditions added
Detecting unreachable propositions...
0 operators removed
0 axioms removed
8 propositions removed
Detecting unreachable propositions: [0.010s CPU, 0.008s wall-clock]
Reordering and filtering variables...
56 of 56 variables necessary.
0 of 0 mutex groups necessary.
224 of 224 operators necessary.
0 of 0 axiom rules necessary.
Reordering and filtering variables: [0.000s CPU, 0.008s wall-clock]
Translator variables: 56
Translator derived variables: 0
Translator facts: 112
Translator goal facts: 5
Translator mutex groups: 0
Translator total mutex groups size: 0
Translator operators: 224
Translator axioms: 0
Translator task size: 2093
Translator peak memory: 144076 KB
Writing output... [0.010s CPU, 0.006s wall-clock]
Done! [0.090s CPU, 0.094s wall-clock]
translate exit code: 0

INFO     Running search (release).
INFO     search stdin: output.sas
INFO     search time limit: 1799.82s
INFO     search memory limit: 3584 MB
INFO     search command line string: /infai/weidan00/downward/experiments/bachelor/data/bachelor-v1/code-7aa5f34_e5e41175/builds/release/bin/downward --search 'eager_wastar([pinch_tracking()], w=2)' --internal-plan-file sas_plan < output.sas
[t=7.1189e-05s, 17204 KB] reading input...
[t=0.00259119s, 17344 KB] done reading input!
[t=0.00464839s, 17608 KB] Simplifying 1248 unary operators... done! [1248 unary operators]
[t=0.0053958s, 17736 KB] time to simplify: 0.000823859s
[t=0.00557466s, 17736 KB] Initializing pinch tracking heuristic...
[t=0.00570221s, 17736 KB] Building successor generator...done!
[t=0.00596809s, 17736 KB] peak memory difference for successor generator creation: 0 KB
[t=0.00600671s, 17736 KB] time for successor generation creation: 0.000141243s
[t=0.00605483s, 17736 KB] Variables: 56
[t=0.00609443s, 17736 KB] FactPairs: 112
[t=0.00613369s, 17736 KB] Bytes per state: 8
[t=0.00624967s, 17736 KB] Conducting best first search with reopening closed nodes, (real) bound = 2147483647
[t=0.00646753s, 17736 KB] New best heuristic value for pinch_tracking: 10
[t=0.00651018s, 17736 KB] g=0, 1 evaluated, 0 expanded
[t=0.00656314s, 17736 KB] Initial heuristic value for pinch_tracking: 10
[t=0.00660395s, 17736 KB] pruning method: none
[t=0.0069195s, 17736 KB] New best heuristic value for pinch_tracking: 9
[t=0.0069633s, 17736 KB] g=1, 5 evaluated, 1 expanded
[t=0.00743045s, 17736 KB] New best heuristic value for pinch_tracking: 8
[t=0.00747473s, 17736 KB] g=2, 13 evaluated, 2 expanded
[t=0.00755023s, 17736 KB] New best heuristic value for pinch_tracking: 7
[t=0.00759217s, 17736 KB] g=3, 14 evaluated, 3 expanded
[t=0.00795922s, 17736 KB] New best heuristic value for pinch_tracking: 5
[t=0.00800337s, 17736 KB] g=4, 19 evaluated, 4 expanded
[t=0.00960871s, 17736 KB] New best heuristic value for pinch_tracking: 4
[t=0.00966139s, 17736 KB] g=6, 47 evaluated, 9 expanded
[t=0.00984365s, 17736 KB] New best heuristic value for pinch_tracking: 3
[t=0.00988681s, 17736 KB] g=6, 50 evaluated, 9 expanded
[t=0.010121s, 17736 KB] New best heuristic value for pinch_tracking: 2
[t=0.0101637s, 17736 KB] g=7, 54 evaluated, 10 expanded
[t=0.0105189s, 17736 KB] New best heuristic value for pinch_tracking: 1
[t=0.0105726s, 17736 KB] g=8, 60 evaluated, 11 expanded
[t=0.0126578s, 17736 KB] New best heuristic value for pinch_tracking: 0
[t=0.0127072s, 17736 KB] g=11, 98 evaluated, 19 expanded
[t=0.0128402s, 17736 KB] Solution found!
[t=0.0128851s, 17736 KB] Actual search time: 0.00627796s
push-unitarypipe s12 b3 a1 a2 b5 oca1 gasoleo (1)
push-unitarypipe s13 b0 a1 a3 b2 rat-a rat-a (1)
pop-unitarypipe s13 b1 a1 a3 b0 gasoleo rat-a (1)
pop-unitarypipe s13 b6 a1 a3 b1 lco gasoleo (1)
pop-unitarypipe s13 b2 a1 a3 b6 rat-a lco (1)
push-unitarypipe s13 b0 a1 a3 b2 rat-a rat-a (1)
push-unitarypipe s12 b6 a1 a2 b3 lco oca1 (1)
push-unitarypipe s12 b7 a1 a2 b6 oca1 lco (1)
pop-unitarypipe s12 b4 a1 a2 b7 gasoleo oca1 (1)
pop-unitarypipe s12 b3 a1 a2 b4 oca1 gasoleo (1)
push-unitarypipe s13 b4 a1 a3 b0 gasoleo rat-a (1)
[t=0.012929s, 17736 KB] Plan length: 11 step(s).
[t=0.012929s, 17736 KB] Plan cost: 11
[t=0.012929s, 17736 KB] Expanded 20 state(s).
[t=0.012929s, 17736 KB] Reopened 0 state(s).
[t=0.012929s, 17736 KB] Evaluated 100 state(s).
[t=0.012929s, 17736 KB] Evaluations: 100
[t=0.012929s, 17736 KB] Generated 137 state(s).
[t=0.012929s, 17736 KB] Dead ends: 0 state(s).
[t=0.012929s, 17736 KB] Number of registered states: 100
[t=0.012929s, 17736 KB] Int hash set load factor: 100/128 = 0.78125
[t=0.012929s, 17736 KB] Int hash set resizes: 7
[t=0.012929s, 17736 KB] mean number of q cost that have been adjusted 0 times in relation to total number of q: -1
[t=0.012929s, 17736 KB] mean number of q cost that have been adjusted 1 times in relation to total number of q: -1
[t=0.012929s, 17736 KB] mean number of q cost that have been adjusted 2 times in relation to total number of q: -1
[t=0.012929s, 17736 KB] mean number of q that are at some point overconsitent in relation to total number of q: -1
[t=0.012929s, 17736 KB] mean number of q that are at first underconsisten in relation to total number of q: -1
[t=0.012929s, 17736 KB] mean number of state variables that are not in common between two following states in relation to total number of state variables: -1
[t=0.012929s, 17736 KB] variance number of state variables that are not in common between two following states in relation to total number of state variables: -1
[t=0.012929s, 17736 KB] Search time: 0.00668039s
[t=0.012929s, 17736 KB] Total time: 0.012929s
Solution found.
Peak memory: 17736 KB
Remove intermediate file output.sas
search exit code: 0

INFO     Running validate.
INFO     validate stdin: None
INFO     validate time limit: None
INFO     validate memory limit: None
INFO     validate command line string: validate domain.pddl problem.pddl sas_plan
