INFO     Running translator.
INFO     translator stdin: None
INFO     translator time limit: 1799.96s
INFO     translator memory limit: 3584 MB
INFO     translator command line string: /infai/weidan00/downward/experiments/bachelor/.venv/bin/python3 /infai/weidan00/downward/experiments/bachelor/data/bachelor-v1/code-7aa5f34_e5e41175/builds/release/bin/translate/translate.py domain.pddl problem.pddl --sas-file output.sas
Parsing...
Parsing: [0.010s CPU, 0.003s wall-clock]
Normalizing task... [0.000s CPU, 0.000s wall-clock]
Instantiating...
Generating Datalog program... [0.000s CPU, 0.001s wall-clock]
Normalizing Datalog program...
Normalizing Datalog program: [0.000s CPU, 0.003s wall-clock]
Preparing model... [0.000s CPU, 0.002s wall-clock]
Generated 41 rules.
Computing model... [0.030s CPU, 0.026s wall-clock]
2974 relevant atoms
683 auxiliary atoms
3657 final queue length
6445 total queue pushes
Completing instantiation... [0.100s CPU, 0.104s wall-clock]
Instantiating: [0.130s CPU, 0.137s wall-clock]
Computing fact groups...
Finding invariants...
18 initial candidates
Finding invariants: [0.010s CPU, 0.004s wall-clock]
Checking invariant weight... [0.000s CPU, 0.001s wall-clock]
Instantiating groups... [0.000s CPU, 0.001s wall-clock]
Collecting mutex groups... [0.000s CPU, 0.000s wall-clock]
Choosing groups...
48 uncovered facts
Choosing groups: [0.000s CPU, 0.000s wall-clock]
Building translation key... [0.000s CPU, 0.000s wall-clock]
Computing fact groups: [0.010s CPU, 0.008s wall-clock]
Building STRIPS to SAS dictionary... [0.000s CPU, 0.000s wall-clock]
Building dictionary for full mutex groups... [0.000s CPU, 0.000s wall-clock]
Building mutex information...
Building mutex information: [0.000s CPU, 0.000s wall-clock]
Translating task...
Processing axioms...
Simplifying axioms... [0.000s CPU, 0.000s wall-clock]
Processing axioms: [0.010s CPU, 0.005s wall-clock]
Translating task: [0.130s CPU, 0.133s wall-clock]
4110 effect conditions simplified
0 implied preconditions added
Detecting unreachable propositions...
0 operators removed
0 axioms removed
3 propositions removed
Detecting unreachable propositions: [0.060s CPU, 0.056s wall-clock]
Reordering and filtering variables...
66 of 66 variables necessary.
15 of 48 mutex groups necessary.
2631 of 2631 operators necessary.
0 of 0 axiom rules necessary.
Reordering and filtering variables: [0.020s CPU, 0.023s wall-clock]
Translator variables: 66
Translator derived variables: 0
Translator facts: 198
Translator goal facts: 11
Translator mutex groups: 15
Translator total mutex groups size: 30
Translator operators: 2631
Translator axioms: 0
Translator task size: 17873
Translator peak memory: 154572 KB
Writing output... [0.020s CPU, 0.034s wall-clock]
Done! [0.390s CPU, 0.401s wall-clock]
translate exit code: 0

INFO     Running search (release).
INFO     search stdin: output.sas
INFO     search time limit: 1799.52s
INFO     search memory limit: 3584 MB
INFO     search command line string: /infai/weidan00/downward/experiments/bachelor/data/bachelor-v1/code-7aa5f34_e5e41175/builds/release/bin/downward --search 'eager_wastar([pinch()], w=2)' --internal-plan-file sas_plan < output.sas
[t=5.7596e-05s, 17204 KB] reading input...
[t=0.0175117s, 18120 KB] done reading input!
[t=0.0204455s, 18864 KB] Simplifying 7476 unary operators... done! [6396 unary operators]
[t=0.0255655s, 19392 KB] time to simplify: 0.00536611s
[t=0.0260936s, 19392 KB] Initializing pinch heuristic...
[t=0.0262332s, 19392 KB] Building successor generator...done!
[t=0.027674s, 19392 KB] peak memory difference for successor generator creation: 0 KB
[t=0.0277158s, 19392 KB] time for successor generation creation: 0.00130759s
[t=0.0277763s, 19392 KB] Variables: 66
[t=0.0278164s, 19392 KB] FactPairs: 198
[t=0.027856s, 19392 KB] Bytes per state: 16
[t=0.0279759s, 19392 KB] Conducting best first search with reopening closed nodes, (real) bound = 2147483647
[t=0.0288206s, 19392 KB] New best heuristic value for pinch: 48
[t=0.0288687s, 19392 KB] g=0, 1 evaluated, 0 expanded
[t=0.0289173s, 19392 KB] Initial heuristic value for pinch: 48
[t=0.028958s, 19392 KB] pruning method: none
[t=0.029472s, 19392 KB] New best heuristic value for pinch: 41
[t=0.0295188s, 19392 KB] g=1, 11 evaluated, 1 expanded
[t=0.0410175s, 19392 KB] New best heuristic value for pinch: 33
[t=0.0410684s, 19392 KB] g=1, 117 evaluated, 1 expanded
[t=0.23565s, 19392 KB] New best heuristic value for pinch: 22
[t=0.235749s, 19392 KB] g=2, 2069 evaluated, 2 expanded
[t=0.370874s, 19392 KB] New best heuristic value for pinch: 18
[t=0.370977s, 19392 KB] g=3, 3604 evaluated, 3 expanded
[t=178.039s, 148604 KB] New best heuristic value for pinch: 16
[t=178.039s, 148604 KB] g=6, 2443731 evaluated, 12236 expanded
[t=178.039s, 148604 KB] New best heuristic value for pinch: 15
[t=178.039s, 148604 KB] g=6, 2443732 evaluated, 12236 expanded
[t=221.178s, 178452 KB] New best heuristic value for pinch: 13
[t=221.178s, 178452 KB] g=9, 3192839 evaluated, 16922 expanded
[t=1243.33s, 2087708 KB] New best heuristic value for pinch: 12
[t=1243.33s, 2087708 KB] g=9, 38503232 evaluated, 1130742 expanded
Failed to allocate memory.
Memory limit has been reached.
Peak memory: 3670016 KB
Remove intermediate file output.sas
search exit code: 22

Driver aborting after search
