INFO     Running translator.
INFO     translator stdin: None
INFO     translator time limit: 1799.95s
INFO     translator memory limit: 3584 MB
INFO     translator command line string: /infai/weidan00/downward/experiments/bachelor/.venv/bin/python3 /infai/weidan00/downward/experiments/bachelor/data/bachelor-v1/code-7aa5f34_e5e41175/builds/release/bin/translate/translate.py domain.pddl problem.pddl --sas-file output.sas
Parsing...
Parsing: [0.000s CPU, 0.005s wall-clock]
Normalizing task... [0.000s CPU, 0.000s wall-clock]
Instantiating...
Generating Datalog program... [0.000s CPU, 0.001s wall-clock]
Normalizing Datalog program...
Normalizing Datalog program: [0.000s CPU, 0.002s wall-clock]
Preparing model... [0.010s CPU, 0.002s wall-clock]
Generated 65 rules.
Computing model... [0.000s CPU, 0.006s wall-clock]
594 relevant atoms
124 auxiliary atoms
718 final queue length
1715 total queue pushes
Completing instantiation... [0.020s CPU, 0.025s wall-clock]
Instantiating: [0.030s CPU, 0.036s wall-clock]
Computing fact groups...
Finding invariants...
21 initial candidates
Finding invariants: [0.010s CPU, 0.005s wall-clock]
Checking invariant weight... [0.000s CPU, 0.000s wall-clock]
Instantiating groups... [0.000s CPU, 0.000s wall-clock]
Collecting mutex groups... [0.000s CPU, 0.000s wall-clock]
Choosing groups...
202 uncovered facts
Choosing groups: [0.000s CPU, 0.000s wall-clock]
Building translation key... [0.000s CPU, 0.001s wall-clock]
Computing fact groups: [0.010s CPU, 0.008s wall-clock]
Building STRIPS to SAS dictionary... [0.000s CPU, 0.000s wall-clock]
Building dictionary for full mutex groups... [0.000s CPU, 0.000s wall-clock]
Building mutex information...
Building mutex information: [0.000s CPU, 0.000s wall-clock]
Translating task...
Processing axioms...
Simplifying axioms... [0.000s CPU, 0.000s wall-clock]
Processing axioms: [0.000s CPU, 0.002s wall-clock]
Translating task: [0.040s CPU, 0.038s wall-clock]
1131 effect conditions simplified
0 implied preconditions added
Detecting unreachable propositions...
0 operators removed
0 axioms removed
10 propositions removed
Detecting unreachable propositions: [0.010s CPU, 0.013s wall-clock]
Reordering and filtering variables...
108 of 197 variables necessary.
0 of 0 mutex groups necessary.
265 of 265 operators necessary.
0 of 0 axiom rules necessary.
Reordering and filtering variables: [0.010s CPU, 0.011s wall-clock]
Translator variables: 108
Translator derived variables: 0
Translator facts: 216
Translator goal facts: 11
Translator mutex groups: 0
Translator total mutex groups size: 0
Translator operators: 265
Translator axioms: 0
Translator task size: 2586
Translator peak memory: 145100 KB
Writing output... [0.010s CPU, 0.007s wall-clock]
Done! [0.110s CPU, 0.122s wall-clock]
translate exit code: 0

INFO     Running search (release).
INFO     search stdin: output.sas
INFO     search time limit: 1799.77s
INFO     search memory limit: 3584 MB
INFO     search command line string: /infai/weidan00/downward/experiments/bachelor/data/bachelor-v1/code-7aa5f34_e5e41175/builds/release/bin/downward --search 'eager_wastar([pinch()], w=2)' --internal-plan-file sas_plan < output.sas
[t=6.5467e-05s, 17204 KB] reading input...
[t=0.00285163s, 17344 KB] done reading input!
[t=0.00491022s, 17608 KB] Simplifying 1138 unary operators... done! [909 unary operators]
[t=0.00593567s, 17740 KB] time to simplify: 0.00110727s
[t=0.00615317s, 17740 KB] Initializing pinch heuristic...
[t=0.00628879s, 17740 KB] Building successor generator...done!
[t=0.00657535s, 17740 KB] peak memory difference for successor generator creation: 0 KB
[t=0.00661485s, 17740 KB] time for successor generation creation: 0.000162456s
[t=0.0066646s, 17740 KB] Variables: 108
[t=0.00670493s, 17740 KB] FactPairs: 216
[t=0.00674517s, 17740 KB] Bytes per state: 16
[t=0.00688411s, 17740 KB] Conducting best first search with reopening closed nodes, (real) bound = 2147483647
[t=0.00708366s, 17740 KB] New best heuristic value for pinch: 11
[t=0.00712842s, 17740 KB] g=0, 1 evaluated, 0 expanded
[t=0.00718055s, 17740 KB] Initial heuristic value for pinch: 11
[t=0.007222s, 17740 KB] pruning method: none
[t=0.00867423s, 17740 KB] New best heuristic value for pinch: 10
[t=0.00872662s, 17740 KB] g=1, 62 evaluated, 1 expanded
[t=0.0138835s, 17740 KB] New best heuristic value for pinch: 9
[t=0.0139502s, 17740 KB] g=2, 307 evaluated, 2 expanded
[t=0.0723415s, 17740 KB] New best heuristic value for pinch: 8
[t=0.0724368s, 17740 KB] g=4, 3735 evaluated, 46 expanded
[t=0.0741641s, 17740 KB] New best heuristic value for pinch: 7
[t=0.0742155s, 17740 KB] g=5, 3809 evaluated, 47 expanded
[t=0.143029s, 18004 KB] New best heuristic value for pinch: 6
[t=0.143136s, 18004 KB] g=7, 8513 evaluated, 109 expanded
[t=0.146746s, 18004 KB] New best heuristic value for pinch: 5
[t=0.146814s, 18004 KB] g=8, 8685 evaluated, 110 expanded
[t=0.183302s, 18136 KB] New best heuristic value for pinch: 4
[t=0.18343s, 18136 KB] g=10, 11608 evaluated, 152 expanded
Failed to allocate memory.
Memory limit has been reached.
Peak memory: 2773336 KB
Remove intermediate file output.sas
search exit code: 22

Driver aborting after search
