INFO     Running translator.
INFO     translator stdin: None
INFO     translator time limit: 1799.95s
INFO     translator memory limit: 3584 MB
INFO     translator command line string: /infai/weidan00/downward/experiments/bachelor/.venv/bin/python3 /infai/weidan00/downward/experiments/bachelor/data/bachelor-v1/code-7aa5f34_e5e41175/builds/release/bin/translate/translate.py domain.pddl problem.pddl --sas-file output.sas
Parsing...
Parsing: [0.000s CPU, 0.003s wall-clock]
Normalizing task... [0.000s CPU, 0.000s wall-clock]
Instantiating...
Generating Datalog program... [0.000s CPU, 0.000s wall-clock]
Normalizing Datalog program...
Normalizing Datalog program: [0.000s CPU, 0.002s wall-clock]
Preparing model... [0.000s CPU, 0.001s wall-clock]
Generated 13 rules.
Computing model... [0.010s CPU, 0.002s wall-clock]
153 relevant atoms
76 auxiliary atoms
229 final queue length
334 total queue pushes
Completing instantiation... [0.000s CPU, 0.002s wall-clock]
Instantiating: [0.010s CPU, 0.007s wall-clock]
Computing fact groups...
Finding invariants...
6 initial candidates
Finding invariants: [0.000s CPU, 0.001s wall-clock]
Checking invariant weight... [0.000s CPU, 0.000s wall-clock]
Instantiating groups... [0.000s CPU, 0.000s wall-clock]
Collecting mutex groups... [0.000s CPU, 0.000s wall-clock]
Choosing groups...
8 uncovered facts
Choosing groups: [0.000s CPU, 0.000s wall-clock]
Building translation key... [0.000s CPU, 0.000s wall-clock]
Computing fact groups: [0.000s CPU, 0.002s wall-clock]
Building STRIPS to SAS dictionary... [0.000s CPU, 0.000s wall-clock]
Building dictionary for full mutex groups... [0.000s CPU, 0.000s wall-clock]
Building mutex information...
Building mutex information: [0.000s CPU, 0.000s wall-clock]
Translating task...
Processing axioms...
Simplifying axioms... [0.000s CPU, 0.000s wall-clock]
Processing axioms: [0.000s CPU, 0.000s wall-clock]
Translating task: [0.000s CPU, 0.002s wall-clock]
4 effect conditions simplified
0 implied preconditions added
Detecting unreachable propositions...
0 operators removed
0 axioms removed
1 propositions removed
Detecting unreachable propositions: [0.000s CPU, 0.001s wall-clock]
Reordering and filtering variables...
9 of 9 variables necessary.
0 of 1 mutex groups necessary.
62 of 62 operators necessary.
0 of 0 axiom rules necessary.
Reordering and filtering variables: [0.000s CPU, 0.001s wall-clock]
Translator variables: 9
Translator derived variables: 0
Translator facts: 24
Translator goal facts: 4
Translator mutex groups: 0
Translator total mutex groups size: 0
Translator operators: 62
Translator axioms: 0
Translator task size: 237
Translator peak memory: 142540 KB
Writing output... [0.000s CPU, 0.003s wall-clock]
Done! [0.010s CPU, 0.019s wall-clock]
translate exit code: 0

INFO     Running search (release).
INFO     search stdin: output.sas
INFO     search time limit: 1799.87s
INFO     search memory limit: 3584 MB
INFO     search command line string: /infai/weidan00/downward/experiments/bachelor/data/bachelor-v1/code-7aa5f34_e5e41175/builds/release/bin/downward --search 'eager_wastar([add()], w=2)' --internal-plan-file sas_plan < output.sas
[t=6.8674e-05s, 17204 KB] reading input...
[t=0.000576375s, 17212 KB] done reading input!
[t=0.00249605s, 17476 KB] Simplifying 68 unary operators... done! [68 unary operators]
[t=0.00261826s, 17476 KB] time to simplify: 0.000173063s
[t=0.00268232s, 17476 KB] Initializing additive heuristic...
[t=0.00280691s, 17476 KB] Building successor generator...done!
[t=0.0029652s, 17476 KB] peak memory difference for successor generator creation: 0 KB
[t=0.00300412s, 17476 KB] time for successor generation creation: 3.2207e-05s
[t=0.00305294s, 17476 KB] Variables: 9
[t=0.0030945s, 17476 KB] FactPairs: 24
[t=0.00313628s, 17476 KB] Bytes per state: 4
[t=0.00326078s, 17476 KB] Conducting best first search with reopening closed nodes, (real) bound = 2147483647
[t=0.00336408s, 17476 KB] New best heuristic value for add: 14
[t=0.00340826s, 17476 KB] g=0, 1 evaluated, 0 expanded
[t=0.00346118s, 17476 KB] Initial heuristic value for add: 14
[t=0.00350307s, 17476 KB] pruning method: none
[t=0.0035621s, 17476 KB] New best heuristic value for add: 12
[t=0.00360524s, 17476 KB] g=1, 2 evaluated, 1 expanded
[t=0.00368387s, 17476 KB] New best heuristic value for add: 11
[t=0.00372679s, 17476 KB] g=2, 10 evaluated, 2 expanded
[t=0.00378879s, 17476 KB] New best heuristic value for add: 10
[t=0.00383106s, 17476 KB] g=2, 16 evaluated, 2 expanded
[t=0.00389215s, 17476 KB] New best heuristic value for add: 8
[t=0.00393464s, 17476 KB] g=3, 17 evaluated, 3 expanded
[t=0.0039852s, 17476 KB] New best heuristic value for add: 7
[t=0.00402742s, 17476 KB] g=4, 19 evaluated, 4 expanded
[t=0.00408978s, 17476 KB] New best heuristic value for add: 6
[t=0.004133s, 17476 KB] g=5, 25 evaluated, 5 expanded
[t=0.00418912s, 17476 KB] New best heuristic value for add: 5
[t=0.00423144s, 17476 KB] g=6, 29 evaluated, 6 expanded
[t=0.00429087s, 17476 KB] New best heuristic value for add: 4
[t=0.00433343s, 17476 KB] g=7, 33 evaluated, 7 expanded
[t=0.00439067s, 17476 KB] New best heuristic value for add: 3
[t=0.00443225s, 17476 KB] g=8, 38 evaluated, 8 expanded
[t=0.00448502s, 17476 KB] New best heuristic value for add: 2
[t=0.00452694s, 17476 KB] g=9, 41 evaluated, 9 expanded
[t=0.00458341s, 17476 KB] New best heuristic value for add: 1
[t=0.00462577s, 17476 KB] g=10, 47 evaluated, 10 expanded
[t=0.00467613s, 17476 KB] New best heuristic value for add: 0
[t=0.00471998s, 17476 KB] g=11, 49 evaluated, 11 expanded
[t=0.00476474s, 17476 KB] Solution found!
[t=0.00480868s, 17476 KB] Actual search time: 0.00130351s
stop f0 (1)
up f0 f7 (1)
stop f7 (1)
down f7 f1 (1)
stop f1 (1)
up f1 f4 (1)
stop f4 (1)
up f4 f5 (1)
stop f5 (1)
up f5 f6 (1)
stop f6 (1)
[t=0.00485545s, 17476 KB] Plan length: 11 step(s).
[t=0.00485545s, 17476 KB] Plan cost: 11
[t=0.00485545s, 17476 KB] Expanded 12 state(s).
[t=0.00485545s, 17476 KB] Reopened 0 state(s).
[t=0.00485545s, 17476 KB] Evaluated 49 state(s).
[t=0.00485545s, 17476 KB] Evaluations: 49
[t=0.00485545s, 17476 KB] Generated 88 state(s).
[t=0.00485545s, 17476 KB] Dead ends: 0 state(s).
[t=0.00485545s, 17476 KB] Number of registered states: 49
[t=0.00485545s, 17476 KB] Int hash set load factor: 49/64 = 0.765625
[t=0.00485545s, 17476 KB] Int hash set resizes: 6
[t=0.00485545s, 17476 KB] mean number of q cost that have been adjusted 0 times in relation to total number of q: -1
[t=0.00485545s, 17476 KB] mean number of q cost that have been adjusted 1 times in relation to total number of q: -1
[t=0.00485545s, 17476 KB] mean number of q cost that have been adjusted 2 times in relation to total number of q: -1
[t=0.00485545s, 17476 KB] mean number of q that are at some point overconsitent in relation to total number of q: -1
[t=0.00485545s, 17476 KB] mean number of q that are at first underconsisten in relation to total number of q: -1
[t=0.00485545s, 17476 KB] mean number of state variables that are not in common between two following states in relation to total number of state variables: -1
[t=0.00485545s, 17476 KB] variance number of state variables that are not in common between two following states in relation to total number of state variables: -1
[t=0.00485545s, 17476 KB] Search time: 0.00159535s
[t=0.00485545s, 17476 KB] Total time: 0.00485545s
Solution found.
Peak memory: 17476 KB
Remove intermediate file output.sas
search exit code: 0

INFO     Running validate.
INFO     validate stdin: None
INFO     validate time limit: None
INFO     validate memory limit: None
INFO     validate command line string: validate domain.pddl problem.pddl sas_plan
