INFO     Running translator.
INFO     translator stdin: None
INFO     translator time limit: 1799.96s
INFO     translator memory limit: 3584 MB
INFO     translator command line string: /infai/weidan00/downward/experiments/bachelor/.venv/bin/python3 /infai/weidan00/downward/experiments/bachelor/data/bachelor-v1/code-7aa5f34_e5e41175/builds/release/bin/translate/translate.py domain.pddl problem.pddl --sas-file output.sas
Parsing...
Parsing: [0.010s CPU, 0.009s wall-clock]
Normalizing task... [0.000s CPU, 0.001s wall-clock]
Instantiating...
Generating Datalog program... [0.000s CPU, 0.001s wall-clock]
Normalizing Datalog program...
Normalizing Datalog program: [0.000s CPU, 0.002s wall-clock]
Preparing model... [0.000s CPU, 0.002s wall-clock]
Generated 117 rules.
Computing model... [0.000s CPU, 0.001s wall-clock]
95 relevant atoms
0 auxiliary atoms
95 final queue length
136 total queue pushes
Completing instantiation... [0.010s CPU, 0.001s wall-clock]
Instantiating: [0.010s CPU, 0.007s wall-clock]
Computing fact groups...
Finding invariants...
43 initial candidates
Finding invariants: [0.020s CPU, 0.021s wall-clock]
Checking invariant weight... [0.000s CPU, 0.000s wall-clock]
Instantiating groups... [0.000s CPU, 0.000s wall-clock]
Collecting mutex groups... [0.000s CPU, 0.000s wall-clock]
Choosing groups...
7 uncovered facts
Choosing groups: [0.000s CPU, 0.000s wall-clock]
Building translation key... [0.000s CPU, 0.000s wall-clock]
Computing fact groups: [0.020s CPU, 0.023s wall-clock]
Building STRIPS to SAS dictionary... [0.000s CPU, 0.000s wall-clock]
Building dictionary for full mutex groups... [0.000s CPU, 0.000s wall-clock]
Building mutex information...
Building mutex information: [0.000s CPU, 0.000s wall-clock]
Translating task...
Processing axioms...
Simplifying axioms... [0.000s CPU, 0.000s wall-clock]
Processing axioms: [0.000s CPU, 0.000s wall-clock]
Translating task: [0.000s CPU, 0.002s wall-clock]
17 effect conditions simplified
0 implied preconditions added
Detecting unreachable propositions...
0 operators removed
0 axioms removed
16 propositions removed
Detecting unreachable propositions: [0.000s CPU, 0.002s wall-clock]
Reordering and filtering variables...
14 of 23 variables necessary.
0 of 16 mutex groups necessary.
33 of 51 operators necessary.
0 of 0 axiom rules necessary.
Reordering and filtering variables: [0.000s CPU, 0.001s wall-clock]
Translator variables: 14
Translator derived variables: 0
Translator facts: 32
Translator goal facts: 7
Translator mutex groups: 0
Translator total mutex groups size: 0
Translator operators: 33
Translator axioms: 0
Translator task size: 255
Translator peak memory: 142796 KB
Writing output... [0.000s CPU, 0.003s wall-clock]
Done! [0.040s CPU, 0.049s wall-clock]
translate exit code: 0

INFO     Running search (release).
INFO     search stdin: output.sas
INFO     search time limit: 1799.85s
INFO     search memory limit: 3584 MB
INFO     search command line string: /infai/weidan00/downward/experiments/bachelor/data/bachelor-v1/code-7aa5f34_e5e41175/builds/release/bin/downward --search 'eager_wastar([pinch()], w=2)' --internal-plan-file sas_plan < output.sas
[t=6.098e-05s, 17204 KB] reading input...
[t=0.000540534s, 17212 KB] done reading input!
[t=0.00232695s, 17476 KB] Simplifying 64 unary operators... done! [64 unary operators]
[t=0.00251669s, 17476 KB] time to simplify: 0.000242557s
[t=0.0025914s, 17476 KB] Initializing pinch heuristic...
[t=0.00270468s, 17476 KB] Building successor generator...done!
[t=0.00288146s, 17476 KB] peak memory difference for successor generator creation: 0 KB
[t=0.00291998s, 17476 KB] time for successor generation creation: 4.738e-05s
[t=0.00296659s, 17476 KB] Variables: 14
[t=0.00300668s, 17476 KB] FactPairs: 32
[t=0.00304588s, 17476 KB] Bytes per state: 4
[t=0.00316253s, 17476 KB] Conducting best first search with reopening closed nodes, (real) bound = 2147483647
[t=0.00330322s, 17476 KB] New best heuristic value for pinch: 3
[t=0.00334645s, 17476 KB] g=0, 1 evaluated, 0 expanded
[t=0.00339676s, 17476 KB] Initial heuristic value for pinch: 3
[t=0.00343773s, 17476 KB] pruning method: none
[t=0.00349932s, 17476 KB] New best heuristic value for pinch: 2
[t=0.00354079s, 17476 KB] g=1, 2 evaluated, 1 expanded
[t=0.00411977s, 17476 KB] New best heuristic value for pinch: 1
[t=0.00416647s, 17476 KB] g=12, 68 evaluated, 37 expanded, 1 reopened
[t=0.00439986s, 17476 KB] New best heuristic value for pinch: 0
[t=0.00444471s, 17476 KB] g=17, 92 evaluated, 47 expanded, 1 reopened
[t=0.00448814s, 17476 KB] Solution found!
[t=0.00453131s, 17476 KB] Actual search time: 0.00108996s
wait_cb2  (1)
wait_cb1  (1)
wait_cb1-condeff0-yes  (1)
wait_cb1-endof-condeffs  (1)
wait_cb3  (1)
wait_cb3-condeff0-yes  (1)
wait_cb3-endof-condeffs  (1)
open-sd1  (1)
close_cb1  (1)
wait_cb1  (1)
wait_cb1-condeff0-no-0  (1)
wait_cb1-endof-condeffs  (1)
open-sd11  (1)
close_cb3  (1)
wait_cb3  (1)
wait_cb3-condeff0-no-0  (1)
wait_cb3-endof-condeffs  (1)
[t=0.00457458s, 17476 KB] Plan length: 17 step(s).
[t=0.00457458s, 17476 KB] Plan cost: 17
[t=0.00457458s, 17476 KB] Expanded 48 state(s).
[t=0.00457458s, 17476 KB] Reopened 1 state(s).
[t=0.00457458s, 17476 KB] Evaluated 92 state(s).
[t=0.00457458s, 17476 KB] Evaluations: 92
[t=0.00457458s, 17476 KB] Generated 116 state(s).
[t=0.00457458s, 17476 KB] Dead ends: 0 state(s).
[t=0.00457458s, 17476 KB] Number of registered states: 92
[t=0.00457458s, 17476 KB] Int hash set load factor: 92/128 = 0.71875
[t=0.00457458s, 17476 KB] Int hash set resizes: 7
[t=0.00457458s, 17476 KB] mean number of q cost that have been adjusted 0 times in relation to total number of q: -1
[t=0.00457458s, 17476 KB] mean number of q cost that have been adjusted 1 times in relation to total number of q: -1
[t=0.00457458s, 17476 KB] mean number of q cost that have been adjusted 2 times in relation to total number of q: -1
[t=0.00457458s, 17476 KB] mean number of q that are at some point overconsitent in relation to total number of q: -1
[t=0.00457458s, 17476 KB] mean number of q that are at first underconsisten in relation to total number of q: -1
[t=0.00457458s, 17476 KB] mean number of state variables that are not in common between two following states in relation to total number of state variables: -1
[t=0.00457458s, 17476 KB] variance number of state variables that are not in common between two following states in relation to total number of state variables: -1
[t=0.00457458s, 17476 KB] Search time: 0.00141268s
[t=0.00457458s, 17476 KB] Total time: 0.00457458s
Solution found.
Peak memory: 17476 KB
Remove intermediate file output.sas
search exit code: 0

INFO     Running validate.
INFO     validate stdin: None
INFO     validate time limit: None
INFO     validate memory limit: None
INFO     validate command line string: validate domain.pddl problem.pddl sas_plan
