INFO     Running translator.
INFO     translator stdin: None
INFO     translator time limit: 1799.94s
INFO     translator memory limit: 3584 MB
INFO     translator command line string: /infai/weidan00/downward/experiments/bachelor/.venv/bin/python3 /infai/weidan00/downward/experiments/bachelor/data/bachelor-v1/code-7aa5f34_e5e41175/builds/release/bin/translate/translate.py domain.pddl problem.pddl --sas-file output.sas
Parsing...
Parsing: [0.030s CPU, 0.018s wall-clock]
Normalizing task... [0.000s CPU, 0.001s wall-clock]
Instantiating...
Generating Datalog program... [0.000s CPU, 0.006s wall-clock]
Normalizing Datalog program...
Normalizing Datalog program: [0.000s CPU, 0.002s wall-clock]
Preparing model... [0.030s CPU, 0.025s wall-clock]
Generated 13 rules.
Computing model... [0.100s CPU, 0.106s wall-clock]
4421 relevant atoms
2782 auxiliary atoms
7203 final queue length
12456 total queue pushes
Completing instantiation... [0.150s CPU, 0.147s wall-clock]
Instantiating: [0.280s CPU, 0.290s wall-clock]
Computing fact groups...
Finding invariants...
6 initial candidates
Finding invariants: [0.000s CPU, 0.002s wall-clock]
Checking invariant weight... [0.000s CPU, 0.001s wall-clock]
Instantiating groups... [0.000s CPU, 0.000s wall-clock]
Collecting mutex groups... [0.000s CPU, 0.000s wall-clock]
Choosing groups...
52 uncovered facts
Choosing groups: [0.000s CPU, 0.000s wall-clock]
Building translation key... [0.000s CPU, 0.001s wall-clock]
Computing fact groups: [0.000s CPU, 0.006s wall-clock]
Building STRIPS to SAS dictionary... [0.000s CPU, 0.000s wall-clock]
Building dictionary for full mutex groups... [0.000s CPU, 0.000s wall-clock]
Building mutex information...
Building mutex information: [0.000s CPU, 0.000s wall-clock]
Translating task...
Processing axioms...
Simplifying axioms... [0.000s CPU, 0.000s wall-clock]
Processing axioms: [0.010s CPU, 0.006s wall-clock]
Translating task: [0.120s CPU, 0.120s wall-clock]
26 effect conditions simplified
0 implied preconditions added
Detecting unreachable propositions...
0 operators removed
0 axioms removed
1 propositions removed
Detecting unreachable propositions: [0.070s CPU, 0.061s wall-clock]
Reordering and filtering variables...
53 of 53 variables necessary.
0 of 1 mutex groups necessary.
2688 of 2688 operators necessary.
0 of 0 axiom rules necessary.
Reordering and filtering variables: [0.020s CPU, 0.015s wall-clock]
Translator variables: 53
Translator derived variables: 0
Translator facts: 156
Translator goal facts: 26
Translator mutex groups: 0
Translator total mutex groups size: 0
Translator operators: 2688
Translator axioms: 0
Translator task size: 8393
Translator peak memory: 150476 KB
Writing output... [0.040s CPU, 0.038s wall-clock]
Done! [0.560s CPU, 0.556s wall-clock]
translate exit code: 0

INFO     Running search (release).
INFO     search stdin: output.sas
INFO     search time limit: 1799.3s
INFO     search memory limit: 3584 MB
INFO     search command line string: /infai/weidan00/downward/experiments/bachelor/data/bachelor-v1/code-7aa5f34_e5e41175/builds/release/bin/downward --search 'eager_wastar([add()], w=2)' --internal-plan-file sas_plan < output.sas
[t=7.481e-05s, 17204 KB] reading input...
[t=0.0189729s, 17732 KB] done reading input!
[t=0.0225567s, 18128 KB] Simplifying 2730 unary operators... done! [2730 unary operators]
[t=0.0245436s, 18392 KB] time to simplify: 0.00217249s
[t=0.0248809s, 18392 KB] Initializing additive heuristic...
[t=0.0250766s, 18392 KB] Building successor generator...done!
[t=0.0261544s, 18428 KB] peak memory difference for successor generator creation: 36 KB
[t=0.0262222s, 18428 KB] time for successor generation creation: 0.000886149s
[t=0.0263166s, 18428 KB] Variables: 53
[t=0.0263759s, 18428 KB] FactPairs: 156
[t=0.0264339s, 18428 KB] Bytes per state: 8
[t=0.0266283s, 18428 KB] Conducting best first search with reopening closed nodes, (real) bound = 2147483647
[t=0.0267995s, 18428 KB] New best heuristic value for add: 104
[t=0.0268646s, 18428 KB] g=0, 1 evaluated, 0 expanded
[t=0.0269372s, 18428 KB] Initial heuristic value for add: 104
[t=0.0269976s, 18428 KB] pruning method: none
[t=0.0271179s, 18428 KB] New best heuristic value for add: 103
[t=0.0271804s, 18428 KB] g=1, 2 evaluated, 1 expanded
[t=0.0272812s, 18428 KB] New best heuristic value for add: 101
[t=0.0273366s, 18428 KB] g=1, 3 evaluated, 1 expanded
[t=0.0278883s, 18428 KB] New best heuristic value for add: 100
[t=0.0279552s, 18428 KB] g=1, 17 evaluated, 1 expanded
[t=0.0292825s, 18428 KB] New best heuristic value for add: 98
[t=0.0293572s, 18428 KB] g=2, 53 evaluated, 2 expanded
[t=0.0295393s, 18428 KB] New best heuristic value for add: 97
[t=0.0296039s, 18428 KB] g=3, 56 evaluated, 3 expanded
[t=0.0313708s, 18428 KB] New best heuristic value for add: 96
[t=0.031452s, 18428 KB] g=4, 105 evaluated, 4 expanded
[t=0.0326541s, 18428 KB] New best heuristic value for add: 95
[t=0.0327278s, 18428 KB] g=5, 137 evaluated, 5 expanded
[t=0.0334932s, 18428 KB] New best heuristic value for add: 93
[t=0.0335622s, 18428 KB] g=6, 157 evaluated, 6 expanded
[t=0.0337355s, 18428 KB] New best heuristic value for add: 92
[t=0.0338045s, 18428 KB] g=7, 160 evaluated, 7 expanded
[t=0.0353806s, 18428 KB] New best heuristic value for add: 91
[t=0.0354554s, 18428 KB] g=7, 204 evaluated, 7 expanded
[t=0.035717s, 18428 KB] New best heuristic value for add: 88
[t=0.0357807s, 18428 KB] g=8, 209 evaluated, 8 expanded
[t=0.0359194s, 18428 KB] New best heuristic value for add: 87
[t=0.0359822s, 18428 KB] g=9, 211 evaluated, 9 expanded
[t=0.0360812s, 18428 KB] New best heuristic value for add: 86
[t=0.0361432s, 18428 KB] g=9, 212 evaluated, 9 expanded
[t=0.037944s, 18428 KB] New best heuristic value for add: 85
[t=0.0380189s, 18428 KB] g=10, 261 evaluated, 11 expanded
[t=0.0382031s, 18428 KB] New best heuristic value for add: 84
[t=0.0382674s, 18428 KB] g=11, 264 evaluated, 12 expanded
[t=0.0400446s, 18428 KB] New best heuristic value for add: 83
[t=0.0401177s, 18428 KB] g=12, 313 evaluated, 15 expanded
[t=0.040298s, 18428 KB] New best heuristic value for add: 82
[t=0.0403607s, 18428 KB] g=13, 316 evaluated, 16 expanded
[t=0.042119s, 18428 KB] New best heuristic value for add: 80
[t=0.0421962s, 18428 KB] g=14, 365 evaluated, 19 expanded
[t=0.0423429s, 18428 KB] New best heuristic value for add: 79
[t=0.0424135s, 18428 KB] g=15, 367 evaluated, 20 expanded
[t=0.0425132s, 18428 KB] New best heuristic value for add: 78
[t=0.042574s, 18428 KB] g=15, 368 evaluated, 20 expanded
[t=0.0442902s, 18428 KB] New best heuristic value for add: 77
[t=0.0443724s, 18428 KB] g=16, 417 evaluated, 21 expanded
[t=0.0452201s, 18428 KB] New best heuristic value for add: 76
[t=0.0452979s, 18428 KB] g=17, 440 evaluated, 22 expanded
[t=0.0463619s, 18428 KB] New best heuristic value for add: 74
[t=0.046435s, 18428 KB] g=18, 469 evaluated, 24 expanded
[t=0.0465789s, 18428 KB] New best heuristic value for add: 73
[t=0.0466428s, 18428 KB] g=19, 471 evaluated, 25 expanded
[t=0.0472124s, 18428 KB] New best heuristic value for add: 72
[t=0.0472807s, 18428 KB] g=19, 486 evaluated, 25 expanded
[t=0.0486193s, 18428 KB] New best heuristic value for add: 71
[t=0.0486961s, 18428 KB] g=20, 521 evaluated, 27 expanded
[t=0.0493461s, 18428 KB] New best heuristic value for add: 70
[t=0.0494143s, 18428 KB] g=21, 538 evaluated, 28 expanded
[t=0.050679s, 18428 KB] New best heuristic value for add: 68
[t=0.0507506s, 18428 KB] g=22, 573 evaluated, 30 expanded
[t=0.0508876s, 18428 KB] New best heuristic value for add: 67
[t=0.0509463s, 18428 KB] g=23, 575 evaluated, 31 expanded
[t=0.051512s, 18428 KB] New best heuristic value for add: 66
[t=0.051579s, 18428 KB] g=23, 590 evaluated, 31 expanded
[t=0.0528191s, 18428 KB] New best heuristic value for add: 65
[t=0.052892s, 18428 KB] g=24, 625 evaluated, 33 expanded
[t=0.0535223s, 18428 KB] New best heuristic value for add: 64
[t=0.0535919s, 18428 KB] g=25, 642 evaluated, 34 expanded
[t=0.0549117s, 18428 KB] New best heuristic value for add: 63
[t=0.0549849s, 18428 KB] g=27, 679 evaluated, 37 expanded
[t=0.0555093s, 18428 KB] New best heuristic value for add: 62
[t=0.0555741s, 18428 KB] g=27, 693 evaluated, 37 expanded
[t=0.0569784s, 18428 KB] New best heuristic value for add: 61
[t=0.0570518s, 18428 KB] g=29, 733 evaluated, 40 expanded
[t=0.0577424s, 18428 KB] New best heuristic value for add: 60
[t=0.0578119s, 18428 KB] g=29, 752 evaluated, 40 expanded
[t=0.0589902s, 18428 KB] New best heuristic value for add: 59
[t=0.0590603s, 18428 KB] g=31, 785 evaluated, 44 expanded
[t=0.0595712s, 18428 KB] New best heuristic value for add: 58
[t=0.0596402s, 18428 KB] g=31, 799 evaluated, 44 expanded
[t=0.0610004s, 18428 KB] New best heuristic value for add: 57
[t=0.061075s, 18428 KB] g=33, 838 evaluated, 48 expanded
[t=0.061719s, 18428 KB] New best heuristic value for add: 56
[t=0.0617886s, 18428 KB] g=33, 856 evaluated, 48 expanded
[t=0.0629494s, 18428 KB] New best heuristic value for add: 55
[t=0.0630198s, 18428 KB] g=35, 889 evaluated, 52 expanded
[t=0.0635903s, 18428 KB] New best heuristic value for add: 54
[t=0.0636586s, 18428 KB] g=35, 905 evaluated, 52 expanded
[t=0.0649665s, 18428 KB] New best heuristic value for add: 53
[t=0.0650395s, 18428 KB] g=37, 943 evaluated, 56 expanded
[t=0.065644s, 18428 KB] New best heuristic value for add: 52
[t=0.0657119s, 18428 KB] g=37, 960 evaluated, 56 expanded
[t=0.066859s, 18428 KB] New best heuristic value for add: 51
[t=0.0669306s, 18428 KB] g=39, 993 evaluated, 60 expanded
[t=0.0675632s, 18428 KB] New best heuristic value for add: 50
[t=0.0676298s, 18428 KB] g=39, 1011 evaluated, 60 expanded
[t=0.0690417s, 18428 KB] New best heuristic value for add: 49
[t=0.0691149s, 18428 KB] g=41, 1048 evaluated, 64 expanded
[t=0.0696796s, 18428 KB] New best heuristic value for add: 48
[t=0.0697427s, 18428 KB] g=41, 1064 evaluated, 64 expanded
[t=0.0709932s, 18428 KB] New best heuristic value for add: 47
[t=0.0710616s, 18428 KB] g=43, 1101 evaluated, 68 expanded
[t=0.0715811s, 18428 KB] New best heuristic value for add: 46
[t=0.0716442s, 18428 KB] g=43, 1116 evaluated, 68 expanded
[t=0.0728983s, 18428 KB] New best heuristic value for add: 45
[t=0.0729696s, 18428 KB] g=45, 1153 evaluated, 73 expanded
[t=0.0734967s, 18428 KB] New best heuristic value for add: 44
[t=0.0735628s, 18428 KB] g=45, 1168 evaluated, 73 expanded
[t=0.0748146s, 18428 KB] New best heuristic value for add: 43
[t=0.0748893s, 18428 KB] g=47, 1205 evaluated, 78 expanded
[t=0.0754124s, 18428 KB] New best heuristic value for add: 42
[t=0.075478s, 18428 KB] g=47, 1220 evaluated, 78 expanded
[t=0.0767197s, 18428 KB] New best heuristic value for add: 41
[t=0.0767928s, 18428 KB] g=49, 1257 evaluated, 83 expanded
[t=0.0771387s, 18428 KB] New best heuristic value for add: 40
[t=0.0772037s, 18428 KB] g=49, 1266 evaluated, 83 expanded
[t=0.0786336s, 18428 KB] New best heuristic value for add: 39
[t=0.0787035s, 18428 KB] g=51, 1309 evaluated, 89 expanded
[t=0.0790432s, 18428 KB] New best heuristic value for add: 38
[t=0.0791073s, 18428 KB] g=51, 1318 evaluated, 89 expanded
[t=0.0805213s, 18428 KB] New best heuristic value for add: 37
[t=0.080595s, 18428 KB] g=53, 1361 evaluated, 95 expanded
[t=0.0809328s, 18428 KB] New best heuristic value for add: 36
[t=0.080998s, 18428 KB] g=53, 1370 evaluated, 95 expanded
[t=0.0823986s, 18428 KB] New best heuristic value for add: 35
[t=0.0824715s, 18428 KB] g=55, 1413 evaluated, 101 expanded
[t=0.0828065s, 18428 KB] New best heuristic value for add: 34
[t=0.0828706s, 18428 KB] g=55, 1422 evaluated, 101 expanded
[t=0.0842647s, 18428 KB] New best heuristic value for add: 33
[t=0.0843353s, 18428 KB] g=57, 1465 evaluated, 107 expanded
[t=0.0846579s, 18428 KB] New best heuristic value for add: 32
[t=0.0847303s, 18428 KB] g=57, 1474 evaluated, 107 expanded
[t=0.0861133s, 18428 KB] New best heuristic value for add: 31
[t=0.0861808s, 18428 KB] g=59, 1517 evaluated, 113 expanded
[t=0.0865034s, 18428 KB] New best heuristic value for add: 30
[t=0.0865658s, 18428 KB] g=59, 1526 evaluated, 113 expanded
[t=0.0879437s, 18428 KB] New best heuristic value for add: 29
[t=0.0880142s, 18428 KB] g=61, 1570 evaluated, 118 expanded
[t=0.0883044s, 18428 KB] New best heuristic value for add: 28
[t=0.0883675s, 18428 KB] g=61, 1578 evaluated, 118 expanded
[t=0.089716s, 18428 KB] New best heuristic value for add: 27
[t=0.0897834s, 18428 KB] g=63, 1621 evaluated, 123 expanded
[t=0.0901009s, 18428 KB] New best heuristic value for add: 26
[t=0.0901641s, 18428 KB] g=63, 1630 evaluated, 123 expanded
[t=0.0915064s, 18428 KB] New best heuristic value for add: 25
[t=0.0915799s, 18428 KB] g=65, 1673 evaluated, 128 expanded
[t=0.0918989s, 18428 KB] New best heuristic value for add: 24
[t=0.0919618s, 18428 KB] g=65, 1682 evaluated, 128 expanded
[t=0.0932769s, 18428 KB] New best heuristic value for add: 23
[t=0.0933479s, 18428 KB] g=67, 1725 evaluated, 132 expanded
[t=0.093669s, 18428 KB] New best heuristic value for add: 22
[t=0.0937327s, 18428 KB] g=67, 1734 evaluated, 132 expanded
[t=0.0950348s, 18428 KB] New best heuristic value for add: 21
[t=0.0951058s, 18428 KB] g=69, 1777 evaluated, 136 expanded
[t=0.0954248s, 18428 KB] New best heuristic value for add: 20
[t=0.0954881s, 18428 KB] g=69, 1786 evaluated, 136 expanded
[t=0.0965272s, 18428 KB] New best heuristic value for add: 19
[t=0.0965975s, 18428 KB] g=70, 1821 evaluated, 137 expanded
[t=0.0981294s, 18428 KB] New best heuristic value for add: 18
[t=0.0981994s, 18428 KB] g=72, 1873 evaluated, 140 expanded
[t=0.0984895s, 18428 KB] New best heuristic value for add: 17
[t=0.0985523s, 18428 KB] g=73, 1881 evaluated, 141 expanded
[t=0.0998416s, 18428 KB] New best heuristic value for add: 16
[t=0.0999103s, 18428 KB] g=74, 1925 evaluated, 143 expanded
[t=0.100208s, 18428 KB] New best heuristic value for add: 15
[t=0.10027s, 18428 KB] g=75, 1933 evaluated, 144 expanded
[t=0.101568s, 18428 KB] New best heuristic value for add: 14
[t=0.101636s, 18428 KB] g=76, 1977 evaluated, 147 expanded
[t=0.10192s, 18428 KB] New best heuristic value for add: 13
[t=0.101985s, 18428 KB] g=77, 1985 evaluated, 148 expanded
[t=0.10355s, 18428 KB] New best heuristic value for add: 12
[t=0.103625s, 18428 KB] g=78, 2029 evaluated, 151 expanded
[t=0.103907s, 18428 KB] New best heuristic value for add: 11
[t=0.103978s, 18428 KB] g=79, 2037 evaluated, 152 expanded
[t=0.105264s, 18428 KB] New best heuristic value for add: 10
[t=0.105335s, 18428 KB] g=80, 2081 evaluated, 155 expanded
[t=0.105614s, 18428 KB] New best heuristic value for add: 9
[t=0.105676s, 18428 KB] g=81, 2089 evaluated, 156 expanded
[t=0.106933s, 18428 KB] New best heuristic value for add: 8
[t=0.107002s, 18428 KB] g=82, 2133 evaluated, 159 expanded
[t=0.107278s, 18428 KB] New best heuristic value for add: 7
[t=0.10734s, 18428 KB] g=83, 2141 evaluated, 160 expanded
[t=0.108548s, 18428 KB] New best heuristic value for add: 6
[t=0.108615s, 18428 KB] g=84, 2185 evaluated, 161 expanded
[t=0.109822s, 18428 KB] New best heuristic value for add: 5
[t=0.109895s, 18428 KB] g=85, 2229 evaluated, 162 expanded
[t=0.110195s, 18428 KB] New best heuristic value for add: 4
[t=0.110257s, 18428 KB] g=86, 2237 evaluated, 164 expanded
[t=0.111335s, 18428 KB] New best heuristic value for add: 3
[t=0.1114s, 18428 KB] g=87, 2277 evaluated, 165 expanded
[t=0.111788s, 18428 KB] New best heuristic value for add: 2
[t=0.111852s, 18428 KB] g=88, 2289 evaluated, 166 expanded
[t=0.113178s, 18428 KB] New best heuristic value for add: 1
[t=0.113252s, 18428 KB] g=89, 2340 evaluated, 167 expanded
[t=0.113358s, 18428 KB] New best heuristic value for add: 0
[t=0.11343s, 18428 KB] g=90, 2341 evaluated, 168 expanded
[t=0.113509s, 18428 KB] Solution found!
[t=0.113594s, 18428 KB] Actual search time: 0.0865939s
up f0 f23 (1)
stop f23 (1)
down f23 f10 (1)
stop f10 (1)
up f10 f32 (1)
stop f32 (1)
up f32 f47 (1)
stop f47 (1)
down f47 f15 (1)
stop f15 (1)
up f15 f27 (1)
stop f27 (1)
up f27 f28 (1)
stop f28 (1)
down f28 f10 (1)
stop f10 (1)
up f10 f33 (1)
stop f33 (1)
up f33 f37 (1)
stop f37 (1)
up f37 f40 (1)
stop f40 (1)
up f40 f46 (1)
stop f46 (1)
down f46 f1 (1)
stop f1 (1)
up f1 f10 (1)
stop f10 (1)
down f10 f4 (1)
stop f4 (1)
up f4 f11 (1)
stop f11 (1)
down f11 f6 (1)
stop f6 (1)
up f6 f12 (1)
stop f12 (1)
down f12 f8 (1)
stop f8 (1)
up f8 f13 (1)
stop f13 (1)
up f13 f14 (1)
stop f14 (1)
up f14 f18 (1)
stop f18 (1)
up f18 f21 (1)
stop f21 (1)
up f21 f24 (1)
stop f24 (1)
up f24 f27 (1)
stop f27 (1)
up f27 f29 (1)
stop f29 (1)
up f29 f30 (1)
stop f30 (1)
up f30 f32 (1)
stop f32 (1)
up f32 f34 (1)
stop f34 (1)
down f34 f3 (1)
stop f3 (1)
up f3 f37 (1)
stop f37 (1)
up f37 f39 (1)
stop f39 (1)
down f39 f26 (1)
stop f26 (1)
up f26 f42 (1)
stop f42 (1)
down f42 f23 (1)
stop f23 (1)
up f23 f43 (1)
stop f43 (1)
down f43 f23 (1)
stop f23 (1)
up f23 f45 (1)
stop f45 (1)
up f45 f46 (1)
stop f46 (1)
up f46 f48 (1)
stop f48 (1)
up f48 f49 (1)
stop f49 (1)
down f49 f15 (1)
stop f15 (1)
up f15 f50 (1)
stop f50 (1)
down f50 f44 (1)
stop f44 (1)
up f44 f51 (1)
stop f51 (1)
[t=0.11367s, 18428 KB] Plan length: 90 step(s).
[t=0.11367s, 18428 KB] Plan cost: 90
[t=0.11367s, 18428 KB] Expanded 169 state(s).
[t=0.11367s, 18428 KB] Reopened 0 state(s).
[t=0.11367s, 18428 KB] Evaluated 2341 state(s).
[t=0.11367s, 18428 KB] Evaluations: 2341
[t=0.11367s, 18428 KB] Generated 8735 state(s).
[t=0.11367s, 18428 KB] Dead ends: 0 state(s).
[t=0.11367s, 18428 KB] Number of registered states: 2341
[t=0.11367s, 18428 KB] Int hash set load factor: 2341/4096 = 0.571533
[t=0.11367s, 18428 KB] Int hash set resizes: 12
[t=0.11367s, 18428 KB] mean number of q cost that have been adjusted 0 times in relation to total number of q: -1
[t=0.11367s, 18428 KB] mean number of q cost that have been adjusted 1 times in relation to total number of q: -1
[t=0.11367s, 18428 KB] mean number of q cost that have been adjusted 2 times in relation to total number of q: -1
[t=0.11367s, 18428 KB] mean number of q that are at some point overconsitent in relation to total number of q: -1
[t=0.11367s, 18428 KB] mean number of q that are at first underconsisten in relation to total number of q: -1
[t=0.11367s, 18428 KB] mean number of state variables that are not in common between two following states in relation to total number of state variables: -1
[t=0.11367s, 18428 KB] variance number of state variables that are not in common between two following states in relation to total number of state variables: -1
[t=0.11367s, 18428 KB] Search time: 0.087042s
[t=0.11367s, 18428 KB] Total time: 0.11367s
Solution found.
Peak memory: 18428 KB
Remove intermediate file output.sas
search exit code: 0

INFO     Running validate.
INFO     validate stdin: None
INFO     validate time limit: None
INFO     validate memory limit: None
INFO     validate command line string: validate domain.pddl problem.pddl sas_plan
