INFO     Running translator.
INFO     translator stdin: None
INFO     translator time limit: 1799.96s
INFO     translator memory limit: 3584 MB
INFO     translator command line string: /infai/weidan00/downward/experiments/bachelor/.venv/bin/python3 /infai/weidan00/downward/experiments/bachelor/data/bachelor-v1/code-7aa5f34_e5e41175/builds/release/bin/translate/translate.py domain.pddl problem.pddl --sas-file output.sas
Parsing...
Parsing: [0.020s CPU, 0.006s wall-clock]
Normalizing task... [0.000s CPU, 0.000s wall-clock]
Instantiating...
Generating Datalog program... [0.000s CPU, 0.002s wall-clock]
Normalizing Datalog program...
Normalizing Datalog program: [0.010s CPU, 0.010s wall-clock]
Preparing model... [0.000s CPU, 0.005s wall-clock]
Generated 126 rules.
Computing model... [0.600s CPU, 0.602s wall-clock]
25371 relevant atoms
16298 auxiliary atoms
41669 final queue length
143078 total queue pushes
Completing instantiation... [2.430s CPU, 2.434s wall-clock]
Instantiating: [3.050s CPU, 3.065s wall-clock]
Computing fact groups...
Finding invariants...
22 initial candidates
Finding invariants: [0.070s CPU, 0.070s wall-clock]
Checking invariant weight... [0.000s CPU, 0.001s wall-clock]
Instantiating groups... [0.010s CPU, 0.007s wall-clock]
Collecting mutex groups... [0.000s CPU, 0.001s wall-clock]
Choosing groups...
80 uncovered facts
Choosing groups: [0.010s CPU, 0.002s wall-clock]
Building translation key... [0.000s CPU, 0.001s wall-clock]
Computing fact groups: [0.090s CPU, 0.086s wall-clock]
Building STRIPS to SAS dictionary... [0.000s CPU, 0.001s wall-clock]
Building dictionary for full mutex groups... [0.000s CPU, 0.001s wall-clock]
Building mutex information...
Building mutex information: [0.000s CPU, 0.000s wall-clock]
Translating task...
Processing axioms...
Simplifying axioms... [0.000s CPU, 0.000s wall-clock]
Processing axioms: [0.080s CPU, 0.081s wall-clock]
Translating task: [1.880s CPU, 1.886s wall-clock]
9211 effect conditions simplified
0 implied preconditions added
Detecting unreachable propositions...
0 operators removed
0 axioms removed
75 propositions removed
Detecting unreachable propositions: [0.920s CPU, 0.925s wall-clock]
Reordering and filtering variables...
131 of 151 variables necessary.
4 of 75 mutex groups necessary.
23176 of 23176 operators necessary.
0 of 0 axiom rules necessary.
Reordering and filtering variables: [0.320s CPU, 0.321s wall-clock]
Translator variables: 131
Translator derived variables: 0
Translator facts: 716
Translator goal facts: 8
Translator mutex groups: 4
Translator total mutex groups size: 80
Translator operators: 23176
Translator axioms: 0
Translator task size: 214112
Translator peak memory: 316040 KB
Writing output... [0.310s CPU, 0.429s wall-clock]
Done! [6.670s CPU, 6.806s wall-clock]
translate exit code: 0

INFO     Running search (release).
INFO     search stdin: output.sas
INFO     search time limit: 1793.21s
INFO     search memory limit: 3584 MB
INFO     search command line string: /infai/weidan00/downward/experiments/bachelor/data/bachelor-v1/code-7aa5f34_e5e41175/builds/release/bin/downward --search 'eager_wastar([pinch()], w=2)' --internal-plan-file sas_plan < output.sas
[t=6.6599e-05s, 17204 KB] reading input...
[t=0.191372s, 26120 KB] done reading input!
[t=0.208426s, 32972 KB] Simplifying 97297 unary operators... done! [97297 unary operators]
[t=0.508343s, 41828 KB] time to simplify: 0.300029s
[t=0.515142s, 41828 KB] Initializing pinch heuristic...
[t=0.515366s, 41828 KB] Building successor generator...done!
[t=0.533128s, 41828 KB] peak memory difference for successor generator creation: 0 KB
[t=0.533175s, 41828 KB] time for successor generation creation: 0.0175719s
[t=0.533431s, 41828 KB] Variables: 131
[t=0.53349s, 41828 KB] FactPairs: 716
[t=0.533531s, 41828 KB] Bytes per state: 28
[t=0.533685s, 41828 KB] Conducting best first search with reopening closed nodes, (real) bound = 2147483647
[t=0.544524s, 41828 KB] New best heuristic value for pinch: 33
[t=0.54464s, 41828 KB] g=0, 1 evaluated, 0 expanded
[t=0.544696s, 41828 KB] Initial heuristic value for pinch: 33
[t=0.544739s, 41828 KB] pruning method: none
[t=0.599717s, 41828 KB] New best heuristic value for pinch: 32
[t=0.599833s, 41828 KB] g=1, 18 evaluated, 1 expanded
[t=0.600917s, 41828 KB] New best heuristic value for pinch: 30
[t=0.600998s, 41828 KB] g=1, 19 evaluated, 1 expanded
[t=0.671488s, 41828 KB] New best heuristic value for pinch: 28
[t=0.671601s, 41828 KB] g=1, 49 evaluated, 1 expanded
[t=0.673835s, 41828 KB] New best heuristic value for pinch: 26
[t=0.673935s, 41828 KB] g=1, 51 evaluated, 1 expanded
[t=0.724632s, 41828 KB] New best heuristic value for pinch: 25
[t=0.724749s, 41828 KB] g=2, 70 evaluated, 2 expanded
[t=0.725848s, 41828 KB] New best heuristic value for pinch: 22
[t=0.725932s, 41828 KB] g=2, 71 evaluated, 2 expanded
[t=0.835287s, 41828 KB] New best heuristic value for pinch: 21
[t=0.835405s, 41828 KB] g=3, 110 evaluated, 3 expanded
[t=0.892216s, 41828 KB] New best heuristic value for pinch: 19
[t=0.89233s, 41828 KB] g=3, 136 evaluated, 3 expanded
[t=0.946522s, 41828 KB] New best heuristic value for pinch: 18
[t=0.946637s, 41828 KB] g=4, 155 evaluated, 4 expanded
[t=1.05262s, 41828 KB] New best heuristic value for pinch: 17
[t=1.05273s, 41828 KB] g=5, 181 evaluated, 5 expanded
[t=4.96583s, 41828 KB] New best heuristic value for pinch: 15
[t=4.96595s, 41828 KB] g=7, 919 evaluated, 56 expanded
Peak memory: 64396 KB
caught signal 24 -- exiting
Time limit has been reached.
Remove intermediate file output.sas
search exit code: 23

Driver aborting after search
