INFO     Running translator.
INFO     translator stdin: None
INFO     translator time limit: 1799.96s
INFO     translator memory limit: 3584 MB
INFO     translator command line string: /infai/weidan00/downward/experiments/bachelor/.venv/bin/python3 /infai/weidan00/downward/experiments/bachelor/data/bachelor-v1/code-7aa5f34_e5e41175/builds/release/bin/translate/translate.py domain.pddl problem.pddl --sas-file output.sas
Parsing...
Parsing: [0.010s CPU, 0.008s wall-clock]
Normalizing task... [0.000s CPU, 0.000s wall-clock]
Instantiating...
Generating Datalog program... [0.000s CPU, 0.004s wall-clock]
Normalizing Datalog program...
Normalizing Datalog program: [0.000s CPU, 0.004s wall-clock]
Preparing model... [0.010s CPU, 0.011s wall-clock]
Generated 51 rules.
Computing model... [0.780s CPU, 0.782s wall-clock]
51422 relevant atoms
26211 auxiliary atoms
77633 final queue length
115252 total queue pushes
Completing instantiation... [1.840s CPU, 1.853s wall-clock]
Instantiating: [2.660s CPU, 2.676s wall-clock]
Computing fact groups...
Finding invariants...
6 initial candidates
Finding invariants: [0.010s CPU, 0.014s wall-clock]
Checking invariant weight... [0.010s CPU, 0.001s wall-clock]
Instantiating groups... [0.100s CPU, 0.100s wall-clock]
Collecting mutex groups... [0.000s CPU, 0.006s wall-clock]
Choosing groups...
0 uncovered facts
Choosing groups: [0.020s CPU, 0.017s wall-clock]
Building translation key... [0.010s CPU, 0.008s wall-clock]
Computing fact groups: [0.200s CPU, 0.203s wall-clock]
Building STRIPS to SAS dictionary... [0.010s CPU, 0.005s wall-clock]
Building dictionary for full mutex groups... [0.000s CPU, 0.004s wall-clock]
Building mutex information...
Building mutex information: [0.000s CPU, 0.003s wall-clock]
Translating task...
Processing axioms...
Simplifying axioms... [0.000s CPU, 0.000s wall-clock]
Processing axioms: [0.060s CPU, 0.058s wall-clock]
Translating task: [1.480s CPU, 1.484s wall-clock]
0 effect conditions simplified
0 implied preconditions added
Detecting unreachable propositions...
0 operators removed
0 axioms removed
98 propositions removed
Detecting unreachable propositions: [0.810s CPU, 0.817s wall-clock]
Reordering and filtering variables...
98 of 98 variables necessary.
0 of 98 mutex groups necessary.
42726 of 42726 operators necessary.
0 of 0 axiom rules necessary.
Reordering and filtering variables: [0.150s CPU, 0.135s wall-clock]
Translator variables: 98
Translator derived variables: 0
Translator facts: 6231
Translator goal facts: 15
Translator mutex groups: 0
Translator total mutex groups size: 0
Translator operators: 42726
Translator axioms: 0
Translator task size: 165302
Translator peak memory: 290224 KB
Writing output... [0.310s CPU, 0.357s wall-clock]
Done! [5.690s CPU, 5.757s wall-clock]
translate exit code: 0

INFO     Running search (release).
INFO     search stdin: output.sas
INFO     search time limit: 1794.17s
INFO     search memory limit: 3584 MB
INFO     search command line string: /infai/weidan00/downward/experiments/bachelor/data/bachelor-v1/code-7aa5f34_e5e41175/builds/release/bin/downward --search 'eager_wastar([add()], w=2)' --internal-plan-file sas_plan < output.sas
[t=5.7572e-05s, 17204 KB] reading input...
[t=0.215914s, 28636 KB] done reading input!
[t=0.226234s, 31576 KB] Simplifying 42726 unary operators... done! [42726 unary operators]
[t=0.257472s, 35632 KB] time to simplify: 0.0336102s
[t=0.263701s, 35632 KB] Initializing additive heuristic...
[t=0.263914s, 35632 KB] Building successor generator...done!
[t=0.287623s, 38532 KB] peak memory difference for successor generator creation: 2900 KB
[t=0.287687s, 38532 KB] time for successor generation creation: 0.0229731s
[t=0.28809s, 38532 KB] Variables: 98
[t=0.288144s, 38532 KB] FactPairs: 6231
[t=0.288185s, 38532 KB] Bytes per state: 60
[t=0.288335s, 38532 KB] Conducting best first search with reopening closed nodes, (real) bound = 2147483647
[t=0.289202s, 38532 KB] New best heuristic value for add: 139
[t=0.289262s, 38532 KB] g=0, 1 evaluated, 0 expanded
[t=0.289319s, 38532 KB] Initial heuristic value for add: 139
[t=0.28936s, 38532 KB] pruning method: none
[t=0.313407s, 38532 KB] New best heuristic value for add: 138
[t=0.313517s, 38532 KB] g=1, 49 evaluated, 1 expanded
[t=0.400571s, 38532 KB] New best heuristic value for add: 136
[t=0.400686s, 38532 KB] g=1, 225 evaluated, 1 expanded
[t=0.783686s, 38532 KB] New best heuristic value for add: 135
[t=0.783803s, 38532 KB] g=2, 999 evaluated, 2 expanded
[t=0.881225s, 38532 KB] New best heuristic value for add: 134
[t=0.881321s, 38532 KB] g=2, 1197 evaluated, 2 expanded
[t=1.20288s, 38532 KB] New best heuristic value for add: 133
[t=1.20298s, 38532 KB] g=2, 1851 evaluated, 2 expanded
[t=1.24627s, 38532 KB] New best heuristic value for add: 132
[t=1.24636s, 38532 KB] g=3, 1938 evaluated, 3 expanded
[t=1.34896s, 38532 KB] New best heuristic value for add: 131
[t=1.34906s, 38532 KB] g=3, 2146 evaluated, 3 expanded
[t=1.70511s, 38532 KB] New best heuristic value for add: 130
[t=1.70522s, 38532 KB] g=4, 2867 evaluated, 4 expanded
[t=2.14194s, 38532 KB] New best heuristic value for add: 129
[t=2.14204s, 38532 KB] g=4, 3754 evaluated, 4 expanded
[t=2.16804s, 38532 KB] New best heuristic value for add: 128
[t=2.16813s, 38532 KB] g=5, 3806 evaluated, 5 expanded
[t=2.63743s, 38532 KB] New best heuristic value for add: 127
[t=2.63753s, 38532 KB] g=6, 4765 evaluated, 6 expanded
[t=3.1004s, 38532 KB] New best heuristic value for add: 126
[t=3.10052s, 38532 KB] g=7, 5714 evaluated, 7 expanded
[t=3.555s, 38532 KB] New best heuristic value for add: 125
[t=3.5551s, 38532 KB] g=8, 6657 evaluated, 8 expanded
[t=4.01514s, 38532 KB] New best heuristic value for add: 124
[t=4.01526s, 38532 KB] g=9, 7606 evaluated, 9 expanded
[t=4.48353s, 38532 KB] New best heuristic value for add: 123
[t=4.48363s, 38532 KB] g=10, 8571 evaluated, 10 expanded
[t=4.94159s, 38532 KB] New best heuristic value for add: 122
[t=4.94169s, 38532 KB] g=11, 9520 evaluated, 11 expanded
[t=5.39928s, 38532 KB] New best heuristic value for add: 121
[t=5.39938s, 38532 KB] g=12, 10464 evaluated, 12 expanded
[t=5.8611s, 38532 KB] New best heuristic value for add: 120
[t=5.86121s, 38532 KB] g=13, 11414 evaluated, 13 expanded
[t=6.32546s, 38532 KB] New best heuristic value for add: 119
[t=6.32556s, 38532 KB] g=14, 12370 evaluated, 14 expanded
[t=6.79634s, 38532 KB] New best heuristic value for add: 118
[t=6.79644s, 38532 KB] g=15, 13341 evaluated, 15 expanded
[t=7.26749s, 38532 KB] New best heuristic value for add: 117
[t=7.2676s, 38532 KB] g=16, 14307 evaluated, 16 expanded
[t=7.77736s, 38532 KB] New best heuristic value for add: 116
[t=7.77746s, 38532 KB] g=17, 15346 evaluated, 17 expanded
[t=8.31878s, 38532 KB] New best heuristic value for add: 115
[t=8.31888s, 38532 KB] g=18, 16472 evaluated, 18 expanded
[t=8.76638s, 38532 KB] New best heuristic value for add: 114
[t=8.76649s, 38532 KB] g=19, 17416 evaluated, 19 expanded
[t=9.21643s, 38532 KB] New best heuristic value for add: 113
[t=9.21655s, 38532 KB] g=20, 18364 evaluated, 20 expanded
[t=9.71576s, 38532 KB] New best heuristic value for add: 112
[t=9.71587s, 38532 KB] g=21, 19416 evaluated, 21 expanded
[t=10.1631s, 38532 KB] New best heuristic value for add: 111
[t=10.1632s, 38532 KB] g=22, 20359 evaluated, 22 expanded
[t=10.6118s, 38532 KB] New best heuristic value for add: 110
[t=10.6119s, 38532 KB] g=23, 21307 evaluated, 23 expanded
[t=11.1044s, 38532 KB] New best heuristic value for add: 109
[t=11.1045s, 38532 KB] g=24, 22349 evaluated, 24 expanded
[t=11.5538s, 38532 KB] New best heuristic value for add: 108
[t=11.5539s, 38532 KB] g=25, 23294 evaluated, 25 expanded
[t=12.0074s, 38532 KB] New best heuristic value for add: 107
[t=12.0075s, 38532 KB] g=26, 24244 evaluated, 26 expanded
[t=12.4683s, 38532 KB] New best heuristic value for add: 106
[t=12.4685s, 38532 KB] g=27, 25212 evaluated, 27 expanded
[t=12.9221s, 38532 KB] New best heuristic value for add: 105
[t=12.9222s, 38532 KB] g=28, 26159 evaluated, 28 expanded
[t=13.381s, 38532 KB] New best heuristic value for add: 104
[t=13.3811s, 38532 KB] g=29, 27111 evaluated, 29 expanded
[t=13.8626s, 38532 KB] New best heuristic value for add: 103
[t=13.8627s, 38532 KB] g=30, 28112 evaluated, 30 expanded
[t=14.3178s, 39116 KB] New best heuristic value for add: 102
[t=14.3179s, 39116 KB] g=31, 29060 evaluated, 31 expanded
[t=14.7713s, 39116 KB] New best heuristic value for add: 101
[t=14.7714s, 39116 KB] g=32, 30013 evaluated, 32 expanded
[t=15.3284s, 39116 KB] New best heuristic value for add: 100
[t=15.3285s, 39116 KB] g=33, 31188 evaluated, 33 expanded
[t=15.7811s, 39116 KB] New best heuristic value for add: 99
[t=15.7812s, 39116 KB] g=34, 32143 evaluated, 34 expanded
[t=63.3496s, 48864 KB] New best heuristic value for add: 98
[t=63.3498s, 48864 KB] g=36, 132241 evaluated, 147 expanded
[t=63.7977s, 48996 KB] New best heuristic value for add: 97
[t=63.7978s, 48996 KB] g=37, 133187 evaluated, 148 expanded
[t=64.2519s, 49132 KB] New best heuristic value for add: 96
[t=64.252s, 49132 KB] g=38, 134139 evaluated, 149 expanded
[t=140.685s, 64404 KB] New best heuristic value for add: 95
[t=140.685s, 64404 KB] g=40, 294452 evaluated, 336 expanded
[t=141.138s, 64540 KB] New best heuristic value for add: 94
[t=141.138s, 64540 KB] g=41, 295401 evaluated, 337 expanded
[t=141.596s, 64540 KB] New best heuristic value for add: 93
[t=141.596s, 64540 KB] g=42, 296354 evaluated, 338 expanded
[t=220.682s, 86228 KB] New best heuristic value for add: 92
[t=220.682s, 86228 KB] g=44, 460017 evaluated, 529 expanded
[t=221.142s, 86228 KB] New best heuristic value for add: 91
[t=221.142s, 86228 KB] g=45, 460967 evaluated, 530 expanded
[t=221.606s, 86228 KB] New best heuristic value for add: 90
[t=221.606s, 86228 KB] g=46, 461923 evaluated, 531 expanded
[t=324.219s, 99908 KB] New best heuristic value for add: 89
[t=324.219s, 99908 KB] g=48, 673096 evaluated, 786 expanded
[t=324.682s, 100044 KB] New best heuristic value for add: 88
[t=324.682s, 100044 KB] g=49, 674050 evaluated, 787 expanded
[t=325.147s, 100180 KB] New best heuristic value for add: 87
[t=325.147s, 100180 KB] g=50, 675008 evaluated, 788 expanded
[t=325.924s, 100312 KB] New best heuristic value for add: 86
[t=325.924s, 100312 KB] g=51, 676607 evaluated, 789 expanded
[t=480.7s, 134796 KB] New best heuristic value for add: 85
[t=480.7s, 134796 KB] g=53, 993828 evaluated, 1217 expanded
[t=481.165s, 134796 KB] New best heuristic value for add: 84
[t=481.165s, 134796 KB] g=54, 994782 evaluated, 1218 expanded
[t=481.632s, 134928 KB] New best heuristic value for add: 83
[t=481.633s, 134928 KB] g=55, 995741 evaluated, 1219 expanded
[t=698.265s, 172552 KB] New best heuristic value for add: 82
[t=698.265s, 172552 KB] g=57, 1448468 evaluated, 2060 expanded
[t=698.715s, 172552 KB] New best heuristic value for add: 81
[t=698.716s, 172552 KB] g=58, 1449412 evaluated, 2061 expanded
[t=699.625s, 172816 KB] New best heuristic value for add: 80
[t=699.625s, 172816 KB] g=59, 1451315 evaluated, 2063 expanded
[t=699.727s, 172816 KB] New best heuristic value for add: 79
[t=699.727s, 172816 KB] g=60, 1451529 evaluated, 2064 expanded
[t=700.529s, 172948 KB] New best heuristic value for add: 78
[t=700.529s, 172948 KB] g=61, 1453221 evaluated, 2065 expanded
[t=769.966s, 185080 KB] New best heuristic value for add: 77
[t=769.966s, 185080 KB] g=63, 1599963 evaluated, 2234 expanded
[t=770.419s, 185216 KB] New best heuristic value for add: 76
[t=770.42s, 185216 KB] g=64, 1600917 evaluated, 2235 expanded
[t=984.229s, 239600 KB] New best heuristic value for add: 75
[t=984.229s, 239600 KB] g=66, 2060676 evaluated, 3084 expanded
[t=984.675s, 239732 KB] New best heuristic value for add: 74
[t=984.675s, 239732 KB] g=67, 2061635 evaluated, 3085 expanded
[t=985.551s, 239864 KB] New best heuristic value for add: 73
[t=985.551s, 239864 KB] g=68, 2063519 evaluated, 3087 expanded
[t=985.559s, 239864 KB] New best heuristic value for add: 72
[t=985.559s, 239864 KB] g=68, 2063536 evaluated, 3087 expanded
[t=985.999s, 240000 KB] New best heuristic value for add: 71
[t=985.999s, 240000 KB] g=69, 2064480 evaluated, 3088 expanded
[t=986.109s, 240000 KB] New best heuristic value for add: 70
[t=986.109s, 240000 KB] g=70, 2064716 evaluated, 3089 expanded
[t=986.554s, 240000 KB] New best heuristic value for add: 69
[t=986.554s, 240000 KB] g=71, 2065673 evaluated, 3090 expanded
[t=986.995s, 240136 KB] New best heuristic value for add: 68
[t=986.995s, 240136 KB] g=72, 2066627 evaluated, 3091 expanded
[t=1190.26s, 277512 KB] New best heuristic value for add: 67
[t=1190.26s, 277512 KB] g=74, 2516063 evaluated, 3923 expanded
[t=1190.68s, 277648 KB] New best heuristic value for add: 66
[t=1190.68s, 277648 KB] g=75, 2517001 evaluated, 3924 expanded
[t=1191.11s, 277780 KB] New best heuristic value for add: 65
[t=1191.11s, 277780 KB] g=76, 2517963 evaluated, 3925 expanded
[t=1191.24s, 277780 KB] New best heuristic value for add: 64
[t=1191.24s, 277780 KB] g=77, 2518255 evaluated, 3926 expanded
[t=1191.66s, 277780 KB] New best heuristic value for add: 63
[t=1191.66s, 277780 KB] g=78, 2519210 evaluated, 3927 expanded
[t=1192.08s, 277916 KB] New best heuristic value for add: 62
[t=1192.08s, 277916 KB] g=79, 2520165 evaluated, 3928 expanded
[t=1192.78s, 278052 KB] New best heuristic value for add: 61
[t=1192.78s, 278052 KB] g=80, 2521775 evaluated, 3929 expanded
[t=1193.2s, 278052 KB] New best heuristic value for add: 60
[t=1193.2s, 278052 KB] g=81, 2522732 evaluated, 3930 expanded
[t=1193.61s, 278188 KB] New best heuristic value for add: 59
[t=1193.61s, 278188 KB] g=82, 2523676 evaluated, 3931 expanded
[t=1194.04s, 278320 KB] New best heuristic value for add: 58
[t=1194.04s, 278320 KB] g=83, 2524634 evaluated, 3932 expanded
[t=1194.45s, 278320 KB] New best heuristic value for add: 57
[t=1194.45s, 278320 KB] g=84, 2525580 evaluated, 3933 expanded
[t=1194.84s, 278452 KB] New best heuristic value for add: 56
[t=1194.84s, 278452 KB] g=85, 2526536 evaluated, 3934 expanded
[t=1195.23s, 278452 KB] New best heuristic value for add: 55
[t=1195.23s, 278452 KB] g=86, 2527486 evaluated, 3935 expanded
[t=1195.62s, 278588 KB] New best heuristic value for add: 54
[t=1195.62s, 278588 KB] g=87, 2528436 evaluated, 3936 expanded
[t=1195.73s, 278588 KB] New best heuristic value for add: 53
[t=1195.73s, 278588 KB] g=88, 2528707 evaluated, 3937 expanded
[t=1196.11s, 278720 KB] New best heuristic value for add: 52
[t=1196.11s, 278720 KB] g=89, 2529664 evaluated, 3938 expanded
[t=1196.5s, 278720 KB] New best heuristic value for add: 51
[t=1196.5s, 278720 KB] g=90, 2530618 evaluated, 3939 expanded
[t=1197.15s, 278856 KB] New best heuristic value for add: 50
[t=1197.15s, 278856 KB] g=91, 2532263 evaluated, 3940 expanded
[t=1197.52s, 278988 KB] New best heuristic value for add: 49
[t=1197.52s, 278988 KB] g=92, 2533208 evaluated, 3941 expanded
[t=1197.9s, 279120 KB] New best heuristic value for add: 48
[t=1197.9s, 279120 KB] g=93, 2534164 evaluated, 3942 expanded
[t=1198.63s, 279256 KB] New best heuristic value for add: 47
[t=1198.63s, 279256 KB] g=94, 2536048 evaluated, 3944 expanded
[t=1199s, 279256 KB] New best heuristic value for add: 46
[t=1199s, 279256 KB] g=95, 2537002 evaluated, 3945 expanded
[t=1199.37s, 279392 KB] New best heuristic value for add: 45
[t=1199.37s, 279392 KB] g=96, 2537944 evaluated, 3946 expanded
[t=1199.74s, 279392 KB] New best heuristic value for add: 44
[t=1199.74s, 279392 KB] g=97, 2538902 evaluated, 3947 expanded
[t=1200.1s, 279528 KB] New best heuristic value for add: 43
[t=1200.1s, 279528 KB] g=98, 2539841 evaluated, 3948 expanded
[t=1200.17s, 279528 KB] New best heuristic value for add: 42
[t=1200.17s, 279528 KB] g=99, 2540031 evaluated, 3949 expanded
[t=1200.53s, 279660 KB] New best heuristic value for add: 41
[t=1200.54s, 279660 KB] g=100, 2540983 evaluated, 3950 expanded
[t=1200.9s, 279660 KB] New best heuristic value for add: 40
[t=1200.9s, 279660 KB] g=101, 2541937 evaluated, 3951 expanded
[t=1368.87s, 316984 KB] New best heuristic value for add: 39
[t=1368.87s, 316984 KB] g=103, 2992093 evaluated, 4804 expanded
[t=1369.21s, 317120 KB] New best heuristic value for add: 38
[t=1369.21s, 317120 KB] g=104, 2993017 evaluated, 4805 expanded
[t=1369.32s, 317120 KB] New best heuristic value for add: 37
[t=1369.32s, 317120 KB] g=105, 2993317 evaluated, 4806 expanded
[t=1369.67s, 317256 KB] New best heuristic value for add: 36
[t=1369.67s, 317256 KB] g=106, 2994267 evaluated, 4807 expanded
[t=1370.02s, 317256 KB] New best heuristic value for add: 35
[t=1370.02s, 317256 KB] g=107, 2995223 evaluated, 4808 expanded
[t=1370.59s, 317392 KB] New best heuristic value for add: 34
[t=1370.59s, 317392 KB] g=108, 2996833 evaluated, 4809 expanded
[t=1370.93s, 317524 KB] New best heuristic value for add: 33
[t=1370.93s, 317524 KB] g=109, 2997776 evaluated, 4810 expanded
[t=1371.05s, 317524 KB] New best heuristic value for add: 32
[t=1371.05s, 317524 KB] g=110, 2998125 evaluated, 4811 expanded
[t=1371.39s, 317660 KB] New best heuristic value for add: 31
[t=1371.39s, 317660 KB] g=111, 2999082 evaluated, 4812 expanded
[t=1371.72s, 317660 KB] New best heuristic value for add: 30
[t=1371.72s, 317660 KB] g=112, 3000032 evaluated, 4813 expanded
[t=1527.78s, 415180 KB] New best heuristic value for add: 29
[t=1527.78s, 415180 KB] g=114, 3452047 evaluated, 5689 expanded
[t=1528.11s, 415180 KB] New best heuristic value for add: 28
[t=1528.11s, 415180 KB] g=115, 3452995 evaluated, 5690 expanded
[t=1528.43s, 415180 KB] New best heuristic value for add: 27
[t=1528.43s, 415180 KB] g=116, 3453942 evaluated, 5691 expanded
[t=1528.46s, 415180 KB] New best heuristic value for add: 26
[t=1528.46s, 415180 KB] g=117, 3454019 evaluated, 5692 expanded
[t=1543.08s, 415180 KB] New best heuristic value for add: 25
[t=1543.08s, 415180 KB] g=119, 3497684 evaluated, 5739 expanded
[t=1543.4s, 415180 KB] New best heuristic value for add: 24
[t=1543.4s, 415180 KB] g=120, 3498634 evaluated, 5740 expanded
[t=1692.84s, 429320 KB] New best heuristic value for add: 23
[t=1692.84s, 429320 KB] g=122, 3951161 evaluated, 6620 expanded
[t=1693.16s, 429320 KB] New best heuristic value for add: 22
[t=1693.16s, 429320 KB] g=123, 3952107 evaluated, 6621 expanded
[t=1693.47s, 429452 KB] New best heuristic value for add: 21
[t=1693.47s, 429452 KB] g=124, 3953051 evaluated, 6622 expanded
[t=1693.51s, 429452 KB] New best heuristic value for add: 20
[t=1693.51s, 429452 KB] g=125, 3953149 evaluated, 6623 expanded
[t=1707.77s, 432964 KB] New best heuristic value for add: 19
[t=1707.77s, 432964 KB] g=127, 3996720 evaluated, 6670 expanded
[t=1708.08s, 433100 KB] New best heuristic value for add: 18
[t=1708.08s, 433100 KB] g=128, 3997668 evaluated, 6671 expanded
Peak memory: 454412 KB
caught signal 24 -- exiting
Time limit has been reached.
Remove intermediate file output.sas
search exit code: 23

Driver aborting after search
