INFO     Running translator.
INFO     translator stdin: None
INFO     translator time limit: 1799.96s
INFO     translator memory limit: 3584 MB
INFO     translator command line string: /infai/weidan00/downward/experiments/bachelor/.venv/bin/python3 /infai/weidan00/downward/experiments/bachelor/data/bachelor-v1/code-7aa5f34_e5e41175/builds/release/bin/translate/translate.py domain.pddl problem.pddl --sas-file output.sas
Parsing...
Parsing: [0.000s CPU, 0.006s wall-clock]
Normalizing task... [0.000s CPU, 0.000s wall-clock]
Instantiating...
Generating Datalog program... [0.000s CPU, 0.001s wall-clock]
Normalizing Datalog program...
Normalizing Datalog program: [0.010s CPU, 0.006s wall-clock]
Preparing model... [0.000s CPU, 0.005s wall-clock]
Generated 125 rules.
Computing model... [0.380s CPU, 0.380s wall-clock]
24162 relevant atoms
5522 auxiliary atoms
29684 final queue length
105130 total queue pushes
Completing instantiation... [1.580s CPU, 1.595s wall-clock]
Instantiating: [2.000s CPU, 1.998s wall-clock]
Computing fact groups...
Finding invariants...
15 initial candidates
Finding invariants: [0.020s CPU, 0.027s wall-clock]
Checking invariant weight... [0.010s CPU, 0.002s wall-clock]
Instantiating groups... [0.010s CPU, 0.017s wall-clock]
Collecting mutex groups... [0.000s CPU, 0.000s wall-clock]
Choosing groups...
47 uncovered facts
Choosing groups: [0.000s CPU, 0.002s wall-clock]
Building translation key... [0.000s CPU, 0.001s wall-clock]
Computing fact groups: [0.050s CPU, 0.053s wall-clock]
Building STRIPS to SAS dictionary... [0.000s CPU, 0.000s wall-clock]
Building dictionary for full mutex groups... [0.000s CPU, 0.001s wall-clock]
Building mutex information...
not in strips_to_sas, left out: Atom bottomcol(c0)
not in strips_to_sas, left out: Atom bottomcol(d0)
not in strips_to_sas, left out: Atom bottomcol(h0)
not in strips_to_sas, left out: Atom bottomcol(s0)
Building mutex information: [0.000s CPU, 0.001s wall-clock]
Translating task...
Processing axioms...
Simplifying axioms... [0.000s CPU, 0.000s wall-clock]
Processing axioms: [0.080s CPU, 0.082s wall-clock]
Translating task: [1.520s CPU, 1.526s wall-clock]
9672 effect conditions simplified
0 implied preconditions added
Detecting unreachable propositions...
0 operators removed
0 axioms removed
14 propositions removed
Detecting unreachable propositions: [0.860s CPU, 0.857s wall-clock]
Reordering and filtering variables...
102 of 102 variables necessary.
102 of 194 mutex groups necessary.
23375 of 23375 operators necessary.
0 of 0 axiom rules necessary.
Reordering and filtering variables: [0.250s CPU, 0.250s wall-clock]
Translator variables: 102
Translator derived variables: 0
Translator facts: 448
Translator goal facts: 4
Translator mutex groups: 102
Translator total mutex groups size: 519
Translator operators: 23375
Translator axioms: 0
Translator task size: 191338
Translator peak memory: 282752 KB
Writing output... [0.290s CPU, 0.320s wall-clock]
Done! [5.030s CPU, 5.084s wall-clock]
translate exit code: 0

INFO     Running search (release).
INFO     search stdin: output.sas
INFO     search time limit: 1794.83s
INFO     search memory limit: 3584 MB
INFO     search command line string: /infai/weidan00/downward/experiments/bachelor/data/bachelor-v1/code-7aa5f34_e5e41175/builds/release/bin/downward --search 'eager_wastar([add()], w=2)' --internal-plan-file sas_plan < output.sas
[t=6.2779e-05s, 17204 KB] reading input...
[t=0.163202s, 25080 KB] done reading input!
[t=0.178981s, 30776 KB] Simplifying 86885 unary operators... done! [86885 unary operators]
[t=0.35645s, 38780 KB] time to simplify: 0.177573s
[t=0.361452s, 38780 KB] Initializing additive heuristic...
[t=0.36168s, 38780 KB] Building successor generator...done!
[t=0.37295s, 38780 KB] peak memory difference for successor generator creation: 0 KB
[t=0.372997s, 38780 KB] time for successor generation creation: 0.011086s
[t=0.373264s, 38780 KB] Variables: 102
[t=0.37332s, 38780 KB] FactPairs: 448
[t=0.373361s, 38780 KB] Bytes per state: 28
[t=0.373517s, 38780 KB] Conducting best first search with reopening closed nodes, (real) bound = 2147483647
[t=0.375144s, 38780 KB] New best heuristic value for add: 171
[t=0.375216s, 38780 KB] g=0, 1 evaluated, 0 expanded
[t=0.375269s, 38780 KB] Initial heuristic value for add: 171
[t=0.375311s, 38780 KB] pruning method: none
[t=0.376532s, 38780 KB] New best heuristic value for add: 166
[t=0.376602s, 38780 KB] g=1, 2 evaluated, 1 expanded
[t=0.37887s, 38780 KB] New best heuristic value for add: 165
[t=0.378947s, 38780 KB] g=1, 4 evaluated, 1 expanded
[t=0.385786s, 38780 KB] New best heuristic value for add: 160
[t=0.385887s, 38780 KB] g=2, 10 evaluated, 2 expanded
[t=0.389201s, 38780 KB] New best heuristic value for add: 159
[t=0.389295s, 38780 KB] g=2, 13 evaluated, 2 expanded
[t=0.394807s, 38780 KB] New best heuristic value for add: 154
[t=0.394891s, 38780 KB] g=3, 18 evaluated, 3 expanded
[t=0.609888s, 38780 KB] New best heuristic value for add: 151
[t=0.609995s, 38780 KB] g=6, 265 evaluated, 39 expanded
[t=0.619409s, 38780 KB] New best heuristic value for add: 148
[t=0.619497s, 38780 KB] g=7, 274 evaluated, 40 expanded
[t=0.624155s, 38780 KB] New best heuristic value for add: 144
[t=0.624233s, 38780 KB] g=7, 278 evaluated, 40 expanded
[t=0.631474s, 38780 KB] New best heuristic value for add: 141
[t=0.631559s, 38780 KB] g=8, 285 evaluated, 41 expanded
[t=0.706841s, 38780 KB] New best heuristic value for add: 139
[t=0.706936s, 38780 KB] g=12, 364 evaluated, 52 expanded
[t=4.61383s, 38780 KB] New best heuristic value for add: 138
[t=4.61393s, 38780 KB] g=21, 4258 evaluated, 738 expanded, 17 reopened
[t=4.62301s, 38780 KB] New best heuristic value for add: 134
[t=4.62308s, 38780 KB] g=22, 4266 evaluated, 739 expanded, 17 reopened
[t=4.63631s, 38780 KB] New best heuristic value for add: 131
[t=4.63639s, 38780 KB] g=23, 4278 evaluated, 740 expanded, 17 reopened
[t=4.64626s, 38780 KB] New best heuristic value for add: 129
[t=4.64634s, 38780 KB] g=24, 4287 evaluated, 741 expanded, 17 reopened
[t=4.7013s, 38780 KB] New best heuristic value for add: 125
[t=4.70137s, 38780 KB] g=27, 4338 evaluated, 746 expanded, 17 reopened
[t=4.73145s, 38780 KB] New best heuristic value for add: 124
[t=4.73154s, 38780 KB] g=28, 4367 evaluated, 748 expanded, 17 reopened
[t=4.74726s, 38780 KB] New best heuristic value for add: 121
[t=4.74735s, 38780 KB] g=30, 4382 evaluated, 750 expanded, 17 reopened
[t=4.76728s, 38780 KB] New best heuristic value for add: 120
[t=4.76736s, 38780 KB] g=31, 4401 evaluated, 752 expanded, 17 reopened
[t=4.85822s, 38780 KB] New best heuristic value for add: 119
[t=4.85832s, 38780 KB] g=33, 4490 evaluated, 765 expanded, 17 reopened
[t=4.98116s, 38780 KB] New best heuristic value for add: 118
[t=4.98126s, 38780 KB] g=36, 4610 evaluated, 781 expanded, 17 reopened
[t=4.99908s, 38780 KB] New best heuristic value for add: 115
[t=4.99918s, 38780 KB] g=38, 4627 evaluated, 783 expanded, 17 reopened
[t=5.0864s, 38780 KB] New best heuristic value for add: 112
[t=5.0865s, 38780 KB] g=44, 4712 evaluated, 792 expanded, 17 reopened
[t=5.10474s, 38780 KB] New best heuristic value for add: 111
[t=5.10483s, 38780 KB] g=45, 4730 evaluated, 794 expanded, 17 reopened
[t=5.16048s, 38780 KB] New best heuristic value for add: 110
[t=5.16058s, 38780 KB] g=48, 4785 evaluated, 803 expanded, 17 reopened
[t=6.43561s, 38780 KB] New best heuristic value for add: 109
[t=6.43572s, 38780 KB] g=51, 6050 evaluated, 972 expanded, 17 reopened
[t=6.48026s, 38780 KB] New best heuristic value for add: 107
[t=6.48036s, 38780 KB] g=53, 6094 evaluated, 978 expanded, 17 reopened
[t=6.49345s, 38780 KB] New best heuristic value for add: 102
[t=6.49355s, 38780 KB] g=54, 6107 evaluated, 979 expanded, 17 reopened
[t=6.52659s, 38780 KB] New best heuristic value for add: 99
[t=6.52669s, 38780 KB] g=56, 6140 evaluated, 983 expanded, 17 reopened
[t=6.6477s, 38780 KB] New best heuristic value for add: 97
[t=6.6478s, 38780 KB] g=59, 6260 evaluated, 1003 expanded, 17 reopened
[t=6.6628s, 38780 KB] New best heuristic value for add: 95
[t=6.6629s, 38780 KB] g=60, 6275 evaluated, 1004 expanded, 17 reopened
[t=6.67582s, 38780 KB] New best heuristic value for add: 94
[t=6.67592s, 38780 KB] g=61, 6288 evaluated, 1005 expanded, 17 reopened
[t=6.68191s, 38780 KB] New best heuristic value for add: 88
[t=6.68201s, 38780 KB] g=62, 6294 evaluated, 1006 expanded, 17 reopened
[t=6.81879s, 38780 KB] New best heuristic value for add: 87
[t=6.81888s, 38780 KB] g=66, 6439 evaluated, 1021 expanded, 17 reopened
[t=7.14256s, 38780 KB] New best heuristic value for add: 86
[t=7.14266s, 38780 KB] g=67, 6780 evaluated, 1064 expanded, 17 reopened
[t=7.15071s, 38780 KB] New best heuristic value for add: 85
[t=7.15079s, 38780 KB] g=68, 6788 evaluated, 1065 expanded, 17 reopened
[t=7.27732s, 38780 KB] New best heuristic value for add: 83
[t=7.27742s, 38780 KB] g=73, 6919 evaluated, 1081 expanded, 17 reopened
[t=7.98785s, 38780 KB] New best heuristic value for add: 82
[t=7.98795s, 38780 KB] g=77, 7640 evaluated, 1182 expanded, 19 reopened
[t=8.31404s, 38780 KB] New best heuristic value for add: 81
[t=8.31414s, 38780 KB] g=74, 7964 evaluated, 1412 expanded, 197 reopened
[t=8.37698s, 38780 KB] New best heuristic value for add: 80
[t=8.37707s, 38780 KB] g=76, 8029 evaluated, 1421 expanded, 197 reopened
[t=8.40096s, 38780 KB] New best heuristic value for add: 78
[t=8.40105s, 38780 KB] g=77, 8055 evaluated, 1424 expanded, 197 reopened
[t=9.61289s, 38780 KB] New best heuristic value for add: 76
[t=9.613s, 38780 KB] g=80, 9314 evaluated, 1621 expanded, 197 reopened
[t=9.61818s, 38780 KB] New best heuristic value for add: 75
[t=9.61826s, 38780 KB] g=81, 9319 evaluated, 1622 expanded, 197 reopened
[t=9.62132s, 38780 KB] New best heuristic value for add: 71
[t=9.6214s, 38780 KB] g=81, 9322 evaluated, 1622 expanded, 197 reopened
[t=9.63052s, 38780 KB] New best heuristic value for add: 70
[t=9.63062s, 38780 KB] g=82, 9331 evaluated, 1623 expanded, 197 reopened
[t=9.6404s, 38780 KB] New best heuristic value for add: 66
[t=9.64049s, 38780 KB] g=83, 9341 evaluated, 1624 expanded, 197 reopened
[t=9.65902s, 38780 KB] New best heuristic value for add: 63
[t=9.65912s, 38780 KB] g=84, 9360 evaluated, 1625 expanded, 197 reopened
[t=9.66499s, 38780 KB] New best heuristic value for add: 62
[t=9.66507s, 38780 KB] g=84, 9366 evaluated, 1625 expanded, 197 reopened
[t=9.6784s, 38780 KB] New best heuristic value for add: 59
[t=9.67849s, 38780 KB] g=85, 9380 evaluated, 1626 expanded, 197 reopened
[t=9.69557s, 38780 KB] New best heuristic value for add: 58
[t=9.69566s, 38780 KB] g=86, 9398 evaluated, 1627 expanded, 197 reopened
[t=9.70524s, 38780 KB] New best heuristic value for add: 56
[t=9.70534s, 38780 KB] g=87, 9408 evaluated, 1628 expanded, 197 reopened
[t=9.71375s, 38780 KB] New best heuristic value for add: 55
[t=9.71384s, 38780 KB] g=87, 9417 evaluated, 1628 expanded, 197 reopened
[t=9.72491s, 38780 KB] New best heuristic value for add: 52
[t=9.72501s, 38780 KB] g=88, 9429 evaluated, 1629 expanded, 197 reopened
[t=9.73892s, 38780 KB] New best heuristic value for add: 50
[t=9.73901s, 38780 KB] g=89, 9444 evaluated, 1630 expanded, 197 reopened
[t=9.75456s, 38780 KB] New best heuristic value for add: 49
[t=9.75465s, 38780 KB] g=90, 9461 evaluated, 1631 expanded, 197 reopened
[t=9.76995s, 38780 KB] New best heuristic value for add: 47
[t=9.77004s, 38780 KB] g=91, 9478 evaluated, 1632 expanded, 197 reopened
[t=9.77454s, 38780 KB] New best heuristic value for add: 46
[t=9.77463s, 38780 KB] g=91, 9483 evaluated, 1632 expanded, 197 reopened
[t=9.78968s, 38780 KB] New best heuristic value for add: 45
[t=9.78978s, 38780 KB] g=92, 9500 evaluated, 1633 expanded, 197 reopened
[t=9.79155s, 38780 KB] New best heuristic value for add: 43
[t=9.79162s, 38780 KB] g=92, 9502 evaluated, 1633 expanded, 197 reopened
[t=9.80065s, 38780 KB] New best heuristic value for add: 40
[t=9.80074s, 38780 KB] g=93, 9512 evaluated, 1634 expanded, 197 reopened
[t=9.81468s, 38780 KB] New best heuristic value for add: 39
[t=9.81477s, 38780 KB] g=94, 9528 evaluated, 1635 expanded, 197 reopened
[t=9.82418s, 38780 KB] New best heuristic value for add: 38
[t=9.82428s, 38780 KB] g=95, 9539 evaluated, 1636 expanded, 197 reopened
[t=9.83021s, 38780 KB] New best heuristic value for add: 36
[t=9.83031s, 38780 KB] g=95, 9546 evaluated, 1636 expanded, 197 reopened
[t=9.84107s, 38780 KB] New best heuristic value for add: 33
[t=9.84116s, 38780 KB] g=96, 9559 evaluated, 1637 expanded, 197 reopened
[t=9.85367s, 38780 KB] New best heuristic value for add: 31
[t=9.85376s, 38780 KB] g=97, 9574 evaluated, 1638 expanded, 197 reopened
[t=9.86116s, 38780 KB] New best heuristic value for add: 30
[t=9.86124s, 38780 KB] g=98, 9583 evaluated, 1639 expanded, 197 reopened
[t=9.87099s, 38780 KB] New best heuristic value for add: 28
[t=9.87107s, 38780 KB] g=99, 9595 evaluated, 1640 expanded, 197 reopened
[t=9.88549s, 38780 KB] New best heuristic value for add: 27
[t=9.88559s, 38780 KB] g=99, 9613 evaluated, 1640 expanded, 197 reopened
[t=9.88716s, 38780 KB] New best heuristic value for add: 25
[t=9.88723s, 38780 KB] g=100, 9615 evaluated, 1641 expanded, 197 reopened
[t=9.89708s, 38780 KB] New best heuristic value for add: 22
[t=9.89716s, 38780 KB] g=101, 9628 evaluated, 1642 expanded, 197 reopened
[t=9.90617s, 38780 KB] New best heuristic value for add: 20
[t=9.90627s, 38780 KB] g=102, 9641 evaluated, 1643 expanded, 197 reopened
[t=9.91485s, 38780 KB] New best heuristic value for add: 19
[t=9.91494s, 38780 KB] g=103, 9654 evaluated, 1644 expanded, 197 reopened
[t=9.92395s, 38780 KB] New best heuristic value for add: 18
[t=9.92403s, 38780 KB] g=104, 9668 evaluated, 1645 expanded, 197 reopened
[t=9.92977s, 38780 KB] New best heuristic value for add: 17
[t=9.92985s, 38780 KB] g=104, 9677 evaluated, 1645 expanded, 197 reopened
[t=9.93176s, 38780 KB] New best heuristic value for add: 15
[t=9.93182s, 38780 KB] g=105, 9680 evaluated, 1646 expanded, 197 reopened
[t=9.93897s, 38780 KB] New best heuristic value for add: 14
[t=9.93904s, 38780 KB] g=106, 9692 evaluated, 1647 expanded, 197 reopened
[t=9.94656s, 38780 KB] New best heuristic value for add: 13
[t=9.94664s, 38780 KB] g=107, 9705 evaluated, 1648 expanded, 197 reopened
[t=9.95421s, 38780 KB] New best heuristic value for add: 12
[t=9.9543s, 38780 KB] g=108, 9718 evaluated, 1649 expanded, 197 reopened
[t=9.9631s, 38780 KB] New best heuristic value for add: 11
[t=9.96319s, 38780 KB] g=109, 9733 evaluated, 1650 expanded, 197 reopened
[t=9.97169s, 38780 KB] New best heuristic value for add: 10
[t=9.97177s, 38780 KB] g=110, 9748 evaluated, 1651 expanded, 197 reopened
[t=9.97812s, 38780 KB] New best heuristic value for add: 9
[t=9.9782s, 38780 KB] g=111, 9760 evaluated, 1652 expanded, 197 reopened
[t=9.98544s, 38780 KB] New best heuristic value for add: 7
[t=9.98553s, 38780 KB] g=112, 9774 evaluated, 1653 expanded, 197 reopened
[t=9.99232s, 38780 KB] New best heuristic value for add: 6
[t=9.99241s, 38780 KB] g=113, 9787 evaluated, 1654 expanded, 197 reopened
[t=9.99827s, 38780 KB] New best heuristic value for add: 5
[t=9.99836s, 38780 KB] g=114, 9799 evaluated, 1655 expanded, 197 reopened
[t=10.0016s, 38780 KB] New best heuristic value for add: 4
[t=10.0017s, 38780 KB] g=115, 9806 evaluated, 1656 expanded, 197 reopened
[t=10.0049s, 38780 KB] New best heuristic value for add: 3
[t=10.005s, 38780 KB] g=116, 9813 evaluated, 1657 expanded, 197 reopened
[t=10.0071s, 38780 KB] New best heuristic value for add: 2
[t=10.0071s, 38780 KB] g=117, 9819 evaluated, 1658 expanded, 197 reopened
[t=10.0083s, 38780 KB] New best heuristic value for add: 1
[t=10.0084s, 38780 KB] g=118, 9823 evaluated, 1659 expanded, 197 reopened
[t=10.0092s, 38780 KB] New best heuristic value for add: 0
[t=10.0093s, 38780 KB] g=119, 9827 evaluated, 1660 expanded, 197 reopened
[t=10.0095s, 38780 KB] Solution found!
[t=10.0096s, 38780 KB] Actual search time: 9.6343s
sendtofree h6 sq n4 n3 (1)
sendtofree h2 d8 n3 n2 (1)
sendtofree d8 s4 n2 n1 (1)
move d3 c2 s4 (1)
move c2 ca d3 (1)
sendtohome ca sa c n1 c0 n0 (1)
sendtohome c2 d3 c n2 ca n1 (1)
sendtohome sa cq s n1 s0 n0 (1)
colfromfreecell d8 c9 n1 n2 (1)
sendtofree c10 d7 n2 n1 (1)
move d7 s7 c8 (1)
move s7 c3 d8 (1)
colfromfreecell h2 c3 n1 n2 (1)
sendtofree d7 c8 n2 n1 (1)
colfromfreecell h6 s7 n1 n2 (1)
sendtofree c8 hj n2 n1 (1)
move hj d4 cq (1)
colfromfreecell c10 hj n1 n2 (1)
sendtofree d4 ha n2 n1 (1)
sendtohome ha c7 h n1 h0 n0 (1)
move h6 s7 c7 (1)
sendtohome h2 c3 h n2 ha n1 (1)
sendtohome c3 h3 c n3 c2 n2 (1)
sendtohome h3 h5 h n3 h2 n2 (1)
sendtofree-b h5 n1 n0 n0 n1 (1)
newcolfromfreecell d7 n1 n0 n0 n1 (1)
move c6 h8 d7 (1)
move s7 d8 h8 (1)
colfromfreecell h5 c6 n1 n2 (1)
sendtofree d3 s4 n2 n1 (1)
move s4 s10 h5 (1)
colfromfreecell d3 s4 n1 n2 (1)
sendtofree s10 d9 n2 n1 (1)
move d9 s9 c10 (1)
move d8 c9 s9 (1)
move s7 h8 d8 (1)
move h8 h4 c9 (1)
sendtohome h4 sj h n4 h3 n3 (1)
move h6 c7 s7 (1)
sendtofree-b c7 n1 n0 n0 n1 (1)
newcolfromfreecell s10 n1 n0 n0 n1 (1)
move d9 c10 s10 (1)
colfromfreecell c8 d9 n1 n2 (1)
sendtofree s6 d6 n2 n1 (1)
colfromfreecell c7 h8 n1 n2 (1)
sendtofree sj da n2 n1 (1)
sendtohome da d5 d n1 d0 n0 (1)
sendtofree-b d5 n1 n0 n0 n1 (1)
newcolfromfreecell s6 n1 n0 n0 n1 (1)
colfromfreecell d5 s6 n1 n2 (1)
sendtofree d3 s4 n2 n1 (1)
move s4 h5 d5 (1)
sendtohome h5 c6 h n5 h4 n4 (1)
sendtohome h6 s7 h n6 h5 n5 (1)
move d6 s3 s7 (1)
colfromfreecell d3 s4 n1 n2 (1)
sendtofree s3 c4 n2 n1 (1)
sendtohome c4 s2 c n4 c3 n3 (1)
sendtohome s2 dj s n2 sa n1 (1)
homefromfreecell s3 s n3 s2 n2 n1 n2 (1)
sendtofree sq h10 n2 n1 (1)
sendtofree-b dj n1 n0 n0 n1 (1)
newcolfromfreecell sq n1 n0 n0 n1 (1)
colfromfreecell dj sq n1 n2 (1)
move c10 hj dj (1)
sendtofree c6 d7 n2 n1 (1)
sendtofree-b d7 n1 n0 n0 n1 (1)
newcolfromfreecell sj n1 n0 n0 n1 (1)
move h10 hq sj (1)
colfromfreecell d7 c8 n1 n2 (1)
sendtofree c7 h8 n2 n1 (1)
colfromfreecell c6 d7 n1 n2 (1)
sendtofree h8 c9 n2 n1 (1)
move c9 s8 h10 (1)
colfromfreecell h8 c9 n1 n2 (1)
sendtofree s8 d10 n2 n1 (1)
colfromfreecell c7 h8 n1 n2 (1)
sendtofree d10 c5 n2 n1 (1)
sendtohome c5 d2 c n5 c4 n4 (1)
sendtohome c6 d7 c n6 c5 n5 (1)
sendtohome c7 h8 c n7 c6 n6 (1)
sendtohome-b d2 d n2 da n1 n0 n1 (1)
sendtohome d3 s4 d n3 d2 n2 (1)
sendtofree d6 s7 n1 n0 (1)
sendtohome s4 d5 s n4 s3 n3 (1)
homefromfreecell d4 d n4 d3 n3 n0 n1 (1)
sendtofree d7 c8 n1 n0 (1)
sendtohome c8 d9 c n8 c7 n7 (1)
sendtohome d5 s6 d n5 d4 n4 (1)
homefromfreecell d6 d n6 d5 n5 n0 n1 (1)
sendtofree h8 c9 n1 n0 (1)
sendtohome c9 h10 c n9 c8 n8 (1)
sendtohome c10 dj c n10 c9 n9 (1)
homefromfreecell d7 d n7 d6 n6 n0 n1 (1)
sendtofree s7 d8 n1 n0 (1)
sendtohome d8 s9 d n8 d7 n7 (1)
sendtohome d9 s10 d n9 d8 n8 (1)
homefromfreecell d10 d n10 d9 n9 n0 n1 (1)
sendtofree hq dq n1 n0 (1)
sendtohome dj sq d n11 d10 n10 (1)
sendtohome dq s5 d n12 dj n11 (1)
sendtohome s5 cj s n5 s4 n4 (1)
sendtohome-b cj c n11 c10 n10 n1 n2 (1)
sendtonewcol hj cq n2 n1 (1)
sendtohome cq h7 c n12 cj n11 (1)
sendtohome-b h7 h n7 h6 n6 n1 n2 (1)
homefromfreecell h8 h n8 h7 n7 n0 n1 (1)
sendtohome-b s6 s n6 s5 n5 n2 n3 (1)
homefromfreecell s7 s n7 s6 n6 n1 n2 (1)
sendtofree s9 h9 n2 n1 (1)
sendtohome-b h9 h n9 h8 n8 n3 n4 (1)
sendtohome h10 sj h n10 h9 n9 (1)
sendtohome-b hj h n11 h10 n10 n4 n5 (1)
homefromfreecell s8 s n8 s7 n7 n1 n2 (1)
homefromfreecell s9 s n9 s8 n8 n2 n3 (1)
sendtohome-b s10 s n10 s9 n9 n5 n6 (1)
sendtohome-b sj s n11 s10 n10 n6 n7 (1)
sendtohome-b sq s n12 sj n11 n7 n8 (1)
homefromfreecell hq h n12 hj n11 n3 n4 (1)
[t=10.0097s, 38780 KB] Plan length: 119 step(s).
[t=10.0097s, 38780 KB] Plan cost: 119
[t=10.0097s, 38780 KB] Expanded 1661 state(s).
[t=10.0097s, 38780 KB] Reopened 197 state(s).
[t=10.0097s, 38780 KB] Evaluated 9828 state(s).
[t=10.0097s, 38780 KB] Evaluations: 9828
[t=10.0097s, 38780 KB] Generated 18010 state(s).
[t=10.0097s, 38780 KB] Dead ends: 727 state(s).
[t=10.0097s, 38780 KB] Number of registered states: 9828
[t=10.0097s, 38780 KB] Int hash set load factor: 9828/16384 = 0.599854
[t=10.0097s, 38780 KB] Int hash set resizes: 14
[t=10.0097s, 38780 KB] mean number of q cost that have been adjusted 0 times in relation to total number of q: -1
[t=10.0097s, 38780 KB] mean number of q cost that have been adjusted 1 times in relation to total number of q: -1
[t=10.0097s, 38780 KB] mean number of q cost that have been adjusted 2 times in relation to total number of q: -1
[t=10.0097s, 38780 KB] mean number of q that are at some point overconsitent in relation to total number of q: -1
[t=10.0097s, 38780 KB] mean number of q that are at first underconsisten in relation to total number of q: -1
[t=10.0097s, 38780 KB] mean number of state variables that are not in common between two following states in relation to total number of state variables: -1
[t=10.0097s, 38780 KB] variance number of state variables that are not in common between two following states in relation to total number of state variables: -1
[t=10.0097s, 38780 KB] Search time: 9.63614s
[t=10.0097s, 38780 KB] Total time: 10.0097s
Solution found.
Peak memory: 38780 KB
Remove intermediate file output.sas
search exit code: 0

INFO     Running validate.
INFO     validate stdin: None
INFO     validate time limit: None
INFO     validate memory limit: None
INFO     validate command line string: validate domain.pddl problem.pddl sas_plan
