INFO     Running translator.
INFO     translator stdin: None
INFO     translator time limit: 1799.96s
INFO     translator memory limit: 3584 MB
INFO     translator command line string: /infai/weidan00/downward/experiments/bachelor/.venv/bin/python3 /infai/weidan00/downward/experiments/bachelor/data/bachelor-v1/code-7aa5f34_e5e41175/builds/release/bin/translate/translate.py domain.pddl problem.pddl --sas-file output.sas
Parsing...
Parsing: [0.000s CPU, 0.004s wall-clock]
Normalizing task... [0.000s CPU, 0.000s wall-clock]
Instantiating...
Generating Datalog program... [0.000s CPU, 0.001s wall-clock]
Normalizing Datalog program...
Normalizing Datalog program: [0.000s CPU, 0.003s wall-clock]
Preparing model... [0.000s CPU, 0.002s wall-clock]
Generated 52 rules.
Computing model... [0.060s CPU, 0.048s wall-clock]
1224 relevant atoms
3942 auxiliary atoms
5166 final queue length
6287 total queue pushes
Completing instantiation... [0.030s CPU, 0.035s wall-clock]
Instantiating: [0.090s CPU, 0.090s wall-clock]
Computing fact groups...
Finding invariants...
6 initial candidates
Finding invariants: [0.010s CPU, 0.002s wall-clock]
Checking invariant weight... [0.000s CPU, 0.000s wall-clock]
Instantiating groups... [0.000s CPU, 0.001s wall-clock]
Collecting mutex groups... [0.000s CPU, 0.000s wall-clock]
Choosing groups...
1 uncovered facts
Choosing groups: [0.000s CPU, 0.000s wall-clock]
Building translation key... [0.000s CPU, 0.000s wall-clock]
Computing fact groups: [0.010s CPU, 0.004s wall-clock]
Building STRIPS to SAS dictionary... [0.000s CPU, 0.000s wall-clock]
Building dictionary for full mutex groups... [0.000s CPU, 0.000s wall-clock]
Building mutex information...
Building mutex information: [0.000s CPU, 0.000s wall-clock]
Translating task...
Processing axioms...
Simplifying axioms... [0.000s CPU, 0.000s wall-clock]
Processing axioms: [0.000s CPU, 0.002s wall-clock]
Translating task: [0.040s CPU, 0.040s wall-clock]
185 effect conditions simplified
0 implied preconditions added
Detecting unreachable propositions...
64 operators removed
0 axioms removed
22 propositions removed
Detecting unreachable propositions: [0.010s CPU, 0.018s wall-clock]
Reordering and filtering variables...
17 of 17 variables necessary.
0 of 16 mutex groups necessary.
938 of 938 operators necessary.
0 of 0 axiom rules necessary.
Reordering and filtering variables: [0.010s CPU, 0.005s wall-clock]
Translator variables: 17
Translator derived variables: 0
Translator facts: 93
Translator goal facts: 16
Translator mutex groups: 0
Translator total mutex groups size: 0
Translator operators: 938
Translator axioms: 0
Translator task size: 5514
Translator peak memory: 146892 KB
Writing output... [0.020s CPU, 0.034s wall-clock]
Done! [0.180s CPU, 0.199s wall-clock]
translate exit code: 0

INFO     Running search (release).
INFO     search stdin: output.sas
INFO     search time limit: 1799.73s
INFO     search memory limit: 3584 MB
INFO     search command line string: /infai/weidan00/downward/experiments/bachelor/data/bachelor-v1/code-7aa5f34_e5e41175/builds/release/bin/downward --search 'eager_wastar([add()], w=2)' --internal-plan-file sas_plan < output.sas
[t=6.5767e-05s, 17204 KB] reading input...
[t=0.00548769s, 17488 KB] done reading input!
[t=0.00764202s, 17752 KB] Simplifying 1294 unary operators... done! [1290 unary operators]
[t=0.00911262s, 17884 KB] time to simplify: 0.00155055s
[t=0.0093098s, 17884 KB] Initializing additive heuristic...
[t=0.00944237s, 17884 KB] Building successor generator...done!
[t=0.0101163s, 18016 KB] peak memory difference for successor generator creation: 132 KB
[t=0.0101576s, 18016 KB] time for successor generation creation: 0.000533927s
[t=0.0102098s, 18016 KB] Variables: 17
[t=0.0102494s, 18016 KB] FactPairs: 93
[t=0.0102885s, 18016 KB] Bytes per state: 8
[t=0.0104093s, 18016 KB] Conducting best first search with reopening closed nodes, (real) bound = 2147483647
[t=0.0105448s, 18016 KB] New best heuristic value for add: 148
[t=0.0105881s, 18016 KB] g=0, 1 evaluated, 0 expanded
[t=0.0106548s, 18016 KB] Initial heuristic value for add: 148
[t=0.010696s, 18016 KB] pruning method: none
[t=0.0108357s, 18016 KB] New best heuristic value for add: 113
[t=0.0108779s, 18016 KB] g=1, 4 evaluated, 1 expanded
[t=0.010949s, 18016 KB] New best heuristic value for add: 83
[t=0.0109897s, 18016 KB] g=2, 5 evaluated, 2 expanded
[t=0.0111395s, 18016 KB] New best heuristic value for add: 63
[t=0.0111817s, 18016 KB] g=3, 9 evaluated, 3 expanded
[t=0.0113996s, 18016 KB] New best heuristic value for add: 55
[t=0.0114425s, 18016 KB] g=4, 16 evaluated, 4 expanded
[t=0.0171391s, 18016 KB] New best heuristic value for add: 52
[t=0.0171929s, 18016 KB] g=14, 244 evaluated, 110 expanded
[t=0.0181293s, 18016 KB] New best heuristic value for add: 49
[t=0.0181835s, 18016 KB] g=16, 278 evaluated, 119 expanded
[t=0.0512204s, 18016 KB] New best heuristic value for add: 44
[t=0.0513057s, 18016 KB] g=14, 1549 evaluated, 931 expanded, 221 reopened
[t=0.276786s, 18280 KB] New best heuristic value for add: 41
[t=0.276873s, 18280 KB] g=22, 10037 evaluated, 6032 expanded, 1537 reopened
[t=1.10985s, 19596 KB] New best heuristic value for add: 39
[t=1.10996s, 19596 KB] g=24, 40916 evaluated, 24142 expanded, 6993 reopened
[t=1.13352s, 19596 KB] New best heuristic value for add: 38
[t=1.13358s, 19596 KB] g=34, 41852 evaluated, 24455 expanded, 7038 reopened
[t=1.16097s, 19596 KB] New best heuristic value for add: 37
[t=1.16104s, 19596 KB] g=36, 42915 evaluated, 24874 expanded, 7143 reopened
[t=3.79287s, 24328 KB] New best heuristic value for add: 35
[t=3.79296s, 24328 KB] g=34, 144313 evaluated, 98631 expanded, 38331 reopened
[t=3.81596s, 24460 KB] New best heuristic value for add: 34
[t=3.81603s, 24460 KB] g=50, 145268 evaluated, 98979 expanded, 38398 reopened
[t=4.07386s, 24724 KB] New best heuristic value for add: 31
[t=4.07393s, 24724 KB] g=60, 155585 evaluated, 103315 expanded, 39416 reopened
[t=7.79302s, 31048 KB] New best heuristic value for add: 29
[t=7.79312s, 31048 KB] g=60, 292833 evaluated, 179633 expanded, 63277 reopened
[t=7.79616s, 31048 KB] New best heuristic value for add: 28
[t=7.79622s, 31048 KB] g=62, 292951 evaluated, 179671 expanded, 63279 reopened
[t=9.73433s, 33308 KB] New best heuristic value for add: 26
[t=9.73445s, 33308 KB] g=64, 366270 evaluated, 213647 expanded, 71367 reopened
[t=12.2889s, 43892 KB] New best heuristic value for add: 24
[t=12.289s, 43892 KB] g=76, 462230 evaluated, 258368 expanded, 82096 reopened
[t=12.4183s, 43892 KB] New best heuristic value for add: 22
[t=12.4184s, 43892 KB] g=76, 467400 evaluated, 260648 expanded, 82702 reopened
[t=12.7478s, 43892 KB] New best heuristic value for add: 20
[t=12.7479s, 43892 KB] g=84, 480656 evaluated, 266386 expanded, 83941 reopened
[t=14.26s, 43892 KB] New best heuristic value for add: 19
[t=14.2601s, 43892 KB] g=96, 540862 evaluated, 297991 expanded, 94708 reopened
[t=24.6352s, 69624 KB] New best heuristic value for add: 18
[t=24.6353s, 69624 KB] g=104, 929737 evaluated, 589845 expanded, 247603 reopened
[t=24.6355s, 69624 KB] New best heuristic value for add: 17
[t=24.6356s, 69624 KB] g=106, 929744 evaluated, 589847 expanded, 247603 reopened
[t=24.636s, 69624 KB] New best heuristic value for add: 16
[t=24.636s, 69624 KB] g=105, 929762 evaluated, 589852 expanded, 247603 reopened
[t=24.6361s, 69624 KB] New best heuristic value for add: 15
[t=24.6362s, 69624 KB] g=106, 929765 evaluated, 589853 expanded, 247603 reopened
[t=24.6362s, 69624 KB] New best heuristic value for add: 13
[t=24.6363s, 69624 KB] g=107, 929767 evaluated, 589854 expanded, 247603 reopened
[t=24.6366s, 69624 KB] New best heuristic value for add: 12
[t=24.6366s, 69624 KB] g=110, 929778 evaluated, 589857 expanded, 247603 reopened
[t=24.637s, 69624 KB] New best heuristic value for add: 11
[t=24.637s, 69624 KB] g=111, 929793 evaluated, 589861 expanded, 247603 reopened
[t=25.0914s, 69624 KB] New best heuristic value for add: 10
[t=25.0915s, 69624 KB] g=125, 950802 evaluated, 599038 expanded, 248821 reopened
[t=25.0916s, 69624 KB] New best heuristic value for add: 9
[t=25.0917s, 69624 KB] g=127, 950809 evaluated, 599040 expanded, 248821 reopened
[t=25.0918s, 69624 KB] New best heuristic value for add: 8
[t=25.0918s, 69624 KB] g=128, 950812 evaluated, 599041 expanded, 248821 reopened
[t=25.092s, 69624 KB] New best heuristic value for add: 5
[t=25.092s, 69624 KB] g=130, 950820 evaluated, 599044 expanded, 248821 reopened
[t=25.0922s, 69624 KB] New best heuristic value for add: 4
[t=25.0922s, 69624 KB] g=131, 950825 evaluated, 599045 expanded, 248821 reopened
[t=25.0923s, 69624 KB] New best heuristic value for add: 3
[t=25.0923s, 69624 KB] g=131, 950827 evaluated, 599045 expanded, 248821 reopened
[t=25.0926s, 69624 KB] New best heuristic value for add: 2
[t=25.0926s, 69624 KB] g=134, 950851 evaluated, 599052 expanded, 248821 reopened
[t=25.0942s, 69624 KB] New best heuristic value for add: 1
[t=25.0942s, 69624 KB] g=136, 951009 evaluated, 599117 expanded, 248821 reopened
[t=25.0945s, 69624 KB] New best heuristic value for add: 0
[t=25.0946s, 69624 KB] g=140, 951042 evaluated, 599128 expanded, 248821 reopened
[t=25.0946s, 69624 KB] Solution found!
[t=25.0947s, 69624 KB] Actual search time: 25.084s
create-block pos-3-0 (1)
move pos-3-0 pos-2-0 n0 (1)
move pos-2-0 pos-2-1 n0 (1)
place-block pos-2-1 pos-1-1 n0 n1 (1)
move pos-2-1 pos-2-0 n0 (1)
move pos-2-0 pos-3-0 n0 (1)
create-block pos-3-0 (1)
move pos-3-0 pos-2-0 n0 (1)
place-block pos-2-0 pos-1-0 n0 n1 (1)
move pos-2-0 pos-3-0 n0 (1)
create-block pos-3-0 (1)
move pos-3-0 pos-2-0 n0 (1)
move pos-2-0 pos-2-1 n0 (1)
move pos-2-1 pos-2-2 n0 (1)
place-block pos-2-2 pos-1-2 n0 n1 (1)
move pos-2-2 pos-2-1 n0 (1)
move pos-2-1 pos-2-0 n0 (1)
move pos-2-0 pos-3-0 n0 (1)
create-block pos-3-0 (1)
place-block pos-3-0 pos-2-0 n0 n1 (1)
create-block pos-3-0 (1)
move-up pos-3-0 n0 pos-2-0 n1 (1)
move-down pos-2-0 n1 pos-2-1 n0 (1)
move pos-2-1 pos-2-2 n0 (1)
move pos-2-2 pos-2-3 n0 (1)
place-block pos-2-3 pos-1-3 n0 n1 (1)
move pos-2-3 pos-2-2 n0 (1)
move pos-2-2 pos-2-1 n0 (1)
move-up pos-2-1 n0 pos-2-0 n1 (1)
move-down pos-2-0 n1 pos-3-0 n0 (1)
create-block pos-3-0 (1)
move-up pos-3-0 n0 pos-2-0 n1 (1)
move pos-2-0 pos-1-0 n1 (1)
move pos-1-0 pos-1-1 n1 (1)
move pos-1-1 pos-1-2 n1 (1)
place-block pos-1-2 pos-1-3 n1 n2 (1)
move-down pos-1-2 n1 pos-2-2 n0 (1)
move pos-2-2 pos-2-1 n0 (1)
remove-block pos-2-1 pos-2-0 n1 n0 (1)
move-up pos-2-1 n0 pos-1-1 n1 (1)
place-block pos-1-1 pos-1-2 n1 n2 (1)
move-down pos-1-1 n1 pos-2-1 n0 (1)
move pos-2-1 pos-2-0 n0 (1)
move pos-2-0 pos-3-0 n0 (1)
create-block pos-3-0 (1)
place-block pos-3-0 pos-2-0 n0 n1 (1)
create-block pos-3-0 (1)
move-up pos-3-0 n0 pos-2-0 n1 (1)
move pos-2-0 pos-1-0 n1 (1)
move-down pos-1-0 n1 pos-0-0 n0 (1)
place-block pos-0-0 pos-0-1 n0 n1 (1)
move-up pos-0-0 n0 pos-1-0 n1 (1)
move pos-1-0 pos-2-0 n1 (1)
move-down pos-2-0 n1 pos-3-0 n0 (1)
create-block pos-3-0 (1)
move-up pos-3-0 n0 pos-2-0 n1 (1)
move pos-2-0 pos-1-0 n1 (1)
move pos-1-0 pos-1-1 n1 (1)
move-up pos-1-1 n1 pos-1-2 n2 (1)
place-block pos-1-2 pos-1-3 n2 n3 (1)
move-down pos-1-2 n2 pos-1-1 n1 (1)
remove-block pos-1-1 pos-1-2 n2 n1 (1)
place-block pos-1-1 pos-0-1 n1 n2 (1)
move-down pos-1-1 n1 pos-2-1 n0 (1)
remove-block pos-2-1 pos-2-0 n1 n0 (1)
move-up pos-2-1 n0 pos-1-1 n1 (1)
move pos-1-1 pos-1-0 n1 (1)
place-block pos-1-0 pos-1-1 n1 n2 (1)
move-down pos-1-0 n1 pos-2-0 n0 (1)
move pos-2-0 pos-3-0 n0 (1)
create-block pos-3-0 (1)
place-block pos-3-0 pos-2-0 n0 n1 (1)
create-block pos-3-0 (1)
move-up pos-3-0 n0 pos-2-0 n1 (1)
move pos-2-0 pos-1-0 n1 (1)
move-up pos-1-0 n1 pos-1-1 n2 (1)
place-block pos-1-1 pos-0-1 n2 n3 (1)
move-down pos-1-1 n2 pos-1-0 n1 (1)
move pos-1-0 pos-2-0 n1 (1)
move-down pos-2-0 n1 pos-3-0 n0 (1)
create-block pos-3-0 (1)
place-block pos-3-0 pos-3-1 n0 n1 (1)
create-block pos-3-0 (1)
move-up pos-3-0 n0 pos-2-0 n1 (1)
move-down pos-2-0 n1 pos-2-1 n0 (1)
place-block pos-2-1 pos-2-2 n0 n1 (1)
remove-block pos-2-1 pos-3-1 n1 n0 (1)
move-up pos-2-1 n0 pos-2-2 n1 (1)
place-block pos-2-2 pos-1-2 n1 n2 (1)
move-down pos-2-2 n1 pos-2-1 n0 (1)
remove-block pos-2-1 pos-2-2 n1 n0 (1)
move-up pos-2-1 n0 pos-2-0 n1 (1)
move pos-2-0 pos-1-0 n1 (1)
move-up pos-1-0 n1 pos-1-1 n2 (1)
place-block pos-1-1 pos-1-2 n2 n3 (1)
remove-block pos-1-1 pos-0-1 n3 n2 (1)
move-up pos-1-1 n2 pos-1-2 n3 (1)
place-block pos-1-2 pos-1-3 n3 n4 (1)
move-down pos-1-2 n3 pos-1-1 n2 (1)
remove-block pos-1-1 pos-1-2 n3 n2 (1)
place-block pos-1-1 pos-0-1 n2 n3 (1)
move-down pos-1-1 n2 pos-1-0 n1 (1)
remove-block pos-1-0 pos-1-1 n2 n1 (1)
move pos-1-0 pos-1-1 n1 (1)
place-block pos-1-1 pos-1-0 n1 n2 (1)
remove-block pos-1-1 pos-1-2 n2 n1 (1)
move pos-1-1 pos-1-2 n1 (1)
place-block pos-1-2 pos-1-1 n1 n2 (1)
move-down pos-1-2 n1 pos-2-2 n0 (1)
remove-block pos-2-2 pos-1-2 n1 n0 (1)
move pos-2-2 pos-2-1 n0 (1)
move-up pos-2-1 n0 pos-2-0 n1 (1)
move-up pos-2-0 n1 pos-1-0 n2 (1)
place-block pos-1-0 pos-1-1 n2 n3 (1)
move-down pos-1-0 n2 pos-2-0 n1 (1)
move-down pos-2-0 n1 pos-3-0 n0 (1)
create-block pos-3-0 (1)
move-up pos-3-0 n0 pos-2-0 n1 (1)
move-up pos-2-0 n1 pos-1-0 n2 (1)
move-up pos-1-0 n2 pos-1-1 n3 (1)
place-block pos-1-1 pos-0-1 n3 n4 (1)
move-down pos-1-1 n3 pos-1-0 n2 (1)
remove-block pos-1-0 pos-1-1 n3 n2 (1)
move-down pos-1-0 n2 pos-2-0 n1 (1)
move-down pos-2-0 n1 pos-2-1 n0 (1)
move pos-2-1 pos-3-1 n0 (1)
place-block pos-3-1 pos-2-1 n0 n1 (1)
move-up pos-3-1 n0 pos-2-1 n1 (1)
remove-block pos-2-1 pos-1-1 n2 n1 (1)
place-block pos-2-1 pos-2-0 n1 n2 (1)
move-down pos-2-1 n1 pos-3-1 n0 (1)
remove-block pos-3-1 pos-2-1 n1 n0 (1)
move pos-3-1 pos-3-0 n0 (1)
destroy-block pos-3-0 (1)
move pos-3-0 pos-3-1 n0 (1)
move pos-3-1 pos-2-1 n0 (1)
remove-block pos-2-1 pos-1-1 n1 n0 (1)
move pos-2-1 pos-3-1 n0 (1)
move pos-3-1 pos-3-0 n0 (1)
destroy-block pos-3-0 (1)
[t=25.0947s, 69624 KB] Plan length: 140 step(s).
[t=25.0947s, 69624 KB] Plan cost: 140
[t=25.0947s, 69624 KB] Expanded 599129 state(s).
[t=25.0947s, 69624 KB] Reopened 248821 state(s).
[t=25.0947s, 69624 KB] Evaluated 951042 state(s).
[t=25.0947s, 69624 KB] Evaluations: 951042
[t=25.0947s, 69624 KB] Generated 2913884 state(s).
[t=25.0947s, 69624 KB] Dead ends: 0 state(s).
[t=25.0947s, 69624 KB] Number of registered states: 951042
[t=25.0947s, 69624 KB] Int hash set load factor: 951042/2097152 = 0.453492
[t=25.0947s, 69624 KB] Int hash set resizes: 21
[t=25.0947s, 69624 KB] mean number of q cost that have been adjusted 0 times in relation to total number of q: -1
[t=25.0947s, 69624 KB] mean number of q cost that have been adjusted 1 times in relation to total number of q: -1
[t=25.0947s, 69624 KB] mean number of q cost that have been adjusted 2 times in relation to total number of q: -1
[t=25.0947s, 69624 KB] mean number of q that are at some point overconsitent in relation to total number of q: -1
[t=25.0947s, 69624 KB] mean number of q that are at first underconsisten in relation to total number of q: -1
[t=25.0947s, 69624 KB] mean number of state variables that are not in common between two following states in relation to total number of state variables: -1
[t=25.0947s, 69624 KB] variance number of state variables that are not in common between two following states in relation to total number of state variables: -1
[t=25.0947s, 69624 KB] Search time: 25.0843s
[t=25.0947s, 69624 KB] Total time: 25.0947s
Solution found.
Peak memory: 69624 KB
Remove intermediate file output.sas
search exit code: 0

INFO     Running validate.
INFO     validate stdin: None
INFO     validate time limit: None
INFO     validate memory limit: None
INFO     validate command line string: validate domain.pddl problem.pddl sas_plan
