INFO     Running translator.
INFO     translator stdin: None
INFO     translator time limit: 1799.96s
INFO     translator memory limit: 3584 MB
INFO     translator command line string: /infai/weidan00/downward/experiments/bachelor/.venv/bin/python3 /infai/weidan00/downward/experiments/bachelor/data/bachelor-v1/code-7aa5f34_e5e41175/builds/release/bin/translate/translate.py domain.pddl problem.pddl --sas-file output.sas
Parsing...
Parsing: [0.010s CPU, 0.003s wall-clock]
Normalizing task... [0.000s CPU, 0.000s wall-clock]
Instantiating...
Generating Datalog program... [0.000s CPU, 0.001s wall-clock]
Normalizing Datalog program...
Normalizing Datalog program: [0.000s CPU, 0.003s wall-clock]
Preparing model... [0.010s CPU, 0.002s wall-clock]
Generated 42 rules.
Computing model... [0.240s CPU, 0.254s wall-clock]
17564 relevant atoms
6015 auxiliary atoms
23579 final queue length
56133 total queue pushes
Completing instantiation... [0.980s CPU, 0.974s wall-clock]
Instantiating: [1.230s CPU, 1.241s wall-clock]
Computing fact groups...
Finding invariants...
12 initial candidates
Finding invariants: [0.020s CPU, 0.014s wall-clock]
Checking invariant weight... [0.000s CPU, 0.000s wall-clock]
Instantiating groups... [0.010s CPU, 0.006s wall-clock]
Collecting mutex groups... [0.000s CPU, 0.001s wall-clock]
Choosing groups...
2 uncovered facts
Choosing groups: [0.000s CPU, 0.002s wall-clock]
Building translation key... [0.000s CPU, 0.001s wall-clock]
Computing fact groups: [0.030s CPU, 0.028s wall-clock]
Building STRIPS to SAS dictionary... [0.000s CPU, 0.001s wall-clock]
Building dictionary for full mutex groups... [0.000s CPU, 0.000s wall-clock]
Building mutex information...
Building mutex information: [0.000s CPU, 0.000s wall-clock]
Translating task...
Processing axioms...
Simplifying axioms... [0.000s CPU, 0.000s wall-clock]
Processing axioms: [0.040s CPU, 0.033s wall-clock]
Translating task: [0.770s CPU, 0.775s wall-clock]
0 effect conditions simplified
0 implied preconditions added
Detecting unreachable propositions...
0 operators removed
0 axioms removed
56 propositions removed
Detecting unreachable propositions: [0.480s CPU, 0.473s wall-clock]
Reordering and filtering variables...
52 of 52 variables necessary.
0 of 52 mutex groups necessary.
16616 of 16616 operators necessary.
0 of 0 axiom rules necessary.
Reordering and filtering variables: [0.100s CPU, 0.101s wall-clock]
Translator variables: 52
Translator derived variables: 0
Translator facts: 730
Translator goal facts: 1
Translator mutex groups: 0
Translator total mutex groups size: 0
Translator operators: 16616
Translator axioms: 0
Translator task size: 99223
Translator peak memory: 220108 KB
Writing output... [0.160s CPU, 0.190s wall-clock]
Done! [2.810s CPU, 2.851s wall-clock]
translate exit code: 0

INFO     Running search (release).
INFO     search stdin: output.sas
INFO     search time limit: 1797.06s
INFO     search memory limit: 3584 MB
INFO     search command line string: /infai/weidan00/downward/experiments/bachelor/data/bachelor-v1/code-7aa5f34_e5e41175/builds/release/bin/downward --search 'eager_wastar([pinch()], w=2)' --internal-plan-file sas_plan < output.sas
[t=6.9104e-05s, 17204 KB] reading input...
[t=0.105927s, 22204 KB] done reading input!
[t=0.113594s, 24524 KB] Simplifying 33232 unary operators... done! [32504 unary operators]
[t=0.159564s, 27588 KB] time to simplify: 0.0484479s
[t=0.164133s, 27588 KB] Initializing pinch heuristic...
[t=0.164362s, 27588 KB] Building successor generator...done!
[t=0.174722s, 27588 KB] peak memory difference for successor generator creation: 0 KB
[t=0.174774s, 27588 KB] time for successor generation creation: 0.00992709s
[t=0.175007s, 27588 KB] Variables: 52
[t=0.175061s, 27588 KB] FactPairs: 730
[t=0.175102s, 27588 KB] Bytes per state: 24
[t=0.175261s, 27588 KB] Conducting best first search with reopening closed nodes, (real) bound = 2147483647
[t=0.178811s, 27588 KB] New best heuristic value for pinch: 5
[t=0.178919s, 27588 KB] g=0, 1 evaluated, 0 expanded
[t=0.178984s, 27588 KB] Initial heuristic value for pinch: 5
[t=0.179027s, 27588 KB] pruning method: none
[t=0.180318s, 27588 KB] New best heuristic value for pinch: 3
[t=0.180393s, 27588 KB] g=1, 4 evaluated, 1 expanded
[t=0.216857s, 27588 KB] New best heuristic value for pinch: 2
[t=0.216954s, 27588 KB] g=2, 97 evaluated, 3 expanded
[t=0.219726s, 27588 KB] New best heuristic value for pinch: 1
[t=0.219821s, 27588 KB] g=3, 103 evaluated, 4 expanded
[t=0.242533s, 27588 KB] New best heuristic value for pinch: 0
[t=0.242629s, 27588 KB] g=4, 161 evaluated, 5 expanded
[t=0.243141s, 27588 KB] Solution found!
[t=0.243199s, 27588 KB] Actual search time: 0.0641695s
feast satisfaction potato yogurt guanabara bosnia (1)
overcome abrasion satisfaction yogurt mercury saturn (1)
feast satisfaction yogurt wonderbread guanabara bosnia (1)
succumb abrasion satisfaction wonderbread mercury saturn (1)
[t=0.243246s, 27588 KB] Plan length: 4 step(s).
[t=0.243246s, 27588 KB] Plan cost: 4
[t=0.243246s, 27588 KB] Expanded 6 state(s).
[t=0.243246s, 27588 KB] Reopened 0 state(s).
[t=0.243246s, 27588 KB] Evaluated 162 state(s).
[t=0.243246s, 27588 KB] Evaluations: 162
[t=0.243246s, 27588 KB] Generated 163 state(s).
[t=0.243246s, 27588 KB] Dead ends: 0 state(s).
[t=0.243246s, 27588 KB] Number of registered states: 162
[t=0.243246s, 27588 KB] Int hash set load factor: 162/256 = 0.632812
[t=0.243246s, 27588 KB] Int hash set resizes: 8
[t=0.243246s, 27588 KB] mean number of q cost that have been adjusted 0 times in relation to total number of q: -1
[t=0.243246s, 27588 KB] mean number of q cost that have been adjusted 1 times in relation to total number of q: -1
[t=0.243246s, 27588 KB] mean number of q cost that have been adjusted 2 times in relation to total number of q: -1
[t=0.243246s, 27588 KB] mean number of q that are at some point overconsitent in relation to total number of q: -1
[t=0.243246s, 27588 KB] mean number of q that are at first underconsisten in relation to total number of q: -1
[t=0.243246s, 27588 KB] mean number of state variables that are not in common between two following states in relation to total number of state variables: -1
[t=0.243246s, 27588 KB] variance number of state variables that are not in common between two following states in relation to total number of state variables: -1
[t=0.243246s, 27588 KB] Search time: 0.0679857s
[t=0.243246s, 27588 KB] Total time: 0.243246s
Solution found.
Peak memory: 27588 KB
Remove intermediate file output.sas
search exit code: 0

INFO     Running validate.
INFO     validate stdin: None
INFO     validate time limit: None
INFO     validate memory limit: None
INFO     validate command line string: validate domain.pddl problem.pddl sas_plan
