INFO     Running translator.
INFO     translator stdin: None
INFO     translator time limit: 1799.96s
INFO     translator memory limit: 3584 MB
INFO     translator command line string: /infai/weidan00/downward/experiments/bachelor/.venv/bin/python3 /infai/weidan00/downward/experiments/bachelor/data/bachelor-v1/code-7aa5f34_e5e41175/builds/release/bin/translate/translate.py domain.pddl problem.pddl --sas-file output.sas
Parsing...
Parsing: [0.010s CPU, 0.007s wall-clock]
Normalizing task... [0.000s CPU, 0.000s wall-clock]
Instantiating...
Generating Datalog program... [0.000s CPU, 0.001s wall-clock]
Normalizing Datalog program...
Normalizing Datalog program: [0.000s CPU, 0.002s wall-clock]
Preparing model... [0.000s CPU, 0.003s wall-clock]
Generated 65 rules.
Computing model... [0.020s CPU, 0.021s wall-clock]
1845 relevant atoms
348 auxiliary atoms
2193 final queue length
5747 total queue pushes
Completing instantiation... [0.090s CPU, 0.087s wall-clock]
Instantiating: [0.110s CPU, 0.116s wall-clock]
Computing fact groups...
Finding invariants...
21 initial candidates
Finding invariants: [0.000s CPU, 0.005s wall-clock]
Checking invariant weight... [0.000s CPU, 0.000s wall-clock]
Instantiating groups... [0.000s CPU, 0.000s wall-clock]
Collecting mutex groups... [0.000s CPU, 0.000s wall-clock]
Choosing groups...
697 uncovered facts
Choosing groups: [0.000s CPU, 0.000s wall-clock]
Building translation key... [0.000s CPU, 0.003s wall-clock]
Computing fact groups: [0.010s CPU, 0.015s wall-clock]
Building STRIPS to SAS dictionary... [0.010s CPU, 0.001s wall-clock]
Building dictionary for full mutex groups... [0.000s CPU, 0.001s wall-clock]
Building mutex information...
Building mutex information: [0.000s CPU, 0.001s wall-clock]
Translating task...
Processing axioms...
Simplifying axioms... [0.000s CPU, 0.000s wall-clock]
Processing axioms: [0.000s CPU, 0.007s wall-clock]
Translating task: [0.150s CPU, 0.150s wall-clock]
3997 effect conditions simplified
0 implied preconditions added
Detecting unreachable propositions...
0 operators removed
0 axioms removed
28 propositions removed
Detecting unreachable propositions: [0.050s CPU, 0.049s wall-clock]
Reordering and filtering variables...
360 of 683 variables necessary.
0 of 0 mutex groups necessary.
937 of 937 operators necessary.
0 of 0 axiom rules necessary.
Reordering and filtering variables: [0.060s CPU, 0.054s wall-clock]
Translator variables: 360
Translator derived variables: 0
Translator facts: 720
Translator goal facts: 39
Translator mutex groups: 0
Translator total mutex groups size: 0
Translator operators: 937
Translator axioms: 0
Translator task size: 9064
Translator peak memory: 152268 KB
Writing output... [0.020s CPU, 0.021s wall-clock]
Done! [0.420s CPU, 0.419s wall-clock]
translate exit code: 0

INFO     Running search (release).
INFO     search stdin: output.sas
INFO     search time limit: 1799.49s
INFO     search memory limit: 3584 MB
INFO     search command line string: /infai/weidan00/downward/experiments/bachelor/data/bachelor-v1/code-7aa5f34_e5e41175/builds/release/bin/downward --search 'eager_wastar([add()], w=2)' --internal-plan-file sas_plan < output.sas
[t=6.5164e-05s, 17204 KB] reading input...
[t=0.00941589s, 17620 KB] done reading input!
[t=0.0118795s, 18160 KB] Simplifying 4004 unary operators... done! [3195 unary operators]
[t=0.0152623s, 18424 KB] time to simplify: 0.00352458s
[t=0.0156824s, 18424 KB] Initializing additive heuristic...
[t=0.0158471s, 18424 KB] Building successor generator...done!
[t=0.0164665s, 18424 KB] peak memory difference for successor generator creation: 0 KB
[t=0.0165074s, 18424 KB] time for successor generation creation: 0.000479634s
[t=0.0165631s, 18424 KB] Variables: 360
[t=0.016604s, 18424 KB] FactPairs: 720
[t=0.0166529s, 18424 KB] Bytes per state: 48
[t=0.016794s, 18424 KB] Conducting best first search with reopening closed nodes, (real) bound = 2147483647
[t=0.0169677s, 18424 KB] New best heuristic value for add: 39
[t=0.0170141s, 18424 KB] g=0, 1 evaluated, 0 expanded
[t=0.0170661s, 18424 KB] Initial heuristic value for add: 39
[t=0.0171072s, 18424 KB] pruning method: none
[t=0.0178718s, 18424 KB] New best heuristic value for add: 38
[t=0.0179221s, 18424 KB] g=1, 14 evaluated, 1 expanded
[t=0.057817s, 18424 KB] New best heuristic value for add: 37
[t=0.0579078s, 18424 KB] g=2, 820 evaluated, 2 expanded
[t=0.0938651s, 18424 KB] New best heuristic value for add: 36
[t=0.0939558s, 18424 KB] g=3, 1569 evaluated, 3 expanded
[t=0.281481s, 18588 KB] New best heuristic value for add: 35
[t=0.281598s, 18588 KB] g=4, 5547 evaluated, 14 expanded
[t=0.312294s, 18724 KB] New best heuristic value for add: 34
[t=0.312407s, 18724 KB] g=5, 6192 evaluated, 15 expanded
[t=0.346931s, 18724 KB] New best heuristic value for add: 33
[t=0.347027s, 18724 KB] g=6, 6941 evaluated, 16 expanded
[t=1.10394s, 20040 KB] New best heuristic value for add: 32
[t=1.10405s, 20040 KB] g=8, 23693 evaluated, 104 expanded
[t=4.58387s, 26404 KB] New best heuristic value for add: 31
[t=4.58399s, 26404 KB] g=10, 100395 evaluated, 464 expanded
[t=4.60153s, 26404 KB] New best heuristic value for add: 30
[t=4.60163s, 26404 KB] g=11, 100761 evaluated, 465 expanded
[t=7.07947s, 31164 KB] New best heuristic value for add: 29
[t=7.07957s, 31164 KB] g=13, 153003 evaluated, 652 expanded
[t=7.10066s, 31164 KB] New best heuristic value for add: 28
[t=7.10076s, 31164 KB] g=14, 153444 evaluated, 653 expanded
[t=9.74049s, 35292 KB] New best heuristic value for add: 27
[t=9.74061s, 35292 KB] g=16, 209598 evaluated, 856 expanded
[t=9.76278s, 35292 KB] New best heuristic value for add: 26
[t=9.76287s, 35292 KB] g=17, 210064 evaluated, 857 expanded
[t=12.4881s, 41480 KB] New best heuristic value for add: 25
[t=12.4882s, 41480 KB] g=19, 268027 evaluated, 1070 expanded
[t=12.5114s, 41480 KB] New best heuristic value for add: 24
[t=12.5115s, 41480 KB] g=20, 268520 evaluated, 1071 expanded
[t=15.2722s, 45876 KB] New best heuristic value for add: 23
[t=15.2723s, 45876 KB] g=22, 328598 evaluated, 1296 expanded
[t=15.2855s, 45876 KB] New best heuristic value for add: 22
[t=15.2856s, 45876 KB] g=23, 328878 evaluated, 1297 expanded
[t=18.2446s, 50544 KB] New best heuristic value for add: 21
[t=18.2447s, 50544 KB] g=25, 393172 evaluated, 1537 expanded
[t=18.2681s, 50544 KB] New best heuristic value for add: 20
[t=18.2682s, 50544 KB] g=26, 393675 evaluated, 1538 expanded
[t=41.8148s, 105304 KB] New best heuristic value for add: 19
[t=41.8149s, 105304 KB] g=28, 909806 evaluated, 3629 expanded
[t=743.724s, 1442444 KB] New best heuristic value for add: 18
[t=743.724s, 1442444 KB] g=30, 16201797 evaluated, 90079 expanded
Peak memory: 3352780 KB
caught signal 24 -- exiting
Time limit has been reached.
Remove intermediate file output.sas
search exit code: 23

Driver aborting after search
