INFO     Running translator.
INFO     translator stdin: None
INFO     translator time limit: 1799.93s
INFO     translator memory limit: 3584 MB
INFO     translator command line string: /infai/weidan00/downward/experiments/bachelor/.venv/bin/python3 /infai/weidan00/downward/experiments/bachelor/data/bachelor-v1/code-7aa5f34_e5e41175/builds/release/bin/translate/translate.py domain.pddl problem.pddl --sas-file output.sas
Parsing...
Parsing: [0.010s CPU, 0.007s wall-clock]
Normalizing task... [0.000s CPU, 0.000s wall-clock]
Instantiating...
Generating Datalog program... [0.000s CPU, 0.002s wall-clock]
Normalizing Datalog program...
Normalizing Datalog program: [0.010s CPU, 0.005s wall-clock]
Preparing model... [0.010s CPU, 0.007s wall-clock]
Generated 44 rules.
Computing model... [0.780s CPU, 0.786s wall-clock]
48463 relevant atoms
4128 auxiliary atoms
52591 final queue length
98795 total queue pushes
Completing instantiation... [2.860s CPU, 2.865s wall-clock]
Instantiating: [3.680s CPU, 3.684s wall-clock]
Computing fact groups...
Finding invariants...
12 initial candidates
Finding invariants: [0.020s CPU, 0.018s wall-clock]
Checking invariant weight... [0.000s CPU, 0.000s wall-clock]
Instantiating groups... [0.000s CPU, 0.003s wall-clock]
Collecting mutex groups... [0.000s CPU, 0.001s wall-clock]
Choosing groups...
344 uncovered facts
Choosing groups: [0.000s CPU, 0.002s wall-clock]
Building translation key... [0.000s CPU, 0.004s wall-clock]
Computing fact groups: [0.040s CPU, 0.045s wall-clock]
Building STRIPS to SAS dictionary... [0.010s CPU, 0.001s wall-clock]
Building dictionary for full mutex groups... [0.000s CPU, 0.002s wall-clock]
Building mutex information...
Building mutex information: [0.000s CPU, 0.001s wall-clock]
Translating task...
Processing axioms...
Simplifying axioms... [0.000s CPU, 0.000s wall-clock]
Processing axioms: [0.100s CPU, 0.098s wall-clock]
Translating task: [2.280s CPU, 2.285s wall-clock]
60 effect conditions simplified
0 implied preconditions added
Detecting unreachable propositions...
0 operators removed
0 axioms removed
8 propositions removed
Detecting unreachable propositions: [1.410s CPU, 1.416s wall-clock]
Reordering and filtering variables...
120 of 352 variables necessary.
0 of 8 mutex groups necessary.
43977 of 46532 operators necessary.
0 of 0 axiom rules necessary.
Reordering and filtering variables: [0.280s CPU, 0.273s wall-clock]
Translator variables: 120
Translator derived variables: 0
Translator facts: 816
Translator goal facts: 68
Translator mutex groups: 0
Translator total mutex groups size: 0
Translator operators: 43977
Translator axioms: 0
Translator task size: 134417
Translator peak memory: 279984 KB
Writing output... [0.540s CPU, 0.580s wall-clock]
Done! [8.370s CPU, 8.426s wall-clock]
translate exit code: 0

INFO     Running search (release).
INFO     search stdin: output.sas
INFO     search time limit: 1791.44s
INFO     search memory limit: 3584 MB
INFO     search command line string: /infai/weidan00/downward/experiments/bachelor/data/bachelor-v1/code-7aa5f34_e5e41175/builds/release/bin/downward --search 'eager_wastar([pinch_tracking()], w=2)' --internal-plan-file sas_plan < output.sas
[t=7.7818e-05s, 17204 KB] reading input...
[t=0.388248s, 28332 KB] done reading input!
[t=0.40633s, 30752 KB] Simplifying 44037 unary operators... done! [44025 unary operators]
[t=0.447109s, 34948 KB] time to simplify: 0.0454498s
[t=0.454359s, 34948 KB] Initializing pinch tracking heuristic...
[t=0.454616s, 34948 KB] Building successor generator...done!
[t=0.475265s, 35152 KB] peak memory difference for successor generator creation: 204 KB
[t=0.475357s, 35152 KB] time for successor generation creation: 0.0195579s
[t=0.475877s, 35152 KB] Variables: 120
[t=0.47596s, 35152 KB] FactPairs: 816
[t=0.476019s, 35152 KB] Bytes per state: 24
[t=0.476248s, 35152 KB] Conducting best first search with reopening closed nodes, (real) bound = 2147483647
[t=0.483183s, 35152 KB] New best heuristic value for pinch_tracking: 381
[t=0.483299s, 35152 KB] g=0, 1 evaluated, 0 expanded
[t=0.483381s, 35152 KB] Initial heuristic value for pinch_tracking: 381
[t=0.483442s, 35152 KB] pruning method: none
[t=0.483635s, 35152 KB] New best heuristic value for pinch_tracking: 314
[t=0.4837s, 35152 KB] g=1, 2 evaluated, 1 expanded
[t=0.484224s, 35152 KB] New best heuristic value for pinch_tracking: 284
[t=0.484295s, 35152 KB] g=1, 7 evaluated, 1 expanded
[t=0.53917s, 35152 KB] New best heuristic value for pinch_tracking: 283
[t=0.539292s, 35152 KB] g=2, 606 evaluated, 2 expanded
[t=0.539445s, 35152 KB] New best heuristic value for pinch_tracking: 259
[t=0.53951s, 35152 KB] g=2, 607 evaluated, 2 expanded
[t=0.53973s, 35152 KB] New best heuristic value for pinch_tracking: 258
[t=0.539799s, 35152 KB] g=2, 609 evaluated, 2 expanded
[t=0.547784s, 35152 KB] New best heuristic value for pinch_tracking: 234
[t=0.547898s, 35152 KB] g=2, 696 evaluated, 2 expanded
[t=0.594773s, 35152 KB] New best heuristic value for pinch_tracking: 209
[t=0.594895s, 35152 KB] g=3, 1208 evaluated, 3 expanded
[t=0.595147s, 35152 KB] New best heuristic value for pinch_tracking: 183
[t=0.595219s, 35152 KB] g=3, 1210 evaluated, 3 expanded
[t=0.643182s, 35152 KB] New best heuristic value for pinch_tracking: 158
[t=0.643302s, 35152 KB] g=4, 1737 evaluated, 4 expanded
[t=0.643667s, 35152 KB] New best heuristic value for pinch_tracking: 157
[t=0.64374s, 35152 KB] g=4, 1740 evaluated, 4 expanded
[t=0.706246s, 35152 KB] New best heuristic value for pinch_tracking: 156
[t=0.706375s, 35152 KB] g=5, 2425 evaluated, 5 expanded
[t=0.709782s, 35152 KB] New best heuristic value for pinch_tracking: 155
[t=0.709891s, 35152 KB] g=5, 2461 evaluated, 5 expanded
[t=0.71366s, 35152 KB] New best heuristic value for pinch_tracking: 145
[t=0.713766s, 35152 KB] g=5, 2501 evaluated, 5 expanded
[t=0.754033s, 35152 KB] New best heuristic value for pinch_tracking: 132
[t=0.754152s, 35152 KB] g=6, 2943 evaluated, 6 expanded
[t=0.809736s, 35152 KB] New best heuristic value for pinch_tracking: 131
[t=0.809858s, 35152 KB] g=7, 3556 evaluated, 7 expanded
[t=0.813231s, 35152 KB] New best heuristic value for pinch_tracking: 130
[t=0.813343s, 35152 KB] g=7, 3592 evaluated, 7 expanded
[t=0.857902s, 35152 KB] New best heuristic value for pinch_tracking: 129
[t=0.858026s, 35152 KB] g=8, 4074 evaluated, 8 expanded
[t=0.913888s, 35152 KB] New best heuristic value for pinch_tracking: 128
[t=0.914009s, 35152 KB] g=9, 4688 evaluated, 9 expanded
[t=0.969455s, 35152 KB] New best heuristic value for pinch_tracking: 127
[t=0.969586s, 35152 KB] g=10, 5296 evaluated, 10 expanded
[t=1.00966s, 35152 KB] New best heuristic value for pinch_tracking: 126
[t=1.00978s, 35152 KB] g=11, 5736 evaluated, 11 expanded
[t=1.07276s, 35152 KB] New best heuristic value for pinch_tracking: 125
[t=1.07288s, 35152 KB] g=12, 6428 evaluated, 12 expanded
[t=1.11287s, 35152 KB] New best heuristic value for pinch_tracking: 124
[t=1.11299s, 35152 KB] g=13, 6867 evaluated, 13 expanded
[t=1.17625s, 35152 KB] New best heuristic value for pinch_tracking: 123
[t=1.17638s, 35152 KB] g=14, 7561 evaluated, 14 expanded
[t=1.21729s, 35152 KB] New best heuristic value for pinch_tracking: 122
[t=1.21741s, 35152 KB] g=15, 7999 evaluated, 15 expanded
[t=1.28142s, 35152 KB] New best heuristic value for pinch_tracking: 121
[t=1.28154s, 35152 KB] g=16, 8694 evaluated, 16 expanded
[t=1.32192s, 35152 KB] New best heuristic value for pinch_tracking: 120
[t=1.32204s, 35152 KB] g=17, 9131 evaluated, 17 expanded
[t=1.38621s, 35152 KB] New best heuristic value for pinch_tracking: 119
[t=1.38634s, 35152 KB] g=18, 9827 evaluated, 18 expanded
[t=1.42655s, 35152 KB] New best heuristic value for pinch_tracking: 118
[t=1.42667s, 35152 KB] g=19, 10263 evaluated, 19 expanded
[t=1.49082s, 35152 KB] New best heuristic value for pinch_tracking: 117
[t=1.49094s, 35152 KB] g=20, 10961 evaluated, 20 expanded
[t=1.531s, 35152 KB] New best heuristic value for pinch_tracking: 116
[t=1.53112s, 35152 KB] g=21, 11395 evaluated, 21 expanded
[t=1.59529s, 35152 KB] New best heuristic value for pinch_tracking: 115
[t=1.59541s, 35152 KB] g=22, 12094 evaluated, 22 expanded
[t=1.63535s, 35152 KB] New best heuristic value for pinch_tracking: 114
[t=1.63548s, 35152 KB] g=23, 12527 evaluated, 23 expanded
[t=1.69991s, 35152 KB] New best heuristic value for pinch_tracking: 113
[t=1.70004s, 35152 KB] g=24, 13230 evaluated, 24 expanded
[t=1.73907s, 35152 KB] New best heuristic value for pinch_tracking: 112
[t=1.73919s, 35152 KB] g=25, 13659 evaluated, 25 expanded
[t=1.80356s, 35152 KB] New best heuristic value for pinch_tracking: 111
[t=1.80368s, 35152 KB] g=26, 14367 evaluated, 26 expanded
[t=1.84227s, 35152 KB] New best heuristic value for pinch_tracking: 110
[t=1.84239s, 35152 KB] g=27, 14791 evaluated, 27 expanded
[t=1.90914s, 35152 KB] New best heuristic value for pinch_tracking: 109
[t=1.90926s, 35152 KB] g=28, 15500 evaluated, 28 expanded
[t=1.94797s, 35152 KB] New best heuristic value for pinch_tracking: 108
[t=1.94809s, 35152 KB] g=29, 15923 evaluated, 29 expanded
[t=2.01497s, 35152 KB] New best heuristic value for pinch_tracking: 107
[t=2.0151s, 35152 KB] g=30, 16633 evaluated, 30 expanded
[t=2.05495s, 35152 KB] New best heuristic value for pinch_tracking: 106
[t=2.05507s, 35152 KB] g=31, 17055 evaluated, 31 expanded
[t=2.12027s, 35152 KB] New best heuristic value for pinch_tracking: 105
[t=2.12039s, 35152 KB] g=32, 17767 evaluated, 32 expanded
[t=2.15893s, 35152 KB] New best heuristic value for pinch_tracking: 104
[t=2.15905s, 35152 KB] g=33, 18187 evaluated, 33 expanded
[t=2.22444s, 35152 KB] New best heuristic value for pinch_tracking: 103
[t=2.22457s, 35152 KB] g=34, 18901 evaluated, 34 expanded
[t=2.26289s, 35152 KB] New best heuristic value for pinch_tracking: 102
[t=2.26302s, 35152 KB] g=35, 19319 evaluated, 35 expanded
[t=2.32835s, 35152 KB] New best heuristic value for pinch_tracking: 101
[t=2.32848s, 35152 KB] g=36, 20034 evaluated, 36 expanded
[t=2.36672s, 35152 KB] New best heuristic value for pinch_tracking: 100
[t=2.36685s, 35152 KB] g=37, 20451 evaluated, 37 expanded
[t=2.43222s, 35152 KB] New best heuristic value for pinch_tracking: 99
[t=2.43235s, 35152 KB] g=38, 21167 evaluated, 38 expanded
[t=2.47046s, 35152 KB] New best heuristic value for pinch_tracking: 98
[t=2.47058s, 35152 KB] g=39, 21583 evaluated, 39 expanded
[t=2.5361s, 35152 KB] New best heuristic value for pinch_tracking: 97
[t=2.53622s, 35152 KB] g=40, 22300 evaluated, 40 expanded
[t=2.57418s, 35152 KB] New best heuristic value for pinch_tracking: 96
[t=2.57431s, 35152 KB] g=41, 22715 evaluated, 41 expanded
[t=2.64002s, 35152 KB] New best heuristic value for pinch_tracking: 95
[t=2.64014s, 35152 KB] g=42, 23433 evaluated, 42 expanded
[t=2.67796s, 35152 KB] New best heuristic value for pinch_tracking: 94
[t=2.67809s, 35152 KB] g=43, 23847 evaluated, 43 expanded
[t=2.74356s, 35152 KB] New best heuristic value for pinch_tracking: 93
[t=2.74369s, 35152 KB] g=44, 24566 evaluated, 44 expanded
[t=2.78134s, 35152 KB] New best heuristic value for pinch_tracking: 92
[t=2.78146s, 35152 KB] g=45, 24979 evaluated, 45 expanded
[t=2.8472s, 35152 KB] New best heuristic value for pinch_tracking: 91
[t=2.84732s, 35152 KB] g=46, 25699 evaluated, 46 expanded
[t=2.88485s, 35152 KB] New best heuristic value for pinch_tracking: 90
[t=2.88497s, 35152 KB] g=47, 26111 evaluated, 47 expanded
[t=2.95073s, 35152 KB] New best heuristic value for pinch_tracking: 89
[t=2.95086s, 35152 KB] g=48, 26832 evaluated, 48 expanded
[t=2.98842s, 35152 KB] New best heuristic value for pinch_tracking: 88
[t=2.98854s, 35152 KB] g=49, 27243 evaluated, 49 expanded
[t=3.05477s, 35152 KB] New best heuristic value for pinch_tracking: 87
[t=3.05489s, 35152 KB] g=50, 27966 evaluated, 50 expanded
[t=3.09227s, 35152 KB] New best heuristic value for pinch_tracking: 86
[t=3.09239s, 35152 KB] g=51, 28375 evaluated, 51 expanded
[t=3.15831s, 35152 KB] New best heuristic value for pinch_tracking: 85
[t=3.15844s, 35152 KB] g=52, 29099 evaluated, 52 expanded
[t=3.19942s, 35152 KB] New best heuristic value for pinch_tracking: 84
[t=3.19955s, 35152 KB] g=53, 29507 evaluated, 53 expanded
[t=3.266s, 35152 KB] New best heuristic value for pinch_tracking: 83
[t=3.26612s, 35152 KB] g=54, 30232 evaluated, 54 expanded
[t=3.30348s, 35152 KB] New best heuristic value for pinch_tracking: 82
[t=3.3036s, 35152 KB] g=55, 30639 evaluated, 55 expanded
[t=3.37012s, 35152 KB] New best heuristic value for pinch_tracking: 81
[t=3.37024s, 35152 KB] g=56, 31365 evaluated, 56 expanded
[t=3.40748s, 35152 KB] New best heuristic value for pinch_tracking: 80
[t=3.4076s, 35152 KB] g=57, 31771 evaluated, 57 expanded
[t=3.474s, 35152 KB] New best heuristic value for pinch_tracking: 79
[t=3.47413s, 35152 KB] g=58, 32498 evaluated, 58 expanded
[t=3.51212s, 36020 KB] New best heuristic value for pinch_tracking: 78
[t=3.51224s, 36020 KB] g=59, 32903 evaluated, 59 expanded
[t=3.57786s, 36020 KB] New best heuristic value for pinch_tracking: 77
[t=3.57798s, 36020 KB] g=60, 33632 evaluated, 60 expanded
[t=3.61494s, 36020 KB] New best heuristic value for pinch_tracking: 76
[t=3.61506s, 36020 KB] g=61, 34035 evaluated, 61 expanded
[t=3.68202s, 36020 KB] New best heuristic value for pinch_tracking: 75
[t=3.68215s, 36020 KB] g=62, 34765 evaluated, 62 expanded
[t=3.71907s, 36020 KB] New best heuristic value for pinch_tracking: 74
[t=3.71919s, 36020 KB] g=63, 35167 evaluated, 63 expanded
[t=3.78605s, 36020 KB] New best heuristic value for pinch_tracking: 73
[t=3.78618s, 36020 KB] g=64, 35898 evaluated, 64 expanded
[t=3.82298s, 36020 KB] New best heuristic value for pinch_tracking: 72
[t=3.82309s, 36020 KB] g=65, 36299 evaluated, 65 expanded
[t=3.89024s, 36020 KB] New best heuristic value for pinch_tracking: 71
[t=3.89036s, 36020 KB] g=66, 37031 evaluated, 66 expanded
[t=3.92719s, 36020 KB] New best heuristic value for pinch_tracking: 70
[t=3.92731s, 36020 KB] g=67, 37431 evaluated, 67 expanded
[t=3.99456s, 36020 KB] New best heuristic value for pinch_tracking: 69
[t=3.99468s, 36020 KB] g=68, 38164 evaluated, 68 expanded
[t=4.03358s, 36020 KB] New best heuristic value for pinch_tracking: 68
[t=4.03371s, 36020 KB] g=69, 38563 evaluated, 69 expanded
[t=4.10181s, 36020 KB] New best heuristic value for pinch_tracking: 67
[t=4.10193s, 36020 KB] g=70, 39297 evaluated, 70 expanded
[t=4.13855s, 36020 KB] New best heuristic value for pinch_tracking: 66
[t=4.13867s, 36020 KB] g=71, 39695 evaluated, 71 expanded
[t=4.20595s, 36020 KB] New best heuristic value for pinch_tracking: 65
[t=4.20607s, 36020 KB] g=72, 40430 evaluated, 72 expanded
[t=4.24265s, 36020 KB] New best heuristic value for pinch_tracking: 64
[t=4.24277s, 36020 KB] g=73, 40827 evaluated, 73 expanded
[t=4.31053s, 36020 KB] New best heuristic value for pinch_tracking: 63
[t=4.31065s, 36020 KB] g=74, 41567 evaluated, 74 expanded
[t=4.34682s, 36020 KB] New best heuristic value for pinch_tracking: 62
[t=4.34695s, 36020 KB] g=75, 41959 evaluated, 75 expanded
[t=4.41513s, 36020 KB] New best heuristic value for pinch_tracking: 61
[t=4.41525s, 36020 KB] g=76, 42703 evaluated, 76 expanded
[t=4.45093s, 36020 KB] New best heuristic value for pinch_tracking: 60
[t=4.45105s, 36020 KB] g=77, 43091 evaluated, 77 expanded
[t=4.51972s, 36020 KB] New best heuristic value for pinch_tracking: 59
[t=4.51984s, 36020 KB] g=78, 43839 evaluated, 78 expanded
[t=4.55514s, 36020 KB] New best heuristic value for pinch_tracking: 58
[t=4.55526s, 36020 KB] g=79, 44223 evaluated, 79 expanded
[t=4.62397s, 36020 KB] New best heuristic value for pinch_tracking: 57
[t=4.62409s, 36020 KB] g=80, 44973 evaluated, 80 expanded
[t=4.65954s, 36192 KB] New best heuristic value for pinch_tracking: 56
[t=4.65966s, 36192 KB] g=81, 45355 evaluated, 81 expanded
[t=4.72869s, 36192 KB] New best heuristic value for pinch_tracking: 55
[t=4.72881s, 36192 KB] g=82, 46106 evaluated, 82 expanded
[t=4.76403s, 36192 KB] New best heuristic value for pinch_tracking: 54
[t=4.76415s, 36192 KB] g=83, 46487 evaluated, 83 expanded
[t=4.8333s, 36192 KB] New best heuristic value for pinch_tracking: 53
[t=4.83343s, 36192 KB] g=84, 47239 evaluated, 84 expanded
[t=4.8685s, 36192 KB] New best heuristic value for pinch_tracking: 52
[t=4.86862s, 36192 KB] g=85, 47619 evaluated, 85 expanded
[t=4.93777s, 36192 KB] New best heuristic value for pinch_tracking: 51
[t=4.93789s, 36192 KB] g=86, 48372 evaluated, 86 expanded
[t=4.97287s, 36192 KB] New best heuristic value for pinch_tracking: 50
[t=4.97299s, 36192 KB] g=87, 48751 evaluated, 87 expanded
[t=5.04189s, 36380 KB] New best heuristic value for pinch_tracking: 49
[t=5.04201s, 36380 KB] g=88, 49505 evaluated, 88 expanded
[t=5.07665s, 36380 KB] New best heuristic value for pinch_tracking: 48
[t=5.07677s, 36380 KB] g=89, 49883 evaluated, 89 expanded
[t=5.14585s, 36380 KB] New best heuristic value for pinch_tracking: 47
[t=5.14597s, 36380 KB] g=90, 50639 evaluated, 90 expanded
[t=5.18048s, 36380 KB] New best heuristic value for pinch_tracking: 46
[t=5.1806s, 36380 KB] g=91, 51015 evaluated, 91 expanded
[t=5.24983s, 36380 KB] New best heuristic value for pinch_tracking: 45
[t=5.24995s, 36380 KB] g=92, 51774 evaluated, 92 expanded
[t=5.28417s, 36380 KB] New best heuristic value for pinch_tracking: 44
[t=5.28429s, 36380 KB] g=93, 52147 evaluated, 93 expanded
[t=5.35409s, 36552 KB] New best heuristic value for pinch_tracking: 43
[t=5.35421s, 36552 KB] g=94, 52908 evaluated, 94 expanded
[t=5.38834s, 36552 KB] New best heuristic value for pinch_tracking: 42
[t=5.38847s, 36552 KB] g=95, 53279 evaluated, 95 expanded
[t=5.45812s, 36552 KB] New best heuristic value for pinch_tracking: 41
[t=5.45824s, 36552 KB] g=96, 54042 evaluated, 96 expanded
[t=5.51599s, 36552 KB] New best heuristic value for pinch_tracking: 40
[t=5.51612s, 36552 KB] g=97, 54672 evaluated, 97 expanded
[t=6.5531s, 39672 KB] New best heuristic value for pinch_tracking: 39
[t=6.55323s, 39672 KB] g=99, 65954 evaluated, 117 expanded
[t=6.60818s, 39672 KB] New best heuristic value for pinch_tracking: 38
[t=6.60831s, 39672 KB] g=100, 66557 evaluated, 118 expanded
[t=6.65491s, 39672 KB] New best heuristic value for pinch_tracking: 37
[t=6.65504s, 39672 KB] g=101, 67070 evaluated, 119 expanded
[t=6.71167s, 39672 KB] New best heuristic value for pinch_tracking: 36
[t=6.71179s, 39672 KB] g=102, 67695 evaluated, 120 expanded
[t=6.75799s, 39672 KB] New best heuristic value for pinch_tracking: 35
[t=6.75811s, 39672 KB] g=103, 68202 evaluated, 121 expanded
[t=6.81548s, 39672 KB] New best heuristic value for pinch_tracking: 34
[t=6.81561s, 39672 KB] g=104, 68834 evaluated, 122 expanded
[t=6.86123s, 39672 KB] New best heuristic value for pinch_tracking: 33
[t=6.86136s, 39672 KB] g=105, 69334 evaluated, 123 expanded
[t=6.91882s, 39672 KB] New best heuristic value for pinch_tracking: 32
[t=6.91895s, 39672 KB] g=106, 69967 evaluated, 124 expanded
[t=6.96438s, 39672 KB] New best heuristic value for pinch_tracking: 31
[t=6.9645s, 39672 KB] g=107, 70466 evaluated, 125 expanded
[t=7.02196s, 39672 KB] New best heuristic value for pinch_tracking: 30
[t=7.02208s, 39672 KB] g=108, 71100 evaluated, 126 expanded
[t=7.06764s, 39672 KB] New best heuristic value for pinch_tracking: 29
[t=7.06776s, 39672 KB] g=109, 71598 evaluated, 127 expanded
[t=7.12562s, 39672 KB] New best heuristic value for pinch_tracking: 28
[t=7.12574s, 39672 KB] g=110, 72233 evaluated, 128 expanded
[t=7.17106s, 39672 KB] New best heuristic value for pinch_tracking: 27
[t=7.17118s, 39672 KB] g=111, 72730 evaluated, 129 expanded
[t=7.22927s, 39672 KB] New best heuristic value for pinch_tracking: 26
[t=7.22939s, 39672 KB] g=112, 73369 evaluated, 130 expanded
[t=7.27425s, 39672 KB] New best heuristic value for pinch_tracking: 25
[t=7.27437s, 39672 KB] g=113, 73862 evaluated, 131 expanded
[t=7.33274s, 39672 KB] New best heuristic value for pinch_tracking: 24
[t=7.33287s, 39672 KB] g=114, 74503 evaluated, 132 expanded
[t=7.37767s, 39672 KB] New best heuristic value for pinch_tracking: 23
[t=7.37779s, 39672 KB] g=115, 74994 evaluated, 133 expanded
[t=7.43969s, 39672 KB] New best heuristic value for pinch_tracking: 22
[t=7.43982s, 39672 KB] g=116, 75644 evaluated, 134 expanded
[t=7.53297s, 39672 KB] New best heuristic value for pinch_tracking: 21
[t=7.5331s, 39672 KB] g=117, 76655 evaluated, 136 expanded
[t=7.59233s, 39672 KB] New best heuristic value for pinch_tracking: 20
[t=7.59245s, 39672 KB] g=118, 77306 evaluated, 137 expanded
[t=7.68456s, 39672 KB] New best heuristic value for pinch_tracking: 19
[t=7.68467s, 39672 KB] g=119, 78316 evaluated, 139 expanded
[t=7.74411s, 39844 KB] New best heuristic value for pinch_tracking: 18
[t=7.74423s, 39844 KB] g=120, 78967 evaluated, 140 expanded
[t=7.83649s, 39844 KB] New best heuristic value for pinch_tracking: 17
[t=7.83662s, 39844 KB] g=121, 79977 evaluated, 142 expanded
[t=7.89589s, 39844 KB] New best heuristic value for pinch_tracking: 16
[t=7.89601s, 39844 KB] g=122, 80628 evaluated, 143 expanded
[t=7.98815s, 39844 KB] New best heuristic value for pinch_tracking: 15
[t=7.98827s, 39844 KB] g=123, 81638 evaluated, 145 expanded
[t=8.04788s, 40028 KB] New best heuristic value for pinch_tracking: 14
[t=8.04801s, 40028 KB] g=124, 82289 evaluated, 146 expanded
[t=8.14031s, 40028 KB] New best heuristic value for pinch_tracking: 13
[t=8.14043s, 40028 KB] g=125, 83299 evaluated, 148 expanded
[t=8.1999s, 40028 KB] New best heuristic value for pinch_tracking: 12
[t=8.20003s, 40028 KB] g=126, 83950 evaluated, 149 expanded
[t=8.29226s, 40028 KB] New best heuristic value for pinch_tracking: 11
[t=8.29238s, 40028 KB] g=127, 84960 evaluated, 151 expanded
[t=8.35189s, 40028 KB] New best heuristic value for pinch_tracking: 10
[t=8.35201s, 40028 KB] g=128, 85611 evaluated, 152 expanded
[t=8.44453s, 40196 KB] New best heuristic value for pinch_tracking: 9
[t=8.44466s, 40196 KB] g=129, 86621 evaluated, 154 expanded
[t=8.50406s, 40196 KB] New best heuristic value for pinch_tracking: 8
[t=8.50419s, 40196 KB] g=130, 87272 evaluated, 155 expanded
[t=8.59644s, 40196 KB] New best heuristic value for pinch_tracking: 7
[t=8.59656s, 40196 KB] g=131, 88282 evaluated, 157 expanded
[t=8.65596s, 40196 KB] New best heuristic value for pinch_tracking: 6
[t=8.65608s, 40196 KB] g=132, 88933 evaluated, 158 expanded
[t=8.74816s, 40196 KB] New best heuristic value for pinch_tracking: 5
[t=8.74828s, 40196 KB] g=133, 89943 evaluated, 160 expanded
[t=8.80773s, 40400 KB] New best heuristic value for pinch_tracking: 4
[t=8.80785s, 40400 KB] g=134, 90594 evaluated, 161 expanded
[t=8.90015s, 40400 KB] New best heuristic value for pinch_tracking: 3
[t=8.90028s, 40400 KB] g=135, 91604 evaluated, 163 expanded
[t=8.9596s, 40400 KB] New best heuristic value for pinch_tracking: 2
[t=8.95972s, 40400 KB] g=136, 92255 evaluated, 164 expanded
[t=9.05178s, 40400 KB] New best heuristic value for pinch_tracking: 1
[t=9.05191s, 40400 KB] g=137, 93265 evaluated, 166 expanded
[t=9.11136s, 40580 KB] New best heuristic value for pinch_tracking: 0
[t=9.11148s, 40580 KB] g=138, 93916 evaluated, 167 expanded
[t=9.15496s, 40580 KB] Solution found!
[t=9.15526s, 40580 KB] Actual search time: 8.67182s
switch_on instrument16 satellite6 (1)
turn_to satellite6 groundstation3 phenomenon28 (1)
calibrate satellite6 instrument16 groundstation3 (1)
switch_on instrument13 satellite5 (1)
turn_to satellite5 groundstation3 planet65 (1)
calibrate satellite5 instrument13 groundstation3 (1)
turn_to satellite6 planet41 groundstation3 (1)
take_image satellite6 planet41 instrument16 infrared1 (1)
turn_to satellite7 star6 planet17 (1)
turn_to satellite5 phenomenon16 groundstation3 (1)
take_image satellite5 phenomenon16 instrument13 spectrograph0 (1)
turn_to satellite5 phenomenon24 phenomenon16 (1)
take_image satellite5 phenomenon24 instrument13 infrared1 (1)
turn_to satellite5 phenomenon28 phenomenon24 (1)
take_image satellite5 phenomenon28 instrument13 spectrograph0 (1)
turn_to satellite5 phenomenon30 phenomenon28 (1)
take_image satellite5 phenomenon30 instrument13 thermograph2 (1)
turn_to satellite5 phenomenon35 phenomenon30 (1)
take_image satellite5 phenomenon35 instrument13 spectrograph0 (1)
turn_to satellite5 phenomenon45 phenomenon35 (1)
take_image satellite5 phenomenon45 instrument13 thermograph2 (1)
turn_to satellite5 phenomenon46 phenomenon45 (1)
take_image satellite5 phenomenon46 instrument13 infrared1 (1)
turn_to satellite5 phenomenon63 phenomenon46 (1)
take_image satellite5 phenomenon63 instrument13 infrared1 (1)
turn_to satellite5 phenomenon71 phenomenon63 (1)
take_image satellite5 phenomenon71 instrument13 infrared1 (1)
turn_to satellite5 phenomenon73 phenomenon71 (1)
take_image satellite5 phenomenon73 instrument13 thermograph2 (1)
turn_to satellite5 phenomenon8 phenomenon73 (1)
take_image satellite5 phenomenon8 instrument13 spectrograph0 (1)
turn_to satellite5 planet17 phenomenon8 (1)
take_image satellite5 planet17 instrument13 infrared1 (1)
turn_to satellite5 planet20 planet17 (1)
take_image satellite5 planet20 instrument13 spectrograph0 (1)
turn_to satellite5 planet21 planet20 (1)
take_image satellite5 planet21 instrument13 spectrograph0 (1)
turn_to satellite5 planet22 planet21 (1)
take_image satellite5 planet22 instrument13 spectrograph0 (1)
turn_to satellite5 planet25 planet22 (1)
take_image satellite5 planet25 instrument13 spectrograph0 (1)
turn_to satellite5 planet34 planet25 (1)
take_image satellite5 planet34 instrument13 thermograph2 (1)
turn_to satellite5 planet36 planet34 (1)
take_image satellite5 planet36 instrument13 infrared1 (1)
turn_to satellite5 planet38 planet36 (1)
take_image satellite5 planet38 instrument13 spectrograph0 (1)
turn_to satellite5 planet4 planet38 (1)
take_image satellite5 planet4 instrument13 thermograph2 (1)
turn_to satellite5 planet44 planet4 (1)
take_image satellite5 planet44 instrument13 spectrograph0 (1)
turn_to satellite5 planet5 planet44 (1)
take_image satellite5 planet5 instrument13 spectrograph0 (1)
turn_to satellite5 planet52 planet5 (1)
take_image satellite5 planet52 instrument13 infrared1 (1)
turn_to satellite5 planet53 planet52 (1)
take_image satellite5 planet53 instrument13 spectrograph0 (1)
turn_to satellite5 planet54 planet53 (1)
take_image satellite5 planet54 instrument13 thermograph2 (1)
turn_to satellite5 planet58 planet54 (1)
take_image satellite5 planet58 instrument13 spectrograph0 (1)
turn_to satellite5 planet59 planet58 (1)
take_image satellite5 planet59 instrument13 spectrograph0 (1)
turn_to satellite5 planet60 planet59 (1)
take_image satellite5 planet60 instrument13 thermograph2 (1)
turn_to satellite5 planet61 planet60 (1)
take_image satellite5 planet61 instrument13 infrared1 (1)
turn_to satellite5 planet65 planet61 (1)
take_image satellite5 planet65 instrument13 thermograph2 (1)
turn_to satellite5 planet69 planet65 (1)
take_image satellite5 planet69 instrument13 thermograph2 (1)
turn_to satellite5 planet70 planet69 (1)
take_image satellite5 planet70 instrument13 thermograph2 (1)
turn_to satellite5 star15 planet70 (1)
take_image satellite5 star15 instrument13 thermograph2 (1)
turn_to satellite5 star26 star15 (1)
take_image satellite5 star26 instrument13 infrared1 (1)
turn_to satellite5 star32 star26 (1)
take_image satellite5 star32 instrument13 infrared1 (1)
turn_to satellite5 star37 star32 (1)
take_image satellite5 star37 instrument13 thermograph2 (1)
turn_to satellite5 star39 star37 (1)
take_image satellite5 star39 instrument13 infrared1 (1)
turn_to satellite5 star40 star39 (1)
take_image satellite5 star40 instrument13 spectrograph0 (1)
turn_to satellite5 star43 star40 (1)
take_image satellite5 star43 instrument13 infrared1 (1)
turn_to satellite5 star47 star43 (1)
take_image satellite5 star47 instrument13 spectrograph0 (1)
turn_to satellite5 star50 star47 (1)
take_image satellite5 star50 instrument13 infrared1 (1)
turn_to satellite5 star6 star50 (1)
take_image satellite5 star6 instrument13 thermograph2 (1)
turn_to satellite5 star9 star6 (1)
take_image satellite5 star9 instrument13 infrared1 (1)
turn_to satellite4 phenomenon12 planet38 (1)
turn_to satellite3 planet34 phenomenon13 (1)
turn_to satellite6 phenomenon13 planet41 (1)
take_image satellite6 phenomenon13 instrument16 infrared3 (1)
turn_to satellite6 phenomenon14 phenomenon13 (1)
take_image satellite6 phenomenon14 instrument16 infrared3 (1)
turn_to satellite6 phenomenon42 phenomenon14 (1)
take_image satellite6 phenomenon42 instrument16 infrared3 (1)
turn_to satellite6 phenomenon64 phenomenon42 (1)
take_image satellite6 phenomenon64 instrument16 infrared3 (1)
turn_to satellite6 phenomenon66 phenomenon64 (1)
take_image satellite6 phenomenon66 instrument16 infrared3 (1)
turn_to satellite6 phenomenon67 phenomenon66 (1)
take_image satellite6 phenomenon67 instrument16 infrared3 (1)
turn_to satellite6 phenomenon68 phenomenon67 (1)
take_image satellite6 phenomenon68 instrument16 infrared3 (1)
turn_to satellite6 planet11 phenomenon68 (1)
take_image satellite6 planet11 instrument16 infrared3 (1)
turn_to satellite6 planet18 planet11 (1)
take_image satellite6 planet18 instrument16 infrared3 (1)
turn_to satellite6 planet57 planet18 (1)
take_image satellite6 planet57 instrument16 infrared3 (1)
turn_to satellite6 planet72 planet57 (1)
take_image satellite6 planet72 instrument16 infrared3 (1)
turn_to satellite6 star10 planet72 (1)
take_image satellite6 star10 instrument16 infrared3 (1)
turn_to satellite6 star27 star10 (1)
take_image satellite6 star27 instrument16 infrared3 (1)
turn_to satellite6 star29 star27 (1)
take_image satellite6 star29 instrument16 infrared3 (1)
turn_to satellite6 star31 star29 (1)
take_image satellite6 star31 instrument16 infrared3 (1)
turn_to satellite6 star33 star31 (1)
take_image satellite6 star33 instrument16 infrared3 (1)
turn_to satellite6 star48 star33 (1)
take_image satellite6 star48 instrument16 infrared3 (1)
turn_to satellite6 star55 star48 (1)
take_image satellite6 star55 instrument16 infrared3 (1)
turn_to satellite6 star56 star55 (1)
take_image satellite6 star56 instrument16 infrared3 (1)
turn_to satellite6 star7 star56 (1)
take_image satellite6 star7 instrument16 infrared3 (1)
turn_to satellite6 planet41 star7 (1)
[t=9.15533s, 40580 KB] Plan length: 138 step(s).
[t=9.15533s, 40580 KB] Plan cost: 138
[t=9.15533s, 40580 KB] Expanded 168 state(s).
[t=9.15533s, 40580 KB] Reopened 0 state(s).
[t=9.15533s, 40580 KB] Evaluated 94392 state(s).
[t=9.15533s, 40580 KB] Evaluations: 94392
[t=9.15533s, 40580 KB] Generated 100834 state(s).
[t=9.15533s, 40580 KB] Dead ends: 0 state(s).
[t=9.15533s, 40580 KB] Number of registered states: 94392
[t=9.15533s, 40580 KB] Int hash set load factor: 94392/131072 = 0.720154
[t=9.15533s, 40580 KB] Int hash set resizes: 17
[t=9.15533s, 40580 KB] mean number of q cost that have been adjusted 0 times in relation to total number of q: -1
[t=9.15533s, 40580 KB] mean number of q cost that have been adjusted 1 times in relation to total number of q: -1
[t=9.15533s, 40580 KB] mean number of q cost that have been adjusted 2 times in relation to total number of q: -1
[t=9.15533s, 40580 KB] mean number of q that are at some point overconsitent in relation to total number of q: -1
[t=9.15533s, 40580 KB] mean number of q that are at first underconsisten in relation to total number of q: -1
[t=9.15533s, 40580 KB] mean number of state variables that are not in common between two following states in relation to total number of state variables: -1
[t=9.15533s, 40580 KB] variance number of state variables that are not in common between two following states in relation to total number of state variables: -1
[t=9.15533s, 40580 KB] Search time: 8.67908s
[t=9.15533s, 40580 KB] Total time: 9.15533s
Solution found.
Peak memory: 40580 KB
Remove intermediate file output.sas
search exit code: 0

INFO     Running validate.
INFO     validate stdin: None
INFO     validate time limit: None
INFO     validate memory limit: None
INFO     validate command line string: validate domain.pddl problem.pddl sas_plan
