INFO     Running translator.
INFO     translator stdin: None
INFO     translator time limit: 1799.94s
INFO     translator memory limit: 3584 MB
INFO     translator command line string: /infai/weidan00/downward/experiments/bachelor/.venv/bin/python3 /infai/weidan00/downward/experiments/bachelor/data/bachelor-v1/code-7aa5f34_e5e41175/builds/release/bin/translate/translate.py domain.pddl problem.pddl --sas-file output.sas
Parsing...
Warning: Atom at(ap3, d30, fra) is specified twice in initial state specification
Warning: Atom at(ap26, d99, ham) is specified twice in initial state specification
Warning: Atom at(ap42, d74, ham) is specified twice in initial state specification
Warning: Atom at(ap73, d55, ham) is specified twice in initial state specification
Warning: Atom at(ap86, d39, ber) is specified twice in initial state specification
Warning: Atom at(ap104, d52, ham) is specified twice in initial state specification
Warning: Atom at(ap106, d44, ber) is specified twice in initial state specification
Warning: Atom at(ap107, d99, fra) is specified twice in initial state specification
Warning: Atom at(ap129, d1, ham) is specified twice in initial state specification
Warning: Atom at(ap134, d70, fra) is specified twice in initial state specification
Warning: Atom at(ap149, d100, ham) is specified twice in initial state specification
Warning: Atom at(ap150, d77, ham) is specified twice in initial state specification
Warning: Atom at(ap175, d80, ber) is specified twice in initial state specification
Warning: Atom at(ap227, d9, ber) is specified twice in initial state specification
Warning: Atom at(ap239, d70, ber) is specified twice in initial state specification
Warning: Atom at(ap258, d15, ham) is specified twice in initial state specification
Warning: Atom at(ap269, d8, ham) is specified twice in initial state specification
Parsing: [0.030s CPU, 0.034s wall-clock]
Normalizing task... [0.000s CPU, 0.001s wall-clock]
Instantiating...
Generating Datalog program... [0.010s CPU, 0.016s wall-clock]
Normalizing Datalog program...
Normalizing Datalog program: [0.010s CPU, 0.002s wall-clock]
Preparing model... [0.060s CPU, 0.052s wall-clock]
Generated 5 rules.
Computing model... [1.780s CPU, 1.790s wall-clock]
3996 relevant atoms
103 auxiliary atoms
4099 final queue length
628699 total queue pushes
Completing instantiation... [0.560s CPU, 0.565s wall-clock]
Instantiating: [2.420s CPU, 2.429s wall-clock]
Computing fact groups...
Finding invariants...
4 initial candidates
Finding invariants: [0.010s CPU, 0.001s wall-clock]
Checking invariant weight... [0.000s CPU, 0.003s wall-clock]
Instantiating groups... [0.000s CPU, 0.000s wall-clock]
Collecting mutex groups... [0.000s CPU, 0.000s wall-clock]
Choosing groups...
400 uncovered facts
Choosing groups: [0.000s CPU, 0.000s wall-clock]
Building translation key... [0.000s CPU, 0.003s wall-clock]
Computing fact groups: [0.020s CPU, 0.016s wall-clock]
Building STRIPS to SAS dictionary... [0.000s CPU, 0.001s wall-clock]
Building dictionary for full mutex groups... [0.000s CPU, 0.001s wall-clock]
Building mutex information...
Building mutex information: [0.000s CPU, 0.001s wall-clock]
Translating task...
Processing axioms...
Simplifying axioms... [0.000s CPU, 0.000s wall-clock]
Processing axioms: [0.000s CPU, 0.002s wall-clock]
Translating task: [0.050s CPU, 0.043s wall-clock]
300 effect conditions simplified
0 implied preconditions added
Detecting unreachable propositions...
0 operators removed
0 axioms removed
0 propositions removed
Detecting unreachable propositions: [0.030s CPU, 0.031s wall-clock]
Reordering and filtering variables...
400 of 400 variables necessary.
0 of 0 mutex groups necessary.
300 of 300 operators necessary.
0 of 0 axiom rules necessary.
Reordering and filtering variables: [0.010s CPU, 0.018s wall-clock]
Translator variables: 400
Translator derived variables: 0
Translator facts: 800
Translator goal facts: 300
Translator mutex groups: 0
Translator total mutex groups size: 0
Translator operators: 300
Translator axioms: 0
Translator task size: 4483
Translator peak memory: 146636 KB
Writing output... [0.010s CPU, 0.022s wall-clock]
Done! [2.580s CPU, 2.600s wall-clock]
translate exit code: 0

INFO     Running search (release).
INFO     search stdin: output.sas
INFO     search time limit: 1797.27s
INFO     search memory limit: 3584 MB
INFO     search command line string: /infai/weidan00/downward/experiments/bachelor/data/bachelor-v1/code-7aa5f34_e5e41175/builds/release/bin/downward --search 'eager_wastar([add()], w=2)' --internal-plan-file sas_plan < output.sas
[t=8.1546e-05s, 17204 KB] reading input...
[t=0.0102389s, 17480 KB] done reading input!
[t=0.0134856s, 17908 KB] Simplifying 2383 unary operators... done! [2149 unary operators]
[t=0.0151693s, 18040 KB] time to simplify: 0.00186402s
[t=0.0156179s, 18040 KB] Initializing additive heuristic...
[t=0.0158434s, 18040 KB] Building successor generator...done!
[t=0.0161886s, 18040 KB] peak memory difference for successor generator creation: 0 KB
[t=0.0162474s, 18040 KB] time for successor generation creation: 0.000158335s
[t=0.0163214s, 18040 KB] Variables: 400
[t=0.0163812s, 18040 KB] FactPairs: 800
[t=0.0164396s, 18040 KB] Bytes per state: 52
[t=0.016644s, 18040 KB] Conducting best first search with reopening closed nodes, (real) bound = 2147483647
[t=0.0168789s, 18040 KB] New best heuristic value for add: 300
[t=0.0169488s, 18040 KB] g=0, 1 evaluated, 0 expanded
[t=0.0170242s, 18040 KB] Initial heuristic value for add: 300
[t=0.0170848s, 18040 KB] pruning method: none
[t=0.0172511s, 18040 KB] New best heuristic value for add: 292
[t=0.0173175s, 18040 KB] g=1, 2 evaluated, 1 expanded
[t=0.0179044s, 18040 KB] New best heuristic value for add: 289
[t=0.0179735s, 18040 KB] g=1, 8 evaluated, 1 expanded
[t=0.0187201s, 18040 KB] New best heuristic value for add: 288
[t=0.0187918s, 18040 KB] g=1, 16 evaluated, 1 expanded
[t=0.0189434s, 18040 KB] New best heuristic value for add: 287
[t=0.0190094s, 18040 KB] g=1, 17 evaluated, 1 expanded
[t=0.0198321s, 18040 KB] New best heuristic value for add: 284
[t=0.0199015s, 18040 KB] g=1, 26 evaluated, 1 expanded
[t=0.0430983s, 18040 KB] New best heuristic value for add: 276
[t=0.0432246s, 18040 KB] g=2, 302 evaluated, 2 expanded
[t=0.0437966s, 18040 KB] New best heuristic value for add: 273
[t=0.0438659s, 18040 KB] g=2, 308 evaluated, 2 expanded
[t=0.0446836s, 18040 KB] New best heuristic value for add: 272
[t=0.0447563s, 18040 KB] g=2, 317 evaluated, 2 expanded
[t=0.0501192s, 18040 KB] New best heuristic value for add: 271
[t=0.0502273s, 18040 KB] g=2, 382 evaluated, 2 expanded
[t=0.051127s, 18040 KB] New best heuristic value for add: 270
[t=0.0511995s, 18040 KB] g=2, 392 evaluated, 2 expanded
[t=0.0682907s, 18040 KB] New best heuristic value for add: 262
[t=0.0684052s, 18040 KB] g=3, 599 evaluated, 3 expanded
[t=0.068978s, 18040 KB] New best heuristic value for add: 259
[t=0.0690493s, 18040 KB] g=3, 605 evaluated, 3 expanded
[t=0.0698509s, 18040 KB] New best heuristic value for add: 258
[t=0.0699212s, 18040 KB] g=3, 614 evaluated, 3 expanded
[t=0.0752067s, 18040 KB] New best heuristic value for add: 257
[t=0.07531s, 18040 KB] g=3, 679 evaluated, 3 expanded
[t=0.0782245s, 18040 KB] New best heuristic value for add: 256
[t=0.0783217s, 18040 KB] g=3, 714 evaluated, 3 expanded
[t=0.0927895s, 18040 KB] New best heuristic value for add: 248
[t=0.0929019s, 18040 KB] g=4, 893 evaluated, 4 expanded
[t=0.0934641s, 18040 KB] New best heuristic value for add: 246
[t=0.093537s, 18040 KB] g=4, 899 evaluated, 4 expanded
[t=0.0943171s, 18040 KB] New best heuristic value for add: 245
[t=0.0943949s, 18040 KB] g=4, 908 evaluated, 4 expanded
[t=0.0995597s, 18040 KB] New best heuristic value for add: 243
[t=0.0996603s, 18040 KB] g=4, 973 evaluated, 4 expanded
[t=0.116453s, 18040 KB] New best heuristic value for add: 236
[t=0.116571s, 18040 KB] g=5, 1184 evaluated, 5 expanded
[t=0.11712s, 18040 KB] New best heuristic value for add: 233
[t=0.117198s, 18040 KB] g=5, 1190 evaluated, 5 expanded
[t=0.117972s, 18040 KB] New best heuristic value for add: 232
[t=0.118044s, 18040 KB] g=5, 1199 evaluated, 5 expanded
[t=0.128507s, 18040 KB] New best heuristic value for add: 231
[t=0.128614s, 18040 KB] g=5, 1334 evaluated, 5 expanded
[t=0.139329s, 18040 KB] New best heuristic value for add: 224
[t=0.139442s, 18040 KB] g=6, 1472 evaluated, 6 expanded
[t=0.139992s, 18040 KB] New best heuristic value for add: 222
[t=0.140064s, 18040 KB] g=6, 1478 evaluated, 6 expanded
[t=0.140827s, 18040 KB] New best heuristic value for add: 221
[t=0.140892s, 18040 KB] g=6, 1487 evaluated, 6 expanded
[t=0.148871s, 18040 KB] New best heuristic value for add: 220
[t=0.148976s, 18040 KB] g=6, 1592 evaluated, 6 expanded
[t=0.161586s, 18040 KB] New best heuristic value for add: 214
[t=0.161701s, 18040 KB] g=7, 1757 evaluated, 7 expanded
[t=0.162153s, 18040 KB] New best heuristic value for add: 213
[t=0.162222s, 18040 KB] g=7, 1762 evaluated, 7 expanded
[t=0.162363s, 18040 KB] New best heuristic value for add: 211
[t=0.162428s, 18040 KB] g=7, 1763 evaluated, 7 expanded
[t=0.163171s, 18040 KB] New best heuristic value for add: 210
[t=0.163242s, 18040 KB] g=7, 1772 evaluated, 7 expanded
[t=0.178634s, 18040 KB] New best heuristic value for add: 209
[t=0.178748s, 18040 KB] g=7, 1976 evaluated, 7 expanded
[t=0.183533s, 18040 KB] New best heuristic value for add: 203
[t=0.183632s, 18040 KB] g=8, 2039 evaluated, 8 expanded
[t=0.184148s, 18040 KB] New best heuristic value for add: 200
[t=0.184219s, 18040 KB] g=8, 2045 evaluated, 8 expanded
[t=0.192514s, 18040 KB] New best heuristic value for add: 199
[t=0.192617s, 18040 KB] g=8, 2158 evaluated, 8 expanded
[t=0.204436s, 18040 KB] New best heuristic value for add: 193
[t=0.204545s, 18040 KB] g=9, 2318 evaluated, 9 expanded
[t=0.205057s, 18040 KB] New best heuristic value for add: 191
[t=0.205129s, 18040 KB] g=9, 2324 evaluated, 9 expanded
[t=0.205842s, 18040 KB] New best heuristic value for add: 190
[t=0.205912s, 18040 KB] g=9, 2333 evaluated, 9 expanded
[t=0.221948s, 18040 KB] New best heuristic value for add: 189
[t=0.222062s, 18040 KB] g=9, 2558 evaluated, 9 expanded
[t=0.224733s, 18040 KB] New best heuristic value for add: 183
[t=0.22482s, 18040 KB] g=10, 2594 evaluated, 10 expanded
[t=0.225322s, 18040 KB] New best heuristic value for add: 181
[t=0.225391s, 18040 KB] g=10, 2600 evaluated, 10 expanded
[t=0.233905s, 18040 KB] New best heuristic value for add: 180
[t=0.234007s, 18040 KB] g=10, 2722 evaluated, 10 expanded
[t=0.243578s, 18068 KB] New best heuristic value for add: 179
[t=0.243702s, 18068 KB] g=10, 2858 evaluated, 10 expanded
[t=0.24443s, 18068 KB] New best heuristic value for add: 174
[t=0.244501s, 18068 KB] g=11, 2867 evaluated, 11 expanded
[t=0.244792s, 18068 KB] New best heuristic value for add: 173
[t=0.244859s, 18068 KB] g=11, 2870 evaluated, 11 expanded
[t=0.245141s, 18068 KB] New best heuristic value for add: 171
[t=0.245209s, 18068 KB] g=11, 2873 evaluated, 11 expanded
[t=0.253641s, 18068 KB] New best heuristic value for add: 170
[t=0.253752s, 18068 KB] g=11, 2995 evaluated, 11 expanded
[t=0.26363s, 18068 KB] New best heuristic value for add: 165
[t=0.26374s, 18068 KB] g=12, 3137 evaluated, 12 expanded
[t=0.264027s, 18068 KB] New best heuristic value for add: 164
[t=0.264096s, 18068 KB] g=12, 3140 evaluated, 12 expanded
[t=0.264388s, 18068 KB] New best heuristic value for add: 163
[t=0.26446s, 18068 KB] g=12, 3143 evaluated, 12 expanded
[t=0.265144s, 18068 KB] New best heuristic value for add: 162
[t=0.265217s, 18068 KB] g=12, 3152 evaluated, 12 expanded
[t=0.27359s, 18068 KB] New best heuristic value for add: 161
[t=0.273691s, 18068 KB] g=12, 3276 evaluated, 12 expanded
[t=0.282452s, 18068 KB] New best heuristic value for add: 156
[t=0.282569s, 18068 KB] g=13, 3404 evaluated, 13 expanded
[t=0.283058s, 18068 KB] New best heuristic value for add: 154
[t=0.283127s, 18068 KB] g=13, 3410 evaluated, 13 expanded
[t=0.283803s, 18068 KB] New best heuristic value for add: 153
[t=0.283875s, 18068 KB] g=13, 3419 evaluated, 13 expanded
[t=0.300362s, 18068 KB] New best heuristic value for add: 149
[t=0.300478s, 18068 KB] g=14, 3668 evaluated, 14 expanded
[t=0.300691s, 18068 KB] New best heuristic value for add: 148
[t=0.300757s, 18068 KB] g=14, 3670 evaluated, 14 expanded
[t=0.301093s, 18068 KB] New best heuristic value for add: 146
[t=0.301162s, 18068 KB] g=14, 3674 evaluated, 14 expanded
[t=0.312067s, 18204 KB] New best heuristic value for add: 145
[t=0.31218s, 18204 KB] g=14, 3835 evaluated, 14 expanded
[t=0.318382s, 18204 KB] New best heuristic value for add: 141
[t=0.318481s, 18204 KB] g=15, 3929 evaluated, 15 expanded
[t=0.318693s, 18204 KB] New best heuristic value for add: 140
[t=0.31876s, 18204 KB] g=15, 3931 evaluated, 15 expanded
[t=0.319089s, 18204 KB] New best heuristic value for add: 138
[t=0.319155s, 18204 KB] g=15, 3935 evaluated, 15 expanded
[t=0.335084s, 18204 KB] New best heuristic value for add: 134
[t=0.335203s, 18204 KB] g=16, 4187 evaluated, 16 expanded
[t=0.335602s, 18204 KB] New best heuristic value for add: 133
[t=0.335672s, 18204 KB] g=16, 4192 evaluated, 16 expanded
[t=0.3358s, 18204 KB] New best heuristic value for add: 132
[t=0.335865s, 18204 KB] g=16, 4193 evaluated, 16 expanded
[t=0.338577s, 18204 KB] New best heuristic value for add: 131
[t=0.338665s, 18204 KB] g=16, 4236 evaluated, 16 expanded
[t=0.351317s, 18204 KB] New best heuristic value for add: 127
[t=0.351433s, 18204 KB] g=17, 4442 evaluated, 17 expanded
[t=0.35181s, 18204 KB] New best heuristic value for add: 126
[t=0.35188s, 18204 KB] g=17, 4447 evaluated, 17 expanded
[t=0.352856s, 18204 KB] New best heuristic value for add: 125
[t=0.352928s, 18204 KB] g=17, 4462 evaluated, 17 expanded
[t=0.35822s, 18204 KB] New best heuristic value for add: 124
[t=0.358318s, 18204 KB] g=17, 4550 evaluated, 17 expanded
[t=0.367035s, 18204 KB] New best heuristic value for add: 120
[t=0.367145s, 18204 KB] g=18, 4694 evaluated, 18 expanded
[t=0.367517s, 18204 KB] New best heuristic value for add: 119
[t=0.367584s, 18204 KB] g=18, 4699 evaluated, 18 expanded
[t=0.368539s, 18204 KB] New best heuristic value for add: 118
[t=0.368616s, 18204 KB] g=18, 4714 evaluated, 18 expanded
[t=0.374781s, 18204 KB] New best heuristic value for add: 117
[t=0.37489s, 18204 KB] g=18, 4820 evaluated, 18 expanded
[t=0.382147s, 18204 KB] New best heuristic value for add: 113
[t=0.382251s, 18204 KB] g=19, 4943 evaluated, 19 expanded
[t=0.382615s, 18204 KB] New best heuristic value for add: 112
[t=0.382686s, 18204 KB] g=19, 4948 evaluated, 19 expanded
[t=0.386205s, 18204 KB] New best heuristic value for add: 111
[t=0.386294s, 18204 KB] g=19, 5009 evaluated, 19 expanded
[t=0.39514s, 18204 KB] New best heuristic value for add: 110
[t=0.395247s, 18204 KB] g=19, 5164 evaluated, 19 expanded
[t=0.396783s, 18204 KB] New best heuristic value for add: 106
[t=0.396862s, 18204 KB] g=20, 5189 evaluated, 20 expanded
[t=0.397213s, 18204 KB] New best heuristic value for add: 105
[t=0.397279s, 18204 KB] g=20, 5194 evaluated, 20 expanded
[t=0.400936s, 18204 KB] New best heuristic value for add: 104
[t=0.401024s, 18204 KB] g=20, 5260 evaluated, 20 expanded
[t=0.410478s, 18336 KB] New best heuristic value for add: 100
[t=0.410597s, 18336 KB] g=21, 5432 evaluated, 21 expanded
[t=0.410953s, 18336 KB] New best heuristic value for add: 99
[t=0.411021s, 18336 KB] g=21, 5437 evaluated, 21 expanded
[t=0.417214s, 18336 KB] New best heuristic value for add: 98
[t=0.417329s, 18336 KB] g=21, 5553 evaluated, 21 expanded
[t=0.423801s, 18336 KB] New best heuristic value for add: 95
[t=0.423902s, 18336 KB] g=22, 5672 evaluated, 22 expanded
[t=0.424248s, 18336 KB] New best heuristic value for add: 93
[t=0.424316s, 18336 KB] g=22, 5677 evaluated, 22 expanded
[t=0.434993s, 18336 KB] New best heuristic value for add: 92
[t=0.43512s, 18336 KB] g=22, 5884 evaluated, 22 expanded
[t=0.436521s, 18336 KB] New best heuristic value for add: 89
[t=0.436598s, 18336 KB] g=23, 5909 evaluated, 23 expanded
[t=0.43693s, 18336 KB] New best heuristic value for add: 87
[t=0.437006s, 18336 KB] g=23, 5914 evaluated, 23 expanded
[t=0.448736s, 18336 KB] New best heuristic value for add: 84
[t=0.448837s, 18336 KB] g=24, 6143 evaluated, 24 expanded
[t=0.449184s, 18336 KB] New best heuristic value for add: 83
[t=0.449253s, 18336 KB] g=24, 6148 evaluated, 24 expanded
[t=0.453622s, 18336 KB] New best heuristic value for add: 82
[t=0.453716s, 18336 KB] g=24, 6236 evaluated, 24 expanded
[t=0.460587s, 18336 KB] New best heuristic value for add: 81
[t=0.460694s, 18336 KB] g=25, 6374 evaluated, 25 expanded
[t=0.460817s, 18336 KB] New best heuristic value for add: 80
[t=0.460885s, 18336 KB] g=25, 6375 evaluated, 25 expanded
[t=0.46115s, 18336 KB] New best heuristic value for add: 78
[t=0.461213s, 18336 KB] g=25, 6379 evaluated, 25 expanded
[t=0.46582s, 18336 KB] New best heuristic value for add: 77
[t=0.46592s, 18336 KB] g=25, 6474 evaluated, 25 expanded
[t=0.472144s, 18336 KB] New best heuristic value for add: 76
[t=0.472248s, 18336 KB] g=26, 6602 evaluated, 26 expanded
[t=0.472364s, 18336 KB] New best heuristic value for add: 75
[t=0.472427s, 18336 KB] g=26, 6603 evaluated, 26 expanded
[t=0.472684s, 18336 KB] New best heuristic value for add: 74
[t=0.472748s, 18336 KB] g=26, 6607 evaluated, 26 expanded
[t=0.473702s, 18336 KB] New best heuristic value for add: 73
[t=0.473772s, 18336 KB] g=26, 6626 evaluated, 26 expanded
[t=0.479099s, 18336 KB] New best heuristic value for add: 72
[t=0.479205s, 18336 KB] g=26, 6740 evaluated, 26 expanded
[t=0.483357s, 18460 KB] New best heuristic value for add: 71
[t=0.483457s, 18460 KB] g=27, 6826 evaluated, 27 expanded
[t=0.483573s, 18460 KB] New best heuristic value for add: 70
[t=0.483641s, 18460 KB] g=27, 6827 evaluated, 27 expanded
[t=0.484128s, 18460 KB] New best heuristic value for add: 69
[t=0.484202s, 18460 KB] g=27, 6836 evaluated, 27 expanded
[t=0.484913s, 18460 KB] New best heuristic value for add: 68
[t=0.48498s, 18460 KB] g=27, 6850 evaluated, 27 expanded
[t=0.49402s, 18460 KB] New best heuristic value for add: 67
[t=0.494134s, 18460 KB] g=28, 7046 evaluated, 28 expanded
[t=0.494252s, 18460 KB] New best heuristic value for add: 66
[t=0.494319s, 18460 KB] g=28, 7047 evaluated, 28 expanded
[t=0.494794s, 18460 KB] New best heuristic value for add: 65
[t=0.494859s, 18460 KB] g=28, 7056 evaluated, 28 expanded
[t=0.496015s, 18460 KB] New best heuristic value for add: 64
[t=0.496092s, 18460 KB] g=28, 7080 evaluated, 28 expanded
[t=0.504386s, 18460 KB] New best heuristic value for add: 63
[t=0.5045s, 18460 KB] g=29, 7263 evaluated, 29 expanded
[t=0.504618s, 18460 KB] New best heuristic value for add: 62
[t=0.504686s, 18460 KB] g=29, 7264 evaluated, 29 expanded
[t=0.505167s, 18460 KB] New best heuristic value for add: 61
[t=0.505237s, 18460 KB] g=29, 7273 evaluated, 29 expanded
[t=0.507294s, 18460 KB] New best heuristic value for add: 60
[t=0.507377s, 18460 KB] g=29, 7318 evaluated, 29 expanded
[t=0.514437s, 18460 KB] New best heuristic value for add: 59
[t=0.514547s, 18460 KB] g=30, 7476 evaluated, 30 expanded
[t=0.515061s, 18460 KB] New best heuristic value for add: 57
[t=0.515132s, 18460 KB] g=30, 7486 evaluated, 30 expanded
[t=0.51825s, 18460 KB] New best heuristic value for add: 56
[t=0.518343s, 18460 KB] g=30, 7556 evaluated, 30 expanded
[t=0.5251s, 18588 KB] New best heuristic value for add: 55
[t=0.525202s, 18588 KB] g=31, 7684 evaluated, 31 expanded
[t=0.525717s, 18588 KB] New best heuristic value for add: 53
[t=0.525784s, 18588 KB] g=31, 7694 evaluated, 31 expanded
[t=0.52914s, 18588 KB] New best heuristic value for add: 52
[t=0.529227s, 18588 KB] g=31, 7772 evaluated, 31 expanded
[t=0.534243s, 18588 KB] New best heuristic value for add: 51
[t=0.534345s, 18588 KB] g=32, 7888 evaluated, 32 expanded
[t=0.534836s, 18588 KB] New best heuristic value for add: 49
[t=0.534901s, 18588 KB] g=32, 7898 evaluated, 32 expanded
[t=0.538164s, 18588 KB] New best heuristic value for add: 48
[t=0.538259s, 18588 KB] g=32, 7975 evaluated, 32 expanded
[t=0.543043s, 18588 KB] New best heuristic value for add: 47
[t=0.543143s, 18588 KB] g=33, 8088 evaluated, 33 expanded
[t=0.543632s, 18588 KB] New best heuristic value for add: 45
[t=0.543699s, 18588 KB] g=33, 8098 evaluated, 33 expanded
[t=0.549402s, 18588 KB] New best heuristic value for add: 44
[t=0.549508s, 18588 KB] g=33, 8235 evaluated, 33 expanded
[t=0.551598s, 18588 KB] New best heuristic value for add: 43
[t=0.551678s, 18588 KB] g=34, 8283 evaluated, 34 expanded
[t=0.552124s, 18588 KB] New best heuristic value for add: 41
[t=0.552192s, 18588 KB] g=34, 8292 evaluated, 34 expanded
[t=0.558448s, 18588 KB] New best heuristic value for add: 40
[t=0.55855s, 18588 KB] g=34, 8446 evaluated, 34 expanded
[t=0.559743s, 18588 KB] New best heuristic value for add: 39
[t=0.559818s, 18588 KB] g=35, 8473 evaluated, 35 expanded
[t=0.560251s, 18588 KB] New best heuristic value for add: 37
[t=0.560323s, 18588 KB] g=35, 8482 evaluated, 35 expanded
[t=0.567175s, 18588 KB] New best heuristic value for add: 36
[t=0.56728s, 18588 KB] g=36, 8656 evaluated, 36 expanded
[t=0.56782s, 18588 KB] New best heuristic value for add: 34
[t=0.56789s, 18588 KB] g=36, 8668 evaluated, 36 expanded
[t=0.574346s, 18588 KB] New best heuristic value for add: 33
[t=0.574448s, 18588 KB] g=37, 8834 evaluated, 37 expanded
[t=0.574909s, 18588 KB] New best heuristic value for add: 31
[t=0.574975s, 18588 KB] g=37, 8844 evaluated, 37 expanded
[t=0.581163s, 18720 KB] New best heuristic value for add: 30
[t=0.581268s, 18720 KB] g=38, 9004 evaluated, 38 expanded
[t=0.581796s, 18720 KB] New best heuristic value for add: 29
[t=0.581872s, 18720 KB] g=38, 9016 evaluated, 38 expanded
[t=0.583275s, 18720 KB] New best heuristic value for add: 28
[t=0.58335s, 18720 KB] g=38, 9052 evaluated, 38 expanded
[t=0.587656s, 18720 KB] New best heuristic value for add: 27
[t=0.587752s, 18720 KB] g=39, 9164 evaluated, 39 expanded
[t=0.588197s, 18720 KB] New best heuristic value for add: 26
[t=0.588262s, 18720 KB] g=39, 9174 evaluated, 39 expanded
[t=0.590367s, 18720 KB] New best heuristic value for add: 25
[t=0.590445s, 18720 KB] g=39, 9229 evaluated, 39 expanded
[t=0.593744s, 18720 KB] New best heuristic value for add: 24
[t=0.593834s, 18720 KB] g=40, 9316 evaluated, 40 expanded
[t=0.594673s, 18720 KB] New best heuristic value for add: 23
[t=0.594742s, 18720 KB] g=40, 9337 evaluated, 40 expanded
[t=0.598278s, 18720 KB] New best heuristic value for add: 22
[t=0.598366s, 18720 KB] g=40, 9433 evaluated, 40 expanded
[t=0.599476s, 18720 KB] New best heuristic value for add: 21
[t=0.599547s, 18720 KB] g=41, 9461 evaluated, 41 expanded
[t=0.600367s, 18720 KB] New best heuristic value for add: 20
[t=0.600439s, 18720 KB] g=41, 9482 evaluated, 41 expanded
[t=0.60477s, 18720 KB] New best heuristic value for add: 19
[t=0.604865s, 18720 KB] g=42, 9602 evaluated, 42 expanded
[t=0.605661s, 18720 KB] New best heuristic value for add: 18
[t=0.605729s, 18720 KB] g=42, 9623 evaluated, 42 expanded
[t=0.609668s, 18720 KB] New best heuristic value for add: 17
[t=0.609763s, 18720 KB] g=43, 9734 evaluated, 43 expanded
[t=0.610836s, 18720 KB] New best heuristic value for add: 16
[t=0.610909s, 18720 KB] g=43, 9763 evaluated, 43 expanded
[t=0.614169s, 18720 KB] New best heuristic value for add: 15
[t=0.614254s, 18720 KB] g=44, 9857 evaluated, 44 expanded
[t=0.6155s, 18720 KB] New best heuristic value for add: 14
[t=0.615574s, 18720 KB] g=44, 9892 evaluated, 44 expanded
[t=0.618373s, 18720 KB] New best heuristic value for add: 13
[t=0.618455s, 18720 KB] g=45, 9973 evaluated, 45 expanded
[t=0.619656s, 18720 KB] New best heuristic value for add: 12
[t=0.619727s, 18720 KB] g=45, 10007 evaluated, 45 expanded
[t=0.622252s, 18720 KB] New best heuristic value for add: 11
[t=0.622338s, 18720 KB] g=46, 10081 evaluated, 46 expanded
[t=0.624865s, 18720 KB] New best heuristic value for add: 10
[t=0.62495s, 18720 KB] g=46, 10157 evaluated, 46 expanded
[t=0.625843s, 18720 KB] New best heuristic value for add: 9
[t=0.625912s, 18720 KB] g=47, 10182 evaluated, 47 expanded
[t=0.628818s, 18720 KB] New best heuristic value for add: 8
[t=0.628907s, 18720 KB] g=47, 10270 evaluated, 47 expanded
[t=0.629143s, 18720 KB] New best heuristic value for add: 7
[t=0.629207s, 18720 KB] g=48, 10275 evaluated, 48 expanded
[t=0.632001s, 18848 KB] New best heuristic value for add: 6
[t=0.632108s, 18848 KB] g=49, 10361 evaluated, 49 expanded
[t=0.634767s, 18848 KB] New best heuristic value for add: 5
[t=0.634854s, 18848 KB] g=50, 10443 evaluated, 50 expanded
[t=0.637402s, 18848 KB] New best heuristic value for add: 4
[t=0.637485s, 18848 KB] g=51, 10522 evaluated, 51 expanded
[t=0.63988s, 18848 KB] New best heuristic value for add: 3
[t=0.639962s, 18848 KB] g=52, 10597 evaluated, 52 expanded
[t=0.642104s, 18848 KB] New best heuristic value for add: 2
[t=0.642182s, 18848 KB] g=53, 10665 evaluated, 53 expanded
[t=0.644486s, 18848 KB] New best heuristic value for add: 1
[t=0.644569s, 18848 KB] g=54, 10739 evaluated, 54 expanded
[t=0.646355s, 18848 KB] New best heuristic value for add: 0
[t=0.646434s, 18848 KB] g=55, 10797 evaluated, 55 expanded
[t=0.647141s, 18848 KB] Solution found!
[t=0.647215s, 18848 KB] Actual search time: 0.630126s
workat d91 ber (1)
workat d70 ber (1)
workat d62 fra (1)
workat d74 ham (1)
workat d5 ber (1)
workat d59 ber (1)
workat d27 ber (1)
workat d6 ham (1)
workat d19 ber (1)
workat d100 ber (1)
workat d55 ham (1)
workat d50 fra (1)
workat d94 ber (1)
workat d4 ham (1)
workat d97 ber (1)
workat d81 fra (1)
workat d58 ber (1)
workat d49 ber (1)
workat d17 ham (1)
workat d73 ham (1)
workat d51 fra (1)
workat d18 ham (1)
workat d98 ham (1)
workat d63 ber (1)
workat d57 fra (1)
workat d39 fra (1)
workat d88 fra (1)
workat d84 ham (1)
workat d75 ber (1)
workat d64 fra (1)
workat d54 ber (1)
workat d53 ber (1)
workat d28 ber (1)
workat d2 ber (1)
workat d93 fra (1)
workat d90 ham (1)
workat d9 fra (1)
workat d69 fra (1)
workat d47 fra (1)
workat d23 fra (1)
workat d82 ham (1)
workat d8 fra (1)
workat d72 fra (1)
workat d65 ham (1)
workat d61 fra (1)
workat d26 ham (1)
workat d11 ham (1)
workat d99 fra (1)
workat d96 ham (1)
workat d89 ham (1)
workat d85 ber (1)
workat d78 ber (1)
workat d76 fra (1)
workat d41 ham (1)
workat d36 ham (1)
[t=0.64728s, 18848 KB] Plan length: 55 step(s).
[t=0.64728s, 18848 KB] Plan cost: 55
[t=0.64728s, 18848 KB] Expanded 56 state(s).
[t=0.64728s, 18848 KB] Reopened 0 state(s).
[t=0.64728s, 18848 KB] Evaluated 10819 state(s).
[t=0.64728s, 18848 KB] Evaluations: 10819
[t=0.64728s, 18848 KB] Generated 12045 state(s).
[t=0.64728s, 18848 KB] Dead ends: 6 state(s).
[t=0.64728s, 18848 KB] Number of registered states: 10819
[t=0.64728s, 18848 KB] Int hash set load factor: 10819/16384 = 0.660339
[t=0.64728s, 18848 KB] Int hash set resizes: 14
[t=0.64728s, 18848 KB] mean number of q cost that have been adjusted 0 times in relation to total number of q: -1
[t=0.64728s, 18848 KB] mean number of q cost that have been adjusted 1 times in relation to total number of q: -1
[t=0.64728s, 18848 KB] mean number of q cost that have been adjusted 2 times in relation to total number of q: -1
[t=0.64728s, 18848 KB] mean number of q that are at some point overconsitent in relation to total number of q: -1
[t=0.64728s, 18848 KB] mean number of q that are at first underconsisten in relation to total number of q: -1
[t=0.64728s, 18848 KB] mean number of state variables that are not in common between two following states in relation to total number of state variables: -1
[t=0.64728s, 18848 KB] variance number of state variables that are not in common between two following states in relation to total number of state variables: -1
[t=0.64728s, 18848 KB] Search time: 0.630637s
[t=0.64728s, 18848 KB] Total time: 0.64728s
Solution found.
Peak memory: 18848 KB
Remove intermediate file output.sas
search exit code: 0

INFO     Running validate.
INFO     validate stdin: None
INFO     validate time limit: None
INFO     validate memory limit: None
INFO     validate command line string: validate domain.pddl problem.pddl sas_plan
