INFO     Running translator.
INFO     translator stdin: None
INFO     translator time limit: 1799.96s
INFO     translator memory limit: 3584 MB
INFO     translator command line string: /infai/weidan00/downward/experiments/bachelor/.venv/bin/python3 /infai/weidan00/downward/experiments/bachelor/data/bachelor-v1/code-7aa5f34_e5e41175/builds/release/bin/translate/translate.py domain.pddl problem.pddl --sas-file output.sas
Parsing...
Parsing: [0.010s CPU, 0.008s wall-clock]
Normalizing task... [0.000s CPU, 0.001s wall-clock]
Instantiating...
Generating Datalog program... [0.000s CPU, 0.001s wall-clock]
Normalizing Datalog program...
Normalizing Datalog program: [0.010s CPU, 0.005s wall-clock]
Preparing model... [0.000s CPU, 0.004s wall-clock]
Generated 211 rules.
Computing model... [0.020s CPU, 0.018s wall-clock]
993 relevant atoms
1232 auxiliary atoms
2225 final queue length
3116 total queue pushes
Completing instantiation... [0.020s CPU, 0.019s wall-clock]
Instantiating: [0.050s CPU, 0.049s wall-clock]
Computing fact groups...
Finding invariants...
20 initial candidates
Finding invariants: [0.000s CPU, 0.006s wall-clock]
Checking invariant weight... [0.000s CPU, 0.001s wall-clock]
Instantiating groups... [0.000s CPU, 0.001s wall-clock]
Collecting mutex groups... [0.000s CPU, 0.000s wall-clock]
Choosing groups...
270 uncovered facts
Choosing groups: [0.000s CPU, 0.000s wall-clock]
Building translation key... [0.000s CPU, 0.001s wall-clock]
Computing fact groups: [0.010s CPU, 0.012s wall-clock]
Building STRIPS to SAS dictionary... [0.000s CPU, 0.000s wall-clock]
Building dictionary for full mutex groups... [0.000s CPU, 0.000s wall-clock]
Building mutex information...
Building mutex information: [0.000s CPU, 0.000s wall-clock]
Translating task...
Processing axioms...
Simplifying axioms... [0.000s CPU, 0.000s wall-clock]
Processing axioms: [0.000s CPU, 0.001s wall-clock]
Translating task: [0.020s CPU, 0.021s wall-clock]
307 effect conditions simplified
0 implied preconditions added
Detecting unreachable propositions...
0 operators removed
0 axioms removed
11 propositions removed
Detecting unreachable propositions: [0.010s CPU, 0.011s wall-clock]
Reordering and filtering variables...
91 of 278 variables necessary.
0 of 9 mutex groups necessary.
442 of 442 operators necessary.
0 of 0 axiom rules necessary.
Reordering and filtering variables: [0.010s CPU, 0.006s wall-clock]
Translator variables: 91
Translator derived variables: 0
Translator facts: 272
Translator goal facts: 54
Translator mutex groups: 0
Translator total mutex groups size: 0
Translator operators: 442
Translator axioms: 0
Translator task size: 3157
Translator peak memory: 145356 KB
Writing output... [0.000s CPU, 0.008s wall-clock]
Done! [0.110s CPU, 0.118s wall-clock]
translate exit code: 0

INFO     Running search (release).
INFO     search stdin: output.sas
INFO     search time limit: 1799.8s
INFO     search memory limit: 3584 MB
INFO     search command line string: /infai/weidan00/downward/experiments/bachelor/data/bachelor-v1/code-7aa5f34_e5e41175/builds/release/bin/downward --search 'eager_wastar([add()], w=2)' --internal-plan-file sas_plan < output.sas
[t=5.6875e-05s, 17204 KB] reading input...
[t=0.00347107s, 17348 KB] done reading input!
[t=0.00530274s, 17748 KB] Simplifying 867 unary operators... done! [417 unary operators]
[t=0.0057854s, 17748 KB] time to simplify: 0.00053775s
[t=0.00591381s, 17748 KB] Initializing additive heuristic...
[t=0.00603279s, 17748 KB] Building successor generator...done!
[t=0.00633054s, 17748 KB] peak memory difference for successor generator creation: 0 KB
[t=0.00637207s, 17748 KB] time for successor generation creation: 0.000183136s
[t=0.00641546s, 17748 KB] Variables: 91
[t=0.00645201s, 17748 KB] FactPairs: 272
[t=0.00648833s, 17748 KB] Bytes per state: 16
[t=0.00659324s, 17748 KB] Conducting best first search with reopening closed nodes, (real) bound = 2147483647
[t=0.0385186s, 76196 KB] New best heuristic value for add: 8649350
[t=0.0386134s, 76196 KB] g=0, 1 evaluated, 0 expanded
[t=0.0386696s, 76196 KB] Initial heuristic value for add: 8649350
[t=0.038708s, 76196 KB] pruning method: none
[t=0.043878s, 76196 KB] New best heuristic value for add: 8646225
[t=0.0439554s, 76196 KB] g=224, 3 evaluated, 2 expanded
[t=0.0695166s, 76196 KB] New best heuristic value for add: 8626738
[t=0.0696117s, 76196 KB] g=1624, 13 evaluated, 3 expanded
[t=0.0967639s, 76196 KB] New best heuristic value for add: 8624113
[t=0.0968517s, 76196 KB] g=1848, 24 evaluated, 4 expanded
[t=0.126873s, 76196 KB] New best heuristic value for add: 8621738
[t=0.126964s, 76196 KB] g=1973, 36 evaluated, 5 expanded
[t=0.158999s, 76196 KB] New best heuristic value for add: 8619363
[t=0.159088s, 76196 KB] g=2098, 49 evaluated, 6 expanded
[t=0.19416s, 76196 KB] New best heuristic value for add: 8617488
[t=0.194242s, 76196 KB] g=2223, 63 evaluated, 7 expanded
[t=0.232454s, 76196 KB] New best heuristic value for add: 8615863
[t=0.23253s, 76196 KB] g=2348, 78 evaluated, 8 expanded
[t=0.273962s, 76196 KB] New best heuristic value for add: 8614488
[t=0.274044s, 76196 KB] g=2473, 94 evaluated, 9 expanded
[t=0.317971s, 76196 KB] New best heuristic value for add: 8613363
[t=0.318053s, 76196 KB] g=2598, 111 evaluated, 10 expanded
[t=0.364964s, 76196 KB] New best heuristic value for add: 8612488
[t=0.365053s, 76196 KB] g=2723, 129 evaluated, 11 expanded
[t=21.9205s, 76196 KB] New best heuristic value for add: 8243914
[t=21.9206s, 76196 KB] g=226912, 7703 evaluated, 771 expanded
[t=21.9751s, 76196 KB] New best heuristic value for add: 8238915
[t=21.9752s, 76196 KB] g=231911, 7721 evaluated, 772 expanded
[t=22.0621s, 76196 KB] New best heuristic value for add: 8237416
[t=22.0622s, 76196 KB] g=233410, 7754 evaluated, 773 expanded
[t=22.1596s, 76196 KB] New best heuristic value for add: 6933524
[t=22.1597s, 76196 KB] g=369200, 7791 evaluated, 776 expanded
[t=22.2009s, 76196 KB] New best heuristic value for add: 6912533
[t=22.201s, 76196 KB] g=372199, 7807 evaluated, 777 expanded
[t=23.5522s, 76196 KB] New best heuristic value for add: 6413671
[t=23.5523s, 76196 KB] g=596487, 8383 evaluated, 817 expanded
[t=23.5949s, 76196 KB] New best heuristic value for add: 6403673
[t=23.595s, 76196 KB] g=601486, 8400 evaluated, 818 expanded
[t=23.6624s, 76196 KB] New best heuristic value for add: 6400675
[t=23.6625s, 76196 KB] g=602985, 8433 evaluated, 819 expanded
[t=28.4368s, 76196 KB] New best heuristic value for add: 5771525
[t=28.4369s, 76196 KB] g=827273, 10798 evaluated, 991 expanded
[t=28.4699s, 76196 KB] New best heuristic value for add: 5756528
[t=28.47s, 76196 KB] g=832272, 10813 evaluated, 992 expanded
[t=28.5209s, 76196 KB] New best heuristic value for add: 5752031
[t=28.521s, 76196 KB] g=833771, 10842 evaluated, 993 expanded
[t=32.2598s, 76196 KB] New best heuristic value for add: 4992593
[t=32.2599s, 76196 KB] g=1058059, 13123 evaluated, 1189 expanded
[t=32.2835s, 76196 KB] New best heuristic value for add: 4972597
[t=32.2836s, 76196 KB] g=1063058, 13136 evaluated, 1190 expanded
[t=32.3172s, 76196 KB] New best heuristic value for add: 4966601
[t=32.3173s, 76196 KB] g=1064557, 13161 evaluated, 1191 expanded
[t=34.2644s, 76196 KB] New best heuristic value for add: 4076875
[t=34.2645s, 76196 KB] g=1288845, 14642 evaluated, 1343 expanded
[t=34.2804s, 76196 KB] New best heuristic value for add: 4051880
[t=34.2805s, 76196 KB] g=1293844, 14653 evaluated, 1344 expanded
[t=34.3016s, 76196 KB] New best heuristic value for add: 4044385
[t=34.3018s, 76196 KB] g=1295343, 14674 evaluated, 1345 expanded
[t=35.4471s, 76196 KB] New best heuristic value for add: 2894083
[t=35.4472s, 76196 KB] g=1519631, 15758 evaluated, 1482 expanded
[t=35.4576s, 76196 KB] New best heuristic value for add: 2859090
[t=35.4577s, 76196 KB] g=1524630, 15767 evaluated, 1483 expanded
[t=35.4685s, 76196 KB] New best heuristic value for add: 2848597
[t=35.4686s, 76196 KB] g=1526129, 15782 evaluated, 1484 expanded
[t=35.8787s, 76196 KB] New best heuristic value for add: 1851081
[t=35.8789s, 76196 KB] g=1750417, 16227 evaluated, 1550 expanded
[t=35.8848s, 76196 KB] New best heuristic value for add: 1823088
[t=35.8849s, 76196 KB] g=1755416, 16233 evaluated, 1551 expanded
[t=35.9563s, 76196 KB] New best heuristic value for add: 542498
[t=35.9564s, 76196 KB] g=1979704, 16321 evaluated, 1564 expanded
[t=35.9656s, 76196 KB] New best heuristic value for add: 502506
[t=35.9657s, 76196 KB] g=1984703, 16330 evaluated, 1565 expanded
[t=35.973s, 76196 KB] New best heuristic value for add: 490514
[t=35.9731s, 76196 KB] g=1986202, 16342 evaluated, 1566 expanded
[t=36.0631s, 76196 KB] New best heuristic value for add: 368718
[t=36.0632s, 76196 KB] g=2130991, 16465 evaluated, 1587 expanded
[t=36.0668s, 76196 KB] New best heuristic value for add: 333727
[t=36.0669s, 76196 KB] g=2138991, 16469 evaluated, 1588 expanded
[t=36.07s, 76196 KB] New best heuristic value for add: 320236
[t=36.0701s, 76196 KB] g=2140490, 16475 evaluated, 1589 expanded
[t=36.0726s, 76196 KB] New best heuristic value for add: 306745
[t=36.0727s, 76196 KB] g=2141989, 16480 evaluated, 1590 expanded
[t=36.0746s, 76196 KB] New best heuristic value for add: 294753
[t=36.0747s, 76196 KB] g=2143488, 16484 evaluated, 1591 expanded
[t=36.0765s, 76196 KB] New best heuristic value for add: 284260
[t=36.0766s, 76196 KB] g=2144987, 16488 evaluated, 1592 expanded
[t=36.4652s, 76196 KB] New best heuristic value for add: 80466
[t=36.4653s, 76196 KB] g=2376775, 17041 evaluated, 1733 expanded, 5 reopened
[t=36.4657s, 76196 KB] New best heuristic value for add: 40473
[t=36.4658s, 76196 KB] g=2386774, 17043 evaluated, 1734 expanded, 5 reopened
[t=36.4666s, 76196 KB] New best heuristic value for add: 31479
[t=36.4666s, 76196 KB] g=2388273, 17046 evaluated, 1735 expanded, 5 reopened
[t=36.4669s, 76196 KB] New best heuristic value for add: 22485
[t=36.467s, 76196 KB] g=2389772, 17048 evaluated, 1736 expanded, 5 reopened
[t=36.467s, 76196 KB] New best heuristic value for add: 14990
[t=36.4671s, 76196 KB] g=2391271, 17049 evaluated, 1737 expanded, 5 reopened
[t=36.4671s, 76196 KB] New best heuristic value for add: 8994
[t=36.4672s, 76196 KB] g=2392770, 17050 evaluated, 1738 expanded, 5 reopened
[t=36.4672s, 76196 KB] New best heuristic value for add: 4497
[t=36.4672s, 76196 KB] g=2394269, 17051 evaluated, 1739 expanded, 5 reopened
[t=36.4673s, 76196 KB] New best heuristic value for add: 1499
[t=36.4673s, 76196 KB] g=2395768, 17052 evaluated, 1740 expanded, 5 reopened
[t=36.4674s, 76196 KB] New best heuristic value for add: 0
[t=36.4674s, 76196 KB] g=2397267, 17053 evaluated, 1741 expanded, 5 reopened
[t=36.4675s, 76196 KB] Solution found!
[t=36.4675s, 76196 KB] Actual search time: 36.4288s
initialize  (0)
fe1-feedmsi-letter sheet1 (125)
hw1-leftentrytotopleftexit-letter sheet1 (1499)
fe1-feedmsi-letter sheet2 (125)
fe1-feedmsi-letter sheet3 (125)
fe1-feedmsi-letter sheet4 (125)
fe1-feedmsi-letter sheet5 (125)
fe1-feedmsi-letter sheet6 (125)
fe1-feedmsi-letter sheet7 (125)
fe1-feedmsi-letter sheet8 (125)
fe1-feedmsi-letter sheet9 (125)
hw1-leftentrytobottomleftexit-letter sheet9 (1499)
lc1-inverttoime-letter sheet9 back front (9999)
lime-simplex-letter sheet9 front image-9 (212790)
lc1-fromime-letter sheet9 (4999)
hw1-bottomrightentrytorightexit-letter sheet9 (1499)
uc1-inverttoime-letter sheet1 back front (8000)
uime-simplex-letter sheet1 front image-1 (127790)
uc1-fromime-letter sheet1 (2999)
hw1-leftentrytobottomleftexit-letter sheet8 (1499)
lc1-inverttoime-letter sheet8 back front (9999)
lime-simplex-letter sheet8 front image-8 (212790)
lc1-fromime-letter sheet8 (4999)
hw1-bottomrightentrytorightexit-letter sheet8 (1499)
hw1-leftentrytobottomleftexit-letter sheet7 (1499)
lc1-inverttoime-letter sheet7 back front (9999)
lime-simplex-letter sheet7 front image-7 (212790)
lc1-fromime-letter sheet7 (4999)
hw1-bottomrightentrytorightexit-letter sheet7 (1499)
hw1-leftentrytobottomleftexit-letter sheet6 (1499)
lc1-inverttoime-letter sheet6 back front (9999)
lime-simplex-letter sheet6 front image-6 (212790)
lc1-fromime-letter sheet6 (4999)
hw1-bottomrightentrytorightexit-letter sheet6 (1499)
hw1-leftentrytobottomleftexit-letter sheet5 (1499)
lc1-inverttoime-letter sheet5 back front (9999)
lime-simplex-letter sheet5 front image-5 (212790)
lc1-fromime-letter sheet5 (4999)
hw1-bottomrightentrytorightexit-letter sheet5 (1499)
hw1-leftentrytobottomleftexit-letter sheet3 (1499)
lc1-inverttoime-letter sheet3 back front (9999)
lime-simplex-letter sheet3 front image-3 (212790)
lc1-fromime-letter sheet3 (4999)
hw1-bottomrightentrytorightexit-letter sheet3 (1499)
hw1-leftentrytobottomleftexit-letter sheet4 (1499)
lc1-inverttoime-letter sheet4 back front (9999)
lime-simplex-letter sheet4 front image-4 (212790)
lc1-fromime-letter sheet4 (4999)
hw1-leftentrytobottomleftexit-letter sheet2 (1499)
lc1-inverttoime-letter sheet2 back front (9999)
lime-simplex-letter sheet2 front image-2 (212790)
lc1-fromime-letter sheet2 (4999)
hw1-bottomrightentrytorightexit-letter sheet2 (1499)
hw1-toprightentrytotopleftexit-letter sheet1 (8999)
uc1-inverttoime-letter sheet1 front back (8000)
uime-simplex-letter sheet1 back image-1b (127790)
uc1-invertfromime-letter sheet1 back front (8000)
hw1-toprightentrytorightexit-letter sheet1 (1499)
sys-stack-letter sheet1 dummy-sheet (1499)
sys-stack-letter sheet2 sheet1 (1499)
sys-stack-letter sheet3 sheet2 (1499)
hw1-bottomrightentrytobottomleftexit-letter sheet4 (8999)
lc1-inverttoime-letter sheet4 front back (9999)
lime-simplex-letter sheet4 back image-4b (212790)
lc1-invertfromime-letter sheet4 back front (9999)
hw1-bottomrightentrytorightexit-letter sheet4 (1499)
sys-stack-letter sheet4 sheet3 (1499)
sys-stack-letter sheet5 sheet4 (1499)
sys-stack-letter sheet6 sheet5 (1499)
sys-stack-letter sheet7 sheet6 (1499)
sys-stack-letter sheet8 sheet7 (1499)
sys-stack-letter sheet9 sheet8 (1499)
[t=36.4676s, 76196 KB] Plan length: 72 step(s).
[t=36.4676s, 76196 KB] Plan cost: 2397267
[t=36.4676s, 76196 KB] Expanded 1742 state(s).
[t=36.4676s, 76196 KB] Reopened 5 state(s).
[t=36.4676s, 76196 KB] Evaluated 17053 state(s).
[t=36.4676s, 76196 KB] Evaluations: 17053
[t=36.4676s, 76196 KB] Generated 25900 state(s).
[t=36.4676s, 76196 KB] Dead ends: 2013 state(s).
[t=36.4676s, 76196 KB] Number of registered states: 17053
[t=36.4676s, 76196 KB] Int hash set load factor: 17053/32768 = 0.520416
[t=36.4676s, 76196 KB] Int hash set resizes: 15
[t=36.4676s, 76196 KB] mean number of q cost that have been adjusted 0 times in relation to total number of q: -1
[t=36.4676s, 76196 KB] mean number of q cost that have been adjusted 1 times in relation to total number of q: -1
[t=36.4676s, 76196 KB] mean number of q cost that have been adjusted 2 times in relation to total number of q: -1
[t=36.4676s, 76196 KB] mean number of q that are at some point overconsitent in relation to total number of q: -1
[t=36.4676s, 76196 KB] mean number of q that are at first underconsisten in relation to total number of q: -1
[t=36.4676s, 76196 KB] mean number of state variables that are not in common between two following states in relation to total number of state variables: -1
[t=36.4676s, 76196 KB] variance number of state variables that are not in common between two following states in relation to total number of state variables: -1
[t=36.4676s, 76196 KB] Search time: 36.461s
[t=36.4676s, 76196 KB] Total time: 36.4676s
Solution found.
Peak memory: 76196 KB
Remove intermediate file output.sas
search exit code: 0

INFO     Running validate.
INFO     validate stdin: None
INFO     validate time limit: None
INFO     validate memory limit: None
INFO     validate command line string: validate domain.pddl problem.pddl sas_plan
