INFO     Running translator.
INFO     translator stdin: None
INFO     translator time limit: 1799.96s
INFO     translator memory limit: 3584 MB
INFO     translator command line string: /infai/weidan00/downward/experiments/bachelor/.venv/bin/python3 /infai/weidan00/downward/experiments/bachelor/data/bachelor-v1/code-7aa5f34_e5e41175/builds/release/bin/translate/translate.py domain.pddl problem.pddl --sas-file output.sas
Parsing...
Parsing: [0.010s CPU, 0.003s wall-clock]
Normalizing task... [0.000s CPU, 0.000s wall-clock]
Instantiating...
Generating Datalog program... [0.000s CPU, 0.000s wall-clock]
Normalizing Datalog program...
Normalizing Datalog program: [0.000s CPU, 0.002s wall-clock]
Preparing model... [0.000s CPU, 0.001s wall-clock]
Generated 24 rules.
Computing model... [0.010s CPU, 0.008s wall-clock]
501 relevant atoms
340 auxiliary atoms
841 final queue length
1132 total queue pushes
Completing instantiation... [0.010s CPU, 0.010s wall-clock]
Instantiating: [0.020s CPU, 0.022s wall-clock]
Computing fact groups...
Finding invariants...
10 initial candidates
Finding invariants: [0.000s CPU, 0.002s wall-clock]
Checking invariant weight... [0.000s CPU, 0.000s wall-clock]
Instantiating groups... [0.000s CPU, 0.003s wall-clock]
Collecting mutex groups... [0.000s CPU, 0.000s wall-clock]
Choosing groups...
0 uncovered facts
Choosing groups: [0.000s CPU, 0.001s wall-clock]
Building translation key... [0.000s CPU, 0.000s wall-clock]
Computing fact groups: [0.010s CPU, 0.007s wall-clock]
Building STRIPS to SAS dictionary... [0.000s CPU, 0.000s wall-clock]
Building dictionary for full mutex groups... [0.000s CPU, 0.000s wall-clock]
Building mutex information...
Building mutex information: [0.000s CPU, 0.000s wall-clock]
Translating task...
Processing axioms...
Simplifying axioms... [0.000s CPU, 0.000s wall-clock]
Processing axioms: [0.000s CPU, 0.001s wall-clock]
Translating task: [0.010s CPU, 0.010s wall-clock]
0 effect conditions simplified
0 implied preconditions added
Detecting unreachable propositions...
0 operators removed
0 axioms removed
3 propositions removed
Detecting unreachable propositions: [0.000s CPU, 0.006s wall-clock]
Reordering and filtering variables...
35 of 35 variables necessary.
32 of 35 mutex groups necessary.
258 of 258 operators necessary.
0 of 0 axiom rules necessary.
Reordering and filtering variables: [0.000s CPU, 0.002s wall-clock]
Translator variables: 35
Translator derived variables: 0
Translator facts: 164
Translator goal facts: 32
Translator mutex groups: 32
Translator total mutex groups size: 128
Translator operators: 258
Translator axioms: 0
Translator task size: 1773
Translator peak memory: 143564 KB
Writing output... [0.010s CPU, 0.005s wall-clock]
Done! [0.060s CPU, 0.058s wall-clock]
translate exit code: 0

INFO     Running search (release).
INFO     search stdin: output.sas
INFO     search time limit: 1799.85s
INFO     search memory limit: 3584 MB
INFO     search command line string: /infai/weidan00/downward/experiments/bachelor/data/bachelor-v1/code-7aa5f34_e5e41175/builds/release/bin/downward --search 'eager_wastar([add()], w=2)' --internal-plan-file sas_plan < output.sas
[t=7.3011e-05s, 17204 KB] reading input...
[t=0.00207211s, 17344 KB] done reading input!
[t=0.00403048s, 17604 KB] Simplifying 514 unary operators... done! [514 unary operators]
[t=0.00444358s, 17604 KB] time to simplify: 0.000474393s
[t=0.00456644s, 17604 KB] Initializing additive heuristic...
[t=0.00468915s, 17604 KB] Building successor generator...done!
[t=0.0049459s, 17604 KB] peak memory difference for successor generator creation: 0 KB
[t=0.00498561s, 17604 KB] time for successor generation creation: 0.00013058s
[t=0.00503449s, 17604 KB] Variables: 35
[t=0.00507448s, 17604 KB] FactPairs: 164
[t=0.00511423s, 17604 KB] Bytes per state: 12
[t=0.00523677s, 17604 KB] Conducting best first search with reopening closed nodes, (real) bound = 2147483647
[t=0.00534682s, 17604 KB] New best heuristic value for add: 96
[t=0.00539031s, 17604 KB] g=0, 1 evaluated, 0 expanded
[t=0.00543761s, 17604 KB] Initial heuristic value for add: 96
[t=0.00547924s, 17604 KB] pruning method: none
[t=0.00555997s, 17604 KB] New best heuristic value for add: 95
[t=0.00560193s, 17604 KB] g=1, 3 evaluated, 1 expanded
[t=0.00643723s, 17604 KB] New best heuristic value for add: 94
[t=0.00648769s, 17604 KB] g=2, 67 evaluated, 2 expanded
[t=0.00684181s, 17604 KB] New best heuristic value for add: 93
[t=0.00689845s, 17604 KB] g=3, 99 evaluated, 3 expanded
[t=0.00698601s, 17604 KB] New best heuristic value for add: 92
[t=0.00703311s, 17604 KB] g=5, 102 evaluated, 5 expanded
[t=0.00780394s, 17604 KB] New best heuristic value for add: 91
[t=0.00786163s, 17604 KB] g=6, 164 evaluated, 6 expanded
[t=0.00818954s, 17604 KB] New best heuristic value for add: 90
[t=0.00823586s, 17604 KB] g=7, 195 evaluated, 7 expanded
[t=0.00834693s, 17604 KB] New best heuristic value for add: 89
[t=0.0083908s, 17604 KB] g=9, 201 evaluated, 9 expanded
[t=0.0091351s, 17604 KB] New best heuristic value for add: 88
[t=0.00918776s, 17604 KB] g=10, 261 evaluated, 10 expanded
[t=0.00950951s, 17604 KB] New best heuristic value for add: 87
[t=0.00955438s, 17604 KB] g=11, 291 evaluated, 11 expanded
[t=0.00969162s, 17604 KB] New best heuristic value for add: 86
[t=0.00973437s, 17604 KB] g=13, 300 evaluated, 13 expanded
[t=0.0104228s, 17604 KB] New best heuristic value for add: 85
[t=0.0104787s, 17604 KB] g=14, 358 evaluated, 14 expanded
[t=0.0107855s, 17604 KB] New best heuristic value for add: 84
[t=0.0108281s, 17604 KB] g=15, 387 evaluated, 15 expanded
[t=0.010991s, 17604 KB] New best heuristic value for add: 83
[t=0.0110343s, 17604 KB] g=17, 399 evaluated, 17 expanded
[t=0.0117176s, 17604 KB] New best heuristic value for add: 82
[t=0.0117651s, 17604 KB] g=18, 455 evaluated, 18 expanded
[t=0.0120588s, 17604 KB] New best heuristic value for add: 81
[t=0.0121024s, 17604 KB] g=19, 483 evaluated, 19 expanded
[t=0.0122971s, 17604 KB] New best heuristic value for add: 80
[t=0.0123399s, 17604 KB] g=21, 498 evaluated, 21 expanded
[t=0.013025s, 17604 KB] New best heuristic value for add: 79
[t=0.0130713s, 17604 KB] g=22, 552 evaluated, 22 expanded
[t=0.0133639s, 17604 KB] New best heuristic value for add: 78
[t=0.0134075s, 17604 KB] g=23, 579 evaluated, 23 expanded
[t=0.013619s, 17604 KB] New best heuristic value for add: 77
[t=0.0136621s, 17604 KB] g=25, 597 evaluated, 25 expanded
[t=0.0142653s, 17604 KB] New best heuristic value for add: 76
[t=0.0143104s, 17604 KB] g=26, 649 evaluated, 26 expanded
[t=0.014586s, 17604 KB] New best heuristic value for add: 75
[t=0.0146297s, 17604 KB] g=27, 675 evaluated, 27 expanded
[t=0.0148665s, 17604 KB] New best heuristic value for add: 74
[t=0.0149092s, 17604 KB] g=29, 696 evaluated, 29 expanded
[t=0.0154962s, 17604 KB] New best heuristic value for add: 73
[t=0.0155412s, 17604 KB] g=30, 746 evaluated, 30 expanded
[t=0.0158084s, 17604 KB] New best heuristic value for add: 72
[t=0.015851s, 17604 KB] g=31, 771 evaluated, 31 expanded
[t=0.0161195s, 17604 KB] New best heuristic value for add: 71
[t=0.016163s, 17604 KB] g=33, 795 evaluated, 33 expanded
[t=0.0167072s, 17604 KB] New best heuristic value for add: 70
[t=0.0167517s, 17604 KB] g=34, 843 evaluated, 34 expanded
[t=0.017018s, 17604 KB] New best heuristic value for add: 69
[t=0.0170607s, 17604 KB] g=35, 867 evaluated, 35 expanded
[t=0.0173429s, 17604 KB] New best heuristic value for add: 68
[t=0.0173862s, 17604 KB] g=37, 894 evaluated, 37 expanded
[t=0.0179043s, 17604 KB] New best heuristic value for add: 67
[t=0.0179541s, 17604 KB] g=38, 940 evaluated, 38 expanded
[t=0.0182029s, 17604 KB] New best heuristic value for add: 66
[t=0.0182458s, 17604 KB] g=39, 963 evaluated, 39 expanded
[t=0.0185528s, 17604 KB] New best heuristic value for add: 65
[t=0.0185955s, 17604 KB] g=41, 993 evaluated, 41 expanded
[t=0.0192159s, 17604 KB] New best heuristic value for add: 64
[t=0.0192622s, 17604 KB] g=42, 1037 evaluated, 42 expanded
[t=0.0195031s, 17604 KB] New best heuristic value for add: 63
[t=0.0195463s, 17604 KB] g=43, 1059 evaluated, 43 expanded
[t=0.0198861s, 17604 KB] New best heuristic value for add: 62
[t=0.01993s, 17604 KB] g=45, 1092 evaluated, 45 expanded
[t=0.0204097s, 17604 KB] New best heuristic value for add: 61
[t=0.0204548s, 17604 KB] g=46, 1134 evaluated, 46 expanded
[t=0.0206869s, 17604 KB] New best heuristic value for add: 60
[t=0.0207358s, 17604 KB] g=47, 1155 evaluated, 47 expanded
[t=0.0210939s, 17604 KB] New best heuristic value for add: 59
[t=0.0211379s, 17604 KB] g=49, 1191 evaluated, 49 expanded
[t=0.0215854s, 17604 KB] New best heuristic value for add: 58
[t=0.0216288s, 17604 KB] g=50, 1231 evaluated, 50 expanded
[t=0.0218625s, 17604 KB] New best heuristic value for add: 57
[t=0.0219045s, 17604 KB] g=51, 1251 evaluated, 51 expanded
[t=0.0222851s, 17604 KB] New best heuristic value for add: 56
[t=0.0223279s, 17604 KB] g=53, 1290 evaluated, 53 expanded
[t=0.0227591s, 17604 KB] New best heuristic value for add: 55
[t=0.0228028s, 17604 KB] g=54, 1328 evaluated, 54 expanded
[t=0.0230123s, 17604 KB] New best heuristic value for add: 54
[t=0.0230543s, 17604 KB] g=55, 1347 evaluated, 55 expanded
[t=0.0234899s, 17604 KB] New best heuristic value for add: 53
[t=0.0235492s, 17604 KB] g=57, 1389 evaluated, 57 expanded
[t=0.0239588s, 17604 KB] New best heuristic value for add: 52
[t=0.0240059s, 17604 KB] g=58, 1425 evaluated, 58 expanded
[t=0.0242087s, 17604 KB] New best heuristic value for add: 51
[t=0.024253s, 17604 KB] g=59, 1443 evaluated, 59 expanded
[t=0.0246832s, 17604 KB] New best heuristic value for add: 50
[t=0.0247281s, 17604 KB] g=61, 1488 evaluated, 61 expanded
[t=0.0251009s, 17604 KB] New best heuristic value for add: 49
[t=0.0251454s, 17604 KB] g=62, 1522 evaluated, 62 expanded
[t=0.0253361s, 17604 KB] New best heuristic value for add: 48
[t=0.0253861s, 17604 KB] g=63, 1539 evaluated, 63 expanded
[t=0.0258261s, 17604 KB] New best heuristic value for add: 47
[t=0.0258697s, 17604 KB] g=65, 1587 evaluated, 65 expanded
[t=0.0262217s, 17604 KB] New best heuristic value for add: 46
[t=0.0262684s, 17604 KB] g=66, 1619 evaluated, 66 expanded
[t=0.0264595s, 17604 KB] New best heuristic value for add: 45
[t=0.0265032s, 17604 KB] g=67, 1635 evaluated, 67 expanded
[t=0.0269669s, 17604 KB] New best heuristic value for add: 44
[t=0.0270161s, 17604 KB] g=69, 1686 evaluated, 69 expanded
[t=0.0273464s, 17604 KB] New best heuristic value for add: 43
[t=0.0273907s, 17604 KB] g=70, 1716 evaluated, 70 expanded
[t=0.0275629s, 17604 KB] New best heuristic value for add: 42
[t=0.0276063s, 17604 KB] g=71, 1731 evaluated, 71 expanded
[t=0.0280863s, 17604 KB] New best heuristic value for add: 41
[t=0.0281316s, 17604 KB] g=73, 1785 evaluated, 73 expanded
[t=0.0284464s, 17604 KB] New best heuristic value for add: 40
[t=0.0284913s, 17604 KB] g=74, 1813 evaluated, 74 expanded
[t=0.028656s, 17604 KB] New best heuristic value for add: 39
[t=0.0286988s, 17604 KB] g=75, 1827 evaluated, 75 expanded
[t=0.0292118s, 17604 KB] New best heuristic value for add: 38
[t=0.0292569s, 17604 KB] g=77, 1884 evaluated, 77 expanded
[t=0.0295381s, 17604 KB] New best heuristic value for add: 37
[t=0.0295807s, 17604 KB] g=78, 1910 evaluated, 78 expanded
[t=0.0297345s, 17604 KB] New best heuristic value for add: 36
[t=0.0297764s, 17604 KB] g=79, 1923 evaluated, 79 expanded
[t=0.0304869s, 17604 KB] New best heuristic value for add: 35
[t=0.0305341s, 17604 KB] g=81, 1983 evaluated, 81 expanded
[t=0.0307984s, 17604 KB] New best heuristic value for add: 34
[t=0.0308414s, 17604 KB] g=82, 2007 evaluated, 82 expanded
[t=0.030993s, 17604 KB] New best heuristic value for add: 33
[t=0.0310347s, 17604 KB] g=83, 2019 evaluated, 83 expanded
[t=0.0315781s, 17604 KB] New best heuristic value for add: 32
[t=0.0316231s, 17604 KB] g=85, 2082 evaluated, 85 expanded
[t=0.0318642s, 17604 KB] New best heuristic value for add: 31
[t=0.0319067s, 17604 KB] g=86, 2104 evaluated, 86 expanded
[t=0.0320435s, 17604 KB] New best heuristic value for add: 30
[t=0.0320848s, 17604 KB] g=87, 2115 evaluated, 87 expanded
[t=0.0326378s, 17604 KB] New best heuristic value for add: 29
[t=0.0326817s, 17604 KB] g=89, 2181 evaluated, 89 expanded
[t=0.0329083s, 17604 KB] New best heuristic value for add: 28
[t=0.0329507s, 17604 KB] g=90, 2201 evaluated, 90 expanded
[t=0.0330781s, 17604 KB] New best heuristic value for add: 27
[t=0.0331191s, 17604 KB] g=91, 2211 evaluated, 91 expanded
[t=0.0336917s, 17604 KB] New best heuristic value for add: 26
[t=0.0337361s, 17604 KB] g=93, 2280 evaluated, 93 expanded
[t=0.0339471s, 17604 KB] New best heuristic value for add: 25
[t=0.0339906s, 17604 KB] g=94, 2298 evaluated, 94 expanded
[t=0.0341093s, 17604 KB] New best heuristic value for add: 24
[t=0.0341509s, 17604 KB] g=95, 2307 evaluated, 95 expanded
[t=0.034753s, 17604 KB] New best heuristic value for add: 23
[t=0.0347979s, 17604 KB] g=97, 2379 evaluated, 97 expanded
[t=0.0349771s, 17604 KB] New best heuristic value for add: 22
[t=0.0350183s, 17604 KB] g=98, 2395 evaluated, 98 expanded
[t=0.0351278s, 17604 KB] New best heuristic value for add: 21
[t=0.035169s, 17604 KB] g=99, 2403 evaluated, 99 expanded
[t=0.035784s, 17604 KB] New best heuristic value for add: 20
[t=0.0358284s, 17604 KB] g=101, 2478 evaluated, 101 expanded
[t=0.0359897s, 17604 KB] New best heuristic value for add: 19
[t=0.0360316s, 17604 KB] g=102, 2492 evaluated, 102 expanded
[t=0.0361336s, 17604 KB] New best heuristic value for add: 18
[t=0.0361746s, 17604 KB] g=103, 2499 evaluated, 103 expanded
[t=0.0368146s, 17604 KB] New best heuristic value for add: 17
[t=0.0368598s, 17604 KB] g=105, 2577 evaluated, 105 expanded
[t=0.0370034s, 17604 KB] New best heuristic value for add: 16
[t=0.037045s, 17604 KB] g=106, 2589 evaluated, 106 expanded
[t=0.0371386s, 17604 KB] New best heuristic value for add: 15
[t=0.037179s, 17604 KB] g=107, 2595 evaluated, 107 expanded
[t=0.0378324s, 17604 KB] New best heuristic value for add: 14
[t=0.0378771s, 17604 KB] g=109, 2676 evaluated, 109 expanded
[t=0.0380059s, 17604 KB] New best heuristic value for add: 13
[t=0.0380482s, 17604 KB] g=110, 2686 evaluated, 110 expanded
[t=0.0381338s, 17604 KB] New best heuristic value for add: 12
[t=0.038175s, 17604 KB] g=111, 2691 evaluated, 111 expanded
[t=0.0388527s, 17604 KB] New best heuristic value for add: 11
[t=0.0388979s, 17604 KB] g=113, 2775 evaluated, 113 expanded
[t=0.0390078s, 17604 KB] New best heuristic value for add: 10
[t=0.0390489s, 17604 KB] g=114, 2783 evaluated, 114 expanded
[t=0.0391259s, 17604 KB] New best heuristic value for add: 9
[t=0.0391672s, 17604 KB] g=115, 2787 evaluated, 115 expanded
[t=0.0398534s, 17604 KB] New best heuristic value for add: 8
[t=0.039898s, 17604 KB] g=117, 2874 evaluated, 117 expanded
[t=0.0399902s, 17604 KB] New best heuristic value for add: 7
[t=0.0400313s, 17604 KB] g=118, 2880 evaluated, 118 expanded
[t=0.0401003s, 17604 KB] New best heuristic value for add: 6
[t=0.0401415s, 17604 KB] g=119, 2883 evaluated, 119 expanded
[t=0.0408427s, 17604 KB] New best heuristic value for add: 5
[t=0.0408873s, 17604 KB] g=121, 2973 evaluated, 121 expanded
[t=0.0409623s, 17604 KB] New best heuristic value for add: 4
[t=0.0410033s, 17604 KB] g=122, 2977 evaluated, 122 expanded
[t=0.0410613s, 17604 KB] New best heuristic value for add: 3
[t=0.0411027s, 17604 KB] g=123, 2979 evaluated, 123 expanded
[t=0.0418165s, 17604 KB] New best heuristic value for add: 2
[t=0.0418616s, 17604 KB] g=123, 3072 evaluated, 125 expanded
[t=0.0419141s, 17604 KB] New best heuristic value for add: 1
[t=0.0419548s, 17604 KB] g=124, 3073 evaluated, 126 expanded
[t=0.0421845s, 17604 KB] New best heuristic value for add: 0
[t=0.0422272s, 17604 KB] g=125, 3106 evaluated, 127 expanded
[t=0.0422687s, 17604 KB] Solution found!
[t=0.0423188s, 17604 KB] Actual search time: 0.0368356s
pick ball1 rooma left (1)
move rooma roomb (1)
drop ball1 roomb left (1)
move roomb rooma (1)
pick ball10 rooma left (1)
move rooma roomb (1)
drop ball10 roomb left (1)
move roomb rooma (1)
pick ball11 rooma left (1)
move rooma roomb (1)
drop ball11 roomb left (1)
move roomb rooma (1)
pick ball12 rooma left (1)
move rooma roomb (1)
drop ball12 roomb left (1)
move roomb rooma (1)
pick ball13 rooma left (1)
move rooma roomb (1)
drop ball13 roomb left (1)
move roomb rooma (1)
pick ball14 rooma left (1)
move rooma roomb (1)
drop ball14 roomb left (1)
move roomb rooma (1)
pick ball15 rooma left (1)
move rooma roomb (1)
drop ball15 roomb left (1)
move roomb rooma (1)
pick ball16 rooma left (1)
move rooma roomb (1)
drop ball16 roomb left (1)
move roomb rooma (1)
pick ball17 rooma left (1)
move rooma roomb (1)
drop ball17 roomb left (1)
move roomb rooma (1)
pick ball18 rooma left (1)
move rooma roomb (1)
drop ball18 roomb left (1)
move roomb rooma (1)
pick ball19 rooma left (1)
move rooma roomb (1)
drop ball19 roomb left (1)
move roomb rooma (1)
pick ball2 rooma left (1)
move rooma roomb (1)
drop ball2 roomb left (1)
move roomb rooma (1)
pick ball20 rooma left (1)
move rooma roomb (1)
drop ball20 roomb left (1)
move roomb rooma (1)
pick ball21 rooma left (1)
move rooma roomb (1)
drop ball21 roomb left (1)
move roomb rooma (1)
pick ball22 rooma left (1)
move rooma roomb (1)
drop ball22 roomb left (1)
move roomb rooma (1)
pick ball23 rooma left (1)
move rooma roomb (1)
drop ball23 roomb left (1)
move roomb rooma (1)
pick ball24 rooma left (1)
move rooma roomb (1)
drop ball24 roomb left (1)
move roomb rooma (1)
pick ball25 rooma left (1)
move rooma roomb (1)
drop ball25 roomb left (1)
move roomb rooma (1)
pick ball26 rooma left (1)
move rooma roomb (1)
drop ball26 roomb left (1)
move roomb rooma (1)
pick ball27 rooma left (1)
move rooma roomb (1)
drop ball27 roomb left (1)
move roomb rooma (1)
pick ball28 rooma left (1)
move rooma roomb (1)
drop ball28 roomb left (1)
move roomb rooma (1)
pick ball29 rooma left (1)
move rooma roomb (1)
drop ball29 roomb left (1)
move roomb rooma (1)
pick ball3 rooma left (1)
move rooma roomb (1)
drop ball3 roomb left (1)
move roomb rooma (1)
pick ball30 rooma left (1)
move rooma roomb (1)
drop ball30 roomb left (1)
move roomb rooma (1)
pick ball31 rooma left (1)
move rooma roomb (1)
drop ball31 roomb left (1)
move roomb rooma (1)
pick ball32 rooma left (1)
move rooma roomb (1)
drop ball32 roomb left (1)
move roomb rooma (1)
pick ball4 rooma left (1)
move rooma roomb (1)
drop ball4 roomb left (1)
move roomb rooma (1)
pick ball5 rooma left (1)
move rooma roomb (1)
drop ball5 roomb left (1)
move roomb rooma (1)
pick ball6 rooma left (1)
move rooma roomb (1)
drop ball6 roomb left (1)
move roomb rooma (1)
pick ball7 rooma left (1)
move rooma roomb (1)
drop ball7 roomb left (1)
move roomb rooma (1)
pick ball8 rooma left (1)
pick ball9 rooma right (1)
move rooma roomb (1)
drop ball8 roomb left (1)
drop ball9 roomb right (1)
[t=0.0423618s, 17604 KB] Plan length: 125 step(s).
[t=0.0423618s, 17604 KB] Plan cost: 125
[t=0.0423618s, 17604 KB] Expanded 128 state(s).
[t=0.0423618s, 17604 KB] Reopened 0 state(s).
[t=0.0423618s, 17604 KB] Evaluated 3106 state(s).
[t=0.0423618s, 17604 KB] Evaluations: 3106
[t=0.0423618s, 17604 KB] Generated 3232 state(s).
[t=0.0423618s, 17604 KB] Dead ends: 0 state(s).
[t=0.0423618s, 17604 KB] Number of registered states: 3106
[t=0.0423618s, 17604 KB] Int hash set load factor: 3106/4096 = 0.758301
[t=0.0423618s, 17604 KB] Int hash set resizes: 12
[t=0.0423618s, 17604 KB] mean number of q cost that have been adjusted 0 times in relation to total number of q: -1
[t=0.0423618s, 17604 KB] mean number of q cost that have been adjusted 1 times in relation to total number of q: -1
[t=0.0423618s, 17604 KB] mean number of q cost that have been adjusted 2 times in relation to total number of q: -1
[t=0.0423618s, 17604 KB] mean number of q that are at some point overconsitent in relation to total number of q: -1
[t=0.0423618s, 17604 KB] mean number of q that are at first underconsisten in relation to total number of q: -1
[t=0.0423618s, 17604 KB] mean number of state variables that are not in common between two following states in relation to total number of state variables: -1
[t=0.0423618s, 17604 KB] variance number of state variables that are not in common between two following states in relation to total number of state variables: -1
[t=0.0423618s, 17604 KB] Search time: 0.0371259s
[t=0.0423618s, 17604 KB] Total time: 0.0423618s
Solution found.
Peak memory: 17604 KB
Remove intermediate file output.sas
search exit code: 0

INFO     Running validate.
INFO     validate stdin: None
INFO     validate time limit: None
INFO     validate memory limit: None
INFO     validate command line string: validate domain.pddl problem.pddl sas_plan
