INFO     Running translator.
INFO     translator stdin: None
INFO     translator time limit: 1799.96s
INFO     translator memory limit: 3584 MB
INFO     translator command line string: /infai/weidan00/downward/experiments/bachelor/.venv/bin/python3 /infai/weidan00/downward/experiments/bachelor/data/bachelor-v1/code-7aa5f34_e5e41175/builds/release/bin/translate/translate.py domain.pddl problem.pddl --sas-file output.sas
Parsing...
Parsing: [0.000s CPU, 0.003s wall-clock]
Normalizing task... [0.000s CPU, 0.000s wall-clock]
Instantiating...
Generating Datalog program... [0.000s CPU, 0.001s wall-clock]
Normalizing Datalog program...
Normalizing Datalog program: [0.010s CPU, 0.004s wall-clock]
Preparing model... [0.000s CPU, 0.002s wall-clock]
Generated 51 rules.
Computing model... [0.010s CPU, 0.015s wall-clock]
588 relevant atoms
711 auxiliary atoms
1299 final queue length
1468 total queue pushes
Completing instantiation... [0.010s CPU, 0.010s wall-clock]
Instantiating: [0.030s CPU, 0.031s wall-clock]
Computing fact groups...
Finding invariants...
6 initial candidates
Finding invariants: [0.000s CPU, 0.002s wall-clock]
Checking invariant weight... [0.000s CPU, 0.000s wall-clock]
Instantiating groups... [0.000s CPU, 0.001s wall-clock]
Collecting mutex groups... [0.000s CPU, 0.000s wall-clock]
Choosing groups...
0 uncovered facts
Choosing groups: [0.000s CPU, 0.000s wall-clock]
Building translation key... [0.000s CPU, 0.000s wall-clock]
Computing fact groups: [0.010s CPU, 0.005s wall-clock]
Building STRIPS to SAS dictionary... [0.000s CPU, 0.000s wall-clock]
Building dictionary for full mutex groups... [0.000s CPU, 0.000s wall-clock]
Building mutex information...
Building mutex information: [0.000s CPU, 0.000s wall-clock]
Translating task...
Processing axioms...
Simplifying axioms... [0.000s CPU, 0.000s wall-clock]
Processing axioms: [0.000s CPU, 0.001s wall-clock]
Translating task: [0.010s CPU, 0.009s wall-clock]
0 effect conditions simplified
0 implied preconditions added
Detecting unreachable propositions...
0 operators removed
0 axioms removed
17 propositions removed
Detecting unreachable propositions: [0.000s CPU, 0.005s wall-clock]
Reordering and filtering variables...
17 of 17 variables necessary.
0 of 17 mutex groups necessary.
308 of 308 operators necessary.
0 of 0 axiom rules necessary.
Reordering and filtering variables: [0.000s CPU, 0.001s wall-clock]
Translator variables: 17
Translator derived variables: 0
Translator facts: 168
Translator goal facts: 12
Translator mutex groups: 0
Translator total mutex groups size: 0
Translator operators: 308
Translator axioms: 0
Translator task size: 1409
Translator peak memory: 143564 KB
Writing output... [0.010s CPU, 0.007s wall-clock]
Done! [0.060s CPU, 0.063s wall-clock]
translate exit code: 0

INFO     Running search (release).
INFO     search stdin: output.sas
INFO     search time limit: 1799.85s
INFO     search memory limit: 3584 MB
INFO     search command line string: /infai/weidan00/downward/experiments/bachelor/data/bachelor-v1/code-7aa5f34_e5e41175/builds/release/bin/downward --search 'eager_wastar([add()], w=2)' --internal-plan-file sas_plan < output.sas
[t=6.3124e-05s, 17204 KB] reading input...
[t=0.00184879s, 17344 KB] done reading input!
[t=0.00373946s, 17604 KB] Simplifying 308 unary operators... done! [308 unary operators]
[t=0.00397701s, 17604 KB] time to simplify: 0.000299076s
[t=0.004085s, 17604 KB] Initializing additive heuristic...
[t=0.0042028s, 17604 KB] Building successor generator...done!
[t=0.00451574s, 17604 KB] peak memory difference for successor generator creation: 0 KB
[t=0.00455433s, 17604 KB] time for successor generation creation: 0.000191772s
[t=0.00460217s, 17604 KB] Variables: 17
[t=0.00464207s, 17604 KB] FactPairs: 168
[t=0.00468153s, 17604 KB] Bytes per state: 8
[t=0.00479597s, 17604 KB] Conducting best first search with reopening closed nodes, (real) bound = 2147483647
[t=0.00492008s, 17604 KB] New best heuristic value for add: 51
[t=0.0049637s, 17604 KB] g=0, 1 evaluated, 0 expanded
[t=0.00501336s, 17604 KB] Initial heuristic value for add: 51
[t=0.00505454s, 17604 KB] pruning method: none
[t=0.0051488s, 17604 KB] New best heuristic value for add: 50
[t=0.00519048s, 17604 KB] g=1, 5 evaluated, 1 expanded
[t=0.00535418s, 17604 KB] New best heuristic value for add: 49
[t=0.0053956s, 17604 KB] g=1, 20 evaluated, 1 expanded
[t=0.00547541s, 17604 KB] New best heuristic value for add: 48
[t=0.00551633s, 17604 KB] g=2, 24 evaluated, 2 expanded
[t=0.00566504s, 17604 KB] New best heuristic value for add: 47
[t=0.0057067s, 17604 KB] g=3, 37 evaluated, 3 expanded
[t=0.00588831s, 17604 KB] New best heuristic value for add: 46
[t=0.00593028s, 17604 KB] g=4, 54 evaluated, 4 expanded
[t=0.00612502s, 17604 KB] New best heuristic value for add: 45
[t=0.00616744s, 17604 KB] g=5, 72 evaluated, 5 expanded
[t=0.00633556s, 17604 KB] New best heuristic value for add: 44
[t=0.00637763s, 17604 KB] g=6, 88 evaluated, 6 expanded
[t=0.00655174s, 17604 KB] New best heuristic value for add: 43
[t=0.00659379s, 17604 KB] g=7, 105 evaluated, 7 expanded
[t=0.0067739s, 17604 KB] New best heuristic value for add: 42
[t=0.00681655s, 17604 KB] g=8, 122 evaluated, 8 expanded
[t=0.00698298s, 17604 KB] New best heuristic value for add: 41
[t=0.00702536s, 17604 KB] g=9, 136 evaluated, 9 expanded
[t=0.0071832s, 17604 KB] New best heuristic value for add: 40
[t=0.00722499s, 17604 KB] g=10, 151 evaluated, 10 expanded
[t=0.007377s, 17604 KB] New best heuristic value for add: 39
[t=0.0074186s, 17604 KB] g=11, 166 evaluated, 11 expanded
[t=0.00754739s, 17604 KB] New best heuristic value for add: 38
[t=0.00760691s, 17604 KB] g=12, 178 evaluated, 12 expanded
[t=0.00774467s, 17604 KB] New best heuristic value for add: 37
[t=0.00778608s, 17604 KB] g=13, 191 evaluated, 13 expanded
[t=0.0079339s, 17604 KB] New best heuristic value for add: 36
[t=0.00797506s, 17604 KB] g=14, 206 evaluated, 14 expanded
[t=0.00821614s, 17604 KB] New best heuristic value for add: 35
[t=0.00825935s, 17604 KB] g=16, 234 evaluated, 18 expanded
[t=0.00836765s, 17604 KB] New best heuristic value for add: 34
[t=0.00840911s, 17604 KB] g=17, 243 evaluated, 19 expanded
[t=0.00853694s, 17604 KB] New best heuristic value for add: 33
[t=0.00857905s, 17604 KB] g=18, 255 evaluated, 20 expanded
[t=0.00894648s, 17604 KB] New best heuristic value for add: 32
[t=0.00898994s, 17604 KB] g=20, 298 evaluated, 24 expanded
[t=0.00910914s, 17604 KB] New best heuristic value for add: 31
[t=0.0091508s, 17604 KB] g=21, 309 evaluated, 25 expanded
[t=0.0092841s, 17604 KB] New best heuristic value for add: 30
[t=0.00932595s, 17604 KB] g=22, 322 evaluated, 26 expanded
[t=0.00973757s, 17604 KB] New best heuristic value for add: 29
[t=0.00978172s, 17604 KB] g=24, 375 evaluated, 31 expanded
[t=0.00991527s, 17604 KB] New best heuristic value for add: 28
[t=0.00995788s, 17604 KB] g=25, 388 evaluated, 32 expanded
[t=0.0100955s, 17604 KB] New best heuristic value for add: 27
[t=0.0101375s, 17604 KB] g=26, 402 evaluated, 33 expanded
[t=0.0103536s, 17604 KB] New best heuristic value for add: 26
[t=0.0103962s, 17604 KB] g=26, 427 evaluated, 35 expanded
[t=0.0105291s, 17604 KB] New best heuristic value for add: 25
[t=0.0105714s, 17604 KB] g=27, 440 evaluated, 36 expanded
[t=0.0107136s, 17604 KB] New best heuristic value for add: 24
[t=0.0107551s, 17604 KB] g=28, 455 evaluated, 37 expanded
[t=0.0127462s, 17604 KB] New best heuristic value for add: 22
[t=0.0127979s, 17604 KB] g=31, 731 evaluated, 65 expanded
[t=0.0133094s, 17604 KB] New best heuristic value for add: 20
[t=0.0133548s, 17604 KB] g=32, 802 evaluated, 71 expanded
[t=0.0134917s, 17604 KB] New best heuristic value for add: 19
[t=0.0135341s, 17604 KB] g=33, 816 evaluated, 72 expanded
[t=0.0152452s, 17604 KB] New best heuristic value for add: 18
[t=0.0152961s, 17604 KB] g=36, 1049 evaluated, 97 expanded
[t=0.0153476s, 17604 KB] New best heuristic value for add: 17
[t=0.0153894s, 17604 KB] g=36, 1050 evaluated, 97 expanded
[t=0.0155212s, 17604 KB] New best heuristic value for add: 16
[t=0.0155631s, 17604 KB] g=37, 1063 evaluated, 98 expanded
[t=0.0156295s, 17604 KB] New best heuristic value for add: 15
[t=0.015671s, 17604 KB] g=38, 1066 evaluated, 99 expanded
[t=0.0158137s, 17604 KB] New best heuristic value for add: 14
[t=0.0158561s, 17604 KB] g=39, 1081 evaluated, 100 expanded
[t=0.0160246s, 17604 KB] New best heuristic value for add: 13
[t=0.0160674s, 17604 KB] g=40, 1098 evaluated, 101 expanded
[t=0.0166531s, 17604 KB] New best heuristic value for add: 12
[t=0.0166985s, 17604 KB] g=42, 1185 evaluated, 107 expanded
[t=0.0168341s, 17604 KB] New best heuristic value for add: 11
[t=0.0168761s, 17604 KB] g=43, 1201 evaluated, 108 expanded
[t=0.0170747s, 17604 KB] New best heuristic value for add: 10
[t=0.0171178s, 17604 KB] g=44, 1228 evaluated, 110 expanded
[t=0.0171715s, 17604 KB] New best heuristic value for add: 9
[t=0.0172124s, 17604 KB] g=44, 1230 evaluated, 110 expanded
[t=0.017328s, 17604 KB] New best heuristic value for add: 8
[t=0.0173696s, 17604 KB] g=45, 1243 evaluated, 111 expanded
[t=0.0178491s, 17604 KB] New best heuristic value for add: 7
[t=0.0178942s, 17604 KB] g=47, 1322 evaluated, 117 expanded
[t=0.0179974s, 17604 KB] New best heuristic value for add: 6
[t=0.018039s, 17604 KB] g=48, 1333 evaluated, 118 expanded
[t=0.0181643s, 17604 KB] New best heuristic value for add: 5
[t=0.0182064s, 17604 KB] g=49, 1349 evaluated, 119 expanded
[t=0.018292s, 17604 KB] New best heuristic value for add: 4
[t=0.0183333s, 17604 KB] g=50, 1358 evaluated, 120 expanded
[t=0.0184426s, 17604 KB] New best heuristic value for add: 3
[t=0.0184842s, 17604 KB] g=51, 1373 evaluated, 121 expanded
[t=0.0185872s, 17604 KB] New best heuristic value for add: 2
[t=0.0186286s, 17604 KB] g=52, 1388 evaluated, 122 expanded
[t=0.0187593s, 17604 KB] New best heuristic value for add: 1
[t=0.0188014s, 17604 KB] g=53, 1410 evaluated, 123 expanded
[t=0.0188972s, 17604 KB] New best heuristic value for add: 0
[t=0.018938s, 17604 KB] g=54, 1425 evaluated, 124 expanded
[t=0.0189801s, 17604 KB] Solution found!
[t=0.0190244s, 17604 KB] Actual search time: 0.0139659s
fly-airplane apn1 apt1 apt4 (1)
load-truck obj41 tru4 pos4 (1)
drive-truck tru4 pos4 apt4 cit4 (1)
unload-truck obj41 tru4 apt4 (1)
load-truck obj33 tru3 pos3 (1)
drive-truck tru3 pos3 apt3 cit3 (1)
unload-truck obj33 tru3 apt3 (1)
load-truck obj23 tru2 pos2 (1)
drive-truck tru2 pos2 apt2 cit2 (1)
unload-truck obj23 tru2 apt2 (1)
load-truck obj13 tru1 pos1 (1)
drive-truck tru1 pos1 apt1 cit1 (1)
unload-truck obj13 tru1 apt1 (1)
load-airplane obj41 apn1 apt4 (1)
drive-truck tru3 apt3 pos3 cit3 (1)
load-truck obj32 tru3 pos3 (1)
drive-truck tru3 pos3 apt3 cit3 (1)
unload-truck obj32 tru3 apt3 (1)
drive-truck tru2 apt2 pos2 cit2 (1)
load-truck obj21 tru2 pos2 (1)
drive-truck tru2 pos2 apt2 cit2 (1)
unload-truck obj21 tru2 apt2 (1)
drive-truck tru1 apt1 pos1 cit1 (1)
load-truck obj12 tru1 pos1 (1)
load-truck obj11 tru1 pos1 (1)
drive-truck tru1 pos1 apt1 cit1 (1)
unload-truck obj12 tru1 apt1 (1)
unload-truck obj11 tru1 apt1 (1)
fly-airplane apn1 apt4 apt1 (1)
unload-airplane obj41 apn1 apt1 (1)
load-airplane obj12 apn1 apt1 (1)
fly-airplane apn1 apt1 apt4 (1)
unload-airplane obj12 apn1 apt4 (1)
fly-airplane apn1 apt4 apt2 (1)
load-airplane obj23 apn1 apt2 (1)
fly-airplane apn1 apt2 apt4 (1)
unload-airplane obj23 apn1 apt4 (1)
load-truck obj23 tru4 apt4 (1)
drive-truck tru4 apt4 pos4 cit4 (1)
unload-truck obj23 tru4 pos4 (1)
fly-airplane apn1 apt4 apt3 (1)
load-airplane obj33 apn1 apt3 (1)
load-airplane obj32 apn1 apt3 (1)
fly-airplane apn1 apt3 apt4 (1)
unload-airplane obj32 apn1 apt4 (1)
fly-airplane apn1 apt4 apt1 (1)
load-airplane obj11 apn1 apt1 (1)
fly-airplane apn1 apt1 apt2 (1)
unload-airplane obj33 apn1 apt2 (1)
load-truck obj33 tru2 apt2 (1)
drive-truck tru2 apt2 pos2 cit2 (1)
unload-truck obj33 tru2 pos2 (1)
fly-airplane apn1 apt2 apt4 (1)
unload-airplane obj11 apn1 apt4 (1)
[t=0.0190675s, 17604 KB] Plan length: 54 step(s).
[t=0.0190675s, 17604 KB] Plan cost: 54
[t=0.0190675s, 17604 KB] Expanded 125 state(s).
[t=0.0190675s, 17604 KB] Reopened 0 state(s).
[t=0.0190675s, 17604 KB] Evaluated 1425 state(s).
[t=0.0190675s, 17604 KB] Evaluations: 1425
[t=0.0190675s, 17604 KB] Generated 1864 state(s).
[t=0.0190675s, 17604 KB] Dead ends: 0 state(s).
[t=0.0190675s, 17604 KB] Number of registered states: 1425
[t=0.0190675s, 17604 KB] Int hash set load factor: 1425/2048 = 0.695801
[t=0.0190675s, 17604 KB] Int hash set resizes: 11
[t=0.0190675s, 17604 KB] mean number of q cost that have been adjusted 0 times in relation to total number of q: -1
[t=0.0190675s, 17604 KB] mean number of q cost that have been adjusted 1 times in relation to total number of q: -1
[t=0.0190675s, 17604 KB] mean number of q cost that have been adjusted 2 times in relation to total number of q: -1
[t=0.0190675s, 17604 KB] mean number of q that are at some point overconsitent in relation to total number of q: -1
[t=0.0190675s, 17604 KB] mean number of q that are at first underconsisten in relation to total number of q: -1
[t=0.0190675s, 17604 KB] mean number of state variables that are not in common between two following states in relation to total number of state variables: -1
[t=0.0190675s, 17604 KB] variance number of state variables that are not in common between two following states in relation to total number of state variables: -1
[t=0.0190675s, 17604 KB] Search time: 0.0142721s
[t=0.0190675s, 17604 KB] Total time: 0.0190675s
Solution found.
Peak memory: 17604 KB
Remove intermediate file output.sas
search exit code: 0

INFO     Running validate.
INFO     validate stdin: None
INFO     validate time limit: None
INFO     validate memory limit: None
INFO     validate command line string: validate domain.pddl problem.pddl sas_plan
