INFO     Running translator.
INFO     translator stdin: None
INFO     translator time limit: 1799.97s
INFO     translator memory limit: 3584 MB
INFO     translator command line string: /infai/weidan00/downward/experiments/bachelor/.venv/bin/python3 /infai/weidan00/downward/experiments/bachelor/data/bachelor-v1/code-7aa5f34_e5e41175/builds/release/bin/translate/translate.py domain.pddl problem.pddl --sas-file output.sas
Parsing...
Parsing: [0.000s CPU, 0.003s wall-clock]
Normalizing task... [0.000s CPU, 0.000s wall-clock]
Instantiating...
Generating Datalog program... [0.000s CPU, 0.001s wall-clock]
Normalizing Datalog program...
Normalizing Datalog program: [0.010s CPU, 0.004s wall-clock]
Preparing model... [0.000s CPU, 0.002s wall-clock]
Generated 59 rules.
Computing model... [0.130s CPU, 0.130s wall-clock]
10554 relevant atoms
2583 auxiliary atoms
13137 final queue length
30812 total queue pushes
Completing instantiation... [0.520s CPU, 0.525s wall-clock]
Instantiating: [0.660s CPU, 0.664s wall-clock]
Computing fact groups...
Finding invariants...
9 initial candidates
Finding invariants: [0.010s CPU, 0.009s wall-clock]
Checking invariant weight... [0.000s CPU, 0.000s wall-clock]
Instantiating groups... [0.010s CPU, 0.003s wall-clock]
Collecting mutex groups... [0.000s CPU, 0.000s wall-clock]
Choosing groups...
0 uncovered facts
Choosing groups: [0.000s CPU, 0.001s wall-clock]
Building translation key... [0.000s CPU, 0.000s wall-clock]
Computing fact groups: [0.020s CPU, 0.015s wall-clock]
Building STRIPS to SAS dictionary... [0.000s CPU, 0.000s wall-clock]
Building dictionary for full mutex groups... [0.000s CPU, 0.000s wall-clock]
Building mutex information...
Building mutex information: [0.000s CPU, 0.000s wall-clock]
Translating task...
Processing axioms...
Simplifying axioms... [0.010s CPU, 0.000s wall-clock]
Processing axioms: [0.030s CPU, 0.016s wall-clock]
Translating task: [0.380s CPU, 0.373s wall-clock]
0 effect conditions simplified
0 implied preconditions added
Detecting unreachable propositions...
0 operators removed
0 axioms removed
25 propositions removed
Detecting unreachable propositions: [0.170s CPU, 0.170s wall-clock]
Reordering and filtering variables...
24 of 25 variables necessary.
0 of 25 mutex groups necessary.
9960 of 10080 operators necessary.
0 of 0 axiom rules necessary.
Reordering and filtering variables: [0.040s CPU, 0.045s wall-clock]
Translator variables: 24
Translator derived variables: 0
Translator facts: 333
Translator goal facts: 14
Translator mutex groups: 0
Translator total mutex groups size: 0
Translator operators: 9960
Translator axioms: 0
Translator task size: 47471
Translator peak memory: 183244 KB
Writing output... [0.080s CPU, 0.091s wall-clock]
Done! [1.370s CPU, 1.380s wall-clock]
translate exit code: 0

INFO     Running search (release).
INFO     search stdin: output.sas
INFO     search time limit: 1798.53s
INFO     search memory limit: 3584 MB
INFO     search command line string: /infai/weidan00/downward/experiments/bachelor/data/bachelor-v1/code-7aa5f34_e5e41175/builds/release/bin/downward --search 'eager_wastar([add()], w=2)' --internal-plan-file sas_plan < output.sas
[t=6.0159e-05s, 17204 KB] reading input...
[t=0.0492434s, 19868 KB] done reading input!
[t=0.0539178s, 21140 KB] Simplifying 17220 unary operators... done! [6660 unary operators]
[t=0.0592491s, 21680 KB] time to simplify: 0.00557883s
[t=0.0599055s, 21680 KB] Initializing additive heuristic...
[t=0.0600546s, 21680 KB] Building successor generator...done!
[t=0.063194s, 22064 KB] peak memory difference for successor generator creation: 384 KB
[t=0.0632368s, 22064 KB] time for successor generation creation: 0.00292174s
[t=0.0633452s, 22064 KB] Variables: 24
[t=0.0633911s, 22064 KB] FactPairs: 333
[t=0.0634313s, 22064 KB] Bytes per state: 16
[t=0.0635648s, 22064 KB] Conducting best first search with reopening closed nodes, (real) bound = 2147483647
[t=0.0637442s, 22064 KB] New best heuristic value for add: 44
[t=0.0637897s, 22064 KB] g=0, 1 evaluated, 0 expanded
[t=0.0638409s, 22064 KB] Initial heuristic value for add: 44
[t=0.0638823s, 22064 KB] pruning method: none
[t=0.0646636s, 22064 KB] New best heuristic value for add: 43
[t=0.0647099s, 22064 KB] g=1, 15 evaluated, 1 expanded
[t=0.0662282s, 22064 KB] New best heuristic value for add: 41
[t=0.0662737s, 22064 KB] g=1, 44 evaluated, 1 expanded
[t=0.0667819s, 22064 KB] New best heuristic value for add: 40
[t=0.0668251s, 22064 KB] g=1, 53 evaluated, 1 expanded
[t=0.0683515s, 22064 KB] New best heuristic value for add: 39
[t=0.0683984s, 22064 KB] g=2, 82 evaluated, 2 expanded
[t=0.0713862s, 22064 KB] New best heuristic value for add: 38
[t=0.071436s, 22064 KB] g=3, 140 evaluated, 3 expanded
[t=0.077564s, 22064 KB] New best heuristic value for add: 37
[t=0.0776195s, 22064 KB] g=4, 260 evaluated, 4 expanded
[t=0.0811752s, 22064 KB] New best heuristic value for add: 36
[t=0.0812254s, 22064 KB] g=5, 329 evaluated, 5 expanded
[t=0.0835641s, 22064 KB] New best heuristic value for add: 35
[t=0.083613s, 22064 KB] g=6, 374 evaluated, 6 expanded
[t=0.0877828s, 22064 KB] New best heuristic value for add: 34
[t=0.0878338s, 22064 KB] g=7, 455 evaluated, 7 expanded
[t=0.0903306s, 22064 KB] New best heuristic value for add: 33
[t=0.0903805s, 22064 KB] g=8, 503 evaluated, 8 expanded
[t=0.0939176s, 22064 KB] New best heuristic value for add: 32
[t=0.0939702s, 22064 KB] g=9, 571 evaluated, 9 expanded
[t=0.0970359s, 22064 KB] New best heuristic value for add: 31
[t=0.0970856s, 22064 KB] g=10, 631 evaluated, 10 expanded
[t=0.100155s, 22064 KB] New best heuristic value for add: 30
[t=0.100206s, 22064 KB] g=11, 691 evaluated, 11 expanded
[t=0.103204s, 22064 KB] New best heuristic value for add: 29
[t=0.103255s, 22064 KB] g=12, 750 evaluated, 12 expanded
[t=0.109153s, 22064 KB] New best heuristic value for add: 26
[t=0.109206s, 22064 KB] g=14, 867 evaluated, 15 expanded
[t=0.11177s, 22064 KB] New best heuristic value for add: 25
[t=0.111818s, 22064 KB] g=15, 918 evaluated, 16 expanded
[t=0.114886s, 22064 KB] New best heuristic value for add: 24
[t=0.114936s, 22064 KB] g=16, 979 evaluated, 17 expanded
[t=0.117765s, 22064 KB] New best heuristic value for add: 23
[t=0.117816s, 22064 KB] g=17, 1033 evaluated, 18 expanded
[t=0.120433s, 22064 KB] New best heuristic value for add: 22
[t=0.120483s, 22064 KB] g=18, 1085 evaluated, 19 expanded
[t=0.122945s, 22064 KB] New best heuristic value for add: 21
[t=0.122993s, 22064 KB] g=19, 1134 evaluated, 20 expanded
[t=0.125956s, 22064 KB] New best heuristic value for add: 20
[t=0.126005s, 22064 KB] g=20, 1193 evaluated, 21 expanded
[t=0.133997s, 22064 KB] New best heuristic value for add: 19
[t=0.134055s, 22064 KB] g=22, 1355 evaluated, 24 expanded
[t=0.13693s, 22064 KB] New best heuristic value for add: 18
[t=0.136981s, 22064 KB] g=23, 1412 evaluated, 25 expanded
[t=0.142231s, 22064 KB] New best heuristic value for add: 17
[t=0.142284s, 22064 KB] g=25, 1518 evaluated, 27 expanded
[t=0.156946s, 22064 KB] New best heuristic value for add: 16
[t=0.157007s, 22064 KB] g=26, 1818 evaluated, 33 expanded
[t=0.159833s, 22064 KB] New best heuristic value for add: 15
[t=0.159881s, 22064 KB] g=27, 1878 evaluated, 34 expanded
[t=0.167377s, 22064 KB] New best heuristic value for add: 14
[t=0.167434s, 22064 KB] g=28, 2043 evaluated, 37 expanded
[t=0.171341s, 22064 KB] New best heuristic value for add: 13
[t=0.171392s, 22064 KB] g=30, 2129 evaluated, 39 expanded
[t=0.209621s, 22064 KB] New best heuristic value for add: 12
[t=0.209692s, 22064 KB] g=32, 2965 evaluated, 61 expanded
[t=0.22386s, 22064 KB] New best heuristic value for add: 11
[t=0.223919s, 22064 KB] g=33, 3257 evaluated, 72 expanded
[t=0.225264s, 22064 KB] New best heuristic value for add: 10
[t=0.22531s, 22064 KB] g=34, 3286 evaluated, 73 expanded
[t=0.227032s, 22064 KB] New best heuristic value for add: 9
[t=0.227079s, 22064 KB] g=35, 3325 evaluated, 74 expanded
[t=0.298768s, 22064 KB] New best heuristic value for add: 8
[t=0.298856s, 22064 KB] g=38, 4937 evaluated, 131 expanded
[t=0.324806s, 22064 KB] New best heuristic value for add: 7
[t=0.324886s, 22064 KB] g=40, 5548 evaluated, 156 expanded
[t=0.325676s, 22064 KB] New best heuristic value for add: 6
[t=0.325722s, 22064 KB] g=41, 5575 evaluated, 157 expanded
[t=0.334629s, 22064 KB] New best heuristic value for add: 5
[t=0.334697s, 22064 KB] g=43, 5865 evaluated, 168 expanded
[t=0.335428s, 22064 KB] New best heuristic value for add: 4
[t=0.335474s, 22064 KB] g=44, 5891 evaluated, 169 expanded
[t=0.342415s, 22064 KB] New best heuristic value for add: 3
[t=0.34247s, 22064 KB] g=46, 6118 evaluated, 178 expanded
[t=0.342938s, 22064 KB] New best heuristic value for add: 2
[t=0.342984s, 22064 KB] g=47, 6133 evaluated, 179 expanded
[t=0.343724s, 22064 KB] New best heuristic value for add: 1
[t=0.343769s, 22064 KB] g=48, 6156 evaluated, 180 expanded
[t=0.344077s, 22064 KB] New best heuristic value for add: 0
[t=0.344121s, 22064 KB] g=49, 6171 evaluated, 181 expanded
[t=0.344178s, 22064 KB] Solution found!
[t=0.344225s, 22064 KB] Actual search time: 0.280339s
fly plane2 city3 city8 fl4 fl3 (1)
board person4 plane5 city5 (1)
board person12 plane5 city5 (1)
board person8 plane2 city8 (1)
board person13 plane2 city8 (1)
fly plane2 city8 city1 fl3 fl2 (1)
board person5 plane2 city1 (1)
fly plane2 city1 city11 fl2 fl1 (1)
debark person8 plane2 city11 (1)
board person7 plane2 city11 (1)
debark person13 plane2 city11 (1)
board person10 plane2 city11 (1)
fly plane5 city5 city4 fl1 fl0 (1)
refuel plane5 city4 fl0 fl1 (1)
debark person12 plane5 city4 (1)
board person11 plane5 city4 (1)
fly plane5 city4 city6 fl1 fl0 (1)
refuel plane5 city6 fl0 fl1 (1)
debark person4 plane5 city6 (1)
debark person11 plane5 city6 (1)
refuel plane5 city6 fl1 fl2 (1)
fly plane5 city6 city1 fl2 fl1 (1)
board person15 plane5 city1 (1)
fly plane4 city9 city10 fl1 fl0 (1)
refuel plane4 city10 fl0 fl1 (1)
board person2 plane4 city10 (1)
fly plane4 city10 city4 fl1 fl0 (1)
debark person2 plane4 city4 (1)
fly plane5 city1 city6 fl1 fl0 (1)
debark person15 plane5 city6 (1)
fly plane3 city2 city8 fl1 fl0 (1)
refuel plane3 city8 fl0 fl1 (1)
board person1 plane3 city8 (1)
fly plane3 city8 city1 fl1 fl0 (1)
debark person1 plane3 city1 (1)
refuel plane2 city11 fl1 fl2 (1)
fly plane2 city11 city10 fl2 fl1 (1)
board person6 plane2 city10 (1)
refuel plane2 city10 fl1 fl2 (1)
fly plane2 city10 city11 fl2 fl1 (1)
debark person6 plane2 city11 (1)
refuel plane2 city11 fl1 fl2 (1)
fly plane2 city11 city2 fl2 fl1 (1)
debark person7 plane2 city2 (1)
fly plane2 city2 city8 fl1 fl0 (1)
refuel plane2 city8 fl0 fl1 (1)
debark person5 plane2 city8 (1)
fly plane2 city8 city9 fl1 fl0 (1)
debark person10 plane2 city9 (1)
[t=0.344269s, 22064 KB] Plan length: 49 step(s).
[t=0.344269s, 22064 KB] Plan cost: 49
[t=0.344269s, 22064 KB] Expanded 182 state(s).
[t=0.344269s, 22064 KB] Reopened 0 state(s).
[t=0.344269s, 22064 KB] Evaluated 6172 state(s).
[t=0.344269s, 22064 KB] Evaluations: 6172
[t=0.344269s, 22064 KB] Generated 7309 state(s).
[t=0.344269s, 22064 KB] Dead ends: 0 state(s).
[t=0.344269s, 22064 KB] Number of registered states: 6172
[t=0.344269s, 22064 KB] Int hash set load factor: 6172/8192 = 0.753418
[t=0.344269s, 22064 KB] Int hash set resizes: 13
[t=0.344269s, 22064 KB] mean number of q cost that have been adjusted 0 times in relation to total number of q: -1
[t=0.344269s, 22064 KB] mean number of q cost that have been adjusted 1 times in relation to total number of q: -1
[t=0.344269s, 22064 KB] mean number of q cost that have been adjusted 2 times in relation to total number of q: -1
[t=0.344269s, 22064 KB] mean number of q that are at some point overconsitent in relation to total number of q: -1
[t=0.344269s, 22064 KB] mean number of q that are at first underconsisten in relation to total number of q: -1
[t=0.344269s, 22064 KB] mean number of state variables that are not in common between two following states in relation to total number of state variables: -1
[t=0.344269s, 22064 KB] variance number of state variables that are not in common between two following states in relation to total number of state variables: -1
[t=0.344269s, 22064 KB] Search time: 0.280705s
[t=0.344269s, 22064 KB] Total time: 0.344269s
Solution found.
Peak memory: 22064 KB
Remove intermediate file output.sas
search exit code: 0

INFO     Running validate.
INFO     validate stdin: None
INFO     validate time limit: None
INFO     validate memory limit: None
INFO     validate command line string: validate domain.pddl problem.pddl sas_plan
