INFO     Running translator.
INFO     translator stdin: None
INFO     translator time limit: 1799.96s
INFO     translator memory limit: 3584 MB
INFO     translator command line string: /infai/weidan00/downward/experiments/bachelor/.venv/bin/python3 /infai/weidan00/downward/experiments/bachelor/data/bachelor-v1/code-7aa5f34_e5e41175/builds/release/bin/translate/translate.py domain.pddl problem.pddl --sas-file output.sas
Parsing...
Parsing: [0.000s CPU, 0.003s wall-clock]
Normalizing task... [0.000s CPU, 0.000s wall-clock]
Instantiating...
Generating Datalog program... [0.000s CPU, 0.000s wall-clock]
Normalizing Datalog program...
Normalizing Datalog program: [0.000s CPU, 0.003s wall-clock]
Preparing model... [0.000s CPU, 0.002s wall-clock]
Generated 51 rules.
Computing model... [0.020s CPU, 0.015s wall-clock]
643 relevant atoms
678 auxiliary atoms
1321 final queue length
1575 total queue pushes
Completing instantiation... [0.010s CPU, 0.012s wall-clock]
Instantiating: [0.030s CPU, 0.033s wall-clock]
Computing fact groups...
Finding invariants...
6 initial candidates
Finding invariants: [0.000s CPU, 0.002s wall-clock]
Checking invariant weight... [0.000s CPU, 0.000s wall-clock]
Instantiating groups... [0.000s CPU, 0.001s wall-clock]
Collecting mutex groups... [0.000s CPU, 0.000s wall-clock]
Choosing groups...
0 uncovered facts
Choosing groups: [0.000s CPU, 0.000s wall-clock]
Building translation key... [0.000s CPU, 0.000s wall-clock]
Computing fact groups: [0.000s CPU, 0.005s wall-clock]
Building STRIPS to SAS dictionary... [0.000s CPU, 0.000s wall-clock]
Building dictionary for full mutex groups... [0.000s CPU, 0.000s wall-clock]
Building mutex information...
Building mutex information: [0.000s CPU, 0.000s wall-clock]
Translating task...
Processing axioms...
Simplifying axioms... [0.000s CPU, 0.000s wall-clock]
Processing axioms: [0.000s CPU, 0.001s wall-clock]
Translating task: [0.010s CPU, 0.010s wall-clock]
0 effect conditions simplified
0 implied preconditions added
Detecting unreachable propositions...
0 operators removed
0 axioms removed
14 propositions removed
Detecting unreachable propositions: [0.010s CPU, 0.006s wall-clock]
Reordering and filtering variables...
14 of 14 variables necessary.
0 of 14 mutex groups necessary.
360 of 360 operators necessary.
0 of 0 axiom rules necessary.
Reordering and filtering variables: [0.000s CPU, 0.001s wall-clock]
Translator variables: 14
Translator derived variables: 0
Translator facts: 144
Translator goal facts: 6
Translator mutex groups: 0
Translator total mutex groups size: 0
Translator operators: 360
Translator axioms: 0
Translator task size: 1532
Translator peak memory: 143820 KB
Writing output... [0.000s CPU, 0.005s wall-clock]
Done! [0.050s CPU, 0.066s wall-clock]
translate exit code: 0

INFO     Running search (release).
INFO     search stdin: output.sas
INFO     search time limit: 1799.84s
INFO     search memory limit: 3584 MB
INFO     search command line string: /infai/weidan00/downward/experiments/bachelor/data/bachelor-v1/code-7aa5f34_e5e41175/builds/release/bin/downward --search 'eager_wastar([pinch_tracking()], w=2)' --internal-plan-file sas_plan < output.sas
[t=6.3896e-05s, 17204 KB] reading input...
[t=0.00217256s, 17344 KB] done reading input!
[t=0.00413128s, 17608 KB] Simplifying 360 unary operators... done! [360 unary operators]
[t=0.00439721s, 17608 KB] time to simplify: 0.000322196s
[t=0.00450763s, 17608 KB] Initializing pinch tracking heuristic...
[t=0.00462931s, 17608 KB] Building successor generator...done!
[t=0.00495706s, 17608 KB] peak memory difference for successor generator creation: 0 KB
[t=0.00499568s, 17608 KB] time for successor generation creation: 0.000205337s
[t=0.00504444s, 17608 KB] Variables: 14
[t=0.00508423s, 17608 KB] FactPairs: 144
[t=0.00512339s, 17608 KB] Bytes per state: 8
[t=0.00524501s, 17608 KB] Conducting best first search with reopening closed nodes, (real) bound = 2147483647
[t=0.00538882s, 17608 KB] New best heuristic value for pinch_tracking: 31
[t=0.00543328s, 17608 KB] g=0, 1 evaluated, 0 expanded
[t=0.00549122s, 17608 KB] Initial heuristic value for pinch_tracking: 31
[t=0.00553544s, 17608 KB] pruning method: none
[t=0.00563875s, 17608 KB] New best heuristic value for pinch_tracking: 30
[t=0.00568612s, 17608 KB] g=1, 6 evaluated, 1 expanded
[t=0.00579391s, 17608 KB] New best heuristic value for pinch_tracking: 27
[t=0.00583757s, 17608 KB] g=1, 12 evaluated, 1 expanded
[t=0.00605209s, 17608 KB] New best heuristic value for pinch_tracking: 26
[t=0.00609705s, 17608 KB] g=2, 28 evaluated, 2 expanded
[t=0.00629513s, 17608 KB] New best heuristic value for pinch_tracking: 25
[t=0.00634607s, 17608 KB] g=3, 44 evaluated, 3 expanded
[t=0.00658817s, 17608 KB] New best heuristic value for pinch_tracking: 24
[t=0.00663275s, 17608 KB] g=4, 64 evaluated, 4 expanded
[t=0.00692343s, 17608 KB] New best heuristic value for pinch_tracking: 23
[t=0.00696888s, 17608 KB] g=5, 89 evaluated, 5 expanded
[t=0.00720879s, 17608 KB] New best heuristic value for pinch_tracking: 22
[t=0.00726059s, 17608 KB] g=6, 109 evaluated, 6 expanded
[t=0.0075295s, 17608 KB] New best heuristic value for pinch_tracking: 21
[t=0.00757684s, 17608 KB] g=7, 130 evaluated, 7 expanded
[t=0.00789913s, 17608 KB] New best heuristic value for pinch_tracking: 20
[t=0.00794517s, 17608 KB] g=8, 158 evaluated, 8 expanded
[t=0.00820743s, 17608 KB] New best heuristic value for pinch_tracking: 19
[t=0.00825322s, 17608 KB] g=9, 180 evaluated, 9 expanded
[t=0.00853697s, 17608 KB] New best heuristic value for pinch_tracking: 18
[t=0.0085817s, 17608 KB] g=10, 205 evaluated, 10 expanded
[t=0.00880092s, 17608 KB] New best heuristic value for pinch_tracking: 17
[t=0.00884543s, 17608 KB] g=11, 224 evaluated, 11 expanded
[t=0.00897692s, 17608 KB] New best heuristic value for pinch_tracking: 16
[t=0.00902023s, 17608 KB] g=12, 234 evaluated, 12 expanded
[t=0.00921451s, 17608 KB] New best heuristic value for pinch_tracking: 15
[t=0.00926076s, 17608 KB] g=13, 249 evaluated, 13 expanded
[t=0.00952712s, 17608 KB] New best heuristic value for pinch_tracking: 14
[t=0.00957259s, 17608 KB] g=14, 269 evaluated, 14 expanded
[t=0.00976582s, 17608 KB] New best heuristic value for pinch_tracking: 13
[t=0.00981073s, 17608 KB] g=15, 285 evaluated, 15 expanded
[t=0.0100553s, 17608 KB] New best heuristic value for pinch_tracking: 12
[t=0.0101039s, 17608 KB] g=16, 305 evaluated, 16 expanded
[t=0.0103492s, 17608 KB] New best heuristic value for pinch_tracking: 11
[t=0.0103961s, 17608 KB] g=17, 326 evaluated, 17 expanded
[t=0.0106073s, 17608 KB] New best heuristic value for pinch_tracking: 10
[t=0.0106531s, 17608 KB] g=18, 343 evaluated, 18 expanded
[t=0.0109728s, 17608 KB] New best heuristic value for pinch_tracking: 9
[t=0.0110184s, 17608 KB] g=19, 369 evaluated, 19 expanded
[t=0.0123683s, 17608 KB] New best heuristic value for pinch_tracking: 8
[t=0.0124184s, 17608 KB] g=21, 503 evaluated, 27 expanded
[t=0.0127095s, 17608 KB] New best heuristic value for pinch_tracking: 7
[t=0.0127551s, 17608 KB] g=22, 523 evaluated, 28 expanded
[t=0.0130369s, 17608 KB] New best heuristic value for pinch_tracking: 6
[t=0.013082s, 17608 KB] g=23, 546 evaluated, 29 expanded
[t=0.0146733s, 17608 KB] New best heuristic value for pinch_tracking: 5
[t=0.0147226s, 17608 KB] g=25, 704 evaluated, 37 expanded
[t=0.0149715s, 17608 KB] New best heuristic value for pinch_tracking: 4
[t=0.0150161s, 17608 KB] g=26, 725 evaluated, 38 expanded
[t=0.0152473s, 17608 KB] New best heuristic value for pinch_tracking: 3
[t=0.015292s, 17608 KB] g=27, 744 evaluated, 39 expanded
[t=0.0156455s, 17608 KB] New best heuristic value for pinch_tracking: 2
[t=0.0156978s, 17608 KB] g=29, 778 evaluated, 41 expanded
[t=0.0159646s, 17608 KB] New best heuristic value for pinch_tracking: 1
[t=0.016009s, 17608 KB] g=30, 803 evaluated, 42 expanded
[t=0.0162814s, 17608 KB] New best heuristic value for pinch_tracking: 0
[t=0.0163257s, 17608 KB] g=31, 828 evaluated, 43 expanded
[t=0.0165593s, 17608 KB] Solution found!
[t=0.0166191s, 17608 KB] Actual search time: 0.0110787s
fly-airplane plane2 city4-2 city1-2 (1)
load-truck package6 truck3 city3-1 (1)
drive-truck truck3 city3-1 city3-2 city3 (1)
unload-truck package6 truck3 city3-2 (1)
load-truck package4 truck1 city1-1 (1)
drive-truck truck1 city1-1 city1-2 city1 (1)
unload-truck package4 truck1 city1-2 (1)
load-airplane package4 plane2 city1-2 (1)
load-airplane package2 plane2 city1-2 (1)
load-airplane package5 plane1 city4-2 (1)
fly-airplane plane1 city4-2 city6-2 (1)
fly-airplane plane2 city1-2 city3-2 (1)
load-airplane package6 plane2 city3-2 (1)
unload-airplane package4 plane2 city3-2 (1)
fly-airplane plane2 city3-2 city1-2 (1)
unload-airplane package6 plane2 city1-2 (1)
fly-airplane plane2 city1-2 city6-2 (1)
unload-airplane package2 plane2 city6-2 (1)
unload-airplane package5 plane1 city6-2 (1)
drive-truck truck1 city1-2 city1-1 city1 (1)
load-truck package3 truck1 city1-1 (1)
drive-truck truck1 city1-1 city1-2 city1 (1)
unload-truck package3 truck1 city1-2 (1)
fly-airplane plane2 city6-2 city1-2 (1)
load-airplane package3 plane2 city1-2 (1)
fly-airplane plane2 city1-2 city6-2 (1)
unload-airplane package3 plane2 city6-2 (1)
drive-truck truck6 city6-1 city6-2 city6 (1)
load-truck package3 truck6 city6-2 (1)
drive-truck truck6 city6-2 city6-1 city6 (1)
unload-truck package3 truck6 city6-1 (1)
[t=0.0166638s, 17608 KB] Plan length: 31 step(s).
[t=0.0166638s, 17608 KB] Plan cost: 31
[t=0.0166638s, 17608 KB] Expanded 44 state(s).
[t=0.0166638s, 17608 KB] Reopened 0 state(s).
[t=0.0166638s, 17608 KB] Evaluated 850 state(s).
[t=0.0166638s, 17608 KB] Evaluations: 850
[t=0.0166638s, 17608 KB] Generated 983 state(s).
[t=0.0166638s, 17608 KB] Dead ends: 0 state(s).
[t=0.0166638s, 17608 KB] Number of registered states: 850
[t=0.0166638s, 17608 KB] Int hash set load factor: 850/1024 = 0.830078
[t=0.0166638s, 17608 KB] Int hash set resizes: 10
[t=0.0166638s, 17608 KB] mean number of q cost that have been adjusted 0 times in relation to total number of q: -1
[t=0.0166638s, 17608 KB] mean number of q cost that have been adjusted 1 times in relation to total number of q: -1
[t=0.0166638s, 17608 KB] mean number of q cost that have been adjusted 2 times in relation to total number of q: -1
[t=0.0166638s, 17608 KB] mean number of q that are at some point overconsitent in relation to total number of q: -1
[t=0.0166638s, 17608 KB] mean number of q that are at first underconsisten in relation to total number of q: -1
[t=0.0166638s, 17608 KB] mean number of state variables that are not in common between two following states in relation to total number of state variables: -1
[t=0.0166638s, 17608 KB] variance number of state variables that are not in common between two following states in relation to total number of state variables: -1
[t=0.0166638s, 17608 KB] Search time: 0.0114194s
[t=0.0166638s, 17608 KB] Total time: 0.0166638s
Solution found.
Peak memory: 17608 KB
Remove intermediate file output.sas
search exit code: 0

INFO     Running validate.
INFO     validate stdin: None
INFO     validate time limit: None
INFO     validate memory limit: None
INFO     validate command line string: validate domain.pddl problem.pddl sas_plan
