INFO     Running translator.
INFO     translator stdin: None
INFO     translator time limit: 1799.96s
INFO     translator memory limit: 3584 MB
INFO     translator command line string: /infai/weidan00/downward/experiments/bachelor/.venv/bin/python3 /infai/weidan00/downward/experiments/bachelor/data/bachelor-v1/code-7aa5f34_e5e41175/builds/release/bin/translate/translate.py domain.pddl problem.pddl --sas-file output.sas
Parsing...
Parsing: [0.000s CPU, 0.002s wall-clock]
Normalizing task... [0.000s CPU, 0.000s wall-clock]
Instantiating...
Generating Datalog program... [0.000s CPU, 0.000s wall-clock]
Normalizing Datalog program...
Normalizing Datalog program: [0.010s CPU, 0.002s wall-clock]
Preparing model... [0.000s CPU, 0.001s wall-clock]
Generated 21 rules.
Computing model... [0.010s CPU, 0.013s wall-clock]
882 relevant atoms
592 auxiliary atoms
1474 final queue length
2533 total queue pushes
Completing instantiation... [0.020s CPU, 0.022s wall-clock]
Instantiating: [0.040s CPU, 0.039s wall-clock]
Computing fact groups...
Finding invariants...
10 initial candidates
Finding invariants: [0.010s CPU, 0.005s wall-clock]
Checking invariant weight... [0.000s CPU, 0.000s wall-clock]
Instantiating groups... [0.000s CPU, 0.001s wall-clock]
Collecting mutex groups... [0.000s CPU, 0.000s wall-clock]
Choosing groups...
17 uncovered facts
Choosing groups: [0.000s CPU, 0.001s wall-clock]
Building translation key... [0.000s CPU, 0.000s wall-clock]
Computing fact groups: [0.010s CPU, 0.011s wall-clock]
Building STRIPS to SAS dictionary... [0.000s CPU, 0.000s wall-clock]
Building dictionary for full mutex groups... [0.000s CPU, 0.001s wall-clock]
Building mutex information...
Building mutex information: [0.000s CPU, 0.000s wall-clock]
Translating task...
Processing axioms...
Simplifying axioms... [0.000s CPU, 0.000s wall-clock]
Processing axioms: [0.010s CPU, 0.001s wall-clock]
Translating task: [0.030s CPU, 0.029s wall-clock]
752 effect conditions simplified
0 implied preconditions added
Detecting unreachable propositions...
0 operators removed
0 axioms removed
32 propositions removed
Detecting unreachable propositions: [0.020s CPU, 0.015s wall-clock]
Reordering and filtering variables...
33 of 33 variables necessary.
17 of 33 mutex groups necessary.
512 of 512 operators necessary.
0 of 0 axiom rules necessary.
Reordering and filtering variables: [0.010s CPU, 0.008s wall-clock]
Translator variables: 33
Translator derived variables: 0
Translator facts: 306
Translator goal facts: 15
Translator mutex groups: 17
Translator total mutex groups size: 289
Translator operators: 512
Translator axioms: 0
Translator task size: 4435
Translator peak memory: 145612 KB
Writing output... [0.000s CPU, 0.012s wall-clock]
Done! [0.120s CPU, 0.120s wall-clock]
translate exit code: 0

INFO     Running search (release).
INFO     search stdin: output.sas
INFO     search time limit: 1799.79s
INFO     search memory limit: 3584 MB
INFO     search command line string: /infai/weidan00/downward/experiments/bachelor/data/bachelor-v1/code-7aa5f34_e5e41175/builds/release/bin/downward --search 'eager_wastar([pinch()], w=2)' --internal-plan-file sas_plan < output.sas
[t=6.4615e-05s, 17204 KB] reading input...
[t=0.00432582s, 17608 KB] done reading input!
[t=0.00649928s, 18004 KB] Simplifying 2016 unary operators... done! [1536 unary operators]
[t=0.00790366s, 18136 KB] time to simplify: 0.00150813s
[t=0.0081519s, 18136 KB] Initializing pinch heuristic...
[t=0.00829229s, 18136 KB] Building successor generator...done!
[t=0.00865606s, 18136 KB] peak memory difference for successor generator creation: 0 KB
[t=0.00870166s, 18136 KB] time for successor generation creation: 0.000236282s
[t=0.00875329s, 18136 KB] Variables: 33
[t=0.00879374s, 18136 KB] FactPairs: 306
[t=0.00883374s, 18136 KB] Bytes per state: 16
[t=0.00896075s, 18136 KB] Conducting best first search with reopening closed nodes, (real) bound = 2147483647
[t=0.00922002s, 18136 KB] New best heuristic value for pinch: 158
[t=0.00926368s, 18136 KB] g=0, 1 evaluated, 0 expanded
[t=0.0093118s, 18136 KB] Initial heuristic value for pinch: 158
[t=0.00935288s, 18136 KB] pruning method: none
[t=0.00995753s, 18136 KB] New best heuristic value for pinch: 140
[t=0.0100054s, 18136 KB] g=2, 5 evaluated, 2 expanded
[t=0.0101143s, 18136 KB] New best heuristic value for pinch: 137
[t=0.0101575s, 18136 KB] g=2, 7 evaluated, 2 expanded
[t=0.0110076s, 18136 KB] New best heuristic value for pinch: 121
[t=0.0110552s, 18136 KB] g=4, 15 evaluated, 6 expanded
[t=0.0111311s, 18136 KB] New best heuristic value for pinch: 120
[t=0.0111733s, 18136 KB] g=4, 16 evaluated, 6 expanded
[t=0.0112754s, 18136 KB] New best heuristic value for pinch: 118
[t=0.0113176s, 18136 KB] g=4, 18 evaluated, 6 expanded
[t=0.0124875s, 18136 KB] New best heuristic value for pinch: 104
[t=0.0125347s, 18136 KB] g=6, 32 evaluated, 11 expanded
[t=0.0126155s, 18136 KB] New best heuristic value for pinch: 103
[t=0.012657s, 18136 KB] g=6, 33 evaluated, 11 expanded
[t=0.0127808s, 18136 KB] New best heuristic value for pinch: 101
[t=0.0128225s, 18136 KB] g=6, 36 evaluated, 11 expanded
[t=0.0144467s, 18136 KB] New best heuristic value for pinch: 89
[t=0.0144954s, 18136 KB] g=8, 58 evaluated, 17 expanded
[t=0.0145705s, 18136 KB] New best heuristic value for pinch: 88
[t=0.0146125s, 18136 KB] g=8, 59 evaluated, 17 expanded
[t=0.0146951s, 18136 KB] New best heuristic value for pinch: 87
[t=0.0147365s, 18136 KB] g=8, 60 evaluated, 17 expanded
[t=0.0148421s, 18136 KB] New best heuristic value for pinch: 86
[t=0.0148831s, 18136 KB] g=8, 63 evaluated, 17 expanded
[t=0.0167206s, 18136 KB] New best heuristic value for pinch: 76
[t=0.0167697s, 18136 KB] g=10, 95 evaluated, 24 expanded
[t=0.0168439s, 18136 KB] New best heuristic value for pinch: 72
[t=0.0168856s, 18136 KB] g=10, 96 evaluated, 24 expanded
[t=0.0191953s, 18136 KB] New best heuristic value for pinch: 64
[t=0.019245s, 18136 KB] g=12, 145 evaluated, 32 expanded
[t=0.0193653s, 18136 KB] New best heuristic value for pinch: 63
[t=0.0194078s, 18136 KB] g=12, 147 evaluated, 32 expanded
[t=0.0195484s, 18136 KB] New best heuristic value for pinch: 61
[t=0.0195908s, 18136 KB] g=12, 151 evaluated, 32 expanded
[t=0.0218595s, 18136 KB] New best heuristic value for pinch: 55
[t=0.0219101s, 18136 KB] g=14, 195 evaluated, 40 expanded
[t=0.0220283s, 18136 KB] New best heuristic value for pinch: 54
[t=0.0220706s, 18136 KB] g=14, 197 evaluated, 40 expanded
[t=0.0221383s, 18136 KB] New best heuristic value for pinch: 51
[t=0.0221794s, 18136 KB] g=14, 198 evaluated, 40 expanded
[t=0.0248823s, 18136 KB] New best heuristic value for pinch: 47
[t=0.024934s, 18136 KB] g=16, 260 evaluated, 49 expanded
[t=0.025071s, 18136 KB] New best heuristic value for pinch: 46
[t=0.0251143s, 18136 KB] g=16, 262 evaluated, 49 expanded
[t=0.025267s, 18136 KB] New best heuristic value for pinch: 43
[t=0.0253088s, 18136 KB] g=16, 266 evaluated, 49 expanded
[t=0.0279563s, 18136 KB] New best heuristic value for pinch: 40
[t=0.0280069s, 18136 KB] g=18, 325 evaluated, 58 expanded
[t=0.0281057s, 18136 KB] New best heuristic value for pinch: 36
[t=0.0281478s, 18136 KB] g=18, 326 evaluated, 58 expanded
[t=0.0309164s, 18136 KB] New best heuristic value for pinch: 32
[t=0.0309672s, 18136 KB] g=20, 390 evaluated, 67 expanded
[t=0.0338956s, 18136 KB] New best heuristic value for pinch: 31
[t=0.0339475s, 18136 KB] g=22, 457 evaluated, 76 expanded
[t=0.0341613s, 18136 KB] New best heuristic value for pinch: 30
[t=0.0342047s, 18136 KB] g=22, 463 evaluated, 76 expanded
[t=0.0373384s, 18136 KB] New best heuristic value for pinch: 29
[t=0.0373907s, 18136 KB] g=24, 539 evaluated, 86 expanded
[t=0.0375288s, 18136 KB] New best heuristic value for pinch: 27
[t=0.0375706s, 18136 KB] g=24, 542 evaluated, 86 expanded
[t=0.0409512s, 18136 KB] New best heuristic value for pinch: 25
[t=0.0410012s, 18136 KB] g=26, 638 evaluated, 97 expanded
[t=0.0449431s, 18136 KB] New best heuristic value for pinch: 24
[t=0.045004s, 18136 KB] g=28, 748 evaluated, 108 expanded
[t=0.048353s, 18136 KB] New best heuristic value for pinch: 23
[t=0.0484043s, 18136 KB] g=28, 839 evaluated, 119 expanded
[t=0.0522973s, 18136 KB] New best heuristic value for pinch: 22
[t=0.0523514s, 18136 KB] g=30, 947 evaluated, 130 expanded
[t=0.071564s, 18136 KB] New best heuristic value for pinch: 21
[t=0.0716328s, 18136 KB] g=30, 1438 evaluated, 191 expanded
[t=0.0750812s, 18136 KB] New best heuristic value for pinch: 20
[t=0.075133s, 18136 KB] g=32, 1525 evaluated, 201 expanded
[t=0.0802594s, 18136 KB] New best heuristic value for pinch: 19
[t=0.0803152s, 18136 KB] g=32, 1655 evaluated, 220 expanded
[t=0.0827731s, 18136 KB] New best heuristic value for pinch: 18
[t=0.0828222s, 18136 KB] g=34, 1712 evaluated, 229 expanded
[t=0.0946859s, 18136 KB] New best heuristic value for pinch: 17
[t=0.0947445s, 18136 KB] g=34, 1956 evaluated, 270 expanded
[t=0.0975214s, 18136 KB] New best heuristic value for pinch: 15
[t=0.0975718s, 18136 KB] g=36, 2008 evaluated, 278 expanded
[t=0.101203s, 18136 KB] New best heuristic value for pinch: 14
[t=0.101256s, 18136 KB] g=38, 2075 evaluated, 292 expanded
[t=0.102765s, 18136 KB] New best heuristic value for pinch: 13
[t=0.102813s, 18136 KB] g=38, 2096 evaluated, 298 expanded
[t=0.106043s, 18136 KB] New best heuristic value for pinch: 12
[t=0.1061s, 18136 KB] g=40, 2146 evaluated, 310 expanded
[t=0.107113s, 18136 KB] New best heuristic value for pinch: 11
[t=0.107159s, 18136 KB] g=40, 2158 evaluated, 315 expanded
[t=0.109599s, 18136 KB] New best heuristic value for pinch: 10
[t=0.109649s, 18136 KB] g=42, 2188 evaluated, 325 expanded
[t=0.159783s, 18136 KB] New best heuristic value for pinch: 9
[t=0.159861s, 18136 KB] g=48, 2831 evaluated, 530 expanded
[t=0.161788s, 18136 KB] New best heuristic value for pinch: 8
[t=0.161839s, 18136 KB] g=50, 2857 evaluated, 540 expanded
[t=0.162592s, 18136 KB] New best heuristic value for pinch: 7
[t=0.162638s, 18136 KB] g=50, 2864 evaluated, 544 expanded
[t=0.1643s, 18136 KB] New best heuristic value for pinch: 5
[t=0.16435s, 18136 KB] g=52, 2880 evaluated, 552 expanded
[t=0.183572s, 18192 KB] New best heuristic value for pinch: 4
[t=0.183661s, 18192 KB] g=64, 3084 evaluated, 646 expanded, 1 reopened
[t=0.184755s, 18192 KB] New best heuristic value for pinch: 3
[t=0.184801s, 18192 KB] g=64, 3094 evaluated, 653 expanded, 1 reopened
[t=0.18521s, 18192 KB] New best heuristic value for pinch: 2
[t=0.185254s, 18192 KB] g=64, 3097 evaluated, 655 expanded, 1 reopened
[t=0.185494s, 18192 KB] New best heuristic value for pinch: 1
[t=0.18554s, 18192 KB] g=65, 3098 evaluated, 656 expanded, 1 reopened
[t=0.185664s, 18192 KB] New best heuristic value for pinch: 0
[t=0.185706s, 18192 KB] g=66, 3099 evaluated, 657 expanded, 1 reopened
[t=0.185748s, 18192 KB] Solution found!
[t=0.185794s, 18192 KB] Actual search time: 0.176436s
unstack f l (1)
put-down f (1)
unstack l m (1)
put-down l (1)
unstack m j (1)
put-down m (1)
unstack j p (1)
put-down j (1)
unstack p n (1)
stack p f (1)
unstack n i (1)
put-down n (1)
unstack i b (1)
stack i l (1)
unstack b d (1)
stack b p (1)
unstack d c (1)
stack d b (1)
unstack c k (1)
put-down c (1)
unstack h e (1)
put-down h (1)
unstack k a (1)
stack k i (1)
unstack o g (1)
put-down o (1)
pick-up c (1)
stack c o (1)
pick-up m (1)
stack m c (1)
pick-up e (1)
stack e m (1)
pick-up n (1)
stack n e (1)
pick-up a (1)
stack a n (1)
pick-up h (1)
stack h a (1)
pick-up j (1)
stack j h (1)
unstack k i (1)
put-down k (1)
unstack i l (1)
put-down i (1)
pick-up l (1)
stack l j (1)
pick-up i (1)
stack i l (1)
pick-up k (1)
stack k i (1)
pick-up g (1)
stack g k (1)
unstack d b (1)
put-down d (1)
unstack b p (1)
put-down b (1)
unstack p f (1)
put-down p (1)
pick-up f (1)
stack f g (1)
pick-up p (1)
stack p f (1)
pick-up b (1)
stack b p (1)
pick-up d (1)
stack d b (1)
[t=0.185837s, 18192 KB] Plan length: 66 step(s).
[t=0.185837s, 18192 KB] Plan cost: 66
[t=0.185837s, 18192 KB] Expanded 658 state(s).
[t=0.185837s, 18192 KB] Reopened 1 state(s).
[t=0.185837s, 18192 KB] Evaluated 3099 state(s).
[t=0.185837s, 18192 KB] Evaluations: 3099
[t=0.185837s, 18192 KB] Generated 4004 state(s).
[t=0.185837s, 18192 KB] Dead ends: 0 state(s).
[t=0.185837s, 18192 KB] Number of registered states: 3099
[t=0.185837s, 18192 KB] Int hash set load factor: 3099/4096 = 0.756592
[t=0.185837s, 18192 KB] Int hash set resizes: 12
[t=0.185837s, 18192 KB] mean number of q cost that have been adjusted 0 times in relation to total number of q: -1
[t=0.185837s, 18192 KB] mean number of q cost that have been adjusted 1 times in relation to total number of q: -1
[t=0.185837s, 18192 KB] mean number of q cost that have been adjusted 2 times in relation to total number of q: -1
[t=0.185837s, 18192 KB] mean number of q that are at some point overconsitent in relation to total number of q: -1
[t=0.185837s, 18192 KB] mean number of q that are at first underconsisten in relation to total number of q: -1
[t=0.185837s, 18192 KB] mean number of state variables that are not in common between two following states in relation to total number of state variables: -1
[t=0.185837s, 18192 KB] variance number of state variables that are not in common between two following states in relation to total number of state variables: -1
[t=0.185837s, 18192 KB] Search time: 0.176877s
[t=0.185837s, 18192 KB] Total time: 0.185837s
Solution found.
Peak memory: 18192 KB
Remove intermediate file output.sas
search exit code: 0

INFO     Running validate.
INFO     validate stdin: None
INFO     validate time limit: None
INFO     validate memory limit: None
INFO     validate command line string: validate domain.pddl problem.pddl sas_plan
