INFO     Running translator.
INFO     translator stdin: None
INFO     translator time limit: 1799.96s
INFO     translator memory limit: 3584 MB
INFO     translator command line string: /infai/weidan00/downward/experiments/bachelor/.venv/bin/python3 /infai/weidan00/downward/experiments/bachelor/data/bachelor-v1/code-7aa5f34_e5e41175/builds/release/bin/translate/translate.py domain.pddl problem.pddl --sas-file output.sas
Parsing...
Parsing: [0.000s CPU, 0.002s wall-clock]
Normalizing task... [0.000s CPU, 0.000s wall-clock]
Instantiating...
Generating Datalog program... [0.000s CPU, 0.000s wall-clock]
Normalizing Datalog program...
Normalizing Datalog program: [0.000s CPU, 0.002s wall-clock]
Preparing model... [0.010s CPU, 0.001s wall-clock]
Generated 24 rules.
Computing model... [0.000s CPU, 0.004s wall-clock]
291 relevant atoms
200 auxiliary atoms
491 final queue length
656 total queue pushes
Completing instantiation... [0.000s CPU, 0.005s wall-clock]
Instantiating: [0.010s CPU, 0.014s wall-clock]
Computing fact groups...
Finding invariants...
10 initial candidates
Finding invariants: [0.010s CPU, 0.002s wall-clock]
Checking invariant weight... [0.000s CPU, 0.000s wall-clock]
Instantiating groups... [0.000s CPU, 0.001s wall-clock]
Collecting mutex groups... [0.000s CPU, 0.000s wall-clock]
Choosing groups...
0 uncovered facts
Choosing groups: [0.000s CPU, 0.000s wall-clock]
Building translation key... [0.000s CPU, 0.000s wall-clock]
Computing fact groups: [0.010s CPU, 0.004s wall-clock]
Building STRIPS to SAS dictionary... [0.000s CPU, 0.000s wall-clock]
Building dictionary for full mutex groups... [0.000s CPU, 0.000s wall-clock]
Building mutex information...
Building mutex information: [0.000s CPU, 0.000s wall-clock]
Translating task...
Processing axioms...
Simplifying axioms... [0.000s CPU, 0.000s wall-clock]
Processing axioms: [0.000s CPU, 0.000s wall-clock]
Translating task: [0.000s CPU, 0.006s wall-clock]
0 effect conditions simplified
0 implied preconditions added
Detecting unreachable propositions...
0 operators removed
0 axioms removed
3 propositions removed
Detecting unreachable propositions: [0.010s CPU, 0.004s wall-clock]
Reordering and filtering variables...
21 of 21 variables necessary.
18 of 21 mutex groups necessary.
146 of 146 operators necessary.
0 of 0 axiom rules necessary.
Reordering and filtering variables: [0.000s CPU, 0.001s wall-clock]
Translator variables: 21
Translator derived variables: 0
Translator facts: 94
Translator goal facts: 18
Translator mutex groups: 18
Translator total mutex groups size: 72
Translator operators: 146
Translator axioms: 0
Translator task size: 1003
Translator peak memory: 143052 KB
Writing output... [0.000s CPU, 0.005s wall-clock]
Done! [0.030s CPU, 0.038s wall-clock]
translate exit code: 0

INFO     Running search (release).
INFO     search stdin: output.sas
INFO     search time limit: 1799.86s
INFO     search memory limit: 3584 MB
INFO     search command line string: /infai/weidan00/downward/experiments/bachelor/data/bachelor-v1/code-7aa5f34_e5e41175/builds/release/bin/downward --search 'eager_wastar([pinch()], w=2)' --internal-plan-file sas_plan < output.sas
[t=6.6368e-05s, 17204 KB] reading input...
[t=0.00132207s, 17212 KB] done reading input!
[t=0.00318625s, 17612 KB] Simplifying 290 unary operators... done! [290 unary operators]
[t=0.00347081s, 17612 KB] time to simplify: 0.00034183s
[t=0.003572s, 17612 KB] Initializing pinch heuristic...
[t=0.00369482s, 17612 KB] Building successor generator...done!
[t=0.00390858s, 17612 KB] peak memory difference for successor generator creation: 0 KB
[t=0.00394687s, 17612 KB] time for successor generation creation: 8.5675e-05s
[t=0.00399483s, 17612 KB] Variables: 21
[t=0.00403488s, 17612 KB] FactPairs: 94
[t=0.00407491s, 17612 KB] Bytes per state: 8
[t=0.00420099s, 17612 KB] Conducting best first search with reopening closed nodes, (real) bound = 2147483647
[t=0.00432798s, 17612 KB] New best heuristic value for pinch: 54
[t=0.00437115s, 17612 KB] g=0, 1 evaluated, 0 expanded
[t=0.00441808s, 17612 KB] Initial heuristic value for pinch: 54
[t=0.00446042s, 17612 KB] pruning method: none
[t=0.00458954s, 17612 KB] New best heuristic value for pinch: 53
[t=0.00463212s, 17612 KB] g=1, 3 evaluated, 1 expanded
[t=0.00483586s, 17612 KB] New best heuristic value for pinch: 52
[t=0.00488072s, 17612 KB] g=2, 39 evaluated, 2 expanded
[t=0.0050207s, 17612 KB] New best heuristic value for pinch: 51
[t=0.00506318s, 17612 KB] g=3, 57 evaluated, 3 expanded
[t=0.00516569s, 17612 KB] New best heuristic value for pinch: 50
[t=0.0052083s, 17612 KB] g=5, 60 evaluated, 5 expanded
[t=0.00540727s, 17612 KB] New best heuristic value for pinch: 49
[t=0.00545038s, 17612 KB] g=6, 94 evaluated, 6 expanded
[t=0.00558164s, 17612 KB] New best heuristic value for pinch: 48
[t=0.00562409s, 17612 KB] g=7, 111 evaluated, 7 expanded
[t=0.00577369s, 17612 KB] New best heuristic value for pinch: 47
[t=0.00581605s, 17612 KB] g=9, 117 evaluated, 9 expanded
[t=0.00600441s, 17612 KB] New best heuristic value for pinch: 46
[t=0.00604781s, 17612 KB] g=10, 149 evaluated, 10 expanded
[t=0.00617797s, 17612 KB] New best heuristic value for pinch: 45
[t=0.00622083s, 17612 KB] g=11, 165 evaluated, 11 expanded
[t=0.0063889s, 17612 KB] New best heuristic value for pinch: 44
[t=0.0064322s, 17612 KB] g=13, 174 evaluated, 13 expanded
[t=0.00660008s, 17612 KB] New best heuristic value for pinch: 43
[t=0.00664279s, 17612 KB] g=14, 204 evaluated, 14 expanded
[t=0.00676753s, 17612 KB] New best heuristic value for pinch: 42
[t=0.00680964s, 17612 KB] g=15, 219 evaluated, 15 expanded
[t=0.00697859s, 17612 KB] New best heuristic value for pinch: 41
[t=0.00702116s, 17612 KB] g=17, 231 evaluated, 17 expanded
[t=0.00721718s, 17612 KB] New best heuristic value for pinch: 40
[t=0.0072594s, 17612 KB] g=18, 259 evaluated, 18 expanded
[t=0.00738328s, 17612 KB] New best heuristic value for pinch: 39
[t=0.00742518s, 17612 KB] g=19, 273 evaluated, 19 expanded
[t=0.00760453s, 17612 KB] New best heuristic value for pinch: 38
[t=0.00764787s, 17612 KB] g=21, 288 evaluated, 21 expanded
[t=0.00780409s, 17612 KB] New best heuristic value for pinch: 37
[t=0.00784673s, 17612 KB] g=22, 314 evaluated, 22 expanded
[t=0.00796944s, 17612 KB] New best heuristic value for pinch: 36
[t=0.00801178s, 17612 KB] g=23, 327 evaluated, 23 expanded
[t=0.00820924s, 17612 KB] New best heuristic value for pinch: 35
[t=0.00825181s, 17612 KB] g=25, 345 evaluated, 25 expanded
[t=0.00840234s, 17612 KB] New best heuristic value for pinch: 34
[t=0.00844405s, 17612 KB] g=26, 369 evaluated, 26 expanded
[t=0.00856141s, 17612 KB] New best heuristic value for pinch: 33
[t=0.00860344s, 17612 KB] g=27, 381 evaluated, 27 expanded
[t=0.00880212s, 17612 KB] New best heuristic value for pinch: 32
[t=0.00884435s, 17612 KB] g=29, 402 evaluated, 29 expanded
[t=0.00899333s, 17612 KB] New best heuristic value for pinch: 31
[t=0.0090356s, 17612 KB] g=30, 424 evaluated, 30 expanded
[t=0.00914974s, 17612 KB] New best heuristic value for pinch: 30
[t=0.00919244s, 17612 KB] g=31, 435 evaluated, 31 expanded
[t=0.00939895s, 17612 KB] New best heuristic value for pinch: 29
[t=0.00944215s, 17612 KB] g=33, 459 evaluated, 33 expanded
[t=0.00957895s, 17612 KB] New best heuristic value for pinch: 28
[t=0.00962138s, 17612 KB] g=34, 479 evaluated, 34 expanded
[t=0.00973538s, 17612 KB] New best heuristic value for pinch: 27
[t=0.00977733s, 17612 KB] g=35, 489 evaluated, 35 expanded
[t=0.0100511s, 17612 KB] New best heuristic value for pinch: 26
[t=0.0100966s, 17612 KB] g=37, 516 evaluated, 37 expanded
[t=0.0102293s, 17612 KB] New best heuristic value for pinch: 25
[t=0.0102721s, 17612 KB] g=38, 534 evaluated, 38 expanded
[t=0.0103824s, 17612 KB] New best heuristic value for pinch: 24
[t=0.0104245s, 17612 KB] g=39, 543 evaluated, 39 expanded
[t=0.0106524s, 17612 KB] New best heuristic value for pinch: 23
[t=0.0106954s, 17612 KB] g=41, 573 evaluated, 41 expanded
[t=0.0108256s, 17612 KB] New best heuristic value for pinch: 22
[t=0.0108675s, 17612 KB] g=42, 589 evaluated, 42 expanded
[t=0.010974s, 17612 KB] New best heuristic value for pinch: 21
[t=0.0110153s, 17612 KB] g=43, 597 evaluated, 43 expanded
[t=0.0112518s, 17612 KB] New best heuristic value for pinch: 20
[t=0.0112956s, 17612 KB] g=45, 630 evaluated, 45 expanded
[t=0.0114137s, 17612 KB] New best heuristic value for pinch: 19
[t=0.0114553s, 17612 KB] g=46, 644 evaluated, 46 expanded
[t=0.0115574s, 17612 KB] New best heuristic value for pinch: 18
[t=0.0116046s, 17612 KB] g=47, 651 evaluated, 47 expanded
[t=0.0118504s, 17612 KB] New best heuristic value for pinch: 17
[t=0.0118934s, 17612 KB] g=49, 687 evaluated, 49 expanded
[t=0.0120047s, 17612 KB] New best heuristic value for pinch: 16
[t=0.0120465s, 17612 KB] g=50, 699 evaluated, 50 expanded
[t=0.0121466s, 17612 KB] New best heuristic value for pinch: 15
[t=0.012188s, 17612 KB] g=51, 705 evaluated, 51 expanded
[t=0.0124397s, 17612 KB] New best heuristic value for pinch: 14
[t=0.0124821s, 17612 KB] g=53, 744 evaluated, 53 expanded
[t=0.0125877s, 17612 KB] New best heuristic value for pinch: 13
[t=0.0126291s, 17612 KB] g=54, 754 evaluated, 54 expanded
[t=0.0127267s, 17612 KB] New best heuristic value for pinch: 12
[t=0.0127679s, 17612 KB] g=55, 759 evaluated, 55 expanded
[t=0.0130286s, 17612 KB] New best heuristic value for pinch: 11
[t=0.0130724s, 17612 KB] g=57, 801 evaluated, 57 expanded
[t=0.0131706s, 17612 KB] New best heuristic value for pinch: 10
[t=0.0132117s, 17612 KB] g=58, 809 evaluated, 58 expanded
[t=0.0133053s, 17612 KB] New best heuristic value for pinch: 9
[t=0.013347s, 17612 KB] g=59, 813 evaluated, 59 expanded
[t=0.013622s, 17612 KB] New best heuristic value for pinch: 8
[t=0.0136651s, 17612 KB] g=61, 858 evaluated, 61 expanded
[t=0.0137569s, 17612 KB] New best heuristic value for pinch: 7
[t=0.0137987s, 17612 KB] g=62, 864 evaluated, 62 expanded
[t=0.0138899s, 17612 KB] New best heuristic value for pinch: 6
[t=0.0139315s, 17612 KB] g=63, 867 evaluated, 63 expanded
[t=0.0142085s, 17612 KB] New best heuristic value for pinch: 5
[t=0.0142503s, 17612 KB] g=65, 915 evaluated, 65 expanded
[t=0.0143258s, 17612 KB] New best heuristic value for pinch: 4
[t=0.0143673s, 17612 KB] g=66, 919 evaluated, 66 expanded
[t=0.0144552s, 17612 KB] New best heuristic value for pinch: 3
[t=0.0144964s, 17612 KB] g=67, 921 evaluated, 67 expanded
[t=0.0147818s, 17612 KB] New best heuristic value for pinch: 2
[t=0.0148251s, 17612 KB] g=67, 972 evaluated, 69 expanded
[t=0.0148788s, 17612 KB] New best heuristic value for pinch: 1
[t=0.01492s, 17612 KB] g=68, 973 evaluated, 70 expanded
[t=0.0150853s, 17612 KB] New best heuristic value for pinch: 0
[t=0.015128s, 17612 KB] g=69, 992 evaluated, 71 expanded
[t=0.0151866s, 17612 KB] Solution found!
[t=0.0152323s, 17612 KB] Actual search time: 0.0107386s
pick ball1 rooma left (1)
move rooma roomb (1)
drop ball1 roomb left (1)
move roomb rooma (1)
pick ball10 rooma left (1)
move rooma roomb (1)
drop ball10 roomb left (1)
move roomb rooma (1)
pick ball11 rooma left (1)
move rooma roomb (1)
drop ball11 roomb left (1)
move roomb rooma (1)
pick ball12 rooma left (1)
move rooma roomb (1)
drop ball12 roomb left (1)
move roomb rooma (1)
pick ball13 rooma left (1)
move rooma roomb (1)
drop ball13 roomb left (1)
move roomb rooma (1)
pick ball14 rooma left (1)
move rooma roomb (1)
drop ball14 roomb left (1)
move roomb rooma (1)
pick ball15 rooma left (1)
move rooma roomb (1)
drop ball15 roomb left (1)
move roomb rooma (1)
pick ball16 rooma left (1)
move rooma roomb (1)
drop ball16 roomb left (1)
move roomb rooma (1)
pick ball17 rooma left (1)
move rooma roomb (1)
drop ball17 roomb left (1)
move roomb rooma (1)
pick ball18 rooma left (1)
move rooma roomb (1)
drop ball18 roomb left (1)
move roomb rooma (1)
pick ball2 rooma left (1)
move rooma roomb (1)
drop ball2 roomb left (1)
move roomb rooma (1)
pick ball3 rooma left (1)
move rooma roomb (1)
drop ball3 roomb left (1)
move roomb rooma (1)
pick ball4 rooma left (1)
move rooma roomb (1)
drop ball4 roomb left (1)
move roomb rooma (1)
pick ball5 rooma left (1)
move rooma roomb (1)
drop ball5 roomb left (1)
move roomb rooma (1)
pick ball6 rooma left (1)
move rooma roomb (1)
drop ball6 roomb left (1)
move roomb rooma (1)
pick ball7 rooma left (1)
move rooma roomb (1)
drop ball7 roomb left (1)
move roomb rooma (1)
pick ball8 rooma left (1)
pick ball9 rooma right (1)
move rooma roomb (1)
drop ball8 roomb left (1)
drop ball9 roomb right (1)
[t=0.0152757s, 17612 KB] Plan length: 69 step(s).
[t=0.0152757s, 17612 KB] Plan cost: 69
[t=0.0152757s, 17612 KB] Expanded 72 state(s).
[t=0.0152757s, 17612 KB] Reopened 0 state(s).
[t=0.0152757s, 17612 KB] Evaluated 992 state(s).
[t=0.0152757s, 17612 KB] Evaluations: 992
[t=0.0152757s, 17612 KB] Generated 1062 state(s).
[t=0.0152757s, 17612 KB] Dead ends: 0 state(s).
[t=0.0152757s, 17612 KB] Number of registered states: 992
[t=0.0152757s, 17612 KB] Int hash set load factor: 992/1024 = 0.96875
[t=0.0152757s, 17612 KB] Int hash set resizes: 10
[t=0.0152757s, 17612 KB] mean number of q cost that have been adjusted 0 times in relation to total number of q: -1
[t=0.0152757s, 17612 KB] mean number of q cost that have been adjusted 1 times in relation to total number of q: -1
[t=0.0152757s, 17612 KB] mean number of q cost that have been adjusted 2 times in relation to total number of q: -1
[t=0.0152757s, 17612 KB] mean number of q that are at some point overconsitent in relation to total number of q: -1
[t=0.0152757s, 17612 KB] mean number of q that are at first underconsisten in relation to total number of q: -1
[t=0.0152757s, 17612 KB] mean number of state variables that are not in common between two following states in relation to total number of state variables: -1
[t=0.0152757s, 17612 KB] variance number of state variables that are not in common between two following states in relation to total number of state variables: -1
[t=0.0152757s, 17612 KB] Search time: 0.0110757s
[t=0.0152757s, 17612 KB] Total time: 0.0152757s
Solution found.
Peak memory: 17612 KB
Remove intermediate file output.sas
search exit code: 0

INFO     Running validate.
INFO     validate stdin: None
INFO     validate time limit: None
INFO     validate memory limit: None
INFO     validate command line string: validate domain.pddl problem.pddl sas_plan
