INFO     Running translator.
INFO     translator stdin: None
INFO     translator time limit: 1799.96s
INFO     translator memory limit: 3584 MB
INFO     translator command line string: /infai/weidan00/downward/experiments/bachelor/.venv/bin/python3 /infai/weidan00/downward/experiments/bachelor/data/bachelor-v1/code-7aa5f34_e5e41175/builds/release/bin/translate/translate.py domain.pddl problem.pddl --sas-file output.sas
Parsing...
Parsing: [0.010s CPU, 0.006s wall-clock]
Normalizing task... [0.000s CPU, 0.000s wall-clock]
Instantiating...
Generating Datalog program... [0.000s CPU, 0.001s wall-clock]
Normalizing Datalog program...
Normalizing Datalog program: [0.000s CPU, 0.002s wall-clock]
Preparing model... [0.000s CPU, 0.002s wall-clock]
Generated 65 rules.
Computing model... [0.010s CPU, 0.007s wall-clock]
687 relevant atoms
140 auxiliary atoms
827 final queue length
2003 total queue pushes
Completing instantiation... [0.030s CPU, 0.028s wall-clock]
Instantiating: [0.040s CPU, 0.041s wall-clock]
Computing fact groups...
Finding invariants...
21 initial candidates
Finding invariants: [0.000s CPU, 0.004s wall-clock]
Checking invariant weight... [0.000s CPU, 0.000s wall-clock]
Instantiating groups... [0.000s CPU, 0.000s wall-clock]
Collecting mutex groups... [0.000s CPU, 0.000s wall-clock]
Choosing groups...
241 uncovered facts
Choosing groups: [0.000s CPU, 0.000s wall-clock]
Building translation key... [0.000s CPU, 0.001s wall-clock]
Computing fact groups: [0.000s CPU, 0.007s wall-clock]
Building STRIPS to SAS dictionary... [0.000s CPU, 0.000s wall-clock]
Building dictionary for full mutex groups... [0.000s CPU, 0.000s wall-clock]
Building mutex information...
Building mutex information: [0.000s CPU, 0.000s wall-clock]
Translating task...
Processing axioms...
Simplifying axioms... [0.000s CPU, 0.000s wall-clock]
Processing axioms: [0.010s CPU, 0.002s wall-clock]
Translating task: [0.050s CPU, 0.044s wall-clock]
1343 effect conditions simplified
0 implied preconditions added
Detecting unreachable propositions...
0 operators removed
0 axioms removed
4 propositions removed
Detecting unreachable propositions: [0.010s CPU, 0.016s wall-clock]
Reordering and filtering variables...
126 of 239 variables necessary.
0 of 0 mutex groups necessary.
313 of 313 operators necessary.
0 of 0 axiom rules necessary.
Reordering and filtering variables: [0.010s CPU, 0.013s wall-clock]
Translator variables: 126
Translator derived variables: 0
Translator facts: 252
Translator goal facts: 13
Translator mutex groups: 0
Translator total mutex groups size: 0
Translator operators: 313
Translator axioms: 0
Translator task size: 3044
Translator peak memory: 145612 KB
Writing output... [0.000s CPU, 0.009s wall-clock]
Done! [0.130s CPU, 0.139s wall-clock]
translate exit code: 0

INFO     Running search (release).
INFO     search stdin: output.sas
INFO     search time limit: 1799.77s
INFO     search memory limit: 3584 MB
INFO     search command line string: /infai/weidan00/downward/experiments/bachelor/data/bachelor-v1/code-7aa5f34_e5e41175/builds/release/bin/downward --search 'eager_wastar([pinch()], w=2)' --internal-plan-file sas_plan < output.sas
[t=6.7163e-05s, 17204 KB] reading input...
[t=0.00335505s, 17344 KB] done reading input!
[t=0.00539533s, 17740 KB] Simplifying 1338 unary operators... done! [1070 unary operators]
[t=0.00661454s, 17872 KB] time to simplify: 0.00130244s
[t=0.00682211s, 17872 KB] Initializing pinch heuristic...
[t=0.00695619s, 17872 KB] Building successor generator...done!
[t=0.00727055s, 17872 KB] peak memory difference for successor generator creation: 0 KB
[t=0.00731005s, 17872 KB] time for successor generation creation: 0.000190041s
[t=0.0073591s, 17872 KB] Variables: 126
[t=0.0073999s, 17872 KB] FactPairs: 252
[t=0.00743924s, 17872 KB] Bytes per state: 16
[t=0.00757098s, 17872 KB] Conducting best first search with reopening closed nodes, (real) bound = 2147483647
[t=0.00778663s, 17872 KB] New best heuristic value for pinch: 13
[t=0.00783072s, 17872 KB] g=0, 1 evaluated, 0 expanded
[t=0.00788248s, 17872 KB] Initial heuristic value for pinch: 13
[t=0.00792396s, 17872 KB] pruning method: none
[t=0.00830707s, 17872 KB] New best heuristic value for pinch: 12
[t=0.00835204s, 17872 KB] g=1, 12 evaluated, 1 expanded
[t=0.0130245s, 17872 KB] New best heuristic value for pinch: 11
[t=0.0130864s, 17872 KB] g=2, 219 evaluated, 2 expanded
[t=0.0175998s, 17872 KB] New best heuristic value for pinch: 10
[t=0.0176606s, 17872 KB] g=3, 413 evaluated, 3 expanded
[t=0.0196658s, 17872 KB] New best heuristic value for pinch: 9
[t=0.019717s, 17872 KB] g=4, 600 evaluated, 4 expanded
[t=0.0381394s, 17872 KB] New best heuristic value for pinch: 8
[t=0.0382282s, 17872 KB] g=6, 2388 evaluated, 34 expanded
[t=0.0398422s, 17872 KB] New best heuristic value for pinch: 7
[t=0.0398952s, 17872 KB] g=7, 2450 evaluated, 35 expanded
[t=0.0432367s, 17872 KB] New best heuristic value for pinch: 6
[t=0.0433027s, 17872 KB] g=8, 2641 evaluated, 36 expanded
[t=0.045082s, 17872 KB] New best heuristic value for pinch: 5
[t=0.0451323s, 17872 KB] g=9, 2797 evaluated, 37 expanded
[t=0.076481s, 17872 KB] New best heuristic value for pinch: 4
[t=0.076574s, 17872 KB] g=11, 5319 evaluated, 84 expanded
[t=0.078859s, 17872 KB] New best heuristic value for pinch: 3
[t=0.0789102s, 17872 KB] g=12, 5414 evaluated, 85 expanded
[t=291.845s, 1094900 KB] New best heuristic value for pinch: 2
[t=291.845s, 1094900 KB] g=14, 20538051 evaluated, 523898 expanded, 7798 reopened
[t=291.984s, 1095300 KB] New best heuristic value for pinch: 1
[t=291.984s, 1095300 KB] g=16, 20547862 evaluated, 524021 expanded, 7798 reopened
[t=305.988s, 1134836 KB] New best heuristic value for pinch: 0
[t=305.988s, 1134836 KB] g=17, 21512048 evaluated, 539464 expanded, 7798 reopened
[t=305.988s, 1134836 KB] Solution found!
[t=305.988s, 1134836 KB] Actual search time: 305.98s
do-polish f0 (1)
do-punch g0 one back (1)
do-spray-paint h0 yellow (1)
do-roll e0 (1)
do-grind b0 (1)
do-time-step  (1)
do-punch k0 one back (1)
do-spray-paint m0 red (1)
do-lathe d0 (1)
do-roll j0 (1)
do-time-step  (1)
do-spray-paint a0 black (1)
do-lathe i0 (1)
do-time-step  (1)
do-grind i0 (1)
do-time-step  (1)
do-immersion-paint i0 black (1)
[t=305.988s, 1134836 KB] Plan length: 17 step(s).
[t=305.988s, 1134836 KB] Plan cost: 17
[t=305.988s, 1134836 KB] Expanded 539465 state(s).
[t=305.988s, 1134836 KB] Reopened 7798 state(s).
[t=305.988s, 1134836 KB] Evaluated 21512054 state(s).
[t=305.988s, 1134836 KB] Evaluations: 21512054
[t=305.988s, 1134836 KB] Generated 50880178 state(s).
[t=305.988s, 1134836 KB] Dead ends: 322599 state(s).
[t=305.988s, 1134836 KB] Number of registered states: 21512054
[t=305.988s, 1134836 KB] Int hash set load factor: 21512054/33554432 = 0.641109
[t=305.988s, 1134836 KB] Int hash set resizes: 25
[t=305.988s, 1134836 KB] mean number of q cost that have been adjusted 0 times in relation to total number of q: -1
[t=305.988s, 1134836 KB] mean number of q cost that have been adjusted 1 times in relation to total number of q: -1
[t=305.988s, 1134836 KB] mean number of q cost that have been adjusted 2 times in relation to total number of q: -1
[t=305.988s, 1134836 KB] mean number of q that are at some point overconsitent in relation to total number of q: -1
[t=305.988s, 1134836 KB] mean number of q that are at first underconsisten in relation to total number of q: -1
[t=305.988s, 1134836 KB] mean number of state variables that are not in common between two following states in relation to total number of state variables: -1
[t=305.988s, 1134836 KB] variance number of state variables that are not in common between two following states in relation to total number of state variables: -1
[t=305.988s, 1134836 KB] Search time: 305.981s
[t=305.988s, 1134836 KB] Total time: 305.988s
Solution found.
Peak memory: 1134836 KB
Remove intermediate file output.sas
search exit code: 0

INFO     Running validate.
INFO     validate stdin: None
INFO     validate time limit: None
INFO     validate memory limit: None
INFO     validate command line string: validate domain.pddl problem.pddl sas_plan
