INFO     Running translator.
INFO     translator stdin: None
INFO     translator time limit: 1799.96s
INFO     translator memory limit: 3584 MB
INFO     translator command line string: /infai/weidan00/downward/experiments/bachelor/.venv/bin/python3 /infai/weidan00/downward/experiments/bachelor/data/bachelor-v1/code-7aa5f34_e5e41175/builds/release/bin/translate/translate.py domain.pddl problem.pddl --sas-file output.sas
Parsing...
Parsing: [0.010s CPU, 0.010s wall-clock]
Normalizing task... [0.000s CPU, 0.000s wall-clock]
Instantiating...
Generating Datalog program... [0.000s CPU, 0.003s wall-clock]
Normalizing Datalog program...
Normalizing Datalog program: [0.010s CPU, 0.006s wall-clock]
Preparing model... [0.010s CPU, 0.011s wall-clock]
Generated 90 rules.
Computing model... [0.560s CPU, 0.562s wall-clock]
7963 relevant atoms
49828 auxiliary atoms
57791 final queue length
70611 total queue pushes
Completing instantiation... [0.270s CPU, 0.277s wall-clock]
Instantiating: [0.870s CPU, 0.875s wall-clock]
Computing fact groups...
Finding invariants...
35 initial candidates
Finding invariants: [0.010s CPU, 0.009s wall-clock]
Checking invariant weight... [0.000s CPU, 0.001s wall-clock]
Instantiating groups... [0.000s CPU, 0.004s wall-clock]
Collecting mutex groups... [0.000s CPU, 0.000s wall-clock]
Choosing groups...
179 uncovered facts
Choosing groups: [0.000s CPU, 0.001s wall-clock]
Building translation key... [0.000s CPU, 0.001s wall-clock]
Computing fact groups: [0.020s CPU, 0.022s wall-clock]
Building STRIPS to SAS dictionary... [0.000s CPU, 0.001s wall-clock]
Building dictionary for full mutex groups... [0.000s CPU, 0.001s wall-clock]
Building mutex information...
Building mutex information: [0.000s CPU, 0.000s wall-clock]
Translating task...
Processing axioms...
Simplifying axioms... [0.000s CPU, 0.000s wall-clock]
Processing axioms: [0.020s CPU, 0.014s wall-clock]
Translating task: [0.280s CPU, 0.280s wall-clock]
1888 effect conditions simplified
0 implied preconditions added
Detecting unreachable propositions...
0 operators removed
0 axioms removed
76 propositions removed
Detecting unreachable propositions: [0.110s CPU, 0.109s wall-clock]
Reordering and filtering variables...
92 of 219 variables necessary.
0 of 51 mutex groups necessary.
3400 of 6250 operators necessary.
0 of 0 axiom rules necessary.
Reordering and filtering variables: [0.030s CPU, 0.025s wall-clock]
Translator variables: 92
Translator derived variables: 0
Translator facts: 568
Translator goal facts: 10
Translator mutex groups: 0
Translator total mutex groups size: 0
Translator operators: 3400
Translator axioms: 0
Translator task size: 14487
Translator peak memory: 175096 KB
Writing output... [0.030s CPU, 0.035s wall-clock]
Done! [1.360s CPU, 1.369s wall-clock]
translate exit code: 0

INFO     Running search (release).
INFO     search stdin: output.sas
INFO     search time limit: 1798.54s
INFO     search memory limit: 3584 MB
INFO     search command line string: /infai/weidan00/downward/experiments/bachelor/data/bachelor-v1/code-7aa5f34_e5e41175/builds/release/bin/downward --search 'eager_wastar([add()], w=2)' --internal-plan-file sas_plan < output.sas
[t=6.5308e-05s, 17204 KB] reading input...
[t=0.020723s, 18192 KB] done reading input!
[t=0.0233759s, 18744 KB] Simplifying 4105 unary operators... done! [2545 unary operators]
[t=0.0250499s, 19008 KB] time to simplify: 0.00181691s
[t=0.0254522s, 19008 KB] Initializing additive heuristic...
[t=0.0256043s, 19008 KB] Building successor generator...done!
[t=0.0270078s, 19148 KB] peak memory difference for successor generator creation: 140 KB
[t=0.0270527s, 19148 KB] time for successor generation creation: 0.00125928s
[t=0.0271329s, 19148 KB] Variables: 92
[t=0.0271748s, 19148 KB] FactPairs: 568
[t=0.0272149s, 19148 KB] Bytes per state: 28
[t=0.0273604s, 19148 KB] Conducting best first search with reopening closed nodes, (real) bound = 2147483647
[t=0.0275179s, 19148 KB] New best heuristic value for add: 30
[t=0.0275616s, 19148 KB] g=0, 1 evaluated, 0 expanded
[t=0.0276133s, 19148 KB] Initial heuristic value for add: 30
[t=0.0276544s, 19148 KB] pruning method: none
[t=0.027758s, 19148 KB] New best heuristic value for add: 28
[t=0.0278007s, 19148 KB] g=1, 2 evaluated, 1 expanded
[t=0.0285535s, 19148 KB] New best heuristic value for add: 27
[t=0.028601s, 19148 KB] g=1, 21 evaluated, 1 expanded
[t=0.0306879s, 19148 KB] New best heuristic value for add: 26
[t=0.0307402s, 19148 KB] g=2, 80 evaluated, 2 expanded
[t=0.0330976s, 19148 KB] New best heuristic value for add: 25
[t=0.0331513s, 19148 KB] g=2, 148 evaluated, 2 expanded
[t=0.0335058s, 19148 KB] New best heuristic value for add: 24
[t=0.0335521s, 19148 KB] g=3, 157 evaluated, 3 expanded
[t=0.0360224s, 19148 KB] New best heuristic value for add: 23
[t=0.0360753s, 19148 KB] g=4, 233 evaluated, 4 expanded
[t=0.0384428s, 19148 KB] New best heuristic value for add: 22
[t=0.0384969s, 19148 KB] g=5, 305 evaluated, 5 expanded
[t=0.0411378s, 19148 KB] New best heuristic value for add: 21
[t=0.0411906s, 19148 KB] g=6, 388 evaluated, 6 expanded
[t=0.0434852s, 19148 KB] New best heuristic value for add: 20
[t=0.0435355s, 19148 KB] g=7, 461 evaluated, 7 expanded
[t=0.0462107s, 19148 KB] New best heuristic value for add: 19
[t=0.0462644s, 19148 KB] g=8, 546 evaluated, 8 expanded
[t=0.0484283s, 19148 KB] New best heuristic value for add: 18
[t=0.0484817s, 19148 KB] g=9, 616 evaluated, 9 expanded
[t=0.0507003s, 19148 KB] New best heuristic value for add: 17
[t=0.0507521s, 19148 KB] g=10, 690 evaluated, 10 expanded
[t=0.0534001s, 19148 KB] New best heuristic value for add: 16
[t=0.0534537s, 19148 KB] g=11, 780 evaluated, 11 expanded
[t=0.0555793s, 19148 KB] New best heuristic value for add: 15
[t=0.0556373s, 19148 KB] g=12, 852 evaluated, 12 expanded
[t=0.0576161s, 19148 KB] New best heuristic value for add: 14
[t=0.057666s, 19148 KB] g=13, 920 evaluated, 13 expanded
[t=0.0598647s, 19148 KB] New best heuristic value for add: 13
[t=0.0599139s, 19148 KB] g=14, 997 evaluated, 14 expanded
[t=0.0617724s, 19148 KB] New best heuristic value for add: 12
[t=0.0618238s, 19148 KB] g=15, 1059 evaluated, 15 expanded
[t=0.063642s, 19148 KB] New best heuristic value for add: 11
[t=0.0636911s, 19148 KB] g=16, 1126 evaluated, 16 expanded
[t=0.0656454s, 19148 KB] New best heuristic value for add: 10
[t=0.0656951s, 19148 KB] g=17, 1199 evaluated, 17 expanded
[t=0.0673166s, 19148 KB] New best heuristic value for add: 9
[t=0.0673671s, 19148 KB] g=18, 1261 evaluated, 18 expanded
[t=0.0692676s, 19148 KB] New best heuristic value for add: 8
[t=0.0693175s, 19148 KB] g=20, 1335 evaluated, 20 expanded
[t=0.0709637s, 19148 KB] New best heuristic value for add: 7
[t=0.0710134s, 19148 KB] g=21, 1399 evaluated, 21 expanded
[t=0.0802533s, 19148 KB] New best heuristic value for add: 6
[t=0.0803283s, 19148 KB] g=23, 1768 evaluated, 27 expanded
[t=0.0819322s, 19148 KB] New best heuristic value for add: 5
[t=0.0819816s, 19148 KB] g=24, 1831 evaluated, 28 expanded
[t=0.083929s, 19148 KB] New best heuristic value for add: 4
[t=0.0839787s, 19148 KB] g=25, 1908 evaluated, 29 expanded
[t=0.0855334s, 19148 KB] New best heuristic value for add: 3
[t=0.0855819s, 19148 KB] g=26, 1969 evaluated, 30 expanded
[t=0.127151s, 19148 KB] New best heuristic value for add: 2
[t=0.127238s, 19148 KB] g=28, 3671 evaluated, 75 expanded
[t=0.128205s, 19148 KB] New best heuristic value for add: 1
[t=0.128252s, 19148 KB] g=29, 3726 evaluated, 76 expanded
[t=0.129032s, 19148 KB] New best heuristic value for add: 0
[t=0.129078s, 19148 KB] g=30, 3785 evaluated, 77 expanded
[t=0.129254s, 19148 KB] Solution found!
[t=0.129301s, 19148 KB] Actual search time: 0.101646s
calibrate rover7 camera4 objective0 waypoint8 (1)
navigate rover0 waypoint7 waypoint10 (1)
navigate rover9 waypoint16 waypoint2 (1)
sample_rock rover9 rover9store waypoint2 (1)
communicate_rock_data rover9 general waypoint2 waypoint2 waypoint9 (1)
sample_soil rover8 rover8store waypoint16 (1)
communicate_soil_data rover8 general waypoint16 waypoint16 waypoint9 (1)
sample_rock rover6 rover6store waypoint7 (1)
navigate rover6 waypoint7 waypoint12 (1)
communicate_rock_data rover6 general waypoint7 waypoint12 waypoint9 (1)
navigate rover3 waypoint13 waypoint21 (1)
sample_soil rover3 rover3store waypoint21 (1)
communicate_soil_data rover3 general waypoint21 waypoint21 waypoint9 (1)
sample_soil rover2 rover2store waypoint14 (1)
navigate rover2 waypoint14 waypoint13 (1)
communicate_soil_data rover2 general waypoint14 waypoint13 waypoint9 (1)
sample_rock rover0 rover0store waypoint10 (1)
communicate_rock_data rover0 general waypoint10 waypoint10 waypoint9 (1)
calibrate rover9 camera9 objective2 waypoint2 (1)
take_image rover9 waypoint2 objective1 camera9 colour (1)
communicate_image_data rover9 general objective1 colour waypoint2 waypoint9 (1)
calibrate rover9 camera9 objective2 waypoint2 (1)
take_image rover9 waypoint2 objective2 camera9 colour (1)
communicate_image_data rover9 general objective2 colour waypoint2 waypoint9 (1)
take_image rover7 waypoint8 objective1 camera4 high_res (1)
communicate_image_data rover7 general objective1 high_res waypoint8 waypoint9 (1)
navigate rover1 waypoint22 waypoint9 (1)
sample_rock rover1 rover1store waypoint9 (1)
navigate rover1 waypoint9 waypoint18 (1)
communicate_rock_data rover1 general waypoint9 waypoint18 waypoint9 (1)
[t=0.129348s, 19148 KB] Plan length: 30 step(s).
[t=0.129348s, 19148 KB] Plan cost: 30
[t=0.129348s, 19148 KB] Expanded 78 state(s).
[t=0.129348s, 19148 KB] Reopened 0 state(s).
[t=0.129348s, 19148 KB] Evaluated 3796 state(s).
[t=0.129348s, 19148 KB] Evaluations: 3796
[t=0.129348s, 19148 KB] Generated 5599 state(s).
[t=0.129348s, 19148 KB] Dead ends: 0 state(s).
[t=0.129348s, 19148 KB] Number of registered states: 3796
[t=0.129348s, 19148 KB] Int hash set load factor: 3796/4096 = 0.926758
[t=0.129348s, 19148 KB] Int hash set resizes: 12
[t=0.129348s, 19148 KB] mean number of q cost that have been adjusted 0 times in relation to total number of q: -1
[t=0.129348s, 19148 KB] mean number of q cost that have been adjusted 1 times in relation to total number of q: -1
[t=0.129348s, 19148 KB] mean number of q cost that have been adjusted 2 times in relation to total number of q: -1
[t=0.129348s, 19148 KB] mean number of q that are at some point overconsitent in relation to total number of q: -1
[t=0.129348s, 19148 KB] mean number of q that are at first underconsisten in relation to total number of q: -1
[t=0.129348s, 19148 KB] mean number of state variables that are not in common between two following states in relation to total number of state variables: -1
[t=0.129348s, 19148 KB] variance number of state variables that are not in common between two following states in relation to total number of state variables: -1
[t=0.129348s, 19148 KB] Search time: 0.101989s
[t=0.129348s, 19148 KB] Total time: 0.129348s
Solution found.
Peak memory: 19148 KB
Remove intermediate file output.sas
search exit code: 0

INFO     Running validate.
INFO     validate stdin: None
INFO     validate time limit: None
INFO     validate memory limit: None
INFO     validate command line string: validate domain.pddl problem.pddl sas_plan
