INFO     Running translator.
INFO     translator stdin: None
INFO     translator time limit: 1799.97s
INFO     translator memory limit: 3584 MB
INFO     translator command line string: /infai/weidan00/downward/experiments/bachelor/.venv/bin/python3 /infai/weidan00/downward/experiments/bachelor/data/bachelor-v1/code-7aa5f34_e5e41175/builds/release/bin/translate/translate.py domain.pddl problem.pddl --sas-file output.sas
Parsing...
Parsing: [0.000s CPU, 0.002s wall-clock]
Normalizing task... [0.000s CPU, 0.000s wall-clock]
Instantiating...
Generating Datalog program... [0.000s CPU, 0.000s wall-clock]
Normalizing Datalog program...
Normalizing Datalog program: [0.000s CPU, 0.002s wall-clock]
Preparing model... [0.000s CPU, 0.001s wall-clock]
Generated 26 rules.
Computing model... [0.010s CPU, 0.005s wall-clock]
301 relevant atoms
282 auxiliary atoms
583 final queue length
704 total queue pushes
Completing instantiation... [0.000s CPU, 0.004s wall-clock]
Instantiating: [0.010s CPU, 0.013s wall-clock]
Computing fact groups...
Finding invariants...
6 initial candidates
Finding invariants: [0.000s CPU, 0.001s wall-clock]
Checking invariant weight... [0.000s CPU, 0.000s wall-clock]
Instantiating groups... [0.000s CPU, 0.000s wall-clock]
Collecting mutex groups... [0.000s CPU, 0.000s wall-clock]
Choosing groups...
12 uncovered facts
Choosing groups: [0.000s CPU, 0.000s wall-clock]
Building translation key... [0.000s CPU, 0.000s wall-clock]
Computing fact groups: [0.000s CPU, 0.002s wall-clock]
Building STRIPS to SAS dictionary... [0.000s CPU, 0.000s wall-clock]
Building dictionary for full mutex groups... [0.000s CPU, 0.000s wall-clock]
Building mutex information...
Building mutex information: [0.000s CPU, 0.000s wall-clock]
Translating task...
Processing axioms...
Simplifying axioms... [0.000s CPU, 0.000s wall-clock]
Processing axioms: [0.000s CPU, 0.000s wall-clock]
Translating task: [0.000s CPU, 0.004s wall-clock]
6 effect conditions simplified
0 implied preconditions added
Detecting unreachable propositions...
0 operators removed
0 axioms removed
1 propositions removed
Detecting unreachable propositions: [0.010s CPU, 0.002s wall-clock]
Reordering and filtering variables...
13 of 13 variables necessary.
0 of 1 mutex groups necessary.
144 of 144 operators necessary.
0 of 0 axiom rules necessary.
Reordering and filtering variables: [0.000s CPU, 0.001s wall-clock]
Translator variables: 13
Translator derived variables: 0
Translator facts: 36
Translator goal facts: 6
Translator mutex groups: 0
Translator total mutex groups size: 0
Translator operators: 144
Translator axioms: 0
Translator task size: 499
Translator peak memory: 142796 KB
Writing output... [0.000s CPU, 0.003s wall-clock]
Done! [0.020s CPU, 0.028s wall-clock]
translate exit code: 0

INFO     Running search (release).
INFO     search stdin: output.sas
INFO     search time limit: 1799.89s
INFO     search memory limit: 3584 MB
INFO     search command line string: /infai/weidan00/downward/experiments/bachelor/data/bachelor-v1/code-7aa5f34_e5e41175/builds/release/bin/downward --search 'eager_wastar([pinch()], w=2)' --internal-plan-file sas_plan < output.sas
[t=5.9512e-05s, 17204 KB] reading input...
[t=0.000816773s, 17212 KB] done reading input!
[t=0.00265828s, 17476 KB] Simplifying 150 unary operators... done! [150 unary operators]
[t=0.00279531s, 17476 KB] time to simplify: 0.000195749s
[t=0.00287436s, 17476 KB] Initializing pinch heuristic...
[t=0.00298639s, 17476 KB] Building successor generator...done!
[t=0.00315872s, 17476 KB] peak memory difference for successor generator creation: 0 KB
[t=0.00319729s, 17476 KB] time for successor generation creation: 4.6848e-05s
[t=0.00324467s, 17476 KB] Variables: 13
[t=0.0032839s, 17476 KB] FactPairs: 36
[t=0.00332309s, 17476 KB] Bytes per state: 4
[t=0.00343263s, 17476 KB] Conducting best first search with reopening closed nodes, (real) bound = 2147483647
[t=0.00354004s, 17476 KB] New best heuristic value for pinch: 22
[t=0.00358222s, 17476 KB] g=0, 1 evaluated, 0 expanded
[t=0.0036317s, 17476 KB] Initial heuristic value for pinch: 22
[t=0.00367237s, 17476 KB] pruning method: none
[t=0.0037691s, 17476 KB] New best heuristic value for pinch: 21
[t=0.00381067s, 17476 KB] g=2, 13 evaluated, 2 expanded
[t=0.00386014s, 17476 KB] New best heuristic value for pinch: 20
[t=0.00389048s, 17476 KB] g=3, 15 evaluated, 3 expanded
[t=0.00397322s, 17476 KB] New best heuristic value for pinch: 18
[t=0.00401374s, 17476 KB] g=4, 27 evaluated, 4 expanded
[t=0.00409625s, 17476 KB] New best heuristic value for pinch: 17
[t=0.00413634s, 17476 KB] g=5, 38 evaluated, 5 expanded
[t=0.00419825s, 17476 KB] New best heuristic value for pinch: 16
[t=0.00423893s, 17476 KB] g=6, 45 evaluated, 6 expanded
[t=0.0042962s, 17476 KB] New best heuristic value for pinch: 15
[t=0.00433611s, 17476 KB] g=7, 50 evaluated, 7 expanded
[t=0.00438415s, 17476 KB] New best heuristic value for pinch: 14
[t=0.0044243s, 17476 KB] g=8, 52 evaluated, 8 expanded
[t=0.00450507s, 17476 KB] New best heuristic value for pinch: 13
[t=0.00454527s, 17476 KB] g=9, 64 evaluated, 9 expanded
[t=0.00462326s, 17476 KB] New best heuristic value for pinch: 12
[t=0.00466463s, 17476 KB] g=9, 71 evaluated, 9 expanded
[t=0.00471369s, 17476 KB] New best heuristic value for pinch: 11
[t=0.00475423s, 17476 KB] g=10, 75 evaluated, 10 expanded
[t=0.00482754s, 17476 KB] New best heuristic value for pinch: 10
[t=0.00486818s, 17476 KB] g=11, 84 evaluated, 11 expanded
[t=0.00491941s, 17476 KB] New best heuristic value for pinch: 9
[t=0.00495952s, 17476 KB] g=12, 87 evaluated, 12 expanded
[t=0.00504025s, 17476 KB] New best heuristic value for pinch: 8
[t=0.00508018s, 17476 KB] g=13, 100 evaluated, 13 expanded
[t=0.00512854s, 17476 KB] New best heuristic value for pinch: 7
[t=0.00516834s, 17476 KB] g=14, 101 evaluated, 14 expanded
[t=0.00524213s, 17476 KB] New best heuristic value for pinch: 6
[t=0.00528177s, 17476 KB] g=15, 112 evaluated, 15 expanded
[t=0.00533195s, 17476 KB] New best heuristic value for pinch: 5
[t=0.00537153s, 17476 KB] g=16, 115 evaluated, 16 expanded
[t=0.00544071s, 17476 KB] New best heuristic value for pinch: 4
[t=0.00548017s, 17476 KB] g=17, 124 evaluated, 17 expanded
[t=0.00559032s, 17476 KB] New best heuristic value for pinch: 3
[t=0.00564114s, 17476 KB] g=18, 132 evaluated, 18 expanded
[t=0.0057069s, 17476 KB] New best heuristic value for pinch: 2
[t=0.0057484s, 17476 KB] g=19, 137 evaluated, 19 expanded
[t=0.00582628s, 17476 KB] New best heuristic value for pinch: 1
[t=0.00586747s, 17476 KB] g=20, 148 evaluated, 20 expanded
[t=0.00591805s, 17476 KB] New best heuristic value for pinch: 0
[t=0.00595966s, 17476 KB] g=21, 150 evaluated, 21 expanded
[t=0.00600129s, 17476 KB] Solution found!
[t=0.00604523s, 17476 KB] Actual search time: 0.00236916s
up f0 f3 (1)
board f3 p2 (1)
board f3 p4 (1)
down f3 f0 (1)
depart f0 p2 (1)
up f0 f5 (1)
board f5 p0 (1)
board f5 p3 (1)
up f5 f6 (1)
board f6 p1 (1)
up f6 f7 (1)
board f7 p5 (1)
depart f7 p1 (1)
down f7 f0 (1)
depart f0 p3 (1)
up f0 f11 (1)
depart f11 p0 (1)
down f11 f6 (1)
depart f6 p5 (1)
up f6 f8 (1)
depart f8 p4 (1)
[t=0.00608769s, 17476 KB] Plan length: 21 step(s).
[t=0.00608769s, 17476 KB] Plan cost: 21
[t=0.00608769s, 17476 KB] Expanded 22 state(s).
[t=0.00608769s, 17476 KB] Reopened 0 state(s).
[t=0.00608769s, 17476 KB] Evaluated 150 state(s).
[t=0.00608769s, 17476 KB] Evaluations: 150
[t=0.00608769s, 17476 KB] Generated 257 state(s).
[t=0.00608769s, 17476 KB] Dead ends: 0 state(s).
[t=0.00608769s, 17476 KB] Number of registered states: 150
[t=0.00608769s, 17476 KB] Int hash set load factor: 150/256 = 0.585938
[t=0.00608769s, 17476 KB] Int hash set resizes: 8
[t=0.00608769s, 17476 KB] mean number of q cost that have been adjusted 0 times in relation to total number of q: -1
[t=0.00608769s, 17476 KB] mean number of q cost that have been adjusted 1 times in relation to total number of q: -1
[t=0.00608769s, 17476 KB] mean number of q cost that have been adjusted 2 times in relation to total number of q: -1
[t=0.00608769s, 17476 KB] mean number of q that are at some point overconsitent in relation to total number of q: -1
[t=0.00608769s, 17476 KB] mean number of q that are at first underconsisten in relation to total number of q: -1
[t=0.00608769s, 17476 KB] mean number of state variables that are not in common between two following states in relation to total number of state variables: -1
[t=0.00608769s, 17476 KB] variance number of state variables that are not in common between two following states in relation to total number of state variables: -1
[t=0.00608769s, 17476 KB] Search time: 0.00265573s
[t=0.00608769s, 17476 KB] Total time: 0.00608769s
Solution found.
Peak memory: 17476 KB
Remove intermediate file output.sas
search exit code: 0

INFO     Running validate.
INFO     validate stdin: None
INFO     validate time limit: None
INFO     validate memory limit: None
INFO     validate command line string: validate domain.pddl problem.pddl sas_plan
