INFO     Running translator.
INFO     translator stdin: None
INFO     translator time limit: 1799.96s
INFO     translator memory limit: 3584 MB
INFO     translator command line string: /infai/weidan00/downward/experiments/bachelor/.venv/bin/python3 /infai/weidan00/downward/experiments/bachelor/data/bachelor-v1/code-7aa5f34_e5e41175/builds/release/bin/translate/translate.py domain.pddl problem.pddl --sas-file output.sas
Parsing...
Parsing: [0.000s CPU, 0.003s wall-clock]
Normalizing task... [0.000s CPU, 0.000s wall-clock]
Instantiating...
Generating Datalog program... [0.000s CPU, 0.000s wall-clock]
Normalizing Datalog program...
Normalizing Datalog program: [0.000s CPU, 0.003s wall-clock]
Preparing model... [0.000s CPU, 0.001s wall-clock]
Generated 44 rules.
Computing model... [0.010s CPU, 0.006s wall-clock]
405 relevant atoms
206 auxiliary atoms
611 final queue length
836 total queue pushes
Completing instantiation... [0.000s CPU, 0.008s wall-clock]
Instantiating: [0.010s CPU, 0.019s wall-clock]
Computing fact groups...
Finding invariants...
12 initial candidates
Finding invariants: [0.010s CPU, 0.002s wall-clock]
Checking invariant weight... [0.000s CPU, 0.000s wall-clock]
Instantiating groups... [0.000s CPU, 0.000s wall-clock]
Collecting mutex groups... [0.000s CPU, 0.000s wall-clock]
Choosing groups...
38 uncovered facts
Choosing groups: [0.000s CPU, 0.000s wall-clock]
Building translation key... [0.000s CPU, 0.000s wall-clock]
Computing fact groups: [0.010s CPU, 0.003s wall-clock]
Building STRIPS to SAS dictionary... [0.000s CPU, 0.000s wall-clock]
Building dictionary for full mutex groups... [0.000s CPU, 0.000s wall-clock]
Building mutex information...
Building mutex information: [0.000s CPU, 0.000s wall-clock]
Translating task...
Processing axioms...
Simplifying axioms... [0.000s CPU, 0.000s wall-clock]
Processing axioms: [0.000s CPU, 0.000s wall-clock]
Translating task: [0.000s CPU, 0.007s wall-clock]
9 effect conditions simplified
0 implied preconditions added
Detecting unreachable propositions...
0 operators removed
0 axioms removed
2 propositions removed
Detecting unreachable propositions: [0.010s CPU, 0.004s wall-clock]
Reordering and filtering variables...
17 of 40 variables necessary.
0 of 2 mutex groups necessary.
205 of 259 operators necessary.
0 of 0 axiom rules necessary.
Reordering and filtering variables: [0.000s CPU, 0.001s wall-clock]
Translator variables: 17
Translator derived variables: 0
Translator facts: 50
Translator goal facts: 8
Translator mutex groups: 0
Translator total mutex groups size: 0
Translator operators: 205
Translator axioms: 0
Translator task size: 734
Translator peak memory: 143308 KB
Writing output... [0.000s CPU, 0.004s wall-clock]
Done! [0.030s CPU, 0.042s wall-clock]
translate exit code: 0

INFO     Running search (release).
INFO     search stdin: output.sas
INFO     search time limit: 1799.87s
INFO     search memory limit: 3584 MB
INFO     search command line string: /infai/weidan00/downward/experiments/bachelor/data/bachelor-v1/code-7aa5f34_e5e41175/builds/release/bin/downward --search 'eager_wastar([pinch_tracking()], w=2)' --internal-plan-file sas_plan < output.sas
[t=5.9515e-05s, 17204 KB] reading input...
[t=0.00129746s, 17212 KB] done reading input!
[t=0.00310821s, 17476 KB] Simplifying 214 unary operators... done! [213 unary operators]
[t=0.0032787s, 17608 KB] time to simplify: 0.000229901s
[t=0.00336969s, 17608 KB] Initializing pinch tracking heuristic...
[t=0.00348147s, 17608 KB] Building successor generator...done!
[t=0.00368101s, 17608 KB] peak memory difference for successor generator creation: 0 KB
[t=0.00371874s, 17608 KB] time for successor generation creation: 7.8644e-05s
[t=0.00376572s, 17608 KB] Variables: 17
[t=0.00380519s, 17608 KB] FactPairs: 50
[t=0.0038441s, 17608 KB] Bytes per state: 4
[t=0.00396032s, 17608 KB] Conducting best first search with reopening closed nodes, (real) bound = 2147483647
[t=0.00407526s, 17608 KB] New best heuristic value for pinch_tracking: 43
[t=0.00411774s, 17608 KB] g=0, 1 evaluated, 0 expanded
[t=0.00416669s, 17608 KB] Initial heuristic value for pinch_tracking: 43
[t=0.00420798s, 17608 KB] pruning method: none
[t=0.00427067s, 17608 KB] New best heuristic value for pinch_tracking: 29
[t=0.00431191s, 17608 KB] g=1, 2 evaluated, 1 expanded
[t=0.00446439s, 17608 KB] New best heuristic value for pinch_tracking: 28
[t=0.00450663s, 17608 KB] g=2, 25 evaluated, 2 expanded
[t=0.00455932s, 17608 KB] New best heuristic value for pinch_tracking: 27
[t=0.00460005s, 17608 KB] g=2, 28 evaluated, 2 expanded
[t=0.00464624s, 17608 KB] New best heuristic value for pinch_tracking: 22
[t=0.00468814s, 17608 KB] g=2, 29 evaluated, 2 expanded
[t=0.00479107s, 17608 KB] New best heuristic value for pinch_tracking: 15
[t=0.00483248s, 17608 KB] g=3, 42 evaluated, 3 expanded
[t=0.00493032s, 17608 KB] New best heuristic value for pinch_tracking: 14
[t=0.00497122s, 17608 KB] g=4, 56 evaluated, 4 expanded
[t=0.00502334s, 17608 KB] New best heuristic value for pinch_tracking: 13
[t=0.00506541s, 17608 KB] g=4, 59 evaluated, 4 expanded
[t=0.00517194s, 17608 KB] New best heuristic value for pinch_tracking: 12
[t=0.00521296s, 17608 KB] g=5, 74 evaluated, 5 expanded
[t=0.00543458s, 17608 KB] New best heuristic value for pinch_tracking: 11
[t=0.00547674s, 17608 KB] g=7, 125 evaluated, 8 expanded
[t=0.00558635s, 17608 KB] New best heuristic value for pinch_tracking: 10
[t=0.00562892s, 17608 KB] g=8, 138 evaluated, 9 expanded
[t=0.0057586s, 17608 KB] New best heuristic value for pinch_tracking: 9
[t=0.00580134s, 17608 KB] g=9, 156 evaluated, 10 expanded
[t=0.00589856s, 17608 KB] New best heuristic value for pinch_tracking: 8
[t=0.00593991s, 17608 KB] g=10, 171 evaluated, 11 expanded
[t=0.00604093s, 17608 KB] New best heuristic value for pinch_tracking: 7
[t=0.00608188s, 17608 KB] g=11, 188 evaluated, 12 expanded
[t=0.0061818s, 17608 KB] New best heuristic value for pinch_tracking: 6
[t=0.00622289s, 17608 KB] g=12, 204 evaluated, 13 expanded
[t=0.00635806s, 17608 KB] New best heuristic value for pinch_tracking: 5
[t=0.00639997s, 17608 KB] g=13, 231 evaluated, 15 expanded
[t=0.0065054s, 17608 KB] New best heuristic value for pinch_tracking: 4
[t=0.00654727s, 17608 KB] g=14, 248 evaluated, 16 expanded
[t=0.00670666s, 17608 KB] New best heuristic value for pinch_tracking: 3
[t=0.00674924s, 17608 KB] g=15, 274 evaluated, 18 expanded
[t=0.00684839s, 17608 KB] New best heuristic value for pinch_tracking: 2
[t=0.00689029s, 17608 KB] g=16, 291 evaluated, 19 expanded
[t=0.00702064s, 17608 KB] New best heuristic value for pinch_tracking: 1
[t=0.00706193s, 17608 KB] g=17, 317 evaluated, 21 expanded
[t=0.00715938s, 17608 KB] New best heuristic value for pinch_tracking: 0
[t=0.00720056s, 17608 KB] g=18, 334 evaluated, 22 expanded
[t=0.00728191s, 17608 KB] Solution found!
[t=0.00732499s, 17608 KB] Actual search time: 0.00311296s
switch_on instrument1 satellite1 (1)
turn_to satellite1 star2 star0 (1)
calibrate satellite1 instrument1 star2 (1)
turn_to satellite1 planet5 star2 (1)
take_image satellite1 planet5 instrument1 thermograph2 (1)
turn_to satellite1 phenomenon8 planet5 (1)
take_image satellite1 phenomenon8 instrument1 thermograph2 (1)
turn_to satellite1 phenomenon9 phenomenon8 (1)
take_image satellite1 phenomenon9 instrument1 infrared0 (1)
turn_to satellite1 planet3 phenomenon9 (1)
take_image satellite1 planet3 instrument1 infrared1 (1)
turn_to satellite1 star4 planet3 (1)
take_image satellite1 star4 instrument1 infrared1 (1)
turn_to satellite1 star6 star4 (1)
take_image satellite1 star6 instrument1 infrared1 (1)
turn_to satellite1 star7 star6 (1)
take_image satellite1 star7 instrument1 infrared0 (1)
turn_to satellite1 planet5 star7 (1)
[t=0.0073676s, 17608 KB] Plan length: 18 step(s).
[t=0.0073676s, 17608 KB] Plan cost: 18
[t=0.0073676s, 17608 KB] Expanded 23 state(s).
[t=0.0073676s, 17608 KB] Reopened 0 state(s).
[t=0.0073676s, 17608 KB] Evaluated 347 state(s).
[t=0.0073676s, 17608 KB] Evaluations: 347
[t=0.0073676s, 17608 KB] Generated 461 state(s).
[t=0.0073676s, 17608 KB] Dead ends: 0 state(s).
[t=0.0073676s, 17608 KB] Number of registered states: 347
[t=0.0073676s, 17608 KB] Int hash set load factor: 347/512 = 0.677734
[t=0.0073676s, 17608 KB] Int hash set resizes: 9
[t=0.0073676s, 17608 KB] mean number of q cost that have been adjusted 0 times in relation to total number of q: -1
[t=0.0073676s, 17608 KB] mean number of q cost that have been adjusted 1 times in relation to total number of q: -1
[t=0.0073676s, 17608 KB] mean number of q cost that have been adjusted 2 times in relation to total number of q: -1
[t=0.0073676s, 17608 KB] mean number of q that are at some point overconsitent in relation to total number of q: -1
[t=0.0073676s, 17608 KB] mean number of q that are at first underconsisten in relation to total number of q: -1
[t=0.0073676s, 17608 KB] mean number of state variables that are not in common between two following states in relation to total number of state variables: -1
[t=0.0073676s, 17608 KB] variance number of state variables that are not in common between two following states in relation to total number of state variables: -1
[t=0.0073676s, 17608 KB] Search time: 0.00340766s
[t=0.0073676s, 17608 KB] Total time: 0.0073676s
Solution found.
Peak memory: 17608 KB
Remove intermediate file output.sas
search exit code: 0

INFO     Running validate.
INFO     validate stdin: None
INFO     validate time limit: None
INFO     validate memory limit: None
INFO     validate command line string: validate domain.pddl problem.pddl sas_plan
