INFO     Running translator.
INFO     translator stdin: None
INFO     translator time limit: 1799.96s
INFO     translator memory limit: 3584 MB
INFO     translator command line string: /infai/weidan00/downward/experiments/bachelor/.venv/bin/python3 /infai/weidan00/downward/experiments/bachelor/data/bachelor-v1/code-7aa5f34_e5e41175/builds/release/bin/translate/translate.py domain.pddl problem.pddl --sas-file output.sas
Parsing...
Parsing: [0.000s CPU, 0.004s wall-clock]
Normalizing task... [0.000s CPU, 0.000s wall-clock]
Instantiating...
Generating Datalog program... [0.000s CPU, 0.001s wall-clock]
Normalizing Datalog program...
Normalizing Datalog program: [0.010s CPU, 0.004s wall-clock]
Preparing model... [0.000s CPU, 0.003s wall-clock]
Generated 45 rules.
Computing model... [0.340s CPU, 0.345s wall-clock]
12204 relevant atoms
23451 auxiliary atoms
35655 final queue length
57290 total queue pushes
Completing instantiation... [0.570s CPU, 0.569s wall-clock]
Instantiating: [0.930s CPU, 0.930s wall-clock]
Computing fact groups...
Finding invariants...
18 initial candidates
Finding invariants: [0.020s CPU, 0.019s wall-clock]
Checking invariant weight... [0.000s CPU, 0.001s wall-clock]
Instantiating groups... [0.010s CPU, 0.009s wall-clock]
Collecting mutex groups... [0.000s CPU, 0.001s wall-clock]
Choosing groups...
70 uncovered facts
Choosing groups: [0.000s CPU, 0.003s wall-clock]
Building translation key... [0.010s CPU, 0.001s wall-clock]
Computing fact groups: [0.040s CPU, 0.038s wall-clock]
Building STRIPS to SAS dictionary... [0.000s CPU, 0.001s wall-clock]
Building dictionary for full mutex groups... [0.000s CPU, 0.001s wall-clock]
Building mutex information...
Building mutex information: [0.000s CPU, 0.000s wall-clock]
Translating task...
Processing axioms...
Simplifying axioms... [0.000s CPU, 0.000s wall-clock]
Processing axioms: [0.020s CPU, 0.023s wall-clock]
Translating task: [0.470s CPU, 0.476s wall-clock]
0 effect conditions simplified
0 implied preconditions added
Detecting unreachable propositions...
0 operators removed
0 axioms removed
285 propositions removed
Detecting unreachable propositions: [0.290s CPU, 0.290s wall-clock]
Reordering and filtering variables...
145 of 145 variables necessary.
0 of 145 mutex groups necessary.
11202 of 11202 operators necessary.
0 of 0 axiom rules necessary.
Reordering and filtering variables: [0.070s CPU, 0.067s wall-clock]
Translator variables: 145
Translator derived variables: 0
Translator facts: 782
Translator goal facts: 11
Translator mutex groups: 0
Translator total mutex groups size: 0
Translator operators: 11202
Translator axioms: 0
Translator task size: 67754
Translator peak memory: 196300 KB
Writing output... [0.100s CPU, 0.125s wall-clock]
Done! [1.920s CPU, 1.961s wall-clock]
translate exit code: 0

INFO     Running search (release).
INFO     search stdin: output.sas
INFO     search time limit: 1797.96s
INFO     search memory limit: 3584 MB
INFO     search command line string: /infai/weidan00/downward/experiments/bachelor/data/bachelor-v1/code-7aa5f34_e5e41175/builds/release/bin/downward --search 'eager_wastar([pinch()], w=2)' --internal-plan-file sas_plan < output.sas
[t=5.8178e-05s, 17204 KB] reading input...
[t=0.0726613s, 20640 KB] done reading input!
[t=0.0781422s, 22384 KB] Simplifying 22272 unary operators... done! [22272 unary operators]
[t=0.0998175s, 24340 KB] time to simplify: 0.0217547s
[t=0.101488s, 24340 KB] Initializing pinch heuristic...
[t=0.101648s, 24340 KB] Building successor generator...done!
[t=0.10703s, 24340 KB] peak memory difference for successor generator creation: 0 KB
[t=0.107074s, 24340 KB] time for successor generation creation: 0.00514571s
[t=0.107212s, 24340 KB] Variables: 145
[t=0.107259s, 24340 KB] FactPairs: 782
[t=0.107299s, 24340 KB] Bytes per state: 52
[t=0.107437s, 24340 KB] Conducting best first search with reopening closed nodes, (real) bound = 2147483647
[t=0.109626s, 24340 KB] New best heuristic value for pinch: 212
[t=0.109687s, 24340 KB] g=0, 1 evaluated, 0 expanded
[t=0.109743s, 24340 KB] Initial heuristic value for pinch: 212
[t=0.109784s, 24340 KB] pruning method: none
[t=0.110363s, 24340 KB] New best heuristic value for pinch: 187
[t=0.110416s, 24340 KB] g=1, 2 evaluated, 1 expanded
[t=0.112581s, 24340 KB] New best heuristic value for pinch: 176
[t=0.112638s, 24340 KB] g=1, 5 evaluated, 1 expanded
[t=0.1231s, 24340 KB] New best heuristic value for pinch: 174
[t=0.123165s, 24340 KB] g=2, 15 evaluated, 2 expanded
[t=0.123448s, 24340 KB] New best heuristic value for pinch: 173
[t=0.123492s, 24340 KB] g=2, 16 evaluated, 2 expanded
[t=0.123669s, 24340 KB] New best heuristic value for pinch: 171
[t=0.12371s, 24340 KB] g=2, 17 evaluated, 2 expanded
[t=0.134275s, 24340 KB] New best heuristic value for pinch: 169
[t=0.134342s, 24340 KB] g=3, 31 evaluated, 3 expanded
[t=0.134622s, 24340 KB] New best heuristic value for pinch: 168
[t=0.134666s, 24340 KB] g=3, 32 evaluated, 3 expanded
[t=0.134888s, 24340 KB] New best heuristic value for pinch: 166
[t=0.134932s, 24340 KB] g=3, 34 evaluated, 3 expanded
[t=0.145344s, 24340 KB] New best heuristic value for pinch: 164
[t=0.145409s, 24340 KB] g=4, 48 evaluated, 4 expanded
[t=0.145701s, 24340 KB] New best heuristic value for pinch: 163
[t=0.145746s, 24340 KB] g=4, 49 evaluated, 4 expanded
[t=0.146024s, 24340 KB] New best heuristic value for pinch: 161
[t=0.146068s, 24340 KB] g=4, 51 evaluated, 4 expanded
[t=0.156079s, 24340 KB] New best heuristic value for pinch: 159
[t=0.156144s, 24340 KB] g=5, 64 evaluated, 5 expanded
[t=0.156432s, 24340 KB] New best heuristic value for pinch: 158
[t=0.156485s, 24340 KB] g=5, 65 evaluated, 5 expanded
[t=0.156812s, 24340 KB] New best heuristic value for pinch: 156
[t=0.156856s, 24340 KB] g=5, 67 evaluated, 5 expanded
[t=0.16712s, 24340 KB] New best heuristic value for pinch: 154
[t=0.167185s, 24340 KB] g=6, 80 evaluated, 6 expanded
[t=0.167474s, 24340 KB] New best heuristic value for pinch: 153
[t=0.167518s, 24340 KB] g=6, 81 evaluated, 6 expanded
[t=0.177755s, 24340 KB] New best heuristic value for pinch: 151
[t=0.177821s, 24340 KB] g=7, 95 evaluated, 7 expanded
[t=0.178096s, 24340 KB] New best heuristic value for pinch: 150
[t=0.178139s, 24340 KB] g=7, 96 evaluated, 7 expanded
[t=0.188309s, 24340 KB] New best heuristic value for pinch: 148
[t=0.188372s, 24340 KB] g=8, 110 evaluated, 8 expanded
[t=0.188708s, 24340 KB] New best heuristic value for pinch: 147
[t=0.188753s, 24340 KB] g=8, 112 evaluated, 8 expanded
[t=0.198729s, 24340 KB] New best heuristic value for pinch: 145
[t=0.198794s, 24340 KB] g=9, 124 evaluated, 9 expanded
[t=0.199175s, 24340 KB] New best heuristic value for pinch: 144
[t=0.19922s, 24340 KB] g=9, 127 evaluated, 9 expanded
[t=0.209181s, 24340 KB] New best heuristic value for pinch: 142
[t=0.209245s, 24340 KB] g=10, 139 evaluated, 10 expanded
[t=0.219292s, 24340 KB] New best heuristic value for pinch: 140
[t=0.219358s, 24340 KB] g=11, 154 evaluated, 11 expanded
[t=0.229783s, 24340 KB] New best heuristic value for pinch: 138
[t=0.229849s, 24340 KB] g=12, 171 evaluated, 12 expanded
[t=0.234597s, 24340 KB] New best heuristic value for pinch: 136
[t=0.234659s, 24340 KB] g=13, 177 evaluated, 13 expanded
[t=0.242086s, 24340 KB] New best heuristic value for pinch: 122
[t=0.242149s, 24340 KB] g=14, 188 evaluated, 14 expanded
[t=0.24786s, 24340 KB] New best heuristic value for pinch: 109
[t=0.247926s, 24340 KB] g=15, 199 evaluated, 15 expanded
[t=0.253584s, 24340 KB] New best heuristic value for pinch: 104
[t=0.253646s, 24340 KB] g=16, 213 evaluated, 16 expanded
[t=0.262289s, 24340 KB] New best heuristic value for pinch: 101
[t=0.262352s, 24340 KB] g=17, 230 evaluated, 17 expanded
[t=0.262646s, 24340 KB] New best heuristic value for pinch: 99
[t=0.26269s, 24340 KB] g=17, 231 evaluated, 17 expanded
[t=0.27172s, 24340 KB] New best heuristic value for pinch: 96
[t=0.271784s, 24340 KB] g=18, 254 evaluated, 18 expanded
[t=0.272112s, 24340 KB] New best heuristic value for pinch: 94
[t=0.272156s, 24340 KB] g=18, 255 evaluated, 18 expanded
[t=0.281383s, 24340 KB] New best heuristic value for pinch: 91
[t=0.281447s, 24340 KB] g=19, 278 evaluated, 19 expanded
[t=0.290578s, 24340 KB] New best heuristic value for pinch: 88
[t=0.290643s, 24340 KB] g=20, 301 evaluated, 20 expanded
[t=0.300477s, 24340 KB] New best heuristic value for pinch: 86
[t=0.300541s, 24340 KB] g=21, 329 evaluated, 21 expanded
[t=0.300815s, 24340 KB] New best heuristic value for pinch: 85
[t=0.300866s, 24340 KB] g=21, 330 evaluated, 21 expanded
[t=0.307137s, 24340 KB] New best heuristic value for pinch: 82
[t=0.307199s, 24340 KB] g=22, 344 evaluated, 22 expanded
[t=0.315665s, 24340 KB] New best heuristic value for pinch: 79
[t=0.315727s, 24340 KB] g=23, 366 evaluated, 23 expanded
[t=0.323007s, 24340 KB] New best heuristic value for pinch: 76
[t=0.323071s, 24340 KB] g=24, 384 evaluated, 24 expanded
[t=0.329892s, 24340 KB] New best heuristic value for pinch: 71
[t=0.329954s, 24340 KB] g=25, 397 evaluated, 25 expanded
[t=0.338305s, 24340 KB] New best heuristic value for pinch: 69
[t=0.338367s, 24340 KB] g=26, 414 evaluated, 26 expanded
[t=0.340583s, 24340 KB] New best heuristic value for pinch: 68
[t=0.340639s, 24340 KB] g=26, 419 evaluated, 26 expanded
[t=0.34674s, 24340 KB] New best heuristic value for pinch: 66
[t=0.346801s, 24340 KB] g=27, 432 evaluated, 27 expanded
[t=0.350007s, 24340 KB] New best heuristic value for pinch: 65
[t=0.350065s, 24340 KB] g=27, 438 evaluated, 27 expanded
[t=0.356162s, 24340 KB] New best heuristic value for pinch: 63
[t=0.356223s, 24340 KB] g=28, 451 evaluated, 28 expanded
[t=0.357097s, 24340 KB] New best heuristic value for pinch: 62
[t=0.357151s, 24340 KB] g=28, 452 evaluated, 28 expanded
[t=0.366273s, 24340 KB] New best heuristic value for pinch: 61
[t=0.366336s, 24340 KB] g=29, 469 evaluated, 29 expanded
[t=0.368968s, 24340 KB] New best heuristic value for pinch: 60
[t=0.369026s, 24340 KB] g=29, 475 evaluated, 29 expanded
[t=0.374925s, 24340 KB] New best heuristic value for pinch: 57
[t=0.374985s, 24340 KB] g=30, 488 evaluated, 30 expanded
[t=0.393733s, 24340 KB] New best heuristic value for pinch: 55
[t=0.393808s, 24340 KB] g=32, 525 evaluated, 32 expanded
[t=0.403205s, 24340 KB] New best heuristic value for pinch: 53
[t=0.403273s, 24340 KB] g=33, 544 evaluated, 33 expanded
[t=0.413706s, 24340 KB] New best heuristic value for pinch: 51
[t=0.413779s, 24340 KB] g=34, 569 evaluated, 34 expanded
[t=0.414136s, 24340 KB] New best heuristic value for pinch: 50
[t=0.41418s, 24340 KB] g=34, 571 evaluated, 34 expanded
[t=0.421596s, 24340 KB] New best heuristic value for pinch: 49
[t=0.421658s, 24340 KB] g=35, 589 evaluated, 35 expanded
[t=0.42414s, 24340 KB] New best heuristic value for pinch: 48
[t=0.424197s, 24340 KB] g=35, 596 evaluated, 35 expanded
[t=0.431683s, 24340 KB] New best heuristic value for pinch: 45
[t=0.431744s, 24340 KB] g=36, 615 evaluated, 36 expanded
[t=0.441546s, 24340 KB] New best heuristic value for pinch: 42
[t=0.441614s, 24340 KB] g=37, 641 evaluated, 37 expanded
[t=0.631966s, 24340 KB] New best heuristic value for pinch: 40
[t=0.632063s, 24340 KB] g=41, 985 evaluated, 55 expanded
[t=0.640282s, 24340 KB] New best heuristic value for pinch: 38
[t=0.640352s, 24340 KB] g=42, 1005 evaluated, 56 expanded
[t=0.650159s, 24340 KB] New best heuristic value for pinch: 36
[t=0.650233s, 24340 KB] g=43, 1031 evaluated, 57 expanded
[t=1.80778s, 24340 KB] New best heuristic value for pinch: 35
[t=1.80788s, 24340 KB] g=48, 3123 evaluated, 159 expanded
[t=3.35042s, 24420 KB] New best heuristic value for pinch: 34
[t=3.35053s, 24420 KB] g=47, 5574 evaluated, 289 expanded
[t=4.98829s, 24788 KB] New best heuristic value for pinch: 33
[t=4.98839s, 24788 KB] g=52, 8326 evaluated, 432 expanded
[t=83.308s, 38480 KB] New best heuristic value for pinch: 32
[t=83.3081s, 38480 KB] g=55, 166063 evaluated, 8278 expanded, 6 reopened
[t=357.578s, 81140 KB] New best heuristic value for pinch: 31
[t=357.578s, 81140 KB] g=56, 653651 evaluated, 35078 expanded, 521 reopened
[t=1372.24s, 260608 KB] New best heuristic value for pinch: 30
[t=1372.24s, 260608 KB] g=59, 2723819 evaluated, 142594 expanded, 829 reopened
Peak memory: 374300 KB
caught signal 24 -- exiting
Time limit has been reached.
Remove intermediate file output.sas
search exit code: 23

Driver aborting after search
