INFO     Running translator.
INFO     translator stdin: None
INFO     translator time limit: 1799.95s
INFO     translator memory limit: 3584 MB
INFO     translator command line string: /infai/weidan00/downward/experiments/bachelor/.venv/bin/python3 /infai/weidan00/downward/experiments/bachelor/data/bachelor-v1/code-7aa5f34_e5e41175/builds/release/bin/translate/translate.py domain.pddl problem.pddl --sas-file output.sas
Parsing...
Parsing: [0.010s CPU, 0.014s wall-clock]
Normalizing task... [0.000s CPU, 0.000s wall-clock]
Instantiating...
Generating Datalog program... [0.000s CPU, 0.004s wall-clock]
Normalizing Datalog program...
Normalizing Datalog program: [0.020s CPU, 0.002s wall-clock]
Preparing model... [0.010s CPU, 0.018s wall-clock]
Generated 26 rules.
Computing model... [0.080s CPU, 0.081s wall-clock]
5453 relevant atoms
4031 auxiliary atoms
9484 final queue length
12733 total queue pushes
Completing instantiation... [0.110s CPU, 0.113s wall-clock]
Instantiating: [0.230s CPU, 0.221s wall-clock]
Computing fact groups...
Finding invariants...
6 initial candidates
Finding invariants: [0.000s CPU, 0.002s wall-clock]
Checking invariant weight... [0.000s CPU, 0.001s wall-clock]
Instantiating groups... [0.000s CPU, 0.000s wall-clock]
Collecting mutex groups... [0.000s CPU, 0.000s wall-clock]
Choosing groups...
58 uncovered facts
Choosing groups: [0.000s CPU, 0.000s wall-clock]
Building translation key... [0.000s CPU, 0.000s wall-clock]
Computing fact groups: [0.000s CPU, 0.005s wall-clock]
Building STRIPS to SAS dictionary... [0.000s CPU, 0.000s wall-clock]
Building dictionary for full mutex groups... [0.000s CPU, 0.000s wall-clock]
Building mutex information...
Building mutex information: [0.000s CPU, 0.000s wall-clock]
Translating task...
Processing axioms...
Simplifying axioms... [0.000s CPU, 0.000s wall-clock]
Processing axioms: [0.010s CPU, 0.005s wall-clock]
Translating task: [0.080s CPU, 0.083s wall-clock]
29 effect conditions simplified
0 implied preconditions added
Detecting unreachable propositions...
0 operators removed
0 axioms removed
1 propositions removed
Detecting unreachable propositions: [0.040s CPU, 0.046s wall-clock]
Reordering and filtering variables...
59 of 59 variables necessary.
0 of 1 mutex groups necessary.
3364 of 3364 operators necessary.
0 of 0 axiom rules necessary.
Reordering and filtering variables: [0.010s CPU, 0.010s wall-clock]
Translator variables: 59
Translator derived variables: 0
Translator facts: 174
Translator goal facts: 29
Translator mutex groups: 0
Translator total mutex groups size: 0
Translator operators: 3364
Translator axioms: 0
Translator task size: 10412
Translator peak memory: 152524 KB
Writing output... [0.020s CPU, 0.029s wall-clock]
Done! [0.400s CPU, 0.414s wall-clock]
translate exit code: 0

INFO     Running search (release).
INFO     search stdin: output.sas
INFO     search time limit: 1799.48s
INFO     search memory limit: 3584 MB
INFO     search command line string: /infai/weidan00/downward/experiments/bachelor/data/bachelor-v1/code-7aa5f34_e5e41175/builds/release/bin/downward --search 'eager_wastar([add()], w=2)' --internal-plan-file sas_plan < output.sas
[t=7.0098e-05s, 17204 KB] reading input...
[t=0.0124923s, 17792 KB] done reading input!
[t=0.0150176s, 18260 KB] Simplifying 3393 unary operators... done! [3393 unary operators]
[t=0.0165254s, 18524 KB] time to simplify: 0.00169048s
[t=0.0168118s, 18524 KB] Initializing additive heuristic...
[t=0.0169622s, 18524 KB] Building successor generator...done!
[t=0.0177818s, 18632 KB] peak memory difference for successor generator creation: 108 KB
[t=0.017825s, 18632 KB] time for successor generation creation: 0.000680923s
[t=0.017902s, 18632 KB] Variables: 59
[t=0.0179429s, 18632 KB] FactPairs: 174
[t=0.0179827s, 18632 KB] Bytes per state: 8
[t=0.0181453s, 18632 KB] Conducting best first search with reopening closed nodes, (real) bound = 2147483647
[t=0.0182862s, 18632 KB] New best heuristic value for add: 116
[t=0.0183311s, 18632 KB] g=0, 1 evaluated, 0 expanded
[t=0.0183838s, 18632 KB] Initial heuristic value for add: 116
[t=0.0184249s, 18632 KB] pruning method: none
[t=0.0185059s, 18632 KB] New best heuristic value for add: 115
[t=0.0185489s, 18632 KB] g=1, 2 evaluated, 1 expanded
[t=0.0186186s, 18632 KB] New best heuristic value for add: 114
[t=0.0186602s, 18632 KB] g=1, 3 evaluated, 1 expanded
[t=0.019223s, 18632 KB] New best heuristic value for add: 113
[t=0.0192703s, 18632 KB] g=1, 24 evaluated, 1 expanded
[t=0.0201559s, 18632 KB] New best heuristic value for add: 112
[t=0.0202032s, 18632 KB] g=2, 59 evaluated, 2 expanded
[t=0.0216437s, 18632 KB] New best heuristic value for add: 111
[t=0.0216971s, 18632 KB] g=4, 117 evaluated, 4 expanded
[t=0.0218267s, 18632 KB] New best heuristic value for add: 110
[t=0.0218797s, 18632 KB] g=5, 120 evaluated, 5 expanded
[t=0.0232595s, 18632 KB] New best heuristic value for add: 109
[t=0.0233119s, 18632 KB] g=6, 175 evaluated, 6 expanded
[t=0.0234534s, 18632 KB] New best heuristic value for add: 108
[t=0.0234968s, 18632 KB] g=7, 179 evaluated, 7 expanded
[t=0.0248367s, 18632 KB] New best heuristic value for add: 107
[t=0.0248874s, 18632 KB] g=8, 233 evaluated, 9 expanded
[t=0.0250411s, 18632 KB] New best heuristic value for add: 106
[t=0.0250838s, 18632 KB] g=9, 237 evaluated, 10 expanded
[t=0.0264502s, 18632 KB] New best heuristic value for add: 105
[t=0.0265044s, 18632 KB] g=10, 291 evaluated, 12 expanded
[t=0.0267181s, 18632 KB] New best heuristic value for add: 104
[t=0.0267614s, 18632 KB] g=11, 297 evaluated, 13 expanded
[t=0.0280562s, 18632 KB] New best heuristic value for add: 103
[t=0.0281054s, 18632 KB] g=12, 349 evaluated, 16 expanded
[t=0.0282571s, 18632 KB] New best heuristic value for add: 102
[t=0.0282998s, 18632 KB] g=13, 353 evaluated, 17 expanded
[t=0.0296479s, 18632 KB] New best heuristic value for add: 101
[t=0.0296991s, 18632 KB] g=14, 407 evaluated, 20 expanded
[t=0.0298038s, 18632 KB] New best heuristic value for add: 100
[t=0.0298463s, 18632 KB] g=15, 409 evaluated, 21 expanded
[t=0.0312853s, 18632 KB] New best heuristic value for add: 99
[t=0.0313368s, 18632 KB] g=16, 468 evaluated, 22 expanded
[t=0.0316474s, 18632 KB] New best heuristic value for add: 98
[t=0.031691s, 18632 KB] g=16, 479 evaluated, 22 expanded
[t=0.032871s, 18632 KB] New best heuristic value for add: 97
[t=0.0329206s, 18632 KB] g=17, 524 evaluated, 25 expanded
[t=0.0333078s, 18632 KB] New best heuristic value for add: 96
[t=0.0333559s, 18632 KB] g=18, 538 evaluated, 26 expanded
[t=0.0344663s, 18632 KB] New best heuristic value for add: 95
[t=0.0345152s, 18632 KB] g=19, 582 evaluated, 29 expanded
[t=0.0346186s, 18632 KB] New best heuristic value for add: 94
[t=0.0346614s, 18632 KB] g=20, 584 evaluated, 30 expanded
[t=0.0360962s, 18632 KB] New best heuristic value for add: 93
[t=0.0361466s, 18632 KB] g=21, 643 evaluated, 31 expanded
[t=0.036506s, 18632 KB] New best heuristic value for add: 92
[t=0.0365499s, 18632 KB] g=21, 656 evaluated, 31 expanded
[t=0.0376218s, 18632 KB] New best heuristic value for add: 91
[t=0.0376725s, 18632 KB] g=22, 699 evaluated, 33 expanded
[t=0.0378139s, 18632 KB] New best heuristic value for add: 90
[t=0.0378567s, 18632 KB] g=23, 703 evaluated, 34 expanded
[t=0.0391944s, 18632 KB] New best heuristic value for add: 89
[t=0.039244s, 18632 KB] g=24, 757 evaluated, 37 expanded
[t=0.0398593s, 18632 KB] New best heuristic value for add: 88
[t=0.0399048s, 18632 KB] g=25, 781 evaluated, 38 expanded
[t=0.0408131s, 18632 KB] New best heuristic value for add: 87
[t=0.0408602s, 18632 KB] g=26, 817 evaluated, 41 expanded
[t=0.0414872s, 18632 KB] New best heuristic value for add: 86
[t=0.0415334s, 18632 KB] g=27, 841 evaluated, 42 expanded
[t=0.0424569s, 18632 KB] New best heuristic value for add: 85
[t=0.0425036s, 18632 KB] g=28, 877 evaluated, 45 expanded
[t=0.0430874s, 18632 KB] New best heuristic value for add: 84
[t=0.0431307s, 18632 KB] g=29, 900 evaluated, 46 expanded
[t=0.0440216s, 18632 KB] New best heuristic value for add: 83
[t=0.0440698s, 18632 KB] g=30, 935 evaluated, 49 expanded
[t=0.0446677s, 18632 KB] New best heuristic value for add: 82
[t=0.0447117s, 18632 KB] g=31, 958 evaluated, 50 expanded
[t=0.0456868s, 18632 KB] New best heuristic value for add: 81
[t=0.0457398s, 18632 KB] g=32, 993 evaluated, 52 expanded
[t=0.0463282s, 18632 KB] New best heuristic value for add: 80
[t=0.0463736s, 18632 KB] g=33, 1016 evaluated, 53 expanded
[t=0.0472547s, 18632 KB] New best heuristic value for add: 79
[t=0.0473021s, 18632 KB] g=34, 1051 evaluated, 55 expanded
[t=0.0474076s, 18632 KB] New best heuristic value for add: 78
[t=0.0474503s, 18632 KB] g=35, 1053 evaluated, 56 expanded
[t=0.0488889s, 18632 KB] New best heuristic value for add: 77
[t=0.048942s, 18632 KB] g=36, 1112 evaluated, 57 expanded
[t=0.0494753s, 18632 KB] New best heuristic value for add: 76
[t=0.0495209s, 18632 KB] g=36, 1133 evaluated, 57 expanded
[t=0.0504534s, 18632 KB] New best heuristic value for add: 75
[t=0.0505002s, 18632 KB] g=38, 1170 evaluated, 60 expanded
[t=0.0510099s, 18632 KB] New best heuristic value for add: 74
[t=0.0510552s, 18632 KB] g=38, 1190 evaluated, 60 expanded
[t=0.0520298s, 18632 KB] New best heuristic value for add: 73
[t=0.0520796s, 18632 KB] g=40, 1229 evaluated, 63 expanded
[t=0.0527258s, 18632 KB] New best heuristic value for add: 72
[t=0.0527705s, 18632 KB] g=40, 1255 evaluated, 63 expanded
[t=0.0536681s, 18632 KB] New best heuristic value for add: 71
[t=0.0537158s, 18632 KB] g=42, 1291 evaluated, 66 expanded
[t=0.0541495s, 18632 KB] New best heuristic value for add: 70
[t=0.0541937s, 18632 KB] g=42, 1308 evaluated, 66 expanded
[t=0.0552221s, 18632 KB] New best heuristic value for add: 69
[t=0.0552703s, 18632 KB] g=44, 1350 evaluated, 69 expanded
[t=0.0558432s, 18632 KB] New best heuristic value for add: 68
[t=0.0558876s, 18632 KB] g=44, 1373 evaluated, 69 expanded
[t=0.0567148s, 18632 KB] New best heuristic value for add: 67
[t=0.0567603s, 18632 KB] g=46, 1406 evaluated, 73 expanded
[t=0.0572545s, 18632 KB] New best heuristic value for add: 66
[t=0.0572996s, 18632 KB] g=46, 1426 evaluated, 73 expanded
[t=0.0582964s, 18632 KB] New best heuristic value for add: 65
[t=0.0583502s, 18632 KB] g=48, 1467 evaluated, 77 expanded
[t=0.0588829s, 18632 KB] New best heuristic value for add: 64
[t=0.0589272s, 18632 KB] g=48, 1489 evaluated, 77 expanded
[t=0.0597553s, 18632 KB] New best heuristic value for add: 63
[t=0.0598026s, 18632 KB] g=50, 1522 evaluated, 82 expanded
[t=0.0603683s, 18632 KB] New best heuristic value for add: 62
[t=0.0604144s, 18632 KB] g=50, 1545 evaluated, 82 expanded
[t=0.0613813s, 18632 KB] New best heuristic value for add: 61
[t=0.0614279s, 18632 KB] g=52, 1584 evaluated, 88 expanded
[t=0.0619351s, 18632 KB] New best heuristic value for add: 60
[t=0.0619794s, 18632 KB] g=52, 1605 evaluated, 88 expanded
[t=0.0626743s, 18632 KB] New best heuristic value for add: 59
[t=0.0627192s, 18632 KB] g=53, 1634 evaluated, 89 expanded
[t=0.0640504s, 18632 KB] New best heuristic value for add: 58
[t=0.0641094s, 18632 KB] g=55, 1692 evaluated, 92 expanded
[t=0.0643427s, 18632 KB] New best heuristic value for add: 57
[t=0.0643856s, 18632 KB] g=56, 1700 evaluated, 93 expanded
[t=0.0655327s, 18632 KB] New best heuristic value for add: 56
[t=0.0655796s, 18632 KB] g=57, 1750 evaluated, 94 expanded
[t=0.0658205s, 18632 KB] New best heuristic value for add: 55
[t=0.0658635s, 18632 KB] g=58, 1759 evaluated, 95 expanded
[t=0.0670318s, 18632 KB] New best heuristic value for add: 54
[t=0.0670782s, 18632 KB] g=59, 1808 evaluated, 99 expanded
[t=0.0672105s, 18632 KB] New best heuristic value for add: 53
[t=0.0672531s, 18632 KB] g=60, 1812 evaluated, 100 expanded
[t=0.0685318s, 18632 KB] New best heuristic value for add: 52
[t=0.0685815s, 18632 KB] g=61, 1867 evaluated, 104 expanded
[t=0.0689562s, 18632 KB] New best heuristic value for add: 51
[t=0.0689998s, 18632 KB] g=62, 1882 evaluated, 105 expanded
[t=0.0700254s, 18632 KB] New best heuristic value for add: 50
[t=0.0700717s, 18632 KB] g=63, 1926 evaluated, 109 expanded
[t=0.0706329s, 18632 KB] New best heuristic value for add: 49
[t=0.0706804s, 18632 KB] g=64, 1942 evaluated, 110 expanded
[t=0.0716682s, 18632 KB] New best heuristic value for add: 48
[t=0.0717161s, 18632 KB] g=65, 1984 evaluated, 114 expanded
[t=0.0721355s, 18632 KB] New best heuristic value for add: 47
[t=0.0721796s, 18632 KB] g=66, 2002 evaluated, 115 expanded
[t=0.0731462s, 18632 KB] New best heuristic value for add: 46
[t=0.0731925s, 18632 KB] g=67, 2042 evaluated, 122 expanded
[t=0.0736923s, 18632 KB] New best heuristic value for add: 45
[t=0.0737385s, 18632 KB] g=68, 2063 evaluated, 123 expanded
[t=0.0746397s, 18632 KB] New best heuristic value for add: 44
[t=0.0746871s, 18632 KB] g=69, 2100 evaluated, 130 expanded
[t=0.0751727s, 18632 KB] New best heuristic value for add: 43
[t=0.0752164s, 18632 KB] g=70, 2121 evaluated, 131 expanded
[t=0.076096s, 18632 KB] New best heuristic value for add: 42
[t=0.076143s, 18632 KB] g=71, 2158 evaluated, 138 expanded
[t=0.076646s, 18632 KB] New best heuristic value for add: 41
[t=0.0766912s, 18632 KB] g=72, 2179 evaluated, 139 expanded
[t=0.0775728s, 18632 KB] New best heuristic value for add: 40
[t=0.0776194s, 18632 KB] g=73, 2216 evaluated, 144 expanded
[t=0.0777493s, 18632 KB] New best heuristic value for add: 39
[t=0.0777919s, 18632 KB] g=74, 2220 evaluated, 145 expanded
[t=0.0789992s, 18632 KB] New best heuristic value for add: 38
[t=0.0790459s, 18632 KB] g=75, 2274 evaluated, 150 expanded
[t=0.0795431s, 18632 KB] New best heuristic value for add: 37
[t=0.0795884s, 18632 KB] g=76, 2295 evaluated, 151 expanded
[t=0.0804534s, 18632 KB] New best heuristic value for add: 36
[t=0.0805007s, 18632 KB] g=77, 2332 evaluated, 156 expanded
[t=0.0806294s, 18632 KB] New best heuristic value for add: 35
[t=0.0806713s, 18632 KB] g=78, 2336 evaluated, 157 expanded
[t=0.0818993s, 18632 KB] New best heuristic value for add: 34
[t=0.0819485s, 18632 KB] g=79, 2391 evaluated, 162 expanded
[t=0.0824504s, 18632 KB] New best heuristic value for add: 33
[t=0.0824952s, 18632 KB] g=80, 2413 evaluated, 163 expanded
[t=0.0833408s, 18632 KB] New best heuristic value for add: 32
[t=0.0833873s, 18632 KB] g=81, 2450 evaluated, 168 expanded
[t=0.083868s, 18632 KB] New best heuristic value for add: 31
[t=0.0839116s, 18632 KB] g=82, 2471 evaluated, 169 expanded
[t=0.0847175s, 18632 KB] New best heuristic value for add: 30
[t=0.0847629s, 18632 KB] g=83, 2508 evaluated, 170 expanded
[t=0.0852344s, 18632 KB] New best heuristic value for add: 29
[t=0.085279s, 18632 KB] g=84, 2529 evaluated, 171 expanded
[t=0.0861167s, 18632 KB] New best heuristic value for add: 28
[t=0.0861641s, 18632 KB] g=85, 2566 evaluated, 175 expanded
[t=0.0866456s, 18632 KB] New best heuristic value for add: 27
[t=0.0866895s, 18632 KB] g=86, 2588 evaluated, 176 expanded
[t=0.0874962s, 18632 KB] New best heuristic value for add: 26
[t=0.0875419s, 18632 KB] g=87, 2624 evaluated, 180 expanded
[t=0.0880302s, 18632 KB] New best heuristic value for add: 25
[t=0.088076s, 18632 KB] g=88, 2646 evaluated, 181 expanded
[t=0.0888802s, 18632 KB] New best heuristic value for add: 24
[t=0.0889263s, 18632 KB] g=89, 2682 evaluated, 187 expanded
[t=0.0894128s, 18632 KB] New best heuristic value for add: 23
[t=0.0894588s, 18632 KB] g=90, 2704 evaluated, 188 expanded
[t=0.0902301s, 18632 KB] New best heuristic value for add: 22
[t=0.0902752s, 18632 KB] g=91, 2740 evaluated, 189 expanded
[t=0.0907507s, 18632 KB] New best heuristic value for add: 21
[t=0.0907949s, 18632 KB] g=92, 2762 evaluated, 190 expanded
[t=0.0916079s, 18632 KB] New best heuristic value for add: 20
[t=0.0916541s, 18632 KB] g=93, 2799 evaluated, 195 expanded
[t=0.0921702s, 18632 KB] New best heuristic value for add: 19
[t=0.0922146s, 18632 KB] g=94, 2823 evaluated, 196 expanded
[t=0.0929829s, 18632 KB] New best heuristic value for add: 18
[t=0.093029s, 18632 KB] g=95, 2858 evaluated, 201 expanded
[t=0.0935268s, 18632 KB] New best heuristic value for add: 17
[t=0.0935708s, 18632 KB] g=96, 2881 evaluated, 202 expanded
[t=0.0943267s, 18632 KB] New best heuristic value for add: 16
[t=0.0943704s, 18632 KB] g=97, 2916 evaluated, 205 expanded
[t=0.09486s, 18632 KB] New best heuristic value for add: 15
[t=0.0949041s, 18632 KB] g=98, 2939 evaluated, 206 expanded
[t=0.0956631s, 18632 KB] New best heuristic value for add: 14
[t=0.0957082s, 18632 KB] g=99, 2974 evaluated, 210 expanded
[t=0.0961895s, 18632 KB] New best heuristic value for add: 13
[t=0.0962324s, 18632 KB] g=100, 2997 evaluated, 211 expanded
[t=0.0969994s, 18632 KB] New best heuristic value for add: 12
[t=0.0970446s, 18632 KB] g=101, 3033 evaluated, 215 expanded
[t=0.0975374s, 18632 KB] New best heuristic value for add: 11
[t=0.0975813s, 18632 KB] g=102, 3056 evaluated, 216 expanded
[t=0.0983357s, 18632 KB] New best heuristic value for add: 10
[t=0.0983813s, 18632 KB] g=103, 3092 evaluated, 219 expanded
[t=0.0988683s, 18632 KB] New best heuristic value for add: 9
[t=0.0989117s, 18632 KB] g=104, 3115 evaluated, 220 expanded
[t=0.0996694s, 18632 KB] New best heuristic value for add: 8
[t=0.0997144s, 18632 KB] g=105, 3151 evaluated, 223 expanded
[t=0.100187s, 18632 KB] New best heuristic value for add: 7
[t=0.10023s, 18632 KB] g=106, 3174 evaluated, 224 expanded
[t=0.100976s, 18632 KB] New best heuristic value for add: 6
[t=0.101022s, 18632 KB] g=107, 3210 evaluated, 227 expanded
[t=0.101511s, 18632 KB] New best heuristic value for add: 5
[t=0.101554s, 18632 KB] g=108, 3233 evaluated, 228 expanded
[t=0.102295s, 18632 KB] New best heuristic value for add: 4
[t=0.102339s, 18632 KB] g=109, 3269 evaluated, 230 expanded
[t=0.102823s, 18632 KB] New best heuristic value for add: 3
[t=0.102866s, 18632 KB] g=110, 3293 evaluated, 231 expanded
[t=0.103574s, 18632 KB] New best heuristic value for add: 2
[t=0.103618s, 18632 KB] g=111, 3328 evaluated, 233 expanded
[t=0.104088s, 18632 KB] New best heuristic value for add: 1
[t=0.104131s, 18632 KB] g=112, 3351 evaluated, 234 expanded
[t=0.104802s, 18632 KB] New best heuristic value for add: 0
[t=0.104846s, 18632 KB] g=113, 3386 evaluated, 235 expanded
[t=0.104887s, 18632 KB] Solution found!
[t=0.104939s, 18632 KB] Actual search time: 0.0865114s
up f0 f3 (1)
board f3 p11 (1)
down f3 f2 (1)
board f2 p5 (1)
up f2 f10 (1)
depart f10 p5 (1)
down f10 f4 (1)
board f4 p24 (1)
up f4 f12 (1)
board f12 p12 (1)
down f12 f8 (1)
board f8 p19 (1)
up f8 f19 (1)
board f19 p14 (1)
board f19 p16 (1)
up f19 f20 (1)
board f20 p28 (1)
up f20 f21 (1)
board f21 p8 (1)
board f21 p9 (1)
down f21 f5 (1)
depart f5 p9 (1)
up f5 f30 (1)
board f30 p22 (1)
up f30 f35 (1)
board f35 p7 (1)
up f35 f40 (1)
depart f40 p7 (1)
up f40 f48 (1)
board f48 p25 (1)
down f48 f3 (1)
depart f3 p25 (1)
up f3 f54 (1)
board f54 p1 (1)
board f54 p21 (1)
down f54 f1 (1)
board f1 p20 (1)
up f1 f10 (1)
depart f10 p20 (1)
down f10 f2 (1)
depart f2 p28 (1)
up f2 f12 (1)
depart f12 p16 (1)
down f12 f4 (1)
depart f4 p14 (1)
up f4 f13 (1)
board f13 p18 (1)
down f13 f7 (1)
board f7 p10 (1)
up f7 f16 (1)
board f16 p15 (1)
up f16 f29 (1)
depart f29 p15 (1)
down f29 f17 (1)
board f17 p0 (1)
down f17 f15 (1)
depart f15 p0 (1)
down f15 f9 (1)
depart f9 p12 (1)
up f9 f20 (1)
depart f20 p1 (1)
up f20 f22 (1)
board f22 p23 (1)
up f22 f24 (1)
depart f24 p10 (1)
up f24 f30 (1)
depart f30 p8 (1)
up f30 f31 (1)
depart f31 p22 (1)
up f31 f32 (1)
board f32 p13 (1)
down f32 f5 (1)
depart f5 p13 (1)
up f5 f34 (1)
board f34 p2 (1)
down f34 f8 (1)
depart f8 p2 (1)
up f8 f35 (1)
depart f35 p24 (1)
up f35 f39 (1)
board f39 p4 (1)
down f39 f27 (1)
depart f27 p4 (1)
up f27 f40 (1)
depart f40 p18 (1)
up f40 f43 (1)
depart f43 p23 (1)
up f43 f47 (1)
board f47 p6 (1)
down f47 f28 (1)
depart f28 p6 (1)
up f28 f48 (1)
depart f48 p21 (1)
up f48 f49 (1)
board f49 p17 (1)
down f49 f45 (1)
depart f45 p17 (1)
up f45 f50 (1)
depart f50 p11 (1)
up f50 f51 (1)
board f51 p26 (1)
down f51 f46 (1)
depart f46 p26 (1)
up f46 f52 (1)
depart f52 p19 (1)
up f52 f55 (1)
board f55 p27 (1)
down f55 f3 (1)
depart f3 p27 (1)
up f3 f56 (1)
board f56 p3 (1)
down f56 f29 (1)
depart f29 p3 (1)
[t=0.104984s, 18632 KB] Plan length: 113 step(s).
[t=0.104984s, 18632 KB] Plan cost: 113
[t=0.104984s, 18632 KB] Expanded 236 state(s).
[t=0.104984s, 18632 KB] Reopened 0 state(s).
[t=0.104984s, 18632 KB] Evaluated 3386 state(s).
[t=0.104984s, 18632 KB] Evaluations: 3386
[t=0.104984s, 18632 KB] Generated 13557 state(s).
[t=0.104984s, 18632 KB] Dead ends: 0 state(s).
[t=0.104984s, 18632 KB] Number of registered states: 3386
[t=0.104984s, 18632 KB] Int hash set load factor: 3386/4096 = 0.82666
[t=0.104984s, 18632 KB] Int hash set resizes: 12
[t=0.104984s, 18632 KB] mean number of q cost that have been adjusted 0 times in relation to total number of q: -1
[t=0.104984s, 18632 KB] mean number of q cost that have been adjusted 1 times in relation to total number of q: -1
[t=0.104984s, 18632 KB] mean number of q cost that have been adjusted 2 times in relation to total number of q: -1
[t=0.104984s, 18632 KB] mean number of q that are at some point overconsitent in relation to total number of q: -1
[t=0.104984s, 18632 KB] mean number of q that are at first underconsisten in relation to total number of q: -1
[t=0.104984s, 18632 KB] mean number of state variables that are not in common between two following states in relation to total number of state variables: -1
[t=0.104984s, 18632 KB] variance number of state variables that are not in common between two following states in relation to total number of state variables: -1
[t=0.104984s, 18632 KB] Search time: 0.086839s
[t=0.104984s, 18632 KB] Total time: 0.104984s
Solution found.
Peak memory: 18632 KB
Remove intermediate file output.sas
search exit code: 0

INFO     Running validate.
INFO     validate stdin: None
INFO     validate time limit: None
INFO     validate memory limit: None
INFO     validate command line string: validate domain.pddl problem.pddl sas_plan
