INFO     Running translator.
INFO     translator stdin: None
INFO     translator time limit: 1799.96s
INFO     translator memory limit: 3584 MB
INFO     translator command line string: /infai/weidan00/downward/experiments/bachelor/.venv/bin/python3 /infai/weidan00/downward/experiments/bachelor/data/bachelor-v1/code-7aa5f34_e5e41175/builds/release/bin/translate/translate.py domain.pddl problem.pddl --sas-file output.sas
Parsing...
Parsing: [0.010s CPU, 0.005s wall-clock]
Normalizing task... [0.000s CPU, 0.000s wall-clock]
Instantiating...
Generating Datalog program... [0.000s CPU, 0.001s wall-clock]
Normalizing Datalog program...
Normalizing Datalog program: [0.010s CPU, 0.010s wall-clock]
Preparing model... [0.000s CPU, 0.004s wall-clock]
Generated 126 rules.
Computing model... [0.130s CPU, 0.122s wall-clock]
4153 relevant atoms
5664 auxiliary atoms
9817 final queue length
24684 total queue pushes
Completing instantiation... [0.310s CPU, 0.313s wall-clock]
Instantiating: [0.450s CPU, 0.453s wall-clock]
Computing fact groups...
Finding invariants...
22 initial candidates
Finding invariants: [0.040s CPU, 0.035s wall-clock]
Checking invariant weight... [0.000s CPU, 0.000s wall-clock]
Instantiating groups... [0.000s CPU, 0.003s wall-clock]
Collecting mutex groups... [0.000s CPU, 0.000s wall-clock]
Choosing groups...
36 uncovered facts
Choosing groups: [0.000s CPU, 0.001s wall-clock]
Building translation key... [0.000s CPU, 0.001s wall-clock]
Computing fact groups: [0.040s CPU, 0.042s wall-clock]
Building STRIPS to SAS dictionary... [0.000s CPU, 0.000s wall-clock]
Building dictionary for full mutex groups... [0.000s CPU, 0.000s wall-clock]
Building mutex information...
Building mutex information: [0.000s CPU, 0.000s wall-clock]
Translating task...
Processing axioms...
Simplifying axioms... [0.000s CPU, 0.000s wall-clock]
Processing axioms: [0.010s CPU, 0.012s wall-clock]
Translating task: [0.220s CPU, 0.218s wall-clock]
1312 effect conditions simplified
0 implied preconditions added
Detecting unreachable propositions...
0 operators removed
0 axioms removed
46 propositions removed
Detecting unreachable propositions: [0.140s CPU, 0.130s wall-clock]
Reordering and filtering variables...
66 of 78 variables necessary.
3 of 45 mutex groups necessary.
3348 of 3348 operators necessary.
0 of 0 axiom rules necessary.
Reordering and filtering variables: [0.050s CPU, 0.049s wall-clock]
Translator variables: 66
Translator derived variables: 0
Translator facts: 320
Translator goal facts: 6
Translator mutex groups: 3
Translator total mutex groups size: 36
Translator operators: 3348
Translator axioms: 0
Translator task size: 31212
Translator peak memory: 168396 KB
Writing output... [0.040s CPU, 0.054s wall-clock]
Done! [0.960s CPU, 0.966s wall-clock]
translate exit code: 0

INFO     Running search (release).
INFO     search stdin: output.sas
INFO     search time limit: 1798.95s
INFO     search memory limit: 3584 MB
INFO     search command line string: /infai/weidan00/downward/experiments/bachelor/data/bachelor-v1/code-7aa5f34_e5e41175/builds/release/bin/downward --search 'eager_wastar([add()], w=2)' --internal-plan-file sas_plan < output.sas
[t=5.9107e-05s, 17204 KB] reading input...
[t=0.0274558s, 18588 KB] done reading input!
[t=0.0315435s, 19748 KB] Simplifying 14044 unary operators... done! [14044 unary operators]
[t=0.0527475s, 20940 KB] time to simplify: 0.021302s
[t=0.0539734s, 20940 KB] Initializing additive heuristic...
[t=0.0541711s, 20940 KB] Building successor generator...done!
[t=0.0567017s, 20940 KB] peak memory difference for successor generator creation: 0 KB
[t=0.0567471s, 20940 KB] time for successor generation creation: 0.00238273s
[t=0.0568269s, 20940 KB] Variables: 66
[t=0.0568669s, 20940 KB] FactPairs: 320
[t=0.0569064s, 20940 KB] Bytes per state: 16
[t=0.0570665s, 20940 KB] Conducting best first search with reopening closed nodes, (real) bound = 2147483647
[t=0.0573901s, 20940 KB] New best heuristic value for add: 42
[t=0.0574451s, 20940 KB] g=0, 1 evaluated, 0 expanded
[t=0.057497s, 20940 KB] Initial heuristic value for add: 42
[t=0.0575386s, 20940 KB] pruning method: none
[t=0.0581219s, 20940 KB] New best heuristic value for add: 38
[t=0.0581754s, 20940 KB] g=1, 4 evaluated, 1 expanded
[t=0.0996364s, 20940 KB] New best heuristic value for add: 37
[t=0.0997341s, 20940 KB] g=3, 265 evaluated, 37 expanded
[t=0.187036s, 20940 KB] New best heuristic value for add: 36
[t=0.187134s, 20940 KB] g=7, 844 evaluated, 96 expanded
[t=0.95357s, 20940 KB] New best heuristic value for add: 34
[t=0.953672s, 20940 KB] g=9, 5863 evaluated, 898 expanded, 3 reopened
[t=6.60435s, 22332 KB] New best heuristic value for add: 33
[t=6.60446s, 22332 KB] g=12, 41408 evaluated, 11180 expanded, 3307 reopened
[t=11.9777s, 24312 KB] New best heuristic value for add: 31
[t=11.9778s, 24312 KB] g=13, 75690 evaluated, 18733 expanded, 4872 reopened
[t=11.9782s, 24312 KB] New best heuristic value for add: 29
[t=11.9782s, 24312 KB] g=13, 75692 evaluated, 18733 expanded, 4872 reopened
[t=11.9818s, 24312 KB] New best heuristic value for add: 27
[t=11.9819s, 24312 KB] g=15, 75716 evaluated, 18737 expanded, 4872 reopened
[t=12.0203s, 24312 KB] New best heuristic value for add: 24
[t=12.0204s, 24312 KB] g=18, 75982 evaluated, 18775 expanded, 4872 reopened
[t=12.0218s, 24312 KB] New best heuristic value for add: 23
[t=12.0219s, 24312 KB] g=19, 75992 evaluated, 18776 expanded, 4872 reopened
[t=12.0282s, 24312 KB] New best heuristic value for add: 18
[t=12.0283s, 24312 KB] g=21, 76040 evaluated, 18782 expanded, 4872 reopened
[t=12.0478s, 24312 KB] New best heuristic value for add: 16
[t=12.0479s, 24312 KB] g=27, 76188 evaluated, 18804 expanded, 4872 reopened
[t=12.0508s, 24312 KB] New best heuristic value for add: 15
[t=12.0509s, 24312 KB] g=28, 76211 evaluated, 18805 expanded, 4872 reopened
[t=12.0521s, 24312 KB] New best heuristic value for add: 12
[t=12.0521s, 24312 KB] g=28, 76221 evaluated, 18805 expanded, 4872 reopened
[t=12.0533s, 24312 KB] New best heuristic value for add: 11
[t=12.0533s, 24312 KB] g=29, 76230 evaluated, 18806 expanded, 4872 reopened
[t=12.0548s, 24312 KB] New best heuristic value for add: 10
[t=12.0549s, 24312 KB] g=30, 76243 evaluated, 18807 expanded, 4872 reopened
[t=315.383s, 153408 KB] New best heuristic value for add: 9
[t=315.384s, 153408 KB] g=38, 2571911 evaluated, 855709 expanded, 154258 reopened
[t=315.384s, 153408 KB] New best heuristic value for add: 6
[t=315.384s, 153408 KB] g=39, 2571916 evaluated, 855710 expanded, 154258 reopened
[t=315.385s, 153408 KB] New best heuristic value for add: 5
[t=315.385s, 153408 KB] g=40, 2571922 evaluated, 855711 expanded, 154258 reopened
[t=315.386s, 153408 KB] New best heuristic value for add: 3
[t=315.386s, 153408 KB] g=41, 2571928 evaluated, 855712 expanded, 154258 reopened
[t=315.387s, 153408 KB] New best heuristic value for add: 2
[t=315.387s, 153408 KB] g=42, 2571939 evaluated, 855713 expanded, 154258 reopened
[t=316.081s, 153812 KB] New best heuristic value for add: 0
[t=316.081s, 153812 KB] g=46, 2580421 evaluated, 857487 expanded, 154258 reopened
[t=316.081s, 153812 KB] Solution found!
[t=316.081s, 153812 KB] Actual search time: 316.023s
pop-unitarypipe s34 b3 a3 a4 b4 gasoleo rat-a ta3-1-rat-a ta4-1-gasoleo (1)
pop-start s12 b2 a1 a2 b0 rat-a lco ta2-1-rat-a (1)
pop-end s12 a1 a2 b5 b0 oca1 ta1-1-oca1 (1)
push-start s12 b6 a1 a2 b0 rat-a lco ta1-1-rat-a (1)
push-end s12 a1 a2 b2 b0 rat-a ta2-1-rat-a (1)
pop-unitarypipe s34 b8 a3 a4 b3 oca1 gasoleo ta3-1-gasoleo ta4-1-oca1 (1)
pop-unitarypipe s34 b10 a3 a4 b8 oc1b oca1 ta3-1-oca1 ta4-1-oc1b (1)
pop-start s13 b8 a1 a3 b9 oca1 gasoleo ta3-1-oca1 (1)
pop-end s13 a1 a3 b7 b9 lco ta1-1-lco (1)
push-start s12 b7 a1 a2 b6 lco rat-a ta1-1-lco (1)
push-end s12 a1 a2 b0 b6 lco ta2-1-lco (1)
pop-start s12 b2 a1 a2 b6 rat-a rat-a ta2-1-rat-a (1)
pop-end s12 a1 a2 b7 b6 rat-a ta1-1-rat-a (1)
pop-start s12 b11 a1 a2 b2 gasoleo rat-a ta2-1-gasoleo (1)
pop-end s12 a1 a2 b6 b2 oc1b ta1-1-oc1b (1)
pop-start s12 b0 a1 a2 b11 lco gasoleo ta2-1-lco (1)
pop-end s12 a1 a2 b2 b11 rat-a ta1-2-rat-a (1)
push-start s13 b2 a1 a3 b9 rat-a gasoleo ta1-1-rat-a (1)
push-end s13 a1 a3 b8 b9 oca1 ta3-1-oca1 (1)
push-start s12 b6 a1 a2 b11 rat-a gasoleo ta1-2-rat-a (1)
push-end s12 a1 a2 b0 b11 lco ta2-1-lco (1)
push-start s13 b1 a1 a3 b2 gasoleo rat-a ta1-1-gasoleo (1)
push-end s13 a1 a3 b9 b2 gasoleo ta3-2-gasoleo (1)
push-unitarypipe s34 b9 a3 a4 b10 gasoleo oc1b ta3-1-gasoleo ta4-1-oc1b (1)
push-start s13 b5 a1 a3 b1 oc1b gasoleo ta1-1-oc1b (1)
push-end s13 a1 a3 b2 b1 rat-a ta3-2-rat-a (1)
pop-start s13 b8 a1 a3 b1 oca1 gasoleo ta3-1-oca1 (1)
pop-end s13 a1 a3 b5 b1 lco ta1-1-lco (1)
push-unitarypipe s34 b2 a3 a4 b9 rat-a gasoleo ta3-1-rat-a ta4-1-gasoleo (1)
push-unitarypipe s34 b4 a3 a4 b2 rat-a rat-a ta3-2-rat-a ta4-1-rat-a (1)
pop-unitarypipe s34 b9 a3 a4 b4 gasoleo rat-a ta3-1-rat-a ta4-1-gasoleo (1)
pop-unitarypipe s34 b10 a3 a4 b9 oc1b gasoleo ta3-1-gasoleo ta4-1-oc1b (1)
pop-start s13 b9 a1 a3 b8 gasoleo oca1 ta3-1-gasoleo (1)
pop-end s13 a1 a3 b1 b8 gasoleo ta1-1-gasoleo (1)
push-start s12 b1 a1 a2 b6 gasoleo rat-a ta1-1-gasoleo (1)
push-end s12 a1 a2 b11 b6 gasoleo ta2-1-gasoleo (1)
push-start s12 b7 a1 a2 b1 lco gasoleo ta1-1-lco (1)
push-end s12 a1 a2 b6 b1 rat-a ta2-1-rat-a (1)
pop-start s12 b11 a1 a2 b1 gasoleo gasoleo ta2-1-gasoleo (1)
pop-end s12 a1 a2 b7 b1 oc1b ta1-1-oc1b (1)
pop-start s12 b0 a1 a2 b11 lco gasoleo ta2-1-lco (1)
pop-end s12 a1 a2 b1 b11 lco ta1-1-lco (1)
pop-start s12 b6 a1 a2 b0 rat-a lco ta2-1-rat-a (1)
pop-end s12 a1 a2 b11 b0 rat-a ta1-1-rat-a (1)
push-start s12 b5 a1 a2 b0 oc1b lco ta1-1-oc1b (1)
push-end s12 a1 a2 b6 b0 rat-a ta2-1-rat-a (1)
[t=316.081s, 153812 KB] Plan length: 46 step(s).
[t=316.081s, 153812 KB] Plan cost: 46
[t=316.081s, 153812 KB] Expanded 857488 state(s).
[t=316.081s, 153812 KB] Reopened 154258 state(s).
[t=316.081s, 153812 KB] Evaluated 2580425 state(s).
[t=316.081s, 153812 KB] Evaluations: 2580425
[t=316.081s, 153812 KB] Generated 7928102 state(s).
[t=316.081s, 153812 KB] Dead ends: 0 state(s).
[t=316.081s, 153812 KB] Number of registered states: 2580425
[t=316.081s, 153812 KB] Int hash set load factor: 2580425/4194304 = 0.615221
[t=316.081s, 153812 KB] Int hash set resizes: 22
[t=316.081s, 153812 KB] mean number of q cost that have been adjusted 0 times in relation to total number of q: -1
[t=316.081s, 153812 KB] mean number of q cost that have been adjusted 1 times in relation to total number of q: -1
[t=316.081s, 153812 KB] mean number of q cost that have been adjusted 2 times in relation to total number of q: -1
[t=316.081s, 153812 KB] mean number of q that are at some point overconsitent in relation to total number of q: -1
[t=316.081s, 153812 KB] mean number of q that are at first underconsisten in relation to total number of q: -1
[t=316.081s, 153812 KB] mean number of state variables that are not in common between two following states in relation to total number of state variables: -1
[t=316.081s, 153812 KB] variance number of state variables that are not in common between two following states in relation to total number of state variables: -1
[t=316.081s, 153812 KB] Search time: 316.024s
[t=316.081s, 153812 KB] Total time: 316.081s
Solution found.
Peak memory: 153812 KB
Remove intermediate file output.sas
search exit code: 0

INFO     Running validate.
INFO     validate stdin: None
INFO     validate time limit: None
INFO     validate memory limit: None
INFO     validate command line string: validate domain.pddl problem.pddl sas_plan
