INFO     Running translator.
INFO     translator stdin: None
INFO     translator time limit: 1799.95s
INFO     translator memory limit: 3584 MB
INFO     translator command line string: /infai/weidan00/downward/experiments/bachelor/.venv/bin/python3 /infai/weidan00/downward/experiments/bachelor/data/bachelor-v1/code-7aa5f34_e5e41175/builds/release/bin/translate/translate.py domain.pddl problem.pddl --sas-file output.sas
Parsing...
Parsing: [0.010s CPU, 0.008s wall-clock]
Normalizing task... [0.000s CPU, 0.000s wall-clock]
Instantiating...
Generating Datalog program... [0.000s CPU, 0.002s wall-clock]
Normalizing Datalog program...
Normalizing Datalog program: [0.000s CPU, 0.002s wall-clock]
Preparing model... [0.010s CPU, 0.010s wall-clock]
Generated 26 rules.
Computing model... [0.050s CPU, 0.046s wall-clock]
2941 relevant atoms
2247 auxiliary atoms
5188 final queue length
6869 total queue pushes
Completing instantiation... [0.050s CPU, 0.056s wall-clock]
Instantiating: [0.110s CPU, 0.119s wall-clock]
Computing fact groups...
Finding invariants...
6 initial candidates
Finding invariants: [0.000s CPU, 0.001s wall-clock]
Checking invariant weight... [0.000s CPU, 0.001s wall-clock]
Instantiating groups... [0.000s CPU, 0.000s wall-clock]
Collecting mutex groups... [0.000s CPU, 0.000s wall-clock]
Choosing groups...
42 uncovered facts
Choosing groups: [0.000s CPU, 0.000s wall-clock]
Building translation key... [0.000s CPU, 0.000s wall-clock]
Computing fact groups: [0.000s CPU, 0.004s wall-clock]
Building STRIPS to SAS dictionary... [0.000s CPU, 0.000s wall-clock]
Building dictionary for full mutex groups... [0.000s CPU, 0.000s wall-clock]
Building mutex information...
Building mutex information: [0.000s CPU, 0.000s wall-clock]
Translating task...
Processing axioms...
Simplifying axioms... [0.000s CPU, 0.000s wall-clock]
Processing axioms: [0.010s CPU, 0.002s wall-clock]
Translating task: [0.050s CPU, 0.045s wall-clock]
21 effect conditions simplified
0 implied preconditions added
Detecting unreachable propositions...
0 operators removed
0 axioms removed
1 propositions removed
Detecting unreachable propositions: [0.020s CPU, 0.025s wall-clock]
Reordering and filtering variables...
43 of 43 variables necessary.
0 of 1 mutex groups necessary.
1764 of 1764 operators necessary.
0 of 0 axiom rules necessary.
Reordering and filtering variables: [0.010s CPU, 0.006s wall-clock]
Translator variables: 43
Translator derived variables: 0
Translator facts: 126
Translator goal facts: 21
Translator mutex groups: 0
Translator total mutex groups size: 0
Translator operators: 1764
Translator axioms: 0
Translator task size: 5524
Translator peak memory: 147916 KB
Writing output... [0.010s CPU, 0.018s wall-clock]
Done! [0.210s CPU, 0.228s wall-clock]
translate exit code: 0

INFO     Running search (release).
INFO     search stdin: output.sas
INFO     search time limit: 1799.67s
INFO     search memory limit: 3584 MB
INFO     search command line string: /infai/weidan00/downward/experiments/bachelor/data/bachelor-v1/code-7aa5f34_e5e41175/builds/release/bin/downward --search 'eager_wastar([pinch()], w=2)' --internal-plan-file sas_plan < output.sas
[t=8.6476e-05s, 17204 KB] reading input...
[t=0.00858626s, 17512 KB] done reading input!
[t=0.0108556s, 17920 KB] Simplifying 1785 unary operators... done! [1785 unary operators]
[t=0.0116655s, 18052 KB] time to simplify: 0.000933249s
[t=0.0118664s, 18052 KB] Initializing pinch heuristic...
[t=0.0120221s, 18052 KB] Building successor generator...done!
[t=0.0124999s, 18116 KB] peak memory difference for successor generator creation: 64 KB
[t=0.0125407s, 18116 KB] time for successor generation creation: 0.00032838s
[t=0.0126035s, 18116 KB] Variables: 43
[t=0.0126435s, 18116 KB] FactPairs: 126
[t=0.0126831s, 18116 KB] Bytes per state: 8
[t=0.0128303s, 18116 KB] Conducting best first search with reopening closed nodes, (real) bound = 2147483647
[t=0.0130592s, 18116 KB] New best heuristic value for pinch: 83
[t=0.0131034s, 18116 KB] g=0, 1 evaluated, 0 expanded
[t=0.0131574s, 18116 KB] Initial heuristic value for pinch: 83
[t=0.0131986s, 18116 KB] pruning method: none
[t=0.0132559s, 18116 KB] New best heuristic value for pinch: 82
[t=0.0133037s, 18116 KB] g=1, 2 evaluated, 1 expanded
[t=0.0135491s, 18116 KB] New best heuristic value for pinch: 81
[t=0.0135934s, 18116 KB] g=1, 26 evaluated, 1 expanded
[t=0.0137846s, 18116 KB] New best heuristic value for pinch: 80
[t=0.013828s, 18116 KB] g=2, 44 evaluated, 2 expanded
[t=0.0141596s, 18116 KB] New best heuristic value for pinch: 79
[t=0.0142097s, 18116 KB] g=3, 79 evaluated, 3 expanded
[t=0.0143121s, 18116 KB] New best heuristic value for pinch: 78
[t=0.0143541s, 18116 KB] g=4, 86 evaluated, 4 expanded
[t=0.0147308s, 18116 KB] New best heuristic value for pinch: 77
[t=0.0147753s, 18116 KB] g=6, 128 evaluated, 6 expanded
[t=0.0148458s, 18116 KB] New best heuristic value for pinch: 76
[t=0.0148869s, 18116 KB] g=7, 130 evaluated, 7 expanded
[t=0.015268s, 18116 KB] New best heuristic value for pinch: 75
[t=0.0153122s, 18116 KB] g=8, 172 evaluated, 8 expanded
[t=0.0154399s, 18116 KB] New best heuristic value for pinch: 74
[t=0.0154825s, 18116 KB] g=8, 183 evaluated, 8 expanded
[t=0.0157572s, 18116 KB] New best heuristic value for pinch: 73
[t=0.0158002s, 18116 KB] g=9, 213 evaluated, 9 expanded
[t=0.015857s, 18116 KB] New best heuristic value for pinch: 72
[t=0.0158987s, 18116 KB] g=10, 215 evaluated, 10 expanded
[t=0.0162992s, 18116 KB] New best heuristic value for pinch: 71
[t=0.016343s, 18116 KB] g=11, 257 evaluated, 11 expanded
[t=0.0164789s, 18116 KB] New best heuristic value for pinch: 70
[t=0.0165203s, 18116 KB] g=11, 269 evaluated, 11 expanded
[t=0.0167963s, 18116 KB] New best heuristic value for pinch: 69
[t=0.0168386s, 18116 KB] g=12, 298 evaluated, 12 expanded
[t=0.0169969s, 18116 KB] New best heuristic value for pinch: 68
[t=0.0170395s, 18116 KB] g=13, 312 evaluated, 13 expanded
[t=0.0173025s, 18116 KB] New best heuristic value for pinch: 67
[t=0.0173453s, 18116 KB] g=14, 340 evaluated, 14 expanded
[t=0.0175348s, 18116 KB] New best heuristic value for pinch: 66
[t=0.0175768s, 18116 KB] g=15, 358 evaluated, 15 expanded
[t=0.0178065s, 18116 KB] New best heuristic value for pinch: 65
[t=0.0178536s, 18116 KB] g=16, 382 evaluated, 16 expanded
[t=0.0180946s, 18116 KB] New best heuristic value for pinch: 64
[t=0.0181366s, 18116 KB] g=17, 407 evaluated, 17 expanded
[t=0.0183134s, 18116 KB] New best heuristic value for pinch: 63
[t=0.0183559s, 18116 KB] g=18, 424 evaluated, 18 expanded
[t=0.018602s, 18116 KB] New best heuristic value for pinch: 62
[t=0.0186436s, 18116 KB] g=19, 450 evaluated, 19 expanded
[t=0.0188145s, 18116 KB] New best heuristic value for pinch: 61
[t=0.018857s, 18116 KB] g=20, 466 evaluated, 20 expanded
[t=0.0191128s, 18116 KB] New best heuristic value for pinch: 60
[t=0.0191562s, 18116 KB] g=21, 493 evaluated, 21 expanded
[t=0.0193188s, 18116 KB] New best heuristic value for pinch: 59
[t=0.0193607s, 18116 KB] g=22, 508 evaluated, 22 expanded
[t=0.0194184s, 18116 KB] New best heuristic value for pinch: 58
[t=0.019459s, 18116 KB] g=23, 510 evaluated, 23 expanded
[t=0.0198863s, 18116 KB] New best heuristic value for pinch: 57
[t=0.0199314s, 18116 KB] g=24, 552 evaluated, 24 expanded
[t=0.0201945s, 18116 KB] New best heuristic value for pinch: 56
[t=0.0202372s, 18116 KB] g=24, 581 evaluated, 24 expanded
[t=0.0203854s, 18116 KB] New best heuristic value for pinch: 55
[t=0.0204282s, 18116 KB] g=25, 593 evaluated, 25 expanded
[t=0.0207502s, 18116 KB] New best heuristic value for pinch: 54
[t=0.020793s, 18116 KB] g=26, 628 evaluated, 26 expanded
[t=0.0209077s, 18116 KB] New best heuristic value for pinch: 53
[t=0.0209491s, 18116 KB] g=27, 636 evaluated, 27 expanded
[t=0.0212709s, 18116 KB] New best heuristic value for pinch: 52
[t=0.0213142s, 18116 KB] g=28, 673 evaluated, 28 expanded
[t=0.0214141s, 18116 KB] New best heuristic value for pinch: 51
[t=0.0214628s, 18116 KB] g=29, 679 evaluated, 29 expanded
[t=0.0218158s, 18116 KB] New best heuristic value for pinch: 50
[t=0.0218586s, 18116 KB] g=30, 719 evaluated, 30 expanded
[t=0.0219194s, 18116 KB] New best heuristic value for pinch: 49
[t=0.0219602s, 18116 KB] g=31, 721 evaluated, 31 expanded
[t=0.0223468s, 18116 KB] New best heuristic value for pinch: 48
[t=0.0223909s, 18116 KB] g=32, 764 evaluated, 32 expanded
[t=0.0224444s, 18116 KB] New best heuristic value for pinch: 47
[t=0.0224862s, 18116 KB] g=33, 765 evaluated, 33 expanded
[t=0.0228449s, 18116 KB] New best heuristic value for pinch: 46
[t=0.0228879s, 18116 KB] g=34, 806 evaluated, 34 expanded
[t=0.0229554s, 18116 KB] New best heuristic value for pinch: 45
[t=0.0229962s, 18116 KB] g=35, 808 evaluated, 35 expanded
[t=0.0233549s, 18116 KB] New best heuristic value for pinch: 44
[t=0.0233991s, 18116 KB] g=36, 848 evaluated, 36 expanded
[t=0.023484s, 18116 KB] New best heuristic value for pinch: 43
[t=0.0235253s, 18116 KB] g=37, 852 evaluated, 37 expanded
[t=0.023935s, 18116 KB] New best heuristic value for pinch: 42
[t=0.02398s, 18116 KB] g=38, 890 evaluated, 38 expanded
[t=0.0240807s, 18116 KB] New best heuristic value for pinch: 41
[t=0.0241278s, 18116 KB] g=39, 897 evaluated, 39 expanded
[t=0.0244457s, 18116 KB] New best heuristic value for pinch: 40
[t=0.0244902s, 18116 KB] g=40, 932 evaluated, 40 expanded
[t=0.0246179s, 18116 KB] New best heuristic value for pinch: 39
[t=0.0246602s, 18116 KB] g=41, 942 evaluated, 41 expanded
[t=0.0249614s, 18116 KB] New best heuristic value for pinch: 38
[t=0.0250034s, 18116 KB] g=42, 974 evaluated, 42 expanded
[t=0.0251466s, 18116 KB] New best heuristic value for pinch: 37
[t=0.0251885s, 18116 KB] g=43, 986 evaluated, 43 expanded
[t=0.0254661s, 18116 KB] New best heuristic value for pinch: 36
[t=0.0255088s, 18116 KB] g=44, 1016 evaluated, 44 expanded
[t=0.0256629s, 18116 KB] New best heuristic value for pinch: 35
[t=0.0257049s, 18116 KB] g=45, 1029 evaluated, 45 expanded
[t=0.0260017s, 18116 KB] New best heuristic value for pinch: 34
[t=0.0260455s, 18116 KB] g=46, 1058 evaluated, 46 expanded
[t=0.0262123s, 18116 KB] New best heuristic value for pinch: 33
[t=0.026255s, 18116 KB] g=47, 1074 evaluated, 47 expanded
[t=0.026504s, 18116 KB] New best heuristic value for pinch: 32
[t=0.0265466s, 18116 KB] g=48, 1100 evaluated, 48 expanded
[t=0.0267447s, 18116 KB] New best heuristic value for pinch: 31
[t=0.0267872s, 18116 KB] g=49, 1119 evaluated, 49 expanded
[t=0.0270392s, 18116 KB] New best heuristic value for pinch: 30
[t=0.027083s, 18116 KB] g=50, 1142 evaluated, 51 expanded
[t=0.0272202s, 18116 KB] New best heuristic value for pinch: 29
[t=0.0272623s, 18116 KB] g=51, 1154 evaluated, 52 expanded
[t=0.0275537s, 18116 KB] New best heuristic value for pinch: 28
[t=0.0275971s, 18116 KB] g=52, 1184 evaluated, 54 expanded
[t=0.0277345s, 18116 KB] New best heuristic value for pinch: 27
[t=0.0277824s, 18116 KB] g=53, 1196 evaluated, 55 expanded
[t=0.0280758s, 18116 KB] New best heuristic value for pinch: 26
[t=0.0281195s, 18116 KB] g=54, 1226 evaluated, 57 expanded
[t=0.0282588s, 18116 KB] New best heuristic value for pinch: 25
[t=0.0283008s, 18116 KB] g=55, 1238 evaluated, 58 expanded
[t=0.0286002s, 18116 KB] New best heuristic value for pinch: 24
[t=0.0286434s, 18116 KB] g=56, 1269 evaluated, 60 expanded
[t=0.028789s, 18116 KB] New best heuristic value for pinch: 23
[t=0.0288307s, 18116 KB] g=57, 1282 evaluated, 61 expanded
[t=0.0291267s, 18116 KB] New best heuristic value for pinch: 22
[t=0.0291695s, 18116 KB] g=58, 1313 evaluated, 63 expanded
[t=0.0293092s, 18116 KB] New best heuristic value for pinch: 21
[t=0.0293528s, 18116 KB] g=59, 1326 evaluated, 64 expanded
[t=0.029653s, 18116 KB] New best heuristic value for pinch: 20
[t=0.0296971s, 18116 KB] g=60, 1357 evaluated, 66 expanded
[t=0.0298373s, 18116 KB] New best heuristic value for pinch: 19
[t=0.0298794s, 18116 KB] g=61, 1370 evaluated, 67 expanded
[t=0.030164s, 18116 KB] New best heuristic value for pinch: 18
[t=0.0302064s, 18116 KB] g=62, 1400 evaluated, 69 expanded
[t=0.0303487s, 18116 KB] New best heuristic value for pinch: 17
[t=0.03039s, 18116 KB] g=63, 1412 evaluated, 70 expanded
[t=0.0306911s, 18116 KB] New best heuristic value for pinch: 16
[t=0.0307349s, 18116 KB] g=64, 1443 evaluated, 72 expanded
[t=0.0308733s, 18116 KB] New best heuristic value for pinch: 15
[t=0.0309155s, 18116 KB] g=65, 1456 evaluated, 73 expanded
[t=0.0312061s, 18116 KB] New best heuristic value for pinch: 14
[t=0.0312495s, 18116 KB] g=66, 1486 evaluated, 75 expanded
[t=0.0313976s, 18116 KB] New best heuristic value for pinch: 13
[t=0.0314392s, 18116 KB] g=67, 1498 evaluated, 76 expanded
[t=0.0317324s, 18116 KB] New best heuristic value for pinch: 12
[t=0.0317753s, 18116 KB] g=68, 1528 evaluated, 78 expanded
[t=0.0319122s, 18116 KB] New best heuristic value for pinch: 11
[t=0.031955s, 18116 KB] g=69, 1540 evaluated, 79 expanded
[t=0.0322513s, 18116 KB] New best heuristic value for pinch: 10
[t=0.0322955s, 18116 KB] g=70, 1571 evaluated, 81 expanded
[t=0.0324369s, 18116 KB] New best heuristic value for pinch: 9
[t=0.032479s, 18116 KB] g=71, 1584 evaluated, 82 expanded
[t=0.0327705s, 18116 KB] New best heuristic value for pinch: 8
[t=0.032814s, 18116 KB] g=72, 1614 evaluated, 85 expanded
[t=0.0329605s, 18116 KB] New best heuristic value for pinch: 7
[t=0.033002s, 18116 KB] g=73, 1626 evaluated, 86 expanded
[t=0.0333014s, 18116 KB] New best heuristic value for pinch: 6
[t=0.0333469s, 18116 KB] g=74, 1656 evaluated, 88 expanded
[t=0.0334839s, 18116 KB] New best heuristic value for pinch: 5
[t=0.0335257s, 18116 KB] g=75, 1668 evaluated, 89 expanded
[t=0.0338114s, 18116 KB] New best heuristic value for pinch: 4
[t=0.0338544s, 18116 KB] g=76, 1698 evaluated, 91 expanded
[t=0.0339996s, 18116 KB] New best heuristic value for pinch: 3
[t=0.0340414s, 18116 KB] g=77, 1710 evaluated, 92 expanded
[t=0.0343268s, 18116 KB] New best heuristic value for pinch: 2
[t=0.0343701s, 18116 KB] g=78, 1740 evaluated, 93 expanded
[t=0.0347296s, 18116 KB] New best heuristic value for pinch: 1
[t=0.0347732s, 18116 KB] g=79, 1781 evaluated, 94 expanded
[t=0.0348276s, 18116 KB] New best heuristic value for pinch: 0
[t=0.0348686s, 18116 KB] g=80, 1782 evaluated, 95 expanded
[t=0.0349105s, 18116 KB] Solution found!
[t=0.0349629s, 18116 KB] Actual search time: 0.0217739s
up f0 f30 (1)
board f30 p9 (1)
up f30 f35 (1)
board f35 p20 (1)
down f35 f1 (1)
board f1 p4 (1)
board f1 p8 (1)
up f1 f2 (1)
board f2 p3 (1)
board f2 p5 (1)
up f2 f20 (1)
depart f20 p20 (1)
down f20 f3 (1)
board f3 p17 (1)
up f3 f24 (1)
board f24 p7 (1)
up f24 f25 (1)
board f25 p14 (1)
up f25 f26 (1)
board f26 p10 (1)
up f26 f27 (1)
board f27 p18 (1)
board f27 p2 (1)
up f27 f30 (1)
depart f30 p2 (1)
up f30 f35 (1)
depart f35 p18 (1)
up f35 f36 (1)
depart f36 p7 (1)
up f36 f40 (1)
board f40 p19 (1)
depart f40 p10 (1)
down f40 f0 (1)
board f0 p13 (1)
up f0 f10 (1)
board f10 p16 (1)
down f10 f3 (1)
depart f3 p13 (1)
up f3 f13 (1)
board f13 p6 (1)
down f13 f6 (1)
depart f6 p19 (1)
up f6 f15 (1)
board f15 p12 (1)
down f15 f7 (1)
depart f7 p9 (1)
up f7 f18 (1)
board f18 p11 (1)
up f18 f20 (1)
depart f20 p6 (1)
up f20 f21 (1)
depart f21 p4 (1)
up f21 f23 (1)
depart f23 p5 (1)
up f23 f24 (1)
depart f24 p14 (1)
up f24 f25 (1)
depart f25 p16 (1)
up f25 f26 (1)
depart f26 p12 (1)
up f26 f28 (1)
board f28 p1 (1)
up f28 f30 (1)
depart f30 p1 (1)
up f30 f32 (1)
depart f32 p3 (1)
up f32 f33 (1)
depart f33 p8 (1)
up f33 f35 (1)
depart f35 p11 (1)
up f35 f37 (1)
board f37 p0 (1)
down f37 f36 (1)
depart f36 p0 (1)
up f36 f39 (1)
board f39 p15 (1)
down f39 f19 (1)
depart f19 p15 (1)
up f19 f41 (1)
depart f41 p17 (1)
[t=0.0350205s, 18116 KB] Plan length: 80 step(s).
[t=0.0350205s, 18116 KB] Plan cost: 80
[t=0.0350205s, 18116 KB] Expanded 96 state(s).
[t=0.0350205s, 18116 KB] Reopened 0 state(s).
[t=0.0350205s, 18116 KB] Evaluated 1782 state(s).
[t=0.0350205s, 18116 KB] Evaluations: 1782
[t=0.0350205s, 18116 KB] Generated 3983 state(s).
[t=0.0350205s, 18116 KB] Dead ends: 0 state(s).
[t=0.0350205s, 18116 KB] Number of registered states: 1782
[t=0.0350205s, 18116 KB] Int hash set load factor: 1782/2048 = 0.870117
[t=0.0350205s, 18116 KB] Int hash set resizes: 11
[t=0.0350205s, 18116 KB] mean number of q cost that have been adjusted 0 times in relation to total number of q: -1
[t=0.0350205s, 18116 KB] mean number of q cost that have been adjusted 1 times in relation to total number of q: -1
[t=0.0350205s, 18116 KB] mean number of q cost that have been adjusted 2 times in relation to total number of q: -1
[t=0.0350205s, 18116 KB] mean number of q that are at some point overconsitent in relation to total number of q: -1
[t=0.0350205s, 18116 KB] mean number of q that are at first underconsisten in relation to total number of q: -1
[t=0.0350205s, 18116 KB] mean number of state variables that are not in common between two following states in relation to total number of state variables: -1
[t=0.0350205s, 18116 KB] variance number of state variables that are not in common between two following states in relation to total number of state variables: -1
[t=0.0350205s, 18116 KB] Search time: 0.0221911s
[t=0.0350205s, 18116 KB] Total time: 0.0350205s
Solution found.
Peak memory: 18116 KB
Remove intermediate file output.sas
search exit code: 0

INFO     Running validate.
INFO     validate stdin: None
INFO     validate time limit: None
INFO     validate memory limit: None
INFO     validate command line string: validate domain.pddl problem.pddl sas_plan
