INFO     Running translator.
INFO     translator stdin: None
INFO     translator time limit: 1799.96s
INFO     translator memory limit: 3584 MB
INFO     translator command line string: /infai/weidan00/downward/experiments/bachelor/.venv/bin/python3 /infai/weidan00/downward/experiments/bachelor/data/bachelor-v1/code-7aa5f34_e5e41175/builds/release/bin/translate/translate.py domain.pddl problem.pddl --sas-file output.sas
Parsing...
Parsing: [0.010s CPU, 0.005s wall-clock]
Normalizing task... [0.000s CPU, 0.000s wall-clock]
Instantiating...
Generating Datalog program... [0.000s CPU, 0.001s wall-clock]
Normalizing Datalog program...
Normalizing Datalog program: [0.000s CPU, 0.007s wall-clock]
Preparing model... [0.010s CPU, 0.003s wall-clock]
Generated 91 rules.
Computing model... [0.180s CPU, 0.175s wall-clock]
7031 relevant atoms
9724 auxiliary atoms
16755 final queue length
34551 total queue pushes
Completing instantiation... [0.410s CPU, 0.416s wall-clock]
Instantiating: [0.600s CPU, 0.605s wall-clock]
Computing fact groups...
Finding invariants...
18 initial candidates
Finding invariants: [0.020s CPU, 0.016s wall-clock]
Checking invariant weight... [0.000s CPU, 0.000s wall-clock]
Instantiating groups... [0.000s CPU, 0.000s wall-clock]
Collecting mutex groups... [0.000s CPU, 0.000s wall-clock]
Choosing groups...
704 uncovered facts
Choosing groups: [0.000s CPU, 0.000s wall-clock]
Building translation key... [0.000s CPU, 0.003s wall-clock]
Computing fact groups: [0.030s CPU, 0.026s wall-clock]
Building STRIPS to SAS dictionary... [0.000s CPU, 0.001s wall-clock]
Building dictionary for full mutex groups... [0.000s CPU, 0.001s wall-clock]
Building mutex information...
Building mutex information: [0.000s CPU, 0.001s wall-clock]
Translating task...
Processing axioms...
Simplifying axioms... [0.000s CPU, 0.000s wall-clock]
Processing axioms: [0.020s CPU, 0.015s wall-clock]
Translating task: [0.440s CPU, 0.441s wall-clock]
12848 effect conditions simplified
0 implied preconditions added
Detecting unreachable propositions...
0 operators removed
0 axioms removed
7 propositions removed
Detecting unreachable propositions: [0.270s CPU, 0.267s wall-clock]
Reordering and filtering variables...
707 of 707 variables necessary.
0 of 3 mutex groups necessary.
6160 of 6160 operators necessary.
0 of 0 axiom rules necessary.
Reordering and filtering variables: [0.300s CPU, 0.295s wall-clock]
Translator variables: 707
Translator derived variables: 0
Translator facts: 1417
Translator goal facts: 7
Translator mutex groups: 0
Translator total mutex groups size: 0
Translator operators: 6160
Translator axioms: 0
Translator task size: 56911
Translator peak memory: 184000 KB
Writing output... [0.100s CPU, 0.111s wall-clock]
Done! [1.760s CPU, 1.773s wall-clock]
translate exit code: 0

INFO     Running search (release).
INFO     search stdin: output.sas
INFO     search time limit: 1798.14s
INFO     search memory limit: 3584 MB
INFO     search command line string: /infai/weidan00/downward/experiments/bachelor/data/bachelor-v1/code-7aa5f34_e5e41175/builds/release/bin/downward --search 'eager_wastar([add()], w=2)' --internal-plan-file sas_plan < output.sas
[t=6.1075e-05s, 17204 KB] reading input...
[t=0.0565489s, 19772 KB] done reading input!
[t=0.0627774s, 21856 KB] Simplifying 31020 unary operators... done! [31020 unary operators]
[t=0.0924491s, 24824 KB] time to simplify: 0.0311427s
[t=0.095989s, 24824 KB] Initializing additive heuristic...
[t=0.0961974s, 24824 KB] Building successor generator...done!
[t=0.100199s, 24824 KB] peak memory difference for successor generator creation: 0 KB
[t=0.10024s, 24824 KB] time for successor generation creation: 0.00386189s
[t=0.100337s, 24824 KB] Variables: 707
[t=0.100378s, 24824 KB] FactPairs: 1417
[t=0.100417s, 24824 KB] Bytes per state: 92
[t=0.100559s, 24824 KB] Conducting best first search with reopening closed nodes, (real) bound = 2147483647
[t=0.101117s, 24824 KB] New best heuristic value for add: 42
[t=0.101174s, 24824 KB] g=0, 1 evaluated, 0 expanded
[t=0.101229s, 24824 KB] Initial heuristic value for add: 42
[t=0.10127s, 24824 KB] pruning method: none
[t=0.103149s, 24824 KB] New best heuristic value for add: 40
[t=0.103206s, 24824 KB] g=1, 6 evaluated, 1 expanded
[t=0.108373s, 24824 KB] New best heuristic value for add: 38
[t=0.108433s, 24824 KB] g=1, 20 evaluated, 1 expanded
[t=0.112833s, 24824 KB] New best heuristic value for add: 36
[t=0.112894s, 24824 KB] g=2, 32 evaluated, 2 expanded
[t=0.118289s, 24824 KB] New best heuristic value for add: 34
[t=0.118349s, 24824 KB] g=3, 47 evaluated, 3 expanded
[t=0.12732s, 24824 KB] New best heuristic value for add: 33
[t=0.127382s, 24824 KB] g=4, 74 evaluated, 4 expanded
[t=0.131378s, 24824 KB] New best heuristic value for add: 29
[t=0.131439s, 24824 KB] g=4, 86 evaluated, 4 expanded
[t=0.131808s, 24824 KB] New best heuristic value for add: 25
[t=0.131861s, 24824 KB] g=5, 87 evaluated, 5 expanded
[t=0.137221s, 24824 KB] New best heuristic value for add: 24
[t=0.137286s, 24824 KB] g=6, 103 evaluated, 6 expanded
[t=0.14271s, 24824 KB] New best heuristic value for add: 20
[t=0.142769s, 24824 KB] g=7, 120 evaluated, 7 expanded
[t=0.14964s, 24824 KB] New best heuristic value for add: 19
[t=0.149702s, 24824 KB] g=8, 141 evaluated, 8 expanded
[t=0.155147s, 24824 KB] New best heuristic value for add: 18
[t=0.155207s, 24824 KB] g=9, 160 evaluated, 9 expanded
[t=0.160551s, 24824 KB] New best heuristic value for add: 17
[t=0.160614s, 24824 KB] g=10, 179 evaluated, 10 expanded
[t=0.163079s, 24824 KB] New best heuristic value for add: 16
[t=0.163136s, 24824 KB] g=11, 188 evaluated, 11 expanded
[t=0.175435s, 24824 KB] New best heuristic value for add: 15
[t=0.175504s, 24824 KB] g=13, 232 evaluated, 15 expanded
[t=1.3522s, 24824 KB] New best heuristic value for add: 14
[t=1.35231s, 24824 KB] g=15, 4690 evaluated, 401 expanded
[t=5.56129s, 25404 KB] New best heuristic value for add: 13
[t=5.56141s, 25404 KB] g=18, 20375 evaluated, 1806 expanded, 12 reopened
[t=5.56522s, 25404 KB] New best heuristic value for add: 12
[t=5.56529s, 25404 KB] g=19, 20388 evaluated, 1807 expanded, 12 reopened
[t=5.5729s, 25404 KB] New best heuristic value for add: 11
[t=5.57296s, 25404 KB] g=20, 20414 evaluated, 1808 expanded, 12 reopened
[t=5.63124s, 25404 KB] New best heuristic value for add: 10
[t=5.63134s, 25404 KB] g=22, 20622 evaluated, 1820 expanded, 12 reopened
[t=108.4s, 72924 KB] New best heuristic value for add: 9
[t=108.4s, 72924 KB] g=22, 404927 evaluated, 35650 expanded, 928 reopened
[t=110.977s, 73980 KB] New best heuristic value for add: 8
[t=110.977s, 73980 KB] g=27, 413662 evaluated, 36224 expanded, 928 reopened
[t=115.761s, 75828 KB] New best heuristic value for add: 5
[t=115.761s, 75828 KB] g=29, 429953 evaluated, 37366 expanded, 928 reopened
[t=115.814s, 75828 KB] New best heuristic value for add: 4
[t=115.814s, 75828 KB] g=32, 430204 evaluated, 37383 expanded, 928 reopened
[t=121.421s, 86672 KB] New best heuristic value for add: 2
[t=121.421s, 86672 KB] g=35, 459698 evaluated, 40100 expanded, 928 reopened
[t=130.776s, 89572 KB] New best heuristic value for add: 1
[t=130.776s, 89572 KB] g=41, 515179 evaluated, 45177 expanded, 928 reopened
[t=130.777s, 89572 KB] New best heuristic value for add: 0
[t=130.777s, 89572 KB] g=42, 515187 evaluated, 45178 expanded, 928 reopened
[t=130.779s, 89572 KB] Solution found!
[t=130.779s, 89572 KB] Actual search time: 130.678s
push-start s23 b1 a2 a3 b18 oca1 lco (1)
pop-unitarypipe s34 b6 a3 a4 b11 lco oc1b (1)
pop-unitarypipe s34 b10 a3 a4 b6 oc1b lco (1)
pop-start s13 b6 a1 a3 b8 lco lco (1)
pop-end s13 a1 a3 b7 b8 (1)
pop-start s13 b0 a1 a3 b6 rat-a lco (1)
pop-end s13 a1 a3 b8 b6 (1)
push-unitarypipe s34 b14 a3 a4 b10 gasoleo oc1b (1)
push-unitarypipe s34 b2 a3 a4 b14 rat-a gasoleo (1)
push-start s12 b3 a1 a2 b21 oca1 lco (1)
push-end s12 a1 a2 b15 b21 (1)
push-end s23 a2 a3 b9 b5 (1)
push-start s23 b12 a2 a3 b1 oca1 oca1 (1)
push-end s23 a2 a3 b5 b18 (1)
push-start s12 b20 a1 a2 b3 gasoleo oca1 (1)
push-end s12 a1 a2 b21 b3 (1)
push-start s23 b21 a2 a3 b12 lco oca1 (1)
push-end s23 a2 a3 b18 b1 (1)
push-unitarypipe s34 b18 a3 a4 b2 lco rat-a (1)
push-unitarypipe s34 b5 a3 a4 b18 oc1b lco (1)
pop-start s13 b4 a1 a3 b0 gasoleo rat-a (1)
pop-end s13 a1 a3 b6 b0 (1)
pop-start s23 b11 a2 a3 b1 oc1b oca1 (1)
pop-end s23 a2 a3 b21 b12 (1)
pop-start s12 b21 a1 a2 b3 lco oca1 (1)
pop-end s12 a1 a2 b20 b3 (1)
push-start s13 b20 a1 a3 b0 gasoleo rat-a (1)
push-end s13 a1 a3 b4 b0 (1)
push-start s13 b19 a1 a3 b20 oc1b gasoleo (1)
push-end s13 a1 a3 b0 b20 (1)
pop-start s23 b4 a2 a3 b11 gasoleo oc1b (1)
pop-end s23 a2 a3 b12 b1 (1)
pop-start s12 b12 a1 a2 b21 oca1 lco (1)
pop-end s12 a1 a2 b3 b21 (1)
push-start s13 b3 a1 a3 b19 oca1 oc1b (1)
push-end s13 a1 a3 b20 b19 (1)
pop-start s23 b0 a2 a3 b4 rat-a gasoleo (1)
pop-end s23 a2 a3 b1 b11 (1)
pop-start s12 b1 a1 a2 b12 oca1 oca1 (1)
pop-end s12 a1 a2 b21 b12 (1)
push-start s13 b21 a1 a3 b3 lco oca1 (1)
push-end s13 a1 a3 b19 b3 (1)
[t=130.779s, 89572 KB] Plan length: 42 step(s).
[t=130.779s, 89572 KB] Plan cost: 42
[t=130.779s, 89572 KB] Expanded 45179 state(s).
[t=130.779s, 89572 KB] Reopened 928 state(s).
[t=130.779s, 89572 KB] Evaluated 515202 state(s).
[t=130.779s, 89572 KB] Evaluations: 515202
[t=130.779s, 89572 KB] Generated 831321 state(s).
[t=130.779s, 89572 KB] Dead ends: 0 state(s).
[t=130.779s, 89572 KB] Number of registered states: 515202
[t=130.779s, 89572 KB] Int hash set load factor: 515202/1048576 = 0.491335
[t=130.779s, 89572 KB] Int hash set resizes: 20
[t=130.779s, 89572 KB] mean number of q cost that have been adjusted 0 times in relation to total number of q: -1
[t=130.779s, 89572 KB] mean number of q cost that have been adjusted 1 times in relation to total number of q: -1
[t=130.779s, 89572 KB] mean number of q cost that have been adjusted 2 times in relation to total number of q: -1
[t=130.779s, 89572 KB] mean number of q that are at some point overconsitent in relation to total number of q: -1
[t=130.779s, 89572 KB] mean number of q that are at first underconsisten in relation to total number of q: -1
[t=130.779s, 89572 KB] mean number of state variables that are not in common between two following states in relation to total number of state variables: -1
[t=130.779s, 89572 KB] variance number of state variables that are not in common between two following states in relation to total number of state variables: -1
[t=130.779s, 89572 KB] Search time: 130.679s
[t=130.779s, 89572 KB] Total time: 130.779s
Solution found.
Peak memory: 89572 KB
Remove intermediate file output.sas
search exit code: 0

INFO     Running validate.
INFO     validate stdin: None
INFO     validate time limit: None
INFO     validate memory limit: None
INFO     validate command line string: validate domain.pddl problem.pddl sas_plan
