INFO     Running translator.
INFO     translator stdin: None
INFO     translator time limit: 1799.95s
INFO     translator memory limit: 3584 MB
INFO     translator command line string: /infai/weidan00/downward/experiments/bachelor/.venv/bin/python3 /infai/weidan00/downward/experiments/bachelor/data/bachelor-v1/code-7aa5f34_e5e41175/builds/release/bin/translate/translate.py domain.pddl problem.pddl --sas-file output.sas
Parsing...
Parsing: [0.000s CPU, 0.002s wall-clock]
Normalizing task... [0.000s CPU, 0.000s wall-clock]
Instantiating...
Generating Datalog program... [0.000s CPU, 0.000s wall-clock]
Normalizing Datalog program...
Normalizing Datalog program: [0.000s CPU, 0.001s wall-clock]
Preparing model... [0.000s CPU, 0.000s wall-clock]
Generated 13 rules.
Computing model... [0.000s CPU, 0.001s wall-clock]
53 relevant atoms
22 auxiliary atoms
75 final queue length
96 total queue pushes
Completing instantiation... [0.000s CPU, 0.001s wall-clock]
Instantiating: [0.000s CPU, 0.004s wall-clock]
Computing fact groups...
Finding invariants...
6 initial candidates
Finding invariants: [0.000s CPU, 0.001s wall-clock]
Checking invariant weight... [0.000s CPU, 0.000s wall-clock]
Instantiating groups... [0.000s CPU, 0.000s wall-clock]
Collecting mutex groups... [0.000s CPU, 0.000s wall-clock]
Choosing groups...
4 uncovered facts
Choosing groups: [0.000s CPU, 0.000s wall-clock]
Building translation key... [0.000s CPU, 0.000s wall-clock]
Computing fact groups: [0.000s CPU, 0.001s wall-clock]
Building STRIPS to SAS dictionary... [0.000s CPU, 0.000s wall-clock]
Building dictionary for full mutex groups... [0.000s CPU, 0.000s wall-clock]
Building mutex information...
Building mutex information: [0.000s CPU, 0.000s wall-clock]
Translating task...
Processing axioms...
Simplifying axioms... [0.000s CPU, 0.000s wall-clock]
Processing axioms: [0.000s CPU, 0.000s wall-clock]
Translating task: [0.010s CPU, 0.001s wall-clock]
2 effect conditions simplified
0 implied preconditions added
Detecting unreachable propositions...
0 operators removed
0 axioms removed
1 propositions removed
Detecting unreachable propositions: [0.000s CPU, 0.000s wall-clock]
Reordering and filtering variables...
5 of 5 variables necessary.
0 of 1 mutex groups necessary.
15 of 15 operators necessary.
0 of 0 axiom rules necessary.
Reordering and filtering variables: [0.000s CPU, 0.000s wall-clock]
Translator variables: 5
Translator derived variables: 0
Translator facts: 12
Translator goal facts: 2
Translator mutex groups: 0
Translator total mutex groups size: 0
Translator operators: 15
Translator axioms: 0
Translator task size: 71
Translator peak memory: 142284 KB
Writing output... [0.000s CPU, 0.002s wall-clock]
Done! [0.010s CPU, 0.012s wall-clock]
translate exit code: 0

INFO     Running search (release).
INFO     search stdin: output.sas
INFO     search time limit: 1799.89s
INFO     search memory limit: 3584 MB
INFO     search command line string: /infai/weidan00/downward/experiments/bachelor/data/bachelor-v1/code-7aa5f34_e5e41175/builds/release/bin/downward --search 'eager_wastar([pinch_tracking()], w=2)' --internal-plan-file sas_plan < output.sas
[t=6.345e-05s, 17204 KB] reading input...
[t=0.000376907s, 17212 KB] done reading input!
[t=0.0021778s, 17476 KB] Simplifying 18 unary operators... done! [18 unary operators]
[t=0.00227667s, 17476 KB] time to simplify: 0.000146129s
[t=0.00233166s, 17476 KB] Initializing pinch tracking heuristic...
[t=0.00244196s, 17476 KB] Building successor generator...done!
[t=0.00258152s, 17476 KB] peak memory difference for successor generator creation: 0 KB
[t=0.00262917s, 17476 KB] time for successor generation creation: 2.129e-05s
[t=0.00267586s, 17476 KB] Variables: 5
[t=0.00271613s, 17476 KB] FactPairs: 12
[t=0.00275581s, 17476 KB] Bytes per state: 4
[t=0.00287832s, 17476 KB] Conducting best first search with reopening closed nodes, (real) bound = 2147483647
[t=0.0029815s, 17476 KB] New best heuristic value for pinch_tracking: 7
[t=0.00302402s, 17476 KB] g=0, 1 evaluated, 0 expanded
[t=0.00307465s, 17476 KB] Initial heuristic value for pinch_tracking: 7
[t=0.00311589s, 17476 KB] pruning method: none
[t=0.0031771s, 17476 KB] New best heuristic value for pinch_tracking: 6
[t=0.00321867s, 17476 KB] g=1, 3 evaluated, 1 expanded
[t=0.00327273s, 17476 KB] New best heuristic value for pinch_tracking: 5
[t=0.0033136s, 17476 KB] g=2, 5 evaluated, 2 expanded
[t=0.00337142s, 17476 KB] New best heuristic value for pinch_tracking: 4
[t=0.00341211s, 17476 KB] g=4, 9 evaluated, 4 expanded
[t=0.00346849s, 17476 KB] New best heuristic value for pinch_tracking: 3
[t=0.00350998s, 17476 KB] g=5, 11 evaluated, 5 expanded
[t=0.00355932s, 17476 KB] New best heuristic value for pinch_tracking: 2
[t=0.00359999s, 17476 KB] g=6, 13 evaluated, 7 expanded
[t=0.00364975s, 17476 KB] New best heuristic value for pinch_tracking: 1
[t=0.00369064s, 17476 KB] g=7, 16 evaluated, 8 expanded
[t=0.00373925s, 17476 KB] New best heuristic value for pinch_tracking: 0
[t=0.00377974s, 17476 KB] g=8, 17 evaluated, 9 expanded
[t=0.00382052s, 17476 KB] Solution found!
[t=0.00386383s, 17476 KB] Actual search time: 0.000743974s
up f0 f2 (1)
stop f2 (1)
down f2 f0 (1)
stop f0 (1)
up f0 f3 (1)
stop f3 (1)
down f3 f2 (1)
stop f2 (1)
[t=0.00390699s, 17476 KB] Plan length: 8 step(s).
[t=0.00390699s, 17476 KB] Plan cost: 8
[t=0.00390699s, 17476 KB] Expanded 10 state(s).
[t=0.00390699s, 17476 KB] Reopened 0 state(s).
[t=0.00390699s, 17476 KB] Evaluated 17 state(s).
[t=0.00390699s, 17476 KB] Evaluations: 17
[t=0.00390699s, 17476 KB] Generated 36 state(s).
[t=0.00390699s, 17476 KB] Dead ends: 0 state(s).
[t=0.00390699s, 17476 KB] Number of registered states: 17
[t=0.00390699s, 17476 KB] Int hash set load factor: 17/32 = 0.53125
[t=0.00390699s, 17476 KB] Int hash set resizes: 5
[t=0.00390699s, 17476 KB] mean number of q cost that have been adjusted 0 times in relation to total number of q: -1
[t=0.00390699s, 17476 KB] mean number of q cost that have been adjusted 1 times in relation to total number of q: -1
[t=0.00390699s, 17476 KB] mean number of q cost that have been adjusted 2 times in relation to total number of q: -1
[t=0.00390699s, 17476 KB] mean number of q that are at some point overconsitent in relation to total number of q: -1
[t=0.00390699s, 17476 KB] mean number of q that are at first underconsisten in relation to total number of q: -1
[t=0.00390699s, 17476 KB] mean number of state variables that are not in common between two following states in relation to total number of state variables: -1
[t=0.00390699s, 17476 KB] variance number of state variables that are not in common between two following states in relation to total number of state variables: -1
[t=0.00390699s, 17476 KB] Search time: 0.0010293s
[t=0.00390699s, 17476 KB] Total time: 0.00390699s
Solution found.
Peak memory: 17476 KB
Remove intermediate file output.sas
search exit code: 0

INFO     Running validate.
INFO     validate stdin: None
INFO     validate time limit: None
INFO     validate memory limit: None
INFO     validate command line string: validate domain.pddl problem.pddl sas_plan
