INFO     Running translator.
INFO     translator stdin: None
INFO     translator time limit: 1799.96s
INFO     translator memory limit: 3584 MB
INFO     translator command line string: /infai/weidan00/downward/experiments/bachelor/.venv/bin/python3 /infai/weidan00/downward/experiments/bachelor/data/bachelor-v1/code-7aa5f34_e5e41175/builds/release/bin/translate/translate.py domain.pddl problem.pddl --sas-file output.sas
Parsing...
Parsing: [0.000s CPU, 0.003s wall-clock]
Normalizing task... [0.000s CPU, 0.000s wall-clock]
Instantiating...
Generating Datalog program... [0.000s CPU, 0.001s wall-clock]
Normalizing Datalog program...
Normalizing Datalog program: [0.010s CPU, 0.004s wall-clock]
Preparing model... [0.000s CPU, 0.002s wall-clock]
Generated 55 rules.
Computing model... [0.070s CPU, 0.072s wall-clock]
5266 relevant atoms
1316 auxiliary atoms
6582 final queue length
16255 total queue pushes
Completing instantiation... [0.220s CPU, 0.221s wall-clock]
Instantiating: [0.300s CPU, 0.302s wall-clock]
Computing fact groups...
Finding invariants...
12 initial candidates
Finding invariants: [0.010s CPU, 0.008s wall-clock]
Checking invariant weight... [0.000s CPU, 0.000s wall-clock]
Instantiating groups... [0.000s CPU, 0.002s wall-clock]
Collecting mutex groups... [0.000s CPU, 0.000s wall-clock]
Choosing groups...
0 uncovered facts
Choosing groups: [0.000s CPU, 0.000s wall-clock]
Building translation key... [0.000s CPU, 0.000s wall-clock]
Computing fact groups: [0.010s CPU, 0.013s wall-clock]
Building STRIPS to SAS dictionary... [0.000s CPU, 0.000s wall-clock]
Building dictionary for full mutex groups... [0.000s CPU, 0.000s wall-clock]
Building mutex information...
Building mutex information: [0.000s CPU, 0.000s wall-clock]
Translating task...
Processing axioms...
Simplifying axioms... [0.000s CPU, 0.000s wall-clock]
Processing axioms: [0.010s CPU, 0.008s wall-clock]
Translating task: [0.180s CPU, 0.181s wall-clock]
0 effect conditions simplified
0 implied preconditions added
Detecting unreachable propositions...
0 operators removed
0 axioms removed
23 propositions removed
Detecting unreachable propositions: [0.090s CPU, 0.082s wall-clock]
Reordering and filtering variables...
23 of 23 variables necessary.
0 of 23 mutex groups necessary.
4480 of 4480 operators necessary.
0 of 0 axiom rules necessary.
Reordering and filtering variables: [0.020s CPU, 0.024s wall-clock]
Translator variables: 23
Translator derived variables: 0
Translator facts: 206
Translator goal facts: 2
Translator mutex groups: 0
Translator total mutex groups size: 0
Translator operators: 4480
Translator axioms: 0
Translator task size: 23687
Translator peak memory: 161996 KB
Writing output... [0.040s CPU, 0.051s wall-clock]
Done! [0.650s CPU, 0.666s wall-clock]
translate exit code: 0

INFO     Running search (release).
INFO     search stdin: output.sas
INFO     search time limit: 1799.25s
INFO     search memory limit: 3584 MB
INFO     search command line string: /infai/weidan00/downward/experiments/bachelor/data/bachelor-v1/code-7aa5f34_e5e41175/builds/release/bin/downward --search 'eager_wastar([pinch_tracking()], w=2)' --internal-plan-file sas_plan < output.sas
[t=6.3849e-05s, 17204 KB] reading input...
[t=0.0276706s, 18560 KB] done reading input!
[t=0.0310314s, 19404 KB] Simplifying 8960 unary operators... done! [8800 unary operators]
[t=0.0366208s, 20180 KB] time to simplify: 0.00566785s
[t=0.0371325s, 20180 KB] Initializing pinch tracking heuristic...
[t=0.0372919s, 20180 KB] Building successor generator...done!
[t=0.0393599s, 20180 KB] peak memory difference for successor generator creation: 0 KB
[t=0.0394023s, 20180 KB] time for successor generation creation: 0.00188812s
[t=0.0394784s, 20180 KB] Variables: 23
[t=0.0395185s, 20180 KB] FactPairs: 206
[t=0.0395579s, 20180 KB] Bytes per state: 12
[t=0.0396945s, 20180 KB] Conducting best first search with reopening closed nodes, (real) bound = 2147483647
[t=0.0405833s, 20180 KB] New best heuristic value for pinch_tracking: 5
[t=0.0406338s, 20180 KB] g=0, 1 evaluated, 0 expanded
[t=0.0406971s, 20180 KB] Initial heuristic value for pinch_tracking: 5
[t=0.0407389s, 20180 KB] pruning method: none
[t=0.0420831s, 20180 KB] New best heuristic value for pinch_tracking: 4
[t=0.0421358s, 20180 KB] g=1, 9 evaluated, 1 expanded
[t=0.0422142s, 20180 KB] New best heuristic value for pinch_tracking: 3
[t=0.0422557s, 20180 KB] g=1, 10 evaluated, 1 expanded
[t=0.0525969s, 20180 KB] New best heuristic value for pinch_tracking: 2
[t=0.0526688s, 20180 KB] g=2, 58 evaluated, 2 expanded
[t=0.0638473s, 20180 KB] New best heuristic value for pinch_tracking: 1
[t=0.0639432s, 20180 KB] g=3, 110 evaluated, 3 expanded
[t=0.0751413s, 20180 KB] New best heuristic value for pinch_tracking: 0
[t=0.0752314s, 20180 KB] g=4, 164 evaluated, 4 expanded
[t=0.083092s, 20180 KB] Solution found!
[t=0.0831759s, 20180 KB] Actual search time: 0.0424366s
overcome jealousy excitement pork neptune uranus (1)
feast excitement pork broccoli manitoba bavaria (1)
feast excitement broccoli shrimp pennsylvania alsace (1)
succumb jealousy excitement shrimp neptune uranus (1)
[t=0.0832232s, 20180 KB] Plan length: 4 step(s).
[t=0.0832232s, 20180 KB] Plan cost: 4
[t=0.0832232s, 20180 KB] Expanded 5 state(s).
[t=0.0832232s, 20180 KB] Reopened 0 state(s).
[t=0.0832232s, 20180 KB] Evaluated 202 state(s).
[t=0.0832232s, 20180 KB] Evaluations: 202
[t=0.0832232s, 20180 KB] Generated 202 state(s).
[t=0.0832232s, 20180 KB] Dead ends: 0 state(s).
[t=0.0832232s, 20180 KB] Number of registered states: 202
[t=0.0832232s, 20180 KB] Int hash set load factor: 202/256 = 0.789062
[t=0.0832232s, 20180 KB] Int hash set resizes: 8
[t=0.0832232s, 20180 KB] mean number of q cost that have been adjusted 0 times in relation to total number of q: -1
[t=0.0832232s, 20180 KB] mean number of q cost that have been adjusted 1 times in relation to total number of q: -1
[t=0.0832232s, 20180 KB] mean number of q cost that have been adjusted 2 times in relation to total number of q: -1
[t=0.0832232s, 20180 KB] mean number of q that are at some point overconsitent in relation to total number of q: -1
[t=0.0832232s, 20180 KB] mean number of q that are at first underconsisten in relation to total number of q: -1
[t=0.0832232s, 20180 KB] mean number of state variables that are not in common between two following states in relation to total number of state variables: -1
[t=0.0832232s, 20180 KB] variance number of state variables that are not in common between two following states in relation to total number of state variables: -1
[t=0.0832232s, 20180 KB] Search time: 0.0435296s
[t=0.0832232s, 20180 KB] Total time: 0.0832232s
Solution found.
Peak memory: 20180 KB
Remove intermediate file output.sas
search exit code: 0

INFO     Running validate.
INFO     validate stdin: None
INFO     validate time limit: None
INFO     validate memory limit: None
INFO     validate command line string: validate domain.pddl problem.pddl sas_plan
