INFO     Running translator.
INFO     translator stdin: None
INFO     translator time limit: 1799.96s
INFO     translator memory limit: 3584 MB
INFO     translator command line string: /infai/weidan00/downward/experiments/bachelor/.venv/bin/python3 /infai/weidan00/downward/experiments/bachelor/data/bachelor-v1/code-7aa5f34_e5e41175/builds/release/bin/translate/translate.py domain.pddl problem.pddl --sas-file output.sas
Parsing...
Parsing: [0.000s CPU, 0.002s wall-clock]
Normalizing task... [0.000s CPU, 0.000s wall-clock]
Instantiating...
Generating Datalog program... [0.000s CPU, 0.000s wall-clock]
Normalizing Datalog program...
Normalizing Datalog program: [0.010s CPU, 0.001s wall-clock]
Preparing model... [0.000s CPU, 0.001s wall-clock]
Generated 13 rules.
Computing model... [0.000s CPU, 0.003s wall-clock]
221 relevant atoms
115 auxiliary atoms
336 final queue length
507 total queue pushes
Completing instantiation... [0.000s CPU, 0.003s wall-clock]
Instantiating: [0.010s CPU, 0.009s wall-clock]
Computing fact groups...
Finding invariants...
6 initial candidates
Finding invariants: [0.000s CPU, 0.001s wall-clock]
Checking invariant weight... [0.000s CPU, 0.000s wall-clock]
Instantiating groups... [0.000s CPU, 0.000s wall-clock]
Collecting mutex groups... [0.000s CPU, 0.000s wall-clock]
Choosing groups...
10 uncovered facts
Choosing groups: [0.000s CPU, 0.000s wall-clock]
Building translation key... [0.000s CPU, 0.000s wall-clock]
Computing fact groups: [0.000s CPU, 0.002s wall-clock]
Building STRIPS to SAS dictionary... [0.000s CPU, 0.000s wall-clock]
Building dictionary for full mutex groups... [0.000s CPU, 0.000s wall-clock]
Building mutex information...
Building mutex information: [0.000s CPU, 0.000s wall-clock]
Translating task...
Processing axioms...
Simplifying axioms... [0.000s CPU, 0.000s wall-clock]
Processing axioms: [0.000s CPU, 0.000s wall-clock]
Translating task: [0.010s CPU, 0.003s wall-clock]
5 effect conditions simplified
0 implied preconditions added
Detecting unreachable propositions...
0 operators removed
0 axioms removed
1 propositions removed
Detecting unreachable propositions: [0.000s CPU, 0.001s wall-clock]
Reordering and filtering variables...
11 of 11 variables necessary.
0 of 1 mutex groups necessary.
97 of 97 operators necessary.
0 of 0 axiom rules necessary.
Reordering and filtering variables: [0.000s CPU, 0.001s wall-clock]
Translator variables: 11
Translator derived variables: 0
Translator facts: 30
Translator goal facts: 5
Translator mutex groups: 0
Translator total mutex groups size: 0
Translator operators: 97
Translator axioms: 0
Translator task size: 355
Translator peak memory: 142540 KB
Writing output... [0.000s CPU, 0.003s wall-clock]
Done! [0.020s CPU, 0.021s wall-clock]
translate exit code: 0

INFO     Running search (release).
INFO     search stdin: output.sas
INFO     search time limit: 1799.89s
INFO     search memory limit: 3584 MB
INFO     search command line string: /infai/weidan00/downward/experiments/bachelor/data/bachelor-v1/code-7aa5f34_e5e41175/builds/release/bin/downward --search 'eager_wastar([pinch_tracking()], w=2)' --internal-plan-file sas_plan < output.sas
[t=0.000148686s, 17204 KB] reading input...
[t=0.0015934s, 17212 KB] done reading input!
[t=0.0060284s, 17476 KB] Simplifying 105 unary operators... done! [105 unary operators]
[t=0.00630249s, 17476 KB] time to simplify: 0.000392504s
[t=0.00646261s, 17476 KB] Initializing pinch tracking heuristic...
[t=0.00673185s, 17476 KB] Building successor generator...done!
[t=0.00711566s, 17476 KB] peak memory difference for successor generator creation: 0 KB
[t=0.00721001s, 17476 KB] time for successor generation creation: 7.8658e-05s
[t=0.00732512s, 17476 KB] Variables: 11
[t=0.00742354s, 17476 KB] FactPairs: 30
[t=0.00752257s, 17476 KB] Bytes per state: 4
[t=0.007781s, 17476 KB] Conducting best first search with reopening closed nodes, (real) bound = 2147483647
[t=0.00803941s, 17476 KB] New best heuristic value for pinch_tracking: 20
[t=0.00814404s, 17476 KB] g=0, 1 evaluated, 0 expanded
[t=0.00827555s, 17476 KB] Initial heuristic value for pinch_tracking: 20
[t=0.00837735s, 17476 KB] pruning method: none
[t=0.00851736s, 17476 KB] New best heuristic value for pinch_tracking: 19
[t=0.00862046s, 17476 KB] g=1, 2 evaluated, 1 expanded
[t=0.00877103s, 17476 KB] New best heuristic value for pinch_tracking: 18
[t=0.00887293s, 17476 KB] g=1, 6 evaluated, 1 expanded
[t=0.00903418s, 17476 KB] New best heuristic value for pinch_tracking: 17
[t=0.00914835s, 17476 KB] g=2, 11 evaluated, 2 expanded
[t=0.0092985s, 17476 KB] New best heuristic value for pinch_tracking: 16
[t=0.00936745s, 17476 KB] g=3, 19 evaluated, 3 expanded
[t=0.00945431s, 17476 KB] New best heuristic value for pinch_tracking: 15
[t=0.00952174s, 17476 KB] g=4, 21 evaluated, 4 expanded
[t=0.00963765s, 17476 KB] New best heuristic value for pinch_tracking: 14
[t=0.00970551s, 17476 KB] g=5, 30 evaluated, 5 expanded
[t=0.00978193s, 17476 KB] New best heuristic value for pinch_tracking: 13
[t=0.00984878s, 17476 KB] g=6, 31 evaluated, 6 expanded
[t=0.00998869s, 17476 KB] New best heuristic value for pinch_tracking: 12
[t=0.0100572s, 17476 KB] g=8, 41 evaluated, 8 expanded
[t=0.0101428s, 17476 KB] New best heuristic value for pinch_tracking: 11
[t=0.0102102s, 17476 KB] g=9, 43 evaluated, 9 expanded
[t=0.0103242s, 17476 KB] New best heuristic value for pinch_tracking: 10
[t=0.0103924s, 17476 KB] g=10, 51 evaluated, 10 expanded
[t=0.0104808s, 17476 KB] New best heuristic value for pinch_tracking: 9
[t=0.0105485s, 17476 KB] g=11, 54 evaluated, 11 expanded
[t=0.0106548s, 17476 KB] New best heuristic value for pinch_tracking: 8
[t=0.010732s, 17476 KB] g=12, 61 evaluated, 12 expanded
[t=0.010843s, 17476 KB] New best heuristic value for pinch_tracking: 7
[t=0.0109116s, 17476 KB] g=13, 66 evaluated, 13 expanded
[t=0.0110108s, 17476 KB] New best heuristic value for pinch_tracking: 6
[t=0.0110794s, 17476 KB] g=14, 71 evaluated, 14 expanded
[t=0.0111789s, 17476 KB] New best heuristic value for pinch_tracking: 5
[t=0.0112463s, 17476 KB] g=15, 77 evaluated, 15 expanded
[t=0.0113394s, 17476 KB] New best heuristic value for pinch_tracking: 4
[t=0.0114077s, 17476 KB] g=16, 81 evaluated, 16 expanded
[t=0.0115159s, 17476 KB] New best heuristic value for pinch_tracking: 3
[t=0.0116156s, 17476 KB] g=17, 89 evaluated, 17 expanded
[t=0.0117129s, 17476 KB] New best heuristic value for pinch_tracking: 2
[t=0.0117824s, 17476 KB] g=18, 91 evaluated, 18 expanded
[t=0.0118946s, 17476 KB] New best heuristic value for pinch_tracking: 1
[t=0.011963s, 17476 KB] g=19, 100 evaluated, 19 expanded
[t=0.012041s, 17476 KB] New best heuristic value for pinch_tracking: 0
[t=0.0121089s, 17476 KB] g=20, 101 evaluated, 20 expanded
[t=0.0121771s, 17476 KB] Solution found!
[t=0.0122502s, 17476 KB] Actual search time: 0.0038336s
up f0 f5 (1)
stop f5 (1)
up f5 f8 (1)
stop f8 (1)
up f8 f9 (1)
stop f9 (1)
down f9 f1 (1)
stop f1 (1)
up f1 f2 (1)
stop f2 (1)
up f2 f3 (1)
stop f3 (1)
up f3 f5 (1)
stop f5 (1)
up f5 f6 (1)
stop f6 (1)
up f6 f8 (1)
stop f8 (1)
up f8 f9 (1)
stop f9 (1)
[t=0.0123216s, 17476 KB] Plan length: 20 step(s).
[t=0.0123216s, 17476 KB] Plan cost: 20
[t=0.0123216s, 17476 KB] Expanded 21 state(s).
[t=0.0123216s, 17476 KB] Reopened 0 state(s).
[t=0.0123216s, 17476 KB] Evaluated 101 state(s).
[t=0.0123216s, 17476 KB] Evaluations: 101
[t=0.0123216s, 17476 KB] Generated 199 state(s).
[t=0.0123216s, 17476 KB] Dead ends: 0 state(s).
[t=0.0123216s, 17476 KB] Number of registered states: 101
[t=0.0123216s, 17476 KB] Int hash set load factor: 101/128 = 0.789062
[t=0.0123216s, 17476 KB] Int hash set resizes: 7
[t=0.0123216s, 17476 KB] mean number of q cost that have been adjusted 0 times in relation to total number of q: -1
[t=0.0123216s, 17476 KB] mean number of q cost that have been adjusted 1 times in relation to total number of q: -1
[t=0.0123216s, 17476 KB] mean number of q cost that have been adjusted 2 times in relation to total number of q: -1
[t=0.0123216s, 17476 KB] mean number of q that are at some point overconsitent in relation to total number of q: -1
[t=0.0123216s, 17476 KB] mean number of q that are at first underconsisten in relation to total number of q: -1
[t=0.0123216s, 17476 KB] mean number of state variables that are not in common between two following states in relation to total number of state variables: -1
[t=0.0123216s, 17476 KB] variance number of state variables that are not in common between two following states in relation to total number of state variables: -1
[t=0.0123216s, 17476 KB] Search time: 0.00454301s
[t=0.0123216s, 17476 KB] Total time: 0.0123216s
Solution found.
Peak memory: 17476 KB
Remove intermediate file output.sas
search exit code: 0

INFO     Running validate.
INFO     validate stdin: None
INFO     validate time limit: None
INFO     validate memory limit: None
INFO     validate command line string: validate domain.pddl problem.pddl sas_plan
