INFO     Running translator.
INFO     translator stdin: None
INFO     translator time limit: 1799.96s
INFO     translator memory limit: 3584 MB
INFO     translator command line string: /infai/weidan00/downward/experiments/bachelor/.venv/bin/python3 /infai/weidan00/downward/experiments/bachelor/data/bachelor-v1/code-7aa5f34_e5e41175/builds/release/bin/translate/translate.py domain.pddl problem.pddl --sas-file output.sas
Parsing...
Parsing: [0.000s CPU, 0.005s wall-clock]
Normalizing task... [0.000s CPU, 0.000s wall-clock]
Instantiating...
Generating Datalog program... [0.000s CPU, 0.001s wall-clock]
Normalizing Datalog program...
Normalizing Datalog program: [0.000s CPU, 0.002s wall-clock]
Preparing model... [0.010s CPU, 0.002s wall-clock]
Generated 65 rules.
Computing model... [0.010s CPU, 0.008s wall-clock]
818 relevant atoms
164 auxiliary atoms
982 final queue length
2435 total queue pushes
Completing instantiation... [0.030s CPU, 0.035s wall-clock]
Instantiating: [0.050s CPU, 0.049s wall-clock]
Computing fact groups...
Finding invariants...
21 initial candidates
Finding invariants: [0.000s CPU, 0.004s wall-clock]
Checking invariant weight... [0.000s CPU, 0.000s wall-clock]
Instantiating groups... [0.000s CPU, 0.000s wall-clock]
Collecting mutex groups... [0.000s CPU, 0.000s wall-clock]
Choosing groups...
291 uncovered facts
Choosing groups: [0.000s CPU, 0.000s wall-clock]
Building translation key... [0.000s CPU, 0.001s wall-clock]
Computing fact groups: [0.010s CPU, 0.008s wall-clock]
Building STRIPS to SAS dictionary... [0.000s CPU, 0.000s wall-clock]
Building dictionary for full mutex groups... [0.000s CPU, 0.001s wall-clock]
Building mutex information...
Building mutex information: [0.000s CPU, 0.000s wall-clock]
Translating task...
Processing axioms...
Simplifying axioms... [0.000s CPU, 0.000s wall-clock]
Processing axioms: [0.000s CPU, 0.003s wall-clock]
Translating task: [0.050s CPU, 0.053s wall-clock]
1644 effect conditions simplified
0 implied preconditions added
Detecting unreachable propositions...
0 operators removed
0 axioms removed
12 propositions removed
Detecting unreachable propositions: [0.020s CPU, 0.019s wall-clock]
Reordering and filtering variables...
153 of 285 variables necessary.
0 of 0 mutex groups necessary.
385 of 385 operators necessary.
0 of 0 axiom rules necessary.
Reordering and filtering variables: [0.020s CPU, 0.017s wall-clock]
Translator variables: 153
Translator derived variables: 0
Translator facts: 306
Translator goal facts: 16
Translator mutex groups: 0
Translator total mutex groups size: 0
Translator operators: 385
Translator axioms: 0
Translator task size: 3725
Translator peak memory: 146380 KB
Writing output... [0.000s CPU, 0.009s wall-clock]
Done! [0.150s CPU, 0.164s wall-clock]
translate exit code: 0

INFO     Running search (release).
INFO     search stdin: output.sas
INFO     search time limit: 1799.75s
INFO     search memory limit: 3584 MB
INFO     search command line string: /infai/weidan00/downward/experiments/bachelor/data/bachelor-v1/code-7aa5f34_e5e41175/builds/release/bin/downward --search 'eager_wastar([add()], w=2)' --internal-plan-file sas_plan < output.sas
[t=6.1008e-05s, 17204 KB] reading input...
[t=0.00398877s, 17352 KB] done reading input!
[t=0.00603631s, 17780 KB] Simplifying 1632 unary operators... done! [1307 unary operators]
[t=0.00741564s, 17912 KB] time to simplify: 0.0014585s
[t=0.007624s, 17912 KB] Initializing additive heuristic...
[t=0.00775251s, 17912 KB] Building successor generator...done!
[t=0.00810002s, 17912 KB] peak memory difference for successor generator creation: 0 KB
[t=0.00813946s, 17912 KB] time for successor generation creation: 0.000221931s
[t=0.00818855s, 17912 KB] Variables: 153
[t=0.00822815s, 17912 KB] FactPairs: 306
[t=0.00826814s, 17912 KB] Bytes per state: 20
[t=0.00838557s, 17912 KB] Conducting best first search with reopening closed nodes, (real) bound = 2147483647
[t=0.00850552s, 17912 KB] New best heuristic value for add: 16
[t=0.00854859s, 17912 KB] g=0, 1 evaluated, 0 expanded
[t=0.00859847s, 17912 KB] Initial heuristic value for add: 16
[t=0.00863879s, 17912 KB] pruning method: none
[t=0.00924746s, 17912 KB] New best heuristic value for add: 15
[t=0.00929372s, 17912 KB] g=1, 27 evaluated, 1 expanded
[t=0.0157602s, 17912 KB] New best heuristic value for add: 14
[t=0.0158144s, 17912 KB] g=2, 345 evaluated, 2 expanded
[t=0.019934s, 17912 KB] New best heuristic value for add: 13
[t=0.0199848s, 17912 KB] g=3, 549 evaluated, 3 expanded
[t=0.0658221s, 17912 KB] New best heuristic value for add: 12
[t=0.0659057s, 17912 KB] g=5, 2825 evaluated, 36 expanded
[t=0.0703148s, 17912 KB] New best heuristic value for add: 11
[t=0.0703675s, 17912 KB] g=6, 3048 evaluated, 37 expanded
[t=0.128041s, 17912 KB] New best heuristic value for add: 10
[t=0.128146s, 17912 KB] g=8, 5983 evaluated, 59 expanded
[t=0.665016s, 19600 KB] New best heuristic value for add: 9
[t=0.665131s, 19600 KB] g=10, 32981 evaluated, 290 expanded
[t=0.860045s, 20000 KB] New best heuristic value for add: 8
[t=0.860152s, 20000 KB] g=11, 42824 evaluated, 367 expanded
[t=1.05346s, 20536 KB] New best heuristic value for add: 7
[t=1.05356s, 20536 KB] g=13, 52822 evaluated, 463 expanded
[t=1.08056s, 20536 KB] New best heuristic value for add: 6
[t=1.08065s, 20536 KB] g=14, 54196 evaluated, 472 expanded
[t=1.15864s, 21696 KB] New best heuristic value for add: 5
[t=1.15876s, 21696 KB] g=16, 58183 evaluated, 504 expanded
[t=1.3322s, 21696 KB] New best heuristic value for add: 4
[t=1.3323s, 21696 KB] g=17, 67292 evaluated, 595 expanded
[t=1.56109s, 22248 KB] New best heuristic value for add: 3
[t=1.5612s, 22248 KB] g=19, 79805 evaluated, 716 expanded
[t=285.796s, 1028076 KB] New best heuristic value for add: 2
[t=285.796s, 1028076 KB] g=20, 15231334 evaluated, 218962 expanded, 6294 reopened
[t=285.873s, 1028076 KB] New best heuristic value for add: 1
[t=285.873s, 1028076 KB] g=22, 15235784 evaluated, 218993 expanded, 6294 reopened
[t=285.876s, 1028076 KB] New best heuristic value for add: 0
[t=285.876s, 1028076 KB] g=23, 15235956 evaluated, 218994 expanded, 6294 reopened
[t=285.878s, 1028076 KB] Solution found!
[t=285.878s, 1028076 KB] Actual search time: 285.869s
do-punch h0 one front (1)
do-spray-paint e0 red (1)
do-lathe n0 (1)
do-grind o0 (1)
do-time-step  (1)
do-lathe m0 (1)
do-spray-paint j0 red (1)
do-time-step  (1)
do-lathe a0 (1)
do-time-step  (1)
do-spray-paint a0 blue (1)
do-lathe i0 (1)
do-time-step  (1)
do-grind i0 (1)
do-lathe f0 (1)
do-roll l0 (1)
do-time-step  (1)
do-immersion-paint l0 yellow (1)
do-polish f0 (1)
do-time-step  (1)
do-polish j0 (1)
do-time-step  (1)
do-polish d0 (1)
[t=285.878s, 1028076 KB] Plan length: 23 step(s).
[t=285.878s, 1028076 KB] Plan cost: 23
[t=285.878s, 1028076 KB] Expanded 218995 state(s).
[t=285.878s, 1028076 KB] Reopened 6294 state(s).
[t=285.878s, 1028076 KB] Evaluated 15236022 state(s).
[t=285.878s, 1028076 KB] Evaluations: 15236022
[t=285.878s, 1028076 KB] Generated 39327653 state(s).
[t=285.878s, 1028076 KB] Dead ends: 522402 state(s).
[t=285.878s, 1028076 KB] Number of registered states: 15236022
[t=285.878s, 1028076 KB] Int hash set load factor: 15236022/33554432 = 0.454069
[t=285.878s, 1028076 KB] Int hash set resizes: 25
[t=285.878s, 1028076 KB] mean number of q cost that have been adjusted 0 times in relation to total number of q: -1
[t=285.878s, 1028076 KB] mean number of q cost that have been adjusted 1 times in relation to total number of q: -1
[t=285.878s, 1028076 KB] mean number of q cost that have been adjusted 2 times in relation to total number of q: -1
[t=285.878s, 1028076 KB] mean number of q that are at some point overconsitent in relation to total number of q: -1
[t=285.878s, 1028076 KB] mean number of q that are at first underconsisten in relation to total number of q: -1
[t=285.878s, 1028076 KB] mean number of state variables that are not in common between two following states in relation to total number of state variables: -1
[t=285.878s, 1028076 KB] variance number of state variables that are not in common between two following states in relation to total number of state variables: -1
[t=285.878s, 1028076 KB] Search time: 285.869s
[t=285.878s, 1028076 KB] Total time: 285.878s
Solution found.
Peak memory: 1028076 KB
Remove intermediate file output.sas
search exit code: 0

INFO     Running validate.
INFO     validate stdin: None
INFO     validate time limit: None
INFO     validate memory limit: None
INFO     validate command line string: validate domain.pddl problem.pddl sas_plan
