INFO     Running translator.
INFO     translator stdin: None
INFO     translator time limit: 1799.96s
INFO     translator memory limit: 3584 MB
INFO     translator command line string: /infai/weidan00/downward/experiments/bachelor/.venv/bin/python3 /infai/weidan00/downward/experiments/bachelor/data/bachelor-v1/code-7aa5f34_e5e41175/builds/release/bin/translate/translate.py domain.pddl problem.pddl --sas-file output.sas
Parsing...
Parsing: [0.000s CPU, 0.004s wall-clock]
Normalizing task... [0.000s CPU, 0.000s wall-clock]
Instantiating...
Generating Datalog program... [0.000s CPU, 0.001s wall-clock]
Normalizing Datalog program...
Normalizing Datalog program: [0.000s CPU, 0.004s wall-clock]
Preparing model... [0.000s CPU, 0.002s wall-clock]
Generated 52 rules.
Computing model... [0.110s CPU, 0.103s wall-clock]
2438 relevant atoms
8797 auxiliary atoms
11235 final queue length
13566 total queue pushes
Completing instantiation... [0.090s CPU, 0.085s wall-clock]
Instantiating: [0.200s CPU, 0.198s wall-clock]
Computing fact groups...
Finding invariants...
6 initial candidates
Finding invariants: [0.010s CPU, 0.003s wall-clock]
Checking invariant weight... [0.000s CPU, 0.000s wall-clock]
Instantiating groups... [0.000s CPU, 0.001s wall-clock]
Collecting mutex groups... [0.000s CPU, 0.000s wall-clock]
Choosing groups...
1 uncovered facts
Choosing groups: [0.000s CPU, 0.000s wall-clock]
Building translation key... [0.000s CPU, 0.000s wall-clock]
Computing fact groups: [0.010s CPU, 0.006s wall-clock]
Building STRIPS to SAS dictionary... [0.000s CPU, 0.000s wall-clock]
Building dictionary for full mutex groups... [0.000s CPU, 0.000s wall-clock]
Building mutex information...
Building mutex information: [0.000s CPU, 0.000s wall-clock]
Translating task...
Processing axioms...
Simplifying axioms... [0.000s CPU, 0.000s wall-clock]
Processing axioms: [0.000s CPU, 0.005s wall-clock]
Translating task: [0.080s CPU, 0.082s wall-clock]
386 effect conditions simplified
0 implied preconditions added
Detecting unreachable propositions...
123 operators removed
0 axioms removed
32 propositions removed
Detecting unreachable propositions: [0.040s CPU, 0.038s wall-clock]
Reordering and filtering variables...
26 of 26 variables necessary.
0 of 25 mutex groups necessary.
1944 of 1944 operators necessary.
0 of 0 axiom rules necessary.
Reordering and filtering variables: [0.010s CPU, 0.010s wall-clock]
Translator variables: 26
Translator derived variables: 0
Translator facts: 171
Translator goal facts: 25
Translator mutex groups: 0
Translator total mutex groups size: 0
Translator operators: 1944
Translator axioms: 0
Translator task size: 11414
Translator peak memory: 151500 KB
Writing output... [0.020s CPU, 0.023s wall-clock]
Done! [0.360s CPU, 0.367s wall-clock]
translate exit code: 0

INFO     Running search (release).
INFO     search stdin: output.sas
INFO     search time limit: 1799.54s
INFO     search memory limit: 3584 MB
INFO     search command line string: /infai/weidan00/downward/experiments/bachelor/data/bachelor-v1/code-7aa5f34_e5e41175/builds/release/bin/downward --search 'eager_wastar([pinch_tracking()], w=2)' --internal-plan-file sas_plan < output.sas
[t=6.2931e-05s, 17204 KB] reading input...
[t=0.0111028s, 17792 KB] done reading input!
[t=0.0134755s, 18188 KB] Simplifying 2690 unary operators... done! [2684 unary operators]
[t=0.0164892s, 18452 KB] time to simplify: 0.00313072s
[t=0.0168338s, 18452 KB] Initializing pinch tracking heuristic...
[t=0.0169703s, 18452 KB] Building successor generator...done!
[t=0.0181709s, 18552 KB] peak memory difference for successor generator creation: 100 KB
[t=0.0182133s, 18552 KB] time for successor generation creation: 0.00104091s
[t=0.0182742s, 18552 KB] Variables: 26
[t=0.0183142s, 18552 KB] FactPairs: 171
[t=0.018354s, 18552 KB] Bytes per state: 12
[t=0.0184914s, 18552 KB] Conducting best first search with reopening closed nodes, (real) bound = 2147483647
[t=0.0189752s, 18552 KB] New best heuristic value for pinch_tracking: 1326
[t=0.0190223s, 18552 KB] g=0, 1 evaluated, 0 expanded
[t=0.0190754s, 18552 KB] Initial heuristic value for pinch_tracking: 1326
[t=0.019117s, 18552 KB] pruning method: none
[t=0.0203117s, 18552 KB] New best heuristic value for pinch_tracking: 990
[t=0.0203628s, 18552 KB] g=1, 5 evaluated, 1 expanded
[t=0.021801s, 18552 KB] New best heuristic value for pinch_tracking: 757
[t=0.0218525s, 18552 KB] g=2, 10 evaluated, 2 expanded
[t=0.0236591s, 18552 KB] New best heuristic value for pinch_tracking: 690
[t=0.0237133s, 18552 KB] g=3, 16 evaluated, 3 expanded
[t=0.0886669s, 18552 KB] New best heuristic value for pinch_tracking: 652
[t=0.0887622s, 18552 KB] g=11, 330 evaluated, 104 expanded
[t=0.925125s, 19448 KB] New best heuristic value for pinch_tracking: 627
[t=0.92524s, 19448 KB] g=21, 4224 evaluated, 3331 expanded, 1836 reopened
[t=0.937631s, 19448 KB] New best heuristic value for pinch_tracking: 618
[t=0.937703s, 19448 KB] g=23, 4277 evaluated, 3343 expanded, 1836 reopened
[t=0.970223s, 19588 KB] New best heuristic value for pinch_tracking: 614
[t=0.970315s, 19588 KB] g=27, 4420 evaluated, 3378 expanded, 1836 reopened
[t=7.32675s, 21936 KB] New best heuristic value for pinch_tracking: 613
[t=7.32686s, 21936 KB] g=33, 32576 evaluated, 42607 expanded, 31310 reopened
[t=7.34261s, 21936 KB] New best heuristic value for pinch_tracking: 597
[t=7.3427s, 21936 KB] g=35, 32646 evaluated, 42624 expanded, 31310 reopened
[t=7.97275s, 22872 KB] New best heuristic value for pinch_tracking: 580
[t=7.97286s, 22872 KB] g=57, 35323 evaluated, 43463 expanded, 31413 reopened
[t=53.383s, 40812 KB] New best heuristic value for pinch_tracking: 557
[t=53.3831s, 40812 KB] g=35, 228578 evaluated, 355693 expanded, 275081 reopened
[t=54.2614s, 40812 KB] New best heuristic value for pinch_tracking: 547
[t=54.2615s, 40812 KB] g=47, 232262 evaluated, 356861 expanded, 275214 reopened
[t=308.477s, 143648 KB] New best heuristic value for pinch_tracking: 545
[t=308.477s, 143648 KB] g=57, 1272296 evaluated, 2571777 expanded, 2111866 reopened
[t=313.041s, 144316 KB] New best heuristic value for pinch_tracking: 543
[t=313.041s, 144316 KB] g=89, 1290894 evaluated, 2580821 expanded, 2115531 reopened
[t=315.988s, 144720 KB] New best heuristic value for pinch_tracking: 526
[t=315.988s, 144720 KB] g=75, 1302864 evaluated, 2585079 expanded, 2116453 reopened
[t=320.51s, 145400 KB] New best heuristic value for pinch_tracking: 507
[t=320.51s, 145400 KB] g=73, 1321047 evaluated, 2598486 expanded, 2124598 reopened
[t=1430.73s, 546888 KB] New best heuristic value for pinch_tracking: 499
[t=1430.73s, 546888 KB] g=89, 5773173 evaluated, 11824536 expanded, 9696845 reopened
[t=1624.36s, 579240 KB] New best heuristic value for pinch_tracking: 492
[t=1624.36s, 579240 KB] g=105, 6537449 evaluated, 12655151 expanded, 10294491 reopened
Peak memory: 725860 KB
caught signal 24 -- exiting
Time limit has been reached.
Remove intermediate file output.sas
search exit code: 23

Driver aborting after search
