INFO     Running translator.
INFO     translator stdin: None
INFO     translator time limit: 1799.95s
INFO     translator memory limit: 3584 MB
INFO     translator command line string: /infai/weidan00/downward/experiments/bachelor/.venv/bin/python3 /infai/weidan00/downward/experiments/bachelor/data/bachelor-v1/code-7aa5f34_e5e41175/builds/release/bin/translate/translate.py domain.pddl problem.pddl --sas-file output.sas
Parsing...
Parsing: [0.000s CPU, 0.003s wall-clock]
Normalizing task... [0.000s CPU, 0.000s wall-clock]
Instantiating...
Generating Datalog program... [0.000s CPU, 0.001s wall-clock]
Normalizing Datalog program...
Normalizing Datalog program: [0.000s CPU, 0.004s wall-clock]
Preparing model... [0.000s CPU, 0.002s wall-clock]
Generated 51 rules.
Computing model... [0.030s CPU, 0.025s wall-clock]
1072 relevant atoms
1096 auxiliary atoms
2168 final queue length
2585 total queue pushes
Completing instantiation... [0.020s CPU, 0.021s wall-clock]
Instantiating: [0.050s CPU, 0.053s wall-clock]
Computing fact groups...
Finding invariants...
6 initial candidates
Finding invariants: [0.000s CPU, 0.002s wall-clock]
Checking invariant weight... [0.000s CPU, 0.000s wall-clock]
Instantiating groups... [0.000s CPU, 0.002s wall-clock]
Collecting mutex groups... [0.000s CPU, 0.000s wall-clock]
Choosing groups...
0 uncovered facts
Choosing groups: [0.000s CPU, 0.001s wall-clock]
Building translation key... [0.000s CPU, 0.000s wall-clock]
Computing fact groups: [0.010s CPU, 0.008s wall-clock]
Building STRIPS to SAS dictionary... [0.000s CPU, 0.000s wall-clock]
Building dictionary for full mutex groups... [0.000s CPU, 0.000s wall-clock]
Building mutex information...
Building mutex information: [0.000s CPU, 0.000s wall-clock]
Translating task...
Processing axioms...
Simplifying axioms... [0.000s CPU, 0.000s wall-clock]
Processing axioms: [0.000s CPU, 0.001s wall-clock]
Translating task: [0.020s CPU, 0.019s wall-clock]
0 effect conditions simplified
0 implied preconditions added
Detecting unreachable propositions...
0 operators removed
0 axioms removed
22 propositions removed
Detecting unreachable propositions: [0.000s CPU, 0.010s wall-clock]
Reordering and filtering variables...
22 of 22 variables necessary.
0 of 22 mutex groups necessary.
650 of 650 operators necessary.
0 of 0 axiom rules necessary.
Reordering and filtering variables: [0.000s CPU, 0.003s wall-clock]
Translator variables: 22
Translator derived variables: 0
Translator facts: 275
Translator goal facts: 15
Translator mutex groups: 0
Translator total mutex groups size: 0
Translator operators: 650
Translator axioms: 0
Translator task size: 2862
Translator peak memory: 144844 KB
Writing output... [0.000s CPU, 0.008s wall-clock]
Done! [0.090s CPU, 0.106s wall-clock]
translate exit code: 0

INFO     Running search (release).
INFO     search stdin: output.sas
INFO     search time limit: 1799.79s
INFO     search memory limit: 3584 MB
INFO     search command line string: /infai/weidan00/downward/experiments/bachelor/data/bachelor-v1/code-7aa5f34_e5e41175/builds/release/bin/downward --search 'eager_wastar([pinch()], w=2)' --internal-plan-file sas_plan < output.sas
[t=6.4838e-05s, 17204 KB] reading input...
[t=0.00351864s, 17352 KB] done reading input!
[t=0.00551432s, 17748 KB] Simplifying 650 unary operators... done! [650 unary operators]
[t=0.00592534s, 17748 KB] time to simplify: 0.000484406s
[t=0.00608811s, 17748 KB] Initializing pinch heuristic...
[t=0.0062146s, 17748 KB] Building successor generator...done!
[t=0.00666542s, 17880 KB] peak memory difference for successor generator creation: 132 KB
[t=0.00670604s, 17880 KB] time for successor generation creation: 0.00032148s
[t=0.00675813s, 17880 KB] Variables: 22
[t=0.00679845s, 17880 KB] FactPairs: 275
[t=0.00683832s, 17880 KB] Bytes per state: 12
[t=0.00697403s, 17880 KB] Conducting best first search with reopening closed nodes, (real) bound = 2147483647
[t=0.00714491s, 17880 KB] New best heuristic value for pinch: 96
[t=0.00718986s, 17880 KB] g=0, 1 evaluated, 0 expanded
[t=0.0072413s, 17880 KB] Initial heuristic value for pinch: 96
[t=0.00728323s, 17880 KB] pruning method: none
[t=0.00735986s, 17880 KB] New best heuristic value for pinch: 95
[t=0.00740221s, 17880 KB] g=1, 3 evaluated, 1 expanded
[t=0.00775218s, 17880 KB] New best heuristic value for pinch: 94
[t=0.00780547s, 17880 KB] g=2, 30 evaluated, 2 expanded
[t=0.00815098s, 17880 KB] New best heuristic value for pinch: 93
[t=0.00819773s, 17880 KB] g=3, 57 evaluated, 3 expanded
[t=0.00854862s, 17880 KB] New best heuristic value for pinch: 92
[t=0.0085952s, 17880 KB] g=4, 84 evaluated, 4 expanded
[t=0.00895273s, 17880 KB] New best heuristic value for pinch: 91
[t=0.00899983s, 17880 KB] g=5, 109 evaluated, 5 expanded
[t=0.00936165s, 17880 KB] New best heuristic value for pinch: 90
[t=0.00940741s, 17880 KB] g=6, 135 evaluated, 6 expanded
[t=0.0097698s, 17880 KB] New best heuristic value for pinch: 89
[t=0.00981623s, 17880 KB] g=7, 161 evaluated, 7 expanded
[t=0.0101447s, 17880 KB] New best heuristic value for pinch: 88
[t=0.0101896s, 17880 KB] g=8, 184 evaluated, 8 expanded
[t=0.0105401s, 17880 KB] New best heuristic value for pinch: 87
[t=0.010594s, 17880 KB] g=9, 208 evaluated, 9 expanded
[t=0.0109386s, 17880 KB] New best heuristic value for pinch: 86
[t=0.0109849s, 17880 KB] g=10, 232 evaluated, 10 expanded
[t=0.0113019s, 17880 KB] New best heuristic value for pinch: 85
[t=0.0113466s, 17880 KB] g=11, 253 evaluated, 11 expanded
[t=0.0117141s, 17880 KB] New best heuristic value for pinch: 84
[t=0.0117601s, 17880 KB] g=12, 275 evaluated, 12 expanded
[t=0.0120893s, 17880 KB] New best heuristic value for pinch: 83
[t=0.0121362s, 17880 KB] g=13, 297 evaluated, 13 expanded
[t=0.0124518s, 17880 KB] New best heuristic value for pinch: 82
[t=0.0124976s, 17880 KB] g=14, 317 evaluated, 14 expanded
[t=0.0128285s, 17880 KB] New best heuristic value for pinch: 81
[t=0.0128745s, 17880 KB] g=15, 338 evaluated, 15 expanded
[t=0.0132504s, 17880 KB] New best heuristic value for pinch: 80
[t=0.0132969s, 17880 KB] g=16, 362 evaluated, 16 expanded
[t=0.0135595s, 17880 KB] New best heuristic value for pinch: 79
[t=0.0136061s, 17880 KB] g=17, 378 evaluated, 17 expanded
[t=0.0138628s, 17880 KB] New best heuristic value for pinch: 78
[t=0.0139096s, 17880 KB] g=18, 394 evaluated, 18 expanded
[t=0.0142017s, 17880 KB] New best heuristic value for pinch: 77
[t=0.0142483s, 17880 KB] g=19, 413 evaluated, 19 expanded
[t=0.0144108s, 17880 KB] New best heuristic value for pinch: 76
[t=0.0144547s, 17880 KB] g=20, 422 evaluated, 20 expanded
[t=0.0147347s, 17880 KB] New best heuristic value for pinch: 75
[t=0.014781s, 17880 KB] g=21, 439 evaluated, 21 expanded
[t=0.0150714s, 17880 KB] New best heuristic value for pinch: 74
[t=0.0151167s, 17880 KB] g=22, 457 evaluated, 22 expanded
[t=0.0154517s, 17880 KB] New best heuristic value for pinch: 73
[t=0.0154972s, 17880 KB] g=23, 478 evaluated, 23 expanded
[t=0.0158058s, 17880 KB] New best heuristic value for pinch: 72
[t=0.0158508s, 17880 KB] g=24, 497 evaluated, 24 expanded
[t=0.0162211s, 17880 KB] New best heuristic value for pinch: 71
[t=0.0162677s, 17880 KB] g=25, 516 evaluated, 25 expanded
[t=0.016589s, 17880 KB] New best heuristic value for pinch: 70
[t=0.0166344s, 17880 KB] g=26, 537 evaluated, 26 expanded
[t=0.0169439s, 17880 KB] New best heuristic value for pinch: 69
[t=0.0169968s, 17880 KB] g=27, 557 evaluated, 27 expanded
[t=0.0173165s, 17880 KB] New best heuristic value for pinch: 68
[t=0.0173622s, 17880 KB] g=28, 578 evaluated, 28 expanded
[t=0.0178185s, 17880 KB] New best heuristic value for pinch: 67
[t=0.0178652s, 17880 KB] g=29, 609 evaluated, 29 expanded
[t=0.0181247s, 17880 KB] New best heuristic value for pinch: 66
[t=0.0181706s, 17880 KB] g=30, 625 evaluated, 30 expanded
[t=0.0184774s, 17880 KB] New best heuristic value for pinch: 65
[t=0.0185237s, 17880 KB] g=31, 645 evaluated, 31 expanded
[t=0.0188931s, 17880 KB] New best heuristic value for pinch: 64
[t=0.0189395s, 17880 KB] g=32, 668 evaluated, 32 expanded
[t=0.0194377s, 17880 KB] New best heuristic value for pinch: 63
[t=0.0194845s, 17880 KB] g=33, 702 evaluated, 34 expanded
[t=0.019766s, 17880 KB] New best heuristic value for pinch: 62
[t=0.0198163s, 17880 KB] g=34, 721 evaluated, 35 expanded
[t=0.0201161s, 17880 KB] New best heuristic value for pinch: 61
[t=0.0201615s, 17880 KB] g=36, 741 evaluated, 37 expanded
[t=0.0204795s, 17880 KB] New best heuristic value for pinch: 60
[t=0.0205251s, 17880 KB] g=37, 762 evaluated, 38 expanded
[t=0.0208816s, 17880 KB] New best heuristic value for pinch: 59
[t=0.0209281s, 17880 KB] g=38, 785 evaluated, 39 expanded
[t=0.0215417s, 17880 KB] New best heuristic value for pinch: 58
[t=0.0215892s, 17880 KB] g=38, 828 evaluated, 41 expanded
[t=0.0219364s, 17880 KB] New best heuristic value for pinch: 57
[t=0.0219817s, 17880 KB] g=39, 850 evaluated, 42 expanded
[t=0.0223416s, 17880 KB] New best heuristic value for pinch: 56
[t=0.0223874s, 17880 KB] g=40, 874 evaluated, 43 expanded
[t=0.0238557s, 17880 KB] New best heuristic value for pinch: 55
[t=0.0239064s, 17880 KB] g=42, 981 evaluated, 48 expanded
[t=0.0242517s, 17880 KB] New best heuristic value for pinch: 54
[t=0.0242962s, 17880 KB] g=43, 1004 evaluated, 49 expanded
[t=0.0247714s, 17880 KB] New best heuristic value for pinch: 53
[t=0.0248195s, 17880 KB] g=44, 1029 evaluated, 50 expanded
[t=0.0254066s, 17880 KB] New best heuristic value for pinch: 52
[t=0.0254542s, 17880 KB] g=45, 1070 evaluated, 51 expanded
[t=0.0266954s, 17880 KB] New best heuristic value for pinch: 51
[t=0.0267457s, 17880 KB] g=47, 1162 evaluated, 56 expanded
[t=0.0271022s, 17880 KB] New best heuristic value for pinch: 50
[t=0.0271484s, 17880 KB] g=48, 1186 evaluated, 57 expanded
[t=0.0275329s, 17880 KB] New best heuristic value for pinch: 49
[t=0.0275793s, 17880 KB] g=49, 1212 evaluated, 58 expanded
[t=0.0280622s, 17880 KB] New best heuristic value for pinch: 48
[t=0.0281079s, 17880 KB] g=50, 1246 evaluated, 59 expanded
[t=0.0284455s, 17880 KB] New best heuristic value for pinch: 47
[t=0.0284908s, 17880 KB] g=51, 1269 evaluated, 60 expanded
[t=0.0288045s, 17880 KB] New best heuristic value for pinch: 46
[t=0.0288505s, 17880 KB] g=52, 1291 evaluated, 61 expanded
[t=0.0292215s, 17880 KB] New best heuristic value for pinch: 45
[t=0.0292713s, 17880 KB] g=53, 1318 evaluated, 62 expanded
[t=0.0295729s, 17880 KB] New best heuristic value for pinch: 44
[t=0.0296186s, 17880 KB] g=54, 1340 evaluated, 63 expanded
[t=0.02995s, 17880 KB] New best heuristic value for pinch: 43
[t=0.0299955s, 17880 KB] g=55, 1363 evaluated, 64 expanded
[t=0.0303423s, 17880 KB] New best heuristic value for pinch: 42
[t=0.0303892s, 17880 KB] g=56, 1388 evaluated, 65 expanded
[t=0.030724s, 17880 KB] New best heuristic value for pinch: 41
[t=0.0307717s, 17880 KB] g=57, 1412 evaluated, 66 expanded
[t=0.031144s, 17880 KB] New best heuristic value for pinch: 40
[t=0.0311902s, 17880 KB] g=58, 1438 evaluated, 67 expanded
[t=0.0314669s, 17880 KB] New best heuristic value for pinch: 39
[t=0.031512s, 17880 KB] g=59, 1457 evaluated, 68 expanded
[t=0.032356s, 17880 KB] New best heuristic value for pinch: 38
[t=0.0324048s, 17880 KB] g=60, 1521 evaluated, 71 expanded
[t=0.0327569s, 17880 KB] New best heuristic value for pinch: 37
[t=0.0328018s, 17880 KB] g=61, 1544 evaluated, 72 expanded
[t=0.0329851s, 17880 KB] New best heuristic value for pinch: 36
[t=0.0330288s, 17880 KB] g=62, 1553 evaluated, 73 expanded
[t=0.0333594s, 17880 KB] New best heuristic value for pinch: 35
[t=0.0334052s, 17880 KB] g=63, 1574 evaluated, 74 expanded
[t=0.0337529s, 17880 KB] New best heuristic value for pinch: 34
[t=0.0337984s, 17880 KB] g=64, 1596 evaluated, 75 expanded
[t=0.0342546s, 17880 KB] New best heuristic value for pinch: 33
[t=0.0343008s, 17880 KB] g=65, 1628 evaluated, 76 expanded
[t=0.034921s, 17880 KB] New best heuristic value for pinch: 32
[t=0.0349681s, 17880 KB] g=66, 1672 evaluated, 78 expanded
[t=0.0352393s, 17880 KB] New best heuristic value for pinch: 31
[t=0.0352851s, 17880 KB] g=67, 1690 evaluated, 79 expanded
[t=0.0355345s, 17880 KB] New best heuristic value for pinch: 30
[t=0.0355799s, 17880 KB] g=68, 1709 evaluated, 80 expanded
[t=0.0357954s, 17880 KB] New best heuristic value for pinch: 29
[t=0.0358416s, 17880 KB] g=69, 1722 evaluated, 81 expanded
[t=0.0361887s, 17880 KB] New best heuristic value for pinch: 28
[t=0.036235s, 17880 KB] g=70, 1745 evaluated, 82 expanded
[t=0.0365891s, 17880 KB] New best heuristic value for pinch: 27
[t=0.0366354s, 17880 KB] g=71, 1768 evaluated, 83 expanded
[t=0.0372055s, 17880 KB] New best heuristic value for pinch: 26
[t=0.0372542s, 17880 KB] g=72, 1807 evaluated, 84 expanded
[t=0.038797s, 17880 KB] New best heuristic value for pinch: 25
[t=0.0388483s, 17880 KB] g=74, 1921 evaluated, 90 expanded
[t=0.039176s, 17880 KB] New best heuristic value for pinch: 24
[t=0.0392213s, 17880 KB] g=75, 1943 evaluated, 91 expanded
[t=0.0395909s, 17880 KB] New best heuristic value for pinch: 23
[t=0.0396355s, 17880 KB] g=76, 1968 evaluated, 92 expanded
[t=0.0416566s, 17880 KB] New best heuristic value for pinch: 22
[t=0.0417097s, 17880 KB] g=78, 2102 evaluated, 98 expanded
[t=0.0420638s, 17880 KB] New best heuristic value for pinch: 21
[t=0.0421096s, 17880 KB] g=79, 2127 evaluated, 99 expanded
[t=0.0424955s, 17880 KB] New best heuristic value for pinch: 20
[t=0.0425397s, 17880 KB] g=80, 2154 evaluated, 100 expanded
[t=0.0430999s, 17880 KB] New best heuristic value for pinch: 19
[t=0.0431465s, 17880 KB] g=81, 2193 evaluated, 101 expanded
[t=0.043427s, 17880 KB] New best heuristic value for pinch: 18
[t=0.0434724s, 17880 KB] g=82, 2213 evaluated, 102 expanded
[t=0.0438654s, 17880 KB] New best heuristic value for pinch: 17
[t=0.0439109s, 17880 KB] g=83, 2242 evaluated, 103 expanded
[t=0.0442842s, 17880 KB] New best heuristic value for pinch: 16
[t=0.0443289s, 17880 KB] g=84, 2269 evaluated, 104 expanded
[t=0.0444786s, 17880 KB] New best heuristic value for pinch: 15
[t=0.0445215s, 17880 KB] g=85, 2280 evaluated, 105 expanded
[t=0.0448724s, 17880 KB] New best heuristic value for pinch: 14
[t=0.0449173s, 17880 KB] g=86, 2303 evaluated, 106 expanded
[t=0.0452987s, 17880 KB] New best heuristic value for pinch: 13
[t=0.0453438s, 17880 KB] g=87, 2329 evaluated, 107 expanded
[t=0.0458404s, 17880 KB] New best heuristic value for pinch: 12
[t=0.0458877s, 17880 KB] g=88, 2363 evaluated, 108 expanded
[t=0.046232s, 17880 KB] New best heuristic value for pinch: 11
[t=0.0462785s, 17880 KB] g=89, 2388 evaluated, 109 expanded
[t=0.0465697s, 17880 KB] New best heuristic value for pinch: 10
[t=0.0466143s, 17880 KB] g=90, 2409 evaluated, 110 expanded
[t=0.0469322s, 17880 KB] New best heuristic value for pinch: 9
[t=0.0469785s, 17880 KB] g=91, 2432 evaluated, 111 expanded
[t=0.0479552s, 17880 KB] New best heuristic value for pinch: 8
[t=0.0480027s, 17880 KB] g=93, 2507 evaluated, 115 expanded
[t=0.0483376s, 17880 KB] New best heuristic value for pinch: 7
[t=0.048383s, 17880 KB] g=94, 2529 evaluated, 116 expanded
[t=0.0487427s, 17880 KB] New best heuristic value for pinch: 6
[t=0.0487881s, 17880 KB] g=95, 2554 evaluated, 117 expanded
[t=0.0505153s, 17880 KB] New best heuristic value for pinch: 5
[t=0.050565s, 17880 KB] g=97, 2688 evaluated, 123 expanded
[t=0.050879s, 17880 KB] New best heuristic value for pinch: 4
[t=0.0509242s, 17880 KB] g=98, 2711 evaluated, 124 expanded
[t=0.0512755s, 17880 KB] New best heuristic value for pinch: 3
[t=0.0513209s, 17880 KB] g=99, 2736 evaluated, 125 expanded
[t=0.053292s, 17880 KB] New best heuristic value for pinch: 2
[t=0.0533434s, 17880 KB] g=101, 2892 evaluated, 132 expanded
[t=0.0536425s, 17880 KB] New best heuristic value for pinch: 1
[t=0.0536875s, 17880 KB] g=102, 2914 evaluated, 133 expanded
[t=0.0540457s, 17880 KB] New best heuristic value for pinch: 0
[t=0.0540945s, 17880 KB] g=103, 2940 evaluated, 134 expanded
[t=0.054232s, 17880 KB] Solution found!
[t=0.0542861s, 17880 KB] Actual search time: 0.0469997s
load-truck obj53 tru5 pos5 (1)
drive-truck tru5 pos5 apt5 cit5 (1)
unload-truck obj53 tru5 apt5 (1)
load-truck obj43 tru4 pos4 (1)
drive-truck tru4 pos4 apt4 cit4 (1)
unload-truck obj43 tru4 apt4 (1)
load-truck obj33 tru3 pos3 (1)
drive-truck tru3 pos3 apt3 cit3 (1)
unload-truck obj33 tru3 apt3 (1)
load-truck obj23 tru2 pos2 (1)
drive-truck tru2 pos2 apt2 cit2 (1)
unload-truck obj23 tru2 apt2 (1)
load-truck obj13 tru1 pos1 (1)
drive-truck tru1 pos1 apt1 cit1 (1)
unload-truck obj13 tru1 apt1 (1)
load-airplane obj23 apn2 apt2 (1)
fly-airplane apn2 apt2 apt4 (1)
load-airplane obj43 apn2 apt4 (1)
unload-airplane obj23 apn2 apt4 (1)
load-truck obj23 tru4 apt4 (1)
drive-truck tru4 apt4 pos4 cit4 (1)
load-truck obj42 tru4 pos4 (1)
load-truck obj41 tru4 pos4 (1)
drive-truck tru4 pos4 apt4 cit4 (1)
unload-truck obj42 tru4 apt4 (1)
unload-truck obj41 tru4 apt4 (1)
drive-truck tru4 apt4 pos4 cit4 (1)
unload-truck obj23 tru4 pos4 (1)
load-airplane obj42 apn2 apt4 (1)
fly-airplane apn2 apt4 apt2 (1)
unload-airplane obj42 apn2 apt2 (1)
fly-airplane apn1 apt5 apt4 (1)
load-airplane obj41 apn1 apt4 (1)
fly-airplane apn1 apt4 apt3 (1)
drive-truck tru5 apt5 pos5 cit5 (1)
load-truck obj52 tru5 pos5 (1)
load-truck obj51 tru5 pos5 (1)
drive-truck tru5 pos5 apt5 cit5 (1)
unload-truck obj52 tru5 apt5 (1)
unload-truck obj51 tru5 apt5 (1)
drive-truck tru3 apt3 pos3 cit3 (1)
load-truck obj31 tru3 pos3 (1)
drive-truck tru3 pos3 apt3 cit3 (1)
unload-truck obj31 tru3 apt3 (1)
load-airplane obj31 apn1 apt3 (1)
drive-truck tru2 apt2 pos2 cit2 (1)
load-truck obj22 tru2 pos2 (1)
drive-truck tru2 pos2 apt2 cit2 (1)
unload-truck obj22 tru2 apt2 (1)
load-airplane obj22 apn2 apt2 (1)
fly-airplane apn2 apt2 apt5 (1)
load-airplane obj53 apn2 apt5 (1)
load-airplane obj52 apn2 apt5 (1)
fly-airplane apn2 apt5 apt2 (1)
unload-airplane obj53 apn2 apt2 (1)
fly-airplane apn2 apt2 apt4 (1)
unload-airplane obj52 apn2 apt4 (1)
unload-airplane obj22 apn2 apt4 (1)
fly-airplane apn2 apt4 apt5 (1)
load-airplane obj51 apn2 apt5 (1)
unload-airplane obj43 apn2 apt5 (1)
load-truck obj43 tru5 apt5 (1)
drive-truck tru5 apt5 pos5 cit5 (1)
unload-truck obj43 tru5 pos5 (1)
fly-airplane apn2 apt5 apt2 (1)
fly-airplane apn1 apt3 apt1 (1)
fly-airplane apn2 apt2 apt3 (1)
unload-airplane obj51 apn2 apt3 (1)
load-truck obj51 tru3 apt3 (1)
drive-truck tru3 apt3 pos3 cit3 (1)
unload-truck obj51 tru3 pos3 (1)
unload-airplane obj41 apn1 apt1 (1)
drive-truck tru2 apt2 pos2 cit2 (1)
load-truck obj21 tru2 pos2 (1)
drive-truck tru2 pos2 apt2 cit2 (1)
unload-truck obj21 tru2 apt2 (1)
drive-truck tru1 apt1 pos1 cit1 (1)
load-truck obj12 tru1 pos1 (1)
drive-truck tru1 pos1 apt1 cit1 (1)
unload-truck obj12 tru1 apt1 (1)
load-airplane obj12 apn1 apt1 (1)
fly-airplane apn1 apt1 apt2 (1)
load-airplane obj21 apn1 apt2 (1)
unload-airplane obj12 apn1 apt2 (1)
load-truck obj12 tru2 apt2 (1)
drive-truck tru2 apt2 pos2 cit2 (1)
unload-truck obj12 tru2 pos2 (1)
fly-airplane apn1 apt2 apt3 (1)
unload-airplane obj21 apn1 apt3 (1)
fly-airplane apn1 apt3 apt4 (1)
unload-airplane obj31 apn1 apt4 (1)
drive-truck tru3 pos3 apt3 cit3 (1)
load-truck obj21 tru3 apt3 (1)
drive-truck tru3 apt3 pos3 cit3 (1)
unload-truck obj21 tru3 pos3 (1)
drive-truck tru1 apt1 pos1 cit1 (1)
load-truck obj11 tru1 pos1 (1)
drive-truck tru1 pos1 apt1 cit1 (1)
unload-truck obj11 tru1 apt1 (1)
fly-airplane apn2 apt3 apt1 (1)
load-airplane obj11 apn2 apt1 (1)
fly-airplane apn2 apt1 apt3 (1)
unload-airplane obj11 apn2 apt3 (1)
[t=0.0543309s, 17880 KB] Plan length: 103 step(s).
[t=0.0543309s, 17880 KB] Plan cost: 103
[t=0.0543309s, 17880 KB] Expanded 135 state(s).
[t=0.0543309s, 17880 KB] Reopened 0 state(s).
[t=0.0543309s, 17880 KB] Evaluated 2947 state(s).
[t=0.0543309s, 17880 KB] Evaluations: 2947
[t=0.0543309s, 17880 KB] Generated 3251 state(s).
[t=0.0543309s, 17880 KB] Dead ends: 0 state(s).
[t=0.0543309s, 17880 KB] Number of registered states: 2947
[t=0.0543309s, 17880 KB] Int hash set load factor: 2947/4096 = 0.719482
[t=0.0543309s, 17880 KB] Int hash set resizes: 12
[t=0.0543309s, 17880 KB] mean number of q cost that have been adjusted 0 times in relation to total number of q: -1
[t=0.0543309s, 17880 KB] mean number of q cost that have been adjusted 1 times in relation to total number of q: -1
[t=0.0543309s, 17880 KB] mean number of q cost that have been adjusted 2 times in relation to total number of q: -1
[t=0.0543309s, 17880 KB] mean number of q that are at some point overconsitent in relation to total number of q: -1
[t=0.0543309s, 17880 KB] mean number of q that are at first underconsisten in relation to total number of q: -1
[t=0.0543309s, 17880 KB] mean number of state variables that are not in common between two following states in relation to total number of state variables: -1
[t=0.0543309s, 17880 KB] variance number of state variables that are not in common between two following states in relation to total number of state variables: -1
[t=0.0543309s, 17880 KB] Search time: 0.0473575s
[t=0.0543309s, 17880 KB] Total time: 0.0543309s
Solution found.
Peak memory: 17880 KB
Remove intermediate file output.sas
search exit code: 0

INFO     Running validate.
INFO     validate stdin: None
INFO     validate time limit: None
INFO     validate memory limit: None
INFO     validate command line string: validate domain.pddl problem.pddl sas_plan
