INFO     Running translator.
INFO     translator stdin: None
INFO     translator time limit: 1799.95s
INFO     translator memory limit: 3584 MB
INFO     translator command line string: /infai/weidan00/downward/experiments/bachelor/.venv/bin/python3 /infai/weidan00/downward/experiments/bachelor/data/bachelor-v1/code-7aa5f34_e5e41175/builds/release/bin/translate/translate.py domain.pddl problem.pddl --sas-file output.sas
Parsing...
Parsing: [0.000s CPU, 0.003s wall-clock]
Normalizing task... [0.000s CPU, 0.000s wall-clock]
Instantiating...
Generating Datalog program... [0.000s CPU, 0.001s wall-clock]
Normalizing Datalog program...
Normalizing Datalog program: [0.010s CPU, 0.003s wall-clock]
Preparing model... [0.000s CPU, 0.001s wall-clock]
Generated 43 rules.
Computing model... [0.010s CPU, 0.009s wall-clock]
438 relevant atoms
518 auxiliary atoms
956 final queue length
1520 total queue pushes
Completing instantiation... [0.010s CPU, 0.013s wall-clock]
Instantiating: [0.030s CPU, 0.027s wall-clock]
Computing fact groups...
Finding invariants...
16 initial candidates
Finding invariants: [0.000s CPU, 0.004s wall-clock]
Checking invariant weight... [0.000s CPU, 0.000s wall-clock]
Instantiating groups... [0.000s CPU, 0.000s wall-clock]
Collecting mutex groups... [0.000s CPU, 0.000s wall-clock]
Choosing groups...
26 uncovered facts
Choosing groups: [0.000s CPU, 0.000s wall-clock]
Building translation key... [0.000s CPU, 0.000s wall-clock]
Computing fact groups: [0.000s CPU, 0.006s wall-clock]
Building STRIPS to SAS dictionary... [0.000s CPU, 0.000s wall-clock]
Building dictionary for full mutex groups... [0.000s CPU, 0.000s wall-clock]
Building mutex information...
Building mutex information: [0.000s CPU, 0.000s wall-clock]
Translating task...
Processing axioms...
Simplifying axioms... [0.000s CPU, 0.000s wall-clock]
Processing axioms: [0.000s CPU, 0.001s wall-clock]
Translating task: [0.020s CPU, 0.016s wall-clock]
360 effect conditions simplified
0 implied preconditions added
Detecting unreachable propositions...
0 operators removed
0 axioms removed
23 propositions removed
Detecting unreachable propositions: [0.010s CPU, 0.008s wall-clock]
Reordering and filtering variables...
19 of 22 variables necessary.
2 of 7 mutex groups necessary.
260 of 260 operators necessary.
0 of 0 axiom rules necessary.
Reordering and filtering variables: [0.000s CPU, 0.003s wall-clock]
Translator variables: 19
Translator derived variables: 0
Translator facts: 81
Translator goal facts: 3
Translator mutex groups: 2
Translator total mutex groups size: 8
Translator operators: 260
Translator axioms: 0
Translator task size: 2043
Translator peak memory: 143820 KB
Writing output... [0.000s CPU, 0.008s wall-clock]
Done! [0.060s CPU, 0.073s wall-clock]
translate exit code: 0

INFO     Running search (release).
INFO     search stdin: output.sas
INFO     search time limit: 1799.82s
INFO     search memory limit: 3584 MB
INFO     search command line string: /infai/weidan00/downward/experiments/bachelor/data/bachelor-v1/code-7aa5f34_e5e41175/builds/release/bin/downward --search 'eager_wastar([pinch()], w=2)' --internal-plan-file sas_plan < output.sas
[t=6.8823e-05s, 17204 KB] reading input...
[t=0.00250769s, 17344 KB] done reading input!
[t=0.00459665s, 17604 KB] Simplifying 944 unary operators... done! [832 unary operators]
[t=0.00536393s, 17736 KB] time to simplify: 0.000848744s
[t=0.00553172s, 17736 KB] Initializing pinch heuristic...
[t=0.00566809s, 17736 KB] Building successor generator...done!
[t=0.00599517s, 17736 KB] peak memory difference for successor generator creation: 0 KB
[t=0.00603501s, 17736 KB] time for successor generation creation: 0.000200594s
[t=0.0060851s, 17736 KB] Variables: 19
[t=0.00612574s, 17736 KB] FactPairs: 81
[t=0.00616541s, 17736 KB] Bytes per state: 8
[t=0.00631083s, 17736 KB] Conducting best first search with reopening closed nodes, (real) bound = 2147483647
[t=0.00649806s, 17736 KB] New best heuristic value for pinch: 12
[t=0.00654346s, 17736 KB] g=0, 1 evaluated, 0 expanded
[t=0.00659216s, 17736 KB] Initial heuristic value for pinch: 12
[t=0.00663372s, 17736 KB] pruning method: none
[t=0.00683383s, 17736 KB] New best heuristic value for pinch: 9
[t=0.00687837s, 17736 KB] g=1, 4 evaluated, 1 expanded
[t=0.00709059s, 17736 KB] New best heuristic value for pinch: 6
[t=0.00713447s, 17736 KB] g=2, 7 evaluated, 2 expanded
[t=0.00860828s, 17736 KB] New best heuristic value for pinch: 5
[t=0.00867231s, 17736 KB] g=5, 35 evaluated, 8 expanded
[t=0.00904805s, 17736 KB] New best heuristic value for pinch: 4
[t=0.00909441s, 17736 KB] g=6, 41 evaluated, 9 expanded
[t=0.00978873s, 17736 KB] New best heuristic value for pinch: 3
[t=0.00983689s, 17736 KB] g=8, 53 evaluated, 11 expanded
[t=0.0100608s, 17736 KB] New best heuristic value for pinch: 2
[t=0.0101055s, 17736 KB] g=9, 57 evaluated, 12 expanded
[t=0.028111s, 17736 KB] New best heuristic value for pinch: 1
[t=0.0282049s, 17736 KB] g=13, 424 evaluated, 91 expanded
[t=0.0286425s, 17736 KB] New best heuristic value for pinch: 0
[t=0.0286888s, 17736 KB] g=14, 432 evaluated, 92 expanded
[t=0.0287325s, 17736 KB] Solution found!
[t=0.0287759s, 17736 KB] Actual search time: 0.0221379s
move hoist0 depot0-2-2 depot0-2-3 (1)
go-out hoist0 depot0-2-3 loadarea (1)
lift hoist0 crate0 container-0-0 loadarea container0 (1)
drop hoist0 crate0 depot0-2-3 loadarea depot0 (1)
lift hoist1 crate0 depot0-2-3 depot0-1-3 depot0 (1)
lift hoist0 crate1 container-0-1 loadarea container0 (1)
drop hoist0 crate1 depot0-2-3 loadarea depot0 (1)
move hoist1 depot0-1-3 depot0-1-2 (1)
drop hoist1 crate0 depot0-1-1 depot0-1-2 depot0 (1)
lift hoist0 crate2 container-0-2 loadarea container0 (1)
move hoist1 depot0-1-2 depot0-1-3 (1)
lift hoist1 crate1 depot0-2-3 depot0-1-3 depot0 (1)
drop hoist0 crate2 depot0-2-3 loadarea depot0 (1)
drop hoist1 crate1 depot0-1-2 depot0-1-3 depot0 (1)
[t=0.0288193s, 17736 KB] Plan length: 14 step(s).
[t=0.0288193s, 17736 KB] Plan cost: 14
[t=0.0288193s, 17736 KB] Expanded 93 state(s).
[t=0.0288193s, 17736 KB] Reopened 0 state(s).
[t=0.0288193s, 17736 KB] Evaluated 432 state(s).
[t=0.0288193s, 17736 KB] Evaluations: 432
[t=0.0288193s, 17736 KB] Generated 647 state(s).
[t=0.0288193s, 17736 KB] Dead ends: 0 state(s).
[t=0.0288193s, 17736 KB] Number of registered states: 432
[t=0.0288193s, 17736 KB] Int hash set load factor: 432/512 = 0.84375
[t=0.0288193s, 17736 KB] Int hash set resizes: 9
[t=0.0288193s, 17736 KB] mean number of q cost that have been adjusted 0 times in relation to total number of q: -1
[t=0.0288193s, 17736 KB] mean number of q cost that have been adjusted 1 times in relation to total number of q: -1
[t=0.0288193s, 17736 KB] mean number of q cost that have been adjusted 2 times in relation to total number of q: -1
[t=0.0288193s, 17736 KB] mean number of q that are at some point overconsitent in relation to total number of q: -1
[t=0.0288193s, 17736 KB] mean number of q that are at first underconsisten in relation to total number of q: -1
[t=0.0288193s, 17736 KB] mean number of state variables that are not in common between two following states in relation to total number of state variables: -1
[t=0.0288193s, 17736 KB] variance number of state variables that are not in common between two following states in relation to total number of state variables: -1
[t=0.0288193s, 17736 KB] Search time: 0.0225097s
[t=0.0288193s, 17736 KB] Total time: 0.0288193s
Solution found.
Peak memory: 17736 KB
Remove intermediate file output.sas
search exit code: 0

INFO     Running validate.
INFO     validate stdin: None
INFO     validate time limit: None
INFO     validate memory limit: None
INFO     validate command line string: validate domain.pddl problem.pddl sas_plan
