INFO     Running translator.
INFO     translator stdin: None
INFO     translator time limit: 1799.96s
INFO     translator memory limit: 3584 MB
INFO     translator command line string: /infai/weidan00/downward/experiments/bachelor/.venv/bin/python3 /infai/weidan00/downward/experiments/bachelor/data/bachelor-v1/code-7aa5f34_e5e41175/builds/release/bin/translate/translate.py domain.pddl problem.pddl --sas-file output.sas
Parsing...
Parsing: [0.010s CPU, 0.012s wall-clock]
Normalizing task... [0.000s CPU, 0.000s wall-clock]
Instantiating...
Generating Datalog program... [0.000s CPU, 0.003s wall-clock]
Normalizing Datalog program...
Normalizing Datalog program: [0.010s CPU, 0.002s wall-clock]
Preparing model... [0.010s CPU, 0.016s wall-clock]
Generated 26 rules.
Computing model... [0.070s CPU, 0.069s wall-clock]
5097 relevant atoms
3780 auxiliary atoms
8877 final queue length
11902 total queue pushes
Completing instantiation... [0.100s CPU, 0.094s wall-clock]
Instantiating: [0.190s CPU, 0.188s wall-clock]
Computing fact groups...
Finding invariants...
6 initial candidates
Finding invariants: [0.000s CPU, 0.001s wall-clock]
Checking invariant weight... [0.000s CPU, 0.001s wall-clock]
Instantiating groups... [0.000s CPU, 0.000s wall-clock]
Collecting mutex groups... [0.000s CPU, 0.000s wall-clock]
Choosing groups...
56 uncovered facts
Choosing groups: [0.000s CPU, 0.000s wall-clock]
Building translation key... [0.000s CPU, 0.000s wall-clock]
Computing fact groups: [0.000s CPU, 0.004s wall-clock]
Building STRIPS to SAS dictionary... [0.000s CPU, 0.000s wall-clock]
Building dictionary for full mutex groups... [0.000s CPU, 0.000s wall-clock]
Building mutex information...
Building mutex information: [0.000s CPU, 0.000s wall-clock]
Translating task...
Processing axioms...
Simplifying axioms... [0.000s CPU, 0.000s wall-clock]
Processing axioms: [0.010s CPU, 0.004s wall-clock]
Translating task: [0.070s CPU, 0.072s wall-clock]
28 effect conditions simplified
0 implied preconditions added
Detecting unreachable propositions...
0 operators removed
0 axioms removed
1 propositions removed
Detecting unreachable propositions: [0.040s CPU, 0.040s wall-clock]
Reordering and filtering variables...
57 of 57 variables necessary.
0 of 1 mutex groups necessary.
3136 of 3136 operators necessary.
0 of 0 axiom rules necessary.
Reordering and filtering variables: [0.010s CPU, 0.009s wall-clock]
Translator variables: 57
Translator derived variables: 0
Translator facts: 168
Translator goal facts: 28
Translator mutex groups: 0
Translator total mutex groups size: 0
Translator operators: 3136
Translator axioms: 0
Translator task size: 9717
Translator peak memory: 152012 KB
Writing output... [0.020s CPU, 0.025s wall-clock]
Done! [0.350s CPU, 0.355s wall-clock]
translate exit code: 0

INFO     Running search (release).
INFO     search stdin: output.sas
INFO     search time limit: 1799.55s
INFO     search memory limit: 3584 MB
INFO     search command line string: /infai/weidan00/downward/experiments/bachelor/data/bachelor-v1/code-7aa5f34_e5e41175/builds/release/bin/downward --search 'eager_wastar([pinch()], w=2)' --internal-plan-file sas_plan < output.sas
[t=6.2802e-05s, 17204 KB] reading input...
[t=0.0112579s, 17772 KB] done reading input!
[t=0.0136857s, 18212 KB] Simplifying 3164 unary operators... done! [3164 unary operators]
[t=0.0150462s, 18476 KB] time to simplify: 0.00151313s
[t=0.0152981s, 18476 KB] Initializing pinch heuristic...
[t=0.0154365s, 18476 KB] Building successor generator...done!
[t=0.0161659s, 18560 KB] peak memory difference for successor generator creation: 84 KB
[t=0.016207s, 18560 KB] time for successor generation creation: 0.000599464s
[t=0.0162739s, 18560 KB] Variables: 57
[t=0.0163137s, 18560 KB] FactPairs: 168
[t=0.0163529s, 18560 KB] Bytes per state: 8
[t=0.0164866s, 18560 KB] Conducting best first search with reopening closed nodes, (real) bound = 2147483647
[t=0.0168085s, 18560 KB] New best heuristic value for pinch: 112
[t=0.0168531s, 18560 KB] g=0, 1 evaluated, 0 expanded
[t=0.0169034s, 18560 KB] Initial heuristic value for pinch: 112
[t=0.0169444s, 18560 KB] pruning method: none
[t=0.0170211s, 18560 KB] New best heuristic value for pinch: 111
[t=0.0170622s, 18560 KB] g=1, 3 evaluated, 1 expanded
[t=0.0171614s, 18560 KB] New best heuristic value for pinch: 110
[t=0.017202s, 18560 KB] g=1, 8 evaluated, 1 expanded
[t=0.0174658s, 18560 KB] New best heuristic value for pinch: 109
[t=0.0175077s, 18560 KB] g=1, 28 evaluated, 1 expanded
[t=0.0178873s, 18560 KB] New best heuristic value for pinch: 108
[t=0.017931s, 18560 KB] g=2, 57 evaluated, 2 expanded
[t=0.0179935s, 18560 KB] New best heuristic value for pinch: 107
[t=0.018035s, 18560 KB] g=3, 60 evaluated, 3 expanded
[t=0.0187049s, 18560 KB] New best heuristic value for pinch: 106
[t=0.0187489s, 18560 KB] g=4, 117 evaluated, 4 expanded
[t=0.0192037s, 18560 KB] New best heuristic value for pinch: 105
[t=0.0192464s, 18560 KB] g=4, 154 evaluated, 4 expanded
[t=0.0194991s, 18560 KB] New best heuristic value for pinch: 104
[t=0.0195451s, 18560 KB] g=5, 173 evaluated, 5 expanded
[t=0.0200604s, 18560 KB] New best heuristic value for pinch: 103
[t=0.0201028s, 18560 KB] g=6, 216 evaluated, 6 expanded
[t=0.0202888s, 18560 KB] New best heuristic value for pinch: 102
[t=0.0203302s, 18560 KB] g=7, 229 evaluated, 7 expanded
[t=0.0210093s, 18560 KB] New best heuristic value for pinch: 101
[t=0.0210543s, 18560 KB] g=8, 284 evaluated, 8 expanded
[t=0.0211015s, 18560 KB] New best heuristic value for pinch: 100
[t=0.0211419s, 18560 KB] g=9, 285 evaluated, 9 expanded
[t=0.021812s, 18560 KB] New best heuristic value for pinch: 99
[t=0.0218553s, 18560 KB] g=11, 341 evaluated, 11 expanded
[t=0.0220362s, 18560 KB] New best heuristic value for pinch: 98
[t=0.0220772s, 18560 KB] g=12, 353 evaluated, 12 expanded
[t=0.0226095s, 18560 KB] New best heuristic value for pinch: 97
[t=0.0226521s, 18560 KB] g=13, 397 evaluated, 13 expanded
[t=0.0228594s, 18560 KB] New best heuristic value for pinch: 96
[t=0.0229006s, 18560 KB] g=14, 412 evaluated, 14 expanded
[t=0.0234149s, 18560 KB] New best heuristic value for pinch: 95
[t=0.0234565s, 18560 KB] g=15, 455 evaluated, 15 expanded
[t=0.0236822s, 18560 KB] New best heuristic value for pinch: 94
[t=0.0237235s, 18560 KB] g=16, 471 evaluated, 16 expanded
[t=0.0242027s, 18560 KB] New best heuristic value for pinch: 93
[t=0.0242441s, 18560 KB] g=17, 511 evaluated, 17 expanded
[t=0.0243584s, 18560 KB] New best heuristic value for pinch: 92
[t=0.0244009s, 18560 KB] g=18, 513 evaluated, 18 expanded
[t=0.0251159s, 18560 KB] New best heuristic value for pinch: 91
[t=0.0251583s, 18560 KB] g=19, 575 evaluated, 19 expanded
[t=0.0253608s, 18560 KB] New best heuristic value for pinch: 90
[t=0.0254019s, 18560 KB] g=19, 589 evaluated, 19 expanded
[t=0.0258391s, 18560 KB] New best heuristic value for pinch: 89
[t=0.0258811s, 18560 KB] g=20, 624 evaluated, 21 expanded
[t=0.0259385s, 18560 KB] New best heuristic value for pinch: 88
[t=0.0259793s, 18560 KB] g=21, 626 evaluated, 22 expanded
[t=0.0266543s, 18560 KB] New best heuristic value for pinch: 87
[t=0.0266964s, 18560 KB] g=22, 684 evaluated, 23 expanded
[t=0.0268773s, 18560 KB] New best heuristic value for pinch: 86
[t=0.0269179s, 18560 KB] g=22, 697 evaluated, 23 expanded
[t=0.0274102s, 18560 KB] New best heuristic value for pinch: 85
[t=0.0274525s, 18560 KB] g=23, 737 evaluated, 25 expanded
[t=0.0276801s, 18560 KB] New best heuristic value for pinch: 84
[t=0.0277213s, 18560 KB] g=24, 754 evaluated, 26 expanded
[t=0.0282232s, 18560 KB] New best heuristic value for pinch: 83
[t=0.028265s, 18560 KB] g=25, 795 evaluated, 27 expanded
[t=0.0286743s, 18560 KB] New best heuristic value for pinch: 82
[t=0.0287155s, 18560 KB] g=26, 829 evaluated, 28 expanded
[t=0.0289983s, 18560 KB] New best heuristic value for pinch: 81
[t=0.0290453s, 18560 KB] g=27, 851 evaluated, 29 expanded
[t=0.0295005s, 18560 KB] New best heuristic value for pinch: 80
[t=0.0295416s, 18560 KB] g=28, 889 evaluated, 30 expanded
[t=0.0298162s, 18560 KB] New best heuristic value for pinch: 79
[t=0.0298571s, 18560 KB] g=29, 909 evaluated, 31 expanded
[t=0.0303548s, 18560 KB] New best heuristic value for pinch: 78
[t=0.0303968s, 18560 KB] g=30, 950 evaluated, 32 expanded
[t=0.0306067s, 18560 KB] New best heuristic value for pinch: 77
[t=0.0306478s, 18560 KB] g=31, 965 evaluated, 33 expanded
[t=0.0312736s, 18560 KB] New best heuristic value for pinch: 76
[t=0.0313189s, 18560 KB] g=32, 1009 evaluated, 34 expanded
[t=0.031532s, 18560 KB] New best heuristic value for pinch: 75
[t=0.0315742s, 18560 KB] g=33, 1023 evaluated, 36 expanded
[t=0.0316344s, 18560 KB] New best heuristic value for pinch: 74
[t=0.0316755s, 18560 KB] g=34, 1025 evaluated, 37 expanded
[t=0.0323587s, 18560 KB] New best heuristic value for pinch: 73
[t=0.0324015s, 18560 KB] g=35, 1083 evaluated, 38 expanded
[t=0.0328437s, 18560 KB] New best heuristic value for pinch: 72
[t=0.0328858s, 18560 KB] g=35, 1119 evaluated, 38 expanded
[t=0.0331274s, 18560 KB] New best heuristic value for pinch: 71
[t=0.0331688s, 18560 KB] g=36, 1136 evaluated, 40 expanded
[t=0.0332268s, 18560 KB] New best heuristic value for pinch: 70
[t=0.0332672s, 18560 KB] g=37, 1138 evaluated, 41 expanded
[t=0.0339396s, 18560 KB] New best heuristic value for pinch: 69
[t=0.0339819s, 18560 KB] g=38, 1196 evaluated, 42 expanded
[t=0.0344132s, 18560 KB] New best heuristic value for pinch: 68
[t=0.0344552s, 18560 KB] g=38, 1232 evaluated, 42 expanded
[t=0.0347015s, 18560 KB] New best heuristic value for pinch: 67
[t=0.034743s, 18560 KB] g=39, 1249 evaluated, 43 expanded
[t=0.0353499s, 18560 KB] New best heuristic value for pinch: 66
[t=0.0353924s, 18560 KB] g=40, 1301 evaluated, 44 expanded
[t=0.0354907s, 18560 KB] New best heuristic value for pinch: 65
[t=0.0355312s, 18560 KB] g=41, 1305 evaluated, 45 expanded
[t=0.0361798s, 18560 KB] New best heuristic value for pinch: 64
[t=0.0362225s, 18560 KB] g=42, 1361 evaluated, 46 expanded
[t=0.0363199s, 18560 KB] New best heuristic value for pinch: 63
[t=0.0363609s, 18560 KB] g=43, 1365 evaluated, 48 expanded
[t=0.036972s, 18560 KB] New best heuristic value for pinch: 62
[t=0.0370142s, 18560 KB] g=43, 1417 evaluated, 48 expanded
[t=0.0371665s, 18560 KB] New best heuristic value for pinch: 61
[t=0.0372073s, 18560 KB] g=45, 1425 evaluated, 51 expanded
[t=0.0377794s, 18560 KB] New best heuristic value for pinch: 60
[t=0.0378212s, 18560 KB] g=45, 1473 evaluated, 51 expanded
[t=0.0379837s, 18560 KB] New best heuristic value for pinch: 59
[t=0.0380248s, 18560 KB] g=47, 1482 evaluated, 54 expanded
[t=0.0385503s, 18560 KB] New best heuristic value for pinch: 58
[t=0.038593s, 18560 KB] g=47, 1526 evaluated, 54 expanded
[t=0.0387761s, 18560 KB] New best heuristic value for pinch: 57
[t=0.038818s, 18560 KB] g=49, 1534 evaluated, 60 expanded
[t=0.0394187s, 18560 KB] New best heuristic value for pinch: 56
[t=0.0394613s, 18560 KB] g=49, 1585 evaluated, 60 expanded
[t=0.0396618s, 18560 KB] New best heuristic value for pinch: 55
[t=0.0397039s, 18560 KB] g=51, 1595 evaluated, 66 expanded
[t=0.0402241s, 18560 KB] New best heuristic value for pinch: 54
[t=0.040267s, 18560 KB] g=51, 1639 evaluated, 66 expanded
[t=0.0404635s, 18560 KB] New best heuristic value for pinch: 53
[t=0.0405062s, 18560 KB] g=53, 1647 evaluated, 73 expanded
[t=0.0411018s, 18560 KB] New best heuristic value for pinch: 52
[t=0.0411477s, 18560 KB] g=53, 1698 evaluated, 73 expanded
[t=0.0413455s, 18560 KB] New best heuristic value for pinch: 51
[t=0.0413888s, 18560 KB] g=55, 1710 evaluated, 76 expanded
[t=0.0419058s, 18560 KB] New best heuristic value for pinch: 50
[t=0.0419496s, 18560 KB] g=55, 1754 evaluated, 76 expanded
[t=0.0421791s, 18560 KB] New best heuristic value for pinch: 49
[t=0.0422227s, 18560 KB] g=57, 1769 evaluated, 79 expanded
[t=0.0427214s, 18560 KB] New best heuristic value for pinch: 48
[t=0.0427681s, 18560 KB] g=57, 1810 evaluated, 79 expanded
[t=0.0429726s, 18560 KB] New best heuristic value for pinch: 47
[t=0.0430158s, 18560 KB] g=59, 1819 evaluated, 86 expanded
[t=0.0435919s, 18560 KB] New best heuristic value for pinch: 46
[t=0.0436381s, 18560 KB] g=59, 1867 evaluated, 86 expanded
[t=0.0438476s, 18560 KB] New best heuristic value for pinch: 45
[t=0.0438907s, 18560 KB] g=61, 1876 evaluated, 93 expanded
[t=0.0444698s, 18560 KB] New best heuristic value for pinch: 44
[t=0.0445173s, 18560 KB] g=61, 1924 evaluated, 93 expanded
[t=0.0447577s, 18560 KB] New best heuristic value for pinch: 43
[t=0.0448008s, 18560 KB] g=63, 1940 evaluated, 96 expanded
[t=0.0452913s, 18560 KB] New best heuristic value for pinch: 42
[t=0.0453382s, 18560 KB] g=63, 1980 evaluated, 96 expanded
[t=0.0455462s, 18560 KB] New best heuristic value for pinch: 41
[t=0.045591s, 18560 KB] g=65, 1990 evaluated, 102 expanded
[t=0.0463351s, 18560 KB] New best heuristic value for pinch: 40
[t=0.0463828s, 18560 KB] g=65, 2037 evaluated, 102 expanded
[t=0.0465602s, 18560 KB] New best heuristic value for pinch: 39
[t=0.0466038s, 18560 KB] g=67, 2048 evaluated, 106 expanded
[t=0.0471699s, 18560 KB] New best heuristic value for pinch: 38
[t=0.0472161s, 18560 KB] g=67, 2095 evaluated, 106 expanded
[t=0.0473976s, 18560 KB] New best heuristic value for pinch: 37
[t=0.0474404s, 18560 KB] g=69, 2104 evaluated, 111 expanded
[t=0.0480017s, 18560 KB] New best heuristic value for pinch: 36
[t=0.0480478s, 18560 KB] g=69, 2151 evaluated, 111 expanded
[t=0.048226s, 18560 KB] New best heuristic value for pinch: 35
[t=0.0482689s, 18560 KB] g=71, 2160 evaluated, 116 expanded
[t=0.0488227s, 18560 KB] New best heuristic value for pinch: 34
[t=0.048867s, 18560 KB] g=71, 2207 evaluated, 116 expanded
[t=0.0490578s, 18560 KB] New best heuristic value for pinch: 33
[t=0.0491003s, 18560 KB] g=73, 2218 evaluated, 121 expanded
[t=0.0496538s, 18560 KB] New best heuristic value for pinch: 32
[t=0.0496988s, 18560 KB] g=73, 2265 evaluated, 121 expanded
[t=0.0499078s, 18560 KB] New best heuristic value for pinch: 31
[t=0.0499514s, 18560 KB] g=75, 2277 evaluated, 126 expanded
[t=0.050507s, 18560 KB] New best heuristic value for pinch: 30
[t=0.0505546s, 18560 KB] g=75, 2324 evaluated, 126 expanded
[t=0.050882s, 18560 KB] New best heuristic value for pinch: 29
[t=0.0509258s, 18560 KB] g=77, 2349 evaluated, 129 expanded
[t=0.0513306s, 18560 KB] New best heuristic value for pinch: 28
[t=0.0513732s, 18560 KB] g=77, 2382 evaluated, 129 expanded
[t=0.0516405s, 18560 KB] New best heuristic value for pinch: 27
[t=0.0516841s, 18560 KB] g=79, 2401 evaluated, 133 expanded
[t=0.0521568s, 18560 KB] New best heuristic value for pinch: 26
[t=0.0522005s, 18560 KB] g=79, 2440 evaluated, 133 expanded
[t=0.0530729s, 18560 KB] New best heuristic value for pinch: 25
[t=0.053119s, 18560 KB] g=81, 2513 evaluated, 138 expanded
[t=0.0535926s, 18560 KB] New best heuristic value for pinch: 24
[t=0.0536363s, 18560 KB] g=81, 2552 evaluated, 138 expanded
[t=0.0545151s, 18560 KB] New best heuristic value for pinch: 23
[t=0.0545611s, 18560 KB] g=83, 2627 evaluated, 143 expanded
[t=0.0550468s, 18560 KB] New best heuristic value for pinch: 22
[t=0.0550907s, 18560 KB] g=83, 2666 evaluated, 143 expanded
[t=0.0559669s, 18560 KB] New best heuristic value for pinch: 21
[t=0.0560132s, 18560 KB] g=85, 2739 evaluated, 148 expanded
[t=0.0564847s, 18560 KB] New best heuristic value for pinch: 20
[t=0.0565283s, 18560 KB] g=85, 2778 evaluated, 148 expanded
[t=0.0573993s, 18560 KB] New best heuristic value for pinch: 19
[t=0.0574462s, 18560 KB] g=87, 2851 evaluated, 153 expanded
[t=0.0579246s, 18560 KB] New best heuristic value for pinch: 18
[t=0.0579696s, 18560 KB] g=87, 2890 evaluated, 153 expanded
[t=0.0588421s, 18560 KB] New best heuristic value for pinch: 17
[t=0.0588893s, 18560 KB] g=89, 2963 evaluated, 158 expanded
[t=0.0593609s, 18560 KB] New best heuristic value for pinch: 16
[t=0.059404s, 18560 KB] g=89, 3002 evaluated, 158 expanded
[t=0.0602816s, 18560 KB] New best heuristic value for pinch: 15
[t=0.0603356s, 18560 KB] g=91, 3077 evaluated, 163 expanded
[t=0.0608141s, 18560 KB] New best heuristic value for pinch: 14
[t=0.0608583s, 18560 KB] g=91, 3116 evaluated, 163 expanded
[t=0.061736s, 18560 KB] New best heuristic value for pinch: 13
[t=0.0617805s, 18560 KB] g=93, 3189 evaluated, 168 expanded
[t=0.0622518s, 18560 KB] New best heuristic value for pinch: 12
[t=0.0622955s, 18560 KB] g=93, 3228 evaluated, 168 expanded
[t=0.0631588s, 18560 KB] New best heuristic value for pinch: 11
[t=0.0632042s, 18560 KB] g=95, 3301 evaluated, 173 expanded
[t=0.0636835s, 18560 KB] New best heuristic value for pinch: 10
[t=0.0637263s, 18560 KB] g=95, 3340 evaluated, 173 expanded
[t=0.0645907s, 18560 KB] New best heuristic value for pinch: 9
[t=0.0646346s, 18560 KB] g=97, 3413 evaluated, 178 expanded
[t=0.0650986s, 18560 KB] New best heuristic value for pinch: 8
[t=0.0651415s, 18560 KB] g=97, 3452 evaluated, 178 expanded
[t=0.065201s, 18560 KB] New best heuristic value for pinch: 7
[t=0.0652432s, 18560 KB] g=98, 3454 evaluated, 179 expanded
[t=0.0665024s, 18560 KB] New best heuristic value for pinch: 6
[t=0.0665473s, 18560 KB] g=100, 3566 evaluated, 183 expanded
[t=0.0667747s, 18560 KB] New best heuristic value for pinch: 5
[t=0.0668161s, 18560 KB] g=101, 3582 evaluated, 184 expanded
[t=0.0673127s, 18560 KB] New best heuristic value for pinch: 4
[t=0.0673554s, 18560 KB] g=102, 3622 evaluated, 186 expanded
[t=0.0675818s, 18560 KB] New best heuristic value for pinch: 3
[t=0.0676232s, 18560 KB] g=103, 3638 evaluated, 187 expanded
[t=0.0681228s, 18560 KB] New best heuristic value for pinch: 2
[t=0.0681653s, 18560 KB] g=104, 3678 evaluated, 188 expanded
[t=0.0688056s, 18560 KB] New best heuristic value for pinch: 1
[t=0.0688483s, 18560 KB] g=105, 3733 evaluated, 189 expanded
[t=0.0689076s, 18560 KB] New best heuristic value for pinch: 0
[t=0.0689485s, 18560 KB] g=106, 3735 evaluated, 190 expanded
[t=0.0689983s, 18560 KB] Solution found!
[t=0.0690521s, 18560 KB] Actual search time: 0.052104s
up f0 f33 (1)
board f33 p16 (1)
board f33 p20 (1)
up f33 f37 (1)
board f37 p8 (1)
up f37 f43 (1)
board f43 p7 (1)
up f43 f55 (1)
board f55 p14 (1)
down f55 f15 (1)
board f15 p18 (1)
down f15 f6 (1)
board f6 p3 (1)
up f6 f17 (1)
board f17 p11 (1)
down f17 f8 (1)
board f8 p19 (1)
board f8 p27 (1)
up f8 f26 (1)
board f26 p1 (1)
board f26 p25 (1)
up f26 f32 (1)
board f32 p5 (1)
down f32 f22 (1)
depart f22 p5 (1)
up f22 f34 (1)
board f34 p24 (1)
up f34 f37 (1)
depart f37 p24 (1)
up f37 f41 (1)
board f41 p17 (1)
up f41 f46 (1)
board f46 p15 (1)
board f46 p22 (1)
up f46 f50 (1)
board f50 p12 (1)
board f50 p21 (1)
down f50 f43 (1)
depart f43 p12 (1)
up f43 f52 (1)
depart f52 p8 (1)
depart f52 p11 (1)
down f52 f10 (1)
depart f10 p1 (1)
down f10 f6 (1)
depart f6 p7 (1)
up f6 f16 (1)
depart f16 p16 (1)
down f16 f7 (1)
board f7 p26 (1)
up f7 f20 (1)
board f20 p23 (1)
down f20 f11 (1)
depart f11 p23 (1)
down f11 f9 (1)
board f9 p10 (1)
up f9 f27 (1)
depart f27 p25 (1)
up f27 f28 (1)
board f28 p2 (1)
down f28 f14 (1)
depart f14 p2 (1)
up f14 f29 (1)
board f29 p4 (1)
down f29 f17 (1)
depart f17 p4 (1)
up f17 f30 (1)
depart f30 p21 (1)
up f30 f31 (1)
depart f31 p15 (1)
up f31 f32 (1)
depart f32 p18 (1)
up f32 f33 (1)
board f33 p9 (1)
down f33 f15 (1)
depart f15 p9 (1)
up f15 f34 (1)
depart f34 p14 (1)
up f34 f35 (1)
depart f35 p3 (1)
up f35 f37 (1)
depart f37 p22 (1)
up f37 f40 (1)
depart f40 p20 (1)
up f40 f41 (1)
depart f41 p27 (1)
up f41 f42 (1)
depart f42 p10 (1)
up f42 f43 (1)
depart f43 p26 (1)
up f43 f44 (1)
depart f44 p19 (1)
up f44 f45 (1)
depart f45 p17 (1)
up f45 f47 (1)
board f47 p0 (1)
up f47 f55 (1)
depart f55 p0 (1)
down f55 f48 (1)
board f48 p13 (1)
up f48 f53 (1)
board f53 p6 (1)
down f53 f22 (1)
depart f22 p6 (1)
up f22 f55 (1)
depart f55 p13 (1)
[t=0.0690957s, 18560 KB] Plan length: 106 step(s).
[t=0.0690957s, 18560 KB] Plan cost: 106
[t=0.0690957s, 18560 KB] Expanded 191 state(s).
[t=0.0690957s, 18560 KB] Reopened 0 state(s).
[t=0.0690957s, 18560 KB] Evaluated 3735 state(s).
[t=0.0690957s, 18560 KB] Evaluations: 3735
[t=0.0690957s, 18560 KB] Generated 10638 state(s).
[t=0.0690957s, 18560 KB] Dead ends: 0 state(s).
[t=0.0690957s, 18560 KB] Number of registered states: 3735
[t=0.0690957s, 18560 KB] Int hash set load factor: 3735/4096 = 0.911865
[t=0.0690957s, 18560 KB] Int hash set resizes: 12
[t=0.0690957s, 18560 KB] mean number of q cost that have been adjusted 0 times in relation to total number of q: -1
[t=0.0690957s, 18560 KB] mean number of q cost that have been adjusted 1 times in relation to total number of q: -1
[t=0.0690957s, 18560 KB] mean number of q cost that have been adjusted 2 times in relation to total number of q: -1
[t=0.0690957s, 18560 KB] mean number of q that are at some point overconsitent in relation to total number of q: -1
[t=0.0690957s, 18560 KB] mean number of q that are at first underconsisten in relation to total number of q: -1
[t=0.0690957s, 18560 KB] mean number of state variables that are not in common between two following states in relation to total number of state variables: -1
[t=0.0690957s, 18560 KB] variance number of state variables that are not in common between two following states in relation to total number of state variables: -1
[t=0.0690957s, 18560 KB] Search time: 0.0526096s
[t=0.0690957s, 18560 KB] Total time: 0.0690957s
Solution found.
Peak memory: 18560 KB
Remove intermediate file output.sas
search exit code: 0

INFO     Running validate.
INFO     validate stdin: None
INFO     validate time limit: None
INFO     validate memory limit: None
INFO     validate command line string: validate domain.pddl problem.pddl sas_plan
