INFO     Running translator.
INFO     translator stdin: None
INFO     translator time limit: 1799.95s
INFO     translator memory limit: 3584 MB
INFO     translator command line string: /infai/weidan00/downward/experiments/bachelor/.venv/bin/python3 /infai/weidan00/downward/experiments/bachelor/data/bachelor-v1/code-7aa5f34_e5e41175/builds/release/bin/translate/translate.py domain.pddl problem.pddl --sas-file output.sas
Parsing...
Warning: Atom at(ap58, d74, ham) is specified twice in initial state specification
Warning: Atom at(ap148, d44, ber) is specified twice in initial state specification
Warning: Atom at(ap181, d1, ham) is specified twice in initial state specification
Warning: Atom at(ap187, d70, fra) is specified twice in initial state specification
Warning: Atom at(ap245, d80, ber) is specified twice in initial state specification
Parsing: [0.020s CPU, 0.015s wall-clock]
Normalizing task... [0.000s CPU, 0.001s wall-clock]
Instantiating...
Generating Datalog program... [0.010s CPU, 0.008s wall-clock]
Normalizing Datalog program...
Normalizing Datalog program: [0.000s CPU, 0.002s wall-clock]
Preparing model... [0.020s CPU, 0.021s wall-clock]
Generated 5 rules.
Computing model... [0.650s CPU, 0.657s wall-clock]
3408 relevant atoms
103 auxiliary atoms
3511 final queue length
451711 total queue pushes
Completing instantiation... [0.290s CPU, 0.293s wall-clock]
Instantiating: [0.970s CPU, 0.982s wall-clock]
Computing fact groups...
Finding invariants...
4 initial candidates
Finding invariants: [0.000s CPU, 0.000s wall-clock]
Checking invariant weight... [0.000s CPU, 0.001s wall-clock]
Instantiating groups... [0.000s CPU, 0.000s wall-clock]
Collecting mutex groups... [0.000s CPU, 0.000s wall-clock]
Choosing groups...
400 uncovered facts
Choosing groups: [0.000s CPU, 0.000s wall-clock]
Building translation key... [0.000s CPU, 0.002s wall-clock]
Computing fact groups: [0.000s CPU, 0.008s wall-clock]
Building STRIPS to SAS dictionary... [0.010s CPU, 0.000s wall-clock]
Building dictionary for full mutex groups... [0.000s CPU, 0.000s wall-clock]
Building mutex information...
Building mutex information: [0.000s CPU, 0.000s wall-clock]
Translating task...
Processing axioms...
Simplifying axioms... [0.000s CPU, 0.000s wall-clock]
Processing axioms: [0.000s CPU, 0.001s wall-clock]
Translating task: [0.020s CPU, 0.020s wall-clock]
300 effect conditions simplified
0 implied preconditions added
Detecting unreachable propositions...
0 operators removed
0 axioms removed
0 propositions removed
Detecting unreachable propositions: [0.010s CPU, 0.014s wall-clock]
Reordering and filtering variables...
400 of 400 variables necessary.
0 of 0 mutex groups necessary.
300 of 300 operators necessary.
0 of 0 axiom rules necessary.
Reordering and filtering variables: [0.010s CPU, 0.007s wall-clock]
Translator variables: 400
Translator derived variables: 0
Translator facts: 800
Translator goal facts: 300
Translator mutex groups: 0
Translator total mutex groups size: 0
Translator operators: 300
Translator axioms: 0
Translator task size: 3895
Translator peak memory: 145868 KB
Writing output... [0.020s CPU, 0.017s wall-clock]
Done! [1.060s CPU, 1.068s wall-clock]
translate exit code: 0

INFO     Running search (release).
INFO     search stdin: output.sas
INFO     search time limit: 1798.84s
INFO     search memory limit: 3584 MB
INFO     search command line string: /infai/weidan00/downward/experiments/bachelor/data/bachelor-v1/code-7aa5f34_e5e41175/builds/release/bin/downward --search 'eager_wastar([add()], w=2)' --internal-plan-file sas_plan < output.sas
[t=6.8999e-05s, 17204 KB] reading input...
[t=0.00466328s, 17480 KB] done reading input!
[t=0.0067219s, 17876 KB] Simplifying 1795 unary operators... done! [1578 unary operators]
[t=0.00748832s, 18008 KB] time to simplify: 0.000864958s
[t=0.00774009s, 18008 KB] Initializing additive heuristic...
[t=0.0078917s, 18008 KB] Building successor generator...done!
[t=0.00809988s, 18008 KB] peak memory difference for successor generator creation: 0 KB
[t=0.00813778s, 18008 KB] time for successor generation creation: 8.5375e-05s
[t=0.00818647s, 18008 KB] Variables: 400
[t=0.00822616s, 18008 KB] FactPairs: 800
[t=0.00826533s, 18008 KB] Bytes per state: 52
[t=0.00838693s, 18008 KB] Conducting best first search with reopening closed nodes, (real) bound = 2147483647
[t=0.00854418s, 18008 KB] New best heuristic value for add: 300
[t=0.00858894s, 18008 KB] g=0, 1 evaluated, 0 expanded
[t=0.00863862s, 18008 KB] Initial heuristic value for add: 300
[t=0.00867962s, 18008 KB] pruning method: none
[t=0.00879859s, 18008 KB] New best heuristic value for add: 294
[t=0.0088426s, 18008 KB] g=1, 2 evaluated, 1 expanded
[t=0.00925633s, 18008 KB] New best heuristic value for add: 292
[t=0.00930392s, 18008 KB] g=1, 9 evaluated, 1 expanded
[t=0.00945099s, 18008 KB] New best heuristic value for add: 291
[t=0.00949645s, 18008 KB] g=1, 11 evaluated, 1 expanded
[t=0.00979809s, 18008 KB] New best heuristic value for add: 288
[t=0.00984429s, 18008 KB] g=1, 16 evaluated, 1 expanded
[t=0.0240467s, 18008 KB] New best heuristic value for add: 282
[t=0.0241371s, 18008 KB] g=2, 302 evaluated, 2 expanded
[t=0.0245482s, 18008 KB] New best heuristic value for add: 280
[t=0.0245953s, 18008 KB] g=2, 309 evaluated, 2 expanded
[t=0.0247406s, 18008 KB] New best heuristic value for add: 279
[t=0.0247857s, 18008 KB] g=2, 311 evaluated, 2 expanded
[t=0.0249778s, 18008 KB] New best heuristic value for add: 278
[t=0.0250222s, 18008 KB] g=2, 314 evaluated, 2 expanded
[t=0.0287949s, 18008 KB] New best heuristic value for add: 277
[t=0.0288708s, 18008 KB] g=2, 392 evaluated, 2 expanded
[t=0.0389746s, 18008 KB] New best heuristic value for add: 271
[t=0.039062s, 18008 KB] g=3, 599 evaluated, 3 expanded
[t=0.0394639s, 18008 KB] New best heuristic value for add: 270
[t=0.0395132s, 18008 KB] g=3, 606 evaluated, 3 expanded
[t=0.0398007s, 18008 KB] New best heuristic value for add: 267
[t=0.0398495s, 18008 KB] g=3, 611 evaluated, 3 expanded
[t=0.0501037s, 18008 KB] New best heuristic value for add: 266
[t=0.0501861s, 18008 KB] g=3, 825 evaluated, 3 expanded
[t=0.053515s, 18008 KB] New best heuristic value for add: 260
[t=0.0535739s, 18008 KB] g=4, 893 evaluated, 4 expanded
[t=0.0539696s, 18008 KB] New best heuristic value for add: 259
[t=0.0540176s, 18008 KB] g=4, 900 evaluated, 4 expanded
[t=0.0543005s, 18008 KB] New best heuristic value for add: 256
[t=0.0543475s, 18008 KB] g=4, 905 evaluated, 4 expanded
[t=0.0674736s, 18008 KB] New best heuristic value for add: 251
[t=0.0675446s, 18008 KB] g=5, 1184 evaluated, 5 expanded
[t=0.0676874s, 18008 KB] New best heuristic value for add: 250
[t=0.0677317s, 18008 KB] g=5, 1186 evaluated, 5 expanded
[t=0.0680208s, 18008 KB] New best heuristic value for add: 249
[t=0.0680666s, 18008 KB] g=5, 1191 evaluated, 5 expanded
[t=0.0686205s, 18008 KB] New best heuristic value for add: 248
[t=0.068666s, 18008 KB] g=5, 1202 evaluated, 5 expanded
[t=0.0697207s, 18008 KB] New best heuristic value for add: 247
[t=0.0697764s, 18008 KB] g=5, 1224 evaluated, 5 expanded
[t=0.0811285s, 18008 KB] New best heuristic value for add: 242
[t=0.0811931s, 18008 KB] g=6, 1472 evaluated, 6 expanded
[t=0.0815674s, 18008 KB] New best heuristic value for add: 240
[t=0.0816135s, 18008 KB] g=6, 1479 evaluated, 6 expanded
[t=0.0832673s, 18008 KB] New best heuristic value for add: 239
[t=0.083317s, 18008 KB] g=6, 1515 evaluated, 6 expanded
[t=0.0863096s, 18008 KB] New best heuristic value for add: 238
[t=0.0863678s, 18008 KB] g=6, 1577 evaluated, 6 expanded
[t=0.0944705s, 18008 KB] New best heuristic value for add: 235
[t=0.0945344s, 18008 KB] g=7, 1757 evaluated, 7 expanded
[t=0.0946254s, 18008 KB] New best heuristic value for add: 234
[t=0.094669s, 18008 KB] g=7, 1758 evaluated, 7 expanded
[t=0.0947585s, 18008 KB] New best heuristic value for add: 233
[t=0.0948019s, 18008 KB] g=7, 1759 evaluated, 7 expanded
[t=0.0950758s, 18008 KB] New best heuristic value for add: 231
[t=0.0951201s, 18008 KB] g=7, 1764 evaluated, 7 expanded
[t=0.0967515s, 18008 KB] New best heuristic value for add: 230
[t=0.0968007s, 18008 KB] g=7, 1800 evaluated, 7 expanded
[t=0.100133s, 18008 KB] New best heuristic value for add: 229
[t=0.100187s, 18008 KB] g=7, 1877 evaluated, 7 expanded
[t=0.107481s, 18008 KB] New best heuristic value for add: 226
[t=0.107542s, 18008 KB] g=8, 2039 evaluated, 8 expanded
[t=0.107632s, 18008 KB] New best heuristic value for add: 225
[t=0.107676s, 18008 KB] g=8, 2040 evaluated, 8 expanded
[t=0.107765s, 18008 KB] New best heuristic value for add: 224
[t=0.107809s, 18008 KB] g=8, 2041 evaluated, 8 expanded
[t=0.108082s, 18008 KB] New best heuristic value for add: 222
[t=0.108127s, 18008 KB] g=8, 2046 evaluated, 8 expanded
[t=0.109695s, 18008 KB] New best heuristic value for add: 221
[t=0.109744s, 18008 KB] g=8, 2082 evaluated, 8 expanded
[t=0.119702s, 18008 KB] New best heuristic value for add: 218
[t=0.119772s, 18008 KB] g=9, 2318 evaluated, 9 expanded
[t=0.119915s, 18008 KB] New best heuristic value for add: 216
[t=0.119961s, 18008 KB] g=9, 2320 evaluated, 9 expanded
[t=0.120224s, 18008 KB] New best heuristic value for add: 214
[t=0.120271s, 18008 KB] g=9, 2325 evaluated, 9 expanded
[t=0.12295s, 18008 KB] New best heuristic value for add: 213
[t=0.123015s, 18008 KB] g=9, 2389 evaluated, 9 expanded
[t=0.131546s, 18008 KB] New best heuristic value for add: 211
[t=0.131623s, 18008 KB] g=10, 2594 evaluated, 10 expanded
[t=0.131712s, 18008 KB] New best heuristic value for add: 210
[t=0.131762s, 18008 KB] g=10, 2595 evaluated, 10 expanded
[t=0.131849s, 18008 KB] New best heuristic value for add: 208
[t=0.131891s, 18008 KB] g=10, 2596 evaluated, 10 expanded
[t=0.13215s, 18008 KB] New best heuristic value for add: 206
[t=0.132194s, 18008 KB] g=10, 2601 evaluated, 10 expanded
[t=0.135848s, 18008 KB] New best heuristic value for add: 205
[t=0.135905s, 18008 KB] g=10, 2691 evaluated, 10 expanded
[t=0.143084s, 18008 KB] New best heuristic value for add: 203
[t=0.143149s, 18008 KB] g=11, 2867 evaluated, 11 expanded
[t=0.14328s, 18008 KB] New best heuristic value for add: 200
[t=0.143324s, 18008 KB] g=11, 2869 evaluated, 11 expanded
[t=0.143583s, 18008 KB] New best heuristic value for add: 199
[t=0.143628s, 18008 KB] g=11, 2874 evaluated, 11 expanded
[t=0.143955s, 18008 KB] New best heuristic value for add: 198
[t=0.144s, 18008 KB] g=11, 2881 evaluated, 11 expanded
[t=0.147768s, 18008 KB] New best heuristic value for add: 197
[t=0.147824s, 18008 KB] g=11, 2975 evaluated, 11 expanded
[t=0.154396s, 18016 KB] New best heuristic value for add: 195
[t=0.154474s, 18016 KB] g=12, 3137 evaluated, 12 expanded
[t=0.154603s, 18016 KB] New best heuristic value for add: 192
[t=0.154647s, 18016 KB] g=12, 3139 evaluated, 12 expanded
[t=0.154901s, 18016 KB] New best heuristic value for add: 191
[t=0.154949s, 18016 KB] g=12, 3144 evaluated, 12 expanded
[t=0.155272s, 18016 KB] New best heuristic value for add: 190
[t=0.155326s, 18016 KB] g=12, 3151 evaluated, 12 expanded
[t=0.159935s, 18016 KB] New best heuristic value for add: 189
[t=0.160009s, 18016 KB] g=12, 3269 evaluated, 12 expanded
[t=0.165378s, 18016 KB] New best heuristic value for add: 187
[t=0.165447s, 18016 KB] g=13, 3404 evaluated, 13 expanded
[t=0.165574s, 18016 KB] New best heuristic value for add: 184
[t=0.165617s, 18016 KB] g=13, 3406 evaluated, 13 expanded
[t=0.165899s, 18016 KB] New best heuristic value for add: 183
[t=0.165946s, 18016 KB] g=13, 3412 evaluated, 13 expanded
[t=0.167447s, 18016 KB] New best heuristic value for add: 182
[t=0.1675s, 18016 KB] g=13, 3450 evaluated, 13 expanded
[t=0.175854s, 18016 KB] New best heuristic value for add: 181
[t=0.175932s, 18016 KB] g=13, 3667 evaluated, 13 expanded
[t=0.176022s, 18016 KB] New best heuristic value for add: 179
[t=0.176066s, 18016 KB] g=14, 3668 evaluated, 14 expanded
[t=0.17619s, 18016 KB] New best heuristic value for add: 176
[t=0.176233s, 18016 KB] g=14, 3670 evaluated, 14 expanded
[t=0.176517s, 18016 KB] New best heuristic value for add: 175
[t=0.176562s, 18016 KB] g=14, 3676 evaluated, 14 expanded
[t=0.178044s, 18016 KB] New best heuristic value for add: 174
[t=0.178113s, 18016 KB] g=14, 3714 evaluated, 14 expanded
[t=0.186795s, 18144 KB] New best heuristic value for add: 172
[t=0.186877s, 18144 KB] g=15, 3929 evaluated, 15 expanded
[t=0.187005s, 18144 KB] New best heuristic value for add: 169
[t=0.18705s, 18144 KB] g=15, 3931 evaluated, 15 expanded
[t=0.187333s, 18144 KB] New best heuristic value for add: 168
[t=0.187381s, 18144 KB] g=15, 3937 evaluated, 15 expanded
[t=0.191758s, 18144 KB] New best heuristic value for add: 167
[t=0.19182s, 18144 KB] g=15, 4050 evaluated, 15 expanded
[t=0.197135s, 18144 KB] New best heuristic value for add: 165
[t=0.197202s, 18144 KB] g=16, 4187 evaluated, 16 expanded
[t=0.197335s, 18144 KB] New best heuristic value for add: 162
[t=0.197379s, 18144 KB] g=16, 4189 evaluated, 16 expanded
[t=0.19768s, 18144 KB] New best heuristic value for add: 161
[t=0.197726s, 18144 KB] g=16, 4195 evaluated, 16 expanded
[t=0.206934s, 18144 KB] New best heuristic value for add: 160
[t=0.207006s, 18144 KB] g=16, 4440 evaluated, 16 expanded
[t=0.207159s, 18144 KB] New best heuristic value for add: 158
[t=0.207204s, 18144 KB] g=17, 4442 evaluated, 17 expanded
[t=0.207325s, 18144 KB] New best heuristic value for add: 156
[t=0.207367s, 18144 KB] g=17, 4444 evaluated, 17 expanded
[t=0.207573s, 18144 KB] New best heuristic value for add: 155
[t=0.207621s, 18144 KB] g=17, 4448 evaluated, 17 expanded
[t=0.20774s, 18144 KB] New best heuristic value for add: 154
[t=0.207784s, 18144 KB] g=17, 4450 evaluated, 17 expanded
[t=0.216826s, 18144 KB] New best heuristic value for add: 152
[t=0.21691s, 18144 KB] g=18, 4694 evaluated, 18 expanded
[t=0.21704s, 18144 KB] New best heuristic value for add: 150
[t=0.217084s, 18144 KB] g=18, 4696 evaluated, 18 expanded
[t=0.217432s, 18144 KB] New best heuristic value for add: 148
[t=0.217477s, 18144 KB] g=18, 4704 evaluated, 18 expanded
[t=0.22603s, 18144 KB] New best heuristic value for add: 146
[t=0.226117s, 18144 KB] g=19, 4942 evaluated, 19 expanded
[t=0.226247s, 18144 KB] New best heuristic value for add: 144
[t=0.226292s, 18144 KB] g=19, 4944 evaluated, 19 expanded
[t=0.226738s, 18144 KB] New best heuristic value for add: 143
[t=0.226788s, 18144 KB] g=19, 4955 evaluated, 19 expanded
[t=0.228044s, 18144 KB] New best heuristic value for add: 142
[t=0.228091s, 18144 KB] g=19, 4990 evaluated, 19 expanded
[t=0.234955s, 18144 KB] New best heuristic value for add: 140
[t=0.235025s, 18144 KB] g=20, 5187 evaluated, 20 expanded
[t=0.235148s, 18144 KB] New best heuristic value for add: 138
[t=0.235197s, 18144 KB] g=20, 5189 evaluated, 20 expanded
[t=0.23563s, 18144 KB] New best heuristic value for add: 137
[t=0.235678s, 18144 KB] g=20, 5200 evaluated, 20 expanded
[t=0.238457s, 18144 KB] New best heuristic value for add: 136
[t=0.238514s, 18144 KB] g=20, 5282 evaluated, 20 expanded
[t=0.243682s, 18144 KB] New best heuristic value for add: 134
[t=0.24375s, 18144 KB] g=21, 5429 evaluated, 21 expanded
[t=0.24387s, 18144 KB] New best heuristic value for add: 132
[t=0.243912s, 18144 KB] g=21, 5431 evaluated, 21 expanded
[t=0.244339s, 18144 KB] New best heuristic value for add: 131
[t=0.244391s, 18144 KB] g=21, 5442 evaluated, 21 expanded
[t=0.249498s, 18276 KB] New best heuristic value for add: 130
[t=0.249581s, 18276 KB] g=21, 5592 evaluated, 21 expanded
[t=0.25228s, 18276 KB] New best heuristic value for add: 128
[t=0.252339s, 18276 KB] g=22, 5668 evaluated, 22 expanded
[t=0.252457s, 18276 KB] New best heuristic value for add: 126
[t=0.252505s, 18276 KB] g=22, 5670 evaluated, 22 expanded
[t=0.253064s, 18276 KB] New best heuristic value for add: 125
[t=0.253113s, 18276 KB] g=22, 5685 evaluated, 22 expanded
[t=0.260286s, 18276 KB] New best heuristic value for add: 123
[t=0.26036s, 18276 KB] g=23, 5904 evaluated, 23 expanded
[t=0.260473s, 18276 KB] New best heuristic value for add: 121
[t=0.260519s, 18276 KB] g=23, 5906 evaluated, 23 expanded
[t=0.261231s, 18276 KB] New best heuristic value for add: 120
[t=0.261277s, 18276 KB] g=23, 5927 evaluated, 23 expanded
[t=0.267979s, 18276 KB] New best heuristic value for add: 118
[t=0.268053s, 18276 KB] g=24, 6137 evaluated, 24 expanded
[t=0.268175s, 18276 KB] New best heuristic value for add: 116
[t=0.268226s, 18276 KB] g=24, 6139 evaluated, 24 expanded
[t=0.271133s, 18276 KB] New best heuristic value for add: 115
[t=0.271195s, 18276 KB] g=24, 6231 evaluated, 24 expanded
[t=0.275427s, 18276 KB] New best heuristic value for add: 113
[t=0.275486s, 18276 KB] g=25, 6367 evaluated, 25 expanded
[t=0.275595s, 18276 KB] New best heuristic value for add: 111
[t=0.275639s, 18276 KB] g=25, 6369 evaluated, 25 expanded
[t=0.278604s, 18276 KB] New best heuristic value for add: 110
[t=0.278661s, 18276 KB] g=25, 6467 evaluated, 25 expanded
[t=0.282539s, 18276 KB] New best heuristic value for add: 108
[t=0.282599s, 18276 KB] g=26, 6594 evaluated, 26 expanded
[t=0.282707s, 18276 KB] New best heuristic value for add: 106
[t=0.282749s, 18276 KB] g=26, 6596 evaluated, 26 expanded
[t=0.286749s, 18276 KB] New best heuristic value for add: 105
[t=0.286812s, 18276 KB] g=26, 6729 evaluated, 26 expanded
[t=0.289531s, 18276 KB] New best heuristic value for add: 103
[t=0.289586s, 18276 KB] g=27, 6818 evaluated, 27 expanded
[t=0.2897s, 18276 KB] New best heuristic value for add: 101
[t=0.289742s, 18276 KB] g=27, 6820 evaluated, 27 expanded
[t=0.295511s, 18400 KB] New best heuristic value for add: 100
[t=0.295589s, 18400 KB] g=27, 7017 evaluated, 27 expanded
[t=0.296294s, 18400 KB] New best heuristic value for add: 98
[t=0.29634s, 18400 KB] g=28, 7039 evaluated, 28 expanded
[t=0.296444s, 18400 KB] New best heuristic value for add: 96
[t=0.296477s, 18400 KB] g=28, 7041 evaluated, 28 expanded
[t=0.302782s, 18400 KB] New best heuristic value for add: 95
[t=0.302851s, 18400 KB] g=29, 7257 evaluated, 29 expanded
[t=0.302925s, 18400 KB] New best heuristic value for add: 94
[t=0.302967s, 18400 KB] g=29, 7258 evaluated, 29 expanded
[t=0.303038s, 18400 KB] New best heuristic value for add: 93
[t=0.30308s, 18400 KB] g=29, 7259 evaluated, 29 expanded
[t=0.303151s, 18400 KB] New best heuristic value for add: 92
[t=0.303192s, 18400 KB] g=29, 7260 evaluated, 29 expanded
[t=0.30922s, 18400 KB] New best heuristic value for add: 91
[t=0.309275s, 18400 KB] g=30, 7472 evaluated, 30 expanded
[t=0.309349s, 18400 KB] New best heuristic value for add: 90
[t=0.309394s, 18400 KB] g=30, 7473 evaluated, 30 expanded
[t=0.30958s, 18400 KB] New best heuristic value for add: 89
[t=0.309624s, 18400 KB] g=30, 7478 evaluated, 30 expanded
[t=0.309951s, 18400 KB] New best heuristic value for add: 88
[t=0.309999s, 18400 KB] g=30, 7488 evaluated, 30 expanded
[t=0.316156s, 18528 KB] New best heuristic value for add: 87
[t=0.31623s, 18528 KB] g=31, 7684 evaluated, 31 expanded
[t=0.316305s, 18528 KB] New best heuristic value for add: 86
[t=0.316348s, 18528 KB] g=31, 7685 evaluated, 31 expanded
[t=0.316533s, 18528 KB] New best heuristic value for add: 85
[t=0.316576s, 18528 KB] g=31, 7690 evaluated, 31 expanded
[t=0.318625s, 18528 KB] New best heuristic value for add: 84
[t=0.318676s, 18528 KB] g=31, 7765 evaluated, 31 expanded
[t=0.322256s, 18528 KB] New best heuristic value for add: 83
[t=0.322319s, 18528 KB] g=32, 7893 evaluated, 32 expanded
[t=0.322419s, 18528 KB] New best heuristic value for add: 82
[t=0.322461s, 18528 KB] g=32, 7895 evaluated, 32 expanded
[t=0.322613s, 18528 KB] New best heuristic value for add: 81
[t=0.322655s, 18528 KB] g=32, 7899 evaluated, 32 expanded
[t=0.324928s, 18528 KB] New best heuristic value for add: 80
[t=0.324977s, 18528 KB] g=32, 7984 evaluated, 32 expanded
[t=0.32802s, 18528 KB] New best heuristic value for add: 79
[t=0.328071s, 18528 KB] g=33, 8096 evaluated, 33 expanded
[t=0.328169s, 18528 KB] New best heuristic value for add: 78
[t=0.328211s, 18528 KB] g=33, 8098 evaluated, 33 expanded
[t=0.328361s, 18528 KB] New best heuristic value for add: 77
[t=0.328403s, 18528 KB] g=33, 8102 evaluated, 33 expanded
[t=0.331502s, 18528 KB] New best heuristic value for add: 76
[t=0.331556s, 18528 KB] g=33, 8220 evaluated, 33 expanded
[t=0.333608s, 18528 KB] New best heuristic value for add: 75
[t=0.333663s, 18528 KB] g=34, 8296 evaluated, 34 expanded
[t=0.33376s, 18528 KB] New best heuristic value for add: 74
[t=0.333802s, 18528 KB] g=34, 8298 evaluated, 34 expanded
[t=0.333951s, 18528 KB] New best heuristic value for add: 73
[t=0.333993s, 18528 KB] g=34, 8302 evaluated, 34 expanded
[t=0.337513s, 18528 KB] New best heuristic value for add: 72
[t=0.337577s, 18528 KB] g=34, 8438 evaluated, 34 expanded
[t=0.339001s, 18528 KB] New best heuristic value for add: 71
[t=0.33905s, 18528 KB] g=35, 8491 evaluated, 35 expanded
[t=0.339147s, 18528 KB] New best heuristic value for add: 70
[t=0.339189s, 18528 KB] g=35, 8493 evaluated, 35 expanded
[t=0.339335s, 18528 KB] New best heuristic value for add: 69
[t=0.33938s, 18528 KB] g=35, 8497 evaluated, 35 expanded
[t=0.344074s, 18528 KB] New best heuristic value for add: 68
[t=0.344143s, 18528 KB] g=36, 8683 evaluated, 36 expanded
[t=0.344238s, 18528 KB] New best heuristic value for add: 67
[t=0.34428s, 18528 KB] g=36, 8685 evaluated, 36 expanded
[t=0.344533s, 18528 KB] New best heuristic value for add: 66
[t=0.344576s, 18528 KB] g=36, 8693 evaluated, 36 expanded
[t=0.349037s, 18528 KB] New best heuristic value for add: 65
[t=0.349098s, 18528 KB] g=37, 8872 evaluated, 37 expanded
[t=0.349191s, 18528 KB] New best heuristic value for add: 64
[t=0.349233s, 18528 KB] g=37, 8874 evaluated, 37 expanded
[t=0.34955s, 18528 KB] New best heuristic value for add: 63
[t=0.349592s, 18528 KB] g=37, 8885 evaluated, 37 expanded
[t=0.353798s, 18528 KB] New best heuristic value for add: 62
[t=0.353863s, 18528 KB] g=38, 9057 evaluated, 38 expanded
[t=0.353955s, 18528 KB] New best heuristic value for add: 61
[t=0.353997s, 18528 KB] g=38, 9059 evaluated, 38 expanded
[t=0.355348s, 18664 KB] New best heuristic value for add: 60
[t=0.355415s, 18664 KB] g=38, 9115 evaluated, 38 expanded
[t=0.358395s, 18664 KB] New best heuristic value for add: 59
[t=0.358451s, 18664 KB] g=39, 9236 evaluated, 39 expanded
[t=0.358544s, 18664 KB] New best heuristic value for add: 58
[t=0.358586s, 18664 KB] g=39, 9238 evaluated, 39 expanded
[t=0.359918s, 18664 KB] New best heuristic value for add: 57
[t=0.359968s, 18664 KB] g=39, 9294 evaluated, 39 expanded
[t=0.362764s, 18664 KB] New best heuristic value for add: 56
[t=0.362817s, 18664 KB] g=40, 9410 evaluated, 40 expanded
[t=0.363015s, 18664 KB] New best heuristic value for add: 55
[t=0.363057s, 18664 KB] g=40, 9416 evaluated, 40 expanded
[t=0.364321s, 18664 KB] New best heuristic value for add: 54
[t=0.364369s, 18664 KB] g=40, 9470 evaluated, 40 expanded
[t=0.367011s, 18664 KB] New best heuristic value for add: 53
[t=0.367071s, 18664 KB] g=41, 9580 evaluated, 41 expanded
[t=0.36723s, 18664 KB] New best heuristic value for add: 52
[t=0.367273s, 18664 KB] g=41, 9585 evaluated, 41 expanded
[t=0.3685s, 18664 KB] New best heuristic value for add: 51
[t=0.368547s, 18664 KB] g=41, 9639 evaluated, 41 expanded
[t=0.370986s, 18664 KB] New best heuristic value for add: 50
[t=0.371039s, 18664 KB] g=42, 9744 evaluated, 42 expanded
[t=0.371198s, 18664 KB] New best heuristic value for add: 49
[t=0.371243s, 18664 KB] g=42, 9749 evaluated, 42 expanded
[t=0.372794s, 18664 KB] New best heuristic value for add: 48
[t=0.37284s, 18664 KB] g=42, 9818 evaluated, 42 expanded
[t=0.374737s, 18664 KB] New best heuristic value for add: 47
[t=0.374787s, 18664 KB] g=43, 9901 evaluated, 43 expanded
[t=0.374944s, 18664 KB] New best heuristic value for add: 46
[t=0.374986s, 18664 KB] g=43, 9906 evaluated, 43 expanded
[t=0.376545s, 18664 KB] New best heuristic value for add: 45
[t=0.376595s, 18664 KB] g=43, 9977 evaluated, 43 expanded
[t=0.378343s, 18664 KB] New best heuristic value for add: 44
[t=0.378395s, 18664 KB] g=44, 10055 evaluated, 44 expanded
[t=0.378529s, 18664 KB] New best heuristic value for add: 43
[t=0.378578s, 18664 KB] g=44, 10059 evaluated, 44 expanded
[t=0.381158s, 18664 KB] New best heuristic value for add: 42
[t=0.381208s, 18664 KB] g=44, 10179 evaluated, 44 expanded
[t=0.381828s, 18664 KB] New best heuristic value for add: 41
[t=0.381876s, 18664 KB] g=45, 10205 evaluated, 45 expanded
[t=0.381985s, 18664 KB] New best heuristic value for add: 40
[t=0.382029s, 18664 KB] g=45, 10208 evaluated, 45 expanded
[t=0.384743s, 18664 KB] New best heuristic value for add: 39
[t=0.384796s, 18664 KB] g=45, 10335 evaluated, 45 expanded
[t=0.385148s, 18664 KB] New best heuristic value for add: 38
[t=0.385191s, 18664 KB] g=46, 10349 evaluated, 46 expanded
[t=0.385299s, 18664 KB] New best heuristic value for add: 37
[t=0.385347s, 18664 KB] g=46, 10352 evaluated, 46 expanded
[t=0.388202s, 18664 KB] New best heuristic value for add: 36
[t=0.388256s, 18664 KB] g=47, 10488 evaluated, 47 expanded
[t=0.388364s, 18664 KB] New best heuristic value for add: 35
[t=0.388406s, 18664 KB] g=47, 10491 evaluated, 47 expanded
[t=0.391192s, 18788 KB] New best heuristic value for add: 34
[t=0.391256s, 18788 KB] g=48, 10624 evaluated, 48 expanded
[t=0.39155s, 18788 KB] New best heuristic value for add: 33
[t=0.391592s, 18788 KB] g=48, 10637 evaluated, 48 expanded
[t=0.394037s, 18788 KB] New best heuristic value for add: 32
[t=0.394088s, 18788 KB] g=49, 10755 evaluated, 49 expanded
[t=0.394387s, 18788 KB] New best heuristic value for add: 31
[t=0.394429s, 18788 KB] g=49, 10768 evaluated, 49 expanded
[t=0.396743s, 18788 KB] New best heuristic value for add: 30
[t=0.396795s, 18788 KB] g=50, 10881 evaluated, 50 expanded
[t=0.397089s, 18788 KB] New best heuristic value for add: 29
[t=0.397134s, 18788 KB] g=50, 10894 evaluated, 50 expanded
[t=0.399281s, 18788 KB] New best heuristic value for add: 28
[t=0.399331s, 18788 KB] g=51, 11001 evaluated, 51 expanded
[t=0.399788s, 18788 KB] New best heuristic value for add: 27
[t=0.39983s, 18788 KB] g=51, 11023 evaluated, 51 expanded
[t=0.401746s, 18788 KB] New best heuristic value for add: 26
[t=0.401796s, 18788 KB] g=52, 11118 evaluated, 52 expanded
[t=0.402215s, 18788 KB] New best heuristic value for add: 25
[t=0.402258s, 18788 KB] g=52, 11138 evaluated, 52 expanded
[t=0.404073s, 18788 KB] New best heuristic value for add: 24
[t=0.40412s, 18788 KB] g=53, 11229 evaluated, 53 expanded
[t=0.404661s, 18788 KB] New best heuristic value for add: 23
[t=0.404704s, 18788 KB] g=53, 11256 evaluated, 53 expanded
[t=0.406272s, 18788 KB] New best heuristic value for add: 22
[t=0.406321s, 18788 KB] g=54, 11335 evaluated, 54 expanded
[t=0.407046s, 18788 KB] New best heuristic value for add: 21
[t=0.407088s, 18788 KB] g=54, 11372 evaluated, 54 expanded
[t=0.408315s, 18788 KB] New best heuristic value for add: 20
[t=0.408361s, 18788 KB] g=55, 11435 evaluated, 55 expanded
[t=0.409263s, 18788 KB] New best heuristic value for add: 19
[t=0.409309s, 18788 KB] g=55, 11482 evaluated, 55 expanded
[t=0.410205s, 18788 KB] New best heuristic value for add: 18
[t=0.410252s, 18788 KB] g=56, 11528 evaluated, 56 expanded
[t=0.411072s, 18788 KB] New best heuristic value for add: 17
[t=0.411116s, 18788 KB] g=56, 11571 evaluated, 56 expanded
[t=0.412014s, 18788 KB] New best heuristic value for add: 16
[t=0.412059s, 18788 KB] g=57, 11618 evaluated, 57 expanded
[t=0.41286s, 18788 KB] New best heuristic value for add: 15
[t=0.412914s, 18788 KB] g=57, 11658 evaluated, 57 expanded
[t=0.413713s, 18788 KB] New best heuristic value for add: 14
[t=0.413762s, 18788 KB] g=58, 11700 evaluated, 58 expanded
[t=0.415146s, 18788 KB] New best heuristic value for add: 13
[t=0.415198s, 18788 KB] g=59, 11776 evaluated, 59 expanded
[t=0.416557s, 18788 KB] New best heuristic value for add: 12
[t=0.416605s, 18788 KB] g=60, 11852 evaluated, 60 expanded
[t=0.417818s, 18788 KB] New best heuristic value for add: 11
[t=0.417862s, 18788 KB] g=61, 11920 evaluated, 61 expanded
[t=0.419152s, 18788 KB] New best heuristic value for add: 10
[t=0.4192s, 18788 KB] g=62, 11993 evaluated, 62 expanded
[t=0.420268s, 18916 KB] New best heuristic value for add: 9
[t=0.420333s, 18916 KB] g=63, 12054 evaluated, 63 expanded
[t=0.421359s, 18916 KB] New best heuristic value for add: 8
[t=0.421407s, 18916 KB] g=64, 12112 evaluated, 64 expanded
[t=0.422336s, 18916 KB] New best heuristic value for add: 7
[t=0.422381s, 18916 KB] g=65, 12165 evaluated, 65 expanded
[t=0.423199s, 18916 KB] New best heuristic value for add: 6
[t=0.423242s, 18916 KB] g=66, 12213 evaluated, 66 expanded
[t=0.424005s, 18916 KB] New best heuristic value for add: 5
[t=0.424052s, 18916 KB] g=67, 12257 evaluated, 67 expanded
[t=0.424811s, 18916 KB] New best heuristic value for add: 4
[t=0.424858s, 18916 KB] g=68, 12301 evaluated, 68 expanded
[t=0.425556s, 18916 KB] New best heuristic value for add: 3
[t=0.425599s, 18916 KB] g=69, 12342 evaluated, 69 expanded
[t=0.426291s, 18916 KB] New best heuristic value for add: 2
[t=0.426334s, 18916 KB] g=70, 12382 evaluated, 70 expanded
[t=0.426937s, 18916 KB] New best heuristic value for add: 1
[t=0.426984s, 18916 KB] g=71, 12418 evaluated, 71 expanded
[t=0.427539s, 18916 KB] New best heuristic value for add: 0
[t=0.427582s, 18916 KB] g=72, 12451 evaluated, 72 expanded
[t=0.427685s, 18916 KB] Solution found!
[t=0.427735s, 18916 KB] Actual search time: 0.419043s
workat d95 ham (1)
workat d70 ber (1)
workat d29 fra (1)
workat d94 ber (1)
workat d85 fra (1)
workat d63 ber (1)
workat d58 ber (1)
workat d83 fra (1)
workat d74 ham (1)
workat d64 fra (1)
workat d59 ber (1)
workat d5 ber (1)
workat d1 ham (1)
workat d81 fra (1)
workat d52 fra (1)
workat d10 fra (1)
workat d97 ham (1)
workat d93 fra (1)
workat d78 ber (1)
workat d6 ham (1)
workat d34 ham (1)
workat d90 ham (1)
workat d88 ham (1)
workat d55 fra (1)
workat d51 fra (1)
workat d39 fra (1)
workat d17 ham (1)
workat d99 ham (1)
workat d96 ber (1)
workat d87 fra (1)
workat d56 ber (1)
workat d48 ber (1)
workat d36 fra (1)
workat d27 ber (1)
workat d91 ber (1)
workat d89 fra (1)
workat d84 ham (1)
workat d62 fra (1)
workat d61 ham (1)
workat d57 fra (1)
workat d54 ham (1)
workat d42 ber (1)
workat d40 ber (1)
workat d2 ham (1)
workat d14 fra (1)
workat d9 ber (1)
workat d86 ber (1)
workat d77 fra (1)
workat d75 ber (1)
workat d73 ber (1)
workat d68 ber (1)
workat d67 ber (1)
workat d50 ber (1)
workat d43 ham (1)
workat d33 ham (1)
workat d32 ber (1)
workat d30 ber (1)
workat d82 fra (1)
workat d8 fra (1)
workat d72 ham (1)
workat d71 fra (1)
workat d47 ham (1)
workat d45 ber (1)
workat d38 ber (1)
workat d35 ber (1)
workat d31 fra (1)
workat d28 ber (1)
workat d25 ham (1)
workat d24 ham (1)
workat d20 fra (1)
workat d18 fra (1)
workat d13 ber (1)
[t=0.427778s, 18916 KB] Plan length: 72 step(s).
[t=0.427778s, 18916 KB] Plan cost: 72
[t=0.427778s, 18916 KB] Expanded 73 state(s).
[t=0.427778s, 18916 KB] Reopened 0 state(s).
[t=0.427778s, 18916 KB] Evaluated 12455 state(s).
[t=0.427778s, 18916 KB] Evaluations: 12455
[t=0.427778s, 18916 KB] Generated 13932 state(s).
[t=0.427778s, 18916 KB] Dead ends: 239 state(s).
[t=0.427778s, 18916 KB] Number of registered states: 12455
[t=0.427778s, 18916 KB] Int hash set load factor: 12455/16384 = 0.760193
[t=0.427778s, 18916 KB] Int hash set resizes: 14
[t=0.427778s, 18916 KB] mean number of q cost that have been adjusted 0 times in relation to total number of q: -1
[t=0.427778s, 18916 KB] mean number of q cost that have been adjusted 1 times in relation to total number of q: -1
[t=0.427778s, 18916 KB] mean number of q cost that have been adjusted 2 times in relation to total number of q: -1
[t=0.427778s, 18916 KB] mean number of q that are at some point overconsitent in relation to total number of q: -1
[t=0.427778s, 18916 KB] mean number of q that are at first underconsisten in relation to total number of q: -1
[t=0.427778s, 18916 KB] mean number of state variables that are not in common between two following states in relation to total number of state variables: -1
[t=0.427778s, 18916 KB] variance number of state variables that are not in common between two following states in relation to total number of state variables: -1
[t=0.427778s, 18916 KB] Search time: 0.419391s
[t=0.427778s, 18916 KB] Total time: 0.427778s
Solution found.
Peak memory: 18916 KB
Remove intermediate file output.sas
search exit code: 0

INFO     Running validate.
INFO     validate stdin: None
INFO     validate time limit: None
INFO     validate memory limit: None
INFO     validate command line string: validate domain.pddl problem.pddl sas_plan
