INFO     Running translator.
INFO     translator stdin: None
INFO     translator time limit: 1799.96s
INFO     translator memory limit: 3584 MB
INFO     translator command line string: /infai/weidan00/downward/experiments/bachelor/.venv/bin/python3 /infai/weidan00/downward/experiments/bachelor/data/bachelor-v1/code-7aa5f34_e5e41175/builds/release/bin/translate/translate.py domain.pddl problem.pddl --sas-file output.sas
Parsing...
Parsing: [0.070s CPU, 0.057s wall-clock]
Normalizing task... [0.000s CPU, 0.002s wall-clock]
Instantiating...
Generating Datalog program... [0.020s CPU, 0.018s wall-clock]
Normalizing Datalog program...
Normalizing Datalog program: [0.000s CPU, 0.002s wall-clock]
Preparing model... [0.100s CPU, 0.104s wall-clock]
Generated 23 rules.
Computing model... [0.280s CPU, 0.278s wall-clock]
12365 relevant atoms
22116 auxiliary atoms
34481 final queue length
39643 total queue pushes
Completing instantiation... [0.160s CPU, 0.163s wall-clock]
Instantiating: [0.570s CPU, 0.577s wall-clock]
Computing fact groups...
Finding invariants...
9 initial candidates
Finding invariants: [0.010s CPU, 0.005s wall-clock]
Checking invariant weight... [0.000s CPU, 0.005s wall-clock]
Instantiating groups... [0.010s CPU, 0.004s wall-clock]
Collecting mutex groups... [0.000s CPU, 0.000s wall-clock]
Choosing groups...
0 uncovered facts
Choosing groups: [0.000s CPU, 0.000s wall-clock]
Building translation key... [0.000s CPU, 0.000s wall-clock]
Computing fact groups: [0.020s CPU, 0.016s wall-clock]
Building STRIPS to SAS dictionary... [0.000s CPU, 0.000s wall-clock]
Building dictionary for full mutex groups... [0.000s CPU, 0.000s wall-clock]
Building mutex information...
Building mutex information: [0.000s CPU, 0.000s wall-clock]
Translating task...
Processing axioms...
Simplifying axioms... [0.000s CPU, 0.000s wall-clock]
Processing axioms: [0.000s CPU, 0.006s wall-clock]
Translating task: [0.100s CPU, 0.101s wall-clock]
0 effect conditions simplified
0 implied preconditions added
Detecting unreachable propositions...
0 operators removed
0 axioms removed
10 propositions removed
Detecting unreachable propositions: [0.050s CPU, 0.050s wall-clock]
Reordering and filtering variables...
10 of 10 variables necessary.
0 of 10 mutex groups necessary.
2742 of 2742 operators necessary.
0 of 0 axiom rules necessary.
Reordering and filtering variables: [0.010s CPU, 0.014s wall-clock]
Translator variables: 10
Translator derived variables: 0
Translator facts: 204
Translator goal facts: 8
Translator mutex groups: 0
Translator total mutex groups size: 0
Translator operators: 2742
Translator axioms: 0
Translator task size: 13804
Translator peak memory: 161484 KB
Writing output... [0.020s CPU, 0.028s wall-clock]
Done! [0.850s CPU, 0.852s wall-clock]
translate exit code: 0

INFO     Running search (release).
INFO     search stdin: output.sas
INFO     search time limit: 1799.06s
INFO     search memory limit: 3584 MB
INFO     search command line string: /infai/weidan00/downward/experiments/bachelor/data/bachelor-v1/code-7aa5f34_e5e41175/builds/release/bin/downward --search 'eager_wastar([pinch_tracking()], w=2)' --internal-plan-file sas_plan < output.sas
[t=5.909e-05s, 17204 KB] reading input...
[t=0.0151489s, 18000 KB] done reading input!
[t=0.0178448s, 18632 KB] Simplifying 5356 unary operators... done! [5248 unary operators]
[t=0.0206376s, 19028 KB] time to simplify: 0.00296206s
[t=0.0210108s, 19028 KB] Initializing pinch tracking heuristic...
[t=0.021149s, 19028 KB] Building successor generator...done!
[t=0.021985s, 19028 KB] peak memory difference for successor generator creation: 0 KB
[t=0.0220261s, 19028 KB] time for successor generation creation: 0.000705213s
[t=0.0220857s, 19028 KB] Variables: 10
[t=0.0221259s, 19028 KB] FactPairs: 204
[t=0.0221652s, 19028 KB] Bytes per state: 8
[t=0.0222824s, 19028 KB] Conducting best first search with reopening closed nodes, (real) bound = 2147483647
[t=0.0228115s, 19028 KB] New best heuristic value for pinch_tracking: 42
[t=0.0228585s, 19028 KB] g=0, 1 evaluated, 0 expanded
[t=0.0229109s, 19028 KB] Initial heuristic value for pinch_tracking: 42
[t=0.022952s, 19028 KB] pruning method: none
[t=0.0232915s, 19028 KB] New best heuristic value for pinch_tracking: 41
[t=0.0233371s, 19028 KB] g=1, 2 evaluated, 1 expanded
[t=0.0237254s, 19028 KB] New best heuristic value for pinch_tracking: 36
[t=0.0237702s, 19028 KB] g=1, 3 evaluated, 1 expanded
[t=0.0247835s, 19028 KB] New best heuristic value for pinch_tracking: 31
[t=0.0248308s, 19028 KB] g=2, 6 evaluated, 2 expanded
[t=0.0267937s, 19028 KB] New best heuristic value for pinch_tracking: 30
[t=0.0268429s, 19028 KB] g=3, 14 evaluated, 3 expanded
[t=0.0279379s, 19028 KB] New best heuristic value for pinch_tracking: 29
[t=0.0279845s, 19028 KB] g=4, 20 evaluated, 4 expanded
[t=0.0290673s, 19028 KB] New best heuristic value for pinch_tracking: 28
[t=0.0291144s, 19028 KB] g=5, 25 evaluated, 5 expanded
[t=0.034989s, 19028 KB] New best heuristic value for pinch_tracking: 26
[t=0.0350393s, 19028 KB] g=8, 55 evaluated, 13 expanded
[t=0.0367953s, 19028 KB] New best heuristic value for pinch_tracking: 24
[t=0.0368428s, 19028 KB] g=9, 66 evaluated, 15 expanded
[t=0.0385765s, 19028 KB] New best heuristic value for pinch_tracking: 23
[t=0.038624s, 19028 KB] g=10, 75 evaluated, 16 expanded
[t=0.0390965s, 19028 KB] New best heuristic value for pinch_tracking: 22
[t=0.039147s, 19028 KB] g=11, 78 evaluated, 17 expanded
[t=0.0404889s, 19028 KB] New best heuristic value for pinch_tracking: 21
[t=0.0405356s, 19028 KB] g=12, 85 evaluated, 18 expanded
[t=0.0414407s, 19028 KB] New best heuristic value for pinch_tracking: 20
[t=0.0414861s, 19028 KB] g=13, 92 evaluated, 19 expanded
[t=0.0417655s, 19028 KB] New best heuristic value for pinch_tracking: 19
[t=0.0418095s, 19028 KB] g=14, 95 evaluated, 20 expanded
[t=0.04326s, 19028 KB] New best heuristic value for pinch_tracking: 17
[t=0.0433068s, 19028 KB] g=15, 106 evaluated, 22 expanded
[t=0.0445081s, 19028 KB] New best heuristic value for pinch_tracking: 16
[t=0.0445547s, 19028 KB] g=16, 113 evaluated, 23 expanded
[t=0.0459188s, 19028 KB] New best heuristic value for pinch_tracking: 14
[t=0.0459711s, 19028 KB] g=17, 127 evaluated, 25 expanded
[t=0.0473607s, 19028 KB] New best heuristic value for pinch_tracking: 13
[t=0.0474092s, 19028 KB] g=19, 141 evaluated, 27 expanded
[t=0.0476773s, 19028 KB] New best heuristic value for pinch_tracking: 12
[t=0.0477213s, 19028 KB] g=20, 143 evaluated, 28 expanded
[t=0.0491036s, 19028 KB] New best heuristic value for pinch_tracking: 11
[t=0.049151s, 19028 KB] g=22, 160 evaluated, 32 expanded
[t=0.0501701s, 19028 KB] New best heuristic value for pinch_tracking: 9
[t=0.050217s, 19028 KB] g=23, 175 evaluated, 35 expanded
[t=0.0505443s, 19028 KB] New best heuristic value for pinch_tracking: 8
[t=0.0505885s, 19028 KB] g=24, 178 evaluated, 36 expanded
[t=0.0509632s, 19028 KB] New best heuristic value for pinch_tracking: 6
[t=0.0510084s, 19028 KB] g=24, 187 evaluated, 38 expanded
[t=0.0513149s, 19028 KB] New best heuristic value for pinch_tracking: 5
[t=0.0513594s, 19028 KB] g=25, 191 evaluated, 39 expanded
[t=0.0516246s, 19028 KB] New best heuristic value for pinch_tracking: 3
[t=0.0516682s, 19028 KB] g=26, 201 evaluated, 41 expanded
[t=0.822494s, 19900 KB] New best heuristic value for pinch_tracking: 2
[t=0.822603s, 19900 KB] g=26, 15184 evaluated, 3871 expanded, 73 reopened
[t=0.822689s, 19900 KB] New best heuristic value for pinch_tracking: 1
[t=0.822733s, 19900 KB] g=27, 15185 evaluated, 3872 expanded, 73 reopened
[t=0.822837s, 19900 KB] New best heuristic value for pinch_tracking: 0
[t=0.82288s, 19900 KB] g=28, 15188 evaluated, 3873 expanded, 73 reopened
[t=0.822933s, 19900 KB] Solution found!
[t=0.822978s, 19900 KB] Actual search time: 0.800021s
drive t0 l2 l4 level120 level12 level132 (1)
drive t0 l4 l1 level107 level13 level120 (1)
load p7 t0 l1 (1)
load p5 t0 l1 (1)
load p1 t0 l1 (1)
drive t0 l1 l6 level104 level3 level107 (1)
unload p7 t0 l6 (1)
load p4 t0 l6 (1)
drive t0 l6 l1 level101 level3 level104 (1)
unload p4 t0 l1 (1)
drive t0 l1 l4 level88 level13 level101 (1)
unload p5 t0 l4 (1)
load p2 t0 l4 (1)
load p0 t0 l4 (1)
drive t0 l4 l2 level76 level12 level88 (1)
drive t0 l2 l7 level58 level18 level76 (1)
load p6 t0 l7 (1)
unload p2 t0 l7 (1)
drive t0 l7 l5 level48 level10 level58 (1)
unload p1 t0 l5 (1)
drive t0 l5 l6 level30 level18 level48 (1)
unload p6 t0 l6 (1)
drive t0 l6 l1 level27 level3 level30 (1)
unload p0 t0 l1 (1)
drive t0 l1 l0 level15 level12 level27 (1)
load p3 t0 l0 (1)
drive t0 l0 l1 level3 level12 level15 (1)
unload p3 t0 l1 (1)
[t=0.823021s, 19900 KB] Plan length: 28 step(s).
[t=0.823021s, 19900 KB] Plan cost: 28
[t=0.823021s, 19900 KB] Expanded 3874 state(s).
[t=0.823021s, 19900 KB] Reopened 73 state(s).
[t=0.823021s, 19900 KB] Evaluated 15189 state(s).
[t=0.823021s, 19900 KB] Evaluations: 15189
[t=0.823021s, 19900 KB] Generated 22927 state(s).
[t=0.823021s, 19900 KB] Dead ends: 6799 state(s).
[t=0.823021s, 19900 KB] Number of registered states: 15189
[t=0.823021s, 19900 KB] Int hash set load factor: 15189/32768 = 0.463531
[t=0.823021s, 19900 KB] Int hash set resizes: 15
[t=0.823021s, 19900 KB] mean number of q cost that have been adjusted 0 times in relation to total number of q: -1
[t=0.823021s, 19900 KB] mean number of q cost that have been adjusted 1 times in relation to total number of q: -1
[t=0.823021s, 19900 KB] mean number of q cost that have been adjusted 2 times in relation to total number of q: -1
[t=0.823021s, 19900 KB] mean number of q that are at some point overconsitent in relation to total number of q: -1
[t=0.823021s, 19900 KB] mean number of q that are at first underconsisten in relation to total number of q: -1
[t=0.823021s, 19900 KB] mean number of state variables that are not in common between two following states in relation to total number of state variables: -1
[t=0.823021s, 19900 KB] variance number of state variables that are not in common between two following states in relation to total number of state variables: -1
[t=0.823021s, 19900 KB] Search time: 0.800739s
[t=0.823021s, 19900 KB] Total time: 0.823021s
Solution found.
Peak memory: 19900 KB
Remove intermediate file output.sas
search exit code: 0

INFO     Running validate.
INFO     validate stdin: None
INFO     validate time limit: None
INFO     validate memory limit: None
INFO     validate command line string: validate domain.pddl problem.pddl sas_plan
