INFO     Running translator.
INFO     translator stdin: None
INFO     translator time limit: 1799.95s
INFO     translator memory limit: 3584 MB
INFO     translator command line string: /infai/weidan00/downward/experiments/bachelor/.venv/bin/python3 /infai/weidan00/downward/experiments/bachelor/data/bachelor-v1/code-7aa5f34_e5e41175/builds/release/bin/translate/translate.py domain.pddl problem.pddl --sas-file output.sas
Parsing...
Parsing: [0.870s CPU, 0.874s wall-clock]
Normalizing task... [0.220s CPU, 0.220s wall-clock]
Instantiating...
Generating Datalog program... [0.170s CPU, 0.175s wall-clock]
Normalizing Datalog program...
Normalizing Datalog program: [0.310s CPU, 0.309s wall-clock]
Preparing model... [0.390s CPU, 0.391s wall-clock]
Generated 19901 rules.
Computing model... [0.120s CPU, 0.111s wall-clock]
7617 relevant atoms
0 auxiliary atoms
7617 final queue length
19918 total queue pushes
Completing instantiation... [0.290s CPU, 0.293s wall-clock]
Instantiating: [1.300s CPU, 1.304s wall-clock]
Computing fact groups...
Finding invariants...
915 initial candidates
Finding invariants: [73.000s CPU, 73.287s wall-clock]
Checking invariant weight... [0.030s CPU, 0.029s wall-clock]
Instantiating groups... [0.010s CPU, 0.009s wall-clock]
Collecting mutex groups... [0.000s CPU, 0.003s wall-clock]
Choosing groups...
790 uncovered facts
Choosing groups: [0.020s CPU, 0.018s wall-clock]
Building translation key... [0.000s CPU, 0.003s wall-clock]
Computing fact groups: [73.100s CPU, 73.387s wall-clock]
Building STRIPS to SAS dictionary... [0.000s CPU, 0.001s wall-clock]
Building dictionary for full mutex groups... [0.010s CPU, 0.010s wall-clock]
Building mutex information...
Building mutex information: [0.010s CPU, 0.009s wall-clock]
Translating task...
Processing axioms...
Simplifying axioms... [0.000s CPU, 0.000s wall-clock]
Processing axioms: [0.020s CPU, 0.017s wall-clock]
Translating task: [0.820s CPU, 0.825s wall-clock]
0 effect conditions simplified
0 implied preconditions added
Detecting unreachable propositions...
0 operators removed
0 axioms removed
6 propositions removed
Detecting unreachable propositions: [0.170s CPU, 0.168s wall-clock]
Reordering and filtering variables...
26 of 806 variables necessary.
810 of 830 mutex groups necessary.
6700 of 6700 operators necessary.
0 of 0 axiom rules necessary.
Reordering and filtering variables: [0.050s CPU, 0.048s wall-clock]
Translator variables: 26
Translator derived variables: 0
Translator facts: 155
Translator goal facts: 10
Translator mutex groups: 810
Translator total mutex groups size: 7310
Translator operators: 6700
Translator axioms: 0
Translator task size: 36121
Translator peak memory: 432660 KB
Writing output... [0.070s CPU, 0.074s wall-clock]
Done! [76.630s CPU, 76.939s wall-clock]
translate exit code: 0

INFO     Running search (release).
INFO     search stdin: output.sas
INFO     search time limit: 1723.24s
INFO     search memory limit: 3584 MB
INFO     search command line string: /infai/weidan00/downward/experiments/bachelor/data/bachelor-v1/code-7aa5f34_e5e41175/builds/release/bin/downward --search 'eager_wastar([add()], w=2)' --internal-plan-file sas_plan < output.sas
[t=9.5223e-05s, 17204 KB] reading input...
[t=0.0388284s, 18768 KB] done reading input!
[t=0.0423691s, 19568 KB] Simplifying 7720 unary operators... done! [1935 unary operators]
[t=0.0449463s, 19636 KB] time to simplify: 0.00272669s
[t=0.0452452s, 19636 KB] Initializing additive heuristic...
[t=0.0454114s, 19636 KB] Building successor generator...done!
[t=0.0476829s, 20060 KB] peak memory difference for successor generator creation: 424 KB
[t=0.0477316s, 20060 KB] time for successor generation creation: 0.00204964s
[t=0.0478489s, 20060 KB] Variables: 26
[t=0.047893s, 20060 KB] FactPairs: 155
[t=0.0479329s, 20060 KB] Bytes per state: 8
[t=0.0480906s, 20060 KB] Conducting best first search with reopening closed nodes, (real) bound = 2147483647
[t=0.0482321s, 20060 KB] New best heuristic value for add: 52
[t=0.0482754s, 20060 KB] g=0, 1 evaluated, 0 expanded
[t=0.0483233s, 20060 KB] Initial heuristic value for add: 52
[t=0.0483646s, 20060 KB] pruning method: none
[t=0.0484553s, 20060 KB] New best heuristic value for add: 48
[t=0.0484979s, 20060 KB] g=1, 2 evaluated, 1 expanded
[t=0.0485847s, 20060 KB] New best heuristic value for add: 44
[t=0.0486264s, 20060 KB] g=1, 4 evaluated, 1 expanded
[t=0.0492108s, 20060 KB] New best heuristic value for add: 42
[t=0.0492571s, 20060 KB] g=2, 30 evaluated, 2 expanded
[t=0.050004s, 20060 KB] New best heuristic value for add: 41
[t=0.0500545s, 20060 KB] g=3, 64 evaluated, 3 expanded
[t=0.0931896s, 20060 KB] New best heuristic value for add: 39
[t=0.0932976s, 20060 KB] g=6, 2127 evaluated, 115 expanded
[t=0.0936259s, 20060 KB] New best heuristic value for add: 38
[t=0.093671s, 20060 KB] g=7, 2140 evaluated, 116 expanded
[t=0.0945408s, 20060 KB] New best heuristic value for add: 37
[t=0.0945891s, 20060 KB] g=8, 2179 evaluated, 117 expanded
[t=0.0951829s, 20060 KB] New best heuristic value for add: 36
[t=0.09523s, 20060 KB] g=8, 2206 evaluated, 119 expanded
[t=0.096117s, 20060 KB] New best heuristic value for add: 35
[t=0.0961657s, 20060 KB] g=9, 2248 evaluated, 120 expanded
[t=0.0969226s, 20060 KB] New best heuristic value for add: 34
[t=0.0969696s, 20060 KB] g=10, 2283 evaluated, 121 expanded
[t=0.0973666s, 20060 KB] New best heuristic value for add: 33
[t=0.0974123s, 20060 KB] g=11, 2301 evaluated, 122 expanded
[t=0.205964s, 20060 KB] New best heuristic value for add: 32
[t=0.206078s, 20060 KB] g=14, 7810 evaluated, 465 expanded
[t=0.206356s, 20060 KB] New best heuristic value for add: 31
[t=0.206402s, 20060 KB] g=15, 7821 evaluated, 466 expanded
[t=0.206849s, 20060 KB] New best heuristic value for add: 30
[t=0.206895s, 20060 KB] g=16, 7843 evaluated, 467 expanded
[t=0.207268s, 20060 KB] New best heuristic value for add: 29
[t=0.207322s, 20060 KB] g=17, 7862 evaluated, 468 expanded
[t=0.207472s, 20060 KB] New best heuristic value for add: 26
[t=0.207516s, 20060 KB] g=18, 7868 evaluated, 469 expanded
[t=0.207799s, 20060 KB] New best heuristic value for add: 25
[t=0.207843s, 20060 KB] g=19, 7882 evaluated, 470 expanded
[t=0.208157s, 20060 KB] New best heuristic value for add: 24
[t=0.2082s, 20060 KB] g=20, 7898 evaluated, 471 expanded
[t=0.217704s, 20060 KB] New best heuristic value for add: 23
[t=0.217792s, 20060 KB] g=21, 8459 evaluated, 513 expanded
[t=0.218076s, 20060 KB] New best heuristic value for add: 22
[t=0.218121s, 20060 KB] g=22, 8472 evaluated, 514 expanded
[t=0.218497s, 20060 KB] New best heuristic value for add: 21
[t=0.218542s, 20060 KB] g=23, 8492 evaluated, 515 expanded
[t=0.218913s, 20060 KB] New best heuristic value for add: 20
[t=0.218957s, 20060 KB] g=24, 8511 evaluated, 516 expanded
[t=0.227276s, 20060 KB] New best heuristic value for add: 19
[t=0.227366s, 20060 KB] g=26, 9015 evaluated, 560 expanded
[t=0.227447s, 20060 KB] New best heuristic value for add: 18
[t=0.22749s, 20060 KB] g=26, 9017 evaluated, 560 expanded
[t=0.227729s, 20060 KB] New best heuristic value for add: 17
[t=0.227773s, 20060 KB] g=27, 9029 evaluated, 561 expanded
[t=0.228226s, 20060 KB] New best heuristic value for add: 16
[t=0.228271s, 20060 KB] g=28, 9054 evaluated, 562 expanded
[t=0.231696s, 20060 KB] New best heuristic value for add: 15
[t=0.231767s, 20060 KB] g=30, 9274 evaluated, 582 expanded
[t=0.23198s, 20060 KB] New best heuristic value for add: 13
[t=0.232024s, 20060 KB] g=31, 9285 evaluated, 583 expanded
[t=0.232242s, 20060 KB] New best heuristic value for add: 12
[t=0.232286s, 20060 KB] g=32, 9297 evaluated, 584 expanded
[t=0.411998s, 20268 KB] New best heuristic value for add: 11
[t=0.412113s, 20268 KB] g=32, 21425 evaluated, 2400 expanded, 140 reopened
[t=1.23966s, 22520 KB] New best heuristic value for add: 10
[t=1.23977s, 22520 KB] g=34, 75504 evaluated, 10982 expanded, 848 reopened
[t=1.32894s, 22784 KB] New best heuristic value for add: 9
[t=1.32907s, 22784 KB] g=36, 81599 evaluated, 11942 expanded, 860 reopened
[t=1.32931s, 22784 KB] New best heuristic value for add: 8
[t=1.32936s, 22784 KB] g=37, 81612 evaluated, 11943 expanded, 860 reopened
[t=11.4071s, 47972 KB] New best heuristic value for add: 7
[t=11.4072s, 47972 KB] g=37, 726376 evaluated, 137451 expanded, 20456 reopened
[t=11.4457s, 48104 KB] New best heuristic value for add: 6
[t=11.4458s, 48104 KB] g=36, 729106 evaluated, 138191 expanded, 20620 reopened
[t=11.446s, 48104 KB] New best heuristic value for add: 5
[t=11.446s, 48104 KB] g=37, 729118 evaluated, 138192 expanded, 20620 reopened
[t=11.4698s, 48104 KB] New best heuristic value for add: 4
[t=11.4699s, 48104 KB] g=39, 730808 evaluated, 138625 expanded, 20671 reopened
[t=11.4701s, 48104 KB] New best heuristic value for add: 3
[t=11.4702s, 48104 KB] g=40, 730820 evaluated, 138626 expanded, 20671 reopened
[t=12.1655s, 49312 KB] New best heuristic value for add: 2
[t=12.1656s, 49312 KB] g=44, 776255 evaluated, 152555 expanded, 24974 reopened
[t=12.1658s, 49312 KB] New best heuristic value for add: 1
[t=12.1658s, 49312 KB] g=45, 776265 evaluated, 152556 expanded, 24974 reopened
[t=12.1659s, 49312 KB] New best heuristic value for add: 0
[t=12.166s, 49312 KB] g=46, 776273 evaluated, 152557 expanded, 24974 reopened
[t=12.166s, 49312 KB] Solution found!
[t=12.1661s, 49312 KB] Actual search time: 12.1177s
drive_truck1_l1_l4_t0_t1  (1)
drive_truck1_l4_l1_t1_t2  (1)
load_package10_truck1_a3_l1  (1)
load_package4_truck1_a2_l1  (1)
drive_truck1_l1_l4_t2_t3  (1)
unload_package4_truck1_a2_l4  (1)
unload_package10_truck1_a3_l4  (1)
drive_truck1_l4_l1_t3_t4  (1)
load_package1_truck1_a3_l1  (1)
deliver_package10_l4_t4_t15  (1)
deliver_package4_l4_t4_t10  (1)
load_package3_truck1_a2_l1  (1)
drive_truck1_l1_l5_t4_t5  (1)
unload_package3_truck1_a2_l5  (1)
unload_package1_truck1_a3_l5  (1)
deliver_package1_l5_t5_t5  (1)
deliver_package3_l5_t5_t5  (1)
drive_truck1_l5_l4_t5_t6  (1)
load_package6_truck1_a3_l4  (1)
load_package7_truck1_a2_l4  (1)
drive_truck1_l4_l1_t6_t7  (1)
unload_package7_truck1_a2_l1  (1)
unload_package6_truck1_a3_l1  (1)
load_package2_truck1_a2_l1  (1)
drive_truck1_l1_l4_t7_t8  (1)
deliver_package6_l1_t8_t10  (1)
deliver_package7_l1_t8_t10  (1)
unload_package2_truck1_a2_l4  (1)
load_package5_truck1_a3_l4  (1)
load_package8_truck1_a2_l4  (1)
drive_truck1_l4_l2_t8_t9  (1)
unload_package8_truck1_a2_l2  (1)
deliver_package8_l2_t9_t10  (1)
drive_truck1_l2_l5_t9_t10  (1)
unload_package5_truck1_a3_l5  (1)
deliver_package5_l5_t10_t10  (1)
drive_truck1_l5_l1_t10_t11  (1)
load_package9_truck1_a4_l1  (1)
drive_truck1_l1_l3_t11_t12  (1)
unload_package9_truck1_a4_l3  (1)
drive_truck1_l3_l4_t12_t13  (1)
load_package2_truck1_a2_l4  (1)
drive_truck1_l4_l2_t13_t14  (1)
unload_package2_truck1_a2_l2  (1)
deliver_package2_l2_t14_t14  (1)
deliver_package9_l3_t14_t15  (1)
[t=12.1661s, 49312 KB] Plan length: 46 step(s).
[t=12.1661s, 49312 KB] Plan cost: 46
[t=12.1661s, 49312 KB] Expanded 152558 state(s).
[t=12.1661s, 49312 KB] Reopened 24974 state(s).
[t=12.1661s, 49312 KB] Evaluated 776273 state(s).
[t=12.1661s, 49312 KB] Evaluations: 776273
[t=12.1661s, 49312 KB] Generated 3857882 state(s).
[t=12.1661s, 49312 KB] Dead ends: 559917 state(s).
[t=12.1661s, 49312 KB] Number of registered states: 776273
[t=12.1661s, 49312 KB] Int hash set load factor: 776273/1048576 = 0.740312
[t=12.1661s, 49312 KB] Int hash set resizes: 20
[t=12.1661s, 49312 KB] mean number of q cost that have been adjusted 0 times in relation to total number of q: -1
[t=12.1661s, 49312 KB] mean number of q cost that have been adjusted 1 times in relation to total number of q: -1
[t=12.1661s, 49312 KB] mean number of q cost that have been adjusted 2 times in relation to total number of q: -1
[t=12.1661s, 49312 KB] mean number of q that are at some point overconsitent in relation to total number of q: -1
[t=12.1661s, 49312 KB] mean number of q that are at first underconsisten in relation to total number of q: -1
[t=12.1661s, 49312 KB] mean number of state variables that are not in common between two following states in relation to total number of state variables: -1
[t=12.1661s, 49312 KB] variance number of state variables that are not in common between two following states in relation to total number of state variables: -1
[t=12.1661s, 49312 KB] Search time: 12.118s
[t=12.1661s, 49312 KB] Total time: 12.1661s
Solution found.
Peak memory: 49312 KB
Remove intermediate file output.sas
search exit code: 0

INFO     Running validate.
INFO     validate stdin: None
INFO     validate time limit: None
INFO     validate memory limit: None
INFO     validate command line string: validate domain.pddl problem.pddl sas_plan
