INFO     Running translator.
INFO     translator stdin: None
INFO     translator time limit: 1799.96s
INFO     translator memory limit: 3584 MB
INFO     translator command line string: /infai/weidan00/downward/experiments/bachelor/.venv/bin/python3 /infai/weidan00/downward/experiments/bachelor/data/bachelor-v1/code-7aa5f34_e5e41175/builds/release/bin/translate/translate.py domain.pddl problem.pddl --sas-file output.sas
Parsing...
Parsing: [0.000s CPU, 0.007s wall-clock]
Normalizing task... [0.000s CPU, 0.000s wall-clock]
Instantiating...
Generating Datalog program... [0.010s CPU, 0.001s wall-clock]
Normalizing Datalog program...
Normalizing Datalog program: [0.000s CPU, 0.005s wall-clock]
Preparing model... [0.010s CPU, 0.005s wall-clock]
Generated 90 rules.
Computing model... [0.080s CPU, 0.090s wall-clock]
1974 relevant atoms
8309 auxiliary atoms
10283 final queue length
12277 total queue pushes
Completing instantiation... [0.050s CPU, 0.045s wall-clock]
Instantiating: [0.150s CPU, 0.150s wall-clock]
Computing fact groups...
Finding invariants...
35 initial candidates
Finding invariants: [0.000s CPU, 0.005s wall-clock]
Checking invariant weight... [0.000s CPU, 0.001s wall-clock]
Instantiating groups... [0.000s CPU, 0.002s wall-clock]
Collecting mutex groups... [0.000s CPU, 0.000s wall-clock]
Choosing groups...
107 uncovered facts
Choosing groups: [0.000s CPU, 0.000s wall-clock]
Building translation key... [0.000s CPU, 0.001s wall-clock]
Computing fact groups: [0.010s CPU, 0.011s wall-clock]
Building STRIPS to SAS dictionary... [0.000s CPU, 0.000s wall-clock]
Building dictionary for full mutex groups... [0.000s CPU, 0.000s wall-clock]
Building mutex information...
Building mutex information: [0.000s CPU, 0.000s wall-clock]
Translating task...
Processing axioms...
Simplifying axioms... [0.000s CPU, 0.000s wall-clock]
Processing axioms: [0.000s CPU, 0.002s wall-clock]
Translating task: [0.050s CPU, 0.044s wall-clock]
500 effect conditions simplified
0 implied preconditions added
Detecting unreachable propositions...
0 operators removed
0 axioms removed
52 propositions removed
Detecting unreachable propositions: [0.020s CPU, 0.030s wall-clock]
Reordering and filtering variables...
65 of 129 variables necessary.
0 of 30 mutex groups necessary.
903 of 1227 operators necessary.
0 of 0 axiom rules necessary.
Reordering and filtering variables: [0.010s CPU, 0.006s wall-clock]
Translator variables: 65
Translator derived variables: 0
Translator facts: 227
Translator goal facts: 13
Translator mutex groups: 0
Translator total mutex groups size: 0
Translator operators: 903
Translator axioms: 0
Translator task size: 4015
Translator peak memory: 148940 KB
Writing output... [0.010s CPU, 0.013s wall-clock]
Done! [0.250s CPU, 0.265s wall-clock]
translate exit code: 0

INFO     Running search (release).
INFO     search stdin: output.sas
INFO     search time limit: 1799.65s
INFO     search memory limit: 3584 MB
INFO     search command line string: /infai/weidan00/downward/experiments/bachelor/data/bachelor-v1/code-7aa5f34_e5e41175/builds/release/bin/downward --search 'eager_wastar([pinch_tracking()], w=2)' --internal-plan-file sas_plan < output.sas
[t=6.1254e-05s, 17204 KB] reading input...
[t=0.00581385s, 17508 KB] done reading input!
[t=0.00789127s, 17772 KB] Simplifying 1167 unary operators... done! [770 unary operators]
[t=0.00844148s, 17904 KB] time to simplify: 0.00061753s
[t=0.00860878s, 17904 KB] Initializing pinch tracking heuristic...
[t=0.00873461s, 17904 KB] Building successor generator...done!
[t=0.00919141s, 17904 KB] peak memory difference for successor generator creation: 0 KB
[t=0.00923137s, 17904 KB] time for successor generation creation: 0.000324664s
[t=0.0092834s, 17904 KB] Variables: 65
[t=0.00932387s, 17904 KB] FactPairs: 227
[t=0.0093633s, 17904 KB] Bytes per state: 12
[t=0.00948102s, 17904 KB] Conducting best first search with reopening closed nodes, (real) bound = 2147483647
[t=0.00966205s, 17904 KB] New best heuristic value for pinch_tracking: 54
[t=0.00970541s, 17904 KB] g=0, 1 evaluated, 0 expanded
[t=0.00975577s, 17904 KB] Initial heuristic value for pinch_tracking: 54
[t=0.00979635s, 17904 KB] pruning method: none
[t=0.00992s, 17904 KB] New best heuristic value for pinch_tracking: 47
[t=0.00996209s, 17904 KB] g=1, 5 evaluated, 1 expanded
[t=0.0102246s, 17904 KB] New best heuristic value for pinch_tracking: 45
[t=0.0102684s, 17904 KB] g=1, 20 evaluated, 1 expanded
[t=0.0105568s, 17904 KB] New best heuristic value for pinch_tracking: 41
[t=0.0106011s, 17904 KB] g=2, 41 evaluated, 2 expanded
[t=0.0109953s, 17904 KB] New best heuristic value for pinch_tracking: 36
[t=0.0110409s, 17904 KB] g=3, 73 evaluated, 3 expanded
[t=0.0115572s, 17904 KB] New best heuristic value for pinch_tracking: 35
[t=0.0116027s, 17904 KB] g=4, 116 evaluated, 4 expanded
[t=0.0116604s, 17904 KB] New best heuristic value for pinch_tracking: 34
[t=0.0117022s, 17904 KB] g=4, 118 evaluated, 4 expanded
[t=0.012134s, 17904 KB] New best heuristic value for pinch_tracking: 33
[t=0.0121791s, 17904 KB] g=5, 151 evaluated, 5 expanded
[t=0.0125833s, 17904 KB] New best heuristic value for pinch_tracking: 32
[t=0.0126281s, 17904 KB] g=6, 184 evaluated, 6 expanded
[t=0.0132404s, 17904 KB] New best heuristic value for pinch_tracking: 31
[t=0.0132875s, 17904 KB] g=7, 238 evaluated, 7 expanded
[t=0.0136881s, 17904 KB] New best heuristic value for pinch_tracking: 30
[t=0.0137347s, 17904 KB] g=8, 267 evaluated, 8 expanded
[t=0.014151s, 17904 KB] New best heuristic value for pinch_tracking: 29
[t=0.0141971s, 17904 KB] g=9, 301 evaluated, 9 expanded
[t=0.0153606s, 17904 KB] New best heuristic value for pinch_tracking: 28
[t=0.0154121s, 17904 KB] g=11, 404 evaluated, 13 expanded
[t=0.0160143s, 17904 KB] New best heuristic value for pinch_tracking: 27
[t=0.016061s, 17904 KB] g=12, 458 evaluated, 14 expanded
[t=0.0171971s, 17904 KB] New best heuristic value for pinch_tracking: 26
[t=0.0172459s, 17904 KB] g=14, 556 evaluated, 18 expanded
[t=0.0176218s, 17904 KB] New best heuristic value for pinch_tracking: 25
[t=0.0176675s, 17904 KB] g=15, 587 evaluated, 19 expanded
[t=0.0193319s, 17904 KB] New best heuristic value for pinch_tracking: 24
[t=0.0193845s, 17904 KB] g=17, 738 evaluated, 24 expanded
[t=0.0197803s, 17904 KB] New best heuristic value for pinch_tracking: 23
[t=0.0198282s, 17904 KB] g=18, 771 evaluated, 25 expanded
[t=0.0228189s, 17904 KB] New best heuristic value for pinch_tracking: 22
[t=0.0228771s, 17904 KB] g=20, 1039 evaluated, 34 expanded
[t=0.0232644s, 17904 KB] New best heuristic value for pinch_tracking: 21
[t=0.023311s, 17904 KB] g=21, 1071 evaluated, 35 expanded
[t=0.0247635s, 17904 KB] New best heuristic value for pinch_tracking: 20
[t=0.0248135s, 17904 KB] g=23, 1207 evaluated, 40 expanded
[t=0.0252345s, 17904 KB] New best heuristic value for pinch_tracking: 19
[t=0.025281s, 17904 KB] g=24, 1239 evaluated, 41 expanded
[t=0.0262233s, 17904 KB] New best heuristic value for pinch_tracking: 18
[t=0.0262709s, 17904 KB] g=26, 1319 evaluated, 44 expanded
[t=0.0265938s, 17904 KB] New best heuristic value for pinch_tracking: 17
[t=0.026639s, 17904 KB] g=27, 1344 evaluated, 45 expanded
[t=0.0270132s, 17904 KB] New best heuristic value for pinch_tracking: 16
[t=0.027059s, 17904 KB] g=28, 1371 evaluated, 46 expanded
[t=0.0374865s, 17904 KB] New best heuristic value for pinch_tracking: 15
[t=0.0375546s, 17904 KB] g=30, 2175 evaluated, 91 expanded
[t=0.0390007s, 17904 KB] New best heuristic value for pinch_tracking: 14
[t=0.039049s, 17904 KB] g=32, 2299 evaluated, 97 expanded
[t=0.039357s, 17904 KB] New best heuristic value for pinch_tracking: 13
[t=0.0394097s, 17904 KB] g=33, 2323 evaluated, 98 expanded
[t=0.0397479s, 17904 KB] New best heuristic value for pinch_tracking: 12
[t=0.0397933s, 17904 KB] g=34, 2349 evaluated, 99 expanded
[t=5.17458s, 49728 KB] New best heuristic value for pinch_tracking: 11
[t=5.17469s, 49728 KB] g=36, 437481 evaluated, 42972 expanded
[t=5.17491s, 49728 KB] New best heuristic value for pinch_tracking: 10
[t=5.17496s, 49728 KB] g=37, 437493 evaluated, 42973 expanded
[t=44.4475s, 340348 KB] New best heuristic value for pinch_tracking: 9
[t=44.4476s, 340348 KB] g=41, 3644828 evaluated, 413419 expanded, 2043 reopened
[t=44.4477s, 340348 KB] New best heuristic value for pinch_tracking: 8
[t=44.4478s, 340348 KB] g=41, 3644829 evaluated, 413419 expanded, 2043 reopened
[t=44.4481s, 340348 KB] New best heuristic value for pinch_tracking: 7
[t=44.4482s, 340348 KB] g=42, 3644854 evaluated, 413420 expanded, 2043 reopened
[t=45.7969s, 340348 KB] New best heuristic value for pinch_tracking: 6
[t=45.797s, 340348 KB] g=46, 3757679 evaluated, 426028 expanded, 2043 reopened
[t=45.7974s, 340348 KB] New best heuristic value for pinch_tracking: 5
[t=45.7974s, 340348 KB] g=47, 3757706 evaluated, 426029 expanded, 2043 reopened
[t=45.7999s, 340348 KB] New best heuristic value for pinch_tracking: 3
[t=45.7999s, 340348 KB] g=49, 3757929 evaluated, 426039 expanded, 2043 reopened
[t=45.802s, 340348 KB] New best heuristic value for pinch_tracking: 2
[t=45.802s, 340348 KB] g=51, 3758120 evaluated, 426048 expanded, 2043 reopened
[t=45.8023s, 340348 KB] New best heuristic value for pinch_tracking: 1
[t=45.8023s, 340348 KB] g=52, 3758142 evaluated, 426049 expanded, 2043 reopened
[t=45.8027s, 340348 KB] New best heuristic value for pinch_tracking: 0
[t=45.8027s, 340348 KB] g=53, 3758168 evaluated, 426050 expanded, 2043 reopened
[t=45.8029s, 340348 KB] Solution found!
[t=45.803s, 340348 KB] Actual search time: 45.7932s
navigate rover3 waypoint13 waypoint5 (1)
navigate rover5 waypoint8 waypoint3 (1)
calibrate rover5 camera4 objective3 waypoint3 (1)
navigate rover4 waypoint1 waypoint5 (1)
sample_rock rover4 rover4store waypoint5 (1)
communicate_rock_data rover4 general waypoint5 waypoint5 waypoint13 (1)
sample_rock rover0 rover0store waypoint12 (1)
navigate rover0 waypoint12 waypoint0 (1)
communicate_rock_data rover0 general waypoint12 waypoint0 waypoint13 (1)
sample_rock rover5 rover5store waypoint3 (1)
communicate_rock_data rover5 general waypoint3 waypoint3 waypoint13 (1)
drop rover5 rover5store (1)
calibrate rover4 camera0 objective2 waypoint5 (1)
take_image rover4 waypoint5 objective2 camera0 low_res (1)
communicate_image_data rover4 general objective2 low_res waypoint5 waypoint13 (1)
calibrate rover3 camera1 objective2 waypoint5 (1)
take_image rover3 waypoint5 objective2 camera1 colour (1)
communicate_image_data rover3 general objective2 colour waypoint5 waypoint13 (1)
calibrate rover3 camera1 objective2 waypoint5 (1)
take_image rover3 waypoint5 objective3 camera1 colour (1)
communicate_image_data rover3 general objective3 colour waypoint5 waypoint13 (1)
take_image rover5 waypoint3 objective4 camera4 colour (1)
calibrate rover5 camera4 objective3 waypoint3 (1)
communicate_image_data rover5 general objective4 colour waypoint3 waypoint13 (1)
navigate rover5 waypoint3 waypoint0 (1)
take_image rover5 waypoint0 objective5 camera4 colour (1)
communicate_image_data rover5 general objective5 colour waypoint0 waypoint13 (1)
navigate rover4 waypoint5 waypoint1 (1)
navigate rover4 waypoint1 waypoint14 (1)
drop rover4 rover4store (1)
navigate rover4 waypoint14 waypoint9 (1)
sample_rock rover4 rover4store waypoint9 (1)
navigate rover4 waypoint9 waypoint14 (1)
communicate_rock_data rover4 general waypoint9 waypoint14 waypoint13 (1)
sample_soil rover3 rover3store waypoint5 (1)
drop rover3 rover3store (1)
communicate_soil_data rover3 general waypoint5 waypoint5 waypoint13 (1)
navigate rover3 waypoint5 waypoint14 (1)
sample_soil rover3 rover3store waypoint14 (1)
navigate rover3 waypoint14 waypoint5 (1)
drop rover3 rover3store (1)
communicate_soil_data rover3 general waypoint14 waypoint5 waypoint13 (1)
navigate rover3 waypoint5 waypoint13 (1)
navigate rover3 waypoint13 waypoint3 (1)
sample_soil rover3 rover3store waypoint3 (1)
communicate_soil_data rover3 general waypoint3 waypoint3 waypoint13 (1)
drop rover3 rover3store (1)
navigate rover3 waypoint3 waypoint13 (1)
navigate rover3 waypoint13 waypoint5 (1)
navigate rover3 waypoint5 waypoint2 (1)
sample_soil rover3 rover3store waypoint2 (1)
navigate rover3 waypoint2 waypoint5 (1)
communicate_soil_data rover3 general waypoint2 waypoint5 waypoint13 (1)
[t=45.803s, 340348 KB] Plan length: 53 step(s).
[t=45.803s, 340348 KB] Plan cost: 53
[t=45.803s, 340348 KB] Expanded 426051 state(s).
[t=45.803s, 340348 KB] Reopened 2043 state(s).
[t=45.803s, 340348 KB] Evaluated 3758183 state(s).
[t=45.803s, 340348 KB] Evaluations: 3758183
[t=45.803s, 340348 KB] Generated 15529063 state(s).
[t=45.803s, 340348 KB] Dead ends: 0 state(s).
[t=45.803s, 340348 KB] Number of registered states: 3758183
[t=45.803s, 340348 KB] Int hash set load factor: 3758183/8388608 = 0.44801
[t=45.803s, 340348 KB] Int hash set resizes: 23
[t=45.803s, 340348 KB] mean number of q cost that have been adjusted 0 times in relation to total number of q: -1
[t=45.803s, 340348 KB] mean number of q cost that have been adjusted 1 times in relation to total number of q: -1
[t=45.803s, 340348 KB] mean number of q cost that have been adjusted 2 times in relation to total number of q: -1
[t=45.803s, 340348 KB] mean number of q that are at some point overconsitent in relation to total number of q: -1
[t=45.803s, 340348 KB] mean number of q that are at first underconsisten in relation to total number of q: -1
[t=45.803s, 340348 KB] mean number of state variables that are not in common between two following states in relation to total number of state variables: -1
[t=45.803s, 340348 KB] variance number of state variables that are not in common between two following states in relation to total number of state variables: -1
[t=45.803s, 340348 KB] Search time: 45.7935s
[t=45.803s, 340348 KB] Total time: 45.803s
Solution found.
Peak memory: 340348 KB
Remove intermediate file output.sas
search exit code: 0

INFO     Running validate.
INFO     validate stdin: None
INFO     validate time limit: None
INFO     validate memory limit: None
INFO     validate command line string: validate domain.pddl problem.pddl sas_plan
