INFO     Running translator.
INFO     translator stdin: None
INFO     translator time limit: 1799.95s
INFO     translator memory limit: 3584 MB
INFO     translator command line string: /infai/weidan00/downward/experiments/bachelor/.venv/bin/python3 /infai/weidan00/downward/experiments/bachelor/data/bachelor-v1/code-7aa5f34_e5e41175/builds/release/bin/translate/translate.py domain.pddl problem.pddl --sas-file output.sas
Parsing...
Parsing: [0.000s CPU, 0.003s wall-clock]
Normalizing task... [0.000s CPU, 0.000s wall-clock]
Instantiating...
Generating Datalog program... [0.000s CPU, 0.001s wall-clock]
Normalizing Datalog program...
Normalizing Datalog program: [0.010s CPU, 0.004s wall-clock]
Preparing model... [0.000s CPU, 0.002s wall-clock]
Generated 42 rules.
Computing model... [0.060s CPU, 0.058s wall-clock]
4036 relevant atoms
1687 auxiliary atoms
5723 final queue length
12658 total queue pushes
Completing instantiation... [0.190s CPU, 0.190s wall-clock]
Instantiating: [0.260s CPU, 0.256s wall-clock]
Computing fact groups...
Finding invariants...
12 initial candidates
Finding invariants: [0.010s CPU, 0.006s wall-clock]
Checking invariant weight... [0.000s CPU, 0.000s wall-clock]
Instantiating groups... [0.000s CPU, 0.003s wall-clock]
Collecting mutex groups... [0.000s CPU, 0.000s wall-clock]
Choosing groups...
0 uncovered facts
Choosing groups: [0.000s CPU, 0.001s wall-clock]
Building translation key... [0.000s CPU, 0.000s wall-clock]
Computing fact groups: [0.020s CPU, 0.013s wall-clock]
Building STRIPS to SAS dictionary... [0.000s CPU, 0.000s wall-clock]
Building dictionary for full mutex groups... [0.000s CPU, 0.000s wall-clock]
Building mutex information...
Building mutex information: [0.000s CPU, 0.000s wall-clock]
Translating task...
Processing axioms...
Simplifying axioms... [0.000s CPU, 0.000s wall-clock]
Processing axioms: [0.000s CPU, 0.008s wall-clock]
Translating task: [0.140s CPU, 0.145s wall-clock]
0 effect conditions simplified
0 implied preconditions added
Detecting unreachable propositions...
0 operators removed
0 axioms removed
35 propositions removed
Detecting unreachable propositions: [0.100s CPU, 0.100s wall-clock]
Reordering and filtering variables...
35 of 35 variables necessary.
0 of 35 mutex groups necessary.
3596 of 3596 operators necessary.
0 of 0 axiom rules necessary.
Reordering and filtering variables: [0.020s CPU, 0.022s wall-clock]
Translator variables: 35
Translator derived variables: 0
Translator facts: 292
Translator goal facts: 2
Translator mutex groups: 0
Translator total mutex groups size: 0
Translator operators: 3596
Translator axioms: 0
Translator task size: 21669
Translator peak memory: 159436 KB
Writing output... [0.030s CPU, 0.042s wall-clock]
Done! [0.580s CPU, 0.592s wall-clock]
translate exit code: 0

INFO     Running search (release).
INFO     search stdin: output.sas
INFO     search time limit: 1799.31s
INFO     search memory limit: 3584 MB
INFO     search command line string: /infai/weidan00/downward/experiments/bachelor/data/bachelor-v1/code-7aa5f34_e5e41175/builds/release/bin/downward --search 'eager_wastar([add()], w=2)' --internal-plan-file sas_plan < output.sas
[t=6.737e-05s, 17204 KB] reading input...
[t=0.0232391s, 18344 KB] done reading input!
[t=0.0264367s, 19028 KB] Simplifying 7192 unary operators... done! [7040 unary operators]
[t=0.0325214s, 19688 KB] time to simplify: 0.0064309s
[t=0.0333544s, 19688 KB] Initializing additive heuristic...
[t=0.0335459s, 19688 KB] Building successor generator...done!
[t=0.035606s, 19700 KB] peak memory difference for successor generator creation: 12 KB
[t=0.035652s, 19700 KB] time for successor generation creation: 0.00188568s
[t=0.0357471s, 19700 KB] Variables: 35
[t=0.0357892s, 19700 KB] FactPairs: 292
[t=0.0358297s, 19700 KB] Bytes per state: 16
[t=0.0359878s, 19700 KB] Conducting best first search with reopening closed nodes, (real) bound = 2147483647
[t=0.0362015s, 19700 KB] New best heuristic value for add: 9
[t=0.0362498s, 19700 KB] g=0, 1 evaluated, 0 expanded
[t=0.0363032s, 19700 KB] Initial heuristic value for add: 9
[t=0.0363449s, 19700 KB] pruning method: none
[t=0.0365831s, 19700 KB] New best heuristic value for add: 8
[t=0.0366299s, 19700 KB] g=1, 3 evaluated, 1 expanded
[t=0.037676s, 19700 KB] New best heuristic value for add: 7
[t=0.0377282s, 19700 KB] g=1, 16 evaluated, 1 expanded
[t=0.0384771s, 19700 KB] New best heuristic value for add: 6
[t=0.038527s, 19700 KB] g=2, 25 evaluated, 2 expanded
[t=0.0399348s, 19700 KB] New best heuristic value for add: 5
[t=0.039992s, 19700 KB] g=3, 43 evaluated, 3 expanded
[t=0.0428478s, 19700 KB] New best heuristic value for add: 4
[t=0.0429168s, 19700 KB] g=4, 81 evaluated, 4 expanded
[t=0.0566704s, 19700 KB] New best heuristic value for add: 3
[t=0.0567617s, 19700 KB] g=6, 272 evaluated, 13 expanded
[t=0.0571696s, 19700 KB] New best heuristic value for add: 2
[t=0.0572169s, 19700 KB] g=7, 278 evaluated, 14 expanded
[t=0.0584635s, 19700 KB] New best heuristic value for add: 1
[t=0.0585171s, 19700 KB] g=8, 301 evaluated, 15 expanded
[t=0.0597267s, 19700 KB] New best heuristic value for add: 0
[t=0.0597791s, 19700 KB] g=9, 334 evaluated, 16 expanded
[t=0.0598809s, 19700 KB] Solution found!
[t=0.0599262s, 19700 KB] Actual search time: 0.0235768s
overcome grief-7 entertainment ham pluto jupiter (1)
feast entertainment ham tuna bosnia surrey (1)
feast entertainment tuna beef arizona kentucky (1)
succumb grief-7 entertainment beef pluto jupiter (1)
feast satiety onion muffin kentucky bosnia (1)
overcome depression-1 satiety muffin mercury vulcan (1)
feast satiety muffin onion arizona kentucky (1)
feast satiety onion beef arizona kentucky (1)
succumb depression-1 satiety beef mercury vulcan (1)
[t=0.05997s, 19700 KB] Plan length: 9 step(s).
[t=0.05997s, 19700 KB] Plan cost: 9
[t=0.05997s, 19700 KB] Expanded 17 state(s).
[t=0.05997s, 19700 KB] Reopened 0 state(s).
[t=0.05997s, 19700 KB] Evaluated 336 state(s).
[t=0.05997s, 19700 KB] Evaluations: 336
[t=0.05997s, 19700 KB] Generated 368 state(s).
[t=0.05997s, 19700 KB] Dead ends: 0 state(s).
[t=0.05997s, 19700 KB] Number of registered states: 336
[t=0.05997s, 19700 KB] Int hash set load factor: 336/512 = 0.65625
[t=0.05997s, 19700 KB] Int hash set resizes: 9
[t=0.05997s, 19700 KB] mean number of q cost that have been adjusted 0 times in relation to total number of q: -1
[t=0.05997s, 19700 KB] mean number of q cost that have been adjusted 1 times in relation to total number of q: -1
[t=0.05997s, 19700 KB] mean number of q cost that have been adjusted 2 times in relation to total number of q: -1
[t=0.05997s, 19700 KB] mean number of q that are at some point overconsitent in relation to total number of q: -1
[t=0.05997s, 19700 KB] mean number of q that are at first underconsisten in relation to total number of q: -1
[t=0.05997s, 19700 KB] mean number of state variables that are not in common between two following states in relation to total number of state variables: -1
[t=0.05997s, 19700 KB] variance number of state variables that are not in common between two following states in relation to total number of state variables: -1
[t=0.05997s, 19700 KB] Search time: 0.0239832s
[t=0.05997s, 19700 KB] Total time: 0.05997s
Solution found.
Peak memory: 19700 KB
Remove intermediate file output.sas
search exit code: 0

INFO     Running validate.
INFO     validate stdin: None
INFO     validate time limit: None
INFO     validate memory limit: None
INFO     validate command line string: validate domain.pddl problem.pddl sas_plan
