INFO     Running translator.
INFO     translator stdin: None
INFO     translator time limit: 1799.96s
INFO     translator memory limit: 3584 MB
INFO     translator command line string: /infai/weidan00/downward/experiments/bachelor/.venv/bin/python3 /infai/weidan00/downward/experiments/bachelor/data/bachelor-v1/code-7aa5f34_e5e41175/builds/release/bin/translate/translate.py domain.pddl problem.pddl --sas-file output.sas
Parsing...
Parsing: [0.000s CPU, 0.003s wall-clock]
Normalizing task... [0.000s CPU, 0.000s wall-clock]
Instantiating...
Generating Datalog program... [0.000s CPU, 0.000s wall-clock]
Normalizing Datalog program...
Normalizing Datalog program: [0.000s CPU, 0.008s wall-clock]
Preparing model... [0.000s CPU, 0.001s wall-clock]
Generated 51 rules.
Computing model... [0.010s CPU, 0.009s wall-clock]
358 relevant atoms
444 auxiliary atoms
802 final queue length
899 total queue pushes
Completing instantiation... [0.010s CPU, 0.006s wall-clock]
Instantiating: [0.020s CPU, 0.025s wall-clock]
Computing fact groups...
Finding invariants...
6 initial candidates
Finding invariants: [0.000s CPU, 0.002s wall-clock]
Checking invariant weight... [0.000s CPU, 0.000s wall-clock]
Instantiating groups... [0.000s CPU, 0.001s wall-clock]
Collecting mutex groups... [0.000s CPU, 0.000s wall-clock]
Choosing groups...
0 uncovered facts
Choosing groups: [0.000s CPU, 0.000s wall-clock]
Building translation key... [0.000s CPU, 0.000s wall-clock]
Computing fact groups: [0.000s CPU, 0.004s wall-clock]
Building STRIPS to SAS dictionary... [0.000s CPU, 0.000s wall-clock]
Building dictionary for full mutex groups... [0.000s CPU, 0.000s wall-clock]
Building mutex information...
Building mutex information: [0.000s CPU, 0.000s wall-clock]
Translating task...
Processing axioms...
Simplifying axioms... [0.000s CPU, 0.000s wall-clock]
Processing axioms: [0.000s CPU, 0.000s wall-clock]
Translating task: [0.010s CPU, 0.005s wall-clock]
0 effect conditions simplified
0 implied preconditions added
Detecting unreachable propositions...
0 operators removed
0 axioms removed
13 propositions removed
Detecting unreachable propositions: [0.000s CPU, 0.003s wall-clock]
Reordering and filtering variables...
11 of 13 variables necessary.
0 of 13 mutex groups necessary.
138 of 174 operators necessary.
0 of 0 axiom rules necessary.
Reordering and filtering variables: [0.000s CPU, 0.001s wall-clock]
Translator variables: 11
Translator derived variables: 0
Translator facts: 79
Translator goal facts: 7
Translator mutex groups: 0
Translator total mutex groups size: 0
Translator operators: 138
Translator axioms: 0
Translator task size: 637
Translator peak memory: 143052 KB
Writing output... [0.000s CPU, 0.003s wall-clock]
Done! [0.030s CPU, 0.046s wall-clock]
translate exit code: 0

INFO     Running search (release).
INFO     search stdin: output.sas
INFO     search time limit: 1799.87s
INFO     search memory limit: 3584 MB
INFO     search command line string: /infai/weidan00/downward/experiments/bachelor/data/bachelor-v1/code-7aa5f34_e5e41175/builds/release/bin/downward --search 'eager_wastar([pinch()], w=2)' --internal-plan-file sas_plan < output.sas
[t=5.8794e-05s, 17204 KB] reading input...
[t=0.000961792s, 17212 KB] done reading input!
[t=0.0027181s, 17476 KB] Simplifying 138 unary operators... done! [138 unary operators]
[t=0.00286822s, 17476 KB] time to simplify: 0.000199391s
[t=0.00294522s, 17476 KB] Initializing pinch heuristic...
[t=0.00305939s, 17476 KB] Building successor generator...done!
[t=0.00327669s, 17612 KB] peak memory difference for successor generator creation: 136 KB
[t=0.00332221s, 17612 KB] time for successor generation creation: 8.3721e-05s
[t=0.00336985s, 17612 KB] Variables: 11
[t=0.00340951s, 17612 KB] FactPairs: 79
[t=0.00344883s, 17612 KB] Bytes per state: 8
[t=0.00356045s, 17612 KB] Conducting best first search with reopening closed nodes, (real) bound = 2147483647
[t=0.00367353s, 17612 KB] New best heuristic value for pinch: 53
[t=0.00371623s, 17612 KB] g=0, 1 evaluated, 0 expanded
[t=0.00376572s, 17612 KB] Initial heuristic value for pinch: 53
[t=0.00380693s, 17612 KB] pruning method: none
[t=0.00387493s, 17612 KB] New best heuristic value for pinch: 52
[t=0.00391657s, 17612 KB] g=1, 3 evaluated, 1 expanded
[t=0.00404278s, 17612 KB] New best heuristic value for pinch: 51
[t=0.00408462s, 17612 KB] g=2, 14 evaluated, 2 expanded
[t=0.00421254s, 17612 KB] New best heuristic value for pinch: 50
[t=0.00425491s, 17612 KB] g=3, 25 evaluated, 3 expanded
[t=0.00438079s, 17612 KB] New best heuristic value for pinch: 49
[t=0.00442313s, 17612 KB] g=4, 37 evaluated, 4 expanded
[t=0.00453192s, 17612 KB] New best heuristic value for pinch: 48
[t=0.00457422s, 17612 KB] g=5, 47 evaluated, 5 expanded
[t=0.00469211s, 17612 KB] New best heuristic value for pinch: 47
[t=0.00473347s, 17612 KB] g=6, 58 evaluated, 6 expanded
[t=0.00486371s, 17612 KB] New best heuristic value for pinch: 46
[t=0.0049056s, 17612 KB] g=7, 70 evaluated, 7 expanded
[t=0.00501148s, 17612 KB] New best heuristic value for pinch: 45
[t=0.00505767s, 17612 KB] g=8, 79 evaluated, 8 expanded
[t=0.00517427s, 17612 KB] New best heuristic value for pinch: 44
[t=0.00521566s, 17612 KB] g=9, 89 evaluated, 9 expanded
[t=0.0053286s, 17612 KB] New best heuristic value for pinch: 43
[t=0.00536975s, 17612 KB] g=10, 98 evaluated, 10 expanded
[t=0.00547074s, 17612 KB] New best heuristic value for pinch: 42
[t=0.00551186s, 17612 KB] g=11, 106 evaluated, 11 expanded
[t=0.00563752s, 17612 KB] New best heuristic value for pinch: 41
[t=0.00567877s, 17612 KB] g=11, 118 evaluated, 13 expanded
[t=0.00577045s, 17612 KB] New best heuristic value for pinch: 40
[t=0.00581122s, 17612 KB] g=12, 125 evaluated, 14 expanded
[t=0.00594251s, 17612 KB] New best heuristic value for pinch: 39
[t=0.00598399s, 17612 KB] g=13, 135 evaluated, 15 expanded
[t=0.00613527s, 17612 KB] New best heuristic value for pinch: 38
[t=0.00617697s, 17612 KB] g=15, 149 evaluated, 18 expanded
[t=0.00627299s, 17612 KB] New best heuristic value for pinch: 37
[t=0.00631428s, 17612 KB] g=16, 156 evaluated, 19 expanded
[t=0.00642403s, 17612 KB] New best heuristic value for pinch: 36
[t=0.00646502s, 17612 KB] g=17, 165 evaluated, 20 expanded
[t=0.00669507s, 17612 KB] New best heuristic value for pinch: 35
[t=0.00673755s, 17612 KB] g=19, 191 evaluated, 23 expanded
[t=0.00686095s, 17612 KB] New best heuristic value for pinch: 34
[t=0.0069031s, 17612 KB] g=20, 200 evaluated, 24 expanded
[t=0.00701861s, 17612 KB] New best heuristic value for pinch: 33
[t=0.00706015s, 17612 KB] g=21, 210 evaluated, 25 expanded
[t=0.00734085s, 17612 KB] New best heuristic value for pinch: 32
[t=0.00738396s, 17612 KB] g=23, 244 evaluated, 29 expanded
[t=0.00750345s, 17612 KB] New best heuristic value for pinch: 31
[t=0.00754521s, 17612 KB] g=24, 255 evaluated, 30 expanded
[t=0.00769558s, 17612 KB] New best heuristic value for pinch: 30
[t=0.00774406s, 17612 KB] g=25, 267 evaluated, 31 expanded
[t=0.00789918s, 17612 KB] New best heuristic value for pinch: 29
[t=0.00794099s, 17612 KB] g=26, 283 evaluated, 32 expanded
[t=0.00804036s, 17612 KB] New best heuristic value for pinch: 28
[t=0.00808185s, 17612 KB] g=27, 292 evaluated, 33 expanded
[t=0.00819064s, 17612 KB] New best heuristic value for pinch: 27
[t=0.00823182s, 17612 KB] g=28, 302 evaluated, 34 expanded
[t=0.00835385s, 17612 KB] New best heuristic value for pinch: 26
[t=0.00839515s, 17612 KB] g=29, 314 evaluated, 35 expanded
[t=0.00848447s, 17612 KB] New best heuristic value for pinch: 25
[t=0.00852531s, 17612 KB] g=30, 322 evaluated, 36 expanded
[t=0.00864634s, 17612 KB] New best heuristic value for pinch: 24
[t=0.00868776s, 17612 KB] g=31, 333 evaluated, 37 expanded
[t=0.00878198s, 17612 KB] New best heuristic value for pinch: 23
[t=0.00882286s, 17612 KB] g=32, 342 evaluated, 38 expanded
[t=0.00893498s, 17612 KB] New best heuristic value for pinch: 22
[t=0.00897588s, 17612 KB] g=33, 352 evaluated, 39 expanded
[t=0.00909684s, 17612 KB] New best heuristic value for pinch: 21
[t=0.00913764s, 17612 KB] g=34, 363 evaluated, 40 expanded
[t=0.00925978s, 17612 KB] New best heuristic value for pinch: 20
[t=0.00930157s, 17612 KB] g=35, 375 evaluated, 41 expanded
[t=0.00941401s, 17612 KB] New best heuristic value for pinch: 19
[t=0.00946134s, 17612 KB] g=36, 385 evaluated, 42 expanded
[t=0.00958083s, 17612 KB] New best heuristic value for pinch: 18
[t=0.00962195s, 17612 KB] g=37, 396 evaluated, 43 expanded
[t=0.00974715s, 17612 KB] New best heuristic value for pinch: 17
[t=0.00978839s, 17612 KB] g=38, 408 evaluated, 44 expanded
[t=0.00990933s, 17612 KB] New best heuristic value for pinch: 16
[t=0.00995043s, 17612 KB] g=39, 420 evaluated, 45 expanded
[t=0.0100713s, 17612 KB] New best heuristic value for pinch: 15
[t=0.0101126s, 17612 KB] g=40, 432 evaluated, 46 expanded
[t=0.0102035s, 17612 KB] New best heuristic value for pinch: 14
[t=0.0102445s, 17612 KB] g=41, 440 evaluated, 47 expanded
[t=0.0103625s, 17612 KB] New best heuristic value for pinch: 13
[t=0.0104035s, 17612 KB] g=42, 450 evaluated, 48 expanded
[t=0.010517s, 17612 KB] New best heuristic value for pinch: 12
[t=0.0105582s, 17612 KB] g=43, 462 evaluated, 49 expanded
[t=0.0106724s, 17612 KB] New best heuristic value for pinch: 11
[t=0.0107139s, 17612 KB] g=44, 474 evaluated, 50 expanded
[t=0.0109004s, 17612 KB] New best heuristic value for pinch: 10
[t=0.0109417s, 17612 KB] g=44, 496 evaluated, 52 expanded
[t=0.0110511s, 17612 KB] New best heuristic value for pinch: 9
[t=0.0110925s, 17612 KB] g=45, 506 evaluated, 53 expanded
[t=0.0112867s, 17612 KB] New best heuristic value for pinch: 8
[t=0.0113292s, 17612 KB] g=46, 521 evaluated, 54 expanded
[t=0.0113935s, 17612 KB] New best heuristic value for pinch: 7
[t=0.0114343s, 17612 KB] g=47, 525 evaluated, 55 expanded
[t=0.0115414s, 17612 KB] New best heuristic value for pinch: 6
[t=0.011582s, 17612 KB] g=48, 534 evaluated, 56 expanded
[t=0.0117071s, 17612 KB] New best heuristic value for pinch: 5
[t=0.0117484s, 17612 KB] g=49, 546 evaluated, 57 expanded
[t=0.0119039s, 17612 KB] New best heuristic value for pinch: 4
[t=0.0119453s, 17612 KB] g=50, 562 evaluated, 58 expanded
[t=0.0120496s, 17612 KB] New best heuristic value for pinch: 3
[t=0.0120904s, 17612 KB] g=51, 571 evaluated, 59 expanded
[t=0.0121652s, 17612 KB] New best heuristic value for pinch: 2
[t=0.0122064s, 17612 KB] g=52, 575 evaluated, 60 expanded
[t=0.0123112s, 17612 KB] New best heuristic value for pinch: 1
[t=0.012352s, 17612 KB] g=53, 583 evaluated, 61 expanded
[t=0.0124566s, 17612 KB] New best heuristic value for pinch: 0
[t=0.0124971s, 17612 KB] g=54, 591 evaluated, 62 expanded
[t=0.0125739s, 17612 KB] Solution found!
[t=0.0126179s, 17612 KB] Actual search time: 0.00880686s
load-truck obj33 tru3 pos3 (1)
drive-truck tru3 pos3 apt3 cit3 (1)
unload-truck obj33 tru3 apt3 (1)
load-truck obj23 tru2 pos2 (1)
drive-truck tru2 pos2 apt2 cit2 (1)
unload-truck obj23 tru2 apt2 (1)
load-truck obj13 tru1 pos1 (1)
drive-truck tru1 pos1 apt1 cit1 (1)
unload-truck obj13 tru1 apt1 (1)
load-airplane obj33 apn1 apt3 (1)
fly-airplane apn1 apt3 apt1 (1)
unload-airplane obj33 apn1 apt1 (1)
load-airplane obj13 apn1 apt1 (1)
drive-truck tru3 apt3 pos3 cit3 (1)
load-truck obj32 tru3 pos3 (1)
drive-truck tru3 pos3 apt3 cit3 (1)
unload-truck obj32 tru3 apt3 (1)
drive-truck tru2 apt2 pos2 cit2 (1)
load-truck obj21 tru2 pos2 (1)
drive-truck tru2 pos2 apt2 cit2 (1)
unload-truck obj21 tru2 apt2 (1)
drive-truck tru1 apt1 pos1 cit1 (1)
load-truck obj12 tru1 pos1 (1)
drive-truck tru1 pos1 apt1 cit1 (1)
unload-truck obj12 tru1 apt1 (1)
load-airplane obj12 apn1 apt1 (1)
fly-airplane apn1 apt1 apt3 (1)
load-airplane obj32 apn1 apt3 (1)
unload-airplane obj12 apn1 apt3 (1)
fly-airplane apn1 apt3 apt1 (1)
unload-airplane obj32 apn1 apt1 (1)
load-truck obj32 tru1 apt1 (1)
drive-truck tru1 apt1 pos1 cit1 (1)
unload-truck obj32 tru1 pos1 (1)
load-truck obj11 tru1 pos1 (1)
drive-truck tru1 pos1 apt1 cit1 (1)
unload-truck obj11 tru1 apt1 (1)
fly-airplane apn1 apt1 apt2 (1)
load-airplane obj23 apn1 apt2 (1)
load-airplane obj21 apn1 apt2 (1)
fly-airplane apn1 apt2 apt1 (1)
unload-airplane obj23 apn1 apt1 (1)
load-airplane obj11 apn1 apt1 (1)
fly-airplane apn1 apt1 apt3 (1)
unload-airplane obj21 apn1 apt3 (1)
unload-airplane obj11 apn1 apt3 (1)
load-truck obj11 tru3 apt3 (1)
drive-truck tru3 apt3 pos3 cit3 (1)
unload-truck obj11 tru3 pos3 (1)
fly-airplane apn1 apt3 apt2 (1)
unload-airplane obj13 apn1 apt2 (1)
load-truck obj13 tru2 apt2 (1)
drive-truck tru2 apt2 pos2 cit2 (1)
unload-truck obj13 tru2 pos2 (1)
[t=0.0126608s, 17612 KB] Plan length: 54 step(s).
[t=0.0126608s, 17612 KB] Plan cost: 54
[t=0.0126608s, 17612 KB] Expanded 63 state(s).
[t=0.0126608s, 17612 KB] Reopened 0 state(s).
[t=0.0126608s, 17612 KB] Evaluated 596 state(s).
[t=0.0126608s, 17612 KB] Evaluations: 596
[t=0.0126608s, 17612 KB] Generated 687 state(s).
[t=0.0126608s, 17612 KB] Dead ends: 0 state(s).
[t=0.0126608s, 17612 KB] Number of registered states: 596
[t=0.0126608s, 17612 KB] Int hash set load factor: 596/1024 = 0.582031
[t=0.0126608s, 17612 KB] Int hash set resizes: 10
[t=0.0126608s, 17612 KB] mean number of q cost that have been adjusted 0 times in relation to total number of q: -1
[t=0.0126608s, 17612 KB] mean number of q cost that have been adjusted 1 times in relation to total number of q: -1
[t=0.0126608s, 17612 KB] mean number of q cost that have been adjusted 2 times in relation to total number of q: -1
[t=0.0126608s, 17612 KB] mean number of q that are at some point overconsitent in relation to total number of q: -1
[t=0.0126608s, 17612 KB] mean number of q that are at first underconsisten in relation to total number of q: -1
[t=0.0126608s, 17612 KB] mean number of state variables that are not in common between two following states in relation to total number of state variables: -1
[t=0.0126608s, 17612 KB] variance number of state variables that are not in common between two following states in relation to total number of state variables: -1
[t=0.0126608s, 17612 KB] Search time: 0.00910106s
[t=0.0126608s, 17612 KB] Total time: 0.0126608s
Solution found.
Peak memory: 17612 KB
Remove intermediate file output.sas
search exit code: 0

INFO     Running validate.
INFO     validate stdin: None
INFO     validate time limit: None
INFO     validate memory limit: None
INFO     validate command line string: validate domain.pddl problem.pddl sas_plan
