INFO     Running translator.
INFO     translator stdin: None
INFO     translator time limit: 1799.95s
INFO     translator memory limit: 3584 MB
INFO     translator command line string: /infai/weidan00/downward/experiments/bachelor/.venv/bin/python3 /infai/weidan00/downward/experiments/bachelor/data/bachelor-v1/code-7aa5f34_e5e41175/builds/release/bin/translate/translate.py domain.pddl problem.pddl --sas-file output.sas
Parsing...
Parsing: [0.000s CPU, 0.005s wall-clock]
Normalizing task... [0.000s CPU, 0.000s wall-clock]
Instantiating...
Generating Datalog program... [0.010s CPU, 0.001s wall-clock]
Normalizing Datalog program...
Normalizing Datalog program: [0.000s CPU, 0.006s wall-clock]
Preparing model... [0.000s CPU, 0.003s wall-clock]
Generated 115 rules.
Computing model... [0.070s CPU, 0.058s wall-clock]
2784 relevant atoms
2893 auxiliary atoms
5677 final queue length
9793 total queue pushes
Completing instantiation... [0.120s CPU, 0.121s wall-clock]
Instantiating: [0.200s CPU, 0.192s wall-clock]
Computing fact groups...
Finding invariants...
24 initial candidates
Finding invariants: [0.010s CPU, 0.014s wall-clock]
Checking invariant weight... [0.000s CPU, 0.000s wall-clock]
Instantiating groups... [0.000s CPU, 0.001s wall-clock]
Collecting mutex groups... [0.000s CPU, 0.000s wall-clock]
Choosing groups...
292 uncovered facts
Choosing groups: [0.000s CPU, 0.000s wall-clock]
Building translation key... [0.000s CPU, 0.001s wall-clock]
Computing fact groups: [0.020s CPU, 0.020s wall-clock]
Building STRIPS to SAS dictionary... [0.000s CPU, 0.000s wall-clock]
Building dictionary for full mutex groups... [0.000s CPU, 0.001s wall-clock]
Building mutex information...
Building mutex information: [0.000s CPU, 0.000s wall-clock]
Translating task...
Processing axioms...
Simplifying axioms... [0.000s CPU, 0.000s wall-clock]
Processing axioms: [0.000s CPU, 0.006s wall-clock]
Translating task: [0.120s CPU, 0.127s wall-clock]
3276 effect conditions simplified
0 implied preconditions added
Detecting unreachable propositions...
0 operators removed
0 axioms removed
3 propositions removed
Detecting unreachable propositions: [0.060s CPU, 0.059s wall-clock]
Reordering and filtering variables...
295 of 295 variables necessary.
14 of 17 mutex groups necessary.
1958 of 1958 operators necessary.
0 of 0 axiom rules necessary.
Reordering and filtering variables: [0.040s CPU, 0.039s wall-clock]
Translator variables: 295
Translator derived variables: 0
Translator facts: 617
Translator goal facts: 12
Translator mutex groups: 14
Translator total mutex groups size: 42
Translator operators: 1958
Translator axioms: 0
Translator task size: 18764
Translator peak memory: 155596 KB
Writing output... [0.020s CPU, 0.037s wall-clock]
Done! [0.470s CPU, 0.486s wall-clock]
translate exit code: 0

INFO     Running search (release).
INFO     search stdin: output.sas
INFO     search time limit: 1799.42s
INFO     search memory limit: 3584 MB
INFO     search command line string: /infai/weidan00/downward/experiments/bachelor/data/bachelor-v1/code-7aa5f34_e5e41175/builds/release/bin/downward --search 'eager_wastar([add()], w=2)' --internal-plan-file sas_plan < output.sas
[t=6.3674e-05s, 17204 KB] reading input...
[t=0.0193465s, 18060 KB] done reading input!
[t=0.0226085s, 19056 KB] Simplifying 7194 unary operators... done! [6158 unary operators]
[t=0.0297342s, 19584 KB] time to simplify: 0.00747951s
[t=0.0306473s, 19584 KB] Initializing additive heuristic...
[t=0.0308432s, 19584 KB] Building successor generator...done!
[t=0.0321411s, 19584 KB] peak memory difference for successor generator creation: 0 KB
[t=0.0321843s, 19584 KB] time for successor generation creation: 0.00112634s
[t=0.0322404s, 19584 KB] Variables: 295
[t=0.0322812s, 19584 KB] FactPairs: 617
[t=0.0323211s, 19584 KB] Bytes per state: 40
[t=0.0324714s, 19584 KB] Conducting best first search with reopening closed nodes, (real) bound = 2147483647
[t=0.0327014s, 19584 KB] New best heuristic value for add: 1078
[t=0.0327493s, 19584 KB] g=0, 1 evaluated, 0 expanded
[t=0.0327982s, 19584 KB] Initial heuristic value for add: 1078
[t=0.0328394s, 19584 KB] pruning method: none
[t=0.0331965s, 19584 KB] New best heuristic value for add: 947
[t=0.033243s, 19584 KB] g=1, 4 evaluated, 1 expanded
[t=0.033849s, 19584 KB] New best heuristic value for add: 945
[t=0.0338955s, 19584 KB] g=1, 10 evaluated, 1 expanded
[t=0.036698s, 19584 KB] New best heuristic value for add: 555
[t=0.0367622s, 19584 KB] g=11, 40 evaluated, 2 expanded
[t=0.0369082s, 19584 KB] New best heuristic value for add: 477
[t=0.0369522s, 19584 KB] g=11, 41 evaluated, 2 expanded
[t=0.0376571s, 19584 KB] New best heuristic value for add: 466
[t=0.0377032s, 19584 KB] g=12, 48 evaluated, 3 expanded
[t=0.0387669s, 19584 KB] New best heuristic value for add: 375
[t=0.0388151s, 19584 KB] g=12, 59 evaluated, 3 expanded
[t=0.0402492s, 19584 KB] New best heuristic value for add: 351
[t=0.0403026s, 19584 KB] g=13, 74 evaluated, 4 expanded
[t=0.0408215s, 19584 KB] New best heuristic value for add: 342
[t=0.0408694s, 19584 KB] g=14, 79 evaluated, 5 expanded
[t=0.0419135s, 19584 KB] New best heuristic value for add: 228
[t=0.0419637s, 19584 KB] g=23, 90 evaluated, 5 expanded
[t=0.0421075s, 19584 KB] New best heuristic value for add: 215
[t=0.0421516s, 19584 KB] g=23, 91 evaluated, 5 expanded
[t=0.0426719s, 19584 KB] New best heuristic value for add: 198
[t=0.0427184s, 19584 KB] g=24, 96 evaluated, 6 expanded
[t=0.0442655s, 19584 KB] New best heuristic value for add: 182
[t=0.0443157s, 19584 KB] g=25, 112 evaluated, 7 expanded
[t=0.0457789s, 19584 KB] New best heuristic value for add: 160
[t=0.0458305s, 19584 KB] g=26, 127 evaluated, 9 expanded
[t=0.0598193s, 19584 KB] New best heuristic value for add: 141
[t=0.0599032s, 19584 KB] g=37, 274 evaluated, 69 expanded, 1 reopened
[t=0.0617078s, 19584 KB] New best heuristic value for add: 119
[t=0.0617683s, 19584 KB] g=40, 292 evaluated, 72 expanded, 1 reopened
[t=0.106878s, 19584 KB] New best heuristic value for add: 116
[t=0.10698s, 19584 KB] g=41, 761 evaluated, 260 expanded, 31 reopened
[t=0.108768s, 19584 KB] New best heuristic value for add: 101
[t=0.108829s, 19584 KB] g=50, 779 evaluated, 262 expanded, 31 reopened
[t=0.110315s, 19584 KB] New best heuristic value for add: 68
[t=0.110371s, 19584 KB] g=51, 794 evaluated, 263 expanded, 31 reopened
[t=0.151584s, 19584 KB] New best heuristic value for add: 64
[t=0.151683s, 19584 KB] g=66, 1222 evaluated, 361 expanded, 31 reopened
[t=0.182506s, 19584 KB] New best heuristic value for add: 61
[t=0.182603s, 19584 KB] g=67, 1540 evaluated, 474 expanded, 48 reopened
Peak memory: 1556520 KB
caught signal 24 -- exiting
Time limit has been reached.
Remove intermediate file output.sas
search exit code: 23

Driver aborting after search
