INFO     Running translator.
INFO     translator stdin: None
INFO     translator time limit: 1799.96s
INFO     translator memory limit: 3584 MB
INFO     translator command line string: /infai/weidan00/downward/experiments/bachelor/.venv/bin/python3 /infai/weidan00/downward/experiments/bachelor/data/bachelor-v1/code-7aa5f34_e5e41175/builds/release/bin/translate/translate.py domain.pddl problem.pddl --sas-file output.sas
Parsing...
Parsing: [0.010s CPU, 0.009s wall-clock]
Normalizing task... [0.000s CPU, 0.000s wall-clock]
Instantiating...
Generating Datalog program... [0.000s CPU, 0.002s wall-clock]
Normalizing Datalog program...
Normalizing Datalog program: [0.000s CPU, 0.002s wall-clock]
Preparing model... [0.010s CPU, 0.011s wall-clock]
Generated 26 rules.
Computing model... [0.050s CPU, 0.050s wall-clock]
3497 relevant atoms
2645 auxiliary atoms
6142 final queue length
8167 total queue pushes
Completing instantiation... [0.070s CPU, 0.059s wall-clock]
Instantiating: [0.130s CPU, 0.127s wall-clock]
Computing fact groups...
Finding invariants...
6 initial candidates
Finding invariants: [0.000s CPU, 0.001s wall-clock]
Checking invariant weight... [0.000s CPU, 0.001s wall-clock]
Instantiating groups... [0.000s CPU, 0.000s wall-clock]
Collecting mutex groups... [0.000s CPU, 0.000s wall-clock]
Choosing groups...
46 uncovered facts
Choosing groups: [0.000s CPU, 0.000s wall-clock]
Building translation key... [0.000s CPU, 0.000s wall-clock]
Computing fact groups: [0.000s CPU, 0.003s wall-clock]
Building STRIPS to SAS dictionary... [0.000s CPU, 0.000s wall-clock]
Building dictionary for full mutex groups... [0.000s CPU, 0.000s wall-clock]
Building mutex information...
Building mutex information: [0.000s CPU, 0.000s wall-clock]
Translating task...
Processing axioms...
Simplifying axioms... [0.000s CPU, 0.000s wall-clock]
Processing axioms: [0.010s CPU, 0.003s wall-clock]
Translating task: [0.050s CPU, 0.049s wall-clock]
23 effect conditions simplified
0 implied preconditions added
Detecting unreachable propositions...
0 operators removed
0 axioms removed
1 propositions removed
Detecting unreachable propositions: [0.040s CPU, 0.038s wall-clock]
Reordering and filtering variables...
47 of 47 variables necessary.
0 of 1 mutex groups necessary.
2116 of 2116 operators necessary.
0 of 0 axiom rules necessary.
Reordering and filtering variables: [0.010s CPU, 0.007s wall-clock]
Translator variables: 47
Translator derived variables: 0
Translator facts: 138
Translator goal facts: 23
Translator mutex groups: 0
Translator total mutex groups size: 0
Translator operators: 2116
Translator axioms: 0
Translator task size: 6602
Translator peak memory: 148684 KB
Writing output... [0.010s CPU, 0.018s wall-clock]
Done! [0.250s CPU, 0.256s wall-clock]
translate exit code: 0

INFO     Running search (release).
INFO     search stdin: output.sas
INFO     search time limit: 1799.65s
INFO     search memory limit: 3584 MB
INFO     search command line string: /infai/weidan00/downward/experiments/bachelor/data/bachelor-v1/code-7aa5f34_e5e41175/builds/release/bin/downward --search 'eager_wastar([add()], w=2)' --internal-plan-file sas_plan < output.sas
[t=7.0466e-05s, 17204 KB] reading input...
[t=0.00786565s, 17544 KB] done reading input!
[t=0.0102412s, 17992 KB] Simplifying 2139 unary operators... done! [2139 unary operators]
[t=0.0112036s, 18124 KB] time to simplify: 0.00108621s
[t=0.0114098s, 18124 KB] Initializing additive heuristic...
[t=0.0115541s, 18124 KB] Building successor generator...done!
[t=0.0120874s, 18156 KB] peak memory difference for successor generator creation: 32 KB
[t=0.0121278s, 18156 KB] time for successor generation creation: 0.000405579s
[t=0.012187s, 18156 KB] Variables: 47
[t=0.0122271s, 18156 KB] FactPairs: 138
[t=0.0122667s, 18156 KB] Bytes per state: 8
[t=0.0123997s, 18156 KB] Conducting best first search with reopening closed nodes, (real) bound = 2147483647
[t=0.0125261s, 18156 KB] New best heuristic value for add: 92
[t=0.0125697s, 18156 KB] g=0, 1 evaluated, 0 expanded
[t=0.0126222s, 18156 KB] Initial heuristic value for add: 92
[t=0.0126629s, 18156 KB] pruning method: none
[t=0.0127655s, 18156 KB] New best heuristic value for add: 90
[t=0.0128085s, 18156 KB] g=1, 3 evaluated, 1 expanded
[t=0.0130407s, 18156 KB] New best heuristic value for add: 89
[t=0.0130846s, 18156 KB] g=1, 14 evaluated, 1 expanded
[t=0.0136813s, 18156 KB] New best heuristic value for add: 88
[t=0.0137275s, 18156 KB] g=2, 47 evaluated, 2 expanded
[t=0.0138168s, 18156 KB] New best heuristic value for add: 87
[t=0.0138592s, 18156 KB] g=3, 49 evaluated, 3 expanded
[t=0.014704s, 18156 KB] New best heuristic value for add: 86
[t=0.0147527s, 18156 KB] g=4, 97 evaluated, 4 expanded
[t=0.0149927s, 18156 KB] New best heuristic value for add: 85
[t=0.0150356s, 18156 KB] g=4, 109 evaluated, 4 expanded
[t=0.0156071s, 18156 KB] New best heuristic value for add: 84
[t=0.0156526s, 18156 KB] g=5, 140 evaluated, 5 expanded
[t=0.0159849s, 18156 KB] New best heuristic value for add: 83
[t=0.0160284s, 18156 KB] g=6, 157 evaluated, 6 expanded
[t=0.0165604s, 18156 KB] New best heuristic value for add: 82
[t=0.0166055s, 18156 KB] g=7, 186 evaluated, 8 expanded
[t=0.0170014s, 18156 KB] New best heuristic value for add: 81
[t=0.0170455s, 18156 KB] g=8, 207 evaluated, 9 expanded
[t=0.0176105s, 18156 KB] New best heuristic value for add: 80
[t=0.0176565s, 18156 KB] g=9, 238 evaluated, 11 expanded
[t=0.0179474s, 18156 KB] New best heuristic value for add: 79
[t=0.0179915s, 18156 KB] g=9, 253 evaluated, 11 expanded
[t=0.0185531s, 18156 KB] New best heuristic value for add: 78
[t=0.0185989s, 18156 KB] g=11, 281 evaluated, 15 expanded
[t=0.0190028s, 18156 KB] New best heuristic value for add: 77
[t=0.0190472s, 18156 KB] g=11, 303 evaluated, 15 expanded
[t=0.0195624s, 18156 KB] New best heuristic value for add: 76
[t=0.0196074s, 18156 KB] g=12, 331 evaluated, 17 expanded
[t=0.0199304s, 18156 KB] New best heuristic value for add: 75
[t=0.0199744s, 18156 KB] g=12, 348 evaluated, 17 expanded
[t=0.0205377s, 18156 KB] New best heuristic value for add: 74
[t=0.0205838s, 18156 KB] g=14, 378 evaluated, 21 expanded
[t=0.0209038s, 18156 KB] New best heuristic value for add: 73
[t=0.0209478s, 18156 KB] g=14, 395 evaluated, 21 expanded
[t=0.02154s, 18156 KB] New best heuristic value for add: 72
[t=0.0215867s, 18156 KB] g=16, 427 evaluated, 25 expanded
[t=0.0218902s, 18156 KB] New best heuristic value for add: 71
[t=0.0219342s, 18156 KB] g=16, 443 evaluated, 25 expanded
[t=0.0224464s, 18156 KB] New best heuristic value for add: 70
[t=0.0224933s, 18156 KB] g=18, 470 evaluated, 29 expanded
[t=0.0228931s, 18156 KB] New best heuristic value for add: 69
[t=0.0229391s, 18156 KB] g=18, 492 evaluated, 29 expanded
[t=0.0235839s, 18156 KB] New best heuristic value for add: 68
[t=0.0236333s, 18156 KB] g=19, 524 evaluated, 31 expanded
[t=0.0238876s, 18156 KB] New best heuristic value for add: 67
[t=0.0239322s, 18156 KB] g=19, 537 evaluated, 31 expanded
[t=0.0245613s, 18156 KB] New best heuristic value for add: 66
[t=0.0246084s, 18156 KB] g=21, 572 evaluated, 34 expanded
[t=0.0247507s, 18156 KB] New best heuristic value for add: 65
[t=0.0247936s, 18156 KB] g=21, 578 evaluated, 34 expanded
[t=0.0254818s, 18156 KB] New best heuristic value for add: 64
[t=0.0255306s, 18156 KB] g=23, 616 evaluated, 38 expanded
[t=0.0256899s, 18156 KB] New best heuristic value for add: 63
[t=0.0257327s, 18156 KB] g=23, 623 evaluated, 38 expanded
[t=0.0263247s, 18156 KB] New best heuristic value for add: 62
[t=0.0263698s, 18156 KB] g=25, 655 evaluated, 42 expanded
[t=0.0266702s, 18156 KB] New best heuristic value for add: 61
[t=0.0267139s, 18156 KB] g=25, 671 evaluated, 42 expanded
[t=0.0273848s, 18156 KB] New best heuristic value for add: 60
[t=0.0274324s, 18156 KB] g=26, 709 evaluated, 44 expanded
[t=0.0275903s, 18156 KB] New best heuristic value for add: 59
[t=0.0276336s, 18156 KB] g=26, 716 evaluated, 44 expanded
[t=0.0281729s, 18156 KB] New best heuristic value for add: 58
[t=0.0282181s, 18156 KB] g=27, 746 evaluated, 45 expanded
[t=0.0290031s, 18156 KB] New best heuristic value for add: 57
[t=0.0290492s, 18156 KB] g=29, 792 evaluated, 47 expanded
[t=0.0294398s, 18156 KB] New best heuristic value for add: 56
[t=0.0294848s, 18156 KB] g=30, 814 evaluated, 48 expanded
[t=0.0299252s, 18156 KB] New best heuristic value for add: 55
[t=0.0299694s, 18156 KB] g=31, 838 evaluated, 50 expanded
[t=0.0300559s, 18156 KB] New best heuristic value for add: 54
[t=0.0300981s, 18156 KB] g=32, 840 evaluated, 51 expanded
[t=0.0309157s, 18156 KB] New best heuristic value for add: 53
[t=0.0309607s, 18156 KB] g=33, 889 evaluated, 52 expanded
[t=0.0311944s, 18156 KB] New best heuristic value for add: 52
[t=0.0312371s, 18156 KB] g=33, 901 evaluated, 52 expanded
[t=0.0317677s, 18156 KB] New best heuristic value for add: 51
[t=0.0318122s, 18156 KB] g=34, 931 evaluated, 54 expanded
[t=0.0321341s, 18156 KB] New best heuristic value for add: 50
[t=0.0321773s, 18156 KB] g=35, 948 evaluated, 55 expanded
[t=0.0327842s, 18156 KB] New best heuristic value for add: 49
[t=0.0328302s, 18156 KB] g=36, 982 evaluated, 58 expanded
[t=0.0331556s, 18156 KB] New best heuristic value for add: 48
[t=0.0332008s, 18156 KB] g=36, 994 evaluated, 58 expanded
[t=0.0338367s, 18156 KB] New best heuristic value for add: 47
[t=0.0338839s, 18156 KB] g=38, 1030 evaluated, 62 expanded
[t=0.0341764s, 18156 KB] New best heuristic value for add: 46
[t=0.0342203s, 18156 KB] g=38, 1046 evaluated, 62 expanded
[t=0.0348046s, 18156 KB] New best heuristic value for add: 45
[t=0.0348509s, 18156 KB] g=40, 1079 evaluated, 66 expanded
[t=0.0350508s, 18156 KB] New best heuristic value for add: 44
[t=0.0350939s, 18156 KB] g=40, 1089 evaluated, 66 expanded
[t=0.0357327s, 18156 KB] New best heuristic value for add: 43
[t=0.0357793s, 18156 KB] g=42, 1126 evaluated, 70 expanded
[t=0.0360364s, 18156 KB] New best heuristic value for add: 42
[t=0.0360803s, 18156 KB] g=42, 1140 evaluated, 70 expanded
[t=0.036656s, 18156 KB] New best heuristic value for add: 41
[t=0.0367031s, 18156 KB] g=44, 1173 evaluated, 74 expanded
[t=0.0368843s, 18156 KB] New best heuristic value for add: 40
[t=0.036927s, 18156 KB] g=44, 1182 evaluated, 74 expanded
[t=0.0375921s, 18156 KB] New best heuristic value for add: 39
[t=0.0376392s, 18156 KB] g=46, 1221 evaluated, 78 expanded
[t=0.0378483s, 18156 KB] New best heuristic value for add: 38
[t=0.0378913s, 18156 KB] g=46, 1232 evaluated, 78 expanded
[t=0.038546s, 18156 KB] New best heuristic value for add: 37
[t=0.0385917s, 18156 KB] g=48, 1271 evaluated, 82 expanded
[t=0.0387406s, 18156 KB] New best heuristic value for add: 36
[t=0.0387829s, 18156 KB] g=48, 1278 evaluated, 82 expanded
[t=0.0394654s, 18156 KB] New best heuristic value for add: 35
[t=0.0395119s, 18156 KB] g=50, 1319 evaluated, 86 expanded
[t=0.0396587s, 18156 KB] New best heuristic value for add: 34
[t=0.0397007s, 18156 KB] g=50, 1326 evaluated, 86 expanded
[t=0.0403824s, 18156 KB] New best heuristic value for add: 33
[t=0.0404311s, 18156 KB] g=52, 1368 evaluated, 90 expanded
[t=0.0405617s, 18156 KB] New best heuristic value for add: 32
[t=0.0406041s, 18156 KB] g=52, 1374 evaluated, 90 expanded
[t=0.0411614s, 18156 KB] New best heuristic value for add: 31
[t=0.0412077s, 18156 KB] g=54, 1407 evaluated, 95 expanded
[t=0.041436s, 18156 KB] New best heuristic value for add: 30
[t=0.0414792s, 18156 KB] g=54, 1420 evaluated, 95 expanded
[t=0.0420339s, 18156 KB] New best heuristic value for add: 29
[t=0.0420799s, 18156 KB] g=56, 1453 evaluated, 100 expanded
[t=0.0423054s, 18156 KB] New best heuristic value for add: 28
[t=0.042348s, 18156 KB] g=56, 1466 evaluated, 100 expanded
[t=0.0427352s, 18156 KB] New best heuristic value for add: 27
[t=0.0427785s, 18156 KB] g=57, 1490 evaluated, 101 expanded
[t=0.0434131s, 18156 KB] New best heuristic value for add: 26
[t=0.0434572s, 18156 KB] g=58, 1532 evaluated, 102 expanded
[t=0.0437768s, 18156 KB] New best heuristic value for add: 25
[t=0.0438202s, 18156 KB] g=60, 1549 evaluated, 107 expanded
[t=0.0443292s, 18156 KB] New best heuristic value for add: 24
[t=0.0443742s, 18156 KB] g=60, 1582 evaluated, 107 expanded
[t=0.0446324s, 18156 KB] New best heuristic value for add: 23
[t=0.0446749s, 18156 KB] g=62, 1595 evaluated, 112 expanded
[t=0.0451738s, 18156 KB] New best heuristic value for add: 22
[t=0.0452178s, 18156 KB] g=62, 1628 evaluated, 112 expanded
[t=0.045474s, 18156 KB] New best heuristic value for add: 21
[t=0.0455168s, 18156 KB] g=64, 1641 evaluated, 117 expanded
[t=0.0460171s, 18156 KB] New best heuristic value for add: 20
[t=0.0460618s, 18156 KB] g=64, 1674 evaluated, 117 expanded
[t=0.0463174s, 18156 KB] New best heuristic value for add: 19
[t=0.0463604s, 18156 KB] g=66, 1687 evaluated, 122 expanded
[t=0.0468542s, 18156 KB] New best heuristic value for add: 18
[t=0.0468989s, 18156 KB] g=66, 1720 evaluated, 122 expanded
[t=0.0471429s, 18156 KB] New best heuristic value for add: 17
[t=0.0471865s, 18156 KB] g=68, 1733 evaluated, 126 expanded
[t=0.0476689s, 18156 KB] New best heuristic value for add: 16
[t=0.0477236s, 18156 KB] g=68, 1766 evaluated, 126 expanded
[t=0.0479681s, 18156 KB] New best heuristic value for add: 15
[t=0.0480106s, 18156 KB] g=70, 1779 evaluated, 130 expanded
[t=0.0484865s, 18156 KB] New best heuristic value for add: 14
[t=0.04853s, 18156 KB] g=70, 1812 evaluated, 130 expanded
[t=0.0487765s, 18156 KB] New best heuristic value for add: 13
[t=0.0488192s, 18156 KB] g=72, 1825 evaluated, 134 expanded
[t=0.0492894s, 18156 KB] New best heuristic value for add: 12
[t=0.0493329s, 18156 KB] g=72, 1858 evaluated, 134 expanded
[t=0.0495824s, 18156 KB] New best heuristic value for add: 11
[t=0.049625s, 18156 KB] g=74, 1871 evaluated, 138 expanded
[t=0.0500941s, 18156 KB] New best heuristic value for add: 10
[t=0.0501394s, 18156 KB] g=74, 1904 evaluated, 138 expanded
[t=0.0502436s, 18156 KB] New best heuristic value for add: 9
[t=0.0502851s, 18156 KB] g=75, 1908 evaluated, 139 expanded
[t=0.0509483s, 18156 KB] New best heuristic value for add: 8
[t=0.050994s, 18156 KB] g=77, 1954 evaluated, 142 expanded
[t=0.0511543s, 18156 KB] New best heuristic value for add: 7
[t=0.0511964s, 18156 KB] g=78, 1963 evaluated, 143 expanded
[t=0.0517312s, 18156 KB] New best heuristic value for add: 6
[t=0.0517753s, 18156 KB] g=79, 2000 evaluated, 145 expanded
[t=0.0519434s, 18156 KB] New best heuristic value for add: 5
[t=0.051985s, 18156 KB] g=80, 2009 evaluated, 146 expanded
[t=0.0526962s, 18156 KB] New best heuristic value for add: 4
[t=0.0527448s, 18156 KB] g=81, 2046 evaluated, 148 expanded
[t=0.0529162s, 18156 KB] New best heuristic value for add: 3
[t=0.0529591s, 18156 KB] g=82, 2055 evaluated, 149 expanded
[t=0.0534859s, 18156 KB] New best heuristic value for add: 2
[t=0.0535304s, 18156 KB] g=83, 2092 evaluated, 150 expanded
[t=0.0540922s, 18156 KB] New best heuristic value for add: 1
[t=0.0541369s, 18156 KB] g=84, 2134 evaluated, 151 expanded
[t=0.0542302s, 18156 KB] New best heuristic value for add: 0
[t=0.0542762s, 18156 KB] g=85, 2138 evaluated, 152 expanded
[t=0.054318s, 18156 KB] Solution found!
[t=0.0543671s, 18156 KB] Actual search time: 0.0416898s
up f0 f20 (1)
board f20 p22 (1)
board f20 p3 (1)
down f20 f4 (1)
board f4 p12 (1)
up f4 f7 (1)
board f7 p4 (1)
depart f7 p22 (1)
up f7 f10 (1)
board f10 p1 (1)
board f10 p2 (1)
down f10 f9 (1)
board f9 p0 (1)
up f9 f11 (1)
depart f11 p4 (1)
up f11 f14 (1)
board f14 p13 (1)
board f14 p5 (1)
down f14 f4 (1)
depart f4 p5 (1)
up f4 f23 (1)
board f23 p8 (1)
up f23 f27 (1)
board f27 p11 (1)
board f27 p6 (1)
down f27 f22 (1)
depart f22 p6 (1)
down f22 f16 (1)
depart f16 p11 (1)
up f16 f35 (1)
board f35 p18 (1)
board f35 p20 (1)
up f35 f41 (1)
board f41 p9 (1)
depart f41 p13 (1)
down f41 f11 (1)
depart f11 p12 (1)
down f11 f4 (1)
depart f4 p20 (1)
up f4 f12 (1)
board f12 p15 (1)
down f12 f5 (1)
depart f5 p9 (1)
up f5 f13 (1)
board f13 p7 (1)
down f13 f7 (1)
depart f7 p0 (1)
up f7 f15 (1)
board f15 p17 (1)
down f15 f9 (1)
depart f9 p3 (1)
up f9 f18 (1)
depart f18 p2 (1)
up f18 f19 (1)
board f19 p14 (1)
up f19 f22 (1)
depart f22 p14 (1)
down f22 f20 (1)
depart f20 p7 (1)
up f20 f23 (1)
depart f23 p15 (1)
up f23 f24 (1)
depart f24 p8 (1)
up f24 f29 (1)
board f29 p16 (1)
down f29 f22 (1)
depart f22 p16 (1)
up f22 f30 (1)
depart f30 p18 (1)
up f30 f33 (1)
depart f33 p17 (1)
up f33 f36 (1)
board f36 p19 (1)
up f36 f42 (1)
depart f42 p19 (1)
down f42 f38 (1)
depart f38 p1 (1)
up f38 f39 (1)
board f39 p10 (1)
up f39 f40 (1)
board f40 p21 (1)
down f40 f16 (1)
depart f16 p21 (1)
up f16 f42 (1)
depart f42 p10 (1)
[t=0.0544108s, 18156 KB] Plan length: 85 step(s).
[t=0.0544108s, 18156 KB] Plan cost: 85
[t=0.0544108s, 18156 KB] Expanded 153 state(s).
[t=0.0544108s, 18156 KB] Reopened 0 state(s).
[t=0.0544108s, 18156 KB] Evaluated 2138 state(s).
[t=0.0544108s, 18156 KB] Evaluations: 2138
[t=0.0544108s, 18156 KB] Generated 6945 state(s).
[t=0.0544108s, 18156 KB] Dead ends: 0 state(s).
[t=0.0544108s, 18156 KB] Number of registered states: 2138
[t=0.0544108s, 18156 KB] Int hash set load factor: 2138/4096 = 0.521973
[t=0.0544108s, 18156 KB] Int hash set resizes: 12
[t=0.0544108s, 18156 KB] mean number of q cost that have been adjusted 0 times in relation to total number of q: -1
[t=0.0544108s, 18156 KB] mean number of q cost that have been adjusted 1 times in relation to total number of q: -1
[t=0.0544108s, 18156 KB] mean number of q cost that have been adjusted 2 times in relation to total number of q: -1
[t=0.0544108s, 18156 KB] mean number of q that are at some point overconsitent in relation to total number of q: -1
[t=0.0544108s, 18156 KB] mean number of q that are at first underconsisten in relation to total number of q: -1
[t=0.0544108s, 18156 KB] mean number of state variables that are not in common between two following states in relation to total number of state variables: -1
[t=0.0544108s, 18156 KB] variance number of state variables that are not in common between two following states in relation to total number of state variables: -1
[t=0.0544108s, 18156 KB] Search time: 0.0420118s
[t=0.0544108s, 18156 KB] Total time: 0.0544108s
Solution found.
Peak memory: 18156 KB
Remove intermediate file output.sas
search exit code: 0

INFO     Running validate.
INFO     validate stdin: None
INFO     validate time limit: None
INFO     validate memory limit: None
INFO     validate command line string: validate domain.pddl problem.pddl sas_plan
