INFO     Running translator.
INFO     translator stdin: None
INFO     translator time limit: 1799.95s
INFO     translator memory limit: 3584 MB
INFO     translator command line string: /infai/weidan00/downward/experiments/bachelor/.venv/bin/python3 /infai/weidan00/downward/experiments/bachelor/data/bachelor-v1/code-7aa5f34_e5e41175/builds/release/bin/translate/translate.py domain.pddl problem.pddl --sas-file output.sas
Parsing...
Parsing: [0.000s CPU, 0.003s wall-clock]
Normalizing task... [0.000s CPU, 0.000s wall-clock]
Instantiating...
Generating Datalog program... [0.000s CPU, 0.001s wall-clock]
Normalizing Datalog program...
Normalizing Datalog program: [0.010s CPU, 0.004s wall-clock]
Preparing model... [0.000s CPU, 0.002s wall-clock]
Generated 55 rules.
Computing model... [0.080s CPU, 0.076s wall-clock]
5266 relevant atoms
1316 auxiliary atoms
6582 final queue length
16255 total queue pushes
Completing instantiation... [0.220s CPU, 0.224s wall-clock]
Instantiating: [0.310s CPU, 0.309s wall-clock]
Computing fact groups...
Finding invariants...
12 initial candidates
Finding invariants: [0.010s CPU, 0.009s wall-clock]
Checking invariant weight... [0.000s CPU, 0.000s wall-clock]
Instantiating groups... [0.000s CPU, 0.002s wall-clock]
Collecting mutex groups... [0.000s CPU, 0.000s wall-clock]
Choosing groups...
0 uncovered facts
Choosing groups: [0.000s CPU, 0.001s wall-clock]
Building translation key... [0.000s CPU, 0.000s wall-clock]
Computing fact groups: [0.010s CPU, 0.013s wall-clock]
Building STRIPS to SAS dictionary... [0.000s CPU, 0.000s wall-clock]
Building dictionary for full mutex groups... [0.000s CPU, 0.000s wall-clock]
Building mutex information...
Building mutex information: [0.000s CPU, 0.000s wall-clock]
Translating task...
Processing axioms...
Simplifying axioms... [0.000s CPU, 0.000s wall-clock]
Processing axioms: [0.010s CPU, 0.009s wall-clock]
Translating task: [0.200s CPU, 0.190s wall-clock]
0 effect conditions simplified
0 implied preconditions added
Detecting unreachable propositions...
0 operators removed
0 axioms removed
23 propositions removed
Detecting unreachable propositions: [0.080s CPU, 0.085s wall-clock]
Reordering and filtering variables...
23 of 23 variables necessary.
0 of 23 mutex groups necessary.
4480 of 4480 operators necessary.
0 of 0 axiom rules necessary.
Reordering and filtering variables: [0.030s CPU, 0.024s wall-clock]
Translator variables: 23
Translator derived variables: 0
Translator facts: 206
Translator goal facts: 2
Translator mutex groups: 0
Translator total mutex groups size: 0
Translator operators: 4480
Translator axioms: 0
Translator task size: 23687
Translator peak memory: 161996 KB
Writing output... [0.040s CPU, 0.052s wall-clock]
Done! [0.680s CPU, 0.688s wall-clock]
translate exit code: 0

INFO     Running search (release).
INFO     search stdin: output.sas
INFO     search time limit: 1799.22s
INFO     search memory limit: 3584 MB
INFO     search command line string: /infai/weidan00/downward/experiments/bachelor/data/bachelor-v1/code-7aa5f34_e5e41175/builds/release/bin/downward --search 'eager_wastar([add()], w=2)' --internal-plan-file sas_plan < output.sas
[t=6.4479e-05s, 17204 KB] reading input...
[t=0.0280429s, 18560 KB] done reading input!
[t=0.031489s, 19404 KB] Simplifying 8960 unary operators... done! [8800 unary operators]
[t=0.0378977s, 20180 KB] time to simplify: 0.00651773s
[t=0.0384627s, 20180 KB] Initializing additive heuristic...
[t=0.0386316s, 20180 KB] Building successor generator...done!
[t=0.0409841s, 20180 KB] peak memory difference for successor generator creation: 0 KB
[t=0.041033s, 20180 KB] time for successor generation creation: 0.00211462s
[t=0.0411251s, 20180 KB] Variables: 23
[t=0.0411672s, 20180 KB] FactPairs: 206
[t=0.0412075s, 20180 KB] Bytes per state: 12
[t=0.0413606s, 20180 KB] Conducting best first search with reopening closed nodes, (real) bound = 2147483647
[t=0.0415795s, 20180 KB] New best heuristic value for add: 5
[t=0.0416273s, 20180 KB] g=0, 1 evaluated, 0 expanded
[t=0.0416812s, 20180 KB] Initial heuristic value for add: 5
[t=0.0417231s, 20180 KB] pruning method: none
[t=0.042463s, 20180 KB] New best heuristic value for add: 4
[t=0.0425188s, 20180 KB] g=1, 9 evaluated, 1 expanded
[t=0.0426223s, 20180 KB] New best heuristic value for add: 3
[t=0.0426653s, 20180 KB] g=1, 10 evaluated, 1 expanded
[t=0.0464416s, 20180 KB] New best heuristic value for add: 2
[t=0.0465193s, 20180 KB] g=2, 58 evaluated, 2 expanded
[t=0.0493288s, 20180 KB] New best heuristic value for add: 1
[t=0.0494027s, 20180 KB] g=3, 110 evaluated, 3 expanded
[t=0.0517697s, 20180 KB] New best heuristic value for add: 0
[t=0.0518389s, 20180 KB] g=4, 164 evaluated, 4 expanded
[t=0.0526393s, 20180 KB] Solution found!
[t=0.0526909s, 20180 KB] Actual search time: 0.0109652s
overcome jealousy excitement pork neptune uranus (1)
feast excitement pork broccoli manitoba bavaria (1)
feast excitement broccoli shrimp pennsylvania alsace (1)
succumb jealousy excitement shrimp neptune uranus (1)
[t=0.0527366s, 20180 KB] Plan length: 4 step(s).
[t=0.0527366s, 20180 KB] Plan cost: 4
[t=0.0527366s, 20180 KB] Expanded 5 state(s).
[t=0.0527366s, 20180 KB] Reopened 0 state(s).
[t=0.0527366s, 20180 KB] Evaluated 202 state(s).
[t=0.0527366s, 20180 KB] Evaluations: 202
[t=0.0527366s, 20180 KB] Generated 202 state(s).
[t=0.0527366s, 20180 KB] Dead ends: 0 state(s).
[t=0.0527366s, 20180 KB] Number of registered states: 202
[t=0.0527366s, 20180 KB] Int hash set load factor: 202/256 = 0.789062
[t=0.0527366s, 20180 KB] Int hash set resizes: 8
[t=0.0527366s, 20180 KB] mean number of q cost that have been adjusted 0 times in relation to total number of q: -1
[t=0.0527366s, 20180 KB] mean number of q cost that have been adjusted 1 times in relation to total number of q: -1
[t=0.0527366s, 20180 KB] mean number of q cost that have been adjusted 2 times in relation to total number of q: -1
[t=0.0527366s, 20180 KB] mean number of q that are at some point overconsitent in relation to total number of q: -1
[t=0.0527366s, 20180 KB] mean number of q that are at first underconsisten in relation to total number of q: -1
[t=0.0527366s, 20180 KB] mean number of state variables that are not in common between two following states in relation to total number of state variables: -1
[t=0.0527366s, 20180 KB] variance number of state variables that are not in common between two following states in relation to total number of state variables: -1
[t=0.0527366s, 20180 KB] Search time: 0.0113776s
[t=0.0527366s, 20180 KB] Total time: 0.0527366s
Solution found.
Peak memory: 20180 KB
Remove intermediate file output.sas
search exit code: 0

INFO     Running validate.
INFO     validate stdin: None
INFO     validate time limit: None
INFO     validate memory limit: None
INFO     validate command line string: validate domain.pddl problem.pddl sas_plan
