INFO     Running translator.
INFO     translator stdin: None
INFO     translator time limit: 1799.96s
INFO     translator memory limit: 3584 MB
INFO     translator command line string: /infai/weidan00/downward/experiments/bachelor/.venv/bin/python3 /infai/weidan00/downward/experiments/bachelor/data/bachelor-v1/code-7aa5f34_e5e41175/builds/release/bin/translate/translate.py domain.pddl problem.pddl --sas-file output.sas
Parsing...
Parsing: [0.000s CPU, 0.002s wall-clock]
Normalizing task... [0.000s CPU, 0.000s wall-clock]
Instantiating...
Generating Datalog program... [0.000s CPU, 0.000s wall-clock]
Normalizing Datalog program...
Normalizing Datalog program: [0.000s CPU, 0.002s wall-clock]
Preparing model... [0.000s CPU, 0.001s wall-clock]
Generated 24 rules.
Computing model... [0.000s CPU, 0.006s wall-clock]
411 relevant atoms
280 auxiliary atoms
691 final queue length
928 total queue pushes
Completing instantiation... [0.010s CPU, 0.008s wall-clock]
Instantiating: [0.010s CPU, 0.018s wall-clock]
Computing fact groups...
Finding invariants...
10 initial candidates
Finding invariants: [0.000s CPU, 0.002s wall-clock]
Checking invariant weight... [0.000s CPU, 0.000s wall-clock]
Instantiating groups... [0.010s CPU, 0.002s wall-clock]
Collecting mutex groups... [0.000s CPU, 0.000s wall-clock]
Choosing groups...
0 uncovered facts
Choosing groups: [0.000s CPU, 0.000s wall-clock]
Building translation key... [0.000s CPU, 0.000s wall-clock]
Computing fact groups: [0.010s CPU, 0.006s wall-clock]
Building STRIPS to SAS dictionary... [0.000s CPU, 0.000s wall-clock]
Building dictionary for full mutex groups... [0.000s CPU, 0.000s wall-clock]
Building mutex information...
Building mutex information: [0.000s CPU, 0.000s wall-clock]
Translating task...
Processing axioms...
Simplifying axioms... [0.000s CPU, 0.000s wall-clock]
Processing axioms: [0.000s CPU, 0.000s wall-clock]
Translating task: [0.010s CPU, 0.008s wall-clock]
0 effect conditions simplified
0 implied preconditions added
Detecting unreachable propositions...
0 operators removed
0 axioms removed
3 propositions removed
Detecting unreachable propositions: [0.000s CPU, 0.004s wall-clock]
Reordering and filtering variables...
29 of 29 variables necessary.
26 of 29 mutex groups necessary.
210 of 210 operators necessary.
0 of 0 axiom rules necessary.
Reordering and filtering variables: [0.000s CPU, 0.002s wall-clock]
Translator variables: 29
Translator derived variables: 0
Translator facts: 134
Translator goal facts: 26
Translator mutex groups: 26
Translator total mutex groups size: 104
Translator operators: 210
Translator axioms: 0
Translator task size: 1443
Translator peak memory: 143308 KB
Writing output... [0.010s CPU, 0.006s wall-clock]
Done! [0.050s CPU, 0.047s wall-clock]
translate exit code: 0

INFO     Running search (release).
INFO     search stdin: output.sas
INFO     search time limit: 1799.87s
INFO     search memory limit: 3584 MB
INFO     search command line string: /infai/weidan00/downward/experiments/bachelor/data/bachelor-v1/code-7aa5f34_e5e41175/builds/release/bin/downward --search 'eager_wastar([pinch()], w=2)' --internal-plan-file sas_plan < output.sas
[t=6.0902e-05s, 17204 KB] reading input...
[t=0.00169837s, 17348 KB] done reading input!
[t=0.00356985s, 17604 KB] Simplifying 418 unary operators... done! [418 unary operators]
[t=0.00391582s, 17604 KB] time to simplify: 0.000404014s
[t=0.00402819s, 17604 KB] Initializing pinch heuristic...
[t=0.00414446s, 17604 KB] Building successor generator...done!
[t=0.00437502s, 17604 KB] peak memory difference for successor generator creation: 0 KB
[t=0.00441371s, 17604 KB] time for successor generation creation: 0.000106736s
[t=0.00446054s, 17604 KB] Variables: 29
[t=0.00449995s, 17604 KB] FactPairs: 134
[t=0.00453898s, 17604 KB] Bytes per state: 8
[t=0.00464753s, 17604 KB] Conducting best first search with reopening closed nodes, (real) bound = 2147483647
[t=0.0047821s, 17604 KB] New best heuristic value for pinch: 78
[t=0.00482507s, 17604 KB] g=0, 1 evaluated, 0 expanded
[t=0.00487188s, 17604 KB] Initial heuristic value for pinch: 78
[t=0.00491213s, 17604 KB] pruning method: none
[t=0.00502241s, 17604 KB] New best heuristic value for pinch: 77
[t=0.00506415s, 17604 KB] g=1, 3 evaluated, 1 expanded
[t=0.00533191s, 17604 KB] New best heuristic value for pinch: 76
[t=0.00537488s, 17604 KB] g=2, 55 evaluated, 2 expanded
[t=0.00556377s, 17604 KB] New best heuristic value for pinch: 75
[t=0.00560657s, 17604 KB] g=3, 81 evaluated, 3 expanded
[t=0.0057259s, 17604 KB] New best heuristic value for pinch: 74
[t=0.00576809s, 17604 KB] g=5, 84 evaluated, 5 expanded
[t=0.006031s, 17604 KB] New best heuristic value for pinch: 73
[t=0.00607357s, 17604 KB] g=6, 134 evaluated, 6 expanded
[t=0.0062449s, 17604 KB] New best heuristic value for pinch: 72
[t=0.00628728s, 17604 KB] g=7, 159 evaluated, 7 expanded
[t=0.00647593s, 17604 KB] New best heuristic value for pinch: 71
[t=0.00651833s, 17604 KB] g=9, 165 evaluated, 9 expanded
[t=0.00676346s, 17604 KB] New best heuristic value for pinch: 70
[t=0.00680544s, 17604 KB] g=10, 213 evaluated, 10 expanded
[t=0.00697221s, 17604 KB] New best heuristic value for pinch: 69
[t=0.00701374s, 17604 KB] g=11, 237 evaluated, 11 expanded
[t=0.00720639s, 17604 KB] New best heuristic value for pinch: 68
[t=0.00724897s, 17604 KB] g=13, 246 evaluated, 13 expanded
[t=0.00751356s, 17604 KB] New best heuristic value for pinch: 67
[t=0.00755667s, 17604 KB] g=14, 292 evaluated, 14 expanded
[t=0.00772119s, 17604 KB] New best heuristic value for pinch: 66
[t=0.00776292s, 17604 KB] g=15, 315 evaluated, 15 expanded
[t=0.00796754s, 17604 KB] New best heuristic value for pinch: 65
[t=0.00800918s, 17604 KB] g=17, 327 evaluated, 17 expanded
[t=0.00824376s, 17604 KB] New best heuristic value for pinch: 64
[t=0.0082853s, 17604 KB] g=18, 371 evaluated, 18 expanded
[t=0.00844476s, 17604 KB] New best heuristic value for pinch: 63
[t=0.00848608s, 17604 KB] g=19, 393 evaluated, 19 expanded
[t=0.00869888s, 17604 KB] New best heuristic value for pinch: 62
[t=0.00874027s, 17604 KB] g=21, 408 evaluated, 21 expanded
[t=0.0089594s, 17604 KB] New best heuristic value for pinch: 61
[t=0.00900074s, 17604 KB] g=22, 450 evaluated, 22 expanded
[t=0.0091638s, 17604 KB] New best heuristic value for pinch: 60
[t=0.00920597s, 17604 KB] g=23, 471 evaluated, 23 expanded
[t=0.00942725s, 17604 KB] New best heuristic value for pinch: 59
[t=0.0094696s, 17604 KB] g=25, 489 evaluated, 25 expanded
[t=0.00974381s, 17604 KB] New best heuristic value for pinch: 58
[t=0.00978647s, 17604 KB] g=26, 529 evaluated, 26 expanded
[t=0.00994315s, 17604 KB] New best heuristic value for pinch: 57
[t=0.00998506s, 17604 KB] g=27, 549 evaluated, 27 expanded
[t=0.0102547s, 17604 KB] New best heuristic value for pinch: 56
[t=0.0102988s, 17604 KB] g=29, 570 evaluated, 29 expanded
[t=0.0105083s, 17604 KB] New best heuristic value for pinch: 55
[t=0.0105501s, 17604 KB] g=30, 608 evaluated, 30 expanded
[t=0.0107032s, 17604 KB] New best heuristic value for pinch: 54
[t=0.0107446s, 17604 KB] g=31, 627 evaluated, 31 expanded
[t=0.0109904s, 17604 KB] New best heuristic value for pinch: 53
[t=0.0110327s, 17604 KB] g=33, 651 evaluated, 33 expanded
[t=0.0112352s, 17604 KB] New best heuristic value for pinch: 52
[t=0.0112766s, 17604 KB] g=34, 687 evaluated, 34 expanded
[t=0.0114253s, 17604 KB] New best heuristic value for pinch: 51
[t=0.0114664s, 17604 KB] g=35, 705 evaluated, 35 expanded
[t=0.0117163s, 17604 KB] New best heuristic value for pinch: 50
[t=0.0117579s, 17604 KB] g=37, 732 evaluated, 37 expanded
[t=0.0119572s, 17604 KB] New best heuristic value for pinch: 49
[t=0.0119987s, 17604 KB] g=38, 766 evaluated, 38 expanded
[t=0.0121461s, 17604 KB] New best heuristic value for pinch: 48
[t=0.0121879s, 17604 KB] g=39, 783 evaluated, 39 expanded
[t=0.012445s, 17604 KB] New best heuristic value for pinch: 47
[t=0.0124875s, 17604 KB] g=41, 813 evaluated, 41 expanded
[t=0.0126766s, 17604 KB] New best heuristic value for pinch: 46
[t=0.0127192s, 17604 KB] g=42, 845 evaluated, 42 expanded
[t=0.0128679s, 17604 KB] New best heuristic value for pinch: 45
[t=0.0129093s, 17604 KB] g=43, 861 evaluated, 43 expanded
[t=0.01318s, 17604 KB] New best heuristic value for pinch: 44
[t=0.0132247s, 17604 KB] g=45, 894 evaluated, 45 expanded
[t=0.0134078s, 17604 KB] New best heuristic value for pinch: 43
[t=0.0134504s, 17604 KB] g=46, 924 evaluated, 46 expanded
[t=0.01359s, 17604 KB] New best heuristic value for pinch: 42
[t=0.0136327s, 17604 KB] g=47, 939 evaluated, 47 expanded
[t=0.0140024s, 17604 KB] New best heuristic value for pinch: 41
[t=0.0140468s, 17604 KB] g=49, 975 evaluated, 49 expanded
[t=0.0142243s, 17604 KB] New best heuristic value for pinch: 40
[t=0.0142665s, 17604 KB] g=50, 1003 evaluated, 50 expanded
[t=0.0144058s, 17604 KB] New best heuristic value for pinch: 39
[t=0.0144471s, 17604 KB] g=51, 1017 evaluated, 51 expanded
[t=0.0147469s, 17604 KB] New best heuristic value for pinch: 38
[t=0.0147901s, 17604 KB] g=53, 1056 evaluated, 53 expanded
[t=0.0149602s, 17604 KB] New best heuristic value for pinch: 37
[t=0.0150026s, 17604 KB] g=54, 1082 evaluated, 54 expanded
[t=0.0151384s, 17604 KB] New best heuristic value for pinch: 36
[t=0.0151801s, 17604 KB] g=55, 1095 evaluated, 55 expanded
[t=0.0154795s, 17604 KB] New best heuristic value for pinch: 35
[t=0.0155226s, 17604 KB] g=57, 1137 evaluated, 57 expanded
[t=0.0156991s, 17604 KB] New best heuristic value for pinch: 34
[t=0.0157417s, 17604 KB] g=58, 1161 evaluated, 58 expanded
[t=0.0158742s, 17604 KB] New best heuristic value for pinch: 33
[t=0.0159161s, 17604 KB] g=59, 1173 evaluated, 59 expanded
[t=0.0162234s, 17604 KB] New best heuristic value for pinch: 32
[t=0.0162686s, 17604 KB] g=61, 1218 evaluated, 61 expanded
[t=0.0164252s, 17604 KB] New best heuristic value for pinch: 31
[t=0.0164749s, 17604 KB] g=62, 1240 evaluated, 62 expanded
[t=0.0166042s, 17604 KB] New best heuristic value for pinch: 30
[t=0.0166454s, 17604 KB] g=63, 1251 evaluated, 63 expanded
[t=0.0169626s, 17604 KB] New best heuristic value for pinch: 29
[t=0.0170059s, 17604 KB] g=65, 1299 evaluated, 65 expanded
[t=0.0171563s, 17604 KB] New best heuristic value for pinch: 28
[t=0.0171983s, 17604 KB] g=66, 1319 evaluated, 66 expanded
[t=0.0173245s, 17604 KB] New best heuristic value for pinch: 27
[t=0.0173671s, 17604 KB] g=67, 1329 evaluated, 67 expanded
[t=0.0176947s, 17604 KB] New best heuristic value for pinch: 26
[t=0.0177382s, 17604 KB] g=69, 1380 evaluated, 69 expanded
[t=0.0178829s, 17604 KB] New best heuristic value for pinch: 25
[t=0.0179249s, 17604 KB] g=70, 1398 evaluated, 70 expanded
[t=0.0180491s, 17604 KB] New best heuristic value for pinch: 24
[t=0.0180907s, 17604 KB] g=71, 1407 evaluated, 71 expanded
[t=0.0184299s, 17604 KB] New best heuristic value for pinch: 23
[t=0.018473s, 17604 KB] g=73, 1461 evaluated, 73 expanded
[t=0.0186096s, 17604 KB] New best heuristic value for pinch: 22
[t=0.0186518s, 17604 KB] g=74, 1477 evaluated, 74 expanded
[t=0.0187729s, 17604 KB] New best heuristic value for pinch: 21
[t=0.0188144s, 17604 KB] g=75, 1485 evaluated, 75 expanded
[t=0.0191574s, 17604 KB] New best heuristic value for pinch: 20
[t=0.019207s, 17604 KB] g=77, 1542 evaluated, 77 expanded
[t=0.0193372s, 17604 KB] New best heuristic value for pinch: 19
[t=0.0193786s, 17604 KB] g=78, 1556 evaluated, 78 expanded
[t=0.0194963s, 17604 KB] New best heuristic value for pinch: 18
[t=0.0195373s, 17604 KB] g=79, 1563 evaluated, 79 expanded
[t=0.0198897s, 17604 KB] New best heuristic value for pinch: 17
[t=0.0199328s, 17604 KB] g=81, 1623 evaluated, 81 expanded
[t=0.0200554s, 17604 KB] New best heuristic value for pinch: 16
[t=0.0200973s, 17604 KB] g=82, 1635 evaluated, 82 expanded
[t=0.0202205s, 17604 KB] New best heuristic value for pinch: 15
[t=0.0202621s, 17604 KB] g=83, 1641 evaluated, 83 expanded
[t=0.0206247s, 17604 KB] New best heuristic value for pinch: 14
[t=0.020668s, 17604 KB] g=85, 1704 evaluated, 85 expanded
[t=0.0207836s, 17604 KB] New best heuristic value for pinch: 13
[t=0.0208248s, 17604 KB] g=86, 1714 evaluated, 86 expanded
[t=0.0209364s, 17604 KB] New best heuristic value for pinch: 12
[t=0.0209771s, 17604 KB] g=87, 1719 evaluated, 87 expanded
[t=0.0213515s, 17604 KB] New best heuristic value for pinch: 11
[t=0.0213935s, 17604 KB] g=89, 1785 evaluated, 89 expanded
[t=0.0215029s, 17604 KB] New best heuristic value for pinch: 10
[t=0.0215438s, 17604 KB] g=90, 1793 evaluated, 90 expanded
[t=0.0216515s, 17604 KB] New best heuristic value for pinch: 9
[t=0.0216919s, 17604 KB] g=91, 1797 evaluated, 91 expanded
[t=0.0220742s, 17604 KB] New best heuristic value for pinch: 8
[t=0.0221167s, 17604 KB] g=93, 1866 evaluated, 93 expanded
[t=0.0222199s, 17604 KB] New best heuristic value for pinch: 7
[t=0.0222605s, 17604 KB] g=94, 1872 evaluated, 94 expanded
[t=0.0223654s, 17604 KB] New best heuristic value for pinch: 6
[t=0.0224062s, 17604 KB] g=95, 1875 evaluated, 95 expanded
[t=0.0227972s, 17604 KB] New best heuristic value for pinch: 5
[t=0.0228394s, 17604 KB] g=97, 1947 evaluated, 97 expanded
[t=0.0229358s, 17604 KB] New best heuristic value for pinch: 4
[t=0.0229771s, 17604 KB] g=98, 1951 evaluated, 98 expanded
[t=0.0230768s, 17604 KB] New best heuristic value for pinch: 3
[t=0.0231175s, 17604 KB] g=99, 1953 evaluated, 99 expanded
[t=0.0236965s, 17604 KB] New best heuristic value for pinch: 2
[t=0.0237411s, 17604 KB] g=99, 2028 evaluated, 101 expanded
[t=0.0237962s, 17604 KB] New best heuristic value for pinch: 1
[t=0.023853s, 17604 KB] g=100, 2029 evaluated, 102 expanded
[t=0.024069s, 17604 KB] New best heuristic value for pinch: 0
[t=0.0241118s, 17604 KB] g=101, 2056 evaluated, 103 expanded
[t=0.0241529s, 17604 KB] Solution found!
[t=0.0241974s, 17604 KB] Actual search time: 0.0192816s
pick ball1 rooma left (1)
move rooma roomb (1)
drop ball1 roomb left (1)
move roomb rooma (1)
pick ball10 rooma left (1)
move rooma roomb (1)
drop ball10 roomb left (1)
move roomb rooma (1)
pick ball11 rooma left (1)
move rooma roomb (1)
drop ball11 roomb left (1)
move roomb rooma (1)
pick ball12 rooma left (1)
move rooma roomb (1)
drop ball12 roomb left (1)
move roomb rooma (1)
pick ball13 rooma left (1)
move rooma roomb (1)
drop ball13 roomb left (1)
move roomb rooma (1)
pick ball14 rooma left (1)
move rooma roomb (1)
drop ball14 roomb left (1)
move roomb rooma (1)
pick ball15 rooma left (1)
move rooma roomb (1)
drop ball15 roomb left (1)
move roomb rooma (1)
pick ball16 rooma left (1)
move rooma roomb (1)
drop ball16 roomb left (1)
move roomb rooma (1)
pick ball17 rooma left (1)
move rooma roomb (1)
drop ball17 roomb left (1)
move roomb rooma (1)
pick ball18 rooma left (1)
move rooma roomb (1)
drop ball18 roomb left (1)
move roomb rooma (1)
pick ball19 rooma left (1)
move rooma roomb (1)
drop ball19 roomb left (1)
move roomb rooma (1)
pick ball2 rooma left (1)
move rooma roomb (1)
drop ball2 roomb left (1)
move roomb rooma (1)
pick ball20 rooma left (1)
move rooma roomb (1)
drop ball20 roomb left (1)
move roomb rooma (1)
pick ball21 rooma left (1)
move rooma roomb (1)
drop ball21 roomb left (1)
move roomb rooma (1)
pick ball22 rooma left (1)
move rooma roomb (1)
drop ball22 roomb left (1)
move roomb rooma (1)
pick ball23 rooma left (1)
move rooma roomb (1)
drop ball23 roomb left (1)
move roomb rooma (1)
pick ball24 rooma left (1)
move rooma roomb (1)
drop ball24 roomb left (1)
move roomb rooma (1)
pick ball25 rooma left (1)
move rooma roomb (1)
drop ball25 roomb left (1)
move roomb rooma (1)
pick ball26 rooma left (1)
move rooma roomb (1)
drop ball26 roomb left (1)
move roomb rooma (1)
pick ball3 rooma left (1)
move rooma roomb (1)
drop ball3 roomb left (1)
move roomb rooma (1)
pick ball4 rooma left (1)
move rooma roomb (1)
drop ball4 roomb left (1)
move roomb rooma (1)
pick ball5 rooma left (1)
move rooma roomb (1)
drop ball5 roomb left (1)
move roomb rooma (1)
pick ball6 rooma left (1)
move rooma roomb (1)
drop ball6 roomb left (1)
move roomb rooma (1)
pick ball7 rooma left (1)
move rooma roomb (1)
drop ball7 roomb left (1)
move roomb rooma (1)
pick ball8 rooma left (1)
pick ball9 rooma right (1)
move rooma roomb (1)
drop ball8 roomb left (1)
drop ball9 roomb right (1)
[t=0.0242395s, 17604 KB] Plan length: 101 step(s).
[t=0.0242395s, 17604 KB] Plan cost: 101
[t=0.0242395s, 17604 KB] Expanded 104 state(s).
[t=0.0242395s, 17604 KB] Reopened 0 state(s).
[t=0.0242395s, 17604 KB] Evaluated 2056 state(s).
[t=0.0242395s, 17604 KB] Evaluations: 2056
[t=0.0242395s, 17604 KB] Generated 2158 state(s).
[t=0.0242395s, 17604 KB] Dead ends: 0 state(s).
[t=0.0242395s, 17604 KB] Number of registered states: 2056
[t=0.0242395s, 17604 KB] Int hash set load factor: 2056/4096 = 0.501953
[t=0.0242395s, 17604 KB] Int hash set resizes: 12
[t=0.0242395s, 17604 KB] mean number of q cost that have been adjusted 0 times in relation to total number of q: -1
[t=0.0242395s, 17604 KB] mean number of q cost that have been adjusted 1 times in relation to total number of q: -1
[t=0.0242395s, 17604 KB] mean number of q cost that have been adjusted 2 times in relation to total number of q: -1
[t=0.0242395s, 17604 KB] mean number of q that are at some point overconsitent in relation to total number of q: -1
[t=0.0242395s, 17604 KB] mean number of q that are at first underconsisten in relation to total number of q: -1
[t=0.0242395s, 17604 KB] mean number of state variables that are not in common between two following states in relation to total number of state variables: -1
[t=0.0242395s, 17604 KB] variance number of state variables that are not in common between two following states in relation to total number of state variables: -1
[t=0.0242395s, 17604 KB] Search time: 0.0195928s
[t=0.0242395s, 17604 KB] Total time: 0.0242395s
Solution found.
Peak memory: 17604 KB
Remove intermediate file output.sas
search exit code: 0

INFO     Running validate.
INFO     validate stdin: None
INFO     validate time limit: None
INFO     validate memory limit: None
INFO     validate command line string: validate domain.pddl problem.pddl sas_plan
