INFO     Running translator.
INFO     translator stdin: None
INFO     translator time limit: 1799.96s
INFO     translator memory limit: 3584 MB
INFO     translator command line string: /infai/weidan00/downward/experiments/bachelor/.venv/bin/python3 /infai/weidan00/downward/experiments/bachelor/data/bachelor-v1/code-7aa5f34_e5e41175/builds/release/bin/translate/translate.py domain.pddl problem.pddl --sas-file output.sas
Parsing...
Parsing: [0.000s CPU, 0.003s wall-clock]
Normalizing task... [0.000s CPU, 0.000s wall-clock]
Instantiating...
Generating Datalog program... [0.000s CPU, 0.000s wall-clock]
Normalizing Datalog program...
Normalizing Datalog program: [0.000s CPU, 0.004s wall-clock]
Preparing model... [0.000s CPU, 0.001s wall-clock]
Generated 45 rules.
Computing model... [0.010s CPU, 0.010s wall-clock]
325 relevant atoms
750 auxiliary atoms
1075 final queue length
1314 total queue pushes
Completing instantiation... [0.010s CPU, 0.008s wall-clock]
Instantiating: [0.020s CPU, 0.023s wall-clock]
Computing fact groups...
Finding invariants...
18 initial candidates
Finding invariants: [0.010s CPU, 0.005s wall-clock]
Checking invariant weight... [0.000s CPU, 0.000s wall-clock]
Instantiating groups... [0.000s CPU, 0.001s wall-clock]
Collecting mutex groups... [0.000s CPU, 0.000s wall-clock]
Choosing groups...
10 uncovered facts
Choosing groups: [0.000s CPU, 0.000s wall-clock]
Building translation key... [0.000s CPU, 0.000s wall-clock]
Computing fact groups: [0.010s CPU, 0.008s wall-clock]
Building STRIPS to SAS dictionary... [0.000s CPU, 0.000s wall-clock]
Building dictionary for full mutex groups... [0.000s CPU, 0.000s wall-clock]
Building mutex information...
Building mutex information: [0.000s CPU, 0.000s wall-clock]
Translating task...
Processing axioms...
Simplifying axioms... [0.000s CPU, 0.000s wall-clock]
Processing axioms: [0.000s CPU, 0.000s wall-clock]
Translating task: [0.000s CPU, 0.006s wall-clock]
0 effect conditions simplified
0 implied preconditions added
Detecting unreachable propositions...
0 operators removed
0 axioms removed
54 propositions removed
Detecting unreachable propositions: [0.010s CPU, 0.003s wall-clock]
Reordering and filtering variables...
34 of 34 variables necessary.
0 of 34 mutex groups necessary.
156 of 156 operators necessary.
0 of 0 axiom rules necessary.
Reordering and filtering variables: [0.000s CPU, 0.002s wall-clock]
Translator variables: 34
Translator derived variables: 0
Translator facts: 99
Translator goal facts: 6
Translator mutex groups: 0
Translator total mutex groups size: 0
Translator operators: 156
Translator axioms: 0
Translator task size: 1051
Translator peak memory: 143308 KB
Writing output... [0.000s CPU, 0.004s wall-clock]
Done! [0.040s CPU, 0.052s wall-clock]
translate exit code: 0

INFO     Running search (release).
INFO     search stdin: output.sas
INFO     search time limit: 1799.86s
INFO     search memory limit: 3584 MB
INFO     search command line string: /infai/weidan00/downward/experiments/bachelor/data/bachelor-v1/code-7aa5f34_e5e41175/builds/release/bin/downward --search 'eager_wastar([pinch_tracking()], w=2)' --internal-plan-file sas_plan < output.sas
[t=6.174e-05s, 17204 KB] reading input...
[t=0.00147437s, 17212 KB] done reading input!
[t=0.00334209s, 17608 KB] Simplifying 304 unary operators... done! [304 unary operators]
[t=0.00365994s, 17608 KB] time to simplify: 0.000374387s
[t=0.00377583s, 17608 KB] Initializing pinch tracking heuristic...
[t=0.00389166s, 17608 KB] Building successor generator...done!
[t=0.00412102s, 17608 KB] peak memory difference for successor generator creation: 0 KB
[t=0.00416018s, 17608 KB] time for successor generation creation: 0.000105865s
[t=0.00420743s, 17608 KB] Variables: 34
[t=0.00424736s, 17608 KB] FactPairs: 99
[t=0.00428721s, 17608 KB] Bytes per state: 12
[t=0.00441356s, 17608 KB] Conducting best first search with reopening closed nodes, (real) bound = 2147483647
[t=0.00455766s, 17608 KB] New best heuristic value for pinch_tracking: 47
[t=0.00460064s, 17608 KB] g=0, 1 evaluated, 0 expanded
[t=0.00465079s, 17608 KB] Initial heuristic value for pinch_tracking: 47
[t=0.00469212s, 17608 KB] pruning method: none
[t=0.00477363s, 17608 KB] New best heuristic value for pinch_tracking: 40
[t=0.00481598s, 17608 KB] g=1, 2 evaluated, 1 expanded
[t=0.0049146s, 17608 KB] New best heuristic value for pinch_tracking: 35
[t=0.00495692s, 17608 KB] g=2, 4 evaluated, 2 expanded
[t=0.00509003s, 17608 KB] New best heuristic value for pinch_tracking: 34
[t=0.00513193s, 17608 KB] g=3, 7 evaluated, 3 expanded
[t=0.00523114s, 17608 KB] New best heuristic value for pinch_tracking: 33
[t=0.00527302s, 17608 KB] g=3, 11 evaluated, 3 expanded
[t=0.00540683s, 17608 KB] New best heuristic value for pinch_tracking: 32
[t=0.00544888s, 17608 KB] g=4, 15 evaluated, 4 expanded
[t=0.00553953s, 17608 KB] New best heuristic value for pinch_tracking: 31
[t=0.00558121s, 17608 KB] g=4, 19 evaluated, 4 expanded
[t=0.00572195s, 17608 KB] New best heuristic value for pinch_tracking: 30
[t=0.00576429s, 17608 KB] g=5, 24 evaluated, 5 expanded
[t=0.00593639s, 17608 KB] New best heuristic value for pinch_tracking: 29
[t=0.00597969s, 17608 KB] g=6, 32 evaluated, 6 expanded
[t=0.00614593s, 17608 KB] New best heuristic value for pinch_tracking: 28
[t=0.0061894s, 17608 KB] g=7, 40 evaluated, 7 expanded
[t=0.00638586s, 17608 KB] New best heuristic value for pinch_tracking: 27
[t=0.00642986s, 17608 KB] g=8, 49 evaluated, 8 expanded
[t=0.00658361s, 17608 KB] New best heuristic value for pinch_tracking: 26
[t=0.00662775s, 17608 KB] g=9, 53 evaluated, 9 expanded
[t=0.00672421s, 17608 KB] New best heuristic value for pinch_tracking: 25
[t=0.00676606s, 17608 KB] g=10, 55 evaluated, 10 expanded
[t=0.00689909s, 17608 KB] New best heuristic value for pinch_tracking: 24
[t=0.00694172s, 17608 KB] g=11, 58 evaluated, 11 expanded
[t=0.00704231s, 17608 KB] New best heuristic value for pinch_tracking: 22
[t=0.00708565s, 17608 KB] g=11, 61 evaluated, 11 expanded
[t=0.00713602s, 17608 KB] New best heuristic value for pinch_tracking: 21
[t=0.00717691s, 17608 KB] g=12, 62 evaluated, 12 expanded
[t=0.00725929s, 17608 KB] New best heuristic value for pinch_tracking: 19
[t=0.00730023s, 17608 KB] g=12, 65 evaluated, 12 expanded
[t=0.00737525s, 17608 KB] New best heuristic value for pinch_tracking: 18
[t=0.00741628s, 17608 KB] g=13, 67 evaluated, 13 expanded
[t=0.00756839s, 17608 KB] New best heuristic value for pinch_tracking: 17
[t=0.00760948s, 17608 KB] g=14, 77 evaluated, 14 expanded
[t=0.00781304s, 17608 KB] New best heuristic value for pinch_tracking: 16
[t=0.00786419s, 17608 KB] g=15, 89 evaluated, 15 expanded
[t=0.00804293s, 17608 KB] New best heuristic value for pinch_tracking: 15
[t=0.0080853s, 17608 KB] g=16, 98 evaluated, 16 expanded
[t=0.00827246s, 17608 KB] New best heuristic value for pinch_tracking: 14
[t=0.00831609s, 17608 KB] g=17, 109 evaluated, 17 expanded
[t=0.00848629s, 17608 KB] New best heuristic value for pinch_tracking: 13
[t=0.00852999s, 17608 KB] g=18, 118 evaluated, 18 expanded
[t=0.00866663s, 17608 KB] New best heuristic value for pinch_tracking: 12
[t=0.00870941s, 17608 KB] g=19, 125 evaluated, 19 expanded
[t=0.00893961s, 17608 KB] New best heuristic value for pinch_tracking: 11
[t=0.00898414s, 17608 KB] g=20, 134 evaluated, 20 expanded
[t=0.00908443s, 17608 KB] New best heuristic value for pinch_tracking: 10
[t=0.00912648s, 17608 KB] g=21, 137 evaluated, 21 expanded
[t=0.00927172s, 17608 KB] New best heuristic value for pinch_tracking: 9
[t=0.00931401s, 17608 KB] g=22, 142 evaluated, 22 expanded
[t=0.00941409s, 17608 KB] New best heuristic value for pinch_tracking: 8
[t=0.00945582s, 17608 KB] g=23, 145 evaluated, 23 expanded
[t=0.00954063s, 17608 KB] New best heuristic value for pinch_tracking: 7
[t=0.00958215s, 17608 KB] g=24, 148 evaluated, 24 expanded
[t=0.00970639s, 17608 KB] New best heuristic value for pinch_tracking: 6
[t=0.00974788s, 17608 KB] g=25, 156 evaluated, 25 expanded
[t=0.00989816s, 17608 KB] New best heuristic value for pinch_tracking: 5
[t=0.00994024s, 17608 KB] g=26, 165 evaluated, 26 expanded
[t=0.0100323s, 17608 KB] New best heuristic value for pinch_tracking: 4
[t=0.0100743s, 17608 KB] g=27, 168 evaluated, 27 expanded
[t=0.0102339s, 17608 KB] New best heuristic value for pinch_tracking: 3
[t=0.0102767s, 17608 KB] g=28, 176 evaluated, 28 expanded
[t=0.0103666s, 17608 KB] New best heuristic value for pinch_tracking: 2
[t=0.0104079s, 17608 KB] g=29, 179 evaluated, 29 expanded
[t=0.0171769s, 17608 KB] New best heuristic value for pinch_tracking: 1
[t=0.017241s, 17608 KB] g=32, 643 evaluated, 158 expanded
[t=0.0173381s, 17608 KB] New best heuristic value for pinch_tracking: 0
[t=0.0173827s, 17608 KB] g=33, 647 evaluated, 159 expanded
[t=0.0174254s, 17608 KB] Solution found!
[t=0.0174693s, 17608 KB] Actual search time: 0.0127729s
drive truck2 depot1 market2 (1)
drive truck2 market2 market1 (1)
buy truck2 goods2 market1 level1 level2 level0 level1 (1)
load goods2 truck2 market1 level0 level1 level0 level1 (1)
buy truck2 goods6 market1 level1 level2 level0 level1 (1)
load goods6 truck2 market1 level0 level1 level0 level1 (1)
drive truck2 market1 market2 (1)
buy truck2 goods3 market2 level0 level1 level0 level1 (1)
load goods3 truck2 market2 level0 level1 level0 level1 (1)
drive truck2 market2 depot1 (1)
drive truck1 depot1 market2 (1)
drive truck1 market2 market1 (1)
unload goods6 truck2 depot1 level0 level1 level0 level1 (1)
unload goods3 truck2 depot1 level0 level1 level0 level1 (1)
buy truck1 goods5 market1 level1 level2 level0 level1 (1)
load goods5 truck1 market1 level0 level1 level0 level1 (1)
buy truck1 goods4 market1 level1 level2 level0 level1 (1)
load goods4 truck1 market1 level0 level1 level0 level1 (1)
drive truck1 market1 market2 (1)
drive truck1 market2 depot1 (1)
unload goods5 truck1 depot1 level0 level1 level0 level1 (1)
unload goods4 truck1 depot1 level0 level1 level0 level1 (1)
drive truck1 depot1 market2 (1)
drive truck1 market2 market1 (1)
buy truck1 goods1 market1 level0 level1 level0 level1 (1)
load goods1 truck1 market1 level0 level1 level0 level1 (1)
buy truck1 goods2 market1 level0 level1 level0 level1 (1)
load goods2 truck1 market1 level0 level1 level0 level1 (1)
drive truck1 market1 market2 (1)
drive truck1 market2 depot1 (1)
unload goods2 truck2 depot1 level0 level1 level0 level1 (1)
unload goods2 truck1 depot1 level0 level1 level1 level2 (1)
unload goods1 truck1 depot1 level0 level1 level0 level1 (1)
[t=0.017513s, 17608 KB] Plan length: 33 step(s).
[t=0.017513s, 17608 KB] Plan cost: 33
[t=0.017513s, 17608 KB] Expanded 160 state(s).
[t=0.017513s, 17608 KB] Reopened 0 state(s).
[t=0.017513s, 17608 KB] Evaluated 647 state(s).
[t=0.017513s, 17608 KB] Evaluations: 647
[t=0.017513s, 17608 KB] Generated 878 state(s).
[t=0.017513s, 17608 KB] Dead ends: 8 state(s).
[t=0.017513s, 17608 KB] Number of registered states: 647
[t=0.017513s, 17608 KB] Int hash set load factor: 647/1024 = 0.631836
[t=0.017513s, 17608 KB] Int hash set resizes: 10
[t=0.017513s, 17608 KB] mean number of q cost that have been adjusted 0 times in relation to total number of q: -1
[t=0.017513s, 17608 KB] mean number of q cost that have been adjusted 1 times in relation to total number of q: -1
[t=0.017513s, 17608 KB] mean number of q cost that have been adjusted 2 times in relation to total number of q: -1
[t=0.017513s, 17608 KB] mean number of q that are at some point overconsitent in relation to total number of q: -1
[t=0.017513s, 17608 KB] mean number of q that are at first underconsisten in relation to total number of q: -1
[t=0.017513s, 17608 KB] mean number of state variables that are not in common between two following states in relation to total number of state variables: -1
[t=0.017513s, 17608 KB] variance number of state variables that are not in common between two following states in relation to total number of state variables: -1
[t=0.017513s, 17608 KB] Search time: 0.0131s
[t=0.017513s, 17608 KB] Total time: 0.017513s
Solution found.
Peak memory: 17608 KB
Remove intermediate file output.sas
search exit code: 0

INFO     Running validate.
INFO     validate stdin: None
INFO     validate time limit: None
INFO     validate memory limit: None
INFO     validate command line string: validate domain.pddl problem.pddl sas_plan
