INFO     Running translator.
INFO     translator stdin: None
INFO     translator time limit: 1799.94s
INFO     translator memory limit: 3584 MB
INFO     translator command line string: /infai/weidan00/downward/experiments/bachelor/.venv/bin/python3 /infai/weidan00/downward/experiments/bachelor/data/bachelor-v1/code-7aa5f34_e5e41175/builds/release/bin/translate/translate.py domain.pddl problem.pddl --sas-file output.sas
Parsing...
Parsing: [0.010s CPU, 0.010s wall-clock]
Normalizing task... [0.000s CPU, 0.000s wall-clock]
Instantiating...
Generating Datalog program... [0.000s CPU, 0.003s wall-clock]
Normalizing Datalog program...
Normalizing Datalog program: [0.000s CPU, 0.002s wall-clock]
Preparing model... [0.010s CPU, 0.012s wall-clock]
Generated 13 rules.
Computing model... [0.050s CPU, 0.052s wall-clock]
2197 relevant atoms
1350 auxiliary atoms
3547 final queue length
6032 total queue pushes
Completing instantiation... [0.070s CPU, 0.071s wall-clock]
Instantiating: [0.130s CPU, 0.142s wall-clock]
Computing fact groups...
Finding invariants...
6 initial candidates
Finding invariants: [0.000s CPU, 0.002s wall-clock]
Checking invariant weight... [0.010s CPU, 0.001s wall-clock]
Instantiating groups... [0.000s CPU, 0.000s wall-clock]
Collecting mutex groups... [0.000s CPU, 0.000s wall-clock]
Choosing groups...
36 uncovered facts
Choosing groups: [0.000s CPU, 0.000s wall-clock]
Building translation key... [0.000s CPU, 0.000s wall-clock]
Computing fact groups: [0.010s CPU, 0.004s wall-clock]
Building STRIPS to SAS dictionary... [0.000s CPU, 0.000s wall-clock]
Building dictionary for full mutex groups... [0.000s CPU, 0.000s wall-clock]
Building mutex information...
Building mutex information: [0.000s CPU, 0.000s wall-clock]
Translating task...
Processing axioms...
Simplifying axioms... [0.000s CPU, 0.000s wall-clock]
Processing axioms: [0.000s CPU, 0.003s wall-clock]
Translating task: [0.050s CPU, 0.053s wall-clock]
18 effect conditions simplified
0 implied preconditions added
Detecting unreachable propositions...
0 operators removed
0 axioms removed
1 propositions removed
Detecting unreachable propositions: [0.030s CPU, 0.030s wall-clock]
Reordering and filtering variables...
37 of 37 variables necessary.
0 of 1 mutex groups necessary.
1281 of 1281 operators necessary.
0 of 0 axiom rules necessary.
Reordering and filtering variables: [0.010s CPU, 0.008s wall-clock]
Translator variables: 37
Translator derived variables: 0
Translator facts: 108
Translator goal facts: 18
Translator mutex groups: 0
Translator total mutex groups size: 0
Translator operators: 1281
Translator axioms: 0
Translator task size: 4075
Translator peak memory: 146380 KB
Writing output... [0.020s CPU, 0.021s wall-clock]
Done! [0.270s CPU, 0.274s wall-clock]
translate exit code: 0

INFO     Running search (release).
INFO     search stdin: output.sas
INFO     search time limit: 1799.58s
INFO     search memory limit: 3584 MB
INFO     search command line string: /infai/weidan00/downward/experiments/bachelor/data/bachelor-v1/code-7aa5f34_e5e41175/builds/release/bin/downward --search 'eager_wastar([pinch()], w=2)' --internal-plan-file sas_plan < output.sas
[t=7.6172e-05s, 17204 KB] reading input...
[t=0.00928367s, 17392 KB] done reading input!
[t=0.0123622s, 17812 KB] Simplifying 1314 unary operators... done! [1314 unary operators]
[t=0.0133892s, 17944 KB] time to simplify: 0.00116324s
[t=0.0136287s, 17944 KB] Initializing pinch heuristic...
[t=0.0138102s, 17944 KB] Building successor generator...done!
[t=0.0144089s, 17964 KB] peak memory difference for successor generator creation: 20 KB
[t=0.0144688s, 17964 KB] time for successor generation creation: 0.000399128s
[t=0.0145495s, 17964 KB] Variables: 37
[t=0.0146083s, 17964 KB] FactPairs: 108
[t=0.0146669s, 17964 KB] Bytes per state: 8
[t=0.0148624s, 17964 KB] Conducting best first search with reopening closed nodes, (real) bound = 2147483647
[t=0.0152004s, 17964 KB] New best heuristic value for pinch: 70
[t=0.015267s, 17964 KB] g=0, 1 evaluated, 0 expanded
[t=0.015342s, 17964 KB] Initial heuristic value for pinch: 70
[t=0.0154029s, 17964 KB] pruning method: none
[t=0.0154815s, 17964 KB] New best heuristic value for pinch: 69
[t=0.0155414s, 17964 KB] g=1, 2 evaluated, 1 expanded
[t=0.0156944s, 17964 KB] New best heuristic value for pinch: 68
[t=0.0157552s, 17964 KB] g=1, 9 evaluated, 1 expanded
[t=0.0161821s, 17964 KB] New best heuristic value for pinch: 67
[t=0.0162474s, 17964 KB] g=2, 38 evaluated, 3 expanded
[t=0.0163819s, 17964 KB] New best heuristic value for pinch: 66
[t=0.0164438s, 17964 KB] g=2, 44 evaluated, 3 expanded
[t=0.016862s, 17964 KB] New best heuristic value for pinch: 64
[t=0.0169255s, 17964 KB] g=3, 73 evaluated, 5 expanded
[t=0.017007s, 17964 KB] New best heuristic value for pinch: 63
[t=0.0170695s, 17964 KB] g=4, 74 evaluated, 6 expanded
[t=0.017199s, 17964 KB] New best heuristic value for pinch: 60
[t=0.0172592s, 17964 KB] g=4, 80 evaluated, 6 expanded
[t=0.0176733s, 17964 KB] New best heuristic value for pinch: 59
[t=0.0177375s, 17964 KB] g=5, 109 evaluated, 8 expanded
[t=0.0179001s, 17964 KB] New best heuristic value for pinch: 56
[t=0.0179621s, 17964 KB] g=6, 117 evaluated, 9 expanded
[t=0.0183769s, 17964 KB] New best heuristic value for pinch: 55
[t=0.0184416s, 17964 KB] g=7, 145 evaluated, 10 expanded
[t=0.0189363s, 17964 KB] New best heuristic value for pinch: 54
[t=0.019002s, 17964 KB] g=9, 181 evaluated, 12 expanded
[t=0.0191695s, 17964 KB] New best heuristic value for pinch: 53
[t=0.0192312s, 17964 KB] g=10, 189 evaluated, 13 expanded
[t=0.0197283s, 17964 KB] New best heuristic value for pinch: 51
[t=0.0197949s, 17964 KB] g=12, 225 evaluated, 16 expanded
[t=0.0203374s, 17964 KB] New best heuristic value for pinch: 49
[t=0.0204029s, 17964 KB] g=14, 261 evaluated, 19 expanded
[t=0.0208247s, 17964 KB] New best heuristic value for pinch: 48
[t=0.0208875s, 17964 KB] g=15, 289 evaluated, 22 expanded
[t=0.0209649s, 17964 KB] New best heuristic value for pinch: 47
[t=0.0210256s, 17964 KB] g=16, 290 evaluated, 23 expanded
[t=0.0211695s, 17964 KB] New best heuristic value for pinch: 45
[t=0.0212303s, 17964 KB] g=16, 297 evaluated, 23 expanded
[t=0.0217366s, 17964 KB] New best heuristic value for pinch: 43
[t=0.0217989s, 17964 KB] g=18, 333 evaluated, 26 expanded
[t=0.0221953s, 17964 KB] New best heuristic value for pinch: 42
[t=0.0222587s, 17964 KB] g=19, 361 evaluated, 28 expanded
[t=0.022343s, 17964 KB] New best heuristic value for pinch: 41
[t=0.0224027s, 17964 KB] g=20, 362 evaluated, 29 expanded
[t=0.022596s, 17964 KB] New best heuristic value for pinch: 39
[t=0.0226575s, 17964 KB] g=20, 373 evaluated, 29 expanded
[t=0.0229985s, 17964 KB] New best heuristic value for pinch: 38
[t=0.0230606s, 17964 KB] g=21, 397 evaluated, 30 expanded
[t=0.0235492s, 17964 KB] New best heuristic value for pinch: 37
[t=0.0236139s, 17964 KB] g=23, 433 evaluated, 32 expanded
[t=0.0238363s, 17964 KB] New best heuristic value for pinch: 36
[t=0.023898s, 17964 KB] g=24, 446 evaluated, 33 expanded
[t=0.0242842s, 17964 KB] New best heuristic value for pinch: 35
[t=0.0243473s, 17964 KB] g=26, 470 evaluated, 38 expanded
[t=0.0245016s, 17964 KB] New best heuristic value for pinch: 34
[t=0.0245627s, 17964 KB] g=26, 478 evaluated, 38 expanded
[t=0.0249891s, 17964 KB] New best heuristic value for pinch: 33
[t=0.0250529s, 17964 KB] g=28, 506 evaluated, 43 expanded
[t=0.0253614s, 17964 KB] New best heuristic value for pinch: 32
[t=0.0254257s, 17964 KB] g=28, 520 evaluated, 43 expanded
[t=0.0257816s, 17964 KB] New best heuristic value for pinch: 31
[t=0.0258457s, 17964 KB] g=30, 542 evaluated, 48 expanded
[t=0.0260117s, 17964 KB] New best heuristic value for pinch: 30
[t=0.0260737s, 17964 KB] g=30, 551 evaluated, 48 expanded
[t=0.0264865s, 17964 KB] New best heuristic value for pinch: 29
[t=0.0265516s, 17964 KB] g=32, 578 evaluated, 53 expanded
[t=0.0267743s, 17964 KB] New best heuristic value for pinch: 28
[t=0.026836s, 17964 KB] g=32, 592 evaluated, 53 expanded
[t=0.0271914s, 17964 KB] New best heuristic value for pinch: 27
[t=0.0272566s, 17964 KB] g=34, 614 evaluated, 58 expanded
[t=0.0274343s, 17964 KB] New best heuristic value for pinch: 26
[t=0.0274949s, 17964 KB] g=34, 624 evaluated, 58 expanded
[t=0.0279511s, 17964 KB] New best heuristic value for pinch: 24
[t=0.0280151s, 17964 KB] g=36, 656 evaluated, 61 expanded
[t=0.0285167s, 17964 KB] New best heuristic value for pinch: 22
[t=0.0285806s, 17964 KB] g=38, 693 evaluated, 64 expanded
[t=0.0289746s, 17964 KB] New best heuristic value for pinch: 21
[t=0.0290375s, 17964 KB] g=39, 721 evaluated, 65 expanded
[t=0.0295276s, 17964 KB] New best heuristic value for pinch: 20
[t=0.0295917s, 17964 KB] g=41, 757 evaluated, 68 expanded
[t=0.0296979s, 17964 KB] New best heuristic value for pinch: 19
[t=0.0297653s, 17964 KB] g=42, 760 evaluated, 69 expanded
[t=0.0302279s, 17964 KB] New best heuristic value for pinch: 18
[t=0.0302905s, 17964 KB] g=43, 793 evaluated, 72 expanded
[t=0.0304491s, 17964 KB] New best heuristic value for pinch: 17
[t=0.0305096s, 17964 KB] g=44, 801 evaluated, 73 expanded
[t=0.0309278s, 17964 KB] New best heuristic value for pinch: 16
[t=0.0309925s, 17964 KB] g=45, 829 evaluated, 76 expanded
[t=0.0311541s, 17964 KB] New best heuristic value for pinch: 15
[t=0.0312165s, 17964 KB] g=46, 837 evaluated, 77 expanded
[t=0.0316254s, 17964 KB] New best heuristic value for pinch: 14
[t=0.0316901s, 17964 KB] g=47, 865 evaluated, 80 expanded
[t=0.0318472s, 17964 KB] New best heuristic value for pinch: 13
[t=0.0319064s, 17964 KB] g=48, 873 evaluated, 81 expanded
[t=0.0323098s, 17964 KB] New best heuristic value for pinch: 12
[t=0.0323704s, 17964 KB] g=49, 901 evaluated, 84 expanded
[t=0.0325353s, 17964 KB] New best heuristic value for pinch: 11
[t=0.0325981s, 17964 KB] g=50, 909 evaluated, 85 expanded
[t=0.033005s, 17964 KB] New best heuristic value for pinch: 10
[t=0.0330687s, 17964 KB] g=51, 937 evaluated, 88 expanded
[t=0.0332297s, 17964 KB] New best heuristic value for pinch: 9
[t=0.0332905s, 17964 KB] g=52, 945 evaluated, 89 expanded
[t=0.0337089s, 17964 KB] New best heuristic value for pinch: 8
[t=0.0337744s, 17964 KB] g=53, 973 evaluated, 92 expanded
[t=0.0339313s, 17964 KB] New best heuristic value for pinch: 7
[t=0.0339924s, 17964 KB] g=54, 981 evaluated, 93 expanded
[t=0.0343797s, 17964 KB] New best heuristic value for pinch: 6
[t=0.0344438s, 17964 KB] g=55, 1009 evaluated, 94 expanded
[t=0.0347448s, 17964 KB] New best heuristic value for pinch: 5
[t=0.034807s, 17964 KB] g=56, 1017 evaluated, 95 expanded
[t=0.0352074s, 17964 KB] New best heuristic value for pinch: 4
[t=0.0352779s, 17964 KB] g=57, 1045 evaluated, 97 expanded
[t=0.0354909s, 17964 KB] New best heuristic value for pinch: 3
[t=0.0355518s, 17964 KB] g=58, 1058 evaluated, 98 expanded
[t=0.0358732s, 17964 KB] New best heuristic value for pinch: 2
[t=0.0359357s, 17964 KB] g=59, 1081 evaluated, 99 expanded
[t=0.0363377s, 17964 KB] New best heuristic value for pinch: 1
[t=0.0364015s, 17964 KB] g=60, 1110 evaluated, 100 expanded
[t=0.0365562s, 17964 KB] New best heuristic value for pinch: 0
[t=0.0366171s, 17964 KB] g=61, 1117 evaluated, 101 expanded
[t=0.0366775s, 17964 KB] Solution found!
[t=0.0367493s, 17964 KB] Actual search time: 0.0213409s
stop f0 (1)
up f0 f1 (1)
stop f1 (1)
up f1 f18 (1)
stop f18 (1)
down f18 f15 (1)
stop f15 (1)
down f15 f2 (1)
stop f2 (1)
up f2 f20 (1)
stop f20 (1)
down f20 f2 (1)
stop f2 (1)
up f2 f33 (1)
stop f33 (1)
down f33 f21 (1)
stop f21 (1)
down f21 f6 (1)
stop f6 (1)
up f6 f15 (1)
stop f15 (1)
down f15 f7 (1)
stop f7 (1)
down f7 f3 (1)
stop f3 (1)
up f3 f10 (1)
stop f10 (1)
down f10 f4 (1)
stop f4 (1)
up f4 f13 (1)
stop f13 (1)
down f13 f5 (1)
stop f5 (1)
down f5 f0 (1)
stop f0 (1)
up f0 f16 (1)
stop f16 (1)
down f16 f15 (1)
stop f15 (1)
down f15 f7 (1)
stop f7 (1)
up f7 f17 (1)
stop f17 (1)
up f17 f18 (1)
stop f18 (1)
up f18 f20 (1)
stop f20 (1)
up f20 f21 (1)
stop f21 (1)
up f21 f26 (1)
stop f26 (1)
up f26 f27 (1)
stop f27 (1)
down f27 f15 (1)
stop f15 (1)
up f15 f30 (1)
stop f30 (1)
down f30 f2 (1)
stop f2 (1)
up f2 f35 (1)
stop f35 (1)
[t=0.0368126s, 17964 KB] Plan length: 61 step(s).
[t=0.0368126s, 17964 KB] Plan cost: 61
[t=0.0368126s, 17964 KB] Expanded 102 state(s).
[t=0.0368126s, 17964 KB] Reopened 0 state(s).
[t=0.0368126s, 17964 KB] Evaluated 1117 state(s).
[t=0.0368126s, 17964 KB] Evaluations: 1117
[t=0.0368126s, 17964 KB] Generated 3636 state(s).
[t=0.0368126s, 17964 KB] Dead ends: 0 state(s).
[t=0.0368126s, 17964 KB] Number of registered states: 1117
[t=0.0368126s, 17964 KB] Int hash set load factor: 1117/2048 = 0.54541
[t=0.0368126s, 17964 KB] Int hash set resizes: 11
[t=0.0368126s, 17964 KB] mean number of q cost that have been adjusted 0 times in relation to total number of q: -1
[t=0.0368126s, 17964 KB] mean number of q cost that have been adjusted 1 times in relation to total number of q: -1
[t=0.0368126s, 17964 KB] mean number of q cost that have been adjusted 2 times in relation to total number of q: -1
[t=0.0368126s, 17964 KB] mean number of q that are at some point overconsitent in relation to total number of q: -1
[t=0.0368126s, 17964 KB] mean number of q that are at first underconsisten in relation to total number of q: -1
[t=0.0368126s, 17964 KB] mean number of state variables that are not in common between two following states in relation to total number of state variables: -1
[t=0.0368126s, 17964 KB] variance number of state variables that are not in common between two following states in relation to total number of state variables: -1
[t=0.0368126s, 17964 KB] Search time: 0.0219511s
[t=0.0368126s, 17964 KB] Total time: 0.0368126s
Solution found.
Peak memory: 17964 KB
Remove intermediate file output.sas
search exit code: 0

INFO     Running validate.
INFO     validate stdin: None
INFO     validate time limit: None
INFO     validate memory limit: None
INFO     validate command line string: validate domain.pddl problem.pddl sas_plan
