INFO     Running translator.
INFO     translator stdin: None
INFO     translator time limit: 1799.96s
INFO     translator memory limit: 3584 MB
INFO     translator command line string: /infai/weidan00/downward/experiments/bachelor/.venv/bin/python3 /infai/weidan00/downward/experiments/bachelor/data/bachelor-v1/code-7aa5f34_e5e41175/builds/release/bin/translate/translate.py domain.pddl problem.pddl --sas-file output.sas
Parsing...
Parsing: [0.020s CPU, 0.030s wall-clock]
Normalizing task... [0.010s CPU, 0.001s wall-clock]
Instantiating...
Generating Datalog program... [0.010s CPU, 0.015s wall-clock]
Normalizing Datalog program...
Normalizing Datalog program: [0.000s CPU, 0.002s wall-clock]
Preparing model... [0.040s CPU, 0.045s wall-clock]
Generated 6 rules.
Computing model... [0.110s CPU, 0.103s wall-clock]
9969 relevant atoms
3808 auxiliary atoms
13777 final queue length
18259 total queue pushes
Completing instantiation... [0.080s CPU, 0.086s wall-clock]
Instantiating: [0.250s CPU, 0.254s wall-clock]
Computing fact groups...
Finding invariants...
4 initial candidates
Finding invariants: [0.000s CPU, 0.001s wall-clock]
Checking invariant weight... [0.000s CPU, 0.001s wall-clock]
Instantiating groups... [0.000s CPU, 0.002s wall-clock]
Collecting mutex groups... [0.000s CPU, 0.001s wall-clock]
Choosing groups...
784 uncovered facts
Choosing groups: [0.010s CPU, 0.002s wall-clock]
Building translation key... [0.000s CPU, 0.004s wall-clock]
Computing fact groups: [0.020s CPU, 0.028s wall-clock]
Building STRIPS to SAS dictionary... [0.000s CPU, 0.001s wall-clock]
Building dictionary for full mutex groups... [0.010s CPU, 0.001s wall-clock]
Building mutex information...
Building mutex information: [0.000s CPU, 0.001s wall-clock]
Translating task...
Processing axioms...
Simplifying axioms... [0.000s CPU, 0.000s wall-clock]
Processing axioms: [0.000s CPU, 0.005s wall-clock]
Translating task: [0.110s CPU, 0.109s wall-clock]
0 effect conditions simplified
0 implied preconditions added
Detecting unreachable propositions...
0 operators removed
0 axioms removed
3 propositions removed
Detecting unreachable propositions: [0.060s CPU, 0.062s wall-clock]
Reordering and filtering variables...
784 of 784 variables necessary.
0 of 1 mutex groups necessary.
3024 of 3024 operators necessary.
0 of 0 axiom rules necessary.
Reordering and filtering variables: [0.020s CPU, 0.019s wall-clock]
Translator variables: 784
Translator derived variables: 0
Translator facts: 2350
Translator goal facts: 783
Translator mutex groups: 0
Translator total mutex groups size: 0
Translator operators: 3024
Translator axioms: 0
Translator task size: 16009
Translator peak memory: 157388 KB
Writing output... [0.030s CPU, 0.040s wall-clock]
Done! [0.530s CPU, 0.555s wall-clock]
translate exit code: 0

INFO     Running search (release).
INFO     search stdin: output.sas
INFO     search time limit: 1799.36s
INFO     search memory limit: 3584 MB
INFO     search command line string: /infai/weidan00/downward/experiments/bachelor/data/bachelor-v1/code-7aa5f34_e5e41175/builds/release/bin/downward --search 'eager_wastar([pinch_tracking()], w=2)' --internal-plan-file sas_plan < output.sas
[t=6.0226e-05s, 17204 KB] reading input...
[t=0.0207343s, 18420 KB] done reading input!
[t=0.0235751s, 19028 KB] Simplifying 6044 unary operators... done! [6044 unary operators]
[t=0.0261253s, 19556 KB] time to simplify: 0.00278564s
[t=0.0267823s, 19556 KB] Initializing pinch tracking heuristic...
[t=0.0269608s, 19556 KB] Building successor generator...done!
[t=0.0277551s, 19556 KB] peak memory difference for successor generator creation: 0 KB
[t=0.027796s, 19556 KB] time for successor generation creation: 0.000656544s
[t=0.0278669s, 19556 KB] Variables: 784
[t=0.0279071s, 19556 KB] FactPairs: 2350
[t=0.0279467s, 19556 KB] Bytes per state: 100
[t=0.0280774s, 19556 KB] Conducting best first search with reopening closed nodes, (real) bound = 2147483647
[t=0.0287222s, 19556 KB] New best heuristic value for pinch_tracking: 10976
[t=0.0287716s, 19556 KB] g=0, 1 evaluated, 0 expanded
[t=0.0288257s, 19556 KB] Initial heuristic value for pinch_tracking: 10976
[t=0.028873s, 19556 KB] pruning method: none
[t=0.0292717s, 19556 KB] New best heuristic value for pinch_tracking: 10975
[t=0.0293166s, 19556 KB] g=1, 2 evaluated, 1 expanded
[t=0.030613s, 19556 KB] New best heuristic value for pinch_tracking: 10973
[t=0.0306629s, 19556 KB] g=2, 7 evaluated, 2 expanded
[t=0.0322811s, 19556 KB] New best heuristic value for pinch_tracking: 10972
[t=0.0323295s, 19556 KB] g=3, 13 evaluated, 3 expanded
[t=0.0435026s, 19556 KB] New best heuristic value for pinch_tracking: 10971
[t=0.0435615s, 19556 KB] g=5, 57 evaluated, 20 expanded, 1 reopened
[t=0.0441464s, 19556 KB] New best heuristic value for pinch_tracking: 10970
[t=0.0441919s, 19556 KB] g=6, 59 evaluated, 21 expanded, 1 reopened
[t=0.0451319s, 19556 KB] New best heuristic value for pinch_tracking: 10969
[t=0.0451753s, 19556 KB] g=7, 63 evaluated, 22 expanded, 1 reopened
[t=0.0471799s, 19556 KB] New best heuristic value for pinch_tracking: 10968
[t=0.0472284s, 19556 KB] g=9, 71 evaluated, 25 expanded, 1 reopened
[t=0.0501095s, 19556 KB] New best heuristic value for pinch_tracking: 10967
[t=0.050155s, 19556 KB] g=11, 82 evaluated, 30 expanded, 1 reopened
[t=0.0512402s, 19556 KB] New best heuristic value for pinch_tracking: 10966
[t=0.0512909s, 19556 KB] g=12, 86 evaluated, 31 expanded, 1 reopened
[t=0.0521947s, 19556 KB] New best heuristic value for pinch_tracking: 10965
[t=0.0522396s, 19556 KB] g=13, 90 evaluated, 32 expanded, 1 reopened
[t=0.0532396s, 19556 KB] New best heuristic value for pinch_tracking: 10964
[t=0.0532848s, 19556 KB] g=15, 94 evaluated, 35 expanded, 1 reopened
[t=0.0577638s, 19556 KB] New best heuristic value for pinch_tracking: 10963
[t=0.0578144s, 19556 KB] g=15, 112 evaluated, 41 expanded, 1 reopened
[t=0.0600485s, 19556 KB] New best heuristic value for pinch_tracking: 10962
[t=0.0600953s, 19556 KB] g=15, 120 evaluated, 45 expanded, 1 reopened
[t=0.0608633s, 19556 KB] New best heuristic value for pinch_tracking: 10961
[t=0.0609113s, 19556 KB] g=16, 123 evaluated, 46 expanded, 1 reopened
[t=0.0640952s, 19556 KB] New best heuristic value for pinch_tracking: 10960
[t=0.0641471s, 19556 KB] g=18, 135 evaluated, 50 expanded, 1 reopened
[t=0.0673623s, 19556 KB] New best heuristic value for pinch_tracking: 10959
[t=0.0674117s, 19556 KB] g=20, 147 evaluated, 55 expanded, 1 reopened
[t=0.0681161s, 19556 KB] New best heuristic value for pinch_tracking: 10958
[t=0.0681586s, 19556 KB] g=21, 150 evaluated, 56 expanded, 1 reopened
[t=0.0690273s, 19556 KB] New best heuristic value for pinch_tracking: 10957
[t=0.0690713s, 19556 KB] g=22, 154 evaluated, 57 expanded, 1 reopened
[t=0.0703546s, 19556 KB] New best heuristic value for pinch_tracking: 10956
[t=0.0704022s, 19556 KB] g=24, 159 evaluated, 60 expanded, 1 reopened
[t=2.6195s, 21292 KB] New best heuristic value for pinch_tracking: 10954
[t=2.61961s, 21292 KB] g=14, 10685 evaluated, 18358 expanded, 12897 reopened
[t=2.62031s, 21292 KB] New best heuristic value for pinch_tracking: 10953
[t=2.62036s, 21292 KB] g=15, 10687 evaluated, 18359 expanded, 12897 reopened
[t=2.62106s, 21292 KB] New best heuristic value for pinch_tracking: 10952
[t=2.6211s, 21292 KB] g=16, 10690 evaluated, 18360 expanded, 12897 reopened
[t=2.62625s, 21292 KB] New best heuristic value for pinch_tracking: 10950
[t=2.6263s, 21292 KB] g=20, 10711 evaluated, 18371 expanded, 12897 reopened
[t=2.63264s, 21292 KB] New best heuristic value for pinch_tracking: 10949
[t=2.63268s, 21292 KB] g=18, 10737 evaluated, 18385 expanded, 12897 reopened
[t=2.63862s, 21292 KB] New best heuristic value for pinch_tracking: 10947
[t=2.63866s, 21292 KB] g=20, 10760 evaluated, 18397 expanded, 12897 reopened
[t=2.63938s, 21292 KB] New best heuristic value for pinch_tracking: 10946
[t=2.63942s, 21292 KB] g=21, 10763 evaluated, 18398 expanded, 12897 reopened
[t=2.64512s, 21292 KB] New best heuristic value for pinch_tracking: 10944
[t=2.64517s, 21292 KB] g=23, 10785 evaluated, 18410 expanded, 12897 reopened
[t=40.0986s, 49656 KB] New best heuristic value for pinch_tracking: 10942
[t=40.0987s, 49656 KB] g=18, 149027 evaluated, 261423 expanded, 181490 reopened
[t=40.0995s, 49656 KB] New best heuristic value for pinch_tracking: 10941
[t=40.0995s, 49656 KB] g=19, 149030 evaluated, 261424 expanded, 181490 reopened
[t=40.1005s, 49656 KB] New best heuristic value for pinch_tracking: 10940
[t=40.1005s, 49656 KB] g=20, 149034 evaluated, 261425 expanded, 181490 reopened
[t=40.1073s, 49656 KB] New best heuristic value for pinch_tracking: 10938
[t=40.1073s, 49656 KB] g=24, 149059 evaluated, 261440 expanded, 181490 reopened
[t=40.1154s, 49656 KB] New best heuristic value for pinch_tracking: 10936
[t=40.1154s, 49656 KB] g=28, 149090 evaluated, 261457 expanded, 181490 reopened
[t=40.1164s, 49656 KB] New best heuristic value for pinch_tracking: 10935
[t=40.1164s, 49656 KB] g=29, 149093 evaluated, 261458 expanded, 181490 reopened
[t=40.1175s, 49656 KB] New best heuristic value for pinch_tracking: 10934
[t=40.1176s, 49656 KB] g=30, 149097 evaluated, 261459 expanded, 181490 reopened
[t=40.1252s, 49656 KB] New best heuristic value for pinch_tracking: 10932
[t=40.1253s, 49656 KB] g=34, 149124 evaluated, 261474 expanded, 181490 reopened
[t=40.1344s, 49656 KB] New best heuristic value for pinch_tracking: 10931
[t=40.1345s, 49656 KB] g=34, 149157 evaluated, 261492 expanded, 181490 reopened
[t=40.1422s, 49656 KB] New best heuristic value for pinch_tracking: 10929
[t=40.1423s, 49656 KB] g=34, 149187 evaluated, 261508 expanded, 181490 reopened
[t=40.1432s, 49656 KB] New best heuristic value for pinch_tracking: 10928
[t=40.1433s, 49656 KB] g=35, 149190 evaluated, 261509 expanded, 181490 reopened
[t=40.1509s, 49656 KB] New best heuristic value for pinch_tracking: 10926
[t=40.1509s, 49656 KB] g=39, 149218 evaluated, 261525 expanded, 181490 reopened
[t=40.1592s, 49656 KB] New best heuristic value for pinch_tracking: 10924
[t=40.1593s, 49656 KB] g=43, 149249 evaluated, 261542 expanded, 181490 reopened
[t=40.1602s, 49656 KB] New best heuristic value for pinch_tracking: 10923
[t=40.1603s, 49656 KB] g=44, 149252 evaluated, 261543 expanded, 181490 reopened
[t=40.1617s, 49656 KB] New best heuristic value for pinch_tracking: 10922
[t=40.1618s, 49656 KB] g=45, 149257 evaluated, 261544 expanded, 181490 reopened
[t=40.1686s, 49656 KB] New best heuristic value for pinch_tracking: 10920
[t=40.1687s, 49656 KB] g=49, 149282 evaluated, 261559 expanded, 181490 reopened
Peak memory: 1266876 KB
caught signal 24 -- exiting
Time limit has been reached.
Remove intermediate file output.sas
search exit code: 23

Driver aborting after search
