INFO     Running translator.
INFO     translator stdin: None
INFO     translator time limit: 1799.96s
INFO     translator memory limit: 3584 MB
INFO     translator command line string: /infai/weidan00/downward/experiments/bachelor/.venv/bin/python3 /infai/weidan00/downward/experiments/bachelor/data/bachelor-v1/code-7aa5f34_e5e41175/builds/release/bin/translate/translate.py domain.pddl problem.pddl --sas-file output.sas
Parsing...
Parsing: [0.010s CPU, 0.007s wall-clock]
Normalizing task... [0.000s CPU, 0.001s wall-clock]
Instantiating...
Generating Datalog program... [0.000s CPU, 0.005s wall-clock]
Normalizing Datalog program...
Normalizing Datalog program: [0.010s CPU, 0.003s wall-clock]
Preparing model... [0.000s CPU, 0.010s wall-clock]
Generated 90 rules.
Computing model... [0.040s CPU, 0.037s wall-clock]
2525 relevant atoms
1690 auxiliary atoms
4215 final queue length
5539 total queue pushes
Completing instantiation... [0.040s CPU, 0.030s wall-clock]
Instantiating: [0.090s CPU, 0.085s wall-clock]
Computing fact groups...
Finding invariants...
22 initial candidates
Finding invariants: [0.000s CPU, 0.001s wall-clock]
Checking invariant weight... [0.000s CPU, 0.000s wall-clock]
Instantiating groups... [0.000s CPU, 0.000s wall-clock]
Collecting mutex groups... [0.000s CPU, 0.000s wall-clock]
Choosing groups...
277 uncovered facts
Choosing groups: [0.000s CPU, 0.000s wall-clock]
Building translation key... [0.000s CPU, 0.001s wall-clock]
Computing fact groups: [0.010s CPU, 0.006s wall-clock]
Building STRIPS to SAS dictionary... [0.000s CPU, 0.000s wall-clock]
Building dictionary for full mutex groups... [0.000s CPU, 0.000s wall-clock]
Building mutex information...
Building mutex information: [0.000s CPU, 0.000s wall-clock]
Translating task...
Processing axioms...
Simplifying axioms... [0.000s CPU, 0.000s wall-clock]
Processing axioms: [0.000s CPU, 0.002s wall-clock]
Translating task: [0.030s CPU, 0.039s wall-clock]
371 effect conditions simplified
0 implied preconditions added
Detecting unreachable propositions...
0 operators removed
0 axioms removed
1 propositions removed
Detecting unreachable propositions: [0.020s CPU, 0.019s wall-clock]
Reordering and filtering variables...
178 of 278 variables necessary.
0 of 1 mutex groups necessary.
951 of 972 operators necessary.
0 of 0 axiom rules necessary.
Reordering and filtering variables: [0.010s CPU, 0.009s wall-clock]
Translator variables: 178
Translator derived variables: 0
Translator facts: 372
Translator goal facts: 16
Translator mutex groups: 0
Translator total mutex groups size: 0
Translator operators: 951
Translator axioms: 0
Translator task size: 5201
Translator peak memory: 146892 KB
Writing output... [0.010s CPU, 0.013s wall-clock]
Done! [0.180s CPU, 0.182s wall-clock]
translate exit code: 0

INFO     Running search (release).
INFO     search stdin: output.sas
INFO     search time limit: 1799.73s
INFO     search memory limit: 3584 MB
INFO     search command line string: /infai/weidan00/downward/experiments/bachelor/data/bachelor-v1/code-7aa5f34_e5e41175/builds/release/bin/downward --search 'eager_wastar([pinch()], w=2)' --internal-plan-file sas_plan < output.sas
[t=5.6371e-05s, 17204 KB] reading input...
[t=0.00588732s, 17544 KB] done reading input!
[t=0.0079286s, 17948 KB] Simplifying 1866 unary operators... done! [1855 unary operators]
[t=0.00892937s, 18080 KB] time to simplify: 0.00109128s
[t=0.00917583s, 18080 KB] Initializing pinch heuristic...
[t=0.00930218s, 18080 KB] Building successor generator...done!
[t=0.00983534s, 18080 KB] peak memory difference for successor generator creation: 0 KB
[t=0.00987502s, 18080 KB] time for successor generation creation: 0.000398462s
[t=0.00992559s, 18080 KB] Variables: 178
[t=0.00996593s, 18080 KB] FactPairs: 372
[t=0.0100055s, 18080 KB] Bytes per state: 24
[t=0.010124s, 18080 KB] Conducting best first search with reopening closed nodes, (real) bound = 2147483647
[t=0.010403s, 18080 KB] New best heuristic value for pinch: 331
[t=0.0104474s, 18080 KB] g=0, 1 evaluated, 0 expanded
[t=0.0104967s, 18080 KB] Initial heuristic value for pinch: 331
[t=0.0105375s, 18080 KB] pruning method: none
[t=0.0106778s, 18080 KB] New best heuristic value for pinch: 321
[t=0.0107196s, 18080 KB] g=1, 6 evaluated, 1 expanded
[t=0.0108947s, 18080 KB] New best heuristic value for pinch: 319
[t=0.0109364s, 18080 KB] g=1, 12 evaluated, 1 expanded
[t=0.0111589s, 18080 KB] New best heuristic value for pinch: 317
[t=0.0112019s, 18080 KB] g=1, 25 evaluated, 1 expanded
[t=0.0115296s, 18080 KB] New best heuristic value for pinch: 316
[t=0.0115748s, 18080 KB] g=2, 40 evaluated, 2 expanded
[t=0.0116586s, 18080 KB] New best heuristic value for pinch: 307
[t=0.0117003s, 18080 KB] g=2, 44 evaluated, 2 expanded
[t=0.0118675s, 18080 KB] New best heuristic value for pinch: 305
[t=0.0119095s, 18080 KB] g=2, 50 evaluated, 2 expanded
[t=0.0122268s, 18080 KB] New best heuristic value for pinch: 302
[t=0.0122693s, 18080 KB] g=2, 63 evaluated, 2 expanded
[t=0.0125975s, 18080 KB] New best heuristic value for pinch: 301
[t=0.0126414s, 18080 KB] g=3, 78 evaluated, 3 expanded
[t=0.0127234s, 18080 KB] New best heuristic value for pinch: 293
[t=0.0127728s, 18080 KB] g=3, 82 evaluated, 3 expanded
[t=0.0129362s, 18080 KB] New best heuristic value for pinch: 290
[t=0.0129785s, 18080 KB] g=3, 88 evaluated, 3 expanded
[t=0.013336s, 18080 KB] New best heuristic value for pinch: 285
[t=0.0133798s, 18080 KB] g=3, 113 evaluated, 3 expanded
[t=0.0135162s, 18080 KB] New best heuristic value for pinch: 284
[t=0.0135588s, 18080 KB] g=4, 115 evaluated, 4 expanded
[t=0.0136405s, 18080 KB] New best heuristic value for pinch: 279
[t=0.0136885s, 18080 KB] g=4, 119 evaluated, 4 expanded
[t=0.0137788s, 18080 KB] New best heuristic value for pinch: 274
[t=0.0138194s, 18080 KB] g=4, 121 evaluated, 4 expanded
[t=0.0139288s, 18080 KB] New best heuristic value for pinch: 273
[t=0.0139693s, 18080 KB] g=4, 125 evaluated, 4 expanded
[t=0.0144272s, 18080 KB] New best heuristic value for pinch: 266
[t=0.0144704s, 18080 KB] g=4, 150 evaluated, 4 expanded
[t=0.0146106s, 18080 KB] New best heuristic value for pinch: 265
[t=0.0146537s, 18080 KB] g=5, 152 evaluated, 5 expanded
[t=0.0147356s, 18080 KB] New best heuristic value for pinch: 262
[t=0.0147766s, 18080 KB] g=5, 156 evaluated, 5 expanded
[t=0.0148654s, 18080 KB] New best heuristic value for pinch: 255
[t=0.0149062s, 18080 KB] g=5, 158 evaluated, 5 expanded
[t=0.0150149s, 18080 KB] New best heuristic value for pinch: 254
[t=0.0150557s, 18080 KB] g=5, 162 evaluated, 5 expanded
[t=0.0155063s, 18080 KB] New best heuristic value for pinch: 247
[t=0.0155501s, 18080 KB] g=5, 188 evaluated, 5 expanded
[t=0.0156322s, 18080 KB] New best heuristic value for pinch: 246
[t=0.0156736s, 18080 KB] g=6, 189 evaluated, 6 expanded
[t=0.0157545s, 18080 KB] New best heuristic value for pinch: 243
[t=0.0157956s, 18080 KB] g=6, 193 evaluated, 6 expanded
[t=0.0158851s, 18080 KB] New best heuristic value for pinch: 236
[t=0.0159257s, 18080 KB] g=6, 195 evaluated, 6 expanded
[t=0.0160364s, 18080 KB] New best heuristic value for pinch: 235
[t=0.0160773s, 18080 KB] g=6, 199 evaluated, 6 expanded
[t=0.0168818s, 18080 KB] New best heuristic value for pinch: 234
[t=0.0169269s, 18080 KB] g=7, 235 evaluated, 7 expanded
[t=0.0170093s, 18080 KB] New best heuristic value for pinch: 231
[t=0.0170506s, 18080 KB] g=7, 239 evaluated, 7 expanded
[t=0.0171396s, 18080 KB] New best heuristic value for pinch: 223
[t=0.0171807s, 18080 KB] g=7, 241 evaluated, 7 expanded
[t=0.0173758s, 18080 KB] New best heuristic value for pinch: 222
[t=0.0174175s, 18080 KB] g=7, 245 evaluated, 7 expanded
[t=0.0182389s, 18080 KB] New best heuristic value for pinch: 221
[t=0.0182957s, 18080 KB] g=8, 281 evaluated, 8 expanded
[t=0.0183801s, 18080 KB] New best heuristic value for pinch: 219
[t=0.0184218s, 18080 KB] g=8, 285 evaluated, 8 expanded
[t=0.0185119s, 18080 KB] New best heuristic value for pinch: 210
[t=0.0185532s, 18080 KB] g=8, 287 evaluated, 8 expanded
[t=0.0186919s, 18080 KB] New best heuristic value for pinch: 209
[t=0.0187329s, 18080 KB] g=8, 294 evaluated, 8 expanded
[t=0.0194375s, 18080 KB] New best heuristic value for pinch: 208
[t=0.0194828s, 18080 KB] g=9, 326 evaluated, 9 expanded
[t=0.0195666s, 18080 KB] New best heuristic value for pinch: 207
[t=0.0196082s, 18080 KB] g=9, 330 evaluated, 9 expanded
[t=0.0196976s, 18080 KB] New best heuristic value for pinch: 197
[t=0.0197383s, 18080 KB] g=9, 332 evaluated, 9 expanded
[t=0.0199431s, 18080 KB] New best heuristic value for pinch: 196
[t=0.019985s, 18080 KB] g=9, 339 evaluated, 9 expanded
[t=0.0206857s, 18080 KB] New best heuristic value for pinch: 195
[t=0.0207316s, 18080 KB] g=10, 371 evaluated, 10 expanded
[t=0.0208144s, 18080 KB] New best heuristic value for pinch: 194
[t=0.0208561s, 18080 KB] g=10, 375 evaluated, 10 expanded
[t=0.0209457s, 18080 KB] New best heuristic value for pinch: 184
[t=0.0209861s, 18080 KB] g=10, 377 evaluated, 10 expanded
[t=0.021601s, 18080 KB] New best heuristic value for pinch: 183
[t=0.0216452s, 18080 KB] g=10, 407 evaluated, 10 expanded
[t=0.0218478s, 18080 KB] New best heuristic value for pinch: 182
[t=0.0218909s, 18080 KB] g=11, 416 evaluated, 11 expanded
[t=0.0219793s, 18080 KB] New best heuristic value for pinch: 181
[t=0.0220209s, 18080 KB] g=11, 420 evaluated, 11 expanded
[t=0.0221103s, 18080 KB] New best heuristic value for pinch: 170
[t=0.0221509s, 18080 KB] g=11, 422 evaluated, 11 expanded
[t=0.0230691s, 18080 KB] New best heuristic value for pinch: 169
[t=0.0231159s, 18080 KB] g=12, 462 evaluated, 12 expanded
[t=0.0231987s, 18080 KB] New best heuristic value for pinch: 168
[t=0.0232403s, 18080 KB] g=12, 466 evaluated, 12 expanded
[t=0.0233906s, 18080 KB] New best heuristic value for pinch: 155
[t=0.0234315s, 18080 KB] g=12, 468 evaluated, 12 expanded
[t=0.0243752s, 18080 KB] New best heuristic value for pinch: 154
[t=0.0244208s, 18080 KB] g=13, 509 evaluated, 13 expanded
[t=0.0245988s, 18080 KB] New best heuristic value for pinch: 150
[t=0.0246417s, 18080 KB] g=13, 515 evaluated, 13 expanded
[t=0.0250981s, 18080 KB] New best heuristic value for pinch: 148
[t=0.0251408s, 18080 KB] g=13, 534 evaluated, 13 expanded
[t=0.0255123s, 18080 KB] New best heuristic value for pinch: 146
[t=0.0255558s, 18080 KB] g=13, 547 evaluated, 13 expanded
[t=0.0256639s, 18080 KB] New best heuristic value for pinch: 144
[t=0.0257063s, 18080 KB] g=13, 552 evaluated, 13 expanded
[t=0.0258338s, 18080 KB] New best heuristic value for pinch: 143
[t=0.0258782s, 18080 KB] g=14, 556 evaluated, 14 expanded
[t=0.0260103s, 18080 KB] New best heuristic value for pinch: 139
[t=0.0260533s, 18080 KB] g=14, 562 evaluated, 14 expanded
[t=0.0265516s, 18080 KB] New best heuristic value for pinch: 137
[t=0.0265959s, 18080 KB] g=14, 581 evaluated, 14 expanded
[t=0.0269836s, 18080 KB] New best heuristic value for pinch: 135
[t=0.0270277s, 18080 KB] g=14, 594 evaluated, 14 expanded
[t=0.0272081s, 18080 KB] New best heuristic value for pinch: 134
[t=0.027251s, 18080 KB] g=15, 603 evaluated, 15 expanded
[t=0.0274362s, 18080 KB] New best heuristic value for pinch: 132
[t=0.027478s, 18080 KB] g=15, 609 evaluated, 15 expanded
[t=0.0275636s, 18080 KB] New best heuristic value for pinch: 130
[t=0.0276128s, 18080 KB] g=15, 610 evaluated, 15 expanded
[t=0.0281116s, 18080 KB] New best heuristic value for pinch: 128
[t=0.0281561s, 18080 KB] g=15, 629 evaluated, 15 expanded
[t=0.028559s, 18080 KB] New best heuristic value for pinch: 127
[t=0.028604s, 18080 KB] g=15, 643 evaluated, 15 expanded
[t=0.0287613s, 18080 KB] New best heuristic value for pinch: 126
[t=0.0288043s, 18080 KB] g=16, 650 evaluated, 16 expanded
[t=0.0289912s, 18080 KB] New best heuristic value for pinch: 124
[t=0.0290331s, 18080 KB] g=16, 656 evaluated, 16 expanded
[t=0.0291121s, 18080 KB] New best heuristic value for pinch: 122
[t=0.0291532s, 18080 KB] g=16, 657 evaluated, 16 expanded
[t=0.0296077s, 18080 KB] New best heuristic value for pinch: 120
[t=0.0296506s, 18080 KB] g=16, 676 evaluated, 16 expanded
[t=0.0301256s, 18080 KB] New best heuristic value for pinch: 119
[t=0.0301699s, 18080 KB] g=17, 697 evaluated, 17 expanded
[t=0.0303591s, 18080 KB] New best heuristic value for pinch: 117
[t=0.0304019s, 18080 KB] g=17, 703 evaluated, 17 expanded
[t=0.0304789s, 18080 KB] New best heuristic value for pinch: 115
[t=0.03052s, 18080 KB] g=17, 704 evaluated, 17 expanded
[t=0.0309958s, 18080 KB] New best heuristic value for pinch: 113
[t=0.0310383s, 18080 KB] g=17, 723 evaluated, 17 expanded
[t=0.0315233s, 18080 KB] New best heuristic value for pinch: 112
[t=0.0315682s, 18080 KB] g=18, 744 evaluated, 18 expanded
[t=0.0317457s, 18080 KB] New best heuristic value for pinch: 110
[t=0.0317878s, 18080 KB] g=18, 750 evaluated, 18 expanded
[t=0.0318644s, 18080 KB] New best heuristic value for pinch: 108
[t=0.0319053s, 18080 KB] g=18, 751 evaluated, 18 expanded
[t=0.0327307s, 18080 KB] New best heuristic value for pinch: 107
[t=0.0327763s, 18080 KB] g=19, 790 evaluated, 19 expanded
[t=0.0329479s, 18080 KB] New best heuristic value for pinch: 105
[t=0.0329902s, 18080 KB] g=19, 796 evaluated, 19 expanded
[t=0.0330465s, 18080 KB] New best heuristic value for pinch: 103
[t=0.0330876s, 18080 KB] g=19, 797 evaluated, 19 expanded
[t=0.0338811s, 18080 KB] New best heuristic value for pinch: 102
[t=0.0339268s, 18080 KB] g=20, 836 evaluated, 20 expanded
[t=0.0341037s, 18080 KB] New best heuristic value for pinch: 100
[t=0.0341462s, 18080 KB] g=20, 842 evaluated, 20 expanded
[t=0.0349878s, 18080 KB] New best heuristic value for pinch: 99
[t=0.035042s, 18080 KB] g=21, 884 evaluated, 21 expanded
[t=0.0355681s, 18080 KB] New best heuristic value for pinch: 98
[t=0.0356121s, 18080 KB] g=21, 914 evaluated, 21 expanded
[t=0.0356629s, 18080 KB] New best heuristic value for pinch: 97
[t=0.0357039s, 18080 KB] g=21, 915 evaluated, 21 expanded
[t=0.0361421s, 18080 KB] New best heuristic value for pinch: 96
[t=0.0361879s, 18080 KB] g=22, 933 evaluated, 22 expanded
[t=0.0366865s, 18080 KB] New best heuristic value for pinch: 95
[t=0.0367292s, 18080 KB] g=22, 963 evaluated, 22 expanded
[t=0.0368225s, 18080 KB] New best heuristic value for pinch: 94
[t=0.0368633s, 18080 KB] g=22, 964 evaluated, 22 expanded
[t=0.0372922s, 18080 KB] New best heuristic value for pinch: 93
[t=0.0373363s, 18080 KB] g=23, 982 evaluated, 23 expanded
[t=0.0378487s, 18080 KB] New best heuristic value for pinch: 92
[t=0.0378928s, 18080 KB] g=23, 1012 evaluated, 23 expanded
[t=0.0384282s, 18080 KB] New best heuristic value for pinch: 91
[t=0.0384737s, 18080 KB] g=24, 1031 evaluated, 24 expanded
[t=0.0389908s, 18080 KB] New best heuristic value for pinch: 90
[t=0.0390351s, 18080 KB] g=24, 1061 evaluated, 24 expanded
[t=0.0394556s, 18080 KB] New best heuristic value for pinch: 89
[t=0.0395s, 18080 KB] g=25, 1080 evaluated, 25 expanded
[t=0.0403415s, 18080 KB] New best heuristic value for pinch: 88
[t=0.0403874s, 18080 KB] g=26, 1129 evaluated, 26 expanded
[t=0.0412284s, 18080 KB] New best heuristic value for pinch: 87
[t=0.0412743s, 18080 KB] g=27, 1181 evaluated, 27 expanded
[t=0.0421054s, 18080 KB] New best heuristic value for pinch: 86
[t=0.0421512s, 18080 KB] g=28, 1229 evaluated, 28 expanded
[t=0.0429221s, 18080 KB] New best heuristic value for pinch: 85
[t=0.0429679s, 18080 KB] g=29, 1277 evaluated, 29 expanded
[t=0.0437317s, 18080 KB] New best heuristic value for pinch: 84
[t=0.043778s, 18080 KB] g=30, 1324 evaluated, 30 expanded
[t=0.0444837s, 18080 KB] New best heuristic value for pinch: 83
[t=0.0445289s, 18080 KB] g=31, 1372 evaluated, 31 expanded
[t=0.0452354s, 18080 KB] New best heuristic value for pinch: 82
[t=0.0452802s, 18080 KB] g=32, 1419 evaluated, 32 expanded
[t=0.0459583s, 18080 KB] New best heuristic value for pinch: 81
[t=0.046003s, 18080 KB] g=33, 1469 evaluated, 33 expanded
[t=0.0466525s, 18080 KB] New best heuristic value for pinch: 80
[t=0.0466976s, 18080 KB] g=34, 1515 evaluated, 34 expanded
[t=0.0473402s, 18080 KB] New best heuristic value for pinch: 79
[t=0.0473843s, 18080 KB] g=35, 1569 evaluated, 35 expanded
[t=0.0479704s, 18080 KB] New best heuristic value for pinch: 78
[t=0.0480156s, 18080 KB] g=36, 1614 evaluated, 36 expanded
[t=0.0485769s, 18080 KB] New best heuristic value for pinch: 77
[t=0.0486221s, 18080 KB] g=37, 1660 evaluated, 37 expanded
[t=0.0492255s, 18080 KB] New best heuristic value for pinch: 76
[t=0.0492703s, 18080 KB] g=38, 1705 evaluated, 38 expanded
[t=0.0500365s, 18080 KB] New best heuristic value for pinch: 75
[t=0.0500824s, 18080 KB] g=39, 1761 evaluated, 39 expanded
[t=0.0507548s, 18080 KB] New best heuristic value for pinch: 74
[t=0.0508009s, 18080 KB] g=40, 1808 evaluated, 40 expanded
[t=0.0514713s, 18080 KB] New best heuristic value for pinch: 73
[t=0.0515172s, 18080 KB] g=41, 1854 evaluated, 41 expanded
[t=0.0522028s, 18080 KB] New best heuristic value for pinch: 72
[t=0.0522476s, 18080 KB] g=42, 1904 evaluated, 42 expanded
[t=0.0530809s, 18080 KB] New best heuristic value for pinch: 71
[t=0.0531279s, 18080 KB] g=43, 1952 evaluated, 43 expanded
[t=0.0539483s, 18080 KB] New best heuristic value for pinch: 70
[t=0.0539938s, 18080 KB] g=44, 2010 evaluated, 44 expanded
[t=0.0547329s, 18080 KB] New best heuristic value for pinch: 69
[t=0.0547794s, 18080 KB] g=45, 2062 evaluated, 45 expanded
[t=0.0552736s, 18080 KB] New best heuristic value for pinch: 68
[t=0.0553185s, 18080 KB] g=46, 2096 evaluated, 46 expanded
[t=0.0554051s, 18080 KB] New best heuristic value for pinch: 66
[t=0.0554469s, 18080 KB] g=46, 2100 evaluated, 46 expanded
[t=0.0556241s, 18080 KB] New best heuristic value for pinch: 64
[t=0.0556656s, 18080 KB] g=46, 2110 evaluated, 46 expanded
[t=0.0560079s, 18080 KB] New best heuristic value for pinch: 63
[t=0.0560512s, 18080 KB] g=47, 2133 evaluated, 47 expanded
[t=0.0562932s, 18080 KB] New best heuristic value for pinch: 61
[t=0.0563356s, 18080 KB] g=47, 2148 evaluated, 47 expanded
[t=0.0568004s, 18080 KB] New best heuristic value for pinch: 60
[t=0.0568445s, 18080 KB] g=48, 2180 evaluated, 48 expanded
[t=0.0571396s, 18080 KB] New best heuristic value for pinch: 58
[t=0.0571865s, 18080 KB] g=48, 2199 evaluated, 48 expanded
[t=0.0574274s, 18080 KB] New best heuristic value for pinch: 57
[t=0.0574709s, 18080 KB] g=49, 2212 evaluated, 49 expanded
[t=0.0579348s, 18080 KB] New best heuristic value for pinch: 56
[t=0.0579783s, 18080 KB] g=49, 2243 evaluated, 49 expanded
[t=0.0582326s, 18080 KB] New best heuristic value for pinch: 55
[t=0.0582762s, 18080 KB] g=50, 2260 evaluated, 50 expanded
[t=0.0591459s, 18080 KB] New best heuristic value for pinch: 54
[t=0.0591921s, 18080 KB] g=51, 2325 evaluated, 51 expanded
[t=0.0594193s, 18080 KB] New best heuristic value for pinch: 53
[t=0.0594653s, 18080 KB] g=51, 2338 evaluated, 51 expanded
[t=0.059969s, 18080 KB] New best heuristic value for pinch: 52
[t=0.0600184s, 18080 KB] g=52, 2376 evaluated, 52 expanded
[t=0.0609571s, 18080 KB] New best heuristic value for pinch: 51
[t=0.0610061s, 18080 KB] g=53, 2451 evaluated, 53 expanded
[t=0.0612266s, 18080 KB] New best heuristic value for pinch: 49
[t=0.0612728s, 18080 KB] g=54, 2465 evaluated, 54 expanded
[t=0.0623751s, 18080 KB] New best heuristic value for pinch: 48
[t=0.0624242s, 18080 KB] g=55, 2558 evaluated, 55 expanded
[t=0.0630452s, 18080 KB] New best heuristic value for pinch: 47
[t=0.0630932s, 18080 KB] g=56, 2606 evaluated, 56 expanded
[t=0.0638568s, 18080 KB] New best heuristic value for pinch: 46
[t=0.0639019s, 18080 KB] g=57, 2672 evaluated, 57 expanded
[t=0.0641801s, 18080 KB] New best heuristic value for pinch: 45
[t=0.0642336s, 18080 KB] g=58, 2692 evaluated, 58 expanded
[t=0.0653838s, 18080 KB] New best heuristic value for pinch: 44
[t=0.0654333s, 18080 KB] g=59, 2793 evaluated, 59 expanded
[t=0.0661654s, 18080 KB] New best heuristic value for pinch: 43
[t=0.0662109s, 18080 KB] g=60, 2856 evaluated, 60 expanded
[t=0.0671275s, 18080 KB] New best heuristic value for pinch: 42
[t=0.0671731s, 18080 KB] g=61, 2938 evaluated, 61 expanded
[t=0.0675892s, 18080 KB] New best heuristic value for pinch: 41
[t=0.0676332s, 18080 KB] g=62, 2969 evaluated, 62 expanded
[t=0.0685477s, 18080 KB] New best heuristic value for pinch: 40
[t=0.068593s, 18080 KB] g=63, 3051 evaluated, 63 expanded
[t=0.0694964s, 18188 KB] New best heuristic value for pinch: 39
[t=0.0695572s, 18188 KB] g=64, 3132 evaluated, 64 expanded
[t=0.0703085s, 18188 KB] New best heuristic value for pinch: 38
[t=0.0703542s, 18188 KB] g=65, 3198 evaluated, 65 expanded
[t=0.0806394s, 18188 KB] New best heuristic value for pinch: 37
[t=0.0806969s, 18188 KB] g=67, 4240 evaluated, 84 expanded
[t=0.0815255s, 18188 KB] New best heuristic value for pinch: 36
[t=0.0815721s, 18188 KB] g=68, 4310 evaluated, 85 expanded
[t=0.0823189s, 18188 KB] New best heuristic value for pinch: 35
[t=0.0823698s, 18188 KB] g=69, 4375 evaluated, 86 expanded
[t=0.0831424s, 18188 KB] New best heuristic value for pinch: 34
[t=0.0831913s, 18188 KB] g=70, 4439 evaluated, 87 expanded
[t=0.0838756s, 18188 KB] New best heuristic value for pinch: 33
[t=0.0839208s, 18188 KB] g=71, 4491 evaluated, 88 expanded
[t=0.085562s, 18188 KB] New best heuristic value for pinch: 32
[t=0.0856122s, 18188 KB] g=72, 4632 evaluated, 90 expanded
[t=0.533767s, 20964 KB] New best heuristic value for pinch: 31
[t=0.533879s, 20964 KB] g=76, 54375 evaluated, 1264 expanded
[t=0.546135s, 21992 KB] New best heuristic value for pinch: 30
[t=0.546205s, 21992 KB] g=77, 55295 evaluated, 1288 expanded
[t=4.68201s, 49828 KB] New best heuristic value for pinch: 29
[t=4.68212s, 49828 KB] g=81, 524437 evaluated, 12996 expanded
Failed to allocate memory.
Memory limit has been reached.
Peak memory: 2924792 KB
Remove intermediate file output.sas
search exit code: 22

Driver aborting after search
