INFO     Running translator.
INFO     translator stdin: None
INFO     translator time limit: 1799.95s
INFO     translator memory limit: 3584 MB
INFO     translator command line string: /infai/weidan00/downward/experiments/bachelor/.venv/bin/python3 /infai/weidan00/downward/experiments/bachelor/data/bachelor-v1/code-7aa5f34_e5e41175/builds/release/bin/translate/translate.py domain.pddl problem.pddl --sas-file output.sas
Parsing...
Parsing: [0.010s CPU, 0.006s wall-clock]
Normalizing task... [0.000s CPU, 0.000s wall-clock]
Instantiating...
Generating Datalog program... [0.000s CPU, 0.001s wall-clock]
Normalizing Datalog program...
Normalizing Datalog program: [0.010s CPU, 0.016s wall-clock]
Preparing model... [0.010s CPU, 0.008s wall-clock]
Generated 126 rules.
Computing model... [0.430s CPU, 0.441s wall-clock]
17088 relevant atoms
13758 auxiliary atoms
30846 final queue length
95346 total queue pushes
Completing instantiation... [1.570s CPU, 1.568s wall-clock]
Instantiating: [2.030s CPU, 2.048s wall-clock]
Computing fact groups...
Finding invariants...
22 initial candidates
Finding invariants: [0.050s CPU, 0.055s wall-clock]
Checking invariant weight... [0.000s CPU, 0.001s wall-clock]
Instantiating groups... [0.010s CPU, 0.007s wall-clock]
Collecting mutex groups... [0.000s CPU, 0.001s wall-clock]
Choosing groups...
110 uncovered facts
Choosing groups: [0.010s CPU, 0.002s wall-clock]
Building translation key... [0.000s CPU, 0.002s wall-clock]
Computing fact groups: [0.070s CPU, 0.073s wall-clock]
Building STRIPS to SAS dictionary... [0.000s CPU, 0.001s wall-clock]
Building dictionary for full mutex groups... [0.000s CPU, 0.001s wall-clock]
Building mutex information...
Building mutex information: [0.000s CPU, 0.001s wall-clock]
Translating task...
Processing axioms...
Simplifying axioms... [0.000s CPU, 0.000s wall-clock]
Processing axioms: [0.080s CPU, 0.074s wall-clock]
Translating task: [1.260s CPU, 1.262s wall-clock]
5376 effect conditions simplified
0 implied preconditions added
Detecting unreachable propositions...
0 operators removed
0 axioms removed
57 propositions removed
Detecting unreachable propositions: [0.640s CPU, 0.650s wall-clock]
Reordering and filtering variables...
141 of 163 variables necessary.
5 of 58 mutex groups necessary.
15392 of 15392 operators necessary.
0 of 0 axiom rules necessary.
Reordering and filtering variables: [0.240s CPU, 0.233s wall-clock]
Translator variables: 141
Translator derived variables: 0
Translator facts: 892
Translator goal facts: 6
Translator mutex groups: 5
Translator total mutex groups size: 110
Translator operators: 15392
Translator axioms: 0
Translator task size: 143581
Translator peak memory: 255692 KB
Writing output... [0.220s CPU, 0.241s wall-clock]
Done! [4.540s CPU, 4.591s wall-clock]
translate exit code: 0

INFO     Running search (release).
INFO     search stdin: output.sas
INFO     search time limit: 1795.32s
INFO     search memory limit: 3584 MB
INFO     search command line string: /infai/weidan00/downward/experiments/bachelor/data/bachelor-v1/code-7aa5f34_e5e41175/builds/release/bin/downward --search 'eager_wastar([add()], w=2)' --internal-plan-file sas_plan < output.sas
[t=6.6066e-05s, 17204 KB] reading input...
[t=0.128981s, 23144 KB] done reading input!
[t=0.14145s, 27380 KB] Simplifying 65472 unary operators... done! [65472 unary operators]
[t=0.348756s, 33464 KB] time to simplify: 0.214279s
[t=0.361145s, 33464 KB] Initializing additive heuristic...
[t=0.361363s, 33464 KB] Building successor generator...done!
[t=0.373711s, 33464 KB] peak memory difference for successor generator creation: 0 KB
[t=0.373762s, 33464 KB] time for successor generation creation: 0.0121617s
[t=0.373987s, 33464 KB] Variables: 141
[t=0.37404s, 33464 KB] FactPairs: 892
[t=0.374081s, 33464 KB] Bytes per state: 32
[t=0.374237s, 33464 KB] Conducting best first search with reopening closed nodes, (real) bound = 2147483647
[t=0.375485s, 33464 KB] New best heuristic value for add: 17
[t=0.375571s, 33464 KB] g=0, 1 evaluated, 0 expanded
[t=0.375624s, 33464 KB] Initial heuristic value for add: 17
[t=0.375666s, 33464 KB] pruning method: none
[t=0.376638s, 33464 KB] New best heuristic value for add: 16
[t=0.37672s, 33464 KB] g=1, 2 evaluated, 1 expanded
[t=0.377568s, 33464 KB] New best heuristic value for add: 14
[t=0.377648s, 33464 KB] g=1, 3 evaluated, 1 expanded
[t=0.402497s, 33464 KB] New best heuristic value for add: 11
[t=0.402615s, 33464 KB] g=2, 34 evaluated, 2 expanded
[t=0.414913s, 33464 KB] New best heuristic value for add: 10
[t=0.415024s, 33464 KB] g=3, 53 evaluated, 3 expanded
[t=0.41621s, 33464 KB] New best heuristic value for add: 8
[t=0.416312s, 33464 KB] g=3, 55 evaluated, 3 expanded
[t=0.418205s, 33464 KB] New best heuristic value for add: 7
[t=0.418318s, 33464 KB] g=4, 58 evaluated, 4 expanded
[t=0.445905s, 33464 KB] New best heuristic value for add: 5
[t=0.446014s, 33464 KB] g=5, 101 evaluated, 5 expanded
[t=0.460179s, 33464 KB] New best heuristic value for add: 3
[t=0.460288s, 33464 KB] g=7, 131 evaluated, 7 expanded
[t=0.514533s, 33464 KB] New best heuristic value for add: 2
[t=0.51465s, 33464 KB] g=10, 246 evaluated, 14 expanded
[t=4.30673s, 33464 KB] New best heuristic value for add: 0
[t=4.30686s, 33464 KB] g=14, 7552 evaluated, 655 expanded
[t=4.31286s, 33464 KB] Solution found!
[t=4.31298s, 33464 KB] Actual search time: 3.93731s
pop-start s15 b4 a1 a5 b3 oc1b oc1b ta5-1-oc1b (1)
push-start s13 b10 a1 a3 b13 gasoleo gasoleo ta1-1-gasoleo (1)
pop-end s15 a1 a5 b14 b12 lco ta1-1-lco (1)
push-end s13 a1 a3 b8 b13 rat-a ta3-1-rat-a (1)
push-start s13 b14 a1 a3 b10 lco gasoleo ta1-1-lco (1)
pop-start s15 b19 a1 a5 b4 lco oc1b ta5-1-lco (1)
pop-end s15 a1 a5 b12 b7 gasoleo ta1-1-gasoleo (1)
push-end s13 a1 a3 b13 b10 gasoleo ta3-1-gasoleo (1)
pop-start s23 b13 a2 a3 b16 gasoleo oca1 ta3-1-gasoleo (1)
pop-end s23 a2 a3 b6 b9 gasoleo ta2-1-gasoleo (1)
pop-start s12 b6 a1 a2 b11 gasoleo gasoleo ta2-1-gasoleo (1)
pop-end s12 a1 a2 b21 b11 rat-a ta1-1-rat-a (1)
push-start s13 b21 a1 a3 b14 rat-a lco ta1-1-rat-a (1)
push-end s13 a1 a3 b10 b14 gasoleo ta3-1-gasoleo (1)
[t=4.31302s, 33464 KB] Plan length: 14 step(s).
[t=4.31302s, 33464 KB] Plan cost: 14
[t=4.31302s, 33464 KB] Expanded 656 state(s).
[t=4.31302s, 33464 KB] Reopened 0 state(s).
[t=4.31302s, 33464 KB] Evaluated 7567 state(s).
[t=4.31302s, 33464 KB] Evaluations: 7567
[t=4.31302s, 33464 KB] Generated 9697 state(s).
[t=4.31302s, 33464 KB] Dead ends: 1 state(s).
[t=4.31302s, 33464 KB] Number of registered states: 7567
[t=4.31302s, 33464 KB] Int hash set load factor: 7567/8192 = 0.923706
[t=4.31302s, 33464 KB] Int hash set resizes: 13
[t=4.31302s, 33464 KB] mean number of q cost that have been adjusted 0 times in relation to total number of q: -1
[t=4.31302s, 33464 KB] mean number of q cost that have been adjusted 1 times in relation to total number of q: -1
[t=4.31302s, 33464 KB] mean number of q cost that have been adjusted 2 times in relation to total number of q: -1
[t=4.31302s, 33464 KB] mean number of q that are at some point overconsitent in relation to total number of q: -1
[t=4.31302s, 33464 KB] mean number of q that are at first underconsisten in relation to total number of q: -1
[t=4.31302s, 33464 KB] mean number of state variables that are not in common between two following states in relation to total number of state variables: -1
[t=4.31302s, 33464 KB] variance number of state variables that are not in common between two following states in relation to total number of state variables: -1
[t=4.31302s, 33464 KB] Search time: 3.93879s
[t=4.31302s, 33464 KB] Total time: 4.31302s
Solution found.
Peak memory: 33464 KB
Remove intermediate file output.sas
search exit code: 0

INFO     Running validate.
INFO     validate stdin: None
INFO     validate time limit: None
INFO     validate memory limit: None
INFO     validate command line string: validate domain.pddl problem.pddl sas_plan
