INFO     Running translator.
INFO     translator stdin: None
INFO     translator time limit: 1799.96s
INFO     translator memory limit: 3584 MB
INFO     translator command line string: /infai/weidan00/downward/experiments/bachelor/.venv/bin/python3 /infai/weidan00/downward/experiments/bachelor/data/bachelor-v1/code-7aa5f34_e5e41175/builds/release/bin/translate/translate.py domain.pddl problem.pddl --sas-file output.sas
Parsing...
Warning: Atom at(ap11, d187, ber) is specified twice in initial state specification
Warning: Atom at(ap30, d162, fra) is specified twice in initial state specification
Warning: Atom at(ap89, d194, ham) is specified twice in initial state specification
Warning: Atom at(ap218, d189, ber) is specified twice in initial state specification
Warning: Atom at(ap223, d193, fra) is specified twice in initial state specification
Warning: Atom at(ap254, d65, ham) is specified twice in initial state specification
Warning: Atom at(ap311, d43, fra) is specified twice in initial state specification
Warning: Atom at(ap318, d113, ham) is specified twice in initial state specification
Warning: Atom at(ap356, d29, fra) is specified twice in initial state specification
Warning: Atom at(ap420, d127, ham) is specified twice in initial state specification
Warning: Atom at(ap502, d92, fra) is specified twice in initial state specification
Warning: Atom at(ap507, d141, ber) is specified twice in initial state specification
Warning: Atom at(ap516, d166, ham) is specified twice in initial state specification
Warning: Atom at(ap538, d31, fra) is specified twice in initial state specification
Warning: Atom at(ap552, d196, ber) is specified twice in initial state specification
Warning: Atom at(ap556, d17, ham) is specified twice in initial state specification
Warning: Atom at(ap594, d4, fra) is specified twice in initial state specification
Warning: Atom at(ap652, d55, ham) is specified twice in initial state specification
Warning: Atom at(ap667, d123, ham) is specified twice in initial state specification
Parsing: [0.050s CPU, 0.042s wall-clock]
Normalizing task... [0.000s CPU, 0.002s wall-clock]
Instantiating...
Generating Datalog program... [0.020s CPU, 0.021s wall-clock]
Normalizing Datalog program...
Normalizing Datalog program: [0.000s CPU, 0.003s wall-clock]
Preparing model... [0.080s CPU, 0.074s wall-clock]
Generated 5 rules.
Computing model... [4.310s CPU, 4.330s wall-clock]
9094 relevant atoms
203 auxiliary atoms
9297 final queue length
2937197 total queue pushes
Completing instantiation... [1.390s CPU, 1.400s wall-clock]
Instantiating: [5.810s CPU, 5.832s wall-clock]
Computing fact groups...
Finding invariants...
4 initial candidates
Finding invariants: [0.000s CPU, 0.001s wall-clock]
Checking invariant weight... [0.000s CPU, 0.005s wall-clock]
Instantiating groups... [0.000s CPU, 0.000s wall-clock]
Collecting mutex groups... [0.000s CPU, 0.000s wall-clock]
Choosing groups...
900 uncovered facts
Choosing groups: [0.000s CPU, 0.000s wall-clock]
Building translation key... [0.010s CPU, 0.004s wall-clock]
Computing fact groups: [0.020s CPU, 0.021s wall-clock]
Building STRIPS to SAS dictionary... [0.000s CPU, 0.001s wall-clock]
Building dictionary for full mutex groups... [0.000s CPU, 0.001s wall-clock]
Building mutex information...
Building mutex information: [0.000s CPU, 0.001s wall-clock]
Translating task...
Processing axioms...
Simplifying axioms... [0.000s CPU, 0.000s wall-clock]
Processing axioms: [0.000s CPU, 0.002s wall-clock]
Translating task: [0.060s CPU, 0.055s wall-clock]
600 effect conditions simplified
0 implied preconditions added
Detecting unreachable propositions...
0 operators removed
0 axioms removed
0 propositions removed
Detecting unreachable propositions: [0.040s CPU, 0.039s wall-clock]
Reordering and filtering variables...
900 of 900 variables necessary.
0 of 0 mutex groups necessary.
600 of 600 operators necessary.
0 of 0 axiom rules necessary.
Reordering and filtering variables: [0.020s CPU, 0.022s wall-clock]
Translator variables: 900
Translator derived variables: 0
Translator facts: 1800
Translator goal facts: 700
Translator mutex groups: 0
Translator total mutex groups size: 0
Translator operators: 600
Translator axioms: 0
Translator task size: 10081
Translator peak memory: 152524 KB
Writing output... [0.020s CPU, 0.027s wall-clock]
Done! [6.030s CPU, 6.048s wall-clock]
translate exit code: 0

INFO     Running search (release).
INFO     search stdin: output.sas
INFO     search time limit: 1793.87s
INFO     search memory limit: 3584 MB
INFO     search command line string: /infai/weidan00/downward/experiments/bachelor/data/bachelor-v1/code-7aa5f34_e5e41175/builds/release/bin/downward --search 'eager_wastar([pinch()], w=2)' --internal-plan-file sas_plan < output.sas
[t=6.6164e-05s, 17204 KB] reading input...
[t=0.0117581s, 17776 KB] done reading input!
[t=0.0144487s, 18396 KB] Simplifying 5481 unary operators... done! [5036 unary operators]
[t=0.0168079s, 18924 KB] time to simplify: 0.00259442s
[t=0.017427s, 18924 KB] Initializing pinch heuristic...
[t=0.0176473s, 18924 KB] Building successor generator...done!
[t=0.0179688s, 18924 KB] peak memory difference for successor generator creation: 0 KB
[t=0.0180087s, 18924 KB] time for successor generation creation: 0.000190494s
[t=0.0180663s, 18924 KB] Variables: 900
[t=0.0181071s, 18924 KB] FactPairs: 1800
[t=0.0181471s, 18924 KB] Bytes per state: 116
[t=0.0182983s, 18924 KB] Conducting best first search with reopening closed nodes, (real) bound = 2147483647
[t=0.0188578s, 18924 KB] New best heuristic value for pinch: 700
[t=0.0189083s, 18924 KB] g=0, 1 evaluated, 0 expanded
[t=0.0189633s, 18924 KB] Initial heuristic value for pinch: 700
[t=0.0190052s, 18924 KB] pruning method: none
[t=0.0190837s, 18924 KB] New best heuristic value for pinch: 696
[t=0.0191256s, 18924 KB] g=1, 2 evaluated, 1 expanded
[t=0.0191847s, 18924 KB] New best heuristic value for pinch: 692
[t=0.0192264s, 18924 KB] g=1, 3 evaluated, 1 expanded
[t=0.0192797s, 18924 KB] New best heuristic value for pinch: 691
[t=0.0193265s, 18924 KB] g=1, 4 evaluated, 1 expanded
[t=0.0194268s, 18924 KB] New best heuristic value for pinch: 690
[t=0.0194697s, 18924 KB] g=1, 7 evaluated, 1 expanded
[t=0.0195307s, 18924 KB] New best heuristic value for pinch: 689
[t=0.0195724s, 18924 KB] g=1, 8 evaluated, 1 expanded
[t=0.0197111s, 18924 KB] New best heuristic value for pinch: 687
[t=0.019753s, 18924 KB] g=1, 14 evaluated, 1 expanded
[t=0.0201461s, 18924 KB] New best heuristic value for pinch: 686
[t=0.0201906s, 18924 KB] g=1, 35 evaluated, 1 expanded
[t=0.0203447s, 18924 KB] New best heuristic value for pinch: 685
[t=0.0203869s, 18924 KB] g=1, 42 evaluated, 1 expanded
[t=0.0211912s, 18924 KB] New best heuristic value for pinch: 682
[t=0.0212394s, 18924 KB] g=1, 90 evaluated, 1 expanded
[t=0.0285853s, 18924 KB] New best heuristic value for pinch: 681
[t=0.0286724s, 18924 KB] g=1, 566 evaluated, 1 expanded
[t=0.0293091s, 18924 KB] New best heuristic value for pinch: 677
[t=0.0293565s, 18924 KB] g=2, 602 evaluated, 2 expanded
[t=0.0294155s, 18924 KB] New best heuristic value for pinch: 673
[t=0.0294573s, 18924 KB] g=2, 603 evaluated, 2 expanded
[t=0.0295151s, 18924 KB] New best heuristic value for pinch: 672
[t=0.0295564s, 18924 KB] g=2, 604 evaluated, 2 expanded
[t=0.029646s, 18924 KB] New best heuristic value for pinch: 671
[t=0.0296878s, 18924 KB] g=2, 607 evaluated, 2 expanded
[t=0.0298521s, 18924 KB] New best heuristic value for pinch: 669
[t=0.0298941s, 18924 KB] g=2, 614 evaluated, 2 expanded
[t=0.0299666s, 18924 KB] New best heuristic value for pinch: 668
[t=0.0300077s, 18924 KB] g=2, 616 evaluated, 2 expanded
[t=0.030348s, 18924 KB] New best heuristic value for pinch: 667
[t=0.0303918s, 18924 KB] g=2, 635 evaluated, 2 expanded
[t=0.0305451s, 18924 KB] New best heuristic value for pinch: 666
[t=0.0305869s, 18924 KB] g=2, 642 evaluated, 2 expanded
[t=0.0313755s, 18924 KB] New best heuristic value for pinch: 664
[t=0.0314235s, 18924 KB] g=2, 690 evaluated, 2 expanded
[t=0.0392975s, 18924 KB] New best heuristic value for pinch: 660
[t=0.039385s, 18924 KB] g=3, 1199 evaluated, 3 expanded
[t=0.0394481s, 18924 KB] New best heuristic value for pinch: 656
[t=0.039491s, 18924 KB] g=3, 1200 evaluated, 3 expanded
[t=0.0395631s, 18924 KB] New best heuristic value for pinch: 655
[t=0.0396044s, 18924 KB] g=3, 1201 evaluated, 3 expanded
[t=0.0396942s, 18924 KB] New best heuristic value for pinch: 654
[t=0.039735s, 18924 KB] g=3, 1204 evaluated, 3 expanded
[t=0.0398879s, 18924 KB] New best heuristic value for pinch: 652
[t=0.03993s, 18924 KB] g=3, 1211 evaluated, 3 expanded
[t=0.0400043s, 18924 KB] New best heuristic value for pinch: 651
[t=0.0400453s, 18924 KB] g=3, 1213 evaluated, 3 expanded
[t=0.0403959s, 18924 KB] New best heuristic value for pinch: 650
[t=0.0404396s, 18924 KB] g=3, 1232 evaluated, 3 expanded
[t=0.0405947s, 18924 KB] New best heuristic value for pinch: 649
[t=0.0406366s, 18924 KB] g=3, 1239 evaluated, 3 expanded
[t=0.0491422s, 18924 KB] New best heuristic value for pinch: 645
[t=0.049231s, 18924 KB] g=4, 1793 evaluated, 4 expanded
[t=0.0493066s, 18924 KB] New best heuristic value for pinch: 641
[t=0.0493484s, 18924 KB] g=4, 1794 evaluated, 4 expanded
[t=0.0494592s, 18924 KB] New best heuristic value for pinch: 639
[t=0.0495006s, 18924 KB] g=4, 1798 evaluated, 4 expanded
[t=0.0496491s, 18924 KB] New best heuristic value for pinch: 638
[t=0.0496902s, 18924 KB] g=4, 1805 evaluated, 4 expanded
[t=0.0497614s, 18924 KB] New best heuristic value for pinch: 636
[t=0.049802s, 18924 KB] g=4, 1807 evaluated, 4 expanded
[t=0.0501568s, 18924 KB] New best heuristic value for pinch: 635
[t=0.0501998s, 18924 KB] g=4, 1826 evaluated, 4 expanded
[t=0.0509002s, 18924 KB] New best heuristic value for pinch: 634
[t=0.0509526s, 18924 KB] g=4, 1869 evaluated, 4 expanded
[t=0.0590868s, 18924 KB] New best heuristic value for pinch: 630
[t=0.0591785s, 18924 KB] g=5, 2384 evaluated, 5 expanded
[t=0.0592456s, 18924 KB] New best heuristic value for pinch: 626
[t=0.0592883s, 18924 KB] g=5, 2385 evaluated, 5 expanded
[t=0.0593928s, 18924 KB] New best heuristic value for pinch: 624
[t=0.0594343s, 18924 KB] g=5, 2389 evaluated, 5 expanded
[t=0.0596128s, 18924 KB] New best heuristic value for pinch: 622
[t=0.0596546s, 18924 KB] g=5, 2398 evaluated, 5 expanded
[t=0.0600074s, 18924 KB] New best heuristic value for pinch: 620
[t=0.0600591s, 18924 KB] g=5, 2417 evaluated, 5 expanded
[t=0.0685376s, 18924 KB] New best heuristic value for pinch: 616
[t=0.0686409s, 18924 KB] g=6, 2972 evaluated, 6 expanded
[t=0.0687069s, 18924 KB] New best heuristic value for pinch: 613
[t=0.0687488s, 18924 KB] g=6, 2973 evaluated, 6 expanded
[t=0.0688064s, 18924 KB] New best heuristic value for pinch: 612
[t=0.0688472s, 18924 KB] g=6, 2974 evaluated, 6 expanded
[t=0.0689359s, 18924 KB] New best heuristic value for pinch: 610
[t=0.0689775s, 18924 KB] g=6, 2977 evaluated, 6 expanded
[t=0.0691556s, 18924 KB] New best heuristic value for pinch: 609
[t=0.0691981s, 18924 KB] g=6, 2986 evaluated, 6 expanded
[t=0.0692963s, 18924 KB] New best heuristic value for pinch: 608
[t=0.0693379s, 18924 KB] g=6, 2989 evaluated, 6 expanded
[t=0.0698551s, 18924 KB] New best heuristic value for pinch: 606
[t=0.0699022s, 18924 KB] g=6, 3019 evaluated, 6 expanded
[t=0.0780876s, 18924 KB] New best heuristic value for pinch: 602
[t=0.0781798s, 18924 KB] g=7, 3557 evaluated, 7 expanded
[t=0.0782433s, 18924 KB] New best heuristic value for pinch: 599
[t=0.078285s, 18924 KB] g=7, 3558 evaluated, 7 expanded
[t=0.0783989s, 18924 KB] New best heuristic value for pinch: 596
[t=0.0784405s, 18924 KB] g=7, 3562 evaluated, 7 expanded
[t=0.0786219s, 18924 KB] New best heuristic value for pinch: 595
[t=0.0786662s, 18924 KB] g=7, 3571 evaluated, 7 expanded
[t=0.0787588s, 18924 KB] New best heuristic value for pinch: 594
[t=0.0788031s, 18924 KB] g=7, 3574 evaluated, 7 expanded
[t=0.080111s, 18924 KB] New best heuristic value for pinch: 593
[t=0.0801679s, 18924 KB] g=7, 3657 evaluated, 7 expanded
[t=0.0826613s, 19000 KB] New best heuristic value for pinch: 592
[t=0.0827469s, 19000 KB] g=7, 3818 evaluated, 7 expanded
[t=0.0880019s, 19000 KB] New best heuristic value for pinch: 588
[t=0.088088s, 19000 KB] g=8, 4139 evaluated, 8 expanded
[t=0.0881515s, 19000 KB] New best heuristic value for pinch: 585
[t=0.0881934s, 19000 KB] g=8, 4140 evaluated, 8 expanded
[t=0.0882963s, 19000 KB] New best heuristic value for pinch: 582
[t=0.0883376s, 19000 KB] g=8, 4144 evaluated, 8 expanded
[t=0.0885362s, 19000 KB] New best heuristic value for pinch: 581
[t=0.0885783s, 19000 KB] g=8, 4154 evaluated, 8 expanded
[t=0.0886528s, 19000 KB] New best heuristic value for pinch: 580
[t=0.0886935s, 19000 KB] g=8, 4156 evaluated, 8 expanded
[t=0.0900271s, 19000 KB] New best heuristic value for pinch: 579
[t=0.0900825s, 19000 KB] g=8, 4239 evaluated, 8 expanded
[t=0.0940798s, 19124 KB] New best heuristic value for pinch: 578
[t=0.094161s, 19124 KB] g=8, 4498 evaluated, 8 expanded
[t=0.0975864s, 19124 KB] New best heuristic value for pinch: 574
[t=0.0976606s, 19124 KB] g=9, 4718 evaluated, 9 expanded
[t=0.0977216s, 19124 KB] New best heuristic value for pinch: 571
[t=0.0977715s, 19124 KB] g=9, 4719 evaluated, 9 expanded
[t=0.0978758s, 19124 KB] New best heuristic value for pinch: 568
[t=0.0979216s, 19124 KB] g=9, 4723 evaluated, 9 expanded
[t=0.0981195s, 19124 KB] New best heuristic value for pinch: 567
[t=0.0981613s, 19124 KB] g=9, 4733 evaluated, 9 expanded
[t=0.0982343s, 19124 KB] New best heuristic value for pinch: 566
[t=0.0982754s, 19124 KB] g=9, 4735 evaluated, 9 expanded
[t=0.0995892s, 19124 KB] New best heuristic value for pinch: 565
[t=0.0996588s, 19124 KB] g=9, 4818 evaluated, 9 expanded
[t=0.106981s, 19124 KB] New best heuristic value for pinch: 561
[t=0.107076s, 19124 KB] g=10, 5294 evaluated, 10 expanded
[t=0.107141s, 19124 KB] New best heuristic value for pinch: 558
[t=0.107183s, 19124 KB] g=10, 5295 evaluated, 10 expanded
[t=0.107288s, 19124 KB] New best heuristic value for pinch: 555
[t=0.10733s, 19124 KB] g=10, 5299 evaluated, 10 expanded
[t=0.107539s, 19252 KB] New best heuristic value for pinch: 554
[t=0.107607s, 19252 KB] g=10, 5309 evaluated, 10 expanded
[t=0.107686s, 19252 KB] New best heuristic value for pinch: 553
[t=0.107728s, 19252 KB] g=10, 5311 evaluated, 10 expanded
[t=0.110122s, 19252 KB] New best heuristic value for pinch: 552
[t=0.110192s, 19252 KB] g=10, 5464 evaluated, 10 expanded
[t=0.116353s, 19252 KB] New best heuristic value for pinch: 548
[t=0.116438s, 19252 KB] g=11, 5867 evaluated, 11 expanded
[t=0.1165s, 19252 KB] New best heuristic value for pinch: 546
[t=0.116542s, 19252 KB] g=11, 5868 evaluated, 11 expanded
[t=0.116644s, 19252 KB] New best heuristic value for pinch: 542
[t=0.116685s, 19252 KB] g=11, 5872 evaluated, 11 expanded
[t=0.116917s, 19252 KB] New best heuristic value for pinch: 541
[t=0.116959s, 19252 KB] g=11, 5884 evaluated, 11 expanded
[t=0.11702s, 19252 KB] New best heuristic value for pinch: 540
[t=0.117064s, 19252 KB] g=11, 5885 evaluated, 11 expanded
[t=0.120135s, 19252 KB] New best heuristic value for pinch: 539
[t=0.120208s, 19252 KB] g=11, 6085 evaluated, 11 expanded
[t=0.125563s, 19376 KB] New best heuristic value for pinch: 535
[t=0.125646s, 19376 KB] g=12, 6437 evaluated, 12 expanded
[t=0.125707s, 19376 KB] New best heuristic value for pinch: 533
[t=0.125748s, 19376 KB] g=12, 6438 evaluated, 12 expanded
[t=0.125855s, 19376 KB] New best heuristic value for pinch: 529
[t=0.1259s, 19376 KB] g=12, 6442 evaluated, 12 expanded
[t=0.126139s, 19376 KB] New best heuristic value for pinch: 528
[t=0.126185s, 19376 KB] g=12, 6454 evaluated, 12 expanded
[t=0.127871s, 19376 KB] New best heuristic value for pinch: 527
[t=0.127942s, 19376 KB] g=12, 6562 evaluated, 12 expanded
[t=0.134176s, 19376 KB] New best heuristic value for pinch: 526
[t=0.134261s, 19376 KB] g=12, 6973 evaluated, 12 expanded
[t=0.134806s, 19512 KB] New best heuristic value for pinch: 522
[t=0.134869s, 19512 KB] g=13, 7004 evaluated, 13 expanded
[t=0.134928s, 19512 KB] New best heuristic value for pinch: 520
[t=0.13497s, 19512 KB] g=13, 7005 evaluated, 13 expanded
[t=0.135072s, 19512 KB] New best heuristic value for pinch: 516
[t=0.135113s, 19512 KB] g=13, 7009 evaluated, 13 expanded
[t=0.135343s, 19512 KB] New best heuristic value for pinch: 515
[t=0.135385s, 19512 KB] g=13, 7021 evaluated, 13 expanded
[t=0.13707s, 19512 KB] New best heuristic value for pinch: 514
[t=0.137135s, 19512 KB] g=13, 7129 evaluated, 13 expanded
[t=0.144434s, 19636 KB] New best heuristic value for pinch: 510
[t=0.144523s, 19636 KB] g=14, 7568 evaluated, 14 expanded
[t=0.144587s, 19636 KB] New best heuristic value for pinch: 508
[t=0.144629s, 19636 KB] g=14, 7569 evaluated, 14 expanded
[t=0.144731s, 19636 KB] New best heuristic value for pinch: 504
[t=0.144773s, 19636 KB] g=14, 7573 evaluated, 14 expanded
[t=0.145001s, 19636 KB] New best heuristic value for pinch: 503
[t=0.145044s, 19636 KB] g=14, 7585 evaluated, 14 expanded
[t=0.146721s, 19636 KB] New best heuristic value for pinch: 502
[t=0.146777s, 19636 KB] g=14, 7693 evaluated, 14 expanded
[t=0.153395s, 19636 KB] New best heuristic value for pinch: 498
[t=0.153485s, 19636 KB] g=15, 8129 evaluated, 15 expanded
[t=0.153548s, 19636 KB] New best heuristic value for pinch: 496
[t=0.15359s, 19636 KB] g=15, 8130 evaluated, 15 expanded
[t=0.153702s, 19636 KB] New best heuristic value for pinch: 492
[t=0.153744s, 19636 KB] g=15, 8134 evaluated, 15 expanded
[t=0.154271s, 19636 KB] New best heuristic value for pinch: 491
[t=0.154315s, 19636 KB] g=15, 8165 evaluated, 15 expanded
[t=0.156706s, 19768 KB] New best heuristic value for pinch: 490
[t=0.156772s, 19768 KB] g=15, 8321 evaluated, 15 expanded
[t=0.162331s, 19768 KB] New best heuristic value for pinch: 486
[t=0.162412s, 19768 KB] g=16, 8687 evaluated, 16 expanded
[t=0.162474s, 19768 KB] New best heuristic value for pinch: 484
[t=0.162516s, 19768 KB] g=16, 8688 evaluated, 16 expanded
[t=0.162619s, 19768 KB] New best heuristic value for pinch: 480
[t=0.162661s, 19768 KB] g=16, 8692 evaluated, 16 expanded
[t=0.163198s, 19768 KB] New best heuristic value for pinch: 479
[t=0.163246s, 19768 KB] g=16, 8723 evaluated, 16 expanded
[t=0.171128s, 19900 KB] New best heuristic value for pinch: 476
[t=0.171217s, 19900 KB] g=17, 9242 evaluated, 17 expanded
[t=0.17128s, 19900 KB] New best heuristic value for pinch: 473
[t=0.171325s, 19900 KB] g=17, 9243 evaluated, 17 expanded
[t=0.171428s, 19900 KB] New best heuristic value for pinch: 469
[t=0.171469s, 19900 KB] g=17, 9247 evaluated, 17 expanded
[t=0.172984s, 19900 KB] New best heuristic value for pinch: 468
[t=0.173038s, 19900 KB] g=17, 9344 evaluated, 17 expanded
[t=0.179822s, 19900 KB] New best heuristic value for pinch: 465
[t=0.179915s, 19900 KB] g=18, 9794 evaluated, 18 expanded
[t=0.179978s, 19900 KB] New best heuristic value for pinch: 462
[t=0.180023s, 19900 KB] g=18, 9795 evaluated, 18 expanded
[t=0.180127s, 19900 KB] New best heuristic value for pinch: 458
[t=0.180168s, 19900 KB] g=18, 9799 evaluated, 18 expanded
[t=0.182104s, 19900 KB] New best heuristic value for pinch: 457
[t=0.182164s, 19900 KB] g=18, 9925 evaluated, 18 expanded
[t=0.188507s, 20028 KB] New best heuristic value for pinch: 454
[t=0.188595s, 20028 KB] g=19, 10343 evaluated, 19 expanded
[t=0.188658s, 20028 KB] New best heuristic value for pinch: 451
[t=0.188699s, 20028 KB] g=19, 10344 evaluated, 19 expanded
[t=0.188801s, 20028 KB] New best heuristic value for pinch: 447
[t=0.188843s, 20028 KB] g=19, 10348 evaluated, 19 expanded
[t=0.190886s, 20028 KB] New best heuristic value for pinch: 446
[t=0.190958s, 20028 KB] g=19, 10480 evaluated, 19 expanded
[t=0.197127s, 20028 KB] New best heuristic value for pinch: 443
[t=0.19722s, 20028 KB] g=20, 10889 evaluated, 20 expanded
[t=0.197284s, 20028 KB] New best heuristic value for pinch: 440
[t=0.197325s, 20028 KB] g=20, 10890 evaluated, 20 expanded
[t=0.197428s, 20160 KB] New best heuristic value for pinch: 436
[t=0.19749s, 20160 KB] g=20, 10894 evaluated, 20 expanded
[t=0.20018s, 20160 KB] New best heuristic value for pinch: 435
[t=0.200257s, 20160 KB] g=20, 11069 evaluated, 20 expanded
[t=0.205744s, 20160 KB] New best heuristic value for pinch: 432
[t=0.20584s, 20160 KB] g=21, 11432 evaluated, 21 expanded
[t=0.205903s, 20160 KB] New best heuristic value for pinch: 429
[t=0.205945s, 20160 KB] g=21, 11433 evaluated, 21 expanded
[t=0.206047s, 20160 KB] New best heuristic value for pinch: 425
[t=0.206089s, 20160 KB] g=21, 11437 evaluated, 21 expanded
[t=0.209646s, 20160 KB] New best heuristic value for pinch: 424
[t=0.209719s, 20160 KB] g=21, 11672 evaluated, 21 expanded
[t=0.214259s, 20276 KB] New best heuristic value for pinch: 421
[t=0.214344s, 20276 KB] g=22, 11972 evaluated, 22 expanded
[t=0.214407s, 20276 KB] New best heuristic value for pinch: 418
[t=0.214449s, 20276 KB] g=22, 11973 evaluated, 22 expanded
[t=0.214552s, 20276 KB] New best heuristic value for pinch: 414
[t=0.214594s, 20276 KB] g=22, 11977 evaluated, 22 expanded
[t=0.222572s, 20276 KB] New best heuristic value for pinch: 411
[t=0.222662s, 20276 KB] g=23, 12509 evaluated, 23 expanded
[t=0.222725s, 20276 KB] New best heuristic value for pinch: 408
[t=0.222766s, 20276 KB] g=23, 12510 evaluated, 23 expanded
[t=0.22285s, 20276 KB] New best heuristic value for pinch: 407
[t=0.222891s, 20276 KB] g=23, 12512 evaluated, 23 expanded
[t=0.223022s, 20276 KB] New best heuristic value for pinch: 406
[t=0.223063s, 20276 KB] g=23, 12518 evaluated, 23 expanded
[t=0.22318s, 20276 KB] New best heuristic value for pinch: 404
[t=0.223225s, 20276 KB] g=23, 12523 evaluated, 23 expanded
[t=0.23101s, 20408 KB] New best heuristic value for pinch: 401
[t=0.231098s, 20408 KB] g=24, 13043 evaluated, 24 expanded
[t=0.231161s, 20408 KB] New best heuristic value for pinch: 398
[t=0.231203s, 20408 KB] g=24, 13044 evaluated, 24 expanded
[t=0.231278s, 20408 KB] New best heuristic value for pinch: 397
[t=0.23132s, 20408 KB] g=24, 13046 evaluated, 24 expanded
[t=0.231451s, 20408 KB] New best heuristic value for pinch: 396
[t=0.231493s, 20408 KB] g=24, 13052 evaluated, 24 expanded
[t=0.231582s, 20408 KB] New best heuristic value for pinch: 395
[t=0.231631s, 20408 KB] g=24, 13055 evaluated, 24 expanded
[t=0.235509s, 20408 KB] New best heuristic value for pinch: 394
[t=0.235604s, 20408 KB] g=24, 13312 evaluated, 24 expanded
[t=0.239577s, 20540 KB] New best heuristic value for pinch: 391
[t=0.239664s, 20540 KB] g=25, 13574 evaluated, 25 expanded
[t=0.239726s, 20540 KB] New best heuristic value for pinch: 388
[t=0.239768s, 20540 KB] g=25, 13575 evaluated, 25 expanded
[t=0.239847s, 20540 KB] New best heuristic value for pinch: 387
[t=0.239888s, 20540 KB] g=25, 13577 evaluated, 25 expanded
[t=0.240024s, 20540 KB] New best heuristic value for pinch: 386
[t=0.240068s, 20540 KB] g=25, 13583 evaluated, 25 expanded
[t=0.240158s, 20540 KB] New best heuristic value for pinch: 385
[t=0.240201s, 20540 KB] g=25, 13586 evaluated, 25 expanded
[t=0.247375s, 20540 KB] New best heuristic value for pinch: 384
[t=0.247465s, 20540 KB] g=25, 14069 evaluated, 25 expanded
[t=0.248033s, 20540 KB] New best heuristic value for pinch: 381
[t=0.248091s, 20540 KB] g=26, 14102 evaluated, 26 expanded
[t=0.248149s, 20540 KB] New best heuristic value for pinch: 378
[t=0.2482s, 20540 KB] g=26, 14103 evaluated, 26 expanded
[t=0.248277s, 20540 KB] New best heuristic value for pinch: 377
[t=0.248318s, 20540 KB] g=26, 14105 evaluated, 26 expanded
[t=0.248455s, 20540 KB] New best heuristic value for pinch: 376
[t=0.248501s, 20540 KB] g=26, 14111 evaluated, 26 expanded
[t=0.248592s, 20540 KB] New best heuristic value for pinch: 375
[t=0.248634s, 20540 KB] g=26, 14114 evaluated, 26 expanded
[t=0.257307s, 20928 KB] New best heuristic value for pinch: 374
[t=0.257403s, 20928 KB] g=26, 14616 evaluated, 26 expanded
[t=0.257629s, 20928 KB] New best heuristic value for pinch: 371
[t=0.257677s, 20928 KB] g=27, 14627 evaluated, 27 expanded
[t=0.257736s, 20928 KB] New best heuristic value for pinch: 368
[t=0.257778s, 20928 KB] g=27, 14628 evaluated, 27 expanded
[t=0.257946s, 20928 KB] New best heuristic value for pinch: 367
[t=0.258004s, 20928 KB] g=27, 14636 evaluated, 27 expanded
[t=0.258406s, 20928 KB] New best heuristic value for pinch: 366
[t=0.258452s, 20928 KB] g=27, 14660 evaluated, 27 expanded
[t=0.259085s, 20928 KB] New best heuristic value for pinch: 365
[t=0.259139s, 20928 KB] g=27, 14699 evaluated, 27 expanded
[t=0.265852s, 20928 KB] New best heuristic value for pinch: 362
[t=0.265948s, 20928 KB] g=28, 15149 evaluated, 28 expanded
[t=0.266011s, 20928 KB] New best heuristic value for pinch: 359
[t=0.266053s, 20928 KB] g=28, 15150 evaluated, 28 expanded
[t=0.266244s, 20928 KB] New best heuristic value for pinch: 358
[t=0.266286s, 20928 KB] g=28, 15160 evaluated, 28 expanded
[t=0.266656s, 20928 KB] New best heuristic value for pinch: 357
[t=0.266702s, 20928 KB] g=28, 15182 evaluated, 28 expanded
[t=0.267536s, 20928 KB] New best heuristic value for pinch: 356
[t=0.2676s, 20928 KB] g=28, 15235 evaluated, 28 expanded
[t=0.274074s, 20928 KB] New best heuristic value for pinch: 353
[t=0.274171s, 20928 KB] g=29, 15668 evaluated, 29 expanded
[t=0.274234s, 20928 KB] New best heuristic value for pinch: 350
[t=0.274275s, 20928 KB] g=29, 15669 evaluated, 29 expanded
[t=0.274467s, 20928 KB] New best heuristic value for pinch: 349
[t=0.274509s, 20928 KB] g=29, 15679 evaluated, 29 expanded
[t=0.276072s, 20928 KB] New best heuristic value for pinch: 348
[t=0.276128s, 20928 KB] g=29, 15781 evaluated, 29 expanded
[t=0.276867s, 20928 KB] New best heuristic value for pinch: 347
[t=0.276916s, 20928 KB] g=29, 15827 evaluated, 29 expanded
[t=0.282249s, 21060 KB] New best heuristic value for pinch: 344
[t=0.282338s, 21060 KB] g=30, 16184 evaluated, 30 expanded
[t=0.282412s, 21060 KB] New best heuristic value for pinch: 341
[t=0.282454s, 21060 KB] g=30, 16185 evaluated, 30 expanded
[t=0.282662s, 21060 KB] New best heuristic value for pinch: 340
[t=0.282707s, 21060 KB] g=30, 16196 evaluated, 30 expanded
[t=0.284238s, 21060 KB] New best heuristic value for pinch: 339
[t=0.284309s, 21060 KB] g=30, 16297 evaluated, 30 expanded
[t=0.288421s, 21060 KB] New best heuristic value for pinch: 338
[t=0.288502s, 21060 KB] g=30, 16571 evaluated, 30 expanded
[t=0.290438s, 21060 KB] New best heuristic value for pinch: 335
[t=0.290498s, 21060 KB] g=31, 16697 evaluated, 31 expanded
[t=0.290558s, 21060 KB] New best heuristic value for pinch: 332
[t=0.290599s, 21060 KB] g=31, 16698 evaluated, 31 expanded
[t=0.290808s, 21060 KB] New best heuristic value for pinch: 331
[t=0.29085s, 21060 KB] g=31, 16709 evaluated, 31 expanded
[t=0.292394s, 21060 KB] New best heuristic value for pinch: 330
[t=0.292449s, 21060 KB] g=31, 16810 evaluated, 31 expanded
[t=0.29839s, 21192 KB] New best heuristic value for pinch: 327
[t=0.298476s, 21192 KB] g=32, 17207 evaluated, 32 expanded
[t=0.29854s, 21192 KB] New best heuristic value for pinch: 324
[t=0.298582s, 21192 KB] g=32, 17208 evaluated, 32 expanded
[t=0.29879s, 21192 KB] New best heuristic value for pinch: 323
[t=0.298833s, 21192 KB] g=32, 17219 evaluated, 32 expanded
[t=0.300402s, 21192 KB] New best heuristic value for pinch: 322
[t=0.300466s, 21192 KB] g=32, 17322 evaluated, 32 expanded
[t=0.306291s, 21192 KB] New best heuristic value for pinch: 319
[t=0.306375s, 21192 KB] g=33, 17714 evaluated, 33 expanded
[t=0.306438s, 21192 KB] New best heuristic value for pinch: 316
[t=0.30648s, 21192 KB] g=33, 17715 evaluated, 33 expanded
[t=0.306688s, 21192 KB] New best heuristic value for pinch: 315
[t=0.30673s, 21192 KB] g=33, 17726 evaluated, 33 expanded
[t=0.308504s, 21192 KB] New best heuristic value for pinch: 314
[t=0.308563s, 21192 KB] g=33, 17844 evaluated, 33 expanded
[t=0.314155s, 21324 KB] New best heuristic value for pinch: 311
[t=0.314243s, 21324 KB] g=34, 18218 evaluated, 34 expanded
[t=0.314306s, 21324 KB] New best heuristic value for pinch: 308
[t=0.31435s, 21324 KB] g=34, 18219 evaluated, 34 expanded
[t=0.314558s, 21324 KB] New best heuristic value for pinch: 307
[t=0.3146s, 21324 KB] g=34, 18230 evaluated, 34 expanded
[t=0.316813s, 21324 KB] New best heuristic value for pinch: 306
[t=0.316876s, 21324 KB] g=34, 18378 evaluated, 34 expanded
[t=0.321939s, 21324 KB] New best heuristic value for pinch: 303
[t=0.322022s, 21324 KB] g=35, 18719 evaluated, 35 expanded
[t=0.322085s, 21324 KB] New best heuristic value for pinch: 300
[t=0.322127s, 21324 KB] g=35, 18720 evaluated, 35 expanded
[t=0.322332s, 21324 KB] New best heuristic value for pinch: 299
[t=0.322375s, 21324 KB] g=35, 18731 evaluated, 35 expanded
[t=0.328114s, 21456 KB] New best heuristic value for pinch: 298
[t=0.328206s, 21456 KB] g=35, 19114 evaluated, 35 expanded
[t=0.329822s, 21456 KB] New best heuristic value for pinch: 295
[t=0.329883s, 21456 KB] g=36, 19217 evaluated, 36 expanded
[t=0.329942s, 21456 KB] New best heuristic value for pinch: 292
[t=0.329984s, 21456 KB] g=36, 19218 evaluated, 36 expanded
[t=0.3304s, 21456 KB] New best heuristic value for pinch: 291
[t=0.330444s, 21456 KB] g=36, 19243 evaluated, 36 expanded
[t=0.336021s, 21456 KB] New best heuristic value for pinch: 290
[t=0.336107s, 21456 KB] g=36, 19623 evaluated, 36 expanded
[t=0.337486s, 21456 KB] New best heuristic value for pinch: 287
[t=0.337542s, 21456 KB] g=37, 19712 evaluated, 37 expanded
[t=0.337601s, 21456 KB] New best heuristic value for pinch: 284
[t=0.337643s, 21456 KB] g=37, 19713 evaluated, 37 expanded
[t=0.338048s, 21456 KB] New best heuristic value for pinch: 283
[t=0.338092s, 21456 KB] g=37, 19738 evaluated, 37 expanded
[t=0.343823s, 21588 KB] New best heuristic value for pinch: 282
[t=0.343914s, 21588 KB] g=37, 20128 evaluated, 37 expanded
[t=0.345114s, 21588 KB] New best heuristic value for pinch: 279
[t=0.345171s, 21588 KB] g=38, 20204 evaluated, 38 expanded
[t=0.345229s, 21588 KB] New best heuristic value for pinch: 276
[t=0.345271s, 21588 KB] g=38, 20205 evaluated, 38 expanded
[t=0.345679s, 21588 KB] New best heuristic value for pinch: 275
[t=0.345723s, 21588 KB] g=38, 20230 evaluated, 38 expanded
[t=0.351495s, 21588 KB] New best heuristic value for pinch: 274
[t=0.351578s, 21588 KB] g=38, 20624 evaluated, 38 expanded
[t=0.352667s, 21720 KB] New best heuristic value for pinch: 271
[t=0.352722s, 21720 KB] g=39, 20693 evaluated, 39 expanded
[t=0.35278s, 21720 KB] New best heuristic value for pinch: 268
[t=0.352822s, 21720 KB] g=39, 20694 evaluated, 39 expanded
[t=0.353225s, 21720 KB] New best heuristic value for pinch: 267
[t=0.35327s, 21720 KB] g=39, 20719 evaluated, 39 expanded
[t=0.359357s, 21720 KB] New best heuristic value for pinch: 266
[t=0.359445s, 21720 KB] g=39, 21136 evaluated, 39 expanded
[t=0.360156s, 21720 KB] New best heuristic value for pinch: 263
[t=0.360211s, 21720 KB] g=40, 21179 evaluated, 40 expanded
[t=0.36027s, 21720 KB] New best heuristic value for pinch: 260
[t=0.360312s, 21720 KB] g=40, 21180 evaluated, 40 expanded
[t=0.36073s, 21720 KB] New best heuristic value for pinch: 259
[t=0.360777s, 21720 KB] g=40, 21205 evaluated, 40 expanded
[t=0.36748s, 21852 KB] New best heuristic value for pinch: 256
[t=0.367568s, 21852 KB] g=41, 21662 evaluated, 41 expanded
[t=0.36764s, 21852 KB] New best heuristic value for pinch: 253
[t=0.367683s, 21852 KB] g=41, 21663 evaluated, 41 expanded
[t=0.369398s, 21852 KB] New best heuristic value for pinch: 252
[t=0.36949s, 21852 KB] g=41, 21772 evaluated, 41 expanded
[t=0.375129s, 21852 KB] New best heuristic value for pinch: 250
[t=0.37523s, 21852 KB] g=42, 22142 evaluated, 42 expanded
[t=0.375298s, 21852 KB] New best heuristic value for pinch: 246
[t=0.375341s, 21852 KB] g=42, 22143 evaluated, 42 expanded
[t=0.379379s, 21852 KB] New best heuristic value for pinch: 245
[t=0.379461s, 21852 KB] g=42, 22415 evaluated, 42 expanded
[t=0.382511s, 21984 KB] New best heuristic value for pinch: 243
[t=0.382582s, 21984 KB] g=43, 22619 evaluated, 43 expanded
[t=0.382643s, 21984 KB] New best heuristic value for pinch: 239
[t=0.382685s, 21984 KB] g=43, 22620 evaluated, 43 expanded
[t=0.388238s, 21984 KB] New best heuristic value for pinch: 238
[t=0.388337s, 21984 KB] g=43, 23003 evaluated, 43 expanded
[t=0.389709s, 21984 KB] New best heuristic value for pinch: 236
[t=0.389769s, 21984 KB] g=44, 23093 evaluated, 44 expanded
[t=0.389831s, 21984 KB] New best heuristic value for pinch: 232
[t=0.389873s, 21984 KB] g=44, 23094 evaluated, 44 expanded
[t=0.395855s, 22116 KB] New best heuristic value for pinch: 231
[t=0.395944s, 22116 KB] g=44, 23506 evaluated, 44 expanded
[t=0.396866s, 22116 KB] New best heuristic value for pinch: 229
[t=0.39693s, 22116 KB] g=45, 23564 evaluated, 45 expanded
[t=0.396991s, 22116 KB] New best heuristic value for pinch: 225
[t=0.397034s, 22116 KB] g=45, 23565 evaluated, 45 expanded
[t=0.403707s, 22116 KB] New best heuristic value for pinch: 224
[t=0.403796s, 22116 KB] g=45, 24027 evaluated, 45 expanded
[t=0.403929s, 22116 KB] New best heuristic value for pinch: 222
[t=0.403972s, 22116 KB] g=46, 24032 evaluated, 46 expanded
[t=0.404038s, 22116 KB] New best heuristic value for pinch: 218
[t=0.40408s, 22116 KB] g=46, 24033 evaluated, 46 expanded
[t=0.410779s, 22248 KB] New best heuristic value for pinch: 214
[t=0.41087s, 22248 KB] g=47, 24497 evaluated, 47 expanded
[t=0.411064s, 22248 KB] New best heuristic value for pinch: 212
[t=0.411113s, 22248 KB] g=47, 24506 evaluated, 47 expanded
[t=0.417632s, 22248 KB] New best heuristic value for pinch: 208
[t=0.417722s, 22248 KB] g=48, 24959 evaluated, 48 expanded
[t=0.418119s, 22248 KB] New best heuristic value for pinch: 207
[t=0.418166s, 22248 KB] g=48, 24983 evaluated, 48 expanded
[t=0.418371s, 22248 KB] New best heuristic value for pinch: 206
[t=0.418417s, 22248 KB] g=48, 24994 evaluated, 48 expanded
[t=0.424541s, 22380 KB] New best heuristic value for pinch: 203
[t=0.424629s, 22380 KB] g=49, 25417 evaluated, 49 expanded
[t=0.424748s, 22380 KB] New best heuristic value for pinch: 202
[t=0.424792s, 22380 KB] g=49, 25422 evaluated, 49 expanded
[t=0.425106s, 22380 KB] New best heuristic value for pinch: 201
[t=0.425152s, 22380 KB] g=49, 25441 evaluated, 49 expanded
[t=0.425795s, 22380 KB] New best heuristic value for pinch: 200
[t=0.425846s, 22380 KB] g=49, 25482 evaluated, 49 expanded
[t=0.431486s, 22380 KB] New best heuristic value for pinch: 197
[t=0.431572s, 22380 KB] g=50, 25872 evaluated, 50 expanded
[t=0.431694s, 22380 KB] New best heuristic value for pinch: 196
[t=0.431739s, 22380 KB] g=50, 25877 evaluated, 50 expanded
[t=0.432054s, 22380 KB] New best heuristic value for pinch: 195
[t=0.432103s, 22380 KB] g=50, 25896 evaluated, 50 expanded
[t=0.434364s, 22380 KB] New best heuristic value for pinch: 194
[t=0.434455s, 22380 KB] g=50, 26046 evaluated, 50 expanded
[t=0.438602s, 22512 KB] New best heuristic value for pinch: 191
[t=0.438697s, 22512 KB] g=51, 26324 evaluated, 51 expanded
[t=0.438821s, 22512 KB] New best heuristic value for pinch: 190
[t=0.438871s, 22512 KB] g=51, 26329 evaluated, 51 expanded
[t=0.439189s, 22512 KB] New best heuristic value for pinch: 189
[t=0.439243s, 22512 KB] g=51, 26348 evaluated, 51 expanded
[t=0.441524s, 22512 KB] New best heuristic value for pinch: 188
[t=0.441597s, 22512 KB] g=51, 26504 evaluated, 51 expanded
[t=0.445526s, 22512 KB] New best heuristic value for pinch: 185
[t=0.445603s, 22512 KB] g=52, 26773 evaluated, 52 expanded
[t=0.445721s, 22512 KB] New best heuristic value for pinch: 184
[t=0.445774s, 22512 KB] g=52, 26778 evaluated, 52 expanded
[t=0.446076s, 22512 KB] New best heuristic value for pinch: 183
[t=0.446123s, 22512 KB] g=52, 26796 evaluated, 52 expanded
[t=0.448683s, 22512 KB] New best heuristic value for pinch: 182
[t=0.448758s, 22512 KB] g=52, 26972 evaluated, 52 expanded
[t=0.452338s, 22644 KB] New best heuristic value for pinch: 179
[t=0.452414s, 22644 KB] g=53, 27218 evaluated, 53 expanded
[t=0.452549s, 22644 KB] New best heuristic value for pinch: 178
[t=0.452598s, 22644 KB] g=53, 27224 evaluated, 53 expanded
[t=0.452895s, 22644 KB] New best heuristic value for pinch: 177
[t=0.452944s, 22644 KB] g=53, 27241 evaluated, 53 expanded
[t=0.456969s, 22644 KB] New best heuristic value for pinch: 176
[t=0.457043s, 22644 KB] g=53, 27519 evaluated, 53 expanded
[t=0.459117s, 22644 KB] New best heuristic value for pinch: 173
[t=0.459187s, 22644 KB] g=54, 27659 evaluated, 54 expanded
[t=0.45932s, 22644 KB] New best heuristic value for pinch: 172
[t=0.459365s, 22644 KB] g=54, 27665 evaluated, 54 expanded
[t=0.459655s, 22644 KB] New best heuristic value for pinch: 171
[t=0.459705s, 22644 KB] g=54, 27682 evaluated, 54 expanded
[t=0.465363s, 22776 KB] New best heuristic value for pinch: 170
[t=0.465448s, 22776 KB] g=54, 28077 evaluated, 54 expanded
[t=0.465796s, 22776 KB] New best heuristic value for pinch: 167
[t=0.465847s, 22776 KB] g=55, 28097 evaluated, 55 expanded
[t=0.465978s, 22776 KB] New best heuristic value for pinch: 166
[t=0.466024s, 22776 KB] g=55, 28103 evaluated, 55 expanded
[t=0.466325s, 22776 KB] New best heuristic value for pinch: 165
[t=0.466375s, 22776 KB] g=55, 28120 evaluated, 55 expanded
[t=0.472305s, 22776 KB] New best heuristic value for pinch: 162
[t=0.47239s, 22776 KB] g=56, 28532 evaluated, 56 expanded
[t=0.472534s, 22776 KB] New best heuristic value for pinch: 161
[t=0.472581s, 22776 KB] g=56, 28538 evaluated, 56 expanded
[t=0.473118s, 22776 KB] New best heuristic value for pinch: 160
[t=0.473172s, 22776 KB] g=56, 28572 evaluated, 56 expanded
[t=0.478782s, 22908 KB] New best heuristic value for pinch: 157
[t=0.478867s, 22908 KB] g=57, 28963 evaluated, 57 expanded
[t=0.479017s, 22908 KB] New best heuristic value for pinch: 156
[t=0.479066s, 22908 KB] g=57, 28969 evaluated, 57 expanded
[t=0.47964s, 22908 KB] New best heuristic value for pinch: 155
[t=0.479696s, 22908 KB] g=57, 29006 evaluated, 57 expanded
[t=0.487694s, 23424 KB] New best heuristic value for pinch: 152
[t=0.487789s, 23424 KB] g=58, 29391 evaluated, 58 expanded
[t=0.487925s, 23424 KB] New best heuristic value for pinch: 151
[t=0.487972s, 23424 KB] g=58, 29396 evaluated, 58 expanded
[t=0.488872s, 23424 KB] New best heuristic value for pinch: 150
[t=0.48893s, 23424 KB] g=58, 29455 evaluated, 58 expanded
[t=0.494136s, 23424 KB] New best heuristic value for pinch: 147
[t=0.494226s, 23424 KB] g=59, 29815 evaluated, 59 expanded
[t=0.494346s, 23424 KB] New best heuristic value for pinch: 146
[t=0.494388s, 23424 KB] g=59, 29820 evaluated, 59 expanded
[t=0.497271s, 23424 KB] New best heuristic value for pinch: 145
[t=0.497342s, 23424 KB] g=59, 30019 evaluated, 59 expanded
[t=0.500491s, 23424 KB] New best heuristic value for pinch: 142
[t=0.500572s, 23424 KB] g=60, 30236 evaluated, 60 expanded
[t=0.500707s, 23424 KB] New best heuristic value for pinch: 141
[t=0.500753s, 23424 KB] g=60, 30241 evaluated, 60 expanded
[t=0.503767s, 23424 KB] New best heuristic value for pinch: 140
[t=0.503838s, 23424 KB] g=60, 30451 evaluated, 60 expanded
[t=0.506714s, 23424 KB] New best heuristic value for pinch: 137
[t=0.506783s, 23424 KB] g=61, 30650 evaluated, 61 expanded
[t=0.506901s, 23424 KB] New best heuristic value for pinch: 136
[t=0.506946s, 23424 KB] g=61, 30655 evaluated, 61 expanded
[t=0.511769s, 23428 KB] New best heuristic value for pinch: 135
[t=0.511845s, 23428 KB] g=61, 30990 evaluated, 61 expanded
[t=0.51289s, 23428 KB] New best heuristic value for pinch: 133
[t=0.512942s, 23428 KB] g=62, 31058 evaluated, 62 expanded
[t=0.513062s, 23428 KB] New best heuristic value for pinch: 131
[t=0.513104s, 23428 KB] g=62, 31063 evaluated, 62 expanded
[t=0.517935s, 23428 KB] New best heuristic value for pinch: 130
[t=0.518022s, 23428 KB] g=62, 31401 evaluated, 62 expanded
[t=0.518947s, 23428 KB] New best heuristic value for pinch: 129
[t=0.519s, 23428 KB] g=63, 31461 evaluated, 63 expanded
[t=0.519102s, 23428 KB] New best heuristic value for pinch: 128
[t=0.519145s, 23428 KB] g=63, 31465 evaluated, 63 expanded
[t=0.519215s, 23428 KB] New best heuristic value for pinch: 126
[t=0.519257s, 23428 KB] g=63, 31466 evaluated, 63 expanded
[t=0.524796s, 23560 KB] New best heuristic value for pinch: 125
[t=0.524889s, 23560 KB] g=63, 31854 evaluated, 63 expanded
[t=0.525023s, 23560 KB] New best heuristic value for pinch: 124
[t=0.525069s, 23560 KB] g=64, 31859 evaluated, 64 expanded
[t=0.525176s, 23560 KB] New best heuristic value for pinch: 123
[t=0.525217s, 23560 KB] g=64, 31863 evaluated, 64 expanded
[t=0.525276s, 23560 KB] New best heuristic value for pinch: 121
[t=0.525317s, 23560 KB] g=64, 31864 evaluated, 64 expanded
[t=0.530893s, 23560 KB] New best heuristic value for pinch: 120
[t=0.53098s, 23560 KB] g=65, 32253 evaluated, 65 expanded
[t=0.531093s, 23560 KB] New best heuristic value for pinch: 119
[t=0.531138s, 23560 KB] g=65, 32257 evaluated, 65 expanded
[t=0.531251s, 23560 KB] New best heuristic value for pinch: 118
[t=0.531292s, 23560 KB] g=65, 32262 evaluated, 65 expanded
[t=0.532453s, 23560 KB] New best heuristic value for pinch: 117
[t=0.532504s, 23560 KB] g=65, 32341 evaluated, 65 expanded
[t=0.536861s, 23692 KB] New best heuristic value for pinch: 116
[t=0.536943s, 23692 KB] g=66, 32643 evaluated, 66 expanded
[t=0.537046s, 23692 KB] New best heuristic value for pinch: 115
[t=0.537088s, 23692 KB] g=66, 32647 evaluated, 66 expanded
[t=0.537201s, 23692 KB] New best heuristic value for pinch: 114
[t=0.537243s, 23692 KB] g=66, 32652 evaluated, 66 expanded
[t=0.538765s, 23692 KB] New best heuristic value for pinch: 113
[t=0.538818s, 23692 KB] g=66, 32756 evaluated, 66 expanded
[t=0.542751s, 23692 KB] New best heuristic value for pinch: 112
[t=0.542829s, 23692 KB] g=67, 33029 evaluated, 67 expanded
[t=0.542931s, 23692 KB] New best heuristic value for pinch: 111
[t=0.542973s, 23692 KB] g=67, 33033 evaluated, 67 expanded
[t=0.543086s, 23692 KB] New best heuristic value for pinch: 110
[t=0.543127s, 23692 KB] g=67, 33038 evaluated, 67 expanded
[t=0.544708s, 23692 KB] New best heuristic value for pinch: 109
[t=0.544764s, 23692 KB] g=67, 33145 evaluated, 67 expanded
[t=0.548605s, 23824 KB] New best heuristic value for pinch: 108
[t=0.548677s, 23824 KB] g=68, 33411 evaluated, 68 expanded
[t=0.54878s, 23824 KB] New best heuristic value for pinch: 107
[t=0.548822s, 23824 KB] g=68, 33415 evaluated, 68 expanded
[t=0.548935s, 23824 KB] New best heuristic value for pinch: 106
[t=0.54898s, 23824 KB] g=68, 33420 evaluated, 68 expanded
[t=0.551096s, 23824 KB] New best heuristic value for pinch: 105
[t=0.551161s, 23824 KB] g=68, 33566 evaluated, 68 expanded
[t=0.554384s, 23824 KB] New best heuristic value for pinch: 104
[t=0.554454s, 23824 KB] g=69, 33790 evaluated, 69 expanded
[t=0.554563s, 23824 KB] New best heuristic value for pinch: 103
[t=0.554607s, 23824 KB] g=69, 33794 evaluated, 69 expanded
[t=0.55472s, 23824 KB] New best heuristic value for pinch: 102
[t=0.554761s, 23824 KB] g=69, 33799 evaluated, 69 expanded
[t=0.556903s, 23824 KB] New best heuristic value for pinch: 101
[t=0.556967s, 23824 KB] g=69, 33947 evaluated, 69 expanded
[t=0.560078s, 23824 KB] New best heuristic value for pinch: 100
[t=0.560148s, 23824 KB] g=70, 34163 evaluated, 70 expanded
[t=0.56026s, 23824 KB] New best heuristic value for pinch: 99
[t=0.560302s, 23824 KB] g=70, 34167 evaluated, 70 expanded
[t=0.560415s, 23824 KB] New best heuristic value for pinch: 98
[t=0.560456s, 23824 KB] g=70, 34172 evaluated, 70 expanded
[t=0.563569s, 23956 KB] New best heuristic value for pinch: 97
[t=0.563633s, 23956 KB] g=70, 34388 evaluated, 70 expanded
[t=0.56571s, 23956 KB] New best heuristic value for pinch: 96
[t=0.565769s, 23956 KB] g=71, 34531 evaluated, 71 expanded
[t=0.565869s, 23956 KB] New best heuristic value for pinch: 95
[t=0.565911s, 23956 KB] g=71, 34535 evaluated, 71 expanded
[t=0.566033s, 23956 KB] New best heuristic value for pinch: 94
[t=0.566078s, 23956 KB] g=71, 34540 evaluated, 71 expanded
[t=0.569166s, 23956 KB] New best heuristic value for pinch: 93
[t=0.569234s, 23956 KB] g=71, 34755 evaluated, 71 expanded
[t=0.571268s, 23956 KB] New best heuristic value for pinch: 92
[t=0.571329s, 23956 KB] g=72, 34894 evaluated, 72 expanded
[t=0.57143s, 23956 KB] New best heuristic value for pinch: 91
[t=0.571472s, 23956 KB] g=72, 34898 evaluated, 72 expanded
[t=0.571585s, 23956 KB] New best heuristic value for pinch: 90
[t=0.571628s, 23956 KB] g=72, 34903 evaluated, 72 expanded
[t=0.574866s, 23956 KB] New best heuristic value for pinch: 89
[t=0.574936s, 23956 KB] g=72, 35129 evaluated, 72 expanded
[t=0.576758s, 24088 KB] New best heuristic value for pinch: 88
[t=0.576833s, 24088 KB] g=73, 35254 evaluated, 73 expanded
[t=0.576934s, 24088 KB] New best heuristic value for pinch: 87
[t=0.576976s, 24088 KB] g=73, 35258 evaluated, 73 expanded
[t=0.57709s, 24088 KB] New best heuristic value for pinch: 86
[t=0.577132s, 24088 KB] g=73, 35263 evaluated, 73 expanded
[t=0.580881s, 24088 KB] New best heuristic value for pinch: 85
[t=0.580956s, 24088 KB] g=73, 35525 evaluated, 73 expanded
[t=0.582207s, 24088 KB] New best heuristic value for pinch: 84
[t=0.582261s, 24088 KB] g=74, 35609 evaluated, 74 expanded
[t=0.582361s, 24088 KB] New best heuristic value for pinch: 83
[t=0.582403s, 24088 KB] g=74, 35613 evaluated, 74 expanded
[t=0.582515s, 24088 KB] New best heuristic value for pinch: 82
[t=0.582557s, 24088 KB] g=74, 35618 evaluated, 74 expanded
[t=0.586477s, 24088 KB] New best heuristic value for pinch: 81
[t=0.586551s, 24088 KB] g=74, 35893 evaluated, 74 expanded
[t=0.587551s, 24088 KB] New best heuristic value for pinch: 80
[t=0.587606s, 24088 KB] g=75, 35959 evaluated, 75 expanded
[t=0.587778s, 24088 KB] New best heuristic value for pinch: 78
[t=0.587822s, 24088 KB] g=75, 35968 evaluated, 75 expanded
[t=0.591712s, 24224 KB] New best heuristic value for pinch: 77
[t=0.591793s, 24224 KB] g=75, 36241 evaluated, 75 expanded
[t=0.592755s, 24224 KB] New best heuristic value for pinch: 76
[t=0.592805s, 24224 KB] g=76, 36304 evaluated, 76 expanded
[t=0.592974s, 24224 KB] New best heuristic value for pinch: 74
[t=0.593016s, 24224 KB] g=76, 36313 evaluated, 76 expanded
[t=0.597701s, 24224 KB] New best heuristic value for pinch: 73
[t=0.597783s, 24224 KB] g=77, 36643 evaluated, 77 expanded
[t=0.597997s, 24224 KB] New best heuristic value for pinch: 71
[t=0.598039s, 24224 KB] g=77, 36655 evaluated, 77 expanded
[t=0.602631s, 24224 KB] New best heuristic value for pinch: 70
[t=0.602713s, 24224 KB] g=78, 36976 evaluated, 78 expanded
[t=0.602899s, 24224 KB] New best heuristic value for pinch: 69
[t=0.60294s, 24224 KB] g=78, 36986 evaluated, 78 expanded
[t=0.603135s, 24224 KB] New best heuristic value for pinch: 68
[t=0.603186s, 24224 KB] g=78, 36997 evaluated, 78 expanded
[t=0.607541s, 24356 KB] New best heuristic value for pinch: 67
[t=0.607623s, 24356 KB] g=79, 37303 evaluated, 79 expanded
[t=0.6078s, 24356 KB] New best heuristic value for pinch: 66
[t=0.607842s, 24356 KB] g=79, 37312 evaluated, 79 expanded
[t=0.608607s, 24356 KB] New best heuristic value for pinch: 65
[t=0.608656s, 24356 KB] g=79, 37363 evaluated, 79 expanded
[t=0.612397s, 24356 KB] New best heuristic value for pinch: 64
[t=0.612473s, 24356 KB] g=80, 37623 evaluated, 80 expanded
[t=0.612646s, 24356 KB] New best heuristic value for pinch: 63
[t=0.612688s, 24356 KB] g=80, 37632 evaluated, 80 expanded
[t=0.614128s, 24356 KB] New best heuristic value for pinch: 62
[t=0.614187s, 24356 KB] g=80, 37731 evaluated, 80 expanded
[t=0.617122s, 24356 KB] New best heuristic value for pinch: 61
[t=0.617193s, 24356 KB] g=81, 37936 evaluated, 81 expanded
[t=0.617365s, 24488 KB] New best heuristic value for pinch: 60
[t=0.617416s, 24488 KB] g=81, 37945 evaluated, 81 expanded
[t=0.620401s, 24488 KB] New best heuristic value for pinch: 59
[t=0.620473s, 24488 KB] g=81, 38154 evaluated, 81 expanded
[t=0.621749s, 24488 KB] New best heuristic value for pinch: 58
[t=0.621807s, 24488 KB] g=82, 38240 evaluated, 82 expanded
[t=0.62198s, 24488 KB] New best heuristic value for pinch: 57
[t=0.622024s, 24488 KB] g=82, 38249 evaluated, 82 expanded
[t=0.624999s, 24488 KB] New best heuristic value for pinch: 56
[t=0.625069s, 24488 KB] g=82, 38456 evaluated, 82 expanded
[t=0.626273s, 24488 KB] New best heuristic value for pinch: 55
[t=0.626325s, 24488 KB] g=83, 38536 evaluated, 83 expanded
[t=0.626483s, 24488 KB] New best heuristic value for pinch: 54
[t=0.626525s, 24488 KB] g=83, 38544 evaluated, 83 expanded
[t=0.629488s, 24488 KB] New best heuristic value for pinch: 53
[t=0.629557s, 24488 KB] g=83, 38752 evaluated, 83 expanded
[t=0.630626s, 24488 KB] New best heuristic value for pinch: 52
[t=0.630681s, 24488 KB] g=84, 38823 evaluated, 84 expanded
[t=0.630841s, 24488 KB] New best heuristic value for pinch: 51
[t=0.630888s, 24488 KB] g=84, 38831 evaluated, 84 expanded
[t=0.634457s, 24620 KB] New best heuristic value for pinch: 50
[t=0.634541s, 24620 KB] g=84, 39078 evaluated, 84 expanded
[t=0.634952s, 24620 KB] New best heuristic value for pinch: 49
[t=0.635004s, 24620 KB] g=85, 39103 evaluated, 85 expanded
[t=0.635163s, 24620 KB] New best heuristic value for pinch: 48
[t=0.635207s, 24620 KB] g=85, 39111 evaluated, 85 expanded
[t=0.639054s, 24620 KB] New best heuristic value for pinch: 47
[t=0.639135s, 24620 KB] g=86, 39376 evaluated, 86 expanded
[t=0.639503s, 24620 KB] New best heuristic value for pinch: 46
[t=0.639548s, 24620 KB] g=86, 39398 evaluated, 86 expanded
[t=0.643063s, 24620 KB] New best heuristic value for pinch: 45
[t=0.64314s, 24620 KB] g=87, 39642 evaluated, 87 expanded
[t=0.643522s, 24620 KB] New best heuristic value for pinch: 44
[t=0.643565s, 24620 KB] g=87, 39665 evaluated, 87 expanded
[t=0.646979s, 24752 KB] New best heuristic value for pinch: 43
[t=0.647054s, 24752 KB] g=88, 39902 evaluated, 88 expanded
[t=0.64741s, 24752 KB] New best heuristic value for pinch: 42
[t=0.647453s, 24752 KB] g=88, 39923 evaluated, 88 expanded
[t=0.650822s, 24752 KB] New best heuristic value for pinch: 41
[t=0.650896s, 24752 KB] g=89, 40156 evaluated, 89 expanded
[t=0.651312s, 24752 KB] New best heuristic value for pinch: 40
[t=0.651359s, 24752 KB] g=89, 40181 evaluated, 89 expanded
[t=0.654549s, 24752 KB] New best heuristic value for pinch: 39
[t=0.654617s, 24752 KB] g=90, 40402 evaluated, 90 expanded
[t=0.655023s, 24752 KB] New best heuristic value for pinch: 38
[t=0.655073s, 24752 KB] g=90, 40427 evaluated, 90 expanded
[t=0.658171s, 24752 KB] New best heuristic value for pinch: 37
[t=0.658243s, 24752 KB] g=91, 40641 evaluated, 91 expanded
[t=0.65894s, 24752 KB] New best heuristic value for pinch: 36
[t=0.658984s, 24752 KB] g=91, 40686 evaluated, 91 expanded
[t=0.661725s, 24884 KB] New best heuristic value for pinch: 35
[t=0.661788s, 24884 KB] g=92, 40876 evaluated, 92 expanded
[t=0.662684s, 24884 KB] New best heuristic value for pinch: 34
[t=0.662737s, 24884 KB] g=92, 40936 evaluated, 92 expanded
[t=0.665186s, 24884 KB] New best heuristic value for pinch: 33
[t=0.66525s, 24884 KB] g=93, 41102 evaluated, 93 expanded
[t=0.66635s, 24884 KB] New best heuristic value for pinch: 32
[t=0.666397s, 24884 KB] g=93, 41176 evaluated, 93 expanded
[t=0.668514s, 24884 KB] New best heuristic value for pinch: 31
[t=0.668576s, 24884 KB] g=94, 41321 evaluated, 94 expanded
[t=0.669708s, 24884 KB] New best heuristic value for pinch: 30
[t=0.669758s, 24884 KB] g=94, 41396 evaluated, 94 expanded
[t=0.671837s, 24884 KB] New best heuristic value for pinch: 29
[t=0.6719s, 24884 KB] g=95, 41537 evaluated, 95 expanded
[t=0.673094s, 24884 KB] New best heuristic value for pinch: 28
[t=0.673147s, 24884 KB] g=95, 41618 evaluated, 95 expanded
[t=0.675037s, 25020 KB] New best heuristic value for pinch: 27
[t=0.6751s, 25020 KB] g=96, 41745 evaluated, 96 expanded
[t=0.676562s, 25020 KB] New best heuristic value for pinch: 26
[t=0.676615s, 25020 KB] g=96, 41844 evaluated, 96 expanded
[t=0.67813s, 25020 KB] New best heuristic value for pinch: 25
[t=0.678187s, 25020 KB] g=97, 41946 evaluated, 97 expanded
[t=0.680005s, 25020 KB] New best heuristic value for pinch: 24
[t=0.680066s, 25020 KB] g=97, 42069 evaluated, 97 expanded
[t=0.681126s, 25020 KB] New best heuristic value for pinch: 23
[t=0.681175s, 25020 KB] g=98, 42139 evaluated, 98 expanded
[t=0.682977s, 25020 KB] New best heuristic value for pinch: 22
[t=0.683036s, 25020 KB] g=98, 42262 evaluated, 98 expanded
[t=0.684018s, 25020 KB] New best heuristic value for pinch: 21
[t=0.68407s, 25020 KB] g=99, 42326 evaluated, 99 expanded
[t=0.686518s, 25020 KB] New best heuristic value for pinch: 20
[t=0.686583s, 25020 KB] g=99, 42493 evaluated, 99 expanded
[t=0.68682s, 25020 KB] New best heuristic value for pinch: 19
[t=0.686862s, 25020 KB] g=100, 42505 evaluated, 100 expanded
[t=0.689406s, 25152 KB] New best heuristic value for pinch: 18
[t=0.689482s, 25152 KB] g=101, 42677 evaluated, 101 expanded
[t=0.691998s, 25152 KB] New best heuristic value for pinch: 17
[t=0.692067s, 25152 KB] g=102, 42847 evaluated, 102 expanded
[t=0.694528s, 25152 KB] New best heuristic value for pinch: 16
[t=0.694591s, 25152 KB] g=103, 43013 evaluated, 103 expanded
[t=0.696985s, 25152 KB] New best heuristic value for pinch: 15
[t=0.697053s, 25152 KB] g=104, 43174 evaluated, 104 expanded
[t=0.699339s, 25152 KB] New best heuristic value for pinch: 14
[t=0.699402s, 25152 KB] g=105, 43328 evaluated, 105 expanded
[t=0.701654s, 25152 KB] New best heuristic value for pinch: 13
[t=0.701718s, 25152 KB] g=106, 43478 evaluated, 106 expanded
[t=0.703889s, 25284 KB] New best heuristic value for pinch: 12
[t=0.703951s, 25284 KB] g=107, 43623 evaluated, 107 expanded
[t=0.706132s, 25284 KB] New best heuristic value for pinch: 11
[t=0.706199s, 25284 KB] g=108, 43769 evaluated, 108 expanded
[t=0.708228s, 25284 KB] New best heuristic value for pinch: 10
[t=0.708287s, 25284 KB] g=109, 43905 evaluated, 109 expanded
[t=0.710252s, 25284 KB] New best heuristic value for pinch: 9
[t=0.710314s, 25284 KB] g=110, 44036 evaluated, 110 expanded
[t=0.71222s, 25284 KB] New best heuristic value for pinch: 8
[t=0.712281s, 25284 KB] g=111, 44162 evaluated, 111 expanded
[t=0.714235s, 25284 KB] New best heuristic value for pinch: 7
[t=0.714296s, 25284 KB] g=112, 44291 evaluated, 112 expanded
[t=0.716109s, 25284 KB] New best heuristic value for pinch: 6
[t=0.716167s, 25284 KB] g=113, 44409 evaluated, 113 expanded
[t=0.717848s, 25284 KB] New best heuristic value for pinch: 5
[t=0.717906s, 25284 KB] g=114, 44519 evaluated, 114 expanded
[t=0.719498s, 25416 KB] New best heuristic value for pinch: 4
[t=0.719556s, 25416 KB] g=115, 44621 evaluated, 115 expanded
[t=0.721089s, 25416 KB] New best heuristic value for pinch: 3
[t=0.721148s, 25416 KB] g=116, 44721 evaluated, 116 expanded
[t=0.722613s, 25416 KB] New best heuristic value for pinch: 2
[t=0.722669s, 25416 KB] g=117, 44815 evaluated, 117 expanded
[t=0.724163s, 25416 KB] New best heuristic value for pinch: 1
[t=0.724219s, 25416 KB] g=118, 44911 evaluated, 118 expanded
[t=0.725662s, 25416 KB] New best heuristic value for pinch: 0
[t=0.725721s, 25416 KB] g=119, 45004 evaluated, 119 expanded
[t=0.726485s, 25416 KB] Solution found!
[t=0.726559s, 25416 KB] Actual search time: 0.707551s
workat d109 ber (1)
workat d72 fra (1)
workat d87 fra (1)
workat d75 fra (1)
workat d89 ber (1)
workat d83 ham (1)
workat d196 ber (1)
workat d166 ham (1)
workat d64 fra (1)
workat d42 ham (1)
workat d27 ham (1)
workat d108 ham (1)
workat d56 ham (1)
workat d55 ham (1)
workat d32 ber (1)
workat d86 ber (1)
workat d61 ber (1)
workat d50 ham (1)
workat d48 ham (1)
workat d31 ber (1)
workat d191 ber (1)
workat d98 ham (1)
workat d94 ham (1)
workat d180 ham (1)
workat d11 ber (1)
workat d101 fra (1)
workat d7 ber (1)
workat d65 ham (1)
workat d35 ber (1)
workat d14 ber (1)
workat d52 ham (1)
workat d5 fra (1)
workat d43 fra (1)
workat d3 fra (1)
workat d133 ham (1)
workat d129 fra (1)
workat d125 ham (1)
workat d122 ber (1)
workat d115 ham (1)
workat d9 ham (1)
workat d51 ham (1)
workat d17 ber (1)
workat d132 ber (1)
workat d120 ham (1)
workat d10 fra (1)
workat d99 fra (1)
workat d93 ber (1)
workat d80 ham (1)
workat d68 ham (1)
workat d199 ber (1)
workat d195 ber (1)
workat d188 ham (1)
workat d152 ber (1)
workat d106 fra (1)
workat d84 ber (1)
workat d77 ham (1)
workat d74 ham (1)
workat d60 ber (1)
workat d18 ber (1)
workat d175 fra (1)
workat d13 ham (1)
workat d126 fra (1)
workat d100 ber (1)
workat d95 ber (1)
workat d45 ham (1)
workat d33 ber (1)
workat d29 ham (1)
workat d192 fra (1)
workat d189 ber (1)
workat d160 ber (1)
workat d16 fra (1)
workat d155 ber (1)
workat d141 ber (1)
workat d135 ber (1)
workat d134 ber (1)
workat d91 fra (1)
workat d88 ham (1)
workat d79 ber (1)
workat d53 fra (1)
workat d22 ham (1)
workat d148 fra (1)
workat d147 ham (1)
workat d143 ber (1)
workat d113 ber (1)
workat d85 ber (1)
workat d70 ham (1)
workat d69 ham (1)
workat d67 ber (1)
workat d62 fra (1)
workat d6 fra (1)
workat d4 ham (1)
workat d28 ham (1)
workat d197 ham (1)
workat d193 ber (1)
workat d184 ber (1)
workat d171 ber (1)
workat d151 ber (1)
workat d150 fra (1)
workat d107 ham (1)
workat d92 ham (1)
workat d81 ber (1)
workat d73 ber (1)
workat d66 fra (1)
workat d58 fra (1)
workat d57 fra (1)
workat d49 fra (1)
workat d47 ber (1)
workat d39 fra (1)
workat d38 fra (1)
workat d37 ham (1)
workat d36 ber (1)
workat d200 ber (1)
workat d198 ham (1)
workat d187 fra (1)
workat d186 ber (1)
workat d185 fra (1)
workat d183 ber (1)
workat d177 ham (1)
workat d170 fra (1)
[t=0.726605s, 25416 KB] Plan length: 119 step(s).
[t=0.726605s, 25416 KB] Plan cost: 119
[t=0.726605s, 25416 KB] Expanded 120 state(s).
[t=0.726605s, 25416 KB] Reopened 0 state(s).
[t=0.726605s, 25416 KB] Evaluated 45051 state(s).
[t=0.726605s, 25416 KB] Evaluations: 45051
[t=0.726605s, 25416 KB] Generated 50337 state(s).
[t=0.726605s, 25416 KB] Dead ends: 33 state(s).
[t=0.726605s, 25416 KB] Number of registered states: 45051
[t=0.726605s, 25416 KB] Int hash set load factor: 45051/65536 = 0.687424
[t=0.726605s, 25416 KB] Int hash set resizes: 16
[t=0.726605s, 25416 KB] mean number of q cost that have been adjusted 0 times in relation to total number of q: -1
[t=0.726605s, 25416 KB] mean number of q cost that have been adjusted 1 times in relation to total number of q: -1
[t=0.726605s, 25416 KB] mean number of q cost that have been adjusted 2 times in relation to total number of q: -1
[t=0.726605s, 25416 KB] mean number of q that are at some point overconsitent in relation to total number of q: -1
[t=0.726605s, 25416 KB] mean number of q that are at first underconsisten in relation to total number of q: -1
[t=0.726605s, 25416 KB] mean number of state variables that are not in common between two following states in relation to total number of state variables: -1
[t=0.726605s, 25416 KB] variance number of state variables that are not in common between two following states in relation to total number of state variables: -1
[t=0.726605s, 25416 KB] Search time: 0.708307s
[t=0.726605s, 25416 KB] Total time: 0.726605s
Solution found.
Peak memory: 25416 KB
Remove intermediate file output.sas
search exit code: 0

INFO     Running validate.
INFO     validate stdin: None
INFO     validate time limit: None
INFO     validate memory limit: None
INFO     validate command line string: validate domain.pddl problem.pddl sas_plan
