INFO     Running translator.
INFO     translator stdin: None
INFO     translator time limit: 1799.95s
INFO     translator memory limit: 3584 MB
INFO     translator command line string: /infai/weidan00/downward/experiments/bachelor/.venv/bin/python3 /infai/weidan00/downward/experiments/bachelor/data/bachelor-v1/code-7aa5f34_e5e41175/builds/release/bin/translate/translate.py domain.pddl problem.pddl --sas-file output.sas
Parsing...
Parsing: [0.000s CPU, 0.004s wall-clock]
Normalizing task... [0.000s CPU, 0.000s wall-clock]
Instantiating...
Generating Datalog program... [0.000s CPU, 0.001s wall-clock]
Normalizing Datalog program...
Normalizing Datalog program: [0.010s CPU, 0.007s wall-clock]
Preparing model... [0.000s CPU, 0.002s wall-clock]
Generated 91 rules.
Computing model... [0.010s CPU, 0.009s wall-clock]
252 relevant atoms
616 auxiliary atoms
868 final queue length
1218 total queue pushes
Completing instantiation... [0.010s CPU, 0.008s wall-clock]
Instantiating: [0.030s CPU, 0.027s wall-clock]
Computing fact groups...
Finding invariants...
18 initial candidates
Finding invariants: [0.010s CPU, 0.016s wall-clock]
Checking invariant weight... [0.000s CPU, 0.000s wall-clock]
Instantiating groups... [0.000s CPU, 0.000s wall-clock]
Collecting mutex groups... [0.000s CPU, 0.000s wall-clock]
Choosing groups...
42 uncovered facts
Choosing groups: [0.000s CPU, 0.000s wall-clock]
Building translation key... [0.000s CPU, 0.000s wall-clock]
Computing fact groups: [0.010s CPU, 0.017s wall-clock]
Building STRIPS to SAS dictionary... [0.000s CPU, 0.000s wall-clock]
Building dictionary for full mutex groups... [0.000s CPU, 0.000s wall-clock]
Building mutex information...
Building mutex information: [0.000s CPU, 0.000s wall-clock]
Translating task...
Processing axioms...
Simplifying axioms... [0.000s CPU, 0.000s wall-clock]
Processing axioms: [0.000s CPU, 0.000s wall-clock]
Translating task: [0.010s CPU, 0.008s wall-clock]
336 effect conditions simplified
0 implied preconditions added
Detecting unreachable propositions...
0 operators removed
0 axioms removed
8 propositions removed
Detecting unreachable propositions: [0.010s CPU, 0.005s wall-clock]
Reordering and filtering variables...
42 of 42 variables necessary.
0 of 0 mutex groups necessary.
128 of 128 operators necessary.
0 of 0 axiom rules necessary.
Reordering and filtering variables: [0.000s CPU, 0.004s wall-clock]
Translator variables: 42
Translator derived variables: 0
Translator facts: 84
Translator goal facts: 2
Translator mutex groups: 0
Translator total mutex groups size: 0
Translator operators: 128
Translator axioms: 0
Translator task size: 1208
Translator peak memory: 143308 KB
Writing output... [0.000s CPU, 0.006s wall-clock]
Done! [0.060s CPU, 0.073s wall-clock]
translate exit code: 0

INFO     Running search (release).
INFO     search stdin: output.sas
INFO     search time limit: 1799.82s
INFO     search memory limit: 3584 MB
INFO     search command line string: /infai/weidan00/downward/experiments/bachelor/data/bachelor-v1/code-7aa5f34_e5e41175/builds/release/bin/downward --search 'eager_wastar([pinch_tracking()], w=2)' --internal-plan-file sas_plan < output.sas
[t=6.8105e-05s, 17204 KB] reading input...
[t=0.00166178s, 17212 KB] done reading input!
[t=0.00366961s, 17616 KB] Simplifying 696 unary operators... done! [696 unary operators]
[t=0.00413128s, 17616 KB] time to simplify: 0.000529574s
[t=0.00427298s, 17616 KB] Initializing pinch tracking heuristic...
[t=0.00439952s, 17616 KB] Building successor generator...done!
[t=0.00461259s, 17616 KB] peak memory difference for successor generator creation: 0 KB
[t=0.0046509s, 17616 KB] time for successor generation creation: 9.2396e-05s
[t=0.00469923s, 17616 KB] Variables: 42
[t=0.00473901s, 17616 KB] FactPairs: 84
[t=0.00477858s, 17616 KB] Bytes per state: 8
[t=0.004924s, 17616 KB] Conducting best first search with reopening closed nodes, (real) bound = 2147483647
[t=0.00509817s, 17616 KB] New best heuristic value for pinch_tracking: 5
[t=0.00514296s, 17616 KB] g=0, 1 evaluated, 0 expanded
[t=0.00519503s, 17616 KB] Initial heuristic value for pinch_tracking: 5
[t=0.00523693s, 17616 KB] pruning method: none
[t=0.00531629s, 17616 KB] New best heuristic value for pinch_tracking: 4
[t=0.00535731s, 17616 KB] g=1, 2 evaluated, 1 expanded
[t=0.00574874s, 17616 KB] New best heuristic value for pinch_tracking: 3
[t=0.00582676s, 17616 KB] g=2, 12 evaluated, 2 expanded
[t=0.00604047s, 17616 KB] New best heuristic value for pinch_tracking: 2
[t=0.00608502s, 17616 KB] g=3, 17 evaluated, 3 expanded
[t=0.00636218s, 17616 KB] New best heuristic value for pinch_tracking: 1
[t=0.00640834s, 17616 KB] g=4, 23 evaluated, 4 expanded
[t=0.00650226s, 17616 KB] New best heuristic value for pinch_tracking: 0
[t=0.00654456s, 17616 KB] g=5, 24 evaluated, 5 expanded
[t=0.00662065s, 17616 KB] Solution found!
[t=0.00666323s, 17616 KB] Actual search time: 0.00142277s
pop-unitarypipe s13 b1 a1 a3 b5 lco oca1 (1)
push-unitarypipe s12 b5 a1 a2 b4 oca1 lco (1)
push-unitarypipe s12 b0 a1 a2 b5 oc1b oca1 (1)
push-unitarypipe s13 b2 a1 a3 b1 gasoleo lco (1)
push-unitarypipe s13 b3 a1 a3 b2 rat-a gasoleo (1)
[t=0.0067072s, 17616 KB] Plan length: 5 step(s).
[t=0.0067072s, 17616 KB] Plan cost: 5
[t=0.0067072s, 17616 KB] Expanded 6 state(s).
[t=0.0067072s, 17616 KB] Reopened 0 state(s).
[t=0.0067072s, 17616 KB] Evaluated 25 state(s).
[t=0.0067072s, 17616 KB] Evaluations: 25
[t=0.0067072s, 17616 KB] Generated 29 state(s).
[t=0.0067072s, 17616 KB] Dead ends: 0 state(s).
[t=0.0067072s, 17616 KB] Number of registered states: 25
[t=0.0067072s, 17616 KB] Int hash set load factor: 25/32 = 0.78125
[t=0.0067072s, 17616 KB] Int hash set resizes: 5
[t=0.0067072s, 17616 KB] mean number of q cost that have been adjusted 0 times in relation to total number of q: -1
[t=0.0067072s, 17616 KB] mean number of q cost that have been adjusted 1 times in relation to total number of q: -1
[t=0.0067072s, 17616 KB] mean number of q cost that have been adjusted 2 times in relation to total number of q: -1
[t=0.0067072s, 17616 KB] mean number of q that are at some point overconsitent in relation to total number of q: -1
[t=0.0067072s, 17616 KB] mean number of q that are at first underconsisten in relation to total number of q: -1
[t=0.0067072s, 17616 KB] mean number of state variables that are not in common between two following states in relation to total number of state variables: -1
[t=0.0067072s, 17616 KB] variance number of state variables that are not in common between two following states in relation to total number of state variables: -1
[t=0.0067072s, 17616 KB] Search time: 0.00178375s
[t=0.0067072s, 17616 KB] Total time: 0.0067072s
Solution found.
Peak memory: 17616 KB
Remove intermediate file output.sas
search exit code: 0

INFO     Running validate.
INFO     validate stdin: None
INFO     validate time limit: None
INFO     validate memory limit: None
INFO     validate command line string: validate domain.pddl problem.pddl sas_plan
