INFO     Running translator.
INFO     translator stdin: None
INFO     translator time limit: 1799.95s
INFO     translator memory limit: 3584 MB
INFO     translator command line string: /infai/weidan00/downward/experiments/bachelor/.venv/bin/python3 /infai/weidan00/downward/experiments/bachelor/data/bachelor-v1/code-7aa5f34_e5e41175/builds/release/bin/translate/translate.py domain.pddl problem.pddl --sas-file output.sas
Parsing...
Parsing: [0.000s CPU, 0.003s wall-clock]
Normalizing task... [0.000s CPU, 0.000s wall-clock]
Instantiating...
Generating Datalog program... [0.000s CPU, 0.000s wall-clock]
Normalizing Datalog program...
Normalizing Datalog program: [0.000s CPU, 0.003s wall-clock]
Preparing model... [0.000s CPU, 0.001s wall-clock]
Generated 43 rules.
Computing model... [0.010s CPU, 0.004s wall-clock]
165 relevant atoms
239 auxiliary atoms
404 final queue length
516 total queue pushes
Completing instantiation... [0.000s CPU, 0.003s wall-clock]
Instantiating: [0.010s CPU, 0.012s wall-clock]
Computing fact groups...
Finding invariants...
16 initial candidates
Finding invariants: [0.000s CPU, 0.006s wall-clock]
Checking invariant weight... [0.000s CPU, 0.000s wall-clock]
Instantiating groups... [0.000s CPU, 0.000s wall-clock]
Collecting mutex groups... [0.000s CPU, 0.000s wall-clock]
Choosing groups...
17 uncovered facts
Choosing groups: [0.000s CPU, 0.000s wall-clock]
Building translation key... [0.000s CPU, 0.000s wall-clock]
Computing fact groups: [0.000s CPU, 0.007s wall-clock]
Building STRIPS to SAS dictionary... [0.000s CPU, 0.000s wall-clock]
Building dictionary for full mutex groups... [0.000s CPU, 0.000s wall-clock]
Building mutex information...
Building mutex information: [0.000s CPU, 0.000s wall-clock]
Translating task...
Processing axioms...
Simplifying axioms... [0.000s CPU, 0.000s wall-clock]
Processing axioms: [0.010s CPU, 0.000s wall-clock]
Translating task: [0.010s CPU, 0.004s wall-clock]
77 effect conditions simplified
0 implied preconditions added
Detecting unreachable propositions...
0 operators removed
0 axioms removed
15 propositions removed
Detecting unreachable propositions: [0.000s CPU, 0.002s wall-clock]
Reordering and filtering variables...
12 of 14 variables necessary.
1 of 4 mutex groups necessary.
58 of 58 operators necessary.
0 of 0 axiom rules necessary.
Reordering and filtering variables: [0.000s CPU, 0.001s wall-clock]
Translator variables: 12
Translator derived variables: 0
Translator facts: 39
Translator goal facts: 2
Translator mutex groups: 1
Translator total mutex groups size: 3
Translator operators: 58
Translator axioms: 0
Translator task size: 475
Translator peak memory: 142796 KB
Writing output... [0.000s CPU, 0.003s wall-clock]
Done! [0.020s CPU, 0.033s wall-clock]
translate exit code: 0

INFO     Running search (release).
INFO     search stdin: output.sas
INFO     search time limit: 1799.86s
INFO     search memory limit: 3584 MB
INFO     search command line string: /infai/weidan00/downward/experiments/bachelor/data/bachelor-v1/code-7aa5f34_e5e41175/builds/release/bin/downward --search 'eager_wastar([pinch()], w=2)' --internal-plan-file sas_plan < output.sas
[t=6.8766e-05s, 17204 KB] reading input...
[t=0.000841734s, 17212 KB] done reading input!
[t=0.00277556s, 17476 KB] Simplifying 204 unary operators... done! [180 unary operators]
[t=0.00299967s, 17476 KB] time to simplify: 0.000277856s
[t=0.00308812s, 17476 KB] Initializing pinch heuristic...
[t=0.00320996s, 17476 KB] Building successor generator...done!
[t=0.00340088s, 17476 KB] peak memory difference for successor generator creation: 0 KB
[t=0.0034499s, 17476 KB] time for successor generation creation: 6.1733e-05s
[t=0.00349894s, 17476 KB] Variables: 12
[t=0.00353943s, 17476 KB] FactPairs: 39
[t=0.00357967s, 17476 KB] Bytes per state: 4
[t=0.00370189s, 17476 KB] Conducting best first search with reopening closed nodes, (real) bound = 2147483647
[t=0.00382975s, 17476 KB] New best heuristic value for pinch: 8
[t=0.00387473s, 17476 KB] g=0, 1 evaluated, 0 expanded
[t=0.00392288s, 17476 KB] Initial heuristic value for pinch: 8
[t=0.00396609s, 17476 KB] pruning method: none
[t=0.00406615s, 17476 KB] New best heuristic value for pinch: 6
[t=0.00410951s, 17476 KB] g=1, 3 evaluated, 1 expanded
[t=0.00416874s, 17476 KB] New best heuristic value for pinch: 4
[t=0.00421072s, 17476 KB] g=2, 4 evaluated, 2 expanded
[t=0.00435545s, 17476 KB] New best heuristic value for pinch: 3
[t=0.00439871s, 17476 KB] g=4, 9 evaluated, 4 expanded
[t=0.00485707s, 17476 KB] New best heuristic value for pinch: 2
[t=0.00490948s, 17476 KB] g=6, 32 evaluated, 13 expanded
[t=0.00501138s, 17476 KB] New best heuristic value for pinch: 1
[t=0.00505735s, 17476 KB] g=7, 35 evaluated, 14 expanded
[t=0.00520858s, 17476 KB] New best heuristic value for pinch: 0
[t=0.00525413s, 17476 KB] g=8, 40 evaluated, 15 expanded
[t=0.00529769s, 17476 KB] Solution found!
[t=0.00534201s, 17476 KB] Actual search time: 0.00137261s
move hoist0 depot0-1-1 depot0-2-1 (1)
go-out hoist0 depot0-2-1 loadarea (1)
lift hoist0 crate0 container-0-0 loadarea container0 (1)
go-in hoist0 loadarea depot0-2-1 (1)
drop hoist0 crate0 depot0-1-1 depot0-2-1 depot0 (1)
go-out hoist0 depot0-2-1 loadarea (1)
lift hoist0 crate1 container-0-1 loadarea container0 (1)
drop hoist0 crate1 depot0-2-1 loadarea depot0 (1)
[t=0.00538627s, 17476 KB] Plan length: 8 step(s).
[t=0.00538627s, 17476 KB] Plan cost: 8
[t=0.00538627s, 17476 KB] Expanded 16 state(s).
[t=0.00538627s, 17476 KB] Reopened 0 state(s).
[t=0.00538627s, 17476 KB] Evaluated 40 state(s).
[t=0.00538627s, 17476 KB] Evaluations: 40
[t=0.00538627s, 17476 KB] Generated 53 state(s).
[t=0.00538627s, 17476 KB] Dead ends: 0 state(s).
[t=0.00538627s, 17476 KB] Number of registered states: 40
[t=0.00538627s, 17476 KB] Int hash set load factor: 40/64 = 0.625
[t=0.00538627s, 17476 KB] Int hash set resizes: 6
[t=0.00538627s, 17476 KB] mean number of q cost that have been adjusted 0 times in relation to total number of q: -1
[t=0.00538627s, 17476 KB] mean number of q cost that have been adjusted 1 times in relation to total number of q: -1
[t=0.00538627s, 17476 KB] mean number of q cost that have been adjusted 2 times in relation to total number of q: -1
[t=0.00538627s, 17476 KB] mean number of q that are at some point overconsitent in relation to total number of q: -1
[t=0.00538627s, 17476 KB] mean number of q that are at first underconsisten in relation to total number of q: -1
[t=0.00538627s, 17476 KB] mean number of state variables that are not in common between two following states in relation to total number of state variables: -1
[t=0.00538627s, 17476 KB] variance number of state variables that are not in common between two following states in relation to total number of state variables: -1
[t=0.00538627s, 17476 KB] Search time: 0.00168526s
[t=0.00538627s, 17476 KB] Total time: 0.00538627s
Solution found.
Peak memory: 17476 KB
Remove intermediate file output.sas
search exit code: 0

INFO     Running validate.
INFO     validate stdin: None
INFO     validate time limit: None
INFO     validate memory limit: None
INFO     validate command line string: validate domain.pddl problem.pddl sas_plan
