INFO     Running translator.
INFO     translator stdin: None
INFO     translator time limit: 1799.96s
INFO     translator memory limit: 3584 MB
INFO     translator command line string: /infai/weidan00/downward/experiments/bachelor/.venv/bin/python3 /infai/weidan00/downward/experiments/bachelor/data/bachelor-v1/code-7aa5f34_e5e41175/builds/release/bin/translate/translate.py domain.pddl problem.pddl --sas-file output.sas
Parsing...
Parsing: [0.010s CPU, 0.004s wall-clock]
Normalizing task... [0.000s CPU, 0.000s wall-clock]
Instantiating...
Generating Datalog program... [0.000s CPU, 0.001s wall-clock]
Normalizing Datalog program...
Normalizing Datalog program: [0.010s CPU, 0.006s wall-clock]
Preparing model... [0.000s CPU, 0.003s wall-clock]
Generated 91 rules.
Computing model... [0.340s CPU, 0.342s wall-clock]
13399 relevant atoms
17522 auxiliary atoms
30921 final queue length
66165 total queue pushes
Completing instantiation... [0.850s CPU, 0.849s wall-clock]
Instantiating: [1.210s CPU, 1.210s wall-clock]
Computing fact groups...
Finding invariants...
18 initial candidates
Finding invariants: [0.020s CPU, 0.024s wall-clock]
Checking invariant weight... [0.000s CPU, 0.000s wall-clock]
Instantiating groups... [0.000s CPU, 0.000s wall-clock]
Collecting mutex groups... [0.000s CPU, 0.000s wall-clock]
Choosing groups...
1093 uncovered facts
Choosing groups: [0.000s CPU, 0.000s wall-clock]
Building translation key... [0.010s CPU, 0.005s wall-clock]
Computing fact groups: [0.040s CPU, 0.041s wall-clock]
Building STRIPS to SAS dictionary... [0.000s CPU, 0.001s wall-clock]
Building dictionary for full mutex groups... [0.000s CPU, 0.001s wall-clock]
Building mutex information...
Building mutex information: [0.000s CPU, 0.001s wall-clock]
Translating task...
Processing axioms...
Simplifying axioms... [0.000s CPU, 0.000s wall-clock]
Processing axioms: [0.030s CPU, 0.030s wall-clock]
Translating task: [0.930s CPU, 0.935s wall-clock]
24992 effect conditions simplified
0 implied preconditions added
Detecting unreachable propositions...
0 operators removed
0 axioms removed
8 propositions removed
Detecting unreachable propositions: [0.530s CPU, 0.528s wall-clock]
Reordering and filtering variables...
1097 of 1097 variables necessary.
0 of 4 mutex groups necessary.
12104 of 12104 operators necessary.
0 of 0 axiom rules necessary.
Reordering and filtering variables: [0.710s CPU, 0.719s wall-clock]
Translator variables: 1097
Translator derived variables: 0
Translator facts: 2198
Translator goal facts: 5
Translator mutex groups: 0
Translator total mutex groups size: 0
Translator operators: 12104
Translator axioms: 0
Translator task size: 111172
Translator peak memory: 227540 KB
Writing output... [0.200s CPU, 0.217s wall-clock]
Done! [3.670s CPU, 3.695s wall-clock]
translate exit code: 0

INFO     Running search (release).
INFO     search stdin: output.sas
INFO     search time limit: 1796.22s
INFO     search memory limit: 3584 MB
INFO     search command line string: /infai/weidan00/downward/experiments/bachelor/data/bachelor-v1/code-7aa5f34_e5e41175/builds/release/bin/downward --search 'eager_wastar([pinch()], w=2)' --internal-plan-file sas_plan < output.sas
[t=6.2281e-05s, 17204 KB] reading input...
[t=0.110691s, 22176 KB] done reading input!
[t=0.121258s, 25892 KB] Simplifying 60800 unary operators... done! [60800 unary operators]
[t=0.201733s, 31668 KB] time to simplify: 0.0842995s
[t=0.209865s, 31668 KB] Initializing pinch heuristic...
[t=0.210134s, 31668 KB] Building successor generator...done!
[t=0.217701s, 31668 KB] peak memory difference for successor generator creation: 0 KB
[t=0.217749s, 31668 KB] time for successor generation creation: 0.00738705s
[t=0.217918s, 31668 KB] Variables: 1097
[t=0.217966s, 31668 KB] FactPairs: 2198
[t=0.218006s, 31668 KB] Bytes per state: 140
[t=0.21816s, 31668 KB] Conducting best first search with reopening closed nodes, (real) bound = 2147483647
[t=0.224329s, 31668 KB] New best heuristic value for pinch: 78
[t=0.224429s, 31668 KB] g=0, 1 evaluated, 0 expanded
[t=0.224491s, 31668 KB] Initial heuristic value for pinch: 78
[t=0.224533s, 31668 KB] pruning method: none
[t=0.228134s, 31668 KB] New best heuristic value for pinch: 77
[t=0.228228s, 31668 KB] g=1, 3 evaluated, 1 expanded
[t=0.231401s, 31668 KB] New best heuristic value for pinch: 76
[t=0.231483s, 31668 KB] g=1, 4 evaluated, 1 expanded
[t=0.248533s, 31668 KB] New best heuristic value for pinch: 74
[t=0.248645s, 31668 KB] g=1, 11 evaluated, 1 expanded
[t=0.313686s, 31668 KB] New best heuristic value for pinch: 72
[t=0.3138s, 31668 KB] g=2, 30 evaluated, 2 expanded
[t=0.374038s, 31668 KB] New best heuristic value for pinch: 71
[t=0.374155s, 31668 KB] g=3, 49 evaluated, 3 expanded
[t=0.380102s, 31668 KB] New best heuristic value for pinch: 68
[t=0.380206s, 31668 KB] g=3, 51 evaluated, 3 expanded
[t=0.438398s, 31668 KB] New best heuristic value for pinch: 67
[t=0.43852s, 31668 KB] g=4, 71 evaluated, 4 expanded
[t=0.444446s, 31668 KB] New best heuristic value for pinch: 66
[t=0.444545s, 31668 KB] g=4, 73 evaluated, 4 expanded
[t=0.465277s, 31668 KB] New best heuristic value for pinch: 65
[t=0.465386s, 31668 KB] g=4, 83 evaluated, 4 expanded
[t=0.508524s, 31668 KB] New best heuristic value for pinch: 64
[t=0.50864s, 31668 KB] g=5, 96 evaluated, 5 expanded
[t=0.514779s, 31668 KB] New best heuristic value for pinch: 63
[t=0.514884s, 31668 KB] g=5, 98 evaluated, 5 expanded
[t=1.04244s, 31668 KB] New best heuristic value for pinch: 61
[t=1.04256s, 31668 KB] g=8, 267 evaluated, 16 expanded
[t=1.0439s, 31668 KB] New best heuristic value for pinch: 56
[t=1.04397s, 31668 KB] g=8, 269 evaluated, 16 expanded
[t=1.47337s, 31668 KB] New best heuristic value for pinch: 55
[t=1.47349s, 31668 KB] g=10, 427 evaluated, 31 expanded
[t=2.54385s, 31668 KB] New best heuristic value for pinch: 50
[t=2.54397s, 31668 KB] g=11, 806 evaluated, 65 expanded
[t=2.58669s, 31668 KB] New best heuristic value for pinch: 42
[t=2.58682s, 31668 KB] g=13, 821 evaluated, 67 expanded
[t=5.3107s, 31668 KB] New best heuristic value for pinch: 38
[t=5.31083s, 31668 KB] g=15, 1732 evaluated, 211 expanded
[t=8.5198s, 31668 KB] New best heuristic value for pinch: 37
[t=8.51995s, 31668 KB] g=17, 2790 evaluated, 376 expanded
[t=34.9091s, 32104 KB] New best heuristic value for pinch: 34
[t=34.9093s, 32104 KB] g=22, 11759 evaluated, 1714 expanded
[t=35.4345s, 32104 KB] New best heuristic value for pinch: 33
[t=35.4346s, 32104 KB] g=25, 11969 evaluated, 1727 expanded
[t=37.2506s, 32240 KB] New best heuristic value for pinch: 32
[t=37.2507s, 32240 KB] g=28, 12659 evaluated, 1797 expanded
[t=488.762s, 60392 KB] New best heuristic value for pinch: 31
[t=488.762s, 60392 KB] g=29, 176670 evaluated, 21670 expanded, 31 reopened
[t=489.708s, 60392 KB] New best heuristic value for pinch: 30
[t=489.708s, 60392 KB] g=34, 177013 evaluated, 21719 expanded, 31 reopened
[t=492.93s, 60656 KB] New best heuristic value for pinch: 29
[t=492.93s, 60656 KB] g=31, 178142 evaluated, 21870 expanded, 31 reopened
[t=493.447s, 60656 KB] New best heuristic value for pinch: 26
[t=493.447s, 60656 KB] g=33, 178339 evaluated, 21890 expanded, 31 reopened
[t=495.447s, 60788 KB] New best heuristic value for pinch: 25
[t=495.447s, 60788 KB] g=36, 179018 evaluated, 21998 expanded, 31 reopened
[t=496.343s, 60788 KB] New best heuristic value for pinch: 24
[t=496.343s, 60788 KB] g=38, 179411 evaluated, 22037 expanded, 31 reopened
[t=496.403s, 60788 KB] New best heuristic value for pinch: 23
[t=496.403s, 60788 KB] g=40, 179441 evaluated, 22039 expanded, 31 reopened
[t=496.416s, 60788 KB] New best heuristic value for pinch: 22
[t=496.416s, 60788 KB] g=41, 179449 evaluated, 22040 expanded, 31 reopened
Peak memory: 157640 KB
caught signal 24 -- exiting
Time limit has been reached.
Remove intermediate file output.sas
search exit code: 23

Driver aborting after search
