INFO     Running translator.
INFO     translator stdin: None
INFO     translator time limit: 1799.96s
INFO     translator memory limit: 3584 MB
INFO     translator command line string: /infai/weidan00/downward/experiments/bachelor/.venv/bin/python3 /infai/weidan00/downward/experiments/bachelor/data/bachelor-v1/code-7aa5f34_e5e41175/builds/release/bin/translate/translate.py domain.pddl problem.pddl --sas-file output.sas
Parsing...
Parsing: [0.090s CPU, 0.093s wall-clock]
Normalizing task... [0.020s CPU, 0.015s wall-clock]
Instantiating...
Generating Datalog program... [0.010s CPU, 0.010s wall-clock]
Normalizing Datalog program...
Normalizing Datalog program: [0.030s CPU, 0.034s wall-clock]
Preparing model... [0.020s CPU, 0.021s wall-clock]
Generated 2338 rules.
Computing model... [0.010s CPU, 0.011s wall-clock]
981 relevant atoms
0 auxiliary atoms
981 final queue length
2348 total queue pushes
Completing instantiation... [0.020s CPU, 0.021s wall-clock]
Instantiating: [0.090s CPU, 0.100s wall-clock]
Computing fact groups...
Finding invariants...
190 initial candidates
Finding invariants: [1.060s CPU, 1.055s wall-clock]
Checking invariant weight... [0.000s CPU, 0.003s wall-clock]
Instantiating groups... [0.000s CPU, 0.001s wall-clock]
Collecting mutex groups... [0.000s CPU, 0.000s wall-clock]
Choosing groups...
145 uncovered facts
Choosing groups: [0.000s CPU, 0.002s wall-clock]
Building translation key... [0.000s CPU, 0.001s wall-clock]
Computing fact groups: [1.070s CPU, 1.066s wall-clock]
Building STRIPS to SAS dictionary... [0.000s CPU, 0.000s wall-clock]
Building dictionary for full mutex groups... [0.000s CPU, 0.001s wall-clock]
Building mutex information...
Building mutex information: [0.000s CPU, 0.001s wall-clock]
Translating task...
Processing axioms...
Simplifying axioms... [0.000s CPU, 0.000s wall-clock]
Processing axioms: [0.000s CPU, 0.002s wall-clock]
Translating task: [0.050s CPU, 0.050s wall-clock]
0 effect conditions simplified
0 implied preconditions added
Detecting unreachable propositions...
0 operators removed
0 axioms removed
4 propositions removed
Detecting unreachable propositions: [0.020s CPU, 0.018s wall-clock]
Reordering and filtering variables...
14 of 154 variables necessary.
155 of 167 mutex groups necessary.
789 of 789 operators necessary.
0 of 0 axiom rules necessary.
Reordering and filtering variables: [0.000s CPU, 0.006s wall-clock]
Translator variables: 14
Translator derived variables: 0
Translator facts: 60
Translator goal facts: 5
Translator mutex groups: 155
Translator total mutex groups size: 785
Translator operators: 789
Translator axioms: 0
Translator task size: 4377
Translator peak memory: 152268 KB
Writing output... [0.010s CPU, 0.012s wall-clock]
Done! [1.350s CPU, 1.366s wall-clock]
translate exit code: 0

INFO     Running search (release).
INFO     search stdin: output.sas
INFO     search time limit: 1798.54s
INFO     search memory limit: 3584 MB
INFO     search command line string: /infai/weidan00/downward/experiments/bachelor/data/bachelor-v1/code-7aa5f34_e5e41175/builds/release/bin/downward --search 'eager_wastar([add()], w=2)' --internal-plan-file sas_plan < output.sas
[t=6.3881e-05s, 17204 KB] reading input...
[t=0.0047345s, 17344 KB] done reading input!
[t=0.00676463s, 17764 KB] Simplifying 1086 unary operators... done! [360 unary operators]
[t=0.00720191s, 17764 KB] time to simplify: 0.000495174s
[t=0.00730707s, 17764 KB] Initializing additive heuristic...
[t=0.00742814s, 17764 KB] Building successor generator...done!
[t=0.00779823s, 17764 KB] peak memory difference for successor generator creation: 0 KB
[t=0.00783776s, 17764 KB] time for successor generation creation: 0.000241974s
[t=0.0078879s, 17764 KB] Variables: 14
[t=0.00792832s, 17764 KB] FactPairs: 60
[t=0.00796809s, 17764 KB] Bytes per state: 4
[t=0.0081023s, 17764 KB] Conducting best first search with reopening closed nodes, (real) bound = 2147483647
[t=0.00821113s, 17764 KB] New best heuristic value for add: 27
[t=0.00825391s, 17764 KB] g=0, 1 evaluated, 0 expanded
[t=0.00830047s, 17764 KB] Initial heuristic value for add: 27
[t=0.00834099s, 17764 KB] pruning method: none
[t=0.00840244s, 17764 KB] New best heuristic value for add: 21
[t=0.00844413s, 17764 KB] g=1, 2 evaluated, 1 expanded
[t=0.00854749s, 17764 KB] New best heuristic value for add: 20
[t=0.00858885s, 17764 KB] g=2, 9 evaluated, 2 expanded
[t=0.00897803s, 17764 KB] New best heuristic value for add: 19
[t=0.00902381s, 17764 KB] g=4, 59 evaluated, 7 expanded
[t=0.00911978s, 17764 KB] New best heuristic value for add: 18
[t=0.00916239s, 17764 KB] g=5, 65 evaluated, 8 expanded
[t=0.00929429s, 17764 KB] New best heuristic value for add: 17
[t=0.00933672s, 17764 KB] g=6, 78 evaluated, 9 expanded
[t=0.00947115s, 17764 KB] New best heuristic value for add: 16
[t=0.00951278s, 17764 KB] g=7, 92 evaluated, 10 expanded
[t=0.0100222s, 17764 KB] New best heuristic value for add: 15
[t=0.010068s, 17764 KB] g=7, 166 evaluated, 20 expanded
[t=0.0102467s, 17764 KB] New best heuristic value for add: 14
[t=0.0102907s, 17764 KB] g=8, 188 evaluated, 23 expanded
[t=0.0103983s, 17764 KB] New best heuristic value for add: 13
[t=0.0104401s, 17764 KB] g=9, 199 evaluated, 24 expanded
[t=0.0117636s, 17764 KB] New best heuristic value for add: 12
[t=0.0118117s, 17764 KB] g=12, 406 evaluated, 53 expanded
[t=0.011889s, 17764 KB] New best heuristic value for add: 11
[t=0.0119319s, 17764 KB] g=13, 412 evaluated, 54 expanded
[t=0.0120136s, 17764 KB] New best heuristic value for add: 10
[t=0.012055s, 17764 KB] g=14, 419 evaluated, 55 expanded
[t=0.0121239s, 17764 KB] New best heuristic value for add: 9
[t=0.0121646s, 17764 KB] g=15, 424 evaluated, 56 expanded
[t=0.0122532s, 17764 KB] New best heuristic value for add: 8
[t=0.0122938s, 17764 KB] g=16, 433 evaluated, 57 expanded
[t=0.0123725s, 17764 KB] New best heuristic value for add: 7
[t=0.0124136s, 17764 KB] g=16, 441 evaluated, 59 expanded
[t=0.0124862s, 17764 KB] New best heuristic value for add: 6
[t=0.0125266s, 17764 KB] g=17, 447 evaluated, 60 expanded
[t=0.0126039s, 17764 KB] New best heuristic value for add: 5
[t=0.0126444s, 17764 KB] g=18, 453 evaluated, 61 expanded
[t=0.0127174s, 17764 KB] New best heuristic value for add: 4
[t=0.0127577s, 17764 KB] g=19, 460 evaluated, 62 expanded
[t=0.0128345s, 17764 KB] New best heuristic value for add: 3
[t=0.012875s, 17764 KB] g=21, 469 evaluated, 65 expanded
[t=0.0129296s, 17764 KB] New best heuristic value for add: 2
[t=0.01297s, 17764 KB] g=22, 473 evaluated, 66 expanded
[t=0.0130159s, 17764 KB] New best heuristic value for add: 1
[t=0.0130563s, 17764 KB] g=23, 474 evaluated, 67 expanded
[t=0.0131048s, 17764 KB] New best heuristic value for add: 0
[t=0.0131454s, 17764 KB] g=24, 476 evaluated, 68 expanded
[t=0.0131867s, 17764 KB] Solution found!
[t=0.013229s, 17764 KB] Actual search time: 0.00488407s
drive_truck1_l2_l1_t0_t1  (1)
load_package2_truck1_a2_l1  (1)
drive_truck1_l1_l2_t1_t2  (1)
unload_package2_truck1_a2_l2  (1)
drive_truck1_l2_l1_t2_t3  (1)
load_package3_truck1_a2_l1  (1)
deliver_package2_l2_t3_t3  (1)
drive_truck1_l1_l3_t3_t4  (1)
unload_package3_truck1_a2_l3  (1)
deliver_package3_l3_t4_t4  (1)
drive_truck1_l3_l1_t4_t5  (1)
load_package1_truck1_a2_l1  (1)
drive_truck1_l1_l2_t5_t6  (1)
unload_package1_truck1_a2_l2  (1)
load_package5_truck1_a2_l2  (1)
drive_truck1_l2_l3_t6_t7  (1)
unload_package5_truck1_a2_l3  (1)
deliver_package1_l2_t7_t7  (1)
deliver_package5_l3_t7_t7  (1)
drive_truck1_l3_l1_t7_t8  (1)
load_package4_truck1_a1_l1  (1)
drive_truck1_l1_l3_t8_t9  (1)
unload_package4_truck1_a1_l3  (1)
deliver_package4_l3_t9_t9  (1)
[t=0.0132722s, 17764 KB] Plan length: 24 step(s).
[t=0.0132722s, 17764 KB] Plan cost: 24
[t=0.0132722s, 17764 KB] Expanded 69 state(s).
[t=0.0132722s, 17764 KB] Reopened 0 state(s).
[t=0.0132722s, 17764 KB] Evaluated 476 state(s).
[t=0.0132722s, 17764 KB] Evaluations: 476
[t=0.0132722s, 17764 KB] Generated 1810 state(s).
[t=0.0132722s, 17764 KB] Dead ends: 256 state(s).
[t=0.0132722s, 17764 KB] Number of registered states: 476
[t=0.0132722s, 17764 KB] Int hash set load factor: 476/512 = 0.929688
[t=0.0132722s, 17764 KB] Int hash set resizes: 9
[t=0.0132722s, 17764 KB] mean number of q cost that have been adjusted 0 times in relation to total number of q: -1
[t=0.0132722s, 17764 KB] mean number of q cost that have been adjusted 1 times in relation to total number of q: -1
[t=0.0132722s, 17764 KB] mean number of q cost that have been adjusted 2 times in relation to total number of q: -1
[t=0.0132722s, 17764 KB] mean number of q that are at some point overconsitent in relation to total number of q: -1
[t=0.0132722s, 17764 KB] mean number of q that are at first underconsisten in relation to total number of q: -1
[t=0.0132722s, 17764 KB] mean number of state variables that are not in common between two following states in relation to total number of state variables: -1
[t=0.0132722s, 17764 KB] variance number of state variables that are not in common between two following states in relation to total number of state variables: -1
[t=0.0132722s, 17764 KB] Search time: 0.0051706s
[t=0.0132722s, 17764 KB] Total time: 0.0132722s
Solution found.
Peak memory: 17764 KB
Remove intermediate file output.sas
search exit code: 0

INFO     Running validate.
INFO     validate stdin: None
INFO     validate time limit: None
INFO     validate memory limit: None
INFO     validate command line string: validate domain.pddl problem.pddl sas_plan
