INFO     Running translator.
INFO     translator stdin: None
INFO     translator time limit: 1799.96s
INFO     translator memory limit: 3584 MB
INFO     translator command line string: /infai/weidan00/downward/experiments/bachelor/.venv/bin/python3 /infai/weidan00/downward/experiments/bachelor/data/bachelor-v1/code-7aa5f34_e5e41175/builds/release/bin/translate/translate.py domain.pddl problem.pddl --sas-file output.sas
Parsing...
Parsing: [0.010s CPU, 0.010s wall-clock]
Normalizing task... [0.000s CPU, 0.000s wall-clock]
Instantiating...
Generating Datalog program... [0.000s CPU, 0.003s wall-clock]
Normalizing Datalog program...
Normalizing Datalog program: [0.000s CPU, 0.002s wall-clock]
Preparing model... [0.020s CPU, 0.013s wall-clock]
Generated 26 rules.
Computing model... [0.050s CPU, 0.060s wall-clock]
4421 relevant atoms
3302 auxiliary atoms
7723 final queue length
10324 total queue pushes
Completing instantiation... [0.080s CPU, 0.074s wall-clock]
Instantiating: [0.150s CPU, 0.155s wall-clock]
Computing fact groups...
Finding invariants...
6 initial candidates
Finding invariants: [0.000s CPU, 0.001s wall-clock]
Checking invariant weight... [0.000s CPU, 0.001s wall-clock]
Instantiating groups... [0.000s CPU, 0.000s wall-clock]
Collecting mutex groups... [0.000s CPU, 0.000s wall-clock]
Choosing groups...
52 uncovered facts
Choosing groups: [0.000s CPU, 0.000s wall-clock]
Building translation key... [0.000s CPU, 0.000s wall-clock]
Computing fact groups: [0.000s CPU, 0.003s wall-clock]
Building STRIPS to SAS dictionary... [0.000s CPU, 0.000s wall-clock]
Building dictionary for full mutex groups... [0.000s CPU, 0.000s wall-clock]
Building mutex information...
Building mutex information: [0.000s CPU, 0.000s wall-clock]
Translating task...
Processing axioms...
Simplifying axioms... [0.000s CPU, 0.000s wall-clock]
Processing axioms: [0.000s CPU, 0.003s wall-clock]
Translating task: [0.070s CPU, 0.066s wall-clock]
26 effect conditions simplified
0 implied preconditions added
Detecting unreachable propositions...
0 operators removed
0 axioms removed
1 propositions removed
Detecting unreachable propositions: [0.030s CPU, 0.034s wall-clock]
Reordering and filtering variables...
53 of 53 variables necessary.
0 of 1 mutex groups necessary.
2704 of 2704 operators necessary.
0 of 0 axiom rules necessary.
Reordering and filtering variables: [0.010s CPU, 0.008s wall-clock]
Translator variables: 53
Translator derived variables: 0
Translator facts: 156
Translator goal facts: 26
Translator mutex groups: 0
Translator total mutex groups size: 0
Translator operators: 2704
Translator axioms: 0
Translator task size: 8399
Translator peak memory: 150476 KB
Writing output... [0.020s CPU, 0.021s wall-clock]
Done! [0.290s CPU, 0.302s wall-clock]
translate exit code: 0

INFO     Running search (release).
INFO     search stdin: output.sas
INFO     search time limit: 1799.61s
INFO     search memory limit: 3584 MB
INFO     search command line string: /infai/weidan00/downward/experiments/bachelor/data/bachelor-v1/code-7aa5f34_e5e41175/builds/release/bin/downward --search 'eager_wastar([add()], w=2)' --internal-plan-file sas_plan < output.sas
[t=6.1667e-05s, 17204 KB] reading input...
[t=0.00971225s, 17732 KB] done reading input!
[t=0.0119803s, 18128 KB] Simplifying 2730 unary operators... done! [2730 unary operators]
[t=0.0131417s, 18392 KB] time to simplify: 0.00129071s
[t=0.0133603s, 18392 KB] Initializing additive heuristic...
[t=0.0134888s, 18392 KB] Building successor generator...done!
[t=0.0141206s, 18420 KB] peak memory difference for successor generator creation: 28 KB
[t=0.0141608s, 18420 KB] time for successor generation creation: 0.000498887s
[t=0.0142177s, 18420 KB] Variables: 53
[t=0.0142572s, 18420 KB] FactPairs: 156
[t=0.0142962s, 18420 KB] Bytes per state: 8
[t=0.0144064s, 18420 KB] Conducting best first search with reopening closed nodes, (real) bound = 2147483647
[t=0.0145318s, 18420 KB] New best heuristic value for add: 103
[t=0.0145749s, 18420 KB] g=0, 1 evaluated, 0 expanded
[t=0.0146238s, 18420 KB] Initial heuristic value for add: 103
[t=0.0146638s, 18420 KB] pruning method: none
[t=0.0147385s, 18420 KB] New best heuristic value for add: 100
[t=0.0147796s, 18420 KB] g=1, 2 evaluated, 1 expanded
[t=0.0155757s, 18420 KB] New best heuristic value for add: 99
[t=0.0156193s, 18420 KB] g=1, 39 evaluated, 1 expanded
[t=0.0159406s, 18420 KB] New best heuristic value for add: 98
[t=0.015983s, 18420 KB] g=2, 53 evaluated, 2 expanded
[t=0.0170701s, 18420 KB] New best heuristic value for add: 97
[t=0.0171136s, 18420 KB] g=4, 105 evaluated, 4 expanded
[t=0.0172475s, 18420 KB] New best heuristic value for add: 96
[t=0.017296s, 18420 KB] g=5, 109 evaluated, 5 expanded
[t=0.0184221s, 18420 KB] New best heuristic value for add: 95
[t=0.0184653s, 18420 KB] g=6, 163 evaluated, 6 expanded
[t=0.019281s, 18420 KB] New best heuristic value for add: 94
[t=0.0193235s, 18420 KB] g=6, 202 evaluated, 6 expanded
[t=0.0198863s, 18420 KB] New best heuristic value for add: 93
[t=0.0199282s, 18420 KB] g=7, 228 evaluated, 8 expanded
[t=0.0204862s, 18420 KB] New best heuristic value for add: 92
[t=0.020528s, 18420 KB] g=7, 254 evaluated, 8 expanded
[t=0.0209525s, 18420 KB] New best heuristic value for add: 91
[t=0.0209948s, 18420 KB] g=9, 271 evaluated, 11 expanded
[t=0.0217909s, 18420 KB] New best heuristic value for add: 90
[t=0.0218334s, 18420 KB] g=9, 309 evaluated, 11 expanded
[t=0.0226199s, 18420 KB] New best heuristic value for add: 89
[t=0.0226629s, 18420 KB] g=10, 346 evaluated, 13 expanded
[t=0.0229994s, 18420 KB] New best heuristic value for add: 88
[t=0.0230466s, 18420 KB] g=10, 361 evaluated, 13 expanded
[t=0.0241916s, 18420 KB] New best heuristic value for add: 86
[t=0.024235s, 18420 KB] g=12, 416 evaluated, 16 expanded
[t=0.0253352s, 18420 KB] New best heuristic value for add: 84
[t=0.0253779s, 18420 KB] g=13, 469 evaluated, 18 expanded
[t=0.0266362s, 18420 KB] New best heuristic value for add: 82
[t=0.0266807s, 18420 KB] g=15, 527 evaluated, 21 expanded
[t=0.0276864s, 18420 KB] New best heuristic value for add: 80
[t=0.0277296s, 18420 KB] g=17, 575 evaluated, 24 expanded
[t=0.0280419s, 18420 KB] New best heuristic value for add: 79
[t=0.0280846s, 18420 KB] g=18, 588 evaluated, 25 expanded
[t=0.0295877s, 18420 KB] New best heuristic value for add: 78
[t=0.0296313s, 18420 KB] g=21, 662 evaluated, 28 expanded
[t=0.0300921s, 18420 KB] New best heuristic value for add: 77
[t=0.0301345s, 18420 KB] g=21, 683 evaluated, 28 expanded
[t=0.0309037s, 18420 KB] New best heuristic value for add: 76
[t=0.0309464s, 18420 KB] g=23, 719 evaluated, 31 expanded
[t=0.0313011s, 18420 KB] New best heuristic value for add: 75
[t=0.0313425s, 18420 KB] g=23, 735 evaluated, 31 expanded
[t=0.0321473s, 18420 KB] New best heuristic value for add: 74
[t=0.0321895s, 18420 KB] g=25, 773 evaluated, 34 expanded
[t=0.0325053s, 18420 KB] New best heuristic value for add: 73
[t=0.0325463s, 18420 KB] g=25, 787 evaluated, 34 expanded
[t=0.0335263s, 18420 KB] New best heuristic value for add: 72
[t=0.0335686s, 18420 KB] g=27, 834 evaluated, 37 expanded
[t=0.0337359s, 18420 KB] New best heuristic value for add: 71
[t=0.0337766s, 18420 KB] g=27, 840 evaluated, 37 expanded
[t=0.0347971s, 18420 KB] New best heuristic value for add: 70
[t=0.0348407s, 18420 KB] g=29, 889 evaluated, 40 expanded
[t=0.0349831s, 18420 KB] New best heuristic value for add: 69
[t=0.0350241s, 18420 KB] g=29, 894 evaluated, 40 expanded
[t=0.0352723s, 18420 KB] New best heuristic value for add: 68
[t=0.035314s, 18420 KB] g=30, 904 evaluated, 41 expanded
[t=0.0363701s, 18420 KB] New best heuristic value for add: 67
[t=0.0364125s, 18420 KB] g=32, 956 evaluated, 43 expanded
[t=0.037393s, 18420 KB] New best heuristic value for add: 66
[t=0.0374369s, 18420 KB] g=33, 999 evaluated, 44 expanded
[t=0.0376813s, 18420 KB] New best heuristic value for add: 65
[t=0.0377235s, 18420 KB] g=34, 1008 evaluated, 46 expanded
[t=0.0385303s, 18420 KB] New best heuristic value for add: 64
[t=0.0385792s, 18420 KB] g=35, 1047 evaluated, 47 expanded
[t=0.0389146s, 18420 KB] New best heuristic value for add: 63
[t=0.038957s, 18420 KB] g=37, 1061 evaluated, 50 expanded
[t=0.0397179s, 18420 KB] New best heuristic value for add: 62
[t=0.0397615s, 18420 KB] g=37, 1098 evaluated, 50 expanded
[t=0.0402138s, 18420 KB] New best heuristic value for add: 61
[t=0.0402568s, 18420 KB] g=39, 1118 evaluated, 53 expanded
[t=0.0409984s, 18420 KB] New best heuristic value for add: 60
[t=0.0410406s, 18420 KB] g=39, 1154 evaluated, 53 expanded
[t=0.0414739s, 18420 KB] New best heuristic value for add: 59
[t=0.0415169s, 18420 KB] g=41, 1172 evaluated, 58 expanded
[t=0.0423179s, 18420 KB] New best heuristic value for add: 58
[t=0.0423602s, 18420 KB] g=41, 1212 evaluated, 58 expanded
[t=0.0427309s, 18420 KB] New best heuristic value for add: 57
[t=0.0427738s, 18420 KB] g=43, 1227 evaluated, 63 expanded
[t=0.0434822s, 18420 KB] New best heuristic value for add: 56
[t=0.0435247s, 18420 KB] g=43, 1262 evaluated, 63 expanded
[t=0.0449569s, 18420 KB] New best heuristic value for add: 55
[t=0.0450002s, 18420 KB] g=45, 1333 evaluated, 71 expanded
[t=0.0457959s, 18420 KB] New best heuristic value for add: 54
[t=0.0458384s, 18420 KB] g=45, 1373 evaluated, 71 expanded
[t=0.0460803s, 18420 KB] New best heuristic value for add: 53
[t=0.0461221s, 18420 KB] g=46, 1383 evaluated, 72 expanded
[t=0.0481917s, 18420 KB] New best heuristic value for add: 52
[t=0.0482365s, 18420 KB] g=48, 1489 evaluated, 80 expanded
[t=0.0483484s, 18420 KB] New best heuristic value for add: 51
[t=0.0483896s, 18420 KB] g=49, 1492 evaluated, 81 expanded
[t=0.0494426s, 18420 KB] New best heuristic value for add: 50
[t=0.0494865s, 18420 KB] g=50, 1543 evaluated, 87 expanded
[t=0.0496062s, 18420 KB] New best heuristic value for add: 49
[t=0.0496472s, 18420 KB] g=51, 1547 evaluated, 88 expanded
[t=0.0506682s, 18420 KB] New best heuristic value for add: 48
[t=0.0507112s, 18420 KB] g=52, 1597 evaluated, 94 expanded
[t=0.0508114s, 18420 KB] New best heuristic value for add: 47
[t=0.0508523s, 18420 KB] g=53, 1600 evaluated, 95 expanded
[t=0.0518751s, 18420 KB] New best heuristic value for add: 46
[t=0.0519186s, 18420 KB] g=54, 1651 evaluated, 101 expanded
[t=0.0520708s, 18420 KB] New best heuristic value for add: 45
[t=0.052112s, 18420 KB] g=55, 1656 evaluated, 102 expanded
[t=0.0531273s, 18420 KB] New best heuristic value for add: 44
[t=0.0531704s, 18420 KB] g=56, 1706 evaluated, 108 expanded
[t=0.053289s, 18420 KB] New best heuristic value for add: 43
[t=0.05333s, 18420 KB] g=57, 1710 evaluated, 109 expanded
[t=0.0543811s, 18420 KB] New best heuristic value for add: 42
[t=0.0544239s, 18420 KB] g=58, 1762 evaluated, 115 expanded
[t=0.0545954s, 18420 KB] New best heuristic value for add: 41
[t=0.0546362s, 18420 KB] g=59, 1769 evaluated, 116 expanded
[t=0.0556037s, 18420 KB] New best heuristic value for add: 40
[t=0.0556471s, 18420 KB] g=60, 1817 evaluated, 122 expanded
[t=0.055746s, 18420 KB] New best heuristic value for add: 39
[t=0.0557866s, 18420 KB] g=61, 1820 evaluated, 123 expanded
[t=0.0567917s, 18420 KB] New best heuristic value for add: 38
[t=0.0568335s, 18420 KB] g=62, 1871 evaluated, 129 expanded
[t=0.0570352s, 18420 KB] New best heuristic value for add: 37
[t=0.0570764s, 18420 KB] g=63, 1879 evaluated, 130 expanded
[t=0.0579924s, 18420 KB] New best heuristic value for add: 36
[t=0.0580352s, 18420 KB] g=64, 1925 evaluated, 136 expanded
[t=0.0581432s, 18420 KB] New best heuristic value for add: 35
[t=0.0581842s, 18420 KB] g=65, 1928 evaluated, 137 expanded
[t=0.0592028s, 18420 KB] New best heuristic value for add: 34
[t=0.0592466s, 18420 KB] g=66, 1979 evaluated, 143 expanded
[t=0.0594524s, 18420 KB] New best heuristic value for add: 33
[t=0.0594935s, 18420 KB] g=67, 1988 evaluated, 144 expanded
[t=0.0605547s, 18420 KB] New best heuristic value for add: 32
[t=0.0605993s, 18420 KB] g=68, 2033 evaluated, 150 expanded
[t=0.0607059s, 18420 KB] New best heuristic value for add: 31
[t=0.0607521s, 18420 KB] g=69, 2036 evaluated, 151 expanded
[t=0.0617239s, 18420 KB] New best heuristic value for add: 30
[t=0.0617673s, 18420 KB] g=70, 2087 evaluated, 156 expanded
[t=0.0618638s, 18420 KB] New best heuristic value for add: 29
[t=0.0619045s, 18420 KB] g=71, 2090 evaluated, 157 expanded
[t=0.0628546s, 18420 KB] New best heuristic value for add: 28
[t=0.0628967s, 18420 KB] g=72, 2141 evaluated, 162 expanded
[t=0.063118s, 18420 KB] New best heuristic value for add: 27
[t=0.0631589s, 18420 KB] g=73, 2151 evaluated, 163 expanded
[t=0.0640122s, 18420 KB] New best heuristic value for add: 26
[t=0.0640545s, 18420 KB] g=74, 2196 evaluated, 168 expanded
[t=0.0641667s, 18420 KB] New best heuristic value for add: 25
[t=0.0642071s, 18420 KB] g=75, 2200 evaluated, 169 expanded
[t=0.065172s, 18420 KB] New best heuristic value for add: 24
[t=0.065215s, 18420 KB] g=76, 2252 evaluated, 174 expanded
[t=0.0653264s, 18420 KB] New best heuristic value for add: 23
[t=0.065367s, 18420 KB] g=77, 2256 evaluated, 175 expanded
[t=0.0663023s, 18420 KB] New best heuristic value for add: 22
[t=0.0663448s, 18420 KB] g=78, 2307 evaluated, 180 expanded
[t=0.0664469s, 18420 KB] New best heuristic value for add: 21
[t=0.0664869s, 18420 KB] g=79, 2310 evaluated, 181 expanded
[t=0.0674158s, 18420 KB] New best heuristic value for add: 20
[t=0.0674577s, 18420 KB] g=80, 2361 evaluated, 185 expanded
[t=0.0675513s, 18420 KB] New best heuristic value for add: 19
[t=0.0675918s, 18420 KB] g=81, 2364 evaluated, 186 expanded
[t=0.0685059s, 18420 KB] New best heuristic value for add: 18
[t=0.0685479s, 18420 KB] g=82, 2415 evaluated, 190 expanded
[t=0.0686492s, 18420 KB] New best heuristic value for add: 17
[t=0.0686894s, 18420 KB] g=83, 2418 evaluated, 191 expanded
[t=0.0695994s, 18420 KB] New best heuristic value for add: 16
[t=0.0696412s, 18420 KB] g=84, 2469 evaluated, 194 expanded
[t=0.0697502s, 18420 KB] New best heuristic value for add: 15
[t=0.0697905s, 18420 KB] g=85, 2473 evaluated, 195 expanded
[t=0.070687s, 18420 KB] New best heuristic value for add: 14
[t=0.0707288s, 18420 KB] g=86, 2524 evaluated, 198 expanded
[t=0.0708376s, 18420 KB] New best heuristic value for add: 13
[t=0.0708776s, 18420 KB] g=87, 2528 evaluated, 199 expanded
[t=0.0717539s, 18420 KB] New best heuristic value for add: 12
[t=0.0717954s, 18420 KB] g=88, 2578 evaluated, 203 expanded
[t=0.0718963s, 18420 KB] New best heuristic value for add: 11
[t=0.0719364s, 18420 KB] g=89, 2581 evaluated, 204 expanded
[t=0.0727776s, 18420 KB] New best heuristic value for add: 10
[t=0.0728197s, 18420 KB] g=90, 2630 evaluated, 205 expanded
[t=0.0730861s, 18420 KB] New best heuristic value for add: 9
[t=0.0731269s, 18420 KB] g=91, 2644 evaluated, 206 expanded
[t=0.0738116s, 18420 KB] New best heuristic value for add: 8
[t=0.0738537s, 18420 KB] g=92, 2683 evaluated, 209 expanded
[t=0.074016s, 18420 KB] New best heuristic value for add: 7
[t=0.0740563s, 18420 KB] g=93, 2690 evaluated, 210 expanded
[t=0.0748419s, 18420 KB] New best heuristic value for add: 6
[t=0.0748835s, 18420 KB] g=94, 2736 evaluated, 212 expanded
[t=0.0750352s, 18420 KB] New best heuristic value for add: 5
[t=0.0750753s, 18420 KB] g=95, 2743 evaluated, 213 expanded
[t=0.0758551s, 18420 KB] New best heuristic value for add: 4
[t=0.0758966s, 18420 KB] g=96, 2789 evaluated, 215 expanded
[t=0.0760471s, 18420 KB] New best heuristic value for add: 3
[t=0.0760934s, 18420 KB] g=97, 2796 evaluated, 216 expanded
[t=0.0768508s, 18420 KB] New best heuristic value for add: 2
[t=0.0768918s, 18420 KB] g=98, 2842 evaluated, 218 expanded
[t=0.0770557s, 18420 KB] New best heuristic value for add: 1
[t=0.077096s, 18420 KB] g=99, 2849 evaluated, 219 expanded
[t=0.0778233s, 18420 KB] New best heuristic value for add: 0
[t=0.0778642s, 18420 KB] g=100, 2895 evaluated, 220 expanded
[t=0.0779051s, 18420 KB] Solution found!
[t=0.0779507s, 18420 KB] Actual search time: 0.0632878s
up f0 f43 (1)
board f43 p24 (1)
down f43 f1 (1)
board f1 p2 (1)
board f1 p20 (1)
board f1 p25 (1)
up f1 f2 (1)
board f2 p13 (1)
board f2 p5 (1)
up f2 f3 (1)
board f3 p11 (1)
depart f3 p5 (1)
up f3 f14 (1)
board f14 p16 (1)
down f14 f5 (1)
board f5 p17 (1)
up f5 f43 (1)
depart f43 p17 (1)
down f43 f18 (1)
board f18 p23 (1)
up f18 f22 (1)
depart f22 p16 (1)
up f22 f27 (1)
depart f27 p2 (1)
up f27 f29 (1)
board f29 p21 (1)
up f29 f37 (1)
board f37 p1 (1)
up f37 f43 (1)
depart f43 p1 (1)
down f43 f38 (1)
board f38 p3 (1)
up f38 f50 (1)
depart f50 p25 (1)
down f50 f0 (1)
depart f0 p23 (1)
up f0 f1 (1)
board f1 p4 (1)
up f1 f16 (1)
depart f16 p3 (1)
down f16 f2 (1)
depart f2 p24 (1)
up f2 f23 (1)
board f23 p14 (1)
up f23 f43 (1)
depart f43 p14 (1)
down f43 f26 (1)
board f26 p6 (1)
down f26 f3 (1)
depart f3 p13 (1)
up f3 f27 (1)
depart f27 p21 (1)
down f27 f4 (1)
board f4 p22 (1)
up f4 f29 (1)
depart f29 p11 (1)
down f29 f5 (1)
depart f5 p22 (1)
up f5 f33 (1)
depart f33 p4 (1)
down f33 f7 (1)
board f7 p10 (1)
up f7 f35 (1)
board f35 p19 (1)
down f35 f8 (1)
depart f8 p10 (1)
up f8 f36 (1)
board f36 p9 (1)
down f36 f24 (1)
depart f24 p9 (1)
down f24 f9 (1)
board f9 p15 (1)
up f9 f37 (1)
depart f37 p20 (1)
up f37 f38 (1)
depart f38 p15 (1)
up f38 f39 (1)
board f39 p0 (1)
down f39 f22 (1)
depart f22 p0 (1)
up f22 f42 (1)
board f42 p12 (1)
down f42 f18 (1)
depart f18 p12 (1)
up f18 f43 (1)
depart f43 p6 (1)
up f43 f48 (1)
board f48 p8 (1)
down f48 f10 (1)
depart f10 p8 (1)
up f10 f49 (1)
board f49 p18 (1)
down f49 f44 (1)
depart f44 p18 (1)
up f44 f50 (1)
depart f50 p19 (1)
up f50 f51 (1)
board f51 p7 (1)
down f51 f14 (1)
depart f14 p7 (1)
[t=0.0779982s, 18420 KB] Plan length: 100 step(s).
[t=0.0779982s, 18420 KB] Plan cost: 100
[t=0.0779982s, 18420 KB] Expanded 221 state(s).
[t=0.0779982s, 18420 KB] Reopened 0 state(s).
[t=0.0779982s, 18420 KB] Evaluated 2895 state(s).
[t=0.0779982s, 18420 KB] Evaluations: 2895
[t=0.0779982s, 18420 KB] Generated 11419 state(s).
[t=0.0779982s, 18420 KB] Dead ends: 0 state(s).
[t=0.0779982s, 18420 KB] Number of registered states: 2895
[t=0.0779982s, 18420 KB] Int hash set load factor: 2895/4096 = 0.706787
[t=0.0779982s, 18420 KB] Int hash set resizes: 12
[t=0.0779982s, 18420 KB] mean number of q cost that have been adjusted 0 times in relation to total number of q: -1
[t=0.0779982s, 18420 KB] mean number of q cost that have been adjusted 1 times in relation to total number of q: -1
[t=0.0779982s, 18420 KB] mean number of q cost that have been adjusted 2 times in relation to total number of q: -1
[t=0.0779982s, 18420 KB] mean number of q that are at some point overconsitent in relation to total number of q: -1
[t=0.0779982s, 18420 KB] mean number of q that are at first underconsisten in relation to total number of q: -1
[t=0.0779982s, 18420 KB] mean number of state variables that are not in common between two following states in relation to total number of state variables: -1
[t=0.0779982s, 18420 KB] variance number of state variables that are not in common between two following states in relation to total number of state variables: -1
[t=0.0779982s, 18420 KB] Search time: 0.0635924s
[t=0.0779982s, 18420 KB] Total time: 0.0779982s
Solution found.
Peak memory: 18420 KB
Remove intermediate file output.sas
search exit code: 0

INFO     Running validate.
INFO     validate stdin: None
INFO     validate time limit: None
INFO     validate memory limit: None
INFO     validate command line string: validate domain.pddl problem.pddl sas_plan
