INFO     Running translator.
INFO     translator stdin: None
INFO     translator time limit: 1799.91s
INFO     translator memory limit: 3584 MB
INFO     translator command line string: /infai/weidan00/downward/experiments/bachelor/.venv/bin/python3 /infai/weidan00/downward/experiments/bachelor/data/bachelor-v1/code-7aa5f34_e5e41175/builds/release/bin/translate/translate.py domain.pddl problem.pddl --sas-file output.sas
Parsing...
Parsing: [0.020s CPU, 0.019s wall-clock]
Normalizing task... [0.000s CPU, 0.001s wall-clock]
Instantiating...
Generating Datalog program... [0.010s CPU, 0.006s wall-clock]
Normalizing Datalog program...
Normalizing Datalog program: [0.000s CPU, 0.005s wall-clock]
Preparing model... [0.030s CPU, 0.027s wall-clock]
Generated 26 rules.
Computing model... [0.110s CPU, 0.113s wall-clock]
3793 relevant atoms
2856 auxiliary atoms
6649 final queue length
8858 total queue pushes
Completing instantiation... [0.130s CPU, 0.135s wall-clock]
Instantiating: [0.290s CPU, 0.290s wall-clock]
Computing fact groups...
Finding invariants...
6 initial candidates
Finding invariants: [0.000s CPU, 0.003s wall-clock]
Checking invariant weight... [0.000s CPU, 0.001s wall-clock]
Instantiating groups... [0.000s CPU, 0.000s wall-clock]
Collecting mutex groups... [0.000s CPU, 0.000s wall-clock]
Choosing groups...
48 uncovered facts
Choosing groups: [0.000s CPU, 0.000s wall-clock]
Building translation key... [0.000s CPU, 0.001s wall-clock]
Computing fact groups: [0.000s CPU, 0.008s wall-clock]
Building STRIPS to SAS dictionary... [0.000s CPU, 0.000s wall-clock]
Building dictionary for full mutex groups... [0.000s CPU, 0.000s wall-clock]
Building mutex information...
Building mutex information: [0.000s CPU, 0.000s wall-clock]
Translating task...
Processing axioms...
Simplifying axioms... [0.000s CPU, 0.000s wall-clock]
Processing axioms: [0.010s CPU, 0.008s wall-clock]
Translating task: [0.110s CPU, 0.108s wall-clock]
24 effect conditions simplified
0 implied preconditions added
Detecting unreachable propositions...
0 operators removed
0 axioms removed
1 propositions removed
Detecting unreachable propositions: [0.080s CPU, 0.078s wall-clock]
Reordering and filtering variables...
49 of 49 variables necessary.
0 of 1 mutex groups necessary.
2304 of 2304 operators necessary.
0 of 0 axiom rules necessary.
Reordering and filtering variables: [0.020s CPU, 0.016s wall-clock]
Translator variables: 49
Translator derived variables: 0
Translator facts: 144
Translator goal facts: 24
Translator mutex groups: 0
Translator total mutex groups size: 0
Translator operators: 2304
Translator axioms: 0
Translator task size: 7177
Translator peak memory: 149196 KB
Writing output... [0.030s CPU, 0.037s wall-clock]
Done! [0.560s CPU, 0.567s wall-clock]
translate exit code: 0

INFO     Running search (release).
INFO     search stdin: output.sas
INFO     search time limit: 1799.21s
INFO     search memory limit: 3584 MB
INFO     search command line string: /infai/weidan00/downward/experiments/bachelor/data/bachelor-v1/code-7aa5f34_e5e41175/builds/release/bin/downward --search 'eager_wastar([pinch_tracking()], w=2)' --internal-plan-file sas_plan < output.sas
[t=0.000114173s, 17204 KB] reading input...
[t=0.0163448s, 17564 KB] done reading input!
[t=0.0202084s, 18036 KB] Simplifying 2328 unary operators... done! [2328 unary operators]
[t=0.0221751s, 18168 KB] time to simplify: 0.00224027s
[t=0.0226176s, 18168 KB] Initializing pinch tracking heuristic...
[t=0.0228554s, 18168 KB] Building successor generator...done!
[t=0.0239075s, 18200 KB] peak memory difference for successor generator creation: 32 KB
[t=0.02398s, 18200 KB] time for successor generation creation: 0.000811706s
[t=0.0241098s, 18200 KB] Variables: 49
[t=0.0241826s, 18200 KB] FactPairs: 144
[t=0.0242617s, 18200 KB] Bytes per state: 8
[t=0.0245372s, 18200 KB] Conducting best first search with reopening closed nodes, (real) bound = 2147483647
[t=0.0250425s, 18200 KB] New best heuristic value for pinch_tracking: 94
[t=0.0251239s, 18200 KB] g=0, 1 evaluated, 0 expanded
[t=0.0252194s, 18200 KB] Initial heuristic value for pinch_tracking: 94
[t=0.0252925s, 18200 KB] pruning method: none
[t=0.025393s, 18200 KB] New best heuristic value for pinch_tracking: 93
[t=0.0254704s, 18200 KB] g=1, 2 evaluated, 1 expanded
[t=0.0265751s, 18200 KB] New best heuristic value for pinch_tracking: 92
[t=0.0266892s, 18200 KB] g=2, 50 evaluated, 2 expanded
[t=0.0272663s, 18200 KB] New best heuristic value for pinch_tracking: 91
[t=0.0273516s, 18200 KB] g=2, 73 evaluated, 2 expanded
[t=0.0279286s, 18200 KB] New best heuristic value for pinch_tracking: 90
[t=0.0280181s, 18200 KB] g=3, 97 evaluated, 3 expanded
[t=0.0287665s, 18200 KB] New best heuristic value for pinch_tracking: 89
[t=0.0288651s, 18200 KB] g=4, 129 evaluated, 4 expanded
[t=0.0292743s, 18200 KB] New best heuristic value for pinch_tracking: 88
[t=0.0293517s, 18200 KB] g=5, 145 evaluated, 5 expanded
[t=0.0301779s, 18200 KB] New best heuristic value for pinch_tracking: 87
[t=0.030277s, 18200 KB] g=6, 183 evaluated, 6 expanded
[t=0.0305875s, 18200 KB] New best heuristic value for pinch_tracking: 86
[t=0.0306723s, 18200 KB] g=7, 193 evaluated, 7 expanded
[t=0.0315506s, 18200 KB] New best heuristic value for pinch_tracking: 85
[t=0.0316464s, 18200 KB] g=8, 233 evaluated, 8 expanded
[t=0.0319573s, 18200 KB] New best heuristic value for pinch_tracking: 84
[t=0.0320432s, 18200 KB] g=9, 243 evaluated, 9 expanded
[t=0.033032s, 18200 KB] New best heuristic value for pinch_tracking: 83
[t=0.0331377s, 18200 KB] g=10, 287 evaluated, 10 expanded
[t=0.0333291s, 18200 KB] New best heuristic value for pinch_tracking: 82
[t=0.0333991s, 18200 KB] g=11, 291 evaluated, 11 expanded
[t=0.03445s, 18200 KB] New best heuristic value for pinch_tracking: 81
[t=0.0345553s, 18200 KB] g=12, 340 evaluated, 12 expanded
[t=0.0346941s, 18200 KB] New best heuristic value for pinch_tracking: 80
[t=0.034775s, 18200 KB] g=13, 342 evaluated, 13 expanded
[t=0.035751s, 18200 KB] New best heuristic value for pinch_tracking: 79
[t=0.0358539s, 18200 KB] g=14, 388 evaluated, 14 expanded
[t=0.0359794s, 18200 KB] New best heuristic value for pinch_tracking: 78
[t=0.0360575s, 18200 KB] g=15, 390 evaluated, 15 expanded
[t=0.0370751s, 18200 KB] New best heuristic value for pinch_tracking: 77
[t=0.0371722s, 18200 KB] g=16, 438 evaluated, 16 expanded
[t=0.0374711s, 18200 KB] New best heuristic value for pinch_tracking: 76
[t=0.0375541s, 18200 KB] g=16, 449 evaluated, 16 expanded
[t=0.0383452s, 18200 KB] New best heuristic value for pinch_tracking: 75
[t=0.0384408s, 18200 KB] g=17, 485 evaluated, 17 expanded
[t=0.0389932s, 18200 KB] New best heuristic value for pinch_tracking: 74
[t=0.0390822s, 18200 KB] g=18, 508 evaluated, 18 expanded
[t=0.0397621s, 18200 KB] New best heuristic value for pinch_tracking: 73
[t=0.0398545s, 18200 KB] g=19, 533 evaluated, 19 expanded
[t=0.0404375s, 18200 KB] New best heuristic value for pinch_tracking: 72
[t=0.0405303s, 18200 KB] g=20, 558 evaluated, 20 expanded
[t=0.0411317s, 18200 KB] New best heuristic value for pinch_tracking: 71
[t=0.0412172s, 18200 KB] g=21, 584 evaluated, 21 expanded
[t=0.041861s, 18200 KB] New best heuristic value for pinch_tracking: 70
[t=0.0419551s, 18200 KB] g=22, 613 evaluated, 22 expanded
[t=0.0424584s, 18200 KB] New best heuristic value for pinch_tracking: 69
[t=0.042543s, 18200 KB] g=23, 633 evaluated, 23 expanded
[t=0.0432308s, 18200 KB] New best heuristic value for pinch_tracking: 68
[t=0.0433244s, 18200 KB] g=24, 663 evaluated, 24 expanded
[t=0.0437903s, 18200 KB] New best heuristic value for pinch_tracking: 67
[t=0.043879s, 18200 KB] g=25, 681 evaluated, 26 expanded
[t=0.0445095s, 18200 KB] New best heuristic value for pinch_tracking: 66
[t=0.0445979s, 18200 KB] g=26, 708 evaluated, 27 expanded
[t=0.0451298s, 18200 KB] New best heuristic value for pinch_tracking: 65
[t=0.0452176s, 18200 KB] g=27, 729 evaluated, 28 expanded
[t=0.0460408s, 18200 KB] New best heuristic value for pinch_tracking: 64
[t=0.0461358s, 18200 KB] g=28, 767 evaluated, 29 expanded
[t=0.0464454s, 18200 KB] New best heuristic value for pinch_tracking: 63
[t=0.0465291s, 18200 KB] g=29, 777 evaluated, 30 expanded
[t=0.0473687s, 18200 KB] New best heuristic value for pinch_tracking: 62
[t=0.0474667s, 18200 KB] g=30, 816 evaluated, 31 expanded
[t=0.047777s, 18200 KB] New best heuristic value for pinch_tracking: 61
[t=0.0478565s, 18200 KB] g=31, 825 evaluated, 33 expanded
[t=0.0486292s, 18200 KB] New best heuristic value for pinch_tracking: 60
[t=0.0487228s, 18200 KB] g=32, 860 evaluated, 34 expanded
[t=0.0491244s, 18200 KB] New best heuristic value for pinch_tracking: 59
[t=0.0492049s, 18200 KB] g=33, 875 evaluated, 36 expanded
[t=0.0493256s, 18200 KB] New best heuristic value for pinch_tracking: 58
[t=0.0494094s, 18200 KB] g=34, 877 evaluated, 37 expanded
[t=0.0504341s, 18200 KB] New best heuristic value for pinch_tracking: 57
[t=0.0505333s, 18200 KB] g=35, 925 evaluated, 38 expanded
[t=0.0512685s, 18200 KB] New best heuristic value for pinch_tracking: 56
[t=0.0513589s, 18200 KB] g=35, 958 evaluated, 38 expanded
[t=0.0518391s, 18200 KB] New best heuristic value for pinch_tracking: 55
[t=0.0519264s, 18200 KB] g=37, 974 evaluated, 43 expanded
[t=0.0527365s, 18200 KB] New best heuristic value for pinch_tracking: 54
[t=0.0528302s, 18200 KB] g=37, 1012 evaluated, 43 expanded
[t=0.0534322s, 18200 KB] New best heuristic value for pinch_tracking: 53
[t=0.0535216s, 18200 KB] g=39, 1025 evaluated, 49 expanded
[t=0.0542509s, 18200 KB] New best heuristic value for pinch_tracking: 52
[t=0.0543493s, 18200 KB] g=39, 1057 evaluated, 49 expanded
[t=0.0548959s, 18200 KB] New best heuristic value for pinch_tracking: 51
[t=0.0549869s, 18200 KB] g=41, 1074 evaluated, 55 expanded
[t=0.0558094s, 18200 KB] New best heuristic value for pinch_tracking: 50
[t=0.0559006s, 18200 KB] g=41, 1112 evaluated, 55 expanded
[t=0.0561989s, 18200 KB] New best heuristic value for pinch_tracking: 49
[t=0.0562802s, 18200 KB] g=42, 1121 evaluated, 56 expanded
[t=0.0573575s, 18200 KB] New best heuristic value for pinch_tracking: 48
[t=0.0574604s, 18200 KB] g=44, 1170 evaluated, 60 expanded
[t=0.0576037s, 18200 KB] New best heuristic value for pinch_tracking: 47
[t=0.057681s, 18200 KB] g=45, 1171 evaluated, 61 expanded
[t=0.0587166s, 18200 KB] New best heuristic value for pinch_tracking: 46
[t=0.0588196s, 18200 KB] g=46, 1219 evaluated, 62 expanded
[t=0.0589818s, 18200 KB] New best heuristic value for pinch_tracking: 45
[t=0.0590609s, 18200 KB] g=47, 1223 evaluated, 63 expanded
[t=0.0600451s, 18200 KB] New best heuristic value for pinch_tracking: 44
[t=0.0601492s, 18200 KB] g=48, 1268 evaluated, 65 expanded
[t=0.0603545s, 18200 KB] New best heuristic value for pinch_tracking: 43
[t=0.0604338s, 18200 KB] g=49, 1272 evaluated, 66 expanded
[t=0.0614343s, 18200 KB] New best heuristic value for pinch_tracking: 42
[t=0.0615384s, 18200 KB] g=50, 1316 evaluated, 68 expanded
[t=0.0617198s, 18200 KB] New best heuristic value for pinch_tracking: 41
[t=0.0617994s, 18200 KB] g=51, 1320 evaluated, 69 expanded
[t=0.0627768s, 18200 KB] New best heuristic value for pinch_tracking: 40
[t=0.062875s, 18200 KB] g=52, 1364 evaluated, 72 expanded
[t=0.0630677s, 18200 KB] New best heuristic value for pinch_tracking: 39
[t=0.0631504s, 18200 KB] g=53, 1368 evaluated, 73 expanded
[t=0.064125s, 18200 KB] New best heuristic value for pinch_tracking: 38
[t=0.0642207s, 18200 KB] g=54, 1412 evaluated, 74 expanded
[t=0.0644425s, 18200 KB] New best heuristic value for pinch_tracking: 37
[t=0.0645178s, 18200 KB] g=55, 1419 evaluated, 75 expanded
[t=0.0654363s, 18200 KB] New best heuristic value for pinch_tracking: 36
[t=0.0655342s, 18200 KB] g=56, 1460 evaluated, 76 expanded
[t=0.0659638s, 18200 KB] New best heuristic value for pinch_tracking: 35
[t=0.0660457s, 18200 KB] g=57, 1477 evaluated, 77 expanded
[t=0.0667664s, 18200 KB] New best heuristic value for pinch_tracking: 34
[t=0.0668588s, 18200 KB] g=58, 1508 evaluated, 79 expanded
[t=0.0672581s, 18200 KB] New best heuristic value for pinch_tracking: 33
[t=0.0673382s, 18200 KB] g=59, 1523 evaluated, 80 expanded
[t=0.0681081s, 18200 KB] New best heuristic value for pinch_tracking: 32
[t=0.0681989s, 18200 KB] g=60, 1556 evaluated, 82 expanded
[t=0.0686707s, 18200 KB] New best heuristic value for pinch_tracking: 31
[t=0.0687602s, 18200 KB] g=61, 1575 evaluated, 83 expanded
[t=0.0694642s, 18200 KB] New best heuristic value for pinch_tracking: 30
[t=0.0695591s, 18200 KB] g=62, 1604 evaluated, 85 expanded
[t=0.069931s, 18200 KB] New best heuristic value for pinch_tracking: 29
[t=0.0700109s, 18200 KB] g=63, 1619 evaluated, 86 expanded
[t=0.0707825s, 18200 KB] New best heuristic value for pinch_tracking: 28
[t=0.0708766s, 18200 KB] g=64, 1652 evaluated, 88 expanded
[t=0.0712687s, 18200 KB] New best heuristic value for pinch_tracking: 27
[t=0.0713533s, 18200 KB] g=65, 1667 evaluated, 89 expanded
[t=0.0721405s, 18200 KB] New best heuristic value for pinch_tracking: 26
[t=0.072236s, 18200 KB] g=66, 1700 evaluated, 91 expanded
[t=0.0726103s, 18200 KB] New best heuristic value for pinch_tracking: 25
[t=0.0726954s, 18200 KB] g=67, 1715 evaluated, 92 expanded
[t=0.0735385s, 18200 KB] New best heuristic value for pinch_tracking: 24
[t=0.0736392s, 18200 KB] g=68, 1751 evaluated, 96 expanded
[t=0.0740293s, 18200 KB] New best heuristic value for pinch_tracking: 23
[t=0.0741136s, 18200 KB] g=69, 1767 evaluated, 97 expanded
[t=0.07495s, 18200 KB] New best heuristic value for pinch_tracking: 22
[t=0.0750465s, 18200 KB] g=70, 1802 evaluated, 101 expanded
[t=0.0754445s, 18200 KB] New best heuristic value for pinch_tracking: 21
[t=0.0755288s, 18200 KB] g=71, 1817 evaluated, 102 expanded
[t=0.0763046s, 18200 KB] New best heuristic value for pinch_tracking: 20
[t=0.0764002s, 18200 KB] g=72, 1851 evaluated, 104 expanded
[t=0.0767998s, 18200 KB] New best heuristic value for pinch_tracking: 19
[t=0.0768792s, 18200 KB] g=73, 1867 evaluated, 105 expanded
[t=0.077939s, 18200 KB] New best heuristic value for pinch_tracking: 18
[t=0.0780389s, 18200 KB] g=74, 1902 evaluated, 108 expanded
[t=0.0784416s, 18200 KB] New best heuristic value for pinch_tracking: 17
[t=0.0785254s, 18200 KB] g=75, 1918 evaluated, 109 expanded
[t=0.0793463s, 18200 KB] New best heuristic value for pinch_tracking: 16
[t=0.0794355s, 18200 KB] g=76, 1952 evaluated, 113 expanded
[t=0.0798354s, 18200 KB] New best heuristic value for pinch_tracking: 15
[t=0.0799183s, 18200 KB] g=77, 1967 evaluated, 114 expanded
[t=0.0807541s, 18200 KB] New best heuristic value for pinch_tracking: 14
[t=0.0808477s, 18200 KB] g=78, 2001 evaluated, 117 expanded
[t=0.0812484s, 18200 KB] New best heuristic value for pinch_tracking: 13
[t=0.0813316s, 18200 KB] g=79, 2016 evaluated, 118 expanded
[t=0.0821481s, 18200 KB] New best heuristic value for pinch_tracking: 12
[t=0.0822411s, 18200 KB] g=80, 2050 evaluated, 121 expanded
[t=0.0826371s, 18200 KB] New best heuristic value for pinch_tracking: 11
[t=0.0827226s, 18200 KB] g=81, 2065 evaluated, 122 expanded
[t=0.0834708s, 18200 KB] New best heuristic value for pinch_tracking: 10
[t=0.0835659s, 18200 KB] g=82, 2098 evaluated, 123 expanded
[t=0.0842779s, 18200 KB] New best heuristic value for pinch_tracking: 9
[t=0.0843721s, 18200 KB] g=83, 2130 evaluated, 124 expanded
[t=0.0848641s, 18200 KB] New best heuristic value for pinch_tracking: 8
[t=0.084949s, 18200 KB] g=84, 2148 evaluated, 126 expanded
[t=0.0855694s, 18200 KB] New best heuristic value for pinch_tracking: 7
[t=0.085658s, 18200 KB] g=85, 2176 evaluated, 127 expanded
[t=0.0862292s, 18200 KB] New best heuristic value for pinch_tracking: 6
[t=0.086312s, 18200 KB] g=86, 2199 evaluated, 129 expanded
[t=0.0869315s, 18200 KB] New best heuristic value for pinch_tracking: 5
[t=0.0870242s, 18200 KB] g=87, 2227 evaluated, 130 expanded
[t=0.0876133s, 18200 KB] New best heuristic value for pinch_tracking: 4
[t=0.087702s, 18200 KB] g=88, 2249 evaluated, 132 expanded
[t=0.0883034s, 18200 KB] New best heuristic value for pinch_tracking: 3
[t=0.0883964s, 18200 KB] g=89, 2276 evaluated, 133 expanded
[t=0.0889461s, 18200 KB] New best heuristic value for pinch_tracking: 2
[t=0.0890304s, 18200 KB] g=90, 2298 evaluated, 135 expanded
[t=0.0896594s, 18200 KB] New best heuristic value for pinch_tracking: 1
[t=0.0897523s, 18200 KB] g=91, 2325 evaluated, 136 expanded
[t=0.0902958s, 18200 KB] New best heuristic value for pinch_tracking: 0
[t=0.0903823s, 18200 KB] g=92, 2347 evaluated, 137 expanded
[t=0.0904561s, 18200 KB] Solution found!
[t=0.0905478s, 18200 KB] Actual search time: 0.0652564s
board f0 p19 (1)
up f0 f30 (1)
board f30 p15 (1)
up f30 f32 (1)
board f32 p5 (1)
up f32 f38 (1)
board f38 p22 (1)
up f38 f39 (1)
depart f39 p15 (1)
up f39 f44 (1)
board f44 p23 (1)
depart f44 p19 (1)
down f44 f1 (1)
board f1 p10 (1)
board f1 p11 (1)
up f1 f2 (1)
board f2 p21 (1)
up f2 f3 (1)
board f3 p7 (1)
up f3 f30 (1)
depart f30 p7 (1)
down f30 f7 (1)
board f7 p14 (1)
up f7 f33 (1)
board f33 p20 (1)
down f33 f32 (1)
depart f32 p20 (1)
up f32 f38 (1)
depart f38 p5 (1)
up f38 f42 (1)
board f42 p12 (1)
up f42 f45 (1)
board f45 p4 (1)
board f45 p8 (1)
down f45 f13 (1)
board f13 p6 (1)
down f13 f3 (1)
depart f3 p23 (1)
up f3 f15 (1)
board f15 p0 (1)
up f15 f39 (1)
depart f39 p0 (1)
down f39 f17 (1)
board f17 p16 (1)
down f17 f0 (1)
depart f0 p16 (1)
up f0 f18 (1)
board f18 p1 (1)
down f18 f2 (1)
depart f2 p1 (1)
up f2 f22 (1)
board f22 p3 (1)
down f22 f11 (1)
depart f11 p3 (1)
down f11 f5 (1)
depart f5 p22 (1)
up f5 f25 (1)
board f25 p9 (1)
down f25 f7 (1)
depart f7 p9 (1)
up f7 f26 (1)
depart f26 p14 (1)
up f26 f27 (1)
depart f27 p12 (1)
up f27 f28 (1)
depart f28 p11 (1)
up f28 f33 (1)
depart f33 p4 (1)
up f33 f36 (1)
board f36 p2 (1)
down f36 f30 (1)
depart f30 p2 (1)
up f30 f38 (1)
depart f38 p6 (1)
up f38 f40 (1)
board f40 p13 (1)
down f40 f39 (1)
depart f39 p13 (1)
up f39 f41 (1)
board f41 p17 (1)
down f41 f21 (1)
depart f21 p17 (1)
up f21 f42 (1)
depart f42 p10 (1)
up f42 f44 (1)
depart f44 p8 (1)
up f44 f46 (1)
depart f46 p21 (1)
up f46 f47 (1)
board f47 p18 (1)
down f47 f32 (1)
depart f32 p18 (1)
[t=0.0906237s, 18200 KB] Plan length: 92 step(s).
[t=0.0906237s, 18200 KB] Plan cost: 92
[t=0.0906237s, 18200 KB] Expanded 138 state(s).
[t=0.0906237s, 18200 KB] Reopened 0 state(s).
[t=0.0906237s, 18200 KB] Evaluated 2347 state(s).
[t=0.0906237s, 18200 KB] Evaluations: 2347
[t=0.0906237s, 18200 KB] Generated 6567 state(s).
[t=0.0906237s, 18200 KB] Dead ends: 0 state(s).
[t=0.0906237s, 18200 KB] Number of registered states: 2347
[t=0.0906237s, 18200 KB] Int hash set load factor: 2347/4096 = 0.572998
[t=0.0906237s, 18200 KB] Int hash set resizes: 12
[t=0.0906237s, 18200 KB] mean number of q cost that have been adjusted 0 times in relation to total number of q: -1
[t=0.0906237s, 18200 KB] mean number of q cost that have been adjusted 1 times in relation to total number of q: -1
[t=0.0906237s, 18200 KB] mean number of q cost that have been adjusted 2 times in relation to total number of q: -1
[t=0.0906237s, 18200 KB] mean number of q that are at some point overconsitent in relation to total number of q: -1
[t=0.0906237s, 18200 KB] mean number of q that are at first underconsisten in relation to total number of q: -1
[t=0.0906237s, 18200 KB] mean number of state variables that are not in common between two following states in relation to total number of state variables: -1
[t=0.0906237s, 18200 KB] variance number of state variables that are not in common between two following states in relation to total number of state variables: -1
[t=0.0906237s, 18200 KB] Search time: 0.0660897s
[t=0.0906237s, 18200 KB] Total time: 0.0906237s
Solution found.
Peak memory: 18200 KB
Remove intermediate file output.sas
search exit code: 0

INFO     Running validate.
INFO     validate stdin: None
INFO     validate time limit: None
INFO     validate memory limit: None
INFO     validate command line string: validate domain.pddl problem.pddl sas_plan
