INFO     Running translator.
INFO     translator stdin: None
INFO     translator time limit: 1799.95s
INFO     translator memory limit: 3584 MB
INFO     translator command line string: /infai/weidan00/downward/experiments/bachelor/.venv/bin/python3 /infai/weidan00/downward/experiments/bachelor/data/bachelor-v1/code-7aa5f34_e5e41175/builds/release/bin/translate/translate.py domain.pddl problem.pddl --sas-file output.sas
Parsing...
Parsing: [0.010s CPU, 0.012s wall-clock]
Normalizing task... [0.000s CPU, 0.000s wall-clock]
Instantiating...
Generating Datalog program... [0.000s CPU, 0.004s wall-clock]
Normalizing Datalog program...
Normalizing Datalog program: [0.010s CPU, 0.002s wall-clock]
Preparing model... [0.010s CPU, 0.016s wall-clock]
Generated 26 rules.
Computing model... [0.070s CPU, 0.067s wall-clock]
4753 relevant atoms
3537 auxiliary atoms
8290 final queue length
11099 total queue pushes
Completing instantiation... [0.080s CPU, 0.082s wall-clock]
Instantiating: [0.180s CPU, 0.173s wall-clock]
Computing fact groups...
Finding invariants...
6 initial candidates
Finding invariants: [0.000s CPU, 0.001s wall-clock]
Checking invariant weight... [0.000s CPU, 0.001s wall-clock]
Instantiating groups... [0.000s CPU, 0.000s wall-clock]
Collecting mutex groups... [0.000s CPU, 0.000s wall-clock]
Choosing groups...
54 uncovered facts
Choosing groups: [0.000s CPU, 0.000s wall-clock]
Building translation key... [0.000s CPU, 0.000s wall-clock]
Computing fact groups: [0.000s CPU, 0.004s wall-clock]
Building STRIPS to SAS dictionary... [0.000s CPU, 0.000s wall-clock]
Building dictionary for full mutex groups... [0.000s CPU, 0.000s wall-clock]
Building mutex information...
Building mutex information: [0.000s CPU, 0.000s wall-clock]
Translating task...
Processing axioms...
Simplifying axioms... [0.000s CPU, 0.000s wall-clock]
Processing axioms: [0.000s CPU, 0.004s wall-clock]
Translating task: [0.080s CPU, 0.078s wall-clock]
27 effect conditions simplified
0 implied preconditions added
Detecting unreachable propositions...
0 operators removed
0 axioms removed
1 propositions removed
Detecting unreachable propositions: [0.040s CPU, 0.040s wall-clock]
Reordering and filtering variables...
55 of 55 variables necessary.
0 of 1 mutex groups necessary.
2916 of 2916 operators necessary.
0 of 0 axiom rules necessary.
Reordering and filtering variables: [0.010s CPU, 0.008s wall-clock]
Translator variables: 55
Translator derived variables: 0
Translator facts: 162
Translator goal facts: 27
Translator mutex groups: 0
Translator total mutex groups size: 0
Translator operators: 2916
Translator axioms: 0
Translator task size: 9046
Translator peak memory: 151244 KB
Writing output... [0.020s CPU, 0.024s wall-clock]
Done! [0.340s CPU, 0.346s wall-clock]
translate exit code: 0

INFO     Running search (release).
INFO     search stdin: output.sas
INFO     search time limit: 1799.55s
INFO     search memory limit: 3584 MB
INFO     search command line string: /infai/weidan00/downward/experiments/bachelor/data/bachelor-v1/code-7aa5f34_e5e41175/builds/release/bin/downward --search 'eager_wastar([pinch_tracking()], w=2)' --internal-plan-file sas_plan < output.sas
[t=7.0404e-05s, 17204 KB] reading input...
[t=0.0106863s, 17752 KB] done reading input!
[t=0.0132068s, 18164 KB] Simplifying 2943 unary operators... done! [2943 unary operators]
[t=0.0145034s, 18428 KB] time to simplify: 0.00146438s
[t=0.0147728s, 18428 KB] Initializing pinch tracking heuristic...
[t=0.0149483s, 18428 KB] Building successor generator...done!
[t=0.0156599s, 18488 KB] peak memory difference for successor generator creation: 60 KB
[t=0.0157023s, 18488 KB] time for successor generation creation: 0.000574881s
[t=0.0157833s, 18488 KB] Variables: 55
[t=0.015825s, 18488 KB] FactPairs: 162
[t=0.0158659s, 18488 KB] Bytes per state: 8
[t=0.0160206s, 18488 KB] Conducting best first search with reopening closed nodes, (real) bound = 2147483647
[t=0.0163318s, 18488 KB] New best heuristic value for pinch_tracking: 106
[t=0.016377s, 18488 KB] g=0, 1 evaluated, 0 expanded
[t=0.0164314s, 18488 KB] Initial heuristic value for pinch_tracking: 106
[t=0.0164731s, 18488 KB] pruning method: none
[t=0.0165362s, 18488 KB] New best heuristic value for pinch_tracking: 105
[t=0.0165783s, 18488 KB] g=1, 2 evaluated, 1 expanded
[t=0.0167989s, 18488 KB] New best heuristic value for pinch_tracking: 103
[t=0.0168431s, 18488 KB] g=1, 15 evaluated, 1 expanded
[t=0.0173675s, 18488 KB] New best heuristic value for pinch_tracking: 102
[t=0.0174124s, 18488 KB] g=2, 56 evaluated, 2 expanded
[t=0.017484s, 18488 KB] New best heuristic value for pinch_tracking: 101
[t=0.0175272s, 18488 KB] g=3, 59 evaluated, 3 expanded
[t=0.018211s, 18488 KB] New best heuristic value for pinch_tracking: 100
[t=0.0182575s, 18488 KB] g=4, 114 evaluated, 4 expanded
[t=0.0190238s, 18488 KB] New best heuristic value for pinch_tracking: 99
[t=0.0190708s, 18488 KB] g=5, 175 evaluated, 5 expanded
[t=0.0203095s, 18488 KB] New best heuristic value for pinch_tracking: 98
[t=0.0203586s, 18488 KB] g=7, 275 evaluated, 9 expanded
[t=0.0204836s, 18488 KB] New best heuristic value for pinch_tracking: 97
[t=0.0205267s, 18488 KB] g=7, 281 evaluated, 9 expanded
[t=0.0212149s, 18488 KB] New best heuristic value for pinch_tracking: 95
[t=0.0212597s, 18488 KB] g=9, 336 evaluated, 12 expanded
[t=0.0219742s, 18488 KB] New best heuristic value for pinch_tracking: 93
[t=0.0220208s, 18488 KB] g=11, 392 evaluated, 15 expanded
[t=0.0227709s, 18488 KB] New best heuristic value for pinch_tracking: 91
[t=0.0228166s, 18488 KB] g=13, 451 evaluated, 18 expanded
[t=0.0233766s, 18488 KB] New best heuristic value for pinch_tracking: 90
[t=0.0234225s, 18488 KB] g=15, 494 evaluated, 21 expanded
[t=0.0235606s, 18488 KB] New best heuristic value for pinch_tracking: 89
[t=0.023603s, 18488 KB] g=15, 502 evaluated, 21 expanded
[t=0.0243284s, 18488 KB] New best heuristic value for pinch_tracking: 87
[t=0.0243747s, 18488 KB] g=16, 555 evaluated, 23 expanded
[t=0.0249875s, 18488 KB] New best heuristic value for pinch_tracking: 86
[t=0.025033s, 18488 KB] g=18, 603 evaluated, 27 expanded
[t=0.0251757s, 18488 KB] New best heuristic value for pinch_tracking: 85
[t=0.0252219s, 18488 KB] g=18, 611 evaluated, 27 expanded
[t=0.0258809s, 18488 KB] New best heuristic value for pinch_tracking: 83
[t=0.0259256s, 18488 KB] g=19, 664 evaluated, 29 expanded
[t=0.0266226s, 18488 KB] New best heuristic value for pinch_tracking: 81
[t=0.0266683s, 18488 KB] g=21, 718 evaluated, 33 expanded
[t=0.0273646s, 18488 KB] New best heuristic value for pinch_tracking: 79
[t=0.0274097s, 18488 KB] g=23, 772 evaluated, 37 expanded
[t=0.0281252s, 18488 KB] New best heuristic value for pinch_tracking: 77
[t=0.0281704s, 18488 KB] g=25, 828 evaluated, 41 expanded
[t=0.0287637s, 18488 KB] New best heuristic value for pinch_tracking: 76
[t=0.0288086s, 18488 KB] g=26, 875 evaluated, 42 expanded
[t=0.0295176s, 18488 KB] New best heuristic value for pinch_tracking: 75
[t=0.0295655s, 18488 KB] g=28, 930 evaluated, 45 expanded
[t=0.029713s, 18488 KB] New best heuristic value for pinch_tracking: 74
[t=0.0297563s, 18488 KB] g=29, 939 evaluated, 46 expanded
[t=0.0303826s, 18488 KB] New best heuristic value for pinch_tracking: 73
[t=0.0304278s, 18488 KB] g=30, 987 evaluated, 49 expanded
[t=0.0305767s, 18488 KB] New best heuristic value for pinch_tracking: 72
[t=0.0306189s, 18488 KB] g=31, 995 evaluated, 50 expanded
[t=0.0313159s, 18488 KB] New best heuristic value for pinch_tracking: 71
[t=0.0313633s, 18488 KB] g=32, 1041 evaluated, 51 expanded
[t=0.0316375s, 18488 KB] New best heuristic value for pinch_tracking: 70
[t=0.0316803s, 18488 KB] g=33, 1061 evaluated, 52 expanded
[t=0.0321438s, 18488 KB] New best heuristic value for pinch_tracking: 69
[t=0.0321876s, 18488 KB] g=34, 1096 evaluated, 54 expanded
[t=0.0324046s, 18488 KB] New best heuristic value for pinch_tracking: 68
[t=0.0324471s, 18488 KB] g=35, 1110 evaluated, 55 expanded
[t=0.0329791s, 18488 KB] New best heuristic value for pinch_tracking: 67
[t=0.0330232s, 18488 KB] g=36, 1151 evaluated, 57 expanded
[t=0.0330899s, 18488 KB] New best heuristic value for pinch_tracking: 66
[t=0.0331322s, 18488 KB] g=37, 1153 evaluated, 58 expanded
[t=0.0337987s, 18488 KB] New best heuristic value for pinch_tracking: 65
[t=0.0338442s, 18488 KB] g=38, 1207 evaluated, 59 expanded
[t=0.0340368s, 18488 KB] New best heuristic value for pinch_tracking: 64
[t=0.0340796s, 18488 KB] g=38, 1220 evaluated, 59 expanded
[t=0.035234s, 18488 KB] New best heuristic value for pinch_tracking: 63
[t=0.0352826s, 18488 KB] g=40, 1315 evaluated, 63 expanded
[t=0.0354649s, 18488 KB] New best heuristic value for pinch_tracking: 62
[t=0.0355082s, 18488 KB] g=40, 1327 evaluated, 63 expanded
[t=0.0366882s, 18488 KB] New best heuristic value for pinch_tracking: 61
[t=0.0367341s, 18488 KB] g=42, 1424 evaluated, 67 expanded
[t=0.0369049s, 18488 KB] New best heuristic value for pinch_tracking: 60
[t=0.036948s, 18488 KB] g=42, 1435 evaluated, 67 expanded
[t=0.0387683s, 18488 KB] New best heuristic value for pinch_tracking: 59
[t=0.0388184s, 18488 KB] g=44, 1588 evaluated, 73 expanded
[t=0.0390566s, 18488 KB] New best heuristic value for pinch_tracking: 58
[t=0.0390993s, 18488 KB] g=44, 1605 evaluated, 73 expanded
[t=0.0408187s, 18488 KB] New best heuristic value for pinch_tracking: 57
[t=0.0408676s, 18488 KB] g=46, 1751 evaluated, 78 expanded
[t=0.041107s, 18488 KB] New best heuristic value for pinch_tracking: 56
[t=0.0411501s, 18488 KB] g=46, 1768 evaluated, 78 expanded
[t=0.0429301s, 18488 KB] New best heuristic value for pinch_tracking: 55
[t=0.0429801s, 18488 KB] g=48, 1919 evaluated, 83 expanded
[t=0.0430838s, 18488 KB] New best heuristic value for pinch_tracking: 54
[t=0.0431262s, 18488 KB] g=48, 1924 evaluated, 83 expanded
[t=0.0458251s, 18488 KB] New best heuristic value for pinch_tracking: 53
[t=0.0458853s, 18488 KB] g=50, 2138 evaluated, 90 expanded
[t=0.0460718s, 18488 KB] New best heuristic value for pinch_tracking: 52
[t=0.0461148s, 18488 KB] g=50, 2150 evaluated, 90 expanded
[t=0.0485507s, 18488 KB] New best heuristic value for pinch_tracking: 51
[t=0.0486061s, 18488 KB] g=52, 2358 evaluated, 96 expanded
[t=0.0487786s, 18488 KB] New best heuristic value for pinch_tracking: 50
[t=0.0488215s, 18488 KB] g=52, 2369 evaluated, 96 expanded
[t=0.0512892s, 18488 KB] New best heuristic value for pinch_tracking: 49
[t=0.0513451s, 18488 KB] g=54, 2580 evaluated, 102 expanded
[t=0.0514152s, 18488 KB] New best heuristic value for pinch_tracking: 48
[t=0.0514575s, 18488 KB] g=54, 2582 evaluated, 102 expanded
[t=0.0539806s, 18488 KB] New best heuristic value for pinch_tracking: 47
[t=0.0540367s, 18488 KB] g=56, 2799 evaluated, 109 expanded
[t=0.0541195s, 18488 KB] New best heuristic value for pinch_tracking: 46
[t=0.0541618s, 18488 KB] g=56, 2802 evaluated, 109 expanded
[t=0.0567066s, 18488 KB] New best heuristic value for pinch_tracking: 45
[t=0.0567633s, 18488 KB] g=58, 3022 evaluated, 115 expanded
[t=0.0568892s, 18488 KB] New best heuristic value for pinch_tracking: 44
[t=0.0569384s, 18488 KB] g=58, 3029 evaluated, 115 expanded
[t=0.0594093s, 18488 KB] New best heuristic value for pinch_tracking: 42
[t=0.0594643s, 18488 KB] g=60, 3243 evaluated, 121 expanded
[t=0.0619859s, 18488 KB] New best heuristic value for pinch_tracking: 40
[t=0.0620418s, 18488 KB] g=62, 3461 evaluated, 127 expanded
[t=0.0646069s, 18488 KB] New best heuristic value for pinch_tracking: 38
[t=0.0646632s, 18488 KB] g=64, 3683 evaluated, 133 expanded
[t=0.0674684s, 18488 KB] New best heuristic value for pinch_tracking: 36
[t=0.0675255s, 18488 KB] g=66, 3899 evaluated, 139 expanded
[t=0.0700805s, 18488 KB] New best heuristic value for pinch_tracking: 35
[t=0.0701417s, 18488 KB] g=68, 4113 evaluated, 146 expanded
[t=0.0703268s, 18488 KB] New best heuristic value for pinch_tracking: 34
[t=0.0703707s, 18488 KB] g=68, 4125 evaluated, 146 expanded
[t=0.0728659s, 18488 KB] New best heuristic value for pinch_tracking: 32
[t=0.0729226s, 18488 KB] g=70, 4339 evaluated, 153 expanded
[t=0.0755087s, 18488 KB] New best heuristic value for pinch_tracking: 30
[t=0.0755771s, 18488 KB] g=72, 4560 evaluated, 161 expanded
[t=0.0781871s, 18488 KB] New best heuristic value for pinch_tracking: 28
[t=0.078245s, 18488 KB] g=74, 4783 evaluated, 169 expanded
[t=0.0808317s, 18488 KB] New best heuristic value for pinch_tracking: 26
[t=0.0808856s, 18488 KB] g=76, 5004 evaluated, 177 expanded
[t=0.083495s, 18488 KB] New best heuristic value for pinch_tracking: 24
[t=0.0835538s, 18488 KB] g=78, 5225 evaluated, 185 expanded
[t=0.0861559s, 18488 KB] New best heuristic value for pinch_tracking: 22
[t=0.0862131s, 18488 KB] g=80, 5446 evaluated, 193 expanded
[t=0.0888137s, 18488 KB] New best heuristic value for pinch_tracking: 20
[t=0.0888718s, 18488 KB] g=82, 5667 evaluated, 201 expanded
[t=0.0914718s, 18488 KB] New best heuristic value for pinch_tracking: 18
[t=0.0915299s, 18488 KB] g=84, 5888 evaluated, 209 expanded
[t=0.094084s, 18488 KB] New best heuristic value for pinch_tracking: 16
[t=0.0941405s, 18488 KB] g=86, 6109 evaluated, 215 expanded
[t=0.0967564s, 18528 KB] New best heuristic value for pinch_tracking: 14
[t=0.0968188s, 18528 KB] g=88, 6331 evaluated, 222 expanded
[t=0.099373s, 18528 KB] New best heuristic value for pinch_tracking: 12
[t=0.0994292s, 18528 KB] g=90, 6551 evaluated, 229 expanded
[t=0.099966s, 18528 KB] New best heuristic value for pinch_tracking: 11
[t=0.100012s, 18528 KB] g=91, 6594 evaluated, 230 expanded
[t=0.102559s, 18528 KB] New best heuristic value for pinch_tracking: 10
[t=0.102616s, 18528 KB] g=93, 6814 evaluated, 236 expanded
[t=0.102835s, 18528 KB] New best heuristic value for pinch_tracking: 9
[t=0.102879s, 18528 KB] g=94, 6828 evaluated, 237 expanded
[t=0.103423s, 18528 KB] New best heuristic value for pinch_tracking: 8
[t=0.103469s, 18528 KB] g=95, 6871 evaluated, 238 expanded
[t=0.103734s, 18528 KB] New best heuristic value for pinch_tracking: 7
[t=0.103778s, 18528 KB] g=96, 6892 evaluated, 239 expanded
[t=0.104261s, 18528 KB] New best heuristic value for pinch_tracking: 6
[t=0.104305s, 18528 KB] g=97, 6929 evaluated, 241 expanded
[t=0.10489s, 18528 KB] New best heuristic value for pinch_tracking: 5
[t=0.104934s, 18528 KB] g=98, 6976 evaluated, 242 expanded
[t=0.105088s, 18528 KB] New best heuristic value for pinch_tracking: 4
[t=0.105131s, 18528 KB] g=99, 6984 evaluated, 243 expanded
[t=0.10572s, 18528 KB] New best heuristic value for pinch_tracking: 3
[t=0.105763s, 18528 KB] g=100, 7033 evaluated, 244 expanded
[t=0.105895s, 18528 KB] New best heuristic value for pinch_tracking: 2
[t=0.105938s, 18528 KB] g=101, 7039 evaluated, 245 expanded
[t=0.106557s, 18528 KB] New best heuristic value for pinch_tracking: 1
[t=0.106601s, 18528 KB] g=102, 7090 evaluated, 246 expanded
[t=0.106699s, 18528 KB] New best heuristic value for pinch_tracking: 0
[t=0.106742s, 18528 KB] g=103, 7094 evaluated, 247 expanded
[t=0.106785s, 18528 KB] Solution found!
[t=0.106845s, 18528 KB] Actual search time: 0.0903682s
up f0 f20 (1)
board f20 p22 (1)
board f20 p24 (1)
board f20 p5 (1)
down f20 f0 (1)
board f0 p19 (1)
up f0 f1 (1)
board f1 p10 (1)
up f1 f18 (1)
board f18 p2 (1)
down f18 f7 (1)
board f7 p14 (1)
up f7 f19 (1)
board f19 p11 (1)
board f19 p6 (1)
up f19 f23 (1)
board f23 p16 (1)
board f23 p26 (1)
up f23 f33 (1)
board f33 p8 (1)
up f33 f35 (1)
depart f35 p22 (1)
up f35 f36 (1)
board f36 p12 (1)
down f36 f15 (1)
depart f15 p12 (1)
up f15 f38 (1)
depart f38 p8 (1)
up f38 f44 (1)
board f44 p23 (1)
down f44 f15 (1)
depart f15 p23 (1)
up f15 f51 (1)
board f51 p4 (1)
up f51 f53 (1)
board f53 p17 (1)
board f53 p18 (1)
down f53 f0 (1)
depart f0 p2 (1)
up f0 f1 (1)
depart f1 p24 (1)
up f1 f14 (1)
board f14 p21 (1)
down f14 f10 (1)
depart f10 p21 (1)
down f10 f2 (1)
depart f2 p5 (1)
up f2 f16 (1)
board f16 p13 (1)
down f16 f15 (1)
depart f15 p13 (1)
down f15 f3 (1)
depart f3 p17 (1)
up f3 f21 (1)
board f21 p7 (1)
down f21 f18 (1)
depart f18 p7 (1)
down f18 f4 (1)
depart f4 p11 (1)
up f4 f22 (1)
board f22 p25 (1)
down f22 f6 (1)
depart f6 p10 (1)
up f6 f26 (1)
depart f26 p14 (1)
down f26 f9 (1)
board f9 p0 (1)
up f9 f28 (1)
board f28 p3 (1)
up f28 f35 (1)
depart f35 p3 (1)
up f35 f36 (1)
depart f36 p16 (1)
up f36 f37 (1)
depart f37 p25 (1)
up f37 f38 (1)
depart f38 p6 (1)
up f38 f39 (1)
depart f39 p4 (1)
up f39 f41 (1)
depart f41 p26 (1)
up f41 f42 (1)
board f42 p15 (1)
down f42 f33 (1)
depart f33 p15 (1)
up f33 f44 (1)
depart f44 p18 (1)
up f44 f45 (1)
board f45 p20 (1)
down f45 f20 (1)
depart f20 p20 (1)
up f20 f48 (1)
board f48 p1 (1)
down f48 f20 (1)
depart f20 p1 (1)
up f20 f49 (1)
board f49 p9 (1)
down f49 f7 (1)
depart f7 p9 (1)
up f7 f50 (1)
depart f50 p19 (1)
up f50 f51 (1)
depart f51 p0 (1)
[t=0.10689s, 18528 KB] Plan length: 103 step(s).
[t=0.10689s, 18528 KB] Plan cost: 103
[t=0.10689s, 18528 KB] Expanded 248 state(s).
[t=0.10689s, 18528 KB] Reopened 0 state(s).
[t=0.10689s, 18528 KB] Evaluated 7094 state(s).
[t=0.10689s, 18528 KB] Evaluations: 7094
[t=0.10689s, 18528 KB] Generated 13566 state(s).
[t=0.10689s, 18528 KB] Dead ends: 0 state(s).
[t=0.10689s, 18528 KB] Number of registered states: 7094
[t=0.10689s, 18528 KB] Int hash set load factor: 7094/8192 = 0.865967
[t=0.10689s, 18528 KB] Int hash set resizes: 13
[t=0.10689s, 18528 KB] mean number of q cost that have been adjusted 0 times in relation to total number of q: -1
[t=0.10689s, 18528 KB] mean number of q cost that have been adjusted 1 times in relation to total number of q: -1
[t=0.10689s, 18528 KB] mean number of q cost that have been adjusted 2 times in relation to total number of q: -1
[t=0.10689s, 18528 KB] mean number of q that are at some point overconsitent in relation to total number of q: -1
[t=0.10689s, 18528 KB] mean number of q that are at first underconsisten in relation to total number of q: -1
[t=0.10689s, 18528 KB] mean number of state variables that are not in common between two following states in relation to total number of state variables: -1
[t=0.10689s, 18528 KB] variance number of state variables that are not in common between two following states in relation to total number of state variables: -1
[t=0.10689s, 18528 KB] Search time: 0.0908709s
[t=0.10689s, 18528 KB] Total time: 0.10689s
Solution found.
Peak memory: 18528 KB
Remove intermediate file output.sas
search exit code: 0

INFO     Running validate.
INFO     validate stdin: None
INFO     validate time limit: None
INFO     validate memory limit: None
INFO     validate command line string: validate domain.pddl problem.pddl sas_plan
