INFO     Running translator.
INFO     translator stdin: None
INFO     translator time limit: 1799.96s
INFO     translator memory limit: 3584 MB
INFO     translator command line string: /infai/weidan00/downward/experiments/bachelor/.venv/bin/python3 /infai/weidan00/downward/experiments/bachelor/data/bachelor-v1/code-7aa5f34_e5e41175/builds/release/bin/translate/translate.py domain.pddl problem.pddl --sas-file output.sas
Parsing...
Parsing: [0.000s CPU, 0.006s wall-clock]
Normalizing task... [0.000s CPU, 0.000s wall-clock]
Instantiating...
Generating Datalog program... [0.010s CPU, 0.001s wall-clock]
Normalizing Datalog program...
Normalizing Datalog program: [0.000s CPU, 0.002s wall-clock]
Preparing model... [0.000s CPU, 0.003s wall-clock]
Generated 65 rules.
Computing model... [0.020s CPU, 0.018s wall-clock]
1712 relevant atoms
324 auxiliary atoms
2036 final queue length
5315 total queue pushes
Completing instantiation... [0.070s CPU, 0.077s wall-clock]
Instantiating: [0.100s CPU, 0.103s wall-clock]
Computing fact groups...
Finding invariants...
21 initial candidates
Finding invariants: [0.010s CPU, 0.004s wall-clock]
Checking invariant weight... [0.000s CPU, 0.000s wall-clock]
Instantiating groups... [0.000s CPU, 0.000s wall-clock]
Collecting mutex groups... [0.000s CPU, 0.000s wall-clock]
Choosing groups...
645 uncovered facts
Choosing groups: [0.000s CPU, 0.000s wall-clock]
Building translation key... [0.000s CPU, 0.003s wall-clock]
Computing fact groups: [0.010s CPU, 0.014s wall-clock]
Building STRIPS to SAS dictionary... [0.010s CPU, 0.001s wall-clock]
Building dictionary for full mutex groups... [0.000s CPU, 0.001s wall-clock]
Building mutex information...
Building mutex information: [0.000s CPU, 0.000s wall-clock]
Translating task...
Processing axioms...
Simplifying axioms... [0.000s CPU, 0.000s wall-clock]
Processing axioms: [0.000s CPU, 0.006s wall-clock]
Translating task: [0.130s CPU, 0.130s wall-clock]
3692 effect conditions simplified
0 implied preconditions added
Detecting unreachable propositions...
0 operators removed
0 axioms removed
24 propositions removed
Detecting unreachable propositions: [0.040s CPU, 0.043s wall-clock]
Reordering and filtering variables...
333 of 633 variables necessary.
0 of 0 mutex groups necessary.
865 of 865 operators necessary.
0 of 0 axiom rules necessary.
Reordering and filtering variables: [0.040s CPU, 0.047s wall-clock]
Translator variables: 333
Translator derived variables: 0
Translator facts: 666
Translator goal facts: 36
Translator mutex groups: 0
Translator total mutex groups size: 0
Translator operators: 865
Translator axioms: 0
Translator task size: 8359
Translator peak memory: 151500 KB
Writing output... [0.010s CPU, 0.019s wall-clock]
Done! [0.360s CPU, 0.369s wall-clock]
translate exit code: 0

INFO     Running search (release).
INFO     search stdin: output.sas
INFO     search time limit: 1799.54s
INFO     search memory limit: 3584 MB
INFO     search command line string: /infai/weidan00/downward/experiments/bachelor/data/bachelor-v1/code-7aa5f34_e5e41175/builds/release/bin/downward --search 'eager_wastar([pinch()], w=2)' --internal-plan-file sas_plan < output.sas
[t=6.5164e-05s, 17204 KB] reading input...
[t=0.0086164s, 17608 KB] done reading input!
[t=0.0110873s, 18136 KB] Simplifying 3686 unary operators... done! [2940 unary operators]
[t=0.0141923s, 18400 KB] time to simplify: 0.00322655s
[t=0.014564s, 18400 KB] Initializing pinch heuristic...
[t=0.0147283s, 18400 KB] Building successor generator...done!
[t=0.0152857s, 18400 KB] peak memory difference for successor generator creation: 0 KB
[t=0.0153261s, 18400 KB] time for successor generation creation: 0.000423046s
[t=0.0153802s, 18400 KB] Variables: 333
[t=0.0154207s, 18400 KB] FactPairs: 666
[t=0.0154612s, 18400 KB] Bytes per state: 44
[t=0.0156028s, 18400 KB] Conducting best first search with reopening closed nodes, (real) bound = 2147483647
[t=0.0159971s, 18400 KB] New best heuristic value for pinch: 36
[t=0.0160423s, 18400 KB] g=0, 1 evaluated, 0 expanded
[t=0.0160963s, 18400 KB] Initial heuristic value for pinch: 36
[t=0.0161383s, 18400 KB] pruning method: none
[t=0.0179849s, 18400 KB] New best heuristic value for pinch: 35
[t=0.0180343s, 18400 KB] g=1, 28 evaluated, 1 expanded
[t=0.0466178s, 18400 KB] New best heuristic value for pinch: 34
[t=0.0466941s, 18400 KB] g=1, 502 evaluated, 1 expanded
[t=0.0552227s, 18400 KB] New best heuristic value for pinch: 33
[t=0.0552937s, 18400 KB] g=2, 703 evaluated, 2 expanded
[t=0.745404s, 19856 KB] New best heuristic value for pinch: 32
[t=0.745529s, 19856 KB] g=4, 21566 evaluated, 68 expanded
[t=0.777916s, 19856 KB] New best heuristic value for pinch: 31
[t=0.778027s, 19856 KB] g=5, 22224 evaluated, 69 expanded
[t=0.790402s, 19856 KB] New best heuristic value for pinch: 30
[t=0.790505s, 19856 KB] g=6, 22781 evaluated, 70 expanded
[t=1.22595s, 21704 KB] New best heuristic value for pinch: 29
[t=1.22607s, 21704 KB] g=8, 45240 evaluated, 179 expanded
[t=1.26824s, 21704 KB] New best heuristic value for pinch: 28
[t=1.26836s, 21704 KB] g=9, 45976 evaluated, 180 expanded
[t=1.28022s, 21836 KB] New best heuristic value for pinch: 27
[t=1.28032s, 21836 KB] g=10, 46397 evaluated, 181 expanded
[t=1.78577s, 23676 KB] New best heuristic value for pinch: 26
[t=1.7859s, 23676 KB] g=12, 66438 evaluated, 282 expanded
[t=1.82716s, 23676 KB] New best heuristic value for pinch: 25
[t=1.82728s, 23676 KB] g=13, 67225 evaluated, 283 expanded
[t=2.59935s, 24884 KB] New best heuristic value for pinch: 24
[t=2.59947s, 24884 KB] g=15, 85033 evaluated, 331 expanded
[t=2.62145s, 24884 KB] New best heuristic value for pinch: 23
[t=2.62156s, 24884 KB] g=16, 85390 evaluated, 332 expanded
[t=2.65562s, 25020 KB] New best heuristic value for pinch: 22
[t=2.65573s, 25020 KB] g=17, 86065 evaluated, 333 expanded
[t=3.82421s, 28936 KB] New best heuristic value for pinch: 21
[t=3.82433s, 28936 KB] g=19, 127975 evaluated, 530 expanded
[t=9.07829s, 46148 KB] New best heuristic value for pinch: 20
[t=9.07842s, 46148 KB] g=21, 352925 evaluated, 1694 expanded
[t=9.0882s, 46148 KB] New best heuristic value for pinch: 19
[t=9.08827s, 46148 KB] g=22, 353082 evaluated, 1695 expanded
[t=10.5002s, 50012 KB] New best heuristic value for pinch: 18
[t=10.5003s, 50012 KB] g=24, 409291 evaluated, 1930 expanded
[t=10.5116s, 50012 KB] New best heuristic value for pinch: 17
[t=10.5117s, 50012 KB] g=25, 409475 evaluated, 1931 expanded
[t=12.0058s, 60616 KB] New best heuristic value for pinch: 16
[t=12.0059s, 60616 KB] g=27, 467946 evaluated, 2178 expanded
[t=13.6595s, 61860 KB] New best heuristic value for pinch: 15
[t=13.6596s, 61860 KB] g=29, 525329 evaluated, 2463 expanded
[t=16.8643s, 69368 KB] New best heuristic value for pinch: 14
[t=16.8644s, 69368 KB] g=31, 635343 evaluated, 2854 expanded
[t=33.0011s, 114392 KB] New best heuristic value for pinch: 13
[t=33.0012s, 114392 KB] g=33, 1182028 evaluated, 4894 expanded
[t=70.4383s, 215836 KB] New best heuristic value for pinch: 12
[t=70.4384s, 215836 KB] g=35, 2445245 evaluated, 9740 expanded
[t=118.645s, 358200 KB] New best heuristic value for pinch: 11
[t=118.645s, 358200 KB] g=37, 4073733 evaluated, 16146 expanded
[t=153.797s, 438636 KB] New best heuristic value for pinch: 10
[t=153.797s, 438636 KB] g=39, 5267460 evaluated, 20970 expanded
Failed to allocate memory.
Memory limit has been reached.
Peak memory: 3670016 KB
Remove intermediate file output.sas
search exit code: 22

Driver aborting after search
