INFO     Running translator.
INFO     translator stdin: None
INFO     translator time limit: 1799.96s
INFO     translator memory limit: 3584 MB
INFO     translator command line string: /infai/weidan00/downward/experiments/bachelor/.venv/bin/python3 /infai/weidan00/downward/experiments/bachelor/data/bachelor-v1/code-7aa5f34_e5e41175/builds/release/bin/translate/translate.py domain.pddl problem.pddl --sas-file output.sas
Parsing...
Parsing: [0.000s CPU, 0.005s wall-clock]
Normalizing task... [0.000s CPU, 0.000s wall-clock]
Instantiating...
Generating Datalog program... [0.000s CPU, 0.001s wall-clock]
Normalizing Datalog program...
Normalizing Datalog program: [0.010s CPU, 0.006s wall-clock]
Preparing model... [0.000s CPU, 0.003s wall-clock]
Generated 90 rules.
Computing model... [0.030s CPU, 0.029s wall-clock]
778 relevant atoms
2306 auxiliary atoms
3084 final queue length
3927 total queue pushes
Completing instantiation... [0.020s CPU, 0.016s wall-clock]
Instantiating: [0.060s CPU, 0.056s wall-clock]
Computing fact groups...
Finding invariants...
35 initial candidates
Finding invariants: [0.000s CPU, 0.005s wall-clock]
Checking invariant weight... [0.000s CPU, 0.000s wall-clock]
Instantiating groups... [0.010s CPU, 0.001s wall-clock]
Collecting mutex groups... [0.000s CPU, 0.000s wall-clock]
Choosing groups...
46 uncovered facts
Choosing groups: [0.000s CPU, 0.000s wall-clock]
Building translation key... [0.000s CPU, 0.000s wall-clock]
Computing fact groups: [0.010s CPU, 0.008s wall-clock]
Building STRIPS to SAS dictionary... [0.000s CPU, 0.000s wall-clock]
Building dictionary for full mutex groups... [0.000s CPU, 0.000s wall-clock]
Building mutex information...
Building mutex information: [0.000s CPU, 0.000s wall-clock]
Translating task...
Processing axioms...
Simplifying axioms... [0.000s CPU, 0.000s wall-clock]
Processing axioms: [0.000s CPU, 0.001s wall-clock]
Translating task: [0.010s CPU, 0.018s wall-clock]
96 effect conditions simplified
0 implied preconditions added
Detecting unreachable propositions...
0 operators removed
0 axioms removed
28 propositions removed
Detecting unreachable propositions: [0.010s CPU, 0.008s wall-clock]
Reordering and filtering variables...
33 of 59 variables necessary.
0 of 18 mutex groups necessary.
315 of 436 operators necessary.
0 of 0 axiom rules necessary.
Reordering and filtering variables: [0.000s CPU, 0.002s wall-clock]
Translator variables: 33
Translator derived variables: 0
Translator facts: 102
Translator goal facts: 9
Translator mutex groups: 0
Translator total mutex groups size: 0
Translator operators: 315
Translator axioms: 0
Translator task size: 1382
Translator peak memory: 144844 KB
Writing output... [0.000s CPU, 0.006s wall-clock]
Done! [0.100s CPU, 0.104s wall-clock]
translate exit code: 0

INFO     Running search (release).
INFO     search stdin: output.sas
INFO     search time limit: 1799.81s
INFO     search memory limit: 3584 MB
INFO     search command line string: /infai/weidan00/downward/experiments/bachelor/data/bachelor-v1/code-7aa5f34_e5e41175/builds/release/bin/downward --search 'eager_wastar([add()], w=2)' --internal-plan-file sas_plan < output.sas
[t=6.5127e-05s, 17204 KB] reading input...
[t=0.00231152s, 17344 KB] done reading input!
[t=0.00425745s, 17608 KB] Simplifying 346 unary operators... done! [287 unary operators]
[t=0.00450094s, 17608 KB] time to simplify: 0.000299672s
[t=0.00460634s, 17608 KB] Initializing additive heuristic...
[t=0.0047313s, 17608 KB] Building successor generator...done!
[t=0.00500942s, 17608 KB] peak memory difference for successor generator creation: 0 KB
[t=0.0050589s, 17608 KB] time for successor generation creation: 0.000154262s
[t=0.00510799s, 17608 KB] Variables: 33
[t=0.00514798s, 17608 KB] FactPairs: 102
[t=0.00518743s, 17608 KB] Bytes per state: 8
[t=0.00530407s, 17608 KB] Conducting best first search with reopening closed nodes, (real) bound = 2147483647
[t=0.00541288s, 17608 KB] New best heuristic value for add: 30
[t=0.00545611s, 17608 KB] g=0, 1 evaluated, 0 expanded
[t=0.00550736s, 17608 KB] Initial heuristic value for add: 30
[t=0.00554888s, 17608 KB] pruning method: none
[t=0.00561555s, 17608 KB] New best heuristic value for add: 28
[t=0.0056578s, 17608 KB] g=1, 2 evaluated, 1 expanded
[t=0.00580493s, 17608 KB] New best heuristic value for add: 26
[t=0.00584705s, 17608 KB] g=1, 14 evaluated, 1 expanded
[t=0.00604569s, 17608 KB] New best heuristic value for add: 25
[t=0.00608916s, 17608 KB] g=2, 33 evaluated, 2 expanded
[t=0.00627985s, 17608 KB] New best heuristic value for add: 24
[t=0.006324s, 17608 KB] g=3, 54 evaluated, 3 expanded
[t=0.00652172s, 17608 KB] New best heuristic value for add: 23
[t=0.00656636s, 17608 KB] g=4, 76 evaluated, 4 expanded
[t=0.00677651s, 17608 KB] New best heuristic value for add: 22
[t=0.0068215s, 17608 KB] g=5, 100 evaluated, 5 expanded
[t=0.00701168s, 17608 KB] New best heuristic value for add: 21
[t=0.00705549s, 17608 KB] g=6, 123 evaluated, 6 expanded
[t=0.00729589s, 17608 KB] New best heuristic value for add: 20
[t=0.00734053s, 17608 KB] g=7, 152 evaluated, 7 expanded
[t=0.00749562s, 17608 KB] New best heuristic value for add: 19
[t=0.00753857s, 17608 KB] g=8, 170 evaluated, 8 expanded
[t=0.00773035s, 17608 KB] New best heuristic value for add: 18
[t=0.0077735s, 17608 KB] g=9, 194 evaluated, 9 expanded
[t=0.00862828s, 17608 KB] New best heuristic value for add: 17
[t=0.00868744s, 17608 KB] g=11, 333 evaluated, 17 expanded
[t=0.00886044s, 17608 KB] New best heuristic value for add: 16
[t=0.00890534s, 17608 KB] g=12, 354 evaluated, 18 expanded
[t=0.023008s, 17608 KB] New best heuristic value for add: 15
[t=0.0230869s, 17608 KB] g=15, 2795 evaluated, 276 expanded
[t=0.0231835s, 17608 KB] New best heuristic value for add: 14
[t=0.0232272s, 17608 KB] g=16, 2803 evaluated, 277 expanded
[t=0.0233757s, 17608 KB] New best heuristic value for add: 13
[t=0.0234184s, 17608 KB] g=17, 2823 evaluated, 278 expanded
[t=1.72139s, 30992 KB] New best heuristic value for add: 12
[t=1.7215s, 30992 KB] g=19, 305168 evaluated, 47512 expanded, 21 reopened
[t=1.72163s, 30992 KB] New best heuristic value for add: 11
[t=1.72168s, 30992 KB] g=20, 305182 evaluated, 47513 expanded, 21 reopened
[t=1.94162s, 32200 KB] New best heuristic value for add: 10
[t=1.94174s, 32200 KB] g=24, 345149 evaluated, 56840 expanded, 21 reopened
[t=1.94185s, 32200 KB] New best heuristic value for add: 9
[t=1.9419s, 32200 KB] g=25, 345161 evaluated, 56841 expanded, 21 reopened
[t=1.94256s, 32200 KB] New best heuristic value for add: 7
[t=1.94261s, 32200 KB] g=27, 345289 evaluated, 56853 expanded, 21 reopened
[t=1.96349s, 32336 KB] New best heuristic value for add: 6
[t=1.9636s, 32336 KB] g=31, 349255 evaluated, 57681 expanded, 21 reopened
[t=1.96375s, 32336 KB] New best heuristic value for add: 5
[t=1.96379s, 32336 KB] g=32, 349274 evaluated, 57682 expanded, 21 reopened
[t=1.96394s, 32336 KB] New best heuristic value for add: 4
[t=1.96398s, 32336 KB] g=33, 349295 evaluated, 57683 expanded, 21 reopened
[t=1.96414s, 32336 KB] New best heuristic value for add: 3
[t=1.96419s, 32336 KB] g=34, 349319 evaluated, 57684 expanded, 21 reopened
[t=1.96501s, 32336 KB] New best heuristic value for add: 2
[t=1.96506s, 32336 KB] g=36, 349493 evaluated, 57698 expanded, 21 reopened
[t=1.96518s, 32336 KB] New best heuristic value for add: 1
[t=1.96522s, 32336 KB] g=37, 349510 evaluated, 57699 expanded, 21 reopened
[t=1.96534s, 32336 KB] New best heuristic value for add: 0
[t=1.96539s, 32336 KB] g=38, 349532 evaluated, 57700 expanded, 21 reopened
[t=1.96545s, 32336 KB] Solution found!
[t=1.9655s, 32336 KB] Actual search time: 1.95995s
navigate rover1 waypoint3 waypoint0 (1)
sample_soil rover2 rover2store waypoint3 (1)
communicate_soil_data rover2 general waypoint3 waypoint3 waypoint1 (1)
calibrate rover1 camera0 objective1 waypoint0 (1)
take_image rover1 waypoint0 objective1 camera0 high_res (1)
communicate_image_data rover1 general objective1 high_res waypoint0 waypoint1 (1)
sample_soil rover0 rover0store waypoint1 (1)
navigate rover0 waypoint1 waypoint0 (1)
communicate_soil_data rover0 general waypoint1 waypoint0 waypoint1 (1)
navigate rover3 waypoint7 waypoint0 (1)
sample_soil rover3 rover3store waypoint0 (1)
communicate_soil_data rover3 general waypoint0 waypoint0 waypoint1 (1)
navigate rover2 waypoint3 waypoint6 (1)
drop rover2 rover2store (1)
sample_soil rover2 rover2store waypoint6 (1)
navigate rover2 waypoint6 waypoint3 (1)
communicate_soil_data rover2 general waypoint6 waypoint3 waypoint1 (1)
sample_rock rover1 rover1store waypoint0 (1)
drop rover1 rover1store (1)
communicate_rock_data rover1 general waypoint0 waypoint0 waypoint1 (1)
navigate rover1 waypoint0 waypoint6 (1)
navigate rover1 waypoint6 waypoint4 (1)
sample_rock rover1 rover1store waypoint4 (1)
drop rover1 rover1store (1)
communicate_rock_data rover1 general waypoint4 waypoint4 waypoint1 (1)
navigate rover1 waypoint4 waypoint6 (1)
navigate rover1 waypoint6 waypoint0 (1)
navigate rover1 waypoint0 waypoint3 (1)
navigate rover1 waypoint3 waypoint7 (1)
sample_rock rover1 rover1store waypoint7 (1)
navigate rover1 waypoint7 waypoint3 (1)
navigate rover1 waypoint3 waypoint0 (1)
communicate_rock_data rover1 general waypoint7 waypoint0 waypoint1 (1)
drop rover1 rover1store (1)
navigate rover1 waypoint0 waypoint6 (1)
sample_rock rover1 rover1store waypoint6 (1)
navigate rover1 waypoint6 waypoint0 (1)
communicate_rock_data rover1 general waypoint6 waypoint0 waypoint1 (1)
[t=1.96555s, 32336 KB] Plan length: 38 step(s).
[t=1.96555s, 32336 KB] Plan cost: 38
[t=1.96555s, 32336 KB] Expanded 57701 state(s).
[t=1.96555s, 32336 KB] Reopened 21 state(s).
[t=1.96555s, 32336 KB] Evaluated 349539 state(s).
[t=1.96555s, 32336 KB] Evaluations: 349539
[t=1.96555s, 32336 KB] Generated 1247492 state(s).
[t=1.96555s, 32336 KB] Dead ends: 0 state(s).
[t=1.96555s, 32336 KB] Number of registered states: 349539
[t=1.96555s, 32336 KB] Int hash set load factor: 349539/524288 = 0.666693
[t=1.96555s, 32336 KB] Int hash set resizes: 19
[t=1.96555s, 32336 KB] mean number of q cost that have been adjusted 0 times in relation to total number of q: -1
[t=1.96555s, 32336 KB] mean number of q cost that have been adjusted 1 times in relation to total number of q: -1
[t=1.96555s, 32336 KB] mean number of q cost that have been adjusted 2 times in relation to total number of q: -1
[t=1.96555s, 32336 KB] mean number of q that are at some point overconsitent in relation to total number of q: -1
[t=1.96555s, 32336 KB] mean number of q that are at first underconsisten in relation to total number of q: -1
[t=1.96555s, 32336 KB] mean number of state variables that are not in common between two following states in relation to total number of state variables: -1
[t=1.96555s, 32336 KB] variance number of state variables that are not in common between two following states in relation to total number of state variables: -1
[t=1.96555s, 32336 KB] Search time: 1.96024s
[t=1.96555s, 32336 KB] Total time: 1.96555s
Solution found.
Peak memory: 32336 KB
Remove intermediate file output.sas
search exit code: 0

INFO     Running validate.
INFO     validate stdin: None
INFO     validate time limit: None
INFO     validate memory limit: None
INFO     validate command line string: validate domain.pddl problem.pddl sas_plan
