INFO     Running translator.
INFO     translator stdin: None
INFO     translator time limit: 1799.95s
INFO     translator memory limit: 3584 MB
INFO     translator command line string: /infai/weidan00/downward/experiments/bachelor/.venv/bin/python3 /infai/weidan00/downward/experiments/bachelor/data/bachelor-v1/code-7aa5f34_e5e41175/builds/release/bin/translate/translate.py domain.pddl problem.pddl --sas-file output.sas
Parsing...
Parsing: [0.010s CPU, 0.006s wall-clock]
Normalizing task... [0.000s CPU, 0.000s wall-clock]
Instantiating...
Generating Datalog program... [0.000s CPU, 0.001s wall-clock]
Normalizing Datalog program...
Normalizing Datalog program: [0.000s CPU, 0.002s wall-clock]
Preparing model... [0.000s CPU, 0.002s wall-clock]
Generated 65 rules.
Computing model... [0.010s CPU, 0.011s wall-clock]
1088 relevant atoms
212 auxiliary atoms
1300 final queue length
3299 total queue pushes
Completing instantiation... [0.050s CPU, 0.048s wall-clock]
Instantiating: [0.060s CPU, 0.066s wall-clock]
Computing fact groups...
Finding invariants...
21 initial candidates
Finding invariants: [0.000s CPU, 0.004s wall-clock]
Checking invariant weight... [0.000s CPU, 0.000s wall-clock]
Instantiating groups... [0.000s CPU, 0.000s wall-clock]
Collecting mutex groups... [0.000s CPU, 0.000s wall-clock]
Choosing groups...
399 uncovered facts
Choosing groups: [0.000s CPU, 0.000s wall-clock]
Building translation key... [0.000s CPU, 0.002s wall-clock]
Computing fact groups: [0.010s CPU, 0.010s wall-clock]
Building STRIPS to SAS dictionary... [0.000s CPU, 0.001s wall-clock]
Building dictionary for full mutex groups... [0.000s CPU, 0.000s wall-clock]
Building mutex information...
Building mutex information: [0.000s CPU, 0.000s wall-clock]
Translating task...
Processing axioms...
Simplifying axioms... [0.000s CPU, 0.000s wall-clock]
Processing axioms: [0.010s CPU, 0.004s wall-clock]
Translating task: [0.070s CPU, 0.075s wall-clock]
2262 effect conditions simplified
0 implied preconditions added
Detecting unreachable propositions...
0 operators removed
0 axioms removed
12 propositions removed
Detecting unreachable propositions: [0.030s CPU, 0.027s wall-clock]
Reordering and filtering variables...
207 of 393 variables necessary.
0 of 0 mutex groups necessary.
529 of 529 operators necessary.
0 of 0 axiom rules necessary.
Reordering and filtering variables: [0.030s CPU, 0.025s wall-clock]
Translator variables: 207
Translator derived variables: 0
Translator facts: 414
Translator goal facts: 22
Translator mutex groups: 0
Translator total mutex groups size: 0
Translator operators: 529
Translator axioms: 0
Translator task size: 5099
Translator peak memory: 147916 KB
Writing output... [0.010s CPU, 0.012s wall-clock]
Done! [0.220s CPU, 0.227s wall-clock]
translate exit code: 0

INFO     Running search (release).
INFO     search stdin: output.sas
INFO     search time limit: 1799.67s
INFO     search memory limit: 3584 MB
INFO     search command line string: /infai/weidan00/downward/experiments/bachelor/data/bachelor-v1/code-7aa5f34_e5e41175/builds/release/bin/downward --search 'eager_wastar([pinch()], w=2)' --internal-plan-file sas_plan < output.sas
[t=6.6898e-05s, 17204 KB] reading input...
[t=0.00545193s, 17388 KB] done reading input!
[t=0.00775652s, 17940 KB] Simplifying 2232 unary operators... done! [1790 unary operators]
[t=0.009726s, 18072 KB] time to simplify: 0.00207554s
[t=0.00999802s, 18072 KB] Initializing pinch heuristic...
[t=0.0101651s, 18072 KB] Building successor generator...done!
[t=0.0105924s, 18072 KB] peak memory difference for successor generator creation: 0 KB
[t=0.0106329s, 18072 KB] time for successor generation creation: 0.000295946s
[t=0.0106866s, 18072 KB] Variables: 207
[t=0.0107273s, 18072 KB] FactPairs: 414
[t=0.0107674s, 18072 KB] Bytes per state: 28
[t=0.0109191s, 18072 KB] Conducting best first search with reopening closed nodes, (real) bound = 2147483647
[t=0.0112199s, 18072 KB] New best heuristic value for pinch: 22
[t=0.0112713s, 18072 KB] g=0, 1 evaluated, 0 expanded
[t=0.011327s, 18072 KB] Initial heuristic value for pinch: 22
[t=0.011371s, 18072 KB] pruning method: none
[t=0.0216769s, 18072 KB] New best heuristic value for pinch: 21
[t=0.0217679s, 18072 KB] g=1, 246 evaluated, 1 expanded
[t=0.023397s, 18072 KB] New best heuristic value for pinch: 20
[t=0.0234496s, 18072 KB] g=1, 311 evaluated, 1 expanded
[t=0.0340896s, 18072 KB] New best heuristic value for pinch: 19
[t=0.0341753s, 18072 KB] g=2, 594 evaluated, 2 expanded
[t=0.0382562s, 18072 KB] New best heuristic value for pinch: 18
[t=0.0383242s, 18072 KB] g=3, 829 evaluated, 3 expanded
[t=0.141061s, 18164 KB] New best heuristic value for pinch: 17
[t=0.141176s, 18164 KB] g=5, 6472 evaluated, 50 expanded
[t=1.10627s, 20680 KB] New best heuristic value for pinch: 16
[t=1.10637s, 20680 KB] g=7, 46636 evaluated, 408 expanded
[t=1.11792s, 20680 KB] New best heuristic value for pinch: 15
[t=1.11801s, 20680 KB] g=8, 46932 evaluated, 409 expanded
[t=1.3193s, 21080 KB] New best heuristic value for pinch: 14
[t=1.3194s, 21080 KB] g=10, 55249 evaluated, 451 expanded
[t=1.33105s, 21216 KB] New best heuristic value for pinch: 13
[t=1.33113s, 21216 KB] g=11, 55550 evaluated, 452 expanded
[t=1.78658s, 22800 KB] New best heuristic value for pinch: 12
[t=1.78669s, 22800 KB] g=13, 76859 evaluated, 587 expanded
[t=4.32358s, 30240 KB] New best heuristic value for pinch: 11
[t=4.32369s, 30240 KB] g=15, 200892 evaluated, 1397 expanded
[t=81.1111s, 301500 KB] New best heuristic value for pinch: 10
[t=81.1112s, 301500 KB] g=17, 4176551 evaluated, 29534 expanded
Failed to allocate memory.
Memory limit has been reached.
Peak memory: 3426948 KB
Remove intermediate file output.sas
search exit code: 22

Driver aborting after search
