INFO     Running translator.
INFO     translator stdin: None
INFO     translator time limit: 1799.95s
INFO     translator memory limit: 3584 MB
INFO     translator command line string: /infai/weidan00/downward/experiments/bachelor/.venv/bin/python3 /infai/weidan00/downward/experiments/bachelor/data/bachelor-v1/code-7aa5f34_e5e41175/builds/release/bin/translate/translate.py domain.pddl problem.pddl --sas-file output.sas
Parsing...
Parsing: [0.000s CPU, 0.007s wall-clock]
Normalizing task... [0.000s CPU, 0.000s wall-clock]
Instantiating...
Generating Datalog program... [0.010s CPU, 0.002s wall-clock]
Normalizing Datalog program...
Normalizing Datalog program: [0.000s CPU, 0.004s wall-clock]
Preparing model... [0.010s CPU, 0.007s wall-clock]
Generated 44 rules.
Computing model... [3.420s CPU, 3.437s wall-clock]
375236 relevant atoms
13340 auxiliary atoms
388576 final queue length
756746 total queue pushes
Completing instantiation... [14.490s CPU, 14.539s wall-clock]
Instantiating: [18.060s CPU, 18.126s wall-clock]
Computing fact groups...
Finding invariants...
12 initial candidates
Finding invariants: [0.060s CPU, 0.061s wall-clock]
Checking invariant weight... [0.000s CPU, 0.000s wall-clock]
Instantiating groups... [0.010s CPU, 0.007s wall-clock]
Collecting mutex groups... [0.000s CPU, 0.003s wall-clock]
Choosing groups...
850 uncovered facts
Choosing groups: [0.010s CPU, 0.006s wall-clock]
Building translation key... [0.000s CPU, 0.007s wall-clock]
Computing fact groups: [0.110s CPU, 0.114s wall-clock]
Building STRIPS to SAS dictionary... [0.010s CPU, 0.003s wall-clock]
Building dictionary for full mutex groups... [0.000s CPU, 0.003s wall-clock]
Building mutex information...
Building mutex information: [0.000s CPU, 0.002s wall-clock]
Translating task...
Processing axioms...
Simplifying axioms... [0.000s CPU, 0.000s wall-clock]
Processing axioms: [0.420s CPU, 0.424s wall-clock]
Translating task: [10.690s CPU, 10.715s wall-clock]
90 effect conditions simplified
0 implied preconditions added
Detecting unreachable propositions...
0 operators removed
0 axioms removed
15 propositions removed
Detecting unreachable propositions: [7.170s CPU, 7.188s wall-clock]
Reordering and filtering variables...
220 of 865 variables necessary.
0 of 15 mutex groups necessary.
359970 of 368990 operators necessary.
0 of 0 axiom rules necessary.
Reordering and filtering variables: [1.030s CPU, 1.040s wall-clock]
Translator variables: 220
Translator derived variables: 0
Translator facts: 2735
Translator goal facts: 133
Translator mutex groups: 0
Translator total mutex groups size: 0
Translator operators: 359970
Translator axioms: 0
Translator task size: 1086778
Translator peak memory: 1226280 KB
Writing output... [2.380s CPU, 2.665s wall-clock]
Done! [39.960s CPU, 40.372s wall-clock]
translate exit code: 0

INFO     Running search (release).
INFO     search stdin: output.sas
INFO     search time limit: 1759.68s
INFO     search memory limit: 3584 MB
INFO     search command line string: /infai/weidan00/downward/experiments/bachelor/data/bachelor-v1/code-7aa5f34_e5e41175/builds/release/bin/downward --search 'eager_wastar([pinch()], w=2)' --internal-plan-file sas_plan < output.sas
[t=7.2355e-05s, 17204 KB] reading input...
[t=1.63318s, 107588 KB] done reading input!
[t=1.69854s, 123832 KB] Simplifying 360060 unary operators... done! [360045 unary operators]
[t=2.02064s, 159436 KB] time to simplify: 0.373835s
[t=2.08519s, 159436 KB] Initializing pinch heuristic...
[t=2.08546s, 159436 KB] Building successor generator...done!
[t=2.24824s, 160640 KB] peak memory difference for successor generator creation: 1204 KB
[t=2.24831s, 160640 KB] time for successor generation creation: 0.150456s
[t=2.2513s, 160640 KB] Variables: 220
[t=2.2514s, 160640 KB] FactPairs: 2735
[t=2.25145s, 160640 KB] Bytes per state: 44
[t=2.25168s, 160640 KB] Conducting best first search with reopening closed nodes, (real) bound = 2147483647
[t=2.29347s, 160640 KB] New best heuristic value for pinch: 777
[t=2.29359s, 160640 KB] g=0, 1 evaluated, 0 expanded
[t=2.29365s, 160640 KB] Initial heuristic value for pinch: 777
[t=2.29369s, 160640 KB] pruning method: none
[t=2.29381s, 160640 KB] New best heuristic value for pinch: 668
[t=2.29385s, 160640 KB] g=1, 2 evaluated, 1 expanded
[t=2.29391s, 160640 KB] New best heuristic value for pinch: 610
[t=2.29396s, 160640 KB] g=1, 3 evaluated, 1 expanded
[t=2.43197s, 160640 KB] New best heuristic value for pinch: 523
[t=2.43209s, 160640 KB] g=2, 2342 evaluated, 2 expanded
[t=2.43225s, 160640 KB] New best heuristic value for pinch: 522
[t=2.4323s, 160640 KB] g=2, 2346 evaluated, 2 expanded
[t=2.56998s, 160640 KB] New best heuristic value for pinch: 521
[t=2.5701s, 160640 KB] g=3, 4687 evaluated, 3 expanded
[t=2.57831s, 160640 KB] New best heuristic value for pinch: 437
[t=2.57842s, 160640 KB] g=3, 4833 evaluated, 3 expanded
[t=2.70717s, 160640 KB] New best heuristic value for pinch: 352
[t=2.70729s, 160640 KB] g=4, 7015 evaluated, 4 expanded
[t=2.83568s, 160640 KB] New best heuristic value for pinch: 351
[t=2.83581s, 160640 KB] g=5, 9211 evaluated, 5 expanded
[t=2.86948s, 160640 KB] New best heuristic value for pinch: 308
[t=2.86959s, 160640 KB] g=5, 9785 evaluated, 5 expanded
[t=2.97311s, 160640 KB] New best heuristic value for pinch: 263
[t=2.97323s, 160640 KB] g=6, 11540 evaluated, 6 expanded
[t=3.10179s, 160640 KB] New best heuristic value for pinch: 262
[t=3.10191s, 160640 KB] g=7, 13746 evaluated, 7 expanded
[t=3.23949s, 160640 KB] New best heuristic value for pinch: 261
[t=3.23961s, 160640 KB] g=8, 16056 evaluated, 8 expanded
[t=3.36814s, 160640 KB] New best heuristic value for pinch: 260
[t=3.36826s, 160640 KB] g=9, 18268 evaluated, 9 expanded
[t=3.50464s, 160640 KB] New best heuristic value for pinch: 259
[t=3.50476s, 160640 KB] g=10, 20577 evaluated, 10 expanded
[t=3.63347s, 160640 KB] New best heuristic value for pinch: 258
[t=3.6336s, 160640 KB] g=11, 22793 evaluated, 11 expanded
[t=3.76973s, 160640 KB] New best heuristic value for pinch: 257
[t=3.76985s, 160640 KB] g=12, 25098 evaluated, 12 expanded
[t=3.89897s, 160640 KB] New best heuristic value for pinch: 256
[t=3.89909s, 160640 KB] g=13, 27318 evaluated, 13 expanded
[t=4.04058s, 160640 KB] New best heuristic value for pinch: 255
[t=4.0407s, 160640 KB] g=14, 29619 evaluated, 14 expanded
[t=4.17398s, 160640 KB] New best heuristic value for pinch: 254
[t=4.1741s, 160640 KB] g=15, 31840 evaluated, 15 expanded
[t=4.31039s, 160640 KB] New best heuristic value for pinch: 253
[t=4.31051s, 160640 KB] g=16, 34140 evaluated, 16 expanded
[t=4.43991s, 160640 KB] New best heuristic value for pinch: 252
[t=4.44003s, 160640 KB] g=17, 36362 evaluated, 17 expanded
[t=4.57614s, 160640 KB] New best heuristic value for pinch: 251
[t=4.57627s, 160640 KB] g=18, 38661 evaluated, 18 expanded
[t=4.70586s, 160640 KB] New best heuristic value for pinch: 250
[t=4.70598s, 160640 KB] g=19, 40886 evaluated, 19 expanded
[t=4.84174s, 160640 KB] New best heuristic value for pinch: 249
[t=4.84185s, 160640 KB] g=20, 43182 evaluated, 20 expanded
[t=4.97159s, 160640 KB] New best heuristic value for pinch: 248
[t=4.97171s, 160640 KB] g=21, 45410 evaluated, 21 expanded
[t=5.10733s, 160640 KB] New best heuristic value for pinch: 247
[t=5.10745s, 160640 KB] g=22, 47703 evaluated, 22 expanded
[t=5.23729s, 160640 KB] New best heuristic value for pinch: 246
[t=5.23742s, 160640 KB] g=23, 49932 evaluated, 23 expanded
[t=5.37318s, 160640 KB] New best heuristic value for pinch: 245
[t=5.3733s, 160640 KB] g=24, 52224 evaluated, 24 expanded
[t=5.50333s, 160640 KB] New best heuristic value for pinch: 244
[t=5.50346s, 160640 KB] g=25, 54456 evaluated, 25 expanded
[t=5.63889s, 160640 KB] New best heuristic value for pinch: 243
[t=5.63902s, 160640 KB] g=26, 56745 evaluated, 26 expanded
[t=5.77352s, 160640 KB] New best heuristic value for pinch: 242
[t=5.77365s, 160640 KB] g=27, 58979 evaluated, 27 expanded
[t=5.90898s, 160640 KB] New best heuristic value for pinch: 241
[t=5.9091s, 160640 KB] g=28, 61266 evaluated, 28 expanded
[t=6.03943s, 160640 KB] New best heuristic value for pinch: 240
[t=6.03955s, 160640 KB] g=29, 63501 evaluated, 29 expanded
[t=6.17487s, 160640 KB] New best heuristic value for pinch: 239
[t=6.17499s, 160640 KB] g=30, 65787 evaluated, 30 expanded
[t=6.30517s, 160640 KB] New best heuristic value for pinch: 238
[t=6.30529s, 160640 KB] g=31, 68023 evaluated, 31 expanded
[t=6.44054s, 160640 KB] New best heuristic value for pinch: 237
[t=6.44066s, 160640 KB] g=32, 70308 evaluated, 32 expanded
[t=6.57107s, 160640 KB] New best heuristic value for pinch: 236
[t=6.57119s, 160640 KB] g=33, 72545 evaluated, 33 expanded
[t=6.70647s, 160640 KB] New best heuristic value for pinch: 235
[t=6.70659s, 160640 KB] g=34, 74829 evaluated, 34 expanded
[t=6.83686s, 160640 KB] New best heuristic value for pinch: 234
[t=6.83699s, 160640 KB] g=35, 77067 evaluated, 35 expanded
[t=6.97223s, 160640 KB] New best heuristic value for pinch: 233
[t=6.97235s, 160640 KB] g=36, 79350 evaluated, 36 expanded
[t=7.1029s, 160640 KB] New best heuristic value for pinch: 232
[t=7.10301s, 160640 KB] g=37, 81589 evaluated, 37 expanded
[t=7.2419s, 160640 KB] New best heuristic value for pinch: 231
[t=7.24202s, 160640 KB] g=38, 83871 evaluated, 38 expanded
[t=7.3768s, 160640 KB] New best heuristic value for pinch: 230
[t=7.37692s, 160640 KB] g=39, 86112 evaluated, 39 expanded
[t=7.51191s, 160640 KB] New best heuristic value for pinch: 229
[t=7.51203s, 160640 KB] g=40, 88392 evaluated, 40 expanded
[t=7.64295s, 160640 KB] New best heuristic value for pinch: 228
[t=7.64307s, 160640 KB] g=41, 90637 evaluated, 41 expanded
[t=7.77776s, 160640 KB] New best heuristic value for pinch: 227
[t=7.77788s, 160640 KB] g=42, 92913 evaluated, 42 expanded
[t=7.90879s, 160640 KB] New best heuristic value for pinch: 226
[t=7.90891s, 160640 KB] g=43, 95159 evaluated, 43 expanded
[t=8.04374s, 160640 KB] New best heuristic value for pinch: 225
[t=8.04386s, 160640 KB] g=44, 97434 evaluated, 44 expanded
[t=8.17493s, 160640 KB] New best heuristic value for pinch: 224
[t=8.17505s, 160640 KB] g=45, 99681 evaluated, 45 expanded
[t=8.30976s, 160640 KB] New best heuristic value for pinch: 223
[t=8.30989s, 160640 KB] g=46, 101955 evaluated, 46 expanded
[t=8.44099s, 160640 KB] New best heuristic value for pinch: 222
[t=8.44111s, 160640 KB] g=47, 104203 evaluated, 47 expanded
[t=8.57573s, 160640 KB] New best heuristic value for pinch: 221
[t=8.57585s, 160640 KB] g=48, 106476 evaluated, 48 expanded
[t=8.70692s, 160640 KB] New best heuristic value for pinch: 220
[t=8.70705s, 160640 KB] g=49, 108725 evaluated, 49 expanded
[t=8.84154s, 160640 KB] New best heuristic value for pinch: 219
[t=8.84166s, 160640 KB] g=50, 110997 evaluated, 50 expanded
[t=8.97294s, 160640 KB] New best heuristic value for pinch: 218
[t=8.97306s, 160640 KB] g=51, 113248 evaluated, 51 expanded
[t=9.10756s, 160640 KB] New best heuristic value for pinch: 217
[t=9.10768s, 160640 KB] g=52, 115518 evaluated, 52 expanded
[t=9.24834s, 160640 KB] New best heuristic value for pinch: 216
[t=9.24847s, 160640 KB] g=53, 117770 evaluated, 53 expanded
[t=9.38305s, 160640 KB] New best heuristic value for pinch: 215
[t=9.38317s, 160640 KB] g=54, 120039 evaluated, 54 expanded
[t=9.51472s, 160640 KB] New best heuristic value for pinch: 214
[t=9.51484s, 160640 KB] g=55, 122293 evaluated, 55 expanded
[t=9.64936s, 160640 KB] New best heuristic value for pinch: 213
[t=9.64947s, 160640 KB] g=56, 124560 evaluated, 56 expanded
[t=9.78139s, 160640 KB] New best heuristic value for pinch: 212
[t=9.78151s, 160640 KB] g=57, 126815 evaluated, 57 expanded
[t=9.91618s, 160640 KB] New best heuristic value for pinch: 211
[t=9.9163s, 160640 KB] g=58, 129081 evaluated, 58 expanded
[t=10.0482s, 160640 KB] New best heuristic value for pinch: 210
[t=10.0483s, 160640 KB] g=59, 131337 evaluated, 59 expanded
[t=10.183s, 160640 KB] New best heuristic value for pinch: 209
[t=10.1831s, 160640 KB] g=60, 133602 evaluated, 60 expanded
[t=10.3151s, 160640 KB] New best heuristic value for pinch: 208
[t=10.3152s, 160640 KB] g=61, 135859 evaluated, 61 expanded
[t=10.4497s, 160640 KB] New best heuristic value for pinch: 207
[t=10.4499s, 160640 KB] g=62, 138123 evaluated, 62 expanded
[t=10.5822s, 160640 KB] New best heuristic value for pinch: 206
[t=10.5824s, 160640 KB] g=63, 140385 evaluated, 63 expanded
[t=10.7166s, 160640 KB] New best heuristic value for pinch: 205
[t=10.7167s, 160640 KB] g=64, 142644 evaluated, 64 expanded
[t=10.8491s, 160640 KB] New best heuristic value for pinch: 204
[t=10.8492s, 160640 KB] g=65, 144908 evaluated, 65 expanded
[t=10.9832s, 160640 KB] New best heuristic value for pinch: 203
[t=10.9833s, 160640 KB] g=66, 147165 evaluated, 66 expanded
[t=11.1156s, 160640 KB] New best heuristic value for pinch: 202
[t=11.1157s, 160640 KB] g=67, 149430 evaluated, 67 expanded
[t=11.2497s, 160640 KB] New best heuristic value for pinch: 201
[t=11.2498s, 160640 KB] g=68, 151686 evaluated, 68 expanded
[t=11.3825s, 160640 KB] New best heuristic value for pinch: 200
[t=11.3826s, 160640 KB] g=69, 153952 evaluated, 69 expanded
[t=11.5165s, 160640 KB] New best heuristic value for pinch: 199
[t=11.5166s, 160640 KB] g=70, 156207 evaluated, 70 expanded
[t=11.6492s, 160640 KB] New best heuristic value for pinch: 198
[t=11.6493s, 160640 KB] g=71, 158474 evaluated, 71 expanded
[t=11.7832s, 160640 KB] New best heuristic value for pinch: 197
[t=11.7833s, 160640 KB] g=72, 160728 evaluated, 72 expanded
[t=11.9159s, 160640 KB] New best heuristic value for pinch: 196
[t=11.916s, 160640 KB] g=73, 162996 evaluated, 73 expanded
[t=12.0499s, 160640 KB] New best heuristic value for pinch: 195
[t=12.05s, 160640 KB] g=74, 165249 evaluated, 74 expanded
[t=12.1829s, 160640 KB] New best heuristic value for pinch: 194
[t=12.183s, 160640 KB] g=75, 167518 evaluated, 75 expanded
[t=12.3169s, 160640 KB] New best heuristic value for pinch: 193
[t=12.3171s, 160640 KB] g=76, 169770 evaluated, 76 expanded
[t=12.458s, 160640 KB] New best heuristic value for pinch: 192
[t=12.4581s, 160640 KB] g=77, 172040 evaluated, 77 expanded
[t=12.5922s, 160640 KB] New best heuristic value for pinch: 191
[t=12.5923s, 160640 KB] g=78, 174291 evaluated, 78 expanded
[t=12.7251s, 160640 KB] New best heuristic value for pinch: 190
[t=12.7252s, 160640 KB] g=79, 176563 evaluated, 79 expanded
[t=12.8587s, 160640 KB] New best heuristic value for pinch: 189
[t=12.8588s, 160640 KB] g=80, 178812 evaluated, 80 expanded
[t=12.9919s, 160640 KB] New best heuristic value for pinch: 188
[t=12.992s, 160640 KB] g=81, 181085 evaluated, 81 expanded
[t=13.1256s, 160640 KB] New best heuristic value for pinch: 187
[t=13.1258s, 160640 KB] g=82, 183333 evaluated, 82 expanded
[t=13.2588s, 160640 KB] New best heuristic value for pinch: 186
[t=13.2589s, 160640 KB] g=83, 185607 evaluated, 83 expanded
[t=13.3924s, 160640 KB] New best heuristic value for pinch: 185
[t=13.3925s, 160640 KB] g=84, 187854 evaluated, 84 expanded
[t=13.5254s, 160640 KB] New best heuristic value for pinch: 184
[t=13.5255s, 160640 KB] g=85, 190129 evaluated, 85 expanded
[t=13.6589s, 160640 KB] New best heuristic value for pinch: 183
[t=13.659s, 160640 KB] g=86, 192375 evaluated, 86 expanded
[t=13.7919s, 160640 KB] New best heuristic value for pinch: 182
[t=13.7921s, 160640 KB] g=87, 194651 evaluated, 87 expanded
[t=13.9255s, 160640 KB] New best heuristic value for pinch: 181
[t=13.9257s, 160640 KB] g=88, 196896 evaluated, 88 expanded
[t=14.0589s, 160640 KB] New best heuristic value for pinch: 180
[t=14.0591s, 160640 KB] g=89, 199173 evaluated, 89 expanded
[t=14.1923s, 160640 KB] New best heuristic value for pinch: 179
[t=14.1924s, 160640 KB] g=90, 201417 evaluated, 90 expanded
[t=14.3258s, 160640 KB] New best heuristic value for pinch: 178
[t=14.3259s, 160640 KB] g=91, 203696 evaluated, 91 expanded
[t=14.459s, 160640 KB] New best heuristic value for pinch: 177
[t=14.4591s, 160640 KB] g=92, 205938 evaluated, 92 expanded
[t=14.5923s, 160640 KB] New best heuristic value for pinch: 176
[t=14.5924s, 160640 KB] g=93, 208219 evaluated, 93 expanded
[t=14.7255s, 160640 KB] New best heuristic value for pinch: 175
[t=14.7256s, 160640 KB] g=94, 210459 evaluated, 94 expanded
[t=14.8592s, 160640 KB] New best heuristic value for pinch: 174
[t=14.8594s, 160640 KB] g=95, 212741 evaluated, 95 expanded
[t=14.9925s, 160640 KB] New best heuristic value for pinch: 173
[t=14.9926s, 160640 KB] g=96, 214980 evaluated, 96 expanded
[t=15.1264s, 160640 KB] New best heuristic value for pinch: 172
[t=15.1265s, 160640 KB] g=97, 217264 evaluated, 97 expanded
[t=15.2594s, 160640 KB] New best heuristic value for pinch: 171
[t=15.2596s, 160640 KB] g=98, 219501 evaluated, 98 expanded
[t=15.3931s, 160640 KB] New best heuristic value for pinch: 170
[t=15.3932s, 160640 KB] g=99, 221786 evaluated, 99 expanded
[t=15.5259s, 160640 KB] New best heuristic value for pinch: 169
[t=15.526s, 160640 KB] g=100, 224022 evaluated, 100 expanded
[t=15.6763s, 160640 KB] New best heuristic value for pinch: 168
[t=15.6764s, 160640 KB] g=101, 226309 evaluated, 101 expanded
[t=15.8091s, 160640 KB] New best heuristic value for pinch: 167
[t=15.8092s, 160640 KB] g=102, 228543 evaluated, 102 expanded
[t=15.9429s, 160640 KB] New best heuristic value for pinch: 166
[t=15.9431s, 160640 KB] g=103, 230831 evaluated, 103 expanded
[t=16.0759s, 160640 KB] New best heuristic value for pinch: 165
[t=16.076s, 160640 KB] g=104, 233064 evaluated, 104 expanded
[t=16.2099s, 160640 KB] New best heuristic value for pinch: 164
[t=16.2101s, 160640 KB] g=105, 235354 evaluated, 105 expanded
[t=16.3427s, 160640 KB] New best heuristic value for pinch: 163
[t=16.3428s, 160640 KB] g=106, 237585 evaluated, 106 expanded
[t=16.477s, 160640 KB] New best heuristic value for pinch: 162
[t=16.4771s, 160640 KB] g=107, 239878 evaluated, 107 expanded
[t=16.6094s, 160640 KB] New best heuristic value for pinch: 161
[t=16.6095s, 160640 KB] g=108, 242106 evaluated, 108 expanded
[t=16.7437s, 160640 KB] New best heuristic value for pinch: 160
[t=16.7438s, 160640 KB] g=109, 244400 evaluated, 109 expanded
[t=16.8761s, 160640 KB] New best heuristic value for pinch: 159
[t=16.8762s, 160640 KB] g=110, 246627 evaluated, 110 expanded
[t=17.0106s, 160640 KB] New best heuristic value for pinch: 158
[t=17.0107s, 160640 KB] g=111, 248922 evaluated, 111 expanded
[t=17.143s, 160640 KB] New best heuristic value for pinch: 157
[t=17.1431s, 160640 KB] g=112, 251148 evaluated, 112 expanded
[t=17.2776s, 160640 KB] New best heuristic value for pinch: 156
[t=17.2777s, 160640 KB] g=113, 253444 evaluated, 113 expanded
[t=17.4102s, 160640 KB] New best heuristic value for pinch: 155
[t=17.4103s, 160640 KB] g=114, 255669 evaluated, 114 expanded
[t=17.5448s, 160640 KB] New best heuristic value for pinch: 154
[t=17.545s, 160640 KB] g=115, 257967 evaluated, 115 expanded
[t=17.677s, 160640 KB] New best heuristic value for pinch: 153
[t=17.6771s, 160640 KB] g=116, 260190 evaluated, 116 expanded
[t=17.8117s, 160640 KB] New best heuristic value for pinch: 152
[t=17.8119s, 160640 KB] g=117, 262492 evaluated, 117 expanded
[t=17.9437s, 160640 KB] New best heuristic value for pinch: 151
[t=17.9438s, 160640 KB] g=118, 264711 evaluated, 118 expanded
[t=18.0789s, 160640 KB] New best heuristic value for pinch: 150
[t=18.079s, 160640 KB] g=119, 267017 evaluated, 119 expanded
[t=18.2105s, 160640 KB] New best heuristic value for pinch: 149
[t=18.2107s, 160640 KB] g=120, 269232 evaluated, 120 expanded
[t=18.3456s, 160640 KB] New best heuristic value for pinch: 148
[t=18.3457s, 160640 KB] g=121, 271541 evaluated, 121 expanded
[t=18.4964s, 160640 KB] New best heuristic value for pinch: 147
[t=18.4965s, 160640 KB] g=122, 274089 evaluated, 122 expanded
[t=18.6062s, 160640 KB] New best heuristic value for pinch: 146
[t=18.6063s, 160640 KB] g=123, 275941 evaluated, 123 expanded
[t=18.7636s, 160640 KB] New best heuristic value for pinch: 145
[t=18.7638s, 160640 KB] g=124, 278610 evaluated, 124 expanded
[t=18.8738s, 160640 KB] New best heuristic value for pinch: 144
[t=18.8739s, 160640 KB] g=125, 280461 evaluated, 125 expanded
[t=19.031s, 160640 KB] New best heuristic value for pinch: 143
[t=19.0312s, 160640 KB] g=126, 283132 evaluated, 126 expanded
[t=19.1408s, 160640 KB] New best heuristic value for pinch: 142
[t=19.1409s, 160640 KB] g=127, 284982 evaluated, 127 expanded
[t=19.2982s, 160640 KB] New best heuristic value for pinch: 141
[t=19.2983s, 160640 KB] g=128, 287654 evaluated, 128 expanded
[t=19.4078s, 160640 KB] New best heuristic value for pinch: 140
[t=19.408s, 160640 KB] g=129, 289503 evaluated, 129 expanded
[t=19.5653s, 160640 KB] New best heuristic value for pinch: 139
[t=19.5654s, 160640 KB] g=130, 292177 evaluated, 130 expanded
[t=19.6749s, 160640 KB] New best heuristic value for pinch: 138
[t=19.675s, 160640 KB] g=131, 294024 evaluated, 131 expanded
[t=19.8326s, 160640 KB] New best heuristic value for pinch: 137
[t=19.8327s, 160640 KB] g=132, 296699 evaluated, 132 expanded
[t=19.9422s, 160640 KB] New best heuristic value for pinch: 136
[t=19.9423s, 160640 KB] g=133, 298545 evaluated, 133 expanded
[t=20.1001s, 160640 KB] New best heuristic value for pinch: 135
[t=20.1002s, 160640 KB] g=134, 301225 evaluated, 134 expanded
[t=20.2094s, 160640 KB] New best heuristic value for pinch: 134
[t=20.2095s, 160640 KB] g=135, 303066 evaluated, 135 expanded
[t=20.3673s, 160640 KB] New best heuristic value for pinch: 133
[t=20.3674s, 160640 KB] g=136, 305749 evaluated, 136 expanded
[t=20.4765s, 160640 KB] New best heuristic value for pinch: 132
[t=20.4767s, 160640 KB] g=137, 307587 evaluated, 137 expanded
[t=20.6429s, 160640 KB] New best heuristic value for pinch: 131
[t=20.643s, 160640 KB] g=138, 310274 evaluated, 138 expanded
[t=20.7527s, 160640 KB] New best heuristic value for pinch: 130
[t=20.7529s, 160640 KB] g=139, 312108 evaluated, 139 expanded
[t=20.9111s, 160640 KB] New best heuristic value for pinch: 129
[t=20.9112s, 160640 KB] g=140, 314796 evaluated, 140 expanded
[t=21.02s, 160640 KB] New best heuristic value for pinch: 128
[t=21.0201s, 160640 KB] g=141, 316629 evaluated, 141 expanded
[t=21.1783s, 160640 KB] New best heuristic value for pinch: 127
[t=21.1784s, 160640 KB] g=142, 319319 evaluated, 142 expanded
[t=21.2871s, 160640 KB] New best heuristic value for pinch: 126
[t=21.2872s, 160640 KB] g=143, 321150 evaluated, 143 expanded
[t=21.446s, 160640 KB] New best heuristic value for pinch: 125
[t=21.4461s, 160640 KB] g=144, 323847 evaluated, 144 expanded
[t=21.5544s, 160640 KB] New best heuristic value for pinch: 124
[t=21.5545s, 160640 KB] g=145, 325671 evaluated, 145 expanded
[t=21.7134s, 160640 KB] New best heuristic value for pinch: 123
[t=21.7135s, 160640 KB] g=146, 328370 evaluated, 146 expanded
[t=21.8216s, 160640 KB] New best heuristic value for pinch: 122
[t=21.8217s, 160640 KB] g=147, 330192 evaluated, 147 expanded
[t=21.9805s, 160640 KB] New best heuristic value for pinch: 121
[t=21.9806s, 160640 KB] g=148, 332892 evaluated, 148 expanded
[t=22.0886s, 160640 KB] New best heuristic value for pinch: 120
[t=22.0887s, 160640 KB] g=149, 334713 evaluated, 149 expanded
[t=22.2474s, 160640 KB] New best heuristic value for pinch: 119
[t=22.2475s, 160640 KB] g=150, 337414 evaluated, 150 expanded
[t=22.3555s, 160640 KB] New best heuristic value for pinch: 118
[t=22.3556s, 160640 KB] g=151, 339234 evaluated, 151 expanded
[t=22.5148s, 160640 KB] New best heuristic value for pinch: 117
[t=22.515s, 160640 KB] g=152, 341941 evaluated, 152 expanded
[t=22.6227s, 160640 KB] New best heuristic value for pinch: 116
[t=22.6228s, 160640 KB] g=153, 343755 evaluated, 153 expanded
[t=22.7822s, 160640 KB] New best heuristic value for pinch: 115
[t=22.7823s, 160640 KB] g=154, 346465 evaluated, 154 expanded
[t=22.8896s, 160640 KB] New best heuristic value for pinch: 114
[t=22.8897s, 160640 KB] g=155, 348276 evaluated, 155 expanded
[t=23.0493s, 160640 KB] New best heuristic value for pinch: 113
[t=23.0494s, 160640 KB] g=156, 350992 evaluated, 156 expanded
[t=23.1565s, 160640 KB] New best heuristic value for pinch: 112
[t=23.1566s, 160640 KB] g=157, 352797 evaluated, 157 expanded
[t=23.3166s, 160640 KB] New best heuristic value for pinch: 111
[t=23.3167s, 160640 KB] g=158, 355515 evaluated, 158 expanded
[t=23.4237s, 160640 KB] New best heuristic value for pinch: 110
[t=23.4238s, 160640 KB] g=159, 357318 evaluated, 159 expanded
[t=23.5836s, 160640 KB] New best heuristic value for pinch: 109
[t=23.5838s, 160640 KB] g=160, 360038 evaluated, 160 expanded
[t=23.6904s, 160640 KB] New best heuristic value for pinch: 108
[t=23.6906s, 160640 KB] g=161, 361839 evaluated, 161 expanded
[t=23.8513s, 160640 KB] New best heuristic value for pinch: 107
[t=23.8515s, 160640 KB] g=162, 364574 evaluated, 162 expanded
[t=23.9574s, 160640 KB] New best heuristic value for pinch: 106
[t=23.9575s, 160640 KB] g=163, 366360 evaluated, 163 expanded
[t=24.1188s, 160640 KB] New best heuristic value for pinch: 105
[t=24.1189s, 160640 KB] g=164, 369097 evaluated, 164 expanded
[t=24.2249s, 160640 KB] New best heuristic value for pinch: 104
[t=24.2251s, 160640 KB] g=165, 370881 evaluated, 165 expanded
[t=24.3864s, 160640 KB] New best heuristic value for pinch: 103
[t=24.3866s, 160640 KB] g=166, 373624 evaluated, 166 expanded
[t=24.4921s, 160640 KB] New best heuristic value for pinch: 102
[t=24.4922s, 160640 KB] g=167, 375402 evaluated, 167 expanded
[t=24.6544s, 160640 KB] New best heuristic value for pinch: 101
[t=24.6546s, 160640 KB] g=168, 378156 evaluated, 168 expanded
[t=24.7594s, 160640 KB] New best heuristic value for pinch: 100
[t=24.7595s, 160640 KB] g=169, 379923 evaluated, 169 expanded
[t=24.9217s, 160640 KB] New best heuristic value for pinch: 99
[t=24.9218s, 160640 KB] g=170, 382680 evaluated, 170 expanded
[t=25.0267s, 160672 KB] New best heuristic value for pinch: 98
[t=25.0268s, 160672 KB] g=171, 384444 evaluated, 171 expanded
[t=25.1892s, 160936 KB] New best heuristic value for pinch: 97
[t=25.1893s, 160936 KB] g=172, 387202 evaluated, 172 expanded
[t=25.2939s, 160936 KB] New best heuristic value for pinch: 96
[t=25.294s, 160936 KB] g=173, 388965 evaluated, 173 expanded
[t=25.4564s, 161200 KB] New best heuristic value for pinch: 95
[t=25.4565s, 161200 KB] g=174, 391725 evaluated, 174 expanded
[t=25.561s, 161332 KB] New best heuristic value for pinch: 94
[t=25.5611s, 161332 KB] g=175, 393486 evaluated, 175 expanded
[t=25.7233s, 161464 KB] New best heuristic value for pinch: 93
[t=25.7234s, 161464 KB] g=176, 396247 evaluated, 176 expanded
[t=25.8279s, 161596 KB] New best heuristic value for pinch: 92
[t=25.8281s, 161596 KB] g=177, 398007 evaluated, 177 expanded
[t=25.9906s, 161732 KB] New best heuristic value for pinch: 91
[t=25.9907s, 161732 KB] g=178, 400769 evaluated, 178 expanded
[t=26.0951s, 161864 KB] New best heuristic value for pinch: 90
[t=26.0952s, 161864 KB] g=179, 402528 evaluated, 179 expanded
[t=26.2576s, 162128 KB] New best heuristic value for pinch: 89
[t=26.2578s, 162128 KB] g=180, 405292 evaluated, 180 expanded
[t=26.362s, 162260 KB] New best heuristic value for pinch: 88
[t=26.3621s, 162260 KB] g=181, 407049 evaluated, 181 expanded
[t=26.5248s, 162392 KB] New best heuristic value for pinch: 87
[t=26.5249s, 162392 KB] g=182, 409814 evaluated, 182 expanded
[t=26.6291s, 162528 KB] New best heuristic value for pinch: 86
[t=26.6292s, 162528 KB] g=183, 411570 evaluated, 183 expanded
[t=26.7921s, 162660 KB] New best heuristic value for pinch: 85
[t=26.7923s, 162660 KB] g=184, 414338 evaluated, 184 expanded
[t=26.8964s, 162792 KB] New best heuristic value for pinch: 84
[t=26.8965s, 162792 KB] g=185, 416091 evaluated, 185 expanded
[t=27.0594s, 163060 KB] New best heuristic value for pinch: 83
[t=27.0596s, 163060 KB] g=186, 418861 evaluated, 186 expanded
[t=27.1637s, 163192 KB] New best heuristic value for pinch: 82
[t=27.1638s, 163192 KB] g=187, 420612 evaluated, 187 expanded
[t=27.3267s, 163324 KB] New best heuristic value for pinch: 81
[t=27.3268s, 163324 KB] g=188, 423384 evaluated, 188 expanded
[t=27.4306s, 163456 KB] New best heuristic value for pinch: 80
[t=27.4307s, 163456 KB] g=189, 425133 evaluated, 189 expanded
[t=27.5939s, 163592 KB] New best heuristic value for pinch: 79
[t=27.5941s, 163592 KB] g=190, 427906 evaluated, 190 expanded
[t=27.6978s, 163724 KB] New best heuristic value for pinch: 78
[t=27.698s, 163724 KB] g=191, 429654 evaluated, 191 expanded
[t=27.8905s, 172132 KB] New best heuristic value for pinch: 77
[t=27.8906s, 172132 KB] g=192, 432429 evaluated, 192 expanded
[t=27.9943s, 172132 KB] New best heuristic value for pinch: 76
[t=27.9944s, 172132 KB] g=193, 434175 evaluated, 193 expanded
[t=28.158s, 172132 KB] New best heuristic value for pinch: 75
[t=28.1581s, 172132 KB] g=194, 436954 evaluated, 194 expanded
[t=28.262s, 172132 KB] New best heuristic value for pinch: 74
[t=28.2621s, 172132 KB] g=195, 438696 evaluated, 195 expanded
[t=28.4262s, 172132 KB] New best heuristic value for pinch: 73
[t=28.4263s, 172132 KB] g=196, 441476 evaluated, 196 expanded
[t=28.5296s, 172132 KB] New best heuristic value for pinch: 72
[t=28.5297s, 172132 KB] g=197, 443217 evaluated, 197 expanded
[t=28.6935s, 172132 KB] New best heuristic value for pinch: 71
[t=28.6936s, 172132 KB] g=198, 446000 evaluated, 198 expanded
[t=28.797s, 172132 KB] New best heuristic value for pinch: 70
[t=28.7972s, 172132 KB] g=199, 447738 evaluated, 199 expanded
[t=28.9608s, 172132 KB] New best heuristic value for pinch: 69
[t=28.9609s, 172132 KB] g=200, 450523 evaluated, 200 expanded
[t=29.0639s, 172132 KB] New best heuristic value for pinch: 68
[t=29.064s, 172132 KB] g=201, 452259 evaluated, 201 expanded
[t=29.2279s, 172132 KB] New best heuristic value for pinch: 67
[t=29.228s, 172132 KB] g=202, 455045 evaluated, 202 expanded
[t=29.3314s, 172132 KB] New best heuristic value for pinch: 66
[t=29.3315s, 172132 KB] g=203, 456780 evaluated, 203 expanded
[t=29.4952s, 172132 KB] New best heuristic value for pinch: 65
[t=29.4953s, 172132 KB] g=204, 459567 evaluated, 204 expanded
[t=29.5982s, 172132 KB] New best heuristic value for pinch: 64
[t=29.5983s, 172132 KB] g=205, 461301 evaluated, 205 expanded
[t=29.7625s, 172132 KB] New best heuristic value for pinch: 63
[t=29.7626s, 172132 KB] g=206, 464091 evaluated, 206 expanded
[t=29.8658s, 172132 KB] New best heuristic value for pinch: 62
[t=29.8659s, 172132 KB] g=207, 465822 evaluated, 207 expanded
[t=30.0306s, 172132 KB] New best heuristic value for pinch: 61
[t=30.0307s, 172132 KB] g=208, 468613 evaluated, 208 expanded
[t=30.1335s, 172132 KB] New best heuristic value for pinch: 60
[t=30.1336s, 172132 KB] g=209, 470343 evaluated, 209 expanded
[t=30.2979s, 172132 KB] New best heuristic value for pinch: 59
[t=30.298s, 172132 KB] g=210, 473135 evaluated, 210 expanded
[t=30.4012s, 172132 KB] New best heuristic value for pinch: 58
[t=30.4013s, 172132 KB] g=211, 474864 evaluated, 211 expanded
[t=30.5653s, 172132 KB] New best heuristic value for pinch: 57
[t=30.5655s, 172132 KB] g=212, 477657 evaluated, 212 expanded
[t=30.6681s, 172132 KB] New best heuristic value for pinch: 56
[t=30.6683s, 172132 KB] g=213, 479385 evaluated, 213 expanded
[t=30.8327s, 172132 KB] New best heuristic value for pinch: 55
[t=30.8328s, 172132 KB] g=214, 482182 evaluated, 214 expanded
[t=30.9353s, 172132 KB] New best heuristic value for pinch: 54
[t=30.9354s, 172132 KB] g=215, 483906 evaluated, 215 expanded
[t=31.1002s, 172132 KB] New best heuristic value for pinch: 53
[t=31.1003s, 172132 KB] g=216, 486709 evaluated, 216 expanded
[t=31.2025s, 172132 KB] New best heuristic value for pinch: 52
[t=31.2027s, 172132 KB] g=217, 488427 evaluated, 217 expanded
[t=31.3681s, 172132 KB] New best heuristic value for pinch: 51
[t=31.3682s, 172132 KB] g=218, 491237 evaluated, 218 expanded
[t=31.4698s, 172132 KB] New best heuristic value for pinch: 50
[t=31.4699s, 172132 KB] g=219, 492948 evaluated, 219 expanded
[t=31.6354s, 172264 KB] New best heuristic value for pinch: 49
[t=31.6355s, 172264 KB] g=220, 495759 evaluated, 220 expanded
[t=31.7371s, 172396 KB] New best heuristic value for pinch: 48
[t=31.7372s, 172396 KB] g=221, 497469 evaluated, 221 expanded
[t=31.9027s, 172660 KB] New best heuristic value for pinch: 47
[t=31.9028s, 172660 KB] g=222, 500282 evaluated, 222 expanded
[t=32.0041s, 172792 KB] New best heuristic value for pinch: 46
[t=32.0042s, 172792 KB] g=223, 501990 evaluated, 223 expanded
[t=32.1697s, 172924 KB] New best heuristic value for pinch: 45
[t=32.1699s, 172924 KB] g=224, 504805 evaluated, 224 expanded
[t=32.2714s, 173060 KB] New best heuristic value for pinch: 44
[t=32.2715s, 173060 KB] g=225, 506511 evaluated, 225 expanded
[t=32.4373s, 173192 KB] New best heuristic value for pinch: 43
[t=32.4374s, 173192 KB] g=226, 509328 evaluated, 226 expanded
[t=32.5388s, 173324 KB] New best heuristic value for pinch: 42
[t=32.5389s, 173324 KB] g=227, 511032 evaluated, 227 expanded
[t=32.7047s, 173588 KB] New best heuristic value for pinch: 41
[t=32.7048s, 173588 KB] g=228, 513850 evaluated, 228 expanded
[t=32.8057s, 173720 KB] New best heuristic value for pinch: 40
[t=32.8059s, 173720 KB] g=229, 515553 evaluated, 229 expanded
[t=32.9715s, 173852 KB] New best heuristic value for pinch: 39
[t=32.9716s, 173852 KB] g=230, 518372 evaluated, 230 expanded
[t=33.0727s, 173988 KB] New best heuristic value for pinch: 38
[t=33.0728s, 173988 KB] g=231, 520074 evaluated, 231 expanded
[t=33.2388s, 174120 KB] New best heuristic value for pinch: 37
[t=33.239s, 174120 KB] g=232, 522894 evaluated, 232 expanded
[t=33.34s, 174256 KB] New best heuristic value for pinch: 36
[t=33.3401s, 174256 KB] g=233, 524595 evaluated, 233 expanded
[t=33.5073s, 174528 KB] New best heuristic value for pinch: 35
[t=33.5074s, 174528 KB] g=234, 527435 evaluated, 234 expanded
[t=33.6488s, 174660 KB] New best heuristic value for pinch: 34
[t=33.6489s, 174660 KB] g=235, 529779 evaluated, 235 expanded
[t=37.5698s, 179084 KB] New best heuristic value for pinch: 33
[t=37.5699s, 179084 KB] g=237, 595851 evaluated, 264 expanded
[t=37.7045s, 179220 KB] New best heuristic value for pinch: 32
[t=37.7046s, 179220 KB] g=238, 598133 evaluated, 265 expanded
[t=37.9644s, 179484 KB] New best heuristic value for pinch: 31
[t=37.9645s, 179484 KB] g=239, 602527 evaluated, 267 expanded
[t=38.0995s, 179756 KB] New best heuristic value for pinch: 30
[t=38.0996s, 179756 KB] g=240, 604837 evaluated, 268 expanded
[t=38.3593s, 180020 KB] New best heuristic value for pinch: 29
[t=38.3594s, 180020 KB] g=241, 609231 evaluated, 270 expanded
[t=38.4945s, 180156 KB] New best heuristic value for pinch: 28
[t=38.4946s, 180156 KB] g=242, 611541 evaluated, 271 expanded
[t=38.7544s, 180420 KB] New best heuristic value for pinch: 27
[t=38.7545s, 180420 KB] g=243, 615935 evaluated, 273 expanded
[t=38.8895s, 180556 KB] New best heuristic value for pinch: 26
[t=38.8896s, 180556 KB] g=244, 618245 evaluated, 274 expanded
[t=39.1494s, 180956 KB] New best heuristic value for pinch: 25
[t=39.1496s, 180956 KB] g=245, 622639 evaluated, 276 expanded
[t=39.2845s, 181092 KB] New best heuristic value for pinch: 24
[t=39.2846s, 181092 KB] g=246, 624949 evaluated, 277 expanded
[t=39.5443s, 181356 KB] New best heuristic value for pinch: 23
[t=39.5444s, 181356 KB] g=247, 629343 evaluated, 279 expanded
[t=39.6793s, 181488 KB] New best heuristic value for pinch: 22
[t=39.6794s, 181488 KB] g=248, 631653 evaluated, 280 expanded
[t=39.9395s, 181752 KB] New best heuristic value for pinch: 21
[t=39.9396s, 181752 KB] g=249, 636047 evaluated, 282 expanded
[t=40.0745s, 182024 KB] New best heuristic value for pinch: 20
[t=40.0746s, 182024 KB] g=250, 638357 evaluated, 283 expanded
[t=40.3343s, 182292 KB] New best heuristic value for pinch: 19
[t=40.3344s, 182292 KB] g=251, 642751 evaluated, 285 expanded
[t=40.4694s, 182424 KB] New best heuristic value for pinch: 18
[t=40.4696s, 182424 KB] g=252, 645061 evaluated, 286 expanded
[t=40.7291s, 182692 KB] New best heuristic value for pinch: 17
[t=40.7292s, 182692 KB] g=253, 649455 evaluated, 288 expanded
[t=40.864s, 182824 KB] New best heuristic value for pinch: 16
[t=40.8642s, 182824 KB] g=254, 651765 evaluated, 289 expanded
[t=41.1237s, 183220 KB] New best heuristic value for pinch: 15
[t=41.1238s, 183220 KB] g=255, 656159 evaluated, 291 expanded
[t=41.2588s, 183356 KB] New best heuristic value for pinch: 14
[t=41.2589s, 183356 KB] g=256, 658469 evaluated, 292 expanded
[t=41.5187s, 183620 KB] New best heuristic value for pinch: 13
[t=41.5188s, 183620 KB] g=257, 662863 evaluated, 294 expanded
[t=41.6538s, 183756 KB] New best heuristic value for pinch: 12
[t=41.6539s, 183756 KB] g=258, 665173 evaluated, 295 expanded
[t=41.9134s, 184020 KB] New best heuristic value for pinch: 11
[t=41.9136s, 184020 KB] g=259, 669567 evaluated, 297 expanded
[t=42.0485s, 184284 KB] New best heuristic value for pinch: 10
[t=42.0486s, 184284 KB] g=260, 671877 evaluated, 298 expanded
[t=42.3085s, 184552 KB] New best heuristic value for pinch: 9
[t=42.3086s, 184552 KB] g=261, 676271 evaluated, 300 expanded
[t=42.4437s, 184684 KB] New best heuristic value for pinch: 8
[t=42.4438s, 184684 KB] g=262, 678581 evaluated, 301 expanded
[t=42.7037s, 184956 KB] New best heuristic value for pinch: 7
[t=42.7038s, 184956 KB] g=263, 682975 evaluated, 303 expanded
[t=42.8385s, 185092 KB] New best heuristic value for pinch: 6
[t=42.8387s, 185092 KB] g=264, 685285 evaluated, 304 expanded
[t=43.0981s, 185488 KB] New best heuristic value for pinch: 5
[t=43.0982s, 185488 KB] g=265, 689679 evaluated, 306 expanded
[t=43.233s, 185620 KB] New best heuristic value for pinch: 4
[t=43.2331s, 185620 KB] g=266, 691989 evaluated, 307 expanded
[t=43.4929s, 185888 KB] New best heuristic value for pinch: 3
[t=43.493s, 185888 KB] g=267, 696383 evaluated, 309 expanded
[t=43.6278s, 186024 KB] New best heuristic value for pinch: 2
[t=43.6279s, 186024 KB] g=268, 698693 evaluated, 310 expanded
[t=43.8876s, 186420 KB] New best heuristic value for pinch: 1
[t=43.8877s, 186420 KB] g=269, 703087 evaluated, 312 expanded
[t=44.0224s, 186560 KB] New best heuristic value for pinch: 0
[t=44.0225s, 186560 KB] g=270, 705397 evaluated, 313 expanded
[t=44.1533s, 186692 KB] Solution found!
[t=44.1537s, 186692 KB] Actual search time: 41.8601s
switch_on instrument21 satellite9 (1)
switch_on instrument14 satellite6 (1)
turn_to satellite9 star4 phenomenon129 (1)
calibrate satellite9 instrument21 star4 (1)
turn_to satellite6 star0 phenomenon105 (1)
calibrate satellite6 instrument14 star0 (1)
turn_to satellite9 phenomenon100 star4 (1)
take_image satellite9 phenomenon100 instrument21 spectrograph4 (1)
turn_to satellite9 phenomenon113 phenomenon100 (1)
take_image satellite9 phenomenon113 instrument21 image3 (1)
turn_to satellite9 phenomenon121 phenomenon113 (1)
take_image satellite9 phenomenon121 instrument21 spectrograph4 (1)
turn_to satellite9 phenomenon132 phenomenon121 (1)
take_image satellite9 phenomenon132 instrument21 infrared1 (1)
turn_to satellite9 phenomenon133 phenomenon132 (1)
take_image satellite9 phenomenon133 instrument21 image3 (1)
turn_to satellite9 phenomenon137 phenomenon133 (1)
take_image satellite9 phenomenon137 instrument21 infrared1 (1)
turn_to satellite9 phenomenon143 phenomenon137 (1)
take_image satellite9 phenomenon143 instrument21 infrared1 (1)
turn_to satellite9 phenomenon148 phenomenon143 (1)
take_image satellite9 phenomenon148 instrument21 spectrograph4 (1)
turn_to satellite9 phenomenon149 phenomenon148 (1)
take_image satellite9 phenomenon149 instrument21 infrared1 (1)
turn_to satellite9 phenomenon153 phenomenon149 (1)
take_image satellite9 phenomenon153 instrument21 infrared1 (1)
turn_to satellite9 phenomenon30 phenomenon153 (1)
take_image satellite9 phenomenon30 instrument21 image3 (1)
turn_to satellite9 phenomenon31 phenomenon30 (1)
take_image satellite9 phenomenon31 instrument21 infrared1 (1)
turn_to satellite9 phenomenon33 phenomenon31 (1)
take_image satellite9 phenomenon33 instrument21 spectrograph4 (1)
turn_to satellite9 phenomenon34 phenomenon33 (1)
take_image satellite9 phenomenon34 instrument21 image3 (1)
turn_to satellite9 phenomenon38 phenomenon34 (1)
take_image satellite9 phenomenon38 instrument21 infrared1 (1)
turn_to satellite9 phenomenon41 phenomenon38 (1)
take_image satellite9 phenomenon41 instrument21 spectrograph4 (1)
turn_to satellite9 phenomenon44 phenomenon41 (1)
take_image satellite9 phenomenon44 instrument21 image3 (1)
turn_to satellite9 phenomenon49 phenomenon44 (1)
take_image satellite9 phenomenon49 instrument21 infrared1 (1)
turn_to satellite9 phenomenon55 phenomenon49 (1)
take_image satellite9 phenomenon55 instrument21 infrared1 (1)
turn_to satellite9 phenomenon62 phenomenon55 (1)
take_image satellite9 phenomenon62 instrument21 spectrograph4 (1)
turn_to satellite9 phenomenon63 phenomenon62 (1)
take_image satellite9 phenomenon63 instrument21 spectrograph4 (1)
turn_to satellite9 phenomenon67 phenomenon63 (1)
take_image satellite9 phenomenon67 instrument21 image3 (1)
turn_to satellite9 phenomenon7 phenomenon67 (1)
take_image satellite9 phenomenon7 instrument21 infrared1 (1)
turn_to satellite9 phenomenon71 phenomenon7 (1)
take_image satellite9 phenomenon71 instrument21 image3 (1)
turn_to satellite9 phenomenon76 phenomenon71 (1)
take_image satellite9 phenomenon76 instrument21 image3 (1)
turn_to satellite9 phenomenon78 phenomenon76 (1)
take_image satellite9 phenomenon78 instrument21 spectrograph4 (1)
turn_to satellite9 phenomenon79 phenomenon78 (1)
take_image satellite9 phenomenon79 instrument21 image3 (1)
turn_to satellite9 phenomenon80 phenomenon79 (1)
take_image satellite9 phenomenon80 instrument21 image3 (1)
turn_to satellite9 phenomenon97 phenomenon80 (1)
take_image satellite9 phenomenon97 instrument21 spectrograph4 (1)
turn_to satellite9 planet103 phenomenon97 (1)
take_image satellite9 planet103 instrument21 image3 (1)
turn_to satellite9 planet107 planet103 (1)
take_image satellite9 planet107 instrument21 image3 (1)
turn_to satellite9 planet108 planet107 (1)
take_image satellite9 planet108 instrument21 infrared1 (1)
turn_to satellite9 planet109 planet108 (1)
take_image satellite9 planet109 instrument21 image3 (1)
turn_to satellite9 planet110 planet109 (1)
take_image satellite9 planet110 instrument21 image3 (1)
turn_to satellite9 planet112 planet110 (1)
take_image satellite9 planet112 instrument21 spectrograph4 (1)
turn_to satellite9 planet115 planet112 (1)
take_image satellite9 planet115 instrument21 infrared1 (1)
turn_to satellite9 planet125 planet115 (1)
take_image satellite9 planet125 instrument21 spectrograph4 (1)
turn_to satellite9 planet126 planet125 (1)
take_image satellite9 planet126 instrument21 spectrograph4 (1)
turn_to satellite9 planet127 planet126 (1)
take_image satellite9 planet127 instrument21 spectrograph4 (1)
turn_to satellite9 planet13 planet127 (1)
take_image satellite9 planet13 instrument21 spectrograph4 (1)
turn_to satellite9 planet138 planet13 (1)
take_image satellite9 planet138 instrument21 spectrograph4 (1)
turn_to satellite9 planet139 planet138 (1)
take_image satellite9 planet139 instrument21 image3 (1)
turn_to satellite9 planet147 planet139 (1)
take_image satellite9 planet147 instrument21 spectrograph4 (1)
turn_to satellite9 planet154 planet147 (1)
take_image satellite9 planet154 instrument21 infrared1 (1)
turn_to satellite9 planet16 planet154 (1)
take_image satellite9 planet16 instrument21 image3 (1)
turn_to satellite9 planet20 planet16 (1)
take_image satellite9 planet20 instrument21 infrared1 (1)
turn_to satellite9 planet21 planet20 (1)
take_image satellite9 planet21 instrument21 image3 (1)
turn_to satellite9 planet27 planet21 (1)
take_image satellite9 planet27 instrument21 spectrograph4 (1)
turn_to satellite9 planet28 planet27 (1)
take_image satellite9 planet28 instrument21 infrared1 (1)
turn_to satellite9 planet35 planet28 (1)
take_image satellite9 planet35 instrument21 spectrograph4 (1)
turn_to satellite9 planet50 planet35 (1)
take_image satellite9 planet50 instrument21 infrared1 (1)
turn_to satellite9 planet58 planet50 (1)
take_image satellite9 planet58 instrument21 spectrograph4 (1)
turn_to satellite9 planet59 planet58 (1)
take_image satellite9 planet59 instrument21 infrared1 (1)
turn_to satellite9 planet6 planet59 (1)
take_image satellite9 planet6 instrument21 infrared1 (1)
turn_to satellite9 planet66 planet6 (1)
take_image satellite9 planet66 instrument21 image3 (1)
turn_to satellite9 planet81 planet66 (1)
take_image satellite9 planet81 instrument21 spectrograph4 (1)
turn_to satellite9 planet90 planet81 (1)
take_image satellite9 planet90 instrument21 spectrograph4 (1)
turn_to satellite9 star0 planet90 (1)
turn_to satellite6 phenomenon105 star0 (1)
take_image satellite6 phenomenon105 instrument14 infrared0 (1)
turn_to satellite6 phenomenon114 phenomenon105 (1)
take_image satellite6 phenomenon114 instrument14 infrared0 (1)
turn_to satellite6 phenomenon119 phenomenon114 (1)
take_image satellite6 phenomenon119 instrument14 thermograph2 (1)
turn_to satellite6 phenomenon120 phenomenon119 (1)
take_image satellite6 phenomenon120 instrument14 thermograph2 (1)
turn_to satellite6 phenomenon122 phenomenon120 (1)
take_image satellite6 phenomenon122 instrument14 thermograph2 (1)
turn_to satellite6 phenomenon129 phenomenon122 (1)
take_image satellite6 phenomenon129 instrument14 infrared0 (1)
turn_to satellite6 phenomenon140 phenomenon129 (1)
take_image satellite6 phenomenon140 instrument14 infrared0 (1)
turn_to satellite6 phenomenon145 phenomenon140 (1)
take_image satellite6 phenomenon145 instrument14 infrared0 (1)
turn_to satellite6 phenomenon15 phenomenon145 (1)
take_image satellite6 phenomenon15 instrument14 infrared0 (1)
turn_to satellite6 phenomenon152 phenomenon15 (1)
take_image satellite6 phenomenon152 instrument14 infrared0 (1)
turn_to satellite6 phenomenon23 phenomenon152 (1)
take_image satellite6 phenomenon23 instrument14 infrared0 (1)
turn_to satellite6 phenomenon42 phenomenon23 (1)
take_image satellite6 phenomenon42 instrument14 thermograph2 (1)
turn_to satellite6 phenomenon46 phenomenon42 (1)
take_image satellite6 phenomenon46 instrument14 infrared0 (1)
turn_to satellite6 phenomenon47 phenomenon46 (1)
take_image satellite6 phenomenon47 instrument14 infrared0 (1)
turn_to satellite6 phenomenon48 phenomenon47 (1)
take_image satellite6 phenomenon48 instrument14 infrared0 (1)
turn_to satellite6 phenomenon69 phenomenon48 (1)
take_image satellite6 phenomenon69 instrument14 infrared0 (1)
turn_to satellite6 phenomenon73 phenomenon69 (1)
take_image satellite6 phenomenon73 instrument14 thermograph2 (1)
turn_to satellite6 phenomenon87 phenomenon73 (1)
take_image satellite6 phenomenon87 instrument14 thermograph2 (1)
turn_to satellite6 phenomenon92 phenomenon87 (1)
take_image satellite6 phenomenon92 instrument14 thermograph2 (1)
turn_to satellite6 planet102 phenomenon92 (1)
take_image satellite6 planet102 instrument14 infrared0 (1)
turn_to satellite6 planet14 planet102 (1)
take_image satellite6 planet14 instrument14 thermograph2 (1)
turn_to satellite6 planet151 planet14 (1)
take_image satellite6 planet151 instrument14 infrared0 (1)
turn_to satellite6 planet22 planet151 (1)
take_image satellite6 planet22 instrument14 thermograph2 (1)
turn_to satellite6 planet64 planet22 (1)
take_image satellite6 planet64 instrument14 infrared0 (1)
turn_to satellite6 planet74 planet64 (1)
take_image satellite6 planet74 instrument14 infrared0 (1)
turn_to satellite6 planet75 planet74 (1)
take_image satellite6 planet75 instrument14 infrared0 (1)
turn_to satellite6 planet83 planet75 (1)
take_image satellite6 planet83 instrument14 infrared0 (1)
turn_to satellite6 planet85 planet83 (1)
take_image satellite6 planet85 instrument14 infrared0 (1)
turn_to satellite6 planet88 planet85 (1)
take_image satellite6 planet88 instrument14 thermograph2 (1)
turn_to satellite6 planet94 planet88 (1)
take_image satellite6 planet94 instrument14 thermograph2 (1)
turn_to satellite6 planet98 planet94 (1)
take_image satellite6 planet98 instrument14 thermograph2 (1)
turn_to satellite6 star10 planet98 (1)
take_image satellite6 star10 instrument14 thermograph2 (1)
turn_to satellite6 star104 star10 (1)
take_image satellite6 star104 instrument14 thermograph2 (1)
turn_to satellite6 star11 star104 (1)
take_image satellite6 star11 instrument14 infrared1 (1)
turn_to satellite6 star111 star11 (1)
take_image satellite6 star111 instrument14 infrared0 (1)
turn_to satellite6 star117 star111 (1)
take_image satellite6 star117 instrument14 infrared0 (1)
turn_to satellite6 star128 star117 (1)
take_image satellite6 star128 instrument14 thermograph2 (1)
turn_to satellite6 star131 star128 (1)
take_image satellite6 star131 instrument14 infrared0 (1)
turn_to satellite6 star136 star131 (1)
take_image satellite6 star136 instrument14 thermograph2 (1)
turn_to satellite6 star144 star136 (1)
take_image satellite6 star144 instrument14 thermograph2 (1)
turn_to satellite6 star150 star144 (1)
take_image satellite6 star150 instrument14 infrared0 (1)
turn_to satellite6 star17 star150 (1)
take_image satellite6 star17 instrument14 infrared0 (1)
turn_to satellite6 star24 star17 (1)
take_image satellite6 star24 instrument14 thermograph2 (1)
turn_to satellite6 star25 star24 (1)
take_image satellite6 star25 instrument14 thermograph2 (1)
turn_to satellite6 star26 star25 (1)
take_image satellite6 star26 instrument14 infrared1 (1)
turn_to satellite6 star32 star26 (1)
take_image satellite6 star32 instrument14 thermograph2 (1)
turn_to satellite6 star40 star32 (1)
take_image satellite6 star40 instrument14 infrared1 (1)
turn_to satellite6 star54 star40 (1)
take_image satellite6 star54 instrument14 infrared1 (1)
turn_to satellite6 star72 star54 (1)
take_image satellite6 star72 instrument14 infrared1 (1)
turn_to satellite6 star77 star72 (1)
take_image satellite6 star77 instrument14 infrared1 (1)
turn_to satellite6 star82 star77 (1)
take_image satellite6 star82 instrument14 infrared1 (1)
turn_to satellite6 star89 star82 (1)
take_image satellite6 star89 instrument14 infrared1 (1)
turn_to satellite6 star93 star89 (1)
take_image satellite6 star93 instrument14 infrared1 (1)
turn_to satellite6 star95 star93 (1)
take_image satellite6 star95 instrument14 infrared1 (1)
turn_to satellite6 star96 star95 (1)
take_image satellite6 star96 instrument14 infrared1 (1)
turn_to satellite6 star99 star96 (1)
take_image satellite6 star99 instrument14 thermograph2 (1)
turn_to satellite5 phenomenon148 planet125 (1)
turn_to satellite4 phenomenon31 phenomenon33 (1)
turn_to satellite9 star101 star0 (1)
take_image satellite9 star101 instrument21 image3 (1)
turn_to satellite9 star106 star101 (1)
take_image satellite9 star106 instrument21 spectrograph4 (1)
turn_to satellite9 star116 star106 (1)
take_image satellite9 star116 instrument21 spectrograph4 (1)
turn_to satellite9 star123 star116 (1)
take_image satellite9 star123 instrument21 spectrograph4 (1)
turn_to satellite9 star124 star123 (1)
take_image satellite9 star124 instrument21 image3 (1)
turn_to satellite9 star134 star124 (1)
take_image satellite9 star134 instrument21 image3 (1)
turn_to satellite9 star142 star134 (1)
take_image satellite9 star142 instrument21 spectrograph4 (1)
turn_to satellite9 star36 star142 (1)
take_image satellite9 star36 instrument21 spectrograph4 (1)
turn_to satellite9 star39 star36 (1)
take_image satellite9 star39 instrument21 image3 (1)
turn_to satellite9 star45 star39 (1)
take_image satellite9 star45 instrument21 image3 (1)
turn_to satellite9 star5 star45 (1)
take_image satellite9 star5 instrument21 image3 (1)
turn_to satellite9 star51 star5 (1)
take_image satellite9 star51 instrument21 spectrograph4 (1)
turn_to satellite9 star56 star51 (1)
take_image satellite9 star56 instrument21 image3 (1)
turn_to satellite9 star60 star56 (1)
take_image satellite9 star60 instrument21 image3 (1)
turn_to satellite9 star8 star60 (1)
take_image satellite9 star8 instrument21 image3 (1)
turn_to satellite9 star84 star8 (1)
take_image satellite9 star84 instrument21 spectrograph4 (1)
turn_to satellite9 star91 star84 (1)
take_image satellite9 star91 instrument21 spectrograph4 (1)
turn_to satellite9 star0 star91 (1)
[t=44.1538s, 186692 KB] Plan length: 270 step(s).
[t=44.1538s, 186692 KB] Plan cost: 270
[t=44.1538s, 186692 KB] Expanded 314 state(s).
[t=44.1538s, 186692 KB] Reopened 0 state(s).
[t=44.1538s, 186692 KB] Evaluated 707606 state(s).
[t=44.1538s, 186692 KB] Evaluations: 707606
[t=44.1538s, 186692 KB] Generated 731915 state(s).
[t=44.1538s, 186692 KB] Dead ends: 0 state(s).
[t=44.1538s, 186692 KB] Number of registered states: 707606
[t=44.1538s, 186692 KB] Int hash set load factor: 707606/1048576 = 0.674826
[t=44.1538s, 186692 KB] Int hash set resizes: 20
[t=44.1538s, 186692 KB] mean number of q cost that have been adjusted 0 times in relation to total number of q: -1
[t=44.1538s, 186692 KB] mean number of q cost that have been adjusted 1 times in relation to total number of q: -1
[t=44.1538s, 186692 KB] mean number of q cost that have been adjusted 2 times in relation to total number of q: -1
[t=44.1538s, 186692 KB] mean number of q that are at some point overconsitent in relation to total number of q: -1
[t=44.1538s, 186692 KB] mean number of q that are at first underconsisten in relation to total number of q: -1
[t=44.1538s, 186692 KB] mean number of state variables that are not in common between two following states in relation to total number of state variables: -1
[t=44.1538s, 186692 KB] variance number of state variables that are not in common between two following states in relation to total number of state variables: -1
[t=44.1538s, 186692 KB] Search time: 41.9021s
[t=44.1538s, 186692 KB] Total time: 44.1538s
Solution found.
Peak memory: 186692 KB
Remove intermediate file output.sas
search exit code: 0

INFO     Running validate.
INFO     validate stdin: None
INFO     validate time limit: None
INFO     validate memory limit: None
INFO     validate command line string: validate domain.pddl problem.pddl sas_plan
