INFO     Running translator.
INFO     translator stdin: None
INFO     translator time limit: 1799.95s
INFO     translator memory limit: 3584 MB
INFO     translator command line string: /infai/weidan00/downward/experiments/bachelor/.venv/bin/python3 /infai/weidan00/downward/experiments/bachelor/data/bachelor-v1/code-7aa5f34_e5e41175/builds/release/bin/translate/translate.py domain.pddl problem.pddl --sas-file output.sas
Parsing...
Parsing: [0.000s CPU, 0.002s wall-clock]
Normalizing task... [0.000s CPU, 0.000s wall-clock]
Instantiating...
Generating Datalog program... [0.000s CPU, 0.000s wall-clock]
Normalizing Datalog program...
Normalizing Datalog program: [0.000s CPU, 0.002s wall-clock]
Preparing model... [0.000s CPU, 0.001s wall-clock]
Generated 26 rules.
Computing model... [0.000s CPU, 0.002s wall-clock]
97 relevant atoms
105 auxiliary atoms
202 final queue length
227 total queue pushes
Completing instantiation... [0.010s CPU, 0.001s wall-clock]
Instantiating: [0.010s CPU, 0.007s wall-clock]
Computing fact groups...
Finding invariants...
6 initial candidates
Finding invariants: [0.000s CPU, 0.001s wall-clock]
Checking invariant weight... [0.000s CPU, 0.000s wall-clock]
Instantiating groups... [0.000s CPU, 0.000s wall-clock]
Collecting mutex groups... [0.000s CPU, 0.000s wall-clock]
Choosing groups...
6 uncovered facts
Choosing groups: [0.000s CPU, 0.000s wall-clock]
Building translation key... [0.000s CPU, 0.000s wall-clock]
Computing fact groups: [0.000s CPU, 0.002s wall-clock]
Building STRIPS to SAS dictionary... [0.000s CPU, 0.000s wall-clock]
Building dictionary for full mutex groups... [0.000s CPU, 0.000s wall-clock]
Building mutex information...
Building mutex information: [0.000s CPU, 0.000s wall-clock]
Translating task...
Processing axioms...
Simplifying axioms... [0.000s CPU, 0.000s wall-clock]
Processing axioms: [0.000s CPU, 0.000s wall-clock]
Translating task: [0.000s CPU, 0.001s wall-clock]
3 effect conditions simplified
0 implied preconditions added
Detecting unreachable propositions...
0 operators removed
0 axioms removed
1 propositions removed
Detecting unreachable propositions: [0.000s CPU, 0.001s wall-clock]
Reordering and filtering variables...
7 of 7 variables necessary.
0 of 1 mutex groups necessary.
36 of 36 operators necessary.
0 of 0 axiom rules necessary.
Reordering and filtering variables: [0.000s CPU, 0.000s wall-clock]
Translator variables: 7
Translator derived variables: 0
Translator facts: 18
Translator goal facts: 3
Translator mutex groups: 0
Translator total mutex groups size: 0
Translator operators: 36
Translator axioms: 0
Translator task size: 142
Translator peak memory: 142284 KB
Writing output... [0.000s CPU, 0.003s wall-clock]
Done! [0.010s CPU, 0.017s wall-clock]
translate exit code: 0

INFO     Running search (release).
INFO     search stdin: output.sas
INFO     search time limit: 1799.89s
INFO     search memory limit: 3584 MB
INFO     search command line string: /infai/weidan00/downward/experiments/bachelor/data/bachelor-v1/code-7aa5f34_e5e41175/builds/release/bin/downward --search 'eager_wastar([add()], w=2)' --internal-plan-file sas_plan < output.sas
[t=7.8683e-05s, 17204 KB] reading input...
[t=0.000481468s, 17212 KB] done reading input!
[t=0.00228869s, 17472 KB] Simplifying 39 unary operators... done! [39 unary operators]
[t=0.00239789s, 17472 KB] time to simplify: 0.000161151s
[t=0.00245967s, 17472 KB] Initializing additive heuristic...
[t=0.00257431s, 17472 KB] Building successor generator...done!
[t=0.00272282s, 17472 KB] peak memory difference for successor generator creation: 0 KB
[t=0.00276053s, 17472 KB] time for successor generation creation: 2.9272e-05s
[t=0.00280713s, 17472 KB] Variables: 7
[t=0.00284725s, 17472 KB] FactPairs: 18
[t=0.0028878s, 17472 KB] Bytes per state: 4
[t=0.00300763s, 17472 KB] Conducting best first search with reopening closed nodes, (real) bound = 2147483647
[t=0.00310121s, 17472 KB] New best heuristic value for add: 10
[t=0.00314309s, 17472 KB] g=0, 1 evaluated, 0 expanded
[t=0.00319331s, 17472 KB] Initial heuristic value for add: 10
[t=0.00323473s, 17472 KB] pruning method: none
[t=0.00328922s, 17472 KB] New best heuristic value for add: 9
[t=0.00333042s, 17472 KB] g=1, 2 evaluated, 1 expanded
[t=0.00340715s, 17472 KB] New best heuristic value for add: 8
[t=0.00344839s, 17472 KB] g=2, 12 evaluated, 2 expanded
[t=0.00349481s, 17472 KB] New best heuristic value for add: 7
[t=0.00353541s, 17472 KB] g=3, 13 evaluated, 3 expanded
[t=0.00360052s, 17472 KB] New best heuristic value for add: 6
[t=0.00368059s, 17472 KB] g=4, 20 evaluated, 4 expanded
[t=0.00372645s, 17472 KB] New best heuristic value for add: 5
[t=0.0037669s, 17472 KB] g=5, 21 evaluated, 5 expanded
[t=0.00382491s, 17472 KB] New best heuristic value for add: 4
[t=0.00386574s, 17472 KB] g=6, 27 evaluated, 6 expanded
[t=0.00391244s, 17472 KB] New best heuristic value for add: 3
[t=0.00395287s, 17472 KB] g=7, 29 evaluated, 7 expanded
[t=0.00400971s, 17472 KB] New best heuristic value for add: 2
[t=0.00405093s, 17472 KB] g=8, 34 evaluated, 8 expanded
[t=0.00410041s, 17472 KB] New best heuristic value for add: 1
[t=0.00414058s, 17472 KB] g=9, 37 evaluated, 9 expanded
[t=0.00418937s, 17472 KB] New best heuristic value for add: 0
[t=0.00422955s, 17472 KB] g=10, 40 evaluated, 10 expanded
[t=0.00427098s, 17472 KB] Solution found!
[t=0.00431243s, 17472 KB] Actual search time: 0.00107314s
board f0 p2 (1)
up f0 f5 (1)
board f5 p0 (1)
depart f5 p2 (1)
down f5 f0 (1)
depart f0 p0 (1)
up f0 f1 (1)
board f1 p1 (1)
up f1 f3 (1)
depart f3 p1 (1)
[t=0.00435497s, 17472 KB] Plan length: 10 step(s).
[t=0.00435497s, 17472 KB] Plan cost: 10
[t=0.00435497s, 17472 KB] Expanded 11 state(s).
[t=0.00435497s, 17472 KB] Reopened 0 state(s).
[t=0.00435497s, 17472 KB] Evaluated 40 state(s).
[t=0.00435497s, 17472 KB] Evaluations: 40
[t=0.00435497s, 17472 KB] Generated 63 state(s).
[t=0.00435497s, 17472 KB] Dead ends: 0 state(s).
[t=0.00435497s, 17472 KB] Number of registered states: 40
[t=0.00435497s, 17472 KB] Int hash set load factor: 40/64 = 0.625
[t=0.00435497s, 17472 KB] Int hash set resizes: 6
[t=0.00435497s, 17472 KB] mean number of q cost that have been adjusted 0 times in relation to total number of q: -1
[t=0.00435497s, 17472 KB] mean number of q cost that have been adjusted 1 times in relation to total number of q: -1
[t=0.00435497s, 17472 KB] mean number of q cost that have been adjusted 2 times in relation to total number of q: -1
[t=0.00435497s, 17472 KB] mean number of q that are at some point overconsitent in relation to total number of q: -1
[t=0.00435497s, 17472 KB] mean number of q that are at first underconsisten in relation to total number of q: -1
[t=0.00435497s, 17472 KB] mean number of state variables that are not in common between two following states in relation to total number of state variables: -1
[t=0.00435497s, 17472 KB] variance number of state variables that are not in common between two following states in relation to total number of state variables: -1
[t=0.00435497s, 17472 KB] Search time: 0.00134804s
[t=0.00435497s, 17472 KB] Total time: 0.00435497s
Solution found.
Peak memory: 17472 KB
Remove intermediate file output.sas
search exit code: 0

INFO     Running validate.
INFO     validate stdin: None
INFO     validate time limit: None
INFO     validate memory limit: None
INFO     validate command line string: validate domain.pddl problem.pddl sas_plan
