INFO     Running translator.
INFO     translator stdin: None
INFO     translator time limit: 1799.96s
INFO     translator memory limit: 3584 MB
INFO     translator command line string: /infai/weidan00/downward/experiments/bachelor/.venv/bin/python3 /infai/weidan00/downward/experiments/bachelor/data/bachelor-v1/code-7aa5f34_e5e41175/builds/release/bin/translate/translate.py domain.pddl problem.pddl --sas-file output.sas
Parsing...
Parsing: [0.000s CPU, 0.004s wall-clock]
Normalizing task... [0.000s CPU, 0.000s wall-clock]
Instantiating...
Generating Datalog program... [0.000s CPU, 0.001s wall-clock]
Normalizing Datalog program...
Normalizing Datalog program: [0.010s CPU, 0.005s wall-clock]
Preparing model... [0.000s CPU, 0.002s wall-clock]
Generated 90 rules.
Computing model... [0.010s CPU, 0.010s wall-clock]
368 relevant atoms
734 auxiliary atoms
1102 final queue length
1412 total queue pushes
Completing instantiation... [0.010s CPU, 0.006s wall-clock]
Instantiating: [0.030s CPU, 0.026s wall-clock]
Computing fact groups...
Finding invariants...
35 initial candidates
Finding invariants: [0.000s CPU, 0.005s wall-clock]
Checking invariant weight... [0.000s CPU, 0.000s wall-clock]
Instantiating groups... [0.000s CPU, 0.000s wall-clock]
Collecting mutex groups... [0.000s CPU, 0.000s wall-clock]
Choosing groups...
29 uncovered facts
Choosing groups: [0.000s CPU, 0.000s wall-clock]
Building translation key... [0.000s CPU, 0.000s wall-clock]
Computing fact groups: [0.000s CPU, 0.006s wall-clock]
Building STRIPS to SAS dictionary... [0.000s CPU, 0.000s wall-clock]
Building dictionary for full mutex groups... [0.000s CPU, 0.000s wall-clock]
Building mutex information...
Building mutex information: [0.000s CPU, 0.000s wall-clock]
Translating task...
Processing axioms...
Simplifying axioms... [0.000s CPU, 0.000s wall-clock]
Processing axioms: [0.000s CPU, 0.000s wall-clock]
Translating task: [0.010s CPU, 0.007s wall-clock]
48 effect conditions simplified
0 implied preconditions added
Detecting unreachable propositions...
0 operators removed
0 axioms removed
19 propositions removed
Detecting unreachable propositions: [0.000s CPU, 0.003s wall-clock]
Reordering and filtering variables...
30 of 39 variables necessary.
0 of 13 mutex groups necessary.
148 of 178 operators necessary.
0 of 0 axiom rules necessary.
Reordering and filtering variables: [0.000s CPU, 0.001s wall-clock]
Translator variables: 30
Translator derived variables: 0
Translator facts: 68
Translator goal facts: 10
Translator mutex groups: 0
Translator total mutex groups size: 0
Translator operators: 148
Translator axioms: 0
Translator task size: 716
Translator peak memory: 143308 KB
Writing output... [0.010s CPU, 0.004s wall-clock]
Done! [0.050s CPU, 0.052s wall-clock]
translate exit code: 0

INFO     Running search (release).
INFO     search stdin: output.sas
INFO     search time limit: 1799.85s
INFO     search memory limit: 3584 MB
INFO     search command line string: /infai/weidan00/downward/experiments/bachelor/data/bachelor-v1/code-7aa5f34_e5e41175/builds/release/bin/downward --search 'eager_wastar([add()], w=2)' --internal-plan-file sas_plan < output.sas
[t=7.1542e-05s, 17204 KB] reading input...
[t=0.00132451s, 17212 KB] done reading input!
[t=0.0031742s, 17476 KB] Simplifying 191 unary operators... done! [161 unary operators]
[t=0.00334126s, 17476 KB] time to simplify: 0.000217551s
[t=0.00342445s, 17608 KB] Initializing additive heuristic...
[t=0.00355723s, 17608 KB] Building successor generator...done!
[t=0.00376405s, 17608 KB] peak memory difference for successor generator creation: 0 KB
[t=0.00380226s, 17608 KB] time for successor generation creation: 8.1926e-05s
[t=0.00385523s, 17608 KB] Variables: 30
[t=0.00389475s, 17608 KB] FactPairs: 68
[t=0.00393372s, 17608 KB] Bytes per state: 8
[t=0.00404459s, 17608 KB] Conducting best first search with reopening closed nodes, (real) bound = 2147483647
[t=0.00414729s, 17608 KB] New best heuristic value for add: 32
[t=0.00418987s, 17608 KB] g=0, 1 evaluated, 0 expanded
[t=0.00424033s, 17608 KB] Initial heuristic value for add: 32
[t=0.00428097s, 17608 KB] pruning method: none
[t=0.00434087s, 17608 KB] New best heuristic value for add: 31
[t=0.00438227s, 17608 KB] g=1, 2 evaluated, 1 expanded
[t=0.00446315s, 17608 KB] New best heuristic value for add: 29
[t=0.0045052s, 17608 KB] g=1, 7 evaluated, 1 expanded
[t=0.00461215s, 17608 KB] New best heuristic value for add: 26
[t=0.00465409s, 17608 KB] g=2, 17 evaluated, 2 expanded
[t=0.00483102s, 17608 KB] New best heuristic value for add: 25
[t=0.00487433s, 17608 KB] g=4, 38 evaluated, 4 expanded
[t=0.00499989s, 17608 KB] New best heuristic value for add: 24
[t=0.00504132s, 17608 KB] g=5, 53 evaluated, 5 expanded
[t=0.00540191s, 17608 KB] New best heuristic value for add: 23
[t=0.00544676s, 17608 KB] g=7, 114 evaluated, 9 expanded
[t=0.00560176s, 17608 KB] New best heuristic value for add: 22
[t=0.00564464s, 17608 KB] g=8, 132 evaluated, 10 expanded
[t=0.00575916s, 17608 KB] New best heuristic value for add: 21
[t=0.00580072s, 17608 KB] g=9, 146 evaluated, 11 expanded
[t=0.00591187s, 17608 KB] New best heuristic value for add: 20
[t=0.00595335s, 17608 KB] g=10, 160 evaluated, 12 expanded
[t=0.00767076s, 17608 KB] New best heuristic value for add: 19
[t=0.00771904s, 17608 KB] g=12, 492 evaluated, 46 expanded
[t=0.00782237s, 17608 KB] New best heuristic value for add: 18
[t=0.00786566s, 17608 KB] g=13, 504 evaluated, 47 expanded
[t=0.00872745s, 17608 KB] New best heuristic value for add: 17
[t=0.00877428s, 17608 KB] g=16, 664 evaluated, 70 expanded
[t=0.00888225s, 17608 KB] New best heuristic value for add: 16
[t=0.00892467s, 17608 KB] g=17, 677 evaluated, 71 expanded
[t=0.00902124s, 17608 KB] New best heuristic value for add: 15
[t=0.0090627s, 17608 KB] g=18, 689 evaluated, 72 expanded
[t=0.00937516s, 17608 KB] New best heuristic value for add: 14
[t=0.00941916s, 17608 KB] g=20, 748 evaluated, 79 expanded
[t=0.00949409s, 17608 KB] New best heuristic value for add: 13
[t=0.00953546s, 17608 KB] g=21, 755 evaluated, 80 expanded
[t=0.00962958s, 17608 KB] New best heuristic value for add: 12
[t=0.00967086s, 17608 KB] g=22, 767 evaluated, 81 expanded
[t=0.0169138s, 17608 KB] New best heuristic value for add: 11
[t=0.016967s, 17608 KB] g=24, 2259 evaluated, 419 expanded
[t=0.0170331s, 17608 KB] New best heuristic value for add: 10
[t=0.0170758s, 17608 KB] g=25, 2263 evaluated, 420 expanded
[t=0.0171676s, 17608 KB] New best heuristic value for add: 9
[t=0.017214s, 17608 KB] g=26, 2274 evaluated, 421 expanded
[t=0.0184915s, 17608 KB] New best heuristic value for add: 8
[t=0.0185374s, 17608 KB] g=28, 2556 evaluated, 481 expanded
[t=0.0186018s, 17608 KB] New best heuristic value for add: 7
[t=0.0186443s, 17608 KB] g=29, 2560 evaluated, 482 expanded
[t=0.019276s, 17608 KB] New best heuristic value for add: 6
[t=0.0193213s, 17608 KB] g=32, 2698 evaluated, 513 expanded
[t=0.01941s, 17608 KB] New best heuristic value for add: 5
[t=0.0194519s, 17608 KB] g=33, 2709 evaluated, 514 expanded
[t=0.0195368s, 17608 KB] New best heuristic value for add: 4
[t=0.0195774s, 17608 KB] g=34, 2720 evaluated, 515 expanded
[t=0.0196699s, 17608 KB] New best heuristic value for add: 3
[t=0.0197104s, 17608 KB] g=35, 2733 evaluated, 516 expanded
[t=0.0197921s, 17608 KB] New best heuristic value for add: 2
[t=0.0198322s, 17608 KB] g=36, 2744 evaluated, 517 expanded
[t=0.0199113s, 17608 KB] New best heuristic value for add: 1
[t=0.0199523s, 17608 KB] g=37, 2755 evaluated, 518 expanded
[t=0.0200357s, 17608 KB] New best heuristic value for add: 0
[t=0.0200767s, 17608 KB] g=38, 2766 evaluated, 519 expanded
[t=0.0201396s, 17608 KB] Solution found!
[t=0.0201832s, 17608 KB] Actual search time: 0.0158986s
calibrate rover0 camera0 objective0 waypoint1 (1)
navigate rover0 waypoint1 waypoint0 (1)
calibrate rover1 camera2 objective0 waypoint4 (1)
take_image rover1 waypoint4 objective0 camera2 colour (1)
communicate_image_data rover1 general objective0 colour waypoint4 waypoint3 (1)
calibrate rover0 camera1 objective1 waypoint0 (1)
take_image rover0 waypoint0 objective0 camera1 low_res (1)
take_image rover0 waypoint0 objective1 camera0 low_res (1)
communicate_image_data rover0 general objective1 low_res waypoint0 waypoint3 (1)
communicate_image_data rover0 general objective0 low_res waypoint0 waypoint3 (1)
sample_rock rover0 rover0store waypoint0 (1)
drop rover0 rover0store (1)
communicate_rock_data rover0 general waypoint0 waypoint0 waypoint3 (1)
navigate rover0 waypoint0 waypoint2 (1)
sample_rock rover0 rover0store waypoint2 (1)
navigate rover0 waypoint2 waypoint0 (1)
communicate_rock_data rover0 general waypoint2 waypoint0 waypoint3 (1)
drop rover0 rover0store (1)
navigate rover0 waypoint0 waypoint3 (1)
sample_rock rover0 rover0store waypoint3 (1)
navigate rover0 waypoint3 waypoint0 (1)
communicate_rock_data rover0 general waypoint3 waypoint0 waypoint3 (1)
sample_soil rover1 rover1store waypoint4 (1)
drop rover1 rover1store (1)
navigate rover1 waypoint4 waypoint5 (1)
communicate_soil_data rover1 general waypoint4 waypoint5 waypoint3 (1)
sample_soil rover1 rover1store waypoint5 (1)
drop rover1 rover1store (1)
communicate_soil_data rover1 general waypoint5 waypoint5 waypoint3 (1)
navigate rover1 waypoint5 waypoint2 (1)
sample_soil rover1 rover1store waypoint2 (1)
navigate rover1 waypoint2 waypoint5 (1)
navigate rover1 waypoint5 waypoint4 (1)
navigate rover1 waypoint4 waypoint1 (1)
communicate_soil_data rover1 general waypoint2 waypoint1 waypoint3 (1)
drop rover1 rover1store (1)
sample_soil rover1 rover1store waypoint1 (1)
communicate_soil_data rover1 general waypoint1 waypoint1 waypoint3 (1)
[t=0.0202265s, 17608 KB] Plan length: 38 step(s).
[t=0.0202265s, 17608 KB] Plan cost: 38
[t=0.0202265s, 17608 KB] Expanded 520 state(s).
[t=0.0202265s, 17608 KB] Reopened 0 state(s).
[t=0.0202265s, 17608 KB] Evaluated 2774 state(s).
[t=0.0202265s, 17608 KB] Evaluations: 2774
[t=0.0202265s, 17608 KB] Generated 8760 state(s).
[t=0.0202265s, 17608 KB] Dead ends: 0 state(s).
[t=0.0202265s, 17608 KB] Number of registered states: 2774
[t=0.0202265s, 17608 KB] Int hash set load factor: 2774/4096 = 0.677246
[t=0.0202265s, 17608 KB] Int hash set resizes: 12
[t=0.0202265s, 17608 KB] mean number of q cost that have been adjusted 0 times in relation to total number of q: -1
[t=0.0202265s, 17608 KB] mean number of q cost that have been adjusted 1 times in relation to total number of q: -1
[t=0.0202265s, 17608 KB] mean number of q cost that have been adjusted 2 times in relation to total number of q: -1
[t=0.0202265s, 17608 KB] mean number of q that are at some point overconsitent in relation to total number of q: -1
[t=0.0202265s, 17608 KB] mean number of q that are at first underconsisten in relation to total number of q: -1
[t=0.0202265s, 17608 KB] mean number of state variables that are not in common between two following states in relation to total number of state variables: -1
[t=0.0202265s, 17608 KB] variance number of state variables that are not in common between two following states in relation to total number of state variables: -1
[t=0.0202265s, 17608 KB] Search time: 0.0161823s
[t=0.0202265s, 17608 KB] Total time: 0.0202265s
Solution found.
Peak memory: 17608 KB
Remove intermediate file output.sas
search exit code: 0

INFO     Running validate.
INFO     validate stdin: None
INFO     validate time limit: None
INFO     validate memory limit: None
INFO     validate command line string: validate domain.pddl problem.pddl sas_plan
