INFO     Running translator.
INFO     translator stdin: None
INFO     translator time limit: 1799.96s
INFO     translator memory limit: 3584 MB
INFO     translator command line string: /infai/weidan00/downward/experiments/bachelor/.venv/bin/python3 /infai/weidan00/downward/experiments/bachelor/data/bachelor-v1/code-7aa5f34_e5e41175/builds/release/bin/translate/translate.py domain.pddl problem.pddl --sas-file output.sas
Parsing...
Parsing: [0.000s CPU, 0.007s wall-clock]
Normalizing task... [0.000s CPU, 0.000s wall-clock]
Instantiating...
Generating Datalog program... [0.010s CPU, 0.002s wall-clock]
Normalizing Datalog program...
Normalizing Datalog program: [0.010s CPU, 0.013s wall-clock]
Preparing model... [0.010s CPU, 0.008s wall-clock]
Generated 285 rules.
Computing model... [0.110s CPU, 0.116s wall-clock]
3394 relevant atoms
2207 auxiliary atoms
5601 final queue length
31513 total queue pushes
Completing instantiation... [0.250s CPU, 0.253s wall-clock]
Instantiating: [0.390s CPU, 0.395s wall-clock]
Computing fact groups...
Finding invariants...
37 initial candidates
Finding invariants: [0.020s CPU, 0.017s wall-clock]
Checking invariant weight... [0.000s CPU, 0.000s wall-clock]
Instantiating groups... [0.000s CPU, 0.000s wall-clock]
Collecting mutex groups... [0.000s CPU, 0.000s wall-clock]
Choosing groups...
234 uncovered facts
Choosing groups: [0.000s CPU, 0.000s wall-clock]
Building translation key... [0.000s CPU, 0.001s wall-clock]
Computing fact groups: [0.020s CPU, 0.020s wall-clock]
Building STRIPS to SAS dictionary... [0.000s CPU, 0.000s wall-clock]
Building dictionary for full mutex groups... [0.000s CPU, 0.000s wall-clock]
Building mutex information...
Building mutex information: [0.000s CPU, 0.000s wall-clock]
Translating task...
Processing axioms...
Simplifying axioms... [0.000s CPU, 0.000s wall-clock]
Processing axioms: [0.010s CPU, 0.009s wall-clock]
Translating task: [0.160s CPU, 0.153s wall-clock]
0 effect conditions simplified
0 implied preconditions added
Detecting unreachable propositions...
0 operators removed
0 axioms removed
124 propositions removed
Detecting unreachable propositions: [0.090s CPU, 0.084s wall-clock]
Reordering and filtering variables...
124 of 172 variables necessary.
0 of 0 mutex groups necessary.
1030 of 1066 operators necessary.
0 of 0 axiom rules necessary.
Reordering and filtering variables: [0.070s CPU, 0.071s wall-clock]
Translator variables: 124
Translator derived variables: 0
Translator facts: 248
Translator goal facts: 2
Translator mutex groups: 0
Translator total mutex groups size: 0
Translator operators: 1030
Translator axioms: 0
Translator task size: 24479
Translator peak memory: 158668 KB
Writing output... [0.040s CPU, 0.040s wall-clock]
Done! [0.770s CPU, 0.777s wall-clock]
translate exit code: 0

INFO     Running search (release).
INFO     search stdin: output.sas
INFO     search time limit: 1799.14s
INFO     search memory limit: 3584 MB
INFO     search command line string: /infai/weidan00/downward/experiments/bachelor/data/bachelor-v1/code-7aa5f34_e5e41175/builds/release/bin/downward --search 'eager_wastar([pinch()], w=2)' --internal-plan-file sas_plan < output.sas
[t=5.6544e-05s, 17204 KB] reading input...
[t=0.0214594s, 18064 KB] done reading input!
[t=0.0251407s, 19672 KB] Simplifying 6244 unary operators... done! [6081 unary operators]
[t=0.0278919s, 20112 KB] time to simplify: 0.00304262s
[t=0.0293783s, 20880 KB] Initializing pinch heuristic...
[t=0.0295198s, 20880 KB] Building successor generator...done!
[t=0.0308752s, 20880 KB] peak memory difference for successor generator creation: 0 KB
[t=0.0309235s, 20880 KB] time for successor generation creation: 0.0012149s
[t=0.0309766s, 20880 KB] Variables: 124
[t=0.0310169s, 20880 KB] FactPairs: 248
[t=0.0310561s, 20880 KB] Bytes per state: 16
[t=0.0311735s, 20880 KB] Conducting best first search with reopening closed nodes, (real) bound = 2147483647
[t=0.0331336s, 21096 KB] New best heuristic value for pinch: 1398
[t=0.0331914s, 21096 KB] g=0, 1 evaluated, 0 expanded
[t=0.0332447s, 21096 KB] Initial heuristic value for pinch: 1398
[t=0.0332861s, 21096 KB] pruning method: none
[t=0.0347518s, 21096 KB] New best heuristic value for pinch: 668
[t=0.034814s, 21096 KB] g=1, 2 evaluated, 1 expanded
[t=0.035903s, 21096 KB] New best heuristic value for pinch: 238
[t=0.0359592s, 21096 KB] g=2, 3 evaluated, 2 expanded
[t=0.044993s, 23344 KB] New best heuristic value for pinch: 84
[t=0.0450635s, 23344 KB] g=3, 7 evaluated, 3 expanded
[t=0.0460033s, 23608 KB] New best heuristic value for pinch: 21
[t=0.04606s, 23608 KB] g=4, 8 evaluated, 4 expanded
[t=0.0548444s, 24436 KB] New best heuristic value for pinch: 20
[t=0.0549069s, 24436 KB] g=5, 19 evaluated, 5 expanded
[t=0.0555299s, 24572 KB] New best heuristic value for pinch: 16
[t=0.0555968s, 24572 KB] g=5, 20 evaluated, 5 expanded
[t=0.0574642s, 24708 KB] New best heuristic value for pinch: 14
[t=0.0575265s, 24708 KB] g=5, 23 evaluated, 5 expanded
[t=0.0597677s, 24708 KB] New best heuristic value for pinch: 13
[t=0.0598291s, 24708 KB] g=6, 28 evaluated, 6 expanded
[t=0.0603868s, 24708 KB] New best heuristic value for pinch: 9
[t=0.0604495s, 24708 KB] g=6, 29 evaluated, 6 expanded
[t=0.0658564s, 24844 KB] New best heuristic value for pinch: 8
[t=0.0659194s, 24844 KB] g=7, 39 evaluated, 7 expanded
[t=0.0681431s, 24988 KB] New best heuristic value for pinch: 4
[t=0.0681989s, 24988 KB] g=7, 44 evaluated, 7 expanded
[t=0.0699464s, 24988 KB] New best heuristic value for pinch: 3
[t=0.0700018s, 24988 KB] g=8, 48 evaluated, 8 expanded
[t=0.0736041s, 24988 KB] New best heuristic value for pinch: 2
[t=0.0736609s, 24988 KB] g=9, 56 evaluated, 9 expanded
[t=0.0780369s, 24988 KB] New best heuristic value for pinch: 1
[t=0.0780932s, 24988 KB] g=10, 73 evaluated, 10 expanded
[t=0.0794597s, 24988 KB] New best heuristic value for pinch: 0
[t=0.0795125s, 24988 KB] g=11, 78 evaluated, 11 expanded
[t=0.0819832s, 24988 KB] Solution found!
[t=0.0820376s, 24988 KB] Actual search time: 0.0487512s
get_domain id_bvrat id_bhhost str__bl (1)
creds id_bvrat id_bhhost id_adomain (1)
get_computers id_bvrat id_adomain (1)
net_use id_bvrat id_bhhost id_bahost str__be id_ddomaincredential str__e id_cdomainuser str__james id_adomain str__alpha id_cdshare (1)
net_use id_bvrat id_bhhost id_bohost str__bs id_hdomaincredential str__i id_gdomainuser str__mary id_adomain str__alpha id_ceshare (1)
smb_copy id_bvrat id_bhhost str__bw id_cdshare id_bhhost id_bahost whatever id_bxfile (1)
smb_copy id_bvrat id_bhhost str__bw id_ceshare id_bhhost id_bohost whatever id_byfile (1)
get_admin id_bvrat id_bahost id_adomain (1)
wmic id_bvrat id_bhhost id_bahost id_bxfile somepath id_ddomaincredential id_cdomainuser id_adomain str__alpha str__e id_carat (1)
get_admin id_bvrat id_bohost id_adomain (1)
wmic id_carat id_bahost id_bohost id_byfile somepath id_hdomaincredential id_gdomainuser id_adomain str__alpha str__i id_cbrat (1)
[t=0.0820846s, 24988 KB] Plan length: 11 step(s).
[t=0.0820846s, 24988 KB] Plan cost: 11
[t=0.0820846s, 24988 KB] Expanded 12 state(s).
[t=0.0820846s, 24988 KB] Reopened 0 state(s).
[t=0.0820846s, 24988 KB] Evaluated 89 state(s).
[t=0.0820846s, 24988 KB] Evaluations: 89
[t=0.0820846s, 24988 KB] Generated 132 state(s).
[t=0.0820846s, 24988 KB] Dead ends: 3 state(s).
[t=0.0820846s, 24988 KB] Number of registered states: 89
[t=0.0820846s, 24988 KB] Int hash set load factor: 89/128 = 0.695312
[t=0.0820846s, 24988 KB] Int hash set resizes: 7
[t=0.0820846s, 24988 KB] mean number of q cost that have been adjusted 0 times in relation to total number of q: -1
[t=0.0820846s, 24988 KB] mean number of q cost that have been adjusted 1 times in relation to total number of q: -1
[t=0.0820846s, 24988 KB] mean number of q cost that have been adjusted 2 times in relation to total number of q: -1
[t=0.0820846s, 24988 KB] mean number of q that are at some point overconsitent in relation to total number of q: -1
[t=0.0820846s, 24988 KB] mean number of q that are at first underconsisten in relation to total number of q: -1
[t=0.0820846s, 24988 KB] mean number of state variables that are not in common between two following states in relation to total number of state variables: -1
[t=0.0820846s, 24988 KB] variance number of state variables that are not in common between two following states in relation to total number of state variables: -1
[t=0.0820846s, 24988 KB] Search time: 0.0509117s
[t=0.0820846s, 24988 KB] Total time: 0.0820846s
Solution found.
Peak memory: 24988 KB
Remove intermediate file output.sas
search exit code: 0

INFO     Running validate.
INFO     validate stdin: None
INFO     validate time limit: None
INFO     validate memory limit: None
INFO     validate command line string: validate domain.pddl problem.pddl sas_plan
