INFO     Running translator.
INFO     translator stdin: None
INFO     translator time limit: 1799.96s
INFO     translator memory limit: 3584 MB
INFO     translator command line string: /infai/weidan00/downward/experiments/bachelor/.venv/bin/python3 /infai/weidan00/downward/experiments/bachelor/data/bachelor-v1/code-7aa5f34_e5e41175/builds/release/bin/translate/translate.py domain.pddl problem.pddl --sas-file output.sas
Parsing...
Parsing: [0.000s CPU, 0.008s wall-clock]
Normalizing task... [0.000s CPU, 0.001s wall-clock]
Instantiating...
Generating Datalog program... [0.010s CPU, 0.001s wall-clock]
Normalizing Datalog program...
Normalizing Datalog program: [0.000s CPU, 0.005s wall-clock]
Preparing model... [0.010s CPU, 0.005s wall-clock]
Generated 212 rules.
Computing model... [0.020s CPU, 0.021s wall-clock]
1146 relevant atoms
1316 auxiliary atoms
2462 final queue length
3332 total queue pushes
Completing instantiation... [0.020s CPU, 0.022s wall-clock]
Instantiating: [0.060s CPU, 0.056s wall-clock]
Computing fact groups...
Finding invariants...
20 initial candidates
Finding invariants: [0.000s CPU, 0.005s wall-clock]
Checking invariant weight... [0.000s CPU, 0.001s wall-clock]
Instantiating groups... [0.000s CPU, 0.001s wall-clock]
Collecting mutex groups... [0.000s CPU, 0.000s wall-clock]
Choosing groups...
295 uncovered facts
Choosing groups: [0.000s CPU, 0.001s wall-clock]
Building translation key... [0.000s CPU, 0.002s wall-clock]
Computing fact groups: [0.010s CPU, 0.013s wall-clock]
Building STRIPS to SAS dictionary... [0.000s CPU, 0.000s wall-clock]
Building dictionary for full mutex groups... [0.000s CPU, 0.000s wall-clock]
Building mutex information...
Building mutex information: [0.000s CPU, 0.000s wall-clock]
Translating task...
Processing axioms...
Simplifying axioms... [0.000s CPU, 0.000s wall-clock]
Processing axioms: [0.000s CPU, 0.001s wall-clock]
Translating task: [0.030s CPU, 0.024s wall-clock]
321 effect conditions simplified
0 implied preconditions added
Detecting unreachable propositions...
0 operators removed
0 axioms removed
12 propositions removed
Detecting unreachable propositions: [0.010s CPU, 0.013s wall-clock]
Reordering and filtering variables...
104 of 304 variables necessary.
0 of 10 mutex groups necessary.
461 of 461 operators necessary.
0 of 0 axiom rules necessary.
Reordering and filtering variables: [0.010s CPU, 0.007s wall-clock]
Translator variables: 104
Translator derived variables: 0
Translator facts: 368
Translator goal facts: 60
Translator mutex groups: 0
Translator total mutex groups size: 0
Translator operators: 461
Translator axioms: 0
Translator task size: 3370
Translator peak memory: 145868 KB
Writing output... [0.000s CPU, 0.008s wall-clock]
Done! [0.120s CPU, 0.134s wall-clock]
translate exit code: 0

INFO     Running search (release).
INFO     search stdin: output.sas
INFO     search time limit: 1799.78s
INFO     search memory limit: 3584 MB
INFO     search command line string: /infai/weidan00/downward/experiments/bachelor/data/bachelor-v1/code-7aa5f34_e5e41175/builds/release/bin/downward --search 'eager_wastar([add()], w=2)' --internal-plan-file sas_plan < output.sas
[t=6.2125e-05s, 17204 KB] reading input...
[t=0.00417345s, 17368 KB] done reading input!
[t=0.00619727s, 17776 KB] Simplifying 878 unary operators... done! [396 unary operators]
[t=0.00668909s, 17776 KB] time to simplify: 0.000549771s
[t=0.00682849s, 17776 KB] Initializing additive heuristic...
[t=0.00695578s, 17776 KB] Building successor generator...done!
[t=0.00731548s, 17776 KB] peak memory difference for successor generator creation: 0 KB
[t=0.00735471s, 17776 KB] time for successor generation creation: 0.000232887s
[t=0.00740235s, 17776 KB] Variables: 104
[t=0.00744241s, 17776 KB] FactPairs: 368
[t=0.00748191s, 17776 KB] Bytes per state: 20
[t=0.00759929s, 17776 KB] Conducting best first search with reopening closed nodes, (real) bound = 2147483647
[t=0.0607455s, 117348 KB] New best heuristic value for add: 12085833
[t=0.0608268s, 117348 KB] g=0, 1 evaluated, 0 expanded
[t=0.0608866s, 117348 KB] Initial heuristic value for add: 12085833
[t=0.06093s, 117348 KB] pruning method: none
[t=0.104817s, 117348 KB] New best heuristic value for add: 12045845
[t=0.104902s, 117348 KB] g=8000, 13 evaluated, 2 expanded
[t=0.121598s, 117348 KB] New best heuristic value for add: 11981833
[t=0.12168s, 117348 KB] g=8000, 18 evaluated, 2 expanded
[t=0.171284s, 117348 KB] New best heuristic value for add: 11941845
[t=0.171365s, 117348 KB] g=16000, 32 evaluated, 3 expanded
[t=0.19975s, 117348 KB] New best heuristic value for add: 11941833
[t=0.199826s, 117348 KB] g=16000, 40 evaluated, 3 expanded
[t=0.235216s, 117348 KB] New best heuristic value for add: 11901845
[t=0.235299s, 117348 KB] g=24000, 50 evaluated, 4 expanded
[t=0.294742s, 117348 KB] New best heuristic value for add: 11877857
[t=0.294822s, 117348 KB] g=32000, 67 evaluated, 5 expanded
[t=0.359415s, 117348 KB] New best heuristic value for add: 11855857
[t=0.359501s, 117348 KB] g=34000, 86 evaluated, 6 expanded
[t=0.417083s, 117348 KB] New best heuristic value for add: 11847869
[t=0.417176s, 117348 KB] g=42000, 103 evaluated, 7 expanded
[t=0.43745s, 117348 KB] New best heuristic value for add: 11835857
[t=0.437529s, 117348 KB] g=36000, 109 evaluated, 7 expanded
[t=0.479404s, 117348 KB] New best heuristic value for add: 11827869
[t=0.4795s, 117348 KB] g=44000, 122 evaluated, 8 expanded
[t=0.498782s, 117348 KB] New best heuristic value for add: 11823857
[t=0.498858s, 117348 KB] g=38000, 128 evaluated, 8 expanded
[t=0.541057s, 117348 KB] New best heuristic value for add: 11145779
[t=0.541138s, 117348 KB] g=151013, 141 evaluated, 9 expanded
[t=0.603481s, 117348 KB] New best heuristic value for add: 11137791
[t=0.603565s, 117348 KB] g=159013, 161 evaluated, 10 expanded
[t=0.622111s, 117348 KB] New best heuristic value for add: 11135779
[t=0.622193s, 117348 KB] g=153013, 167 evaluated, 10 expanded
[t=0.628251s, 117348 KB] New best heuristic value for add: 11125779
[t=0.628332s, 117348 KB] g=155013, 169 evaluated, 11 expanded
[t=0.683654s, 117348 KB] New best heuristic value for add: 11035784
[t=0.683739s, 117348 KB] g=173012, 187 evaluated, 12 expanded
[t=0.740829s, 117348 KB] New best heuristic value for add: 11020789
[t=0.740917s, 117348 KB] g=176011, 206 evaluated, 13 expanded
[t=0.794839s, 117348 KB] New best heuristic value for add: 10970794
[t=0.794928s, 117348 KB] g=186010, 224 evaluated, 14 expanded
[t=0.848857s, 117348 KB] New best heuristic value for add: 10955799
[t=0.848976s, 117348 KB] g=189009, 242 evaluated, 15 expanded
[t=0.930741s, 117348 KB] New best heuristic value for add: 10947811
[t=0.930816s, 117348 KB] g=197009, 271 evaluated, 16 expanded
[t=0.992823s, 117348 KB] New best heuristic value for add: 10929811
[t=0.992894s, 117348 KB] g=199009, 293 evaluated, 17 expanded
[t=1.04883s, 117348 KB] New best heuristic value for add: 10925811
[t=1.04892s, 117348 KB] g=201009, 312 evaluated, 18 expanded
[t=1.08514s, 117348 KB] New best heuristic value for add: 10699785
[t=1.08521s, 117348 KB] g=314022, 325 evaluated, 19 expanded
[t=1.15378s, 117348 KB] New best heuristic value for add: 10697785
[t=1.15387s, 117348 KB] g=316022, 351 evaluated, 20 expanded
[t=1.15933s, 117348 KB] New best heuristic value for add: 10695785
[t=1.15942s, 117348 KB] g=318022, 353 evaluated, 21 expanded
[t=1.20327s, 117348 KB] New best heuristic value for add: 10677786
[t=1.20334s, 117348 KB] g=336021, 370 evaluated, 22 expanded
[t=1.25637s, 117348 KB] New best heuristic value for add: 10674787
[t=1.25646s, 117348 KB] g=339020, 390 evaluated, 23 expanded
[t=1.30141s, 117348 KB] New best heuristic value for add: 10664788
[t=1.3015s, 117348 KB] g=349019, 407 evaluated, 24 expanded
[t=1.3476s, 117348 KB] New best heuristic value for add: 10661789
[t=1.34769s, 117348 KB] g=352018, 425 evaluated, 25 expanded
[t=1.47339s, 117348 KB] New best heuristic value for add: 10653801
[t=1.47348s, 117348 KB] g=362018, 477 evaluated, 27 expanded
[t=19.7307s, 117348 KB] New best heuristic value for add: 10092742
[t=19.7308s, 117348 KB] g=605057, 7870 evaluated, 533 expanded
[t=19.7849s, 117348 KB] New best heuristic value for add: 10076742
[t=19.785s, 117348 KB] g=613057, 7891 evaluated, 534 expanded
[t=19.8103s, 117348 KB] New best heuristic value for add: 10056744
[t=19.8104s, 117348 KB] g=623056, 7903 evaluated, 535 expanded
[t=22.2234s, 117348 KB] New best heuristic value for add: 9344675
[t=22.2236s, 117348 KB] g=866095, 9080 evaluated, 617 expanded
[t=22.2648s, 117348 KB] New best heuristic value for add: 9320675
[t=22.2649s, 117348 KB] g=874095, 9099 evaluated, 618 expanded
[t=22.2841s, 117348 KB] New best heuristic value for add: 9290678
[t=22.2842s, 117348 KB] g=884094, 9110 evaluated, 619 expanded
[t=22.983s, 117348 KB] New best heuristic value for add: 8427599
[t=22.9832s, 117348 KB] g=1127133, 9514 evaluated, 647 expanded
[t=23.0141s, 117348 KB] New best heuristic value for add: 8395599
[t=23.0142s, 117348 KB] g=1135133, 9531 evaluated, 648 expanded
[t=23.0282s, 117348 KB] New best heuristic value for add: 8355603
[t=23.0283s, 117348 KB] g=1145132, 9541 evaluated, 649 expanded
[t=23.2382s, 117348 KB] New best heuristic value for add: 7190504
[t=23.2384s, 117348 KB] g=1388171, 9688 evaluated, 659 expanded
[t=23.2586s, 117348 KB] New best heuristic value for add: 7142504
[t=23.2587s, 117348 KB] g=1396171, 9703 evaluated, 660 expanded
[t=23.2678s, 117348 KB] New best heuristic value for add: 7082510
[t=23.2679s, 117348 KB] g=1406170, 9712 evaluated, 661 expanded
[t=117.88s, 117348 KB] New best heuristic value for add: 5774389
[t=117.88s, 117348 KB] g=1639209, 60045 evaluated, 4683 expanded
[t=117.895s, 117348 KB] New best heuristic value for add: 5718389
[t=117.895s, 117348 KB] g=1647209, 60059 evaluated, 4684 expanded
[t=117.902s, 117348 KB] New best heuristic value for add: 5648396
[t=117.902s, 117348 KB] g=1657208, 60066 evaluated, 4685 expanded
Peak memory: 131680 KB
caught signal 24 -- exiting
Time limit has been reached.
Remove intermediate file output.sas
search exit code: 23

Driver aborting after search
