INFO     Running translator.
INFO     translator stdin: None
INFO     translator time limit: 1799.95s
INFO     translator memory limit: 3584 MB
INFO     translator command line string: /infai/weidan00/downward/experiments/bachelor/.venv/bin/python3 /infai/weidan00/downward/experiments/bachelor/data/bachelor-v1/code-7aa5f34_e5e41175/builds/release/bin/translate/translate.py domain.pddl problem.pddl --sas-file output.sas
Parsing...
Parsing: [0.000s CPU, 0.004s wall-clock]
Normalizing task... [0.010s CPU, 0.000s wall-clock]
Instantiating...
Generating Datalog program... [0.000s CPU, 0.001s wall-clock]
Normalizing Datalog program...
Normalizing Datalog program: [0.000s CPU, 0.003s wall-clock]
Preparing model... [0.000s CPU, 0.003s wall-clock]
Generated 42 rules.
Computing model... [0.650s CPU, 0.657s wall-clock]
47794 relevant atoms
13610 auxiliary atoms
61404 final queue length
151628 total queue pushes
Completing instantiation... [2.930s CPU, 2.932s wall-clock]
Instantiating: [3.590s CPU, 3.612s wall-clock]
Computing fact groups...
Finding invariants...
12 initial candidates
Finding invariants: [0.040s CPU, 0.041s wall-clock]
Checking invariant weight... [0.010s CPU, 0.001s wall-clock]
Instantiating groups... [0.010s CPU, 0.016s wall-clock]
Collecting mutex groups... [0.000s CPU, 0.002s wall-clock]
Choosing groups...
2 uncovered facts
Choosing groups: [0.000s CPU, 0.004s wall-clock]
Building translation key... [0.000s CPU, 0.002s wall-clock]
Computing fact groups: [0.080s CPU, 0.077s wall-clock]
Building STRIPS to SAS dictionary... [0.000s CPU, 0.002s wall-clock]
Building dictionary for full mutex groups... [0.000s CPU, 0.001s wall-clock]
Building mutex information...
Building mutex information: [0.000s CPU, 0.001s wall-clock]
Translating task...
Processing axioms...
Simplifying axioms... [0.000s CPU, 0.000s wall-clock]
Processing axioms: [0.100s CPU, 0.098s wall-clock]
Translating task: [2.280s CPU, 2.279s wall-clock]
0 effect conditions simplified
0 implied preconditions added
Detecting unreachable propositions...
0 operators removed
0 axioms removed
85 propositions removed
Detecting unreachable propositions: [1.280s CPU, 1.298s wall-clock]
Reordering and filtering variables...
81 of 81 variables necessary.
0 of 81 mutex groups necessary.
45872 of 45872 operators necessary.
0 of 0 axiom rules necessary.
Reordering and filtering variables: [0.300s CPU, 0.293s wall-clock]
Translator variables: 81
Translator derived variables: 0
Translator facts: 1601
Translator goal facts: 2
Translator mutex groups: 0
Translator total mutex groups size: 0
Translator operators: 45872
Translator axioms: 0
Translator task size: 275396
Translator peak memory: 358844 KB
Writing output... [0.450s CPU, 0.504s wall-clock]
Done! [8.130s CPU, 8.216s wall-clock]
translate exit code: 0

INFO     Running search (release).
INFO     search stdin: output.sas
INFO     search time limit: 1791.7s
INFO     search memory limit: 3584 MB
INFO     search command line string: /infai/weidan00/downward/experiments/bachelor/data/bachelor-v1/code-7aa5f34_e5e41175/builds/release/bin/downward --search 'eager_wastar([pinch_tracking()], w=2)' --internal-plan-file sas_plan < output.sas
[t=6.6202e-05s, 17204 KB] reading input...
[t=0.295684s, 31020 KB] done reading input!
[t=0.313112s, 37736 KB] Simplifying 91744 unary operators... done! [90944 unary operators]
[t=0.500105s, 45880 KB] time to simplify: 0.187102s
[t=0.505814s, 45880 KB] Initializing pinch tracking heuristic...
[t=0.50603s, 45880 KB] Building successor generator...done!
[t=0.535241s, 45880 KB] peak memory difference for successor generator creation: 0 KB
[t=0.53529s, 45880 KB] time for successor generation creation: 0.0290225s
[t=0.535745s, 45880 KB] Variables: 81
[t=0.535816s, 45880 KB] FactPairs: 1601
[t=0.535856s, 45880 KB] Bytes per state: 40
[t=0.536012s, 45880 KB] Conducting best first search with reopening closed nodes, (real) bound = 2147483647
[t=0.549232s, 45880 KB] New best heuristic value for pinch_tracking: 14
[t=0.549341s, 45880 KB] g=0, 1 evaluated, 0 expanded
[t=0.549407s, 45880 KB] Initial heuristic value for pinch_tracking: 14
[t=0.54945s, 45880 KB] pruning method: none
[t=20.1071s, 46160 KB] New best heuristic value for pinch_tracking: 13
[t=20.1072s, 46160 KB] g=3, 13644 evaluated, 869 expanded
[t=20.1115s, 46160 KB] New best heuristic value for pinch_tracking: 12
[t=20.1116s, 46160 KB] g=4, 13648 evaluated, 870 expanded
[t=20.2282s, 46160 KB] New best heuristic value for pinch_tracking: 10
[t=20.2283s, 46160 KB] g=5, 13732 evaluated, 872 expanded
[t=20.2946s, 46160 KB] New best heuristic value for pinch_tracking: 8
[t=20.2947s, 46160 KB] g=6, 13777 evaluated, 873 expanded
[t=20.3889s, 46160 KB] New best heuristic value for pinch_tracking: 6
[t=20.389s, 46160 KB] g=7, 13848 evaluated, 874 expanded
[t=20.445s, 46160 KB] New best heuristic value for pinch_tracking: 4
[t=20.4451s, 46160 KB] g=8, 13891 evaluated, 875 expanded
[t=20.493s, 46160 KB] New best heuristic value for pinch_tracking: 2
[t=20.4931s, 46160 KB] g=9, 13923 evaluated, 876 expanded
[t=20.5648s, 46160 KB] New best heuristic value for pinch_tracking: 1
[t=20.5649s, 46160 KB] g=10, 13975 evaluated, 877 expanded
[t=20.6223s, 46160 KB] New best heuristic value for pinch_tracking: 0
[t=20.6224s, 46160 KB] g=11, 14020 evaluated, 878 expanded
[t=20.6249s, 46160 KB] Solution found!
[t=20.625s, 46160 KB] Actual search time: 20.0756s
feast rest scallop lettuce quebec bavaria (1)
feast rest lettuce pistachio arizona pennsylvania (1)
overcome anxiety-25 rest pistachio vulcan jupiter (1)
overcome prostatitis-23 rest pistachio mars vulcan (1)
feast rest pistachio lettuce alsace arizona (1)
feast rest lettuce scallop alsace arizona (1)
feast rest scallop scallion surrey quebec (1)
feast rest scallion shrimp pennsylvania surrey (1)
feast rest shrimp potato pennsylvania surrey (1)
succumb anxiety-25 rest potato mars vulcan (1)
succumb prostatitis-23 rest potato vulcan jupiter (1)
[t=20.6251s, 46160 KB] Plan length: 11 step(s).
[t=20.6251s, 46160 KB] Plan cost: 11
[t=20.6251s, 46160 KB] Expanded 879 state(s).
[t=20.6251s, 46160 KB] Reopened 0 state(s).
[t=20.6251s, 46160 KB] Evaluated 14022 state(s).
[t=20.6251s, 46160 KB] Evaluations: 14022
[t=20.6251s, 46160 KB] Generated 34663 state(s).
[t=20.6251s, 46160 KB] Dead ends: 4 state(s).
[t=20.6251s, 46160 KB] Number of registered states: 14022
[t=20.6251s, 46160 KB] Int hash set load factor: 14022/16384 = 0.855835
[t=20.6251s, 46160 KB] Int hash set resizes: 14
[t=20.6251s, 46160 KB] mean number of q cost that have been adjusted 0 times in relation to total number of q: -1
[t=20.6251s, 46160 KB] mean number of q cost that have been adjusted 1 times in relation to total number of q: -1
[t=20.6251s, 46160 KB] mean number of q cost that have been adjusted 2 times in relation to total number of q: -1
[t=20.6251s, 46160 KB] mean number of q that are at some point overconsitent in relation to total number of q: -1
[t=20.6251s, 46160 KB] mean number of q that are at first underconsisten in relation to total number of q: -1
[t=20.6251s, 46160 KB] mean number of state variables that are not in common between two following states in relation to total number of state variables: -1
[t=20.6251s, 46160 KB] variance number of state variables that are not in common between two following states in relation to total number of state variables: -1
[t=20.6251s, 46160 KB] Search time: 20.0891s
[t=20.6251s, 46160 KB] Total time: 20.6251s
Solution found.
Peak memory: 46160 KB
Remove intermediate file output.sas
search exit code: 0

INFO     Running validate.
INFO     validate stdin: None
INFO     validate time limit: None
INFO     validate memory limit: None
INFO     validate command line string: validate domain.pddl problem.pddl sas_plan
