INFO     Running translator.
INFO     translator stdin: None
INFO     translator time limit: 1799.96s
INFO     translator memory limit: 3584 MB
INFO     translator command line string: /infai/weidan00/downward/experiments/bachelor/.venv/bin/python3 /infai/weidan00/downward/experiments/bachelor/data/bachelor-v1/code-7aa5f34_e5e41175/builds/release/bin/translate/translate.py domain.pddl problem.pddl --sas-file output.sas
Parsing...
Parsing: [0.000s CPU, 0.005s wall-clock]
Normalizing task... [0.000s CPU, 0.000s wall-clock]
Instantiating...
Generating Datalog program... [0.000s CPU, 0.001s wall-clock]
Normalizing Datalog program...
Normalizing Datalog program: [0.010s CPU, 0.003s wall-clock]
Preparing model... [0.000s CPU, 0.005s wall-clock]
Generated 45 rules.
Computing model... [0.930s CPU, 0.932s wall-clock]
32641 relevant atoms
61135 auxiliary atoms
93776 final queue length
153864 total queue pushes
Completing instantiation... [1.640s CPU, 1.649s wall-clock]
Instantiating: [2.610s CPU, 2.617s wall-clock]
Computing fact groups...
Finding invariants...
18 initial candidates
Finding invariants: [0.040s CPU, 0.040s wall-clock]
Checking invariant weight... [0.000s CPU, 0.002s wall-clock]
Instantiating groups... [0.020s CPU, 0.020s wall-clock]
Collecting mutex groups... [0.000s CPU, 0.001s wall-clock]
Choosing groups...
126 uncovered facts
Choosing groups: [0.010s CPU, 0.004s wall-clock]
Building translation key... [0.000s CPU, 0.003s wall-clock]
Computing fact groups: [0.070s CPU, 0.078s wall-clock]
Building STRIPS to SAS dictionary... [0.010s CPU, 0.002s wall-clock]
Building dictionary for full mutex groups... [0.000s CPU, 0.001s wall-clock]
Building mutex information...
Building mutex information: [0.000s CPU, 0.001s wall-clock]
Translating task...
Processing axioms...
Simplifying axioms... [0.000s CPU, 0.000s wall-clock]
Processing axioms: [0.060s CPU, 0.062s wall-clock]
Translating task: [1.360s CPU, 1.361s wall-clock]
0 effect conditions simplified
0 implied preconditions added
Detecting unreachable propositions...
0 operators removed
0 axioms removed
507 propositions removed
Detecting unreachable propositions: [0.820s CPU, 0.826s wall-clock]
Reordering and filtering variables...
255 of 255 variables necessary.
0 of 255 mutex groups necessary.
30772 of 30772 operators necessary.
0 of 0 axiom rules necessary.
Reordering and filtering variables: [0.190s CPU, 0.184s wall-clock]
Translator variables: 255
Translator derived variables: 0
Translator facts: 1557
Translator goal facts: 17
Translator mutex groups: 0
Translator total mutex groups size: 0
Translator operators: 30772
Translator axioms: 0
Translator task size: 185999
Translator peak memory: 291112 KB
Writing output... [0.280s CPU, 0.336s wall-clock]
Done! [5.420s CPU, 5.489s wall-clock]
translate exit code: 0

INFO     Running search (release).
INFO     search stdin: output.sas
INFO     search time limit: 1794.46s
INFO     search memory limit: 3584 MB
INFO     search command line string: /infai/weidan00/downward/experiments/bachelor/data/bachelor-v1/code-7aa5f34_e5e41175/builds/release/bin/downward --search 'eager_wastar([pinch_tracking()], w=2)' --internal-plan-file sas_plan < output.sas
[t=6.6503e-05s, 17204 KB] reading input...
[t=0.201372s, 26568 KB] done reading input!
[t=0.213338s, 30308 KB] Simplifying 61390 unary operators... done! [61390 unary operators]
[t=0.298993s, 36088 KB] time to simplify: 0.0905651s
[t=0.308111s, 36088 KB] Initializing pinch tracking heuristic...
[t=0.308335s, 36088 KB] Building successor generator...done!
[t=0.323392s, 36088 KB] peak memory difference for successor generator creation: 0 KB
[t=0.323446s, 36088 KB] time for successor generation creation: 0.0146183s
[t=0.323759s, 36088 KB] Variables: 255
[t=0.323811s, 36088 KB] FactPairs: 1557
[t=0.323853s, 36088 KB] Bytes per state: 88
[t=0.324007s, 36088 KB] Conducting best first search with reopening closed nodes, (real) bound = 2147483647
[t=0.331231s, 36088 KB] New best heuristic value for pinch_tracking: 240
[t=0.331316s, 36088 KB] g=0, 1 evaluated, 0 expanded
[t=0.331378s, 36088 KB] Initial heuristic value for pinch_tracking: 240
[t=0.33142s, 36088 KB] pruning method: none
[t=0.333436s, 36088 KB] New best heuristic value for pinch_tracking: 224
[t=0.333505s, 36088 KB] g=1, 2 evaluated, 1 expanded
[t=0.339317s, 36088 KB] New best heuristic value for pinch_tracking: 192
[t=0.339402s, 36088 KB] g=1, 3 evaluated, 1 expanded
[t=0.370912s, 36088 KB] New best heuristic value for pinch_tracking: 190
[t=0.371012s, 36088 KB] g=2, 12 evaluated, 2 expanded
[t=0.371835s, 36088 KB] New best heuristic value for pinch_tracking: 187
[t=0.371892s, 36088 KB] g=2, 14 evaluated, 2 expanded
[t=0.373651s, 36088 KB] New best heuristic value for pinch_tracking: 186
[t=0.373707s, 36088 KB] g=2, 18 evaluated, 2 expanded
[t=0.408551s, 36088 KB] New best heuristic value for pinch_tracking: 184
[t=0.408657s, 36088 KB] g=3, 38 evaluated, 3 expanded
[t=0.409478s, 36088 KB] New best heuristic value for pinch_tracking: 181
[t=0.409533s, 36088 KB] g=3, 40 evaluated, 3 expanded
[t=0.411435s, 36088 KB] New best heuristic value for pinch_tracking: 180
[t=0.411493s, 36088 KB] g=3, 45 evaluated, 3 expanded
[t=0.446873s, 36088 KB] New best heuristic value for pinch_tracking: 178
[t=0.446956s, 36088 KB] g=4, 65 evaluated, 4 expanded
[t=0.447794s, 36088 KB] New best heuristic value for pinch_tracking: 175
[t=0.447851s, 36088 KB] g=4, 67 evaluated, 4 expanded
[t=0.48419s, 36088 KB] New best heuristic value for pinch_tracking: 173
[t=0.484285s, 36088 KB] g=5, 91 evaluated, 5 expanded
[t=0.485222s, 36088 KB] New best heuristic value for pinch_tracking: 170
[t=0.485282s, 36088 KB] g=5, 93 evaluated, 5 expanded
[t=0.521086s, 36088 KB] New best heuristic value for pinch_tracking: 168
[t=0.521183s, 36088 KB] g=6, 117 evaluated, 6 expanded
[t=0.522778s, 36088 KB] New best heuristic value for pinch_tracking: 166
[t=0.522847s, 36088 KB] g=6, 121 evaluated, 6 expanded
[t=0.526517s, 36088 KB] New best heuristic value for pinch_tracking: 165
[t=0.526589s, 36088 KB] g=6, 129 evaluated, 6 expanded
[t=0.557768s, 36088 KB] New best heuristic value for pinch_tracking: 163
[t=0.557863s, 36088 KB] g=7, 142 evaluated, 7 expanded
[t=0.559454s, 36088 KB] New best heuristic value for pinch_tracking: 161
[t=0.559521s, 36088 KB] g=7, 146 evaluated, 7 expanded
[t=0.563344s, 36088 KB] New best heuristic value for pinch_tracking: 160
[t=0.56341s, 36088 KB] g=7, 155 evaluated, 7 expanded
[t=0.594624s, 36088 KB] New best heuristic value for pinch_tracking: 158
[t=0.594704s, 36088 KB] g=8, 168 evaluated, 8 expanded
[t=0.596302s, 36088 KB] New best heuristic value for pinch_tracking: 156
[t=0.596367s, 36088 KB] g=8, 172 evaluated, 8 expanded
[t=0.631418s, 36088 KB] New best heuristic value for pinch_tracking: 154
[t=0.631514s, 36088 KB] g=9, 193 evaluated, 9 expanded
[t=0.633315s, 36088 KB] New best heuristic value for pinch_tracking: 152
[t=0.633381s, 36088 KB] g=9, 198 evaluated, 9 expanded
[t=0.668399s, 36088 KB] New best heuristic value for pinch_tracking: 150
[t=0.668495s, 36088 KB] g=10, 219 evaluated, 10 expanded
[t=0.672105s, 36088 KB] New best heuristic value for pinch_tracking: 149
[t=0.672177s, 36088 KB] g=10, 228 evaluated, 10 expanded
[t=0.674462s, 36088 KB] New best heuristic value for pinch_tracking: 148
[t=0.674531s, 36088 KB] g=10, 233 evaluated, 10 expanded
[t=0.704927s, 36088 KB] New best heuristic value for pinch_tracking: 146
[t=0.705025s, 36088 KB] g=11, 244 evaluated, 11 expanded
[t=0.708653s, 36088 KB] New best heuristic value for pinch_tracking: 145
[t=0.70874s, 36088 KB] g=11, 253 evaluated, 11 expanded
[t=0.711328s, 36088 KB] New best heuristic value for pinch_tracking: 144
[t=0.711402s, 36088 KB] g=11, 259 evaluated, 11 expanded
[t=0.742397s, 36088 KB] New best heuristic value for pinch_tracking: 142
[t=0.74248s, 36088 KB] g=12, 270 evaluated, 12 expanded
[t=0.746085s, 36088 KB] New best heuristic value for pinch_tracking: 141
[t=0.746163s, 36088 KB] g=12, 279 evaluated, 12 expanded
[t=0.748852s, 36088 KB] New best heuristic value for pinch_tracking: 140
[t=0.748915s, 36088 KB] g=12, 285 evaluated, 12 expanded
[t=0.769263s, 36088 KB] New best heuristic value for pinch_tracking: 136
[t=0.769359s, 36088 KB] g=13, 292 evaluated, 13 expanded
[t=0.800439s, 36088 KB] New best heuristic value for pinch_tracking: 130
[t=0.800523s, 36088 KB] g=14, 317 evaluated, 14 expanded
[t=0.825572s, 36088 KB] New best heuristic value for pinch_tracking: 128
[t=0.825659s, 36088 KB] g=15, 329 evaluated, 15 expanded
[t=0.8484s, 36088 KB] New best heuristic value for pinch_tracking: 126
[t=0.848486s, 36088 KB] g=16, 347 evaluated, 16 expanded
[t=0.878108s, 36088 KB] New best heuristic value for pinch_tracking: 124
[t=0.878198s, 36088 KB] g=17, 366 evaluated, 17 expanded
[t=0.906901s, 36088 KB] New best heuristic value for pinch_tracking: 122
[t=0.90699s, 36088 KB] g=18, 384 evaluated, 18 expanded
[t=0.928574s, 36088 KB] New best heuristic value for pinch_tracking: 120
[t=0.928654s, 36088 KB] g=19, 399 evaluated, 19 expanded
[t=0.966691s, 36088 KB] New best heuristic value for pinch_tracking: 118
[t=0.96677s, 36088 KB] g=20, 424 evaluated, 20 expanded
[t=0.992081s, 36088 KB] New best heuristic value for pinch_tracking: 116
[t=0.992161s, 36088 KB] g=21, 439 evaluated, 21 expanded
[t=1.01986s, 36088 KB] New best heuristic value for pinch_tracking: 114
[t=1.01994s, 36088 KB] g=22, 456 evaluated, 22 expanded
[t=1.04179s, 36088 KB] New best heuristic value for pinch_tracking: 112
[t=1.04187s, 36088 KB] g=23, 470 evaluated, 23 expanded
[t=1.07293s, 36088 KB] New best heuristic value for pinch_tracking: 110
[t=1.07301s, 36088 KB] g=24, 487 evaluated, 24 expanded
[t=1.09766s, 36088 KB] New best heuristic value for pinch_tracking: 108
[t=1.09774s, 36088 KB] g=25, 504 evaluated, 25 expanded
[t=1.12568s, 36088 KB] New best heuristic value for pinch_tracking: 106
[t=1.12577s, 36088 KB] g=26, 524 evaluated, 26 expanded
[t=1.147s, 36088 KB] New best heuristic value for pinch_tracking: 104
[t=1.14709s, 36088 KB] g=27, 540 evaluated, 27 expanded
[t=1.27509s, 36088 KB] New best heuristic value for pinch_tracking: 102
[t=1.27518s, 36088 KB] g=30, 630 evaluated, 32 expanded
[t=1.27619s, 36088 KB] New best heuristic value for pinch_tracking: 101
[t=1.27625s, 36088 KB] g=30, 632 evaluated, 32 expanded
[t=1.30451s, 36088 KB] New best heuristic value for pinch_tracking: 99
[t=1.30458s, 36088 KB] g=31, 657 evaluated, 33 expanded
[t=1.30577s, 36088 KB] New best heuristic value for pinch_tracking: 98
[t=1.30583s, 36088 KB] g=31, 660 evaluated, 33 expanded
[t=1.33125s, 36088 KB] New best heuristic value for pinch_tracking: 95
[t=1.33135s, 36088 KB] g=32, 681 evaluated, 34 expanded
[t=1.3624s, 36088 KB] New best heuristic value for pinch_tracking: 92
[t=1.36249s, 36088 KB] g=33, 706 evaluated, 35 expanded
[t=1.47138s, 36088 KB] New best heuristic value for pinch_tracking: 90
[t=1.47148s, 36088 KB] g=36, 783 evaluated, 39 expanded
[t=1.50191s, 36088 KB] New best heuristic value for pinch_tracking: 88
[t=1.502s, 36088 KB] g=37, 811 evaluated, 40 expanded
[t=1.52967s, 36088 KB] New best heuristic value for pinch_tracking: 86
[t=1.52976s, 36088 KB] g=38, 835 evaluated, 41 expanded
[t=1.56048s, 36088 KB] New best heuristic value for pinch_tracking: 84
[t=1.56058s, 36088 KB] g=39, 860 evaluated, 42 expanded
[t=1.6514s, 36088 KB] New best heuristic value for pinch_tracking: 83
[t=1.65146s, 36088 KB] g=42, 924 evaluated, 45 expanded
[t=1.65234s, 36088 KB] New best heuristic value for pinch_tracking: 82
[t=1.6524s, 36088 KB] g=42, 926 evaluated, 45 expanded
[t=1.68274s, 36088 KB] New best heuristic value for pinch_tracking: 81
[t=1.68284s, 36088 KB] g=43, 952 evaluated, 46 expanded
[t=1.68393s, 36088 KB] New best heuristic value for pinch_tracking: 80
[t=1.68399s, 36088 KB] g=43, 955 evaluated, 46 expanded
[t=1.71184s, 36088 KB] New best heuristic value for pinch_tracking: 78
[t=1.71193s, 36088 KB] g=44, 977 evaluated, 47 expanded
[t=1.74327s, 36088 KB] New best heuristic value for pinch_tracking: 76
[t=1.74336s, 36088 KB] g=45, 1003 evaluated, 48 expanded
[t=2.01198s, 36088 KB] New best heuristic value for pinch_tracking: 74
[t=2.01207s, 36088 KB] g=46, 1162 evaluated, 56 expanded
[t=2.03398s, 36088 KB] New best heuristic value for pinch_tracking: 68
[t=2.03407s, 36088 KB] g=47, 1180 evaluated, 57 expanded
[t=2.73361s, 36088 KB] New best heuristic value for pinch_tracking: 67
[t=2.7337s, 36088 KB] g=52, 1625 evaluated, 83 expanded
[t=2.78263s, 36088 KB] New best heuristic value for pinch_tracking: 66
[t=2.78272s, 36088 KB] g=53, 1652 evaluated, 84 expanded
[t=9.62449s, 36328 KB] New best heuristic value for pinch_tracking: 65
[t=9.62459s, 36328 KB] g=56, 6290 evaluated, 334 expanded
[t=9.88649s, 36328 KB] New best heuristic value for pinch_tracking: 63
[t=9.88658s, 36328 KB] g=56, 6455 evaluated, 342 expanded
[t=9.91111s, 36328 KB] New best heuristic value for pinch_tracking: 62
[t=9.9112s, 36328 KB] g=57, 6477 evaluated, 343 expanded
[t=9.95245s, 36328 KB] New best heuristic value for pinch_tracking: 61
[t=9.95254s, 36328 KB] g=58, 6498 evaluated, 344 expanded
[t=10.0962s, 36328 KB] New best heuristic value for pinch_tracking: 60
[t=10.0963s, 36328 KB] g=61, 6584 evaluated, 348 expanded
[t=10.1267s, 36328 KB] New best heuristic value for pinch_tracking: 59
[t=10.1268s, 36328 KB] g=62, 6613 evaluated, 349 expanded
[t=10.1546s, 36328 KB] New best heuristic value for pinch_tracking: 58
[t=10.1547s, 36328 KB] g=63, 6635 evaluated, 350 expanded
[t=10.1886s, 36328 KB] New best heuristic value for pinch_tracking: 57
[t=10.1887s, 36328 KB] g=64, 6661 evaluated, 351 expanded
[t=10.2137s, 36328 KB] New best heuristic value for pinch_tracking: 56
[t=10.2138s, 36328 KB] g=65, 6683 evaluated, 352 expanded
[t=11.0304s, 36328 KB] New best heuristic value for pinch_tracking: 53
[t=11.0305s, 36328 KB] g=69, 7196 evaluated, 377 expanded
[t=11.066s, 36328 KB] New best heuristic value for pinch_tracking: 52
[t=11.066s, 36328 KB] g=70, 7225 evaluated, 378 expanded
[t=11.0707s, 36328 KB] New best heuristic value for pinch_tracking: 51
[t=11.0708s, 36328 KB] g=70, 7237 evaluated, 378 expanded
[t=11.1101s, 36328 KB] New best heuristic value for pinch_tracking: 50
[t=11.1102s, 36328 KB] g=71, 7263 evaluated, 379 expanded
[t=11.115s, 36328 KB] New best heuristic value for pinch_tracking: 49
[t=11.1151s, 36328 KB] g=71, 7275 evaluated, 379 expanded
[t=11.1474s, 36328 KB] New best heuristic value for pinch_tracking: 48
[t=11.1475s, 36328 KB] g=72, 7297 evaluated, 380 expanded
[t=11.2341s, 36656 KB] New best heuristic value for pinch_tracking: 46
[t=11.2342s, 36656 KB] g=73, 7353 evaluated, 382 expanded
[t=11.3189s, 36656 KB] New best heuristic value for pinch_tracking: 44
[t=11.3191s, 36656 KB] g=74, 7409 evaluated, 384 expanded
[t=11.3702s, 36656 KB] New best heuristic value for pinch_tracking: 43
[t=11.3704s, 36656 KB] g=75, 7445 evaluated, 385 expanded
[t=12.8361s, 36848 KB] New best heuristic value for pinch_tracking: 42
[t=12.8363s, 36848 KB] g=79, 8306 evaluated, 421 expanded
[t=19.1085s, 37336 KB] New best heuristic value for pinch_tracking: 41
[t=19.1086s, 37336 KB] g=81, 12162 evaluated, 625 expanded, 22 reopened
[t=30.7165s, 38632 KB] New best heuristic value for pinch_tracking: 40
[t=30.7166s, 38632 KB] g=86, 19032 evaluated, 916 expanded, 22 reopened
[t=30.7626s, 38632 KB] New best heuristic value for pinch_tracking: 39
[t=30.7627s, 38632 KB] g=87, 19053 evaluated, 917 expanded, 22 reopened
[t=67.1154s, 41988 KB] New best heuristic value for pinch_tracking: 38
[t=67.1156s, 41988 KB] g=89, 40890 evaluated, 1896 expanded, 22 reopened
[t=412.049s, 82808 KB] New best heuristic value for pinch_tracking: 37
[t=412.05s, 82808 KB] g=91, 269062 evaluated, 11717 expanded, 76 reopened
Peak memory: 238112 KB
caught signal 24 -- exiting
Time limit has been reached.
Remove intermediate file output.sas
search exit code: 23

Driver aborting after search
