INFO     Running translator.
INFO     translator stdin: None
INFO     translator time limit: 1799.96s
INFO     translator memory limit: 3584 MB
INFO     translator command line string: /infai/weidan00/downward/experiments/bachelor/.venv/bin/python3 /infai/weidan00/downward/experiments/bachelor/data/bachelor-v1/code-7aa5f34_e5e41175/builds/release/bin/translate/translate.py domain.pddl problem.pddl --sas-file output.sas
Parsing...
Parsing: [0.000s CPU, 0.004s wall-clock]
Normalizing task... [0.000s CPU, 0.000s wall-clock]
Instantiating...
Generating Datalog program... [0.000s CPU, 0.001s wall-clock]
Normalizing Datalog program...
Normalizing Datalog program: [0.000s CPU, 0.003s wall-clock]
Preparing model... [0.010s CPU, 0.003s wall-clock]
Generated 46 rules.
Computing model... [0.100s CPU, 0.107s wall-clock]
8296 relevant atoms
3303 auxiliary atoms
11599 final queue length
24725 total queue pushes
Completing instantiation... [0.330s CPU, 0.325s wall-clock]
Instantiating: [0.440s CPU, 0.442s wall-clock]
Computing fact groups...
Finding invariants...
12 initial candidates
Finding invariants: [0.000s CPU, 0.003s wall-clock]
Checking invariant weight... [0.000s CPU, 0.001s wall-clock]
Instantiating groups... [0.000s CPU, 0.002s wall-clock]
Collecting mutex groups... [0.010s CPU, 0.001s wall-clock]
Choosing groups...
1 uncovered facts
Choosing groups: [0.000s CPU, 0.002s wall-clock]
Building translation key... [0.000s CPU, 0.001s wall-clock]
Computing fact groups: [0.010s CPU, 0.012s wall-clock]
Building STRIPS to SAS dictionary... [0.000s CPU, 0.000s wall-clock]
Building dictionary for full mutex groups... [0.000s CPU, 0.000s wall-clock]
Building mutex information...
Building mutex information: [0.000s CPU, 0.000s wall-clock]
Translating task...
Processing axioms...
Simplifying axioms... [0.000s CPU, 0.000s wall-clock]
Processing axioms: [0.020s CPU, 0.014s wall-clock]
Translating task: [0.300s CPU, 0.299s wall-clock]
539 effect conditions simplified
0 implied preconditions added
Detecting unreachable propositions...
0 operators removed
0 axioms removed
139 propositions removed
Detecting unreachable propositions: [0.130s CPU, 0.130s wall-clock]
Reordering and filtering variables...
23 of 23 variables necessary.
1 of 23 mutex groups necessary.
6716 of 6716 operators necessary.
0 of 0 axiom rules necessary.
Reordering and filtering variables: [0.040s CPU, 0.039s wall-clock]
Translator variables: 23
Translator derived variables: 0
Translator facts: 621
Translator goal facts: 5
Translator mutex groups: 1
Translator total mutex groups size: 12
Translator operators: 6716
Translator axioms: 0
Translator task size: 39874
Translator peak memory: 174028 KB
Writing output... [0.060s CPU, 0.078s wall-clock]
Done! [1.010s CPU, 1.021s wall-clock]
translate exit code: 0

INFO     Running search (release).
INFO     search stdin: output.sas
INFO     search time limit: 1798.89s
INFO     search memory limit: 3584 MB
INFO     search command line string: /infai/weidan00/downward/experiments/bachelor/data/bachelor-v1/code-7aa5f34_e5e41175/builds/release/bin/downward --search 'eager_wastar([pinch()], w=2)' --internal-plan-file sas_plan < output.sas
[t=5.7848e-05s, 17204 KB] reading input...
[t=0.0395956s, 19164 KB] done reading input!
[t=0.0435784s, 20548 KB] Simplifying 13184 unary operators... done! [7794 unary operators]
[t=0.053811s, 21616 KB] time to simplify: 0.0102956s
[t=0.0544776s, 21616 KB] Initializing pinch heuristic...
[t=0.0546184s, 21616 KB] Building successor generator...done!
[t=0.0585074s, 21616 KB] peak memory difference for successor generator creation: 0 KB
[t=0.0585501s, 21616 KB] time for successor generation creation: 0.0036864s
[t=0.0586294s, 21616 KB] Variables: 23
[t=0.0586716s, 21616 KB] FactPairs: 621
[t=0.0587112s, 21616 KB] Bytes per state: 12
[t=0.0588356s, 21616 KB] Conducting best first search with reopening closed nodes, (real) bound = 2147483647
[t=0.0597151s, 21616 KB] New best heuristic value for pinch: 52
[t=0.0597672s, 21616 KB] g=0, 1 evaluated, 0 expanded
[t=0.0598172s, 21616 KB] Initial heuristic value for pinch: 52
[t=0.0598593s, 21616 KB] pruning method: none
[t=0.0604169s, 21616 KB] New best heuristic value for pinch: 48
[t=0.0604674s, 21616 KB] g=1, 2 evaluated, 1 expanded
[t=0.0619597s, 21616 KB] New best heuristic value for pinch: 44
[t=0.0620133s, 21616 KB] g=2, 4 evaluated, 2 expanded
[t=0.0657545s, 21616 KB] New best heuristic value for pinch: 42
[t=0.0658088s, 21616 KB] g=3, 11 evaluated, 3 expanded
[t=0.0685978s, 21616 KB] New best heuristic value for pinch: 40
[t=0.0686558s, 21616 KB] g=4, 16 evaluated, 4 expanded
[t=0.0748091s, 21616 KB] New best heuristic value for pinch: 38
[t=0.074863s, 21616 KB] g=6, 30 evaluated, 7 expanded
[t=0.0785915s, 21616 KB] New best heuristic value for pinch: 36
[t=0.0786451s, 21616 KB] g=7, 36 evaluated, 8 expanded
[t=0.921309s, 21616 KB] New best heuristic value for pinch: 33
[t=0.921419s, 21616 KB] g=11, 1676 evaluated, 460 expanded, 36 reopened
[t=1.13776s, 21616 KB] New best heuristic value for pinch: 32
[t=1.13787s, 21616 KB] g=15, 2091 evaluated, 561 expanded, 36 reopened
[t=7.29433s, 22000 KB] New best heuristic value for pinch: 31
[t=7.29442s, 22000 KB] g=22, 13761 evaluated, 3838 expanded, 199 reopened
[t=91.225s, 29384 KB] New best heuristic value for pinch: 29
[t=91.2251s, 29384 KB] g=17, 173956 evaluated, 55389 expanded, 5670 reopened
[t=91.2272s, 29384 KB] New best heuristic value for pinch: 28
[t=91.2273s, 29384 KB] g=18, 173959 evaluated, 55390 expanded, 5670 reopened
[t=91.2331s, 29384 KB] New best heuristic value for pinch: 27
[t=91.2332s, 29384 KB] g=18, 173970 evaluated, 55393 expanded, 5670 reopened
[t=93.0141s, 29516 KB] New best heuristic value for pinch: 26
[t=93.0143s, 29516 KB] g=27, 177212 evaluated, 56474 expanded, 5705 reopened
[t=103.367s, 30184 KB] New best heuristic value for pinch: 25
[t=103.367s, 30184 KB] g=34, 196111 evaluated, 64179 expanded, 6403 reopened
[t=147.023s, 35624 KB] New best heuristic value for pinch: 24
[t=147.023s, 35624 KB] g=27, 277288 evaluated, 95666 expanded, 10634 reopened
[t=147.025s, 35624 KB] New best heuristic value for pinch: 22
[t=147.025s, 35624 KB] g=28, 277291 evaluated, 95667 expanded, 10634 reopened
[t=147.027s, 35624 KB] New best heuristic value for pinch: 21
[t=147.027s, 35624 KB] g=29, 277293 evaluated, 95668 expanded, 10634 reopened
[t=148.348s, 35624 KB] New best heuristic value for pinch: 18
[t=148.348s, 35624 KB] g=33, 279646 evaluated, 96541 expanded, 10676 reopened
[t=149.262s, 35624 KB] New best heuristic value for pinch: 16
[t=149.262s, 35624 KB] g=39, 281322 evaluated, 97057 expanded, 10695 reopened
[t=149.265s, 35624 KB] New best heuristic value for pinch: 14
[t=149.265s, 35624 KB] g=40, 281327 evaluated, 97058 expanded, 10695 reopened
[t=149.266s, 35624 KB] New best heuristic value for pinch: 13
[t=149.266s, 35624 KB] g=41, 281329 evaluated, 97059 expanded, 10695 reopened
[t=153.389s, 35624 KB] New best heuristic value for pinch: 11
[t=153.39s, 35624 KB] g=50, 288645 evaluated, 99974 expanded, 10792 reopened
[t=153.391s, 35624 KB] New best heuristic value for pinch: 9
[t=153.391s, 35624 KB] g=51, 288648 evaluated, 99975 expanded, 10792 reopened
[t=153.392s, 35624 KB] New best heuristic value for pinch: 7
[t=153.392s, 35624 KB] g=52, 288650 evaluated, 99976 expanded, 10792 reopened
[t=153.394s, 35624 KB] New best heuristic value for pinch: 6
[t=153.394s, 35624 KB] g=53, 288653 evaluated, 99977 expanded, 10792 reopened
[t=153.395s, 35624 KB] New best heuristic value for pinch: 5
[t=153.395s, 35624 KB] g=54, 288654 evaluated, 99978 expanded, 10792 reopened
[t=153.397s, 35624 KB] New best heuristic value for pinch: 4
[t=153.397s, 35624 KB] g=55, 288658 evaluated, 99979 expanded, 10792 reopened
[t=153.4s, 35624 KB] New best heuristic value for pinch: 3
[t=153.4s, 35624 KB] g=56, 288662 evaluated, 99980 expanded, 10792 reopened
[t=153.402s, 35624 KB] New best heuristic value for pinch: 2
[t=153.402s, 35624 KB] g=57, 288665 evaluated, 99981 expanded, 10792 reopened
[t=153.404s, 35624 KB] New best heuristic value for pinch: 1
[t=153.404s, 35624 KB] g=58, 288668 evaluated, 99982 expanded, 10792 reopened
[t=153.407s, 35624 KB] New best heuristic value for pinch: 0
[t=153.407s, 35624 KB] g=59, 288674 evaluated, 99983 expanded, 10792 reopened
[t=153.407s, 35624 KB] Solution found!
[t=153.407s, 35624 KB] Actual search time: 153.348s
move node3-4 node2-4 (1)
move node2-4 node1-4 (1)
pickup node1-4 key0 (1)
move node1-4 node2-4 (1)
move node2-4 node3-4 (1)
unlock node3-4 node3-3 key0 diamond (1)
move node3-4 node3-3 (1)
unlock node3-3 node3-2 key0 diamond (1)
move node3-3 node3-4 (1)
move node3-4 node2-4 (1)
move node2-4 node1-4 (1)
move node1-4 node1-5 (1)
move node1-5 node0-5 (1)
putdown node0-5 key0 (1)
move node0-5 node1-5 (1)
move node1-5 node1-4 (1)
pickup node1-4 key9 (1)
move node1-4 node2-4 (1)
pickup-and-loose node2-4 key1 key9 (1)
move node2-4 node2-5 (1)
move node2-5 node3-5 (1)
move node3-5 node3-6 (1)
move node3-6 node4-6 (1)
putdown node4-6 key1 (1)
move node4-6 node3-6 (1)
move node3-6 node3-5 (1)
move node3-5 node3-4 (1)
move node3-4 node3-3 (1)
move node3-3 node3-2 (1)
pickup node3-2 key2 (1)
move node3-2 node3-3 (1)
move node3-3 node3-4 (1)
move node3-4 node2-4 (1)
move node2-4 node1-4 (1)
move node1-4 node1-5 (1)
move node1-5 node0-5 (1)
putdown node0-5 key2 (1)
move node0-5 node1-5 (1)
move node1-5 node1-4 (1)
move node1-4 node2-4 (1)
pickup node2-4 key4 (1)
move node2-4 node2-5 (1)
move node2-5 node2-6 (1)
move node2-6 node3-6 (1)
move node3-6 node4-6 (1)
move node4-6 node5-6 (1)
putdown node5-6 key4 (1)
move node5-6 node4-6 (1)
move node4-6 node3-6 (1)
move node3-6 node2-6 (1)
move node2-6 node2-5 (1)
move node2-5 node2-4 (1)
pickup node2-4 key9 (1)
move node2-4 node1-4 (1)
move node1-4 node1-3 (1)
move node1-3 node1-2 (1)
move node1-2 node1-1 (1)
move node1-1 node1-0 (1)
putdown node1-0 key9 (1)
[t=153.407s, 35624 KB] Plan length: 59 step(s).
[t=153.407s, 35624 KB] Plan cost: 59
[t=153.407s, 35624 KB] Expanded 99984 state(s).
[t=153.407s, 35624 KB] Reopened 10792 state(s).
[t=153.407s, 35624 KB] Evaluated 288674 state(s).
[t=153.407s, 35624 KB] Evaluations: 288674
[t=153.407s, 35624 KB] Generated 545569 state(s).
[t=153.407s, 35624 KB] Dead ends: 0 state(s).
[t=153.407s, 35624 KB] Number of registered states: 288674
[t=153.407s, 35624 KB] Int hash set load factor: 288674/524288 = 0.550602
[t=153.407s, 35624 KB] Int hash set resizes: 19
[t=153.407s, 35624 KB] mean number of q cost that have been adjusted 0 times in relation to total number of q: -1
[t=153.407s, 35624 KB] mean number of q cost that have been adjusted 1 times in relation to total number of q: -1
[t=153.407s, 35624 KB] mean number of q cost that have been adjusted 2 times in relation to total number of q: -1
[t=153.407s, 35624 KB] mean number of q that are at some point overconsitent in relation to total number of q: -1
[t=153.407s, 35624 KB] mean number of q that are at first underconsisten in relation to total number of q: -1
[t=153.407s, 35624 KB] mean number of state variables that are not in common between two following states in relation to total number of state variables: -1
[t=153.407s, 35624 KB] variance number of state variables that are not in common between two following states in relation to total number of state variables: -1
[t=153.407s, 35624 KB] Search time: 153.349s
[t=153.407s, 35624 KB] Total time: 153.407s
Solution found.
Peak memory: 35624 KB
Remove intermediate file output.sas
search exit code: 0

INFO     Running validate.
INFO     validate stdin: None
INFO     validate time limit: None
INFO     validate memory limit: None
INFO     validate command line string: validate domain.pddl problem.pddl sas_plan
