INFO     Running translator.
INFO     translator stdin: None
INFO     translator time limit: 1799.96s
INFO     translator memory limit: 3584 MB
INFO     translator command line string: /infai/weidan00/downward/experiments/bachelor/.venv/bin/python3 /infai/weidan00/downward/experiments/bachelor/data/bachelor-v1/code-7aa5f34_e5e41175/builds/release/bin/translate/translate.py domain.pddl problem.pddl --sas-file output.sas
Parsing...
Parsing: [0.010s CPU, 0.006s wall-clock]
Normalizing task... [0.000s CPU, 0.000s wall-clock]
Instantiating...
Generating Datalog program... [0.000s CPU, 0.002s wall-clock]
Normalizing Datalog program...
Normalizing Datalog program: [0.010s CPU, 0.010s wall-clock]
Preparing model... [0.000s CPU, 0.004s wall-clock]
Generated 126 rules.
Computing model... [0.510s CPU, 0.511s wall-clock]
19629 relevant atoms
15315 auxiliary atoms
34944 final queue length
117237 total queue pushes
Completing instantiation... [1.960s CPU, 1.965s wall-clock]
Instantiating: [2.490s CPU, 2.502s wall-clock]
Computing fact groups...
Finding invariants...
22 initial candidates
Finding invariants: [0.070s CPU, 0.066s wall-clock]
Checking invariant weight... [0.000s CPU, 0.001s wall-clock]
Instantiating groups... [0.000s CPU, 0.005s wall-clock]
Collecting mutex groups... [0.000s CPU, 0.000s wall-clock]
Choosing groups...
48 uncovered facts
Choosing groups: [0.000s CPU, 0.001s wall-clock]
Building translation key... [0.000s CPU, 0.001s wall-clock]
Computing fact groups: [0.080s CPU, 0.078s wall-clock]
Building STRIPS to SAS dictionary... [0.000s CPU, 0.000s wall-clock]
Building dictionary for full mutex groups... [0.000s CPU, 0.000s wall-clock]
Building mutex information...
Building mutex information: [0.000s CPU, 0.000s wall-clock]
Translating task...
Processing axioms...
Simplifying axioms... [0.000s CPU, 0.000s wall-clock]
Processing axioms: [0.060s CPU, 0.064s wall-clock]
Translating task: [1.490s CPU, 1.497s wall-clock]
10352 effect conditions simplified
0 implied preconditions added
Detecting unreachable propositions...
0 operators removed
0 axioms removed
70 propositions removed
Detecting unreachable propositions: [0.780s CPU, 0.782s wall-clock]
Reordering and filtering variables...
98 of 114 variables necessary.
3 of 69 mutex groups necessary.
17672 of 17672 operators necessary.
0 of 0 axiom rules necessary.
Reordering and filtering variables: [0.260s CPU, 0.255s wall-clock]
Translator variables: 98
Translator derived variables: 0
Translator facts: 516
Translator goal facts: 9
Translator mutex groups: 3
Translator total mutex groups size: 48
Translator operators: 17672
Translator axioms: 0
Translator task size: 162959
Translator peak memory: 281036 KB
Writing output... [0.230s CPU, 0.264s wall-clock]
Done! [5.410s CPU, 5.456s wall-clock]
translate exit code: 0

INFO     Running search (release).
INFO     search stdin: output.sas
INFO     search time limit: 1794.46s
INFO     search memory limit: 3584 MB
INFO     search command line string: /infai/weidan00/downward/experiments/bachelor/data/bachelor-v1/code-7aa5f34_e5e41175/builds/release/bin/downward --search 'eager_wastar([add()], w=2)' --internal-plan-file sas_plan < output.sas
[t=6.5499e-05s, 17204 KB] reading input...
[t=0.146888s, 24152 KB] done reading input!
[t=0.160666s, 30220 KB] Simplifying 73928 unary operators... done! [73928 unary operators]
[t=0.354117s, 36672 KB] time to simplify: 0.193556s
[t=0.359221s, 36672 KB] Initializing additive heuristic...
[t=0.359458s, 36672 KB] Building successor generator...done!
[t=0.370907s, 36672 KB] peak memory difference for successor generator creation: 0 KB
[t=0.370956s, 36672 KB] time for successor generation creation: 0.0112653s
[t=0.371183s, 36672 KB] Variables: 98
[t=0.371247s, 36672 KB] FactPairs: 516
[t=0.371289s, 36672 KB] Bytes per state: 24
[t=0.371451s, 36672 KB] Conducting best first search with reopening closed nodes, (real) bound = 2147483647
[t=0.372959s, 36672 KB] New best heuristic value for add: 69
[t=0.373041s, 36672 KB] g=0, 1 evaluated, 0 expanded
[t=0.373095s, 36672 KB] Initial heuristic value for add: 69
[t=0.373145s, 36672 KB] pruning method: none
[t=0.388102s, 36672 KB] New best heuristic value for add: 67
[t=0.388211s, 36672 KB] g=1, 15 evaluated, 1 expanded
[t=0.389348s, 36672 KB] New best heuristic value for add: 66
[t=0.389439s, 36672 KB] g=1, 16 evaluated, 1 expanded
[t=0.411697s, 36672 KB] New best heuristic value for add: 63
[t=0.411803s, 36672 KB] g=2, 37 evaluated, 2 expanded
[t=0.439677s, 36672 KB] New best heuristic value for add: 61
[t=0.439794s, 36672 KB] g=2, 63 evaluated, 2 expanded
[t=0.468555s, 36672 KB] New best heuristic value for add: 60
[t=0.468668s, 36672 KB] g=3, 90 evaluated, 3 expanded
[t=0.47722s, 36672 KB] New best heuristic value for add: 59
[t=0.477331s, 36672 KB] g=3, 98 evaluated, 3 expanded
[t=0.537239s, 36672 KB] New best heuristic value for add: 58
[t=0.537354s, 36672 KB] g=4, 154 evaluated, 4 expanded
[t=0.592689s, 36672 KB] New best heuristic value for add: 57
[t=0.592806s, 36672 KB] g=5, 206 evaluated, 5 expanded
[t=0.605587s, 36672 KB] New best heuristic value for add: 52
[t=0.6057s, 36672 KB] g=5, 218 evaluated, 5 expanded
[t=0.62812s, 36672 KB] New best heuristic value for add: 49
[t=0.628233s, 36672 KB] g=6, 239 evaluated, 6 expanded
[t=0.676535s, 36672 KB] New best heuristic value for add: 46
[t=0.676649s, 36672 KB] g=7, 284 evaluated, 7 expanded
[t=4.43633s, 36672 KB] New best heuristic value for add: 45
[t=4.43646s, 36672 KB] g=10, 3847 evaluated, 139 expanded
[t=4.45635s, 36672 KB] New best heuristic value for add: 44
[t=4.45646s, 36672 KB] g=11, 3866 evaluated, 140 expanded
[t=118.087s, 39284 KB] New best heuristic value for add: 42
[t=118.087s, 39284 KB] g=9, 111449 evaluated, 7091 expanded
[t=128.011s, 41600 KB] New best heuristic value for add: 41
[t=128.011s, 41600 KB] g=13, 120840 evaluated, 7510 expanded
[t=128.034s, 41600 KB] New best heuristic value for add: 40
[t=128.034s, 41600 KB] g=14, 120862 evaluated, 7511 expanded
[t=227.648s, 45188 KB] New best heuristic value for add: 38
[t=227.648s, 45188 KB] g=11, 215265 evaluated, 12772 expanded
[t=235.362s, 45584 KB] New best heuristic value for add: 37
[t=235.363s, 45584 KB] g=15, 222951 evaluated, 13140 expanded
[t=235.384s, 45584 KB] New best heuristic value for add: 36
[t=235.384s, 45584 KB] g=16, 222973 evaluated, 13141 expanded
[t=332.896s, 52300 KB] New best heuristic value for add: 32
[t=332.896s, 52300 KB] g=15, 321257 evaluated, 19355 expanded, 98 reopened
[t=339.705s, 52568 KB] New best heuristic value for add: 31
[t=339.705s, 52568 KB] g=19, 328142 evaluated, 19693 expanded, 98 reopened
[t=339.727s, 52568 KB] New best heuristic value for add: 30
[t=339.727s, 52568 KB] g=20, 328164 evaluated, 19694 expanded, 98 reopened
[t=451.793s, 57904 KB] New best heuristic value for add: 27
[t=451.793s, 57904 KB] g=19, 440274 evaluated, 27819 expanded, 182 reopened
[t=451.807s, 57904 KB] New best heuristic value for add: 26
[t=451.807s, 57904 KB] g=20, 440287 evaluated, 27820 expanded, 182 reopened
[t=451.83s, 57904 KB] New best heuristic value for add: 25
[t=451.831s, 57904 KB] g=21, 440310 evaluated, 27821 expanded, 182 reopened
[t=451.835s, 57904 KB] New best heuristic value for add: 23
[t=451.836s, 57904 KB] g=21, 440315 evaluated, 27821 expanded, 182 reopened
[t=456.777s, 66232 KB] New best heuristic value for add: 22
[t=456.777s, 66232 KB] g=25, 445145 evaluated, 28138 expanded, 182 reopened
[t=456.797s, 66232 KB] New best heuristic value for add: 21
[t=456.797s, 66232 KB] g=26, 445164 evaluated, 28139 expanded, 182 reopened
Peak memory: 163056 KB
caught signal 24 -- exiting
Time limit has been reached.
Remove intermediate file output.sas
search exit code: 23

Driver aborting after search
