INFO     Running translator.
INFO     translator stdin: None
INFO     translator time limit: 1799.96s
INFO     translator memory limit: 3584 MB
INFO     translator command line string: /infai/weidan00/downward/experiments/bachelor/.venv/bin/python3 /infai/weidan00/downward/experiments/bachelor/data/bachelor-v1/code-7aa5f34_e5e41175/builds/release/bin/translate/translate.py domain.pddl problem.pddl --sas-file output.sas
Parsing...
Parsing: [0.000s CPU, 0.005s wall-clock]
Normalizing task... [0.010s CPU, 0.000s wall-clock]
Instantiating...
Generating Datalog program... [0.000s CPU, 0.001s wall-clock]
Normalizing Datalog program...
Normalizing Datalog program: [0.000s CPU, 0.002s wall-clock]
Preparing model... [0.000s CPU, 0.005s wall-clock]
Generated 26 rules.
Computing model... [0.020s CPU, 0.022s wall-clock]
1561 relevant atoms
1245 auxiliary atoms
2806 final queue length
3647 total queue pushes
Completing instantiation... [0.030s CPU, 0.025s wall-clock]
Instantiating: [0.050s CPU, 0.056s wall-clock]
Computing fact groups...
Finding invariants...
6 initial candidates
Finding invariants: [0.000s CPU, 0.001s wall-clock]
Checking invariant weight... [0.000s CPU, 0.000s wall-clock]
Instantiating groups... [0.000s CPU, 0.000s wall-clock]
Collecting mutex groups... [0.000s CPU, 0.000s wall-clock]
Choosing groups...
30 uncovered facts
Choosing groups: [0.000s CPU, 0.000s wall-clock]
Building translation key... [0.000s CPU, 0.000s wall-clock]
Computing fact groups: [0.000s CPU, 0.003s wall-clock]
Building STRIPS to SAS dictionary... [0.000s CPU, 0.000s wall-clock]
Building dictionary for full mutex groups... [0.000s CPU, 0.000s wall-clock]
Building mutex information...
Building mutex information: [0.000s CPU, 0.000s wall-clock]
Translating task...
Processing axioms...
Simplifying axioms... [0.000s CPU, 0.000s wall-clock]
Processing axioms: [0.000s CPU, 0.001s wall-clock]
Translating task: [0.020s CPU, 0.020s wall-clock]
15 effect conditions simplified
0 implied preconditions added
Detecting unreachable propositions...
0 operators removed
0 axioms removed
1 propositions removed
Detecting unreachable propositions: [0.010s CPU, 0.012s wall-clock]
Reordering and filtering variables...
31 of 31 variables necessary.
0 of 1 mutex groups necessary.
900 of 900 operators necessary.
0 of 0 axiom rules necessary.
Reordering and filtering variables: [0.000s CPU, 0.003s wall-clock]
Translator variables: 31
Translator derived variables: 0
Translator facts: 90
Translator goal facts: 15
Translator mutex groups: 0
Translator total mutex groups size: 0
Translator operators: 900
Translator axioms: 0
Translator task size: 2866
Translator peak memory: 145100 KB
Writing output... [0.000s CPU, 0.009s wall-clock]
Done! [0.100s CPU, 0.110s wall-clock]
translate exit code: 0

INFO     Running search (release).
INFO     search stdin: output.sas
INFO     search time limit: 1799.8s
INFO     search memory limit: 3584 MB
INFO     search command line string: /infai/weidan00/downward/experiments/bachelor/data/bachelor-v1/code-7aa5f34_e5e41175/builds/release/bin/downward --search 'eager_wastar([pinch()], w=2)' --internal-plan-file sas_plan < output.sas
[t=5.9962e-05s, 17204 KB] reading input...
[t=0.00348808s, 17352 KB] done reading input!
[t=0.00545187s, 17752 KB] Simplifying 915 unary operators... done! [915 unary operators]
[t=0.00591121s, 17752 KB] time to simplify: 0.000529206s
[t=0.00602723s, 17752 KB] Initializing pinch heuristic...
[t=0.00614297s, 17752 KB] Building successor generator...done!
[t=0.00642774s, 17752 KB] peak memory difference for successor generator creation: 0 KB
[t=0.0064665s, 17752 KB] time for successor generation creation: 0.000159253s
[t=0.00651671s, 17752 KB] Variables: 31
[t=0.00655668s, 17752 KB] FactPairs: 90
[t=0.00660513s, 17752 KB] Bytes per state: 8
[t=0.00671947s, 17752 KB] Conducting best first search with reopening closed nodes, (real) bound = 2147483647
[t=0.00687964s, 17752 KB] New best heuristic value for pinch: 58
[t=0.00692275s, 17752 KB] g=0, 1 evaluated, 0 expanded
[t=0.00697289s, 17752 KB] Initial heuristic value for pinch: 58
[t=0.00701355s, 17752 KB] pruning method: none
[t=0.00706773s, 17752 KB] New best heuristic value for pinch: 57
[t=0.00710898s, 17752 KB] g=1, 2 evaluated, 1 expanded
[t=0.00735424s, 17752 KB] New best heuristic value for pinch: 55
[t=0.00739711s, 17752 KB] g=2, 35 evaluated, 2 expanded
[t=0.00759552s, 17752 KB] New best heuristic value for pinch: 54
[t=0.00763765s, 17752 KB] g=3, 61 evaluated, 3 expanded
[t=0.00780457s, 17752 KB] New best heuristic value for pinch: 53
[t=0.00784658s, 17752 KB] g=4, 81 evaluated, 4 expanded
[t=0.00795819s, 17752 KB] New best heuristic value for pinch: 52
[t=0.00799959s, 17752 KB] g=5, 93 evaluated, 5 expanded
[t=0.00832939s, 17752 KB] New best heuristic value for pinch: 51
[t=0.00837196s, 17752 KB] g=5, 141 evaluated, 7 expanded
[t=0.00847779s, 17752 KB] New best heuristic value for pinch: 50
[t=0.00851909s, 17752 KB] g=6, 152 evaluated, 8 expanded
[t=0.00873418s, 17752 KB] New best heuristic value for pinch: 49
[t=0.00877502s, 17752 KB] g=8, 182 evaluated, 10 expanded
[t=0.00885638s, 17752 KB] New best heuristic value for pinch: 48
[t=0.00889677s, 17752 KB] g=9, 188 evaluated, 11 expanded
[t=0.00907628s, 17752 KB] New best heuristic value for pinch: 47
[t=0.00911737s, 17752 KB] g=10, 212 evaluated, 12 expanded
[t=0.0092085s, 17752 KB] New best heuristic value for pinch: 46
[t=0.00927672s, 17752 KB] g=11, 221 evaluated, 13 expanded
[t=0.00944765s, 17752 KB] New best heuristic value for pinch: 45
[t=0.00948887s, 17752 KB] g=12, 244 evaluated, 14 expanded
[t=0.00954179s, 17752 KB] New best heuristic value for pinch: 44
[t=0.00958218s, 17752 KB] g=13, 246 evaluated, 15 expanded
[t=0.00981308s, 17752 KB] New best heuristic value for pinch: 43
[t=0.00985381s, 17752 KB] g=14, 276 evaluated, 16 expanded
[t=0.0099731s, 17752 KB] New best heuristic value for pinch: 42
[t=0.0100139s, 17752 KB] g=14, 290 evaluated, 16 expanded
[t=0.0101454s, 17752 KB] New best heuristic value for pinch: 41
[t=0.0101864s, 17752 KB] g=15, 305 evaluated, 17 expanded
[t=0.0103364s, 17752 KB] New best heuristic value for pinch: 40
[t=0.0103775s, 17752 KB] g=16, 324 evaluated, 18 expanded
[t=0.010494s, 17752 KB] New best heuristic value for pinch: 39
[t=0.0105347s, 17752 KB] g=17, 337 evaluated, 19 expanded
[t=0.01069s, 17752 KB] New best heuristic value for pinch: 38
[t=0.0107307s, 17752 KB] g=18, 357 evaluated, 20 expanded
[t=0.0108473s, 17752 KB] New best heuristic value for pinch: 37
[t=0.0108878s, 17752 KB] g=19, 370 evaluated, 21 expanded
[t=0.01105s, 17752 KB] New best heuristic value for pinch: 36
[t=0.0110904s, 17752 KB] g=20, 391 evaluated, 22 expanded
[t=0.0111932s, 17752 KB] New best heuristic value for pinch: 35
[t=0.0112342s, 17752 KB] g=21, 401 evaluated, 24 expanded
[t=0.0112868s, 17752 KB] New best heuristic value for pinch: 34
[t=0.0113269s, 17752 KB] g=22, 403 evaluated, 25 expanded
[t=0.0115341s, 17752 KB] New best heuristic value for pinch: 33
[t=0.0115744s, 17752 KB] g=23, 433 evaluated, 26 expanded
[t=0.0116872s, 17752 KB] New best heuristic value for pinch: 32
[t=0.0117273s, 17752 KB] g=23, 446 evaluated, 26 expanded
[t=0.011861s, 17752 KB] New best heuristic value for pinch: 31
[t=0.0119017s, 17752 KB] g=24, 462 evaluated, 28 expanded
[t=0.0119547s, 17752 KB] New best heuristic value for pinch: 30
[t=0.0119951s, 17752 KB] g=25, 464 evaluated, 29 expanded
[t=0.0122011s, 17752 KB] New best heuristic value for pinch: 29
[t=0.0122416s, 17752 KB] g=26, 494 evaluated, 30 expanded
[t=0.0123569s, 17752 KB] New best heuristic value for pinch: 28
[t=0.0123971s, 17752 KB] g=26, 507 evaluated, 30 expanded
[t=0.0126047s, 17752 KB] New best heuristic value for pinch: 27
[t=0.0126469s, 17752 KB] g=28, 525 evaluated, 34 expanded
[t=0.0128006s, 17752 KB] New best heuristic value for pinch: 26
[t=0.0128419s, 17752 KB] g=28, 544 evaluated, 34 expanded
[t=0.0129687s, 17752 KB] New best heuristic value for pinch: 25
[t=0.0130098s, 17752 KB] g=30, 556 evaluated, 38 expanded
[t=0.0131184s, 17752 KB] New best heuristic value for pinch: 24
[t=0.0131592s, 17752 KB] g=30, 568 evaluated, 38 expanded
[t=0.0133266s, 17752 KB] New best heuristic value for pinch: 23
[t=0.0133679s, 17752 KB] g=32, 589 evaluated, 42 expanded
[t=0.013515s, 17752 KB] New best heuristic value for pinch: 22
[t=0.0135558s, 17752 KB] g=32, 608 evaluated, 42 expanded
[t=0.0136901s, 17752 KB] New best heuristic value for pinch: 21
[t=0.0137308s, 17752 KB] g=34, 620 evaluated, 46 expanded
[t=0.0138448s, 17752 KB] New best heuristic value for pinch: 20
[t=0.0138852s, 17752 KB] g=34, 633 evaluated, 46 expanded
[t=0.0140192s, 17752 KB] New best heuristic value for pinch: 19
[t=0.0140596s, 17752 KB] g=35, 649 evaluated, 47 expanded
[t=0.014285s, 17752 KB] New best heuristic value for pinch: 18
[t=0.0143263s, 17752 KB] g=37, 681 evaluated, 50 expanded
[t=0.0143777s, 17752 KB] New best heuristic value for pinch: 17
[t=0.0144179s, 17752 KB] g=38, 683 evaluated, 51 expanded
[t=0.0146371s, 17752 KB] New best heuristic value for pinch: 16
[t=0.0146785s, 17752 KB] g=39, 713 evaluated, 53 expanded
[t=0.0147318s, 17752 KB] New best heuristic value for pinch: 15
[t=0.0147718s, 17752 KB] g=40, 714 evaluated, 54 expanded
[t=0.0149809s, 17752 KB] New best heuristic value for pinch: 14
[t=0.0150221s, 17752 KB] g=41, 744 evaluated, 55 expanded
[t=0.0151006s, 17752 KB] New best heuristic value for pinch: 13
[t=0.0151415s, 17752 KB] g=42, 751 evaluated, 56 expanded
[t=0.0153157s, 17752 KB] New best heuristic value for pinch: 12
[t=0.0153564s, 17752 KB] g=43, 775 evaluated, 57 expanded
[t=0.0154887s, 17752 KB] New best heuristic value for pinch: 11
[t=0.0155298s, 17752 KB] g=44, 789 evaluated, 58 expanded
[t=0.0156653s, 17752 KB] New best heuristic value for pinch: 10
[t=0.0157066s, 17752 KB] g=45, 805 evaluated, 59 expanded
[t=0.015841s, 17752 KB] New best heuristic value for pinch: 9
[t=0.0158821s, 17752 KB] g=46, 822 evaluated, 60 expanded
[t=0.0160001s, 17752 KB] New best heuristic value for pinch: 8
[t=0.0160407s, 17752 KB] g=47, 835 evaluated, 61 expanded
[t=0.0161793s, 17752 KB] New best heuristic value for pinch: 7
[t=0.01622s, 17752 KB] g=48, 853 evaluated, 62 expanded
[t=0.0163471s, 17752 KB] New best heuristic value for pinch: 6
[t=0.0163882s, 17752 KB] g=49, 866 evaluated, 63 expanded
[t=0.0165348s, 17752 KB] New best heuristic value for pinch: 5
[t=0.0165759s, 17752 KB] g=50, 886 evaluated, 64 expanded
[t=0.0166865s, 17752 KB] New best heuristic value for pinch: 4
[t=0.0167271s, 17752 KB] g=51, 898 evaluated, 65 expanded
[t=0.0168796s, 17752 KB] New best heuristic value for pinch: 3
[t=0.0169207s, 17752 KB] g=52, 919 evaluated, 66 expanded
[t=0.017023s, 17752 KB] New best heuristic value for pinch: 2
[t=0.0170638s, 17752 KB] g=53, 929 evaluated, 67 expanded
[t=0.0172267s, 17752 KB] New best heuristic value for pinch: 1
[t=0.0172682s, 17752 KB] g=54, 950 evaluated, 68 expanded
[t=0.0173655s, 17752 KB] New best heuristic value for pinch: 0
[t=0.0174066s, 17752 KB] g=55, 959 evaluated, 69 expanded
[t=0.0174475s, 17752 KB] Solution found!
[t=0.0174941s, 17752 KB] Actual search time: 0.0104767s
board f0 p2 (1)
up f0 f12 (1)
board f12 p1 (1)
depart f12 p2 (1)
up f12 f19 (1)
board f19 p6 (1)
down f19 f13 (1)
board f13 p9 (1)
down f13 f2 (1)
depart f2 p6 (1)
up f2 f15 (1)
board f15 p0 (1)
board f15 p4 (1)
down f15 f9 (1)
board f9 p7 (1)
up f9 f18 (1)
board f18 p10 (1)
up f18 f19 (1)
depart f19 p9 (1)
up f19 f27 (1)
board f27 p12 (1)
board f27 p13 (1)
up f27 f28 (1)
board f28 p11 (1)
board f28 p3 (1)
down f28 f10 (1)
depart f10 p12 (1)
down f10 f2 (1)
depart f2 p1 (1)
up f2 f12 (1)
depart f12 p11 (1)
down f12 f3 (1)
board f3 p8 (1)
up f3 f20 (1)
depart f20 p8 (1)
down f20 f13 (1)
depart f13 p10 (1)
down f13 f8 (1)
board f8 p14 (1)
down f8 f0 (1)
depart f0 p14 (1)
up f0 f14 (1)
board f14 p5 (1)
down f14 f9 (1)
depart f9 p4 (1)
up f9 f17 (1)
depart f17 p3 (1)
up f17 f18 (1)
depart f18 p7 (1)
up f18 f19 (1)
depart f19 p13 (1)
up f19 f20 (1)
depart f20 p5 (1)
up f20 f21 (1)
depart f21 p0 (1)
[t=0.0175373s, 17752 KB] Plan length: 55 step(s).
[t=0.0175373s, 17752 KB] Plan cost: 55
[t=0.0175373s, 17752 KB] Expanded 70 state(s).
[t=0.0175373s, 17752 KB] Reopened 0 state(s).
[t=0.0175373s, 17752 KB] Evaluated 959 state(s).
[t=0.0175373s, 17752 KB] Evaluations: 959
[t=0.0175373s, 17752 KB] Generated 2082 state(s).
[t=0.0175373s, 17752 KB] Dead ends: 0 state(s).
[t=0.0175373s, 17752 KB] Number of registered states: 959
[t=0.0175373s, 17752 KB] Int hash set load factor: 959/1024 = 0.936523
[t=0.0175373s, 17752 KB] Int hash set resizes: 10
[t=0.0175373s, 17752 KB] mean number of q cost that have been adjusted 0 times in relation to total number of q: -1
[t=0.0175373s, 17752 KB] mean number of q cost that have been adjusted 1 times in relation to total number of q: -1
[t=0.0175373s, 17752 KB] mean number of q cost that have been adjusted 2 times in relation to total number of q: -1
[t=0.0175373s, 17752 KB] mean number of q that are at some point overconsitent in relation to total number of q: -1
[t=0.0175373s, 17752 KB] mean number of q that are at first underconsisten in relation to total number of q: -1
[t=0.0175373s, 17752 KB] mean number of state variables that are not in common between two following states in relation to total number of state variables: -1
[t=0.0175373s, 17752 KB] variance number of state variables that are not in common between two following states in relation to total number of state variables: -1
[t=0.0175373s, 17752 KB] Search time: 0.0108184s
[t=0.0175373s, 17752 KB] Total time: 0.0175373s
Solution found.
Peak memory: 17752 KB
Remove intermediate file output.sas
search exit code: 0

INFO     Running validate.
INFO     validate stdin: None
INFO     validate time limit: None
INFO     validate memory limit: None
INFO     validate command line string: validate domain.pddl problem.pddl sas_plan
