INFO     Running translator.
INFO     translator stdin: None
INFO     translator time limit: 1799.96s
INFO     translator memory limit: 3584 MB
INFO     translator command line string: /infai/weidan00/downward/experiments/bachelor/.venv/bin/python3 /infai/weidan00/downward/experiments/bachelor/data/bachelor-v1/code-7aa5f34_e5e41175/builds/release/bin/translate/translate.py domain.pddl problem.pddl --sas-file output.sas
Parsing...
Parsing: [0.010s CPU, 0.007s wall-clock]
Normalizing task... [0.000s CPU, 0.000s wall-clock]
Instantiating...
Generating Datalog program... [0.000s CPU, 0.001s wall-clock]
Normalizing Datalog program...
Normalizing Datalog program: [0.000s CPU, 0.002s wall-clock]
Preparing model... [0.010s CPU, 0.004s wall-clock]
Generated 65 rules.
Computing model... [0.020s CPU, 0.023s wall-clock]
1937 relevant atoms
364 auxiliary atoms
2301 final queue length
6035 total queue pushes
Completing instantiation... [0.090s CPU, 0.095s wall-clock]
Instantiating: [0.120s CPU, 0.126s wall-clock]
Computing fact groups...
Finding invariants...
21 initial candidates
Finding invariants: [0.010s CPU, 0.004s wall-clock]
Checking invariant weight... [0.000s CPU, 0.000s wall-clock]
Instantiating groups... [0.000s CPU, 0.000s wall-clock]
Collecting mutex groups... [0.000s CPU, 0.000s wall-clock]
Choosing groups...
735 uncovered facts
Choosing groups: [0.000s CPU, 0.001s wall-clock]
Building translation key... [0.010s CPU, 0.004s wall-clock]
Computing fact groups: [0.020s CPU, 0.017s wall-clock]
Building STRIPS to SAS dictionary... [0.000s CPU, 0.001s wall-clock]
Building dictionary for full mutex groups... [0.000s CPU, 0.001s wall-clock]
Building mutex information...
Building mutex information: [0.000s CPU, 0.001s wall-clock]
Translating task...
Processing axioms...
Simplifying axioms... [0.000s CPU, 0.000s wall-clock]
Processing axioms: [0.010s CPU, 0.008s wall-clock]
Translating task: [0.160s CPU, 0.159s wall-clock]
4207 effect conditions simplified
0 implied preconditions added
Detecting unreachable propositions...
0 operators removed
0 axioms removed
24 propositions removed
Detecting unreachable propositions: [0.060s CPU, 0.053s wall-clock]
Reordering and filtering variables...
378 of 723 variables necessary.
0 of 0 mutex groups necessary.
985 of 985 operators necessary.
0 of 0 axiom rules necessary.
Reordering and filtering variables: [0.060s CPU, 0.058s wall-clock]
Translator variables: 378
Translator derived variables: 0
Translator facts: 756
Translator goal facts: 41
Translator mutex groups: 0
Translator total mutex groups size: 0
Translator operators: 985
Translator axioms: 0
Translator task size: 9471
Translator peak memory: 152780 KB
Writing output... [0.020s CPU, 0.021s wall-clock]
Done! [0.450s CPU, 0.450s wall-clock]
translate exit code: 0

INFO     Running search (release).
INFO     search stdin: output.sas
INFO     search time limit: 1799.45s
INFO     search memory limit: 3584 MB
INFO     search command line string: /infai/weidan00/downward/experiments/bachelor/data/bachelor-v1/code-7aa5f34_e5e41175/builds/release/bin/downward --search 'eager_wastar([pinch()], w=2)' --internal-plan-file sas_plan < output.sas
[t=6.6431e-05s, 17204 KB] reading input...
[t=0.00982179s, 17632 KB] done reading input!
[t=0.0123788s, 18180 KB] Simplifying 4153 unary operators... done! [3316 unary operators]
[t=0.015896s, 18576 KB] time to simplify: 0.00366823s
[t=0.0163256s, 18576 KB] Initializing pinch heuristic...
[t=0.0165061s, 18576 KB] Building successor generator...done!
[t=0.0171739s, 18576 KB] peak memory difference for successor generator creation: 0 KB
[t=0.0172145s, 18576 KB] time for successor generation creation: 0.000530596s
[t=0.017273s, 18576 KB] Variables: 378
[t=0.0173136s, 18576 KB] FactPairs: 756
[t=0.017353s, 18576 KB] Bytes per state: 48
[t=0.0175022s, 18576 KB] Conducting best first search with reopening closed nodes, (real) bound = 2147483647
[t=0.0179579s, 18576 KB] New best heuristic value for pinch: 41
[t=0.0180048s, 18576 KB] g=0, 1 evaluated, 0 expanded
[t=0.0180598s, 18576 KB] Initial heuristic value for pinch: 41
[t=0.0181009s, 18576 KB] pruning method: none
[t=0.0200031s, 18576 KB] New best heuristic value for pinch: 40
[t=0.0200556s, 18576 KB] g=1, 26 evaluated, 1 expanded
[t=0.0587021s, 18576 KB] New best heuristic value for pinch: 39
[t=0.0587901s, 18576 KB] g=1, 633 evaluated, 1 expanded
[t=0.0618567s, 18576 KB] New best heuristic value for pinch: 38
[t=0.0619219s, 18576 KB] g=2, 712 evaluated, 2 expanded
[t=0.89339s, 19176 KB] New best heuristic value for pinch: 37
[t=0.893506s, 19176 KB] g=4, 12462 evaluated, 23 expanded
[t=0.896329s, 19176 KB] New best heuristic value for pinch: 36
[t=0.896393s, 19176 KB] g=5, 12500 evaluated, 24 expanded
[t=0.937187s, 19312 KB] New best heuristic value for pinch: 35
[t=0.937286s, 19312 KB] g=6, 13172 evaluated, 25 expanded
[t=0.981306s, 19312 KB] New best heuristic value for pinch: 34
[t=0.981408s, 19312 KB] g=7, 14009 evaluated, 26 expanded
[t=2.54288s, 24212 KB] New best heuristic value for pinch: 33
[t=2.543s, 24212 KB] g=9, 69341 evaluated, 201 expanded
[t=2.54825s, 24212 KB] New best heuristic value for pinch: 32
[t=2.54833s, 24212 KB] g=10, 69414 evaluated, 202 expanded
[t=2.60307s, 24344 KB] New best heuristic value for pinch: 31
[t=2.60318s, 24344 KB] g=11, 70266 evaluated, 203 expanded
[t=2.62817s, 24344 KB] New best heuristic value for pinch: 30
[t=2.62826s, 24344 KB] g=12, 70872 evaluated, 204 expanded
[t=3.75661s, 29068 KB] New best heuristic value for pinch: 29
[t=3.75672s, 29068 KB] g=14, 111570 evaluated, 351 expanded
[t=3.8076s, 29068 KB] New best heuristic value for pinch: 28
[t=3.80772s, 29068 KB] g=15, 112380 evaluated, 352 expanded
[t=3.83217s, 29068 KB] New best heuristic value for pinch: 27
[t=3.83227s, 29068 KB] g=16, 112989 evaluated, 353 expanded
[t=4.58942s, 30440 KB] New best heuristic value for pinch: 26
[t=4.58954s, 30440 KB] g=18, 140850 evaluated, 472 expanded
[t=4.64716s, 30440 KB] New best heuristic value for pinch: 25
[t=4.64727s, 30440 KB] g=19, 141808 evaluated, 473 expanded
[t=8.2721s, 35240 KB] New best heuristic value for pinch: 24
[t=8.27223s, 35240 KB] g=21, 208552 evaluated, 627 expanded
[t=8.28752s, 35240 KB] New best heuristic value for pinch: 23
[t=8.28761s, 35240 KB] g=22, 208774 evaluated, 628 expanded
[t=8.35674s, 39472 KB] New best heuristic value for pinch: 22
[t=8.35685s, 39472 KB] g=23, 209699 evaluated, 629 expanded
[t=11.7359s, 42892 KB] New best heuristic value for pinch: 21
[t=11.7361s, 42892 KB] g=25, 285892 evaluated, 882 expanded
[t=11.788s, 42892 KB] New best heuristic value for pinch: 20
[t=11.7881s, 42892 KB] g=26, 286782 evaluated, 883 expanded
[t=14.348s, 47700 KB] New best heuristic value for pinch: 19
[t=14.3481s, 47700 KB] g=28, 352231 evaluated, 1128 expanded
[t=42.7907s, 123956 KB] New best heuristic value for pinch: 18
[t=42.7909s, 123956 KB] g=30, 1242085 evaluated, 5123 expanded
[t=42.7951s, 123956 KB] New best heuristic value for pinch: 17
[t=42.7952s, 123956 KB] g=31, 1242146 evaluated, 5124 expanded
[t=45.2602s, 129424 KB] New best heuristic value for pinch: 16
[t=45.2603s, 129424 KB] g=33, 1318005 evaluated, 5392 expanded
[t=45.2706s, 129424 KB] New best heuristic value for pinch: 15
[t=45.2707s, 129424 KB] g=34, 1318153 evaluated, 5393 expanded
[t=47.8698s, 135184 KB] New best heuristic value for pinch: 14
[t=47.87s, 135184 KB] g=36, 1397740 evaluated, 5678 expanded
[t=47.8878s, 135184 KB] New best heuristic value for pinch: 13
[t=47.8878s, 135184 KB] g=37, 1397998 evaluated, 5679 expanded
[t=50.5854s, 141072 KB] New best heuristic value for pinch: 12
[t=50.5856s, 141072 KB] g=39, 1480185 evaluated, 5977 expanded
[t=50.6158s, 141072 KB] New best heuristic value for pinch: 11
[t=50.6159s, 141072 KB] g=40, 1480623 evaluated, 5978 expanded
[t=53.2831s, 147076 KB] New best heuristic value for pinch: 10
[t=53.2832s, 147076 KB] g=42, 1564113 evaluated, 6287 expanded
[t=53.3083s, 147076 KB] New best heuristic value for pinch: 9
[t=53.3084s, 147076 KB] g=43, 1564478 evaluated, 6288 expanded
[t=56.1624s, 153480 KB] New best heuristic value for pinch: 8
[t=56.1626s, 153480 KB] g=45, 1652467 evaluated, 6619 expanded
[t=56.199s, 153480 KB] New best heuristic value for pinch: 7
[t=56.1991s, 153480 KB] g=46, 1653092 evaluated, 6620 expanded
Failed to allocate memory.
Memory limit has been reached.
Peak memory: 3670012 KB
Remove intermediate file output.sas
search exit code: 22

Driver aborting after search
