INFO     Running translator.
INFO     translator stdin: None
INFO     translator time limit: 1799.95s
INFO     translator memory limit: 3584 MB
INFO     translator command line string: /infai/weidan00/downward/experiments/bachelor/.venv/bin/python3 /infai/weidan00/downward/experiments/bachelor/data/bachelor-v1/code-7aa5f34_e5e41175/builds/release/bin/translate/translate.py domain.pddl problem.pddl --sas-file output.sas
Parsing...
Parsing: [0.000s CPU, 0.007s wall-clock]
Normalizing task... [0.000s CPU, 0.001s wall-clock]
Instantiating...
Generating Datalog program... [0.000s CPU, 0.001s wall-clock]
Normalizing Datalog program...
Normalizing Datalog program: [0.010s CPU, 0.006s wall-clock]
Preparing model... [0.000s CPU, 0.005s wall-clock]
Generated 211 rules.
Computing model... [0.020s CPU, 0.016s wall-clock]
790 relevant atoms
1094 auxiliary atoms
1884 final queue length
2580 total queue pushes
Completing instantiation... [0.010s CPU, 0.016s wall-clock]
Instantiating: [0.050s CPU, 0.045s wall-clock]
Computing fact groups...
Finding invariants...
20 initial candidates
Finding invariants: [0.000s CPU, 0.005s wall-clock]
Checking invariant weight... [0.000s CPU, 0.001s wall-clock]
Instantiating groups... [0.000s CPU, 0.001s wall-clock]
Collecting mutex groups... [0.000s CPU, 0.000s wall-clock]
Choosing groups...
193 uncovered facts
Choosing groups: [0.000s CPU, 0.000s wall-clock]
Building translation key... [0.010s CPU, 0.001s wall-clock]
Computing fact groups: [0.010s CPU, 0.010s wall-clock]
Building STRIPS to SAS dictionary... [0.000s CPU, 0.000s wall-clock]
Building dictionary for full mutex groups... [0.000s CPU, 0.000s wall-clock]
Building mutex information...
Building mutex information: [0.000s CPU, 0.000s wall-clock]
Translating task...
Processing axioms...
Simplifying axioms... [0.000s CPU, 0.000s wall-clock]
Processing axioms: [0.000s CPU, 0.001s wall-clock]
Translating task: [0.010s CPU, 0.018s wall-clock]
225 effect conditions simplified
0 implied preconditions added
Detecting unreachable propositions...
0 operators removed
0 axioms removed
10 propositions removed
Detecting unreachable propositions: [0.020s CPU, 0.010s wall-clock]
Reordering and filtering variables...
80 of 200 variables necessary.
0 of 8 mutex groups necessary.
345 of 345 operators necessary.
0 of 0 axiom rules necessary.
Reordering and filtering variables: [0.010s CPU, 0.005s wall-clock]
Translator variables: 80
Translator derived variables: 0
Translator facts: 240
Translator goal facts: 48
Translator mutex groups: 0
Translator total mutex groups size: 0
Translator operators: 345
Translator axioms: 0
Translator task size: 2467
Translator peak memory: 144844 KB
Writing output... [0.000s CPU, 0.008s wall-clock]
Done! [0.100s CPU, 0.107s wall-clock]
translate exit code: 0

INFO     Running search (release).
INFO     search stdin: output.sas
INFO     search time limit: 1799.79s
INFO     search memory limit: 3584 MB
INFO     search command line string: /infai/weidan00/downward/experiments/bachelor/data/bachelor-v1/code-7aa5f34_e5e41175/builds/release/bin/downward --search 'eager_wastar([pinch_tracking()], w=2)' --internal-plan-file sas_plan < output.sas
[t=6.3127e-05s, 17204 KB] reading input...
[t=0.00306225s, 17344 KB] done reading input!
[t=0.00501512s, 17608 KB] Simplifying 674 unary operators... done! [370 unary operators]
[t=0.00547948s, 17740 KB] time to simplify: 0.000523167s
[t=0.00560899s, 17740 KB] Initializing pinch tracking heuristic...
[t=0.00573784s, 17740 KB] Building successor generator...done!
[t=0.00603077s, 17740 KB] peak memory difference for successor generator creation: 0 KB
[t=0.00607028s, 17740 KB] time for successor generation creation: 0.000169553s
[t=0.0061173s, 17740 KB] Variables: 80
[t=0.0061569s, 17740 KB] FactPairs: 240
[t=0.00619646s, 17740 KB] Bytes per state: 16
[t=0.0063171s, 17740 KB] Conducting best first search with reopening closed nodes, (real) bound = 2147483647
[t=0.00647886s, 17740 KB] New best heuristic value for pinch_tracking: 768
[t=0.00652193s, 17740 KB] g=0, 1 evaluated, 0 expanded
[t=0.00658512s, 17740 KB] Initial heuristic value for pinch_tracking: 768
[t=0.00662659s, 17740 KB] pruning method: none
[t=0.0067227s, 17740 KB] New best heuristic value for pinch_tracking: 384
[t=0.00676486s, 17740 KB] g=0, 2 evaluated, 1 expanded
[t=0.00682344s, 17740 KB] New best heuristic value for pinch_tracking: 363
[t=0.00686408s, 17740 KB] g=224, 3 evaluated, 2 expanded
[t=0.0070327s, 17740 KB] New best heuristic value for pinch_tracking: 352
[t=0.00707496s, 17740 KB] g=1624, 11 evaluated, 3 expanded
[t=0.00713985s, 17740 KB] New best heuristic value for pinch_tracking: 344
[t=0.00718123s, 17740 KB] g=349, 13 evaluated, 3 expanded
[t=0.00781717s, 17740 KB] New best heuristic value for pinch_tracking: 333
[t=0.00786548s, 17740 KB] g=1749, 55 evaluated, 11 expanded
[t=0.00794843s, 17740 KB] New best heuristic value for pinch_tracking: 327
[t=0.00799078s, 17740 KB] g=474, 59 evaluated, 11 expanded
[t=0.0100119s, 17740 KB] New best heuristic value for pinch_tracking: 316
[t=0.0100633s, 17740 KB] g=1874, 223 evaluated, 39 expanded
[t=0.0101584s, 17740 KB] New best heuristic value for pinch_tracking: 312
[t=0.0102014s, 17740 KB] g=599, 229 evaluated, 39 expanded
[t=0.0146605s, 17740 KB] New best heuristic value for pinch_tracking: 301
[t=0.014718s, 17740 KB] g=1999, 629 evaluated, 95 expanded
[t=0.0148277s, 17740 KB] New best heuristic value for pinch_tracking: 299
[t=0.0148708s, 17740 KB] g=724, 637 evaluated, 95 expanded
[t=0.0210101s, 17740 KB] New best heuristic value for pinch_tracking: 288
[t=0.0210709s, 17740 KB] g=2124, 1245 evaluated, 165 expanded
[t=0.0264452s, 17740 KB] New best heuristic value for pinch_tracking: 277
[t=0.0265086s, 17740 KB] g=2249, 1833 evaluated, 221 expanded
[t=0.0297663s, 17872 KB] New best heuristic value for pinch_tracking: 268
[t=0.0298225s, 17872 KB] g=2374, 2177 evaluated, 249 expanded
[t=0.030766s, 17872 KB] New best heuristic value for pinch_tracking: 261
[t=0.0308144s, 17872 KB] g=2499, 2290 evaluated, 257 expanded
[t=0.149356s, 19040 KB] New best heuristic value for pinch_tracking: 257
[t=0.149474s, 19040 KB] g=12373, 12530 evaluated, 2178 expanded
[t=0.158257s, 19040 KB] New best heuristic value for pinch_tracking: 250
[t=0.158341s, 19040 KB] g=12498, 13426 evaluated, 2290 expanded
[t=0.58592s, 22680 KB] New best heuristic value for pinch_tracking: 247
[t=0.586042s, 22680 KB] g=13872, 50754 evaluated, 8690 expanded
[t=0.637617s, 22948 KB] New best heuristic value for pinch_tracking: 240
[t=0.637736s, 22948 KB] g=13997, 55682 evaluated, 9362 expanded
[t=1.55532s, 33548 KB] New best heuristic value for pinch_tracking: 238
[t=1.55544s, 33548 KB] g=15371, 139745 evaluated, 22081 expanded
[t=1.73999s, 33548 KB] New best heuristic value for pinch_tracking: 231
[t=1.74011s, 33548 KB] g=15496, 157722 evaluated, 24378 expanded
[t=3.11686s, 48272 KB] New best heuristic value for pinch_tracking: 230
[t=3.11698s, 48272 KB] g=16870, 284745 evaluated, 43508 expanded
[t=3.54684s, 48804 KB] New best heuristic value for pinch_tracking: 223
[t=3.54698s, 48804 KB] g=16995, 328006 evaluated, 48750 expanded
[t=6.17857s, 77392 KB] New best heuristic value for pinch_tracking: 216
[t=6.17869s, 77392 KB] g=18494, 565871 evaluated, 84419 expanded
[t=9.89542s, 102312 KB] New best heuristic value for pinch_tracking: 210
[t=9.89554s, 102312 KB] g=19993, 890657 evaluated, 134710 expanded
[t=14.9692s, 137784 KB] New best heuristic value for pinch_tracking: 205
[t=14.9694s, 137784 KB] g=21492, 1328506 evaluated, 204056 expanded
[t=22.0081s, 189000 KB] New best heuristic value for pinch_tracking: 201
[t=22.0082s, 189000 KB] g=22991, 1904851 evaluated, 298575 expanded
[t=31.5361s, 255316 KB] New best heuristic value for pinch_tracking: 199
[t=31.5362s, 255316 KB] g=24491, 2669001 evaluated, 430566 expanded
[t=44.825s, 345192 KB] New best heuristic value for pinch_tracking: 195
[t=44.8251s, 345192 KB] g=25990, 3691803 evaluated, 613978 expanded
[t=84.158s, 539876 KB] New best heuristic value for pinch_tracking: 194
[t=84.1581s, 539876 KB] g=28989, 6745983 evaluated, 1157509 expanded
[t=121.728s, 929104 KB] New best heuristic value for pinch_tracking: 190
[t=121.728s, 929104 KB] g=30989, 9595537 evaluated, 1652555 expanded
[t=193.395s, 1314848 KB] New best heuristic value for pinch_tracking: 189
[t=193.396s, 1314848 KB] g=33988, 15216563 evaluated, 2601430 expanded
[t=257.465s, 1825820 KB] New best heuristic value for pinch_tracking: 186
[t=257.465s, 1825820 KB] g=35988, 20345228 evaluated, 3433083 expanded
[t=364.464s, 2575560 KB] New best heuristic value for pinch_tracking: 185
[t=364.464s, 2575560 KB] g=38987, 29150362 evaluated, 4783892 expanded
[t=453.926s, 3485212 KB] New best heuristic value for pinch_tracking: 183
[t=453.927s, 3485212 KB] g=40987, 36717792 evaluated, 5885263 expanded
[t=453.97s, 3485212 KB] New best heuristic value for pinch_tracking: 182
[t=453.97s, 3485212 KB] g=40988, 36721427 evaluated, 5885870 expanded
[t=453.972s, 3485212 KB] New best heuristic value for pinch_tracking: 181
[t=453.972s, 3485212 KB] g=243779, 36721631 evaluated, 5885903 expanded
Failed to allocate memory.
Memory limit has been reached.
Peak memory: 3670012 KB
Remove intermediate file output.sas
search exit code: 22

Driver aborting after search
