INFO     Running translator.
INFO     translator stdin: None
INFO     translator time limit: 1799.94s
INFO     translator memory limit: 3584 MB
INFO     translator command line string: /infai/weidan00/downward/experiments/bachelor/.venv/bin/python3 /infai/weidan00/downward/experiments/bachelor/data/bachelor-v1/code-7aa5f34_e5e41175/builds/release/bin/translate/translate.py domain.pddl problem.pddl --sas-file output.sas
Parsing...
Parsing: [0.010s CPU, 0.021s wall-clock]
Normalizing task... [0.000s CPU, 0.000s wall-clock]
Instantiating...
Generating Datalog program... [0.000s CPU, 0.001s wall-clock]
Normalizing Datalog program...
Normalizing Datalog program: [0.000s CPU, 0.006s wall-clock]
Preparing model... [0.010s CPU, 0.004s wall-clock]
Generated 45 rules.
Computing model... [0.080s CPU, 0.077s wall-clock]
2347 relevant atoms
5563 auxiliary atoms
7910 final queue length
11283 total queue pushes
Completing instantiation... [0.080s CPU, 0.084s wall-clock]
Instantiating: [0.180s CPU, 0.174s wall-clock]
Computing fact groups...
Finding invariants...
18 initial candidates
Finding invariants: [0.000s CPU, 0.007s wall-clock]
Checking invariant weight... [0.000s CPU, 0.001s wall-clock]
Instantiating groups... [0.010s CPU, 0.005s wall-clock]
Collecting mutex groups... [0.000s CPU, 0.000s wall-clock]
Choosing groups...
40 uncovered facts
Choosing groups: [0.010s CPU, 0.009s wall-clock]
Building translation key... [0.000s CPU, 0.001s wall-clock]
Computing fact groups: [0.020s CPU, 0.026s wall-clock]
Building STRIPS to SAS dictionary... [0.000s CPU, 0.000s wall-clock]
Building dictionary for full mutex groups... [0.000s CPU, 0.000s wall-clock]
Building mutex information...
Building mutex information: [0.000s CPU, 0.000s wall-clock]
Translating task...
Processing axioms...
Simplifying axioms... [0.000s CPU, 0.000s wall-clock]
Processing axioms: [0.010s CPU, 0.004s wall-clock]
Translating task: [0.070s CPU, 0.070s wall-clock]
0 effect conditions simplified
0 implied preconditions added
Detecting unreachable propositions...
0 operators removed
0 axioms removed
174 propositions removed
Detecting unreachable propositions: [0.040s CPU, 0.037s wall-clock]
Reordering and filtering variables...
94 of 94 variables necessary.
0 of 94 mutex groups necessary.
1844 of 1844 operators necessary.
0 of 0 axiom rules necessary.
Reordering and filtering variables: [0.010s CPU, 0.012s wall-clock]
Translator variables: 94
Translator derived variables: 0
Translator facts: 353
Translator goal facts: 10
Translator mutex groups: 0
Translator total mutex groups size: 0
Translator operators: 1844
Translator axioms: 0
Translator task size: 11353
Translator peak memory: 152012 KB
Writing output... [0.020s CPU, 0.023s wall-clock]
Done! [0.350s CPU, 0.370s wall-clock]
translate exit code: 0

INFO     Running search (release).
INFO     search stdin: output.sas
INFO     search time limit: 1799.54s
INFO     search memory limit: 3584 MB
INFO     search command line string: /infai/weidan00/downward/experiments/bachelor/data/bachelor-v1/code-7aa5f34_e5e41175/builds/release/bin/downward --search 'eager_wastar([pinch()], w=2)' --internal-plan-file sas_plan < output.sas
[t=6.3498e-05s, 17204 KB] reading input...
[t=0.012831s, 17784 KB] done reading input!
[t=0.015347s, 18280 KB] Simplifying 3632 unary operators... done! [3632 unary operators]
[t=0.0182649s, 18676 KB] time to simplify: 0.00305312s
[t=0.0187407s, 18676 KB] Initializing pinch heuristic...
[t=0.0188746s, 18676 KB] Building successor generator...done!
[t=0.0199061s, 18676 KB] peak memory difference for successor generator creation: 0 KB
[t=0.0199481s, 18676 KB] time for successor generation creation: 0.000881853s
[t=0.0200081s, 18676 KB] Variables: 94
[t=0.0200481s, 18676 KB] FactPairs: 353
[t=0.0200881s, 18676 KB] Bytes per state: 24
[t=0.020215s, 18676 KB] Conducting best first search with reopening closed nodes, (real) bound = 2147483647
[t=0.0206777s, 18676 KB] New best heuristic value for pinch: 121
[t=0.0207239s, 18676 KB] g=0, 1 evaluated, 0 expanded
[t=0.020777s, 18676 KB] Initial heuristic value for pinch: 121
[t=0.0208187s, 18676 KB] pruning method: none
[t=0.0209643s, 18676 KB] New best heuristic value for pinch: 108
[t=0.0210063s, 18676 KB] g=1, 2 evaluated, 1 expanded
[t=0.0213924s, 18676 KB] New best heuristic value for pinch: 98
[t=0.021437s, 18676 KB] g=1, 4 evaluated, 1 expanded
[t=0.02258s, 18676 KB] New best heuristic value for pinch: 96
[t=0.0226274s, 18676 KB] g=2, 11 evaluated, 2 expanded
[t=0.0227715s, 18676 KB] New best heuristic value for pinch: 95
[t=0.0228147s, 18676 KB] g=2, 13 evaluated, 2 expanded
[t=0.024331s, 18676 KB] New best heuristic value for pinch: 93
[t=0.0243786s, 18676 KB] g=3, 26 evaluated, 3 expanded
[t=0.0245276s, 18676 KB] New best heuristic value for pinch: 92
[t=0.0245706s, 18676 KB] g=3, 28 evaluated, 3 expanded
[t=0.0261102s, 18676 KB] New best heuristic value for pinch: 90
[t=0.0261575s, 18676 KB] g=4, 41 evaluated, 4 expanded
[t=0.026398s, 18676 KB] New best heuristic value for pinch: 89
[t=0.0264421s, 18676 KB] g=4, 45 evaluated, 4 expanded
[t=0.0278033s, 18676 KB] New best heuristic value for pinch: 87
[t=0.0278518s, 18676 KB] g=5, 55 evaluated, 5 expanded
[t=0.0281173s, 18676 KB] New best heuristic value for pinch: 86
[t=0.0281615s, 18676 KB] g=5, 60 evaluated, 5 expanded
[t=0.029567s, 18676 KB] New best heuristic value for pinch: 84
[t=0.0296192s, 18676 KB] g=6, 70 evaluated, 6 expanded
[t=0.0299018s, 18676 KB] New best heuristic value for pinch: 83
[t=0.0299483s, 18676 KB] g=6, 75 evaluated, 6 expanded
[t=0.0312659s, 18676 KB] New best heuristic value for pinch: 81
[t=0.031317s, 18676 KB] g=7, 84 evaluated, 7 expanded
[t=0.0316035s, 18676 KB] New best heuristic value for pinch: 80
[t=0.0316497s, 18676 KB] g=7, 89 evaluated, 7 expanded
[t=0.0329844s, 18676 KB] New best heuristic value for pinch: 78
[t=0.0330359s, 18676 KB] g=8, 98 evaluated, 8 expanded
[t=0.0333176s, 18676 KB] New best heuristic value for pinch: 77
[t=0.033364s, 18676 KB] g=8, 103 evaluated, 8 expanded
[t=0.0346473s, 18676 KB] New best heuristic value for pinch: 75
[t=0.0346992s, 18676 KB] g=9, 111 evaluated, 9 expanded
[t=0.0350026s, 18676 KB] New best heuristic value for pinch: 74
[t=0.0350513s, 18676 KB] g=9, 117 evaluated, 9 expanded
[t=0.0358274s, 18676 KB] New best heuristic value for pinch: 73
[t=0.0358771s, 18676 KB] g=10, 121 evaluated, 10 expanded
[t=0.0364534s, 18676 KB] New best heuristic value for pinch: 72
[t=0.0365013s, 18676 KB] g=10, 125 evaluated, 10 expanded
[t=0.037503s, 18676 KB] New best heuristic value for pinch: 69
[t=0.0375528s, 18676 KB] g=11, 134 evaluated, 11 expanded
[t=0.0386967s, 18676 KB] New best heuristic value for pinch: 62
[t=0.0387475s, 18676 KB] g=12, 145 evaluated, 12 expanded
[t=0.0393326s, 18676 KB] New best heuristic value for pinch: 60
[t=0.0393786s, 18676 KB] g=12, 151 evaluated, 12 expanded
[t=0.0404042s, 18676 KB] New best heuristic value for pinch: 58
[t=0.040454s, 18676 KB] g=13, 161 evaluated, 13 expanded
[t=0.0421212s, 18676 KB] New best heuristic value for pinch: 56
[t=0.0421804s, 18676 KB] g=14, 178 evaluated, 14 expanded
[t=0.0437878s, 18676 KB] New best heuristic value for pinch: 54
[t=0.0438381s, 18676 KB] g=15, 195 evaluated, 15 expanded
[t=0.0454755s, 18676 KB] New best heuristic value for pinch: 52
[t=0.0455248s, 18676 KB] g=16, 212 evaluated, 16 expanded
[t=0.0470851s, 18676 KB] New best heuristic value for pinch: 50
[t=0.0471332s, 18676 KB] g=17, 229 evaluated, 17 expanded
[t=0.0481525s, 18676 KB] New best heuristic value for pinch: 49
[t=0.0482001s, 18676 KB] g=18, 240 evaluated, 18 expanded
[t=0.048831s, 18676 KB] New best heuristic value for pinch: 48
[t=0.0488764s, 18676 KB] g=18, 246 evaluated, 18 expanded
[t=0.0498273s, 18676 KB] New best heuristic value for pinch: 45
[t=0.0498757s, 18676 KB] g=19, 256 evaluated, 19 expanded
[t=0.0507937s, 18676 KB] New best heuristic value for pinch: 42
[t=0.0508418s, 18676 KB] g=20, 265 evaluated, 20 expanded
[t=0.0518467s, 18676 KB] New best heuristic value for pinch: 39
[t=0.0518959s, 18676 KB] g=21, 276 evaluated, 21 expanded
[t=0.0530252s, 18676 KB] New best heuristic value for pinch: 38
[t=0.0530752s, 18676 KB] g=22, 291 evaluated, 22 expanded
[t=0.0532473s, 18676 KB] New best heuristic value for pinch: 37
[t=0.0532928s, 18676 KB] g=22, 294 evaluated, 22 expanded
[t=0.0547101s, 18676 KB] New best heuristic value for pinch: 36
[t=0.0547653s, 18676 KB] g=23, 309 evaluated, 23 expanded
[t=0.054943s, 18676 KB] New best heuristic value for pinch: 35
[t=0.0549871s, 18676 KB] g=23, 313 evaluated, 23 expanded
[t=0.0560287s, 18676 KB] New best heuristic value for pinch: 34
[t=0.0560758s, 18676 KB] g=24, 325 evaluated, 24 expanded
[t=0.0576271s, 18676 KB] New best heuristic value for pinch: 33
[t=0.057683s, 18676 KB] g=25, 343 evaluated, 25 expanded
[t=0.0590585s, 18676 KB] New best heuristic value for pinch: 32
[t=0.0591143s, 18676 KB] g=26, 359 evaluated, 26 expanded
[t=0.0604728s, 18676 KB] New best heuristic value for pinch: 31
[t=0.0605231s, 18676 KB] g=27, 371 evaluated, 27 expanded
[t=0.062106s, 18676 KB] New best heuristic value for pinch: 30
[t=0.0621583s, 18676 KB] g=28, 388 evaluated, 28 expanded
[t=0.06372s, 18676 KB] New best heuristic value for pinch: 29
[t=0.0637696s, 18676 KB] g=29, 407 evaluated, 29 expanded
[t=0.0649739s, 18676 KB] New best heuristic value for pinch: 28
[t=0.0650235s, 18676 KB] g=30, 423 evaluated, 30 expanded
[t=0.0666287s, 18676 KB] New best heuristic value for pinch: 27
[t=0.0666766s, 18676 KB] g=31, 441 evaluated, 31 expanded
[t=0.067999s, 18676 KB] New best heuristic value for pinch: 26
[t=0.0680461s, 18676 KB] g=32, 457 evaluated, 32 expanded
[t=0.0734015s, 18676 KB] New best heuristic value for pinch: 23
[t=0.073454s, 18676 KB] g=32, 515 evaluated, 36 expanded
[t=0.0749337s, 18676 KB] New best heuristic value for pinch: 22
[t=0.0749833s, 18676 KB] g=33, 534 evaluated, 37 expanded
[t=0.166119s, 18676 KB] New best heuristic value for pinch: 21
[t=0.166187s, 18676 KB] g=38, 1512 evaluated, 114 expanded, 7 reopened
[t=0.168932s, 18676 KB] New best heuristic value for pinch: 20
[t=0.168979s, 18676 KB] g=39, 1537 evaluated, 115 expanded, 7 reopened
[t=0.386592s, 18716 KB] New best heuristic value for pinch: 19
[t=0.386682s, 18716 KB] g=44, 4243 evaluated, 294 expanded, 7 reopened
[t=0.388679s, 18716 KB] New best heuristic value for pinch: 18
[t=0.388734s, 18716 KB] g=45, 4263 evaluated, 295 expanded, 7 reopened
[t=1.89359s, 19788 KB] New best heuristic value for pinch: 17
[t=1.89369s, 19788 KB] g=49, 24050 evaluated, 1727 expanded, 42 reopened
[t=2.21699s, 20056 KB] New best heuristic value for pinch: 16
[t=2.21708s, 20056 KB] g=49, 28034 evaluated, 2066 expanded, 93 reopened
[t=10.1949s, 27016 KB] New best heuristic value for pinch: 15
[t=10.195s, 27016 KB] g=53, 129370 evaluated, 9667 expanded, 313 reopened
[t=66.9957s, 66108 KB] New best heuristic value for pinch: 14
[t=66.9958s, 66108 KB] g=55, 834479 evaluated, 66317 expanded, 4064 reopened
[t=108.938s, 98580 KB] New best heuristic value for pinch: 13
[t=108.938s, 98580 KB] g=57, 1352249 evaluated, 107642 expanded, 5378 reopened
[t=261.979s, 205124 KB] New best heuristic value for pinch: 12
[t=261.979s, 205124 KB] g=61, 3269187 evaluated, 258508 expanded, 7438 reopened
[t=1265.18s, 1031776 KB] New best heuristic value for pinch: 11
[t=1265.18s, 1031776 KB] g=63, 15885672 evaluated, 1394401 expanded, 129907 reopened
Peak memory: 1349844 KB
caught signal 24 -- exiting
Time limit has been reached.
Remove intermediate file output.sas
search exit code: 23

Driver aborting after search
