INFO     Running translator.
INFO     translator stdin: None
INFO     translator time limit: 1799.96s
INFO     translator memory limit: 3584 MB
INFO     translator command line string: /infai/weidan00/downward/experiments/bachelor/.venv/bin/python3 /infai/weidan00/downward/experiments/bachelor/data/bachelor-v1/code-7aa5f34_e5e41175/builds/release/bin/translate/translate.py domain.pddl problem.pddl --sas-file output.sas
Parsing...
Parsing: [0.000s CPU, 0.003s wall-clock]
Normalizing task... [0.000s CPU, 0.000s wall-clock]
Instantiating...
Generating Datalog program... [0.000s CPU, 0.000s wall-clock]
Normalizing Datalog program...
Normalizing Datalog program: [0.010s CPU, 0.004s wall-clock]
Preparing model... [0.000s CPU, 0.001s wall-clock]
Generated 59 rules.
Computing model... [0.010s CPU, 0.011s wall-clock]
568 relevant atoms
465 auxiliary atoms
1033 final queue length
1811 total queue pushes
Completing instantiation... [0.030s CPU, 0.023s wall-clock]
Instantiating: [0.050s CPU, 0.041s wall-clock]
Computing fact groups...
Finding invariants...
9 initial candidates
Finding invariants: [0.000s CPU, 0.003s wall-clock]
Checking invariant weight... [0.000s CPU, 0.000s wall-clock]
Instantiating groups... [0.000s CPU, 0.000s wall-clock]
Collecting mutex groups... [0.000s CPU, 0.000s wall-clock]
Choosing groups...
0 uncovered facts
Choosing groups: [0.000s CPU, 0.000s wall-clock]
Building translation key... [0.000s CPU, 0.000s wall-clock]
Computing fact groups: [0.000s CPU, 0.005s wall-clock]
Building STRIPS to SAS dictionary... [0.000s CPU, 0.000s wall-clock]
Building dictionary for full mutex groups... [0.000s CPU, 0.000s wall-clock]
Building mutex information...
Building mutex information: [0.000s CPU, 0.000s wall-clock]
Translating task...
Processing axioms...
Simplifying axioms... [0.000s CPU, 0.000s wall-clock]
Processing axioms: [0.000s CPU, 0.001s wall-clock]
Translating task: [0.020s CPU, 0.016s wall-clock]
0 effect conditions simplified
0 implied preconditions added
Detecting unreachable propositions...
0 operators removed
0 axioms removed
8 propositions removed
Detecting unreachable propositions: [0.010s CPU, 0.008s wall-clock]
Reordering and filtering variables...
8 of 8 variables necessary.
0 of 8 mutex groups necessary.
464 of 464 operators necessary.
0 of 0 axiom rules necessary.
Reordering and filtering variables: [0.000s CPU, 0.002s wall-clock]
Translator variables: 8
Translator derived variables: 0
Translator facts: 46
Translator goal facts: 4
Translator mutex groups: 0
Translator total mutex groups size: 0
Translator operators: 464
Translator axioms: 0
Translator task size: 2178
Translator peak memory: 144332 KB
Writing output... [0.000s CPU, 0.007s wall-clock]
Done! [0.080s CPU, 0.083s wall-clock]
translate exit code: 0

INFO     Running search (release).
INFO     search stdin: output.sas
INFO     search time limit: 1799.82s
INFO     search memory limit: 3584 MB
INFO     search command line string: /infai/weidan00/downward/experiments/bachelor/data/bachelor-v1/code-7aa5f34_e5e41175/builds/release/bin/downward --search 'eager_wastar([add()], w=2)' --internal-plan-file sas_plan < output.sas
[t=6.7607e-05s, 17204 KB] reading input...
[t=0.00270912s, 17344 KB] done reading input!
[t=0.00472696s, 17608 KB] Simplifying 728 unary operators... done! [344 unary operators]
[t=0.00510261s, 17608 KB] time to simplify: 0.000434753s
[t=0.0052015s, 17608 KB] Initializing additive heuristic...
[t=0.0053277s, 17608 KB] Building successor generator...done!
[t=0.00561059s, 17608 KB] peak memory difference for successor generator creation: 0 KB
[t=0.00565541s, 17608 KB] time for successor generation creation: 0.000154786s
[t=0.00570546s, 17608 KB] Variables: 8
[t=0.00574556s, 17608 KB] FactPairs: 46
[t=0.00578541s, 17608 KB] Bytes per state: 4
[t=0.00591584s, 17608 KB] Conducting best first search with reopening closed nodes, (real) bound = 2147483647
[t=0.00602363s, 17608 KB] New best heuristic value for add: 15
[t=0.00606818s, 17608 KB] g=0, 1 evaluated, 0 expanded
[t=0.00612185s, 17608 KB] Initial heuristic value for add: 15
[t=0.00616517s, 17608 KB] pruning method: none
[t=0.00622945s, 17608 KB] New best heuristic value for add: 14
[t=0.00627098s, 17608 KB] g=1, 2 evaluated, 1 expanded
[t=0.0063405s, 17608 KB] New best heuristic value for add: 12
[t=0.00638256s, 17608 KB] g=1, 6 evaluated, 1 expanded
[t=0.00651001s, 17608 KB] New best heuristic value for add: 11
[t=0.00655226s, 17608 KB] g=2, 18 evaluated, 2 expanded
[t=0.00753679s, 17608 KB] New best heuristic value for add: 9
[t=0.00759014s, 17608 KB] g=5, 178 evaluated, 29 expanded
[t=0.00771456s, 17608 KB] New best heuristic value for add: 8
[t=0.00775858s, 17608 KB] g=6, 192 evaluated, 30 expanded
[t=0.00873668s, 17608 KB] New best heuristic value for add: 7
[t=0.00878731s, 17608 KB] g=6, 355 evaluated, 53 expanded
[t=0.00890387s, 17608 KB] New best heuristic value for add: 6
[t=0.00894836s, 17608 KB] g=7, 368 evaluated, 54 expanded
[t=0.00906256s, 17608 KB] New best heuristic value for add: 5
[t=0.00910599s, 17608 KB] g=8, 381 evaluated, 55 expanded
[t=0.00937658s, 17608 KB] New best heuristic value for add: 4
[t=0.00942275s, 17608 KB] g=10, 424 evaluated, 59 expanded
[t=0.00948859s, 17608 KB] New best heuristic value for add: 3
[t=0.00953168s, 17608 KB] g=11, 429 evaluated, 60 expanded
[t=0.0096254s, 17608 KB] New best heuristic value for add: 2
[t=0.00966806s, 17608 KB] g=12, 440 evaluated, 61 expanded
[t=0.00973539s, 17608 KB] New best heuristic value for add: 1
[t=0.00977782s, 17608 KB] g=13, 446 evaluated, 62 expanded
[t=0.00984196s, 17608 KB] New best heuristic value for add: 0
[t=0.0098833s, 17608 KB] g=14, 452 evaluated, 63 expanded
[t=0.00993121s, 17608 KB] Solution found!
[t=0.0099743s, 17608 KB] Actual search time: 0.00380365s
fly plane1 city1 city3 fl6 fl5 (1)
board person1 plane1 city3 (1)
fly plane1 city3 city0 fl5 fl4 (1)
board person3 plane1 city0 (1)
board person2 plane1 city0 (1)
fly plane1 city0 city3 fl4 fl3 (1)
debark person3 plane1 city3 (1)
debark person2 plane1 city3 (1)
fly plane1 city3 city1 fl3 fl2 (1)
board person4 plane1 city1 (1)
fly plane1 city1 city2 fl2 fl1 (1)
debark person1 plane1 city2 (1)
fly plane1 city2 city3 fl1 fl0 (1)
debark person4 plane1 city3 (1)
[t=0.0100178s, 17608 KB] Plan length: 14 step(s).
[t=0.0100178s, 17608 KB] Plan cost: 14
[t=0.0100178s, 17608 KB] Expanded 64 state(s).
[t=0.0100178s, 17608 KB] Reopened 0 state(s).
[t=0.0100178s, 17608 KB] Evaluated 454 state(s).
[t=0.0100178s, 17608 KB] Evaluations: 454
[t=0.0100178s, 17608 KB] Generated 804 state(s).
[t=0.0100178s, 17608 KB] Dead ends: 0 state(s).
[t=0.0100178s, 17608 KB] Number of registered states: 454
[t=0.0100178s, 17608 KB] Int hash set load factor: 454/512 = 0.886719
[t=0.0100178s, 17608 KB] Int hash set resizes: 9
[t=0.0100178s, 17608 KB] mean number of q cost that have been adjusted 0 times in relation to total number of q: -1
[t=0.0100178s, 17608 KB] mean number of q cost that have been adjusted 1 times in relation to total number of q: -1
[t=0.0100178s, 17608 KB] mean number of q cost that have been adjusted 2 times in relation to total number of q: -1
[t=0.0100178s, 17608 KB] mean number of q that are at some point overconsitent in relation to total number of q: -1
[t=0.0100178s, 17608 KB] mean number of q that are at first underconsisten in relation to total number of q: -1
[t=0.0100178s, 17608 KB] mean number of state variables that are not in common between two following states in relation to total number of state variables: -1
[t=0.0100178s, 17608 KB] variance number of state variables that are not in common between two following states in relation to total number of state variables: -1
[t=0.0100178s, 17608 KB] Search time: 0.00410286s
[t=0.0100178s, 17608 KB] Total time: 0.0100178s
Solution found.
Peak memory: 17608 KB
Remove intermediate file output.sas
search exit code: 0

INFO     Running validate.
INFO     validate stdin: None
INFO     validate time limit: None
INFO     validate memory limit: None
INFO     validate command line string: validate domain.pddl problem.pddl sas_plan
