INFO     Running translator.
INFO     translator stdin: None
INFO     translator time limit: 1799.96s
INFO     translator memory limit: 3584 MB
INFO     translator command line string: /infai/weidan00/downward/experiments/bachelor/.venv/bin/python3 /infai/weidan00/downward/experiments/bachelor/data/bachelor-v1/code-7aa5f34_e5e41175/builds/release/bin/translate/translate.py domain.pddl problem.pddl --sas-file output.sas
Parsing...
Parsing: [0.010s CPU, 0.004s wall-clock]
Normalizing task... [0.000s CPU, 0.000s wall-clock]
Instantiating...
Generating Datalog program... [0.000s CPU, 0.001s wall-clock]
Normalizing Datalog program...
Normalizing Datalog program: [0.000s CPU, 0.006s wall-clock]
Preparing model... [0.010s CPU, 0.002s wall-clock]
Generated 90 rules.
Computing model... [0.020s CPU, 0.013s wall-clock]
359 relevant atoms
1011 auxiliary atoms
1370 final queue length
1617 total queue pushes
Completing instantiation... [0.000s CPU, 0.005s wall-clock]
Instantiating: [0.030s CPU, 0.028s wall-clock]
Computing fact groups...
Finding invariants...
35 initial candidates
Finding invariants: [0.010s CPU, 0.005s wall-clock]
Checking invariant weight... [0.000s CPU, 0.000s wall-clock]
Instantiating groups... [0.000s CPU, 0.000s wall-clock]
Collecting mutex groups... [0.000s CPU, 0.000s wall-clock]
Choosing groups...
22 uncovered facts
Choosing groups: [0.000s CPU, 0.000s wall-clock]
Building translation key... [0.000s CPU, 0.000s wall-clock]
Computing fact groups: [0.010s CPU, 0.006s wall-clock]
Building STRIPS to SAS dictionary... [0.000s CPU, 0.000s wall-clock]
Building dictionary for full mutex groups... [0.000s CPU, 0.000s wall-clock]
Building mutex information...
Building mutex information: [0.000s CPU, 0.000s wall-clock]
Translating task...
Processing axioms...
Simplifying axioms... [0.000s CPU, 0.000s wall-clock]
Processing axioms: [0.000s CPU, 0.000s wall-clock]
Translating task: [0.010s CPU, 0.006s wall-clock]
27 effect conditions simplified
0 implied preconditions added
Detecting unreachable propositions...
0 operators removed
0 axioms removed
20 propositions removed
Detecting unreachable propositions: [0.000s CPU, 0.003s wall-clock]
Reordering and filtering variables...
22 of 30 variables necessary.
0 of 12 mutex groups necessary.
130 of 151 operators necessary.
0 of 0 axiom rules necessary.
Reordering and filtering variables: [0.000s CPU, 0.001s wall-clock]
Translator variables: 22
Translator derived variables: 0
Translator facts: 66
Translator goal facts: 6
Translator mutex groups: 0
Translator total mutex groups size: 0
Translator operators: 130
Translator axioms: 0
Translator task size: 614
Translator peak memory: 143308 KB
Writing output... [0.000s CPU, 0.004s wall-clock]
Done! [0.060s CPU, 0.053s wall-clock]
translate exit code: 0

INFO     Running search (release).
INFO     search stdin: output.sas
INFO     search time limit: 1799.85s
INFO     search memory limit: 3584 MB
INFO     search command line string: /infai/weidan00/downward/experiments/bachelor/data/bachelor-v1/code-7aa5f34_e5e41175/builds/release/bin/downward --search 'eager_wastar([pinch()], w=2)' --internal-plan-file sas_plan < output.sas
[t=6.2729e-05s, 17204 KB] reading input...
[t=0.00117008s, 17212 KB] done reading input!
[t=0.00297942s, 17476 KB] Simplifying 156 unary operators... done! [139 unary operators]
[t=0.00313543s, 17476 KB] time to simplify: 0.000206146s
[t=0.00321837s, 17476 KB] Initializing pinch heuristic...
[t=0.00333322s, 17476 KB] Building successor generator...done!
[t=0.00355255s, 17612 KB] peak memory difference for successor generator creation: 136 KB
[t=0.0035921s, 17612 KB] time for successor generation creation: 8.1854e-05s
[t=0.00363951s, 17612 KB] Variables: 22
[t=0.00368712s, 17612 KB] FactPairs: 66
[t=0.00372694s, 17612 KB] Bytes per state: 8
[t=0.00384281s, 17612 KB] Conducting best first search with reopening closed nodes, (real) bound = 2147483647
[t=0.0039597s, 17612 KB] New best heuristic value for pinch: 15
[t=0.00400239s, 17612 KB] g=0, 1 evaluated, 0 expanded
[t=0.00405234s, 17612 KB] Initial heuristic value for pinch: 15
[t=0.0040939s, 17612 KB] pruning method: none
[t=0.00420377s, 17612 KB] New best heuristic value for pinch: 14
[t=0.00424547s, 17612 KB] g=1, 9 evaluated, 1 expanded
[t=0.00436436s, 17612 KB] New best heuristic value for pinch: 13
[t=0.00440568s, 17612 KB] g=2, 20 evaluated, 2 expanded
[t=0.00455133s, 17612 KB] New best heuristic value for pinch: 12
[t=0.00459306s, 17612 KB] g=3, 36 evaluated, 3 expanded
[t=0.00471452s, 17612 KB] New best heuristic value for pinch: 11
[t=0.00475666s, 17612 KB] g=4, 51 evaluated, 4 expanded
[t=0.00490053s, 17612 KB] New best heuristic value for pinch: 10
[t=0.00494221s, 17612 KB] g=5, 69 evaluated, 5 expanded
[t=0.00506455s, 17612 KB] New best heuristic value for pinch: 9
[t=0.00510588s, 17612 KB] g=6, 84 evaluated, 6 expanded
[t=0.00525007s, 17612 KB] New best heuristic value for pinch: 8
[t=0.00529119s, 17612 KB] g=8, 103 evaluated, 8 expanded
[t=0.00547896s, 17612 KB] New best heuristic value for pinch: 7
[t=0.00552076s, 17612 KB] g=9, 127 evaluated, 9 expanded
[t=0.00559976s, 17612 KB] New best heuristic value for pinch: 6
[t=0.00564087s, 17612 KB] g=10, 130 evaluated, 10 expanded
[t=0.00574988s, 17612 KB] New best heuristic value for pinch: 5
[t=0.00579106s, 17612 KB] g=11, 143 evaluated, 11 expanded
[t=0.00621922s, 17612 KB] New best heuristic value for pinch: 4
[t=0.00626547s, 17612 KB] g=13, 231 evaluated, 19 expanded
[t=0.00637415s, 17612 KB] New best heuristic value for pinch: 3
[t=0.00641762s, 17612 KB] g=14, 245 evaluated, 20 expanded
[t=0.0068069s, 17612 KB] New best heuristic value for pinch: 2
[t=0.00685169s, 17612 KB] g=16, 325 evaluated, 29 expanded
[t=0.00693553s, 17612 KB] New best heuristic value for pinch: 1
[t=0.00697768s, 17612 KB] g=17, 334 evaluated, 30 expanded
[t=0.00707467s, 17612 KB] New best heuristic value for pinch: 0
[t=0.00711625s, 17612 KB] g=18, 347 evaluated, 31 expanded
[t=0.00716595s, 17612 KB] Solution found!
[t=0.00721219s, 17612 KB] Actual search time: 0.00311467s
sample_rock rover1 rover1store waypoint3 (1)
navigate rover1 waypoint3 waypoint0 (1)
communicate_rock_data rover1 general waypoint3 waypoint0 waypoint3 (1)
calibrate rover0 camera0 objective0 waypoint2 (1)
take_image rover0 waypoint2 objective0 camera0 high_res (1)
communicate_image_data rover0 general objective0 high_res waypoint2 waypoint3 (1)
sample_soil rover2 rover2store waypoint4 (1)
communicate_soil_data rover2 general waypoint4 waypoint4 waypoint3 (1)
drop rover2 rover2store (1)
sample_rock rover2 rover2store waypoint4 (1)
communicate_rock_data rover2 general waypoint4 waypoint4 waypoint3 (1)
sample_rock rover0 rover0store waypoint2 (1)
communicate_rock_data rover0 general waypoint2 waypoint2 waypoint3 (1)
drop rover0 rover0store (1)
navigate rover0 waypoint2 waypoint1 (1)
sample_soil rover0 rover0store waypoint1 (1)
navigate rover0 waypoint1 waypoint2 (1)
communicate_soil_data rover0 general waypoint1 waypoint2 waypoint3 (1)
[t=0.00725581s, 17612 KB] Plan length: 18 step(s).
[t=0.00725581s, 17612 KB] Plan cost: 18
[t=0.00725581s, 17612 KB] Expanded 32 state(s).
[t=0.00725581s, 17612 KB] Reopened 0 state(s).
[t=0.00725581s, 17612 KB] Evaluated 350 state(s).
[t=0.00725581s, 17612 KB] Evaluations: 350
[t=0.00725581s, 17612 KB] Generated 504 state(s).
[t=0.00725581s, 17612 KB] Dead ends: 0 state(s).
[t=0.00725581s, 17612 KB] Number of registered states: 350
[t=0.00725581s, 17612 KB] Int hash set load factor: 350/512 = 0.683594
[t=0.00725581s, 17612 KB] Int hash set resizes: 9
[t=0.00725581s, 17612 KB] mean number of q cost that have been adjusted 0 times in relation to total number of q: -1
[t=0.00725581s, 17612 KB] mean number of q cost that have been adjusted 1 times in relation to total number of q: -1
[t=0.00725581s, 17612 KB] mean number of q cost that have been adjusted 2 times in relation to total number of q: -1
[t=0.00725581s, 17612 KB] mean number of q that are at some point overconsitent in relation to total number of q: -1
[t=0.00725581s, 17612 KB] mean number of q that are at first underconsisten in relation to total number of q: -1
[t=0.00725581s, 17612 KB] mean number of state variables that are not in common between two following states in relation to total number of state variables: -1
[t=0.00725581s, 17612 KB] variance number of state variables that are not in common between two following states in relation to total number of state variables: -1
[t=0.00725581s, 17612 KB] Search time: 0.00341359s
[t=0.00725581s, 17612 KB] Total time: 0.00725581s
Solution found.
Peak memory: 17612 KB
Remove intermediate file output.sas
search exit code: 0

INFO     Running validate.
INFO     validate stdin: None
INFO     validate time limit: None
INFO     validate memory limit: None
INFO     validate command line string: validate domain.pddl problem.pddl sas_plan
