INFO     Running translator.
INFO     translator stdin: None
INFO     translator time limit: 1799.95s
INFO     translator memory limit: 3584 MB
INFO     translator command line string: /infai/weidan00/downward/experiments/bachelor/.venv/bin/python3 /infai/weidan00/downward/experiments/bachelor/data/bachelor-v1/code-7aa5f34_e5e41175/builds/release/bin/translate/translate.py domain.pddl problem.pddl --sas-file output.sas
Parsing...
Parsing: [8.410s CPU, 8.427s wall-clock]
Normalizing task... [2.560s CPU, 2.569s wall-clock]
Instantiating...
Generating Datalog program... [2.170s CPU, 2.179s wall-clock]
Normalizing Datalog program...
Normalizing Datalog program: [2.610s CPU, 2.620s wall-clock]
Preparing model... [4.400s CPU, 4.412s wall-clock]
Generated 169513 rules.
Computing model... [0.920s CPU, 0.923s wall-clock]
60918 relevant atoms
0 auxiliary atoms
60918 final queue length
169541 total queue pushes
Completing instantiation... [2.640s CPU, 2.651s wall-clock]
Instantiating: [12.960s CPU, 13.005s wall-clock]
Computing fact groups...
Finding invariants...
4146 initial candidates
Finding invariants: [30.730s CPU, 30.822s wall-clock]
Checking invariant weight... [0.000s CPU, 0.000s wall-clock]
Instantiating groups... [0.000s CPU, 0.000s wall-clock]
Collecting mutex groups... [0.010s CPU, 0.002s wall-clock]
Choosing groups...
4130 uncovered facts
Choosing groups: [0.000s CPU, 0.001s wall-clock]
Building translation key... [0.020s CPU, 0.019s wall-clock]
Computing fact groups: [30.810s CPU, 30.902s wall-clock]
Building STRIPS to SAS dictionary... [0.010s CPU, 0.009s wall-clock]
Building dictionary for full mutex groups... [0.010s CPU, 0.007s wall-clock]
Building mutex information...
Building mutex information: [0.000s CPU, 0.007s wall-clock]
Translating task...
Processing axioms...
Simplifying axioms... [0.000s CPU, 0.000s wall-clock]
Processing axioms: [0.150s CPU, 0.140s wall-clock]
Translating task: [4.540s CPU, 4.550s wall-clock]
57190 effect conditions simplified
0 implied preconditions added
Detecting unreachable propositions...
0 operators removed
0 axioms removed
1 propositions removed
Detecting unreachable propositions: [1.620s CPU, 1.617s wall-clock]
Reordering and filtering variables...
294 of 4132 variables necessary.
0 of 9 mutex groups necessary.
56770 of 56770 operators necessary.
0 of 0 axiom rules necessary.
Reordering and filtering variables: [0.520s CPU, 0.526s wall-clock]
Translator variables: 294
Translator derived variables: 0
Translator facts: 601
Translator goal facts: 19
Translator mutex groups: 0
Translator total mutex groups size: 0
Translator operators: 56770
Translator axioms: 0
Translator task size: 239838
Translator peak memory: 687964 KB
Writing output... [0.470s CPU, 0.530s wall-clock]
Done! [62.030s CPU, 62.259s wall-clock]
translate exit code: 0

INFO     Running search (release).
INFO     search stdin: output.sas
INFO     search time limit: 1737.63s
INFO     search memory limit: 3584 MB
INFO     search command line string: /infai/weidan00/downward/experiments/bachelor/data/bachelor-v1/code-7aa5f34_e5e41175/builds/release/bin/downward --search 'eager_wastar([pinch_tracking()], w=2)' --internal-plan-file sas_plan < output.sas
[t=6.8946e-05s, 17204 KB] reading input...
[t=0.27459s, 30060 KB] done reading input!
[t=0.289382s, 34156 KB] Simplifying 63826 unary operators... done! [10094 unary operators]
[t=0.311057s, 35092 KB] time to simplify: 0.0220377s
[t=0.31202s, 35092 KB] Initializing pinch tracking heuristic...
[t=0.312224s, 35092 KB] Building successor generator...done!
[t=0.331065s, 39172 KB] peak memory difference for successor generator creation: 4080 KB
[t=0.331126s, 39172 KB] time for successor generation creation: 0.0177877s
[t=0.33171s, 39172 KB] Variables: 294
[t=0.331792s, 39172 KB] FactPairs: 601
[t=0.331833s, 39172 KB] Bytes per state: 40
[t=0.331989s, 39172 KB] Conducting best first search with reopening closed nodes, (real) bound = 2147483647
[t=0.333194s, 39172 KB] New best heuristic value for pinch_tracking: 112
[t=0.333283s, 39172 KB] g=0, 1 evaluated, 0 expanded
[t=0.333344s, 39172 KB] Initial heuristic value for pinch_tracking: 112
[t=0.333387s, 39172 KB] pruning method: none
[t=0.333746s, 39172 KB] New best heuristic value for pinch_tracking: 92
[t=0.333799s, 39172 KB] g=1, 2 evaluated, 1 expanded
[t=0.334043s, 39172 KB] New best heuristic value for pinch_tracking: 84
[t=0.334091s, 39172 KB] g=1, 3 evaluated, 1 expanded
[t=0.334871s, 39172 KB] New best heuristic value for pinch_tracking: 83
[t=0.334943s, 39172 KB] g=1, 6 evaluated, 1 expanded
[t=0.339124s, 39172 KB] New best heuristic value for pinch_tracking: 82
[t=0.339232s, 39172 KB] g=2, 34 evaluated, 2 expanded
[t=1.03977s, 39172 KB] New best heuristic value for pinch_tracking: 81
[t=1.03989s, 39172 KB] g=4, 3597 evaluated, 65 expanded
[t=1.04662s, 39172 KB] New best heuristic value for pinch_tracking: 79
[t=1.04673s, 39172 KB] g=5, 3651 evaluated, 66 expanded
[t=1.05029s, 39172 KB] New best heuristic value for pinch_tracking: 78
[t=1.05041s, 39172 KB] g=6, 3665 evaluated, 67 expanded
[t=1.07677s, 39172 KB] New best heuristic value for pinch_tracking: 77
[t=1.07688s, 39172 KB] g=8, 3785 evaluated, 70 expanded
[t=1.29031s, 39172 KB] New best heuristic value for pinch_tracking: 75
[t=1.29042s, 39172 KB] g=10, 5215 evaluated, 112 expanded
[t=1.29422s, 39172 KB] New best heuristic value for pinch_tracking: 74
[t=1.29433s, 39172 KB] g=11, 5238 evaluated, 113 expanded
[t=1.31798s, 39172 KB] New best heuristic value for pinch_tracking: 73
[t=1.31809s, 39172 KB] g=13, 5344 evaluated, 116 expanded
[t=1.51143s, 39172 KB] New best heuristic value for pinch_tracking: 71
[t=1.51155s, 39172 KB] g=15, 6698 evaluated, 158 expanded
[t=1.5151s, 39172 KB] New best heuristic value for pinch_tracking: 70
[t=1.51521s, 39172 KB] g=16, 6721 evaluated, 159 expanded
[t=1.53663s, 39172 KB] New best heuristic value for pinch_tracking: 69
[t=1.53674s, 39172 KB] g=18, 6822 evaluated, 162 expanded
[t=1148.21s, 828296 KB] New best heuristic value for pinch_tracking: 68
[t=1148.21s, 828296 KB] g=20, 6920358 evaluated, 195370 expanded, 2278 reopened
[t=1465.12s, 1137212 KB] New best heuristic value for pinch_tracking: 67
[t=1465.12s, 1137212 KB] g=21, 8966359 evaluated, 261114 expanded, 11056 reopened
[t=1465.13s, 1137212 KB] New best heuristic value for pinch_tracking: 66
[t=1465.13s, 1137212 KB] g=22, 8966435 evaluated, 261115 expanded, 11056 reopened
[t=1467.95s, 1137212 KB] New best heuristic value for pinch_tracking: 65
[t=1467.95s, 1137212 KB] g=22, 8987188 evaluated, 261757 expanded, 11056 reopened
[t=1498.58s, 1137212 KB] New best heuristic value for pinch_tracking: 64
[t=1498.58s, 1137212 KB] g=23, 9203845 evaluated, 268344 expanded, 11056 reopened
Peak memory: 1218656 KB
caught signal 24 -- exiting
Time limit has been reached.
Remove intermediate file output.sas
search exit code: 23

Driver aborting after search
