INFO     Running translator.
INFO     translator stdin: None
INFO     translator time limit: 1799.94s
INFO     translator memory limit: 3584 MB
INFO     translator command line string: /infai/weidan00/downward/experiments/bachelor/.venv/bin/python3 /infai/weidan00/downward/experiments/bachelor/data/bachelor-v1/code-7aa5f34_e5e41175/builds/release/bin/translate/translate.py domain.pddl problem.pddl --sas-file output.sas
Parsing...
Parsing: [0.020s CPU, 0.009s wall-clock]
Normalizing task... [0.000s CPU, 0.001s wall-clock]
Instantiating...
Generating Datalog program... [0.000s CPU, 0.002s wall-clock]
Normalizing Datalog program...
Normalizing Datalog program: [0.000s CPU, 0.003s wall-clock]
Preparing model... [0.010s CPU, 0.004s wall-clock]
Generated 65 rules.
Computing model... [0.020s CPU, 0.021s wall-clock]
1085 relevant atoms
212 auxiliary atoms
1297 final queue length
3299 total queue pushes
Completing instantiation... [0.080s CPU, 0.090s wall-clock]
Instantiating: [0.120s CPU, 0.123s wall-clock]
Computing fact groups...
Finding invariants...
21 initial candidates
Finding invariants: [0.000s CPU, 0.008s wall-clock]
Checking invariant weight... [0.000s CPU, 0.000s wall-clock]
Instantiating groups... [0.000s CPU, 0.000s wall-clock]
Collecting mutex groups... [0.000s CPU, 0.000s wall-clock]
Choosing groups...
396 uncovered facts
Choosing groups: [0.000s CPU, 0.000s wall-clock]
Building translation key... [0.000s CPU, 0.003s wall-clock]
Computing fact groups: [0.010s CPU, 0.019s wall-clock]
Building STRIPS to SAS dictionary... [0.010s CPU, 0.002s wall-clock]
Building dictionary for full mutex groups... [0.000s CPU, 0.001s wall-clock]
Building mutex information...
Building mutex information: [0.000s CPU, 0.001s wall-clock]
Translating task...
Processing axioms...
Simplifying axioms... [0.000s CPU, 0.000s wall-clock]
Processing axioms: [0.010s CPU, 0.008s wall-clock]
Translating task: [0.130s CPU, 0.136s wall-clock]
2256 effect conditions simplified
0 implied preconditions added
Detecting unreachable propositions...
0 operators removed
0 axioms removed
18 propositions removed
Detecting unreachable propositions: [0.050s CPU, 0.049s wall-clock]
Reordering and filtering variables...
207 of 387 variables necessary.
0 of 0 mutex groups necessary.
529 of 529 operators necessary.
0 of 0 axiom rules necessary.
Reordering and filtering variables: [0.050s CPU, 0.046s wall-clock]
Translator variables: 207
Translator derived variables: 0
Translator facts: 414
Translator goal facts: 22
Translator mutex groups: 0
Translator total mutex groups size: 0
Translator operators: 529
Translator axioms: 0
Translator task size: 5093
Translator peak memory: 147916 KB
Writing output... [0.020s CPU, 0.020s wall-clock]
Done! [0.410s CPU, 0.410s wall-clock]
translate exit code: 0

INFO     Running search (release).
INFO     search stdin: output.sas
INFO     search time limit: 1799.45s
INFO     search memory limit: 3584 MB
INFO     search command line string: /infai/weidan00/downward/experiments/bachelor/data/bachelor-v1/code-7aa5f34_e5e41175/builds/release/bin/downward --search 'eager_wastar([pinch()], w=2)' --internal-plan-file sas_plan < output.sas
[t=7.9787e-05s, 17204 KB] reading input...
[t=0.00910752s, 17388 KB] done reading input!
[t=0.0123533s, 17940 KB] Simplifying 2226 unary operators... done! [1775 unary operators]
[t=0.0152178s, 18072 KB] time to simplify: 0.00301676s
[t=0.0156176s, 18072 KB] Initializing pinch heuristic...
[t=0.0158187s, 18072 KB] Building successor generator...done!
[t=0.0164853s, 18072 KB] peak memory difference for successor generator creation: 0 KB
[t=0.0165415s, 18072 KB] time for successor generation creation: 0.000481244s
[t=0.0166162s, 18072 KB] Variables: 207
[t=0.0166717s, 18072 KB] FactPairs: 414
[t=0.0167258s, 18072 KB] Bytes per state: 28
[t=0.0169452s, 18072 KB] Conducting best first search with reopening closed nodes, (real) bound = 2147483647
[t=0.0174005s, 18072 KB] New best heuristic value for pinch: 22
[t=0.0174827s, 18072 KB] g=0, 1 evaluated, 0 expanded
[t=0.0175565s, 18072 KB] Initial heuristic value for pinch: 22
[t=0.0176124s, 18072 KB] pruning method: none
[t=0.0185684s, 18072 KB] New best heuristic value for pinch: 21
[t=0.0186395s, 18072 KB] g=1, 13 evaluated, 1 expanded
[t=0.0576096s, 18072 KB] New best heuristic value for pinch: 20
[t=0.0577281s, 18072 KB] g=2, 627 evaluated, 2 expanded
[t=2.29241s, 20284 KB] New best heuristic value for pinch: 19
[t=2.29255s, 20284 KB] g=4, 38734 evaluated, 160 expanded
[t=2.30167s, 20284 KB] New best heuristic value for pinch: 18
[t=2.3018s, 20284 KB] g=5, 38870 evaluated, 161 expanded
[t=2.33135s, 20284 KB] New best heuristic value for pinch: 17
[t=2.33148s, 20284 KB] g=6, 39362 evaluated, 162 expanded
[t=3.77046s, 22384 KB] New best heuristic value for pinch: 16
[t=3.77059s, 22384 KB] g=8, 64234 evaluated, 266 expanded
[t=3.78166s, 22384 KB] New best heuristic value for pinch: 15
[t=3.78178s, 22384 KB] g=9, 64394 evaluated, 267 expanded
[t=3.80965s, 22384 KB] New best heuristic value for pinch: 14
[t=3.80978s, 22384 KB] g=10, 64869 evaluated, 268 expanded
[t=4.89956s, 23340 KB] New best heuristic value for pinch: 13
[t=4.89968s, 23340 KB] g=12, 88340 evaluated, 400 expanded
[t=16.24s, 43100 KB] New best heuristic value for pinch: 12
[t=16.2401s, 43100 KB] g=14, 404956 evaluated, 2812 expanded
[t=16.2538s, 43100 KB] New best heuristic value for pinch: 11
[t=16.2539s, 43100 KB] g=15, 405155 evaluated, 2813 expanded
[t=17.0518s, 44296 KB] New best heuristic value for pinch: 10
[t=17.0519s, 44296 KB] g=17, 428329 evaluated, 2954 expanded
[t=17.0581s, 44296 KB] New best heuristic value for pinch: 9
[t=17.0582s, 44296 KB] g=18, 428414 evaluated, 2955 expanded
[t=17.7644s, 45632 KB] New best heuristic value for pinch: 8
[t=17.7644s, 45632 KB] g=20, 453012 evaluated, 3107 expanded
[t=17.769s, 45632 KB] New best heuristic value for pinch: 7
[t=17.7691s, 45632 KB] g=21, 453122 evaluated, 3108 expanded
[t=18.3586s, 54360 KB] New best heuristic value for pinch: 6
[t=18.3587s, 54360 KB] g=23, 480331 evaluated, 3280 expanded
[t=22.0664s, 60792 KB] New best heuristic value for pinch: 5
[t=22.0665s, 60792 KB] g=25, 665112 evaluated, 4623 expanded
[t=22.0771s, 60792 KB] New best heuristic value for pinch: 4
[t=22.0771s, 60792 KB] g=26, 665374 evaluated, 4624 expanded
[t=1254.74s, 2835552 KB] New best heuristic value for pinch: 3
[t=1254.74s, 2835552 KB] g=28, 43660432 evaluated, 502356 expanded, 1551 reopened
[t=1255.92s, 2837552 KB] New best heuristic value for pinch: 2
[t=1255.92s, 2837552 KB] g=30, 43697188 evaluated, 502573 expanded, 1551 reopened
[t=1255.94s, 2837552 KB] New best heuristic value for pinch: 1
[t=1255.94s, 2837552 KB] g=31, 43697469 evaluated, 502574 expanded, 1551 reopened
Failed to allocate memory.
Memory limit has been reached.
Peak memory: 3422020 KB
Remove intermediate file output.sas
search exit code: 22

Driver aborting after search
