INFO     Running translator.
INFO     translator stdin: None
INFO     translator time limit: 1799.96s
INFO     translator memory limit: 3584 MB
INFO     translator command line string: /infai/weidan00/downward/experiments/bachelor/.venv/bin/python3 /infai/weidan00/downward/experiments/bachelor/data/bachelor-v1/code-7aa5f34_e5e41175/builds/release/bin/translate/translate.py domain.pddl problem.pddl --sas-file output.sas
Parsing...
Parsing: [0.010s CPU, 0.005s wall-clock]
Normalizing task... [0.000s CPU, 0.000s wall-clock]
Instantiating...
Generating Datalog program... [0.000s CPU, 0.001s wall-clock]
Normalizing Datalog program...
Normalizing Datalog program: [0.010s CPU, 0.007s wall-clock]
Preparing model... [0.000s CPU, 0.003s wall-clock]
Generated 125 rules.
Computing model... [0.070s CPU, 0.062s wall-clock]
3588 relevant atoms
1056 auxiliary atoms
4644 final queue length
15825 total queue pushes
Completing instantiation... [0.200s CPU, 0.209s wall-clock]
Instantiating: [0.280s CPU, 0.283s wall-clock]
Computing fact groups...
Finding invariants...
15 initial candidates
Finding invariants: [0.030s CPU, 0.022s wall-clock]
Checking invariant weight... [0.000s CPU, 0.001s wall-clock]
Instantiating groups... [0.000s CPU, 0.002s wall-clock]
Collecting mutex groups... [0.000s CPU, 0.000s wall-clock]
Choosing groups...
8 uncovered facts
Choosing groups: [0.000s CPU, 0.000s wall-clock]
Building translation key... [0.000s CPU, 0.000s wall-clock]
Computing fact groups: [0.030s CPU, 0.026s wall-clock]
Building STRIPS to SAS dictionary... [0.000s CPU, 0.000s wall-clock]
Building dictionary for full mutex groups... [0.000s CPU, 0.000s wall-clock]
Building mutex information...
not in strips_to_sas, left out: Atom bottomcol(c0)
not in strips_to_sas, left out: Atom bottomcol(d0)
not in strips_to_sas, left out: Atom bottomcol(h0)
not in strips_to_sas, left out: Atom bottomcol(s0)
Building mutex information: [0.000s CPU, 0.000s wall-clock]
Translating task...
Processing axioms...
Simplifying axioms... [0.000s CPU, 0.000s wall-clock]
Processing axioms: [0.010s CPU, 0.009s wall-clock]
Translating task: [0.220s CPU, 0.219s wall-clock]
1647 effect conditions simplified
0 implied preconditions added
Detecting unreachable propositions...
0 operators removed
0 axioms removed
12 propositions removed
Detecting unreachable propositions: [0.090s CPU, 0.092s wall-clock]
Reordering and filtering variables...
22 of 22 variables necessary.
22 of 34 mutex groups necessary.
3400 of 3400 operators necessary.
0 of 0 axiom rules necessary.
Reordering and filtering variables: [0.030s CPU, 0.036s wall-clock]
Translator variables: 22
Translator derived variables: 0
Translator facts: 92
Translator goal facts: 4
Translator mutex groups: 22
Translator total mutex groups size: 75
Translator operators: 3400
Translator axioms: 0
Translator task size: 28493
Translator peak memory: 163276 KB
Writing output... [0.050s CPU, 0.049s wall-clock]
Done! [0.720s CPU, 0.722s wall-clock]
translate exit code: 0

INFO     Running search (release).
INFO     search stdin: output.sas
INFO     search time limit: 1799.19s
INFO     search memory limit: 3584 MB
INFO     search command line string: /infai/weidan00/downward/experiments/bachelor/data/bachelor-v1/code-7aa5f34_e5e41175/builds/release/bin/downward --search 'eager_wastar([pinch()], w=2)' --internal-plan-file sas_plan < output.sas
[t=6.5403e-05s, 17204 KB] reading input...
[t=0.0243733s, 18324 KB] done reading input!
[t=0.0281695s, 19544 KB] Simplifying 13140 unary operators... done! [13140 unary operators]
[t=0.0426335s, 20672 KB] time to simplify: 0.0145535s
[t=0.0433302s, 20672 KB] Initializing pinch heuristic...
[t=0.0434837s, 20672 KB] Building successor generator...done!
[t=0.0452651s, 20672 KB] peak memory difference for successor generator creation: 0 KB
[t=0.0453072s, 20672 KB] time for successor generation creation: 0.00164457s
[t=0.0453777s, 20672 KB] Variables: 22
[t=0.0454188s, 20672 KB] FactPairs: 92
[t=0.0454584s, 20672 KB] Bytes per state: 8
[t=0.0456042s, 20672 KB] Conducting best first search with reopening closed nodes, (real) bound = 2147483647
[t=0.0469255s, 20672 KB] New best heuristic value for pinch: 12
[t=0.0469808s, 20672 KB] g=0, 1 evaluated, 0 expanded
[t=0.0470328s, 20672 KB] Initial heuristic value for pinch: 12
[t=0.0470747s, 20672 KB] pruning method: none
[t=0.0478917s, 20672 KB] New best heuristic value for pinch: 11
[t=0.0479424s, 20672 KB] g=1, 2 evaluated, 1 expanded
[t=0.0489678s, 20672 KB] New best heuristic value for pinch: 10
[t=0.0490182s, 20672 KB] g=1, 3 evaluated, 1 expanded
[t=0.0587763s, 20672 KB] New best heuristic value for pinch: 9
[t=0.0588436s, 20672 KB] g=2, 15 evaluated, 2 expanded
[t=0.0607714s, 20672 KB] New best heuristic value for pinch: 8
[t=0.0608272s, 20672 KB] g=2, 20 evaluated, 2 expanded
[t=0.0665175s, 20672 KB] New best heuristic value for pinch: 7
[t=0.0665878s, 20672 KB] g=3, 27 evaluated, 3 expanded
[t=0.0674991s, 20672 KB] New best heuristic value for pinch: 6
[t=0.0675503s, 20672 KB] g=3, 28 evaluated, 3 expanded
[t=0.0743427s, 20672 KB] New best heuristic value for pinch: 5
[t=0.0744071s, 20672 KB] g=4, 40 evaluated, 4 expanded
[t=0.0817422s, 20672 KB] New best heuristic value for pinch: 4
[t=0.0818058s, 20672 KB] g=5, 53 evaluated, 5 expanded
[t=0.0883658s, 20672 KB] New best heuristic value for pinch: 3
[t=0.0884274s, 20672 KB] g=6, 63 evaluated, 6 expanded
[t=0.092843s, 20672 KB] New best heuristic value for pinch: 2
[t=0.0929026s, 20672 KB] g=7, 71 evaluated, 7 expanded
[t=0.0961088s, 20672 KB] New best heuristic value for pinch: 1
[t=0.0961635s, 20672 KB] g=8, 77 evaluated, 8 expanded
[t=0.0984001s, 20672 KB] New best heuristic value for pinch: 0
[t=0.0984516s, 20672 KB] g=9, 81 evaluated, 9 expanded
[t=0.0987204s, 20672 KB] Solution found!
[t=0.0987687s, 20672 KB] Actual search time: 0.0516987s
sendtohome ha ca h n1 h0 n0 (1)
sendtofree c2 sa n4 n3 (1)
sendtohome sa d2 s n1 s0 n0 (1)
sendtohome-b ca c n1 c0 n0 n3 n4 (1)
sendtohome-b da d n1 d0 n0 n4 n5 (1)
sendtohome-b d2 d n2 da n1 n5 n6 (1)
sendtohome-b h2 h n2 ha n1 n6 n7 (1)
sendtohome-b s2 s n2 sa n1 n7 n8 (1)
homefromfreecell c2 c n2 ca n1 n3 n4 (1)
[t=0.0988208s, 20672 KB] Plan length: 9 step(s).
[t=0.0988208s, 20672 KB] Plan cost: 9
[t=0.0988208s, 20672 KB] Expanded 10 state(s).
[t=0.0988208s, 20672 KB] Reopened 0 state(s).
[t=0.0988208s, 20672 KB] Evaluated 82 state(s).
[t=0.0988208s, 20672 KB] Evaluations: 82
[t=0.0988208s, 20672 KB] Generated 82 state(s).
[t=0.0988208s, 20672 KB] Dead ends: 0 state(s).
[t=0.0988208s, 20672 KB] Number of registered states: 82
[t=0.0988208s, 20672 KB] Int hash set load factor: 82/128 = 0.640625
[t=0.0988208s, 20672 KB] Int hash set resizes: 7
[t=0.0988208s, 20672 KB] mean number of q cost that have been adjusted 0 times in relation to total number of q: -1
[t=0.0988208s, 20672 KB] mean number of q cost that have been adjusted 1 times in relation to total number of q: -1
[t=0.0988208s, 20672 KB] mean number of q cost that have been adjusted 2 times in relation to total number of q: -1
[t=0.0988208s, 20672 KB] mean number of q that are at some point overconsitent in relation to total number of q: -1
[t=0.0988208s, 20672 KB] mean number of q that are at first underconsisten in relation to total number of q: -1
[t=0.0988208s, 20672 KB] mean number of state variables that are not in common between two following states in relation to total number of state variables: -1
[t=0.0988208s, 20672 KB] variance number of state variables that are not in common between two following states in relation to total number of state variables: -1
[t=0.0988208s, 20672 KB] Search time: 0.0532171s
[t=0.0988208s, 20672 KB] Total time: 0.0988208s
Solution found.
Peak memory: 20672 KB
Remove intermediate file output.sas
search exit code: 0

INFO     Running validate.
INFO     validate stdin: None
INFO     validate time limit: None
INFO     validate memory limit: None
INFO     validate command line string: validate domain.pddl problem.pddl sas_plan
