INFO     Running translator.
INFO     translator stdin: None
INFO     translator time limit: 1799.96s
INFO     translator memory limit: 3584 MB
INFO     translator command line string: /infai/weidan00/downward/experiments/bachelor/.venv/bin/python3 /infai/weidan00/downward/experiments/bachelor/data/bachelor-v1/code-7aa5f34_e5e41175/builds/release/bin/translate/translate.py domain.pddl problem.pddl --sas-file output.sas
Parsing...
Parsing: [0.000s CPU, 0.005s wall-clock]
Normalizing task... [0.000s CPU, 0.000s wall-clock]
Instantiating...
Generating Datalog program... [0.000s CPU, 0.001s wall-clock]
Normalizing Datalog program...
Normalizing Datalog program: [0.000s CPU, 0.001s wall-clock]
Preparing model... [0.010s CPU, 0.004s wall-clock]
Generated 13 rules.
Computing model... [0.020s CPU, 0.020s wall-clock]
1561 relevant atoms
945 auxiliary atoms
2506 final queue length
4217 total queue pushes
Completing instantiation... [0.020s CPU, 0.027s wall-clock]
Instantiating: [0.050s CPU, 0.055s wall-clock]
Computing fact groups...
Finding invariants...
6 initial candidates
Finding invariants: [0.000s CPU, 0.001s wall-clock]
Checking invariant weight... [0.000s CPU, 0.000s wall-clock]
Instantiating groups... [0.000s CPU, 0.000s wall-clock]
Collecting mutex groups... [0.000s CPU, 0.000s wall-clock]
Choosing groups...
30 uncovered facts
Choosing groups: [0.000s CPU, 0.000s wall-clock]
Building translation key... [0.000s CPU, 0.000s wall-clock]
Computing fact groups: [0.010s CPU, 0.002s wall-clock]
Building STRIPS to SAS dictionary... [0.000s CPU, 0.000s wall-clock]
Building dictionary for full mutex groups... [0.000s CPU, 0.000s wall-clock]
Building mutex information...
Building mutex information: [0.000s CPU, 0.000s wall-clock]
Translating task...
Processing axioms...
Simplifying axioms... [0.000s CPU, 0.000s wall-clock]
Processing axioms: [0.000s CPU, 0.001s wall-clock]
Translating task: [0.020s CPU, 0.021s wall-clock]
15 effect conditions simplified
0 implied preconditions added
Detecting unreachable propositions...
0 operators removed
0 axioms removed
1 propositions removed
Detecting unreachable propositions: [0.010s CPU, 0.012s wall-clock]
Reordering and filtering variables...
31 of 31 variables necessary.
0 of 1 mutex groups necessary.
890 of 890 operators necessary.
0 of 0 axiom rules necessary.
Reordering and filtering variables: [0.000s CPU, 0.003s wall-clock]
Translator variables: 31
Translator derived variables: 0
Translator facts: 90
Translator goal facts: 15
Translator mutex groups: 0
Translator total mutex groups size: 0
Translator operators: 890
Translator axioms: 0
Translator task size: 2861
Translator peak memory: 145100 KB
Writing output... [0.010s CPU, 0.010s wall-clock]
Done! [0.100s CPU, 0.110s wall-clock]
translate exit code: 0

INFO     Running search (release).
INFO     search stdin: output.sas
INFO     search time limit: 1799.8s
INFO     search memory limit: 3584 MB
INFO     search command line string: /infai/weidan00/downward/experiments/bachelor/data/bachelor-v1/code-7aa5f34_e5e41175/builds/release/bin/downward --search 'eager_wastar([pinch_tracking()], w=2)' --internal-plan-file sas_plan < output.sas
[t=6.2861e-05s, 17204 KB] reading input...
[t=0.00353569s, 17352 KB] done reading input!
[t=0.00557796s, 17744 KB] Simplifying 915 unary operators... done! [915 unary operators]
[t=0.0060236s, 17744 KB] time to simplify: 0.000543498s
[t=0.00616911s, 17744 KB] Initializing pinch tracking heuristic...
[t=0.00629371s, 17744 KB] Building successor generator...done!
[t=0.00656902s, 17744 KB] peak memory difference for successor generator creation: 0 KB
[t=0.00660727s, 17744 KB] time for successor generation creation: 0.000149446s
[t=0.00665738s, 17744 KB] Variables: 31
[t=0.00669683s, 17744 KB] FactPairs: 90
[t=0.00673569s, 17744 KB] Bytes per state: 8
[t=0.00685434s, 17744 KB] Conducting best first search with reopening closed nodes, (real) bound = 2147483647
[t=0.00702514s, 17744 KB] New best heuristic value for pinch_tracking: 60
[t=0.00706813s, 17744 KB] g=0, 1 evaluated, 0 expanded
[t=0.00711849s, 17744 KB] Initial heuristic value for pinch_tracking: 60
[t=0.00715907s, 17744 KB] pruning method: none
[t=0.00722068s, 17744 KB] New best heuristic value for pinch_tracking: 59
[t=0.00726191s, 17744 KB] g=1, 2 evaluated, 1 expanded
[t=0.00732789s, 17744 KB] New best heuristic value for pinch_tracking: 58
[t=0.00736859s, 17744 KB] g=1, 5 evaluated, 1 expanded
[t=0.00745306s, 17744 KB] New best heuristic value for pinch_tracking: 57
[t=0.00749335s, 17744 KB] g=1, 11 evaluated, 1 expanded
[t=0.00768259s, 17744 KB] New best heuristic value for pinch_tracking: 56
[t=0.00772373s, 17744 KB] g=2, 31 evaluated, 3 expanded
[t=0.00785383s, 17744 KB] New best heuristic value for pinch_tracking: 55
[t=0.00789498s, 17744 KB] g=3, 42 evaluated, 4 expanded
[t=0.00807071s, 17744 KB] New best heuristic value for pinch_tracking: 52
[t=0.00811164s, 17744 KB] g=4, 61 evaluated, 6 expanded
[t=0.00816765s, 17744 KB] New best heuristic value for pinch_tracking: 51
[t=0.00820824s, 17744 KB] g=5, 63 evaluated, 7 expanded
[t=0.00827818s, 17744 KB] New best heuristic value for pinch_tracking: 50
[t=0.00831853s, 17744 KB] g=5, 66 evaluated, 7 expanded
[t=0.0083985s, 17744 KB] New best heuristic value for pinch_tracking: 49
[t=0.00843914s, 17744 KB] g=5, 72 evaluated, 7 expanded
[t=0.00861062s, 17744 KB] New best heuristic value for pinch_tracking: 48
[t=0.00865118s, 17744 KB] g=6, 91 evaluated, 9 expanded
[t=0.00871079s, 17744 KB] New best heuristic value for pinch_tracking: 47
[t=0.00875117s, 17744 KB] g=7, 93 evaluated, 10 expanded
[t=0.00882871s, 17744 KB] New best heuristic value for pinch_tracking: 46
[t=0.0088688s, 17744 KB] g=7, 99 evaluated, 10 expanded
[t=0.00897288s, 17744 KB] New best heuristic value for pinch_tracking: 45
[t=0.00901333s, 17744 KB] g=7, 109 evaluated, 10 expanded
[t=0.00913793s, 17744 KB] New best heuristic value for pinch_tracking: 44
[t=0.00917852s, 17744 KB] g=8, 121 evaluated, 12 expanded
[t=0.00923791s, 17744 KB] New best heuristic value for pinch_tracking: 43
[t=0.00927802s, 17744 KB] g=9, 123 evaluated, 13 expanded
[t=0.00940885s, 17744 KB] New best heuristic value for pinch_tracking: 41
[t=0.00945013s, 17744 KB] g=9, 135 evaluated, 13 expanded
[t=0.00960544s, 17744 KB] New best heuristic value for pinch_tracking: 40
[t=0.00964666s, 17744 KB] g=10, 151 evaluated, 14 expanded
[t=0.00987786s, 17744 KB] New best heuristic value for pinch_tracking: 39
[t=0.00991898s, 17744 KB] g=12, 181 evaluated, 16 expanded
[t=0.0100554s, 17744 KB] New best heuristic value for pinch_tracking: 38
[t=0.0100966s, 17744 KB] g=13, 196 evaluated, 17 expanded
[t=0.0102427s, 17744 KB] New best heuristic value for pinch_tracking: 36
[t=0.0102836s, 17744 KB] g=14, 211 evaluated, 19 expanded
[t=0.0103405s, 17744 KB] New best heuristic value for pinch_tracking: 35
[t=0.0103804s, 17744 KB] g=15, 213 evaluated, 20 expanded
[t=0.0104788s, 17744 KB] New best heuristic value for pinch_tracking: 34
[t=0.0105197s, 17744 KB] g=15, 222 evaluated, 20 expanded
[t=0.0106904s, 17744 KB] New best heuristic value for pinch_tracking: 33
[t=0.0107319s, 17744 KB] g=16, 241 evaluated, 22 expanded
[t=0.0108436s, 17744 KB] New best heuristic value for pinch_tracking: 32
[t=0.0108847s, 17744 KB] g=17, 252 evaluated, 23 expanded
[t=0.0111152s, 17744 KB] New best heuristic value for pinch_tracking: 31
[t=0.0111583s, 17744 KB] g=19, 276 evaluated, 26 expanded
[t=0.0112312s, 17744 KB] New best heuristic value for pinch_tracking: 30
[t=0.0112796s, 17744 KB] g=19, 281 evaluated, 26 expanded
[t=0.0114989s, 17744 KB] New best heuristic value for pinch_tracking: 29
[t=0.0115403s, 17744 KB] g=21, 307 evaluated, 30 expanded
[t=0.0116559s, 17744 KB] New best heuristic value for pinch_tracking: 28
[t=0.0116966s, 17744 KB] g=21, 319 evaluated, 30 expanded
[t=0.0118536s, 17744 KB] New best heuristic value for pinch_tracking: 27
[t=0.0118945s, 17744 KB] g=23, 334 evaluated, 35 expanded
[t=0.0119957s, 17744 KB] New best heuristic value for pinch_tracking: 26
[t=0.0120361s, 17744 KB] g=23, 344 evaluated, 35 expanded
[t=0.0122487s, 17744 KB] New best heuristic value for pinch_tracking: 25
[t=0.01229s, 17744 KB] g=25, 367 evaluated, 40 expanded
[t=0.0123625s, 17744 KB] New best heuristic value for pinch_tracking: 24
[t=0.0124039s, 17744 KB] g=25, 372 evaluated, 40 expanded
[t=0.0126028s, 17744 KB] New best heuristic value for pinch_tracking: 23
[t=0.0126437s, 17744 KB] g=27, 394 evaluated, 45 expanded
[t=0.0127556s, 17744 KB] New best heuristic value for pinch_tracking: 22
[t=0.0127957s, 17744 KB] g=27, 406 evaluated, 45 expanded
[t=0.012988s, 17744 KB] New best heuristic value for pinch_tracking: 21
[t=0.0130352s, 17744 KB] g=29, 427 evaluated, 50 expanded
[t=0.0131071s, 17744 KB] New best heuristic value for pinch_tracking: 20
[t=0.0131475s, 17744 KB] g=29, 432 evaluated, 50 expanded
[t=0.0133087s, 17744 KB] New best heuristic value for pinch_tracking: 19
[t=0.0133489s, 17744 KB] g=30, 451 evaluated, 51 expanded
[t=0.0135867s, 17744 KB] New best heuristic value for pinch_tracking: 18
[t=0.0136276s, 17744 KB] g=32, 481 evaluated, 55 expanded
[t=0.0136923s, 17744 KB] New best heuristic value for pinch_tracking: 17
[t=0.0137331s, 17744 KB] g=33, 484 evaluated, 56 expanded
[t=0.0139677s, 17744 KB] New best heuristic value for pinch_tracking: 16
[t=0.0140087s, 17744 KB] g=34, 511 evaluated, 60 expanded
[t=0.0141435s, 17744 KB] New best heuristic value for pinch_tracking: 15
[t=0.0141848s, 17744 KB] g=35, 517 evaluated, 61 expanded
[t=0.0143861s, 17744 KB] New best heuristic value for pinch_tracking: 14
[t=0.0144278s, 17744 KB] g=36, 541 evaluated, 64 expanded
[t=0.0145122s, 17744 KB] New best heuristic value for pinch_tracking: 13
[t=0.0145529s, 17744 KB] g=37, 547 evaluated, 65 expanded
[t=0.0147538s, 17744 KB] New best heuristic value for pinch_tracking: 12
[t=0.0147949s, 17744 KB] g=38, 571 evaluated, 68 expanded
[t=0.0148792s, 17744 KB] New best heuristic value for pinch_tracking: 11
[t=0.0149203s, 17744 KB] g=39, 577 evaluated, 69 expanded
[t=0.0151192s, 17744 KB] New best heuristic value for pinch_tracking: 10
[t=0.0151596s, 17744 KB] g=40, 601 evaluated, 72 expanded
[t=0.0152782s, 17744 KB] New best heuristic value for pinch_tracking: 9
[t=0.0153184s, 17744 KB] g=41, 613 evaluated, 73 expanded
[t=0.0154722s, 17744 KB] New best heuristic value for pinch_tracking: 8
[t=0.015513s, 17744 KB] g=42, 631 evaluated, 74 expanded
[t=0.0156352s, 17744 KB] New best heuristic value for pinch_tracking: 7
[t=0.0156759s, 17744 KB] g=43, 644 evaluated, 75 expanded
[t=0.0158356s, 17744 KB] New best heuristic value for pinch_tracking: 6
[t=0.0158851s, 17744 KB] g=44, 661 evaluated, 76 expanded
[t=0.0160497s, 17744 KB] New best heuristic value for pinch_tracking: 5
[t=0.016094s, 17744 KB] g=45, 679 evaluated, 77 expanded
[t=0.0162217s, 17744 KB] New best heuristic value for pinch_tracking: 4
[t=0.0162653s, 17744 KB] g=46, 691 evaluated, 78 expanded
[t=0.0164643s, 17744 KB] New best heuristic value for pinch_tracking: 3
[t=0.0165072s, 17744 KB] g=47, 715 evaluated, 79 expanded
[t=0.0165978s, 17744 KB] New best heuristic value for pinch_tracking: 2
[t=0.0166397s, 17744 KB] g=48, 721 evaluated, 80 expanded
[t=0.016855s, 17744 KB] New best heuristic value for pinch_tracking: 1
[t=0.016897s, 17744 KB] g=49, 750 evaluated, 81 expanded
[t=0.0169483s, 17744 KB] New best heuristic value for pinch_tracking: 0
[t=0.0169892s, 17744 KB] g=50, 751 evaluated, 82 expanded
[t=0.0170299s, 17744 KB] Solution found!
[t=0.0170774s, 17744 KB] Actual search time: 0.00991395s
up f0 f23 (1)
stop f23 (1)
up f23 f28 (1)
stop f28 (1)
down f28 f12 (1)
stop f12 (1)
down f12 f5 (1)
stop f5 (1)
up f5 f18 (1)
stop f18 (1)
down f18 f6 (1)
stop f6 (1)
up f6 f22 (1)
stop f22 (1)
up f22 f23 (1)
stop f23 (1)
down f23 f1 (1)
stop f1 (1)
up f1 f17 (1)
stop f17 (1)
down f17 f4 (1)
stop f4 (1)
up f4 f19 (1)
stop f19 (1)
down f19 f6 (1)
stop f6 (1)
up f6 f20 (1)
stop f20 (1)
down f20 f18 (1)
stop f18 (1)
down f18 f7 (1)
stop f7 (1)
up f7 f21 (1)
stop f21 (1)
down f21 f2 (1)
stop f2 (1)
up f2 f23 (1)
stop f23 (1)
down f23 f8 (1)
stop f8 (1)
up f8 f13 (1)
stop f13 (1)
down f13 f9 (1)
stop f9 (1)
up f9 f18 (1)
stop f18 (1)
up f18 f24 (1)
stop f24 (1)
up f24 f29 (1)
stop f29 (1)
[t=0.0171204s, 17744 KB] Plan length: 50 step(s).
[t=0.0171204s, 17744 KB] Plan cost: 50
[t=0.0171204s, 17744 KB] Expanded 83 state(s).
[t=0.0171204s, 17744 KB] Reopened 0 state(s).
[t=0.0171204s, 17744 KB] Evaluated 751 state(s).
[t=0.0171204s, 17744 KB] Evaluations: 751
[t=0.0171204s, 17744 KB] Generated 2459 state(s).
[t=0.0171204s, 17744 KB] Dead ends: 0 state(s).
[t=0.0171204s, 17744 KB] Number of registered states: 751
[t=0.0171204s, 17744 KB] Int hash set load factor: 751/1024 = 0.733398
[t=0.0171204s, 17744 KB] Int hash set resizes: 10
[t=0.0171204s, 17744 KB] mean number of q cost that have been adjusted 0 times in relation to total number of q: -1
[t=0.0171204s, 17744 KB] mean number of q cost that have been adjusted 1 times in relation to total number of q: -1
[t=0.0171204s, 17744 KB] mean number of q cost that have been adjusted 2 times in relation to total number of q: -1
[t=0.0171204s, 17744 KB] mean number of q that are at some point overconsitent in relation to total number of q: -1
[t=0.0171204s, 17744 KB] mean number of q that are at first underconsisten in relation to total number of q: -1
[t=0.0171204s, 17744 KB] mean number of state variables that are not in common between two following states in relation to total number of state variables: -1
[t=0.0171204s, 17744 KB] variance number of state variables that are not in common between two following states in relation to total number of state variables: -1
[t=0.0171204s, 17744 KB] Search time: 0.0102667s
[t=0.0171204s, 17744 KB] Total time: 0.0171204s
Solution found.
Peak memory: 17744 KB
Remove intermediate file output.sas
search exit code: 0

INFO     Running validate.
INFO     validate stdin: None
INFO     validate time limit: None
INFO     validate memory limit: None
INFO     validate command line string: validate domain.pddl problem.pddl sas_plan
