INFO     Running translator.
INFO     translator stdin: None
INFO     translator time limit: 1799.95s
INFO     translator memory limit: 3584 MB
INFO     translator command line string: /infai/weidan00/downward/experiments/bachelor/.venv/bin/python3 /infai/weidan00/downward/experiments/bachelor/data/bachelor-v1/code-7aa5f34_e5e41175/builds/release/bin/translate/translate.py domain.pddl problem.pddl --sas-file output.sas
Parsing...
Parsing: [0.000s CPU, 0.006s wall-clock]
Normalizing task... [0.000s CPU, 0.000s wall-clock]
Instantiating...
Generating Datalog program... [0.010s CPU, 0.002s wall-clock]
Normalizing Datalog program...
Normalizing Datalog program: [0.010s CPU, 0.010s wall-clock]
Preparing model... [0.000s CPU, 0.006s wall-clock]
Generated 126 rules.
Computing model... [1.920s CPU, 1.930s wall-clock]
84149 relevant atoms
37753 auxiliary atoms
121902 final queue length
465511 total queue pushes
Completing instantiation... [8.410s CPU, 8.419s wall-clock]
Instantiating: [10.390s CPU, 10.415s wall-clock]
Computing fact groups...
Finding invariants...
22 initial candidates
Finding invariants: [0.180s CPU, 0.178s wall-clock]
Checking invariant weight... [0.000s CPU, 0.001s wall-clock]
Instantiating groups... [0.010s CPU, 0.015s wall-clock]
Collecting mutex groups... [0.000s CPU, 0.001s wall-clock]
Choosing groups...
140 uncovered facts
Choosing groups: [0.000s CPU, 0.003s wall-clock]
Building translation key... [0.000s CPU, 0.002s wall-clock]
Computing fact groups: [0.210s CPU, 0.210s wall-clock]
Building STRIPS to SAS dictionary... [0.000s CPU, 0.001s wall-clock]
Building dictionary for full mutex groups... [0.000s CPU, 0.001s wall-clock]
Building mutex information...
Building mutex information: [0.000s CPU, 0.001s wall-clock]
Translating task...
Processing axioms...
Simplifying axioms... [0.000s CPU, 0.000s wall-clock]
Processing axioms: [0.320s CPU, 0.319s wall-clock]
Translating task: [6.300s CPU, 6.319s wall-clock]
31684 effect conditions simplified
0 implied preconditions added
Detecting unreachable propositions...
0 operators removed
0 axioms removed
111 propositions removed
Detecting unreachable propositions: [3.160s CPU, 3.168s wall-clock]
Reordering and filtering variables...
219 of 247 variables necessary.
5 of 112 mutex groups necessary.
79712 of 79712 operators necessary.
0 of 0 axiom rules necessary.
Reordering and filtering variables: [1.110s CPU, 1.110s wall-clock]
Translator variables: 219
Translator derived variables: 0
Translator facts: 1339
Translator goal facts: 9
Translator mutex groups: 5
Translator total mutex groups size: 140
Translator operators: 79712
Translator axioms: 0
Translator task size: 735571
Translator peak memory: 734576 KB
Writing output... [1.080s CPU, 1.193s wall-clock]
Done! [22.590s CPU, 22.766s wall-clock]
translate exit code: 0

INFO     Running search (release).
INFO     search stdin: output.sas
INFO     search time limit: 1777.16s
INFO     search memory limit: 3584 MB
INFO     search command line string: /infai/weidan00/downward/experiments/bachelor/data/bachelor-v1/code-7aa5f34_e5e41175/builds/release/bin/downward --search 'eager_wastar([pinch()], w=2)' --internal-plan-file sas_plan < output.sas
[t=8.6122e-05s, 17204 KB] reading input...
[t=0.663224s, 47656 KB] done reading input!
[t=0.715393s, 72088 KB] Simplifying 335304 unary operators... done! [335304 unary operators]
[t=1.85263s, 102148 KB] time to simplify: 1.13736s
[t=1.87317s, 102148 KB] Initializing pinch heuristic...
[t=1.87343s, 102148 KB] Building successor generator...done!
[t=1.93372s, 102148 KB] peak memory difference for successor generator creation: 0 KB
[t=1.93377s, 102148 KB] time for successor generation creation: 0.0600923s
[t=1.93451s, 102148 KB] Variables: 219
[t=1.9346s, 102148 KB] FactPairs: 1339
[t=1.93464s, 102148 KB] Bytes per state: 44
[t=1.93482s, 102148 KB] Conducting best first search with reopening closed nodes, (real) bound = 2147483647
[t=1.97705s, 102148 KB] New best heuristic value for pinch: 84
[t=1.97717s, 102148 KB] g=0, 1 evaluated, 0 expanded
[t=1.97723s, 102148 KB] Initial heuristic value for pinch: 84
[t=1.97727s, 102148 KB] pruning method: none
[t=2.02685s, 102148 KB] New best heuristic value for pinch: 83
[t=2.02697s, 102148 KB] g=1, 3 evaluated, 1 expanded
[t=2.18388s, 102148 KB] New best heuristic value for pinch: 80
[t=2.18402s, 102148 KB] g=1, 11 evaluated, 1 expanded
[t=2.70646s, 102148 KB] New best heuristic value for pinch: 79
[t=2.70659s, 102148 KB] g=2, 51 evaluated, 2 expanded
[t=3.03129s, 102148 KB] New best heuristic value for pinch: 78
[t=3.03143s, 102148 KB] g=2, 76 evaluated, 2 expanded
[t=3.03592s, 102148 KB] New best heuristic value for pinch: 76
[t=3.03604s, 102148 KB] g=2, 77 evaluated, 2 expanded
[t=3.39814s, 102148 KB] New best heuristic value for pinch: 75
[t=3.39826s, 102148 KB] g=3, 96 evaluated, 3 expanded
[t=3.49633s, 102148 KB] New best heuristic value for pinch: 74
[t=3.49645s, 102148 KB] g=3, 103 evaluated, 3 expanded
[t=4.12963s, 102148 KB] New best heuristic value for pinch: 73
[t=4.12976s, 102148 KB] g=4, 151 evaluated, 4 expanded
[t=4.39479s, 102148 KB] New best heuristic value for pinch: 72
[t=4.39492s, 102148 KB] g=4, 179 evaluated, 4 expanded
[t=4.73988s, 102148 KB] New best heuristic value for pinch: 71
[t=4.74001s, 102148 KB] g=5, 192 evaluated, 5 expanded
[t=4.90962s, 102148 KB] New best heuristic value for pinch: 70
[t=4.90975s, 102148 KB] g=5, 214 evaluated, 5 expanded
[t=5.38205s, 102148 KB] New best heuristic value for pinch: 69
[t=5.38216s, 102148 KB] g=6, 247 evaluated, 6 expanded
[t=16.9305s, 102148 KB] New best heuristic value for pinch: 67
[t=16.9306s, 102148 KB] g=8, 1261 evaluated, 26 expanded
[t=232.789s, 102148 KB] New best heuristic value for pinch: 65
[t=232.789s, 102148 KB] g=10, 22243 evaluated, 516 expanded
Peak memory: 109576 KB
caught signal 24 -- exiting
Time limit has been reached.
Remove intermediate file output.sas
search exit code: 23

Driver aborting after search
