INFO     Running translator.
INFO     translator stdin: None
INFO     translator time limit: 1799.96s
INFO     translator memory limit: 3584 MB
INFO     translator command line string: /infai/weidan00/downward/experiments/bachelor/.venv/bin/python3 /infai/weidan00/downward/experiments/bachelor/data/bachelor-v1/code-7aa5f34_e5e41175/builds/release/bin/translate/translate.py domain.pddl problem.pddl --sas-file output.sas
Parsing...
Parsing: [0.010s CPU, 0.002s wall-clock]
Normalizing task... [0.000s CPU, 0.000s wall-clock]
Instantiating...
Generating Datalog program... [0.000s CPU, 0.000s wall-clock]
Normalizing Datalog program...
Normalizing Datalog program: [0.000s CPU, 0.001s wall-clock]
Preparing model... [0.000s CPU, 0.001s wall-clock]
Generated 21 rules.
Computing model... [0.000s CPU, 0.007s wall-clock]
442 relevant atoms
297 auxiliary atoms
739 final queue length
1247 total queue pushes
Completing instantiation... [0.010s CPU, 0.011s wall-clock]
Instantiating: [0.010s CPU, 0.021s wall-clock]
Computing fact groups...
Finding invariants...
10 initial candidates
Finding invariants: [0.010s CPU, 0.005s wall-clock]
Checking invariant weight... [0.000s CPU, 0.000s wall-clock]
Instantiating groups... [0.000s CPU, 0.001s wall-clock]
Collecting mutex groups... [0.000s CPU, 0.000s wall-clock]
Choosing groups...
12 uncovered facts
Choosing groups: [0.000s CPU, 0.001s wall-clock]
Building translation key... [0.000s CPU, 0.000s wall-clock]
Computing fact groups: [0.010s CPU, 0.008s wall-clock]
Building STRIPS to SAS dictionary... [0.000s CPU, 0.000s wall-clock]
Building dictionary for full mutex groups... [0.000s CPU, 0.000s wall-clock]
Building mutex information...
Building mutex information: [0.000s CPU, 0.000s wall-clock]
Translating task...
Processing axioms...
Simplifying axioms... [0.000s CPU, 0.000s wall-clock]
Processing axioms: [0.000s CPU, 0.001s wall-clock]
Translating task: [0.020s CPU, 0.014s wall-clock]
352 effect conditions simplified
0 implied preconditions added
Detecting unreachable propositions...
0 operators removed
0 axioms removed
22 propositions removed
Detecting unreachable propositions: [0.000s CPU, 0.007s wall-clock]
Reordering and filtering variables...
23 of 23 variables necessary.
12 of 23 mutex groups necessary.
242 of 242 operators necessary.
0 of 0 axiom rules necessary.
Reordering and filtering variables: [0.010s CPU, 0.004s wall-clock]
Translator variables: 23
Translator derived variables: 0
Translator facts: 156
Translator goal facts: 10
Translator mutex groups: 12
Translator total mutex groups size: 144
Translator operators: 242
Translator axioms: 0
Translator task size: 2115
Translator peak memory: 143820 KB
Writing output... [0.000s CPU, 0.007s wall-clock]
Done! [0.070s CPU, 0.065s wall-clock]
translate exit code: 0

INFO     Running search (release).
INFO     search stdin: output.sas
INFO     search time limit: 1799.83s
INFO     search memory limit: 3584 MB
INFO     search command line string: /infai/weidan00/downward/experiments/bachelor/data/bachelor-v1/code-7aa5f34_e5e41175/builds/release/bin/downward --search 'eager_wastar([pinch_tracking()], w=2)' --internal-plan-file sas_plan < output.sas
[t=6.4185e-05s, 17204 KB] reading input...
[t=0.00218043s, 17344 KB] done reading input!
[t=0.00413884s, 17744 KB] Simplifying 946 unary operators... done! [726 unary operators]
[t=0.00480924s, 17744 KB] time to simplify: 0.000740928s
[t=0.00495489s, 17744 KB] Initializing pinch tracking heuristic...
[t=0.00507418s, 17744 KB] Building successor generator...done!
[t=0.00532006s, 17744 KB] peak memory difference for successor generator creation: 0 KB
[t=0.00535789s, 17744 KB] time for successor generation creation: 0.00012453s
[t=0.00540488s, 17744 KB] Variables: 23
[t=0.00544445s, 17744 KB] FactPairs: 156
[t=0.00548332s, 17744 KB] Bytes per state: 8
[t=0.00560973s, 17744 KB] Conducting best first search with reopening closed nodes, (real) bound = 2147483647
[t=0.00579703s, 17744 KB] New best heuristic value for pinch_tracking: 66
[t=0.00584116s, 17744 KB] g=0, 1 evaluated, 0 expanded
[t=0.00588812s, 17744 KB] Initial heuristic value for pinch_tracking: 66
[t=0.00592923s, 17744 KB] pruning method: none
[t=0.00624407s, 17744 KB] New best heuristic value for pinch_tracking: 63
[t=0.00629028s, 17744 KB] g=2, 4 evaluated, 2 expanded
[t=0.00635394s, 17744 KB] New best heuristic value for pinch_tracking: 58
[t=0.006396s, 17744 KB] g=2, 5 evaluated, 2 expanded
[t=0.00671031s, 17744 KB] New best heuristic value for pinch_tracking: 51
[t=0.0067562s, 17744 KB] g=4, 9 evaluated, 5 expanded
[t=0.0068591s, 17744 KB] New best heuristic value for pinch_tracking: 49
[t=0.00690165s, 17744 KB] g=4, 11 evaluated, 5 expanded
[t=0.00743632s, 17744 KB] New best heuristic value for pinch_tracking: 41
[t=0.00748333s, 17744 KB] g=6, 19 evaluated, 9 expanded
[t=0.00825038s, 17744 KB] New best heuristic value for pinch_tracking: 33
[t=0.00830332s, 17744 KB] g=8, 36 evaluated, 14 expanded
[t=0.0092652s, 17744 KB] New best heuristic value for pinch_tracking: 31
[t=0.00931412s, 17744 KB] g=10, 62 evaluated, 20 expanded
[t=0.00943735s, 17744 KB] New best heuristic value for pinch_tracking: 30
[t=0.00947962s, 17744 KB] g=10, 64 evaluated, 20 expanded
[t=0.00956168s, 17744 KB] New best heuristic value for pinch_tracking: 29
[t=0.00960344s, 17744 KB] g=10, 66 evaluated, 20 expanded
[t=0.0104674s, 17744 KB] New best heuristic value for pinch_tracking: 28
[t=0.0105144s, 17744 KB] g=12, 88 evaluated, 26 expanded
[t=0.0106167s, 17744 KB] New best heuristic value for pinch_tracking: 27
[t=0.0106587s, 17744 KB] g=12, 90 evaluated, 26 expanded
[t=0.010747s, 17744 KB] New best heuristic value for pinch_tracking: 26
[t=0.0107879s, 17744 KB] g=12, 93 evaluated, 26 expanded
[t=0.0118183s, 17744 KB] New best heuristic value for pinch_tracking: 24
[t=0.0118667s, 17744 KB] g=14, 125 evaluated, 33 expanded
[t=0.011954s, 17744 KB] New best heuristic value for pinch_tracking: 23
[t=0.0119951s, 17744 KB] g=14, 127 evaluated, 33 expanded
[t=0.01213s, 17744 KB] New best heuristic value for pinch_tracking: 22
[t=0.0121723s, 17744 KB] g=14, 131 evaluated, 33 expanded
[t=0.0134219s, 17744 KB] New best heuristic value for pinch_tracking: 21
[t=0.0134709s, 17744 KB] g=16, 178 evaluated, 41 expanded
[t=0.0135857s, 17744 KB] New best heuristic value for pinch_tracking: 20
[t=0.0136276s, 17744 KB] g=16, 182 evaluated, 41 expanded
[t=0.0149518s, 17744 KB] New best heuristic value for pinch_tracking: 17
[t=0.0150087s, 17744 KB] g=18, 240 evaluated, 50 expanded
[t=0.0167768s, 17744 KB] New best heuristic value for pinch_tracking: 16
[t=0.0168258s, 17744 KB] g=20, 327 evaluated, 60 expanded
[t=0.0182547s, 17744 KB] New best heuristic value for pinch_tracking: 15
[t=0.0183034s, 17744 KB] g=20, 389 evaluated, 69 expanded
[t=0.0197754s, 17744 KB] New best heuristic value for pinch_tracking: 14
[t=0.0198284s, 17744 KB] g=22, 454 evaluated, 78 expanded
[t=0.0221068s, 17744 KB] New best heuristic value for pinch_tracking: 13
[t=0.0221573s, 17744 KB] g=24, 545 evaluated, 94 expanded
[t=0.0304482s, 17744 KB] New best heuristic value for pinch_tracking: 12
[t=0.0305079s, 17744 KB] g=24, 865 evaluated, 154 expanded
[t=0.032191s, 17744 KB] New best heuristic value for pinch_tracking: 11
[t=0.0322373s, 17744 KB] g=26, 926 evaluated, 168 expanded
[t=0.0398488s, 17744 KB] New best heuristic value for pinch_tracking: 10
[t=0.0399058s, 17744 KB] g=28, 1159 evaluated, 234 expanded
[t=0.0515486s, 17744 KB] New best heuristic value for pinch_tracking: 9
[t=0.0516146s, 17744 KB] g=30, 1443 evaluated, 338 expanded
[t=0.0562885s, 17744 KB] New best heuristic value for pinch_tracking: 8
[t=0.0563416s, 17744 KB] g=32, 1540 evaluated, 390 expanded
[t=0.113497s, 17744 KB] New best heuristic value for pinch_tracking: 7
[t=0.113584s, 17744 KB] g=32, 3305 evaluated, 915 expanded
[t=0.114669s, 17744 KB] New best heuristic value for pinch_tracking: 6
[t=0.114716s, 17744 KB] g=34, 3331 evaluated, 925 expanded
[t=0.11541s, 17744 KB] New best heuristic value for pinch_tracking: 5
[t=0.115459s, 17744 KB] g=34, 3345 evaluated, 932 expanded
[t=0.115744s, 17744 KB] New best heuristic value for pinch_tracking: 4
[t=0.115789s, 17744 KB] g=34, 3349 evaluated, 935 expanded
[t=0.116093s, 17744 KB] New best heuristic value for pinch_tracking: 3
[t=0.116139s, 17744 KB] g=36, 3355 evaluated, 937 expanded
[t=0.116263s, 17744 KB] New best heuristic value for pinch_tracking: 2
[t=0.116305s, 17744 KB] g=36, 3356 evaluated, 939 expanded
[t=0.116486s, 17744 KB] New best heuristic value for pinch_tracking: 1
[t=0.116528s, 17744 KB] g=37, 3358 evaluated, 940 expanded
[t=0.116617s, 17744 KB] New best heuristic value for pinch_tracking: 0
[t=0.116659s, 17744 KB] g=38, 3359 evaluated, 941 expanded
[t=0.1167s, 17744 KB] Solution found!
[t=0.116743s, 17744 KB] Actual search time: 0.11081s
unstack b h (1)
put-down b (1)
unstack h k (1)
put-down h (1)
unstack k f (1)
put-down k (1)
unstack f c (1)
stack f k (1)
unstack i e (1)
put-down i (1)
unstack c d (1)
put-down c (1)
unstack d j (1)
put-down d (1)
unstack e g (1)
put-down e (1)
unstack j a (1)
stack j b (1)
pick-up a (1)
stack a f (1)
pick-up h (1)
stack h a (1)
unstack j b (1)
put-down j (1)
pick-up b (1)
stack b h (1)
pick-up j (1)
stack j b (1)
pick-up e (1)
stack e j (1)
pick-up d (1)
stack d e (1)
pick-up c (1)
stack c d (1)
pick-up g (1)
stack g c (1)
pick-up i (1)
stack i g (1)
[t=0.116786s, 17744 KB] Plan length: 38 step(s).
[t=0.116786s, 17744 KB] Plan cost: 38
[t=0.116786s, 17744 KB] Expanded 942 state(s).
[t=0.116786s, 17744 KB] Reopened 0 state(s).
[t=0.116786s, 17744 KB] Evaluated 3359 state(s).
[t=0.116786s, 17744 KB] Evaluations: 3359
[t=0.116786s, 17744 KB] Generated 5095 state(s).
[t=0.116786s, 17744 KB] Dead ends: 0 state(s).
[t=0.116786s, 17744 KB] Number of registered states: 3359
[t=0.116786s, 17744 KB] Int hash set load factor: 3359/4096 = 0.820068
[t=0.116786s, 17744 KB] Int hash set resizes: 12
[t=0.116786s, 17744 KB] mean number of q cost that have been adjusted 0 times in relation to total number of q: -1
[t=0.116786s, 17744 KB] mean number of q cost that have been adjusted 1 times in relation to total number of q: -1
[t=0.116786s, 17744 KB] mean number of q cost that have been adjusted 2 times in relation to total number of q: -1
[t=0.116786s, 17744 KB] mean number of q that are at some point overconsitent in relation to total number of q: -1
[t=0.116786s, 17744 KB] mean number of q that are at first underconsisten in relation to total number of q: -1
[t=0.116786s, 17744 KB] mean number of state variables that are not in common between two following states in relation to total number of state variables: -1
[t=0.116786s, 17744 KB] variance number of state variables that are not in common between two following states in relation to total number of state variables: -1
[t=0.116786s, 17744 KB] Search time: 0.111177s
[t=0.116786s, 17744 KB] Total time: 0.116786s
Solution found.
Peak memory: 17744 KB
Remove intermediate file output.sas
search exit code: 0

INFO     Running validate.
INFO     validate stdin: None
INFO     validate time limit: None
INFO     validate memory limit: None
INFO     validate command line string: validate domain.pddl problem.pddl sas_plan
