INFO     Running translator.
INFO     translator stdin: None
INFO     translator time limit: 1799.92s
INFO     translator memory limit: 3584 MB
INFO     translator command line string: /infai/weidan00/downward/experiments/bachelor/.venv/bin/python3 /infai/weidan00/downward/experiments/bachelor/data/bachelor-v1/code-7aa5f34_e5e41175/builds/release/bin/translate/translate.py domain.pddl problem.pddl --sas-file output.sas
Parsing...
Parsing: [0.000s CPU, 0.004s wall-clock]
Normalizing task... [0.000s CPU, 0.000s wall-clock]
Instantiating...
Generating Datalog program... [0.000s CPU, 0.001s wall-clock]
Normalizing Datalog program...
Normalizing Datalog program: [0.000s CPU, 0.006s wall-clock]
Preparing model... [0.010s CPU, 0.002s wall-clock]
Generated 45 rules.
Computing model... [0.000s CPU, 0.002s wall-clock]
56 relevant atoms
83 auxiliary atoms
139 final queue length
144 total queue pushes
Completing instantiation... [0.000s CPU, 0.001s wall-clock]
Instantiating: [0.010s CPU, 0.012s wall-clock]
Computing fact groups...
Finding invariants...
18 initial candidates
Finding invariants: [0.010s CPU, 0.009s wall-clock]
Checking invariant weight... [0.000s CPU, 0.000s wall-clock]
Instantiating groups... [0.000s CPU, 0.000s wall-clock]
Collecting mutex groups... [0.000s CPU, 0.000s wall-clock]
Choosing groups...
0 uncovered facts
Choosing groups: [0.000s CPU, 0.000s wall-clock]
Building translation key... [0.000s CPU, 0.000s wall-clock]
Computing fact groups: [0.010s CPU, 0.011s wall-clock]
Building STRIPS to SAS dictionary... [0.000s CPU, 0.000s wall-clock]
Building dictionary for full mutex groups... [0.000s CPU, 0.000s wall-clock]
Building mutex information...
Building mutex information: [0.000s CPU, 0.000s wall-clock]
Translating task...
Processing axioms...
Simplifying axioms... [0.000s CPU, 0.000s wall-clock]
Processing axioms: [0.000s CPU, 0.000s wall-clock]
Translating task: [0.000s CPU, 0.001s wall-clock]
0 effect conditions simplified
0 implied preconditions added
Detecting unreachable propositions...
0 operators removed
0 axioms removed
9 propositions removed
Detecting unreachable propositions: [0.000s CPU, 0.001s wall-clock]
Reordering and filtering variables...
9 of 9 variables necessary.
0 of 9 mutex groups necessary.
8 of 8 operators necessary.
0 of 0 axiom rules necessary.
Reordering and filtering variables: [0.000s CPU, 0.001s wall-clock]
Translator variables: 9
Translator derived variables: 0
Translator facts: 18
Translator goal facts: 2
Translator mutex groups: 0
Translator total mutex groups size: 0
Translator operators: 8
Translator axioms: 0
Translator task size: 71
Translator peak memory: 142284 KB
Writing output... [0.000s CPU, 0.002s wall-clock]
Done! [0.020s CPU, 0.033s wall-clock]
translate exit code: 0

INFO     Running search (release).
INFO     search stdin: output.sas
INFO     search time limit: 1799.8s
INFO     search memory limit: 3584 MB
INFO     search command line string: /infai/weidan00/downward/experiments/bachelor/data/bachelor-v1/code-7aa5f34_e5e41175/builds/release/bin/downward --search 'eager_wastar([pinch()], w=2)' --internal-plan-file sas_plan < output.sas
[t=7.9674e-05s, 17204 KB] reading input...
[t=0.00057847s, 17212 KB] done reading input!
[t=0.00318383s, 17476 KB] Simplifying 14 unary operators... done! [14 unary operators]
[t=0.00333771s, 17476 KB] time to simplify: 0.000225423s
[t=0.00342101s, 17476 KB] Initializing pinch heuristic...
[t=0.00358751s, 17476 KB] Building successor generator...done!
[t=0.00380451s, 17476 KB] peak memory difference for successor generator creation: 0 KB
[t=0.00386131s, 17476 KB] time for successor generation creation: 3.1574e-05s
[t=0.00392827s, 17476 KB] Variables: 9
[t=0.00398641s, 17476 KB] FactPairs: 18
[t=0.00404402s, 17476 KB] Bytes per state: 4
[t=0.00422677s, 17476 KB] Conducting best first search with reopening closed nodes, (real) bound = 2147483647
[t=0.00436023s, 17476 KB] New best heuristic value for pinch: 10
[t=0.00442454s, 17476 KB] g=0, 1 evaluated, 0 expanded
[t=0.00451293s, 17476 KB] Initial heuristic value for pinch: 10
[t=0.00457488s, 17476 KB] pruning method: none
[t=0.00465769s, 17476 KB] New best heuristic value for pinch: 8
[t=0.00472017s, 17476 KB] g=1, 2 evaluated, 1 expanded
[t=0.00478939s, 17476 KB] New best heuristic value for pinch: 7
[t=0.00485096s, 17476 KB] g=2, 3 evaluated, 2 expanded
[t=0.00493339s, 17476 KB] New best heuristic value for pinch: 6
[t=0.00499453s, 17476 KB] g=3, 6 evaluated, 3 expanded
[t=0.00507479s, 17476 KB] New best heuristic value for pinch: 5
[t=0.00513495s, 17476 KB] g=4, 9 evaluated, 4 expanded
[t=0.00520233s, 17476 KB] New best heuristic value for pinch: 4
[t=0.00526005s, 17476 KB] g=5, 10 evaluated, 5 expanded
[t=0.005342s, 17476 KB] New best heuristic value for pinch: 3
[t=0.00540212s, 17476 KB] g=6, 12 evaluated, 6 expanded
[t=0.00547233s, 17476 KB] New best heuristic value for pinch: 2
[t=0.00553112s, 17476 KB] g=6, 14 evaluated, 8 expanded
[t=0.00559817s, 17476 KB] New best heuristic value for pinch: 1
[t=0.00565843s, 17476 KB] g=7, 15 evaluated, 9 expanded
[t=0.00573998s, 17476 KB] New best heuristic value for pinch: 0
[t=0.00580102s, 17476 KB] g=8, 18 evaluated, 10 expanded
[t=0.00586097s, 17476 KB] Solution found!
[t=0.00592241s, 17476 KB] Actual search time: 0.00134098s
drive truck1 depot1 market1 (1)
buy truck1 goods2 market1 level0 level1 level0 level1 (1)
load goods2 truck1 market1 level0 level1 level0 level1 (1)
buy truck1 goods1 market1 level0 level1 level0 level1 (1)
load goods1 truck1 market1 level0 level1 level0 level1 (1)
drive truck1 market1 depot1 (1)
unload goods2 truck1 depot1 level0 level1 level0 level1 (1)
unload goods1 truck1 depot1 level0 level1 level0 level1 (1)
[t=0.00598494s, 17476 KB] Plan length: 8 step(s).
[t=0.00598494s, 17476 KB] Plan cost: 8
[t=0.00598494s, 17476 KB] Expanded 11 state(s).
[t=0.00598494s, 17476 KB] Reopened 0 state(s).
[t=0.00598494s, 17476 KB] Evaluated 18 state(s).
[t=0.00598494s, 17476 KB] Evaluations: 18
[t=0.00598494s, 17476 KB] Generated 20 state(s).
[t=0.00598494s, 17476 KB] Dead ends: 0 state(s).
[t=0.00598494s, 17476 KB] Number of registered states: 18
[t=0.00598494s, 17476 KB] Int hash set load factor: 18/32 = 0.5625
[t=0.00598494s, 17476 KB] Int hash set resizes: 5
[t=0.00598494s, 17476 KB] mean number of q cost that have been adjusted 0 times in relation to total number of q: -1
[t=0.00598494s, 17476 KB] mean number of q cost that have been adjusted 1 times in relation to total number of q: -1
[t=0.00598494s, 17476 KB] mean number of q cost that have been adjusted 2 times in relation to total number of q: -1
[t=0.00598494s, 17476 KB] mean number of q that are at some point overconsitent in relation to total number of q: -1
[t=0.00598494s, 17476 KB] mean number of q that are at first underconsisten in relation to total number of q: -1
[t=0.00598494s, 17476 KB] mean number of state variables that are not in common between two following states in relation to total number of state variables: -1
[t=0.00598494s, 17476 KB] variance number of state variables that are not in common between two following states in relation to total number of state variables: -1
[t=0.00598494s, 17476 KB] Search time: 0.00175905s
[t=0.00598494s, 17476 KB] Total time: 0.00598494s
Solution found.
Peak memory: 17476 KB
Remove intermediate file output.sas
search exit code: 0

INFO     Running validate.
INFO     validate stdin: None
INFO     validate time limit: None
INFO     validate memory limit: None
INFO     validate command line string: validate domain.pddl problem.pddl sas_plan
