INFO     Running translator.
INFO     translator stdin: None
INFO     translator time limit: 1799.95s
INFO     translator memory limit: 3584 MB
INFO     translator command line string: /infai/weidan00/downward/experiments/bachelor/.venv/bin/python3 /infai/weidan00/downward/experiments/bachelor/data/bachelor-v1/code-7aa5f34_e5e41175/builds/release/bin/translate/translate.py domain.pddl problem.pddl --sas-file output.sas
Parsing...
Parsing: [0.430s CPU, 0.431s wall-clock]
Normalizing task... [0.100s CPU, 0.092s wall-clock]
Instantiating...
Generating Datalog program... [0.050s CPU, 0.052s wall-clock]
Normalizing Datalog program...
Normalizing Datalog program: [0.300s CPU, 0.304s wall-clock]
Preparing model... [0.330s CPU, 0.336s wall-clock]
Generated 12481 rules.
Computing model... [0.570s CPU, 0.568s wall-clock]
11684 relevant atoms
22955 auxiliary atoms
34639 final queue length
51356 total queue pushes
Completing instantiation... [0.690s CPU, 0.689s wall-clock]
Instantiating: [1.980s CPU, 1.992s wall-clock]
Computing fact groups...
Finding invariants...
26 initial candidates
Finding invariants: [0.670s CPU, 0.667s wall-clock]
Checking invariant weight... [0.000s CPU, 0.006s wall-clock]
Instantiating groups... [0.310s CPU, 0.305s wall-clock]
Collecting mutex groups... [0.000s CPU, 0.005s wall-clock]
Choosing groups...
4428 uncovered facts
Choosing groups: [0.020s CPU, 0.014s wall-clock]
Building translation key... [0.020s CPU, 0.023s wall-clock]
Computing fact groups: [1.110s CPU, 1.113s wall-clock]
Building STRIPS to SAS dictionary... [0.010s CPU, 0.009s wall-clock]
Building dictionary for full mutex groups... [0.010s CPU, 0.011s wall-clock]
Building mutex information...
Building mutex information: [0.010s CPU, 0.012s wall-clock]
Translating task...
Processing axioms...
Simplifying axioms... [0.000s CPU, 0.000s wall-clock]
Processing axioms: [0.030s CPU, 0.022s wall-clock]
Translating task: [0.760s CPU, 0.757s wall-clock]
13817 effect conditions simplified
0 implied preconditions added
Detecting unreachable propositions...
0 operators removed
0 axioms removed
2123 propositions removed
Detecting unreachable propositions: [0.410s CPU, 0.421s wall-clock]
Reordering and filtering variables...
1533 of 3387 variables necessary.
258 of 282 mutex groups necessary.
4395 of 4395 operators necessary.
0 of 0 axiom rules necessary.
Reordering and filtering variables: [2.070s CPU, 2.075s wall-clock]
Translator variables: 1533
Translator derived variables: 0
Translator facts: 4495
Translator goal facts: 5
Translator mutex groups: 258
Translator total mutex groups size: 1547
Translator operators: 4395
Translator axioms: 0
Translator task size: 59739
Translator peak memory: 226948 KB
Writing output... [0.100s CPU, 0.109s wall-clock]
Done! [7.020s CPU, 7.052s wall-clock]
translate exit code: 0

INFO     Running search (release).
INFO     search stdin: output.sas
INFO     search time limit: 1792.85s
INFO     search memory limit: 3584 MB
INFO     search command line string: /infai/weidan00/downward/experiments/bachelor/data/bachelor-v1/code-7aa5f34_e5e41175/builds/release/bin/downward --search 'eager_wastar([add()], w=2)' --internal-plan-file sas_plan < output.sas
[t=6.7218e-05s, 17204 KB] reading input...
[t=0.0662774s, 20444 KB] done reading input!
[t=0.072878s, 23324 KB] Simplifying 19300 unary operators... done! [19172 unary operators]
[t=0.0915774s, 24892 KB] time to simplify: 0.0188125s
[t=0.0965804s, 26292 KB] Initializing additive heuristic...
[t=0.0968797s, 26292 KB] Building successor generator...done!
[t=0.100971s, 26292 KB] peak memory difference for successor generator creation: 0 KB
[t=0.101018s, 26292 KB] time for successor generation creation: 0.00389101s
[t=0.101124s, 26292 KB] Variables: 1533
[t=0.101165s, 26292 KB] FactPairs: 4495
[t=0.101204s, 26292 KB] Bytes per state: 200
[t=0.101359s, 26292 KB] Conducting best first search with reopening closed nodes, (real) bound = 2147483647
[t=0.102343s, 26292 KB] New best heuristic value for add: 817
[t=0.10244s, 26292 KB] g=0, 1 evaluated, 0 expanded
[t=0.102493s, 26292 KB] Initial heuristic value for add: 817
[t=0.102544s, 26292 KB] pruning method: none
[t=0.103499s, 26292 KB] New best heuristic value for add: 784
[t=0.103583s, 26292 KB] g=1, 2 evaluated, 1 expanded
[t=0.104249s, 26292 KB] New best heuristic value for add: 781
[t=0.104325s, 26292 KB] g=1, 3 evaluated, 1 expanded
[t=0.111123s, 26292 KB] New best heuristic value for add: 748
[t=0.111237s, 26292 KB] g=2, 15 evaluated, 2 expanded
[t=0.119124s, 26292 KB] New best heuristic value for add: 715
[t=0.119243s, 26292 KB] g=3, 29 evaluated, 3 expanded
[t=0.127156s, 26292 KB] New best heuristic value for add: 682
[t=0.127265s, 26292 KB] g=4, 43 evaluated, 4 expanded
[t=0.135173s, 26292 KB] New best heuristic value for add: 661
[t=0.135283s, 26292 KB] g=5, 57 evaluated, 5 expanded
[t=0.137641s, 26292 KB] New best heuristic value for add: 657
[t=0.137758s, 26292 KB] g=5, 61 evaluated, 5 expanded
[t=0.138403s, 26292 KB] New best heuristic value for add: 649
[t=0.138482s, 26292 KB] g=5, 62 evaluated, 5 expanded
[t=0.143527s, 26292 KB] New best heuristic value for add: 628
[t=0.143635s, 26292 KB] g=6, 71 evaluated, 6 expanded
[t=0.14655s, 26292 KB] New best heuristic value for add: 624
[t=0.146658s, 26292 KB] g=6, 76 evaluated, 6 expanded
[t=0.151797s, 26292 KB] New best heuristic value for add: 603
[t=0.151908s, 26292 KB] g=7, 85 evaluated, 7 expanded
[t=0.160433s, 26292 KB] New best heuristic value for add: 591
[t=0.16054s, 26292 KB] g=8, 100 evaluated, 8 expanded
[t=0.162316s, 26292 KB] New best heuristic value for add: 587
[t=0.162418s, 26292 KB] g=8, 103 evaluated, 8 expanded
[t=0.163076s, 26292 KB] New best heuristic value for add: 586
[t=0.163175s, 26292 KB] g=8, 104 evaluated, 8 expanded
[t=0.164872s, 26292 KB] New best heuristic value for add: 583
[t=0.164966s, 26292 KB] g=8, 107 evaluated, 8 expanded
[t=0.169023s, 26292 KB] New best heuristic value for add: 571
[t=0.169129s, 26292 KB] g=9, 114 evaluated, 9 expanded
[t=0.1709s, 26292 KB] New best heuristic value for add: 567
[t=0.170999s, 26292 KB] g=9, 117 evaluated, 9 expanded
[t=0.171652s, 26292 KB] New best heuristic value for add: 566
[t=0.171736s, 26292 KB] g=9, 118 evaluated, 9 expanded
[t=0.178578s, 26292 KB] New best heuristic value for add: 554
[t=0.178687s, 26292 KB] g=10, 130 evaluated, 10 expanded
[t=0.179946s, 26292 KB] New best heuristic value for add: 511
[t=0.180027s, 26292 KB] g=10, 132 evaluated, 10 expanded
[t=0.186885s, 26292 KB] New best heuristic value for add: 499
[t=0.186987s, 26292 KB] g=11, 144 evaluated, 11 expanded
[t=0.188758s, 26292 KB] New best heuristic value for add: 495
[t=0.188862s, 26292 KB] g=11, 147 evaluated, 11 expanded
[t=0.195877s, 26292 KB] New best heuristic value for add: 483
[t=0.195981s, 26292 KB] g=12, 159 evaluated, 12 expanded
[t=0.19724s, 26292 KB] New best heuristic value for add: 457
[t=0.197339s, 26292 KB] g=12, 161 evaluated, 12 expanded
[t=0.203773s, 26292 KB] New best heuristic value for add: 445
[t=0.203884s, 26292 KB] g=13, 172 evaluated, 13 expanded
[t=0.211998s, 26292 KB] New best heuristic value for add: 393
[t=0.212106s, 26292 KB] g=14, 186 evaluated, 14 expanded
[t=0.221701s, 26292 KB] New best heuristic value for add: 381
[t=0.221809s, 26292 KB] g=15, 203 evaluated, 15 expanded
[t=0.228058s, 26292 KB] New best heuristic value for add: 359
[t=0.228156s, 26292 KB] g=16, 214 evaluated, 16 expanded
[t=0.256677s, 26292 KB] New best heuristic value for add: 357
[t=0.256786s, 26292 KB] g=20, 266 evaluated, 22 expanded
[t=0.266565s, 26292 KB] New best heuristic value for add: 354
[t=0.266675s, 26292 KB] g=22, 284 evaluated, 24 expanded
[t=0.404416s, 26292 KB] New best heuristic value for add: 351
[t=0.404533s, 26292 KB] g=24, 538 evaluated, 55 expanded
[t=3.17529s, 26292 KB] New best heuristic value for add: 349
[t=3.17541s, 26292 KB] g=38, 5642 evaluated, 737 expanded
[t=3.18477s, 26292 KB] New best heuristic value for add: 346
[t=3.18488s, 26292 KB] g=40, 5659 evaluated, 739 expanded
[t=3.19372s, 26292 KB] New best heuristic value for add: 343
[t=3.19383s, 26292 KB] g=42, 5675 evaluated, 741 expanded
[t=3.20262s, 26292 KB] New best heuristic value for add: 340
[t=3.20274s, 26292 KB] g=44, 5691 evaluated, 743 expanded
[t=3.21253s, 26292 KB] New best heuristic value for add: 337
[t=3.21264s, 26292 KB] g=46, 5709 evaluated, 745 expanded
[t=3.22193s, 26292 KB] New best heuristic value for add: 334
[t=3.22206s, 26292 KB] g=48, 5726 evaluated, 747 expanded
[t=3.23131s, 26292 KB] New best heuristic value for add: 331
[t=3.23142s, 26292 KB] g=50, 5743 evaluated, 749 expanded
[t=3.2402s, 26292 KB] New best heuristic value for add: 328
[t=3.24031s, 26292 KB] g=52, 5759 evaluated, 751 expanded
[t=3.2491s, 26292 KB] New best heuristic value for add: 325
[t=3.24922s, 26292 KB] g=54, 5775 evaluated, 753 expanded
[t=3.25894s, 26292 KB] New best heuristic value for add: 322
[t=3.25905s, 26292 KB] g=56, 5793 evaluated, 755 expanded
[t=3.26824s, 26292 KB] New best heuristic value for add: 319
[t=3.26836s, 26292 KB] g=58, 5810 evaluated, 757 expanded
[t=3.27706s, 26292 KB] New best heuristic value for add: 317
[t=3.27718s, 26292 KB] g=60, 5826 evaluated, 759 expanded
[t=3.28535s, 26292 KB] New best heuristic value for add: 316
[t=3.28547s, 26292 KB] g=62, 5841 evaluated, 761 expanded
[t=3.28979s, 26292 KB] New best heuristic value for add: 312
[t=3.2899s, 26292 KB] g=63, 5849 evaluated, 762 expanded
[t=3.3547s, 26292 KB] New best heuristic value for add: 310
[t=3.35483s, 26292 KB] g=69, 5971 evaluated, 778 expanded
[t=3.35916s, 26292 KB] New best heuristic value for add: 306
[t=3.35927s, 26292 KB] g=70, 5979 evaluated, 779 expanded
[t=3.36357s, 26292 KB] New best heuristic value for add: 303
[t=3.36367s, 26292 KB] g=71, 5987 evaluated, 780 expanded
[t=3.3764s, 26292 KB] New best heuristic value for add: 302
[t=3.37652s, 26292 KB] g=74, 6011 evaluated, 783 expanded
[t=3.38083s, 26292 KB] New best heuristic value for add: 299
[t=3.38094s, 26292 KB] g=75, 6019 evaluated, 784 expanded
[t=3.38524s, 26292 KB] New best heuristic value for add: 297
[t=3.38534s, 26292 KB] g=76, 6027 evaluated, 785 expanded
[t=3.39017s, 26292 KB] New best heuristic value for add: 295
[t=3.39028s, 26292 KB] g=77, 6036 evaluated, 786 expanded
[t=3.39462s, 26292 KB] New best heuristic value for add: 294
[t=3.39474s, 26292 KB] g=78, 6044 evaluated, 787 expanded
[t=3.39905s, 26292 KB] New best heuristic value for add: 290
[t=3.39916s, 26292 KB] g=79, 6052 evaluated, 788 expanded
[t=3.40703s, 26292 KB] New best heuristic value for add: 286
[t=3.40714s, 26292 KB] g=80, 6067 evaluated, 789 expanded
[t=3.44743s, 26292 KB] New best heuristic value for add: 283
[t=3.44755s, 26292 KB] g=86, 6145 evaluated, 801 expanded
[t=3.97992s, 26508 KB] New best heuristic value for add: 280
[t=3.98005s, 26508 KB] g=98, 7170 evaluated, 953 expanded
[t=4.03492s, 26508 KB] New best heuristic value for add: 277
[t=4.03504s, 26508 KB] g=104, 7281 evaluated, 967 expanded
[t=4.07105s, 26508 KB] New best heuristic value for add: 274
[t=4.07118s, 26508 KB] g=110, 7355 evaluated, 977 expanded
[t=4.10514s, 26508 KB] New best heuristic value for add: 271
[t=4.10526s, 26508 KB] g=116, 7424 evaluated, 987 expanded
[t=4.13696s, 26508 KB] New best heuristic value for add: 268
[t=4.13708s, 26508 KB] g=122, 7488 evaluated, 997 expanded
[t=4.1524s, 26508 KB] New best heuristic value for add: 267
[t=4.15252s, 26508 KB] g=128, 7518 evaluated, 1003 expanded
[t=4.15768s, 26508 KB] New best heuristic value for add: 264
[t=4.1578s, 26508 KB] g=130, 7528 evaluated, 1005 expanded
[t=4.16291s, 26508 KB] New best heuristic value for add: 261
[t=4.16302s, 26508 KB] g=132, 7538 evaluated, 1007 expanded
[t=4.16862s, 26508 KB] New best heuristic value for add: 248
[t=4.16873s, 26508 KB] g=134, 7549 evaluated, 1009 expanded
[t=4.17461s, 26508 KB] New best heuristic value for add: 245
[t=4.17473s, 26508 KB] g=136, 7561 evaluated, 1011 expanded
[t=4.18022s, 26508 KB] New best heuristic value for add: 242
[t=4.18032s, 26508 KB] g=138, 7572 evaluated, 1013 expanded
[t=4.18578s, 26508 KB] New best heuristic value for add: 239
[t=4.18589s, 26508 KB] g=140, 7583 evaluated, 1015 expanded
[t=4.19096s, 26508 KB] New best heuristic value for add: 236
[t=4.19106s, 26508 KB] g=142, 7593 evaluated, 1017 expanded
[t=4.19612s, 26508 KB] New best heuristic value for add: 233
[t=4.19624s, 26508 KB] g=144, 7603 evaluated, 1019 expanded
[t=4.20216s, 26508 KB] New best heuristic value for add: 230
[t=4.20227s, 26508 KB] g=146, 7615 evaluated, 1021 expanded
[t=4.20776s, 26508 KB] New best heuristic value for add: 227
[t=4.20787s, 26508 KB] g=148, 7626 evaluated, 1023 expanded
[t=4.21332s, 26508 KB] New best heuristic value for add: 224
[t=4.21343s, 26508 KB] g=150, 7637 evaluated, 1025 expanded
[t=4.21844s, 26508 KB] New best heuristic value for add: 221
[t=4.21855s, 26508 KB] g=152, 7647 evaluated, 1027 expanded
[t=4.2243s, 26720 KB] New best heuristic value for add: 218
[t=4.2244s, 26720 KB] g=154, 7657 evaluated, 1029 expanded
[t=4.23032s, 26720 KB] New best heuristic value for add: 215
[t=4.23043s, 26720 KB] g=156, 7669 evaluated, 1031 expanded
[t=4.23589s, 26720 KB] New best heuristic value for add: 212
[t=4.236s, 26720 KB] g=158, 7680 evaluated, 1033 expanded
[t=4.24103s, 26720 KB] New best heuristic value for add: 209
[t=4.24114s, 26720 KB] g=160, 7690 evaluated, 1035 expanded
[t=4.24815s, 26720 KB] New best heuristic value for add: 205
[t=4.24826s, 26720 KB] g=163, 7704 evaluated, 1038 expanded
[t=4.25604s, 26720 KB] New best heuristic value for add: 202
[t=4.25615s, 26720 KB] g=165, 7720 evaluated, 1041 expanded
[t=4.26397s, 26720 KB] New best heuristic value for add: 199
[t=4.26408s, 26720 KB] g=167, 7736 evaluated, 1044 expanded
[t=4.27186s, 26720 KB] New best heuristic value for add: 196
[t=4.27197s, 26720 KB] g=169, 7752 evaluated, 1047 expanded
[t=4.27977s, 26720 KB] New best heuristic value for add: 193
[t=4.27988s, 26720 KB] g=171, 7768 evaluated, 1050 expanded
[t=4.28774s, 26720 KB] New best heuristic value for add: 190
[t=4.28785s, 26720 KB] g=173, 7784 evaluated, 1053 expanded
[t=4.29471s, 26720 KB] New best heuristic value for add: 187
[t=4.29484s, 26720 KB] g=175, 7798 evaluated, 1056 expanded
[t=4.30336s, 26720 KB] New best heuristic value for add: 184
[t=4.30347s, 26720 KB] g=177, 7816 evaluated, 1059 expanded
[t=4.31108s, 26720 KB] New best heuristic value for add: 181
[t=4.31119s, 26720 KB] g=179, 7832 evaluated, 1062 expanded
[t=4.31874s, 26720 KB] New best heuristic value for add: 178
[t=4.31886s, 26720 KB] g=181, 7848 evaluated, 1065 expanded
[t=4.32632s, 26720 KB] New best heuristic value for add: 175
[t=4.32643s, 26720 KB] g=183, 7864 evaluated, 1068 expanded
[t=4.33386s, 26720 KB] New best heuristic value for add: 172
[t=4.33397s, 26720 KB] g=185, 7880 evaluated, 1071 expanded
[t=4.34515s, 26720 KB] New best heuristic value for add: 167
[t=4.34526s, 26720 KB] g=189, 7904 evaluated, 1076 expanded
[t=4.35095s, 26720 KB] New best heuristic value for add: 165
[t=4.35106s, 26720 KB] g=191, 7916 evaluated, 1079 expanded
[t=4.37649s, 26720 KB] New best heuristic value for add: 164
[t=4.37661s, 26720 KB] g=197, 7972 evaluated, 1091 expanded
[t=4.37893s, 26720 KB] New best heuristic value for add: 160
[t=4.37905s, 26720 KB] g=198, 7977 evaluated, 1092 expanded
[t=4.38138s, 26720 KB] New best heuristic value for add: 156
[t=4.38148s, 26720 KB] g=199, 7982 evaluated, 1093 expanded
[t=4.39053s, 26720 KB] New best heuristic value for add: 153
[t=4.39064s, 26720 KB] g=203, 8002 evaluated, 1097 expanded
[t=4.39295s, 26720 KB] New best heuristic value for add: 150
[t=4.39305s, 26720 KB] g=204, 8007 evaluated, 1098 expanded
[t=4.39616s, 26720 KB] New best heuristic value for add: 149
[t=4.39626s, 26720 KB] g=205, 8014 evaluated, 1099 expanded
[t=4.39818s, 26720 KB] New best heuristic value for add: 147
[t=4.39828s, 26720 KB] g=206, 8018 evaluated, 1100 expanded
[t=4.40097s, 26720 KB] New best heuristic value for add: 145
[t=4.40108s, 26720 KB] g=207, 8024 evaluated, 1101 expanded
[t=4.40475s, 26720 KB] New best heuristic value for add: 144
[t=4.40486s, 26720 KB] g=208, 8032 evaluated, 1102 expanded
[t=6.01842s, 27516 KB] New best heuristic value for add: 143
[t=6.01854s, 27516 KB] g=207, 11417 evaluated, 2040 expanded
[t=6.02165s, 27516 KB] New best heuristic value for add: 140
[t=6.02175s, 27516 KB] g=209, 11424 evaluated, 2042 expanded
[t=6.02785s, 27516 KB] New best heuristic value for add: 135
[t=6.02796s, 27516 KB] g=213, 11438 evaluated, 2046 expanded
[t=6.04082s, 27516 KB] New best heuristic value for add: 129
[t=6.04093s, 27516 KB] g=218, 11468 evaluated, 2054 expanded
[t=6.0538s, 27516 KB] New best heuristic value for add: 127
[t=6.05392s, 27516 KB] g=223, 11498 evaluated, 2062 expanded
[t=6.05567s, 27516 KB] New best heuristic value for add: 122
[t=6.05578s, 27516 KB] g=224, 11502 evaluated, 2063 expanded
[t=6.06261s, 27516 KB] New best heuristic value for add: 120
[t=6.06272s, 27516 KB] g=228, 11518 evaluated, 2067 expanded
[t=6.06448s, 27516 KB] New best heuristic value for add: 116
[t=6.06458s, 27516 KB] g=229, 11522 evaluated, 2068 expanded
[t=6.0681s, 27516 KB] New best heuristic value for add: 113
[t=6.0682s, 27516 KB] g=231, 11530 evaluated, 2070 expanded
[t=6.07346s, 27516 KB] New best heuristic value for add: 110
[t=6.07356s, 27516 KB] g=234, 11542 evaluated, 2073 expanded
[t=6.07533s, 27516 KB] New best heuristic value for add: 108
[t=6.07543s, 27516 KB] g=235, 11546 evaluated, 2074 expanded
[t=6.07721s, 27516 KB] New best heuristic value for add: 106
[t=6.07731s, 27516 KB] g=236, 11550 evaluated, 2075 expanded
[t=6.07912s, 27516 KB] New best heuristic value for add: 105
[t=6.07922s, 27516 KB] g=237, 11554 evaluated, 2076 expanded
[t=6.08101s, 27516 KB] New best heuristic value for add: 101
[t=6.08111s, 27516 KB] g=238, 11558 evaluated, 2077 expanded
[t=6.08412s, 27516 KB] New best heuristic value for add: 97
[t=6.08423s, 27516 KB] g=239, 11565 evaluated, 2078 expanded
[t=6.19026s, 27648 KB] New best heuristic value for add: 92
[t=6.19038s, 27648 KB] g=242, 11799 evaluated, 2171 expanded
[t=6.19376s, 27648 KB] New best heuristic value for add: 87
[t=6.19387s, 27648 KB] g=246, 11807 evaluated, 2175 expanded
[t=6.19807s, 27648 KB] New best heuristic value for add: 81
[t=6.19817s, 27648 KB] g=251, 11817 evaluated, 2180 expanded
[t=6.20237s, 27648 KB] New best heuristic value for add: 80
[t=6.20248s, 27648 KB] g=256, 11827 evaluated, 2185 expanded
[t=6.20336s, 27648 KB] New best heuristic value for add: 74
[t=6.20346s, 27648 KB] g=257, 11829 evaluated, 2186 expanded
[t=6.20689s, 27648 KB] New best heuristic value for add: 73
[t=6.20699s, 27648 KB] g=261, 11837 evaluated, 2190 expanded
[t=6.20791s, 27648 KB] New best heuristic value for add: 68
[t=6.208s, 27648 KB] g=262, 11839 evaluated, 2191 expanded
[t=6.20977s, 27648 KB] New best heuristic value for add: 65
[t=6.20986s, 27648 KB] g=264, 11843 evaluated, 2193 expanded
[t=6.21245s, 27648 KB] New best heuristic value for add: 63
[t=6.21255s, 27648 KB] g=267, 11849 evaluated, 2196 expanded
[t=6.21345s, 27648 KB] New best heuristic value for add: 60
[t=6.21353s, 27648 KB] g=268, 11851 evaluated, 2197 expanded
[t=6.21445s, 27648 KB] New best heuristic value for add: 59
[t=6.21453s, 27648 KB] g=269, 11853 evaluated, 2198 expanded
[t=6.21543s, 27648 KB] New best heuristic value for add: 57
[t=6.21551s, 27648 KB] g=270, 11855 evaluated, 2199 expanded
[t=6.21642s, 27648 KB] New best heuristic value for add: 55
[t=6.2165s, 27648 KB] g=271, 11857 evaluated, 2200 expanded
[t=6.21779s, 27648 KB] New best heuristic value for add: 54
[t=6.21788s, 27648 KB] g=272, 11860 evaluated, 2201 expanded
[t=6.23626s, 27648 KB] New best heuristic value for add: 45
[t=6.23637s, 27648 KB] g=280, 11900 evaluated, 2240 expanded
[t=6.23897s, 27648 KB] New best heuristic value for add: 38
[t=6.23907s, 27648 KB] g=286, 11906 evaluated, 2246 expanded
[t=6.24246s, 27648 KB] New best heuristic value for add: 29
[t=6.24257s, 27648 KB] g=294, 11914 evaluated, 2254 expanded
[t=6.24554s, 27648 KB] New best heuristic value for add: 21
[t=6.24564s, 27648 KB] g=301, 11921 evaluated, 2261 expanded
[t=6.24655s, 27648 KB] New best heuristic value for add: 17
[t=6.24664s, 27648 KB] g=303, 11923 evaluated, 2263 expanded
[t=6.24712s, 27648 KB] New best heuristic value for add: 16
[t=6.24718s, 27648 KB] g=304, 11924 evaluated, 2264 expanded
[t=6.24768s, 27648 KB] New best heuristic value for add: 14
[t=6.24774s, 27648 KB] g=305, 11925 evaluated, 2265 expanded
[t=6.24858s, 27648 KB] New best heuristic value for add: 13
[t=6.24865s, 27648 KB] g=306, 11927 evaluated, 2266 expanded
[t=6.24944s, 27648 KB] New best heuristic value for add: 11
[t=6.24951s, 27648 KB] g=307, 11929 evaluated, 2267 expanded
[t=6.25s, 27648 KB] New best heuristic value for add: 10
[t=6.25007s, 27648 KB] g=308, 11930 evaluated, 2268 expanded
[t=6.25087s, 27648 KB] New best heuristic value for add: 8
[t=6.25093s, 27648 KB] g=309, 11932 evaluated, 2269 expanded
[t=6.25145s, 27648 KB] New best heuristic value for add: 7
[t=6.25151s, 27648 KB] g=310, 11933 evaluated, 2270 expanded
[t=6.25232s, 27648 KB] New best heuristic value for add: 5
[t=6.25238s, 27648 KB] g=311, 11935 evaluated, 2271 expanded
[t=6.25291s, 27648 KB] New best heuristic value for add: 4
[t=6.25297s, 27648 KB] g=312, 11936 evaluated, 2272 expanded
[t=6.25346s, 27648 KB] New best heuristic value for add: 2
[t=6.25352s, 27648 KB] g=313, 11937 evaluated, 2273 expanded
[t=6.25433s, 27648 KB] New best heuristic value for add: 1
[t=6.25439s, 27648 KB] g=314, 11939 evaluated, 2274 expanded
[t=6.25462s, 27648 KB] New best heuristic value for add: 0
[t=6.25468s, 27648 KB] g=315, 11940 evaluated, 2275 expanded
[t=6.25472s, 27648 KB] Solution found!
[t=6.2548s, 27648 KB] Actual search time: 6.15225s
pushback_seg_p101_0_76_seg_o1_c1a_0_60_south_south_medium airplane_daew8 (1)
move_seg_08l_a7b_0_161_245_seg_a8_a_0_157_785_south_south_medium airplane_cfbeg (1)
move_seg_a8_a_0_157_785_seg_a8_b_1_0_79_7559_south_south_medium airplane_cfbeg (1)
move_seg_a8_b_1_0_79_7559_seg_a8_b_0_80_6226_south_south_medium airplane_cfbeg (1)
pushback_seg_p107_0_76_seg_o1_c2b_0_60_south_south_medium airplane_daew9 (1)
pushback_seg_p112_0_76_seg_o1_c3b_0_60_south_south_medium airplane_daew0 (1)
move_seg_a8_b_0_80_6226_seg_m_a8d_0_120_934_south_north_medium airplane_cfbeg (1)
pushback_seg_p131_0_75_seg_o1_108d_0_45_south_south_medium airplane_daew3 (1)
pushback_seg_o1_c2b_0_60_seg_o1_c2d_0_60_south_north_medium airplane_daew9 (1)
startup_seg_o1_c2d_0_60_north_medium airplane_daew9 (1)
pushback_seg_o1_c3b_0_60_seg_o1_c3d_0_60_south_north_medium airplane_daew0 (1)
startup_seg_o1_c3d_0_60_north_medium airplane_daew0 (1)
pushback_seg_o1_c1a_0_60_seg_o1_c1c_0_80_south_north_medium airplane_daew8 (1)
startup_seg_o1_c1c_0_80_north_medium airplane_daew8 (1)
pushback_seg_o1_108d_0_45_seg_o1_108a_0_34_south_north_medium airplane_daew3 (1)
startup_seg_o1_108a_0_34_north_medium airplane_daew3 (1)
move_seg_m_a8d_0_120_934_seg_m_a8b_0_60_north_south_medium airplane_cfbeg (1)
move_seg_m_a8b_0_60_seg_n_a8a_0_60_south_north_medium airplane_cfbeg (1)
move_seg_o1_c3d_0_60_seg_o1_c3c_0_48_north_south_medium airplane_daew0 (1)
move_seg_o1_c3c_0_48_seg_o1_115a_0_34_south_north_medium airplane_daew0 (1)
move_seg_o1_115a_0_34_seg_o1_115c_0_34_north_south_medium airplane_daew0 (1)
move_seg_o1_115c_0_34_seg_o1_116a_0_34_south_north_medium airplane_daew0 (1)
move_seg_o1_116a_0_34_seg_o1_116c_0_34_north_south_medium airplane_daew0 (1)
move_seg_o1_116c_0_34_seg_o1_117a_0_34_south_north_medium airplane_daew0 (1)
move_seg_o1_117a_0_34_seg_o1_117c_0_34_north_south_medium airplane_daew0 (1)
move_seg_o1_117c_0_34_seg_o1_118a_0_34_south_north_medium airplane_daew0 (1)
move_seg_o1_118a_0_34_seg_o1_118c_0_34_north_south_medium airplane_daew0 (1)
move_seg_o1_118c_0_34_seg_o1_c4a_0_34_south_north_medium airplane_daew0 (1)
move_seg_o1_c4a_0_34_seg_o1_c4c_0_80_north_south_medium airplane_daew0 (1)
move_seg_o1_c4c_0_80_seg_c4_s6a_0_80_south_north_medium airplane_daew0 (1)
move_seg_c4_s6a_0_80_seg_c4_s6c_0_60_north_south_medium airplane_daew0 (1)
move_seg_c4_s6c_0_60_seg_w1_c4b_0_60_south_north_medium airplane_daew0 (1)
move_seg_w1_c4b_0_60_seg_w1_c4a_0_34_north_south_medium airplane_daew0 (1)
move_seg_w1_c4a_0_34_seg_w1_164c_0_34_south_north_medium airplane_daew0 (1)
move_seg_w1_164c_0_34_seg_w1_164a_0_34_north_south_medium airplane_daew0 (1)
move_seg_w1_164a_0_34_seg_w1_163c_0_34_south_north_medium airplane_daew0 (1)
move_seg_w1_163c_0_34_seg_w1_163a_0_34_north_south_medium airplane_daew0 (1)
move_seg_w1_163a_0_34_seg_w1_162c_0_34_south_north_medium airplane_daew0 (1)
move_seg_w1_162c_0_34_seg_w1_162a_0_34_north_south_medium airplane_daew0 (1)
move_seg_w1_162a_0_34_seg_w1_161c_0_34_south_north_medium airplane_daew0 (1)
move_seg_w1_161c_0_34_seg_w1_161a_0_34_north_south_medium airplane_daew0 (1)
move_seg_w1_161a_0_34_seg_w1_c3c_0_48_south_north_medium airplane_daew0 (1)
move_seg_w1_c3c_0_48_seg_w1_c3a_0_34_north_south_medium airplane_daew0 (1)
move_seg_w1_c3a_0_34_seg_w1_154c_0_34_south_north_medium airplane_daew0 (1)
move_seg_w1_154c_0_34_seg_w1_154a_0_34_north_south_medium airplane_daew0 (1)
move_seg_w1_154a_0_34_seg_w1_153c_0_34_south_north_medium airplane_daew0 (1)
move_seg_w1_153c_0_34_seg_w1_153a_0_34_north_south_medium airplane_daew0 (1)
move_seg_w1_153a_0_34_seg_w1_152c_0_34_south_north_medium airplane_daew0 (1)
move_seg_w1_152c_0_34_seg_w1_152a_0_34_north_south_medium airplane_daew0 (1)
move_seg_w1_152a_0_34_seg_w1_151c_0_34_south_north_medium airplane_daew0 (1)
move_seg_w1_151c_0_34_seg_w1_151a_0_34_north_south_medium airplane_daew0 (1)
move_seg_w1_151a_0_34_seg_w1_c2c_0_34_south_north_medium airplane_daew0 (1)
move_seg_w1_c2c_0_34_seg_w1_c2a_0_60_north_south_medium airplane_daew0 (1)
move_seg_w1_c2a_0_60_seg_w1_143c_0_60_south_north_medium airplane_daew0 (1)
move_seg_w1_143c_0_60_seg_w1_143a_0_34_north_south_medium airplane_daew0 (1)
move_seg_w1_143a_0_34_seg_w1_142c_0_34_south_north_medium airplane_daew0 (1)
move_seg_w1_142c_0_34_seg_w1_142a_0_34_north_south_medium airplane_daew0 (1)
move_seg_w1_142a_0_34_seg_w1_141c_0_34_south_north_medium airplane_daew0 (1)
move_seg_w1_141c_0_34_seg_w1_141a_0_34_north_south_medium airplane_daew0 (1)
move_seg_w1_141a_0_34_seg_w1_c1c_0_34_south_north_medium airplane_daew0 (1)
move_seg_w1_c1c_0_34_seg_w1_c1a_0_60_north_south_medium airplane_daew0 (1)
move_seg_w1_c1a_0_60_seg_n1_0_108_south_north_medium airplane_daew0 (1)
move_seg_n1_0_108_seg_n_a3c_0_60_north_north_medium airplane_daew0 (1)
move_seg_n_a3c_0_60_seg_n_a3d_0_60_north_south_medium airplane_daew0 (1)
move_seg_n_a3d_0_60_seg_n_a2a3f_0_115_south_north_medium airplane_daew0 (1)
move_seg_n_a2a3f_0_115_seg_n_a2a3e_0_75_north_north_medium airplane_daew0 (1)
move_seg_n_a2a3e_0_75_seg_n_a2a3d_0_75_north_north_medium airplane_daew0 (1)
move_seg_n_a2a3d_0_75_seg_n_a2a3c_0_75_north_north_medium airplane_daew0 (1)
move_seg_n_a2a3c_0_75_seg_n_a2a3b_0_75_north_north_medium airplane_daew0 (1)
move_seg_n_a2a3b_0_75_seg_n_a2a3a_0_75_north_north_medium airplane_daew0 (1)
move_seg_n_a2a3a_0_75_seg_n_a2b_0_60_north_north_medium airplane_daew0 (1)
move_seg_n_a2b_0_60_seg_n_a2a_0_60_north_south_medium airplane_daew0 (1)
move_seg_n_a2a_0_60_seg_a2_c_0_100_south_north_medium airplane_daew0 (1)
move_seg_a2_c_0_100_seg_a2_b_0_90_north_north_medium airplane_daew0 (1)
move_seg_a2_b_0_90_seg_a2_a_0_90_north_north_medium airplane_daew0 (1)
move_seg_a2_a_0_90_seg_08l_a2b_0_80_north_north_medium airplane_daew0 (1)
move_seg_08l_a2b_0_80_seg_08l_a2a_0_80_north_south_medium airplane_daew0 (1)
move_seg_08l_a2a_0_80_seg_08l_a2a3_0_970_south_south_medium airplane_daew0 (1)
move_seg_08l_a2a3_0_970_seg_08l_0_80_south_north_medium airplane_daew0 (1)
takeoff_seg_08l_0_80_north airplane_daew0 (1)
move_seg_o1_c1c_0_80_seg_o1_c1b_0_34_north_south_medium airplane_daew8 (1)
move_seg_o1_c1b_0_34_seg_o1_102a_0_34_south_north_medium airplane_daew8 (1)
move_seg_o1_102a_0_34_seg_o1_102c_0_34_north_south_medium airplane_daew8 (1)
move_seg_o1_102c_0_34_seg_o1_103a_0_34_south_north_medium airplane_daew8 (1)
move_seg_o1_103a_0_34_seg_o1_103c_0_34_north_south_medium airplane_daew8 (1)
move_seg_o1_103c_0_34_seg_o1_104a_0_34_south_north_medium airplane_daew8 (1)
move_seg_o1_108a_0_34_seg_o1_108c_0_34_north_south_medium airplane_daew3 (1)
move_seg_o1_108c_0_34_seg_o1_109a_0_34_south_north_medium airplane_daew3 (1)
move_seg_o1_c2d_0_60_seg_o1_c2c_0_34_north_south_medium airplane_daew9 (1)
move_seg_o1_c2c_0_34_seg_o1_108a_0_34_south_north_medium airplane_daew9 (1)
move_seg_o1_104a_0_34_seg_o1_104c_0_60_north_south_medium airplane_daew8 (1)
move_seg_o1_104c_0_60_seg_o1_c2a_0_60_south_north_medium airplane_daew8 (1)
move_seg_o1_109a_0_34_seg_o1_109c_0_34_north_south_medium airplane_daew3 (1)
move_seg_o1_109c_0_34_seg_o1_110a_0_34_south_north_medium airplane_daew3 (1)
move_seg_o1_108a_0_34_seg_o1_108c_0_34_north_south_medium airplane_daew9 (1)
move_seg_o1_108c_0_34_seg_o1_109a_0_34_south_north_medium airplane_daew9 (1)
move_seg_o1_c2a_0_60_seg_o1_c2c_0_34_north_south_medium airplane_daew8 (1)
move_seg_o1_c2c_0_34_seg_o1_108a_0_34_south_north_medium airplane_daew8 (1)
move_seg_o1_110a_0_34_seg_o1_110c_0_34_north_south_medium airplane_daew3 (1)
move_seg_o1_110c_0_34_seg_o1_111a_0_34_south_north_medium airplane_daew3 (1)
move_seg_o1_109a_0_34_seg_o1_109c_0_34_north_south_medium airplane_daew9 (1)
move_seg_o1_109c_0_34_seg_o1_110a_0_34_south_north_medium airplane_daew9 (1)
move_seg_o1_108a_0_34_seg_o1_108c_0_34_north_south_medium airplane_daew8 (1)
move_seg_o1_108c_0_34_seg_o1_109a_0_34_south_north_medium airplane_daew8 (1)
move_seg_o1_111a_0_34_seg_o1_111c_0_34_north_south_medium airplane_daew3 (1)
move_seg_o1_111c_0_34_seg_o1_c3a_0_34_south_north_medium airplane_daew3 (1)
move_seg_o1_110a_0_34_seg_o1_110c_0_34_north_south_medium airplane_daew9 (1)
move_seg_o1_110c_0_34_seg_o1_111a_0_34_south_north_medium airplane_daew9 (1)
move_seg_o1_109a_0_34_seg_o1_109c_0_34_north_south_medium airplane_daew8 (1)
move_seg_o1_109c_0_34_seg_o1_110a_0_34_south_north_medium airplane_daew8 (1)
move_seg_o1_c3a_0_34_seg_o1_c3c_0_48_north_south_medium airplane_daew3 (1)
move_seg_o1_c3c_0_48_seg_o1_115a_0_34_south_north_medium airplane_daew3 (1)
move_seg_o1_111a_0_34_seg_o1_111c_0_34_north_south_medium airplane_daew9 (1)
move_seg_o1_111c_0_34_seg_o1_c3a_0_34_south_north_medium airplane_daew9 (1)
move_seg_o1_110a_0_34_seg_o1_110c_0_34_north_south_medium airplane_daew8 (1)
move_seg_o1_110c_0_34_seg_o1_111a_0_34_south_north_medium airplane_daew8 (1)
move_seg_o1_115a_0_34_seg_o1_115c_0_34_north_south_medium airplane_daew3 (1)
move_seg_o1_115c_0_34_seg_o1_116a_0_34_south_north_medium airplane_daew3 (1)
move_seg_o1_c3a_0_34_seg_o1_c3c_0_48_north_south_medium airplane_daew9 (1)
move_seg_o1_c3c_0_48_seg_o1_115a_0_34_south_north_medium airplane_daew9 (1)
move_seg_o1_111a_0_34_seg_o1_111c_0_34_north_south_medium airplane_daew8 (1)
move_seg_o1_111c_0_34_seg_o1_c3a_0_34_south_north_medium airplane_daew8 (1)
move_seg_o1_116a_0_34_seg_o1_116c_0_34_north_south_medium airplane_daew3 (1)
move_seg_o1_116c_0_34_seg_o1_117a_0_34_south_north_medium airplane_daew3 (1)
move_seg_o1_117a_0_34_seg_o1_117c_0_34_north_south_medium airplane_daew3 (1)
move_seg_o1_117c_0_34_seg_o1_118a_0_34_south_north_medium airplane_daew3 (1)
move_seg_o1_118a_0_34_seg_o1_118c_0_34_north_south_medium airplane_daew3 (1)
move_seg_o1_118c_0_34_seg_o1_c4a_0_34_south_north_medium airplane_daew3 (1)
move_seg_o1_c4a_0_34_seg_o1_c4c_0_80_north_south_medium airplane_daew3 (1)
move_seg_o1_c4c_0_80_seg_c4_s6a_0_80_south_north_medium airplane_daew3 (1)
move_seg_c4_s6a_0_80_seg_c4_s6c_0_60_north_south_medium airplane_daew3 (1)
move_seg_c4_s6c_0_60_seg_w1_c4b_0_60_south_north_medium airplane_daew3 (1)
move_seg_w1_c4b_0_60_seg_w1_c4a_0_34_north_south_medium airplane_daew3 (1)
move_seg_w1_c4a_0_34_seg_w1_164c_0_34_south_north_medium airplane_daew3 (1)
move_seg_w1_164c_0_34_seg_w1_164a_0_34_north_south_medium airplane_daew3 (1)
move_seg_w1_164a_0_34_seg_w1_163c_0_34_south_north_medium airplane_daew3 (1)
move_seg_w1_163c_0_34_seg_w1_163a_0_34_north_south_medium airplane_daew3 (1)
move_seg_w1_163a_0_34_seg_w1_162c_0_34_south_north_medium airplane_daew3 (1)
move_seg_w1_162c_0_34_seg_w1_162a_0_34_north_south_medium airplane_daew3 (1)
move_seg_w1_162a_0_34_seg_w1_161c_0_34_south_north_medium airplane_daew3 (1)
move_seg_w1_161c_0_34_seg_w1_161a_0_34_north_south_medium airplane_daew3 (1)
move_seg_w1_161a_0_34_seg_w1_c3c_0_48_south_north_medium airplane_daew3 (1)
move_seg_w1_c3c_0_48_seg_w1_c3a_0_34_north_south_medium airplane_daew3 (1)
move_seg_w1_c3a_0_34_seg_w1_154c_0_34_south_north_medium airplane_daew3 (1)
move_seg_w1_154c_0_34_seg_w1_154a_0_34_north_south_medium airplane_daew3 (1)
move_seg_w1_154a_0_34_seg_w1_153c_0_34_south_north_medium airplane_daew3 (1)
move_seg_w1_153c_0_34_seg_w1_153a_0_34_north_south_medium airplane_daew3 (1)
move_seg_w1_153a_0_34_seg_w1_152c_0_34_south_north_medium airplane_daew3 (1)
move_seg_w1_152c_0_34_seg_w1_152a_0_34_north_south_medium airplane_daew3 (1)
move_seg_w1_152a_0_34_seg_w1_151c_0_34_south_north_medium airplane_daew3 (1)
move_seg_w1_151c_0_34_seg_w1_151a_0_34_north_south_medium airplane_daew3 (1)
move_seg_w1_151a_0_34_seg_w1_c2c_0_34_south_north_medium airplane_daew3 (1)
move_seg_w1_c2c_0_34_seg_w1_c2a_0_60_north_south_medium airplane_daew3 (1)
move_seg_w1_c2a_0_60_seg_w1_143c_0_60_south_north_medium airplane_daew3 (1)
move_seg_w1_143c_0_60_seg_w1_143a_0_34_north_south_medium airplane_daew3 (1)
move_seg_w1_143a_0_34_seg_w1_142c_0_34_south_north_medium airplane_daew3 (1)
move_seg_w1_142c_0_34_seg_w1_142a_0_34_north_south_medium airplane_daew3 (1)
move_seg_w1_142a_0_34_seg_w1_141c_0_34_south_north_medium airplane_daew3 (1)
move_seg_w1_141c_0_34_seg_w1_141a_0_34_north_south_medium airplane_daew3 (1)
move_seg_w1_141a_0_34_seg_w1_c1c_0_34_south_north_medium airplane_daew3 (1)
move_seg_w1_c1c_0_34_seg_w1_c1a_0_60_north_south_medium airplane_daew3 (1)
move_seg_w1_c1a_0_60_seg_n1_0_108_south_north_medium airplane_daew3 (1)
move_seg_n1_0_108_seg_n_a3c_0_60_north_north_medium airplane_daew3 (1)
move_seg_o1_115a_0_34_seg_o1_115c_0_34_north_south_medium airplane_daew9 (1)
move_seg_o1_115c_0_34_seg_o1_116a_0_34_south_north_medium airplane_daew9 (1)
move_seg_o1_116a_0_34_seg_o1_116c_0_34_north_south_medium airplane_daew9 (1)
move_seg_o1_116c_0_34_seg_o1_117a_0_34_south_north_medium airplane_daew9 (1)
move_seg_o1_117a_0_34_seg_o1_117c_0_34_north_south_medium airplane_daew9 (1)
move_seg_o1_117c_0_34_seg_o1_118a_0_34_south_north_medium airplane_daew9 (1)
move_seg_o1_118a_0_34_seg_o1_118c_0_34_north_south_medium airplane_daew9 (1)
move_seg_o1_118c_0_34_seg_o1_c4a_0_34_south_north_medium airplane_daew9 (1)
move_seg_o1_c4a_0_34_seg_o1_c4c_0_80_north_south_medium airplane_daew9 (1)
move_seg_o1_c4c_0_80_seg_c4_s6a_0_80_south_north_medium airplane_daew9 (1)
move_seg_c4_s6a_0_80_seg_c4_s6c_0_60_north_south_medium airplane_daew9 (1)
move_seg_c4_s6c_0_60_seg_w1_c4b_0_60_south_north_medium airplane_daew9 (1)
move_seg_o1_c3a_0_34_seg_o1_c3c_0_48_north_south_medium airplane_daew8 (1)
move_seg_o1_c3c_0_48_seg_o1_115a_0_34_south_north_medium airplane_daew8 (1)
move_seg_o1_115a_0_34_seg_o1_115c_0_34_north_south_medium airplane_daew8 (1)
move_seg_o1_115c_0_34_seg_o1_116a_0_34_south_north_medium airplane_daew8 (1)
move_seg_o1_116a_0_34_seg_o1_116c_0_34_north_south_medium airplane_daew8 (1)
move_seg_o1_116c_0_34_seg_o1_117a_0_34_south_north_medium airplane_daew8 (1)
move_seg_o1_117a_0_34_seg_o1_117c_0_34_north_south_medium airplane_daew8 (1)
move_seg_o1_117c_0_34_seg_o1_118a_0_34_south_north_medium airplane_daew8 (1)
move_seg_o1_118a_0_34_seg_o1_118c_0_34_north_south_medium airplane_daew8 (1)
move_seg_o1_118c_0_34_seg_o1_c4a_0_34_south_north_medium airplane_daew8 (1)
move_seg_n_a3c_0_60_seg_n_a3d_0_60_north_south_medium airplane_daew3 (1)
move_seg_n_a3d_0_60_seg_n_a2a3f_0_115_south_north_medium airplane_daew3 (1)
move_seg_n_a2a3f_0_115_seg_n_a2a3e_0_75_north_north_medium airplane_daew3 (1)
move_seg_n_a2a3e_0_75_seg_n_a2a3d_0_75_north_north_medium airplane_daew3 (1)
move_seg_n_a2a3d_0_75_seg_n_a2a3c_0_75_north_north_medium airplane_daew3 (1)
move_seg_n_a2a3c_0_75_seg_n_a2a3b_0_75_north_north_medium airplane_daew3 (1)
move_seg_n_a2a3b_0_75_seg_n_a2a3a_0_75_north_north_medium airplane_daew3 (1)
move_seg_n_a2a3a_0_75_seg_n_a2b_0_60_north_north_medium airplane_daew3 (1)
move_seg_n_a2b_0_60_seg_n_a2a_0_60_north_south_medium airplane_daew3 (1)
move_seg_n_a2a_0_60_seg_a2_c_0_100_south_north_medium airplane_daew3 (1)
move_seg_a2_c_0_100_seg_a2_b_0_90_north_north_medium airplane_daew3 (1)
move_seg_a2_b_0_90_seg_a2_a_0_90_north_north_medium airplane_daew3 (1)
move_seg_a2_a_0_90_seg_08l_a2b_0_80_north_north_medium airplane_daew3 (1)
move_seg_08l_a2b_0_80_seg_08l_a2a_0_80_north_south_medium airplane_daew3 (1)
move_seg_08l_a2a_0_80_seg_08l_a2a3_0_970_south_south_medium airplane_daew3 (1)
move_seg_08l_a2a3_0_970_seg_08l_0_80_south_north_medium airplane_daew3 (1)
takeoff_seg_08l_0_80_north airplane_daew3 (1)
move_seg_o1_c4a_0_34_seg_o1_c4c_0_80_north_south_medium airplane_daew8 (1)
move_seg_o1_c4c_0_80_seg_c4_s6a_0_80_south_north_medium airplane_daew8 (1)
move_seg_w1_c4b_0_60_seg_w1_c4c_0_60_north_south_medium airplane_daew9 (1)
move_seg_w1_c4c_0_60_seg_s5_0_94_south_south_medium airplane_daew9 (1)
move_seg_s5_0_94_seg_s_b7a_0_60_south_north_medium airplane_daew9 (1)
move_seg_c4_s6a_0_80_seg_c4_s6c_0_60_north_south_medium airplane_daew8 (1)
move_seg_c4_s6c_0_60_seg_w1_c4b_0_60_south_north_medium airplane_daew8 (1)
move_seg_s_b7a_0_60_seg_s_b7d_0_60_north_south_medium airplane_daew9 (1)
move_seg_s_b7d_0_60_seg_s_b6b7b_0_140_south_north_medium airplane_daew9 (1)
move_seg_s_b6b7b_0_140_seg_s_b6b7a_0_140_north_north_medium airplane_daew9 (1)
move_seg_s_b6b7a_0_140_seg_s_b6a_0_60_north_north_medium airplane_daew9 (1)
move_seg_s_b6a_0_60_seg_s_b6c_0_60_north_south_medium airplane_daew9 (1)
move_seg_s_b6c_0_60_seg_s_b4b6c_0_130_south_north_medium airplane_daew9 (1)
move_seg_s_b4b6c_0_130_seg_s_b4b6b_0_135_north_north_medium airplane_daew9 (1)
move_seg_s_b4b6b_0_135_seg_s_b4b6a_0_135_north_north_medium airplane_daew9 (1)
move_seg_s_b4b6a_0_135_seg_s_b4a_0_60_north_north_medium airplane_daew9 (1)
move_seg_s_b4a_0_60_seg_s_b4c_0_60_north_south_medium airplane_daew9 (1)
move_seg_s_b4c_0_60_seg_s_b3b4d_0_140_south_north_medium airplane_daew9 (1)
move_seg_s_b3b4d_0_140_seg_s_b3b4c_0_140_north_north_medium airplane_daew9 (1)
move_seg_s_b3b4c_0_140_seg_s_b3b4b_0_140_north_north_medium airplane_daew9 (1)
move_seg_s_b3b4b_0_140_seg_s_b3b4a_0_140_north_north_medium airplane_daew9 (1)
move_seg_s_b3b4a_0_140_seg_s_b3a_0_60_north_north_medium airplane_daew9 (1)
move_seg_s_b3a_0_60_seg_s_b3c_0_60_north_south_medium airplane_daew9 (1)
move_seg_s_b3c_0_60_seg_s_b2b3c_0_140_south_north_medium airplane_daew9 (1)
move_seg_s_b2b3c_0_140_seg_s_b2b3b_0_140_north_north_medium airplane_daew9 (1)
move_seg_s_b2b3b_0_140_seg_s_b2b3a_0_140_north_north_medium airplane_daew9 (1)
move_seg_s_b2b3a_0_140_seg_s_b2a_0_60_north_north_medium airplane_daew9 (1)
move_seg_s_b2a_0_60_seg_s_b2b_0_60_north_south_medium airplane_daew9 (1)
move_seg_s_b2b_0_60_seg_t_b2a_0_60_south_north_medium airplane_daew9 (1)
move_seg_t_b2a_0_60_seg_t_b2c_0_60_north_south_medium airplane_daew9 (1)
move_seg_t_b2c_0_60_seg_b2_0_80_south_north_medium airplane_daew9 (1)
move_seg_b2_0_80_seg_b2_1_0_80_north_north_medium airplane_daew9 (1)
move_seg_b2_1_0_80_seg_08r_b2a_0_80_north_north_medium airplane_daew9 (1)
move_seg_08r_b2a_0_80_seg_08r_b2b_0_80_north_south_medium airplane_daew9 (1)
move_seg_08r_b2b_0_80_seg_08r_b2b3_0_900_south_south_medium airplane_daew9 (1)
move_seg_08r_b2b3_0_900_seg_08r_0_80_south_north_medium airplane_daew9 (1)
takeoff_seg_08r_0_80_north airplane_daew9 (1)
move_seg_w1_c4b_0_60_seg_w1_c4c_0_60_north_south_medium airplane_daew8 (1)
move_seg_w1_c4c_0_60_seg_s5_0_94_south_south_medium airplane_daew8 (1)
move_seg_s5_0_94_seg_s_b7a_0_60_south_north_medium airplane_daew8 (1)
move_seg_s_b7a_0_60_seg_s_b7d_0_60_north_south_medium airplane_daew8 (1)
move_seg_s_b7d_0_60_seg_s_b6b7b_0_140_south_north_medium airplane_daew8 (1)
move_seg_s_b6b7b_0_140_seg_s_b6b7a_0_140_north_north_medium airplane_daew8 (1)
move_seg_s_b6b7a_0_140_seg_s_b6a_0_60_north_north_medium airplane_daew8 (1)
move_seg_s_b6a_0_60_seg_s_b6c_0_60_north_south_medium airplane_daew8 (1)
move_seg_s_b6c_0_60_seg_s_b4b6c_0_130_south_north_medium airplane_daew8 (1)
move_seg_s_b4b6c_0_130_seg_s_b4b6b_0_135_north_north_medium airplane_daew8 (1)
move_seg_s_b4b6b_0_135_seg_s_b4b6a_0_135_north_north_medium airplane_daew8 (1)
move_seg_s_b4b6a_0_135_seg_s_b4a_0_60_north_north_medium airplane_daew8 (1)
move_seg_s_b4a_0_60_seg_s_b4c_0_60_north_south_medium airplane_daew8 (1)
move_seg_s_b4c_0_60_seg_s_b3b4d_0_140_south_north_medium airplane_daew8 (1)
move_seg_s_b3b4d_0_140_seg_s_b3b4c_0_140_north_north_medium airplane_daew8 (1)
move_seg_s_b3b4c_0_140_seg_s_b3b4b_0_140_north_north_medium airplane_daew8 (1)
move_seg_s_b3b4b_0_140_seg_s_b3b4a_0_140_north_north_medium airplane_daew8 (1)
move_seg_s_b3b4a_0_140_seg_s_b3a_0_60_north_north_medium airplane_daew8 (1)
move_seg_s_b3a_0_60_seg_s_b3c_0_60_north_south_medium airplane_daew8 (1)
move_seg_s_b3c_0_60_seg_s_b2b3c_0_140_south_north_medium airplane_daew8 (1)
move_seg_s_b2b3c_0_140_seg_s_b2b3b_0_140_north_north_medium airplane_daew8 (1)
move_seg_s_b2b3b_0_140_seg_s_b2b3a_0_140_north_north_medium airplane_daew8 (1)
move_seg_s_b2b3a_0_140_seg_s_b2a_0_60_north_north_medium airplane_daew8 (1)
move_seg_s_b2a_0_60_seg_s_b2b_0_60_north_south_medium airplane_daew8 (1)
move_seg_s_b2b_0_60_seg_t_b2a_0_60_south_north_medium airplane_daew8 (1)
move_seg_t_b2a_0_60_seg_t_b2c_0_60_north_south_medium airplane_daew8 (1)
move_seg_t_b2c_0_60_seg_b2_0_80_south_north_medium airplane_daew8 (1)
move_seg_b2_0_80_seg_b2_1_0_80_north_north_medium airplane_daew8 (1)
move_seg_b2_1_0_80_seg_08r_b2a_0_80_north_north_medium airplane_daew8 (1)
move_seg_08r_b2a_0_80_seg_08r_b2b_0_80_north_south_medium airplane_daew8 (1)
move_seg_08r_b2b_0_80_seg_08r_b2b3_0_900_south_south_medium airplane_daew8 (1)
move_seg_08r_b2b3_0_900_seg_08r_0_80_south_north_medium airplane_daew8 (1)
takeoff_seg_08r_0_80_north airplane_daew8 (1)
move_seg_n_a8a_0_60_seg_n_a8c_0_60_north_south_medium airplane_cfbeg (1)
move_seg_n_a8c_0_60_seg_n_a6a8f_0_75_south_north_medium airplane_cfbeg (1)
move_seg_n_a6a8f_0_75_seg_n_a6a8e_0_75_north_north_medium airplane_cfbeg (1)
move_seg_n_a6a8e_0_75_seg_n_a6a8d_0_75_north_north_medium airplane_cfbeg (1)
move_seg_n_a6a8d_0_75_seg_n_a6a8c_0_75_north_north_medium airplane_cfbeg (1)
move_seg_n_a6a8c_0_75_seg_n_a6a8b_0_75_north_north_medium airplane_cfbeg (1)
move_seg_n_a6a8b_0_75_seg_n_a6a8a_0_115_north_north_medium airplane_cfbeg (1)
move_seg_n_a6a8a_0_115_seg_n_a6b_0_60_north_north_medium airplane_cfbeg (1)
move_seg_n_a6b_0_60_seg_n_a6c_0_60_north_south_medium airplane_cfbeg (1)
move_seg_n_a6c_0_60_seg_n_a7a6d_0_75_south_north_medium airplane_cfbeg (1)
move_seg_n_a7a6d_0_75_seg_n_a7a6c_0_75_north_north_medium airplane_cfbeg (1)
move_seg_n_a7a6c_0_75_seg_n_a7a6b_0_75_north_north_medium airplane_cfbeg (1)
move_seg_n_a7a6b_0_75_seg_n_a7a6a_0_85_north_north_medium airplane_cfbeg (1)
move_seg_n_a7a6a_0_85_seg_n_a7b_0_60_north_north_medium airplane_cfbeg (1)
move_seg_n_a7b_0_60_seg_n_a7c_0_60_north_south_medium airplane_cfbeg (1)
move_seg_n_a7c_0_60_seg_n_a4a7f_0_75_south_north_medium airplane_cfbeg (1)
move_seg_n_a4a7f_0_75_seg_n_a4a7e_0_75_north_north_medium airplane_cfbeg (1)
move_seg_n_a4a7e_0_75_seg_n_a4a7d_0_75_north_north_medium airplane_cfbeg (1)
move_seg_n_a4a7d_0_75_seg_n_a4a7c_0_75_north_north_medium airplane_cfbeg (1)
move_seg_n_a4a7c_0_75_seg_n_a4a7b_0_75_north_north_medium airplane_cfbeg (1)
move_seg_n_a4a7b_0_75_seg_n_a4a7a_0_115_north_north_medium airplane_cfbeg (1)
move_seg_n_a4a7a_0_115_seg_n_a4b_0_60_north_north_medium airplane_cfbeg (1)
move_seg_n_a4b_0_60_seg_n_a4c_0_60_north_south_medium airplane_cfbeg (1)
move_seg_n_a4c_0_60_seg_n_n2a4e_0_75_south_north_medium airplane_cfbeg (1)
move_seg_n_n2a4e_0_75_seg_n_n2a4d_0_75_north_north_medium airplane_cfbeg (1)
move_seg_n_n2a4d_0_75_seg_n_n2a4c_0_75_north_north_medium airplane_cfbeg (1)
move_seg_n_n2a4c_0_75_seg_n_n2a4b_0_75_north_north_medium airplane_cfbeg (1)
move_seg_n_n2a4b_0_75_seg_n_n2a4a_0_70_north_north_medium airplane_cfbeg (1)
move_seg_n_n2a4a_0_70_seg_n_n2a_0_60_north_north_medium airplane_cfbeg (1)
move_seg_n_n2a_0_60_seg_n_n2b_0_60_north_south_medium airplane_cfbeg (1)
move_seg_n_n2b_0_60_seg_n2_0_108_south_south_medium airplane_cfbeg (1)
move_seg_n2_0_108_seg_c1_n2a_0_60_south_north_medium airplane_cfbeg (1)
move_seg_c1_n2a_0_60_seg_c1_n2b_0_80_north_south_medium airplane_cfbeg (1)
move_seg_c1_n2b_0_80_seg_o1_c1c_0_80_south_north_medium airplane_cfbeg (1)
move_seg_o1_c1c_0_80_seg_o1_c1b_0_34_north_south_medium airplane_cfbeg (1)
move_seg_o1_c1b_0_34_seg_o1_102a_0_34_south_north_medium airplane_cfbeg (1)
move_seg_o1_102a_0_34_seg_o1_102c_0_34_north_south_medium airplane_cfbeg (1)
move_seg_o1_102c_0_34_seg_o1_103a_0_34_south_north_medium airplane_cfbeg (1)
move_seg_o1_103a_0_34_seg_o1_103c_0_34_north_south_medium airplane_cfbeg (1)
move_seg_o1_103c_0_34_seg_o1_104a_0_34_south_north_medium airplane_cfbeg (1)
move_seg_o1_104a_0_34_seg_o1_104b_0_60_north_south_medium airplane_cfbeg (1)
move_seg_o1_104b_0_60_seg_p104_0_76_south_south_medium airplane_cfbeg (1)
park_seg_p104_0_76_south airplane_cfbeg (1)
[t=6.25484s, 27648 KB] Plan length: 315 step(s).
[t=6.25484s, 27648 KB] Plan cost: 315
[t=6.25484s, 27648 KB] Expanded 2276 state(s).
[t=6.25484s, 27648 KB] Reopened 0 state(s).
[t=6.25484s, 27648 KB] Evaluated 11940 state(s).
[t=6.25484s, 27648 KB] Evaluations: 11940
[t=6.25484s, 27648 KB] Generated 14906 state(s).
[t=6.25484s, 27648 KB] Dead ends: 4443 state(s).
[t=6.25484s, 27648 KB] Number of registered states: 11940
[t=6.25484s, 27648 KB] Int hash set load factor: 11940/16384 = 0.72876
[t=6.25484s, 27648 KB] Int hash set resizes: 14
[t=6.25484s, 27648 KB] mean number of q cost that have been adjusted 0 times in relation to total number of q: -1
[t=6.25484s, 27648 KB] mean number of q cost that have been adjusted 1 times in relation to total number of q: -1
[t=6.25484s, 27648 KB] mean number of q cost that have been adjusted 2 times in relation to total number of q: -1
[t=6.25484s, 27648 KB] mean number of q that are at some point overconsitent in relation to total number of q: -1
[t=6.25484s, 27648 KB] mean number of q that are at first underconsisten in relation to total number of q: -1
[t=6.25484s, 27648 KB] mean number of state variables that are not in common between two following states in relation to total number of state variables: -1
[t=6.25484s, 27648 KB] variance number of state variables that are not in common between two following states in relation to total number of state variables: -1
[t=6.25484s, 27648 KB] Search time: 6.15348s
[t=6.25484s, 27648 KB] Total time: 6.25484s
Solution found.
Peak memory: 27648 KB
Remove intermediate file output.sas
search exit code: 0

INFO     Running validate.
INFO     validate stdin: None
INFO     validate time limit: None
INFO     validate memory limit: None
INFO     validate command line string: validate domain.pddl problem.pddl sas_plan
