INFO     Running translator.
INFO     translator stdin: None
INFO     translator time limit: 1799.95s
INFO     translator memory limit: 3584 MB
INFO     translator command line string: /infai/weidan00/downward/experiments/bachelor/.venv/bin/python3 /infai/weidan00/downward/experiments/bachelor/data/bachelor-v1/code-7aa5f34_e5e41175/builds/release/bin/translate/translate.py domain.pddl problem.pddl --sas-file output.sas
Parsing...
Parsing: [0.010s CPU, 0.004s wall-clock]
Normalizing task... [0.000s CPU, 0.000s wall-clock]
Instantiating...
Generating Datalog program... [0.000s CPU, 0.001s wall-clock]
Normalizing Datalog program...
Normalizing Datalog program: [0.000s CPU, 0.007s wall-clock]
Preparing model... [0.000s CPU, 0.003s wall-clock]
Generated 91 rules.
Computing model... [0.140s CPU, 0.130s wall-clock]
4687 relevant atoms
6816 auxiliary atoms
11503 final queue length
23111 total queue pushes
Completing instantiation... [0.280s CPU, 0.291s wall-clock]
Instantiating: [0.420s CPU, 0.435s wall-clock]
Computing fact groups...
Finding invariants...
18 initial candidates
Finding invariants: [0.030s CPU, 0.020s wall-clock]
Checking invariant weight... [0.000s CPU, 0.000s wall-clock]
Instantiating groups... [0.000s CPU, 0.000s wall-clock]
Collecting mutex groups... [0.000s CPU, 0.000s wall-clock]
Choosing groups...
504 uncovered facts
Choosing groups: [0.000s CPU, 0.000s wall-clock]
Building translation key... [0.000s CPU, 0.002s wall-clock]
Computing fact groups: [0.040s CPU, 0.027s wall-clock]
Building STRIPS to SAS dictionary... [0.000s CPU, 0.001s wall-clock]
Building dictionary for full mutex groups... [0.000s CPU, 0.001s wall-clock]
Building mutex information...
Building mutex information: [0.000s CPU, 0.000s wall-clock]
Translating task...
Processing axioms...
Simplifying axioms... [0.000s CPU, 0.000s wall-clock]
Processing axioms: [0.010s CPU, 0.011s wall-clock]
Translating task: [0.280s CPU, 0.281s wall-clock]
8352 effect conditions simplified
0 implied preconditions added
Detecting unreachable propositions...
0 operators removed
0 axioms removed
7 propositions removed
Detecting unreachable propositions: [0.180s CPU, 0.185s wall-clock]
Reordering and filtering variables...
507 of 507 variables necessary.
0 of 3 mutex groups necessary.
4032 of 4032 operators necessary.
0 of 0 axiom rules necessary.
Reordering and filtering variables: [0.170s CPU, 0.176s wall-clock]
Translator variables: 507
Translator derived variables: 0
Translator facts: 1017
Translator goal facts: 6
Translator mutex groups: 0
Translator total mutex groups size: 0
Translator operators: 4032
Translator axioms: 0
Translator task size: 37278
Translator peak memory: 169884 KB
Writing output... [0.070s CPU, 0.079s wall-clock]
Done! [1.190s CPU, 1.204s wall-clock]
translate exit code: 0

INFO     Running search (release).
INFO     search stdin: output.sas
INFO     search time limit: 1798.7s
INFO     search memory limit: 3584 MB
INFO     search command line string: /infai/weidan00/downward/experiments/bachelor/data/bachelor-v1/code-7aa5f34_e5e41175/builds/release/bin/downward --search 'eager_wastar([pinch()], w=2)' --internal-plan-file sas_plan < output.sas
[t=6.8153e-05s, 17204 KB] reading input...
[t=0.0376853s, 18912 KB] done reading input!
[t=0.0427178s, 20572 KB] Simplifying 20196 unary operators... done! [20196 unary operators]
[t=0.0671897s, 22388 KB] time to simplify: 0.0245831s
[t=0.0688169s, 22388 KB] Initializing pinch heuristic...
[t=0.0690465s, 22388 KB] Building successor generator...done!
[t=0.0718102s, 22388 KB] peak memory difference for successor generator creation: 0 KB
[t=0.0718584s, 22388 KB] time for successor generation creation: 0.00258266s
[t=0.0719543s, 22388 KB] Variables: 507
[t=0.0719946s, 22388 KB] FactPairs: 1017
[t=0.0720337s, 22388 KB] Bytes per state: 64
[t=0.0722024s, 22388 KB] Conducting best first search with reopening closed nodes, (real) bound = 2147483647
[t=0.074241s, 22388 KB] New best heuristic value for pinch: 46
[t=0.0743403s, 22388 KB] g=0, 1 evaluated, 0 expanded
[t=0.0744014s, 22388 KB] Initial heuristic value for pinch: 46
[t=0.0744431s, 22388 KB] pruning method: none
[t=0.0820559s, 22388 KB] New best heuristic value for pinch: 43
[t=0.082172s, 22388 KB] g=1, 9 evaluated, 1 expanded
[t=0.087136s, 22388 KB] New best heuristic value for pinch: 42
[t=0.0872475s, 22388 KB] g=1, 14 evaluated, 1 expanded
[t=0.102704s, 22388 KB] New best heuristic value for pinch: 40
[t=0.102817s, 22388 KB] g=2, 29 evaluated, 2 expanded
[t=0.117263s, 22388 KB] New best heuristic value for pinch: 39
[t=0.117373s, 22388 KB] g=3, 45 evaluated, 4 expanded
[t=0.129196s, 22388 KB] New best heuristic value for pinch: 38
[t=0.129304s, 22388 KB] g=4, 59 evaluated, 5 expanded
[t=0.1981s, 22388 KB] New best heuristic value for pinch: 37
[t=0.198213s, 22388 KB] g=6, 137 evaluated, 13 expanded
[t=0.480598s, 22388 KB] New best heuristic value for pinch: 35
[t=0.48072s, 22388 KB] g=7, 470 evaluated, 48 expanded
[t=10.3107s, 22756 KB] New best heuristic value for pinch: 34
[t=10.3109s, 22756 KB] g=8, 10366 evaluated, 1680 expanded, 18 reopened
[t=20.3977s, 23736 KB] New best heuristic value for pinch: 31
[t=20.3979s, 23736 KB] g=11, 20727 evaluated, 3294 expanded, 48 reopened
[t=20.6171s, 23736 KB] New best heuristic value for pinch: 30
[t=20.6172s, 23736 KB] g=13, 21004 evaluated, 3318 expanded, 48 reopened
[t=53.6706s, 27200 KB] New best heuristic value for pinch: 29
[t=53.6707s, 27200 KB] g=21, 56598 evaluated, 8356 expanded, 220 reopened
[t=233.927s, 48488 KB] New best heuristic value for pinch: 28
[t=233.927s, 48488 KB] g=21, 260604 evaluated, 40876 expanded, 570 reopened
[t=235.234s, 48620 KB] New best heuristic value for pinch: 27
[t=235.234s, 48620 KB] g=25, 261943 evaluated, 41017 expanded, 570 reopened
[t=250.311s, 50092 KB] New best heuristic value for pinch: 24
[t=250.311s, 50092 KB] g=22, 277840 evaluated, 42710 expanded, 570 reopened
[t=250.322s, 50092 KB] New best heuristic value for pinch: 23
[t=250.322s, 50092 KB] g=23, 277851 evaluated, 42711 expanded, 570 reopened
[t=251.106s, 50092 KB] New best heuristic value for pinch: 22
[t=251.107s, 50092 KB] g=27, 278732 evaluated, 42850 expanded, 570 reopened
[t=251.183s, 50092 KB] New best heuristic value for pinch: 21
[t=251.183s, 50092 KB] g=29, 278840 evaluated, 42858 expanded, 570 reopened
[t=251.193s, 50092 KB] New best heuristic value for pinch: 19
[t=251.193s, 50092 KB] g=30, 278852 evaluated, 42859 expanded, 570 reopened
[t=318.392s, 56060 KB] New best heuristic value for pinch: 17
[t=318.392s, 56060 KB] g=36, 347053 evaluated, 53055 expanded, 642 reopened
[t=318.411s, 56060 KB] New best heuristic value for pinch: 16
[t=318.411s, 56060 KB] g=38, 347079 evaluated, 53057 expanded, 642 reopened
[t=764.072s, 97948 KB] New best heuristic value for pinch: 15
[t=764.073s, 97948 KB] g=42, 783356 evaluated, 131224 expanded, 1604 reopened
[t=1259.46s, 149924 KB] New best heuristic value for pinch: 14
[t=1259.46s, 149924 KB] g=47, 1287012 evaluated, 219848 expanded, 2728 reopened
[t=1259.47s, 149924 KB] New best heuristic value for pinch: 12
[t=1259.47s, 149924 KB] g=48, 1287025 evaluated, 219849 expanded, 2728 reopened
Peak memory: 222336 KB
caught signal 24 -- exiting
Time limit has been reached.
Remove intermediate file output.sas
search exit code: 23

Driver aborting after search
