INFO     Running translator.
INFO     translator stdin: None
INFO     translator time limit: 1799.96s
INFO     translator memory limit: 3584 MB
INFO     translator command line string: /infai/weidan00/downward/experiments/bachelor/.venv/bin/python3 /infai/weidan00/downward/experiments/bachelor/data/bachelor-v1/code-7aa5f34_e5e41175/builds/release/bin/translate/translate.py domain.pddl problem.pddl --sas-file output.sas
Parsing...
Parsing: [0.000s CPU, 0.004s wall-clock]
Normalizing task... [0.000s CPU, 0.000s wall-clock]
Instantiating...
Generating Datalog program... [0.000s CPU, 0.001s wall-clock]
Normalizing Datalog program...
Normalizing Datalog program: [0.010s CPU, 0.004s wall-clock]
Preparing model... [0.000s CPU, 0.003s wall-clock]
Generated 55 rules.
Computing model... [0.320s CPU, 0.315s wall-clock]
22572 relevant atoms
6085 auxiliary atoms
28657 final queue length
71351 total queue pushes
Completing instantiation... [1.210s CPU, 1.229s wall-clock]
Instantiating: [1.550s CPU, 1.559s wall-clock]
Computing fact groups...
Finding invariants...
12 initial candidates
Finding invariants: [0.020s CPU, 0.022s wall-clock]
Checking invariant weight... [0.000s CPU, 0.000s wall-clock]
Instantiating groups... [0.000s CPU, 0.005s wall-clock]
Collecting mutex groups... [0.000s CPU, 0.001s wall-clock]
Choosing groups...
0 uncovered facts
Choosing groups: [0.000s CPU, 0.002s wall-clock]
Building translation key... [0.000s CPU, 0.001s wall-clock]
Computing fact groups: [0.030s CPU, 0.035s wall-clock]
Building STRIPS to SAS dictionary... [0.000s CPU, 0.000s wall-clock]
Building dictionary for full mutex groups... [0.000s CPU, 0.000s wall-clock]
Building mutex information...
Building mutex information: [0.000s CPU, 0.000s wall-clock]
Translating task...
Processing axioms...
Simplifying axioms... [0.000s CPU, 0.000s wall-clock]
Processing axioms: [0.040s CPU, 0.042s wall-clock]
Translating task: [1.010s CPU, 1.012s wall-clock]
0 effect conditions simplified
0 implied preconditions added
Detecting unreachable propositions...
0 operators removed
0 axioms removed
49 propositions removed
Detecting unreachable propositions: [0.570s CPU, 0.563s wall-clock]
Reordering and filtering variables...
49 of 49 variables necessary.
0 of 49 mutex groups necessary.
21288 of 21288 operators necessary.
0 of 0 axiom rules necessary.
Reordering and filtering variables: [0.120s CPU, 0.118s wall-clock]
Translator variables: 49
Translator derived variables: 0
Translator facts: 691
Translator goal facts: 1
Translator mutex groups: 0
Translator total mutex groups size: 0
Translator operators: 21288
Translator axioms: 0
Translator task size: 119949
Translator peak memory: 238540 KB
Writing output... [0.200s CPU, 0.230s wall-clock]
Done! [3.520s CPU, 3.569s wall-clock]
translate exit code: 0

INFO     Running search (release).
INFO     search stdin: output.sas
INFO     search time limit: 1796.34s
INFO     search memory limit: 3584 MB
INFO     search command line string: /infai/weidan00/downward/experiments/bachelor/data/bachelor-v1/code-7aa5f34_e5e41175/builds/release/bin/downward --search 'eager_wastar([add()], w=2)' --internal-plan-file sas_plan < output.sas
[t=6.9513e-05s, 17204 KB] reading input...
[t=0.133692s, 23828 KB] done reading input!
[t=0.142645s, 26412 KB] Simplifying 42576 unary operators... done! [41561 unary operators]
[t=0.189918s, 30336 KB] time to simplify: 0.0499842s
[t=0.194985s, 30336 KB] Initializing additive heuristic...
[t=0.195229s, 30336 KB] Building successor generator...done!
[t=0.206934s, 30336 KB] peak memory difference for successor generator creation: 0 KB
[t=0.206991s, 30336 KB] time for successor generation creation: 0.0112844s
[t=0.207231s, 30336 KB] Variables: 49
[t=0.207288s, 30336 KB] FactPairs: 691
[t=0.20733s, 30336 KB] Bytes per state: 24
[t=0.207505s, 30336 KB] Conducting best first search with reopening closed nodes, (real) bound = 2147483647
[t=0.208366s, 30336 KB] New best heuristic value for add: 8
[t=0.208431s, 30336 KB] g=0, 1 evaluated, 0 expanded
[t=0.208493s, 30336 KB] Initial heuristic value for add: 8
[t=0.208536s, 30336 KB] pruning method: none
[t=0.229553s, 30336 KB] New best heuristic value for add: 7
[t=0.229676s, 30336 KB] g=1, 39 evaluated, 1 expanded
[t=182.247s, 49072 KB] New best heuristic value for add: 6
[t=182.247s, 49072 KB] g=4, 335573 evaluated, 5669 expanded
[t=182.364s, 49072 KB] New best heuristic value for add: 5
[t=182.365s, 49072 KB] g=5, 335793 evaluated, 5670 expanded
[t=182.479s, 49204 KB] New best heuristic value for add: 4
[t=182.479s, 49204 KB] g=6, 336027 evaluated, 5671 expanded
[t=182.587s, 49204 KB] New best heuristic value for add: 3
[t=182.588s, 49204 KB] g=7, 336259 evaluated, 5672 expanded
[t=182.676s, 49204 KB] New best heuristic value for add: 2
[t=182.676s, 49204 KB] g=8, 336492 evaluated, 5673 expanded
[t=182.749s, 49204 KB] New best heuristic value for add: 1
[t=182.749s, 49204 KB] g=9, 336724 evaluated, 5674 expanded
[t=182.802s, 49204 KB] New best heuristic value for add: 0
[t=182.802s, 49204 KB] g=10, 336960 evaluated, 5675 expanded
[t=182.832s, 49204 KB] Solution found!
[t=182.833s, 49204 KB] Actual search time: 182.624s
drink apple hotdog pennsylvania kentucky bosnia manitoba alsace (1)
feast understanding cherry pistachio bosnia kentucky (1)
feast understanding pistachio apple kentucky pennsylvania (1)
overcome laceration understanding apple neptune mars (1)
feast understanding apple onion bosnia kentucky (1)
feast understanding onion flounder manitoba alsace (1)
feast understanding flounder lamb kentucky pennsylvania (1)
feast understanding lamb hotdog bosnia kentucky (1)
feast understanding hotdog chicken manitoba alsace (1)
succumb laceration understanding chicken neptune mars (1)
[t=182.833s, 49204 KB] Plan length: 10 step(s).
[t=182.833s, 49204 KB] Plan cost: 10
[t=182.833s, 49204 KB] Expanded 5676 state(s).
[t=182.833s, 49204 KB] Reopened 0 state(s).
[t=182.833s, 49204 KB] Evaluated 337170 state(s).
[t=182.833s, 49204 KB] Evaluations: 337170
[t=182.833s, 49204 KB] Generated 1329989 state(s).
[t=182.833s, 49204 KB] Dead ends: 0 state(s).
[t=182.833s, 49204 KB] Number of registered states: 337170
[t=182.833s, 49204 KB] Int hash set load factor: 337170/524288 = 0.643101
[t=182.833s, 49204 KB] Int hash set resizes: 19
[t=182.833s, 49204 KB] mean number of q cost that have been adjusted 0 times in relation to total number of q: -1
[t=182.833s, 49204 KB] mean number of q cost that have been adjusted 1 times in relation to total number of q: -1
[t=182.833s, 49204 KB] mean number of q cost that have been adjusted 2 times in relation to total number of q: -1
[t=182.833s, 49204 KB] mean number of q that are at some point overconsitent in relation to total number of q: -1
[t=182.833s, 49204 KB] mean number of q that are at first underconsisten in relation to total number of q: -1
[t=182.833s, 49204 KB] mean number of state variables that are not in common between two following states in relation to total number of state variables: -1
[t=182.833s, 49204 KB] variance number of state variables that are not in common between two following states in relation to total number of state variables: -1
[t=182.833s, 49204 KB] Search time: 182.625s
[t=182.833s, 49204 KB] Total time: 182.833s
Solution found.
Peak memory: 49204 KB
Remove intermediate file output.sas
search exit code: 0

INFO     Running validate.
INFO     validate stdin: None
INFO     validate time limit: None
INFO     validate memory limit: None
INFO     validate command line string: validate domain.pddl problem.pddl sas_plan
