INFO     Running translator.
INFO     translator stdin: None
INFO     translator time limit: 1799.96s
INFO     translator memory limit: 3584 MB
INFO     translator command line string: /infai/weidan00/downward/experiments/bachelor/.venv/bin/python3 /infai/weidan00/downward/experiments/bachelor/data/bachelor-v1/code-7aa5f34_e5e41175/builds/release/bin/translate/translate.py domain.pddl problem.pddl --sas-file output.sas
Parsing...
Parsing: [0.000s CPU, 0.002s wall-clock]
Normalizing task... [0.000s CPU, 0.000s wall-clock]
Instantiating...
Generating Datalog program... [0.000s CPU, 0.000s wall-clock]
Normalizing Datalog program...
Normalizing Datalog program: [0.000s CPU, 0.002s wall-clock]
Preparing model... [0.000s CPU, 0.001s wall-clock]
Generated 24 rules.
Computing model... [0.000s CPU, 0.002s wall-clock]
141 relevant atoms
100 auxiliary atoms
241 final queue length
316 total queue pushes
Completing instantiation... [0.010s CPU, 0.003s wall-clock]
Instantiating: [0.010s CPU, 0.008s wall-clock]
Computing fact groups...
Finding invariants...
10 initial candidates
Finding invariants: [0.000s CPU, 0.002s wall-clock]
Checking invariant weight... [0.000s CPU, 0.000s wall-clock]
Instantiating groups... [0.000s CPU, 0.000s wall-clock]
Collecting mutex groups... [0.000s CPU, 0.000s wall-clock]
Choosing groups...
0 uncovered facts
Choosing groups: [0.000s CPU, 0.000s wall-clock]
Building translation key... [0.000s CPU, 0.000s wall-clock]
Computing fact groups: [0.000s CPU, 0.003s wall-clock]
Building STRIPS to SAS dictionary... [0.000s CPU, 0.000s wall-clock]
Building dictionary for full mutex groups... [0.000s CPU, 0.000s wall-clock]
Building mutex information...
Building mutex information: [0.000s CPU, 0.000s wall-clock]
Translating task...
Processing axioms...
Simplifying axioms... [0.000s CPU, 0.000s wall-clock]
Processing axioms: [0.000s CPU, 0.000s wall-clock]
Translating task: [0.000s CPU, 0.003s wall-clock]
0 effect conditions simplified
0 implied preconditions added
Detecting unreachable propositions...
0 operators removed
0 axioms removed
3 propositions removed
Detecting unreachable propositions: [0.000s CPU, 0.001s wall-clock]
Reordering and filtering variables...
11 of 11 variables necessary.
8 of 11 mutex groups necessary.
66 of 66 operators necessary.
0 of 0 axiom rules necessary.
Reordering and filtering variables: [0.000s CPU, 0.001s wall-clock]
Translator variables: 11
Translator derived variables: 0
Translator facts: 44
Translator goal facts: 8
Translator mutex groups: 8
Translator total mutex groups size: 32
Translator operators: 66
Translator axioms: 0
Translator task size: 453
Translator peak memory: 142540 KB
Writing output... [0.000s CPU, 0.003s wall-clock]
Done! [0.020s CPU, 0.022s wall-clock]
translate exit code: 0

INFO     Running search (release).
INFO     search stdin: output.sas
INFO     search time limit: 1799.88s
INFO     search memory limit: 3584 MB
INFO     search command line string: /infai/weidan00/downward/experiments/bachelor/data/bachelor-v1/code-7aa5f34_e5e41175/builds/release/bin/downward --search 'eager_wastar([pinch()], w=2)' --internal-plan-file sas_plan < output.sas
[t=6.6382e-05s, 17204 KB] reading input...
[t=0.000768035s, 17212 KB] done reading input!
[t=0.00264184s, 17476 KB] Simplifying 130 unary operators... done! [130 unary operators]
[t=0.00280912s, 17476 KB] time to simplify: 0.000218915s
[t=0.00288601s, 17476 KB] Initializing pinch heuristic...
[t=0.00300322s, 17476 KB] Building successor generator...done!
[t=0.00317767s, 17476 KB] peak memory difference for successor generator creation: 0 KB
[t=0.00322468s, 17476 KB] time for successor generation creation: 5.2932e-05s
[t=0.00327216s, 17476 KB] Variables: 11
[t=0.00331156s, 17476 KB] FactPairs: 44
[t=0.00335107s, 17476 KB] Bytes per state: 4
[t=0.00347161s, 17476 KB] Conducting best first search with reopening closed nodes, (real) bound = 2147483647
[t=0.00357852s, 17476 KB] New best heuristic value for pinch: 24
[t=0.00362158s, 17476 KB] g=0, 1 evaluated, 0 expanded
[t=0.00366812s, 17476 KB] Initial heuristic value for pinch: 24
[t=0.00370921s, 17476 KB] pruning method: none
[t=0.00379149s, 17476 KB] New best heuristic value for pinch: 23
[t=0.00383442s, 17476 KB] g=1, 3 evaluated, 1 expanded
[t=0.00395418s, 17476 KB] New best heuristic value for pinch: 22
[t=0.00399576s, 17476 KB] g=2, 19 evaluated, 2 expanded
[t=0.0040882s, 17476 KB] New best heuristic value for pinch: 21
[t=0.00413073s, 17476 KB] g=3, 27 evaluated, 3 expanded
[t=0.00421116s, 17476 KB] New best heuristic value for pinch: 20
[t=0.00425371s, 17476 KB] g=5, 30 evaluated, 5 expanded
[t=0.00436292s, 17476 KB] New best heuristic value for pinch: 19
[t=0.00440476s, 17476 KB] g=6, 44 evaluated, 6 expanded
[t=0.00448961s, 17476 KB] New best heuristic value for pinch: 18
[t=0.00453092s, 17476 KB] g=7, 51 evaluated, 7 expanded
[t=0.00463903s, 17476 KB] New best heuristic value for pinch: 17
[t=0.0046802s, 17476 KB] g=9, 57 evaluated, 9 expanded
[t=0.00478533s, 17476 KB] New best heuristic value for pinch: 16
[t=0.00482719s, 17476 KB] g=10, 69 evaluated, 10 expanded
[t=0.00490927s, 17476 KB] New best heuristic value for pinch: 15
[t=0.00495176s, 17476 KB] g=11, 75 evaluated, 11 expanded
[t=0.00507014s, 17476 KB] New best heuristic value for pinch: 14
[t=0.00511188s, 17476 KB] g=13, 84 evaluated, 13 expanded
[t=0.00520198s, 17476 KB] New best heuristic value for pinch: 13
[t=0.00524322s, 17476 KB] g=14, 94 evaluated, 14 expanded
[t=0.00532229s, 17476 KB] New best heuristic value for pinch: 12
[t=0.00536352s, 17476 KB] g=15, 99 evaluated, 15 expanded
[t=0.00548904s, 17476 KB] New best heuristic value for pinch: 11
[t=0.00553072s, 17476 KB] g=17, 111 evaluated, 17 expanded
[t=0.00561334s, 17476 KB] New best heuristic value for pinch: 10
[t=0.00565443s, 17476 KB] g=18, 119 evaluated, 18 expanded
[t=0.00573528s, 17476 KB] New best heuristic value for pinch: 9
[t=0.00577657s, 17476 KB] g=19, 123 evaluated, 19 expanded
[t=0.00592458s, 17476 KB] New best heuristic value for pinch: 8
[t=0.00596609s, 17476 KB] g=21, 138 evaluated, 21 expanded
[t=0.00604326s, 17476 KB] New best heuristic value for pinch: 7
[t=0.00608507s, 17476 KB] g=22, 144 evaluated, 22 expanded
[t=0.00615817s, 17476 KB] New best heuristic value for pinch: 6
[t=0.00620019s, 17476 KB] g=23, 147 evaluated, 23 expanded
[t=0.00634275s, 17476 KB] New best heuristic value for pinch: 5
[t=0.00638401s, 17476 KB] g=25, 165 evaluated, 25 expanded
[t=0.00645386s, 17476 KB] New best heuristic value for pinch: 4
[t=0.00649464s, 17476 KB] g=26, 169 evaluated, 26 expanded
[t=0.00656227s, 17476 KB] New best heuristic value for pinch: 3
[t=0.00660945s, 17476 KB] g=27, 171 evaluated, 27 expanded
[t=0.00675671s, 17476 KB] New best heuristic value for pinch: 2
[t=0.0067982s, 17476 KB] g=27, 192 evaluated, 29 expanded
[t=0.00684735s, 17476 KB] New best heuristic value for pinch: 1
[t=0.00688799s, 17476 KB] g=28, 193 evaluated, 30 expanded
[t=0.00698842s, 17476 KB] New best heuristic value for pinch: 0
[t=0.00702904s, 17476 KB] g=29, 202 evaluated, 31 expanded
[t=0.00707s, 17476 KB] Solution found!
[t=0.00711255s, 17476 KB] Actual search time: 0.0033989s
pick ball1 rooma left (1)
move rooma roomb (1)
drop ball1 roomb left (1)
move roomb rooma (1)
pick ball2 rooma left (1)
move rooma roomb (1)
drop ball2 roomb left (1)
move roomb rooma (1)
pick ball3 rooma left (1)
move rooma roomb (1)
drop ball3 roomb left (1)
move roomb rooma (1)
pick ball4 rooma left (1)
move rooma roomb (1)
drop ball4 roomb left (1)
move roomb rooma (1)
pick ball5 rooma left (1)
move rooma roomb (1)
drop ball5 roomb left (1)
move roomb rooma (1)
pick ball6 rooma left (1)
move rooma roomb (1)
drop ball6 roomb left (1)
move roomb rooma (1)
pick ball7 rooma left (1)
pick ball8 rooma right (1)
move rooma roomb (1)
drop ball7 roomb left (1)
drop ball8 roomb right (1)
[t=0.0071553s, 17476 KB] Plan length: 29 step(s).
[t=0.0071553s, 17476 KB] Plan cost: 29
[t=0.0071553s, 17476 KB] Expanded 32 state(s).
[t=0.0071553s, 17476 KB] Reopened 0 state(s).
[t=0.0071553s, 17476 KB] Evaluated 202 state(s).
[t=0.0071553s, 17476 KB] Evaluations: 202
[t=0.0071553s, 17476 KB] Generated 232 state(s).
[t=0.0071553s, 17476 KB] Dead ends: 0 state(s).
[t=0.0071553s, 17476 KB] Number of registered states: 202
[t=0.0071553s, 17476 KB] Int hash set load factor: 202/256 = 0.789062
[t=0.0071553s, 17476 KB] Int hash set resizes: 8
[t=0.0071553s, 17476 KB] mean number of q cost that have been adjusted 0 times in relation to total number of q: -1
[t=0.0071553s, 17476 KB] mean number of q cost that have been adjusted 1 times in relation to total number of q: -1
[t=0.0071553s, 17476 KB] mean number of q cost that have been adjusted 2 times in relation to total number of q: -1
[t=0.0071553s, 17476 KB] mean number of q that are at some point overconsitent in relation to total number of q: -1
[t=0.0071553s, 17476 KB] mean number of q that are at first underconsisten in relation to total number of q: -1
[t=0.0071553s, 17476 KB] mean number of state variables that are not in common between two following states in relation to total number of state variables: -1
[t=0.0071553s, 17476 KB] variance number of state variables that are not in common between two following states in relation to total number of state variables: -1
[t=0.0071553s, 17476 KB] Search time: 0.00368449s
[t=0.0071553s, 17476 KB] Total time: 0.0071553s
Solution found.
Peak memory: 17476 KB
Remove intermediate file output.sas
search exit code: 0

INFO     Running validate.
INFO     validate stdin: None
INFO     validate time limit: None
INFO     validate memory limit: None
INFO     validate command line string: validate domain.pddl problem.pddl sas_plan
