INFO     Running translator.
INFO     translator stdin: None
INFO     translator time limit: 1799.95s
INFO     translator memory limit: 3584 MB
INFO     translator command line string: /infai/weidan00/downward/experiments/bachelor/.venv/bin/python3 /infai/weidan00/downward/experiments/bachelor/data/bachelor-v1/code-7aa5f34_e5e41175/builds/release/bin/translate/translate.py domain.pddl problem.pddl --sas-file output.sas
Parsing...
Parsing: [0.000s CPU, 0.006s wall-clock]
Normalizing task... [0.000s CPU, 0.000s wall-clock]
Instantiating...
Generating Datalog program... [0.000s CPU, 0.001s wall-clock]
Normalizing Datalog program...
Normalizing Datalog program: [0.010s CPU, 0.003s wall-clock]
Preparing model... [0.000s CPU, 0.003s wall-clock]
Generated 65 rules.
Computing model... [0.010s CPU, 0.011s wall-clock]
1085 relevant atoms
212 auxiliary atoms
1297 final queue length
3299 total queue pushes
Completing instantiation... [0.050s CPU, 0.048s wall-clock]
Instantiating: [0.070s CPU, 0.066s wall-clock]
Computing fact groups...
Finding invariants...
21 initial candidates
Finding invariants: [0.000s CPU, 0.004s wall-clock]
Checking invariant weight... [0.000s CPU, 0.000s wall-clock]
Instantiating groups... [0.000s CPU, 0.000s wall-clock]
Collecting mutex groups... [0.000s CPU, 0.000s wall-clock]
Choosing groups...
396 uncovered facts
Choosing groups: [0.000s CPU, 0.000s wall-clock]
Building translation key... [0.000s CPU, 0.002s wall-clock]
Computing fact groups: [0.000s CPU, 0.010s wall-clock]
Building STRIPS to SAS dictionary... [0.010s CPU, 0.001s wall-clock]
Building dictionary for full mutex groups... [0.000s CPU, 0.000s wall-clock]
Building mutex information...
Building mutex information: [0.000s CPU, 0.000s wall-clock]
Translating task...
Processing axioms...
Simplifying axioms... [0.000s CPU, 0.000s wall-clock]
Processing axioms: [0.000s CPU, 0.004s wall-clock]
Translating task: [0.070s CPU, 0.075s wall-clock]
2256 effect conditions simplified
0 implied preconditions added
Detecting unreachable propositions...
0 operators removed
0 axioms removed
18 propositions removed
Detecting unreachable propositions: [0.030s CPU, 0.027s wall-clock]
Reordering and filtering variables...
207 of 387 variables necessary.
0 of 0 mutex groups necessary.
529 of 529 operators necessary.
0 of 0 axiom rules necessary.
Reordering and filtering variables: [0.020s CPU, 0.025s wall-clock]
Translator variables: 207
Translator derived variables: 0
Translator facts: 414
Translator goal facts: 22
Translator mutex groups: 0
Translator total mutex groups size: 0
Translator operators: 529
Translator axioms: 0
Translator task size: 5093
Translator peak memory: 147916 KB
Writing output... [0.010s CPU, 0.013s wall-clock]
Done! [0.210s CPU, 0.227s wall-clock]
translate exit code: 0

INFO     Running search (release).
INFO     search stdin: output.sas
INFO     search time limit: 1799.67s
INFO     search memory limit: 3584 MB
INFO     search command line string: /infai/weidan00/downward/experiments/bachelor/data/bachelor-v1/code-7aa5f34_e5e41175/builds/release/bin/downward --search 'eager_wastar([pinch_tracking()], w=2)' --internal-plan-file sas_plan < output.sas
[t=6.7145e-05s, 17204 KB] reading input...
[t=0.00546367s, 17388 KB] done reading input!
[t=0.00775457s, 17940 KB] Simplifying 2226 unary operators... done! [1775 unary operators]
[t=0.00969133s, 18072 KB] time to simplify: 0.00204918s
[t=0.00997007s, 18072 KB] Initializing pinch tracking heuristic...
[t=0.010138s, 18072 KB] Building successor generator...done!
[t=0.0105659s, 18072 KB] peak memory difference for successor generator creation: 0 KB
[t=0.0106067s, 18072 KB] time for successor generation creation: 0.000297784s
[t=0.0106598s, 18072 KB] Variables: 207
[t=0.0106999s, 18072 KB] FactPairs: 414
[t=0.0107392s, 18072 KB] Bytes per state: 28
[t=0.0108879s, 18072 KB] Conducting best first search with reopening closed nodes, (real) bound = 2147483647
[t=0.0111947s, 18072 KB] New best heuristic value for pinch_tracking: 22
[t=0.0112427s, 18072 KB] g=0, 1 evaluated, 0 expanded
[t=0.0112967s, 18072 KB] Initial heuristic value for pinch_tracking: 22
[t=0.0113396s, 18072 KB] pruning method: none
[t=0.011965s, 18072 KB] New best heuristic value for pinch_tracking: 21
[t=0.012013s, 18072 KB] g=1, 13 evaluated, 1 expanded
[t=0.0359319s, 18072 KB] New best heuristic value for pinch_tracking: 20
[t=0.0360386s, 18072 KB] g=2, 627 evaluated, 2 expanded
[t=1.44262s, 21844 KB] New best heuristic value for pinch_tracking: 19
[t=1.44274s, 21844 KB] g=4, 38734 evaluated, 160 expanded
[t=1.44868s, 21844 KB] New best heuristic value for pinch_tracking: 18
[t=1.44877s, 21844 KB] g=5, 38870 evaluated, 161 expanded
[t=1.46745s, 21844 KB] New best heuristic value for pinch_tracking: 17
[t=1.46755s, 21844 KB] g=6, 39362 evaluated, 162 expanded
[t=2.37312s, 23948 KB] New best heuristic value for pinch_tracking: 16
[t=2.37324s, 23948 KB] g=8, 64234 evaluated, 266 expanded
[t=2.38026s, 23948 KB] New best heuristic value for pinch_tracking: 15
[t=2.38037s, 23948 KB] g=9, 64394 evaluated, 267 expanded
[t=2.39812s, 23948 KB] New best heuristic value for pinch_tracking: 14
[t=2.39823s, 23948 KB] g=10, 64869 evaluated, 268 expanded
[t=3.08536s, 26528 KB] New best heuristic value for pinch_tracking: 13
[t=3.08548s, 26528 KB] g=12, 88340 evaluated, 400 expanded
[t=10.3902s, 55176 KB] New best heuristic value for pinch_tracking: 12
[t=10.3903s, 55176 KB] g=14, 404956 evaluated, 2812 expanded
[t=10.399s, 55308 KB] New best heuristic value for pinch_tracking: 11
[t=10.3991s, 55308 KB] g=15, 405155 evaluated, 2813 expanded
[t=10.911s, 56516 KB] New best heuristic value for pinch_tracking: 10
[t=10.9111s, 56516 KB] g=17, 428329 evaluated, 2954 expanded
[t=10.9149s, 56516 KB] New best heuristic value for pinch_tracking: 9
[t=10.915s, 56516 KB] g=18, 428414 evaluated, 2955 expanded
[t=11.4538s, 57720 KB] New best heuristic value for pinch_tracking: 8
[t=11.454s, 57720 KB] g=20, 453012 evaluated, 3107 expanded
[t=11.4589s, 57720 KB] New best heuristic value for pinch_tracking: 7
[t=11.459s, 57720 KB] g=21, 453122 evaluated, 3108 expanded
[t=12.0991s, 66456 KB] New best heuristic value for pinch_tracking: 6
[t=12.0992s, 66456 KB] g=23, 480331 evaluated, 3280 expanded
[t=16.1672s, 85200 KB] New best heuristic value for pinch_tracking: 5
[t=16.1674s, 85200 KB] g=25, 665112 evaluated, 4623 expanded
[t=16.1786s, 85200 KB] New best heuristic value for pinch_tracking: 4
[t=16.1787s, 85200 KB] g=26, 665374 evaluated, 4624 expanded
Failed to allocate memory.
Memory limit has been reached.
Peak memory: 3598524 KB
Remove intermediate file output.sas
search exit code: 22

Driver aborting after search
