INFO     Running translator.
INFO     translator stdin: None
INFO     translator time limit: 1799.96s
INFO     translator memory limit: 3584 MB
INFO     translator command line string: /infai/weidan00/downward/experiments/bachelor/.venv/bin/python3 /infai/weidan00/downward/experiments/bachelor/data/bachelor-v1/code-7aa5f34_e5e41175/builds/release/bin/translate/translate.py domain.pddl problem.pddl --sas-file output.sas
Parsing...
Parsing: [0.010s CPU, 0.005s wall-clock]
Normalizing task... [0.000s CPU, 0.000s wall-clock]
Instantiating...
Generating Datalog program... [0.000s CPU, 0.001s wall-clock]
Normalizing Datalog program...
Normalizing Datalog program: [0.000s CPU, 0.003s wall-clock]
Preparing model... [0.000s CPU, 0.001s wall-clock]
Generated 65 rules.
Computing model... [0.000s CPU, 0.003s wall-clock]
327 relevant atoms
76 auxiliary atoms
403 final queue length
851 total queue pushes
Completing instantiation... [0.020s CPU, 0.011s wall-clock]
Instantiating: [0.020s CPU, 0.019s wall-clock]
Computing fact groups...
Finding invariants...
21 initial candidates
Finding invariants: [0.010s CPU, 0.004s wall-clock]
Checking invariant weight... [0.000s CPU, 0.000s wall-clock]
Instantiating groups... [0.000s CPU, 0.000s wall-clock]
Collecting mutex groups... [0.000s CPU, 0.000s wall-clock]
Choosing groups...
97 uncovered facts
Choosing groups: [0.000s CPU, 0.000s wall-clock]
Building translation key... [0.000s CPU, 0.000s wall-clock]
Computing fact groups: [0.010s CPU, 0.005s wall-clock]
Building STRIPS to SAS dictionary... [0.000s CPU, 0.000s wall-clock]
Building dictionary for full mutex groups... [0.000s CPU, 0.000s wall-clock]
Building mutex information...
Building mutex information: [0.000s CPU, 0.000s wall-clock]
Translating task...
Processing axioms...
Simplifying axioms... [0.000s CPU, 0.000s wall-clock]
Processing axioms: [0.000s CPU, 0.001s wall-clock]
Translating task: [0.010s CPU, 0.016s wall-clock]
519 effect conditions simplified
0 implied preconditions added
Detecting unreachable propositions...
0 operators removed
0 axioms removed
4 propositions removed
Detecting unreachable propositions: [0.010s CPU, 0.006s wall-clock]
Reordering and filtering variables...
54 of 95 variables necessary.
0 of 0 mutex groups necessary.
121 of 121 operators necessary.
0 of 0 axiom rules necessary.
Reordering and filtering variables: [0.000s CPU, 0.005s wall-clock]
Translator variables: 54
Translator derived variables: 0
Translator facts: 108
Translator goal facts: 5
Translator mutex groups: 0
Translator total mutex groups size: 0
Translator operators: 121
Translator axioms: 0
Translator task size: 1194
Translator peak memory: 143564 KB
Writing output... [0.010s CPU, 0.005s wall-clock]
Done! [0.070s CPU, 0.063s wall-clock]
translate exit code: 0

INFO     Running search (release).
INFO     search stdin: output.sas
INFO     search time limit: 1799.85s
INFO     search memory limit: 3584 MB
INFO     search command line string: /infai/weidan00/downward/experiments/bachelor/data/bachelor-v1/code-7aa5f34_e5e41175/builds/release/bin/downward --search 'eager_wastar([pinch()], w=2)' --internal-plan-file sas_plan < output.sas
[t=5.9871e-05s, 17204 KB] reading input...
[t=0.00142299s, 17212 KB] done reading input!
[t=0.00329016s, 17608 KB] Simplifying 520 unary operators... done! [416 unary operators]
[t=0.00379468s, 17608 KB] time to simplify: 0.000563352s
[t=0.00391117s, 17608 KB] Initializing pinch heuristic...
[t=0.00402865s, 17608 KB] Building successor generator...done!
[t=0.0042348s, 17608 KB] peak memory difference for successor generator creation: 0 KB
[t=0.00427265s, 17608 KB] time for successor generation creation: 8.3103e-05s
[t=0.0043198s, 17608 KB] Variables: 54
[t=0.00435929s, 17608 KB] FactPairs: 108
[t=0.00439884s, 17608 KB] Bytes per state: 8
[t=0.00450882s, 17608 KB] Conducting best first search with reopening closed nodes, (real) bound = 2147483647
[t=0.00465198s, 17608 KB] New best heuristic value for pinch: 5
[t=0.00469476s, 17608 KB] g=0, 1 evaluated, 0 expanded
[t=0.00474519s, 17608 KB] Initial heuristic value for pinch: 5
[t=0.00478579s, 17608 KB] pruning method: none
[t=0.00502966s, 17608 KB] New best heuristic value for pinch: 4
[t=0.00507319s, 17608 KB] g=1, 15 evaluated, 1 expanded
[t=0.00602922s, 17608 KB] New best heuristic value for pinch: 3
[t=0.00607637s, 17608 KB] g=2, 100 evaluated, 2 expanded
[t=0.37162s, 19060 KB] New best heuristic value for pinch: 2
[t=0.371726s, 19060 KB] g=4, 34045 evaluated, 1776 expanded
[t=0.38638s, 19060 KB] New best heuristic value for pinch: 1
[t=0.386443s, 19060 KB] g=6, 35456 evaluated, 1831 expanded
[t=0.998817s, 21324 KB] New best heuristic value for pinch: 0
[t=0.998926s, 21324 KB] g=7, 92935 evaluated, 4393 expanded
[t=0.999002s, 21324 KB] Solution found!
[t=0.999046s, 21324 KB] Actual search time: 0.994257s
do-punch a0 one back (1)
do-spray-paint b0 yellow (1)
do-lathe c0 (1)
do-time-step  (1)
do-grind c0 (1)
do-time-step  (1)
do-immersion-paint c0 black (1)
[t=0.99909s, 21324 KB] Plan length: 7 step(s).
[t=0.99909s, 21324 KB] Plan cost: 7
[t=0.99909s, 21324 KB] Expanded 4394 state(s).
[t=0.99909s, 21324 KB] Reopened 0 state(s).
[t=0.99909s, 21324 KB] Evaluated 92938 state(s).
[t=0.99909s, 21324 KB] Evaluations: 92938
[t=0.99909s, 21324 KB] Generated 219722 state(s).
[t=0.99909s, 21324 KB] Dead ends: 0 state(s).
[t=0.99909s, 21324 KB] Number of registered states: 92938
[t=0.99909s, 21324 KB] Int hash set load factor: 92938/131072 = 0.709061
[t=0.99909s, 21324 KB] Int hash set resizes: 17
[t=0.99909s, 21324 KB] mean number of q cost that have been adjusted 0 times in relation to total number of q: -1
[t=0.99909s, 21324 KB] mean number of q cost that have been adjusted 1 times in relation to total number of q: -1
[t=0.99909s, 21324 KB] mean number of q cost that have been adjusted 2 times in relation to total number of q: -1
[t=0.99909s, 21324 KB] mean number of q that are at some point overconsitent in relation to total number of q: -1
[t=0.99909s, 21324 KB] mean number of q that are at first underconsisten in relation to total number of q: -1
[t=0.99909s, 21324 KB] mean number of state variables that are not in common between two following states in relation to total number of state variables: -1
[t=0.99909s, 21324 KB] variance number of state variables that are not in common between two following states in relation to total number of state variables: -1
[t=0.99909s, 21324 KB] Search time: 0.994582s
[t=0.99909s, 21324 KB] Total time: 0.99909s
Solution found.
Peak memory: 21324 KB
Remove intermediate file output.sas
search exit code: 0

INFO     Running validate.
INFO     validate stdin: None
INFO     validate time limit: None
INFO     validate memory limit: None
INFO     validate command line string: validate domain.pddl problem.pddl sas_plan
