INFO     Running translator.
INFO     translator stdin: None
INFO     translator time limit: 1799.96s
INFO     translator memory limit: 3584 MB
INFO     translator command line string: /infai/weidan00/downward/experiments/bachelor/.venv/bin/python3 /infai/weidan00/downward/experiments/bachelor/data/bachelor-v1/code-7aa5f34_e5e41175/builds/release/bin/translate/translate.py domain.pddl problem.pddl --sas-file output.sas
Parsing...
Parsing: [0.000s CPU, 0.004s wall-clock]
Normalizing task... [0.000s CPU, 0.000s wall-clock]
Instantiating...
Generating Datalog program... [0.000s CPU, 0.001s wall-clock]
Normalizing Datalog program...
Normalizing Datalog program: [0.000s CPU, 0.002s wall-clock]
Preparing model... [0.010s CPU, 0.003s wall-clock]
Generated 13 rules.
Computing model... [0.010s CPU, 0.015s wall-clock]
1197 relevant atoms
715 auxiliary atoms
1912 final queue length
3187 total queue pushes
Completing instantiation... [0.020s CPU, 0.021s wall-clock]
Instantiating: [0.040s CPU, 0.043s wall-clock]
Computing fact groups...
Finding invariants...
6 initial candidates
Finding invariants: [0.000s CPU, 0.001s wall-clock]
Checking invariant weight... [0.000s CPU, 0.000s wall-clock]
Instantiating groups... [0.000s CPU, 0.000s wall-clock]
Collecting mutex groups... [0.000s CPU, 0.000s wall-clock]
Choosing groups...
26 uncovered facts
Choosing groups: [0.000s CPU, 0.000s wall-clock]
Building translation key... [0.000s CPU, 0.000s wall-clock]
Computing fact groups: [0.000s CPU, 0.002s wall-clock]
Building STRIPS to SAS dictionary... [0.000s CPU, 0.000s wall-clock]
Building dictionary for full mutex groups... [0.000s CPU, 0.000s wall-clock]
Building mutex information...
Building mutex information: [0.000s CPU, 0.000s wall-clock]
Translating task...
Processing axioms...
Simplifying axioms... [0.000s CPU, 0.000s wall-clock]
Processing axioms: [0.010s CPU, 0.001s wall-clock]
Translating task: [0.020s CPU, 0.015s wall-clock]
13 effect conditions simplified
0 implied preconditions added
Detecting unreachable propositions...
0 operators removed
0 axioms removed
1 propositions removed
Detecting unreachable propositions: [0.010s CPU, 0.009s wall-clock]
Reordering and filtering variables...
27 of 27 variables necessary.
0 of 1 mutex groups necessary.
665 of 665 operators necessary.
0 of 0 axiom rules necessary.
Reordering and filtering variables: [0.000s CPU, 0.002s wall-clock]
Translator variables: 27
Translator derived variables: 0
Translator facts: 78
Translator goal facts: 13
Translator mutex groups: 0
Translator total mutex groups size: 0
Translator operators: 665
Translator axioms: 0
Translator task size: 2163
Translator peak memory: 144332 KB
Writing output... [0.010s CPU, 0.008s wall-clock]
Done! [0.080s CPU, 0.085s wall-clock]
translate exit code: 0

INFO     Running search (release).
INFO     search stdin: output.sas
INFO     search time limit: 1799.82s
INFO     search memory limit: 3584 MB
INFO     search command line string: /infai/weidan00/downward/experiments/bachelor/data/bachelor-v1/code-7aa5f34_e5e41175/builds/release/bin/downward --search 'eager_wastar([add()], w=2)' --internal-plan-file sas_plan < output.sas
[t=6.0942e-05s, 17204 KB] reading input...
[t=0.00267783s, 17344 KB] done reading input!
[t=0.00459672s, 17608 KB] Simplifying 689 unary operators... done! [689 unary operators]
[t=0.0049563s, 17740 KB] time to simplify: 0.000433934s
[t=0.005073s, 17740 KB] Initializing additive heuristic...
[t=0.00519965s, 17740 KB] Building successor generator...done!
[t=0.00543449s, 17740 KB] peak memory difference for successor generator creation: 0 KB
[t=0.00547276s, 17740 KB] time for successor generation creation: 0.000110207s
[t=0.00552149s, 17740 KB] Variables: 27
[t=0.00556119s, 17740 KB] FactPairs: 78
[t=0.0056011s, 17740 KB] Bytes per state: 4
[t=0.00571439s, 17740 KB] Conducting best first search with reopening closed nodes, (real) bound = 2147483647
[t=0.00581751s, 17740 KB] New best heuristic value for add: 52
[t=0.00586076s, 17740 KB] g=0, 1 evaluated, 0 expanded
[t=0.00591148s, 17740 KB] Initial heuristic value for add: 52
[t=0.00595363s, 17740 KB] pruning method: none
[t=0.00602379s, 17740 KB] New best heuristic value for add: 50
[t=0.00606608s, 17740 KB] g=1, 2 evaluated, 1 expanded
[t=0.00622324s, 17740 KB] New best heuristic value for add: 47
[t=0.00626497s, 17740 KB] g=1, 16 evaluated, 1 expanded
[t=0.00639809s, 17740 KB] New best heuristic value for add: 45
[t=0.00643961s, 17740 KB] g=2, 27 evaluated, 2 expanded
[t=0.00668578s, 17740 KB] New best heuristic value for add: 44
[t=0.00672802s, 17740 KB] g=4, 53 evaluated, 4 expanded
[t=0.00690861s, 17740 KB] New best heuristic value for add: 43
[t=0.00695198s, 17740 KB] g=5, 69 evaluated, 5 expanded
[t=0.00708095s, 17740 KB] New best heuristic value for add: 42
[t=0.00712261s, 17740 KB] g=6, 79 evaluated, 8 expanded
[t=0.00718296s, 17740 KB] New best heuristic value for add: 40
[t=0.007224s, 17740 KB] g=7, 81 evaluated, 9 expanded
[t=0.00740843s, 17740 KB] New best heuristic value for add: 39
[t=0.00745021s, 17740 KB] g=7, 101 evaluated, 9 expanded
[t=0.00755188s, 17740 KB] New best heuristic value for add: 38
[t=0.00759284s, 17740 KB] g=9, 107 evaluated, 13 expanded
[t=0.00773284s, 17740 KB] New best heuristic value for add: 37
[t=0.00780278s, 17740 KB] g=9, 121 evaluated, 13 expanded
[t=0.0079439s, 17740 KB] New best heuristic value for add: 36
[t=0.00798619s, 17740 KB] g=10, 131 evaluated, 16 expanded
[t=0.0080462s, 17740 KB] New best heuristic value for add: 34
[t=0.00808775s, 17740 KB] g=11, 133 evaluated, 17 expanded
[t=0.00826987s, 17740 KB] New best heuristic value for add: 33
[t=0.00831178s, 17740 KB] g=11, 153 evaluated, 17 expanded
[t=0.00838869s, 17740 KB] New best heuristic value for add: 32
[t=0.00843021s, 17740 KB] g=12, 157 evaluated, 18 expanded
[t=0.00866594s, 17740 KB] New best heuristic value for add: 30
[t=0.00870826s, 17740 KB] g=14, 183 evaluated, 21 expanded
[t=0.00876863s, 17740 KB] New best heuristic value for add: 28
[t=0.00880971s, 17740 KB] g=15, 185 evaluated, 22 expanded
[t=0.0090202s, 17740 KB] New best heuristic value for add: 27
[t=0.00906192s, 17740 KB] g=16, 209 evaluated, 24 expanded
[t=0.00911997s, 17740 KB] New best heuristic value for add: 26
[t=0.00916131s, 17740 KB] g=17, 211 evaluated, 25 expanded
[t=0.00936997s, 17740 KB] New best heuristic value for add: 24
[t=0.00941207s, 17740 KB] g=18, 235 evaluated, 27 expanded
[t=0.00946943s, 17740 KB] New best heuristic value for add: 22
[t=0.00951693s, 17740 KB] g=19, 237 evaluated, 28 expanded
[t=0.00976505s, 17740 KB] New best heuristic value for add: 20
[t=0.00980805s, 17740 KB] g=21, 263 evaluated, 31 expanded
[t=0.0100295s, 17740 KB] New best heuristic value for add: 18
[t=0.010072s, 17740 KB] g=23, 289 evaluated, 35 expanded
[t=0.0102855s, 17740 KB] New best heuristic value for add: 16
[t=0.0103282s, 17740 KB] g=25, 315 evaluated, 38 expanded
[t=0.0105445s, 17740 KB] New best heuristic value for add: 14
[t=0.0105865s, 17740 KB] g=27, 341 evaluated, 41 expanded
[t=0.0107691s, 17740 KB] New best heuristic value for add: 13
[t=0.010811s, 17740 KB] g=28, 365 evaluated, 42 expanded
[t=0.0110202s, 17740 KB] New best heuristic value for add: 12
[t=0.0110618s, 17740 KB] g=30, 391 evaluated, 46 expanded
[t=0.0111167s, 17740 KB] New best heuristic value for add: 11
[t=0.0111572s, 17740 KB] g=31, 393 evaluated, 47 expanded
[t=0.0113543s, 17740 KB] New best heuristic value for add: 10
[t=0.0113962s, 17740 KB] g=32, 417 evaluated, 51 expanded
[t=0.0114535s, 17740 KB] New best heuristic value for add: 9
[t=0.0114942s, 17740 KB] g=33, 419 evaluated, 52 expanded
[t=0.0116799s, 17740 KB] New best heuristic value for add: 8
[t=0.0117217s, 17740 KB] g=34, 443 evaluated, 55 expanded
[t=0.011776s, 17740 KB] New best heuristic value for add: 7
[t=0.0118168s, 17740 KB] g=35, 445 evaluated, 56 expanded
[t=0.011996s, 17740 KB] New best heuristic value for add: 6
[t=0.0120372s, 17740 KB] g=36, 469 evaluated, 59 expanded
[t=0.0120937s, 17740 KB] New best heuristic value for add: 5
[t=0.012135s, 17740 KB] g=37, 471 evaluated, 60 expanded
[t=0.0123231s, 17740 KB] New best heuristic value for add: 4
[t=0.0123653s, 17740 KB] g=38, 495 evaluated, 62 expanded
[t=0.0124206s, 17740 KB] New best heuristic value for add: 3
[t=0.0124624s, 17740 KB] g=39, 497 evaluated, 63 expanded
[t=0.0126864s, 17740 KB] New best heuristic value for add: 2
[t=0.0127291s, 17740 KB] g=40, 521 evaluated, 65 expanded
[t=0.0127831s, 17740 KB] New best heuristic value for add: 1
[t=0.0128241s, 17740 KB] g=41, 523 evaluated, 66 expanded
[t=0.0129816s, 17740 KB] New best heuristic value for add: 0
[t=0.0130229s, 17740 KB] g=42, 547 evaluated, 67 expanded
[t=0.0130792s, 17740 KB] Solution found!
[t=0.0131225s, 17740 KB] Actual search time: 0.00715731s
up f0 f22 (1)
stop f22 (1)
down f22 f3 (1)
stop f3 (1)
up f3 f12 (1)
stop f12 (1)
down f12 f3 (1)
stop f3 (1)
up f3 f16 (1)
stop f16 (1)
up f16 f22 (1)
stop f22 (1)
down f22 f9 (1)
stop f9 (1)
up f9 f22 (1)
stop f22 (1)
up f22 f24 (1)
stop f24 (1)
down f24 f13 (1)
stop f13 (1)
down f13 f5 (1)
stop f5 (1)
down f5 f3 (1)
stop f3 (1)
up f3 f20 (1)
stop f20 (1)
down f20 f1 (1)
stop f1 (1)
up f1 f23 (1)
stop f23 (1)
down f23 f7 (1)
stop f7 (1)
up f7 f22 (1)
stop f22 (1)
down f22 f8 (1)
stop f8 (1)
up f8 f21 (1)
stop f21 (1)
up f21 f25 (1)
stop f25 (1)
down f25 f1 (1)
stop f1 (1)
[t=0.0131658s, 17740 KB] Plan length: 42 step(s).
[t=0.0131658s, 17740 KB] Plan cost: 42
[t=0.0131658s, 17740 KB] Expanded 68 state(s).
[t=0.0131658s, 17740 KB] Reopened 0 state(s).
[t=0.0131658s, 17740 KB] Evaluated 547 state(s).
[t=0.0131658s, 17740 KB] Evaluations: 547
[t=0.0131658s, 17740 KB] Generated 1741 state(s).
[t=0.0131658s, 17740 KB] Dead ends: 0 state(s).
[t=0.0131658s, 17740 KB] Number of registered states: 547
[t=0.0131658s, 17740 KB] Int hash set load factor: 547/1024 = 0.53418
[t=0.0131658s, 17740 KB] Int hash set resizes: 10
[t=0.0131658s, 17740 KB] mean number of q cost that have been adjusted 0 times in relation to total number of q: -1
[t=0.0131658s, 17740 KB] mean number of q cost that have been adjusted 1 times in relation to total number of q: -1
[t=0.0131658s, 17740 KB] mean number of q cost that have been adjusted 2 times in relation to total number of q: -1
[t=0.0131658s, 17740 KB] mean number of q that are at some point overconsitent in relation to total number of q: -1
[t=0.0131658s, 17740 KB] mean number of q that are at first underconsisten in relation to total number of q: -1
[t=0.0131658s, 17740 KB] mean number of state variables that are not in common between two following states in relation to total number of state variables: -1
[t=0.0131658s, 17740 KB] variance number of state variables that are not in common between two following states in relation to total number of state variables: -1
[t=0.0131658s, 17740 KB] Search time: 0.00745216s
[t=0.0131658s, 17740 KB] Total time: 0.0131658s
Solution found.
Peak memory: 17740 KB
Remove intermediate file output.sas
search exit code: 0

INFO     Running validate.
INFO     validate stdin: None
INFO     validate time limit: None
INFO     validate memory limit: None
INFO     validate command line string: validate domain.pddl problem.pddl sas_plan
