INFO     Running translator.
INFO     translator stdin: None
INFO     translator time limit: 1799.96s
INFO     translator memory limit: 3584 MB
INFO     translator command line string: /infai/weidan00/downward/experiments/bachelor/.venv/bin/python3 /infai/weidan00/downward/experiments/bachelor/data/bachelor-v1/code-7aa5f34_e5e41175/builds/release/bin/translate/translate.py domain.pddl problem.pddl --sas-file output.sas
Parsing...
Parsing: [0.000s CPU, 0.004s wall-clock]
Normalizing task... [0.000s CPU, 0.000s wall-clock]
Instantiating...
Generating Datalog program... [0.000s CPU, 0.002s wall-clock]
Normalizing Datalog program...
Normalizing Datalog program: [0.000s CPU, 0.003s wall-clock]
Preparing model... [0.010s CPU, 0.004s wall-clock]
Generated 41 rules.
Computing model... [0.200s CPU, 0.196s wall-clock]
25003 relevant atoms
1776 auxiliary atoms
26779 final queue length
53431 total queue pushes
Completing instantiation... [1.210s CPU, 1.218s wall-clock]
Instantiating: [1.430s CPU, 1.429s wall-clock]
Computing fact groups...
Finding invariants...
18 initial candidates
Finding invariants: [0.010s CPU, 0.009s wall-clock]
Checking invariant weight... [0.000s CPU, 0.002s wall-clock]
Instantiating groups... [0.000s CPU, 0.005s wall-clock]
Collecting mutex groups... [0.000s CPU, 0.000s wall-clock]
Choosing groups...
104 uncovered facts
Choosing groups: [0.000s CPU, 0.001s wall-clock]
Building translation key... [0.000s CPU, 0.001s wall-clock]
Computing fact groups: [0.020s CPU, 0.021s wall-clock]
Building STRIPS to SAS dictionary... [0.000s CPU, 0.000s wall-clock]
Building dictionary for full mutex groups... [0.000s CPU, 0.000s wall-clock]
Building mutex information...
Building mutex information: [0.000s CPU, 0.000s wall-clock]
Translating task...
Processing axioms...
Simplifying axioms... [0.000s CPU, 0.000s wall-clock]
Processing axioms: [0.050s CPU, 0.049s wall-clock]
Translating task: [1.510s CPU, 1.516s wall-clock]
42048 effect conditions simplified
0 implied preconditions added
Detecting unreachable propositions...
0 operators removed
0 axioms removed
4 propositions removed
Detecting unreachable propositions: [0.700s CPU, 0.701s wall-clock]
Reordering and filtering variables...
140 of 140 variables necessary.
32 of 100 mutex groups necessary.
24272 of 24272 operators necessary.
0 of 0 axiom rules necessary.
Reordering and filtering variables: [0.210s CPU, 0.207s wall-clock]
Translator variables: 140
Translator derived variables: 0
Translator facts: 448
Translator goal facts: 24
Translator mutex groups: 32
Translator total mutex groups size: 64
Translator operators: 24272
Translator axioms: 0
Translator task size: 167604
Translator peak memory: 254156 KB
Writing output... [0.270s CPU, 0.307s wall-clock]
Done! [4.190s CPU, 4.241s wall-clock]
translate exit code: 0

INFO     Running search (release).
INFO     search stdin: output.sas
INFO     search time limit: 1795.67s
INFO     search memory limit: 3584 MB
INFO     search command line string: /infai/weidan00/downward/experiments/bachelor/data/bachelor-v1/code-7aa5f34_e5e41175/builds/release/bin/downward --search 'eager_wastar([add()], w=2)' --internal-plan-file sas_plan < output.sas
[t=6.5293e-05s, 17204 KB] reading input...
[t=0.160911s, 25164 KB] done reading input!
[t=0.174237s, 30368 KB] Simplifying 71984 unary operators... done! [61520 unary operators]
[t=0.261023s, 35844 KB] time to simplify: 0.0868938s
[t=0.264016s, 35844 KB] Initializing additive heuristic...
[t=0.26424s, 35844 KB] Building successor generator...done!
[t=0.276298s, 35844 KB] peak memory difference for successor generator creation: 0 KB
[t=0.276348s, 35844 KB] time for successor generation creation: 0.0118692s
[t=0.27661s, 35844 KB] Variables: 140
[t=0.276665s, 35844 KB] FactPairs: 448
[t=0.276706s, 35844 KB] Bytes per state: 28
[t=0.276862s, 35844 KB] Conducting best first search with reopening closed nodes, (real) bound = 2147483647
[t=0.277926s, 35844 KB] New best heuristic value for add: 105
[t=0.277986s, 35844 KB] g=0, 1 evaluated, 0 expanded
[t=0.278036s, 35844 KB] Initial heuristic value for add: 105
[t=0.278077s, 35844 KB] pruning method: none
[t=0.286926s, 35844 KB] New best heuristic value for add: 90
[t=0.287027s, 35844 KB] g=1, 14 evaluated, 1 expanded
[t=0.596846s, 35844 KB] New best heuristic value for add: 72
[t=0.596959s, 35844 KB] g=1, 510 evaluated, 1 expanded
[t=13.4039s, 35844 KB] New best heuristic value for add: 48
[t=13.404s, 35844 KB] g=2, 21041 evaluated, 2 expanded
[t=24.4403s, 35844 KB] New best heuristic value for add: 40
[t=24.4404s, 35844 KB] g=3, 39437 evaluated, 3 expanded
[t=24.4411s, 35844 KB] New best heuristic value for add: 37
[t=24.4412s, 35844 KB] g=3, 39438 evaluated, 3 expanded
Peak memory: 231704 KB
caught signal 24 -- exiting
Time limit has been reached.
Remove intermediate file output.sas
search exit code: 23

Driver aborting after search
