INFO     Running translator.
INFO     translator stdin: None
INFO     translator time limit: 1799.96s
INFO     translator memory limit: 3584 MB
INFO     translator command line string: /infai/weidan00/downward/experiments/bachelor/.venv/bin/python3 /infai/weidan00/downward/experiments/bachelor/data/bachelor-v1/code-7aa5f34_e5e41175/builds/release/bin/translate/translate.py domain.pddl problem.pddl --sas-file output.sas
Parsing...
Parsing: [0.010s CPU, 0.010s wall-clock]
Normalizing task... [0.000s CPU, 0.000s wall-clock]
Instantiating...
Generating Datalog program... [0.000s CPU, 0.003s wall-clock]
Normalizing Datalog program...
Normalizing Datalog program: [0.000s CPU, 0.002s wall-clock]
Preparing model... [0.020s CPU, 0.013s wall-clock]
Generated 26 rules.
Computing model... [0.050s CPU, 0.056s wall-clock]
4101 relevant atoms
3075 auxiliary atoms
7176 final queue length
9577 total queue pushes
Completing instantiation... [0.070s CPU, 0.068s wall-clock]
Instantiating: [0.140s CPU, 0.143s wall-clock]
Computing fact groups...
Finding invariants...
6 initial candidates
Finding invariants: [0.000s CPU, 0.001s wall-clock]
Checking invariant weight... [0.000s CPU, 0.001s wall-clock]
Instantiating groups... [0.000s CPU, 0.000s wall-clock]
Collecting mutex groups... [0.000s CPU, 0.000s wall-clock]
Choosing groups...
50 uncovered facts
Choosing groups: [0.000s CPU, 0.000s wall-clock]
Building translation key... [0.000s CPU, 0.000s wall-clock]
Computing fact groups: [0.000s CPU, 0.003s wall-clock]
Building STRIPS to SAS dictionary... [0.000s CPU, 0.000s wall-clock]
Building dictionary for full mutex groups... [0.000s CPU, 0.000s wall-clock]
Building mutex information...
Building mutex information: [0.000s CPU, 0.000s wall-clock]
Translating task...
Processing axioms...
Simplifying axioms... [0.000s CPU, 0.000s wall-clock]
Processing axioms: [0.010s CPU, 0.003s wall-clock]
Translating task: [0.070s CPU, 0.063s wall-clock]
25 effect conditions simplified
0 implied preconditions added
Detecting unreachable propositions...
0 operators removed
0 axioms removed
1 propositions removed
Detecting unreachable propositions: [0.030s CPU, 0.032s wall-clock]
Reordering and filtering variables...
51 of 51 variables necessary.
0 of 1 mutex groups necessary.
2500 of 2500 operators necessary.
0 of 0 axiom rules necessary.
Reordering and filtering variables: [0.000s CPU, 0.007s wall-clock]
Translator variables: 51
Translator derived variables: 0
Translator facts: 150
Translator goal facts: 25
Translator mutex groups: 0
Translator total mutex groups size: 0
Translator operators: 2500
Translator axioms: 0
Translator task size: 7776
Translator peak memory: 149964 KB
Writing output... [0.010s CPU, 0.022s wall-clock]
Done! [0.270s CPU, 0.284s wall-clock]
translate exit code: 0

INFO     Running search (release).
INFO     search stdin: output.sas
INFO     search time limit: 1799.63s
INFO     search memory limit: 3584 MB
INFO     search command line string: /infai/weidan00/downward/experiments/bachelor/data/bachelor-v1/code-7aa5f34_e5e41175/builds/release/bin/downward --search 'eager_wastar([pinch_tracking()], w=2)' --internal-plan-file sas_plan < output.sas
[t=5.8543e-05s, 17204 KB] reading input...
[t=0.00906613s, 17712 KB] done reading input!
[t=0.0113063s, 18104 KB] Simplifying 2525 unary operators... done! [2525 unary operators]
[t=0.0123797s, 18236 KB] time to simplify: 0.00119615s
[t=0.0125918s, 18236 KB] Initializing pinch tracking heuristic...
[t=0.012717s, 18236 KB] Building successor generator...done!
[t=0.0132922s, 18240 KB] peak memory difference for successor generator creation: 4 KB
[t=0.0133389s, 18240 KB] time for successor generation creation: 0.000451619s
[t=0.0133957s, 18240 KB] Variables: 51
[t=0.0134352s, 18240 KB] FactPairs: 150
[t=0.0134742s, 18240 KB] Bytes per state: 8
[t=0.0135904s, 18240 KB] Conducting best first search with reopening closed nodes, (real) bound = 2147483647
[t=0.0138547s, 18240 KB] New best heuristic value for pinch_tracking: 98
[t=0.013898s, 18240 KB] g=0, 1 evaluated, 0 expanded
[t=0.0139476s, 18240 KB] Initial heuristic value for pinch_tracking: 98
[t=0.0139886s, 18240 KB] pruning method: none
[t=0.0140467s, 18240 KB] New best heuristic value for pinch_tracking: 97
[t=0.0140875s, 18240 KB] g=1, 2 evaluated, 1 expanded
[t=0.0143695s, 18240 KB] New best heuristic value for pinch_tracking: 96
[t=0.0144118s, 18240 KB] g=1, 22 evaluated, 1 expanded
[t=0.0147748s, 18240 KB] New best heuristic value for pinch_tracking: 95
[t=0.0148174s, 18240 KB] g=2, 52 evaluated, 2 expanded
[t=0.0154082s, 18240 KB] New best heuristic value for pinch_tracking: 94
[t=0.0154521s, 18240 KB] g=4, 102 evaluated, 4 expanded
[t=0.0157312s, 18240 KB] New best heuristic value for pinch_tracking: 93
[t=0.0157729s, 18240 KB] g=5, 124 evaluated, 5 expanded
[t=0.016159s, 18240 KB] New best heuristic value for pinch_tracking: 92
[t=0.0162018s, 18240 KB] g=6, 154 evaluated, 7 expanded
[t=0.0164547s, 18240 KB] New best heuristic value for pinch_tracking: 91
[t=0.0164955s, 18240 KB] g=6, 174 evaluated, 7 expanded
[t=0.0174047s, 18240 KB] New best heuristic value for pinch_tracking: 90
[t=0.0174478s, 18240 KB] g=8, 255 evaluated, 11 expanded
[t=0.0177094s, 18240 KB] New best heuristic value for pinch_tracking: 89
[t=0.0177508s, 18240 KB] g=8, 273 evaluated, 11 expanded
[t=0.0186772s, 18240 KB] New best heuristic value for pinch_tracking: 88
[t=0.0187204s, 18240 KB] g=10, 356 evaluated, 15 expanded
[t=0.0190207s, 18240 KB] New best heuristic value for pinch_tracking: 87
[t=0.0190625s, 18240 KB] g=10, 380 evaluated, 15 expanded
[t=0.0199484s, 18240 KB] New best heuristic value for pinch_tracking: 86
[t=0.0199916s, 18240 KB] g=12, 459 evaluated, 19 expanded
[t=0.0201809s, 18240 KB] New best heuristic value for pinch_tracking: 85
[t=0.0202217s, 18240 KB] g=12, 473 evaluated, 19 expanded
[t=0.0211934s, 18240 KB] New best heuristic value for pinch_tracking: 84
[t=0.0212381s, 18240 KB] g=14, 555 evaluated, 23 expanded
[t=0.0215649s, 18240 KB] New best heuristic value for pinch_tracking: 83
[t=0.0216062s, 18240 KB] g=14, 582 evaluated, 23 expanded
[t=0.0226115s, 18240 KB] New best heuristic value for pinch_tracking: 82
[t=0.0226537s, 18240 KB] g=15, 673 evaluated, 26 expanded
[t=0.0227873s, 18240 KB] New best heuristic value for pinch_tracking: 81
[t=0.0228283s, 18240 KB] g=15, 681 evaluated, 26 expanded
[t=0.0238801s, 18240 KB] New best heuristic value for pinch_tracking: 80
[t=0.0239235s, 18240 KB] g=17, 776 evaluated, 30 expanded
[t=0.0240188s, 18240 KB] New best heuristic value for pinch_tracking: 79
[t=0.0240593s, 18240 KB] g=17, 781 evaluated, 30 expanded
[t=0.0251338s, 18240 KB] New best heuristic value for pinch_tracking: 78
[t=0.0251763s, 18240 KB] g=19, 878 evaluated, 34 expanded
[t=0.0252508s, 18240 KB] New best heuristic value for pinch_tracking: 77
[t=0.0252911s, 18240 KB] g=19, 881 evaluated, 34 expanded
[t=0.026373s, 18240 KB] New best heuristic value for pinch_tracking: 76
[t=0.0264154s, 18240 KB] g=21, 979 evaluated, 38 expanded
[t=0.0264789s, 18240 KB] New best heuristic value for pinch_tracking: 75
[t=0.0265188s, 18240 KB] g=21, 981 evaluated, 38 expanded
[t=0.0277368s, 18240 KB] New best heuristic value for pinch_tracking: 73
[t=0.0277828s, 18240 KB] g=23, 1081 evaluated, 42 expanded
[t=0.0288288s, 18240 KB] New best heuristic value for pinch_tracking: 71
[t=0.0288724s, 18240 KB] g=25, 1175 evaluated, 46 expanded
[t=0.0299826s, 18240 KB] New best heuristic value for pinch_tracking: 69
[t=0.0300264s, 18240 KB] g=27, 1275 evaluated, 50 expanded
[t=0.0303848s, 18240 KB] New best heuristic value for pinch_tracking: 68
[t=0.0304272s, 18240 KB] g=28, 1305 evaluated, 51 expanded
[t=0.0315163s, 18240 KB] New best heuristic value for pinch_tracking: 67
[t=0.0315602s, 18240 KB] g=30, 1405 evaluated, 54 expanded
[t=0.031623s, 18240 KB] New best heuristic value for pinch_tracking: 66
[t=0.0316637s, 18240 KB] g=31, 1407 evaluated, 55 expanded
[t=0.0322241s, 18240 KB] New best heuristic value for pinch_tracking: 65
[t=0.0322663s, 18240 KB] g=32, 1457 evaluated, 56 expanded
[t=0.0325225s, 18240 KB] New best heuristic value for pinch_tracking: 64
[t=0.0325634s, 18240 KB] g=32, 1477 evaluated, 56 expanded
[t=0.0329284s, 18240 KB] New best heuristic value for pinch_tracking: 63
[t=0.0329707s, 18240 KB] g=33, 1507 evaluated, 58 expanded
[t=0.0330317s, 18240 KB] New best heuristic value for pinch_tracking: 62
[t=0.033072s, 18240 KB] g=34, 1509 evaluated, 59 expanded
[t=0.0336416s, 18240 KB] New best heuristic value for pinch_tracking: 61
[t=0.0336842s, 18240 KB] g=35, 1559 evaluated, 60 expanded
[t=0.0339364s, 18240 KB] New best heuristic value for pinch_tracking: 60
[t=0.0339772s, 18240 KB] g=35, 1579 evaluated, 60 expanded
[t=0.034887s, 18240 KB] New best heuristic value for pinch_tracking: 59
[t=0.0349294s, 18240 KB] g=37, 1661 evaluated, 64 expanded
[t=0.0351692s, 18240 KB] New best heuristic value for pinch_tracking: 58
[t=0.0352179s, 18240 KB] g=37, 1680 evaluated, 64 expanded
[t=0.0361327s, 18240 KB] New best heuristic value for pinch_tracking: 57
[t=0.0361754s, 18240 KB] g=39, 1762 evaluated, 68 expanded
[t=0.0364142s, 18240 KB] New best heuristic value for pinch_tracking: 56
[t=0.0364564s, 18240 KB] g=39, 1780 evaluated, 68 expanded
[t=0.0373833s, 18240 KB] New best heuristic value for pinch_tracking: 55
[t=0.0374265s, 18240 KB] g=41, 1863 evaluated, 72 expanded
[t=0.037721s, 18240 KB] New best heuristic value for pinch_tracking: 54
[t=0.0377623s, 18240 KB] g=41, 1887 evaluated, 72 expanded
[t=0.0386457s, 18240 KB] New best heuristic value for pinch_tracking: 53
[t=0.0386896s, 18240 KB] g=43, 1964 evaluated, 76 expanded
[t=0.039084s, 18240 KB] New best heuristic value for pinch_tracking: 52
[t=0.0391276s, 18240 KB] g=43, 1980 evaluated, 76 expanded
[t=0.0400936s, 18240 KB] New best heuristic value for pinch_tracking: 51
[t=0.0401386s, 18240 KB] g=45, 2064 evaluated, 81 expanded
[t=0.0404215s, 18240 KB] New best heuristic value for pinch_tracking: 50
[t=0.0404628s, 18240 KB] g=45, 2087 evaluated, 81 expanded
[t=0.0407605s, 18240 KB] New best heuristic value for pinch_tracking: 49
[t=0.0408015s, 18240 KB] g=46, 2111 evaluated, 82 expanded
[t=0.041892s, 18240 KB] New best heuristic value for pinch_tracking: 48
[t=0.0419365s, 18240 KB] g=48, 2211 evaluated, 86 expanded
[t=0.0420334s, 18240 KB] New best heuristic value for pinch_tracking: 47
[t=0.0420738s, 18240 KB] g=49, 2215 evaluated, 87 expanded
[t=0.0426034s, 18240 KB] New best heuristic value for pinch_tracking: 46
[t=0.0426453s, 18240 KB] g=50, 2261 evaluated, 89 expanded
[t=0.0427509s, 18240 KB] New best heuristic value for pinch_tracking: 45
[t=0.0427911s, 18240 KB] g=51, 2266 evaluated, 90 expanded
[t=0.0433224s, 18240 KB] New best heuristic value for pinch_tracking: 44
[t=0.0433646s, 18240 KB] g=52, 2311 evaluated, 92 expanded
[t=0.0434511s, 18240 KB] New best heuristic value for pinch_tracking: 43
[t=0.043491s, 18240 KB] g=53, 2315 evaluated, 93 expanded
[t=0.0440323s, 18240 KB] New best heuristic value for pinch_tracking: 42
[t=0.0440739s, 18240 KB] g=54, 2361 evaluated, 95 expanded
[t=0.0442301s, 18240 KB] New best heuristic value for pinch_tracking: 41
[t=0.0442705s, 18240 KB] g=55, 2371 evaluated, 96 expanded
[t=0.044757s, 18240 KB] New best heuristic value for pinch_tracking: 40
[t=0.044799s, 18240 KB] g=56, 2412 evaluated, 98 expanded
[t=0.0448901s, 18240 KB] New best heuristic value for pinch_tracking: 39
[t=0.0449304s, 18240 KB] g=57, 2417 evaluated, 99 expanded
[t=0.0454581s, 18240 KB] New best heuristic value for pinch_tracking: 38
[t=0.0454995s, 18240 KB] g=58, 2463 evaluated, 101 expanded
[t=0.0455947s, 18240 KB] New best heuristic value for pinch_tracking: 37
[t=0.0456347s, 18240 KB] g=59, 2467 evaluated, 102 expanded
[t=0.0461789s, 18240 KB] New best heuristic value for pinch_tracking: 36
[t=0.0462213s, 18240 KB] g=60, 2513 evaluated, 104 expanded
[t=0.0463079s, 18240 KB] New best heuristic value for pinch_tracking: 35
[t=0.0463483s, 18240 KB] g=61, 2517 evaluated, 105 expanded
[t=0.0468915s, 18240 KB] New best heuristic value for pinch_tracking: 34
[t=0.0469333s, 18240 KB] g=62, 2563 evaluated, 107 expanded
[t=0.0470202s, 18240 KB] New best heuristic value for pinch_tracking: 33
[t=0.0470607s, 18240 KB] g=63, 2567 evaluated, 108 expanded
[t=0.0476062s, 18240 KB] New best heuristic value for pinch_tracking: 32
[t=0.0476482s, 18240 KB] g=64, 2613 evaluated, 110 expanded
[t=0.0477342s, 18240 KB] New best heuristic value for pinch_tracking: 31
[t=0.0477744s, 18240 KB] g=65, 2617 evaluated, 111 expanded
[t=0.048316s, 18240 KB] New best heuristic value for pinch_tracking: 30
[t=0.0483574s, 18240 KB] g=66, 2664 evaluated, 113 expanded
[t=0.0484494s, 18240 KB] New best heuristic value for pinch_tracking: 29
[t=0.0484973s, 18240 KB] g=67, 2669 evaluated, 114 expanded
[t=0.0490742s, 18240 KB] New best heuristic value for pinch_tracking: 28
[t=0.0491161s, 18240 KB] g=68, 2717 evaluated, 118 expanded
[t=0.0492039s, 18240 KB] New best heuristic value for pinch_tracking: 27
[t=0.049244s, 18240 KB] g=69, 2721 evaluated, 119 expanded
[t=0.0498232s, 18240 KB] New best heuristic value for pinch_tracking: 26
[t=0.0498664s, 18240 KB] g=70, 2769 evaluated, 123 expanded
[t=0.0499623s, 18240 KB] New best heuristic value for pinch_tracking: 25
[t=0.050003s, 18240 KB] g=71, 2773 evaluated, 124 expanded
[t=0.0505911s, 18240 KB] New best heuristic value for pinch_tracking: 24
[t=0.0506335s, 18240 KB] g=72, 2821 evaluated, 128 expanded
[t=0.0507212s, 18240 KB] New best heuristic value for pinch_tracking: 23
[t=0.0507613s, 18240 KB] g=73, 2825 evaluated, 129 expanded
[t=0.0513445s, 18240 KB] New best heuristic value for pinch_tracking: 22
[t=0.051387s, 18240 KB] g=74, 2873 evaluated, 133 expanded
[t=0.0514739s, 18240 KB] New best heuristic value for pinch_tracking: 21
[t=0.051514s, 18240 KB] g=75, 2877 evaluated, 134 expanded
[t=0.0520896s, 18240 KB] New best heuristic value for pinch_tracking: 20
[t=0.0521315s, 18240 KB] g=76, 2925 evaluated, 138 expanded
[t=0.0522176s, 18240 KB] New best heuristic value for pinch_tracking: 19
[t=0.0522591s, 18240 KB] g=77, 2929 evaluated, 139 expanded
[t=0.0528257s, 18240 KB] New best heuristic value for pinch_tracking: 18
[t=0.0528674s, 18240 KB] g=78, 2977 evaluated, 143 expanded
[t=0.0529628s, 18240 KB] New best heuristic value for pinch_tracking: 17
[t=0.0530031s, 18240 KB] g=79, 2981 evaluated, 144 expanded
[t=0.0535475s, 18240 KB] New best heuristic value for pinch_tracking: 16
[t=0.0535896s, 18240 KB] g=80, 3028 evaluated, 146 expanded
[t=0.0536807s, 18240 KB] New best heuristic value for pinch_tracking: 15
[t=0.0537209s, 18240 KB] g=81, 3033 evaluated, 147 expanded
[t=0.0542954s, 18240 KB] New best heuristic value for pinch_tracking: 14
[t=0.0543381s, 18240 KB] g=82, 3081 evaluated, 150 expanded
[t=0.0544306s, 18240 KB] New best heuristic value for pinch_tracking: 13
[t=0.0544712s, 18240 KB] g=83, 3086 evaluated, 151 expanded
[t=0.0550211s, 18240 KB] New best heuristic value for pinch_tracking: 12
[t=0.0550705s, 18240 KB] g=84, 3133 evaluated, 154 expanded
[t=0.0551677s, 18240 KB] New best heuristic value for pinch_tracking: 11
[t=0.055208s, 18240 KB] g=85, 3137 evaluated, 155 expanded
[t=0.0557457s, 18240 KB] New best heuristic value for pinch_tracking: 10
[t=0.0557873s, 18240 KB] g=86, 3184 evaluated, 157 expanded
[t=0.0558794s, 18240 KB] New best heuristic value for pinch_tracking: 9
[t=0.0559196s, 18240 KB] g=87, 3189 evaluated, 158 expanded
[t=0.05646s, 18240 KB] New best heuristic value for pinch_tracking: 8
[t=0.056502s, 18240 KB] g=88, 3235 evaluated, 160 expanded
[t=0.0565882s, 18240 KB] New best heuristic value for pinch_tracking: 7
[t=0.0566286s, 18240 KB] g=89, 3239 evaluated, 161 expanded
[t=0.0571712s, 18240 KB] New best heuristic value for pinch_tracking: 6
[t=0.0572129s, 18240 KB] g=90, 3285 evaluated, 163 expanded
[t=0.0572993s, 18240 KB] New best heuristic value for pinch_tracking: 5
[t=0.0573392s, 18240 KB] g=91, 3289 evaluated, 164 expanded
[t=0.0578689s, 18240 KB] New best heuristic value for pinch_tracking: 4
[t=0.0579101s, 18240 KB] g=92, 3335 evaluated, 166 expanded
[t=0.0580062s, 18240 KB] New best heuristic value for pinch_tracking: 3
[t=0.0580465s, 18240 KB] g=93, 3339 evaluated, 167 expanded
[t=0.0585725s, 18240 KB] New best heuristic value for pinch_tracking: 2
[t=0.0586134s, 18240 KB] g=94, 3385 evaluated, 168 expanded
[t=0.0591504s, 18240 KB] New best heuristic value for pinch_tracking: 1
[t=0.0591932s, 18240 KB] g=95, 3432 evaluated, 169 expanded
[t=0.0592805s, 18240 KB] New best heuristic value for pinch_tracking: 0
[t=0.059321s, 18240 KB] g=96, 3435 evaluated, 170 expanded
[t=0.0593621s, 18240 KB] Solution found!
[t=0.0594122s, 18240 KB] Actual search time: 0.0454194s
up f0 f27 (1)
board f27 p18 (1)
up f27 f30 (1)
board f30 p15 (1)
depart f30 p18 (1)
down f30 f0 (1)
board f0 p19 (1)
up f0 f10 (1)
board f10 p23 (1)
down f10 f2 (1)
depart f2 p19 (1)
up f2 f13 (1)
board f13 p8 (1)
board f13 p9 (1)
up f13 f19 (1)
board f19 p7 (1)
up f19 f22 (1)
board f22 p1 (1)
up f22 f24 (1)
board f24 p5 (1)
up f24 f25 (1)
board f25 p4 (1)
up f25 f28 (1)
depart f28 p7 (1)
up f28 f38 (1)
board f38 p3 (1)
down f38 f27 (1)
depart f27 p3 (1)
up f27 f39 (1)
board f39 p10 (1)
board f39 p17 (1)
up f39 f49 (1)
board f49 p14 (1)
board f49 p16 (1)
down f49 f0 (1)
depart f0 p8 (1)
up f0 f1 (1)
board f1 p20 (1)
up f1 f10 (1)
depart f10 p5 (1)
down f10 f2 (1)
depart f2 p16 (1)
up f2 f12 (1)
board f12 p12 (1)
up f12 f27 (1)
depart f27 p12 (1)
down f27 f14 (1)
board f14 p21 (1)
down f14 f3 (1)
board f3 p11 (1)
up f3 f18 (1)
depart f18 p11 (1)
down f18 f8 (1)
board f8 p22 (1)
up f8 f19 (1)
depart f19 p4 (1)
up f19 f20 (1)
board f20 p2 (1)
up f20 f21 (1)
depart f21 p17 (1)
up f21 f22 (1)
depart f22 p2 (1)
up f22 f23 (1)
depart f23 p23 (1)
up f23 f24 (1)
depart f24 p20 (1)
up f24 f28 (1)
depart f28 p10 (1)
up f28 f29 (1)
board f29 p6 (1)
up f29 f30 (1)
depart f30 p21 (1)
up f30 f32 (1)
depart f32 p6 (1)
up f32 f33 (1)
depart f33 p22 (1)
up f33 f34 (1)
board f34 p24 (1)
down f34 f25 (1)
depart f25 p24 (1)
up f25 f38 (1)
depart f38 p14 (1)
up f38 f40 (1)
board f40 p13 (1)
down f40 f27 (1)
depart f27 p13 (1)
up f27 f42 (1)
depart f42 p1 (1)
up f42 f43 (1)
depart f43 p9 (1)
up f43 f45 (1)
board f45 p0 (1)
down f45 f11 (1)
depart f11 p0 (1)
up f11 f47 (1)
depart f47 p15 (1)
[t=0.0594546s, 18240 KB] Plan length: 96 step(s).
[t=0.0594546s, 18240 KB] Plan cost: 96
[t=0.0594546s, 18240 KB] Expanded 171 state(s).
[t=0.0594546s, 18240 KB] Reopened 0 state(s).
[t=0.0594546s, 18240 KB] Evaluated 3435 state(s).
[t=0.0594546s, 18240 KB] Evaluations: 3435
[t=0.0594546s, 18240 KB] Generated 8486 state(s).
[t=0.0594546s, 18240 KB] Dead ends: 0 state(s).
[t=0.0594546s, 18240 KB] Number of registered states: 3435
[t=0.0594546s, 18240 KB] Int hash set load factor: 3435/4096 = 0.838623
[t=0.0594546s, 18240 KB] Int hash set resizes: 12
[t=0.0594546s, 18240 KB] mean number of q cost that have been adjusted 0 times in relation to total number of q: -1
[t=0.0594546s, 18240 KB] mean number of q cost that have been adjusted 1 times in relation to total number of q: -1
[t=0.0594546s, 18240 KB] mean number of q cost that have been adjusted 2 times in relation to total number of q: -1
[t=0.0594546s, 18240 KB] mean number of q that are at some point overconsitent in relation to total number of q: -1
[t=0.0594546s, 18240 KB] mean number of q that are at first underconsisten in relation to total number of q: -1
[t=0.0594546s, 18240 KB] mean number of state variables that are not in common between two following states in relation to total number of state variables: -1
[t=0.0594546s, 18240 KB] variance number of state variables that are not in common between two following states in relation to total number of state variables: -1
[t=0.0594546s, 18240 KB] Search time: 0.0458648s
[t=0.0594546s, 18240 KB] Total time: 0.0594546s
Solution found.
Peak memory: 18240 KB
Remove intermediate file output.sas
search exit code: 0

INFO     Running validate.
INFO     validate stdin: None
INFO     validate time limit: None
INFO     validate memory limit: None
INFO     validate command line string: validate domain.pddl problem.pddl sas_plan
