INFO     Running translator.
INFO     translator stdin: None
INFO     translator time limit: 1799.96s
INFO     translator memory limit: 3584 MB
INFO     translator command line string: /infai/weidan00/downward/experiments/bachelor/.venv/bin/python3 /infai/weidan00/downward/experiments/bachelor/data/bachelor-v1/code-7aa5f34_e5e41175/builds/release/bin/translate/translate.py domain.pddl problem.pddl --sas-file output.sas
Parsing...
Parsing: [0.010s CPU, 0.008s wall-clock]
Normalizing task... [0.000s CPU, 0.000s wall-clock]
Instantiating...
Generating Datalog program... [0.000s CPU, 0.003s wall-clock]
Normalizing Datalog program...
Normalizing Datalog program: [0.010s CPU, 0.014s wall-clock]
Preparing model... [0.010s CPU, 0.009s wall-clock]
Generated 285 rules.
Computing model... [1.470s CPU, 1.464s wall-clock]
47970 relevant atoms
8176 auxiliary atoms
56146 final queue length
408776 total queue pushes
Completing instantiation... [6.580s CPU, 6.604s wall-clock]
Instantiating: [8.090s CPU, 8.112s wall-clock]
Computing fact groups...
Finding invariants...
37 initial candidates
Finding invariants: [0.150s CPU, 0.152s wall-clock]
Checking invariant weight... [0.000s CPU, 0.000s wall-clock]
Instantiating groups... [0.000s CPU, 0.000s wall-clock]
Collecting mutex groups... [0.000s CPU, 0.000s wall-clock]
Choosing groups...
489 uncovered facts
Choosing groups: [0.000s CPU, 0.000s wall-clock]
Building translation key... [0.000s CPU, 0.002s wall-clock]
Computing fact groups: [0.150s CPU, 0.159s wall-clock]
Building STRIPS to SAS dictionary... [0.000s CPU, 0.001s wall-clock]
Building dictionary for full mutex groups... [0.010s CPU, 0.001s wall-clock]
Building mutex information...
Building mutex information: [0.000s CPU, 0.000s wall-clock]
Translating task...
Processing axioms...
Simplifying axioms... [0.000s CPU, 0.000s wall-clock]
Processing axioms: [0.330s CPU, 0.333s wall-clock]
Translating task: [6.660s CPU, 6.675s wall-clock]
0 effect conditions simplified
0 implied preconditions added
Detecting unreachable propositions...
0 operators removed
0 axioms removed
56 propositions removed
Detecting unreachable propositions: [3.270s CPU, 3.286s wall-clock]
Reordering and filtering variables...
350 of 461 variables necessary.
0 of 0 mutex groups necessary.
39866 of 40258 operators necessary.
0 of 0 axiom rules necessary.
Reordering and filtering variables: [2.460s CPU, 2.459s wall-clock]
Translator variables: 350
Translator derived variables: 0
Translator facts: 700
Translator goal facts: 6
Translator mutex groups: 0
Translator total mutex groups size: 0
Translator operators: 39866
Translator axioms: 0
Translator task size: 1015273
Translator peak memory: 739752 KB
Writing output... [1.430s CPU, 1.561s wall-clock]
Done! [22.330s CPU, 22.513s wall-clock]
translate exit code: 0

INFO     Running search (release).
INFO     search stdin: output.sas
INFO     search time limit: 1777.44s
INFO     search memory limit: 3584 MB
INFO     search command line string: /infai/weidan00/downward/experiments/bachelor/data/bachelor-v1/code-7aa5f34_e5e41175/builds/release/bin/downward --search 'eager_wastar([pinch()], w=2)' --internal-plan-file sas_plan < output.sas
[t=6.6826e-05s, 17204 KB] reading input...
[t=0.868319s, 50124 KB] done reading input!
[t=0.939148s, 94764 KB] Simplifying 248624 unary operators... done! [248121 unary operators]
[t=1.20421s, 120284 KB] time to simplify: 0.265181s
[t=1.25434s, 145392 KB] Initializing pinch heuristic...
[t=1.2546s, 145392 KB] Building successor generator...done!
[t=1.31211s, 145392 KB] peak memory difference for successor generator creation: 0 KB
[t=1.31216s, 145392 KB] time for successor generation creation: 0.0573124s
[t=1.31256s, 145392 KB] Variables: 350
[t=1.31263s, 145392 KB] FactPairs: 700
[t=1.31267s, 145392 KB] Bytes per state: 44
[t=1.31288s, 145392 KB] Conducting best first search with reopening closed nodes, (real) bound = 2147483647
[t=1.38407s, 145392 KB] New best heuristic value for pinch: 4194
[t=1.38419s, 145392 KB] g=0, 1 evaluated, 0 expanded
[t=1.38425s, 145392 KB] Initial heuristic value for pinch: 4194
[t=1.3843s, 145392 KB] pruning method: none
[t=1.44368s, 145392 KB] New best heuristic value for pinch: 2004
[t=1.4438s, 145392 KB] g=1, 2 evaluated, 1 expanded
[t=1.48991s, 150212 KB] New best heuristic value for pinch: 714
[t=1.49003s, 150212 KB] g=2, 3 evaluated, 2 expanded
[t=1.92772s, 246308 KB] New best heuristic value for pinch: 252
[t=1.92783s, 246308 KB] g=3, 7 evaluated, 3 expanded
[t=1.96009s, 254180 KB] New best heuristic value for pinch: 77
[t=1.96021s, 254180 KB] g=4, 8 evaluated, 4 expanded
[t=4.13144s, 286184 KB] New best heuristic value for pinch: 76
[t=4.13156s, 286184 KB] g=5, 63 evaluated, 5 expanded
[t=4.15304s, 289192 KB] New best heuristic value for pinch: 72
[t=4.15316s, 289192 KB] g=5, 64 evaluated, 5 expanded
[t=4.2552s, 295464 KB] New best heuristic value for pinch: 70
[t=4.25532s, 295464 KB] g=5, 71 evaluated, 5 expanded
[t=4.51015s, 295464 KB] New best heuristic value for pinch: 69
[t=4.51026s, 295464 KB] g=6, 112 evaluated, 6 expanded
[t=4.52869s, 295464 KB] New best heuristic value for pinch: 65
[t=4.52881s, 295464 KB] g=6, 113 evaluated, 6 expanded
[t=4.76324s, 295976 KB] New best heuristic value for pinch: 63
[t=4.76336s, 295976 KB] g=6, 133 evaluated, 6 expanded
[t=4.94893s, 295976 KB] New best heuristic value for pinch: 62
[t=4.94905s, 295976 KB] g=7, 162 evaluated, 7 expanded
[t=4.96635s, 295976 KB] New best heuristic value for pinch: 58
[t=4.96647s, 295976 KB] g=7, 163 evaluated, 7 expanded
[t=5.31466s, 297256 KB] New best heuristic value for pinch: 56
[t=5.31477s, 297256 KB] g=7, 194 evaluated, 7 expanded
[t=5.44028s, 297256 KB] New best heuristic value for pinch: 55
[t=5.44039s, 297256 KB] g=8, 213 evaluated, 8 expanded
[t=5.45676s, 297256 KB] New best heuristic value for pinch: 51
[t=5.45687s, 297256 KB] g=8, 214 evaluated, 8 expanded
[t=5.89514s, 297256 KB] New best heuristic value for pinch: 49
[t=5.89526s, 297256 KB] g=8, 254 evaluated, 8 expanded
[t=5.97331s, 297256 KB] New best heuristic value for pinch: 48
[t=5.97342s, 297256 KB] g=9, 265 evaluated, 9 expanded
[t=5.98873s, 297256 KB] New best heuristic value for pinch: 44
[t=5.98884s, 297256 KB] g=9, 266 evaluated, 9 expanded
[t=6.49601s, 299304 KB] New best heuristic value for pinch: 42
[t=6.49612s, 299304 KB] g=9, 313 evaluated, 9 expanded
[t=6.53838s, 300328 KB] New best heuristic value for pinch: 41
[t=6.5385s, 300328 KB] g=10, 318 evaluated, 10 expanded
[t=6.55267s, 300328 KB] New best heuristic value for pinch: 37
[t=6.55279s, 300328 KB] g=10, 319 evaluated, 10 expanded
[t=7.12583s, 300328 KB] New best heuristic value for pinch: 36
[t=7.12595s, 300328 KB] g=11, 373 evaluated, 11 expanded
[t=7.20518s, 302376 KB] New best heuristic value for pinch: 32
[t=7.2053s, 302376 KB] g=11, 382 evaluated, 11 expanded
[t=7.46808s, 302376 KB] New best heuristic value for pinch: 31
[t=7.46819s, 302376 KB] g=12, 422 evaluated, 12 expanded
[t=7.6088s, 302376 KB] New best heuristic value for pinch: 27
[t=7.60892s, 302376 KB] g=12, 437 evaluated, 12 expanded
[t=7.79131s, 302376 KB] New best heuristic value for pinch: 26
[t=7.79143s, 302376 KB] g=13, 465 evaluated, 13 expanded
[t=7.97771s, 302376 KB] New best heuristic value for pinch: 22
[t=7.97782s, 302376 KB] g=13, 484 evaluated, 13 expanded
[t=8.09391s, 302376 KB] New best heuristic value for pinch: 21
[t=8.09403s, 302376 KB] g=14, 502 evaluated, 14 expanded
[t=8.30737s, 302376 KB] New best heuristic value for pinch: 17
[t=8.30749s, 302376 KB] g=14, 523 evaluated, 14 expanded
[t=8.37316s, 302376 KB] New best heuristic value for pinch: 16
[t=8.37328s, 302376 KB] g=15, 533 evaluated, 15 expanded
[t=8.59597s, 302376 KB] New best heuristic value for pinch: 12
[t=8.59608s, 302376 KB] g=15, 554 evaluated, 15 expanded
[t=8.62612s, 302376 KB] New best heuristic value for pinch: 11
[t=8.62625s, 302376 KB] g=16, 558 evaluated, 16 expanded
[t=8.86147s, 302632 KB] New best heuristic value for pinch: 10
[t=8.86159s, 302632 KB] g=17, 581 evaluated, 17 expanded
[t=9.0102s, 302632 KB] New best heuristic value for pinch: 9
[t=9.01032s, 302632 KB] g=18, 618 evaluated, 18 expanded
[t=9.08787s, 302632 KB] New best heuristic value for pinch: 8
[t=9.08798s, 302632 KB] g=19, 636 evaluated, 19 expanded
[t=9.32219s, 302632 KB] New best heuristic value for pinch: 7
[t=9.3223s, 302632 KB] g=20, 699 evaluated, 20 expanded
[t=9.45904s, 302632 KB] New best heuristic value for pinch: 6
[t=9.45915s, 302632 KB] g=21, 729 evaluated, 21 expanded
[t=9.66364s, 302632 KB] New best heuristic value for pinch: 5
[t=9.66376s, 302632 KB] g=22, 797 evaluated, 22 expanded
[t=9.80461s, 302632 KB] New best heuristic value for pinch: 4
[t=9.80473s, 302632 KB] g=23, 830 evaluated, 23 expanded
[t=9.99723s, 302632 KB] New best heuristic value for pinch: 3
[t=9.99735s, 302632 KB] g=24, 908 evaluated, 24 expanded
[t=10.1096s, 302632 KB] New best heuristic value for pinch: 2
[t=10.1097s, 302632 KB] g=25, 938 evaluated, 25 expanded
[t=10.3039s, 302632 KB] New best heuristic value for pinch: 1
[t=10.304s, 302632 KB] g=26, 1028 evaluated, 26 expanded
[t=10.3941s, 302632 KB] New best heuristic value for pinch: 0
[t=10.3942s, 302632 KB] g=27, 1056 evaluated, 27 expanded
[t=10.4536s, 302632 KB] Solution found!
[t=10.4537s, 302632 KB] Actual search time: 9.06945s
get_domain id_cdrat id_bwhost str__cc (1)
creds id_cdrat id_bwhost id_adomain (1)
get_computers id_cdrat id_adomain (1)
net_use id_cdrat id_bwhost id_bbhost str__bh id_ddomaincredential str__e id_cdomainuser str__james id_adomain str__alpha id_dashare (1)
net_use id_cdrat id_bwhost id_bihost str__bo id_ddomaincredential str__e id_cdomainuser str__james id_adomain str__alpha id_dbshare (1)
net_use id_cdrat id_bwhost id_bphost str__bv id_ddomaincredential str__e id_cdomainuser str__james id_adomain str__alpha id_dcshare (1)
net_use id_cdrat id_bwhost id_ghost str__m id_ddomaincredential str__e id_cdomainuser str__james id_adomain str__alpha id_ddshare (1)
net_use id_cdrat id_bwhost id_nhost str__t id_ddomaincredential str__e id_cdomainuser str__james id_adomain str__alpha id_deshare (1)
net_use id_cdrat id_bwhost id_uhost str__ba id_ddomaincredential str__e id_cdomainuser str__james id_adomain str__alpha id_dfshare (1)
smb_copy id_cdrat id_bwhost str__ce id_dashare id_bwhost id_bbhost whatever id_ctfile (1)
smb_copy id_cdrat id_bwhost str__ce id_dbshare id_bwhost id_bihost whatever id_cufile (1)
smb_copy id_cdrat id_bwhost str__ce id_dcshare id_bwhost id_bphost whatever id_cvfile (1)
smb_copy id_cdrat id_bwhost str__ce id_ddshare id_bwhost id_ghost whatever id_cwfile (1)
smb_copy id_cdrat id_bwhost str__ce id_deshare id_bwhost id_nhost whatever id_cxfile (1)
smb_copy id_cdrat id_bwhost str__ce id_dfshare id_bwhost id_uhost whatever id_cyfile (1)
get_admin id_cdrat id_bbhost id_adomain (1)
wmic id_cdrat id_bwhost id_bbhost id_ctfile somepath id_ddomaincredential id_cdomainuser id_adomain str__alpha str__e id_cprat (1)
get_admin id_cdrat id_bihost id_adomain (1)
wmic id_cprat id_bbhost id_bihost id_cufile somepath id_ddomaincredential id_cdomainuser id_adomain str__alpha str__e id_cnrat (1)
get_admin id_cdrat id_bphost id_adomain (1)
wmic id_cprat id_bbhost id_bphost id_cvfile somepath id_ddomaincredential id_cdomainuser id_adomain str__alpha str__e id_cqrat (1)
get_admin id_cdrat id_ghost id_adomain (1)
wmic id_cprat id_bbhost id_ghost id_cwfile somepath id_ddomaincredential id_cdomainuser id_adomain str__alpha str__e id_csrat (1)
get_admin id_cdrat id_nhost id_adomain (1)
wmic id_cprat id_bbhost id_nhost id_cxfile somepath id_ddomaincredential id_cdomainuser id_adomain str__alpha str__e id_cmrat (1)
get_admin id_cdrat id_uhost id_adomain (1)
wmic id_cprat id_bbhost id_uhost id_cyfile somepath id_ddomaincredential id_cdomainuser id_adomain str__alpha str__e id_corat (1)
[t=10.4538s, 302632 KB] Plan length: 27 step(s).
[t=10.4538s, 302632 KB] Plan cost: 27
[t=10.4538s, 302632 KB] Expanded 28 state(s).
[t=10.4538s, 302632 KB] Reopened 0 state(s).
[t=10.4538s, 302632 KB] Evaluated 1091 state(s).
[t=10.4538s, 302632 KB] Evaluations: 1091
[t=10.4538s, 302632 KB] Generated 1866 state(s).
[t=10.4538s, 302632 KB] Dead ends: 85 state(s).
[t=10.4538s, 302632 KB] Number of registered states: 1091
[t=10.4538s, 302632 KB] Int hash set load factor: 1091/2048 = 0.532715
[t=10.4538s, 302632 KB] Int hash set resizes: 11
[t=10.4538s, 302632 KB] mean number of q cost that have been adjusted 0 times in relation to total number of q: -1
[t=10.4538s, 302632 KB] mean number of q cost that have been adjusted 1 times in relation to total number of q: -1
[t=10.4538s, 302632 KB] mean number of q cost that have been adjusted 2 times in relation to total number of q: -1
[t=10.4538s, 302632 KB] mean number of q that are at some point overconsitent in relation to total number of q: -1
[t=10.4538s, 302632 KB] mean number of q that are at first underconsisten in relation to total number of q: -1
[t=10.4538s, 302632 KB] mean number of state variables that are not in common between two following states in relation to total number of state variables: -1
[t=10.4538s, 302632 KB] variance number of state variables that are not in common between two following states in relation to total number of state variables: -1
[t=10.4538s, 302632 KB] Search time: 9.14092s
[t=10.4538s, 302632 KB] Total time: 10.4538s
Solution found.
Peak memory: 302632 KB
Remove intermediate file output.sas
search exit code: 0

INFO     Running validate.
INFO     validate stdin: None
INFO     validate time limit: None
INFO     validate memory limit: None
INFO     validate command line string: validate domain.pddl problem.pddl sas_plan
