INFO     Running translator.
INFO     translator stdin: None
INFO     translator time limit: 1799.95s
INFO     translator memory limit: 3584 MB
INFO     translator command line string: /infai/weidan00/downward/experiments/bachelor/.venv/bin/python3 /infai/weidan00/downward/experiments/bachelor/data/bachelor-v1/code-7aa5f34_e5e41175/builds/release/bin/translate/translate.py domain.pddl problem.pddl --sas-file output.sas
Parsing...
Parsing: [0.000s CPU, 0.003s wall-clock]
Normalizing task... [0.000s CPU, 0.000s wall-clock]
Instantiating...
Generating Datalog program... [0.000s CPU, 0.000s wall-clock]
Normalizing Datalog program...
Normalizing Datalog program: [0.000s CPU, 0.005s wall-clock]
Preparing model... [0.010s CPU, 0.002s wall-clock]
Generated 74 rules.
Computing model... [0.020s CPU, 0.025s wall-clock]
1301 relevant atoms
645 auxiliary atoms
1946 final queue length
5679 total queue pushes
Completing instantiation... [0.050s CPU, 0.051s wall-clock]
Instantiating: [0.080s CPU, 0.083s wall-clock]
Computing fact groups...
Finding invariants...
16 initial candidates
Finding invariants: [0.010s CPU, 0.007s wall-clock]
Checking invariant weight... [0.000s CPU, 0.000s wall-clock]
Instantiating groups... [0.000s CPU, 0.000s wall-clock]
Collecting mutex groups... [0.000s CPU, 0.000s wall-clock]
Choosing groups...
0 uncovered facts
Choosing groups: [0.000s CPU, 0.000s wall-clock]
Building translation key... [0.000s CPU, 0.000s wall-clock]
Computing fact groups: [0.010s CPU, 0.009s wall-clock]
Building STRIPS to SAS dictionary... [0.000s CPU, 0.000s wall-clock]
Building dictionary for full mutex groups... [0.000s CPU, 0.000s wall-clock]
Building mutex information...
Building mutex information: [0.000s CPU, 0.000s wall-clock]
Translating task...
Processing axioms...
Simplifying axioms... [0.000s CPU, 0.000s wall-clock]
Processing axioms: [0.000s CPU, 0.002s wall-clock]
Translating task: [0.040s CPU, 0.039s wall-clock]
0 effect conditions simplified
0 implied preconditions added
Detecting unreachable propositions...
0 operators removed
0 axioms removed
7 propositions removed
Detecting unreachable propositions: [0.010s CPU, 0.017s wall-clock]
Reordering and filtering variables...
7 of 7 variables necessary.
0 of 8 mutex groups necessary.
706 of 706 operators necessary.
0 of 0 axiom rules necessary.
Reordering and filtering variables: [0.010s CPU, 0.007s wall-clock]
Translator variables: 7
Translator derived variables: 0
Translator facts: 44
Translator goal facts: 1
Translator mutex groups: 0
Translator total mutex groups size: 0
Translator operators: 706
Translator axioms: 0
Translator task size: 5286
Translator peak memory: 146892 KB
Writing output... [0.010s CPU, 0.012s wall-clock]
Done! [0.160s CPU, 0.174s wall-clock]
translate exit code: 0

INFO     Running search (release).
INFO     search stdin: output.sas
INFO     search time limit: 1799.72s
INFO     search memory limit: 3584 MB
INFO     search command line string: /infai/weidan00/downward/experiments/bachelor/data/bachelor-v1/code-7aa5f34_e5e41175/builds/release/bin/downward --search 'eager_wastar([add()], w=2)' --internal-plan-file sas_plan < output.sas
[t=7.2323e-05s, 17204 KB] reading input...
[t=0.00503017s, 17476 KB] done reading input!
[t=0.00733522s, 17892 KB] Simplifying 2062 unary operators... done! [550 unary operators]
[t=0.00887543s, 17892 KB] time to simplify: 0.00163844s
[t=0.00903435s, 17892 KB] Initializing additive heuristic...
[t=0.00919445s, 17892 KB] Building successor generator...done!
[t=0.00953893s, 17892 KB] peak memory difference for successor generator creation: 0 KB
[t=0.00957813s, 17892 KB] time for successor generation creation: 0.000216429s
[t=0.00963027s, 17892 KB] Variables: 7
[t=0.00967015s, 17892 KB] FactPairs: 44
[t=0.00970928s, 17892 KB] Bytes per state: 4
[t=0.00985538s, 17892 KB] Conducting best first search with reopening closed nodes, (real) bound = 2147483647
[t=0.00996932s, 17892 KB] New best heuristic value for add: 28
[t=0.0100126s, 17892 KB] g=0, 1 evaluated, 0 expanded
[t=0.0100747s, 17892 KB] Initial heuristic value for add: 28
[t=0.0101171s, 17892 KB] pruning method: none
[t=0.0101838s, 17892 KB] New best heuristic value for add: 27
[t=0.0102256s, 17892 KB] g=1, 2 evaluated, 1 expanded
[t=0.0108967s, 17892 KB] New best heuristic value for add: 26
[t=0.0109447s, 17892 KB] g=2, 75 evaluated, 2 expanded
[t=0.132581s, 18416 KB] New best heuristic value for add: 23
[t=0.132708s, 18416 KB] g=5, 15387 evaluated, 2547 expanded
[t=0.132997s, 18416 KB] New best heuristic value for add: 22
[t=0.133048s, 18416 KB] g=7, 15414 evaluated, 2549 expanded
[t=0.133434s, 18416 KB] New best heuristic value for add: 21
[t=0.133483s, 18416 KB] g=8, 15455 evaluated, 2550 expanded
[t=0.246342s, 19196 KB] New best heuristic value for add: 18
[t=0.246477s, 19196 KB] g=12, 29867 evaluated, 4956 expanded, 64 reopened
[t=0.246766s, 19196 KB] New best heuristic value for add: 17
[t=0.246814s, 19196 KB] g=14, 29895 evaluated, 4958 expanded, 64 reopened
[t=0.247183s, 19196 KB] New best heuristic value for add: 16
[t=0.24723s, 19196 KB] g=15, 29935 evaluated, 4959 expanded, 64 reopened
[t=0.319994s, 19204 KB] New best heuristic value for add: 13
[t=0.320118s, 19204 KB] g=19, 39575 evaluated, 6412 expanded, 103 reopened
[t=0.320409s, 19204 KB] New best heuristic value for add: 12
[t=0.320458s, 19204 KB] g=21, 39604 evaluated, 6414 expanded, 103 reopened
[t=0.320808s, 19204 KB] New best heuristic value for add: 11
[t=0.320852s, 19204 KB] g=22, 39643 evaluated, 6415 expanded, 103 reopened
[t=0.366573s, 19340 KB] New best heuristic value for add: 8
[t=0.366702s, 19340 KB] g=26, 45823 evaluated, 7243 expanded, 123 reopened
[t=0.366986s, 19340 KB] New best heuristic value for add: 7
[t=0.367033s, 19340 KB] g=28, 45853 evaluated, 7245 expanded, 123 reopened
[t=0.367364s, 19340 KB] New best heuristic value for add: 6
[t=0.367411s, 19340 KB] g=29, 45891 evaluated, 7246 expanded, 123 reopened
[t=0.377219s, 19472 KB] New best heuristic value for add: 3
[t=0.377332s, 19472 KB] g=33, 47249 evaluated, 7441 expanded, 130 reopened
[t=0.377836s, 19472 KB] New best heuristic value for add: 2
[t=0.377884s, 19472 KB] g=36, 47317 evaluated, 7444 expanded, 130 reopened
[t=0.377993s, 19472 KB] New best heuristic value for add: 1
[t=0.378047s, 19472 KB] g=37, 47329 evaluated, 7445 expanded, 130 reopened
[t=0.378093s, 19472 KB] New best heuristic value for add: 0
[t=0.378134s, 19472 KB] g=38, 47330 evaluated, 7446 expanded, 130 reopened
[t=0.378245s, 19472 KB] Solution found!
[t=0.378292s, 19472 KB] Actual search time: 0.368171s
drive_tent girl0 place0 place1 car0 tent0 (1)
put_up girl0 place1 tent0 (1)
drive guy0 place0 place1 car1 (1)
drive_passenger girl0 place1 place0 car0 guy0 (1)
walk_together tent0 place1 guy0 place0 girl0 couple0 (1)
put_down girl0 place1 tent0 (1)
drive_tent_passenger girl0 place1 place0 car1 tent0 guy0 (1)
drive_tent girl0 place0 place2 car0 tent0 (1)
put_up girl0 place2 tent0 (1)
drive guy0 place0 place2 car1 (1)
drive_passenger girl0 place2 place1 car0 guy0 (1)
walk_together tent0 place2 guy0 place1 girl0 couple0 (1)
put_down girl0 place2 tent0 (1)
drive_tent_passenger girl0 place2 place1 car1 tent0 guy0 (1)
drive_tent girl0 place1 place3 car0 tent0 (1)
put_up girl0 place3 tent0 (1)
drive guy0 place1 place3 car1 (1)
drive_passenger girl0 place3 place2 car0 guy0 (1)
walk_together tent0 place3 guy0 place2 girl0 couple0 (1)
put_down girl0 place3 tent0 (1)
drive_tent_passenger girl0 place3 place2 car1 tent0 guy0 (1)
drive_tent girl0 place2 place4 car0 tent0 (1)
put_up girl0 place4 tent0 (1)
drive guy0 place2 place4 car1 (1)
drive_passenger girl0 place4 place3 car0 guy0 (1)
walk_together tent0 place4 guy0 place3 girl0 couple0 (1)
put_down girl0 place4 tent0 (1)
drive_tent_passenger girl0 place4 place3 car1 tent0 guy0 (1)
drive_tent girl0 place3 place5 car0 tent0 (1)
put_up girl0 place5 tent0 (1)
drive guy0 place3 place5 car1 (1)
drive_passenger girl0 place5 place4 car0 guy0 (1)
walk_together tent0 place5 guy0 place4 girl0 couple0 (1)
put_down girl0 place5 tent0 (1)
drive_tent girl0 place5 place6 car1 tent0 (1)
put_up girl0 place6 tent0 (1)
drive girl0 place6 place5 car1 (1)
walk_together tent0 place6 guy0 place5 girl0 couple0 (1)
[t=0.378335s, 19472 KB] Plan length: 38 step(s).
[t=0.378335s, 19472 KB] Plan cost: 38
[t=0.378335s, 19472 KB] Expanded 7447 state(s).
[t=0.378335s, 19472 KB] Reopened 130 state(s).
[t=0.378335s, 19472 KB] Evaluated 47342 state(s).
[t=0.378335s, 19472 KB] Evaluations: 47342
[t=0.378335s, 19472 KB] Generated 109379 state(s).
[t=0.378335s, 19472 KB] Dead ends: 1 state(s).
[t=0.378335s, 19472 KB] Number of registered states: 47342
[t=0.378335s, 19472 KB] Int hash set load factor: 47342/65536 = 0.722382
[t=0.378335s, 19472 KB] Int hash set resizes: 16
[t=0.378335s, 19472 KB] mean number of q cost that have been adjusted 0 times in relation to total number of q: -1
[t=0.378335s, 19472 KB] mean number of q cost that have been adjusted 1 times in relation to total number of q: -1
[t=0.378335s, 19472 KB] mean number of q cost that have been adjusted 2 times in relation to total number of q: -1
[t=0.378335s, 19472 KB] mean number of q that are at some point overconsitent in relation to total number of q: -1
[t=0.378335s, 19472 KB] mean number of q that are at first underconsisten in relation to total number of q: -1
[t=0.378335s, 19472 KB] mean number of state variables that are not in common between two following states in relation to total number of state variables: -1
[t=0.378335s, 19472 KB] variance number of state variables that are not in common between two following states in relation to total number of state variables: -1
[t=0.378335s, 19472 KB] Search time: 0.36848s
[t=0.378335s, 19472 KB] Total time: 0.378335s
Solution found.
Peak memory: 19472 KB
Remove intermediate file output.sas
search exit code: 0

INFO     Running validate.
INFO     validate stdin: None
INFO     validate time limit: None
INFO     validate memory limit: None
INFO     validate command line string: validate domain.pddl problem.pddl sas_plan
