INFO     Running translator.
INFO     translator stdin: None
INFO     translator time limit: 1799.94s
INFO     translator memory limit: 3584 MB
INFO     translator command line string: /infai/weidan00/downward/experiments/bachelor/.venv/bin/python3 /infai/weidan00/downward/experiments/bachelor/data/bachelor-v1/code-7aa5f34_e5e41175/builds/release/bin/translate/translate.py domain.pddl problem.pddl --sas-file output.sas
Parsing...
Parsing: [0.000s CPU, 0.005s wall-clock]
Normalizing task... [0.000s CPU, 0.000s wall-clock]
Instantiating...
Generating Datalog program... [0.010s CPU, 0.002s wall-clock]
Normalizing Datalog program...
Normalizing Datalog program: [0.000s CPU, 0.003s wall-clock]
Preparing model... [0.000s CPU, 0.004s wall-clock]
Generated 41 rules.
Computing model... [0.200s CPU, 0.197s wall-clock]
25003 relevant atoms
1776 auxiliary atoms
26779 final queue length
53431 total queue pushes
Completing instantiation... [1.240s CPU, 1.239s wall-clock]
Instantiating: [1.450s CPU, 1.450s wall-clock]
Computing fact groups...
Finding invariants...
18 initial candidates
Finding invariants: [0.010s CPU, 0.009s wall-clock]
Checking invariant weight... [0.000s CPU, 0.002s wall-clock]
Instantiating groups... [0.010s CPU, 0.005s wall-clock]
Collecting mutex groups... [0.000s CPU, 0.000s wall-clock]
Choosing groups...
104 uncovered facts
Choosing groups: [0.000s CPU, 0.001s wall-clock]
Building translation key... [0.000s CPU, 0.001s wall-clock]
Computing fact groups: [0.020s CPU, 0.021s wall-clock]
Building STRIPS to SAS dictionary... [0.000s CPU, 0.000s wall-clock]
Building dictionary for full mutex groups... [0.000s CPU, 0.000s wall-clock]
Building mutex information...
Building mutex information: [0.000s CPU, 0.000s wall-clock]
Translating task...
Processing axioms...
Simplifying axioms... [0.000s CPU, 0.000s wall-clock]
Processing axioms: [0.050s CPU, 0.050s wall-clock]
Translating task: [1.530s CPU, 1.528s wall-clock]
42048 effect conditions simplified
0 implied preconditions added
Detecting unreachable propositions...
0 operators removed
0 axioms removed
4 propositions removed
Detecting unreachable propositions: [0.700s CPU, 0.704s wall-clock]
Reordering and filtering variables...
140 of 140 variables necessary.
32 of 100 mutex groups necessary.
24272 of 24272 operators necessary.
0 of 0 axiom rules necessary.
Reordering and filtering variables: [0.200s CPU, 0.209s wall-clock]
Translator variables: 140
Translator derived variables: 0
Translator facts: 448
Translator goal facts: 24
Translator mutex groups: 32
Translator total mutex groups size: 64
Translator operators: 24272
Translator axioms: 0
Translator task size: 167604
Translator peak memory: 254156 KB
Writing output... [0.270s CPU, 0.304s wall-clock]
Done! [4.240s CPU, 4.284s wall-clock]
translate exit code: 0

INFO     Running search (release).
INFO     search stdin: output.sas
INFO     search time limit: 1795.61s
INFO     search memory limit: 3584 MB
INFO     search command line string: /infai/weidan00/downward/experiments/bachelor/data/bachelor-v1/code-7aa5f34_e5e41175/builds/release/bin/downward --search 'eager_wastar([pinch()], w=2)' --internal-plan-file sas_plan < output.sas
[t=7.5799e-05s, 17204 KB] reading input...
[t=0.161272s, 25164 KB] done reading input!
[t=0.175258s, 30368 KB] Simplifying 71984 unary operators... done! [61520 unary operators]
[t=0.265869s, 35844 KB] time to simplify: 0.0907321s
[t=0.268878s, 35844 KB] Initializing pinch heuristic...
[t=0.269102s, 35844 KB] Building successor generator...done!
[t=0.281171s, 35844 KB] peak memory difference for successor generator creation: 0 KB
[t=0.281222s, 35844 KB] time for successor generation creation: 0.0118925s
[t=0.281486s, 35844 KB] Variables: 140
[t=0.281541s, 35844 KB] FactPairs: 448
[t=0.281582s, 35844 KB] Bytes per state: 28
[t=0.281736s, 35844 KB] Conducting best first search with reopening closed nodes, (real) bound = 2147483647
[t=0.288579s, 35844 KB] New best heuristic value for pinch: 105
[t=0.288679s, 35844 KB] g=0, 1 evaluated, 0 expanded
[t=0.288734s, 35844 KB] Initial heuristic value for pinch: 105
[t=0.288776s, 35844 KB] pruning method: none
[t=0.297475s, 35844 KB] New best heuristic value for pinch: 90
[t=0.297578s, 35844 KB] g=1, 14 evaluated, 1 expanded
[t=1.52887s, 35844 KB] New best heuristic value for pinch: 72
[t=1.52898s, 35844 KB] g=1, 510 evaluated, 1 expanded
[t=45.741s, 35844 KB] New best heuristic value for pinch: 48
[t=45.7411s, 35844 KB] g=2, 21041 evaluated, 2 expanded
[t=82.1365s, 35844 KB] New best heuristic value for pinch: 40
[t=82.1366s, 35844 KB] g=3, 39437 evaluated, 3 expanded
[t=82.1367s, 35844 KB] New best heuristic value for pinch: 37
[t=82.1368s, 35844 KB] g=3, 39438 evaluated, 3 expanded
Peak memory: 103716 KB
caught signal 24 -- exiting
Time limit has been reached.
Remove intermediate file output.sas
search exit code: 23

Driver aborting after search
