INFO     Running translator.
INFO     translator stdin: None
INFO     translator time limit: 1799.96s
INFO     translator memory limit: 3584 MB
INFO     translator command line string: /infai/weidan00/downward/experiments/bachelor/.venv/bin/python3 /infai/weidan00/downward/experiments/bachelor/data/bachelor-v1/code-7aa5f34_e5e41175/builds/release/bin/translate/translate.py domain.pddl problem.pddl --sas-file output.sas
Parsing...
Parsing: [0.010s CPU, 0.007s wall-clock]
Normalizing task... [0.000s CPU, 0.000s wall-clock]
Instantiating...
Generating Datalog program... [0.000s CPU, 0.002s wall-clock]
Normalizing Datalog program...
Normalizing Datalog program: [0.010s CPU, 0.013s wall-clock]
Preparing model... [0.010s CPU, 0.008s wall-clock]
Generated 285 rules.
Computing model... [0.100s CPU, 0.100s wall-clock]
2856 relevant atoms
1978 auxiliary atoms
4834 final queue length
27005 total queue pushes
Completing instantiation... [0.210s CPU, 0.212s wall-clock]
Instantiating: [0.330s CPU, 0.337s wall-clock]
Computing fact groups...
Finding invariants...
37 initial candidates
Finding invariants: [0.010s CPU, 0.013s wall-clock]
Checking invariant weight... [0.000s CPU, 0.000s wall-clock]
Instantiating groups... [0.000s CPU, 0.000s wall-clock]
Collecting mutex groups... [0.000s CPU, 0.000s wall-clock]
Choosing groups...
233 uncovered facts
Choosing groups: [0.000s CPU, 0.000s wall-clock]
Building translation key... [0.000s CPU, 0.001s wall-clock]
Computing fact groups: [0.010s CPU, 0.016s wall-clock]
Building STRIPS to SAS dictionary... [0.000s CPU, 0.000s wall-clock]
Building dictionary for full mutex groups... [0.000s CPU, 0.000s wall-clock]
Building mutex information...
Building mutex information: [0.000s CPU, 0.000s wall-clock]
Translating task...
Processing axioms...
Simplifying axioms... [0.000s CPU, 0.000s wall-clock]
Processing axioms: [0.010s CPU, 0.008s wall-clock]
Translating task: [0.150s CPU, 0.140s wall-clock]
0 effect conditions simplified
0 implied preconditions added
Detecting unreachable propositions...
0 operators removed
0 axioms removed
120 propositions removed
Detecting unreachable propositions: [0.060s CPU, 0.062s wall-clock]
Reordering and filtering variables...
118 of 173 variables necessary.
0 of 0 mutex groups necessary.
910 of 946 operators necessary.
0 of 0 axiom rules necessary.
Reordering and filtering variables: [0.060s CPU, 0.065s wall-clock]
Translator variables: 118
Translator derived variables: 0
Translator facts: 236
Translator goal facts: 2
Translator mutex groups: 0
Translator total mutex groups size: 0
Translator operators: 910
Translator axioms: 0
Translator task size: 21548
Translator peak memory: 156876 KB
Writing output... [0.030s CPU, 0.035s wall-clock]
Done! [0.660s CPU, 0.670s wall-clock]
translate exit code: 0

INFO     Running search (release).
INFO     search stdin: output.sas
INFO     search time limit: 1799.23s
INFO     search memory limit: 3584 MB
INFO     search command line string: /infai/weidan00/downward/experiments/bachelor/data/bachelor-v1/code-7aa5f34_e5e41175/builds/release/bin/downward --search 'eager_wastar([add()], w=2)' --internal-plan-file sas_plan < output.sas
[t=6.2915e-05s, 17204 KB] reading input...
[t=0.0189306s, 17916 KB] done reading input!
[t=0.0223852s, 19020 KB] Simplifying 5500 unary operators... done! [5343 unary operators]
[t=0.0249016s, 19504 KB] time to simplify: 0.00279828s
[t=0.0262611s, 20156 KB] Initializing additive heuristic...
[t=0.0264375s, 20156 KB] Building successor generator...done!
[t=0.0277132s, 20156 KB] peak memory difference for successor generator creation: 0 KB
[t=0.0277544s, 20156 KB] time for successor generation creation: 0.00113508s
[t=0.0278109s, 20156 KB] Variables: 118
[t=0.0278509s, 20156 KB] FactPairs: 236
[t=0.0278902s, 20156 KB] Bytes per state: 16
[t=0.0280293s, 20156 KB] Conducting best first search with reopening closed nodes, (real) bound = 2147483647
[t=0.0282855s, 20156 KB] New best heuristic value for add: 1398
[t=0.0283326s, 20156 KB] g=0, 1 evaluated, 0 expanded
[t=0.0283856s, 20156 KB] Initial heuristic value for add: 1398
[t=0.0284264s, 20156 KB] pruning method: none
[t=0.0286199s, 20156 KB] New best heuristic value for add: 668
[t=0.0286632s, 20156 KB] g=1, 2 evaluated, 1 expanded
[t=0.0288508s, 20156 KB] New best heuristic value for add: 238
[t=0.0288953s, 20156 KB] g=2, 3 evaluated, 2 expanded
[t=0.0294713s, 20156 KB] New best heuristic value for add: 84
[t=0.0295167s, 20156 KB] g=3, 7 evaluated, 3 expanded
[t=0.0297269s, 20156 KB] New best heuristic value for add: 21
[t=0.0297711s, 20156 KB] g=4, 8 evaluated, 4 expanded
[t=0.0314429s, 20156 KB] New best heuristic value for add: 20
[t=0.0314916s, 20156 KB] g=5, 19 evaluated, 5 expanded
[t=0.031689s, 20156 KB] New best heuristic value for add: 16
[t=0.031733s, 20156 KB] g=5, 20 evaluated, 5 expanded
[t=0.0321942s, 20156 KB] New best heuristic value for add: 14
[t=0.0322379s, 20156 KB] g=5, 23 evaluated, 5 expanded
[t=0.0329842s, 20156 KB] New best heuristic value for add: 13
[t=0.03303s, 20156 KB] g=6, 28 evaluated, 6 expanded
[t=0.0332175s, 20156 KB] New best heuristic value for add: 9
[t=0.0332602s, 20156 KB] g=6, 29 evaluated, 6 expanded
[t=0.0347123s, 20156 KB] New best heuristic value for add: 8
[t=0.0347592s, 20156 KB] g=7, 39 evaluated, 7 expanded
[t=0.0354851s, 20156 KB] New best heuristic value for add: 4
[t=0.0355343s, 20156 KB] g=7, 44 evaluated, 7 expanded
[t=0.0361034s, 20156 KB] New best heuristic value for add: 3
[t=0.0361476s, 20156 KB] g=8, 48 evaluated, 8 expanded
[t=0.0373744s, 20156 KB] New best heuristic value for add: 2
[t=0.037422s, 20156 KB] g=9, 57 evaluated, 9 expanded
[t=0.0396224s, 20156 KB] New best heuristic value for add: 1
[t=0.0396713s, 20156 KB] g=10, 73 evaluated, 10 expanded
[t=0.0403417s, 20156 KB] New best heuristic value for add: 0
[t=0.0403869s, 20156 KB] g=11, 79 evaluated, 11 expanded
[t=0.0416041s, 20156 KB] Solution found!
[t=0.0416519s, 20156 KB] Actual search time: 0.0132224s
get_domain id_bvrat id_bhhost str__bn (1)
creds id_bvrat id_bhhost id_adomain (1)
get_computers id_bvrat id_adomain (1)
net_use id_bvrat id_bhhost id_bahost str__bg id_tdomaincredential str__u id_sdomainuser str__robert id_adomain str__alpha id_cashare (1)
net_use id_bvrat id_bhhost id_bohost str__bu id_pdomaincredential str__q id_odomainuser str__patricia id_adomain str__alpha id_cbshare (1)
smb_copy id_bvrat id_bhhost str__bw id_cashare id_bhhost id_bahost whatever id_bxfile (1)
smb_copy id_bvrat id_bhhost str__bw id_cbshare id_bhhost id_bohost whatever id_byfile (1)
get_admin id_bvrat id_bahost id_adomain (1)
wmic id_bvrat id_bhhost id_bahost id_bxfile somepath id_tdomaincredential id_sdomainuser id_adomain str__alpha str__u id_chrat (1)
get_admin id_bvrat id_bohost id_adomain (1)
wmic id_chrat id_bahost id_bohost id_byfile somepath id_pdomaincredential id_odomainuser id_adomain str__alpha str__q id_cirat (1)
[t=0.0416964s, 20156 KB] Plan length: 11 step(s).
[t=0.0416964s, 20156 KB] Plan cost: 11
[t=0.0416964s, 20156 KB] Expanded 12 state(s).
[t=0.0416964s, 20156 KB] Reopened 0 state(s).
[t=0.0416964s, 20156 KB] Evaluated 89 state(s).
[t=0.0416964s, 20156 KB] Evaluations: 89
[t=0.0416964s, 20156 KB] Generated 134 state(s).
[t=0.0416964s, 20156 KB] Dead ends: 3 state(s).
[t=0.0416964s, 20156 KB] Number of registered states: 89
[t=0.0416964s, 20156 KB] Int hash set load factor: 89/128 = 0.695312
[t=0.0416964s, 20156 KB] Int hash set resizes: 7
[t=0.0416964s, 20156 KB] mean number of q cost that have been adjusted 0 times in relation to total number of q: -1
[t=0.0416964s, 20156 KB] mean number of q cost that have been adjusted 1 times in relation to total number of q: -1
[t=0.0416964s, 20156 KB] mean number of q cost that have been adjusted 2 times in relation to total number of q: -1
[t=0.0416964s, 20156 KB] mean number of q that are at some point overconsitent in relation to total number of q: -1
[t=0.0416964s, 20156 KB] mean number of q that are at first underconsisten in relation to total number of q: -1
[t=0.0416964s, 20156 KB] mean number of state variables that are not in common between two following states in relation to total number of state variables: -1
[t=0.0416964s, 20156 KB] variance number of state variables that are not in common between two following states in relation to total number of state variables: -1
[t=0.0416964s, 20156 KB] Search time: 0.0136681s
[t=0.0416964s, 20156 KB] Total time: 0.0416964s
Solution found.
Peak memory: 20156 KB
Remove intermediate file output.sas
search exit code: 0

INFO     Running validate.
INFO     validate stdin: None
INFO     validate time limit: None
INFO     validate memory limit: None
INFO     validate command line string: validate domain.pddl problem.pddl sas_plan
