INFO     Running translator.
INFO     translator stdin: None
INFO     translator time limit: 1799.96s
INFO     translator memory limit: 3584 MB
INFO     translator command line string: /infai/weidan00/downward/experiments/bachelor/.venv/bin/python3 /infai/weidan00/downward/experiments/bachelor/data/bachelor-v1/code-7aa5f34_e5e41175/builds/release/bin/translate/translate.py domain.pddl problem.pddl --sas-file output.sas
Parsing...
Parsing: [0.140s CPU, 0.134s wall-clock]
Normalizing task... [0.000s CPU, 0.006s wall-clock]
Instantiating...
Generating Datalog program... [0.070s CPU, 0.066s wall-clock]
Normalizing Datalog program...
Normalizing Datalog program: [0.000s CPU, 0.005s wall-clock]
Preparing model... [0.240s CPU, 0.237s wall-clock]
Generated 6 rules.
Computing model... [0.480s CPU, 0.489s wall-clock]
47886 relevant atoms
18361 auxiliary atoms
66247 final queue length
88087 total queue pushes
Completing instantiation... [0.540s CPU, 0.548s wall-clock]
Instantiating: [1.370s CPU, 1.370s wall-clock]
Computing fact groups...
Finding invariants...
4 initial candidates
Finding invariants: [0.000s CPU, 0.003s wall-clock]
Checking invariant weight... [0.010s CPU, 0.009s wall-clock]
Instantiating groups... [0.010s CPU, 0.011s wall-clock]
Collecting mutex groups... [0.000s CPU, 0.006s wall-clock]
Choosing groups...
3721 uncovered facts
Choosing groups: [0.020s CPU, 0.013s wall-clock]
Building translation key... [0.020s CPU, 0.018s wall-clock]
Computing fact groups: [0.140s CPU, 0.141s wall-clock]
Building STRIPS to SAS dictionary... [0.000s CPU, 0.007s wall-clock]
Building dictionary for full mutex groups... [0.010s CPU, 0.006s wall-clock]
Building mutex information...
Building mutex information: [0.010s CPU, 0.005s wall-clock]
Translating task...
Processing axioms...
Simplifying axioms... [0.000s CPU, 0.000s wall-clock]
Processing axioms: [0.020s CPU, 0.022s wall-clock]
Translating task: [0.560s CPU, 0.559s wall-clock]
0 effect conditions simplified
0 implied preconditions added
Detecting unreachable propositions...
0 operators removed
0 axioms removed
3 propositions removed
Detecting unreachable propositions: [0.360s CPU, 0.367s wall-clock]
Reordering and filtering variables...
3721 of 3721 variables necessary.
0 of 1 mutex groups necessary.
14640 of 14640 operators necessary.
0 of 0 axiom rules necessary.
Reordering and filtering variables: [0.090s CPU, 0.085s wall-clock]
Translator variables: 3721
Translator derived variables: 0
Translator facts: 11161
Translator goal facts: 3720
Translator mutex groups: 0
Translator total mutex groups size: 0
Translator operators: 14640
Translator axioms: 0
Translator task size: 77158
Translator peak memory: 216528 KB
Writing output... [0.140s CPU, 0.165s wall-clock]
Done! [2.850s CPU, 2.875s wall-clock]
translate exit code: 0

INFO     Running search (release).
INFO     search stdin: output.sas
INFO     search time limit: 1797.04s
INFO     search memory limit: 3584 MB
INFO     search command line string: /infai/weidan00/downward/experiments/bachelor/data/bachelor-v1/code-7aa5f34_e5e41175/builds/release/bin/downward --search 'eager_wastar([pinch_tracking()], w=2)' --internal-plan-file sas_plan < output.sas
[t=6.7707e-05s, 17204 KB] reading input...
[t=0.0971673s, 22840 KB] done reading input!
[t=0.103218s, 24924 KB] Simplifying 29276 unary operators... done! [29276 unary operators]
[t=0.116765s, 27808 KB] time to simplify: 0.0149367s
[t=0.120377s, 27808 KB] Initializing pinch tracking heuristic...
[t=0.120651s, 27808 KB] Building successor generator...done!
[t=0.124367s, 27808 KB] peak memory difference for successor generator creation: 0 KB
[t=0.12441s, 27808 KB] time for successor generation creation: 0.0034673s
[t=0.124583s, 27808 KB] Variables: 3721
[t=0.12463s, 27808 KB] FactPairs: 11161
[t=0.124667s, 27808 KB] Bytes per state: 468
[t=0.124795s, 27808 KB] Conducting best first search with reopening closed nodes, (real) bound = 2147483647
[t=0.127496s, 27808 KB] New best heuristic value for pinch_tracking: 113460
[t=0.127553s, 27808 KB] g=0, 1 evaluated, 0 expanded
[t=0.127608s, 27808 KB] Initial heuristic value for pinch_tracking: 113460
[t=0.12765s, 27808 KB] pruning method: none
[t=0.138185s, 27808 KB] New best heuristic value for pinch_tracking: 113459
[t=0.13824s, 27808 KB] g=2, 9 evaluated, 2 expanded
[t=0.14678s, 27808 KB] New best heuristic value for pinch_tracking: 113458
[t=0.146836s, 27808 KB] g=4, 15 evaluated, 4 expanded
[t=0.153804s, 27808 KB] New best heuristic value for pinch_tracking: 113457
[t=0.153861s, 27808 KB] g=6, 21 evaluated, 6 expanded
[t=0.161578s, 27808 KB] New best heuristic value for pinch_tracking: 113456
[t=0.161634s, 27808 KB] g=8, 27 evaluated, 8 expanded
[t=0.29294s, 27808 KB] New best heuristic value for pinch_tracking: 113454
[t=0.293039s, 27808 KB] g=8, 133 evaluated, 56 expanded, 6 reopened
[t=0.326079s, 27808 KB] New best heuristic value for pinch_tracking: 113452
[t=0.326154s, 27808 KB] g=12, 159 evaluated, 66 expanded, 6 reopened
[t=0.361669s, 27808 KB] New best heuristic value for pinch_tracking: 113450
[t=0.361738s, 27808 KB] g=12, 187 evaluated, 78 expanded, 6 reopened
[t=0.378239s, 27808 KB] New best heuristic value for pinch_tracking: 113448
[t=0.3783s, 27808 KB] g=14, 200 evaluated, 84 expanded, 6 reopened
[t=2.68205s, 27808 KB] New best heuristic value for pinch_tracking: 113446
[t=2.68213s, 27808 KB] g=12, 1832 evaluated, 1957 expanded, 1106 reopened
[t=2.70842s, 27808 KB] New best heuristic value for pinch_tracking: 113444
[t=2.70849s, 27808 KB] g=16, 1852 evaluated, 1967 expanded, 1106 reopened
[t=2.73566s, 27808 KB] New best heuristic value for pinch_tracking: 113442
[t=2.73572s, 27808 KB] g=20, 1873 evaluated, 1977 expanded, 1106 reopened
[t=2.76198s, 27808 KB] New best heuristic value for pinch_tracking: 113440
[t=2.76205s, 27808 KB] g=24, 1893 evaluated, 1987 expanded, 1106 reopened
[t=20.2832s, 36796 KB] New best heuristic value for pinch_tracking: 113439
[t=20.2833s, 36796 KB] g=18, 14874 evaluated, 18230 expanded, 10498 reopened
[t=20.3075s, 36796 KB] New best heuristic value for pinch_tracking: 113437
[t=20.3076s, 36796 KB] g=18, 14893 evaluated, 18239 expanded, 10498 reopened
[t=20.3452s, 36932 KB] New best heuristic value for pinch_tracking: 113434
[t=20.3452s, 36932 KB] g=24, 14922 evaluated, 18256 expanded, 10498 reopened
[t=20.3808s, 36932 KB] New best heuristic value for pinch_tracking: 113431
[t=20.3808s, 36932 KB] g=26, 14949 evaluated, 18270 expanded, 10498 reopened
[t=20.4123s, 36932 KB] New best heuristic value for pinch_tracking: 113428
[t=20.4123s, 36932 KB] g=32, 14975 evaluated, 18284 expanded, 10498 reopened
[t=20.4761s, 36932 KB] New best heuristic value for pinch_tracking: 113425
[t=20.4762s, 36932 KB] g=32, 15027 evaluated, 18312 expanded, 10498 reopened
[t=20.5082s, 36932 KB] New best heuristic value for pinch_tracking: 113422
[t=20.5083s, 36932 KB] g=36, 15051 evaluated, 18326 expanded, 10498 reopened
[t=20.5423s, 36932 KB] New best heuristic value for pinch_tracking: 113419
[t=20.5423s, 36932 KB] g=38, 15078 evaluated, 18340 expanded, 10498 reopened
[t=20.5746s, 37068 KB] New best heuristic value for pinch_tracking: 113416
[t=20.5747s, 37068 KB] g=44, 15103 evaluated, 18354 expanded, 10498 reopened
Peak memory: 930508 KB
caught signal 24 -- exiting
Time limit has been reached.
Remove intermediate file output.sas
search exit code: 23

Driver aborting after search
