INFO     Running translator.
INFO     translator stdin: None
INFO     translator time limit: 1799.97s
INFO     translator memory limit: 3584 MB
INFO     translator command line string: /infai/weidan00/downward/experiments/bachelor/.venv/bin/python3 /infai/weidan00/downward/experiments/bachelor/data/bachelor-v1/code-7aa5f34_e5e41175/builds/release/bin/translate/translate.py domain.pddl problem.pddl --sas-file output.sas
Parsing...
Parsing: [0.000s CPU, 0.004s wall-clock]
Normalizing task... [0.000s CPU, 0.000s wall-clock]
Instantiating...
Generating Datalog program... [0.000s CPU, 0.001s wall-clock]
Normalizing Datalog program...
Normalizing Datalog program: [0.010s CPU, 0.005s wall-clock]
Preparing model... [0.000s CPU, 0.003s wall-clock]
Generated 90 rules.
Computing model... [0.030s CPU, 0.030s wall-clock]
929 relevant atoms
2551 auxiliary atoms
3480 final queue length
4246 total queue pushes
Completing instantiation... [0.020s CPU, 0.018s wall-clock]
Instantiating: [0.060s CPU, 0.059s wall-clock]
Computing fact groups...
Finding invariants...
35 initial candidates
Finding invariants: [0.000s CPU, 0.005s wall-clock]
Checking invariant weight... [0.000s CPU, 0.000s wall-clock]
Instantiating groups... [0.000s CPU, 0.001s wall-clock]
Collecting mutex groups... [0.000s CPU, 0.000s wall-clock]
Choosing groups...
55 uncovered facts
Choosing groups: [0.010s CPU, 0.000s wall-clock]
Building translation key... [0.000s CPU, 0.000s wall-clock]
Computing fact groups: [0.010s CPU, 0.007s wall-clock]
Building STRIPS to SAS dictionary... [0.000s CPU, 0.000s wall-clock]
Building dictionary for full mutex groups... [0.000s CPU, 0.000s wall-clock]
Building mutex information...
Building mutex information: [0.000s CPU, 0.000s wall-clock]
Translating task...
Processing axioms...
Simplifying axioms... [0.000s CPU, 0.000s wall-clock]
Processing axioms: [0.000s CPU, 0.001s wall-clock]
Translating task: [0.010s CPU, 0.019s wall-clock]
239 effect conditions simplified
0 implied preconditions added
Detecting unreachable propositions...
0 operators removed
0 axioms removed
31 propositions removed
Detecting unreachable propositions: [0.010s CPU, 0.009s wall-clock]
Reordering and filtering variables...
38 of 65 variables necessary.
0 of 15 mutex groups necessary.
429 of 525 operators necessary.
0 of 0 axiom rules necessary.
Reordering and filtering variables: [0.010s CPU, 0.003s wall-clock]
Translator variables: 38
Translator derived variables: 0
Translator facts: 111
Translator goal facts: 8
Translator mutex groups: 0
Translator total mutex groups size: 0
Translator operators: 429
Translator axioms: 0
Translator task size: 1882
Translator peak memory: 145100 KB
Writing output... [0.000s CPU, 0.006s wall-clock]
Done! [0.100s CPU, 0.109s wall-clock]
translate exit code: 0

INFO     Running search (release).
INFO     search stdin: output.sas
INFO     search time limit: 1799.8s
INFO     search memory limit: 3584 MB
INFO     search command line string: /infai/weidan00/downward/experiments/bachelor/data/bachelor-v1/code-7aa5f34_e5e41175/builds/release/bin/downward --search 'eager_wastar([add()], w=2)' --internal-plan-file sas_plan < output.sas
[t=5.8899e-05s, 17204 KB] reading input...
[t=0.00287193s, 17344 KB] done reading input!
[t=0.00473459s, 17608 KB] Simplifying 534 unary operators... done! [339 unary operators]
[t=0.00500875s, 17608 KB] time to simplify: 0.000329382s
[t=0.00511516s, 17608 KB] Initializing additive heuristic...
[t=0.00523477s, 17608 KB] Building successor generator...done!
[t=0.00554212s, 17740 KB] peak memory difference for successor generator creation: 132 KB
[t=0.00558102s, 17740 KB] time for successor generation creation: 0.000181075s
[t=0.00562912s, 17740 KB] Variables: 38
[t=0.00566862s, 17740 KB] FactPairs: 111
[t=0.0057078s, 17740 KB] Bytes per state: 8
[t=0.00581702s, 17740 KB] Conducting best first search with reopening closed nodes, (real) bound = 2147483647
[t=0.0059225s, 17740 KB] New best heuristic value for add: 28
[t=0.00596484s, 17740 KB] g=0, 1 evaluated, 0 expanded
[t=0.00601345s, 17740 KB] Initial heuristic value for add: 28
[t=0.00605445s, 17740 KB] pruning method: none
[t=0.00621858s, 17740 KB] New best heuristic value for add: 26
[t=0.0062674s, 17740 KB] g=1, 15 evaluated, 1 expanded
[t=0.0063539s, 17740 KB] New best heuristic value for add: 25
[t=0.00639519s, 17740 KB] g=1, 20 evaluated, 1 expanded
[t=0.00656993s, 17740 KB] New best heuristic value for add: 23
[t=0.00661251s, 17740 KB] g=2, 38 evaluated, 2 expanded
[t=0.00790699s, 17740 KB] New best heuristic value for add: 22
[t=0.00795375s, 17740 KB] g=4, 221 evaluated, 13 expanded
[t=0.00816406s, 17740 KB] New best heuristic value for add: 21
[t=0.00820828s, 17740 KB] g=5, 245 evaluated, 14 expanded
[t=0.010151s, 17740 KB] New best heuristic value for add: 20
[t=0.0101976s, 17740 KB] g=7, 523 evaluated, 29 expanded
[t=0.0103918s, 17740 KB] New best heuristic value for add: 19
[t=0.0104353s, 17740 KB] g=8, 546 evaluated, 30 expanded
[t=0.010657s, 17740 KB] New best heuristic value for add: 18
[t=0.0107s, 17740 KB] g=9, 574 evaluated, 31 expanded
[t=0.0108871s, 17740 KB] New best heuristic value for add: 17
[t=0.0109296s, 17740 KB] g=10, 597 evaluated, 32 expanded
[t=0.0223816s, 17740 KB] New best heuristic value for add: 16
[t=0.0224294s, 17740 KB] g=12, 2410 evaluated, 175 expanded
[t=0.0225601s, 17740 KB] New best heuristic value for add: 15
[t=0.0226033s, 17740 KB] g=13, 2424 evaluated, 176 expanded
[t=0.0299904s, 17740 KB] New best heuristic value for add: 13
[t=0.0300381s, 17740 KB] g=16, 3600 evaluated, 286 expanded
[t=0.0307999s, 17740 KB] New best heuristic value for add: 12
[t=0.0308448s, 17740 KB] g=18, 3718 evaluated, 297 expanded
[t=0.0310273s, 17740 KB] New best heuristic value for add: 11
[t=0.0310705s, 17740 KB] g=19, 3740 evaluated, 298 expanded
[t=0.0318538s, 17740 KB] New best heuristic value for add: 10
[t=0.0318985s, 17740 KB] g=21, 3868 evaluated, 310 expanded
[t=0.032077s, 17740 KB] New best heuristic value for add: 9
[t=0.0321198s, 17740 KB] g=22, 3890 evaluated, 311 expanded
[t=0.0322805s, 17740 KB] New best heuristic value for add: 8
[t=0.0323222s, 17740 KB] g=23, 3910 evaluated, 312 expanded
[t=0.0324852s, 17740 KB] New best heuristic value for add: 7
[t=0.0325268s, 17740 KB] g=24, 3931 evaluated, 313 expanded
[t=0.0402124s, 17740 KB] New best heuristic value for add: 6
[t=0.0402592s, 17740 KB] g=27, 5294 evaluated, 448 expanded
[t=0.0404313s, 17740 KB] New best heuristic value for add: 5
[t=0.0404738s, 17740 KB] g=28, 5317 evaluated, 449 expanded
[t=0.0405866s, 17740 KB] New best heuristic value for add: 4
[t=0.0406277s, 17740 KB] g=29, 5330 evaluated, 450 expanded
[t=0.0407699s, 17740 KB] New best heuristic value for add: 3
[t=0.0408113s, 17740 KB] g=30, 5348 evaluated, 451 expanded
[t=0.0417645s, 17740 KB] New best heuristic value for add: 2
[t=0.041809s, 17740 KB] g=32, 5525 evaluated, 466 expanded
[t=0.0419152s, 17740 KB] New best heuristic value for add: 1
[t=0.0419567s, 17740 KB] g=33, 5540 evaluated, 467 expanded
[t=0.0420707s, 17740 KB] New best heuristic value for add: 0
[t=0.0421115s, 17740 KB] g=34, 5559 evaluated, 468 expanded
[t=0.0421612s, 17740 KB] Solution found!
[t=0.0422043s, 17740 KB] Actual search time: 0.0361461s
calibrate rover0 camera4 objective3 waypoint1 (1)
navigate rover1 waypoint4 waypoint5 (1)
calibrate rover1 camera2 objective3 waypoint5 (1)
take_image rover1 waypoint5 objective0 camera2 low_res (1)
communicate_image_data rover1 general objective0 low_res waypoint5 waypoint7 (1)
calibrate rover1 camera2 objective3 waypoint5 (1)
take_image rover1 waypoint5 objective2 camera2 low_res (1)
communicate_image_data rover1 general objective2 low_res waypoint5 waypoint7 (1)
take_image rover0 waypoint1 objective0 camera4 colour (1)
communicate_image_data rover0 general objective0 colour waypoint1 waypoint7 (1)
sample_rock rover1 rover1store waypoint5 (1)
drop rover1 rover1store (1)
communicate_rock_data rover1 general waypoint5 waypoint5 waypoint7 (1)
navigate rover1 waypoint5 waypoint4 (1)
navigate rover1 waypoint4 waypoint6 (1)
navigate rover1 waypoint6 waypoint8 (1)
sample_rock rover1 rover1store waypoint8 (1)
communicate_rock_data rover1 general waypoint8 waypoint8 waypoint7 (1)
drop rover1 rover1store (1)
navigate rover1 waypoint8 waypoint6 (1)
navigate rover1 waypoint6 waypoint4 (1)
sample_rock rover1 rover1store waypoint4 (1)
navigate rover1 waypoint4 waypoint5 (1)
communicate_rock_data rover1 general waypoint4 waypoint5 waypoint7 (1)
navigate rover1 waypoint5 waypoint4 (1)
navigate rover1 waypoint4 waypoint0 (1)
navigate rover1 waypoint0 waypoint3 (1)
drop rover1 rover1store (1)
sample_soil rover1 rover1store waypoint3 (1)
communicate_soil_data rover1 general waypoint3 waypoint3 waypoint7 (1)
navigate rover0 waypoint1 waypoint6 (1)
sample_soil rover0 rover0store waypoint6 (1)
navigate rover0 waypoint6 waypoint1 (1)
communicate_soil_data rover0 general waypoint6 waypoint1 waypoint7 (1)
[t=0.042247s, 17740 KB] Plan length: 34 step(s).
[t=0.042247s, 17740 KB] Plan cost: 34
[t=0.042247s, 17740 KB] Expanded 469 state(s).
[t=0.042247s, 17740 KB] Reopened 0 state(s).
[t=0.042247s, 17740 KB] Evaluated 5561 state(s).
[t=0.042247s, 17740 KB] Evaluations: 5561
[t=0.042247s, 17740 KB] Generated 11926 state(s).
[t=0.042247s, 17740 KB] Dead ends: 0 state(s).
[t=0.042247s, 17740 KB] Number of registered states: 5561
[t=0.042247s, 17740 KB] Int hash set load factor: 5561/8192 = 0.678833
[t=0.042247s, 17740 KB] Int hash set resizes: 13
[t=0.042247s, 17740 KB] mean number of q cost that have been adjusted 0 times in relation to total number of q: -1
[t=0.042247s, 17740 KB] mean number of q cost that have been adjusted 1 times in relation to total number of q: -1
[t=0.042247s, 17740 KB] mean number of q cost that have been adjusted 2 times in relation to total number of q: -1
[t=0.042247s, 17740 KB] mean number of q that are at some point overconsitent in relation to total number of q: -1
[t=0.042247s, 17740 KB] mean number of q that are at first underconsisten in relation to total number of q: -1
[t=0.042247s, 17740 KB] mean number of state variables that are not in common between two following states in relation to total number of state variables: -1
[t=0.042247s, 17740 KB] variance number of state variables that are not in common between two following states in relation to total number of state variables: -1
[t=0.042247s, 17740 KB] Search time: 0.0364306s
[t=0.042247s, 17740 KB] Total time: 0.042247s
Solution found.
Peak memory: 17740 KB
Remove intermediate file output.sas
search exit code: 0

INFO     Running validate.
INFO     validate stdin: None
INFO     validate time limit: None
INFO     validate memory limit: None
INFO     validate command line string: validate domain.pddl problem.pddl sas_plan
