INFO     Running translator.
INFO     translator stdin: None
INFO     translator time limit: 1799.96s
INFO     translator memory limit: 3584 MB
INFO     translator command line string: /infai/weidan00/downward/experiments/bachelor/.venv/bin/python3 /infai/weidan00/downward/experiments/bachelor/data/bachelor-v1/code-7aa5f34_e5e41175/builds/release/bin/translate/translate.py domain.pddl problem.pddl --sas-file output.sas
Parsing...
Parsing: [0.000s CPU, 0.003s wall-clock]
Normalizing task... [0.000s CPU, 0.000s wall-clock]
Instantiating...
Generating Datalog program... [0.000s CPU, 0.001s wall-clock]
Normalizing Datalog program...
Normalizing Datalog program: [0.000s CPU, 0.003s wall-clock]
Preparing model... [0.000s CPU, 0.002s wall-clock]
Generated 52 rules.
Computing model... [0.050s CPU, 0.048s wall-clock]
1224 relevant atoms
3942 auxiliary atoms
5166 final queue length
6287 total queue pushes
Completing instantiation... [0.040s CPU, 0.035s wall-clock]
Instantiating: [0.090s CPU, 0.090s wall-clock]
Computing fact groups...
Finding invariants...
6 initial candidates
Finding invariants: [0.010s CPU, 0.002s wall-clock]
Checking invariant weight... [0.000s CPU, 0.000s wall-clock]
Instantiating groups... [0.000s CPU, 0.001s wall-clock]
Collecting mutex groups... [0.000s CPU, 0.000s wall-clock]
Choosing groups...
1 uncovered facts
Choosing groups: [0.000s CPU, 0.000s wall-clock]
Building translation key... [0.000s CPU, 0.000s wall-clock]
Computing fact groups: [0.010s CPU, 0.004s wall-clock]
Building STRIPS to SAS dictionary... [0.000s CPU, 0.000s wall-clock]
Building dictionary for full mutex groups... [0.000s CPU, 0.000s wall-clock]
Building mutex information...
Building mutex information: [0.000s CPU, 0.000s wall-clock]
Translating task...
Processing axioms...
Simplifying axioms... [0.000s CPU, 0.000s wall-clock]
Processing axioms: [0.000s CPU, 0.002s wall-clock]
Translating task: [0.040s CPU, 0.039s wall-clock]
181 effect conditions simplified
0 implied preconditions added
Detecting unreachable propositions...
96 operators removed
0 axioms removed
22 propositions removed
Detecting unreachable propositions: [0.010s CPU, 0.017s wall-clock]
Reordering and filtering variables...
17 of 17 variables necessary.
0 of 16 mutex groups necessary.
902 of 902 operators necessary.
0 of 0 axiom rules necessary.
Reordering and filtering variables: [0.010s CPU, 0.005s wall-clock]
Translator variables: 17
Translator derived variables: 0
Translator facts: 93
Translator goal facts: 16
Translator mutex groups: 0
Translator total mutex groups size: 0
Translator operators: 902
Translator axioms: 0
Translator task size: 5300
Translator peak memory: 146892 KB
Writing output... [0.010s CPU, 0.012s wall-clock]
Done! [0.170s CPU, 0.175s wall-clock]
translate exit code: 0

INFO     Running search (release).
INFO     search stdin: output.sas
INFO     search time limit: 1799.72s
INFO     search memory limit: 3584 MB
INFO     search command line string: /infai/weidan00/downward/experiments/bachelor/data/bachelor-v1/code-7aa5f34_e5e41175/builds/release/bin/downward --search 'eager_wastar([add()], w=2)' --internal-plan-file sas_plan < output.sas
[t=6.1772e-05s, 17204 KB] reading input...
[t=0.00528194s, 17484 KB] done reading input!
[t=0.00734094s, 17748 KB] Simplifying 1244 unary operators... done! [1238 unary operators]
[t=0.00873917s, 17880 KB] time to simplify: 0.00147862s
[t=0.00893699s, 17880 KB] Initializing additive heuristic...
[t=0.00906188s, 17880 KB] Building successor generator...done!
[t=0.00970844s, 18012 KB] peak memory difference for successor generator creation: 132 KB
[t=0.00974847s, 18012 KB] time for successor generation creation: 0.000508155s
[t=0.00980023s, 18012 KB] Variables: 17
[t=0.00984006s, 18012 KB] FactPairs: 93
[t=0.00987998s, 18012 KB] Bytes per state: 8
[t=0.0100049s, 18012 KB] Conducting best first search with reopening closed nodes, (real) bound = 2147483647
[t=0.0101312s, 18012 KB] New best heuristic value for add: 59
[t=0.0101816s, 18012 KB] g=0, 1 evaluated, 0 expanded
[t=0.0102325s, 18012 KB] Initial heuristic value for add: 59
[t=0.0102729s, 18012 KB] pruning method: none
[t=0.0104263s, 18012 KB] New best heuristic value for add: 42
[t=0.0104684s, 18012 KB] g=1, 5 evaluated, 1 expanded
[t=0.0105832s, 18012 KB] New best heuristic value for add: 32
[t=0.0106245s, 18012 KB] g=2, 8 evaluated, 2 expanded
[t=0.010805s, 18012 KB] New best heuristic value for add: 28
[t=0.010847s, 18012 KB] g=3, 14 evaluated, 3 expanded
[t=0.0141962s, 18012 KB] New best heuristic value for add: 24
[t=0.0142469s, 18012 KB] g=11, 157 evaluated, 47 expanded
[t=0.0196343s, 18012 KB] New best heuristic value for add: 22
[t=0.019686s, 18012 KB] g=13, 388 evaluated, 108 expanded
[t=0.0198409s, 18012 KB] New best heuristic value for add: 21
[t=0.0198852s, 18012 KB] g=14, 393 evaluated, 109 expanded
[t=0.0359593s, 18012 KB] New best heuristic value for add: 20
[t=0.0360258s, 18012 KB] g=21, 1065 evaluated, 387 expanded, 81 reopened
[t=0.0370411s, 18012 KB] New best heuristic value for add: 19
[t=0.0370885s, 18012 KB] g=25, 1108 evaluated, 397 expanded, 81 reopened
[t=0.0588786s, 18012 KB] New best heuristic value for add: 16
[t=0.0589603s, 18012 KB] g=30, 2036 evaluated, 724 expanded, 131 reopened
[t=0.0590994s, 18012 KB] New best heuristic value for add: 14
[t=0.0591435s, 18012 KB] g=31, 2040 evaluated, 725 expanded, 131 reopened
[t=0.0748328s, 18012 KB] New best heuristic value for add: 13
[t=0.0749027s, 18012 KB] g=52, 2755 evaluated, 940 expanded, 134 reopened
[t=76.1382s, 144888 KB] New best heuristic value for add: 11
[t=76.1383s, 144888 KB] g=61, 3028730 evaluated, 1991685 expanded, 724427 reopened
[t=76.2034s, 145024 KB] New best heuristic value for add: 9
[t=76.2035s, 145024 KB] g=65, 3031946 evaluated, 1993188 expanded, 724590 reopened
[t=76.2036s, 145024 KB] New best heuristic value for add: 8
[t=76.2037s, 145024 KB] g=66, 3031951 evaluated, 1993189 expanded, 724590 reopened
[t=76.204s, 145024 KB] New best heuristic value for add: 7
[t=76.204s, 145024 KB] g=69, 3031968 evaluated, 1993195 expanded, 724590 reopened
[t=76.2043s, 145024 KB] New best heuristic value for add: 6
[t=76.2043s, 145024 KB] g=70, 3031978 evaluated, 1993198 expanded, 724590 reopened
[t=76.2194s, 145024 KB] New best heuristic value for add: 5
[t=76.2195s, 145024 KB] g=76, 3033052 evaluated, 1993564 expanded, 724598 reopened
[t=76.2246s, 145024 KB] New best heuristic value for add: 4
[t=76.2247s, 145024 KB] g=76, 3033400 evaluated, 1993697 expanded, 724602 reopened
[t=76.2306s, 145024 KB] New best heuristic value for add: 3
[t=76.2307s, 145024 KB] g=80, 3033907 evaluated, 1993871 expanded, 724605 reopened
[t=76.237s, 145024 KB] New best heuristic value for add: 2
[t=76.2371s, 145024 KB] g=80, 3034398 evaluated, 1994115 expanded, 724666 reopened
[t=76.2391s, 145024 KB] New best heuristic value for add: 1
[t=76.2392s, 145024 KB] g=82, 3034607 evaluated, 1994186 expanded, 724666 reopened
[t=76.2397s, 145024 KB] New best heuristic value for add: 0
[t=76.2398s, 145024 KB] g=86, 3034685 evaluated, 1994214 expanded, 724666 reopened
[t=76.2398s, 145024 KB] Solution found!
[t=76.2399s, 145024 KB] Actual search time: 76.2296s
create-block pos-1-0 (1)
move pos-1-0 pos-1-1 n0 (1)
place-block pos-1-1 pos-2-1 n0 n1 (1)
move pos-1-1 pos-1-0 n0 (1)
create-block pos-1-0 (1)
place-block pos-1-0 pos-2-0 n0 n1 (1)
create-block pos-1-0 (1)
move-up pos-1-0 n0 pos-2-0 n1 (1)
move pos-2-0 pos-2-1 n1 (1)
place-block pos-2-1 pos-2-0 n1 n2 (1)
move-down pos-2-1 n1 pos-1-1 n0 (1)
move pos-1-1 pos-1-0 n0 (1)
create-block pos-1-0 (1)
place-block pos-1-0 pos-1-1 n0 n1 (1)
create-block pos-1-0 (1)
move-up pos-1-0 n0 pos-1-1 n1 (1)
move pos-1-1 pos-2-1 n1 (1)
move-down pos-2-1 n1 pos-2-2 n0 (1)
place-block pos-2-2 pos-2-3 n0 n1 (1)
move pos-2-2 pos-1-2 n0 (1)
remove-block pos-1-2 pos-1-1 n1 n0 (1)
place-block pos-1-2 pos-2-2 n0 n1 (1)
move pos-1-2 pos-1-1 n0 (1)
move pos-1-1 pos-1-0 n0 (1)
create-block pos-1-0 (1)
place-block pos-1-0 pos-1-1 n0 n1 (1)
create-block pos-1-0 (1)
move-up pos-1-0 n0 pos-1-1 n1 (1)
move pos-1-1 pos-2-1 n1 (1)
place-block pos-2-1 pos-2-2 n1 n2 (1)
move pos-2-1 pos-1-1 n1 (1)
move-down pos-1-1 n1 pos-1-0 n0 (1)
create-block pos-1-0 (1)
move-up pos-1-0 n0 pos-1-1 n1 (1)
place-block pos-1-1 pos-2-1 n1 n2 (1)
move-down pos-1-1 n1 pos-1-0 n0 (1)
create-block pos-1-0 (1)
move-up pos-1-0 n0 pos-1-1 n1 (1)
move-up pos-1-1 n1 pos-2-1 n2 (1)
place-block pos-2-1 pos-2-0 n2 n3 (1)
move-down pos-2-1 n2 pos-1-1 n1 (1)
move-down pos-1-1 n1 pos-1-0 n0 (1)
create-block pos-1-0 (1)
move-up pos-1-0 n0 pos-1-1 n1 (1)
move-up pos-1-1 n1 pos-2-1 n2 (1)
move pos-2-1 pos-2-2 n2 (1)
place-block pos-2-2 pos-2-1 n2 n3 (1)
move-down pos-2-2 n2 pos-2-3 n1 (1)
move-down pos-2-3 n1 pos-1-3 n0 (1)
move pos-1-3 pos-1-2 n0 (1)
remove-block pos-1-2 pos-1-1 n1 n0 (1)
move pos-1-2 pos-1-3 n0 (1)
move-up pos-1-3 n0 pos-2-3 n1 (1)
move-up pos-2-3 n1 pos-2-2 n2 (1)
move-up pos-2-2 n2 pos-2-1 n3 (1)
place-block pos-2-1 pos-2-0 n3 n4 (1)
move-down pos-2-1 n3 pos-2-2 n2 (1)
remove-block pos-2-2 pos-2-1 n3 n2 (1)
move-down pos-2-2 n2 pos-2-3 n1 (1)
move-down pos-2-3 n1 pos-1-3 n0 (1)
place-block pos-1-3 pos-1-2 n0 n1 (1)
move-up pos-1-3 n0 pos-1-2 n1 (1)
remove-block pos-1-2 pos-2-2 n2 n1 (1)
move pos-1-2 pos-2-2 n1 (1)
place-block pos-2-2 pos-2-3 n1 n2 (1)
remove-block pos-2-2 pos-2-1 n2 n1 (1)
move pos-2-2 pos-1-2 n1 (1)
move-down pos-1-2 n1 pos-1-1 n0 (1)
place-block pos-1-1 pos-0-1 n0 n1 (1)
remove-block pos-1-1 pos-1-2 n1 n0 (1)
move pos-1-1 pos-1-0 n0 (1)
destroy-block pos-1-0 (1)
move pos-1-0 pos-1-1 n0 (1)
remove-block pos-1-1 pos-0-1 n1 n0 (1)
move pos-1-1 pos-1-0 n0 (1)
destroy-block pos-1-0 (1)
move pos-1-0 pos-1-1 n0 (1)
remove-block pos-1-1 pos-2-1 n1 n0 (1)
move pos-1-1 pos-1-0 n0 (1)
destroy-block pos-1-0 (1)
move pos-1-0 pos-1-1 n0 (1)
move pos-1-1 pos-1-2 n0 (1)
remove-block pos-1-2 pos-2-2 n1 n0 (1)
move pos-1-2 pos-1-1 n0 (1)
move pos-1-1 pos-1-0 n0 (1)
destroy-block pos-1-0 (1)
[t=76.2399s, 145024 KB] Plan length: 86 step(s).
[t=76.2399s, 145024 KB] Plan cost: 86
[t=76.2399s, 145024 KB] Expanded 1994215 state(s).
[t=76.2399s, 145024 KB] Reopened 724666 state(s).
[t=76.2399s, 145024 KB] Evaluated 3034685 state(s).
[t=76.2399s, 145024 KB] Evaluations: 3034685
[t=76.2399s, 145024 KB] Generated 9606784 state(s).
[t=76.2399s, 145024 KB] Dead ends: 0 state(s).
[t=76.2399s, 145024 KB] Number of registered states: 3034685
[t=76.2399s, 145024 KB] Int hash set load factor: 3034685/4194304 = 0.723525
[t=76.2399s, 145024 KB] Int hash set resizes: 22
[t=76.2399s, 145024 KB] mean number of q cost that have been adjusted 0 times in relation to total number of q: -1
[t=76.2399s, 145024 KB] mean number of q cost that have been adjusted 1 times in relation to total number of q: -1
[t=76.2399s, 145024 KB] mean number of q cost that have been adjusted 2 times in relation to total number of q: -1
[t=76.2399s, 145024 KB] mean number of q that are at some point overconsitent in relation to total number of q: -1
[t=76.2399s, 145024 KB] mean number of q that are at first underconsisten in relation to total number of q: -1
[t=76.2399s, 145024 KB] mean number of state variables that are not in common between two following states in relation to total number of state variables: -1
[t=76.2399s, 145024 KB] variance number of state variables that are not in common between two following states in relation to total number of state variables: -1
[t=76.2399s, 145024 KB] Search time: 76.2299s
[t=76.2399s, 145024 KB] Total time: 76.2399s
Solution found.
Peak memory: 145024 KB
Remove intermediate file output.sas
search exit code: 0

INFO     Running validate.
INFO     validate stdin: None
INFO     validate time limit: None
INFO     validate memory limit: None
INFO     validate command line string: validate domain.pddl problem.pddl sas_plan
