INFO     Running translator.
INFO     translator stdin: None
INFO     translator time limit: 1799.96s
INFO     translator memory limit: 3584 MB
INFO     translator command line string: /infai/weidan00/downward/experiments/bachelor/.venv/bin/python3 /infai/weidan00/downward/experiments/bachelor/data/bachelor-v1/code-7aa5f34_e5e41175/builds/release/bin/translate/translate.py domain.pddl problem.pddl --sas-file output.sas
Parsing...
Parsing: [0.010s CPU, 0.008s wall-clock]
Normalizing task... [0.000s CPU, 0.000s wall-clock]
Instantiating...
Generating Datalog program... [0.000s CPU, 0.003s wall-clock]
Normalizing Datalog program...
Normalizing Datalog program: [0.010s CPU, 0.014s wall-clock]
Preparing model... [0.010s CPU, 0.009s wall-clock]
Generated 285 rules.
Computing model... [0.640s CPU, 0.632s wall-clock]
16097 relevant atoms
4873 auxiliary atoms
20970 final queue length
171751 total queue pushes
Completing instantiation... [1.560s CPU, 1.578s wall-clock]
Instantiating: [2.240s CPU, 2.244s wall-clock]
Computing fact groups...
Finding invariants...
37 initial candidates
Finding invariants: [0.060s CPU, 0.062s wall-clock]
Checking invariant weight... [0.000s CPU, 0.000s wall-clock]
Instantiating groups... [0.000s CPU, 0.000s wall-clock]
Collecting mutex groups... [0.000s CPU, 0.000s wall-clock]
Choosing groups...
333 uncovered facts
Choosing groups: [0.000s CPU, 0.000s wall-clock]
Building translation key... [0.000s CPU, 0.002s wall-clock]
Computing fact groups: [0.060s CPU, 0.067s wall-clock]
Building STRIPS to SAS dictionary... [0.000s CPU, 0.000s wall-clock]
Building dictionary for full mutex groups... [0.000s CPU, 0.000s wall-clock]
Building mutex information...
Building mutex information: [0.000s CPU, 0.000s wall-clock]
Translating task...
Processing axioms...
Simplifying axioms... [0.000s CPU, 0.000s wall-clock]
Processing axioms: [0.040s CPU, 0.042s wall-clock]
Translating task: [0.890s CPU, 0.884s wall-clock]
0 effect conditions simplified
0 implied preconditions added
Detecting unreachable propositions...
0 operators removed
0 axioms removed
132 propositions removed
Detecting unreachable propositions: [0.420s CPU, 0.420s wall-clock]
Reordering and filtering variables...
185 of 267 variables necessary.
0 of 0 mutex groups necessary.
4817 of 4897 operators necessary.
0 of 0 axiom rules necessary.
Reordering and filtering variables: [0.310s CPU, 0.314s wall-clock]
Translator variables: 185
Translator derived variables: 0
Translator facts: 370
Translator goal facts: 3
Translator mutex groups: 0
Translator total mutex groups size: 0
Translator operators: 4817
Translator axioms: 0
Translator task size: 117874
Translator peak memory: 216524 KB
Writing output... [0.170s CPU, 0.190s wall-clock]
Done! [4.140s CPU, 4.169s wall-clock]
translate exit code: 0

INFO     Running search (release).
INFO     search stdin: output.sas
INFO     search time limit: 1795.75s
INFO     search memory limit: 3584 MB
INFO     search command line string: /infai/weidan00/downward/experiments/bachelor/data/bachelor-v1/code-7aa5f34_e5e41175/builds/release/bin/downward --search 'eager_wastar([pinch()], w=2)' --internal-plan-file sas_plan < output.sas
[t=6.718e-05s, 17204 KB] reading input...
[t=0.103896s, 21228 KB] done reading input!
[t=0.115786s, 27024 KB] Simplifying 29672 unary operators... done! [29421 unary operators]
[t=0.139137s, 29864 KB] time to simplify: 0.0234561s
[t=0.14659s, 35364 KB] Initializing pinch heuristic...
[t=0.146814s, 35364 KB] Building successor generator...done!
[t=0.152986s, 35364 KB] peak memory difference for successor generator creation: 0 KB
[t=0.153033s, 35364 KB] time for successor generation creation: 0.00598371s
[t=0.153132s, 35364 KB] Variables: 185
[t=0.153173s, 35364 KB] FactPairs: 370
[t=0.153212s, 35364 KB] Bytes per state: 24
[t=0.15339s, 35364 KB] Conducting best first search with reopening closed nodes, (real) bound = 2147483647
[t=0.163772s, 35880 KB] New best heuristic value for pinch: 6313
[t=0.163867s, 35880 KB] g=0, 1 evaluated, 0 expanded
[t=0.16393s, 35880 KB] Initial heuristic value for pinch: 6313
[t=0.163973s, 35880 KB] pruning method: none
[t=0.171471s, 35880 KB] New best heuristic value for pinch: 3017
[t=0.171569s, 35880 KB] g=1, 2 evaluated, 1 expanded
[t=0.17671s, 35880 KB] New best heuristic value for pinch: 1093
[t=0.17681s, 35880 KB] g=2, 3 evaluated, 2 expanded
[t=0.217401s, 44400 KB] New best heuristic value for pinch: 389
[t=0.217508s, 44400 KB] g=3, 7 evaluated, 3 expanded
[t=0.218916s, 44532 KB] New best heuristic value for pinch: 383
[t=0.219009s, 44532 KB] g=4, 8 evaluated, 4 expanded
[t=0.225781s, 45996 KB] New best heuristic value for pinch: 88
[t=0.225887s, 45996 KB] g=4, 9 evaluated, 4 expanded
[t=0.277743s, 52096 KB] New best heuristic value for pinch: 82
[t=0.277852s, 52096 KB] g=5, 20 evaluated, 5 expanded
[t=0.286125s, 52768 KB] New best heuristic value for pinch: 81
[t=0.286228s, 52768 KB] g=5, 24 evaluated, 5 expanded
[t=0.290091s, 53036 KB] New best heuristic value for pinch: 53
[t=0.290191s, 53036 KB] g=5, 25 evaluated, 5 expanded
[t=0.312699s, 54108 KB] New best heuristic value for pinch: 47
[t=0.312804s, 54108 KB] g=6, 34 evaluated, 6 expanded
[t=0.320216s, 54252 KB] New best heuristic value for pinch: 46
[t=0.320319s, 54252 KB] g=6, 38 evaluated, 6 expanded
[t=0.340556s, 55160 KB] New best heuristic value for pinch: 40
[t=0.340658s, 55160 KB] g=7, 47 evaluated, 7 expanded
[t=0.350876s, 55160 KB] New best heuristic value for pinch: 39
[t=0.350981s, 55160 KB] g=7, 53 evaluated, 7 expanded
[t=0.370971s, 55320 KB] New best heuristic value for pinch: 33
[t=0.371075s, 55320 KB] g=8, 64 evaluated, 8 expanded
[t=0.374017s, 55320 KB] New best heuristic value for pinch: 32
[t=0.374129s, 55320 KB] g=8, 65 evaluated, 8 expanded
[t=0.386737s, 55320 KB] New best heuristic value for pinch: 28
[t=0.386835s, 55320 KB] g=8, 75 evaluated, 8 expanded
[t=0.401323s, 55704 KB] New best heuristic value for pinch: 21
[t=0.401429s, 55704 KB] g=9, 84 evaluated, 9 expanded
[t=0.433703s, 55704 KB] New best heuristic value for pinch: 16
[t=0.433821s, 55704 KB] g=10, 114 evaluated, 10 expanded
[t=0.44199s, 55704 KB] New best heuristic value for pinch: 14
[t=0.442092s, 55704 KB] g=10, 120 evaluated, 10 expanded
[t=0.464082s, 55704 KB] New best heuristic value for pinch: 9
[t=0.464186s, 55704 KB] g=11, 138 evaluated, 11 expanded
[t=0.49653s, 55704 KB] New best heuristic value for pinch: 8
[t=0.496631s, 55704 KB] g=12, 163 evaluated, 12 expanded
[t=0.499648s, 55704 KB] New best heuristic value for pinch: 4
[t=0.499746s, 55704 KB] g=12, 165 evaluated, 12 expanded
[t=0.51834s, 55704 KB] New best heuristic value for pinch: 3
[t=0.518428s, 55704 KB] g=13, 181 evaluated, 13 expanded
[t=0.535707s, 55704 KB] New best heuristic value for pinch: 2
[t=0.53581s, 55704 KB] g=14, 197 evaluated, 14 expanded
[t=0.564308s, 55704 KB] New best heuristic value for pinch: 1
[t=0.56441s, 55704 KB] g=15, 232 evaluated, 15 expanded
[t=0.576225s, 55704 KB] New best heuristic value for pinch: 0
[t=0.576328s, 55704 KB] g=16, 246 evaluated, 16 expanded
[t=0.582718s, 55704 KB] Solution found!
[t=0.582833s, 55704 KB] Actual search time: 0.41886s
get_domain id_ckrat id_cdhost str__ch (1)
creds id_ckrat id_cdhost id_adomain (1)
get_computers id_ckrat id_adomain (1)
net_use id_ckrat id_cdhost id_bphost str__bt id_xdomaincredential str__y id_wdomainuser str__linda id_adomain str__alpha id_cmshare (1)
smb_copy id_ckrat id_cdhost str__cl id_cmshare id_cdhost id_bphost whatever id_cufile (1)
get_admin id_ckrat id_bphost id_adomain (1)
wmic id_ckrat id_cdhost id_bphost id_cufile somepath id_xdomaincredential id_wdomainuser id_adomain str__alpha str__y id_crrat (1)
creds id_crrat id_bphost id_adomain (1)
net_use id_crrat id_bphost id_bihost str__bm id_bbdomaincredential str__bc id_badomainuser str__michael id_adomain str__alpha id_cnshare (1)
net_use id_crrat id_bphost id_bwhost str__ca id_xdomaincredential str__y id_wdomainuser str__linda id_adomain str__alpha id_coshare (1)
smb_copy id_crrat id_bphost somepath id_cnshare id_bphost id_bihost whatever id_cvfile (1)
smb_copy id_crrat id_bphost somepath id_coshare id_bphost id_bwhost whatever id_cwfile (1)
get_admin id_ckrat id_bihost id_adomain (1)
wmic id_crrat id_bphost id_bihost id_cvfile somepath id_bbdomaincredential id_badomainuser id_adomain str__alpha str__bc id_csrat (1)
get_admin id_ckrat id_bwhost id_adomain (1)
wmic id_csrat id_bihost id_bwhost id_cwfile somepath id_xdomaincredential id_wdomainuser id_adomain str__alpha str__y id_ctrat (1)
[t=0.582881s, 55704 KB] Plan length: 16 step(s).
[t=0.582881s, 55704 KB] Plan cost: 16
[t=0.582881s, 55704 KB] Expanded 17 state(s).
[t=0.582881s, 55704 KB] Reopened 0 state(s).
[t=0.582881s, 55704 KB] Evaluated 256 state(s).
[t=0.582881s, 55704 KB] Evaluations: 256
[t=0.582881s, 55704 KB] Generated 440 state(s).
[t=0.582881s, 55704 KB] Dead ends: 21 state(s).
[t=0.582881s, 55704 KB] Number of registered states: 256
[t=0.582881s, 55704 KB] Int hash set load factor: 256/256 = 1
[t=0.582881s, 55704 KB] Int hash set resizes: 8
[t=0.582881s, 55704 KB] mean number of q cost that have been adjusted 0 times in relation to total number of q: -1
[t=0.582881s, 55704 KB] mean number of q cost that have been adjusted 1 times in relation to total number of q: -1
[t=0.582881s, 55704 KB] mean number of q cost that have been adjusted 2 times in relation to total number of q: -1
[t=0.582881s, 55704 KB] mean number of q that are at some point overconsitent in relation to total number of q: -1
[t=0.582881s, 55704 KB] mean number of q that are at first underconsisten in relation to total number of q: -1
[t=0.582881s, 55704 KB] mean number of state variables that are not in common between two following states in relation to total number of state variables: -1
[t=0.582881s, 55704 KB] variance number of state variables that are not in common between two following states in relation to total number of state variables: -1
[t=0.582881s, 55704 KB] Search time: 0.429492s
[t=0.582881s, 55704 KB] Total time: 0.582881s
Solution found.
Peak memory: 55704 KB
Remove intermediate file output.sas
search exit code: 0

INFO     Running validate.
INFO     validate stdin: None
INFO     validate time limit: None
INFO     validate memory limit: None
INFO     validate command line string: validate domain.pddl problem.pddl sas_plan
