INFO     Running translator.
INFO     translator stdin: None
INFO     translator time limit: 1799.96s
INFO     translator memory limit: 3584 MB
INFO     translator command line string: /infai/weidan00/downward/experiments/bachelor/.venv/bin/python3 /infai/weidan00/downward/experiments/bachelor/data/bachelor-v1/code-7aa5f34_e5e41175/builds/release/bin/translate/translate.py domain.pddl problem.pddl --sas-file output.sas
Parsing...
Parsing: [0.010s CPU, 0.004s wall-clock]
Normalizing task... [0.000s CPU, 0.000s wall-clock]
Instantiating...
Generating Datalog program... [0.000s CPU, 0.001s wall-clock]
Normalizing Datalog program...
Normalizing Datalog program: [0.000s CPU, 0.004s wall-clock]
Preparing model... [0.000s CPU, 0.002s wall-clock]
Generated 42 rules.
Computing model... [0.020s CPU, 0.025s wall-clock]
1534 relevant atoms
892 auxiliary atoms
2426 final queue length
4719 total queue pushes
Completing instantiation... [0.060s CPU, 0.060s wall-clock]
Instantiating: [0.080s CPU, 0.092s wall-clock]
Computing fact groups...
Finding invariants...
12 initial candidates
Finding invariants: [0.010s CPU, 0.004s wall-clock]
Checking invariant weight... [0.000s CPU, 0.000s wall-clock]
Instantiating groups... [0.000s CPU, 0.002s wall-clock]
Collecting mutex groups... [0.000s CPU, 0.000s wall-clock]
Choosing groups...
1 uncovered facts
Choosing groups: [0.000s CPU, 0.000s wall-clock]
Building translation key... [0.000s CPU, 0.000s wall-clock]
Computing fact groups: [0.020s CPU, 0.008s wall-clock]
Building STRIPS to SAS dictionary... [0.000s CPU, 0.000s wall-clock]
Building dictionary for full mutex groups... [0.000s CPU, 0.000s wall-clock]
Building mutex information...
Building mutex information: [0.000s CPU, 0.000s wall-clock]
Translating task...
Processing axioms...
Simplifying axioms... [0.000s CPU, 0.000s wall-clock]
Processing axioms: [0.000s CPU, 0.003s wall-clock]
Translating task: [0.050s CPU, 0.048s wall-clock]
0 effect conditions simplified
0 implied preconditions added
Detecting unreachable propositions...
0 operators removed
0 axioms removed
24 propositions removed
Detecting unreachable propositions: [0.020s CPU, 0.024s wall-clock]
Reordering and filtering variables...
22 of 22 variables necessary.
0 of 22 mutex groups necessary.
1224 of 1224 operators necessary.
0 of 0 axiom rules necessary.
Reordering and filtering variables: [0.010s CPU, 0.008s wall-clock]
Translator variables: 22
Translator derived variables: 0
Translator facts: 177
Translator goal facts: 2
Translator mutex groups: 0
Translator total mutex groups size: 0
Translator operators: 1224
Translator axioms: 0
Translator task size: 7377
Translator peak memory: 148428 KB
Writing output... [0.010s CPU, 0.017s wall-clock]
Done! [0.200s CPU, 0.205s wall-clock]
translate exit code: 0

INFO     Running search (release).
INFO     search stdin: output.sas
INFO     search time limit: 1799.69s
INFO     search memory limit: 3584 MB
INFO     search command line string: /infai/weidan00/downward/experiments/bachelor/data/bachelor-v1/code-7aa5f34_e5e41175/builds/release/bin/downward --search 'eager_wastar([add()], w=2)' --internal-plan-file sas_plan < output.sas
[t=6.7079e-05s, 17204 KB] reading input...
[t=0.00815893s, 17524 KB] done reading input!
[t=0.010426s, 18004 KB] Simplifying 2448 unary operators... done! [2352 unary operators]
[t=0.01229s, 18268 KB] time to simplify: 0.00198556s
[t=0.0125936s, 18268 KB] Initializing additive heuristic...
[t=0.0127363s, 18268 KB] Building successor generator...done!
[t=0.0134909s, 18268 KB] peak memory difference for successor generator creation: 0 KB
[t=0.0135334s, 18268 KB] time for successor generation creation: 0.000607137s
[t=0.0135918s, 18268 KB] Variables: 22
[t=0.0136324s, 18268 KB] FactPairs: 177
[t=0.0136723s, 18268 KB] Bytes per state: 12
[t=0.0138165s, 18268 KB] Conducting best first search with reopening closed nodes, (real) bound = 2147483647
[t=0.0139634s, 18268 KB] New best heuristic value for add: 5
[t=0.014008s, 18268 KB] g=0, 1 evaluated, 0 expanded
[t=0.0140601s, 18268 KB] Initial heuristic value for add: 5
[t=0.0141018s, 18268 KB] pruning method: none
[t=0.0143718s, 18268 KB] New best heuristic value for add: 4
[t=0.0144181s, 18268 KB] g=1, 9 evaluated, 1 expanded
[t=0.014482s, 18268 KB] New best heuristic value for add: 3
[t=0.0145244s, 18268 KB] g=1, 10 evaluated, 1 expanded
[t=0.0146271s, 18268 KB] New best heuristic value for add: 2
[t=0.0146684s, 18268 KB] g=2, 13 evaluated, 2 expanded
[t=0.0148646s, 18268 KB] New best heuristic value for add: 1
[t=0.0149084s, 18268 KB] g=3, 20 evaluated, 3 expanded
[t=0.0151709s, 18268 KB] New best heuristic value for add: 0
[t=0.0152145s, 18268 KB] g=4, 35 evaluated, 4 expanded
[t=0.0152678s, 18268 KB] Solution found!
[t=0.0153102s, 18268 KB] Actual search time: 0.00120398s
overcome jealousy excitement pork neptune uranus (1)
feast excitement pork broccoli manitoba bavaria (1)
feast excitement broccoli shrimp pennsylvania alsace (1)
succumb jealousy excitement shrimp neptune uranus (1)
[t=0.0153537s, 18268 KB] Plan length: 4 step(s).
[t=0.0153537s, 18268 KB] Plan cost: 4
[t=0.0153537s, 18268 KB] Expanded 5 state(s).
[t=0.0153537s, 18268 KB] Reopened 0 state(s).
[t=0.0153537s, 18268 KB] Evaluated 36 state(s).
[t=0.0153537s, 18268 KB] Evaluations: 36
[t=0.0153537s, 18268 KB] Generated 36 state(s).
[t=0.0153537s, 18268 KB] Dead ends: 0 state(s).
[t=0.0153537s, 18268 KB] Number of registered states: 36
[t=0.0153537s, 18268 KB] Int hash set load factor: 36/64 = 0.5625
[t=0.0153537s, 18268 KB] Int hash set resizes: 6
[t=0.0153537s, 18268 KB] mean number of q cost that have been adjusted 0 times in relation to total number of q: -1
[t=0.0153537s, 18268 KB] mean number of q cost that have been adjusted 1 times in relation to total number of q: -1
[t=0.0153537s, 18268 KB] mean number of q cost that have been adjusted 2 times in relation to total number of q: -1
[t=0.0153537s, 18268 KB] mean number of q that are at some point overconsitent in relation to total number of q: -1
[t=0.0153537s, 18268 KB] mean number of q that are at first underconsisten in relation to total number of q: -1
[t=0.0153537s, 18268 KB] mean number of state variables that are not in common between two following states in relation to total number of state variables: -1
[t=0.0153537s, 18268 KB] variance number of state variables that are not in common between two following states in relation to total number of state variables: -1
[t=0.0153537s, 18268 KB] Search time: 0.0015381s
[t=0.0153537s, 18268 KB] Total time: 0.0153537s
Solution found.
Peak memory: 18268 KB
Remove intermediate file output.sas
search exit code: 0

INFO     Running validate.
INFO     validate stdin: None
INFO     validate time limit: None
INFO     validate memory limit: None
INFO     validate command line string: validate domain.pddl problem.pddl sas_plan
