INFO     Running translator.
INFO     translator stdin: None
INFO     translator time limit: 1799.95s
INFO     translator memory limit: 3584 MB
INFO     translator command line string: /infai/weidan00/downward/experiments/bachelor/.venv/bin/python3 /infai/weidan00/downward/experiments/bachelor/data/bachelor-v1/code-7aa5f34_e5e41175/builds/release/bin/translate/translate.py domain.pddl problem.pddl --sas-file output.sas
Parsing...
Parsing: [0.000s CPU, 0.004s wall-clock]
Normalizing task... [0.000s CPU, 0.000s wall-clock]
Instantiating...
Generating Datalog program... [0.000s CPU, 0.001s wall-clock]
Normalizing Datalog program...
Trivial rules: Converted to facts.
Normalizing Datalog program: [0.010s CPU, 0.002s wall-clock]
Preparing model... [0.000s CPU, 0.002s wall-clock]
Generated 32 rules.
Computing model... [0.270s CPU, 0.276s wall-clock]
16327 relevant atoms
1117 auxiliary atoms
17444 final queue length
81853 total queue pushes
Completing instantiation... [1.540s CPU, 1.552s wall-clock]
Instantiating: [1.840s CPU, 1.837s wall-clock]
Computing fact groups...
Finding invariants...
13 initial candidates
Finding invariants: [0.010s CPU, 0.010s wall-clock]
Checking invariant weight... [0.000s CPU, 0.000s wall-clock]
Instantiating groups... [0.000s CPU, 0.000s wall-clock]
Collecting mutex groups... [0.000s CPU, 0.000s wall-clock]
Choosing groups...
179 uncovered facts
Choosing groups: [0.000s CPU, 0.000s wall-clock]
Building translation key... [0.000s CPU, 0.001s wall-clock]
Computing fact groups: [0.010s CPU, 0.014s wall-clock]
Building STRIPS to SAS dictionary... [0.000s CPU, 0.000s wall-clock]
Building dictionary for full mutex groups... [0.000s CPU, 0.000s wall-clock]
Building mutex information...
Building mutex information: [0.000s CPU, 0.001s wall-clock]
Translating task...
Processing axioms...
Simplifying axioms... [0.000s CPU, 0.000s wall-clock]
Processing axioms: [0.080s CPU, 0.081s wall-clock]
Translating task: [1.890s CPU, 1.885s wall-clock]
29648 effect conditions simplified
0 implied preconditions added
Detecting unreachable propositions...
0 operators removed
0 axioms removed
3 propositions removed
Detecting unreachable propositions: [0.890s CPU, 0.905s wall-clock]
Reordering and filtering variables...
182 of 182 variables necessary.
0 of 3 mutex groups necessary.
15844 of 15844 operators necessary.
0 of 0 axiom rules necessary.
Reordering and filtering variables: [0.440s CPU, 0.438s wall-clock]
Translator variables: 182
Translator derived variables: 0
Translator facts: 449
Translator goal facts: 23
Translator mutex groups: 0
Translator total mutex groups size: 0
Translator operators: 15844
Translator axioms: 0
Translator task size: 183130
Translator peak memory: 265164 KB
Writing output... [0.310s CPU, 0.324s wall-clock]
Done! [5.440s CPU, 5.472s wall-clock]
translate exit code: 0

INFO     Running search (release).
INFO     search stdin: output.sas
INFO     search time limit: 1794.42s
INFO     search memory limit: 3584 MB
INFO     search command line string: /infai/weidan00/downward/experiments/bachelor/data/bachelor-v1/code-7aa5f34_e5e41175/builds/release/bin/downward --search 'eager_wastar([pinch_tracking()], w=2)' --internal-plan-file sas_plan < output.sas
[t=6.6982e-05s, 17204 KB] reading input...
[t=0.160444s, 24244 KB] done reading input!
[t=0.176976s, 31720 KB] Simplifying 94136 unary operators... done! [94136 unary operators]
[t=0.816671s, 39932 KB] time to simplify: 0.639804s
[t=0.824154s, 39932 KB] Initializing pinch tracking heuristic...
[t=0.824377s, 39932 KB] Building successor generator...done!
[t=0.837352s, 39932 KB] peak memory difference for successor generator creation: 0 KB
[t=0.837398s, 39932 KB] time for successor generation creation: 0.0127938s
[t=0.837613s, 39932 KB] Variables: 182
[t=0.837666s, 39932 KB] FactPairs: 449
[t=0.837707s, 39932 KB] Bytes per state: 28
[t=0.837868s, 39932 KB] Conducting best first search with reopening closed nodes, (real) bound = 2147483647
[t=0.851055s, 39932 KB] New best heuristic value for pinch_tracking: 17
[t=0.85116s, 39932 KB] g=0, 1 evaluated, 0 expanded
[t=0.851223s, 39932 KB] Initial heuristic value for pinch_tracking: 17
[t=0.851266s, 39932 KB] pruning method: none
[t=0.883234s, 40244 KB] New best heuristic value for pinch_tracking: 16
[t=0.88333s, 40244 KB] g=1, 3 evaluated, 1 expanded
[t=0.924199s, 40740 KB] New best heuristic value for pinch_tracking: 15
[t=0.924304s, 40740 KB] g=2, 6 evaluated, 2 expanded
[t=1.32988s, 41108 KB] New best heuristic value for pinch_tracking: 14
[t=1.32999s, 41108 KB] g=3, 34 evaluated, 15 expanded
[t=1.90751s, 41876 KB] New best heuristic value for pinch_tracking: 13
[t=1.90762s, 41876 KB] g=6, 74 evaluated, 34 expanded
[t=13.634s, 43748 KB] New best heuristic value for pinch_tracking: 11
[t=13.6342s, 43748 KB] g=12, 874 evaluated, 478 expanded, 16 reopened
[t=74.7665s, 46240 KB] New best heuristic value for pinch_tracking: 10
[t=74.7666s, 46240 KB] g=13, 4949 evaluated, 2647 expanded, 81 reopened
[t=79.6186s, 46240 KB] New best heuristic value for pinch_tracking: 9
[t=79.6187s, 46240 KB] g=16, 5263 evaluated, 2775 expanded, 81 reopened
[t=95.3696s, 47376 KB] New best heuristic value for pinch_tracking: 8
[t=95.3697s, 47376 KB] g=20, 6275 evaluated, 3695 expanded, 525 reopened
[t=969.965s, 55880 KB] New best heuristic value for pinch_tracking: 7
[t=969.965s, 55880 KB] g=26, 65076 evaluated, 40761 expanded, 6209 reopened
Peak memory: 62148 KB
caught signal 24 -- exiting
Time limit has been reached.
Remove intermediate file output.sas
search exit code: 23

Driver aborting after search
