INFO     Running translator.
INFO     translator stdin: None
INFO     translator time limit: 1799.95s
INFO     translator memory limit: 3584 MB
INFO     translator command line string: /infai/weidan00/downward/experiments/bachelor/.venv/bin/python3 /infai/weidan00/downward/experiments/bachelor/data/bachelor-v1/code-7aa5f34_e5e41175/builds/release/bin/translate/translate.py domain.pddl problem.pddl --sas-file output.sas
Parsing...
Parsing: [0.000s CPU, 0.006s wall-clock]
Normalizing task... [0.000s CPU, 0.000s wall-clock]
Instantiating...
Generating Datalog program... [0.000s CPU, 0.001s wall-clock]
Normalizing Datalog program...
Normalizing Datalog program: [0.010s CPU, 0.007s wall-clock]
Preparing model... [0.000s CPU, 0.004s wall-clock]
Generated 125 rules.
Computing model... [0.200s CPU, 0.199s wall-clock]
11778 relevant atoms
2642 auxiliary atoms
14420 final queue length
51202 total queue pushes
Completing instantiation... [0.830s CPU, 0.827s wall-clock]
Instantiating: [1.040s CPU, 1.043s wall-clock]
Computing fact groups...
Finding invariants...
15 initial candidates
Finding invariants: [0.020s CPU, 0.025s wall-clock]
Checking invariant weight... [0.010s CPU, 0.001s wall-clock]
Instantiating groups... [0.000s CPU, 0.007s wall-clock]
Collecting mutex groups... [0.000s CPU, 0.000s wall-clock]
Choosing groups...
23 uncovered facts
Choosing groups: [0.010s CPU, 0.001s wall-clock]
Building translation key... [0.000s CPU, 0.000s wall-clock]
Computing fact groups: [0.040s CPU, 0.037s wall-clock]
Building STRIPS to SAS dictionary... [0.000s CPU, 0.000s wall-clock]
Building dictionary for full mutex groups... [0.000s CPU, 0.000s wall-clock]
Building mutex information...
not in strips_to_sas, left out: Atom bottomcol(c0)
not in strips_to_sas, left out: Atom bottomcol(d0)
not in strips_to_sas, left out: Atom bottomcol(h0)
not in strips_to_sas, left out: Atom bottomcol(s0)
Building mutex information: [0.000s CPU, 0.000s wall-clock]
Translating task...
Processing axioms...
Simplifying axioms... [0.000s CPU, 0.000s wall-clock]
Processing axioms: [0.030s CPU, 0.031s wall-clock]
Translating task: [0.720s CPU, 0.732s wall-clock]
4712 effect conditions simplified
0 implied preconditions added
Detecting unreachable propositions...
0 operators removed
0 axioms removed
14 propositions removed
Detecting unreachable propositions: [0.430s CPU, 0.424s wall-clock]
Reordering and filtering variables...
54 of 54 variables necessary.
56 of 98 mutex groups necessary.
11352 of 11352 operators necessary.
0 of 0 axiom rules necessary.
Reordering and filtering variables: [0.120s CPU, 0.119s wall-clock]
Translator variables: 54
Translator derived variables: 0
Translator facts: 232
Translator goal facts: 4
Translator mutex groups: 56
Translator total mutex groups size: 258
Translator operators: 11352
Translator axioms: 0
Translator task size: 93456
Translator peak memory: 210892 KB
Writing output... [0.140s CPU, 0.157s wall-clock]
Done! [2.520s CPU, 2.555s wall-clock]
translate exit code: 0

INFO     Running search (release).
INFO     search stdin: output.sas
INFO     search time limit: 1797.34s
INFO     search memory limit: 3584 MB
INFO     search command line string: /infai/weidan00/downward/experiments/bachelor/data/bachelor-v1/code-7aa5f34_e5e41175/builds/release/bin/downward --search 'eager_wastar([pinch()], w=2)' --internal-plan-file sas_plan < output.sas
[t=6.4583e-05s, 17204 KB] reading input...
[t=0.080027s, 21052 KB] done reading input!
[t=0.0886192s, 24036 KB] Simplifying 42612 unary operators... done! [42612 unary operators]
[t=0.168706s, 27964 KB] time to simplify: 0.0801907s
[t=0.171152s, 27964 KB] Initializing pinch heuristic...
[t=0.171354s, 27964 KB] Building successor generator...done!
[t=0.176773s, 27964 KB] peak memory difference for successor generator creation: 0 KB
[t=0.176821s, 27964 KB] time for successor generation creation: 0.00524393s
[t=0.176972s, 27964 KB] Variables: 54
[t=0.177019s, 27964 KB] FactPairs: 232
[t=0.177059s, 27964 KB] Bytes per state: 16
[t=0.177212s, 27964 KB] Conducting best first search with reopening closed nodes, (real) bound = 2147483647
[t=0.181747s, 27964 KB] New best heuristic value for pinch: 53
[t=0.181846s, 27964 KB] g=0, 1 evaluated, 0 expanded
[t=0.181902s, 27964 KB] Initial heuristic value for pinch: 53
[t=0.181944s, 27964 KB] pruning method: none
[t=0.182532s, 27964 KB] New best heuristic value for pinch: 50
[t=0.182589s, 27964 KB] g=1, 2 evaluated, 1 expanded
[t=0.209924s, 27964 KB] New best heuristic value for pinch: 49
[t=0.210025s, 27964 KB] g=1, 9 evaluated, 1 expanded
[t=0.214759s, 27964 KB] New best heuristic value for pinch: 46
[t=0.214857s, 27964 KB] g=2, 14 evaluated, 2 expanded
[t=0.262896s, 27964 KB] New best heuristic value for pinch: 43
[t=0.26301s, 27964 KB] g=3, 28 evaluated, 3 expanded
[t=0.315705s, 27964 KB] New best heuristic value for pinch: 42
[t=0.315806s, 27964 KB] g=4, 43 evaluated, 4 expanded
[t=0.343398s, 27964 KB] New best heuristic value for pinch: 41
[t=0.343498s, 27964 KB] g=4, 50 evaluated, 4 expanded
[t=0.345095s, 27964 KB] New best heuristic value for pinch: 40
[t=0.34518s, 27964 KB] g=4, 51 evaluated, 4 expanded
[t=0.362429s, 27964 KB] New best heuristic value for pinch: 39
[t=0.362525s, 27964 KB] g=5, 57 evaluated, 5 expanded
[t=0.389268s, 27964 KB] New best heuristic value for pinch: 38
[t=0.389367s, 27964 KB] g=5, 67 evaluated, 5 expanded
[t=0.390866s, 27964 KB] New best heuristic value for pinch: 37
[t=0.39095s, 27964 KB] g=5, 69 evaluated, 5 expanded
[t=0.405502s, 27964 KB] New best heuristic value for pinch: 36
[t=0.4056s, 27964 KB] g=6, 74 evaluated, 6 expanded
[t=0.432845s, 27964 KB] New best heuristic value for pinch: 35
[t=0.432943s, 27964 KB] g=7, 87 evaluated, 7 expanded
[t=0.474274s, 27964 KB] New best heuristic value for pinch: 34
[t=0.474373s, 27964 KB] g=7, 98 evaluated, 7 expanded
[t=0.906763s, 27964 KB] New best heuristic value for pinch: 33
[t=0.906878s, 27964 KB] g=9, 245 evaluated, 17 expanded
[t=1.04083s, 27964 KB] New best heuristic value for pinch: 32
[t=1.04094s, 27964 KB] g=10, 291 evaluated, 21 expanded
[t=1.07852s, 27964 KB] New best heuristic value for pinch: 31
[t=1.07863s, 27964 KB] g=10, 301 evaluated, 21 expanded
[t=1.60842s, 27964 KB] New best heuristic value for pinch: 30
[t=1.60853s, 27964 KB] g=12, 484 evaluated, 33 expanded
[t=1.93568s, 27964 KB] New best heuristic value for pinch: 28
[t=1.93579s, 27964 KB] g=13, 599 evaluated, 43 expanded
[t=2.01872s, 27964 KB] New best heuristic value for pinch: 27
[t=2.01883s, 27964 KB] g=14, 623 evaluated, 44 expanded
[t=2.04625s, 27964 KB] New best heuristic value for pinch: 26
[t=2.04636s, 27964 KB] g=14, 633 evaluated, 44 expanded
[t=2.08321s, 27964 KB] New best heuristic value for pinch: 25
[t=2.08332s, 27964 KB] g=15, 648 evaluated, 45 expanded
[t=2.11213s, 27964 KB] New best heuristic value for pinch: 24
[t=2.11223s, 27964 KB] g=16, 662 evaluated, 46 expanded
[t=2.13753s, 27964 KB] New best heuristic value for pinch: 23
[t=2.13763s, 27964 KB] g=16, 672 evaluated, 46 expanded
[t=2.15481s, 27964 KB] New best heuristic value for pinch: 22
[t=2.15491s, 27964 KB] g=17, 683 evaluated, 47 expanded
[t=2.19107s, 27964 KB] New best heuristic value for pinch: 21
[t=2.19117s, 27964 KB] g=18, 701 evaluated, 48 expanded
[t=2.2012s, 27964 KB] New best heuristic value for pinch: 20
[t=2.2013s, 27964 KB] g=18, 706 evaluated, 48 expanded
[t=2.25143s, 27964 KB] New best heuristic value for pinch: 19
[t=2.25153s, 27964 KB] g=19, 726 evaluated, 49 expanded
[t=2.3002s, 27964 KB] New best heuristic value for pinch: 18
[t=2.3003s, 27964 KB] g=20, 748 evaluated, 50 expanded
[t=2.32089s, 27964 KB] New best heuristic value for pinch: 17
[t=2.32098s, 27964 KB] g=21, 760 evaluated, 51 expanded
[t=2.34729s, 27964 KB] New best heuristic value for pinch: 16
[t=2.34739s, 27964 KB] g=22, 776 evaluated, 52 expanded
[t=2.38501s, 27964 KB] New best heuristic value for pinch: 14
[t=2.38511s, 27964 KB] g=23, 795 evaluated, 53 expanded
[t=2.42307s, 27964 KB] New best heuristic value for pinch: 13
[t=2.42317s, 27964 KB] g=24, 813 evaluated, 54 expanded
[t=2.43615s, 27964 KB] New best heuristic value for pinch: 12
[t=2.43625s, 27964 KB] g=24, 822 evaluated, 54 expanded
[t=2.45647s, 27964 KB] New best heuristic value for pinch: 10
[t=2.45658s, 27964 KB] g=25, 834 evaluated, 55 expanded
[t=2.48325s, 27964 KB] New best heuristic value for pinch: 9
[t=2.48335s, 27964 KB] g=26, 853 evaluated, 56 expanded
[t=2.5055s, 27964 KB] New best heuristic value for pinch: 8
[t=2.5056s, 27964 KB] g=27, 870 evaluated, 57 expanded
[t=2.52472s, 27964 KB] New best heuristic value for pinch: 7
[t=2.52482s, 27964 KB] g=28, 885 evaluated, 58 expanded
[t=2.53035s, 27964 KB] New best heuristic value for pinch: 6
[t=2.53044s, 27964 KB] g=28, 890 evaluated, 58 expanded
[t=2.54045s, 27964 KB] New best heuristic value for pinch: 5
[t=2.54055s, 27964 KB] g=29, 898 evaluated, 59 expanded
[t=2.55173s, 27964 KB] New best heuristic value for pinch: 4
[t=2.55184s, 27964 KB] g=30, 910 evaluated, 60 expanded
[t=2.55988s, 27964 KB] New best heuristic value for pinch: 3
[t=2.55998s, 27964 KB] g=31, 917 evaluated, 61 expanded
[t=2.56382s, 27964 KB] New best heuristic value for pinch: 2
[t=2.56391s, 27964 KB] g=32, 921 evaluated, 62 expanded
[t=2.57034s, 27964 KB] New best heuristic value for pinch: 1
[t=2.57044s, 27964 KB] g=33, 927 evaluated, 63 expanded
[t=2.57369s, 27964 KB] New best heuristic value for pinch: 0
[t=2.57378s, 27964 KB] g=34, 929 evaluated, 64 expanded
[t=2.57467s, 27964 KB] Solution found!
[t=2.57475s, 27964 KB] Actual search time: 2.39281s
sendtofree h2 s5 n4 n3 (1)
sendtohome da d5 d n1 d0 n0 (1)
sendtohome ca s4 c n1 c0 n0 (1)
sendtofree s5 s3 n3 n2 (1)
sendtofree h4 s6 n2 n1 (1)
sendtohome-b d2 d n2 da n1 n0 n1 (1)
sendtonewcol s6 c3 n1 n0 (1)
move d5 sa s6 (1)
sendtohome-b sa s n1 s0 n0 n0 n1 (1)
sendtonewcol c6 h5 n1 n0 (1)
move h5 c2 c6 (1)
sendtohome-b c2 c n2 ca n1 n0 n1 (1)
sendtohome c3 s2 c n3 c2 n2 (1)
sendtofree s3 c5 n1 n0 (1)
sendtohome-b s2 s n2 sa n1 n1 n2 (1)
sendtonewcol h6 d4 n2 n1 (1)
homefromfreecell s3 s n3 s2 n2 n0 n1 (1)
sendtohome s4 d3 s n4 s3 n3 (1)
sendtofree c5 ha n1 n0 (1)
sendtohome-b ha h n1 h0 n0 n1 n2 (1)
homefromfreecell h2 h n2 ha n1 n0 n1 (1)
sendtohome-b d3 d n3 d2 n2 n2 n3 (1)
sendtohome d4 c4 d n4 d3 n3 (1)
sendtohome d5 s6 d n5 d4 n4 (1)
sendtohome d6 h3 d n6 d5 n5 (1)
sendtohome-b h3 h n3 h2 n2 n3 n4 (1)
homefromfreecell h4 h n4 h3 n3 n1 n2 (1)
sendtohome h5 c6 h n5 h4 n4 (1)
sendtohome-b h6 h n6 h5 n5 n4 n5 (1)
sendtohome-b c4 c n4 c3 n3 n5 n6 (1)
homefromfreecell c5 c n5 c4 n4 n2 n3 (1)
sendtohome-b c6 c n6 c5 n5 n6 n7 (1)
homefromfreecell s5 s n5 s4 n4 n3 n4 (1)
sendtohome-b s6 s n6 s5 n5 n7 n8 (1)
[t=2.5748s, 27964 KB] Plan length: 34 step(s).
[t=2.5748s, 27964 KB] Plan cost: 34
[t=2.5748s, 27964 KB] Expanded 65 state(s).
[t=2.5748s, 27964 KB] Reopened 0 state(s).
[t=2.5748s, 27964 KB] Evaluated 930 state(s).
[t=2.5748s, 27964 KB] Evaluations: 930
[t=2.5748s, 27964 KB] Generated 1020 state(s).
[t=2.5748s, 27964 KB] Dead ends: 0 state(s).
[t=2.5748s, 27964 KB] Number of registered states: 930
[t=2.5748s, 27964 KB] Int hash set load factor: 930/1024 = 0.908203
[t=2.5748s, 27964 KB] Int hash set resizes: 10
[t=2.5748s, 27964 KB] mean number of q cost that have been adjusted 0 times in relation to total number of q: -1
[t=2.5748s, 27964 KB] mean number of q cost that have been adjusted 1 times in relation to total number of q: -1
[t=2.5748s, 27964 KB] mean number of q cost that have been adjusted 2 times in relation to total number of q: -1
[t=2.5748s, 27964 KB] mean number of q that are at some point overconsitent in relation to total number of q: -1
[t=2.5748s, 27964 KB] mean number of q that are at first underconsisten in relation to total number of q: -1
[t=2.5748s, 27964 KB] mean number of state variables that are not in common between two following states in relation to total number of state variables: -1
[t=2.5748s, 27964 KB] variance number of state variables that are not in common between two following states in relation to total number of state variables: -1
[t=2.5748s, 27964 KB] Search time: 2.39759s
[t=2.5748s, 27964 KB] Total time: 2.5748s
Solution found.
Peak memory: 27964 KB
Remove intermediate file output.sas
search exit code: 0

INFO     Running validate.
INFO     validate stdin: None
INFO     validate time limit: None
INFO     validate memory limit: None
INFO     validate command line string: validate domain.pddl problem.pddl sas_plan
