INFO     Running translator.
INFO     translator stdin: None
INFO     translator time limit: 1799.96s
INFO     translator memory limit: 3584 MB
INFO     translator command line string: /infai/weidan00/downward/experiments/bachelor/.venv/bin/python3 /infai/weidan00/downward/experiments/bachelor/data/bachelor-v1/code-7aa5f34_e5e41175/builds/release/bin/translate/translate.py domain.pddl problem.pddl --sas-file output.sas
Parsing...
Parsing: [0.100s CPU, 0.103s wall-clock]
Normalizing task... [0.010s CPU, 0.006s wall-clock]
Instantiating...
Generating Datalog program... [0.050s CPU, 0.053s wall-clock]
Normalizing Datalog program...
Normalizing Datalog program: [0.000s CPU, 0.003s wall-clock]
Preparing model... [0.210s CPU, 0.214s wall-clock]
Generated 23 rules.
Computing model... [0.600s CPU, 0.601s wall-clock]
24812 relevant atoms
42782 auxiliary atoms
67594 final queue length
82160 total queue pushes
Completing instantiation... [0.510s CPU, 0.506s wall-clock]
Instantiating: [1.400s CPU, 1.403s wall-clock]
Computing fact groups...
Finding invariants...
9 initial candidates
Finding invariants: [0.010s CPU, 0.012s wall-clock]
Checking invariant weight... [0.010s CPU, 0.011s wall-clock]
Instantiating groups... [0.010s CPU, 0.009s wall-clock]
Collecting mutex groups... [0.000s CPU, 0.000s wall-clock]
Choosing groups...
0 uncovered facts
Choosing groups: [0.000s CPU, 0.001s wall-clock]
Building translation key... [0.000s CPU, 0.001s wall-clock]
Computing fact groups: [0.030s CPU, 0.036s wall-clock]
Building STRIPS to SAS dictionary... [0.000s CPU, 0.000s wall-clock]
Building dictionary for full mutex groups... [0.000s CPU, 0.000s wall-clock]
Building mutex information...
Building mutex information: [0.000s CPU, 0.000s wall-clock]
Translating task...
Processing axioms...
Simplifying axioms... [0.000s CPU, 0.000s wall-clock]
Processing axioms: [0.020s CPU, 0.016s wall-clock]
Translating task: [0.290s CPU, 0.286s wall-clock]
0 effect conditions simplified
0 implied preconditions added
Detecting unreachable propositions...
0 operators removed
0 axioms removed
17 propositions removed
Detecting unreachable propositions: [0.230s CPU, 0.235s wall-clock]
Reordering and filtering variables...
17 of 17 variables necessary.
0 of 17 mutex groups necessary.
7716 of 7716 operators necessary.
0 of 0 axiom rules necessary.
Reordering and filtering variables: [0.040s CPU, 0.040s wall-clock]
Translator variables: 17
Translator derived variables: 0
Translator facts: 433
Translator goal facts: 15
Translator mutex groups: 0
Translator total mutex groups size: 0
Translator operators: 7716
Translator axioms: 0
Translator task size: 38595
Translator peak memory: 185876 KB
Writing output... [0.070s CPU, 0.081s wall-clock]
Done! [2.190s CPU, 2.213s wall-clock]
translate exit code: 0

INFO     Running search (release).
INFO     search stdin: output.sas
INFO     search time limit: 1797.69s
INFO     search memory limit: 3584 MB
INFO     search command line string: /infai/weidan00/downward/experiments/bachelor/data/bachelor-v1/code-7aa5f34_e5e41175/builds/release/bin/downward --search 'eager_wastar([pinch_tracking()], w=2)' --internal-plan-file sas_plan < output.sas
[t=6.4812e-05s, 17204 KB] reading input...
[t=0.0428063s, 19388 KB] done reading input!
[t=0.0471283s, 20444 KB] Simplifying 14982 unary operators... done! [14982 unary operators]
[t=0.0574976s, 21832 KB] time to simplify: 0.0104782s
[t=0.0582995s, 21832 KB] Initializing pinch tracking heuristic...
[t=0.0584718s, 21832 KB] Building successor generator...done!
[t=0.0613867s, 21832 KB] peak memory difference for successor generator creation: 0 KB
[t=0.0614337s, 21832 KB] time for successor generation creation: 0.00266869s
[t=0.0615508s, 21832 KB] Variables: 17
[t=0.0615943s, 21832 KB] FactPairs: 433
[t=0.0616338s, 21832 KB] Bytes per state: 12
[t=0.061784s, 21832 KB] Conducting best first search with reopening closed nodes, (real) bound = 2147483647
[t=0.0631331s, 21832 KB] New best heuristic value for pinch_tracking: 104
[t=0.0632004s, 21832 KB] g=0, 1 evaluated, 0 expanded
[t=0.0632572s, 21832 KB] Initial heuristic value for pinch_tracking: 104
[t=0.0632985s, 21832 KB] pruning method: none
[t=0.0639745s, 21832 KB] New best heuristic value for pinch_tracking: 78
[t=0.0640299s, 21832 KB] g=1, 2 evaluated, 1 expanded
[t=0.071405s, 21832 KB] New best heuristic value for pinch_tracking: 77
[t=0.0715198s, 21832 KB] g=2, 10 evaluated, 2 expanded
[t=0.122049s, 21832 KB] New best heuristic value for pinch_tracking: 75
[t=0.122162s, 21832 KB] g=5, 76 evaluated, 14 expanded
[t=0.416659s, 21832 KB] New best heuristic value for pinch_tracking: 71
[t=0.416775s, 21832 KB] g=10, 608 evaluated, 103 expanded
[t=0.420222s, 21832 KB] New best heuristic value for pinch_tracking: 70
[t=0.420327s, 21832 KB] g=11, 619 evaluated, 104 expanded
[t=0.750986s, 21832 KB] New best heuristic value for pinch_tracking: 67
[t=0.751101s, 21832 KB] g=11, 1538 evaluated, 267 expanded, 12 reopened
[t=0.754554s, 21832 KB] New best heuristic value for pinch_tracking: 66
[t=0.754657s, 21832 KB] g=12, 1550 evaluated, 268 expanded, 12 reopened
[t=0.757885s, 21832 KB] New best heuristic value for pinch_tracking: 65
[t=0.757983s, 21832 KB] g=13, 1560 evaluated, 269 expanded, 12 reopened
[t=1.13982s, 21832 KB] New best heuristic value for pinch_tracking: 62
[t=1.13995s, 21832 KB] g=18, 2743 evaluated, 460 expanded, 24 reopened
[t=1.19119s, 21832 KB] New best heuristic value for pinch_tracking: 60
[t=1.1913s, 21832 KB] g=19, 2935 evaluated, 487 expanded, 24 reopened
[t=1.2564s, 21832 KB] New best heuristic value for pinch_tracking: 58
[t=1.25651s, 21832 KB] g=22, 3191 evaluated, 525 expanded, 24 reopened
[t=2.70033s, 22140 KB] New best heuristic value for pinch_tracking: 57
[t=2.70046s, 22140 KB] g=20, 9717 evaluated, 1477 expanded, 24 reopened
[t=2.80369s, 22140 KB] New best heuristic value for pinch_tracking: 55
[t=2.8038s, 22140 KB] g=23, 10131 evaluated, 1536 expanded, 24 reopened
[t=16.3437s, 28028 KB] New best heuristic value for pinch_tracking: 54
[t=16.3438s, 28028 KB] g=23, 74001 evaluated, 11048 expanded, 60 reopened
[t=17.7874s, 28028 KB] New best heuristic value for pinch_tracking: 52
[t=17.7875s, 28028 KB] g=24, 80553 evaluated, 11944 expanded, 60 reopened
[t=124.896s, 75944 KB] New best heuristic value for pinch_tracking: 51
[t=124.896s, 75944 KB] g=24, 607735 evaluated, 93513 expanded, 1256 reopened
[t=131.399s, 75944 KB] New best heuristic value for pinch_tracking: 49
[t=131.399s, 75944 KB] g=25, 638158 evaluated, 97596 expanded, 1256 reopened
[t=138.247s, 76884 KB] New best heuristic value for pinch_tracking: 47
[t=138.247s, 76884 KB] g=26, 671234 evaluated, 102291 expanded, 1256 reopened
[t=573.671s, 250976 KB] New best heuristic value for pinch_tracking: 45
[t=573.671s, 250976 KB] g=29, 2918245 evaluated, 469111 expanded, 9226 reopened
Peak memory: 893548 KB
caught signal 24 -- exiting
Time limit has been reached.
Remove intermediate file output.sas
search exit code: 23

Driver aborting after search
