INFO     Running translator.
INFO     translator stdin: None
INFO     translator time limit: 1799.95s
INFO     translator memory limit: 3584 MB
INFO     translator command line string: /infai/weidan00/downward/experiments/bachelor/.venv/bin/python3 /infai/weidan00/downward/experiments/bachelor/data/bachelor-v1/code-7aa5f34_e5e41175/builds/release/bin/translate/translate.py domain.pddl problem.pddl --sas-file output.sas
Parsing...
Parsing: [0.010s CPU, 0.005s wall-clock]
Normalizing task... [0.000s CPU, 0.001s wall-clock]
Instantiating...
Generating Datalog program... [0.000s CPU, 0.000s wall-clock]
Normalizing Datalog program...
Normalizing Datalog program: [0.000s CPU, 0.002s wall-clock]
Preparing model... [0.000s CPU, 0.001s wall-clock]
Generated 69 rules.
Computing model... [0.000s CPU, 0.001s wall-clock]
57 relevant atoms
0 auxiliary atoms
57 final queue length
80 total queue pushes
Completing instantiation... [0.000s CPU, 0.001s wall-clock]
Instantiating: [0.000s CPU, 0.005s wall-clock]
Computing fact groups...
Finding invariants...
26 initial candidates
Finding invariants: [0.020s CPU, 0.014s wall-clock]
Checking invariant weight... [0.000s CPU, 0.000s wall-clock]
Instantiating groups... [0.000s CPU, 0.000s wall-clock]
Collecting mutex groups... [0.000s CPU, 0.000s wall-clock]
Choosing groups...
4 uncovered facts
Choosing groups: [0.000s CPU, 0.000s wall-clock]
Building translation key... [0.000s CPU, 0.000s wall-clock]
Computing fact groups: [0.020s CPU, 0.015s wall-clock]
Building STRIPS to SAS dictionary... [0.000s CPU, 0.000s wall-clock]
Building dictionary for full mutex groups... [0.000s CPU, 0.000s wall-clock]
Building mutex information...
Building mutex information: [0.000s CPU, 0.000s wall-clock]
Translating task...
Processing axioms...
Simplifying axioms... [0.000s CPU, 0.000s wall-clock]
Processing axioms: [0.000s CPU, 0.000s wall-clock]
Translating task: [0.000s CPU, 0.002s wall-clock]
10 effect conditions simplified
0 implied preconditions added
Detecting unreachable propositions...
0 operators removed
0 axioms removed
10 propositions removed
Detecting unreachable propositions: [0.000s CPU, 0.001s wall-clock]
Reordering and filtering variables...
10 of 14 variables necessary.
0 of 10 mutex groups necessary.
22 of 30 operators necessary.
0 of 0 axiom rules necessary.
Reordering and filtering variables: [0.000s CPU, 0.001s wall-clock]
Translator variables: 10
Translator derived variables: 0
Translator facts: 22
Translator goal facts: 5
Translator mutex groups: 0
Translator total mutex groups size: 0
Translator operators: 22
Translator axioms: 0
Translator task size: 154
Translator peak memory: 142540 KB
Writing output... [0.000s CPU, 0.002s wall-clock]
Done! [0.030s CPU, 0.033s wall-clock]
translate exit code: 0

INFO     Running search (release).
INFO     search stdin: output.sas
INFO     search time limit: 1799.86s
INFO     search memory limit: 3584 MB
INFO     search command line string: /infai/weidan00/downward/experiments/bachelor/data/bachelor-v1/code-7aa5f34_e5e41175/builds/release/bin/downward --search 'eager_wastar([pinch_tracking()], w=2)' --internal-plan-file sas_plan < output.sas
[t=7.4896e-05s, 17204 KB] reading input...
[t=0.00049735s, 17212 KB] done reading input!
[t=0.00243277s, 17472 KB] Simplifying 40 unary operators... done! [40 unary operators]
[t=0.00256612s, 17472 KB] time to simplify: 0.000187754s
[t=0.00263614s, 17472 KB] Initializing pinch tracking heuristic...
[t=0.00275703s, 17472 KB] Building successor generator...done!
[t=0.0029258s, 17472 KB] peak memory difference for successor generator creation: 0 KB
[t=0.00296603s, 17472 KB] time for successor generation creation: 3.9313e-05s
[t=0.00301666s, 17472 KB] Variables: 10
[t=0.00305979s, 17472 KB] FactPairs: 22
[t=0.00310164s, 17472 KB] Bytes per state: 4
[t=0.00323074s, 17472 KB] Conducting best first search with reopening closed nodes, (real) bound = 2147483647
[t=0.00334032s, 17472 KB] New best heuristic value for pinch_tracking: 1
[t=0.00338567s, 17472 KB] g=0, 1 evaluated, 0 expanded
[t=0.00343943s, 17472 KB] Initial heuristic value for pinch_tracking: 1
[t=0.00348299s, 17472 KB] pruning method: none
[t=0.00400379s, 17472 KB] New best heuristic value for pinch_tracking: 0
[t=0.00406445s, 17472 KB] g=11, 68 evaluated, 36 expanded
[t=0.00411227s, 17472 KB] Solution found!
[t=0.00416037s, 17472 KB] Actual search time: 0.000674626s
wait_cb1  (1)
wait_cb1-condeff0-yes  (1)
wait_cb1-condeff1-yes  (1)
wait_cb1-endof-condeffs  (1)
open-sd1  (1)
open-sd7  (1)
close_cb1  (1)
wait_cb1  (1)
wait_cb1-condeff0-no-0  (1)
wait_cb1-condeff1-no-0  (1)
wait_cb1-endof-condeffs  (1)
[t=0.00420807s, 17472 KB] Plan length: 11 step(s).
[t=0.00420807s, 17472 KB] Plan cost: 11
[t=0.00420807s, 17472 KB] Expanded 37 state(s).
[t=0.00420807s, 17472 KB] Reopened 0 state(s).
[t=0.00420807s, 17472 KB] Evaluated 68 state(s).
[t=0.00420807s, 17472 KB] Evaluations: 68
[t=0.00420807s, 17472 KB] Generated 109 state(s).
[t=0.00420807s, 17472 KB] Dead ends: 0 state(s).
[t=0.00420807s, 17472 KB] Number of registered states: 68
[t=0.00420807s, 17472 KB] Int hash set load factor: 68/128 = 0.53125
[t=0.00420807s, 17472 KB] Int hash set resizes: 7
[t=0.00420807s, 17472 KB] mean number of q cost that have been adjusted 0 times in relation to total number of q: -1
[t=0.00420807s, 17472 KB] mean number of q cost that have been adjusted 1 times in relation to total number of q: -1
[t=0.00420807s, 17472 KB] mean number of q cost that have been adjusted 2 times in relation to total number of q: -1
[t=0.00420807s, 17472 KB] mean number of q that are at some point overconsitent in relation to total number of q: -1
[t=0.00420807s, 17472 KB] mean number of q that are at first underconsisten in relation to total number of q: -1
[t=0.00420807s, 17472 KB] mean number of state variables that are not in common between two following states in relation to total number of state variables: -1
[t=0.00420807s, 17472 KB] variance number of state variables that are not in common between two following states in relation to total number of state variables: -1
[t=0.00420807s, 17472 KB] Search time: 0.000978214s
[t=0.00420807s, 17472 KB] Total time: 0.00420807s
Solution found.
Peak memory: 17472 KB
Remove intermediate file output.sas
search exit code: 0

INFO     Running validate.
INFO     validate stdin: None
INFO     validate time limit: None
INFO     validate memory limit: None
INFO     validate command line string: validate domain.pddl problem.pddl sas_plan
