INFO     Running translator.
INFO     translator stdin: None
INFO     translator time limit: 1799.96s
INFO     translator memory limit: 3584 MB
INFO     translator command line string: /infai/weidan00/downward/experiments/bachelor/.venv/bin/python3 /infai/weidan00/downward/experiments/bachelor/data/bachelor-v1/code-7aa5f34_e5e41175/builds/release/bin/translate/translate.py domain.pddl problem.pddl --sas-file output.sas
Parsing...
Parsing: [0.000s CPU, 0.005s wall-clock]
Normalizing task... [0.010s CPU, 0.000s wall-clock]
Instantiating...
Generating Datalog program... [0.000s CPU, 0.001s wall-clock]
Normalizing Datalog program...
Normalizing Datalog program: [0.000s CPU, 0.006s wall-clock]
Preparing model... [0.010s CPU, 0.003s wall-clock]
Generated 115 rules.
Computing model... [0.060s CPU, 0.067s wall-clock]
3296 relevant atoms
3425 auxiliary atoms
6721 final queue length
11595 total queue pushes
Completing instantiation... [0.130s CPU, 0.129s wall-clock]
Instantiating: [0.200s CPU, 0.208s wall-clock]
Computing fact groups...
Finding invariants...
24 initial candidates
Finding invariants: [0.010s CPU, 0.014s wall-clock]
Checking invariant weight... [0.000s CPU, 0.000s wall-clock]
Instantiating groups... [0.000s CPU, 0.001s wall-clock]
Collecting mutex groups... [0.000s CPU, 0.000s wall-clock]
Choosing groups...
350 uncovered facts
Choosing groups: [0.000s CPU, 0.000s wall-clock]
Building translation key... [0.000s CPU, 0.001s wall-clock]
Computing fact groups: [0.020s CPU, 0.021s wall-clock]
Building STRIPS to SAS dictionary... [0.000s CPU, 0.001s wall-clock]
Building dictionary for full mutex groups... [0.000s CPU, 0.000s wall-clock]
Building mutex information...
Building mutex information: [0.000s CPU, 0.000s wall-clock]
Translating task...
Processing axioms...
Simplifying axioms... [0.000s CPU, 0.000s wall-clock]
Processing axioms: [0.010s CPU, 0.007s wall-clock]
Translating task: [0.150s CPU, 0.149s wall-clock]
3920 effect conditions simplified
0 implied preconditions added
Detecting unreachable propositions...
0 operators removed
0 axioms removed
3 propositions removed
Detecting unreachable propositions: [0.080s CPU, 0.085s wall-clock]
Reordering and filtering variables...
353 of 353 variables necessary.
16 of 19 mutex groups necessary.
2344 of 2344 operators necessary.
0 of 0 axiom rules necessary.
Reordering and filtering variables: [0.050s CPU, 0.047s wall-clock]
Translator variables: 353
Translator derived variables: 0
Translator facts: 737
Translator goal facts: 14
Translator mutex groups: 16
Translator total mutex groups size: 48
Translator operators: 2344
Translator axioms: 0
Translator task size: 22454
Translator peak memory: 157900 KB
Writing output... [0.050s CPU, 0.045s wall-clock]
Done! [0.560s CPU, 0.569s wall-clock]
translate exit code: 0

INFO     Running search (release).
INFO     search stdin: output.sas
INFO     search time limit: 1799.33s
INFO     search memory limit: 3584 MB
INFO     search command line string: /infai/weidan00/downward/experiments/bachelor/data/bachelor-v1/code-7aa5f34_e5e41175/builds/release/bin/downward --search 'eager_wastar([add()], w=2)' --internal-plan-file sas_plan < output.sas
[t=6.2028e-05s, 17204 KB] reading input...
[t=0.0228217s, 18224 KB] done reading input!
[t=0.0261079s, 19276 KB] Simplifying 8582 unary operators... done! [7394 unary operators]
[t=0.0342458s, 19936 KB] time to simplify: 0.00819832s
[t=0.0349592s, 19936 KB] Initializing additive heuristic...
[t=0.0351232s, 19936 KB] Building successor generator...done!
[t=0.0365266s, 19936 KB] peak memory difference for successor generator creation: 0 KB
[t=0.0365693s, 19936 KB] time for successor generation creation: 0.00126615s
[t=0.0366306s, 19936 KB] Variables: 353
[t=0.0366716s, 19936 KB] FactPairs: 737
[t=0.0367119s, 19936 KB] Bytes per state: 48
[t=0.036836s, 19936 KB] Conducting best first search with reopening closed nodes, (real) bound = 2147483647
[t=0.0370498s, 19936 KB] New best heuristic value for add: 444
[t=0.0370978s, 19936 KB] g=0, 1 evaluated, 0 expanded
[t=0.0371469s, 19936 KB] Initial heuristic value for add: 444
[t=0.0371882s, 19936 KB] pruning method: none
[t=0.0375609s, 19936 KB] New best heuristic value for add: 289
[t=0.0376089s, 19936 KB] g=1, 4 evaluated, 1 expanded
[t=0.0384501s, 19936 KB] New best heuristic value for add: 287
[t=0.0384967s, 19936 KB] g=1, 12 evaluated, 1 expanded
[t=0.0776714s, 19936 KB] New best heuristic value for add: 194
[t=0.0777354s, 19936 KB] g=3, 408 evaluated, 32 expanded
[t=0.0794457s, 19936 KB] New best heuristic value for add: 165
[t=0.0794965s, 19936 KB] g=4, 425 evaluated, 33 expanded
[t=0.0800346s, 19936 KB] New best heuristic value for add: 156
[t=0.0800808s, 19936 KB] g=5, 430 evaluated, 34 expanded
[t=0.0820632s, 19936 KB] New best heuristic value for add: 146
[t=0.0821127s, 19936 KB] g=6, 450 evaluated, 36 expanded
[t=0.0839476s, 19936 KB] New best heuristic value for add: 124
[t=0.0839954s, 19936 KB] g=7, 468 evaluated, 37 expanded
[t=0.0857353s, 19936 KB] New best heuristic value for add: 98
[t=0.0857842s, 19936 KB] g=8, 485 evaluated, 39 expanded
[t=0.106751s, 19936 KB] New best heuristic value for add: 90
[t=0.106809s, 19936 KB] g=13, 694 evaluated, 111 expanded, 1 reopened
[t=0.144741s, 19936 KB] New best heuristic value for add: 86
[t=0.144804s, 19936 KB] g=13, 1067 evaluated, 282 expanded, 33 reopened
[t=0.197091s, 19936 KB] New best heuristic value for add: 78
[t=0.197158s, 19936 KB] g=16, 1584 evaluated, 587 expanded, 149 reopened
[t=4.11522s, 22736 KB] New best heuristic value for add: 71
[t=4.11533s, 22736 KB] g=15, 39610 evaluated, 22322 expanded, 7481 reopened
Peak memory: 1591540 KB
caught signal 24 -- exiting
Time limit has been reached.
Remove intermediate file output.sas
search exit code: 23

Driver aborting after search
