INFO     Running translator.
INFO     translator stdin: None
INFO     translator time limit: 1799.96s
INFO     translator memory limit: 3584 MB
INFO     translator command line string: /infai/weidan00/downward/experiments/bachelor/.venv/bin/python3 /infai/weidan00/downward/experiments/bachelor/data/bachelor-v1/code-7aa5f34_e5e41175/builds/release/bin/translate/translate.py domain.pddl problem.pddl --sas-file output.sas
Parsing...
Parsing: [0.010s CPU, 0.010s wall-clock]
Normalizing task... [0.000s CPU, 0.000s wall-clock]
Instantiating...
Generating Datalog program... [0.000s CPU, 0.002s wall-clock]
Normalizing Datalog program...
Normalizing Datalog program: [0.000s CPU, 0.002s wall-clock]
Preparing model... [0.010s CPU, 0.013s wall-clock]
Generated 26 rules.
Computing model... [0.060s CPU, 0.055s wall-clock]
4101 relevant atoms
3075 auxiliary atoms
7176 final queue length
9577 total queue pushes
Completing instantiation... [0.070s CPU, 0.068s wall-clock]
Instantiating: [0.140s CPU, 0.142s wall-clock]
Computing fact groups...
Finding invariants...
6 initial candidates
Finding invariants: [0.000s CPU, 0.001s wall-clock]
Checking invariant weight... [0.000s CPU, 0.001s wall-clock]
Instantiating groups... [0.000s CPU, 0.000s wall-clock]
Collecting mutex groups... [0.000s CPU, 0.000s wall-clock]
Choosing groups...
50 uncovered facts
Choosing groups: [0.000s CPU, 0.000s wall-clock]
Building translation key... [0.000s CPU, 0.000s wall-clock]
Computing fact groups: [0.000s CPU, 0.003s wall-clock]
Building STRIPS to SAS dictionary... [0.000s CPU, 0.000s wall-clock]
Building dictionary for full mutex groups... [0.000s CPU, 0.000s wall-clock]
Building mutex information...
Building mutex information: [0.000s CPU, 0.000s wall-clock]
Translating task...
Processing axioms...
Simplifying axioms... [0.000s CPU, 0.000s wall-clock]
Processing axioms: [0.010s CPU, 0.003s wall-clock]
Translating task: [0.070s CPU, 0.064s wall-clock]
25 effect conditions simplified
0 implied preconditions added
Detecting unreachable propositions...
0 operators removed
0 axioms removed
1 propositions removed
Detecting unreachable propositions: [0.030s CPU, 0.032s wall-clock]
Reordering and filtering variables...
51 of 51 variables necessary.
0 of 1 mutex groups necessary.
2500 of 2500 operators necessary.
0 of 0 axiom rules necessary.
Reordering and filtering variables: [0.010s CPU, 0.007s wall-clock]
Translator variables: 51
Translator derived variables: 0
Translator facts: 150
Translator goal facts: 25
Translator mutex groups: 0
Translator total mutex groups size: 0
Translator operators: 2500
Translator axioms: 0
Translator task size: 7776
Translator peak memory: 149964 KB
Writing output... [0.020s CPU, 0.020s wall-clock]
Done! [0.280s CPU, 0.284s wall-clock]
translate exit code: 0

INFO     Running search (release).
INFO     search stdin: output.sas
INFO     search time limit: 1799.63s
INFO     search memory limit: 3584 MB
INFO     search command line string: /infai/weidan00/downward/experiments/bachelor/data/bachelor-v1/code-7aa5f34_e5e41175/builds/release/bin/downward --search 'eager_wastar([add()], w=2)' --internal-plan-file sas_plan < output.sas
[t=6.286e-05s, 17204 KB] reading input...
[t=0.00907727s, 17712 KB] done reading input!
[t=0.0114575s, 18104 KB] Simplifying 2525 unary operators... done! [2525 unary operators]
[t=0.0125211s, 18236 KB] time to simplify: 0.00118815s
[t=0.0127332s, 18236 KB] Initializing additive heuristic...
[t=0.012865s, 18236 KB] Building successor generator...done!
[t=0.0134555s, 18244 KB] peak memory difference for successor generator creation: 8 KB
[t=0.013495s, 18244 KB] time for successor generation creation: 0.000464306s
[t=0.013554s, 18244 KB] Variables: 51
[t=0.0136002s, 18244 KB] FactPairs: 150
[t=0.0136395s, 18244 KB] Bytes per state: 8
[t=0.0137608s, 18244 KB] Conducting best first search with reopening closed nodes, (real) bound = 2147483647
[t=0.0138854s, 18244 KB] New best heuristic value for add: 99
[t=0.013929s, 18244 KB] g=0, 1 evaluated, 0 expanded
[t=0.0139789s, 18244 KB] Initial heuristic value for add: 99
[t=0.0140195s, 18244 KB] pruning method: none
[t=0.0140931s, 18244 KB] New best heuristic value for add: 98
[t=0.0141345s, 18244 KB] g=1, 2 evaluated, 1 expanded
[t=0.0146254s, 18244 KB] New best heuristic value for add: 96
[t=0.0146697s, 18244 KB] g=1, 25 evaluated, 1 expanded
[t=0.0149233s, 18244 KB] New best heuristic value for add: 95
[t=0.0149658s, 18244 KB] g=1, 36 evaluated, 1 expanded
[t=0.0153102s, 18244 KB] New best heuristic value for add: 94
[t=0.0153542s, 18244 KB] g=2, 52 evaluated, 2 expanded
[t=0.0154708s, 18244 KB] New best heuristic value for add: 93
[t=0.0155131s, 18244 KB] g=3, 55 evaluated, 3 expanded
[t=0.016521s, 18244 KB] New best heuristic value for add: 92
[t=0.016566s, 18244 KB] g=4, 106 evaluated, 4 expanded
[t=0.017619s, 18244 KB] New best heuristic value for add: 90
[t=0.0176651s, 18244 KB] g=5, 159 evaluated, 5 expanded
[t=0.0185701s, 18244 KB] New best heuristic value for add: 89
[t=0.0186163s, 18244 KB] g=6, 205 evaluated, 6 expanded
[t=0.0187089s, 18244 KB] New best heuristic value for add: 88
[t=0.0187507s, 18244 KB] g=7, 207 evaluated, 7 expanded
[t=0.0204517s, 18244 KB] New best heuristic value for add: 87
[t=0.0205002s, 18244 KB] g=8, 294 evaluated, 8 expanded
[t=0.0207708s, 18244 KB] New best heuristic value for add: 86
[t=0.0208141s, 18244 KB] g=9, 306 evaluated, 9 expanded
[t=0.0217275s, 18244 KB] New best heuristic value for add: 85
[t=0.021773s, 18244 KB] g=10, 352 evaluated, 10 expanded
[t=0.0219314s, 18244 KB] New best heuristic value for add: 84
[t=0.0219745s, 18244 KB] g=11, 358 evaluated, 11 expanded
[t=0.0220667s, 18244 KB] New best heuristic value for add: 83
[t=0.0221089s, 18244 KB] g=12, 360 evaluated, 12 expanded
[t=0.0233309s, 18244 KB] New best heuristic value for add: 82
[t=0.0233763s, 18244 KB] g=13, 423 evaluated, 13 expanded
[t=0.0240893s, 18244 KB] New best heuristic value for add: 81
[t=0.0241324s, 18244 KB] g=14, 459 evaluated, 14 expanded
[t=0.0242258s, 18244 KB] New best heuristic value for add: 80
[t=0.024267s, 18244 KB] g=15, 461 evaluated, 15 expanded
[t=0.0252399s, 18244 KB] New best heuristic value for add: 79
[t=0.0252831s, 18244 KB] g=16, 511 evaluated, 16 expanded
[t=0.0256201s, 18244 KB] New best heuristic value for add: 78
[t=0.025663s, 18244 KB] g=16, 524 evaluated, 16 expanded
[t=0.0263825s, 18244 KB] New best heuristic value for add: 77
[t=0.026426s, 18244 KB] g=17, 560 evaluated, 17 expanded
[t=0.0268029s, 18244 KB] New best heuristic value for add: 76
[t=0.0268453s, 18244 KB] g=18, 578 evaluated, 18 expanded
[t=0.0274906s, 18244 KB] New best heuristic value for add: 75
[t=0.0275336s, 18244 KB] g=19, 610 evaluated, 19 expanded
[t=0.0279378s, 18244 KB] New best heuristic value for add: 74
[t=0.0279803s, 18244 KB] g=20, 629 evaluated, 20 expanded
[t=0.0286007s, 18244 KB] New best heuristic value for add: 73
[t=0.028644s, 18244 KB] g=21, 660 evaluated, 22 expanded
[t=0.0287345s, 18244 KB] New best heuristic value for add: 72
[t=0.0287758s, 18244 KB] g=22, 662 evaluated, 23 expanded
[t=0.0297442s, 18244 KB] New best heuristic value for add: 71
[t=0.0297885s, 18244 KB] g=23, 712 evaluated, 24 expanded
[t=0.0299115s, 18244 KB] New best heuristic value for add: 70
[t=0.0299531s, 18244 KB] g=23, 716 evaluated, 24 expanded
[t=0.0308302s, 18244 KB] New best heuristic value for add: 69
[t=0.0308751s, 18244 KB] g=24, 761 evaluated, 26 expanded
[t=0.0313308s, 18244 KB] New best heuristic value for add: 68
[t=0.0313739s, 18244 KB] g=25, 783 evaluated, 27 expanded
[t=0.0319406s, 18244 KB] New best heuristic value for add: 67
[t=0.0319828s, 18244 KB] g=26, 811 evaluated, 29 expanded
[t=0.0324521s, 18244 KB] New best heuristic value for add: 66
[t=0.0324944s, 18244 KB] g=27, 834 evaluated, 30 expanded
[t=0.0330414s, 18244 KB] New best heuristic value for add: 65
[t=0.0330847s, 18244 KB] g=28, 861 evaluated, 32 expanded
[t=0.0336104s, 18244 KB] New best heuristic value for add: 64
[t=0.0336542s, 18244 KB] g=29, 887 evaluated, 33 expanded
[t=0.0341945s, 18244 KB] New best heuristic value for add: 63
[t=0.0342381s, 18244 KB] g=30, 913 evaluated, 36 expanded
[t=0.0348263s, 18244 KB] New best heuristic value for add: 62
[t=0.0348693s, 18244 KB] g=31, 942 evaluated, 37 expanded
[t=0.0353409s, 18244 KB] New best heuristic value for add: 61
[t=0.0353847s, 18244 KB] g=32, 965 evaluated, 38 expanded
[t=0.0360352s, 18244 KB] New best heuristic value for add: 60
[t=0.0360806s, 18244 KB] g=33, 993 evaluated, 39 expanded
[t=0.0365682s, 18244 KB] New best heuristic value for add: 59
[t=0.0366127s, 18244 KB] g=34, 1016 evaluated, 41 expanded
[t=0.0373338s, 18244 KB] New best heuristic value for add: 58
[t=0.0373785s, 18244 KB] g=35, 1053 evaluated, 42 expanded
[t=0.0377371s, 18244 KB] New best heuristic value for add: 57
[t=0.0377804s, 18244 KB] g=36, 1069 evaluated, 44 expanded
[t=0.0384823s, 18244 KB] New best heuristic value for add: 56
[t=0.0385253s, 18244 KB] g=37, 1105 evaluated, 45 expanded
[t=0.0388695s, 18244 KB] New best heuristic value for add: 55
[t=0.0389119s, 18244 KB] g=38, 1121 evaluated, 47 expanded
[t=0.0396215s, 18244 KB] New best heuristic value for add: 54
[t=0.0396659s, 18244 KB] g=39, 1157 evaluated, 48 expanded
[t=0.0400101s, 18244 KB] New best heuristic value for add: 53
[t=0.0400523s, 18244 KB] g=40, 1173 evaluated, 50 expanded
[t=0.040715s, 18244 KB] New best heuristic value for add: 52
[t=0.0407591s, 18244 KB] g=40, 1207 evaluated, 50 expanded
[t=0.0420638s, 18244 KB] New best heuristic value for add: 51
[t=0.0421127s, 18244 KB] g=42, 1276 evaluated, 54 expanded
[t=0.0426968s, 18244 KB] New best heuristic value for add: 50
[t=0.0427409s, 18244 KB] g=42, 1306 evaluated, 54 expanded
[t=0.0440782s, 18244 KB] New best heuristic value for add: 49
[t=0.044124s, 18244 KB] g=44, 1377 evaluated, 59 expanded
[t=0.0442484s, 18244 KB] New best heuristic value for add: 48
[t=0.0442905s, 18244 KB] g=44, 1381 evaluated, 59 expanded
[t=0.0460612s, 18244 KB] New best heuristic value for add: 47
[t=0.046107s, 18244 KB] g=46, 1478 evaluated, 63 expanded
[t=0.0461683s, 18244 KB] New best heuristic value for add: 46
[t=0.0462166s, 18244 KB] g=46, 1479 evaluated, 63 expanded
[t=0.0481522s, 18244 KB] New best heuristic value for add: 45
[t=0.0482055s, 18244 KB] g=48, 1586 evaluated, 67 expanded
[t=0.0486321s, 18244 KB] New best heuristic value for add: 44
[t=0.0486762s, 18244 KB] g=48, 1608 evaluated, 67 expanded
[t=0.0501205s, 18244 KB] New best heuristic value for add: 42
[t=0.0501652s, 18244 KB] g=50, 1687 evaluated, 71 expanded
[t=0.0518197s, 18244 KB] New best heuristic value for add: 40
[t=0.0518658s, 18244 KB] g=52, 1779 evaluated, 75 expanded
[t=0.0537989s, 18244 KB] New best heuristic value for add: 38
[t=0.0538476s, 18244 KB] g=54, 1888 evaluated, 79 expanded
[t=0.05586s, 18244 KB] New best heuristic value for add: 36
[t=0.0559109s, 18244 KB] g=56, 1991 evaluated, 83 expanded
[t=0.0576837s, 18244 KB] New best heuristic value for add: 34
[t=0.0577316s, 18244 KB] g=58, 2092 evaluated, 87 expanded
[t=0.0583427s, 18244 KB] New best heuristic value for add: 33
[t=0.0583873s, 18244 KB] g=59, 2125 evaluated, 88 expanded
[t=0.0601227s, 18244 KB] New best heuristic value for add: 32
[t=0.0601697s, 18244 KB] g=61, 2225 evaluated, 91 expanded
[t=0.0605272s, 18244 KB] New best heuristic value for add: 31
[t=0.0605694s, 18244 KB] g=62, 2244 evaluated, 92 expanded
[t=0.0611818s, 18244 KB] New best heuristic value for add: 30
[t=0.0612266s, 18244 KB] g=63, 2277 evaluated, 94 expanded
[t=0.0616468s, 18244 KB] New best heuristic value for add: 29
[t=0.0616896s, 18244 KB] g=64, 2300 evaluated, 95 expanded
[t=0.0622545s, 18244 KB] New best heuristic value for add: 28
[t=0.0622988s, 18244 KB] g=65, 2330 evaluated, 98 expanded
[t=0.0627146s, 18244 KB] New best heuristic value for add: 27
[t=0.0627563s, 18244 KB] g=66, 2353 evaluated, 99 expanded
[t=0.063291s, 18244 KB] New best heuristic value for add: 26
[t=0.0633335s, 18244 KB] g=67, 2382 evaluated, 102 expanded
[t=0.0637377s, 18244 KB] New best heuristic value for add: 25
[t=0.0637846s, 18244 KB] g=68, 2404 evaluated, 103 expanded
[t=0.0643187s, 18244 KB] New best heuristic value for add: 24
[t=0.0643615s, 18244 KB] g=69, 2433 evaluated, 106 expanded
[t=0.0647743s, 18244 KB] New best heuristic value for add: 23
[t=0.0648284s, 18244 KB] g=70, 2455 evaluated, 107 expanded
[t=0.0653743s, 18244 KB] New best heuristic value for add: 22
[t=0.0654194s, 18244 KB] g=71, 2484 evaluated, 110 expanded
[t=0.0658225s, 18244 KB] New best heuristic value for add: 21
[t=0.0658649s, 18244 KB] g=72, 2506 evaluated, 111 expanded
[t=0.0664003s, 18244 KB] New best heuristic value for add: 20
[t=0.0664442s, 18244 KB] g=73, 2535 evaluated, 114 expanded
[t=0.0668434s, 18244 KB] New best heuristic value for add: 19
[t=0.0668859s, 18244 KB] g=74, 2557 evaluated, 115 expanded
[t=0.0674105s, 18244 KB] New best heuristic value for add: 18
[t=0.0674534s, 18244 KB] g=75, 2586 evaluated, 118 expanded
[t=0.0678611s, 18244 KB] New best heuristic value for add: 17
[t=0.067903s, 18244 KB] g=76, 2608 evaluated, 119 expanded
[t=0.0684289s, 18244 KB] New best heuristic value for add: 16
[t=0.0684717s, 18244 KB] g=77, 2637 evaluated, 121 expanded
[t=0.0688914s, 18244 KB] New best heuristic value for add: 15
[t=0.068933s, 18244 KB] g=78, 2661 evaluated, 122 expanded
[t=0.0694208s, 18244 KB] New best heuristic value for add: 14
[t=0.0694635s, 18244 KB] g=79, 2688 evaluated, 124 expanded
[t=0.0698447s, 18244 KB] New best heuristic value for add: 13
[t=0.0698893s, 18244 KB] g=80, 2710 evaluated, 125 expanded
[t=0.0704063s, 18244 KB] New best heuristic value for add: 12
[t=0.070452s, 18244 KB] g=81, 2739 evaluated, 127 expanded
[t=0.0708471s, 18244 KB] New best heuristic value for add: 11
[t=0.0708896s, 18244 KB] g=82, 2762 evaluated, 128 expanded
[t=0.071378s, 18244 KB] New best heuristic value for add: 10
[t=0.0714228s, 18244 KB] g=83, 2790 evaluated, 130 expanded
[t=0.0718071s, 18244 KB] New best heuristic value for add: 9
[t=0.0718502s, 18244 KB] g=84, 2812 evaluated, 131 expanded
[t=0.0723338s, 18244 KB] New best heuristic value for add: 8
[t=0.0723778s, 18244 KB] g=85, 2840 evaluated, 132 expanded
[t=0.0730589s, 18244 KB] New best heuristic value for add: 7
[t=0.0731022s, 18244 KB] g=86, 2883 evaluated, 133 expanded
[t=0.0732816s, 18244 KB] New best heuristic value for add: 6
[t=0.0733231s, 18244 KB] g=87, 2891 evaluated, 134 expanded
[t=0.0740349s, 18244 KB] New best heuristic value for add: 5
[t=0.0740767s, 18244 KB] g=88, 2936 evaluated, 135 expanded
[t=0.0742242s, 18244 KB] New best heuristic value for add: 4
[t=0.0742664s, 18244 KB] g=89, 2942 evaluated, 136 expanded
[t=0.0749651s, 18244 KB] New best heuristic value for add: 3
[t=0.0750081s, 18244 KB] g=90, 2987 evaluated, 137 expanded
[t=0.0751696s, 18244 KB] New best heuristic value for add: 2
[t=0.0752109s, 18244 KB] g=91, 2994 evaluated, 138 expanded
[t=0.0759768s, 18244 KB] New best heuristic value for add: 1
[t=0.0760186s, 18244 KB] g=92, 3044 evaluated, 139 expanded
[t=0.0760989s, 18244 KB] New best heuristic value for add: 0
[t=0.0761401s, 18244 KB] g=93, 3046 evaluated, 140 expanded
[t=0.0761806s, 18244 KB] Solution found!
[t=0.076229s, 18244 KB] Actual search time: 0.0622055s
up f0 f4 (1)
board f4 p11 (1)
board f4 p13 (1)
board f4 p19 (1)
down f4 f3 (1)
board f3 p0 (1)
board f3 p2 (1)
up f3 f43 (1)
board f43 p15 (1)
up f43 f45 (1)
board f45 p20 (1)
board f45 p8 (1)
down f45 f20 (1)
board f20 p3 (1)
board f20 p9 (1)
down f20 f3 (1)
depart f3 p15 (1)
up f3 f24 (1)
depart f24 p2 (1)
down f24 f9 (1)
board f9 p17 (1)
board f9 p4 (1)
up f9 f27 (1)
board f27 p18 (1)
up f27 f28 (1)
board f28 p10 (1)
up f28 f30 (1)
board f30 p21 (1)
up f30 f40 (1)
board f40 p5 (1)
down f40 f33 (1)
depart f33 p5 (1)
up f33 f43 (1)
depart f43 p17 (1)
up f43 f44 (1)
depart f44 p8 (1)
up f44 f46 (1)
board f46 p7 (1)
depart f46 p19 (1)
down f46 f0 (1)
board f0 p24 (1)
up f0 f14 (1)
board f14 p1 (1)
down f14 f12 (1)
depart f12 p1 (1)
down f12 f3 (1)
depart f3 p18 (1)
up f3 f18 (1)
board f18 p16 (1)
down f18 f7 (1)
depart f7 p16 (1)
up f7 f19 (1)
depart f19 p4 (1)
up f19 f22 (1)
board f22 p23 (1)
up f22 f23 (1)
board f23 p14 (1)
down f23 f4 (1)
depart f4 p14 (1)
up f4 f24 (1)
depart f24 p7 (1)
up f24 f27 (1)
depart f27 p21 (1)
up f27 f30 (1)
depart f30 p0 (1)
up f30 f31 (1)
board f31 p6 (1)
up f31 f32 (1)
depart f32 p6 (1)
up f32 f33 (1)
depart f33 p23 (1)
up f33 f35 (1)
depart f35 p9 (1)
up f35 f36 (1)
board f36 p22 (1)
down f36 f4 (1)
depart f4 p22 (1)
up f4 f37 (1)
depart f37 p13 (1)
up f37 f40 (1)
depart f40 p20 (1)
up f40 f41 (1)
board f41 p12 (1)
down f41 f28 (1)
depart f28 p12 (1)
up f28 f43 (1)
depart f43 p11 (1)
up f43 f44 (1)
depart f44 p3 (1)
up f44 f45 (1)
depart f45 p24 (1)
up f45 f48 (1)
depart f48 p10 (1)
[t=0.0762721s, 18244 KB] Plan length: 93 step(s).
[t=0.0762721s, 18244 KB] Plan cost: 93
[t=0.0762721s, 18244 KB] Expanded 141 state(s).
[t=0.0762721s, 18244 KB] Reopened 0 state(s).
[t=0.0762721s, 18244 KB] Evaluated 3046 state(s).
[t=0.0762721s, 18244 KB] Evaluations: 3046
[t=0.0762721s, 18244 KB] Generated 7113 state(s).
[t=0.0762721s, 18244 KB] Dead ends: 0 state(s).
[t=0.0762721s, 18244 KB] Number of registered states: 3046
[t=0.0762721s, 18244 KB] Int hash set load factor: 3046/4096 = 0.743652
[t=0.0762721s, 18244 KB] Int hash set resizes: 12
[t=0.0762721s, 18244 KB] mean number of q cost that have been adjusted 0 times in relation to total number of q: -1
[t=0.0762721s, 18244 KB] mean number of q cost that have been adjusted 1 times in relation to total number of q: -1
[t=0.0762721s, 18244 KB] mean number of q cost that have been adjusted 2 times in relation to total number of q: -1
[t=0.0762721s, 18244 KB] mean number of q that are at some point overconsitent in relation to total number of q: -1
[t=0.0762721s, 18244 KB] mean number of q that are at first underconsisten in relation to total number of q: -1
[t=0.0762721s, 18244 KB] mean number of state variables that are not in common between two following states in relation to total number of state variables: -1
[t=0.0762721s, 18244 KB] variance number of state variables that are not in common between two following states in relation to total number of state variables: -1
[t=0.0762721s, 18244 KB] Search time: 0.0625119s
[t=0.0762721s, 18244 KB] Total time: 0.0762721s
Solution found.
Peak memory: 18244 KB
Remove intermediate file output.sas
search exit code: 0

INFO     Running validate.
INFO     validate stdin: None
INFO     validate time limit: None
INFO     validate memory limit: None
INFO     validate command line string: validate domain.pddl problem.pddl sas_plan
