INFO     Running translator.
INFO     translator stdin: None
INFO     translator time limit: 1799.96s
INFO     translator memory limit: 3584 MB
INFO     translator command line string: /infai/weidan00/downward/experiments/bachelor/.venv/bin/python3 /infai/weidan00/downward/experiments/bachelor/data/bachelor-v1/code-7aa5f34_e5e41175/builds/release/bin/translate/translate.py domain.pddl problem.pddl --sas-file output.sas
Parsing...
Parsing: [0.010s CPU, 0.013s wall-clock]
Normalizing task... [0.000s CPU, 0.002s wall-clock]
Instantiating...
Generating Datalog program... [0.010s CPU, 0.010s wall-clock]
Normalizing Datalog program...
Normalizing Datalog program: [0.010s CPU, 0.004s wall-clock]
Preparing model... [0.010s CPU, 0.019s wall-clock]
Generated 166 rules.
Computing model... [0.090s CPU, 0.085s wall-clock]
6083 relevant atoms
3407 auxiliary atoms
9490 final queue length
13934 total queue pushes
Completing instantiation... [0.100s CPU, 0.097s wall-clock]
Instantiating: [0.220s CPU, 0.219s wall-clock]
Computing fact groups...
Finding invariants...
41 initial candidates
Finding invariants: [0.010s CPU, 0.002s wall-clock]
Checking invariant weight... [0.000s CPU, 0.001s wall-clock]
Instantiating groups... [0.000s CPU, 0.001s wall-clock]
Collecting mutex groups... [0.000s CPU, 0.000s wall-clock]
Choosing groups...
552 uncovered facts
Choosing groups: [0.000s CPU, 0.000s wall-clock]
Building translation key... [0.010s CPU, 0.002s wall-clock]
Computing fact groups: [0.020s CPU, 0.012s wall-clock]
Building STRIPS to SAS dictionary... [0.000s CPU, 0.001s wall-clock]
Building dictionary for full mutex groups... [0.000s CPU, 0.001s wall-clock]
Building mutex information...
Building mutex information: [0.000s CPU, 0.000s wall-clock]
Translating task...
Processing axioms...
Simplifying axioms... [0.000s CPU, 0.000s wall-clock]
Processing axioms: [0.000s CPU, 0.007s wall-clock]
Translating task: [0.110s CPU, 0.117s wall-clock]
718 effect conditions simplified
0 implied preconditions added
Detecting unreachable propositions...
0 operators removed
0 axioms removed
1 propositions removed
Detecting unreachable propositions: [0.080s CPU, 0.075s wall-clock]
Reordering and filtering variables...
358 of 553 variables necessary.
0 of 1 mutex groups necessary.
2812 of 2896 operators necessary.
0 of 0 axiom rules necessary.
Reordering and filtering variables: [0.020s CPU, 0.024s wall-clock]
Translator variables: 358
Translator derived variables: 0
Translator facts: 745
Translator goal facts: 35
Translator mutex groups: 0
Translator total mutex groups size: 0
Translator operators: 2812
Translator axioms: 0
Translator task size: 14723
Translator peak memory: 154572 KB
Writing output... [0.020s CPU, 0.031s wall-clock]
Done! [0.490s CPU, 0.501s wall-clock]
translate exit code: 0

INFO     Running search (release).
INFO     search stdin: output.sas
INFO     search time limit: 1799.41s
INFO     search memory limit: 3584 MB
INFO     search command line string: /infai/weidan00/downward/experiments/bachelor/data/bachelor-v1/code-7aa5f34_e5e41175/builds/release/bin/downward --search 'eager_wastar([pinch()], w=2)' --internal-plan-file sas_plan < output.sas
[t=5.938e-05s, 17204 KB] reading input...
[t=0.0161439s, 18004 KB] done reading input!
[t=0.0188285s, 18624 KB] Simplifying 5461 unary operators... done! [5456 unary operators]
[t=0.0216954s, 19152 KB] time to simplify: 0.003043s
[t=0.0221601s, 19152 KB] Initializing pinch heuristic...
[t=0.0223076s, 19152 KB] Building successor generator...done!
[t=0.0235153s, 19152 KB] peak memory difference for successor generator creation: 0 KB
[t=0.023557s, 19152 KB] time for successor generation creation: 0.00106754s
[t=0.0236234s, 19152 KB] Variables: 358
[t=0.0236643s, 19152 KB] FactPairs: 745
[t=0.0237038s, 19152 KB] Bytes per state: 48
[t=0.0238309s, 19152 KB] Conducting best first search with reopening closed nodes, (real) bound = 2147483647
[t=0.0244455s, 19152 KB] New best heuristic value for pinch: 976
[t=0.0244942s, 19152 KB] g=0, 1 evaluated, 0 expanded
[t=0.0245472s, 19152 KB] Initial heuristic value for pinch: 976
[t=0.0245895s, 19152 KB] pruning method: none
[t=0.02477s, 19152 KB] New best heuristic value for pinch: 975
[t=0.0248126s, 19152 KB] g=1, 2 evaluated, 1 expanded
[t=0.0249628s, 19152 KB] New best heuristic value for pinch: 956
[t=0.0250047s, 19152 KB] g=1, 8 evaluated, 1 expanded
[t=0.0254795s, 19152 KB] New best heuristic value for pinch: 922
[t=0.0255256s, 19152 KB] g=1, 23 evaluated, 1 expanded
[t=0.0259533s, 19152 KB] New best heuristic value for pinch: 920
[t=0.0259988s, 19152 KB] g=1, 34 evaluated, 1 expanded
[t=0.0271245s, 19152 KB] New best heuristic value for pinch: 919
[t=0.0271757s, 19152 KB] g=2, 73 evaluated, 2 expanded
[t=0.0273167s, 19152 KB] New best heuristic value for pinch: 900
[t=0.0273599s, 19152 KB] g=2, 79 evaluated, 2 expanded
[t=0.0278051s, 19152 KB] New best heuristic value for pinch: 866
[t=0.0278514s, 19152 KB] g=2, 94 evaluated, 2 expanded
[t=0.0287071s, 19152 KB] New best heuristic value for pinch: 864
[t=0.0287565s, 19152 KB] g=2, 105 evaluated, 2 expanded
[t=0.029751s, 19152 KB] New best heuristic value for pinch: 863
[t=0.0298024s, 19152 KB] g=3, 144 evaluated, 3 expanded
[t=0.029946s, 19152 KB] New best heuristic value for pinch: 844
[t=0.0299894s, 19152 KB] g=3, 150 evaluated, 3 expanded
[t=0.030434s, 19152 KB] New best heuristic value for pinch: 810
[t=0.0304796s, 19152 KB] g=3, 165 evaluated, 3 expanded
[t=0.0317226s, 19152 KB] New best heuristic value for pinch: 809
[t=0.0317763s, 19152 KB] g=4, 214 evaluated, 4 expanded
[t=0.0319206s, 19152 KB] New best heuristic value for pinch: 790
[t=0.0319653s, 19152 KB] g=4, 220 evaluated, 4 expanded
[t=0.0328137s, 19152 KB] New best heuristic value for pinch: 756
[t=0.0328621s, 19152 KB] g=4, 235 evaluated, 4 expanded
[t=0.0340684s, 19152 KB] New best heuristic value for pinch: 755
[t=0.0341192s, 19152 KB] g=5, 284 evaluated, 5 expanded
[t=0.0342561s, 19152 KB] New best heuristic value for pinch: 736
[t=0.0342992s, 19152 KB] g=5, 290 evaluated, 5 expanded
[t=0.0348762s, 19152 KB] New best heuristic value for pinch: 732
[t=0.0349295s, 19152 KB] g=5, 313 evaluated, 5 expanded
[t=0.0361978s, 19152 KB] New best heuristic value for pinch: 704
[t=0.0362529s, 19152 KB] g=5, 353 evaluated, 5 expanded
[t=0.0364144s, 19152 KB] New best heuristic value for pinch: 703
[t=0.0364572s, 19152 KB] g=6, 354 evaluated, 6 expanded
[t=0.0365938s, 19152 KB] New best heuristic value for pinch: 684
[t=0.0366416s, 19152 KB] g=6, 360 evaluated, 6 expanded
[t=0.0377347s, 19152 KB] New best heuristic value for pinch: 680
[t=0.0377843s, 19152 KB] g=6, 384 evaluated, 6 expanded
[t=0.0398393s, 19152 KB] New best heuristic value for pinch: 679
[t=0.039893s, 19152 KB] g=7, 433 evaluated, 7 expanded
[t=0.040031s, 19152 KB] New best heuristic value for pinch: 660
[t=0.0400738s, 19152 KB] g=7, 439 evaluated, 7 expanded
[t=0.0415288s, 19152 KB] New best heuristic value for pinch: 656
[t=0.0415781s, 19152 KB] g=7, 463 evaluated, 7 expanded
[t=0.0436763s, 19152 KB] New best heuristic value for pinch: 655
[t=0.043732s, 19152 KB] g=8, 512 evaluated, 8 expanded
[t=0.0439221s, 19152 KB] New best heuristic value for pinch: 636
[t=0.0439665s, 19152 KB] g=8, 518 evaluated, 8 expanded
[t=0.0457311s, 19152 KB] New best heuristic value for pinch: 632
[t=0.0457836s, 19152 KB] g=8, 557 evaluated, 8 expanded
[t=0.0470352s, 19152 KB] New best heuristic value for pinch: 631
[t=0.047087s, 19152 KB] g=9, 590 evaluated, 9 expanded
[t=0.0472258s, 19152 KB] New best heuristic value for pinch: 612
[t=0.0472684s, 19152 KB] g=9, 596 evaluated, 9 expanded
[t=0.0493448s, 19152 KB] New best heuristic value for pinch: 608
[t=0.0493975s, 19152 KB] g=9, 635 evaluated, 9 expanded
[t=0.0507015s, 19152 KB] New best heuristic value for pinch: 607
[t=0.0507529s, 19152 KB] g=10, 668 evaluated, 10 expanded
[t=0.0508901s, 19152 KB] New best heuristic value for pinch: 588
[t=0.0509333s, 19152 KB] g=10, 674 evaluated, 10 expanded
[t=0.0529645s, 19152 KB] New best heuristic value for pinch: 585
[t=0.0530156s, 19152 KB] g=10, 731 evaluated, 10 expanded
[t=0.0535854s, 19152 KB] New best heuristic value for pinch: 584
[t=0.0536319s, 19152 KB] g=10, 737 evaluated, 10 expanded
[t=0.0539545s, 19152 KB] New best heuristic value for pinch: 583
[t=0.054s, 19152 KB] g=11, 745 evaluated, 11 expanded
[t=0.0541425s, 19152 KB] New best heuristic value for pinch: 564
[t=0.0541854s, 19152 KB] g=11, 751 evaluated, 11 expanded
[t=0.0562098s, 19152 KB] New best heuristic value for pinch: 561
[t=0.0562684s, 19152 KB] g=11, 808 evaluated, 11 expanded
[t=0.0568309s, 19152 KB] New best heuristic value for pinch: 560
[t=0.0568797s, 19152 KB] g=11, 814 evaluated, 11 expanded
[t=0.0572026s, 19152 KB] New best heuristic value for pinch: 559
[t=0.0572488s, 19152 KB] g=12, 822 evaluated, 12 expanded
[t=0.057383s, 19152 KB] New best heuristic value for pinch: 540
[t=0.0574257s, 19152 KB] g=12, 828 evaluated, 12 expanded
[t=0.0599069s, 19152 KB] New best heuristic value for pinch: 536
[t=0.0599644s, 19152 KB] g=12, 886 evaluated, 12 expanded
[t=0.0605252s, 19152 KB] New best heuristic value for pinch: 535
[t=0.0605697s, 19152 KB] g=12, 892 evaluated, 12 expanded
[t=0.0609079s, 19152 KB] New best heuristic value for pinch: 534
[t=0.0609588s, 19152 KB] g=13, 901 evaluated, 13 expanded
[t=0.0610932s, 19152 KB] New best heuristic value for pinch: 516
[t=0.0611358s, 19152 KB] g=13, 907 evaluated, 13 expanded
[t=0.0640727s, 19152 KB] New best heuristic value for pinch: 511
[t=0.0641207s, 19152 KB] g=13, 966 evaluated, 13 expanded
[t=0.0646799s, 19152 KB] New best heuristic value for pinch: 510
[t=0.0647243s, 19152 KB] g=13, 972 evaluated, 13 expanded
[t=0.0650659s, 19152 KB] New best heuristic value for pinch: 509
[t=0.0651109s, 19152 KB] g=14, 981 evaluated, 14 expanded
[t=0.0652469s, 19152 KB] New best heuristic value for pinch: 491
[t=0.0652886s, 19152 KB] g=14, 987 evaluated, 14 expanded
[t=0.0683274s, 19152 KB] New best heuristic value for pinch: 486
[t=0.0683779s, 19152 KB] g=14, 1046 evaluated, 14 expanded
[t=0.069199s, 19152 KB] New best heuristic value for pinch: 485
[t=0.0692462s, 19152 KB] g=15, 1061 evaluated, 15 expanded
[t=0.0693814s, 19152 KB] New best heuristic value for pinch: 467
[t=0.0694237s, 19152 KB] g=15, 1067 evaluated, 15 expanded
[t=0.0726282s, 19152 KB] New best heuristic value for pinch: 461
[t=0.0726869s, 19152 KB] g=15, 1126 evaluated, 15 expanded
[t=0.0735622s, 19152 KB] New best heuristic value for pinch: 460
[t=0.0736118s, 19152 KB] g=16, 1141 evaluated, 16 expanded
[t=0.0737477s, 19152 KB] New best heuristic value for pinch: 443
[t=0.0737907s, 19152 KB] g=16, 1147 evaluated, 16 expanded
[t=0.0739838s, 19152 KB] New best heuristic value for pinch: 442
[t=0.0740268s, 19152 KB] g=16, 1152 evaluated, 16 expanded
[t=0.0773487s, 19152 KB] New best heuristic value for pinch: 438
[t=0.0774058s, 19152 KB] g=16, 1221 evaluated, 16 expanded
[t=0.0775693s, 19152 KB] New best heuristic value for pinch: 437
[t=0.0776136s, 19152 KB] g=17, 1222 evaluated, 17 expanded
[t=0.077747s, 19152 KB] New best heuristic value for pinch: 421
[t=0.0777901s, 19152 KB] g=17, 1228 evaluated, 17 expanded
[t=0.0779834s, 19152 KB] New best heuristic value for pinch: 420
[t=0.0780264s, 19152 KB] g=17, 1233 evaluated, 17 expanded
[t=0.0814053s, 19152 KB] New best heuristic value for pinch: 419
[t=0.0814708s, 19152 KB] g=18, 1302 evaluated, 18 expanded
[t=0.0816046s, 19152 KB] New best heuristic value for pinch: 402
[t=0.0816469s, 19152 KB] g=18, 1308 evaluated, 18 expanded
[t=0.0821708s, 19152 KB] New best heuristic value for pinch: 401
[t=0.0822189s, 19152 KB] g=18, 1313 evaluated, 18 expanded
[t=0.085637s, 19152 KB] New best heuristic value for pinch: 400
[t=0.0856973s, 19152 KB] g=19, 1383 evaluated, 19 expanded
[t=0.0858334s, 19152 KB] New best heuristic value for pinch: 383
[t=0.085877s, 19152 KB] g=19, 1389 evaluated, 19 expanded
[t=0.086121s, 19152 KB] New best heuristic value for pinch: 382
[t=0.0861645s, 19152 KB] g=19, 1398 evaluated, 19 expanded
[t=0.089387s, 19152 KB] New best heuristic value for pinch: 381
[t=0.089442s, 19152 KB] g=20, 1463 evaluated, 20 expanded
[t=0.0895759s, 19152 KB] New best heuristic value for pinch: 363
[t=0.0896184s, 19152 KB] g=20, 1469 evaluated, 20 expanded
[t=0.0901784s, 19152 KB] New best heuristic value for pinch: 362
[t=0.0902229s, 19152 KB] g=20, 1478 evaluated, 20 expanded
[t=0.0933795s, 19152 KB] New best heuristic value for pinch: 361
[t=0.0934353s, 19152 KB] g=21, 1543 evaluated, 21 expanded
[t=0.0935687s, 19152 KB] New best heuristic value for pinch: 343
[t=0.0936113s, 19152 KB] g=21, 1549 evaluated, 21 expanded
[t=0.0966598s, 19152 KB] New best heuristic value for pinch: 342
[t=0.0967101s, 19152 KB] g=21, 1620 evaluated, 21 expanded
[t=0.0969726s, 19152 KB] New best heuristic value for pinch: 341
[t=0.0970234s, 19152 KB] g=22, 1623 evaluated, 22 expanded
[t=0.0971541s, 19152 KB] New best heuristic value for pinch: 322
[t=0.097196s, 19152 KB] g=22, 1629 evaluated, 22 expanded
[t=0.101209s, 19152 KB] New best heuristic value for pinch: 321
[t=0.101264s, 19152 KB] g=23, 1704 evaluated, 23 expanded
[t=0.101688s, 19152 KB] New best heuristic value for pinch: 301
[t=0.101732s, 19152 KB] g=23, 1710 evaluated, 23 expanded
[t=0.105789s, 19152 KB] New best heuristic value for pinch: 294
[t=0.105855s, 19152 KB] g=24, 1793 evaluated, 24 expanded
[t=0.108736s, 19152 KB] New best heuristic value for pinch: 293
[t=0.108787s, 19152 KB] g=24, 1836 evaluated, 24 expanded
[t=0.10887s, 19152 KB] New best heuristic value for pinch: 291
[t=0.108913s, 19152 KB] g=24, 1838 evaluated, 24 expanded
[t=0.109545s, 19152 KB] New best heuristic value for pinch: 289
[t=0.109595s, 19152 KB] g=24, 1857 evaluated, 24 expanded
[t=0.109823s, 19152 KB] New best heuristic value for pinch: 284
[t=0.109869s, 19152 KB] g=24, 1865 evaluated, 24 expanded
[t=0.110493s, 19152 KB] New best heuristic value for pinch: 282
[t=0.110543s, 19152 KB] g=25, 1874 evaluated, 25 expanded
[t=0.110701s, 19152 KB] New best heuristic value for pinch: 277
[t=0.11075s, 19152 KB] g=25, 1876 evaluated, 25 expanded
[t=0.113619s, 19152 KB] New best heuristic value for pinch: 275
[t=0.11367s, 19152 KB] g=25, 1919 evaluated, 25 expanded
[t=0.11435s, 19152 KB] New best heuristic value for pinch: 270
[t=0.114397s, 19152 KB] g=25, 1940 evaluated, 25 expanded
[t=0.115304s, 19152 KB] New best heuristic value for pinch: 268
[t=0.115353s, 19152 KB] g=26, 1956 evaluated, 26 expanded
[t=0.115513s, 19152 KB] New best heuristic value for pinch: 265
[t=0.115556s, 19152 KB] g=26, 1958 evaluated, 26 expanded
[t=0.118437s, 19152 KB] New best heuristic value for pinch: 262
[t=0.118489s, 19152 KB] g=26, 2001 evaluated, 26 expanded
[t=0.119215s, 19152 KB] New best heuristic value for pinch: 261
[t=0.119261s, 19152 KB] g=26, 2025 evaluated, 26 expanded
[t=0.119957s, 19152 KB] New best heuristic value for pinch: 258
[t=0.120005s, 19152 KB] g=27, 2039 evaluated, 27 expanded
[t=0.120169s, 19152 KB] New best heuristic value for pinch: 254
[t=0.120217s, 19152 KB] g=27, 2041 evaluated, 27 expanded
[t=0.123103s, 19152 KB] New best heuristic value for pinch: 250
[t=0.123158s, 19152 KB] g=27, 2084 evaluated, 27 expanded
[t=0.124525s, 19152 KB] New best heuristic value for pinch: 247
[t=0.124573s, 19152 KB] g=28, 2122 evaluated, 28 expanded
[t=0.12473s, 19152 KB] New best heuristic value for pinch: 243
[t=0.124772s, 19152 KB] g=28, 2124 evaluated, 28 expanded
[t=0.127797s, 19152 KB] New best heuristic value for pinch: 238
[t=0.127863s, 19152 KB] g=28, 2167 evaluated, 28 expanded
[t=0.129267s, 19152 KB] New best heuristic value for pinch: 235
[t=0.129334s, 19152 KB] g=29, 2205 evaluated, 29 expanded
[t=0.129491s, 19152 KB] New best heuristic value for pinch: 231
[t=0.129534s, 19152 KB] g=29, 2207 evaluated, 29 expanded
[t=0.133533s, 19152 KB] New best heuristic value for pinch: 228
[t=0.133587s, 19152 KB] g=30, 2287 evaluated, 30 expanded
[t=0.133998s, 19152 KB] New best heuristic value for pinch: 222
[t=0.134041s, 19152 KB] g=30, 2289 evaluated, 30 expanded
[t=0.137941s, 19152 KB] New best heuristic value for pinch: 219
[t=0.137997s, 19152 KB] g=31, 2369 evaluated, 31 expanded
[t=0.1407s, 19152 KB] New best heuristic value for pinch: 215
[t=0.14075s, 19152 KB] g=31, 2414 evaluated, 31 expanded
[t=0.141479s, 19152 KB] New best heuristic value for pinch: 212
[t=0.141526s, 19152 KB] g=31, 2441 evaluated, 31 expanded
[t=0.142158s, 19152 KB] New best heuristic value for pinch: 210
[t=0.142207s, 19152 KB] g=32, 2452 evaluated, 32 expanded
[t=0.145242s, 19152 KB] New best heuristic value for pinch: 206
[t=0.14529s, 19152 KB] g=32, 2498 evaluated, 32 expanded
[t=0.146536s, 19272 KB] New best heuristic value for pinch: 204
[t=0.146597s, 19272 KB] g=33, 2535 evaluated, 33 expanded
[t=0.149742s, 19272 KB] New best heuristic value for pinch: 199
[t=0.149793s, 19272 KB] g=33, 2581 evaluated, 33 expanded
[t=0.151081s, 19272 KB] New best heuristic value for pinch: 197
[t=0.151131s, 19272 KB] g=34, 2618 evaluated, 34 expanded
[t=0.154212s, 19272 KB] New best heuristic value for pinch: 195
[t=0.154265s, 19272 KB] g=34, 2677 evaluated, 34 expanded
[t=0.154632s, 19272 KB] New best heuristic value for pinch: 194
[t=0.154675s, 19272 KB] g=34, 2684 evaluated, 34 expanded
[t=0.154745s, 19272 KB] New best heuristic value for pinch: 193
[t=0.154786s, 19272 KB] g=34, 2686 evaluated, 34 expanded
[t=0.155481s, 19272 KB] New best heuristic value for pinch: 191
[t=0.155532s, 19272 KB] g=35, 2704 evaluated, 35 expanded
[t=0.158631s, 19272 KB] New best heuristic value for pinch: 189
[t=0.158691s, 19272 KB] g=35, 2763 evaluated, 35 expanded
[t=0.159066s, 19272 KB] New best heuristic value for pinch: 188
[t=0.159113s, 19272 KB] g=35, 2770 evaluated, 35 expanded
[t=0.159854s, 19272 KB] New best heuristic value for pinch: 186
[t=0.159904s, 19272 KB] g=36, 2790 evaluated, 36 expanded
[t=0.162994s, 19272 KB] New best heuristic value for pinch: 184
[t=0.163044s, 19272 KB] g=36, 2849 evaluated, 36 expanded
[t=0.16407s, 19272 KB] New best heuristic value for pinch: 181
[t=0.164124s, 19272 KB] g=37, 2875 evaluated, 37 expanded
[t=0.167306s, 19272 KB] New best heuristic value for pinch: 179
[t=0.167368s, 19272 KB] g=37, 2934 evaluated, 37 expanded
[t=0.168436s, 19272 KB] New best heuristic value for pinch: 176
[t=0.168486s, 19272 KB] g=38, 2960 evaluated, 38 expanded
[t=0.171732s, 19272 KB] New best heuristic value for pinch: 175
[t=0.171783s, 19272 KB] g=38, 3026 evaluated, 38 expanded
[t=0.172461s, 19272 KB] New best heuristic value for pinch: 172
[t=0.172511s, 19272 KB] g=39, 3044 evaluated, 39 expanded
[t=0.176395s, 19272 KB] New best heuristic value for pinch: 171
[t=0.176453s, 19272 KB] g=40, 3129 evaluated, 40 expanded
[t=0.178889s, 19272 KB] New best heuristic value for pinch: 170
[t=0.178941s, 19272 KB] g=40, 3174 evaluated, 40 expanded
[t=0.179155s, 19272 KB] New best heuristic value for pinch: 169
[t=0.179198s, 19272 KB] g=40, 3185 evaluated, 40 expanded
[t=0.17956s, 19272 KB] New best heuristic value for pinch: 168
[t=0.179603s, 19272 KB] g=40, 3193 evaluated, 40 expanded
[t=0.179873s, 19272 KB] New best heuristic value for pinch: 167
[t=0.179917s, 19272 KB] g=40, 3203 evaluated, 40 expanded
[t=0.180451s, 19272 KB] New best heuristic value for pinch: 166
[t=0.1805s, 19272 KB] g=41, 3214 evaluated, 41 expanded
[t=0.18293s, 19272 KB] New best heuristic value for pinch: 164
[t=0.182982s, 19272 KB] g=41, 3259 evaluated, 41 expanded
[t=0.18361s, 19272 KB] New best heuristic value for pinch: 163
[t=0.183659s, 19272 KB] g=41, 3283 evaluated, 41 expanded
[t=0.183825s, 19272 KB] New best heuristic value for pinch: 158
[t=0.183868s, 19272 KB] g=41, 3287 evaluated, 41 expanded
[t=0.184466s, 19272 KB] New best heuristic value for pinch: 157
[t=0.184513s, 19272 KB] g=42, 3301 evaluated, 42 expanded
[t=0.18694s, 19272 KB] New best heuristic value for pinch: 155
[t=0.187007s, 19272 KB] g=42, 3346 evaluated, 42 expanded
[t=0.187642s, 19272 KB] New best heuristic value for pinch: 153
[t=0.187688s, 19272 KB] g=42, 3370 evaluated, 42 expanded
[t=0.187852s, 19272 KB] New best heuristic value for pinch: 151
[t=0.187895s, 19272 KB] g=42, 3374 evaluated, 42 expanded
[t=0.188481s, 19272 KB] New best heuristic value for pinch: 149
[t=0.18853s, 19272 KB] g=43, 3387 evaluated, 43 expanded
[t=0.191286s, 19392 KB] New best heuristic value for pinch: 148
[t=0.191349s, 19392 KB] g=43, 3434 evaluated, 43 expanded
[t=0.192101s, 19392 KB] New best heuristic value for pinch: 144
[t=0.19215s, 19392 KB] g=43, 3463 evaluated, 43 expanded
[t=0.192794s, 19392 KB] New best heuristic value for pinch: 141
[t=0.192843s, 19392 KB] g=44, 3478 evaluated, 44 expanded
[t=0.196417s, 19392 KB] New best heuristic value for pinch: 138
[t=0.196471s, 19392 KB] g=44, 3559 evaluated, 44 expanded
[t=0.196899s, 19392 KB] New best heuristic value for pinch: 134
[t=0.196943s, 19392 KB] g=45, 3566 evaluated, 45 expanded
[t=0.201265s, 19392 KB] New best heuristic value for pinch: 133
[t=0.201326s, 19392 KB] g=46, 3657 evaluated, 46 expanded
[t=0.203972s, 19392 KB] New best heuristic value for pinch: 131
[t=0.20403s, 19392 KB] g=46, 3700 evaluated, 46 expanded
[t=0.205442s, 19392 KB] New best heuristic value for pinch: 130
[t=0.205495s, 19392 KB] g=47, 3747 evaluated, 47 expanded
[t=0.208275s, 19392 KB] New best heuristic value for pinch: 129
[t=0.208326s, 19392 KB] g=47, 3792 evaluated, 47 expanded
[t=0.208543s, 19392 KB] New best heuristic value for pinch: 128
[t=0.208586s, 19392 KB] g=47, 3803 evaluated, 47 expanded
[t=0.209743s, 19392 KB] New best heuristic value for pinch: 127
[t=0.209798s, 19392 KB] g=48, 3838 evaluated, 48 expanded
[t=0.212099s, 19392 KB] New best heuristic value for pinch: 126
[t=0.212149s, 19392 KB] g=48, 3883 evaluated, 48 expanded
[t=0.212573s, 19392 KB] New best heuristic value for pinch: 125
[t=0.212616s, 19392 KB] g=48, 3894 evaluated, 48 expanded
[t=0.213793s, 19392 KB] New best heuristic value for pinch: 124
[t=0.213843s, 19392 KB] g=49, 3929 evaluated, 49 expanded
[t=0.216142s, 19392 KB] New best heuristic value for pinch: 123
[t=0.216192s, 19392 KB] g=49, 3974 evaluated, 49 expanded
[t=0.217487s, 19392 KB] New best heuristic value for pinch: 122
[t=0.217547s, 19392 KB] g=50, 4021 evaluated, 50 expanded
[t=0.219926s, 19392 KB] New best heuristic value for pinch: 120
[t=0.219976s, 19392 KB] g=50, 4066 evaluated, 50 expanded
[t=0.221302s, 19520 KB] New best heuristic value for pinch: 119
[t=0.221364s, 19520 KB] g=51, 4113 evaluated, 51 expanded
[t=0.223922s, 19520 KB] New best heuristic value for pinch: 118
[t=0.223974s, 19520 KB] g=51, 4170 evaluated, 51 expanded
[t=0.224873s, 19520 KB] New best heuristic value for pinch: 117
[t=0.22492s, 19520 KB] g=52, 4206 evaluated, 52 expanded
[t=0.227505s, 19520 KB] New best heuristic value for pinch: 116
[t=0.227556s, 19520 KB] g=52, 4267 evaluated, 52 expanded
[t=0.228447s, 19520 KB] New best heuristic value for pinch: 115
[t=0.228497s, 19520 KB] g=53, 4300 evaluated, 53 expanded
[t=0.231078s, 19520 KB] New best heuristic value for pinch: 114
[t=0.231129s, 19520 KB] g=53, 4361 evaluated, 53 expanded
[t=0.232039s, 19520 KB] New best heuristic value for pinch: 113
[t=0.232087s, 19520 KB] g=54, 4395 evaluated, 54 expanded
[t=0.234658s, 19520 KB] New best heuristic value for pinch: 112
[t=0.234708s, 19520 KB] g=54, 4456 evaluated, 54 expanded
[t=0.235628s, 19520 KB] New best heuristic value for pinch: 111
[t=0.235678s, 19520 KB] g=55, 4491 evaluated, 55 expanded
[t=0.238372s, 19520 KB] New best heuristic value for pinch: 110
[t=0.238419s, 19520 KB] g=55, 4557 evaluated, 55 expanded
[t=0.239213s, 19520 KB] New best heuristic value for pinch: 109
[t=0.23926s, 19520 KB] g=56, 4587 evaluated, 56 expanded
[t=0.243142s, 19520 KB] New best heuristic value for pinch: 108
[t=0.243204s, 19520 KB] g=57, 4695 evaluated, 57 expanded
[t=0.245163s, 19520 KB] New best heuristic value for pinch: 106
[t=0.245211s, 19520 KB] g=57, 4749 evaluated, 57 expanded
[t=0.247948s, 19520 KB] New best heuristic value for pinch: 105
[t=0.248s, 19520 KB] g=58, 4828 evaluated, 58 expanded
[t=0.248604s, 19520 KB] New best heuristic value for pinch: 103
[t=0.248653s, 19520 KB] g=58, 4853 evaluated, 58 expanded
[t=0.249478s, 19520 KB] New best heuristic value for pinch: 102
[t=0.249526s, 19520 KB] g=59, 4884 evaluated, 59 expanded
[t=0.254814s, 19520 KB] New best heuristic value for pinch: 101
[t=0.254869s, 19520 KB] g=60, 5027 evaluated, 60 expanded
[t=0.255659s, 19520 KB] New best heuristic value for pinch: 100
[t=0.255705s, 19520 KB] g=60, 5062 evaluated, 60 expanded
[t=0.258204s, 19520 KB] New best heuristic value for pinch: 99
[t=0.258257s, 19520 KB] g=61, 5128 evaluated, 61 expanded
[t=0.259088s, 19520 KB] New best heuristic value for pinch: 97
[t=0.259134s, 19520 KB] g=61, 5165 evaluated, 61 expanded
[t=0.261638s, 19520 KB] New best heuristic value for pinch: 96
[t=0.26169s, 19520 KB] g=62, 5232 evaluated, 62 expanded
[t=0.262159s, 19520 KB] New best heuristic value for pinch: 95
[t=0.262203s, 19520 KB] g=62, 5249 evaluated, 62 expanded
[t=0.265103s, 19520 KB] New best heuristic value for pinch: 94
[t=0.265157s, 19520 KB] g=63, 5340 evaluated, 63 expanded
[t=0.268556s, 19520 KB] New best heuristic value for pinch: 92
[t=0.268612s, 19520 KB] g=64, 5448 evaluated, 64 expanded
[t=0.271851s, 19520 KB] New best heuristic value for pinch: 91
[t=0.271905s, 19520 KB] g=65, 5556 evaluated, 65 expanded
[t=0.27515s, 19652 KB] New best heuristic value for pinch: 90
[t=0.275204s, 19652 KB] g=66, 5665 evaluated, 66 expanded
[t=0.278623s, 19652 KB] New best heuristic value for pinch: 89
[t=0.278685s, 19652 KB] g=67, 5785 evaluated, 67 expanded
[t=0.281854s, 19652 KB] New best heuristic value for pinch: 88
[t=0.281911s, 19652 KB] g=68, 5903 evaluated, 68 expanded
[t=0.284985s, 19652 KB] New best heuristic value for pinch: 87
[t=0.285041s, 19652 KB] g=69, 6012 evaluated, 69 expanded
[t=0.288366s, 19652 KB] New best heuristic value for pinch: 86
[t=0.288421s, 19652 KB] g=70, 6124 evaluated, 70 expanded
[t=0.291699s, 19652 KB] New best heuristic value for pinch: 85
[t=0.291753s, 19652 KB] g=71, 6235 evaluated, 71 expanded
[t=0.294755s, 19652 KB] New best heuristic value for pinch: 84
[t=0.29481s, 19652 KB] g=72, 6327 evaluated, 72 expanded
[t=0.298503s, 19652 KB] New best heuristic value for pinch: 83
[t=0.298553s, 19652 KB] g=73, 6452 evaluated, 73 expanded
[t=0.299349s, 19652 KB] New best heuristic value for pinch: 80
[t=0.299408s, 19652 KB] g=74, 6489 evaluated, 74 expanded
[t=0.305353s, 19652 KB] New best heuristic value for pinch: 78
[t=0.305413s, 19652 KB] g=75, 6674 evaluated, 75 expanded
[t=0.308709s, 19652 KB] New best heuristic value for pinch: 77
[t=0.308763s, 19652 KB] g=76, 6775 evaluated, 76 expanded
[t=0.312622s, 19652 KB] New best heuristic value for pinch: 76
[t=0.312675s, 19652 KB] g=77, 6911 evaluated, 77 expanded
[t=0.316525s, 19652 KB] New best heuristic value for pinch: 75
[t=0.316578s, 19652 KB] g=78, 7048 evaluated, 78 expanded
[t=0.320381s, 19652 KB] New best heuristic value for pinch: 74
[t=0.320435s, 19652 KB] g=79, 7178 evaluated, 79 expanded
[t=0.324208s, 19652 KB] New best heuristic value for pinch: 73
[t=0.324258s, 19652 KB] g=80, 7295 evaluated, 80 expanded
[t=0.328067s, 19784 KB] New best heuristic value for pinch: 72
[t=0.328127s, 19784 KB] g=81, 7413 evaluated, 81 expanded
[t=0.359965s, 19912 KB] New best heuristic value for pinch: 71
[t=0.360055s, 19912 KB] g=83, 8389 evaluated, 90 expanded
[t=0.364022s, 19912 KB] New best heuristic value for pinch: 70
[t=0.364082s, 19912 KB] g=84, 8515 evaluated, 91 expanded
[t=0.378427s, 19912 KB] New best heuristic value for pinch: 69
[t=0.378508s, 19912 KB] g=85, 8969 evaluated, 95 expanded
[t=0.382359s, 19912 KB] New best heuristic value for pinch: 68
[t=0.382416s, 19912 KB] g=86, 9103 evaluated, 96 expanded
[t=0.385825s, 19912 KB] New best heuristic value for pinch: 67
[t=0.38588s, 19912 KB] g=87, 9209 evaluated, 97 expanded
[t=0.515257s, 20300 KB] New best heuristic value for pinch: 66
[t=0.515336s, 20300 KB] g=89, 14115 evaluated, 152 expanded
[t=0.519598s, 20300 KB] New best heuristic value for pinch: 65
[t=0.519652s, 20300 KB] g=90, 14262 evaluated, 153 expanded
[t=0.673199s, 20828 KB] New best heuristic value for pinch: 64
[t=0.673291s, 20828 KB] g=92, 20690 evaluated, 227 expanded
[t=0.67718s, 20828 KB] New best heuristic value for pinch: 63
[t=0.677241s, 20828 KB] g=93, 20829 evaluated, 228 expanded
[t=0.84196s, 21876 KB] New best heuristic value for pinch: 60
[t=0.842045s, 21876 KB] g=95, 28175 evaluated, 305 expanded
[t=0.846225s, 21876 KB] New best heuristic value for pinch: 59
[t=0.846289s, 21876 KB] g=96, 28322 evaluated, 306 expanded
[t=3.56829s, 33112 KB] New best heuristic value for pinch: 58
[t=3.56839s, 33112 KB] g=99, 165687 evaluated, 1784 expanded
[t=3.57191s, 33112 KB] New best heuristic value for pinch: 57
[t=3.57197s, 33112 KB] g=100, 165822 evaluated, 1785 expanded
[t=3.57548s, 33244 KB] New best heuristic value for pinch: 56
[t=3.57554s, 33244 KB] g=101, 165943 evaluated, 1786 expanded
[t=3.57947s, 33244 KB] New best heuristic value for pinch: 55
[t=3.57953s, 33244 KB] g=102, 166107 evaluated, 1787 expanded
[t=3.58325s, 33244 KB] New best heuristic value for pinch: 54
[t=3.5833s, 33244 KB] g=103, 166251 evaluated, 1788 expanded
[t=3.5874s, 33244 KB] New best heuristic value for pinch: 53
[t=3.58747s, 33244 KB] g=104, 166424 evaluated, 1789 expanded
[t=3.59105s, 33244 KB] New best heuristic value for pinch: 52
[t=3.5911s, 33244 KB] g=105, 166558 evaluated, 1790 expanded
[t=3.73711s, 33776 KB] New best heuristic value for pinch: 51
[t=3.73719s, 33776 KB] g=107, 173444 evaluated, 1861 expanded
[t=3.74172s, 33776 KB] New best heuristic value for pinch: 50
[t=3.74179s, 33776 KB] g=108, 173633 evaluated, 1862 expanded
[t=3.89265s, 34304 KB] New best heuristic value for pinch: 49
[t=3.89275s, 34304 KB] g=110, 181035 evaluated, 1942 expanded
[t=3.89687s, 34304 KB] New best heuristic value for pinch: 48
[t=3.89694s, 34304 KB] g=111, 181206 evaluated, 1943 expanded
[t=13.6409s, 78324 KB] New best heuristic value for pinch: 47
[t=13.641s, 78324 KB] g=113, 705125 evaluated, 8612 expanded
[t=13.6445s, 78324 KB] New best heuristic value for pinch: 46
[t=13.6446s, 78324 KB] g=114, 705253 evaluated, 8613 expanded
[t=13.6483s, 78324 KB] New best heuristic value for pinch: 45
[t=13.6483s, 78324 KB] g=115, 705380 evaluated, 8614 expanded
[t=13.8036s, 78856 KB] New best heuristic value for pinch: 44
[t=13.8037s, 78856 KB] g=117, 712432 evaluated, 8694 expanded
[t=13.8078s, 78856 KB] New best heuristic value for pinch: 43
[t=13.8079s, 78856 KB] g=118, 712591 evaluated, 8695 expanded
[t=60.2716s, 262560 KB] New best heuristic value for pinch: 42
[t=60.2717s, 262560 KB] g=122, 2910727 evaluated, 41720 expanded
[t=60.276s, 262560 KB] New best heuristic value for pinch: 41
[t=60.2761s, 262560 KB] g=123, 2910871 evaluated, 41721 expanded
Failed to allocate memory.
Memory limit has been reached.
Peak memory: 3670016 KB
Remove intermediate file output.sas
search exit code: 22

Driver aborting after search
