INFO     Running translator.
INFO     translator stdin: None
INFO     translator time limit: 1799.95s
INFO     translator memory limit: 3584 MB
INFO     translator command line string: /infai/weidan00/downward/experiments/bachelor/.venv/bin/python3 /infai/weidan00/downward/experiments/bachelor/data/bachelor-v1/code-7aa5f34_e5e41175/builds/release/bin/translate/translate.py domain.pddl problem.pddl --sas-file output.sas
Parsing...
Parsing: [0.010s CPU, 0.003s wall-clock]
Normalizing task... [0.000s CPU, 0.000s wall-clock]
Instantiating...
Generating Datalog program... [0.000s CPU, 0.001s wall-clock]
Normalizing Datalog program...
Normalizing Datalog program: [0.000s CPU, 0.001s wall-clock]
Preparing model... [0.000s CPU, 0.002s wall-clock]
Generated 13 rules.
Computing model... [0.010s CPU, 0.007s wall-clock]
613 relevant atoms
351 auxiliary atoms
964 final queue length
1559 total queue pushes
Completing instantiation... [0.010s CPU, 0.010s wall-clock]
Instantiating: [0.020s CPU, 0.022s wall-clock]
Computing fact groups...
Finding invariants...
6 initial candidates
Finding invariants: [0.000s CPU, 0.001s wall-clock]
Checking invariant weight... [0.000s CPU, 0.000s wall-clock]
Instantiating groups... [0.000s CPU, 0.000s wall-clock]
Collecting mutex groups... [0.000s CPU, 0.000s wall-clock]
Choosing groups...
18 uncovered facts
Choosing groups: [0.000s CPU, 0.000s wall-clock]
Building translation key... [0.000s CPU, 0.000s wall-clock]
Computing fact groups: [0.000s CPU, 0.002s wall-clock]
Building STRIPS to SAS dictionary... [0.000s CPU, 0.000s wall-clock]
Building dictionary for full mutex groups... [0.000s CPU, 0.000s wall-clock]
Building mutex information...
Building mutex information: [0.000s CPU, 0.000s wall-clock]
Translating task...
Processing axioms...
Simplifying axioms... [0.000s CPU, 0.000s wall-clock]
Processing axioms: [0.000s CPU, 0.000s wall-clock]
Translating task: [0.010s CPU, 0.008s wall-clock]
9 effect conditions simplified
0 implied preconditions added
Detecting unreachable propositions...
0 operators removed
0 axioms removed
1 propositions removed
Detecting unreachable propositions: [0.000s CPU, 0.004s wall-clock]
Reordering and filtering variables...
19 of 19 variables necessary.
0 of 1 mutex groups necessary.
319 of 319 operators necessary.
0 of 0 axiom rules necessary.
Reordering and filtering variables: [0.000s CPU, 0.001s wall-clock]
Translator variables: 19
Translator derived variables: 0
Translator facts: 54
Translator goal facts: 9
Translator mutex groups: 0
Translator total mutex groups size: 0
Translator operators: 319
Translator axioms: 0
Translator task size: 1071
Translator peak memory: 143308 KB
Writing output... [0.020s CPU, 0.005s wall-clock]
Done! [0.060s CPU, 0.046s wall-clock]
translate exit code: 0

INFO     Running search (release).
INFO     search stdin: output.sas
INFO     search time limit: 1799.85s
INFO     search memory limit: 3584 MB
INFO     search command line string: /infai/weidan00/downward/experiments/bachelor/data/bachelor-v1/code-7aa5f34_e5e41175/builds/release/bin/downward --search 'eager_wastar([add()], w=2)' --internal-plan-file sas_plan < output.sas
[t=6.325e-05s, 17204 KB] reading input...
[t=0.0014797s, 17212 KB] done reading input!
[t=0.00336263s, 17612 KB] Simplifying 333 unary operators... done! [333 unary operators]
[t=0.00358261s, 17612 KB] time to simplify: 0.000276354s
[t=0.00367056s, 17612 KB] Initializing additive heuristic...
[t=0.00378782s, 17612 KB] Building successor generator...done!
[t=0.0039789s, 17612 KB] peak memory difference for successor generator creation: 0 KB
[t=0.00401729s, 17612 KB] time for successor generation creation: 6.8178e-05s
[t=0.00406612s, 17612 KB] Variables: 19
[t=0.0041071s, 17612 KB] FactPairs: 54
[t=0.00414758s, 17612 KB] Bytes per state: 4
[t=0.00426063s, 17612 KB] Conducting best first search with reopening closed nodes, (real) bound = 2147483647
[t=0.00436404s, 17612 KB] New best heuristic value for add: 35
[t=0.00440751s, 17612 KB] g=0, 1 evaluated, 0 expanded
[t=0.00445845s, 17612 KB] Initial heuristic value for add: 35
[t=0.00450009s, 17612 KB] pruning method: none
[t=0.00456215s, 17612 KB] New best heuristic value for add: 34
[t=0.00460477s, 17612 KB] g=1, 2 evaluated, 1 expanded
[t=0.00472976s, 17612 KB] New best heuristic value for add: 33
[t=0.00477266s, 17612 KB] g=1, 16 evaluated, 1 expanded
[t=0.00487713s, 17612 KB] New best heuristic value for add: 32
[t=0.00491998s, 17612 KB] g=3, 25 evaluated, 4 expanded
[t=0.0050229s, 17612 KB] New best heuristic value for add: 31
[t=0.0050657s, 17612 KB] g=3, 34 evaluated, 4 expanded
[t=0.00513372s, 17612 KB] New best heuristic value for add: 30
[t=0.0051762s, 17612 KB] g=4, 37 evaluated, 6 expanded
[t=0.00522817s, 17612 KB] New best heuristic value for add: 29
[t=0.00526973s, 17612 KB] g=5, 38 evaluated, 7 expanded
[t=0.0053617s, 17612 KB] New best heuristic value for add: 28
[t=0.00540348s, 17612 KB] g=5, 47 evaluated, 7 expanded
[t=0.00545915s, 17612 KB] New best heuristic value for add: 27
[t=0.00550104s, 17612 KB] g=5, 49 evaluated, 7 expanded
[t=0.00557909s, 17612 KB] New best heuristic value for add: 26
[t=0.00562094s, 17612 KB] g=6, 55 evaluated, 8 expanded
[t=0.00576879s, 17612 KB] New best heuristic value for add: 24
[t=0.00581096s, 17612 KB] g=8, 73 evaluated, 10 expanded
[t=0.00586842s, 17612 KB] New best heuristic value for add: 23
[t=0.00591071s, 17612 KB] g=9, 74 evaluated, 11 expanded
[t=0.00602409s, 17612 KB] New best heuristic value for add: 22
[t=0.00606628s, 17612 KB] g=9, 88 evaluated, 11 expanded
[t=0.00612862s, 17612 KB] New best heuristic value for add: 21
[t=0.00617057s, 17612 KB] g=10, 91 evaluated, 12 expanded
[t=0.00631121s, 17612 KB] New best heuristic value for add: 20
[t=0.00635324s, 17612 KB] g=12, 109 evaluated, 16 expanded
[t=0.0064061s, 17612 KB] New best heuristic value for add: 19
[t=0.00644797s, 17612 KB] g=13, 110 evaluated, 17 expanded
[t=0.00657884s, 17612 KB] New best heuristic value for add: 18
[t=0.00662094s, 17612 KB] g=14, 127 evaluated, 20 expanded
[t=0.00668915s, 17612 KB] New best heuristic value for add: 17
[t=0.00673125s, 17612 KB] g=15, 128 evaluated, 21 expanded
[t=0.00687216s, 17612 KB] New best heuristic value for add: 16
[t=0.00691487s, 17612 KB] g=16, 145 evaluated, 24 expanded
[t=0.00696641s, 17612 KB] New best heuristic value for add: 15
[t=0.00700798s, 17612 KB] g=17, 146 evaluated, 25 expanded
[t=0.00712628s, 17612 KB] New best heuristic value for add: 14
[t=0.0071681s, 17612 KB] g=18, 163 evaluated, 26 expanded
[t=0.00722015s, 17612 KB] New best heuristic value for add: 13
[t=0.00726173s, 17612 KB] g=19, 164 evaluated, 27 expanded
[t=0.00738132s, 17612 KB] New best heuristic value for add: 12
[t=0.00742311s, 17612 KB] g=20, 181 evaluated, 29 expanded
[t=0.00748235s, 17612 KB] New best heuristic value for add: 11
[t=0.00752457s, 17612 KB] g=21, 183 evaluated, 30 expanded
[t=0.00764112s, 17612 KB] New best heuristic value for add: 10
[t=0.00768309s, 17612 KB] g=22, 199 evaluated, 33 expanded
[t=0.0077369s, 17612 KB] New best heuristic value for add: 9
[t=0.00777845s, 17612 KB] g=23, 201 evaluated, 34 expanded
[t=0.0078888s, 17612 KB] New best heuristic value for add: 8
[t=0.00793042s, 17612 KB] g=24, 217 evaluated, 36 expanded
[t=0.00798447s, 17612 KB] New best heuristic value for add: 7
[t=0.00802658s, 17612 KB] g=25, 219 evaluated, 37 expanded
[t=0.00813599s, 17612 KB] New best heuristic value for add: 6
[t=0.00817771s, 17612 KB] g=26, 235 evaluated, 39 expanded
[t=0.00823018s, 17612 KB] New best heuristic value for add: 5
[t=0.00827155s, 17612 KB] g=27, 237 evaluated, 40 expanded
[t=0.0083802s, 17612 KB] New best heuristic value for add: 4
[t=0.008423s, 17612 KB] g=28, 253 evaluated, 42 expanded
[t=0.00847571s, 17612 KB] New best heuristic value for add: 3
[t=0.00851739s, 17612 KB] g=29, 255 evaluated, 43 expanded
[t=0.00864309s, 17612 KB] New best heuristic value for add: 2
[t=0.00868477s, 17612 KB] g=30, 271 evaluated, 44 expanded
[t=0.00875743s, 17612 KB] New best heuristic value for add: 1
[t=0.00879895s, 17612 KB] g=31, 279 evaluated, 45 expanded
[t=0.00887661s, 17612 KB] New best heuristic value for add: 0
[t=0.00891814s, 17612 KB] g=32, 289 evaluated, 46 expanded
[t=0.00896072s, 17612 KB] Solution found!
[t=0.00900556s, 17612 KB] Actual search time: 0.00450072s
up f0 f1 (1)
stop f1 (1)
up f1 f14 (1)
stop f14 (1)
down f14 f7 (1)
stop f7 (1)
down f7 f5 (1)
stop f5 (1)
up f5 f7 (1)
stop f7 (1)
down f7 f4 (1)
stop f4 (1)
up f4 f10 (1)
stop f10 (1)
down f10 f6 (1)
stop f6 (1)
down f6 f0 (1)
stop f0 (1)
up f0 f12 (1)
stop f12 (1)
down f12 f9 (1)
stop f9 (1)
down f9 f7 (1)
stop f7 (1)
up f7 f13 (1)
stop f13 (1)
up f13 f15 (1)
stop f15 (1)
down f15 f1 (1)
stop f1 (1)
up f1 f16 (1)
stop f16 (1)
[t=0.00904943s, 17612 KB] Plan length: 32 step(s).
[t=0.00904943s, 17612 KB] Plan cost: 32
[t=0.00904943s, 17612 KB] Expanded 47 state(s).
[t=0.00904943s, 17612 KB] Reopened 0 state(s).
[t=0.00904943s, 17612 KB] Evaluated 289 state(s).
[t=0.00904943s, 17612 KB] Evaluations: 289
[t=0.00904943s, 17612 KB] Generated 828 state(s).
[t=0.00904943s, 17612 KB] Dead ends: 0 state(s).
[t=0.00904943s, 17612 KB] Number of registered states: 289
[t=0.00904943s, 17612 KB] Int hash set load factor: 289/512 = 0.564453
[t=0.00904943s, 17612 KB] Int hash set resizes: 9
[t=0.00904943s, 17612 KB] mean number of q cost that have been adjusted 0 times in relation to total number of q: -1
[t=0.00904943s, 17612 KB] mean number of q cost that have been adjusted 1 times in relation to total number of q: -1
[t=0.00904943s, 17612 KB] mean number of q cost that have been adjusted 2 times in relation to total number of q: -1
[t=0.00904943s, 17612 KB] mean number of q that are at some point overconsitent in relation to total number of q: -1
[t=0.00904943s, 17612 KB] mean number of q that are at first underconsisten in relation to total number of q: -1
[t=0.00904943s, 17612 KB] mean number of state variables that are not in common between two following states in relation to total number of state variables: -1
[t=0.00904943s, 17612 KB] variance number of state variables that are not in common between two following states in relation to total number of state variables: -1
[t=0.00904943s, 17612 KB] Search time: 0.00478975s
[t=0.00904943s, 17612 KB] Total time: 0.00904943s
Solution found.
Peak memory: 17612 KB
Remove intermediate file output.sas
search exit code: 0

INFO     Running validate.
INFO     validate stdin: None
INFO     validate time limit: None
INFO     validate memory limit: None
INFO     validate command line string: validate domain.pddl problem.pddl sas_plan
