INFO     Running translator.
INFO     translator stdin: None
INFO     translator time limit: 1799.96s
INFO     translator memory limit: 3584 MB
INFO     translator command line string: /infai/weidan00/downward/experiments/bachelor/.venv/bin/python3 /infai/weidan00/downward/experiments/bachelor/data/bachelor-v1/code-7aa5f34_e5e41175/builds/release/bin/translate/translate.py domain.pddl problem.pddl --sas-file output.sas
Parsing...
Parsing: [0.010s CPU, 0.004s wall-clock]
Normalizing task... [0.000s CPU, 0.000s wall-clock]
Instantiating...
Generating Datalog program... [0.000s CPU, 0.001s wall-clock]
Normalizing Datalog program...
Normalizing Datalog program: [0.000s CPU, 0.006s wall-clock]
Preparing model... [0.010s CPU, 0.002s wall-clock]
Generated 91 rules.
Computing model... [0.060s CPU, 0.057s wall-clock]
2110 relevant atoms
3400 auxiliary atoms
5510 final queue length
10196 total queue pushes
Completing instantiation... [0.100s CPU, 0.103s wall-clock]
Instantiating: [0.170s CPU, 0.171s wall-clock]
Computing fact groups...
Finding invariants...
18 initial candidates
Finding invariants: [0.020s CPU, 0.015s wall-clock]
Checking invariant weight... [0.000s CPU, 0.000s wall-clock]
Instantiating groups... [0.000s CPU, 0.000s wall-clock]
Collecting mutex groups... [0.000s CPU, 0.000s wall-clock]
Choosing groups...
320 uncovered facts
Choosing groups: [0.000s CPU, 0.000s wall-clock]
Building translation key... [0.000s CPU, 0.001s wall-clock]
Computing fact groups: [0.020s CPU, 0.020s wall-clock]
Building STRIPS to SAS dictionary... [0.000s CPU, 0.000s wall-clock]
Building dictionary for full mutex groups... [0.000s CPU, 0.000s wall-clock]
Building mutex information...
Building mutex information: [0.000s CPU, 0.000s wall-clock]
Translating task...
Processing axioms...
Simplifying axioms... [0.000s CPU, 0.000s wall-clock]
Processing axioms: [0.010s CPU, 0.004s wall-clock]
Translating task: [0.110s CPU, 0.103s wall-clock]
3200 effect conditions simplified
0 implied preconditions added
Detecting unreachable propositions...
0 operators removed
0 axioms removed
2 propositions removed
Detecting unreachable propositions: [0.050s CPU, 0.052s wall-clock]
Reordering and filtering variables...
322 of 322 variables necessary.
0 of 2 mutex groups necessary.
1664 of 1664 operators necessary.
0 of 0 axiom rules necessary.
Reordering and filtering variables: [0.050s CPU, 0.055s wall-clock]
Translator variables: 322
Translator derived variables: 0
Translator facts: 646
Translator goal facts: 7
Translator mutex groups: 0
Translator total mutex groups size: 0
Translator operators: 1664
Translator axioms: 0
Translator task size: 15695
Translator peak memory: 153548 KB
Writing output... [0.020s CPU, 0.030s wall-clock]
Done! [0.440s CPU, 0.442s wall-clock]
translate exit code: 0

INFO     Running search (release).
INFO     search stdin: output.sas
INFO     search time limit: 1799.47s
INFO     search memory limit: 3584 MB
INFO     search command line string: /infai/weidan00/downward/experiments/bachelor/data/bachelor-v1/code-7aa5f34_e5e41175/builds/release/bin/downward --search 'eager_wastar([pinch_tracking()], w=2)' --internal-plan-file sas_plan < output.sas
[t=5.6447e-05s, 17204 KB] reading input...
[t=0.0143527s, 17900 KB] done reading input!
[t=0.0170786s, 18772 KB] Simplifying 8064 unary operators... done! [8064 unary operators]
[t=0.0235528s, 19432 KB] time to simplify: 0.00678401s
[t=0.0244708s, 19432 KB] Initializing pinch tracking heuristic...
[t=0.0246219s, 19432 KB] Building successor generator...done!
[t=0.0258169s, 19432 KB] peak memory difference for successor generator creation: 0 KB
[t=0.0258586s, 19432 KB] time for successor generation creation: 0.00103786s
[t=0.0259171s, 19432 KB] Variables: 322
[t=0.0259575s, 19432 KB] FactPairs: 646
[t=0.025997s, 19432 KB] Bytes per state: 44
[t=0.0261214s, 19432 KB] Conducting best first search with reopening closed nodes, (real) bound = 2147483647
[t=0.0270024s, 19432 KB] New best heuristic value for pinch_tracking: 56
[t=0.0270537s, 19432 KB] g=0, 1 evaluated, 0 expanded
[t=0.0271143s, 19432 KB] Initial heuristic value for pinch_tracking: 56
[t=0.0271562s, 19432 KB] pruning method: none
[t=0.0340499s, 19432 KB] New best heuristic value for pinch_tracking: 47
[t=0.0341078s, 19432 KB] g=2, 15 evaluated, 2 expanded
[t=0.0443413s, 19432 KB] New best heuristic value for pinch_tracking: 46
[t=0.0443944s, 19432 KB] g=4, 34 evaluated, 4 expanded
[t=0.0552661s, 19432 KB] New best heuristic value for pinch_tracking: 44
[t=0.0553186s, 19432 KB] g=6, 54 evaluated, 6 expanded
[t=0.0630453s, 19432 KB] New best heuristic value for pinch_tracking: 43
[t=0.0630985s, 19432 KB] g=7, 70 evaluated, 7 expanded
[t=0.0666526s, 19432 KB] New best heuristic value for pinch_tracking: 42
[t=0.0667034s, 19432 KB] g=8, 77 evaluated, 8 expanded
[t=0.133787s, 19432 KB] New best heuristic value for pinch_tracking: 39
[t=0.133847s, 19432 KB] g=9, 246 evaluated, 27 expanded
[t=0.144948s, 19432 KB] New best heuristic value for pinch_tracking: 36
[t=0.145s, 19432 KB] g=11, 271 evaluated, 29 expanded
[t=0.186976s, 19432 KB] New best heuristic value for pinch_tracking: 35
[t=0.187027s, 19432 KB] g=14, 364 evaluated, 38 expanded
[t=0.195352s, 19432 KB] New best heuristic value for pinch_tracking: 34
[t=0.195422s, 19432 KB] g=16, 383 evaluated, 40 expanded
[t=2.34057s, 19968 KB] New best heuristic value for pinch_tracking: 31
[t=2.34066s, 19968 KB] g=14, 6363 evaluated, 696 expanded
[t=2.34466s, 19968 KB] New best heuristic value for pinch_tracking: 29
[t=2.34471s, 19968 KB] g=15, 6369 evaluated, 697 expanded
[t=2.35905s, 19968 KB] New best heuristic value for pinch_tracking: 28
[t=2.35911s, 19968 KB] g=17, 6404 evaluated, 701 expanded
[t=2.36081s, 19968 KB] New best heuristic value for pinch_tracking: 27
[t=2.36086s, 19968 KB] g=18, 6410 evaluated, 702 expanded
[t=2.368s, 19968 KB] New best heuristic value for pinch_tracking: 24
[t=2.36806s, 19968 KB] g=19, 6425 evaluated, 703 expanded
[t=2.36903s, 19968 KB] New best heuristic value for pinch_tracking: 18
[t=2.36907s, 19968 KB] g=20, 6428 evaluated, 704 expanded
[t=2.3819s, 20120 KB] New best heuristic value for pinch_tracking: 17
[t=2.38195s, 20120 KB] g=23, 6459 evaluated, 707 expanded
[t=2.38717s, 20120 KB] New best heuristic value for pinch_tracking: 16
[t=2.38722s, 20120 KB] g=24, 6468 evaluated, 708 expanded
[t=2.54167s, 20120 KB] New best heuristic value for pinch_tracking: 11
[t=2.54173s, 20120 KB] g=28, 6892 evaluated, 744 expanded
[t=2.54782s, 20120 KB] New best heuristic value for pinch_tracking: 10
[t=2.54787s, 20120 KB] g=30, 6907 evaluated, 746 expanded
[t=2.99651s, 20220 KB] New best heuristic value for pinch_tracking: 9
[t=2.99658s, 20220 KB] g=34, 8115 evaluated, 927 expanded
[t=3.00077s, 20220 KB] New best heuristic value for pinch_tracking: 8
[t=3.00082s, 20220 KB] g=35, 8124 evaluated, 928 expanded
[t=3.0022s, 20220 KB] New best heuristic value for pinch_tracking: 5
[t=3.00225s, 20220 KB] g=35, 8126 evaluated, 928 expanded
[t=3.00948s, 20220 KB] New best heuristic value for pinch_tracking: 2
[t=3.00953s, 20220 KB] g=37, 8145 evaluated, 930 expanded
[t=3.02562s, 20220 KB] New best heuristic value for pinch_tracking: 1
[t=3.02567s, 20220 KB] g=41, 8192 evaluated, 936 expanded
[t=3.02745s, 20592 KB] New best heuristic value for pinch_tracking: 0
[t=3.02751s, 20592 KB] g=42, 8198 evaluated, 937 expanded
[t=3.02902s, 20592 KB] Solution found!
[t=3.02907s, 20592 KB] Actual search time: 3.00191s
pop-start s12 b14 a1 a2 b15 oca1 gasoleo (1)
pop-end s12 a1 a2 b1 b15 (1)
pop-start s13 b11 a1 a3 b3 lco oca1 (1)
pop-end s13 a1 a3 b10 b3 (1)
pop-start s13 b5 a1 a3 b11 oc1b lco (1)
pop-end s13 a1 a3 b3 b11 (1)
pop-start s13 b9 a1 a3 b5 oca1 oc1b (1)
pop-end s13 a1 a3 b11 b5 (1)
push-start s13 b10 a1 a3 b5 oca1 oc1b (1)
push-end s13 a1 a3 b9 b5 (1)
push-start s13 b3 a1 a3 b10 oca1 oca1 (1)
push-end s13 a1 a3 b5 b10 (1)
pop-start s12 b8 a1 a2 b14 oc1b oca1 (1)
pop-end s12 a1 a2 b15 b14 (1)
push-start s12 b0 a1 a2 b14 oc1b oca1 (1)
push-end s12 a1 a2 b8 b14 (1)
push-start s12 b11 a1 a2 b0 lco oc1b (1)
push-end s12 a1 a2 b14 b0 (1)
push-start s12 b6 a1 a2 b11 lco lco (1)
push-end s12 a1 a2 b0 b11 (1)
push-start s13 b15 a1 a3 b3 gasoleo oca1 (1)
push-end s13 a1 a3 b10 b3 (1)
pop-start s13 b5 a1 a3 b3 oc1b oca1 (1)
pop-end s13 a1 a3 b15 b3 (1)
pop-start s13 b9 a1 a3 b5 oca1 oc1b (1)
pop-end s13 a1 a3 b3 b5 (1)
push-start s12 b3 a1 a2 b6 oca1 lco (1)
push-end s12 a1 a2 b11 b6 (1)
pop-start s12 b14 a1 a2 b6 oca1 lco (1)
pop-end s12 a1 a2 b3 b6 (1)
pop-start s12 b8 a1 a2 b14 oc1b oca1 (1)
pop-end s12 a1 a2 b6 b14 (1)
pop-start s12 b7 a1 a2 b8 oca1 oc1b (1)
pop-end s12 a1 a2 b14 b8 (1)
push-start s12 b6 a1 a2 b8 lco oc1b (1)
push-end s12 a1 a2 b7 b8 (1)
push-start s12 b3 a1 a2 b6 oca1 lco (1)
push-end s12 a1 a2 b8 b6 (1)
pop-start s13 b2 a1 a3 b9 lco oca1 (1)
pop-end s13 a1 a3 b5 b9 (1)
push-start s12 b5 a1 a2 b3 oc1b oca1 (1)
push-end s12 a1 a2 b6 b3 (1)
[t=3.02912s, 20592 KB] Plan length: 42 step(s).
[t=3.02912s, 20592 KB] Plan cost: 42
[t=3.02912s, 20592 KB] Expanded 938 state(s).
[t=3.02912s, 20592 KB] Reopened 0 state(s).
[t=3.02912s, 20592 KB] Evaluated 8201 state(s).
[t=3.02912s, 20592 KB] Evaluations: 8201
[t=3.02912s, 20592 KB] Generated 8775 state(s).
[t=3.02912s, 20592 KB] Dead ends: 0 state(s).
[t=3.02912s, 20592 KB] Number of registered states: 8201
[t=3.02912s, 20592 KB] Int hash set load factor: 8201/16384 = 0.500549
[t=3.02912s, 20592 KB] Int hash set resizes: 14
[t=3.02912s, 20592 KB] mean number of q cost that have been adjusted 0 times in relation to total number of q: -1
[t=3.02912s, 20592 KB] mean number of q cost that have been adjusted 1 times in relation to total number of q: -1
[t=3.02912s, 20592 KB] mean number of q cost that have been adjusted 2 times in relation to total number of q: -1
[t=3.02912s, 20592 KB] mean number of q that are at some point overconsitent in relation to total number of q: -1
[t=3.02912s, 20592 KB] mean number of q that are at first underconsisten in relation to total number of q: -1
[t=3.02912s, 20592 KB] mean number of state variables that are not in common between two following states in relation to total number of state variables: -1
[t=3.02912s, 20592 KB] variance number of state variables that are not in common between two following states in relation to total number of state variables: -1
[t=3.02912s, 20592 KB] Search time: 3.003s
[t=3.02912s, 20592 KB] Total time: 3.02912s
Solution found.
Peak memory: 20592 KB
Remove intermediate file output.sas
search exit code: 0

INFO     Running validate.
INFO     validate stdin: None
INFO     validate time limit: None
INFO     validate memory limit: None
INFO     validate command line string: validate domain.pddl problem.pddl sas_plan
