INFO     Running translator.
INFO     translator stdin: None
INFO     translator time limit: 1799.95s
INFO     translator memory limit: 3584 MB
INFO     translator command line string: /infai/weidan00/downward/experiments/bachelor/.venv/bin/python3 /infai/weidan00/downward/experiments/bachelor/data/bachelor-v1/code-7aa5f34_e5e41175/builds/release/bin/translate/translate.py domain.pddl problem.pddl --sas-file output.sas
Parsing...
Warning: Atom at(ap26, d99, ham) is specified twice in initial state specification
Warning: Atom at(ap42, d74, ham) is specified twice in initial state specification
Warning: Atom at(ap73, d155, ham) is specified twice in initial state specification
Warning: Atom at(ap107, d99, fra) is specified twice in initial state specification
Warning: Atom at(ap129, d1, ham) is specified twice in initial state specification
Warning: Atom at(ap134, d170, fra) is specified twice in initial state specification
Warning: Atom at(ap149, d200, ham) is specified twice in initial state specification
Warning: Atom at(ap175, d180, ber) is specified twice in initial state specification
Warning: Atom at(ap227, d109, ber) is specified twice in initial state specification
Warning: Atom at(ap258, d15, ham) is specified twice in initial state specification
Warning: Atom at(ap354, d86, fra) is specified twice in initial state specification
Warning: Atom at(ap456, d1, ham) is specified twice in initial state specification
Warning: Atom at(ap473, d71, ber) is specified twice in initial state specification
Warning: Atom at(ap488, d57, fra) is specified twice in initial state specification
Warning: Atom at(ap530, d160, fra) is specified twice in initial state specification
Warning: Atom at(ap544, d135, ber) is specified twice in initial state specification
Warning: Atom at(ap584, d83, fra) is specified twice in initial state specification
Parsing: [0.040s CPU, 0.043s wall-clock]
Normalizing task... [0.000s CPU, 0.002s wall-clock]
Instantiating...
Generating Datalog program... [0.020s CPU, 0.021s wall-clock]
Normalizing Datalog program...
Normalizing Datalog program: [0.000s CPU, 0.002s wall-clock]
Preparing model... [0.080s CPU, 0.073s wall-clock]
Generated 5 rules.
Computing model... [4.340s CPU, 4.355s wall-clock]
9096 relevant atoms
203 auxiliary atoms
9299 final queue length
2938399 total queue pushes
Completing instantiation... [1.340s CPU, 1.344s wall-clock]
Instantiating: [5.780s CPU, 5.799s wall-clock]
Computing fact groups...
Finding invariants...
4 initial candidates
Finding invariants: [0.000s CPU, 0.001s wall-clock]
Checking invariant weight... [0.010s CPU, 0.005s wall-clock]
Instantiating groups... [0.000s CPU, 0.000s wall-clock]
Collecting mutex groups... [0.000s CPU, 0.000s wall-clock]
Choosing groups...
900 uncovered facts
Choosing groups: [0.000s CPU, 0.000s wall-clock]
Building translation key... [0.000s CPU, 0.004s wall-clock]
Computing fact groups: [0.020s CPU, 0.021s wall-clock]
Building STRIPS to SAS dictionary... [0.000s CPU, 0.001s wall-clock]
Building dictionary for full mutex groups... [0.010s CPU, 0.001s wall-clock]
Building mutex information...
Building mutex information: [0.000s CPU, 0.001s wall-clock]
Translating task...
Processing axioms...
Simplifying axioms... [0.000s CPU, 0.000s wall-clock]
Processing axioms: [0.000s CPU, 0.002s wall-clock]
Translating task: [0.050s CPU, 0.055s wall-clock]
600 effect conditions simplified
0 implied preconditions added
Detecting unreachable propositions...
0 operators removed
0 axioms removed
0 propositions removed
Detecting unreachable propositions: [0.040s CPU, 0.039s wall-clock]
Reordering and filtering variables...
900 of 900 variables necessary.
0 of 0 mutex groups necessary.
600 of 600 operators necessary.
0 of 0 axiom rules necessary.
Reordering and filtering variables: [0.020s CPU, 0.022s wall-clock]
Translator variables: 900
Translator derived variables: 0
Translator facts: 1800
Translator goal facts: 700
Translator mutex groups: 0
Translator total mutex groups size: 0
Translator operators: 600
Translator axioms: 0
Translator task size: 10083
Translator peak memory: 152524 KB
Writing output... [0.020s CPU, 0.029s wall-clock]
Done! [5.980s CPU, 6.016s wall-clock]
translate exit code: 0

INFO     Running search (release).
INFO     search stdin: output.sas
INFO     search time limit: 1793.9s
INFO     search memory limit: 3584 MB
INFO     search command line string: /infai/weidan00/downward/experiments/bachelor/data/bachelor-v1/code-7aa5f34_e5e41175/builds/release/bin/downward --search 'eager_wastar([add()], w=2)' --internal-plan-file sas_plan < output.sas
[t=6.3055e-05s, 17204 KB] reading input...
[t=0.0116499s, 17776 KB] done reading input!
[t=0.0142282s, 18396 KB] Simplifying 5483 unary operators... done! [5036 unary operators]
[t=0.0164958s, 18924 KB] time to simplify: 0.00249695s
[t=0.017097s, 18924 KB] Initializing additive heuristic...
[t=0.0172964s, 18924 KB] Building successor generator...done!
[t=0.0176098s, 18924 KB] peak memory difference for successor generator creation: 0 KB
[t=0.0176484s, 18924 KB] time for successor generation creation: 0.00018277s
[t=0.0177034s, 18924 KB] Variables: 900
[t=0.0177436s, 18924 KB] FactPairs: 1800
[t=0.0177831s, 18924 KB] Bytes per state: 116
[t=0.0179273s, 18924 KB] Conducting best first search with reopening closed nodes, (real) bound = 2147483647
[t=0.0181923s, 18924 KB] New best heuristic value for add: 700
[t=0.0182415s, 18924 KB] g=0, 1 evaluated, 0 expanded
[t=0.0182934s, 18924 KB] Initial heuristic value for add: 700
[t=0.0183344s, 18924 KB] pruning method: none
[t=0.0185233s, 18924 KB] New best heuristic value for add: 692
[t=0.0185693s, 18924 KB] g=1, 2 evaluated, 1 expanded
[t=0.0190086s, 18924 KB] New best heuristic value for add: 691
[t=0.0190576s, 18924 KB] g=1, 5 evaluated, 1 expanded
[t=0.0193545s, 18924 KB] New best heuristic value for add: 686
[t=0.0194019s, 18924 KB] g=1, 7 evaluated, 1 expanded
[t=0.0205905s, 18924 KB] New best heuristic value for add: 685
[t=0.0206421s, 18924 KB] g=1, 16 evaluated, 1 expanded
[t=0.0257343s, 18924 KB] New best heuristic value for add: 683
[t=0.0258046s, 18924 KB] g=1, 56 evaluated, 1 expanded
[t=0.0740211s, 18924 KB] New best heuristic value for add: 682
[t=0.0741139s, 18924 KB] g=1, 441 evaluated, 1 expanded
[t=0.0944541s, 18924 KB] New best heuristic value for add: 674
[t=0.0945415s, 18924 KB] g=2, 602 evaluated, 2 expanded
[t=0.0949683s, 18924 KB] New best heuristic value for add: 673
[t=0.0950182s, 18924 KB] g=2, 605 evaluated, 2 expanded
[t=0.0953113s, 18924 KB] New best heuristic value for add: 668
[t=0.095359s, 18924 KB] g=2, 607 evaluated, 2 expanded
[t=0.0965543s, 18924 KB] New best heuristic value for add: 667
[t=0.0966064s, 18924 KB] g=2, 616 evaluated, 2 expanded
[t=0.101659s, 18924 KB] New best heuristic value for add: 665
[t=0.10173s, 18924 KB] g=2, 656 evaluated, 2 expanded
[t=0.169902s, 18924 KB] New best heuristic value for add: 657
[t=0.170003s, 18924 KB] g=3, 1199 evaluated, 3 expanded
[t=0.170446s, 18924 KB] New best heuristic value for add: 656
[t=0.170497s, 18924 KB] g=3, 1202 evaluated, 3 expanded
[t=0.17079s, 18924 KB] New best heuristic value for add: 652
[t=0.170838s, 18924 KB] g=3, 1204 evaluated, 3 expanded
[t=0.172011s, 18924 KB] New best heuristic value for add: 650
[t=0.172071s, 18924 KB] g=3, 1213 evaluated, 3 expanded
[t=0.186869s, 18924 KB] New best heuristic value for add: 649
[t=0.186954s, 18924 KB] g=3, 1332 evaluated, 3 expanded
[t=0.244155s, 18924 KB] New best heuristic value for add: 642
[t=0.244261s, 18924 KB] g=4, 1793 evaluated, 4 expanded
[t=0.244438s, 18924 KB] New best heuristic value for add: 641
[t=0.244485s, 18924 KB] g=4, 1794 evaluated, 4 expanded
[t=0.244795s, 18924 KB] New best heuristic value for add: 640
[t=0.244844s, 18924 KB] g=4, 1796 evaluated, 4 expanded
[t=0.245136s, 18924 KB] New best heuristic value for add: 636
[t=0.245183s, 18924 KB] g=4, 1798 evaluated, 4 expanded
[t=0.246349s, 18924 KB] New best heuristic value for add: 635
[t=0.246402s, 18924 KB] g=4, 1807 evaluated, 4 expanded
[t=0.246578s, 18924 KB] New best heuristic value for add: 634
[t=0.246625s, 18924 KB] g=4, 1808 evaluated, 4 expanded
[t=0.317874s, 18924 KB] New best heuristic value for add: 628
[t=0.317976s, 18924 KB] g=5, 2384 evaluated, 5 expanded
[t=0.318158s, 18924 KB] New best heuristic value for add: 626
[t=0.318207s, 18924 KB] g=5, 2385 evaluated, 5 expanded
[t=0.318514s, 18924 KB] New best heuristic value for add: 625
[t=0.318561s, 18924 KB] g=5, 2387 evaluated, 5 expanded
[t=0.318851s, 18924 KB] New best heuristic value for add: 621
[t=0.318897s, 18924 KB] g=5, 2389 evaluated, 5 expanded
[t=0.320054s, 18924 KB] New best heuristic value for add: 620
[t=0.320112s, 18924 KB] g=5, 2398 evaluated, 5 expanded
[t=0.327882s, 18924 KB] New best heuristic value for add: 619
[t=0.327962s, 18924 KB] g=5, 2461 evaluated, 5 expanded
[t=0.390602s, 18924 KB] New best heuristic value for add: 613
[t=0.390702s, 18924 KB] g=6, 2972 evaluated, 6 expanded
[t=0.390892s, 18924 KB] New best heuristic value for add: 611
[t=0.39094s, 18924 KB] g=6, 2973 evaluated, 6 expanded
[t=0.391232s, 18924 KB] New best heuristic value for add: 610
[t=0.39128s, 18924 KB] g=6, 2975 evaluated, 6 expanded
[t=0.391568s, 18924 KB] New best heuristic value for add: 606
[t=0.39162s, 18924 KB] g=6, 2977 evaluated, 6 expanded
[t=0.392766s, 18924 KB] New best heuristic value for add: 605
[t=0.392826s, 18924 KB] g=6, 2986 evaluated, 6 expanded
[t=0.425031s, 18924 KB] New best heuristic value for add: 604
[t=0.425129s, 18924 KB] g=6, 3251 evaluated, 6 expanded
[t=0.462378s, 18924 KB] New best heuristic value for add: 598
[t=0.462492s, 18924 KB] g=7, 3557 evaluated, 7 expanded
[t=0.462663s, 18924 KB] New best heuristic value for add: 597
[t=0.462711s, 18924 KB] g=7, 3558 evaluated, 7 expanded
[t=0.462998s, 18924 KB] New best heuristic value for add: 595
[t=0.463045s, 18924 KB] g=7, 3560 evaluated, 7 expanded
[t=0.463329s, 18924 KB] New best heuristic value for add: 591
[t=0.463375s, 18924 KB] g=7, 3562 evaluated, 7 expanded
[t=0.496613s, 18924 KB] New best heuristic value for add: 590
[t=0.49671s, 18924 KB] g=7, 3838 evaluated, 7 expanded
[t=0.533468s, 18992 KB] New best heuristic value for add: 584
[t=0.533569s, 18992 KB] g=8, 4139 evaluated, 8 expanded
[t=0.533738s, 18992 KB] New best heuristic value for add: 583
[t=0.533786s, 18992 KB] g=8, 4140 evaluated, 8 expanded
[t=0.534071s, 18992 KB] New best heuristic value for add: 581
[t=0.534128s, 18992 KB] g=8, 4142 evaluated, 8 expanded
[t=0.534414s, 18992 KB] New best heuristic value for add: 577
[t=0.534461s, 18992 KB] g=8, 4144 evaluated, 8 expanded
[t=0.577609s, 18992 KB] New best heuristic value for add: 576
[t=0.577708s, 18992 KB] g=8, 4505 evaluated, 8 expanded
[t=0.603309s, 18992 KB] New best heuristic value for add: 571
[t=0.603402s, 18992 KB] g=9, 4718 evaluated, 9 expanded
[t=0.603576s, 18992 KB] New best heuristic value for add: 569
[t=0.603624s, 18992 KB] g=9, 4719 evaluated, 9 expanded
[t=0.603923s, 18992 KB] New best heuristic value for add: 568
[t=0.603971s, 18992 KB] g=9, 4721 evaluated, 9 expanded
[t=0.604255s, 18992 KB] New best heuristic value for add: 563
[t=0.604302s, 18992 KB] g=9, 4723 evaluated, 9 expanded
[t=0.672056s, 19124 KB] New best heuristic value for add: 558
[t=0.672157s, 19124 KB] g=10, 5294 evaluated, 10 expanded
[t=0.672326s, 19124 KB] New best heuristic value for add: 556
[t=0.672373s, 19124 KB] g=10, 5295 evaluated, 10 expanded
[t=0.672788s, 19124 KB] New best heuristic value for add: 553
[t=0.672837s, 19124 KB] g=10, 5298 evaluated, 10 expanded
[t=0.673717s, 19124 KB] New best heuristic value for add: 551
[t=0.673773s, 19124 KB] g=10, 5305 evaluated, 10 expanded
[t=0.686241s, 19124 KB] New best heuristic value for add: 550
[t=0.686321s, 19124 KB] g=10, 5411 evaluated, 10 expanded
[t=0.739812s, 19248 KB] New best heuristic value for add: 545
[t=0.739911s, 19248 KB] g=11, 5867 evaluated, 11 expanded
[t=0.740089s, 19248 KB] New best heuristic value for add: 543
[t=0.740137s, 19248 KB] g=11, 5868 evaluated, 11 expanded
[t=0.740534s, 19248 KB] New best heuristic value for add: 541
[t=0.740582s, 19248 KB] g=11, 5871 evaluated, 11 expanded
[t=0.741448s, 19248 KB] New best heuristic value for add: 539
[t=0.741504s, 19248 KB] g=11, 5878 evaluated, 11 expanded
[t=0.748704s, 19248 KB] New best heuristic value for add: 538
[t=0.748776s, 19248 KB] g=11, 5940 evaluated, 11 expanded
[t=0.759336s, 19248 KB] New best heuristic value for add: 537
[t=0.759421s, 19248 KB] g=11, 6031 evaluated, 11 expanded
[t=0.806395s, 19248 KB] New best heuristic value for add: 532
[t=0.806493s, 19248 KB] g=12, 6437 evaluated, 12 expanded
[t=0.806658s, 19248 KB] New best heuristic value for add: 530
[t=0.806718s, 19248 KB] g=12, 6438 evaluated, 12 expanded
[t=0.80712s, 19248 KB] New best heuristic value for add: 528
[t=0.807168s, 19248 KB] g=12, 6441 evaluated, 12 expanded
[t=0.808031s, 19248 KB] New best heuristic value for add: 526
[t=0.808086s, 19248 KB] g=12, 6448 evaluated, 12 expanded
[t=0.815251s, 19248 KB] New best heuristic value for add: 525
[t=0.815329s, 19248 KB] g=12, 6510 evaluated, 12 expanded
[t=0.860677s, 19376 KB] New best heuristic value for add: 524
[t=0.860783s, 19376 KB] g=12, 6903 evaluated, 12 expanded
[t=0.872524s, 19376 KB] New best heuristic value for add: 519
[t=0.87261s, 19376 KB] g=13, 7004 evaluated, 13 expanded
[t=0.872774s, 19376 KB] New best heuristic value for add: 517
[t=0.872821s, 19376 KB] g=13, 7005 evaluated, 13 expanded
[t=0.873222s, 19376 KB] New best heuristic value for add: 515
[t=0.873275s, 19376 KB] g=13, 7008 evaluated, 13 expanded
[t=0.874131s, 19376 KB] New best heuristic value for add: 513
[t=0.874181s, 19376 KB] g=13, 7015 evaluated, 13 expanded
[t=0.881303s, 19376 KB] New best heuristic value for add: 512
[t=0.881384s, 19376 KB] g=13, 7077 evaluated, 13 expanded
[t=0.929526s, 19504 KB] New best heuristic value for add: 511
[t=0.929621s, 19504 KB] g=13, 7499 evaluated, 13 expanded
[t=0.937634s, 19504 KB] New best heuristic value for add: 506
[t=0.937724s, 19504 KB] g=14, 7568 evaluated, 14 expanded
[t=0.937896s, 19504 KB] New best heuristic value for add: 504
[t=0.937943s, 19504 KB] g=14, 7569 evaluated, 14 expanded
[t=0.938335s, 19504 KB] New best heuristic value for add: 502
[t=0.938383s, 19504 KB] g=14, 7572 evaluated, 14 expanded
[t=0.939243s, 19504 KB] New best heuristic value for add: 501
[t=0.939294s, 19504 KB] g=14, 7579 evaluated, 14 expanded
[t=0.947143s, 19636 KB] New best heuristic value for add: 499
[t=0.94723s, 19636 KB] g=14, 7641 evaluated, 14 expanded
[t=1.00281s, 19636 KB] New best heuristic value for add: 494
[t=1.00291s, 19636 KB] g=15, 8129 evaluated, 15 expanded
[t=1.00308s, 19636 KB] New best heuristic value for add: 493
[t=1.00313s, 19636 KB] g=15, 8130 evaluated, 15 expanded
[t=1.00353s, 19636 KB] New best heuristic value for add: 490
[t=1.00358s, 19636 KB] g=15, 8133 evaluated, 15 expanded
[t=1.00601s, 19636 KB] New best heuristic value for add: 489
[t=1.00608s, 19636 KB] g=15, 8154 evaluated, 15 expanded
[t=1.0118s, 19636 KB] New best heuristic value for add: 488
[t=1.01187s, 19636 KB] g=15, 8204 evaluated, 15 expanded
[t=1.02116s, 19636 KB] New best heuristic value for add: 487
[t=1.02124s, 19636 KB] g=15, 8286 evaluated, 15 expanded
[t=1.06658s, 19636 KB] New best heuristic value for add: 482
[t=1.06668s, 19636 KB] g=16, 8687 evaluated, 16 expanded
[t=1.06696s, 19636 KB] New best heuristic value for add: 481
[t=1.06701s, 19636 KB] g=16, 8689 evaluated, 16 expanded
[t=1.06728s, 19636 KB] New best heuristic value for add: 478
[t=1.06732s, 19636 KB] g=16, 8691 evaluated, 16 expanded
[t=1.07245s, 19768 KB] New best heuristic value for add: 477
[t=1.07252s, 19768 KB] g=16, 8736 evaluated, 16 expanded
[t=1.0755s, 19768 KB] New best heuristic value for add: 476
[t=1.07557s, 19768 KB] g=16, 8762 evaluated, 16 expanded
[t=1.08858s, 19768 KB] New best heuristic value for add: 475
[t=1.08867s, 19768 KB] g=16, 8878 evaluated, 16 expanded
[t=1.12964s, 19768 KB] New best heuristic value for add: 470
[t=1.12974s, 19768 KB] g=17, 9242 evaluated, 17 expanded
[t=1.13002s, 19768 KB] New best heuristic value for add: 469
[t=1.13007s, 19768 KB] g=17, 9244 evaluated, 17 expanded
[t=1.13034s, 19768 KB] New best heuristic value for add: 466
[t=1.13038s, 19768 KB] g=17, 9246 evaluated, 17 expanded
[t=1.13544s, 19768 KB] New best heuristic value for add: 465
[t=1.13552s, 19768 KB] g=17, 9291 evaluated, 17 expanded
[t=1.13845s, 19768 KB] New best heuristic value for add: 464
[t=1.13852s, 19768 KB] g=17, 9317 evaluated, 17 expanded
[t=1.15713s, 19768 KB] New best heuristic value for add: 463
[t=1.15722s, 19768 KB] g=17, 9485 evaluated, 17 expanded
[t=1.19169s, 19896 KB] New best heuristic value for add: 458
[t=1.1918s, 19896 KB] g=18, 9794 evaluated, 18 expanded
[t=1.19208s, 19896 KB] New best heuristic value for add: 457
[t=1.19213s, 19896 KB] g=18, 9796 evaluated, 18 expanded
[t=1.19239s, 19896 KB] New best heuristic value for add: 454
[t=1.19245s, 19896 KB] g=18, 9798 evaluated, 18 expanded
[t=1.19746s, 19896 KB] New best heuristic value for add: 453
[t=1.19753s, 19896 KB] g=18, 9843 evaluated, 18 expanded
[t=1.20044s, 19896 KB] New best heuristic value for add: 452
[t=1.2005s, 19896 KB] g=18, 9869 evaluated, 18 expanded
[t=1.24625s, 19896 KB] New best heuristic value for add: 451
[t=1.24635s, 19896 KB] g=18, 10285 evaluated, 18 expanded
[t=1.25282s, 19896 KB] New best heuristic value for add: 446
[t=1.25289s, 19896 KB] g=19, 10343 evaluated, 19 expanded
[t=1.25316s, 19896 KB] New best heuristic value for add: 445
[t=1.25321s, 19896 KB] g=19, 10345 evaluated, 19 expanded
[t=1.25348s, 19896 KB] New best heuristic value for add: 442
[t=1.25352s, 19896 KB] g=19, 10347 evaluated, 19 expanded
[t=1.25851s, 19896 KB] New best heuristic value for add: 441
[t=1.2586s, 19896 KB] g=19, 10392 evaluated, 19 expanded
[t=1.27535s, 20028 KB] New best heuristic value for add: 440
[t=1.27545s, 20028 KB] g=19, 10545 evaluated, 19 expanded
[t=1.31318s, 20028 KB] New best heuristic value for add: 435
[t=1.31327s, 20028 KB] g=20, 10889 evaluated, 20 expanded
[t=1.31354s, 20028 KB] New best heuristic value for add: 434
[t=1.31359s, 20028 KB] g=20, 10891 evaluated, 20 expanded
[t=1.31385s, 20028 KB] New best heuristic value for add: 431
[t=1.3139s, 20028 KB] g=20, 10893 evaluated, 20 expanded
[t=1.31883s, 20028 KB] New best heuristic value for add: 430
[t=1.3189s, 20028 KB] g=20, 10938 evaluated, 20 expanded
[t=1.33731s, 20028 KB] New best heuristic value for add: 429
[t=1.3374s, 20028 KB] g=20, 11109 evaluated, 20 expanded
[t=1.37229s, 20152 KB] New best heuristic value for add: 425
[t=1.37238s, 20152 KB] g=21, 11432 evaluated, 21 expanded
[t=1.37254s, 20152 KB] New best heuristic value for add: 424
[t=1.37259s, 20152 KB] g=21, 11433 evaluated, 21 expanded
[t=1.37275s, 20152 KB] New best heuristic value for add: 423
[t=1.37279s, 20152 KB] g=21, 11434 evaluated, 21 expanded
[t=1.37307s, 20152 KB] New best heuristic value for add: 420
[t=1.37312s, 20152 KB] g=21, 11436 evaluated, 21 expanded
[t=1.37803s, 20152 KB] New best heuristic value for add: 419
[t=1.37811s, 20152 KB] g=21, 11481 evaluated, 21 expanded
[t=1.40499s, 20152 KB] New best heuristic value for add: 418
[t=1.40509s, 20152 KB] g=21, 11732 evaluated, 21 expanded
[t=1.43095s, 20152 KB] New best heuristic value for add: 414
[t=1.43104s, 20152 KB] g=22, 11972 evaluated, 22 expanded
[t=1.43119s, 20152 KB] New best heuristic value for add: 413
[t=1.43124s, 20152 KB] g=22, 11973 evaluated, 22 expanded
[t=1.43139s, 20152 KB] New best heuristic value for add: 412
[t=1.43144s, 20152 KB] g=22, 11974 evaluated, 22 expanded
[t=1.4317s, 20152 KB] New best heuristic value for add: 409
[t=1.43174s, 20152 KB] g=22, 11976 evaluated, 22 expanded
[t=1.43653s, 20152 KB] New best heuristic value for add: 408
[t=1.43661s, 20152 KB] g=22, 12021 evaluated, 22 expanded
[t=1.46561s, 20276 KB] New best heuristic value for add: 407
[t=1.4657s, 20276 KB] g=22, 12297 evaluated, 22 expanded
[t=1.48818s, 20276 KB] New best heuristic value for add: 403
[t=1.48828s, 20276 KB] g=23, 12509 evaluated, 23 expanded
[t=1.48844s, 20276 KB] New best heuristic value for add: 402
[t=1.48848s, 20276 KB] g=23, 12510 evaluated, 23 expanded
[t=1.48863s, 20276 KB] New best heuristic value for add: 401
[t=1.48868s, 20276 KB] g=23, 12511 evaluated, 23 expanded
[t=1.48894s, 20276 KB] New best heuristic value for add: 398
[t=1.48898s, 20276 KB] g=23, 12513 evaluated, 23 expanded
[t=1.49379s, 20276 KB] New best heuristic value for add: 397
[t=1.49386s, 20276 KB] g=23, 12558 evaluated, 23 expanded
[t=1.54448s, 20404 KB] New best heuristic value for add: 393
[t=1.54458s, 20404 KB] g=24, 13043 evaluated, 24 expanded
[t=1.54473s, 20404 KB] New best heuristic value for add: 392
[t=1.54478s, 20404 KB] g=24, 13044 evaluated, 24 expanded
[t=1.54495s, 20404 KB] New best heuristic value for add: 391
[t=1.545s, 20404 KB] g=24, 13045 evaluated, 24 expanded
[t=1.54525s, 20404 KB] New best heuristic value for add: 388
[t=1.5453s, 20404 KB] g=24, 13047 evaluated, 24 expanded
[t=1.55803s, 20404 KB] New best heuristic value for add: 387
[t=1.55812s, 20404 KB] g=24, 13169 evaluated, 24 expanded
[t=1.6003s, 20404 KB] New best heuristic value for add: 383
[t=1.6004s, 20404 KB] g=25, 13574 evaluated, 25 expanded
[t=1.60057s, 20404 KB] New best heuristic value for add: 382
[t=1.60062s, 20404 KB] g=25, 13575 evaluated, 25 expanded
[t=1.60076s, 20404 KB] New best heuristic value for add: 381
[t=1.60081s, 20404 KB] g=25, 13576 evaluated, 25 expanded
[t=1.60106s, 20404 KB] New best heuristic value for add: 378
[t=1.60111s, 20404 KB] g=25, 13578 evaluated, 25 expanded
[t=1.62592s, 20404 KB] New best heuristic value for add: 377
[t=1.62601s, 20404 KB] g=25, 13820 evaluated, 25 expanded
[t=1.65512s, 20532 KB] New best heuristic value for add: 373
[t=1.65522s, 20532 KB] g=26, 14102 evaluated, 26 expanded
[t=1.65547s, 20532 KB] New best heuristic value for add: 371
[t=1.65552s, 20532 KB] g=26, 14104 evaluated, 26 expanded
[t=1.65577s, 20532 KB] New best heuristic value for add: 368
[t=1.65582s, 20532 KB] g=26, 14106 evaluated, 26 expanded
[t=1.70973s, 20784 KB] New best heuristic value for add: 364
[t=1.70983s, 20784 KB] g=27, 14627 evaluated, 27 expanded
[t=1.7101s, 20784 KB] New best heuristic value for add: 362
[t=1.71015s, 20784 KB] g=27, 14629 evaluated, 27 expanded
[t=1.71071s, 20784 KB] New best heuristic value for add: 361
[t=1.71076s, 20784 KB] g=27, 14634 evaluated, 27 expanded
[t=1.71163s, 20784 KB] New best heuristic value for add: 360
[t=1.71168s, 20784 KB] g=27, 14642 evaluated, 27 expanded
[t=1.71516s, 20784 KB] New best heuristic value for add: 359
[t=1.71522s, 20784 KB] g=27, 14676 evaluated, 27 expanded
[t=1.76285s, 20784 KB] New best heuristic value for add: 355
[t=1.76295s, 20784 KB] g=28, 15149 evaluated, 28 expanded
[t=1.7632s, 20784 KB] New best heuristic value for add: 354
[t=1.76325s, 20784 KB] g=28, 15151 evaluated, 28 expanded
[t=1.76339s, 20784 KB] New best heuristic value for add: 353
[t=1.76345s, 20784 KB] g=28, 15152 evaluated, 28 expanded
[t=1.76391s, 20784 KB] New best heuristic value for add: 352
[t=1.76396s, 20784 KB] g=28, 15156 evaluated, 28 expanded
[t=1.76481s, 20784 KB] New best heuristic value for add: 351
[t=1.76486s, 20784 KB] g=28, 15164 evaluated, 28 expanded
[t=1.77067s, 20784 KB] New best heuristic value for add: 350
[t=1.77074s, 20784 KB] g=28, 15222 evaluated, 28 expanded
[t=1.815s, 20916 KB] New best heuristic value for add: 346
[t=1.8151s, 20916 KB] g=29, 15668 evaluated, 29 expanded
[t=1.81547s, 20916 KB] New best heuristic value for add: 344
[t=1.81551s, 20916 KB] g=29, 15671 evaluated, 29 expanded
[t=1.81595s, 20916 KB] New best heuristic value for add: 343
[t=1.816s, 20916 KB] g=29, 15675 evaluated, 29 expanded
[t=1.81753s, 20916 KB] New best heuristic value for add: 342
[t=1.81759s, 20916 KB] g=29, 15690 evaluated, 29 expanded
[t=1.82433s, 20916 KB] New best heuristic value for add: 341
[t=1.82441s, 20916 KB] g=29, 15759 evaluated, 29 expanded
[t=1.86595s, 20916 KB] New best heuristic value for add: 337
[t=1.86606s, 20916 KB] g=30, 16184 evaluated, 30 expanded
[t=1.86641s, 20916 KB] New best heuristic value for add: 335
[t=1.86646s, 20916 KB] g=30, 16187 evaluated, 30 expanded
[t=1.8669s, 20916 KB] New best heuristic value for add: 334
[t=1.86695s, 20916 KB] g=30, 16191 evaluated, 30 expanded
[t=1.86846s, 20916 KB] New best heuristic value for add: 333
[t=1.86852s, 20916 KB] g=30, 16206 evaluated, 30 expanded
[t=1.87539s, 20916 KB] New best heuristic value for add: 332
[t=1.87547s, 20916 KB] g=30, 16277 evaluated, 30 expanded
[t=1.91607s, 21048 KB] New best heuristic value for add: 328
[t=1.91616s, 21048 KB] g=31, 16697 evaluated, 31 expanded
[t=1.9165s, 21048 KB] New best heuristic value for add: 326
[t=1.91655s, 21048 KB] g=31, 16700 evaluated, 31 expanded
[t=1.91841s, 21048 KB] New best heuristic value for add: 324
[t=1.91847s, 21048 KB] g=31, 16719 evaluated, 31 expanded
[t=1.93474s, 21048 KB] New best heuristic value for add: 323
[t=1.93483s, 21048 KB] g=31, 16891 evaluated, 31 expanded
[t=1.96481s, 21048 KB] New best heuristic value for add: 320
[t=1.9649s, 21048 KB] g=32, 17207 evaluated, 32 expanded
[t=1.96524s, 21048 KB] New best heuristic value for add: 317
[t=1.96531s, 21048 KB] g=32, 17210 evaluated, 32 expanded
[t=1.96715s, 21048 KB] New best heuristic value for add: 315
[t=1.96722s, 21048 KB] g=32, 17229 evaluated, 32 expanded
[t=1.99141s, 21180 KB] New best heuristic value for add: 314
[t=1.99151s, 21180 KB] g=32, 17487 evaluated, 32 expanded
[t=2.01333s, 21180 KB] New best heuristic value for add: 311
[t=2.01343s, 21180 KB] g=33, 17714 evaluated, 33 expanded
[t=2.01377s, 21180 KB] New best heuristic value for add: 308
[t=2.01382s, 21180 KB] g=33, 17717 evaluated, 33 expanded
[t=2.01564s, 21180 KB] New best heuristic value for add: 306
[t=2.0157s, 21180 KB] g=33, 17736 evaluated, 33 expanded
[t=2.0402s, 21180 KB] New best heuristic value for add: 305
[t=2.04029s, 21180 KB] g=33, 18002 evaluated, 33 expanded
[t=2.06031s, 21180 KB] New best heuristic value for add: 302
[t=2.0604s, 21180 KB] g=34, 18218 evaluated, 34 expanded
[t=2.06074s, 21180 KB] New best heuristic value for add: 299
[t=2.06078s, 21180 KB] g=34, 18221 evaluated, 34 expanded
[t=2.06257s, 21180 KB] New best heuristic value for add: 297
[t=2.06263s, 21180 KB] g=34, 18240 evaluated, 34 expanded
[t=2.09628s, 21312 KB] New best heuristic value for add: 296
[t=2.09637s, 21312 KB] g=34, 18612 evaluated, 34 expanded
[t=2.10623s, 21312 KB] New best heuristic value for add: 293
[t=2.10632s, 21312 KB] g=35, 18719 evaluated, 35 expanded
[t=2.10665s, 21312 KB] New best heuristic value for add: 290
[t=2.1067s, 21312 KB] g=35, 18722 evaluated, 35 expanded
[t=2.10845s, 21312 KB] New best heuristic value for add: 288
[t=2.1085s, 21312 KB] g=35, 18741 evaluated, 35 expanded
[t=2.15088s, 21444 KB] New best heuristic value for add: 285
[t=2.15098s, 21444 KB] g=36, 19217 evaluated, 36 expanded
[t=2.1513s, 21444 KB] New best heuristic value for add: 283
[t=2.15135s, 21444 KB] g=36, 19220 evaluated, 36 expanded
[t=2.15175s, 21444 KB] New best heuristic value for add: 282
[t=2.1518s, 21444 KB] g=36, 19224 evaluated, 36 expanded
[t=2.15744s, 21444 KB] New best heuristic value for add: 281
[t=2.15752s, 21444 KB] g=36, 19288 evaluated, 36 expanded
[t=2.17334s, 21444 KB] New best heuristic value for add: 280
[t=2.17342s, 21444 KB] g=36, 19469 evaluated, 36 expanded
[t=2.1948s, 21444 KB] New best heuristic value for add: 277
[t=2.1949s, 21444 KB] g=37, 19712 evaluated, 37 expanded
[t=2.19522s, 21444 KB] New best heuristic value for add: 275
[t=2.19526s, 21444 KB] g=37, 19715 evaluated, 37 expanded
[t=2.19566s, 21444 KB] New best heuristic value for add: 274
[t=2.19572s, 21444 KB] g=37, 19719 evaluated, 37 expanded
[t=2.20315s, 21444 KB] New best heuristic value for add: 273
[t=2.20322s, 21444 KB] g=37, 19805 evaluated, 37 expanded
[t=2.22369s, 21444 KB] New best heuristic value for add: 272
[t=2.22378s, 21444 KB] g=37, 20043 evaluated, 37 expanded
[t=2.23782s, 21576 KB] New best heuristic value for add: 269
[t=2.2379s, 21576 KB] g=38, 20204 evaluated, 38 expanded
[t=2.23821s, 21576 KB] New best heuristic value for add: 267
[t=2.23827s, 21576 KB] g=38, 20207 evaluated, 38 expanded
[t=2.23867s, 21576 KB] New best heuristic value for add: 266
[t=2.23871s, 21576 KB] g=38, 20211 evaluated, 38 expanded
[t=2.24602s, 21576 KB] New best heuristic value for add: 265
[t=2.2461s, 21576 KB] g=38, 20297 evaluated, 38 expanded
[t=2.26796s, 21576 KB] New best heuristic value for add: 264
[t=2.26805s, 21576 KB] g=38, 20555 evaluated, 38 expanded
[t=2.2799s, 21576 KB] New best heuristic value for add: 261
[t=2.27998s, 21576 KB] g=39, 20693 evaluated, 39 expanded
[t=2.2803s, 21576 KB] New best heuristic value for add: 259
[t=2.28035s, 21576 KB] g=39, 20696 evaluated, 39 expanded
[t=2.28616s, 21576 KB] New best heuristic value for add: 258
[t=2.28624s, 21576 KB] g=39, 20765 evaluated, 39 expanded
[t=2.28804s, 21576 KB] New best heuristic value for add: 257
[t=2.28809s, 21576 KB] g=39, 20786 evaluated, 39 expanded
[t=2.31319s, 21708 KB] New best heuristic value for add: 256
[t=2.31328s, 21708 KB] g=39, 21086 evaluated, 39 expanded
[t=2.32118s, 21708 KB] New best heuristic value for add: 253
[t=2.32126s, 21708 KB] g=40, 21179 evaluated, 40 expanded
[t=2.32156s, 21708 KB] New best heuristic value for add: 251
[t=2.32161s, 21708 KB] g=40, 21182 evaluated, 40 expanded
[t=2.32738s, 21708 KB] New best heuristic value for add: 250
[t=2.32746s, 21708 KB] g=40, 21251 evaluated, 40 expanded
[t=2.32923s, 21708 KB] New best heuristic value for add: 249
[t=2.32929s, 21708 KB] g=40, 21272 evaluated, 40 expanded
[t=2.36153s, 21708 KB] New best heuristic value for add: 246
[t=2.36164s, 21708 KB] g=41, 21662 evaluated, 41 expanded
[t=2.36194s, 21708 KB] New best heuristic value for add: 244
[t=2.36198s, 21708 KB] g=41, 21665 evaluated, 41 expanded
[t=2.36764s, 21708 KB] New best heuristic value for add: 243
[t=2.36771s, 21708 KB] g=41, 21734 evaluated, 41 expanded
[t=2.37075s, 21708 KB] New best heuristic value for add: 242
[t=2.37083s, 21708 KB] g=41, 21771 evaluated, 41 expanded
[t=2.401s, 21840 KB] New best heuristic value for add: 240
[t=2.40109s, 21840 KB] g=42, 22142 evaluated, 42 expanded
[t=2.40122s, 21840 KB] New best heuristic value for add: 239
[t=2.40129s, 21840 KB] g=42, 22143 evaluated, 42 expanded
[t=2.4015s, 21840 KB] New best heuristic value for add: 237
[t=2.40154s, 21840 KB] g=42, 22145 evaluated, 42 expanded
[t=2.40711s, 21840 KB] New best heuristic value for add: 236
[t=2.40719s, 21840 KB] g=42, 22214 evaluated, 42 expanded
[t=2.41609s, 21840 KB] New best heuristic value for add: 235
[t=2.41618s, 21840 KB] g=42, 22325 evaluated, 42 expanded
[t=2.43991s, 21840 KB] New best heuristic value for add: 233
[t=2.44001s, 21840 KB] g=43, 22619 evaluated, 43 expanded
[t=2.44014s, 21840 KB] New best heuristic value for add: 232
[t=2.44019s, 21840 KB] g=43, 22620 evaluated, 43 expanded
[t=2.4404s, 21840 KB] New best heuristic value for add: 230
[t=2.44044s, 21840 KB] g=43, 22622 evaluated, 43 expanded
[t=2.44594s, 21840 KB] New best heuristic value for add: 229
[t=2.44602s, 21840 KB] g=43, 22691 evaluated, 43 expanded
[t=2.45613s, 21972 KB] New best heuristic value for add: 228
[t=2.45623s, 21972 KB] g=43, 22819 evaluated, 43 expanded
[t=2.47793s, 21972 KB] New best heuristic value for add: 226
[t=2.47802s, 21972 KB] g=44, 23093 evaluated, 44 expanded
[t=2.47815s, 21972 KB] New best heuristic value for add: 225
[t=2.4782s, 21972 KB] g=44, 23094 evaluated, 44 expanded
[t=2.4784s, 21972 KB] New best heuristic value for add: 223
[t=2.47845s, 21972 KB] g=44, 23096 evaluated, 44 expanded
[t=2.4839s, 21972 KB] New best heuristic value for add: 222
[t=2.48397s, 21972 KB] g=44, 23165 evaluated, 44 expanded
[t=2.50504s, 21972 KB] New best heuristic value for add: 221
[t=2.50514s, 21972 KB] g=44, 23436 evaluated, 44 expanded
[t=2.51515s, 21972 KB] New best heuristic value for add: 219
[t=2.51523s, 21972 KB] g=45, 23563 evaluated, 45 expanded
[t=2.51536s, 21972 KB] New best heuristic value for add: 218
[t=2.51541s, 21972 KB] g=45, 23564 evaluated, 45 expanded
[t=2.51561s, 21972 KB] New best heuristic value for add: 217
[t=2.51566s, 21972 KB] g=45, 23566 evaluated, 45 expanded
[t=2.51672s, 21972 KB] New best heuristic value for add: 216
[t=2.51677s, 21972 KB] g=45, 23579 evaluated, 45 expanded
[t=2.52109s, 21972 KB] New best heuristic value for add: 215
[t=2.52117s, 21972 KB] g=45, 23635 evaluated, 45 expanded
[t=2.54751s, 22104 KB] New best heuristic value for add: 214
[t=2.5476s, 22104 KB] g=45, 23979 evaluated, 45 expanded
[t=2.55161s, 22104 KB] New best heuristic value for add: 212
[t=2.55168s, 22104 KB] g=46, 24030 evaluated, 46 expanded
[t=2.55197s, 22104 KB] New best heuristic value for add: 210
[t=2.55202s, 22104 KB] g=46, 24033 evaluated, 46 expanded
[t=2.55305s, 22104 KB] New best heuristic value for add: 209
[t=2.55311s, 22104 KB] g=46, 24046 evaluated, 46 expanded
[t=2.55735s, 22104 KB] New best heuristic value for add: 208
[t=2.55742s, 22104 KB] g=46, 24102 evaluated, 46 expanded
[t=2.58671s, 22104 KB] New best heuristic value for add: 206
[t=2.5868s, 22104 KB] g=47, 24494 evaluated, 47 expanded
[t=2.58708s, 22104 KB] New best heuristic value for add: 204
[t=2.58713s, 22104 KB] g=47, 24497 evaluated, 47 expanded
[t=2.58815s, 22104 KB] New best heuristic value for add: 203
[t=2.5882s, 22104 KB] g=47, 24510 evaluated, 47 expanded
[t=2.60673s, 22236 KB] New best heuristic value for add: 202
[t=2.60683s, 22236 KB] g=47, 24762 evaluated, 47 expanded
[t=2.62113s, 22236 KB] New best heuristic value for add: 200
[t=2.62122s, 22236 KB] g=48, 24955 evaluated, 48 expanded
[t=2.62151s, 22236 KB] New best heuristic value for add: 198
[t=2.62156s, 22236 KB] g=48, 24958 evaluated, 48 expanded
[t=2.62256s, 22236 KB] New best heuristic value for add: 197
[t=2.62261s, 22236 KB] g=48, 24971 evaluated, 48 expanded
[t=2.64109s, 22236 KB] New best heuristic value for add: 196
[t=2.64118s, 22236 KB] g=48, 25227 evaluated, 48 expanded
[t=2.65475s, 22236 KB] New best heuristic value for add: 194
[t=2.65484s, 22236 KB] g=49, 25413 evaluated, 49 expanded
[t=2.65511s, 22236 KB] New best heuristic value for add: 192
[t=2.65517s, 22236 KB] g=49, 25416 evaluated, 49 expanded
[t=2.65615s, 22236 KB] New best heuristic value for add: 191
[t=2.65621s, 22236 KB] g=49, 25429 evaluated, 49 expanded
[t=2.68214s, 22368 KB] New best heuristic value for add: 190
[t=2.68224s, 22368 KB] g=49, 25791 evaluated, 49 expanded
[t=2.68779s, 22368 KB] New best heuristic value for add: 188
[t=2.68786s, 22368 KB] g=50, 25867 evaluated, 50 expanded
[t=2.68814s, 22368 KB] New best heuristic value for add: 186
[t=2.68818s, 22368 KB] g=50, 25870 evaluated, 50 expanded
[t=2.68916s, 22368 KB] New best heuristic value for add: 185
[t=2.68921s, 22368 KB] g=50, 25883 evaluated, 50 expanded
[t=2.72001s, 22368 KB] New best heuristic value for add: 183
[t=2.72011s, 22368 KB] g=51, 26318 evaluated, 51 expanded
[t=2.72038s, 22368 KB] New best heuristic value for add: 181
[t=2.72042s, 22368 KB] g=51, 26321 evaluated, 51 expanded
[t=2.72279s, 22368 KB] New best heuristic value for add: 180
[t=2.72285s, 22368 KB] g=51, 26354 evaluated, 51 expanded
[t=2.75153s, 22500 KB] New best heuristic value for add: 178
[t=2.75163s, 22500 KB] g=52, 26765 evaluated, 52 expanded
[t=2.7519s, 22500 KB] New best heuristic value for add: 176
[t=2.75194s, 22500 KB] g=52, 26768 evaluated, 52 expanded
[t=2.75448s, 22500 KB] New best heuristic value for add: 175
[t=2.75455s, 22500 KB] g=52, 26804 evaluated, 52 expanded
[t=2.78255s, 22500 KB] New best heuristic value for add: 173
[t=2.78264s, 22500 KB] g=53, 27209 evaluated, 53 expanded
[t=2.7829s, 22500 KB] New best heuristic value for add: 171
[t=2.78294s, 22500 KB] g=53, 27212 evaluated, 53 expanded
[t=2.78682s, 22500 KB] New best heuristic value for add: 170
[t=2.78689s, 22500 KB] g=53, 27268 evaluated, 53 expanded
[t=2.81305s, 22632 KB] New best heuristic value for add: 168
[t=2.81316s, 22632 KB] g=54, 27650 evaluated, 54 expanded
[t=2.81343s, 22632 KB] New best heuristic value for add: 166
[t=2.81348s, 22632 KB] g=54, 27653 evaluated, 54 expanded
[t=2.82582s, 22632 KB] New best heuristic value for add: 165
[t=2.82591s, 22632 KB] g=54, 27836 evaluated, 54 expanded
[t=2.84299s, 22632 KB] New best heuristic value for add: 163
[t=2.84308s, 22632 KB] g=55, 28087 evaluated, 55 expanded
[t=2.84334s, 22632 KB] New best heuristic value for add: 161
[t=2.84339s, 22632 KB] g=55, 28090 evaluated, 55 expanded
[t=2.85633s, 22764 KB] New best heuristic value for add: 160
[t=2.85643s, 22764 KB] g=55, 28283 evaluated, 55 expanded
[t=2.87245s, 22764 KB] New best heuristic value for add: 158
[t=2.87254s, 22764 KB] g=56, 28521 evaluated, 56 expanded
[t=2.87281s, 22764 KB] New best heuristic value for add: 157
[t=2.87285s, 22764 KB] g=56, 28524 evaluated, 56 expanded
[t=2.87343s, 22764 KB] New best heuristic value for add: 156
[t=2.87348s, 22764 KB] g=56, 28532 evaluated, 56 expanded
[t=2.88685s, 22764 KB] New best heuristic value for add: 155
[t=2.88694s, 22764 KB] g=56, 28734 evaluated, 56 expanded
[t=2.90133s, 22764 KB] New best heuristic value for add: 153
[t=2.90144s, 22764 KB] g=57, 28951 evaluated, 57 expanded
[t=2.90169s, 22764 KB] New best heuristic value for add: 152
[t=2.90174s, 22764 KB] g=57, 28954 evaluated, 57 expanded
[t=2.90232s, 22764 KB] New best heuristic value for add: 151
[t=2.90236s, 22764 KB] g=57, 28962 evaluated, 57 expanded
[t=2.91857s, 22896 KB] New best heuristic value for add: 150
[t=2.91866s, 22896 KB] g=57, 29211 evaluated, 57 expanded
[t=2.92968s, 22896 KB] New best heuristic value for add: 148
[t=2.92976s, 22896 KB] g=58, 29378 evaluated, 58 expanded
[t=2.93001s, 22896 KB] New best heuristic value for add: 147
[t=2.93006s, 22896 KB] g=58, 29381 evaluated, 58 expanded
[t=2.93063s, 22896 KB] New best heuristic value for add: 146
[t=2.93068s, 22896 KB] g=58, 29389 evaluated, 58 expanded
[t=2.94999s, 23412 KB] New best heuristic value for add: 145
[t=2.9501s, 23412 KB] g=58, 29650 evaluated, 58 expanded
[t=2.9598s, 23412 KB] New best heuristic value for add: 143
[t=2.95988s, 23412 KB] g=59, 29799 evaluated, 59 expanded
[t=2.96013s, 23412 KB] New best heuristic value for add: 142
[t=2.96017s, 23412 KB] g=59, 29802 evaluated, 59 expanded
[t=2.96073s, 23412 KB] New best heuristic value for add: 141
[t=2.96078s, 23412 KB] g=59, 29810 evaluated, 59 expanded
[t=2.98006s, 23412 KB] New best heuristic value for add: 140
[t=2.98015s, 23412 KB] g=59, 30115 evaluated, 59 expanded
[t=2.98667s, 23412 KB] New best heuristic value for add: 138
[t=2.98675s, 23412 KB] g=60, 30216 evaluated, 60 expanded
[t=2.9873s, 23412 KB] New best heuristic value for add: 137
[t=2.98735s, 23412 KB] g=60, 30224 evaluated, 60 expanded
[t=2.98759s, 23412 KB] New best heuristic value for add: 136
[t=2.98764s, 23412 KB] g=60, 30227 evaluated, 60 expanded
[t=3.01303s, 23412 KB] New best heuristic value for add: 134
[t=3.01312s, 23412 KB] g=61, 30630 evaluated, 61 expanded
[t=3.01369s, 23412 KB] New best heuristic value for add: 133
[t=3.01374s, 23412 KB] g=61, 30638 evaluated, 61 expanded
[t=3.01566s, 23412 KB] New best heuristic value for add: 132
[t=3.01571s, 23412 KB] g=61, 30668 evaluated, 61 expanded
[t=3.03891s, 23416 KB] New best heuristic value for add: 130
[t=3.03901s, 23416 KB] g=62, 31041 evaluated, 62 expanded
[t=3.03959s, 23416 KB] New best heuristic value for add: 129
[t=3.03963s, 23416 KB] g=62, 31049 evaluated, 62 expanded
[t=3.04153s, 23416 KB] New best heuristic value for add: 128
[t=3.04159s, 23416 KB] g=62, 31079 evaluated, 62 expanded
[t=3.06432s, 23416 KB] New best heuristic value for add: 126
[t=3.06441s, 23416 KB] g=63, 31447 evaluated, 63 expanded
[t=3.06495s, 23416 KB] New best heuristic value for add: 125
[t=3.06501s, 23416 KB] g=63, 31455 evaluated, 63 expanded
[t=3.0673s, 23416 KB] New best heuristic value for add: 124
[t=3.06736s, 23416 KB] g=63, 31492 evaluated, 63 expanded
[t=3.08896s, 23416 KB] New best heuristic value for add: 122
[t=3.08905s, 23416 KB] g=64, 31849 evaluated, 64 expanded
[t=3.08959s, 23416 KB] New best heuristic value for add: 121
[t=3.08964s, 23416 KB] g=64, 31857 evaluated, 64 expanded
[t=3.09618s, 23416 KB] New best heuristic value for add: 120
[t=3.09626s, 23416 KB] g=64, 31965 evaluated, 64 expanded
[t=3.11322s, 23548 KB] New best heuristic value for add: 118
[t=3.11331s, 23548 KB] g=65, 32247 evaluated, 65 expanded
[t=3.11386s, 23548 KB] New best heuristic value for add: 117
[t=3.11391s, 23548 KB] g=65, 32255 evaluated, 65 expanded
[t=3.12024s, 23548 KB] New best heuristic value for add: 116
[t=3.12031s, 23548 KB] g=65, 32361 evaluated, 65 expanded
[t=3.13704s, 23548 KB] New best heuristic value for add: 114
[t=3.13713s, 23548 KB] g=66, 32642 evaluated, 66 expanded
[t=3.13767s, 23548 KB] New best heuristic value for add: 113
[t=3.13772s, 23548 KB] g=66, 32650 evaluated, 66 expanded
[t=3.14832s, 23680 KB] New best heuristic value for add: 112
[t=3.1484s, 23680 KB] g=66, 32831 evaluated, 66 expanded
[t=3.16034s, 23680 KB] New best heuristic value for add: 110
[t=3.16042s, 23680 KB] g=67, 33033 evaluated, 67 expanded
[t=3.16096s, 23680 KB] New best heuristic value for add: 109
[t=3.16101s, 23680 KB] g=67, 33041 evaluated, 67 expanded
[t=3.17173s, 23680 KB] New best heuristic value for add: 108
[t=3.17182s, 23680 KB] g=67, 33225 evaluated, 67 expanded
[t=3.18326s, 23680 KB] New best heuristic value for add: 106
[t=3.18334s, 23680 KB] g=68, 33420 evaluated, 68 expanded
[t=3.18385s, 23680 KB] New best heuristic value for add: 105
[t=3.1839s, 23680 KB] g=68, 33428 evaluated, 68 expanded
[t=3.19587s, 23680 KB] New best heuristic value for add: 104
[t=3.19596s, 23680 KB] g=68, 33638 evaluated, 68 expanded
[t=3.20534s, 23680 KB] New best heuristic value for add: 102
[t=3.20542s, 23680 KB] g=69, 33801 evaluated, 69 expanded
[t=3.20593s, 23812 KB] New best heuristic value for add: 101
[t=3.20599s, 23812 KB] g=69, 33809 evaluated, 69 expanded
[t=3.21904s, 23812 KB] New best heuristic value for add: 100
[t=3.21913s, 23812 KB] g=69, 34039 evaluated, 69 expanded
[t=3.22703s, 23812 KB] New best heuristic value for add: 98
[t=3.22711s, 23812 KB] g=70, 34177 evaluated, 70 expanded
[t=3.22761s, 23812 KB] New best heuristic value for add: 97
[t=3.22766s, 23812 KB] g=70, 34185 evaluated, 70 expanded
[t=3.24748s, 23812 KB] New best heuristic value for add: 96
[t=3.24758s, 23812 KB] g=70, 34538 evaluated, 70 expanded
[t=3.24816s, 23812 KB] New best heuristic value for add: 94
[t=3.2482s, 23812 KB] g=71, 34547 evaluated, 71 expanded
[t=3.2487s, 23812 KB] New best heuristic value for add: 93
[t=3.24875s, 23812 KB] g=71, 34555 evaluated, 71 expanded
[t=3.26857s, 23944 KB] New best heuristic value for add: 91
[t=3.26867s, 23944 KB] g=72, 34911 evaluated, 72 expanded
[t=3.26985s, 23944 KB] New best heuristic value for add: 90
[t=3.2699s, 23944 KB] g=72, 34931 evaluated, 72 expanded
[t=3.28868s, 23944 KB] New best heuristic value for add: 88
[t=3.28876s, 23944 KB] g=73, 35270 evaluated, 73 expanded
[t=3.28997s, 23944 KB] New best heuristic value for add: 87
[t=3.29002s, 23944 KB] g=73, 35291 evaluated, 73 expanded
[t=3.30817s, 23944 KB] New best heuristic value for add: 86
[t=3.30826s, 23944 KB] g=74, 35624 evaluated, 74 expanded
[t=3.30875s, 24076 KB] New best heuristic value for add: 85
[t=3.3088s, 24076 KB] g=74, 35632 evaluated, 74 expanded
[t=3.311s, 24076 KB] New best heuristic value for add: 84
[t=3.31106s, 24076 KB] g=74, 35672 evaluated, 74 expanded
[t=3.32745s, 24076 KB] New best heuristic value for add: 83
[t=3.32754s, 24076 KB] g=75, 35975 evaluated, 75 expanded
[t=3.32804s, 24076 KB] New best heuristic value for add: 82
[t=3.32808s, 24076 KB] g=75, 35983 evaluated, 75 expanded
[t=3.33131s, 24076 KB] New best heuristic value for add: 81
[t=3.33138s, 24076 KB] g=75, 36043 evaluated, 75 expanded
[t=3.34618s, 24076 KB] New best heuristic value for add: 80
[t=3.34627s, 24076 KB] g=76, 36320 evaluated, 76 expanded
[t=3.34675s, 24076 KB] New best heuristic value for add: 79
[t=3.34679s, 24076 KB] g=76, 36328 evaluated, 76 expanded
[t=3.35059s, 24076 KB] New best heuristic value for add: 78
[t=3.35065s, 24076 KB] g=76, 36399 evaluated, 76 expanded
[t=3.3646s, 24208 KB] New best heuristic value for add: 77
[t=3.36469s, 24208 KB] g=77, 36661 evaluated, 77 expanded
[t=3.36516s, 24208 KB] New best heuristic value for add: 76
[t=3.3652s, 24208 KB] g=77, 36669 evaluated, 77 expanded
[t=3.37035s, 24208 KB] New best heuristic value for add: 75
[t=3.37042s, 24208 KB] g=77, 36767 evaluated, 77 expanded
[t=3.3826s, 24208 KB] New best heuristic value for add: 74
[t=3.38269s, 24208 KB] g=78, 36999 evaluated, 78 expanded
[t=3.3831s, 24208 KB] New best heuristic value for add: 73
[t=3.38315s, 24208 KB] g=78, 37006 evaluated, 78 expanded
[t=3.38985s, 24208 KB] New best heuristic value for add: 72
[t=3.38992s, 24208 KB] g=78, 37135 evaluated, 78 expanded
[t=3.40019s, 24208 KB] New best heuristic value for add: 71
[t=3.40027s, 24208 KB] g=79, 37332 evaluated, 79 expanded
[t=3.40069s, 24208 KB] New best heuristic value for add: 70
[t=3.40073s, 24208 KB] g=79, 37339 evaluated, 79 expanded
[t=3.40744s, 24340 KB] New best heuristic value for add: 69
[t=3.40752s, 24340 KB] g=79, 37469 evaluated, 79 expanded
[t=3.41731s, 24340 KB] New best heuristic value for add: 68
[t=3.41739s, 24340 KB] g=80, 37659 evaluated, 80 expanded
[t=3.41781s, 24340 KB] New best heuristic value for add: 67
[t=3.41786s, 24340 KB] g=80, 37666 evaluated, 80 expanded
[t=3.42443s, 24340 KB] New best heuristic value for add: 66
[t=3.42451s, 24340 KB] g=80, 37794 evaluated, 80 expanded
[t=3.43407s, 24340 KB] New best heuristic value for add: 65
[t=3.43414s, 24340 KB] g=81, 37979 evaluated, 81 expanded
[t=3.43455s, 24340 KB] New best heuristic value for add: 64
[t=3.43459s, 24340 KB] g=81, 37986 evaluated, 81 expanded
[t=3.44198s, 24340 KB] New best heuristic value for add: 63
[t=3.44205s, 24340 KB] g=81, 38132 evaluated, 81 expanded
[t=3.45028s, 24340 KB] New best heuristic value for add: 62
[t=3.45036s, 24340 KB] g=82, 38294 evaluated, 82 expanded
[t=3.45076s, 24340 KB] New best heuristic value for add: 61
[t=3.45081s, 24340 KB] g=82, 38301 evaluated, 82 expanded
[t=3.45885s, 24472 KB] New best heuristic value for add: 60
[t=3.45893s, 24472 KB] g=82, 38461 evaluated, 82 expanded
[t=3.46606s, 24472 KB] New best heuristic value for add: 59
[t=3.46614s, 24472 KB] g=83, 38602 evaluated, 83 expanded
[t=3.46653s, 24472 KB] New best heuristic value for add: 58
[t=3.46658s, 24472 KB] g=83, 38609 evaluated, 83 expanded
[t=3.47641s, 24472 KB] New best heuristic value for add: 57
[t=3.47649s, 24472 KB] g=83, 38807 evaluated, 83 expanded
[t=3.4814s, 24472 KB] New best heuristic value for add: 56
[t=3.48148s, 24472 KB] g=84, 38905 evaluated, 84 expanded
[t=3.48213s, 24472 KB] New best heuristic value for add: 55
[t=3.48218s, 24472 KB] g=84, 38917 evaluated, 84 expanded
[t=3.49241s, 24472 KB] New best heuristic value for add: 54
[t=3.49249s, 24472 KB] g=84, 39125 evaluated, 84 expanded
[t=3.49637s, 24472 KB] New best heuristic value for add: 53
[t=3.49644s, 24472 KB] g=85, 39202 evaluated, 85 expanded
[t=3.49701s, 24472 KB] New best heuristic value for add: 52
[t=3.49706s, 24472 KB] g=85, 39213 evaluated, 85 expanded
[t=3.5107s, 24604 KB] New best heuristic value for add: 51
[t=3.51079s, 24604 KB] g=86, 39491 evaluated, 86 expanded
[t=3.51148s, 24604 KB] New best heuristic value for add: 50
[t=3.51153s, 24604 KB] g=86, 39504 evaluated, 86 expanded
[t=3.52463s, 24604 KB] New best heuristic value for add: 49
[t=3.52472s, 24604 KB] g=87, 39775 evaluated, 87 expanded
[t=3.52544s, 24604 KB] New best heuristic value for add: 48
[t=3.52549s, 24604 KB] g=87, 39789 evaluated, 87 expanded
[t=3.53807s, 24604 KB] New best heuristic value for add: 47
[t=3.53815s, 24604 KB] g=88, 40051 evaluated, 88 expanded
[t=3.53911s, 24604 KB] New best heuristic value for add: 46
[t=3.53916s, 24604 KB] g=88, 40070 evaluated, 88 expanded
[t=3.55115s, 24736 KB] New best heuristic value for add: 45
[t=3.55123s, 24736 KB] g=89, 40321 evaluated, 89 expanded
[t=3.55237s, 24736 KB] New best heuristic value for add: 44
[t=3.55242s, 24736 KB] g=89, 40344 evaluated, 89 expanded
[t=3.5639s, 24736 KB] New best heuristic value for add: 43
[t=3.56398s, 24736 KB] g=90, 40586 evaluated, 90 expanded
[t=3.56573s, 24736 KB] New best heuristic value for add: 42
[t=3.56578s, 24736 KB] g=90, 40622 evaluated, 90 expanded
[t=3.57617s, 24736 KB] New best heuristic value for add: 41
[t=3.57625s, 24736 KB] g=91, 40843 evaluated, 91 expanded
[t=3.57859s, 24736 KB] New best heuristic value for add: 40
[t=3.57864s, 24736 KB] g=91, 40892 evaluated, 91 expanded
[t=3.58802s, 24736 KB] New best heuristic value for add: 39
[t=3.58809s, 24736 KB] g=92, 41093 evaluated, 92 expanded
[t=3.59053s, 24868 KB] New best heuristic value for add: 38
[t=3.5906s, 24868 KB] g=92, 41145 evaluated, 92 expanded
[t=3.59945s, 24868 KB] New best heuristic value for add: 37
[t=3.59952s, 24868 KB] g=93, 41336 evaluated, 93 expanded
[t=3.60279s, 24868 KB] New best heuristic value for add: 36
[t=3.60285s, 24868 KB] g=93, 41406 evaluated, 93 expanded
[t=3.61053s, 24868 KB] New best heuristic value for add: 35
[t=3.61061s, 24868 KB] g=94, 41573 evaluated, 94 expanded
[t=3.61367s, 24868 KB] New best heuristic value for add: 34
[t=3.61374s, 24868 KB] g=94, 41639 evaluated, 94 expanded
[t=3.62123s, 24868 KB] New best heuristic value for add: 33
[t=3.6213s, 24868 KB] g=95, 41803 evaluated, 95 expanded
[t=3.62594s, 24868 KB] New best heuristic value for add: 32
[t=3.62601s, 24868 KB] g=95, 41905 evaluated, 95 expanded
[t=3.63153s, 24868 KB] New best heuristic value for add: 31
[t=3.6316s, 24868 KB] g=96, 42026 evaluated, 96 expanded
[t=3.63596s, 25000 KB] New best heuristic value for add: 30
[t=3.63603s, 25000 KB] g=96, 42123 evaluated, 96 expanded
[t=3.64125s, 25000 KB] New best heuristic value for add: 29
[t=3.64132s, 25000 KB] g=97, 42239 evaluated, 97 expanded
[t=3.64597s, 25000 KB] New best heuristic value for add: 28
[t=3.64604s, 25000 KB] g=97, 42343 evaluated, 97 expanded
[t=3.65062s, 25000 KB] New best heuristic value for add: 27
[t=3.65069s, 25000 KB] g=98, 42445 evaluated, 98 expanded
[t=3.65595s, 25000 KB] New best heuristic value for add: 26
[t=3.65602s, 25000 KB] g=98, 42563 evaluated, 98 expanded
[t=3.65966s, 25000 KB] New best heuristic value for add: 25
[t=3.65974s, 25000 KB] g=99, 42642 evaluated, 99 expanded
[t=3.66502s, 25000 KB] New best heuristic value for add: 24
[t=3.6651s, 25000 KB] g=99, 42762 evaluated, 99 expanded
[t=3.66822s, 25000 KB] New best heuristic value for add: 23
[t=3.66828s, 25000 KB] g=100, 42832 evaluated, 100 expanded
[t=3.67631s, 25132 KB] New best heuristic value for add: 22
[t=3.67639s, 25132 KB] g=101, 43015 evaluated, 101 expanded
[t=3.68407s, 25132 KB] New best heuristic value for add: 21
[t=3.68415s, 25132 KB] g=102, 43191 evaluated, 102 expanded
[t=3.69157s, 25132 KB] New best heuristic value for add: 20
[t=3.69165s, 25132 KB] g=103, 43362 evaluated, 103 expanded
[t=3.69882s, 25132 KB] New best heuristic value for add: 19
[t=3.6989s, 25132 KB] g=104, 43528 evaluated, 104 expanded
[t=3.70568s, 25132 KB] New best heuristic value for add: 18
[t=3.70575s, 25132 KB] g=105, 43686 evaluated, 105 expanded
[t=3.71245s, 25132 KB] New best heuristic value for add: 17
[t=3.71252s, 25132 KB] g=106, 43843 evaluated, 106 expanded
[t=3.71896s, 25264 KB] New best heuristic value for add: 16
[t=3.71904s, 25264 KB] g=107, 43994 evaluated, 107 expanded
[t=3.7254s, 25264 KB] New best heuristic value for add: 15
[t=3.72547s, 25264 KB] g=108, 44145 evaluated, 108 expanded
[t=3.73129s, 25264 KB] New best heuristic value for add: 14
[t=3.73136s, 25264 KB] g=109, 44284 evaluated, 109 expanded
[t=3.73698s, 25264 KB] New best heuristic value for add: 13
[t=3.73706s, 25264 KB] g=110, 44419 evaluated, 110 expanded
[t=3.74247s, 25264 KB] New best heuristic value for add: 12
[t=3.74255s, 25264 KB] g=111, 44550 evaluated, 111 expanded
[t=3.74788s, 25264 KB] New best heuristic value for add: 11
[t=3.74795s, 25264 KB] g=112, 44680 evaluated, 112 expanded
[t=3.75305s, 25264 KB] New best heuristic value for add: 10
[t=3.75312s, 25264 KB] g=113, 44805 evaluated, 113 expanded
[t=3.75794s, 25396 KB] New best heuristic value for add: 9
[t=3.75802s, 25396 KB] g=114, 44924 evaluated, 114 expanded
[t=3.76267s, 25396 KB] New best heuristic value for add: 8
[t=3.76274s, 25396 KB] g=115, 45039 evaluated, 115 expanded
[t=3.76721s, 25396 KB] New best heuristic value for add: 7
[t=3.76729s, 25396 KB] g=116, 45150 evaluated, 116 expanded
[t=3.7724s, 25396 KB] New best heuristic value for add: 6
[t=3.77247s, 25396 KB] g=117, 45278 evaluated, 117 expanded
[t=3.77671s, 25396 KB] New best heuristic value for add: 5
[t=3.77678s, 25396 KB] g=118, 45385 evaluated, 118 expanded
[t=3.78076s, 25396 KB] New best heuristic value for add: 4
[t=3.78082s, 25396 KB] g=119, 45486 evaluated, 119 expanded
[t=3.7848s, 25396 KB] New best heuristic value for add: 3
[t=3.78486s, 25396 KB] g=120, 45587 evaluated, 120 expanded
[t=3.7886s, 25396 KB] New best heuristic value for add: 2
[t=3.78867s, 25396 KB] g=121, 45683 evaluated, 121 expanded
[t=3.79222s, 25396 KB] New best heuristic value for add: 1
[t=3.79229s, 25396 KB] g=122, 45775 evaluated, 122 expanded
[t=3.79584s, 25528 KB] New best heuristic value for add: 0
[t=3.79591s, 25528 KB] g=123, 45868 evaluated, 123 expanded
[t=3.79639s, 25528 KB] Solution found!
[t=3.79649s, 25528 KB] Actual search time: 3.77815s
workat d147 fra (1)
workat d82 ber (1)
workat d58 fra (1)
workat d94 ber (1)
workat d74 ham (1)
workat d191 ber (1)
workat d190 ham (1)
workat d163 ber (1)
workat d98 ham (1)
workat d6 ber (1)
workat d44 ham (1)
workat d129 fra (1)
workat d119 ber (1)
workat d73 fra (1)
workat d45 fra (1)
workat d33 ham (1)
workat d197 ber (1)
workat d116 ham (1)
workat d29 fra (1)
workat d22 fra (1)
workat d175 ber (1)
workat d167 fra (1)
workat d81 fra (1)
workat d53 ber (1)
workat d19 ber (1)
workat d97 fra (1)
workat d8 fra (1)
workat d7 fra (1)
workat d63 fra (1)
workat d61 ber (1)
workat d24 ham (1)
workat d172 fra (1)
workat d169 ber (1)
workat d133 fra (1)
workat d9 fra (1)
workat d180 ber (1)
workat d151 fra (1)
workat d143 ber (1)
workat d128 ber (1)
workat d59 ber (1)
workat d51 fra (1)
workat d23 ber (1)
workat d198 ham (1)
workat d141 ham (1)
workat d113 ber (1)
workat d68 ber (1)
workat d168 ham (1)
workat d164 ber (1)
workat d124 ham (1)
workat d91 fra (1)
workat d83 ber (1)
workat d79 ber (1)
workat d70 ham (1)
workat d195 ham (1)
workat d188 ber (1)
workat d181 ber (1)
workat d159 ber (1)
workat d153 ber (1)
workat d135 ber (1)
workat d93 ham (1)
workat d78 ham (1)
workat d77 ham (1)
workat d71 ber (1)
workat d38 ham (1)
workat d37 ber (1)
workat d182 fra (1)
workat d178 fra (1)
workat d162 ham (1)
workat d152 fra (1)
workat d101 fra (1)
workat d95 ham (1)
workat d87 ham (1)
workat d85 ber (1)
workat d62 ber (1)
workat d5 ber (1)
workat d43 ham (1)
workat d3 fra (1)
workat d193 fra (1)
workat d189 fra (1)
workat d187 ber (1)
workat d173 ber (1)
workat d161 ber (1)
workat d14 ber (1)
workat d131 ham (1)
workat d89 ham (1)
workat d86 fra (1)
workat d84 ham (1)
workat d75 fra (1)
workat d69 ham (1)
workat d55 ber (1)
workat d47 fra (1)
workat d40 fra (1)
workat d27 ham (1)
workat d26 ber (1)
workat d171 fra (1)
workat d170 fra (1)
workat d16 fra (1)
workat d145 ham (1)
workat d139 fra (1)
workat d96 ber (1)
workat d92 ham (1)
workat d88 ham (1)
workat d80 fra (1)
workat d76 fra (1)
workat d72 ber (1)
workat d64 ham (1)
workat d54 ham (1)
workat d41 ham (1)
workat d4 ham (1)
workat d39 ham (1)
workat d35 ham (1)
workat d25 ber (1)
workat d20 ham (1)
workat d2 ham (1)
workat d199 fra (1)
workat d196 fra (1)
workat d15 fra (1)
workat d144 ham (1)
workat d138 ber (1)
workat d132 ham (1)
workat d126 fra (1)
workat d120 ham (1)
workat d109 ham (1)
[t=3.79653s, 25528 KB] Plan length: 123 step(s).
[t=3.79653s, 25528 KB] Plan cost: 123
[t=3.79653s, 25528 KB] Expanded 124 state(s).
[t=3.79653s, 25528 KB] Reopened 0 state(s).
[t=3.79653s, 25528 KB] Evaluated 45880 state(s).
[t=3.79653s, 25528 KB] Evaluations: 45880
[t=3.79653s, 25528 KB] Generated 51291 state(s).
[t=3.79653s, 25528 KB] Dead ends: 0 state(s).
[t=3.79653s, 25528 KB] Number of registered states: 45880
[t=3.79653s, 25528 KB] Int hash set load factor: 45880/65536 = 0.700073
[t=3.79653s, 25528 KB] Int hash set resizes: 16
[t=3.79653s, 25528 KB] mean number of q cost that have been adjusted 0 times in relation to total number of q: -1
[t=3.79653s, 25528 KB] mean number of q cost that have been adjusted 1 times in relation to total number of q: -1
[t=3.79653s, 25528 KB] mean number of q cost that have been adjusted 2 times in relation to total number of q: -1
[t=3.79653s, 25528 KB] mean number of q that are at some point overconsitent in relation to total number of q: -1
[t=3.79653s, 25528 KB] mean number of q that are at first underconsisten in relation to total number of q: -1
[t=3.79653s, 25528 KB] mean number of state variables that are not in common between two following states in relation to total number of state variables: -1
[t=3.79653s, 25528 KB] variance number of state variables that are not in common between two following states in relation to total number of state variables: -1
[t=3.79653s, 25528 KB] Search time: 3.77861s
[t=3.79653s, 25528 KB] Total time: 3.79653s
Solution found.
Peak memory: 25528 KB
Remove intermediate file output.sas
search exit code: 0

INFO     Running validate.
INFO     validate stdin: None
INFO     validate time limit: None
INFO     validate memory limit: None
INFO     validate command line string: validate domain.pddl problem.pddl sas_plan
