INFO     Running translator.
INFO     translator stdin: None
INFO     translator time limit: 1799.96s
INFO     translator memory limit: 3584 MB
INFO     translator command line string: /infai/weidan00/downward/experiments/bachelor/.venv/bin/python3 /infai/weidan00/downward/experiments/bachelor/data/bachelor-v1/code-7aa5f34_e5e41175/builds/release/bin/translate/translate.py domain.pddl problem.pddl --sas-file output.sas
Parsing...
Parsing: [0.000s CPU, 0.002s wall-clock]
Normalizing task... [0.000s CPU, 0.000s wall-clock]
Instantiating...
Generating Datalog program... [0.000s CPU, 0.000s wall-clock]
Normalizing Datalog program...
Normalizing Datalog program: [0.000s CPU, 0.004s wall-clock]
Preparing model... [0.000s CPU, 0.001s wall-clock]
Generated 45 rules.
Computing model... [0.010s CPU, 0.002s wall-clock]
86 relevant atoms
139 auxiliary atoms
225 final queue length
234 total queue pushes
Completing instantiation... [0.000s CPU, 0.001s wall-clock]
Instantiating: [0.010s CPU, 0.008s wall-clock]
Computing fact groups...
Finding invariants...
18 initial candidates
Finding invariants: [0.000s CPU, 0.005s wall-clock]
Checking invariant weight... [0.000s CPU, 0.000s wall-clock]
Instantiating groups... [0.000s CPU, 0.000s wall-clock]
Collecting mutex groups... [0.000s CPU, 0.000s wall-clock]
Choosing groups...
0 uncovered facts
Choosing groups: [0.000s CPU, 0.000s wall-clock]
Building translation key... [0.000s CPU, 0.000s wall-clock]
Computing fact groups: [0.000s CPU, 0.006s wall-clock]
Building STRIPS to SAS dictionary... [0.000s CPU, 0.000s wall-clock]
Building dictionary for full mutex groups... [0.000s CPU, 0.000s wall-clock]
Building mutex information...
Building mutex information: [0.000s CPU, 0.000s wall-clock]
Translating task...
Processing axioms...
Simplifying axioms... [0.000s CPU, 0.000s wall-clock]
Processing axioms: [0.000s CPU, 0.000s wall-clock]
Translating task: [0.000s CPU, 0.001s wall-clock]
0 effect conditions simplified
0 implied preconditions added
Detecting unreachable propositions...
0 operators removed
0 axioms removed
17 propositions removed
Detecting unreachable propositions: [0.000s CPU, 0.001s wall-clock]
Reordering and filtering variables...
17 of 17 variables necessary.
0 of 17 mutex groups necessary.
14 of 14 operators necessary.
0 of 0 axiom rules necessary.
Reordering and filtering variables: [0.000s CPU, 0.000s wall-clock]
Translator variables: 17
Translator derived variables: 0
Translator facts: 34
Translator goal facts: 4
Translator mutex groups: 0
Translator total mutex groups size: 0
Translator operators: 14
Translator axioms: 0
Translator task size: 133
Translator peak memory: 142540 KB
Writing output... [0.000s CPU, 0.002s wall-clock]
Done! [0.010s CPU, 0.022s wall-clock]
translate exit code: 0

INFO     Running search (release).
INFO     search stdin: output.sas
INFO     search time limit: 1799.89s
INFO     search memory limit: 3584 MB
INFO     search command line string: /infai/weidan00/downward/experiments/bachelor/data/bachelor-v1/code-7aa5f34_e5e41175/builds/release/bin/downward --search 'eager_wastar([pinch_tracking()], w=2)' --internal-plan-file sas_plan < output.sas
[t=6.6611e-05s, 17204 KB] reading input...
[t=0.000451371s, 17212 KB] done reading input!
[t=0.00220594s, 17472 KB] Simplifying 26 unary operators... done! [26 unary operators]
[t=0.00230396s, 17472 KB] time to simplify: 0.000147974s
[t=0.0023657s, 17472 KB] Initializing pinch tracking heuristic...
[t=0.00247571s, 17472 KB] Building successor generator...done!
[t=0.00262108s, 17472 KB] peak memory difference for successor generator creation: 0 KB
[t=0.00265905s, 17472 KB] time for successor generation creation: 2.5059e-05s
[t=0.00270467s, 17472 KB] Variables: 17
[t=0.00274426s, 17472 KB] FactPairs: 34
[t=0.00278383s, 17472 KB] Bytes per state: 4
[t=0.00289413s, 17472 KB] Conducting best first search with reopening closed nodes, (real) bound = 2147483647
[t=0.00299529s, 17472 KB] New best heuristic value for pinch_tracking: 20
[t=0.00303784s, 17472 KB] g=0, 1 evaluated, 0 expanded
[t=0.00308782s, 17472 KB] Initial heuristic value for pinch_tracking: 20
[t=0.00312891s, 17472 KB] pruning method: none
[t=0.00318776s, 17472 KB] New best heuristic value for pinch_tracking: 16
[t=0.00322905s, 17472 KB] g=1, 2 evaluated, 1 expanded
[t=0.00327774s, 17472 KB] New best heuristic value for pinch_tracking: 15
[t=0.00331833s, 17472 KB] g=2, 3 evaluated, 2 expanded
[t=0.00338598s, 17472 KB] New best heuristic value for pinch_tracking: 14
[t=0.00342737s, 17472 KB] g=3, 8 evaluated, 3 expanded
[t=0.00349336s, 17472 KB] New best heuristic value for pinch_tracking: 13
[t=0.00353459s, 17472 KB] g=4, 13 evaluated, 4 expanded
[t=0.00359486s, 17472 KB] New best heuristic value for pinch_tracking: 12
[t=0.00363548s, 17472 KB] g=5, 17 evaluated, 5 expanded
[t=0.00371746s, 17472 KB] New best heuristic value for pinch_tracking: 11
[t=0.00375859s, 17472 KB] g=6, 21 evaluated, 6 expanded
[t=0.00380939s, 17472 KB] New best heuristic value for pinch_tracking: 10
[t=0.00384999s, 17472 KB] g=7, 23 evaluated, 7 expanded
[t=0.00390385s, 17472 KB] New best heuristic value for pinch_tracking: 9
[t=0.00394476s, 17472 KB] g=8, 26 evaluated, 8 expanded
[t=0.00399826s, 17472 KB] New best heuristic value for pinch_tracking: 8
[t=0.00403918s, 17472 KB] g=9, 29 evaluated, 9 expanded
[t=0.00408462s, 17472 KB] New best heuristic value for pinch_tracking: 7
[t=0.00412483s, 17472 KB] g=10, 30 evaluated, 10 expanded
[t=0.00416997s, 17472 KB] New best heuristic value for pinch_tracking: 6
[t=0.00421043s, 17472 KB] g=11, 31 evaluated, 11 expanded
[t=0.00426959s, 17472 KB] New best heuristic value for pinch_tracking: 5
[t=0.0043102s, 17472 KB] g=12, 34 evaluated, 12 expanded
[t=0.00435605s, 17472 KB] New best heuristic value for pinch_tracking: 4
[t=0.00439653s, 17472 KB] g=13, 35 evaluated, 13 expanded
[t=0.0044459s, 17472 KB] New best heuristic value for pinch_tracking: 3
[t=0.00449304s, 17472 KB] g=14, 37 evaluated, 14 expanded
[t=0.00454358s, 17472 KB] New best heuristic value for pinch_tracking: 2
[t=0.00458368s, 17472 KB] g=14, 39 evaluated, 16 expanded
[t=0.00462867s, 17472 KB] New best heuristic value for pinch_tracking: 1
[t=0.0046695s, 17472 KB] g=15, 40 evaluated, 17 expanded
[t=0.00472076s, 17472 KB] New best heuristic value for pinch_tracking: 0
[t=0.00476075s, 17472 KB] g=16, 43 evaluated, 18 expanded
[t=0.0048014s, 17472 KB] Solution found!
[t=0.00484322s, 17472 KB] Actual search time: 0.00170994s
drive truck1 depot1 market1 (1)
buy truck1 goods4 market1 level0 level1 level0 level1 (1)
load goods4 truck1 market1 level0 level1 level0 level1 (1)
buy truck1 goods3 market1 level0 level1 level0 level1 (1)
load goods3 truck1 market1 level0 level1 level0 level1 (1)
buy truck1 goods2 market1 level0 level1 level0 level1 (1)
drive truck1 market1 depot1 (1)
unload goods4 truck1 depot1 level0 level1 level0 level1 (1)
unload goods3 truck1 depot1 level0 level1 level0 level1 (1)
drive truck1 depot1 market1 (1)
load goods2 truck1 market1 level0 level1 level0 level1 (1)
buy truck1 goods1 market1 level0 level1 level0 level1 (1)
load goods1 truck1 market1 level0 level1 level0 level1 (1)
drive truck1 market1 depot1 (1)
unload goods2 truck1 depot1 level0 level1 level0 level1 (1)
unload goods1 truck1 depot1 level0 level1 level0 level1 (1)
[t=0.00488601s, 17472 KB] Plan length: 16 step(s).
[t=0.00488601s, 17472 KB] Plan cost: 16
[t=0.00488601s, 17472 KB] Expanded 19 state(s).
[t=0.00488601s, 17472 KB] Reopened 0 state(s).
[t=0.00488601s, 17472 KB] Evaluated 43 state(s).
[t=0.00488601s, 17472 KB] Evaluations: 43
[t=0.00488601s, 17472 KB] Generated 47 state(s).
[t=0.00488601s, 17472 KB] Dead ends: 0 state(s).
[t=0.00488601s, 17472 KB] Number of registered states: 43
[t=0.00488601s, 17472 KB] Int hash set load factor: 43/64 = 0.671875
[t=0.00488601s, 17472 KB] Int hash set resizes: 6
[t=0.00488601s, 17472 KB] mean number of q cost that have been adjusted 0 times in relation to total number of q: -1
[t=0.00488601s, 17472 KB] mean number of q cost that have been adjusted 1 times in relation to total number of q: -1
[t=0.00488601s, 17472 KB] mean number of q cost that have been adjusted 2 times in relation to total number of q: -1
[t=0.00488601s, 17472 KB] mean number of q that are at some point overconsitent in relation to total number of q: -1
[t=0.00488601s, 17472 KB] mean number of q that are at first underconsisten in relation to total number of q: -1
[t=0.00488601s, 17472 KB] mean number of state variables that are not in common between two following states in relation to total number of state variables: -1
[t=0.00488601s, 17472 KB] variance number of state variables that are not in common between two following states in relation to total number of state variables: -1
[t=0.00488601s, 17472 KB] Search time: 0.0019926s
[t=0.00488601s, 17472 KB] Total time: 0.00488601s
Solution found.
Peak memory: 17472 KB
Remove intermediate file output.sas
search exit code: 0

INFO     Running validate.
INFO     validate stdin: None
INFO     validate time limit: None
INFO     validate memory limit: None
INFO     validate command line string: validate domain.pddl problem.pddl sas_plan
