INFO     Running translator.
INFO     translator stdin: None
INFO     translator time limit: 1799.96s
INFO     translator memory limit: 3584 MB
INFO     translator command line string: /infai/weidan00/downward/experiments/bachelor/.venv/bin/python3 /infai/weidan00/downward/experiments/bachelor/data/bachelor-v1/code-7aa5f34_e5e41175/builds/release/bin/translate/translate.py domain.pddl problem.pddl --sas-file output.sas
Parsing...
Parsing: [0.010s CPU, 0.010s wall-clock]
Normalizing task... [0.000s CPU, 0.000s wall-clock]
Instantiating...
Generating Datalog program... [0.000s CPU, 0.003s wall-clock]
Normalizing Datalog program...
Normalizing Datalog program: [0.000s CPU, 0.001s wall-clock]
Preparing model... [0.010s CPU, 0.013s wall-clock]
Generated 13 rules.
Computing model... [0.060s CPU, 0.057s wall-clock]
4421 relevant atoms
2782 auxiliary atoms
7203 final queue length
12456 total queue pushes
Completing instantiation... [0.080s CPU, 0.082s wall-clock]
Instantiating: [0.150s CPU, 0.159s wall-clock]
Computing fact groups...
Finding invariants...
6 initial candidates
Finding invariants: [0.000s CPU, 0.001s wall-clock]
Checking invariant weight... [0.000s CPU, 0.001s wall-clock]
Instantiating groups... [0.000s CPU, 0.000s wall-clock]
Collecting mutex groups... [0.000s CPU, 0.000s wall-clock]
Choosing groups...
52 uncovered facts
Choosing groups: [0.000s CPU, 0.000s wall-clock]
Building translation key... [0.000s CPU, 0.000s wall-clock]
Computing fact groups: [0.000s CPU, 0.003s wall-clock]
Building STRIPS to SAS dictionary... [0.000s CPU, 0.000s wall-clock]
Building dictionary for full mutex groups... [0.000s CPU, 0.000s wall-clock]
Building mutex information...
Building mutex information: [0.000s CPU, 0.000s wall-clock]
Translating task...
Processing axioms...
Simplifying axioms... [0.000s CPU, 0.000s wall-clock]
Processing axioms: [0.010s CPU, 0.003s wall-clock]
Translating task: [0.070s CPU, 0.068s wall-clock]
26 effect conditions simplified
0 implied preconditions added
Detecting unreachable propositions...
0 operators removed
0 axioms removed
1 propositions removed
Detecting unreachable propositions: [0.050s CPU, 0.034s wall-clock]
Reordering and filtering variables...
53 of 53 variables necessary.
0 of 1 mutex groups necessary.
2690 of 2690 operators necessary.
0 of 0 axiom rules necessary.
Reordering and filtering variables: [0.000s CPU, 0.008s wall-clock]
Translator variables: 53
Translator derived variables: 0
Translator facts: 156
Translator goal facts: 26
Translator mutex groups: 0
Translator total mutex groups size: 0
Translator operators: 2690
Translator axioms: 0
Translator task size: 8397
Translator peak memory: 150476 KB
Writing output... [0.020s CPU, 0.022s wall-clock]
Done! [0.310s CPU, 0.309s wall-clock]
translate exit code: 0

INFO     Running search (release).
INFO     search stdin: output.sas
INFO     search time limit: 1799.6s
INFO     search memory limit: 3584 MB
INFO     search command line string: /infai/weidan00/downward/experiments/bachelor/data/bachelor-v1/code-7aa5f34_e5e41175/builds/release/bin/downward --search 'eager_wastar([add()], w=2)' --internal-plan-file sas_plan < output.sas
[t=5.5641e-05s, 17204 KB] reading input...
[t=0.00971406s, 17732 KB] done reading input!
[t=0.0120916s, 18128 KB] Simplifying 2730 unary operators... done! [2730 unary operators]
[t=0.0132853s, 18392 KB] time to simplify: 0.00132396s
[t=0.0135084s, 18392 KB] Initializing additive heuristic...
[t=0.0136481s, 18392 KB] Building successor generator...done!
[t=0.0142662s, 18424 KB] peak memory difference for successor generator creation: 32 KB
[t=0.0143065s, 18424 KB] time for successor generation creation: 0.000491466s
[t=0.0143668s, 18424 KB] Variables: 53
[t=0.0144065s, 18424 KB] FactPairs: 156
[t=0.0144459s, 18424 KB] Bytes per state: 8
[t=0.0145726s, 18424 KB] Conducting best first search with reopening closed nodes, (real) bound = 2147483647
[t=0.0147007s, 18424 KB] New best heuristic value for add: 104
[t=0.0147441s, 18424 KB] g=0, 1 evaluated, 0 expanded
[t=0.0147962s, 18424 KB] Initial heuristic value for add: 104
[t=0.0148368s, 18424 KB] pruning method: none
[t=0.0149371s, 18424 KB] New best heuristic value for add: 102
[t=0.0149788s, 18424 KB] g=1, 3 evaluated, 1 expanded
[t=0.0151095s, 18424 KB] New best heuristic value for add: 101
[t=0.0151505s, 18424 KB] g=1, 7 evaluated, 1 expanded
[t=0.0161574s, 18424 KB] New best heuristic value for add: 100
[t=0.0162018s, 18424 KB] g=2, 53 evaluated, 2 expanded
[t=0.0173404s, 18424 KB] New best heuristic value for add: 98
[t=0.0173903s, 18424 KB] g=4, 105 evaluated, 4 expanded
[t=0.0175052s, 18424 KB] New best heuristic value for add: 97
[t=0.0175468s, 18424 KB] g=5, 108 evaluated, 5 expanded
[t=0.0176736s, 18424 KB] New best heuristic value for add: 96
[t=0.017715s, 18424 KB] g=5, 112 evaluated, 5 expanded
[t=0.0186987s, 18424 KB] New best heuristic value for add: 95
[t=0.0187422s, 18424 KB] g=6, 157 evaluated, 6 expanded
[t=0.0190199s, 18424 KB] New best heuristic value for add: 94
[t=0.019062s, 18424 KB] g=7, 168 evaluated, 7 expanded
[t=0.0199595s, 18424 KB] New best heuristic value for add: 92
[t=0.0200024s, 18424 KB] g=8, 209 evaluated, 9 expanded
[t=0.0201553s, 18424 KB] New best heuristic value for add: 91
[t=0.0201966s, 18424 KB] g=9, 214 evaluated, 10 expanded
[t=0.020286s, 18424 KB] New best heuristic value for add: 90
[t=0.020327s, 18424 KB] g=9, 216 evaluated, 10 expanded
[t=0.0213297s, 18424 KB] New best heuristic value for add: 89
[t=0.021373s, 18424 KB] g=10, 261 evaluated, 12 expanded
[t=0.0215641s, 18424 KB] New best heuristic value for add: 88
[t=0.0216056s, 18424 KB] g=11, 268 evaluated, 13 expanded
[t=0.02258s, 18424 KB] New best heuristic value for add: 86
[t=0.0226232s, 18424 KB] g=12, 313 evaluated, 15 expanded
[t=0.022773s, 18424 KB] New best heuristic value for add: 85
[t=0.0228146s, 18424 KB] g=13, 318 evaluated, 16 expanded
[t=0.0228976s, 18424 KB] New best heuristic value for add: 84
[t=0.022938s, 18424 KB] g=13, 320 evaluated, 16 expanded
[t=0.0239012s, 18424 KB] New best heuristic value for add: 82
[t=0.0239443s, 18424 KB] g=14, 365 evaluated, 18 expanded
[t=0.024102s, 18424 KB] New best heuristic value for add: 81
[t=0.024144s, 18424 KB] g=15, 370 evaluated, 19 expanded
[t=0.0242268s, 18424 KB] New best heuristic value for add: 80
[t=0.0242681s, 18424 KB] g=15, 372 evaluated, 19 expanded
[t=0.0252269s, 18424 KB] New best heuristic value for add: 78
[t=0.0252718s, 18424 KB] g=16, 417 evaluated, 21 expanded
[t=0.025422s, 18424 KB] New best heuristic value for add: 77
[t=0.0254643s, 18424 KB] g=17, 422 evaluated, 22 expanded
[t=0.0255473s, 18424 KB] New best heuristic value for add: 76
[t=0.0255895s, 18424 KB] g=17, 424 evaluated, 22 expanded
[t=0.0265383s, 18424 KB] New best heuristic value for add: 74
[t=0.0265834s, 18424 KB] g=18, 469 evaluated, 24 expanded
[t=0.0267311s, 18424 KB] New best heuristic value for add: 73
[t=0.0267751s, 18424 KB] g=19, 474 evaluated, 25 expanded
[t=0.0268578s, 18424 KB] New best heuristic value for add: 72
[t=0.0269054s, 18424 KB] g=19, 476 evaluated, 25 expanded
[t=0.0279085s, 18424 KB] New best heuristic value for add: 70
[t=0.0279557s, 18424 KB] g=20, 521 evaluated, 27 expanded
[t=0.0281026s, 18424 KB] New best heuristic value for add: 69
[t=0.028146s, 18424 KB] g=21, 526 evaluated, 28 expanded
[t=0.0282291s, 18424 KB] New best heuristic value for add: 68
[t=0.0282699s, 18424 KB] g=21, 528 evaluated, 28 expanded
[t=0.0292049s, 18424 KB] New best heuristic value for add: 67
[t=0.0292502s, 18424 KB] g=22, 573 evaluated, 30 expanded
[t=0.0294348s, 18424 KB] New best heuristic value for add: 66
[t=0.0294775s, 18424 KB] g=23, 580 evaluated, 31 expanded
[t=0.0304097s, 18424 KB] New best heuristic value for add: 65
[t=0.0304545s, 18424 KB] g=24, 625 evaluated, 33 expanded
[t=0.0306362s, 18424 KB] New best heuristic value for add: 64
[t=0.0306783s, 18424 KB] g=25, 632 evaluated, 34 expanded
[t=0.0316094s, 18424 KB] New best heuristic value for add: 62
[t=0.0316554s, 18424 KB] g=26, 677 evaluated, 36 expanded
[t=0.0318051s, 18424 KB] New best heuristic value for add: 61
[t=0.031847s, 18424 KB] g=27, 682 evaluated, 37 expanded
[t=0.03193s, 18424 KB] New best heuristic value for add: 60
[t=0.0319727s, 18424 KB] g=27, 684 evaluated, 37 expanded
[t=0.0329992s, 18424 KB] New best heuristic value for add: 59
[t=0.0330454s, 18424 KB] g=29, 734 evaluated, 40 expanded
[t=0.0332634s, 18424 KB] New best heuristic value for add: 58
[t=0.033307s, 18424 KB] g=29, 743 evaluated, 40 expanded
[t=0.0341879s, 18424 KB] New best heuristic value for add: 57
[t=0.034235s, 18424 KB] g=31, 784 evaluated, 46 expanded
[t=0.0344114s, 18424 KB] New best heuristic value for add: 56
[t=0.0344536s, 18424 KB] g=31, 791 evaluated, 46 expanded
[t=0.0354586s, 18424 KB] New best heuristic value for add: 55
[t=0.0355144s, 18424 KB] g=33, 839 evaluated, 52 expanded
[t=0.0357088s, 18424 KB] New best heuristic value for add: 54
[t=0.0357505s, 18424 KB] g=33, 847 evaluated, 52 expanded
[t=0.0365126s, 18424 KB] New best heuristic value for add: 53
[t=0.0365596s, 18424 KB] g=34, 885 evaluated, 53 expanded
[t=0.0376162s, 18424 KB] New best heuristic value for add: 52
[t=0.0376638s, 18424 KB] g=36, 937 evaluated, 58 expanded
[t=0.0377737s, 18424 KB] New best heuristic value for add: 51
[t=0.0378166s, 18424 KB] g=37, 940 evaluated, 59 expanded
[t=0.0388141s, 18424 KB] New best heuristic value for add: 50
[t=0.0388629s, 18424 KB] g=38, 989 evaluated, 64 expanded
[t=0.0390465s, 18424 KB] New best heuristic value for add: 49
[t=0.0390905s, 18424 KB] g=39, 996 evaluated, 65 expanded
[t=0.0401191s, 18424 KB] New best heuristic value for add: 48
[t=0.0401672s, 18424 KB] g=40, 1041 evaluated, 71 expanded
[t=0.0403587s, 18424 KB] New best heuristic value for add: 47
[t=0.0404026s, 18424 KB] g=41, 1048 evaluated, 72 expanded
[t=0.0413214s, 18424 KB] New best heuristic value for add: 46
[t=0.0413695s, 18424 KB] g=42, 1093 evaluated, 78 expanded
[t=0.0415477s, 18424 KB] New best heuristic value for add: 45
[t=0.0415895s, 18424 KB] g=43, 1100 evaluated, 79 expanded
[t=0.0424838s, 18424 KB] New best heuristic value for add: 44
[t=0.0425291s, 18424 KB] g=44, 1145 evaluated, 84 expanded
[t=0.0426346s, 18424 KB] New best heuristic value for add: 43
[t=0.0426762s, 18424 KB] g=45, 1148 evaluated, 85 expanded
[t=0.0436384s, 18424 KB] New best heuristic value for add: 42
[t=0.0436829s, 18424 KB] g=46, 1197 evaluated, 90 expanded
[t=0.043857s, 18424 KB] New best heuristic value for add: 41
[t=0.0438985s, 18424 KB] g=47, 1204 evaluated, 91 expanded
[t=0.0447567s, 18424 KB] New best heuristic value for add: 40
[t=0.044801s, 18424 KB] g=48, 1249 evaluated, 92 expanded
[t=0.0449744s, 18424 KB] New best heuristic value for add: 39
[t=0.0450162s, 18424 KB] g=49, 1256 evaluated, 93 expanded
[t=0.0458962s, 18424 KB] New best heuristic value for add: 38
[t=0.0459398s, 18424 KB] g=50, 1301 evaluated, 98 expanded
[t=0.0462208s, 18424 KB] New best heuristic value for add: 37
[t=0.0462626s, 18424 KB] g=51, 1314 evaluated, 99 expanded
[t=0.0470309s, 18424 KB] New best heuristic value for add: 36
[t=0.0470755s, 18424 KB] g=52, 1353 evaluated, 104 expanded
[t=0.0473482s, 18424 KB] New best heuristic value for add: 35
[t=0.0473891s, 18424 KB] g=53, 1366 evaluated, 105 expanded
[t=0.0481466s, 18424 KB] New best heuristic value for add: 34
[t=0.0481886s, 18424 KB] g=54, 1405 evaluated, 110 expanded
[t=0.0484595s, 18424 KB] New best heuristic value for add: 33
[t=0.0485008s, 18424 KB] g=55, 1418 evaluated, 111 expanded
[t=0.0492556s, 18424 KB] New best heuristic value for add: 32
[t=0.0492989s, 18424 KB] g=56, 1457 evaluated, 116 expanded
[t=0.0495668s, 18424 KB] New best heuristic value for add: 31
[t=0.0496081s, 18424 KB] g=57, 1470 evaluated, 117 expanded
[t=0.0503538s, 18424 KB] New best heuristic value for add: 30
[t=0.050397s, 18424 KB] g=58, 1509 evaluated, 122 expanded
[t=0.050663s, 18424 KB] New best heuristic value for add: 29
[t=0.050705s, 18424 KB] g=59, 1522 evaluated, 123 expanded
[t=0.0514409s, 18424 KB] New best heuristic value for add: 28
[t=0.0514852s, 18424 KB] g=60, 1561 evaluated, 127 expanded
[t=0.0515874s, 18424 KB] New best heuristic value for add: 27
[t=0.0516284s, 18424 KB] g=61, 1564 evaluated, 128 expanded
[t=0.0525232s, 18424 KB] New best heuristic value for add: 26
[t=0.0525673s, 18424 KB] g=62, 1613 evaluated, 132 expanded
[t=0.0528358s, 18424 KB] New best heuristic value for add: 25
[t=0.0528789s, 18424 KB] g=63, 1626 evaluated, 133 expanded
[t=0.053599s, 18424 KB] New best heuristic value for add: 24
[t=0.0536418s, 18424 KB] g=64, 1665 evaluated, 137 expanded
[t=0.053907s, 18424 KB] New best heuristic value for add: 23
[t=0.0539504s, 18424 KB] g=65, 1678 evaluated, 138 expanded
[t=0.0546674s, 18424 KB] New best heuristic value for add: 22
[t=0.0547186s, 18424 KB] g=66, 1717 evaluated, 142 expanded
[t=0.0549768s, 18424 KB] New best heuristic value for add: 21
[t=0.0550185s, 18424 KB] g=67, 1730 evaluated, 143 expanded
[t=0.0557373s, 18424 KB] New best heuristic value for add: 20
[t=0.055783s, 18424 KB] g=68, 1769 evaluated, 147 expanded
[t=0.0560376s, 18424 KB] New best heuristic value for add: 19
[t=0.0560788s, 18424 KB] g=69, 1782 evaluated, 148 expanded
[t=0.0567685s, 18424 KB] New best heuristic value for add: 18
[t=0.0568109s, 18424 KB] g=70, 1821 evaluated, 150 expanded
[t=0.0570647s, 18424 KB] New best heuristic value for add: 17
[t=0.0571053s, 18424 KB] g=71, 1834 evaluated, 151 expanded
[t=0.0578004s, 18424 KB] New best heuristic value for add: 16
[t=0.0578427s, 18424 KB] g=72, 1873 evaluated, 154 expanded
[t=0.058093s, 18424 KB] New best heuristic value for add: 15
[t=0.0581343s, 18424 KB] g=73, 1886 evaluated, 155 expanded
[t=0.0587953s, 18424 KB] New best heuristic value for add: 14
[t=0.058838s, 18424 KB] g=74, 1925 evaluated, 156 expanded
[t=0.0592487s, 18424 KB] New best heuristic value for add: 13
[t=0.0592898s, 18424 KB] g=75, 1948 evaluated, 157 expanded
[t=0.0598097s, 18424 KB] New best heuristic value for add: 12
[t=0.0598529s, 18424 KB] g=76, 1977 evaluated, 159 expanded
[t=0.0602732s, 18424 KB] New best heuristic value for add: 11
[t=0.0603143s, 18424 KB] g=77, 2001 evaluated, 160 expanded
[t=0.0610118s, 18424 KB] New best heuristic value for add: 10
[t=0.0610573s, 18424 KB] g=78, 2029 evaluated, 162 expanded
[t=0.0614834s, 18424 KB] New best heuristic value for add: 9
[t=0.0615285s, 18424 KB] g=79, 2053 evaluated, 163 expanded
[t=0.0620049s, 18424 KB] New best heuristic value for add: 8
[t=0.0620482s, 18424 KB] g=80, 2081 evaluated, 164 expanded
[t=0.0627547s, 18424 KB] New best heuristic value for add: 7
[t=0.0627977s, 18424 KB] g=81, 2124 evaluated, 165 expanded
[t=0.0629881s, 18424 KB] New best heuristic value for add: 6
[t=0.0630289s, 18424 KB] g=82, 2133 evaluated, 166 expanded
[t=0.0638124s, 18424 KB] New best heuristic value for add: 5
[t=0.0638563s, 18424 KB] g=83, 2182 evaluated, 167 expanded
[t=0.063955s, 18424 KB] New best heuristic value for add: 4
[t=0.0639964s, 18424 KB] g=84, 2185 evaluated, 168 expanded
[t=0.0647804s, 18424 KB] New best heuristic value for add: 3
[t=0.0648246s, 18424 KB] g=85, 2235 evaluated, 169 expanded
[t=0.0649076s, 18424 KB] New best heuristic value for add: 2
[t=0.0649483s, 18424 KB] g=86, 2237 evaluated, 170 expanded
[t=0.0657289s, 18424 KB] New best heuristic value for add: 1
[t=0.065772s, 18424 KB] g=87, 2288 evaluated, 171 expanded
[t=0.06583s, 18424 KB] New best heuristic value for add: 0
[t=0.0658707s, 18424 KB] g=88, 2289 evaluated, 172 expanded
[t=0.0659124s, 18424 KB] Solution found!
[t=0.0659598s, 18424 KB] Actual search time: 0.0511194s
up f0 f14 (1)
stop f14 (1)
down f14 f10 (1)
stop f10 (1)
down f10 f6 (1)
stop f6 (1)
up f6 f19 (1)
stop f19 (1)
up f19 f25 (1)
stop f25 (1)
up f25 f27 (1)
stop f27 (1)
up f27 f28 (1)
stop f28 (1)
up f28 f34 (1)
stop f34 (1)
up f34 f35 (1)
stop f35 (1)
up f35 f39 (1)
stop f39 (1)
up f39 f40 (1)
stop f40 (1)
up f40 f41 (1)
stop f41 (1)
up f41 f45 (1)
stop f45 (1)
down f45 f12 (1)
stop f12 (1)
down f12 f5 (1)
stop f5 (1)
up f5 f13 (1)
stop f13 (1)
up f13 f14 (1)
stop f14 (1)
down f14 f6 (1)
stop f6 (1)
up f6 f15 (1)
stop f15 (1)
up f15 f16 (1)
stop f16 (1)
up f16 f18 (1)
stop f18 (1)
down f18 f7 (1)
stop f7 (1)
up f7 f20 (1)
stop f20 (1)
down f20 f14 (1)
stop f14 (1)
up f14 f29 (1)
stop f29 (1)
up f29 f30 (1)
stop f30 (1)
up f30 f31 (1)
stop f31 (1)
up f31 f32 (1)
stop f32 (1)
up f32 f33 (1)
stop f33 (1)
down f33 f4 (1)
stop f4 (1)
up f4 f38 (1)
stop f38 (1)
up f38 f40 (1)
stop f40 (1)
up f40 f41 (1)
stop f41 (1)
up f41 f42 (1)
stop f42 (1)
down f42 f25 (1)
stop f25 (1)
up f25 f44 (1)
stop f44 (1)
down f44 f2 (1)
stop f2 (1)
up f2 f46 (1)
stop f46 (1)
up f46 f47 (1)
stop f47 (1)
down f47 f3 (1)
stop f3 (1)
up f3 f48 (1)
stop f48 (1)
up f48 f49 (1)
stop f49 (1)
up f49 f50 (1)
stop f50 (1)
up f50 f51 (1)
stop f51 (1)
[t=0.0660028s, 18424 KB] Plan length: 88 step(s).
[t=0.0660028s, 18424 KB] Plan cost: 88
[t=0.0660028s, 18424 KB] Expanded 173 state(s).
[t=0.0660028s, 18424 KB] Reopened 0 state(s).
[t=0.0660028s, 18424 KB] Evaluated 2289 state(s).
[t=0.0660028s, 18424 KB] Evaluations: 2289
[t=0.0660028s, 18424 KB] Generated 8943 state(s).
[t=0.0660028s, 18424 KB] Dead ends: 0 state(s).
[t=0.0660028s, 18424 KB] Number of registered states: 2289
[t=0.0660028s, 18424 KB] Int hash set load factor: 2289/4096 = 0.558838
[t=0.0660028s, 18424 KB] Int hash set resizes: 12
[t=0.0660028s, 18424 KB] mean number of q cost that have been adjusted 0 times in relation to total number of q: -1
[t=0.0660028s, 18424 KB] mean number of q cost that have been adjusted 1 times in relation to total number of q: -1
[t=0.0660028s, 18424 KB] mean number of q cost that have been adjusted 2 times in relation to total number of q: -1
[t=0.0660028s, 18424 KB] mean number of q that are at some point overconsitent in relation to total number of q: -1
[t=0.0660028s, 18424 KB] mean number of q that are at first underconsisten in relation to total number of q: -1
[t=0.0660028s, 18424 KB] mean number of state variables that are not in common between two following states in relation to total number of state variables: -1
[t=0.0660028s, 18424 KB] variance number of state variables that are not in common between two following states in relation to total number of state variables: -1
[t=0.0660028s, 18424 KB] Search time: 0.0514309s
[t=0.0660028s, 18424 KB] Total time: 0.0660028s
Solution found.
Peak memory: 18424 KB
Remove intermediate file output.sas
search exit code: 0

INFO     Running validate.
INFO     validate stdin: None
INFO     validate time limit: None
INFO     validate memory limit: None
INFO     validate command line string: validate domain.pddl problem.pddl sas_plan
