INFO     Running translator.
INFO     translator stdin: None
INFO     translator time limit: 1799.96s
INFO     translator memory limit: 3584 MB
INFO     translator command line string: /infai/weidan00/downward/experiments/bachelor/.venv/bin/python3 /infai/weidan00/downward/experiments/bachelor/data/bachelor-v1/code-7aa5f34_e5e41175/builds/release/bin/translate/translate.py domain.pddl problem.pddl --sas-file output.sas
Parsing...
Parsing: [0.010s CPU, 0.006s wall-clock]
Normalizing task... [0.000s CPU, 0.000s wall-clock]
Instantiating...
Generating Datalog program... [0.000s CPU, 0.001s wall-clock]
Normalizing Datalog program...
Normalizing Datalog program: [0.000s CPU, 0.002s wall-clock]
Preparing model... [0.000s CPU, 0.003s wall-clock]
Generated 65 rules.
Computing model... [0.010s CPU, 0.013s wall-clock]
1222 relevant atoms
236 auxiliary atoms
1458 final queue length
3731 total queue pushes
Completing instantiation... [0.070s CPU, 0.052s wall-clock]
Instantiating: [0.080s CPU, 0.071s wall-clock]
Computing fact groups...
Finding invariants...
21 initial candidates
Finding invariants: [0.000s CPU, 0.004s wall-clock]
Checking invariant weight... [0.000s CPU, 0.000s wall-clock]
Instantiating groups... [0.000s CPU, 0.000s wall-clock]
Collecting mutex groups... [0.000s CPU, 0.000s wall-clock]
Choosing groups...
452 uncovered facts
Choosing groups: [0.000s CPU, 0.000s wall-clock]
Building translation key... [0.010s CPU, 0.002s wall-clock]
Computing fact groups: [0.010s CPU, 0.011s wall-clock]
Building STRIPS to SAS dictionary... [0.000s CPU, 0.001s wall-clock]
Building dictionary for full mutex groups... [0.000s CPU, 0.000s wall-clock]
Building mutex information...
Building mutex information: [0.000s CPU, 0.000s wall-clock]
Translating task...
Processing axioms...
Simplifying axioms... [0.000s CPU, 0.000s wall-clock]
Processing axioms: [0.000s CPU, 0.004s wall-clock]
Translating task: [0.080s CPU, 0.082s wall-clock]
2569 effect conditions simplified
0 implied preconditions added
Detecting unreachable propositions...
0 operators removed
0 axioms removed
14 propositions removed
Detecting unreachable propositions: [0.030s CPU, 0.029s wall-clock]
Reordering and filtering variables...
234 of 445 variables necessary.
0 of 0 mutex groups necessary.
601 of 601 operators necessary.
0 of 0 axiom rules necessary.
Reordering and filtering variables: [0.030s CPU, 0.028s wall-clock]
Translator variables: 234
Translator derived variables: 0
Translator facts: 468
Translator goal facts: 25
Translator mutex groups: 0
Translator total mutex groups size: 0
Translator operators: 601
Translator axioms: 0
Translator task size: 5786
Translator peak memory: 148684 KB
Writing output... [0.010s CPU, 0.013s wall-clock]
Done! [0.250s CPU, 0.246s wall-clock]
translate exit code: 0

INFO     Running search (release).
INFO     search stdin: output.sas
INFO     search time limit: 1799.67s
INFO     search memory limit: 3584 MB
INFO     search command line string: /infai/weidan00/downward/experiments/bachelor/data/bachelor-v1/code-7aa5f34_e5e41175/builds/release/bin/downward --search 'eager_wastar([pinch_tracking()], w=2)' --internal-plan-file sas_plan < output.sas
[t=5.8625e-05s, 17204 KB] reading input...
[t=0.00614939s, 17476 KB] done reading input!
[t=0.00827625s, 17924 KB] Simplifying 2532 unary operators... done! [2021 unary operators]
[t=0.0104194s, 18056 KB] time to simplify: 0.00223619s
[t=0.0106927s, 18056 KB] Initializing pinch tracking heuristic...
[t=0.010831s, 18056 KB] Building successor generator...done!
[t=0.0112575s, 18056 KB] peak memory difference for successor generator creation: 0 KB
[t=0.0112964s, 18056 KB] time for successor generation creation: 0.000298506s
[t=0.0113458s, 18056 KB] Variables: 234
[t=0.0113855s, 18056 KB] FactPairs: 468
[t=0.0114246s, 18056 KB] Bytes per state: 32
[t=0.0115331s, 18056 KB] Conducting best first search with reopening closed nodes, (real) bound = 2147483647
[t=0.0118451s, 18056 KB] New best heuristic value for pinch_tracking: 25
[t=0.0118895s, 18056 KB] g=0, 1 evaluated, 0 expanded
[t=0.0119388s, 18056 KB] Initial heuristic value for pinch_tracking: 25
[t=0.0119792s, 18056 KB] pruning method: none
[t=0.01508s, 18056 KB] New best heuristic value for pinch_tracking: 24
[t=0.0151287s, 18056 KB] g=1, 65 evaluated, 1 expanded
[t=0.0315421s, 18056 KB] New best heuristic value for pinch_tracking: 23
[t=0.0316021s, 18056 KB] g=2, 467 evaluated, 2 expanded
[t=0.0487124s, 18056 KB] New best heuristic value for pinch_tracking: 22
[t=0.0487718s, 18056 KB] g=3, 992 evaluated, 3 expanded
[t=0.27577s, 18968 KB] New best heuristic value for pinch_tracking: 21
[t=0.275876s, 18968 KB] g=5, 10829 evaluated, 65 expanded
[t=0.281106s, 18968 KB] New best heuristic value for pinch_tracking: 20
[t=0.281163s, 18968 KB] g=6, 10940 evaluated, 66 expanded
[t=0.305633s, 18968 KB] New best heuristic value for pinch_tracking: 19
[t=0.305703s, 18968 KB] g=7, 11532 evaluated, 67 expanded
[t=0.965729s, 20528 KB] New best heuristic value for pinch_tracking: 18
[t=0.965838s, 20528 KB] g=9, 28927 evaluated, 130 expanded
[t=0.973289s, 20528 KB] New best heuristic value for pinch_tracking: 17
[t=0.973343s, 20528 KB] g=10, 29086 evaluated, 131 expanded
[t=0.995441s, 20528 KB] New best heuristic value for pinch_tracking: 16
[t=0.995504s, 20528 KB] g=11, 29634 evaluated, 132 expanded
[t=1.59792s, 22856 KB] New best heuristic value for pinch_tracking: 15
[t=1.59804s, 22856 KB] g=13, 52501 evaluated, 268 expanded
[t=1.60786s, 22856 KB] New best heuristic value for pinch_tracking: 14
[t=1.60792s, 22856 KB] g=14, 52709 evaluated, 269 expanded
[t=2.11642s, 26324 KB] New best heuristic value for pinch_tracking: 13
[t=2.11654s, 26324 KB] g=16, 77441 evaluated, 409 expanded
[t=2.11721s, 26324 KB] New best heuristic value for pinch_tracking: 12
[t=2.11726s, 26324 KB] g=17, 77454 evaluated, 410 expanded
[t=2.72883s, 27808 KB] New best heuristic value for pinch_tracking: 11
[t=2.72894s, 27808 KB] g=19, 106198 evaluated, 574 expanded
[t=2.74051s, 27944 KB] New best heuristic value for pinch_tracking: 10
[t=2.74057s, 27944 KB] g=20, 106442 evaluated, 575 expanded
[t=3.38359s, 34472 KB] New best heuristic value for pinch_tracking: 9
[t=3.3837s, 34472 KB] g=22, 136248 evaluated, 749 expanded
[t=3.39645s, 34472 KB] New best heuristic value for pinch_tracking: 8
[t=3.39651s, 34472 KB] g=23, 136517 evaluated, 750 expanded
[t=4.00919s, 35420 KB] New best heuristic value for pinch_tracking: 7
[t=4.0093s, 35420 KB] g=25, 166885 evaluated, 932 expanded
[t=4.01178s, 35420 KB] New best heuristic value for pinch_tracking: 6
[t=4.01183s, 35420 KB] g=26, 166936 evaluated, 933 expanded
[t=4.59673s, 37044 KB] New best heuristic value for pinch_tracking: 5
[t=4.59684s, 37044 KB] g=28, 196828 evaluated, 1111 expanded
[t=4.61248s, 37044 KB] New best heuristic value for pinch_tracking: 4
[t=4.61255s, 37044 KB] g=29, 197221 evaluated, 1112 expanded
[t=5.37252s, 42220 KB] New best heuristic value for pinch_tracking: 3
[t=5.37263s, 42220 KB] g=31, 231788 evaluated, 1340 expanded
[t=231.547s, 1201136 KB] New best heuristic value for pinch_tracking: 2
[t=231.547s, 1201136 KB] g=32, 11732823 evaluated, 123479 expanded, 8 reopened
[t=232.111s, 1202616 KB] New best heuristic value for pinch_tracking: 1
[t=232.111s, 1202616 KB] g=34, 11760544 evaluated, 123611 expanded, 8 reopened
[t=232.121s, 1202616 KB] New best heuristic value for pinch_tracking: 0
[t=232.121s, 1202616 KB] g=35, 11760756 evaluated, 123612 expanded, 8 reopened
[t=232.127s, 1202616 KB] Solution found!
[t=232.127s, 1202616 KB] Actual search time: 232.115s
do-spray-paint h0 yellow (1)
do-punch i0 one front (1)
do-roll j0 (1)
do-grind r0 (1)
do-time-step  (1)
do-spray-paint m0 yellow (1)
do-lathe o0 (1)
do-punch n0 one back (1)
do-time-step  (1)
do-spray-paint q0 red (1)
do-lathe z0 (1)
do-grind e0 (1)
do-time-step  (1)
do-spray-paint v0 red (1)
do-lathe d0 (1)
do-time-step  (1)
do-spray-paint d0 yellow (1)
do-lathe c0 (1)
do-time-step  (1)
do-spray-paint c0 black (1)
do-lathe f0 (1)
do-time-step  (1)
do-spray-paint a1 black (1)
do-lathe g0 (1)
do-time-step  (1)
do-immersion-paint e0 red (1)
do-lathe w0 (1)
do-time-step  (1)
do-spray-paint g0 blue (1)
do-immersion-paint n0 yellow (1)
do-polish f0 (1)
do-time-step  (1)
do-polish s0 (1)
do-time-step  (1)
do-polish w0 (1)
[t=232.127s, 1202616 KB] Plan length: 35 step(s).
[t=232.127s, 1202616 KB] Plan cost: 35
[t=232.127s, 1202616 KB] Expanded 123613 state(s).
[t=232.127s, 1202616 KB] Reopened 8 state(s).
[t=232.127s, 1202616 KB] Evaluated 11760938 state(s).
[t=232.127s, 1202616 KB] Evaluations: 11760938
[t=232.127s, 1202616 KB] Generated 28079640 state(s).
[t=232.127s, 1202616 KB] Dead ends: 287719 state(s).
[t=232.127s, 1202616 KB] Number of registered states: 11760938
[t=232.127s, 1202616 KB] Int hash set load factor: 11760938/16777216 = 0.701007
[t=232.127s, 1202616 KB] Int hash set resizes: 24
[t=232.127s, 1202616 KB] mean number of q cost that have been adjusted 0 times in relation to total number of q: -1
[t=232.127s, 1202616 KB] mean number of q cost that have been adjusted 1 times in relation to total number of q: -1
[t=232.127s, 1202616 KB] mean number of q cost that have been adjusted 2 times in relation to total number of q: -1
[t=232.127s, 1202616 KB] mean number of q that are at some point overconsitent in relation to total number of q: -1
[t=232.127s, 1202616 KB] mean number of q that are at first underconsisten in relation to total number of q: -1
[t=232.127s, 1202616 KB] mean number of state variables that are not in common between two following states in relation to total number of state variables: -1
[t=232.127s, 1202616 KB] variance number of state variables that are not in common between two following states in relation to total number of state variables: -1
[t=232.127s, 1202616 KB] Search time: 232.116s
[t=232.127s, 1202616 KB] Total time: 232.127s
Solution found.
Peak memory: 1202616 KB
Remove intermediate file output.sas
search exit code: 0

INFO     Running validate.
INFO     validate stdin: None
INFO     validate time limit: None
INFO     validate memory limit: None
INFO     validate command line string: validate domain.pddl problem.pddl sas_plan
