INFO     Running translator.
INFO     translator stdin: None
INFO     translator time limit: 1799.96s
INFO     translator memory limit: 3584 MB
INFO     translator command line string: /infai/weidan00/downward/experiments/bachelor/.venv/bin/python3 /infai/weidan00/downward/experiments/bachelor/data/bachelor-v1/code-7aa5f34_e5e41175/builds/release/bin/translate/translate.py domain.pddl problem.pddl --sas-file output.sas
Parsing...
Parsing: [0.010s CPU, 0.005s wall-clock]
Normalizing task... [0.000s CPU, 0.000s wall-clock]
Instantiating...
Generating Datalog program... [0.000s CPU, 0.001s wall-clock]
Normalizing Datalog program...
Normalizing Datalog program: [0.000s CPU, 0.001s wall-clock]
Preparing model... [0.000s CPU, 0.005s wall-clock]
Generated 13 rules.
Computing model... [0.020s CPU, 0.022s wall-clock]
1761 relevant atoms
1072 auxiliary atoms
2833 final queue length
4786 total queue pushes
Completing instantiation... [0.030s CPU, 0.031s wall-clock]
Instantiating: [0.050s CPU, 0.062s wall-clock]
Computing fact groups...
Finding invariants...
6 initial candidates
Finding invariants: [0.000s CPU, 0.001s wall-clock]
Checking invariant weight... [0.000s CPU, 0.000s wall-clock]
Instantiating groups... [0.000s CPU, 0.000s wall-clock]
Collecting mutex groups... [0.000s CPU, 0.000s wall-clock]
Choosing groups...
32 uncovered facts
Choosing groups: [0.000s CPU, 0.000s wall-clock]
Building translation key... [0.000s CPU, 0.000s wall-clock]
Computing fact groups: [0.010s CPU, 0.002s wall-clock]
Building STRIPS to SAS dictionary... [0.000s CPU, 0.000s wall-clock]
Building dictionary for full mutex groups... [0.000s CPU, 0.000s wall-clock]
Building mutex information...
Building mutex information: [0.000s CPU, 0.000s wall-clock]
Translating task...
Processing axioms...
Simplifying axioms... [0.000s CPU, 0.000s wall-clock]
Processing axioms: [0.000s CPU, 0.001s wall-clock]
Translating task: [0.020s CPU, 0.022s wall-clock]
16 effect conditions simplified
0 implied preconditions added
Detecting unreachable propositions...
0 operators removed
0 axioms removed
1 propositions removed
Detecting unreachable propositions: [0.010s CPU, 0.013s wall-clock]
Reordering and filtering variables...
33 of 33 variables necessary.
0 of 1 mutex groups necessary.
1014 of 1014 operators necessary.
0 of 0 axiom rules necessary.
Reordering and filtering variables: [0.000s CPU, 0.003s wall-clock]
Translator variables: 33
Translator derived variables: 0
Translator facts: 96
Translator goal facts: 16
Translator mutex groups: 0
Translator total mutex groups size: 0
Translator operators: 1014
Translator axioms: 0
Translator task size: 3245
Translator peak memory: 145612 KB
Writing output... [0.010s CPU, 0.010s wall-clock]
Done! [0.110s CPU, 0.121s wall-clock]
translate exit code: 0

INFO     Running search (release).
INFO     search stdin: output.sas
INFO     search time limit: 1799.79s
INFO     search memory limit: 3584 MB
INFO     search command line string: /infai/weidan00/downward/experiments/bachelor/data/bachelor-v1/code-7aa5f34_e5e41175/builds/release/bin/downward --search 'eager_wastar([pinch()], w=2)' --internal-plan-file sas_plan < output.sas
[t=6.1259e-05s, 17204 KB] reading input...
[t=0.00388895s, 17364 KB] done reading input!
[t=0.00590175s, 17760 KB] Simplifying 1040 unary operators... done! [1040 unary operators]
[t=0.00638636s, 17760 KB] time to simplify: 0.000555155s
[t=0.00650874s, 17760 KB] Initializing pinch heuristic...
[t=0.00665952s, 17760 KB] Building successor generator...done!
[t=0.00695575s, 17760 KB] peak memory difference for successor generator creation: 0 KB
[t=0.00699402s, 17760 KB] time for successor generation creation: 0.000168652s
[t=0.00704441s, 17760 KB] Variables: 33
[t=0.00708394s, 17760 KB] FactPairs: 96
[t=0.00712311s, 17760 KB] Bytes per state: 8
[t=0.00723448s, 17760 KB] Conducting best first search with reopening closed nodes, (real) bound = 2147483647
[t=0.00740242s, 17760 KB] New best heuristic value for pinch: 63
[t=0.00744557s, 17760 KB] g=0, 1 evaluated, 0 expanded
[t=0.0075035s, 17760 KB] Initial heuristic value for pinch: 63
[t=0.00754484s, 17760 KB] pruning method: none
[t=0.00759969s, 17760 KB] New best heuristic value for pinch: 62
[t=0.00764044s, 17760 KB] g=1, 2 evaluated, 1 expanded
[t=0.00778545s, 17760 KB] New best heuristic value for pinch: 61
[t=0.00782711s, 17760 KB] g=1, 18 evaluated, 1 expanded
[t=0.00797365s, 17760 KB] New best heuristic value for pinch: 60
[t=0.0080147s, 17760 KB] g=2, 34 evaluated, 2 expanded
[t=0.00820832s, 17760 KB] New best heuristic value for pinch: 59
[t=0.00824935s, 17760 KB] g=3, 60 evaluated, 3 expanded
[t=0.00834938s, 17760 KB] New best heuristic value for pinch: 57
[t=0.00839032s, 17760 KB] g=4, 66 evaluated, 4 expanded
[t=0.00847615s, 17760 KB] New best heuristic value for pinch: 56
[t=0.00851691s, 17760 KB] g=5, 73 evaluated, 5 expanded
[t=0.00868636s, 17760 KB] New best heuristic value for pinch: 55
[t=0.00872684s, 17760 KB] g=5, 95 evaluated, 5 expanded
[t=0.0087933s, 17760 KB] New best heuristic value for pinch: 52
[t=0.0088333s, 17760 KB] g=6, 98 evaluated, 6 expanded
[t=0.00888171s, 17760 KB] New best heuristic value for pinch: 51
[t=0.00892193s, 17760 KB] g=7, 99 evaluated, 7 expanded
[t=0.00899947s, 17760 KB] New best heuristic value for pinch: 50
[t=0.00903943s, 17760 KB] g=7, 105 evaluated, 7 expanded
[t=0.00924634s, 17760 KB] New best heuristic value for pinch: 49
[t=0.00928752s, 17760 KB] g=8, 130 evaluated, 8 expanded
[t=0.00939534s, 17760 KB] New best heuristic value for pinch: 48
[t=0.00943617s, 17760 KB] g=9, 141 evaluated, 9 expanded
[t=0.00960223s, 17760 KB] New best heuristic value for pinch: 47
[t=0.00964235s, 17760 KB] g=10, 162 evaluated, 10 expanded
[t=0.00976799s, 17760 KB] New best heuristic value for pinch: 46
[t=0.00980804s, 17760 KB] g=11, 176 evaluated, 11 expanded
[t=0.00995842s, 17760 KB] New best heuristic value for pinch: 44
[t=0.00999897s, 17760 KB] g=12, 194 evaluated, 12 expanded
[t=0.0100498s, 17760 KB] New best heuristic value for pinch: 43
[t=0.0100901s, 17760 KB] g=13, 195 evaluated, 13 expanded
[t=0.0102124s, 17760 KB] New best heuristic value for pinch: 42
[t=0.0102529s, 17760 KB] g=13, 209 evaluated, 13 expanded
[t=0.0104045s, 17760 KB] New best heuristic value for pinch: 41
[t=0.010445s, 17760 KB] g=14, 226 evaluated, 15 expanded
[t=0.0106098s, 17760 KB] New best heuristic value for pinch: 40
[t=0.0106503s, 17760 KB] g=15, 247 evaluated, 16 expanded
[t=0.0107983s, 17760 KB] New best heuristic value for pinch: 39
[t=0.0108394s, 17760 KB] g=17, 259 evaluated, 19 expanded
[t=0.0110509s, 17760 KB] New best heuristic value for pinch: 38
[t=0.0110916s, 17760 KB] g=17, 287 evaluated, 19 expanded
[t=0.0111803s, 17760 KB] New best heuristic value for pinch: 37
[t=0.0112204s, 17760 KB] g=19, 293 evaluated, 22 expanded
[t=0.0114111s, 17760 KB] New best heuristic value for pinch: 36
[t=0.0114513s, 17760 KB] g=19, 319 evaluated, 22 expanded
[t=0.0115468s, 17760 KB] New best heuristic value for pinch: 35
[t=0.0115873s, 17760 KB] g=21, 326 evaluated, 25 expanded
[t=0.0116574s, 17760 KB] New best heuristic value for pinch: 34
[t=0.0116976s, 17760 KB] g=21, 331 evaluated, 25 expanded
[t=0.0119164s, 17760 KB] New best heuristic value for pinch: 33
[t=0.0119582s, 17760 KB] g=23, 357 evaluated, 29 expanded
[t=0.0121494s, 17760 KB] New best heuristic value for pinch: 32
[t=0.0121902s, 17760 KB] g=23, 383 evaluated, 29 expanded
[t=0.0122969s, 17760 KB] New best heuristic value for pinch: 31
[t=0.0123372s, 17760 KB] g=25, 391 evaluated, 33 expanded
[t=0.012407s, 17760 KB] New best heuristic value for pinch: 30
[t=0.0124477s, 17760 KB] g=25, 396 evaluated, 33 expanded
[t=0.0126505s, 17760 KB] New best heuristic value for pinch: 29
[t=0.0126915s, 17760 KB] g=27, 421 evaluated, 37 expanded
[t=0.012886s, 17760 KB] New best heuristic value for pinch: 28
[t=0.0129267s, 17760 KB] g=27, 447 evaluated, 37 expanded
[t=0.0130432s, 17760 KB] New best heuristic value for pinch: 27
[t=0.0130838s, 17760 KB] g=29, 457 evaluated, 41 expanded
[t=0.0131526s, 17760 KB] New best heuristic value for pinch: 26
[t=0.0131925s, 17760 KB] g=29, 462 evaluated, 41 expanded
[t=0.0133839s, 17760 KB] New best heuristic value for pinch: 25
[t=0.0134252s, 17760 KB] g=31, 485 evaluated, 45 expanded
[t=0.0134959s, 17760 KB] New best heuristic value for pinch: 24
[t=0.013536s, 17760 KB] g=31, 490 evaluated, 45 expanded
[t=0.013852s, 17760 KB] New best heuristic value for pinch: 23
[t=0.0138952s, 17760 KB] g=33, 525 evaluated, 49 expanded
[t=0.0139661s, 17760 KB] New best heuristic value for pinch: 22
[t=0.0140074s, 17760 KB] g=33, 530 evaluated, 49 expanded
[t=0.0142242s, 17760 KB] New best heuristic value for pinch: 21
[t=0.0142658s, 17760 KB] g=35, 558 evaluated, 52 expanded
[t=0.0144064s, 17760 KB] New best heuristic value for pinch: 20
[t=0.0144464s, 17760 KB] g=35, 575 evaluated, 52 expanded
[t=0.0146186s, 17760 KB] New best heuristic value for pinch: 18
[t=0.0146591s, 17760 KB] g=37, 595 evaluated, 55 expanded
[t=0.0149139s, 17760 KB] New best heuristic value for pinch: 16
[t=0.0149558s, 17760 KB] g=39, 630 evaluated, 58 expanded
[t=0.0151998s, 17760 KB] New best heuristic value for pinch: 14
[t=0.015241s, 17760 KB] g=41, 663 evaluated, 61 expanded
[t=0.015493s, 17760 KB] New best heuristic value for pinch: 12
[t=0.0155347s, 17760 KB] g=43, 697 evaluated, 64 expanded
[t=0.0156336s, 17760 KB] New best heuristic value for pinch: 11
[t=0.0156738s, 17760 KB] g=44, 706 evaluated, 65 expanded
[t=0.015906s, 17760 KB] New best heuristic value for pinch: 10
[t=0.0159472s, 17760 KB] g=46, 738 evaluated, 67 expanded
[t=0.0161228s, 17760 KB] New best heuristic value for pinch: 9
[t=0.0161635s, 17760 KB] g=47, 762 evaluated, 68 expanded
[t=0.016264s, 17760 KB] New best heuristic value for pinch: 8
[t=0.0163045s, 17760 KB] g=48, 770 evaluated, 70 expanded
[t=0.0164935s, 17760 KB] New best heuristic value for pinch: 7
[t=0.0165342s, 17760 KB] g=49, 795 evaluated, 71 expanded
[t=0.0166276s, 17760 KB] New best heuristic value for pinch: 6
[t=0.0166682s, 17760 KB] g=50, 802 evaluated, 73 expanded
[t=0.0168547s, 17760 KB] New best heuristic value for pinch: 5
[t=0.0168955s, 17760 KB] g=51, 828 evaluated, 74 expanded
[t=0.0169835s, 17760 KB] New best heuristic value for pinch: 4
[t=0.0170237s, 17760 KB] g=52, 834 evaluated, 76 expanded
[t=0.0172204s, 17760 KB] New best heuristic value for pinch: 3
[t=0.0172613s, 17760 KB] g=53, 862 evaluated, 77 expanded
[t=0.0173354s, 17760 KB] New best heuristic value for pinch: 2
[t=0.0173756s, 17760 KB] g=54, 866 evaluated, 79 expanded
[t=0.0175778s, 17760 KB] New best heuristic value for pinch: 1
[t=0.017619s, 17760 KB] g=55, 895 evaluated, 80 expanded
[t=0.0176809s, 17760 KB] New best heuristic value for pinch: 0
[t=0.0177216s, 17760 KB] g=56, 898 evaluated, 81 expanded
[t=0.0177662s, 17760 KB] Solution found!
[t=0.017812s, 17760 KB] Actual search time: 0.0102625s
up f0 f23 (1)
stop f23 (1)
up f23 f26 (1)
stop f26 (1)
up f26 f29 (1)
stop f29 (1)
down f29 f14 (1)
stop f14 (1)
down f14 f6 (1)
stop f6 (1)
up f6 f17 (1)
stop f17 (1)
up f17 f23 (1)
stop f23 (1)
down f23 f0 (1)
stop f0 (1)
up f0 f1 (1)
stop f1 (1)
up f1 f11 (1)
stop f11 (1)
down f11 f4 (1)
stop f4 (1)
up f4 f12 (1)
stop f12 (1)
down f12 f6 (1)
stop f6 (1)
up f6 f14 (1)
stop f14 (1)
down f14 f8 (1)
stop f8 (1)
up f8 f18 (1)
stop f18 (1)
down f18 f2 (1)
stop f2 (1)
up f2 f19 (1)
stop f19 (1)
up f19 f22 (1)
stop f22 (1)
up f22 f23 (1)
stop f23 (1)
up f23 f25 (1)
stop f25 (1)
down f25 f7 (1)
stop f7 (1)
up f7 f26 (1)
stop f26 (1)
up f26 f27 (1)
stop f27 (1)
up f27 f28 (1)
stop f28 (1)
up f28 f30 (1)
stop f30 (1)
up f30 f31 (1)
stop f31 (1)
down f31 f7 (1)
stop f7 (1)
[t=0.0178543s, 17760 KB] Plan length: 56 step(s).
[t=0.0178543s, 17760 KB] Plan cost: 56
[t=0.0178543s, 17760 KB] Expanded 82 state(s).
[t=0.0178543s, 17760 KB] Reopened 0 state(s).
[t=0.0178543s, 17760 KB] Evaluated 898 state(s).
[t=0.0178543s, 17760 KB] Evaluations: 898
[t=0.0178543s, 17760 KB] Generated 2592 state(s).
[t=0.0178543s, 17760 KB] Dead ends: 0 state(s).
[t=0.0178543s, 17760 KB] Number of registered states: 898
[t=0.0178543s, 17760 KB] Int hash set load factor: 898/1024 = 0.876953
[t=0.0178543s, 17760 KB] Int hash set resizes: 10
[t=0.0178543s, 17760 KB] mean number of q cost that have been adjusted 0 times in relation to total number of q: -1
[t=0.0178543s, 17760 KB] mean number of q cost that have been adjusted 1 times in relation to total number of q: -1
[t=0.0178543s, 17760 KB] mean number of q cost that have been adjusted 2 times in relation to total number of q: -1
[t=0.0178543s, 17760 KB] mean number of q that are at some point overconsitent in relation to total number of q: -1
[t=0.0178543s, 17760 KB] mean number of q that are at first underconsisten in relation to total number of q: -1
[t=0.0178543s, 17760 KB] mean number of state variables that are not in common between two following states in relation to total number of state variables: -1
[t=0.0178543s, 17760 KB] variance number of state variables that are not in common between two following states in relation to total number of state variables: -1
[t=0.0178543s, 17760 KB] Search time: 0.0106204s
[t=0.0178543s, 17760 KB] Total time: 0.0178543s
Solution found.
Peak memory: 17760 KB
Remove intermediate file output.sas
search exit code: 0

INFO     Running validate.
INFO     validate stdin: None
INFO     validate time limit: None
INFO     validate memory limit: None
INFO     validate command line string: validate domain.pddl problem.pddl sas_plan
