INFO     Running translator.
INFO     translator stdin: None
INFO     translator time limit: 1799.95s
INFO     translator memory limit: 3584 MB
INFO     translator command line string: /infai/weidan00/downward/experiments/bachelor/.venv/bin/python3 /infai/weidan00/downward/experiments/bachelor/data/bachelor-v1/code-7aa5f34_e5e41175/builds/release/bin/translate/translate.py domain.pddl problem.pddl --sas-file output.sas
Parsing...
Parsing: [3.660s CPU, 3.682s wall-clock]
Normalizing task... [1.150s CPU, 1.159s wall-clock]
Instantiating...
Generating Datalog program... [1.010s CPU, 0.997s wall-clock]
Normalizing Datalog program...
Normalizing Datalog program: [1.190s CPU, 1.205s wall-clock]
Preparing model... [1.570s CPU, 1.574s wall-clock]
Generated 78562 rules.
Computing model... [0.420s CPU, 0.417s wall-clock]
28939 relevant atoms
0 auxiliary atoms
28939 final queue length
78586 total queue pushes
Completing instantiation... [1.540s CPU, 1.555s wall-clock]
Instantiating: [5.820s CPU, 5.843s wall-clock]
Computing fact groups...
Finding invariants...
2540 initial candidates
Finding invariants: [37.300s CPU, 37.474s wall-clock]
Checking invariant weight... [0.010s CPU, 0.001s wall-clock]
Instantiating groups... [0.000s CPU, 0.000s wall-clock]
Collecting mutex groups... [0.000s CPU, 0.001s wall-clock]
Choosing groups...
2326 uncovered facts
Choosing groups: [0.000s CPU, 0.001s wall-clock]
Building translation key... [0.010s CPU, 0.010s wall-clock]
Computing fact groups: [37.340s CPU, 37.517s wall-clock]
Building STRIPS to SAS dictionary... [0.010s CPU, 0.005s wall-clock]
Building dictionary for full mutex groups... [0.000s CPU, 0.003s wall-clock]
Building mutex information...
Building mutex information: [0.010s CPU, 0.003s wall-clock]
Translating task...
Processing axioms...
Simplifying axioms... [0.000s CPU, 0.000s wall-clock]
Processing axioms: [0.060s CPU, 0.062s wall-clock]
Translating task: [1.600s CPU, 1.613s wall-clock]
1008 effect conditions simplified
0 implied preconditions added
Detecting unreachable propositions...
0 operators removed
0 axioms removed
1 propositions removed
Detecting unreachable propositions: [1.170s CPU, 1.167s wall-clock]
Reordering and filtering variables...
48 of 2343 variables necessary.
0 of 27 mutex groups necessary.
26397 of 26397 operators necessary.
0 of 0 axiom rules necessary.
Reordering and filtering variables: [0.200s CPU, 0.192s wall-clock]
Translator variables: 48
Translator derived variables: 0
Translator facts: 292
Translator goal facts: 15
Translator mutex groups: 0
Translator total mutex groups size: 0
Translator operators: 26397
Translator axioms: 0
Translator task size: 112908
Translator peak memory: 533876 KB
Writing output... [0.210s CPU, 0.245s wall-clock]
Done! [51.220s CPU, 51.481s wall-clock]
translate exit code: 0

INFO     Running search (release).
INFO     search stdin: output.sas
INFO     search time limit: 1748.55s
INFO     search memory limit: 3584 MB
INFO     search command line string: /infai/weidan00/downward/experiments/bachelor/data/bachelor-v1/code-7aa5f34_e5e41175/builds/release/bin/downward --search 'eager_wastar([pinch()], w=2)' --internal-plan-file sas_plan < output.sas
[t=6.4125e-05s, 17204 KB] reading input...
[t=0.12436s, 23120 KB] done reading input!
[t=0.132198s, 25324 KB] Simplifying 29582 unary operators... done! [6027 unary operators]
[t=0.141689s, 25832 KB] time to simplify: 0.0096037s
[t=0.142266s, 25832 KB] Initializing pinch heuristic...
[t=0.14243s, 25832 KB] Building successor generator...done!
[t=0.151122s, 27580 KB] peak memory difference for successor generator creation: 1748 KB
[t=0.151184s, 27580 KB] time for successor generation creation: 0.00827723s
[t=0.151476s, 27580 KB] Variables: 48
[t=0.151536s, 27580 KB] FactPairs: 292
[t=0.151577s, 27580 KB] Bytes per state: 16
[t=0.151729s, 27580 KB] Conducting best first search with reopening closed nodes, (real) bound = 2147483647
[t=0.152423s, 27580 KB] New best heuristic value for pinch: 84
[t=0.152477s, 27580 KB] g=0, 1 evaluated, 0 expanded
[t=0.152533s, 27580 KB] Initial heuristic value for pinch: 84
[t=0.152575s, 27580 KB] pruning method: none
[t=0.152881s, 27580 KB] New best heuristic value for pinch: 66
[t=0.152927s, 27580 KB] g=1, 2 evaluated, 1 expanded
[t=0.158869s, 27580 KB] New best heuristic value for pinch: 65
[t=0.158968s, 27580 KB] g=2, 65 evaluated, 2 expanded
[t=7.71873s, 29972 KB] New best heuristic value for pinch: 62
[t=7.71885s, 29972 KB] g=6, 87096 evaluated, 2624 expanded, 36 reopened
[t=7.72182s, 29972 KB] New best heuristic value for pinch: 61
[t=7.72192s, 29972 KB] g=7, 87128 evaluated, 2625 expanded, 36 reopened
[t=7.98349s, 30108 KB] New best heuristic value for pinch: 60
[t=7.98362s, 30108 KB] g=9, 90359 evaluated, 2729 expanded, 36 reopened
[t=9.55485s, 30916 KB] New best heuristic value for pinch: 58
[t=9.55498s, 30916 KB] g=11, 110418 evaluated, 3398 expanded, 36 reopened
[t=9.55787s, 30916 KB] New best heuristic value for pinch: 57
[t=9.55798s, 30916 KB] g=12, 110455 evaluated, 3399 expanded, 36 reopened
[t=9.57044s, 30916 KB] New best heuristic value for pinch: 56
[t=9.57055s, 30916 KB] g=14, 110593 evaluated, 3404 expanded, 36 reopened
[t=15.9028s, 34868 KB] New best heuristic value for pinch: 54
[t=15.9029s, 34868 KB] g=16, 187714 evaluated, 6006 expanded, 36 reopened
[t=15.9034s, 34868 KB] New best heuristic value for pinch: 53
[t=15.9035s, 34868 KB] g=16, 187719 evaluated, 6006 expanded, 36 reopened
[t=15.9056s, 34868 KB] New best heuristic value for pinch: 52
[t=15.9056s, 34868 KB] g=17, 187745 evaluated, 6007 expanded, 36 reopened
[t=18.0607s, 35816 KB] New best heuristic value for pinch: 51
[t=18.0608s, 35816 KB] g=18, 212883 evaluated, 6934 expanded, 36 reopened
[t=18.0613s, 35816 KB] New best heuristic value for pinch: 50
[t=18.0614s, 35816 KB] g=18, 212888 evaluated, 6934 expanded, 36 reopened
[t=18.0635s, 35816 KB] New best heuristic value for pinch: 49
[t=18.0636s, 35816 KB] g=19, 212916 evaluated, 6935 expanded, 36 reopened
[t=18.0681s, 35816 KB] New best heuristic value for pinch: 48
[t=18.0682s, 35816 KB] g=20, 212979 evaluated, 6936 expanded, 36 reopened
[t=414.457s, 275228 KB] New best heuristic value for pinch: 47
[t=414.458s, 275228 KB] g=22, 4879588 evaluated, 226897 expanded, 19578 reopened
[t=414.46s, 275228 KB] New best heuristic value for pinch: 46
[t=414.46s, 275228 KB] g=23, 4879618 evaluated, 226898 expanded, 19578 reopened
[t=448.169s, 291400 KB] New best heuristic value for pinch: 45
[t=448.169s, 291400 KB] g=24, 5302975 evaluated, 246339 expanded, 22041 reopened
[t=448.17s, 291400 KB] New best heuristic value for pinch: 44
[t=448.17s, 291400 KB] g=25, 5302983 evaluated, 246340 expanded, 22041 reopened
Peak memory: 1044400 KB
caught signal 24 -- exiting
Time limit has been reached.
Remove intermediate file output.sas
search exit code: 23

Driver aborting after search
