INFO     Running translator.
INFO     translator stdin: None
INFO     translator time limit: 1799.96s
INFO     translator memory limit: 3584 MB
INFO     translator command line string: /infai/weidan00/downward/experiments/bachelor/.venv/bin/python3 /infai/weidan00/downward/experiments/bachelor/data/bachelor-v1/code-7aa5f34_e5e41175/builds/release/bin/translate/translate.py domain.pddl problem.pddl --sas-file output.sas
Parsing...
Parsing: [0.000s CPU, 0.007s wall-clock]
Normalizing task... [0.000s CPU, 0.000s wall-clock]
Instantiating...
Generating Datalog program... [0.000s CPU, 0.001s wall-clock]
Normalizing Datalog program...
Normalizing Datalog program: [0.000s CPU, 0.002s wall-clock]
Preparing model... [0.010s CPU, 0.003s wall-clock]
Generated 65 rules.
Computing model... [0.020s CPU, 0.020s wall-clock]
1934 relevant atoms
364 auxiliary atoms
2298 final queue length
6035 total queue pushes
Completing instantiation... [0.090s CPU, 0.087s wall-clock]
Instantiating: [0.120s CPU, 0.115s wall-clock]
Computing fact groups...
Finding invariants...
21 initial candidates
Finding invariants: [0.010s CPU, 0.005s wall-clock]
Checking invariant weight... [0.000s CPU, 0.000s wall-clock]
Instantiating groups... [0.000s CPU, 0.000s wall-clock]
Collecting mutex groups... [0.000s CPU, 0.000s wall-clock]
Choosing groups...
732 uncovered facts
Choosing groups: [0.000s CPU, 0.001s wall-clock]
Building translation key... [0.010s CPU, 0.003s wall-clock]
Computing fact groups: [0.020s CPU, 0.016s wall-clock]
Building STRIPS to SAS dictionary... [0.000s CPU, 0.001s wall-clock]
Building dictionary for full mutex groups... [0.000s CPU, 0.001s wall-clock]
Building mutex information...
Building mutex information: [0.000s CPU, 0.001s wall-clock]
Translating task...
Processing axioms...
Simplifying axioms... [0.000s CPU, 0.000s wall-clock]
Processing axioms: [0.010s CPU, 0.008s wall-clock]
Translating task: [0.150s CPU, 0.151s wall-clock]
4201 effect conditions simplified
0 implied preconditions added
Detecting unreachable propositions...
0 operators removed
0 axioms removed
30 propositions removed
Detecting unreachable propositions: [0.040s CPU, 0.051s wall-clock]
Reordering and filtering variables...
378 of 717 variables necessary.
0 of 0 mutex groups necessary.
985 of 985 operators necessary.
0 of 0 axiom rules necessary.
Reordering and filtering variables: [0.050s CPU, 0.055s wall-clock]
Translator variables: 378
Translator derived variables: 0
Translator facts: 756
Translator goal facts: 41
Translator mutex groups: 0
Translator total mutex groups size: 0
Translator operators: 985
Translator axioms: 0
Translator task size: 9534
Translator peak memory: 152780 KB
Writing output... [0.020s CPU, 0.019s wall-clock]
Done! [0.410s CPU, 0.423s wall-clock]
translate exit code: 0

INFO     Running search (release).
INFO     search stdin: output.sas
INFO     search time limit: 1799.49s
INFO     search memory limit: 3584 MB
INFO     search command line string: /infai/weidan00/downward/experiments/bachelor/data/bachelor-v1/code-7aa5f34_e5e41175/builds/release/bin/downward --search 'eager_wastar([pinch()], w=2)' --internal-plan-file sas_plan < output.sas
[t=5.939e-05s, 17204 KB] reading input...
[t=0.0097824s, 17632 KB] done reading input!
[t=0.0122456s, 18188 KB] Simplifying 4216 unary operators... done! [3365 unary operators]
[t=0.0158217s, 18584 KB] time to simplify: 0.00370898s
[t=0.0162491s, 18584 KB] Initializing pinch heuristic...
[t=0.016402s, 18584 KB] Building successor generator...done!
[t=0.0170448s, 18584 KB] peak memory difference for successor generator creation: 0 KB
[t=0.0170851s, 18584 KB] time for successor generation creation: 0.000506389s
[t=0.0171406s, 18584 KB] Variables: 378
[t=0.0171809s, 18584 KB] FactPairs: 756
[t=0.0172203s, 18584 KB] Bytes per state: 48
[t=0.0173533s, 18584 KB] Conducting best first search with reopening closed nodes, (real) bound = 2147483647
[t=0.0177892s, 18584 KB] New best heuristic value for pinch: 41
[t=0.0178361s, 18584 KB] g=0, 1 evaluated, 0 expanded
[t=0.0178883s, 18584 KB] Initial heuristic value for pinch: 41
[t=0.0179296s, 18584 KB] pruning method: none
[t=0.0261991s, 18584 KB] New best heuristic value for pinch: 40
[t=0.0262545s, 18584 KB] g=1, 113 evaluated, 1 expanded
[t=0.0923829s, 18584 KB] New best heuristic value for pinch: 39
[t=0.0924575s, 18584 KB] g=2, 1083 evaluated, 2 expanded
[t=0.107047s, 18584 KB] New best heuristic value for pinch: 38
[t=0.107119s, 18584 KB] g=3, 1554 evaluated, 3 expanded
[t=0.639549s, 19980 KB] New best heuristic value for pinch: 37
[t=0.639639s, 19980 KB] g=5, 21219 evaluated, 93 expanded
[t=0.701637s, 20112 KB] New best heuristic value for pinch: 36
[t=0.701717s, 20112 KB] g=6, 22200 evaluated, 94 expanded
[t=2.01929s, 22904 KB] New best heuristic value for pinch: 35
[t=2.0194s, 22904 KB] g=8, 57516 evaluated, 193 expanded
[t=2.51167s, 24744 KB] New best heuristic value for pinch: 34
[t=2.51177s, 24744 KB] g=9, 76092 evaluated, 259 expanded
[t=3.45276s, 27276 KB] New best heuristic value for pinch: 33
[t=3.45287s, 27276 KB] g=11, 111293 evaluated, 375 expanded
[t=3.47523s, 27276 KB] New best heuristic value for pinch: 32
[t=3.4753s, 27276 KB] g=12, 111638 evaluated, 376 expanded
[t=4.83827s, 32044 KB] New best heuristic value for pinch: 31
[t=4.83836s, 32044 KB] g=14, 163782 evaluated, 559 expanded
[t=4.83933s, 32044 KB] New best heuristic value for pinch: 30
[t=4.83938s, 32044 KB] g=15, 163795 evaluated, 560 expanded
[t=6.44956s, 36064 KB] New best heuristic value for pinch: 29
[t=6.44965s, 36064 KB] g=17, 220190 evaluated, 757 expanded
[t=6.48528s, 36196 KB] New best heuristic value for pinch: 28
[t=6.48536s, 36196 KB] g=18, 220723 evaluated, 758 expanded
[t=8.22871s, 42500 KB] New best heuristic value for pinch: 27
[t=8.22881s, 42500 KB] g=20, 280310 evaluated, 971 expanded
[t=8.26778s, 42500 KB] New best heuristic value for pinch: 26
[t=8.26787s, 42500 KB] g=21, 280956 evaluated, 972 expanded
[t=10.0779s, 47040 KB] New best heuristic value for pinch: 25
[t=10.078s, 47040 KB] g=23, 343293 evaluated, 1197 expanded
[t=10.1488s, 47040 KB] New best heuristic value for pinch: 24
[t=10.1489s, 47040 KB] g=24, 344500 evaluated, 1200 expanded
[t=11.9694s, 51832 KB] New best heuristic value for pinch: 23
[t=11.9695s, 51832 KB] g=26, 409895 evaluated, 1434 expanded
[t=14.6315s, 61364 KB] New best heuristic value for pinch: 22
[t=14.6316s, 61364 KB] g=28, 485451 evaluated, 1732 expanded
[t=29.8682s, 106764 KB] New best heuristic value for pinch: 21
[t=29.8683s, 106764 KB] g=30, 910103 evaluated, 3024 expanded
[t=131.552s, 353460 KB] New best heuristic value for pinch: 20
[t=131.553s, 353460 KB] g=32, 3762265 evaluated, 11963 expanded
[t=421.82s, 1007628 KB] New best heuristic value for pinch: 19
[t=421.82s, 1007628 KB] g=34, 11975330 evaluated, 38322 expanded
[t=889.98s, 2091532 KB] New best heuristic value for pinch: 18
[t=889.98s, 2091532 KB] g=36, 25270789 evaluated, 81928 expanded
[t=1343.67s, 3278864 KB] New best heuristic value for pinch: 17
[t=1343.67s, 3278864 KB] g=38, 38181424 evaluated, 125192 expanded
Failed to allocate memory.
Memory limit has been reached.
Peak memory: 3670016 KB
Remove intermediate file output.sas
search exit code: 22

Driver aborting after search
