INFO     Running translator.
INFO     translator stdin: None
INFO     translator time limit: 1799.96s
INFO     translator memory limit: 3584 MB
INFO     translator command line string: /infai/weidan00/downward/experiments/bachelor/.venv/bin/python3 /infai/weidan00/downward/experiments/bachelor/data/bachelor-v1/code-7aa5f34_e5e41175/builds/release/bin/translate/translate.py domain.pddl problem.pddl --sas-file output.sas
Parsing...
Parsing: [0.000s CPU, 0.008s wall-clock]
Normalizing task... [0.000s CPU, 0.000s wall-clock]
Instantiating...
Generating Datalog program... [0.000s CPU, 0.002s wall-clock]
Normalizing Datalog program...
Normalizing Datalog program: [0.000s CPU, 0.001s wall-clock]
Preparing model... [0.010s CPU, 0.010s wall-clock]
Generated 13 rules.
Computing model... [0.040s CPU, 0.046s wall-clock]
3497 relevant atoms
2185 auxiliary atoms
5682 final queue length
9777 total queue pushes
Completing instantiation... [0.060s CPU, 0.063s wall-clock]
Instantiating: [0.120s CPU, 0.125s wall-clock]
Computing fact groups...
Finding invariants...
6 initial candidates
Finding invariants: [0.000s CPU, 0.001s wall-clock]
Checking invariant weight... [0.000s CPU, 0.000s wall-clock]
Instantiating groups... [0.000s CPU, 0.000s wall-clock]
Collecting mutex groups... [0.000s CPU, 0.000s wall-clock]
Choosing groups...
46 uncovered facts
Choosing groups: [0.000s CPU, 0.000s wall-clock]
Building translation key... [0.000s CPU, 0.000s wall-clock]
Computing fact groups: [0.000s CPU, 0.003s wall-clock]
Building STRIPS to SAS dictionary... [0.000s CPU, 0.000s wall-clock]
Building dictionary for full mutex groups... [0.000s CPU, 0.000s wall-clock]
Building mutex information...
Building mutex information: [0.000s CPU, 0.000s wall-clock]
Translating task...
Processing axioms...
Simplifying axioms... [0.000s CPU, 0.000s wall-clock]
Processing axioms: [0.000s CPU, 0.002s wall-clock]
Translating task: [0.050s CPU, 0.047s wall-clock]
23 effect conditions simplified
0 implied preconditions added
Detecting unreachable propositions...
0 operators removed
0 axioms removed
1 propositions removed
Detecting unreachable propositions: [0.030s CPU, 0.033s wall-clock]
Reordering and filtering variables...
47 of 47 variables necessary.
0 of 1 mutex groups necessary.
2099 of 2099 operators necessary.
0 of 0 axiom rules necessary.
Reordering and filtering variables: [0.000s CPU, 0.006s wall-clock]
Translator variables: 47
Translator derived variables: 0
Translator facts: 138
Translator goal facts: 23
Translator mutex groups: 0
Translator total mutex groups size: 0
Translator operators: 2099
Translator axioms: 0
Translator task size: 6591
Translator peak memory: 148684 KB
Writing output... [0.010s CPU, 0.018s wall-clock]
Done! [0.230s CPU, 0.244s wall-clock]
translate exit code: 0

INFO     Running search (release).
INFO     search stdin: output.sas
INFO     search time limit: 1799.67s
INFO     search memory limit: 3584 MB
INFO     search command line string: /infai/weidan00/downward/experiments/bachelor/data/bachelor-v1/code-7aa5f34_e5e41175/builds/release/bin/downward --search 'eager_wastar([pinch()], w=2)' --internal-plan-file sas_plan < output.sas
[t=5.8645e-05s, 17204 KB] reading input...
[t=0.0076524s, 17544 KB] done reading input!
[t=0.00987748s, 17996 KB] Simplifying 2139 unary operators... done! [2139 unary operators]
[t=0.0108114s, 18128 KB] time to simplify: 0.00104705s
[t=0.0110086s, 18128 KB] Initializing pinch heuristic...
[t=0.011132s, 18128 KB] Building successor generator...done!
[t=0.0116261s, 18156 KB] peak memory difference for successor generator creation: 28 KB
[t=0.0116651s, 18156 KB] time for successor generation creation: 0.000372727s
[t=0.0117211s, 18156 KB] Variables: 47
[t=0.0117612s, 18156 KB] FactPairs: 138
[t=0.0118007s, 18156 KB] Bytes per state: 8
[t=0.0119136s, 18156 KB] Conducting best first search with reopening closed nodes, (real) bound = 2147483647
[t=0.0121611s, 18156 KB] New best heuristic value for pinch: 91
[t=0.0122052s, 18156 KB] g=0, 1 evaluated, 0 expanded
[t=0.0122562s, 18156 KB] Initial heuristic value for pinch: 91
[t=0.012297s, 18156 KB] pruning method: none
[t=0.0123607s, 18156 KB] New best heuristic value for pinch: 90
[t=0.0124017s, 18156 KB] g=1, 2 evaluated, 1 expanded
[t=0.0124648s, 18156 KB] New best heuristic value for pinch: 89
[t=0.0125056s, 18156 KB] g=1, 4 evaluated, 1 expanded
[t=0.0129394s, 18156 KB] New best heuristic value for pinch: 88
[t=0.0129826s, 18156 KB] g=2, 47 evaluated, 2 expanded
[t=0.013192s, 18156 KB] New best heuristic value for pinch: 87
[t=0.0132338s, 18156 KB] g=3, 65 evaluated, 3 expanded
[t=0.0135221s, 18156 KB] New best heuristic value for pinch: 85
[t=0.0135638s, 18156 KB] g=4, 93 evaluated, 4 expanded
[t=0.0136294s, 18156 KB] New best heuristic value for pinch: 84
[t=0.0136703s, 18156 KB] g=5, 95 evaluated, 5 expanded
[t=0.0139258s, 18156 KB] New best heuristic value for pinch: 83
[t=0.0139672s, 18156 KB] g=5, 119 evaluated, 5 expanded
[t=0.0141986s, 18156 KB] New best heuristic value for pinch: 82
[t=0.0142403s, 18156 KB] g=6, 139 evaluated, 6 expanded
[t=0.0145171s, 18156 KB] New best heuristic value for pinch: 81
[t=0.0145582s, 18156 KB] g=7, 166 evaluated, 7 expanded
[t=0.0147738s, 18156 KB] New best heuristic value for pinch: 80
[t=0.0148151s, 18156 KB] g=8, 185 evaluated, 8 expanded
[t=0.0152508s, 18156 KB] New best heuristic value for pinch: 79
[t=0.015293s, 18156 KB] g=10, 231 evaluated, 10 expanded
[t=0.0153697s, 18156 KB] New best heuristic value for pinch: 78
[t=0.0154103s, 18156 KB] g=11, 234 evaluated, 11 expanded
[t=0.0158602s, 18156 KB] New best heuristic value for pinch: 76
[t=0.0159032s, 18156 KB] g=12, 277 evaluated, 13 expanded
[t=0.0159604s, 18156 KB] New best heuristic value for pinch: 75
[t=0.0160012s, 18156 KB] g=13, 278 evaluated, 14 expanded
[t=0.0160693s, 18156 KB] New best heuristic value for pinch: 74
[t=0.0161098s, 18156 KB] g=13, 281 evaluated, 14 expanded
[t=0.0165207s, 18156 KB] New best heuristic value for pinch: 72
[t=0.0165683s, 18156 KB] g=14, 323 evaluated, 16 expanded
[t=0.016627s, 18156 KB] New best heuristic value for pinch: 71
[t=0.0166673s, 18156 KB] g=15, 324 evaluated, 17 expanded
[t=0.0167704s, 18156 KB] New best heuristic value for pinch: 70
[t=0.0168111s, 18156 KB] g=15, 331 evaluated, 17 expanded
[t=0.017178s, 18156 KB] New best heuristic value for pinch: 69
[t=0.0172197s, 18156 KB] g=16, 369 evaluated, 18 expanded
[t=0.0174624s, 18156 KB] New best heuristic value for pinch: 68
[t=0.0175099s, 18156 KB] g=17, 392 evaluated, 19 expanded
[t=0.0177529s, 18156 KB] New best heuristic value for pinch: 66
[t=0.0177944s, 18156 KB] g=18, 415 evaluated, 20 expanded
[t=0.0178503s, 18156 KB] New best heuristic value for pinch: 65
[t=0.0178907s, 18156 KB] g=19, 416 evaluated, 21 expanded
[t=0.0181282s, 18156 KB] New best heuristic value for pinch: 64
[t=0.018169s, 18156 KB] g=19, 439 evaluated, 21 expanded
[t=0.0184094s, 18156 KB] New best heuristic value for pinch: 62
[t=0.0184508s, 18156 KB] g=20, 461 evaluated, 22 expanded
[t=0.0185066s, 18156 KB] New best heuristic value for pinch: 61
[t=0.018547s, 18156 KB] g=21, 462 evaluated, 23 expanded
[t=0.0188003s, 18156 KB] New best heuristic value for pinch: 60
[t=0.0188414s, 18156 KB] g=21, 487 evaluated, 23 expanded
[t=0.019072s, 18156 KB] New best heuristic value for pinch: 59
[t=0.0191133s, 18156 KB] g=22, 507 evaluated, 25 expanded
[t=0.0193885s, 18156 KB] New best heuristic value for pinch: 58
[t=0.0194316s, 18156 KB] g=23, 527 evaluated, 26 expanded
[t=0.0197116s, 18156 KB] New best heuristic value for pinch: 56
[t=0.019754s, 18156 KB] g=24, 553 evaluated, 28 expanded
[t=0.0198089s, 18156 KB] New best heuristic value for pinch: 55
[t=0.0198495s, 18156 KB] g=25, 554 evaluated, 29 expanded
[t=0.0200528s, 18156 KB] New best heuristic value for pinch: 54
[t=0.0200937s, 18156 KB] g=25, 573 evaluated, 29 expanded
[t=0.020379s, 18156 KB] New best heuristic value for pinch: 53
[t=0.0204213s, 18156 KB] g=26, 599 evaluated, 31 expanded
[t=0.0206357s, 18156 KB] New best heuristic value for pinch: 52
[t=0.0206769s, 18156 KB] g=27, 619 evaluated, 32 expanded
[t=0.0209574s, 18156 KB] New best heuristic value for pinch: 51
[t=0.020999s, 18156 KB] g=28, 645 evaluated, 34 expanded
[t=0.0212192s, 18156 KB] New best heuristic value for pinch: 50
[t=0.0212612s, 18156 KB] g=29, 665 evaluated, 35 expanded
[t=0.0215357s, 18156 KB] New best heuristic value for pinch: 48
[t=0.0215776s, 18156 KB] g=30, 691 evaluated, 37 expanded
[t=0.0216297s, 18156 KB] New best heuristic value for pinch: 47
[t=0.0216704s, 18156 KB] g=31, 692 evaluated, 38 expanded
[t=0.0218752s, 18156 KB] New best heuristic value for pinch: 46
[t=0.0219164s, 18156 KB] g=31, 711 evaluated, 38 expanded
[t=0.0221922s, 18156 KB] New best heuristic value for pinch: 45
[t=0.0222337s, 18156 KB] g=32, 737 evaluated, 39 expanded
[t=0.0226791s, 18156 KB] New best heuristic value for pinch: 44
[t=0.0227217s, 18156 KB] g=34, 783 evaluated, 42 expanded
[t=0.0227814s, 18156 KB] New best heuristic value for pinch: 43
[t=0.0228226s, 18156 KB] g=35, 784 evaluated, 43 expanded
[t=0.0232617s, 18156 KB] New best heuristic value for pinch: 42
[t=0.0233041s, 18156 KB] g=36, 829 evaluated, 45 expanded
[t=0.0233619s, 18156 KB] New best heuristic value for pinch: 41
[t=0.0234027s, 18156 KB] g=37, 830 evaluated, 46 expanded
[t=0.0238348s, 18156 KB] New best heuristic value for pinch: 40
[t=0.0238778s, 18156 KB] g=38, 875 evaluated, 48 expanded
[t=0.0239439s, 18156 KB] New best heuristic value for pinch: 39
[t=0.0239849s, 18156 KB] g=39, 876 evaluated, 49 expanded
[t=0.0244262s, 18156 KB] New best heuristic value for pinch: 38
[t=0.0244689s, 18156 KB] g=40, 921 evaluated, 52 expanded
[t=0.0245258s, 18156 KB] New best heuristic value for pinch: 37
[t=0.0245666s, 18156 KB] g=41, 922 evaluated, 53 expanded
[t=0.0250212s, 18156 KB] New best heuristic value for pinch: 36
[t=0.0250646s, 18156 KB] g=42, 967 evaluated, 56 expanded
[t=0.0251235s, 18156 KB] New best heuristic value for pinch: 35
[t=0.025164s, 18156 KB] g=43, 968 evaluated, 57 expanded
[t=0.0257149s, 18156 KB] New best heuristic value for pinch: 34
[t=0.0257647s, 18156 KB] g=44, 1013 evaluated, 60 expanded
[t=0.0258241s, 18156 KB] New best heuristic value for pinch: 33
[t=0.0258653s, 18156 KB] g=45, 1014 evaluated, 61 expanded
[t=0.0263028s, 18156 KB] New best heuristic value for pinch: 32
[t=0.0263463s, 18156 KB] g=46, 1059 evaluated, 63 expanded
[t=0.0264043s, 18156 KB] New best heuristic value for pinch: 31
[t=0.0264455s, 18156 KB] g=47, 1060 evaluated, 64 expanded
[t=0.0268834s, 18156 KB] New best heuristic value for pinch: 30
[t=0.0269271s, 18156 KB] g=48, 1105 evaluated, 66 expanded
[t=0.0269861s, 18156 KB] New best heuristic value for pinch: 29
[t=0.0270266s, 18156 KB] g=49, 1106 evaluated, 67 expanded
[t=0.0274599s, 18156 KB] New best heuristic value for pinch: 28
[t=0.0275029s, 18156 KB] g=50, 1151 evaluated, 69 expanded
[t=0.0275594s, 18156 KB] New best heuristic value for pinch: 27
[t=0.0276001s, 18156 KB] g=51, 1152 evaluated, 70 expanded
[t=0.0280291s, 18156 KB] New best heuristic value for pinch: 26
[t=0.028072s, 18156 KB] g=52, 1197 evaluated, 71 expanded
[t=0.028206s, 18156 KB] New best heuristic value for pinch: 25
[t=0.0282478s, 18156 KB] g=53, 1207 evaluated, 72 expanded
[t=0.0286063s, 18156 KB] New best heuristic value for pinch: 24
[t=0.0286491s, 18156 KB] g=54, 1243 evaluated, 73 expanded
[t=0.0288474s, 18156 KB] New best heuristic value for pinch: 23
[t=0.0288884s, 18156 KB] g=55, 1261 evaluated, 74 expanded
[t=0.0291714s, 18156 KB] New best heuristic value for pinch: 22
[t=0.0292135s, 18156 KB] g=56, 1289 evaluated, 75 expanded
[t=0.0294789s, 18156 KB] New best heuristic value for pinch: 21
[t=0.0295267s, 18156 KB] g=57, 1315 evaluated, 76 expanded
[t=0.0297546s, 18156 KB] New best heuristic value for pinch: 20
[t=0.029797s, 18156 KB] g=58, 1335 evaluated, 78 expanded
[t=0.0300107s, 18156 KB] New best heuristic value for pinch: 19
[t=0.0300521s, 18156 KB] g=59, 1355 evaluated, 79 expanded
[t=0.030329s, 18156 KB] New best heuristic value for pinch: 18
[t=0.0303712s, 18156 KB] g=60, 1381 evaluated, 81 expanded
[t=0.030594s, 18156 KB] New best heuristic value for pinch: 17
[t=0.0306359s, 18156 KB] g=61, 1401 evaluated, 82 expanded
[t=0.0309134s, 18156 KB] New best heuristic value for pinch: 16
[t=0.0309559s, 18156 KB] g=62, 1427 evaluated, 84 expanded
[t=0.0311669s, 18156 KB] New best heuristic value for pinch: 15
[t=0.0312084s, 18156 KB] g=63, 1447 evaluated, 85 expanded
[t=0.0314896s, 18156 KB] New best heuristic value for pinch: 14
[t=0.0315313s, 18156 KB] g=64, 1473 evaluated, 87 expanded
[t=0.0317417s, 18156 KB] New best heuristic value for pinch: 13
[t=0.0317831s, 18156 KB] g=65, 1493 evaluated, 88 expanded
[t=0.032058s, 18156 KB] New best heuristic value for pinch: 12
[t=0.0320998s, 18156 KB] g=66, 1519 evaluated, 90 expanded
[t=0.0323168s, 18156 KB] New best heuristic value for pinch: 11
[t=0.0323588s, 18156 KB] g=67, 1539 evaluated, 91 expanded
[t=0.0326349s, 18156 KB] New best heuristic value for pinch: 10
[t=0.0326767s, 18156 KB] g=68, 1565 evaluated, 93 expanded
[t=0.0328863s, 18156 KB] New best heuristic value for pinch: 9
[t=0.032928s, 18156 KB] g=69, 1585 evaluated, 94 expanded
[t=0.0332004s, 18156 KB] New best heuristic value for pinch: 8
[t=0.0332425s, 18156 KB] g=70, 1611 evaluated, 95 expanded
[t=0.0336039s, 18156 KB] New best heuristic value for pinch: 7
[t=0.0336456s, 18156 KB] g=71, 1649 evaluated, 96 expanded
[t=0.0337639s, 18156 KB] New best heuristic value for pinch: 6
[t=0.0338048s, 18156 KB] g=72, 1657 evaluated, 97 expanded
[t=0.034203s, 18156 KB] New best heuristic value for pinch: 5
[t=0.0342453s, 18156 KB] g=73, 1699 evaluated, 98 expanded
[t=0.0343311s, 18156 KB] New best heuristic value for pinch: 4
[t=0.0343715s, 18156 KB] g=74, 1703 evaluated, 99 expanded
[t=0.0347704s, 18156 KB] New best heuristic value for pinch: 3
[t=0.0348124s, 18156 KB] g=75, 1746 evaluated, 100 expanded
[t=0.0348895s, 18156 KB] New best heuristic value for pinch: 2
[t=0.0349299s, 18156 KB] g=76, 1749 evaluated, 101 expanded
[t=0.0353482s, 18156 KB] New best heuristic value for pinch: 1
[t=0.03539s, 18156 KB] g=77, 1793 evaluated, 102 expanded
[t=0.0354593s, 18156 KB] New best heuristic value for pinch: 0
[t=0.0355s, 18156 KB] g=78, 1795 evaluated, 103 expanded
[t=0.0355411s, 18156 KB] Solution found!
[t=0.0355902s, 18156 KB] Actual search time: 0.0232893s
up f0 f11 (1)
stop f11 (1)
up f11 f18 (1)
stop f18 (1)
up f18 f26 (1)
stop f26 (1)
up f26 f27 (1)
stop f27 (1)
down f27 f1 (1)
stop f1 (1)
up f1 f19 (1)
stop f19 (1)
down f19 f6 (1)
stop f6 (1)
up f6 f11 (1)
stop f11 (1)
up f11 f23 (1)
stop f23 (1)
up f23 f24 (1)
stop f24 (1)
up f24 f27 (1)
stop f27 (1)
up f27 f30 (1)
stop f30 (1)
up f30 f36 (1)
stop f36 (1)
up f36 f44 (1)
stop f44 (1)
up f44 f45 (1)
stop f45 (1)
down f45 f26 (1)
stop f26 (1)
down f26 f1 (1)
stop f1 (1)
up f1 f10 (1)
stop f10 (1)
down f10 f3 (1)
stop f3 (1)
up f3 f14 (1)
stop f14 (1)
down f14 f4 (1)
stop f4 (1)
up f4 f15 (1)
stop f15 (1)
down f15 f11 (1)
stop f11 (1)
down f11 f7 (1)
stop f7 (1)
up f7 f17 (1)
stop f17 (1)
down f17 f0 (1)
stop f0 (1)
up f0 f18 (1)
stop f18 (1)
down f18 f9 (1)
stop f9 (1)
up f9 f27 (1)
stop f27 (1)
up f27 f28 (1)
stop f28 (1)
up f28 f31 (1)
stop f31 (1)
up f31 f35 (1)
stop f35 (1)
up f35 f36 (1)
stop f36 (1)
up f36 f37 (1)
stop f37 (1)
down f37 f26 (1)
stop f26 (1)
up f26 f38 (1)
stop f38 (1)
up f38 f42 (1)
stop f42 (1)
up f42 f43 (1)
stop f43 (1)
up f43 f44 (1)
stop f44 (1)
[t=0.0356339s, 18156 KB] Plan length: 78 step(s).
[t=0.0356339s, 18156 KB] Plan cost: 78
[t=0.0356339s, 18156 KB] Expanded 104 state(s).
[t=0.0356339s, 18156 KB] Reopened 0 state(s).
[t=0.0356339s, 18156 KB] Evaluated 1795 state(s).
[t=0.0356339s, 18156 KB] Evaluations: 1795
[t=0.0356339s, 18156 KB] Generated 4738 state(s).
[t=0.0356339s, 18156 KB] Dead ends: 0 state(s).
[t=0.0356339s, 18156 KB] Number of registered states: 1795
[t=0.0356339s, 18156 KB] Int hash set load factor: 1795/2048 = 0.876465
[t=0.0356339s, 18156 KB] Int hash set resizes: 11
[t=0.0356339s, 18156 KB] mean number of q cost that have been adjusted 0 times in relation to total number of q: -1
[t=0.0356339s, 18156 KB] mean number of q cost that have been adjusted 1 times in relation to total number of q: -1
[t=0.0356339s, 18156 KB] mean number of q cost that have been adjusted 2 times in relation to total number of q: -1
[t=0.0356339s, 18156 KB] mean number of q that are at some point overconsitent in relation to total number of q: -1
[t=0.0356339s, 18156 KB] mean number of q that are at first underconsisten in relation to total number of q: -1
[t=0.0356339s, 18156 KB] mean number of state variables that are not in common between two following states in relation to total number of state variables: -1
[t=0.0356339s, 18156 KB] variance number of state variables that are not in common between two following states in relation to total number of state variables: -1
[t=0.0356339s, 18156 KB] Search time: 0.0237209s
[t=0.0356339s, 18156 KB] Total time: 0.0356339s
Solution found.
Peak memory: 18156 KB
Remove intermediate file output.sas
search exit code: 0

INFO     Running validate.
INFO     validate stdin: None
INFO     validate time limit: None
INFO     validate memory limit: None
INFO     validate command line string: validate domain.pddl problem.pddl sas_plan
