INFO     Running translator.
INFO     translator stdin: None
INFO     translator time limit: 1799.95s
INFO     translator memory limit: 3584 MB
INFO     translator command line string: /infai/weidan00/downward/experiments/bachelor/.venv/bin/python3 /infai/weidan00/downward/experiments/bachelor/data/bachelor-v1/code-7aa5f34_e5e41175/builds/release/bin/translate/translate.py domain.pddl problem.pddl --sas-file output.sas
Parsing...
Parsing: [0.010s CPU, 0.003s wall-clock]
Normalizing task... [0.000s CPU, 0.000s wall-clock]
Instantiating...
Generating Datalog program... [0.000s CPU, 0.001s wall-clock]
Normalizing Datalog program...
Normalizing Datalog program: [0.000s CPU, 0.004s wall-clock]
Preparing model... [0.000s CPU, 0.002s wall-clock]
Generated 74 rules.
Computing model... [0.550s CPU, 0.559s wall-clock]
33431 relevant atoms
6487 auxiliary atoms
39918 final queue length
159009 total queue pushes
Completing instantiation... [2.330s CPU, 2.340s wall-clock]
Instantiating: [2.900s CPU, 2.917s wall-clock]
Computing fact groups...
Finding invariants...
16 initial candidates
Finding invariants: [0.030s CPU, 0.035s wall-clock]
Checking invariant weight... [0.000s CPU, 0.000s wall-clock]
Instantiating groups... [0.000s CPU, 0.001s wall-clock]
Collecting mutex groups... [0.000s CPU, 0.000s wall-clock]
Choosing groups...
0 uncovered facts
Choosing groups: [0.010s CPU, 0.000s wall-clock]
Building translation key... [0.000s CPU, 0.000s wall-clock]
Computing fact groups: [0.040s CPU, 0.037s wall-clock]
Building STRIPS to SAS dictionary... [0.000s CPU, 0.000s wall-clock]
Building dictionary for full mutex groups... [0.000s CPU, 0.000s wall-clock]
Building mutex information...
Building mutex information: [0.000s CPU, 0.000s wall-clock]
Translating task...
Processing axioms...
Simplifying axioms... [0.000s CPU, 0.000s wall-clock]
Processing axioms: [0.080s CPU, 0.086s wall-clock]
Translating task: [1.860s CPU, 1.877s wall-clock]
0 effect conditions simplified
0 implied preconditions added
Detecting unreachable propositions...
0 operators removed
0 axioms removed
19 propositions removed
Detecting unreachable propositions: [0.930s CPU, 0.940s wall-clock]
Reordering and filtering variables...
19 of 19 variables necessary.
0 of 19 mutex groups necessary.
24498 of 24498 operators necessary.
0 of 0 axiom rules necessary.
Reordering and filtering variables: [0.270s CPU, 0.270s wall-clock]
Translator variables: 19
Translator derived variables: 0
Translator facts: 118
Translator goal facts: 3
Translator mutex groups: 0
Translator total mutex groups size: 0
Translator operators: 24498
Translator axioms: 0
Translator task size: 217598
Translator peak memory: 318300 KB
Writing output... [0.310s CPU, 0.341s wall-clock]
Done! [6.420s CPU, 6.478s wall-clock]
translate exit code: 0

INFO     Running search (release).
INFO     search stdin: output.sas
INFO     search time limit: 1793.44s
INFO     search memory limit: 3584 MB
INFO     search command line string: /infai/weidan00/downward/experiments/bachelor/data/bachelor-v1/code-7aa5f34_e5e41175/builds/release/bin/downward --search 'eager_wastar([pinch_tracking()], w=2)' --internal-plan-file sas_plan < output.sas
[t=6.2844e-05s, 17204 KB] reading input...
[t=0.186682s, 26112 KB] done reading input!
[t=0.203115s, 32568 KB] Simplifying 87102 unary operators... done! [5454 unary operators]
[t=0.315478s, 36884 KB] time to simplify: 0.112468s
[t=0.315927s, 36884 KB] Initializing pinch tracking heuristic...
[t=0.316094s, 36884 KB] Building successor generator...done!
[t=0.325652s, 36884 KB] peak memory difference for successor generator creation: 0 KB
[t=0.325701s, 36884 KB] time for successor generation creation: 0.00937771s
[t=0.325977s, 36884 KB] Variables: 19
[t=0.326036s, 36884 KB] FactPairs: 118
[t=0.326077s, 36884 KB] Bytes per state: 8
[t=0.326223s, 36884 KB] Conducting best first search with reopening closed nodes, (real) bound = 2147483647
[t=0.326845s, 36884 KB] New best heuristic value for pinch_tracking: 84
[t=0.326897s, 36884 KB] g=0, 1 evaluated, 0 expanded
[t=0.326952s, 36884 KB] Initial heuristic value for pinch_tracking: 84
[t=0.326993s, 36884 KB] pruning method: none
[t=0.327335s, 36884 KB] New best heuristic value for pinch_tracking: 81
[t=0.327381s, 36884 KB] g=1, 3 evaluated, 1 expanded
[t=0.380045s, 36884 KB] New best heuristic value for pinch_tracking: 78
[t=0.38015s, 36884 KB] g=2, 1014 evaluated, 2 expanded
[t=0.393177s, 36884 KB] New best heuristic value for pinch_tracking: 75
[t=0.393278s, 36884 KB] g=3, 1293 evaluated, 3 expanded
[t=0.406174s, 36884 KB] New best heuristic value for pinch_tracking: 72
[t=0.406264s, 36884 KB] g=4, 1574 evaluated, 4 expanded
[t=0.420332s, 36884 KB] New best heuristic value for pinch_tracking: 69
[t=0.420431s, 36884 KB] g=6, 1832 evaluated, 6 expanded
[t=0.428528s, 36884 KB] New best heuristic value for pinch_tracking: 66
[t=0.428618s, 36884 KB] g=7, 1959 evaluated, 7 expanded
[t=0.439684s, 36884 KB] New best heuristic value for pinch_tracking: 63
[t=0.439783s, 36884 KB] g=8, 2057 evaluated, 8 expanded
[t=0.451065s, 36884 KB] New best heuristic value for pinch_tracking: 60
[t=0.45115s, 36884 KB] g=9, 2157 evaluated, 9 expanded
[t=0.549905s, 36884 KB] New best heuristic value for pinch_tracking: 57
[t=0.550009s, 36884 KB] g=12, 2956 evaluated, 16 expanded
[t=0.56137s, 36884 KB] New best heuristic value for pinch_tracking: 54
[t=0.561458s, 36884 KB] g=13, 3081 evaluated, 17 expanded
[t=0.572858s, 36884 KB] New best heuristic value for pinch_tracking: 51
[t=0.572951s, 36884 KB] g=14, 3179 evaluated, 18 expanded
[t=0.584629s, 36884 KB] New best heuristic value for pinch_tracking: 48
[t=0.584715s, 36884 KB] g=15, 3279 evaluated, 19 expanded
[t=1.77085s, 36884 KB] New best heuristic value for pinch_tracking: 47
[t=1.77096s, 36884 KB] g=17, 10901 evaluated, 133 expanded
[t=1.78242s, 36884 KB] New best heuristic value for pinch_tracking: 44
[t=1.78252s, 36884 KB] g=18, 11001 evaluated, 134 expanded
[t=1.79391s, 36884 KB] New best heuristic value for pinch_tracking: 41
[t=1.794s, 36884 KB] g=19, 11099 evaluated, 135 expanded
[t=1.80567s, 36884 KB] New best heuristic value for pinch_tracking: 38
[t=1.80576s, 36884 KB] g=20, 11199 evaluated, 136 expanded
[t=2.69975s, 36884 KB] New best heuristic value for pinch_tracking: 37
[t=2.69986s, 36884 KB] g=22, 17294 evaluated, 215 expanded
[t=2.71134s, 36884 KB] New best heuristic value for pinch_tracking: 34
[t=2.71143s, 36884 KB] g=23, 17393 evaluated, 216 expanded
[t=2.72275s, 36884 KB] New best heuristic value for pinch_tracking: 31
[t=2.72284s, 36884 KB] g=24, 17491 evaluated, 217 expanded
[t=2.73442s, 36884 KB] New best heuristic value for pinch_tracking: 28
[t=2.73451s, 36884 KB] g=25, 17591 evaluated, 218 expanded
[t=3.34478s, 36884 KB] New best heuristic value for pinch_tracking: 25
[t=3.34489s, 36884 KB] g=28, 22154 evaluated, 299 expanded
[t=3.35606s, 36884 KB] New best heuristic value for pinch_tracking: 24
[t=3.35615s, 36884 KB] g=29, 22252 evaluated, 300 expanded
[t=3.36752s, 36884 KB] New best heuristic value for pinch_tracking: 23
[t=3.36761s, 36884 KB] g=30, 22352 evaluated, 301 expanded
[t=3.37729s, 36884 KB] New best heuristic value for pinch_tracking: 22
[t=3.37738s, 36884 KB] g=31, 22434 evaluated, 302 expanded
[t=7.10706s, 36884 KB] New best heuristic value for pinch_tracking: 19
[t=7.10717s, 36884 KB] g=34, 50633 evaluated, 1421 expanded
[t=7.11969s, 36884 KB] New best heuristic value for pinch_tracking: 18
[t=7.11978s, 36884 KB] g=36, 50716 evaluated, 1423 expanded
[t=7.13284s, 36884 KB] New best heuristic value for pinch_tracking: 17
[t=7.13293s, 36884 KB] g=37, 50794 evaluated, 1424 expanded
[t=38.0816s, 58980 KB] New best heuristic value for pinch_tracking: 14
[t=38.0818s, 58980 KB] g=43, 276371 evaluated, 12166 expanded, 27 reopened
[t=38.091s, 58980 KB] New best heuristic value for pinch_tracking: 13
[t=38.0911s, 58980 KB] g=45, 276426 evaluated, 12168 expanded, 27 reopened
[t=38.1022s, 58980 KB] New best heuristic value for pinch_tracking: 12
[t=38.1023s, 58980 KB] g=46, 276491 evaluated, 12169 expanded, 27 reopened
[t=41.499s, 58980 KB] New best heuristic value for pinch_tracking: 9
[t=41.4991s, 58980 KB] g=49, 296899 evaluated, 13835 expanded, 51 reopened
[t=41.5122s, 58980 KB] New best heuristic value for pinch_tracking: 8
[t=41.5123s, 58980 KB] g=51, 296988 evaluated, 13837 expanded, 51 reopened
[t=41.5229s, 58980 KB] New best heuristic value for pinch_tracking: 7
[t=41.523s, 58980 KB] g=52, 297058 evaluated, 13838 expanded, 51 reopened
[t=41.5636s, 58980 KB] New best heuristic value for pinch_tracking: 4
[t=41.5637s, 58980 KB] g=54, 297338 evaluated, 13846 expanded, 51 reopened
[t=41.5694s, 58980 KB] New best heuristic value for pinch_tracking: 1
[t=41.5695s, 58980 KB] g=55, 297371 evaluated, 13847 expanded, 51 reopened
[t=41.5719s, 58980 KB] New best heuristic value for pinch_tracking: 0
[t=41.572s, 58980 KB] g=56, 297384 evaluated, 13848 expanded, 51 reopened
[t=41.5741s, 58980 KB] Solution found!
[t=41.5742s, 58980 KB] Actual search time: 41.2472s
drive_tent girl0 place0 place1 car0 tent1 (1)
put_up girl0 place1 tent1 (1)
walk_together tent1 place1 guy1 place0 girl1 couple1 (1)
walk_together tent1 place1 guy2 place0 girl2 couple2 (1)
put_down guy0 place0 tent0 (1)
drive_tent guy0 place0 place2 car1 tent0 (1)
put_up guy0 place2 tent0 (1)
walk_together tent0 place2 guy1 place1 girl1 couple1 (1)
walk_together tent0 place2 guy2 place1 girl2 couple2 (1)
drive girl0 place1 place0 car0 (1)
put_down girl0 place0 tent2 (1)
drive_tent girl0 place0 place3 car0 tent2 (1)
put_up girl0 place3 tent2 (1)
walk_together tent2 place3 guy1 place2 girl1 couple1 (1)
walk_together tent2 place3 guy2 place2 girl2 couple2 (1)
put_down guy0 place2 tent0 (1)
drive_tent guy0 place2 place4 car1 tent0 (1)
put_up guy0 place4 tent0 (1)
walk_together tent0 place4 guy1 place3 girl1 couple1 (1)
walk_together tent0 place4 guy2 place3 girl2 couple2 (1)
put_down girl0 place3 tent2 (1)
drive_tent girl0 place3 place5 car0 tent2 (1)
put_up girl0 place5 tent2 (1)
walk_together tent2 place5 guy1 place4 girl1 couple1 (1)
walk_together tent2 place5 guy2 place4 girl2 couple2 (1)
put_down guy0 place4 tent0 (1)
drive_tent guy0 place4 place6 car1 tent0 (1)
put_up guy0 place6 tent0 (1)
walk_together tent0 place6 guy1 place5 girl1 couple1 (1)
walk_together tent0 place6 guy2 place5 girl2 couple2 (1)
drive_passenger girl1 place6 place0 car1 guy0 (1)
drive guy0 place0 place5 car1 (1)
drive girl1 place0 place1 car2 (1)
drive_passenger girl0 place5 place0 car0 guy0 (1)
walk_together tent1 place1 guy0 place0 girl0 couple0 (1)
put_down girl0 place1 tent1 (1)
drive_tent_passenger girl0 place1 place5 car2 tent1 guy0 (1)
drive_tent girl0 place5 place2 car1 tent1 (1)
put_up girl0 place2 tent1 (1)
drive guy0 place5 place6 car2 (1)
drive_passenger guy0 place6 place2 car2 guy1 (1)
drive_passenger girl0 place2 place1 car1 guy0 (1)
walk_together tent1 place2 guy0 place1 girl0 couple0 (1)
put_down girl0 place2 tent1 (1)
drive_tent_passenger girl0 place2 place3 car2 tent1 guy0 (1)
put_up girl0 place3 tent1 (1)
drive girl1 place1 place3 car1 (1)
drive_passenger girl0 place3 place2 car1 guy0 (1)
walk_together tent1 place3 guy0 place2 girl0 couple0 (1)
put_down girl0 place3 tent1 (1)
drive_tent_passenger girl0 place3 place4 car2 tent1 guy0 (1)
put_up girl0 place4 tent1 (1)
drive_passenger girl0 place4 place3 car2 guy0 (1)
walk_together tent1 place4 guy0 place3 girl0 couple0 (1)
walk_together tent2 place5 guy0 place4 girl0 couple0 (1)
walk_together tent0 place6 guy0 place5 girl0 couple0 (1)
[t=41.5743s, 58980 KB] Plan length: 56 step(s).
[t=41.5743s, 58980 KB] Plan cost: 56
[t=41.5743s, 58980 KB] Expanded 13849 state(s).
[t=41.5743s, 58980 KB] Reopened 51 state(s).
[t=41.5743s, 58980 KB] Evaluated 297398 state(s).
[t=41.5743s, 58980 KB] Evaluations: 297398
[t=41.5743s, 58980 KB] Generated 756566 state(s).
[t=41.5743s, 58980 KB] Dead ends: 0 state(s).
[t=41.5743s, 58980 KB] Number of registered states: 297398
[t=41.5743s, 58980 KB] Int hash set load factor: 297398/524288 = 0.567242
[t=41.5743s, 58980 KB] Int hash set resizes: 19
[t=41.5743s, 58980 KB] mean number of q cost that have been adjusted 0 times in relation to total number of q: -1
[t=41.5743s, 58980 KB] mean number of q cost that have been adjusted 1 times in relation to total number of q: -1
[t=41.5743s, 58980 KB] mean number of q cost that have been adjusted 2 times in relation to total number of q: -1
[t=41.5743s, 58980 KB] mean number of q that are at some point overconsitent in relation to total number of q: -1
[t=41.5743s, 58980 KB] mean number of q that are at first underconsisten in relation to total number of q: -1
[t=41.5743s, 58980 KB] mean number of state variables that are not in common between two following states in relation to total number of state variables: -1
[t=41.5743s, 58980 KB] variance number of state variables that are not in common between two following states in relation to total number of state variables: -1
[t=41.5743s, 58980 KB] Search time: 41.248s
[t=41.5743s, 58980 KB] Total time: 41.5743s
Solution found.
Peak memory: 58980 KB
Remove intermediate file output.sas
search exit code: 0

INFO     Running validate.
INFO     validate stdin: None
INFO     validate time limit: None
INFO     validate memory limit: None
INFO     validate command line string: validate domain.pddl problem.pddl sas_plan
