INFO     Running translator.
INFO     translator stdin: None
INFO     translator time limit: 1799.95s
INFO     translator memory limit: 3584 MB
INFO     translator command line string: /infai/weidan00/downward/experiments/bachelor/.venv/bin/python3 /infai/weidan00/downward/experiments/bachelor/data/bachelor-v1/code-7aa5f34_e5e41175/builds/release/bin/translate/translate.py domain.pddl problem.pddl --sas-file output.sas
Parsing...
Parsing: [0.010s CPU, 0.005s wall-clock]
Normalizing task... [0.000s CPU, 0.000s wall-clock]
Instantiating...
Generating Datalog program... [0.000s CPU, 0.002s wall-clock]
Normalizing Datalog program...
Normalizing Datalog program: [0.000s CPU, 0.003s wall-clock]
Preparing model... [0.010s CPU, 0.005s wall-clock]
Generated 51 rules.
Computing model... [0.380s CPU, 0.383s wall-clock]
28521 relevant atoms
11850 auxiliary atoms
40371 final queue length
62311 total queue pushes
Completing instantiation... [0.890s CPU, 0.891s wall-clock]
Instantiating: [1.290s CPU, 1.296s wall-clock]
Computing fact groups...
Finding invariants...
6 initial candidates
Finding invariants: [0.010s CPU, 0.007s wall-clock]
Checking invariant weight... [0.000s CPU, 0.001s wall-clock]
Instantiating groups... [0.030s CPU, 0.030s wall-clock]
Collecting mutex groups... [0.000s CPU, 0.003s wall-clock]
Choosing groups...
0 uncovered facts
Choosing groups: [0.010s CPU, 0.007s wall-clock]
Building translation key... [0.000s CPU, 0.004s wall-clock]
Computing fact groups: [0.070s CPU, 0.075s wall-clock]
Building STRIPS to SAS dictionary... [0.070s CPU, 0.067s wall-clock]
Building dictionary for full mutex groups... [0.000s CPU, 0.002s wall-clock]
Building mutex information...
Building mutex information: [0.000s CPU, 0.001s wall-clock]
Translating task...
Processing axioms...
Simplifying axioms... [0.000s CPU, 0.000s wall-clock]
Processing axioms: [0.040s CPU, 0.033s wall-clock]
Translating task: [0.750s CPU, 0.752s wall-clock]
0 effect conditions simplified
0 implied preconditions added
Detecting unreachable propositions...
0 operators removed
0 axioms removed
60 propositions removed
Detecting unreachable propositions: [0.480s CPU, 0.472s wall-clock]
Reordering and filtering variables...
60 of 60 variables necessary.
0 of 60 mutex groups necessary.
24480 of 24480 operators necessary.
0 of 0 axiom rules necessary.
Reordering and filtering variables: [0.070s CPU, 0.078s wall-clock]
Translator variables: 60
Translator derived variables: 0
Translator facts: 2990
Translator goal facts: 20
Translator mutex groups: 0
Translator total mutex groups size: 0
Translator operators: 24480
Translator axioms: 0
Translator task size: 92110
Translator peak memory: 223972 KB
Writing output... [0.180s CPU, 0.208s wall-clock]
Done! [2.960s CPU, 2.995s wall-clock]
translate exit code: 0

INFO     Running search (release).
INFO     search stdin: output.sas
INFO     search time limit: 1796.91s
INFO     search memory limit: 3584 MB
INFO     search command line string: /infai/weidan00/downward/experiments/bachelor/data/bachelor-v1/code-7aa5f34_e5e41175/builds/release/bin/downward --search 'eager_wastar([pinch_tracking()], w=2)' --internal-plan-file sas_plan < output.sas
[t=6.326e-05s, 17204 KB] reading input...
[t=0.122503s, 23732 KB] done reading input!
[t=0.12936s, 25420 KB] Simplifying 24480 unary operators... done! [24480 unary operators]
[t=0.146588s, 27744 KB] time to simplify: 0.0186798s
[t=0.149716s, 27744 KB] Initializing pinch tracking heuristic...
[t=0.149929s, 27744 KB] Building successor generator...done!
[t=0.16281s, 29196 KB] peak memory difference for successor generator creation: 1452 KB
[t=0.162863s, 29196 KB] time for successor generation creation: 0.0124119s
[t=0.163128s, 29196 KB] Variables: 60
[t=0.163186s, 29196 KB] FactPairs: 2990
[t=0.163225s, 29196 KB] Bytes per state: 36
[t=0.163376s, 29196 KB] Conducting best first search with reopening closed nodes, (real) bound = 2147483647
[t=0.165634s, 29196 KB] New best heuristic value for pinch_tracking: 170
[t=0.16572s, 29196 KB] g=0, 1 evaluated, 0 expanded
[t=0.16578s, 29196 KB] Initial heuristic value for pinch_tracking: 170
[t=0.165821s, 29196 KB] pruning method: none
[t=0.16604s, 29196 KB] New best heuristic value for pinch_tracking: 169
[t=0.166085s, 29196 KB] g=1, 3 evaluated, 1 expanded
[t=0.167301s, 29196 KB] New best heuristic value for pinch_tracking: 168
[t=0.167358s, 29196 KB] g=1, 22 evaluated, 1 expanded
[t=0.187362s, 29196 KB] New best heuristic value for pinch_tracking: 167
[t=0.187471s, 29196 KB] g=2, 365 evaluated, 2 expanded
[t=0.197115s, 29196 KB] New best heuristic value for pinch_tracking: 166
[t=0.197213s, 29196 KB] g=2, 525 evaluated, 2 expanded
[t=0.208803s, 29196 KB] New best heuristic value for pinch_tracking: 165
[t=0.208901s, 29196 KB] g=3, 726 evaluated, 3 expanded
[t=0.218714s, 29196 KB] New best heuristic value for pinch_tracking: 164
[t=0.218811s, 29196 KB] g=3, 892 evaluated, 3 expanded
[t=0.228724s, 29196 KB] New best heuristic value for pinch_tracking: 163
[t=0.228826s, 29196 KB] g=4, 1059 evaluated, 4 expanded
[t=0.240183s, 29196 KB] New best heuristic value for pinch_tracking: 162
[t=0.240282s, 29196 KB] g=4, 1266 evaluated, 4 expanded
[t=0.247123s, 29196 KB] New best heuristic value for pinch_tracking: 161
[t=0.247219s, 29196 KB] g=5, 1391 evaluated, 5 expanded
[t=0.265236s, 29196 KB] New best heuristic value for pinch_tracking: 160
[t=0.265336s, 29196 KB] g=6, 1722 evaluated, 6 expanded
[t=0.285027s, 29196 KB] New best heuristic value for pinch_tracking: 159
[t=0.28513s, 29196 KB] g=7, 2082 evaluated, 7 expanded
[t=0.3048s, 29196 KB] New best heuristic value for pinch_tracking: 158
[t=0.304903s, 29196 KB] g=8, 2444 evaluated, 8 expanded
[t=0.324646s, 29196 KB] New best heuristic value for pinch_tracking: 157
[t=0.324748s, 29196 KB] g=9, 2805 evaluated, 9 expanded
[t=0.344684s, 29196 KB] New best heuristic value for pinch_tracking: 156
[t=0.344784s, 29196 KB] g=10, 3170 evaluated, 10 expanded
[t=0.364267s, 29196 KB] New best heuristic value for pinch_tracking: 155
[t=0.364368s, 29196 KB] g=11, 3531 evaluated, 11 expanded
[t=0.384067s, 29196 KB] New best heuristic value for pinch_tracking: 154
[t=0.38417s, 29196 KB] g=12, 3892 evaluated, 12 expanded
[t=0.4047s, 29196 KB] New best heuristic value for pinch_tracking: 153
[t=0.404804s, 29196 KB] g=13, 4258 evaluated, 13 expanded
[t=0.424698s, 29196 KB] New best heuristic value for pinch_tracking: 152
[t=0.424798s, 29196 KB] g=14, 4624 evaluated, 14 expanded
[t=0.444663s, 29196 KB] New best heuristic value for pinch_tracking: 151
[t=0.444771s, 29196 KB] g=15, 4991 evaluated, 15 expanded
[t=0.464693s, 29196 KB] New best heuristic value for pinch_tracking: 150
[t=0.464793s, 29196 KB] g=16, 5356 evaluated, 16 expanded
[t=0.484502s, 29196 KB] New best heuristic value for pinch_tracking: 149
[t=0.484604s, 29196 KB] g=17, 5718 evaluated, 17 expanded
[t=0.504435s, 29196 KB] New best heuristic value for pinch_tracking: 148
[t=0.504537s, 29196 KB] g=18, 6081 evaluated, 18 expanded
[t=0.524819s, 29196 KB] New best heuristic value for pinch_tracking: 147
[t=0.524922s, 29196 KB] g=19, 6453 evaluated, 19 expanded
[t=0.544865s, 29196 KB] New best heuristic value for pinch_tracking: 146
[t=0.544966s, 29196 KB] g=20, 6820 evaluated, 20 expanded
[t=0.565076s, 29196 KB] New best heuristic value for pinch_tracking: 145
[t=0.565178s, 29196 KB] g=21, 7186 evaluated, 21 expanded
[t=0.58514s, 29196 KB] New best heuristic value for pinch_tracking: 144
[t=0.58524s, 29196 KB] g=22, 7553 evaluated, 22 expanded
[t=0.606042s, 29196 KB] New best heuristic value for pinch_tracking: 143
[t=0.606144s, 29196 KB] g=23, 7919 evaluated, 23 expanded
[t=0.626485s, 29196 KB] New best heuristic value for pinch_tracking: 142
[t=0.626586s, 29196 KB] g=24, 8288 evaluated, 24 expanded
[t=0.647057s, 29196 KB] New best heuristic value for pinch_tracking: 141
[t=0.647158s, 29196 KB] g=25, 8659 evaluated, 25 expanded
[t=0.667213s, 29196 KB] New best heuristic value for pinch_tracking: 140
[t=0.66731s, 29196 KB] g=26, 9026 evaluated, 26 expanded
[t=0.687439s, 29196 KB] New best heuristic value for pinch_tracking: 139
[t=0.687543s, 29196 KB] g=27, 9393 evaluated, 27 expanded
[t=0.708008s, 29196 KB] New best heuristic value for pinch_tracking: 138
[t=0.708118s, 29196 KB] g=28, 9765 evaluated, 28 expanded
[t=0.728124s, 29196 KB] New best heuristic value for pinch_tracking: 137
[t=0.728226s, 29196 KB] g=29, 10132 evaluated, 29 expanded
[t=0.748349s, 29196 KB] New best heuristic value for pinch_tracking: 136
[t=0.748449s, 29196 KB] g=30, 10499 evaluated, 30 expanded
[t=0.768839s, 29196 KB] New best heuristic value for pinch_tracking: 135
[t=0.768941s, 29196 KB] g=31, 10872 evaluated, 31 expanded
[t=0.78907s, 29292 KB] New best heuristic value for pinch_tracking: 134
[t=0.789171s, 29292 KB] g=32, 11240 evaluated, 32 expanded
[t=0.809288s, 29292 KB] New best heuristic value for pinch_tracking: 133
[t=0.80939s, 29292 KB] g=33, 11608 evaluated, 33 expanded
[t=0.82961s, 29292 KB] New best heuristic value for pinch_tracking: 132
[t=0.829712s, 29292 KB] g=34, 11980 evaluated, 34 expanded
[t=0.849675s, 29292 KB] New best heuristic value for pinch_tracking: 131
[t=0.849776s, 29292 KB] g=35, 12349 evaluated, 35 expanded
[t=0.869908s, 29292 KB] New best heuristic value for pinch_tracking: 130
[t=0.870009s, 29292 KB] g=36, 12718 evaluated, 36 expanded
[t=0.89023s, 29292 KB] New best heuristic value for pinch_tracking: 129
[t=0.89033s, 29292 KB] g=37, 13089 evaluated, 37 expanded
[t=0.910318s, 29444 KB] New best heuristic value for pinch_tracking: 128
[t=0.910421s, 29444 KB] g=38, 13459 evaluated, 38 expanded
[t=0.93044s, 29444 KB] New best heuristic value for pinch_tracking: 127
[t=0.930542s, 29444 KB] g=39, 13830 evaluated, 39 expanded
[t=0.950714s, 29444 KB] New best heuristic value for pinch_tracking: 126
[t=0.950816s, 29444 KB] g=40, 14200 evaluated, 40 expanded
[t=0.971121s, 29444 KB] New best heuristic value for pinch_tracking: 125
[t=0.971223s, 29444 KB] g=41, 14574 evaluated, 41 expanded
[t=0.99124s, 29444 KB] New best heuristic value for pinch_tracking: 124
[t=0.991343s, 29444 KB] g=42, 14945 evaluated, 42 expanded
[t=1.01261s, 29604 KB] New best heuristic value for pinch_tracking: 123
[t=1.01271s, 29604 KB] g=43, 15317 evaluated, 43 expanded
[t=1.03291s, 29604 KB] New best heuristic value for pinch_tracking: 122
[t=1.03301s, 29604 KB] g=44, 15688 evaluated, 44 expanded
[t=1.05328s, 29604 KB] New best heuristic value for pinch_tracking: 121
[t=1.05338s, 29604 KB] g=45, 16063 evaluated, 45 expanded
[t=1.07337s, 30340 KB] New best heuristic value for pinch_tracking: 120
[t=1.07347s, 30340 KB] g=46, 16434 evaluated, 46 expanded
[t=1.09326s, 30340 KB] New best heuristic value for pinch_tracking: 119
[t=1.09336s, 30340 KB] g=47, 16805 evaluated, 47 expanded
[t=1.11338s, 30340 KB] New best heuristic value for pinch_tracking: 118
[t=1.11349s, 30340 KB] g=48, 17181 evaluated, 48 expanded
[t=1.13584s, 30340 KB] New best heuristic value for pinch_tracking: 117
[t=1.13595s, 30340 KB] g=49, 17605 evaluated, 49 expanded
[t=1.15637s, 30340 KB] New best heuristic value for pinch_tracking: 116
[t=1.15647s, 30340 KB] g=50, 17986 evaluated, 50 expanded
[t=1.17557s, 30340 KB] New best heuristic value for pinch_tracking: 115
[t=1.17567s, 30340 KB] g=51, 18334 evaluated, 51 expanded
[t=1.19579s, 30340 KB] New best heuristic value for pinch_tracking: 114
[t=1.19589s, 30340 KB] g=52, 18701 evaluated, 52 expanded
[t=1.21791s, 30340 KB] New best heuristic value for pinch_tracking: 113
[t=1.21803s, 30340 KB] g=53, 19103 evaluated, 53 expanded
[t=1.23985s, 30340 KB] New best heuristic value for pinch_tracking: 112
[t=1.23995s, 30340 KB] g=54, 19503 evaluated, 54 expanded
[t=1.2634s, 30340 KB] New best heuristic value for pinch_tracking: 111
[t=1.2635s, 30340 KB] g=55, 19931 evaluated, 55 expanded
[t=1.28382s, 30340 KB] New best heuristic value for pinch_tracking: 110
[t=1.28392s, 30340 KB] g=56, 20300 evaluated, 56 expanded
[t=1.30401s, 30340 KB] New best heuristic value for pinch_tracking: 109
[t=1.30411s, 30340 KB] g=57, 20668 evaluated, 57 expanded
[t=1.32576s, 30340 KB] New best heuristic value for pinch_tracking: 108
[t=1.32587s, 30340 KB] g=58, 21064 evaluated, 58 expanded
[t=1.34508s, 30340 KB] New best heuristic value for pinch_tracking: 107
[t=1.34518s, 30340 KB] g=59, 21417 evaluated, 59 expanded
[t=1.36427s, 30340 KB] New best heuristic value for pinch_tracking: 106
[t=1.36438s, 30340 KB] g=60, 21767 evaluated, 60 expanded
[t=1.36943s, 30340 KB] New best heuristic value for pinch_tracking: 105
[t=1.36952s, 30340 KB] g=61, 21858 evaluated, 61 expanded
[t=1.40614s, 30340 KB] New best heuristic value for pinch_tracking: 104
[t=1.40625s, 30340 KB] g=62, 22530 evaluated, 62 expanded
[t=1.42769s, 30340 KB] New best heuristic value for pinch_tracking: 103
[t=1.42779s, 30340 KB] g=63, 22924 evaluated, 63 expanded
[t=1.44627s, 30560 KB] New best heuristic value for pinch_tracking: 102
[t=1.44637s, 30560 KB] g=64, 23262 evaluated, 64 expanded
[t=1.46613s, 30560 KB] New best heuristic value for pinch_tracking: 101
[t=1.46623s, 30560 KB] g=65, 23623 evaluated, 65 expanded
[t=1.4695s, 30560 KB] New best heuristic value for pinch_tracking: 100
[t=1.46958s, 30560 KB] g=66, 23685 evaluated, 66 expanded
[t=1.48949s, 30560 KB] New best heuristic value for pinch_tracking: 99
[t=1.48959s, 30560 KB] g=67, 24049 evaluated, 67 expanded
[t=1.50949s, 30560 KB] New best heuristic value for pinch_tracking: 98
[t=1.50957s, 30560 KB] g=68, 24412 evaluated, 68 expanded
[t=1.88149s, 31452 KB] New best heuristic value for pinch_tracking: 97
[t=1.8816s, 31452 KB] g=70, 31110 evaluated, 87 expanded
[t=1.9015s, 31452 KB] New best heuristic value for pinch_tracking: 96
[t=1.90161s, 31452 KB] g=71, 31472 evaluated, 88 expanded
[t=2.38791s, 32668 KB] New best heuristic value for pinch_tracking: 95
[t=2.38802s, 32668 KB] g=73, 40239 evaluated, 113 expanded
[t=2.40808s, 32668 KB] New best heuristic value for pinch_tracking: 94
[t=2.40819s, 32668 KB] g=74, 40603 evaluated, 114 expanded
[t=2.42825s, 32668 KB] New best heuristic value for pinch_tracking: 93
[t=2.42835s, 32668 KB] g=75, 40966 evaluated, 115 expanded
[t=2.45786s, 32668 KB] New best heuristic value for pinch_tracking: 92
[t=2.45796s, 32668 KB] g=76, 41507 evaluated, 116 expanded
[t=2.47694s, 32668 KB] New best heuristic value for pinch_tracking: 91
[t=2.47705s, 32668 KB] g=77, 41855 evaluated, 117 expanded
[t=2.49611s, 32668 KB] New best heuristic value for pinch_tracking: 90
[t=2.49621s, 32668 KB] g=78, 42207 evaluated, 118 expanded
[t=2.50627s, 32668 KB] New best heuristic value for pinch_tracking: 89
[t=2.50639s, 32668 KB] g=79, 42392 evaluated, 119 expanded
[t=2.53422s, 32668 KB] New best heuristic value for pinch_tracking: 88
[t=2.53432s, 32668 KB] g=80, 42923 evaluated, 120 expanded
[t=2.55371s, 32868 KB] New best heuristic value for pinch_tracking: 87
[t=2.55381s, 32868 KB] g=81, 43271 evaluated, 121 expanded
[t=2.60489s, 32868 KB] New best heuristic value for pinch_tracking: 86
[t=2.60499s, 32868 KB] g=82, 44186 evaluated, 124 expanded
[t=2.63533s, 32868 KB] New best heuristic value for pinch_tracking: 85
[t=2.63544s, 32868 KB] g=83, 44756 evaluated, 125 expanded
[t=2.65396s, 32868 KB] New best heuristic value for pinch_tracking: 84
[t=2.65406s, 32868 KB] g=84, 45095 evaluated, 126 expanded
[t=2.65982s, 32868 KB] New best heuristic value for pinch_tracking: 83
[t=2.65991s, 32868 KB] g=85, 45196 evaluated, 127 expanded
[t=2.69368s, 33020 KB] New best heuristic value for pinch_tracking: 82
[t=2.69378s, 33020 KB] g=86, 45825 evaluated, 128 expanded
[t=2.71142s, 33020 KB] New best heuristic value for pinch_tracking: 81
[t=2.71152s, 33020 KB] g=87, 46161 evaluated, 129 expanded
[t=2.71641s, 33020 KB] New best heuristic value for pinch_tracking: 80
[t=2.71649s, 33020 KB] g=88, 46252 evaluated, 130 expanded
[t=2.75411s, 33020 KB] New best heuristic value for pinch_tracking: 79
[t=2.75421s, 33020 KB] g=90, 46980 evaluated, 132 expanded
[t=2.77311s, 33020 KB] New best heuristic value for pinch_tracking: 78
[t=2.77321s, 33020 KB] g=91, 47343 evaluated, 133 expanded
[t=2.79226s, 33020 KB] New best heuristic value for pinch_tracking: 77
[t=2.79236s, 33020 KB] g=92, 47708 evaluated, 134 expanded
[t=2.81145s, 33152 KB] New best heuristic value for pinch_tracking: 76
[t=2.81155s, 33152 KB] g=93, 48073 evaluated, 135 expanded
[t=2.83048s, 33152 KB] New best heuristic value for pinch_tracking: 75
[t=2.83059s, 33152 KB] g=94, 48437 evaluated, 136 expanded
[t=2.86362s, 33152 KB] New best heuristic value for pinch_tracking: 74
[t=2.86372s, 33152 KB] g=95, 49076 evaluated, 137 expanded
[t=2.88232s, 33152 KB] New best heuristic value for pinch_tracking: 73
[t=2.88242s, 33152 KB] g=96, 49433 evaluated, 138 expanded
[t=2.90086s, 33152 KB] New best heuristic value for pinch_tracking: 72
[t=2.90096s, 33152 KB] g=97, 49776 evaluated, 139 expanded
[t=3.06092s, 33344 KB] New best heuristic value for pinch_tracking: 71
[t=3.06102s, 33344 KB] g=99, 52751 evaluated, 148 expanded
[t=3.08065s, 33344 KB] New best heuristic value for pinch_tracking: 70
[t=3.08075s, 33344 KB] g=100, 53114 evaluated, 149 expanded
[t=3.37699s, 34664 KB] New best heuristic value for pinch_tracking: 69
[t=3.3771s, 34664 KB] g=102, 58468 evaluated, 164 expanded
[t=3.39731s, 34664 KB] New best heuristic value for pinch_tracking: 68
[t=3.39742s, 34664 KB] g=103, 58832 evaluated, 165 expanded
[t=3.41734s, 34664 KB] New best heuristic value for pinch_tracking: 67
[t=3.41746s, 34664 KB] g=104, 59195 evaluated, 166 expanded
[t=3.93187s, 36832 KB] New best heuristic value for pinch_tracking: 66
[t=3.93198s, 36832 KB] g=106, 68640 evaluated, 193 expanded
[t=3.95165s, 36832 KB] New best heuristic value for pinch_tracking: 65
[t=3.95175s, 36832 KB] g=107, 69003 evaluated, 194 expanded
[t=3.97166s, 36832 KB] New best heuristic value for pinch_tracking: 64
[t=3.97177s, 36832 KB] g=108, 69368 evaluated, 195 expanded
[t=3.99147s, 36832 KB] New best heuristic value for pinch_tracking: 63
[t=3.99157s, 36832 KB] g=109, 69731 evaluated, 196 expanded
[t=4.01249s, 36832 KB] New best heuristic value for pinch_tracking: 62
[t=4.0126s, 36832 KB] g=110, 70094 evaluated, 197 expanded
[t=4.04217s, 36832 KB] New best heuristic value for pinch_tracking: 61
[t=4.04227s, 36832 KB] g=111, 70638 evaluated, 198 expanded
[t=4.06124s, 36832 KB] New best heuristic value for pinch_tracking: 60
[t=4.06134s, 36832 KB] g=112, 70989 evaluated, 199 expanded
[t=4.08068s, 36832 KB] New best heuristic value for pinch_tracking: 59
[t=4.08077s, 36832 KB] g=113, 71337 evaluated, 200 expanded
[t=4.10048s, 36832 KB] New best heuristic value for pinch_tracking: 58
[t=4.10058s, 36832 KB] g=114, 71690 evaluated, 201 expanded
[t=4.12005s, 36832 KB] New best heuristic value for pinch_tracking: 57
[t=4.12015s, 36832 KB] g=115, 72035 evaluated, 202 expanded
[t=4.13012s, 36832 KB] New best heuristic value for pinch_tracking: 56
[t=4.13022s, 36832 KB] g=116, 72207 evaluated, 203 expanded
[t=4.15067s, 36832 KB] New best heuristic value for pinch_tracking: 55
[t=4.15078s, 36832 KB] g=117, 72569 evaluated, 204 expanded
[t=4.1712s, 36832 KB] New best heuristic value for pinch_tracking: 54
[t=4.1713s, 36832 KB] g=118, 72932 evaluated, 205 expanded
[t=4.62271s, 37176 KB] New best heuristic value for pinch_tracking: 53
[t=4.62281s, 37176 KB] g=120, 81016 evaluated, 228 expanded
[t=4.64321s, 37176 KB] New best heuristic value for pinch_tracking: 52
[t=4.64331s, 37176 KB] g=121, 81379 evaluated, 229 expanded
[t=4.6637s, 37176 KB] New best heuristic value for pinch_tracking: 51
[t=4.6638s, 37176 KB] g=122, 81742 evaluated, 230 expanded
[t=5.547s, 38288 KB] New best heuristic value for pinch_tracking: 50
[t=5.5471s, 38288 KB] g=124, 97397 evaluated, 276 expanded
[t=5.56769s, 38288 KB] New best heuristic value for pinch_tracking: 49
[t=5.56779s, 38288 KB] g=125, 97760 evaluated, 277 expanded
[t=5.58832s, 38288 KB] New best heuristic value for pinch_tracking: 48
[t=5.58841s, 38288 KB] g=126, 98123 evaluated, 278 expanded
[t=6.62578s, 41240 KB] New best heuristic value for pinch_tracking: 47
[t=6.62589s, 41240 KB] g=128, 116260 evaluated, 332 expanded
[t=6.64645s, 41240 KB] New best heuristic value for pinch_tracking: 46
[t=6.64654s, 41240 KB] g=129, 116623 evaluated, 333 expanded
[t=7.77665s, 45448 KB] New best heuristic value for pinch_tracking: 45
[t=7.77675s, 45448 KB] g=131, 136456 evaluated, 393 expanded
[t=7.79606s, 45448 KB] New best heuristic value for pinch_tracking: 44
[t=7.79616s, 45448 KB] g=132, 136813 evaluated, 394 expanded
[t=7.8148s, 45448 KB] New best heuristic value for pinch_tracking: 43
[t=7.81489s, 45448 KB] g=133, 137152 evaluated, 395 expanded
[t=7.82859s, 45448 KB] New best heuristic value for pinch_tracking: 42
[t=7.82869s, 45448 KB] g=134, 137402 evaluated, 396 expanded
[t=8.04184s, 45448 KB] New best heuristic value for pinch_tracking: 41
[t=8.04194s, 45448 KB] g=136, 141320 evaluated, 407 expanded
[t=8.0617s, 45448 KB] New best heuristic value for pinch_tracking: 40
[t=8.06179s, 45448 KB] g=137, 141681 evaluated, 408 expanded
[t=8.08153s, 45448 KB] New best heuristic value for pinch_tracking: 39
[t=8.08161s, 45448 KB] g=138, 142043 evaluated, 409 expanded
[t=8.10132s, 45448 KB] New best heuristic value for pinch_tracking: 38
[t=8.10141s, 45448 KB] g=139, 142405 evaluated, 410 expanded
[t=8.12114s, 45448 KB] New best heuristic value for pinch_tracking: 37
[t=8.12124s, 45448 KB] g=140, 142766 evaluated, 411 expanded
[t=8.1472s, 45448 KB] New best heuristic value for pinch_tracking: 36
[t=8.1473s, 45448 KB] g=141, 143242 evaluated, 412 expanded
[t=8.16703s, 45448 KB] New best heuristic value for pinch_tracking: 35
[t=8.16712s, 45448 KB] g=142, 143600 evaluated, 413 expanded
[t=8.18601s, 45448 KB] New best heuristic value for pinch_tracking: 34
[t=8.1861s, 45448 KB] g=143, 143939 evaluated, 414 expanded
[t=9.32513s, 46536 KB] New best heuristic value for pinch_tracking: 33
[t=9.32524s, 46536 KB] g=145, 164873 evaluated, 478 expanded
[t=9.34333s, 46536 KB] New best heuristic value for pinch_tracking: 32
[t=9.34343s, 46536 KB] g=146, 165207 evaluated, 479 expanded
[t=9.36273s, 46536 KB] New best heuristic value for pinch_tracking: 31
[t=9.36283s, 46536 KB] g=147, 165567 evaluated, 480 expanded
[t=9.37947s, 46536 KB] New best heuristic value for pinch_tracking: 30
[t=9.37957s, 46536 KB] g=148, 165869 evaluated, 481 expanded
[t=10.3877s, 47688 KB] New best heuristic value for pinch_tracking: 29
[t=10.3879s, 47688 KB] g=150, 184505 evaluated, 537 expanded
[t=10.4074s, 47836 KB] New best heuristic value for pinch_tracking: 28
[t=10.4075s, 47836 KB] g=151, 184866 evaluated, 538 expanded
[t=10.427s, 47836 KB] New best heuristic value for pinch_tracking: 27
[t=10.4271s, 47836 KB] g=152, 185228 evaluated, 539 expanded
[t=10.4464s, 47836 KB] New best heuristic value for pinch_tracking: 26
[t=10.4465s, 47836 KB] g=153, 185589 evaluated, 540 expanded
[t=10.4659s, 47836 KB] New best heuristic value for pinch_tracking: 25
[t=10.466s, 47836 KB] g=154, 185949 evaluated, 541 expanded
[t=10.487s, 47836 KB] New best heuristic value for pinch_tracking: 24
[t=10.4871s, 47836 KB] g=155, 186342 evaluated, 542 expanded
[t=10.5058s, 47836 KB] New best heuristic value for pinch_tracking: 23
[t=10.5059s, 47836 KB] g=156, 186686 evaluated, 543 expanded
[t=10.525s, 47836 KB] New best heuristic value for pinch_tracking: 22
[t=10.5251s, 47836 KB] g=157, 187037 evaluated, 544 expanded
[t=11.2026s, 48632 KB] New best heuristic value for pinch_tracking: 21
[t=11.2027s, 48632 KB] g=159, 199649 evaluated, 581 expanded
[t=11.2223s, 48632 KB] New best heuristic value for pinch_tracking: 20
[t=11.2224s, 48632 KB] g=160, 200009 evaluated, 582 expanded
[t=11.242s, 48632 KB] New best heuristic value for pinch_tracking: 19
[t=11.2421s, 48632 KB] g=161, 200370 evaluated, 583 expanded
[t=12.4417s, 50056 KB] New best heuristic value for pinch_tracking: 18
[t=12.4418s, 50056 KB] g=163, 222458 evaluated, 651 expanded
[t=12.4609s, 50200 KB] New best heuristic value for pinch_tracking: 17
[t=12.461s, 50200 KB] g=164, 222811 evaluated, 652 expanded
[t=12.4796s, 50200 KB] New best heuristic value for pinch_tracking: 16
[t=12.4797s, 50200 KB] g=165, 223152 evaluated, 653 expanded
[t=13.7231s, 54644 KB] New best heuristic value for pinch_tracking: 15
[t=13.7232s, 54644 KB] g=167, 245586 evaluated, 722 expanded
[t=13.7428s, 54644 KB] New best heuristic value for pinch_tracking: 14
[t=13.7429s, 54644 KB] g=168, 245939 evaluated, 723 expanded
[t=14.8324s, 62952 KB] New best heuristic value for pinch_tracking: 13
[t=14.8325s, 62952 KB] g=170, 265977 evaluated, 784 expanded
[t=14.8498s, 62952 KB] New best heuristic value for pinch_tracking: 12
[t=14.8499s, 62952 KB] g=171, 266318 evaluated, 785 expanded
[t=14.868s, 62952 KB] New best heuristic value for pinch_tracking: 11
[t=14.8681s, 62952 KB] g=172, 266672 evaluated, 786 expanded
[t=14.9227s, 62952 KB] New best heuristic value for pinch_tracking: 10
[t=14.9228s, 62952 KB] g=173, 267726 evaluated, 789 expanded
[t=14.9411s, 62952 KB] New best heuristic value for pinch_tracking: 9
[t=14.9412s, 62952 KB] g=174, 268085 evaluated, 790 expanded
[t=14.9585s, 62952 KB] New best heuristic value for pinch_tracking: 8
[t=14.9586s, 62952 KB] g=175, 268422 evaluated, 791 expanded
[t=14.9882s, 62952 KB] New best heuristic value for pinch_tracking: 7
[t=14.9883s, 62952 KB] g=176, 268990 evaluated, 792 expanded
[t=15.0075s, 62952 KB] New best heuristic value for pinch_tracking: 6
[t=15.0076s, 62952 KB] g=177, 269351 evaluated, 793 expanded
[t=15.141s, 62952 KB] New best heuristic value for pinch_tracking: 5
[t=15.1411s, 62952 KB] g=179, 271898 evaluated, 801 expanded
[t=15.1601s, 62952 KB] New best heuristic value for pinch_tracking: 4
[t=15.1603s, 62952 KB] g=180, 272260 evaluated, 802 expanded
[t=15.1794s, 62952 KB] New best heuristic value for pinch_tracking: 3
[t=15.1795s, 62952 KB] g=181, 272623 evaluated, 803 expanded
[t=16.2581s, 62952 KB] New best heuristic value for pinch_tracking: 2
[t=16.2582s, 62952 KB] g=183, 293262 evaluated, 865 expanded
[t=16.2781s, 62952 KB] New best heuristic value for pinch_tracking: 1
[t=16.2782s, 62952 KB] g=184, 293623 evaluated, 866 expanded
[t=16.2968s, 62952 KB] New best heuristic value for pinch_tracking: 0
[t=16.2969s, 62952 KB] g=185, 293960 evaluated, 867 expanded
[t=16.3098s, 62952 KB] Solution found!
[t=16.3101s, 62952 KB] Actual search time: 16.1443s
drive-truck truck28 city28-2 city28-1 city28 (1)
fly-airplane plane6 city15-3 city17-3 (1)
fly-airplane plane5 city6-3 city20-3 (1)
fly-airplane plane4 city8-3 city4-3 (1)
drive-truck truck9 city9-2 city9-3 city9 (1)
drive-truck truck8 city8-2 city8-1 city8 (1)
load-truck package14 truck8 city8-1 (1)
drive-truck truck8 city8-1 city8-3 city8 (1)
unload-truck package14 truck8 city8-3 (1)
load-truck package9 truck7 city7-1 (1)
drive-truck truck7 city7-1 city7-3 city7 (1)
unload-truck package9 truck7 city7-3 (1)
drive-truck truck6 city6-1 city6-3 city6 (1)
drive-truck truck4 city4-2 city4-3 city4 (1)
drive-truck truck29 city29-2 city29-1 city29 (1)
load-truck package20 truck28 city28-1 (1)
drive-truck truck28 city28-1 city28-3 city28 (1)
unload-truck package20 truck28 city28-3 (1)
drive-truck truck25 city25-1 city25-3 city25 (1)
drive-truck truck23 city23-2 city23-1 city23 (1)
load-truck package7 truck23 city23-1 (1)
drive-truck truck23 city23-1 city23-3 city23 (1)
unload-truck package7 truck23 city23-3 (1)
drive-truck truck22 city22-2 city22-3 city22 (1)
load-truck package17 truck20 city20-1 (1)
drive-truck truck20 city20-1 city20-3 city20 (1)
unload-truck package17 truck20 city20-3 (1)
load-truck package19 truck19 city19-2 (1)
drive-truck truck19 city19-2 city19-3 city19 (1)
unload-truck package19 truck19 city19-3 (1)
load-truck package13 truck17 city17-1 (1)
drive-truck truck17 city17-1 city17-3 city17 (1)
unload-truck package13 truck17 city17-3 (1)
load-truck package1 truck16 city16-1 (1)
drive-truck truck16 city16-1 city16-3 city16 (1)
unload-truck package1 truck16 city16-3 (1)
drive-truck truck15 city15-2 city15-1 city15 (1)
load-truck package8 truck15 city15-1 (1)
drive-truck truck15 city15-1 city15-3 city15 (1)
unload-truck package8 truck15 city15-3 (1)
drive-truck truck13 city13-2 city13-1 city13 (1)
load-truck package15 truck13 city13-1 (1)
drive-truck truck13 city13-1 city13-3 city13 (1)
unload-truck package15 truck13 city13-3 (1)
load-truck package5 truck12 city12-2 (1)
drive-truck truck12 city12-2 city12-3 city12 (1)
unload-truck package5 truck12 city12-3 (1)
drive-truck truck10 city10-1 city10-3 city10 (1)
fly-airplane plane8 city9-3 city29-3 (1)
load-airplane package7 plane7 city23-3 (1)
fly-airplane plane7 city23-3 city14-3 (1)
unload-airplane package7 plane7 city14-3 (1)
load-airplane package13 plane6 city17-3 (1)
load-airplane package17 plane5 city20-3 (1)
load-airplane package4 plane3 city28-3 (1)
load-airplane package20 plane3 city28-3 (1)
load-airplane package2 plane3 city28-3 (1)
load-airplane package5 plane2 city12-3 (1)
fly-airplane plane2 city12-3 city25-3 (1)
unload-airplane package5 plane2 city25-3 (1)
load-truck package5 truck25 city25-3 (1)
load-airplane package3 plane10 city6-3 (1)
load-airplane package19 plane1 city19-3 (1)
fly-airplane plane1 city19-3 city12-3 (1)
unload-airplane package19 plane1 city12-3 (1)
load-truck package19 truck12 city12-3 (1)
drive-truck truck12 city12-3 city12-2 city12 (1)
unload-truck package19 truck12 city12-2 (1)
drive-truck truck25 city25-3 city25-2 city25 (1)
unload-truck package5 truck25 city25-2 (1)
drive-truck truck25 city25-2 city25-1 city25 (1)
drive-truck truck20 city20-3 city20-1 city20 (1)
load-truck package16 truck20 city20-1 (1)
drive-truck truck20 city20-1 city20-3 city20 (1)
unload-truck package16 truck20 city20-3 (1)
load-airplane package16 plane5 city20-3 (1)
fly-airplane plane5 city20-3 city22-3 (1)
unload-airplane package16 plane5 city22-3 (1)
load-truck package16 truck22 city22-3 (1)
fly-airplane plane3 city28-3 city10-3 (1)
unload-airplane package4 plane3 city10-3 (1)
load-truck package4 truck10 city10-3 (1)
fly-airplane plane3 city10-3 city6-3 (1)
unload-airplane package20 plane3 city6-3 (1)
load-truck package20 truck6 city6-3 (1)
fly-airplane plane3 city6-3 city9-3 (1)
unload-airplane package2 plane3 city9-3 (1)
load-truck package2 truck9 city9-3 (1)
drive-truck truck9 city9-3 city9-1 city9 (1)
load-truck package12 truck9 city9-1 (1)
drive-truck truck9 city9-1 city9-2 city9 (1)
unload-truck package2 truck9 city9-2 (1)
drive-truck truck9 city9-2 city9-3 city9 (1)
unload-truck package12 truck9 city9-3 (1)
load-airplane package12 plane3 city9-3 (1)
fly-airplane plane3 city9-3 city29-3 (1)
unload-airplane package12 plane3 city29-3 (1)
drive-truck truck6 city6-3 city6-2 city6 (1)
unload-truck package20 truck6 city6-2 (1)
drive-truck truck6 city6-2 city6-1 city6 (1)
drive-truck truck29 city29-1 city29-3 city29 (1)
load-truck package12 truck29 city29-3 (1)
drive-truck truck29 city29-3 city29-1 city29 (1)
unload-truck package12 truck29 city29-1 (1)
drive-truck truck22 city22-3 city22-1 city22 (1)
load-truck package6 truck22 city22-1 (1)
drive-truck truck22 city22-1 city22-2 city22 (1)
unload-truck package16 truck22 city22-2 (1)
drive-truck truck22 city22-2 city22-3 city22 (1)
unload-truck package6 truck22 city22-3 (1)
load-airplane package6 plane5 city22-3 (1)
fly-airplane plane5 city22-3 city25-3 (1)
unload-airplane package17 plane5 city25-3 (1)
fly-airplane plane5 city25-3 city28-3 (1)
unload-airplane package6 plane5 city28-3 (1)
load-truck package6 truck28 city28-3 (1)
drive-truck truck28 city28-3 city28-1 city28 (1)
unload-truck package6 truck28 city28-1 (1)
drive-truck truck25 city25-1 city25-3 city25 (1)
load-truck package17 truck25 city25-3 (1)
drive-truck truck25 city25-3 city25-1 city25 (1)
unload-truck package17 truck25 city25-1 (1)
drive-truck truck14 city14-1 city14-3 city14 (1)
load-truck package7 truck14 city14-3 (1)
drive-truck truck14 city14-3 city14-1 city14 (1)
unload-truck package7 truck14 city14-1 (1)
drive-truck truck10 city10-3 city10-1 city10 (1)
unload-truck package4 truck10 city10-1 (1)
drive-truck truck10 city10-1 city10-3 city10 (1)
fly-airplane plane8 city29-3 city13-3 (1)
load-airplane package15 plane8 city13-3 (1)
fly-airplane plane8 city13-3 city4-3 (1)
unload-airplane package15 plane8 city4-3 (1)
load-truck package15 truck4 city4-3 (1)
drive-truck truck4 city4-3 city4-1 city4 (1)
unload-truck package15 truck4 city4-1 (1)
drive-truck truck4 city4-1 city4-2 city4 (1)
load-truck package10 truck4 city4-2 (1)
drive-truck truck4 city4-2 city4-3 city4 (1)
unload-truck package10 truck4 city4-3 (1)
load-airplane package10 plane8 city4-3 (1)
fly-airplane plane8 city4-3 city30-3 (1)
unload-airplane package10 plane8 city30-3 (1)
fly-airplane plane8 city30-3 city15-3 (1)
load-airplane package8 plane8 city15-3 (1)
fly-airplane plane8 city15-3 city10-3 (1)
unload-airplane package8 plane8 city10-3 (1)
load-truck package8 truck10 city10-3 (1)
drive-truck truck10 city10-3 city10-1 city10 (1)
unload-truck package8 truck10 city10-1 (1)
drive-truck truck10 city10-1 city10-2 city10 (1)
load-truck package18 truck10 city10-2 (1)
drive-truck truck10 city10-2 city10-3 city10 (1)
unload-truck package18 truck10 city10-3 (1)
load-airplane package18 plane9 city10-3 (1)
fly-airplane plane9 city10-3 city2-3 (1)
unload-airplane package18 plane9 city2-3 (1)
drive-truck truck2 city2-1 city2-3 city2 (1)
load-truck package18 truck2 city2-3 (1)
drive-truck truck2 city2-3 city2-1 city2 (1)
unload-truck package18 truck2 city2-1 (1)
fly-airplane plane9 city2-3 city16-3 (1)
load-airplane package1 plane9 city16-3 (1)
fly-airplane plane9 city16-3 city29-3 (1)
unload-airplane package1 plane9 city29-3 (1)
fly-airplane plane9 city29-3 city17-3 (1)
fly-airplane plane6 city17-3 city1-3 (1)
unload-airplane package13 plane6 city1-3 (1)
fly-airplane plane9 city17-3 city7-3 (1)
load-airplane package9 plane9 city7-3 (1)
load-airplane package11 plane9 city7-3 (1)
fly-airplane plane9 city7-3 city17-3 (1)
unload-airplane package9 plane9 city17-3 (1)
fly-airplane plane9 city17-3 city6-3 (1)
unload-airplane package11 plane9 city6-3 (1)
fly-airplane plane10 city6-3 city10-3 (1)
unload-airplane package3 plane10 city10-3 (1)
drive-truck truck6 city6-1 city6-3 city6 (1)
load-truck package11 truck6 city6-3 (1)
drive-truck truck6 city6-3 city6-1 city6 (1)
unload-truck package11 truck6 city6-1 (1)
fly-airplane plane9 city6-3 city8-3 (1)
load-airplane package14 plane9 city8-3 (1)
fly-airplane plane9 city8-3 city6-3 (1)
unload-airplane package14 plane9 city6-3 (1)
[t=16.3102s, 62952 KB] Plan length: 185 step(s).
[t=16.3102s, 62952 KB] Plan cost: 185
[t=16.3102s, 62952 KB] Expanded 868 state(s).
[t=16.3102s, 62952 KB] Reopened 0 state(s).
[t=16.3102s, 62952 KB] Evaluated 294225 state(s).
[t=16.3102s, 62952 KB] Evaluations: 294225
[t=16.3102s, 62952 KB] Generated 315101 state(s).
[t=16.3102s, 62952 KB] Dead ends: 0 state(s).
[t=16.3102s, 62952 KB] Number of registered states: 294225
[t=16.3102s, 62952 KB] Int hash set load factor: 294225/524288 = 0.56119
[t=16.3102s, 62952 KB] Int hash set resizes: 19
[t=16.3102s, 62952 KB] mean number of q cost that have been adjusted 0 times in relation to total number of q: -1
[t=16.3102s, 62952 KB] mean number of q cost that have been adjusted 1 times in relation to total number of q: -1
[t=16.3102s, 62952 KB] mean number of q cost that have been adjusted 2 times in relation to total number of q: -1
[t=16.3102s, 62952 KB] mean number of q that are at some point overconsitent in relation to total number of q: -1
[t=16.3102s, 62952 KB] mean number of q that are at first underconsisten in relation to total number of q: -1
[t=16.3102s, 62952 KB] mean number of state variables that are not in common between two following states in relation to total number of state variables: -1
[t=16.3102s, 62952 KB] variance number of state variables that are not in common between two following states in relation to total number of state variables: -1
[t=16.3102s, 62952 KB] Search time: 16.1468s
[t=16.3102s, 62952 KB] Total time: 16.3102s
Solution found.
Peak memory: 62952 KB
Remove intermediate file output.sas
search exit code: 0

INFO     Running validate.
INFO     validate stdin: None
INFO     validate time limit: None
INFO     validate memory limit: None
INFO     validate command line string: validate domain.pddl problem.pddl sas_plan
