INFO     Running translator.
INFO     translator stdin: None
INFO     translator time limit: 1799.96s
INFO     translator memory limit: 3584 MB
INFO     translator command line string: /infai/weidan00/downward/experiments/bachelor/.venv/bin/python3 /infai/weidan00/downward/experiments/bachelor/data/bachelor-v1/code-7aa5f34_e5e41175/builds/release/bin/translate/translate.py domain.pddl problem.pddl --sas-file output.sas
Parsing...
Parsing: [0.000s CPU, 0.005s wall-clock]
Normalizing task... [0.000s CPU, 0.000s wall-clock]
Instantiating...
Generating Datalog program... [0.000s CPU, 0.001s wall-clock]
Normalizing Datalog program...
Normalizing Datalog program: [0.000s CPU, 0.002s wall-clock]
Preparing model... [0.020s CPU, 0.002s wall-clock]
Generated 65 rules.
Computing model... [0.000s CPU, 0.007s wall-clock]
686 relevant atoms
140 auxiliary atoms
826 final queue length
2003 total queue pushes
Completing instantiation... [0.030s CPU, 0.029s wall-clock]
Instantiating: [0.050s CPU, 0.042s wall-clock]
Computing fact groups...
Finding invariants...
21 initial candidates
Finding invariants: [0.000s CPU, 0.004s wall-clock]
Checking invariant weight... [0.000s CPU, 0.000s wall-clock]
Instantiating groups... [0.000s CPU, 0.000s wall-clock]
Collecting mutex groups... [0.000s CPU, 0.000s wall-clock]
Choosing groups...
240 uncovered facts
Choosing groups: [0.000s CPU, 0.000s wall-clock]
Building translation key... [0.000s CPU, 0.001s wall-clock]
Computing fact groups: [0.010s CPU, 0.008s wall-clock]
Building STRIPS to SAS dictionary... [0.000s CPU, 0.000s wall-clock]
Building dictionary for full mutex groups... [0.000s CPU, 0.000s wall-clock]
Building mutex information...
Building mutex information: [0.000s CPU, 0.000s wall-clock]
Translating task...
Processing axioms...
Simplifying axioms... [0.000s CPU, 0.000s wall-clock]
Processing axioms: [0.000s CPU, 0.002s wall-clock]
Translating task: [0.040s CPU, 0.045s wall-clock]
1341 effect conditions simplified
0 implied preconditions added
Detecting unreachable propositions...
0 operators removed
0 axioms removed
6 propositions removed
Detecting unreachable propositions: [0.020s CPU, 0.016s wall-clock]
Reordering and filtering variables...
126 of 237 variables necessary.
0 of 0 mutex groups necessary.
313 of 313 operators necessary.
0 of 0 axiom rules necessary.
Reordering and filtering variables: [0.010s CPU, 0.013s wall-clock]
Translator variables: 126
Translator derived variables: 0
Translator facts: 252
Translator goal facts: 13
Translator mutex groups: 0
Translator total mutex groups size: 0
Translator operators: 313
Translator axioms: 0
Translator task size: 3050
Translator peak memory: 145612 KB
Writing output... [0.010s CPU, 0.012s wall-clock]
Done! [0.140s CPU, 0.145s wall-clock]
translate exit code: 0

INFO     Running search (release).
INFO     search stdin: output.sas
INFO     search time limit: 1799.76s
INFO     search memory limit: 3584 MB
INFO     search command line string: /infai/weidan00/downward/experiments/bachelor/data/bachelor-v1/code-7aa5f34_e5e41175/builds/release/bin/downward --search 'eager_wastar([pinch()], w=2)' --internal-plan-file sas_plan < output.sas
[t=6.6228e-05s, 17204 KB] reading input...
[t=0.00335969s, 17344 KB] done reading input!
[t=0.00548378s, 17740 KB] Simplifying 1344 unary operators... done! [1078 unary operators]
[t=0.00667798s, 17872 KB] time to simplify: 0.00127561s
[t=0.00687619s, 17872 KB] Initializing pinch heuristic...
[t=0.0070178s, 17872 KB] Building successor generator...done!
[t=0.00733963s, 17872 KB] peak memory difference for successor generator creation: 0 KB
[t=0.00738057s, 17872 KB] time for successor generation creation: 0.000194513s
[t=0.00743967s, 17872 KB] Variables: 126
[t=0.00748017s, 17872 KB] FactPairs: 252
[t=0.00752028s, 17872 KB] Bytes per state: 16
[t=0.00765395s, 17872 KB] Conducting best first search with reopening closed nodes, (real) bound = 2147483647
[t=0.00786823s, 17872 KB] New best heuristic value for pinch: 13
[t=0.00791493s, 17872 KB] g=0, 1 evaluated, 0 expanded
[t=0.00796774s, 17872 KB] Initial heuristic value for pinch: 13
[t=0.00800952s, 17872 KB] pruning method: none
[t=0.00941583s, 17872 KB] New best heuristic value for pinch: 12
[t=0.0094698s, 17872 KB] g=1, 51 evaluated, 1 expanded
[t=0.015472s, 17872 KB] New best heuristic value for pinch: 11
[t=0.0155392s, 17872 KB] g=2, 292 evaluated, 2 expanded
[t=0.018526s, 17872 KB] New best heuristic value for pinch: 10
[t=0.0185909s, 17872 KB] g=3, 464 evaluated, 3 expanded
[t=0.0201826s, 17872 KB] New best heuristic value for pinch: 9
[t=0.0202358s, 17872 KB] g=4, 586 evaluated, 4 expanded
[t=0.0290763s, 17872 KB] New best heuristic value for pinch: 8
[t=0.029153s, 17872 KB] g=6, 1196 evaluated, 22 expanded
[t=0.0298875s, 17872 KB] New best heuristic value for pinch: 7
[t=0.0299333s, 17872 KB] g=7, 1222 evaluated, 23 expanded
[t=0.0345933s, 17872 KB] New best heuristic value for pinch: 6
[t=0.0346673s, 17872 KB] g=8, 1484 evaluated, 24 expanded
[t=1.23235s, 22076 KB] New best heuristic value for pinch: 5
[t=1.23246s, 22076 KB] g=11, 87878 evaluated, 1430 expanded
[t=6.28319s, 39468 KB] New best heuristic value for pinch: 4
[t=6.28331s, 39468 KB] g=13, 447069 evaluated, 7510 expanded
Failed to allocate memory.
Memory limit has been reached.
Peak memory: 3670016 KB
Remove intermediate file output.sas
search exit code: 22

Driver aborting after search
