INFO     Running translator.
INFO     translator stdin: None
INFO     translator time limit: 1799.95s
INFO     translator memory limit: 3584 MB
INFO     translator command line string: /infai/weidan00/downward/experiments/bachelor/.venv/bin/python3 /infai/weidan00/downward/experiments/bachelor/data/bachelor-v1/code-7aa5f34_e5e41175/builds/release/bin/translate/translate.py domain.pddl problem.pddl --sas-file output.sas
Parsing...
Parsing: [0.010s CPU, 0.014s wall-clock]
Normalizing task... [0.000s CPU, 0.001s wall-clock]
Instantiating...
Generating Datalog program... [0.010s CPU, 0.001s wall-clock]
Normalizing Datalog program...
Normalizing Datalog program: [0.010s CPU, 0.009s wall-clock]
Preparing model... [0.000s CPU, 0.005s wall-clock]
Generated 387 rules.
Computing model... [0.000s CPU, 0.003s wall-clock]
194 relevant atoms
194 auxiliary atoms
388 final queue length
494 total queue pushes
Completing instantiation... [0.010s CPU, 0.003s wall-clock]
Instantiating: [0.030s CPU, 0.023s wall-clock]
Computing fact groups...
Finding invariants...
26 initial candidates
Finding invariants: [0.020s CPU, 0.028s wall-clock]
Checking invariant weight... [0.000s CPU, 0.000s wall-clock]
Instantiating groups... [0.010s CPU, 0.001s wall-clock]
Collecting mutex groups... [0.000s CPU, 0.000s wall-clock]
Choosing groups...
62 uncovered facts
Choosing groups: [0.000s CPU, 0.000s wall-clock]
Building translation key... [0.000s CPU, 0.000s wall-clock]
Computing fact groups: [0.030s CPU, 0.031s wall-clock]
Building STRIPS to SAS dictionary... [0.000s CPU, 0.000s wall-clock]
Building dictionary for full mutex groups... [0.000s CPU, 0.000s wall-clock]
Building mutex information...
Building mutex information: [0.000s CPU, 0.000s wall-clock]
Translating task...
Processing axioms...
Simplifying axioms... [0.000s CPU, 0.000s wall-clock]
Processing axioms: [0.000s CPU, 0.000s wall-clock]
Translating task: [0.000s CPU, 0.004s wall-clock]
105 effect conditions simplified
0 implied preconditions added
Detecting unreachable propositions...
0 operators removed
0 axioms removed
14 propositions removed
Detecting unreachable propositions: [0.000s CPU, 0.002s wall-clock]
Reordering and filtering variables...
29 of 59 variables necessary.
14 of 20 mutex groups necessary.
41 of 41 operators necessary.
0 of 0 axiom rules necessary.
Reordering and filtering variables: [0.000s CPU, 0.002s wall-clock]
Translator variables: 29
Translator derived variables: 0
Translator facts: 73
Translator goal facts: 1
Translator mutex groups: 14
Translator total mutex groups size: 30
Translator operators: 41
Translator axioms: 0
Translator task size: 486
Translator peak memory: 143564 KB
Writing output... [0.000s CPU, 0.004s wall-clock]
Done! [0.080s CPU, 0.083s wall-clock]
translate exit code: 0

INFO     Running search (release).
INFO     search stdin: output.sas
INFO     search time limit: 1799.82s
INFO     search memory limit: 3584 MB
INFO     search command line string: /infai/weidan00/downward/experiments/bachelor/data/bachelor-v1/code-7aa5f34_e5e41175/builds/release/bin/downward --search 'eager_wastar([add()], w=2)' --internal-plan-file sas_plan < output.sas
[t=6.1024e-05s, 17204 KB] reading input...
[t=0.000868193s, 17212 KB] done reading input!
[t=0.00273999s, 17476 KB] Simplifying 149 unary operators... done! [145 unary operators]
[t=0.0030628s, 17476 KB] time to simplify: 0.000374607s
[t=0.00315525s, 17476 KB] Initializing additive heuristic...
[t=0.00327963s, 17476 KB] Building successor generator...done!
[t=0.00346674s, 17476 KB] peak memory difference for successor generator creation: 0 KB
[t=0.00350536s, 17476 KB] time for successor generation creation: 5.8702e-05s
[t=0.00355266s, 17476 KB] Variables: 29
[t=0.00359221s, 17476 KB] FactPairs: 73
[t=0.00363165s, 17476 KB] Bytes per state: 8
[t=0.0037457s, 17476 KB] Conducting best first search with reopening closed nodes, (real) bound = 2147483647
[t=0.00385083s, 17476 KB] New best heuristic value for add: 16
[t=0.00389436s, 17476 KB] g=0, 1 evaluated, 0 expanded
[t=0.00394123s, 17476 KB] Initial heuristic value for add: 16
[t=0.00398197s, 17476 KB] pruning method: none
[t=0.00404373s, 17476 KB] New best heuristic value for add: 15
[t=0.00408494s, 17476 KB] g=1, 2 evaluated, 1 expanded
[t=0.00415842s, 17476 KB] New best heuristic value for add: 11
[t=0.00420683s, 17476 KB] g=3, 8 evaluated, 3 expanded
[t=0.00426s, 17476 KB] New best heuristic value for add: 5
[t=0.00430083s, 17476 KB] g=4, 10 evaluated, 4 expanded
[t=0.00434835s, 17476 KB] New best heuristic value for add: 4
[t=0.00438845s, 17476 KB] g=5, 11 evaluated, 5 expanded
[t=0.00443473s, 17476 KB] New best heuristic value for add: 3
[t=0.00447488s, 17476 KB] g=6, 12 evaluated, 6 expanded
[t=0.00452117s, 17476 KB] New best heuristic value for add: 2
[t=0.00456123s, 17476 KB] g=7, 13 evaluated, 7 expanded
[t=0.00460691s, 17476 KB] New best heuristic value for add: 1
[t=0.00464679s, 17476 KB] g=8, 14 evaluated, 8 expanded
[t=0.00469879s, 17476 KB] New best heuristic value for add: 0
[t=0.00473875s, 17476 KB] g=9, 16 evaluated, 9 expanded
[t=0.00477907s, 17476 KB] Solution found!
[t=0.00482056s, 17476 KB] Actual search time: 0.000834288s
pushback_seg_pp_0_60_seg_ppdoor_0_40_south_south_medium airplane_daewh (1)
pushback_seg_ppdoor_0_40_seg_tww1_0_200_south_north_medium airplane_daewh (1)
startup_seg_tww1_0_200_north_medium airplane_daewh (1)
move_seg_tww1_0_200_seg_twe1_0_200_north_south_medium airplane_daewh (1)
move_seg_twe1_0_200_seg_twe2_0_50_south_south_medium airplane_daewh (1)
move_seg_twe2_0_50_seg_twe3_0_50_south_south_medium airplane_daewh (1)
move_seg_twe3_0_50_seg_twe4_0_50_south_south_medium airplane_daewh (1)
move_seg_twe4_0_50_seg_rwe_0_50_south_south_medium airplane_daewh (1)
takeoff_seg_rwe_0_50_south airplane_daewh (1)
[t=0.00486326s, 17476 KB] Plan length: 9 step(s).
[t=0.00486326s, 17476 KB] Plan cost: 9
[t=0.00486326s, 17476 KB] Expanded 10 state(s).
[t=0.00486326s, 17476 KB] Reopened 0 state(s).
[t=0.00486326s, 17476 KB] Evaluated 16 state(s).
[t=0.00486326s, 17476 KB] Evaluations: 16
[t=0.00486326s, 17476 KB] Generated 16 state(s).
[t=0.00486326s, 17476 KB] Dead ends: 5 state(s).
[t=0.00486326s, 17476 KB] Number of registered states: 16
[t=0.00486326s, 17476 KB] Int hash set load factor: 16/16 = 1
[t=0.00486326s, 17476 KB] Int hash set resizes: 4
[t=0.00486326s, 17476 KB] mean number of q cost that have been adjusted 0 times in relation to total number of q: -1
[t=0.00486326s, 17476 KB] mean number of q cost that have been adjusted 1 times in relation to total number of q: -1
[t=0.00486326s, 17476 KB] mean number of q cost that have been adjusted 2 times in relation to total number of q: -1
[t=0.00486326s, 17476 KB] mean number of q that are at some point overconsitent in relation to total number of q: -1
[t=0.00486326s, 17476 KB] mean number of q that are at first underconsisten in relation to total number of q: -1
[t=0.00486326s, 17476 KB] mean number of state variables that are not in common between two following states in relation to total number of state variables: -1
[t=0.00486326s, 17476 KB] variance number of state variables that are not in common between two following states in relation to total number of state variables: -1
[t=0.00486326s, 17476 KB] Search time: 0.00111842s
[t=0.00486326s, 17476 KB] Total time: 0.00486326s
Solution found.
Peak memory: 17476 KB
Remove intermediate file output.sas
search exit code: 0

INFO     Running validate.
INFO     validate stdin: None
INFO     validate time limit: None
INFO     validate memory limit: None
INFO     validate command line string: validate domain.pddl problem.pddl sas_plan
