INFO     Running translator.
INFO     translator stdin: None
INFO     translator time limit: 1799.96s
INFO     translator memory limit: 3584 MB
INFO     translator command line string: /infai/weidan00/downward/experiments/bachelor/.venv/bin/python3 /infai/weidan00/downward/experiments/bachelor/data/bachelor-v1/code-7aa5f34_e5e41175/builds/release/bin/translate/translate.py domain.pddl problem.pddl --sas-file output.sas
Parsing...
Parsing: [0.010s CPU, 0.003s wall-clock]
Normalizing task... [0.000s CPU, 0.000s wall-clock]
Instantiating...
Generating Datalog program... [0.000s CPU, 0.000s wall-clock]
Normalizing Datalog program...
Normalizing Datalog program: [0.000s CPU, 0.004s wall-clock]
Preparing model... [0.000s CPU, 0.002s wall-clock]
Generated 74 rules.
Computing model... [0.090s CPU, 0.078s wall-clock]
4556 relevant atoms
1533 auxiliary atoms
6089 final queue length
21169 total queue pushes
Completing instantiation... [0.240s CPU, 0.239s wall-clock]
Instantiating: [0.330s CPU, 0.325s wall-clock]
Computing fact groups...
Finding invariants...
16 initial candidates
Finding invariants: [0.010s CPU, 0.010s wall-clock]
Checking invariant weight... [0.000s CPU, 0.000s wall-clock]
Instantiating groups... [0.000s CPU, 0.000s wall-clock]
Collecting mutex groups... [0.000s CPU, 0.000s wall-clock]
Choosing groups...
0 uncovered facts
Choosing groups: [0.000s CPU, 0.000s wall-clock]
Building translation key... [0.000s CPU, 0.000s wall-clock]
Computing fact groups: [0.010s CPU, 0.011s wall-clock]
Building STRIPS to SAS dictionary... [0.000s CPU, 0.000s wall-clock]
Building dictionary for full mutex groups... [0.000s CPU, 0.000s wall-clock]
Building mutex information...
Building mutex information: [0.000s CPU, 0.000s wall-clock]
Translating task...
Processing axioms...
Simplifying axioms... [0.000s CPU, 0.000s wall-clock]
Processing axioms: [0.010s CPU, 0.010s wall-clock]
Translating task: [0.200s CPU, 0.202s wall-clock]
0 effect conditions simplified
0 implied preconditions added
Detecting unreachable propositions...
0 operators removed
0 axioms removed
12 propositions removed
Detecting unreachable propositions: [0.080s CPU, 0.079s wall-clock]
Reordering and filtering variables...
12 of 12 variables necessary.
0 of 12 mutex groups necessary.
2996 of 2996 operators necessary.
0 of 0 axiom rules necessary.
Reordering and filtering variables: [0.030s CPU, 0.031s wall-clock]
Translator variables: 12
Translator derived variables: 0
Translator facts: 64
Translator goal facts: 2
Translator mutex groups: 0
Translator total mutex groups size: 0
Translator operators: 2996
Translator axioms: 0
Translator task size: 25218
Translator peak memory: 163532 KB
Writing output... [0.040s CPU, 0.042s wall-clock]
Done! [0.710s CPU, 0.706s wall-clock]
translate exit code: 0

INFO     Running search (release).
INFO     search stdin: output.sas
INFO     search time limit: 1799.21s
INFO     search memory limit: 3584 MB
INFO     search command line string: /infai/weidan00/downward/experiments/bachelor/data/bachelor-v1/code-7aa5f34_e5e41175/builds/release/bin/downward --search 'eager_wastar([pinch_tracking()], w=2)' --internal-plan-file sas_plan < output.sas
[t=6.6657e-05s, 17204 KB] reading input...
[t=0.0218748s, 18288 KB] done reading input!
[t=0.025484s, 19316 KB] Simplifying 9996 unary operators... done! [1116 unary operators]
[t=0.0333922s, 19720 KB] time to simplify: 0.00799986s
[t=0.033578s, 19720 KB] Initializing pinch tracking heuristic...
[t=0.0337225s, 19720 KB] Building successor generator...done!
[t=0.0349549s, 19720 KB] peak memory difference for successor generator creation: 0 KB
[t=0.0349984s, 19720 KB] time for successor generation creation: 0.00109145s
[t=0.0350724s, 19720 KB] Variables: 12
[t=0.0351124s, 19720 KB] FactPairs: 64
[t=0.035152s, 19720 KB] Bytes per state: 4
[t=0.0352991s, 19720 KB] Conducting best first search with reopening closed nodes, (real) bound = 2147483647
[t=0.0355112s, 19720 KB] New best heuristic value for pinch_tracking: 46
[t=0.0355553s, 19720 KB] g=0, 1 evaluated, 0 expanded
[t=0.0356065s, 19720 KB] Initial heuristic value for pinch_tracking: 46
[t=0.035648s, 19720 KB] pruning method: none
[t=0.037575s, 19720 KB] New best heuristic value for pinch_tracking: 44
[t=0.0376245s, 19720 KB] g=2, 104 evaluated, 2 expanded
[t=0.0417004s, 19720 KB] New best heuristic value for pinch_tracking: 42
[t=0.0417543s, 19720 KB] g=3, 305 evaluated, 3 expanded
[t=0.0426908s, 19720 KB] New best heuristic value for pinch_tracking: 39
[t=0.0427381s, 19720 KB] g=4, 342 evaluated, 4 expanded
[t=0.0446001s, 19720 KB] New best heuristic value for pinch_tracking: 37
[t=0.0446493s, 19720 KB] g=6, 418 evaluated, 6 expanded
[t=0.0456339s, 19720 KB] New best heuristic value for pinch_tracking: 35
[t=0.0456802s, 19720 KB] g=7, 458 evaluated, 7 expanded
[t=0.0466102s, 19720 KB] New best heuristic value for pinch_tracking: 32
[t=0.0466559s, 19720 KB] g=8, 495 evaluated, 8 expanded
[t=0.0883019s, 19720 KB] New best heuristic value for pinch_tracking: 30
[t=0.0883854s, 19720 KB] g=11, 1715 evaluated, 63 expanded
[t=0.0893191s, 19720 KB] New best heuristic value for pinch_tracking: 27
[t=0.0893657s, 19720 KB] g=12, 1752 evaluated, 64 expanded
[t=0.123482s, 19720 KB] New best heuristic value for pinch_tracking: 25
[t=0.123564s, 19720 KB] g=15, 2826 evaluated, 106 expanded
[t=0.124477s, 19720 KB] New best heuristic value for pinch_tracking: 22
[t=0.124523s, 19720 KB] g=16, 2863 evaluated, 107 expanded
[t=0.196505s, 19720 KB] New best heuristic value for pinch_tracking: 21
[t=0.196598s, 19720 KB] g=19, 5155 evaluated, 240 expanded
[t=0.197427s, 19720 KB] New best heuristic value for pinch_tracking: 20
[t=0.197474s, 19720 KB] g=20, 5188 evaluated, 241 expanded
[t=0.198478s, 19720 KB] New best heuristic value for pinch_tracking: 19
[t=0.198524s, 19720 KB] g=21, 5227 evaluated, 242 expanded
[t=0.935702s, 20756 KB] New best heuristic value for pinch_tracking: 16
[t=0.935808s, 20756 KB] g=26, 26064 evaluated, 2320 expanded, 16 reopened
[t=0.937378s, 20756 KB] New best heuristic value for pinch_tracking: 15
[t=0.93743s, 20756 KB] g=28, 26103 evaluated, 2322 expanded, 16 reopened
[t=0.939911s, 20888 KB] New best heuristic value for pinch_tracking: 14
[t=0.939968s, 20888 KB] g=29, 26162 evaluated, 2323 expanded, 16 reopened
[t=3.22035s, 25576 KB] New best heuristic value for pinch_tracking: 11
[t=3.22046s, 25576 KB] g=34, 87002 evaluated, 8838 expanded, 233 reopened
[t=3.22223s, 25576 KB] New best heuristic value for pinch_tracking: 10
[t=3.22228s, 25576 KB] g=36, 87045 evaluated, 8840 expanded, 233 reopened
[t=3.22482s, 25576 KB] New best heuristic value for pinch_tracking: 9
[t=3.22487s, 25576 KB] g=37, 87103 evaluated, 8841 expanded, 233 reopened
[t=3.39405s, 25708 KB] New best heuristic value for pinch_tracking: 6
[t=3.39416s, 25708 KB] g=40, 91673 evaluated, 9175 expanded, 233 reopened
[t=3.39512s, 25708 KB] New best heuristic value for pinch_tracking: 3
[t=3.39516s, 25708 KB] g=41, 91702 evaluated, 9176 expanded, 233 reopened
[t=3.39683s, 25708 KB] New best heuristic value for pinch_tracking: 2
[t=3.39687s, 25708 KB] g=43, 91754 evaluated, 9178 expanded, 233 reopened
[t=3.39731s, 25708 KB] New best heuristic value for pinch_tracking: 1
[t=3.39735s, 25708 KB] g=44, 91766 evaluated, 9179 expanded, 233 reopened
[t=3.39777s, 25708 KB] New best heuristic value for pinch_tracking: 0
[t=3.39781s, 25708 KB] g=45, 91778 evaluated, 9180 expanded, 233 reopened
[t=3.39818s, 25708 KB] Solution found!
[t=3.39824s, 25708 KB] Actual search time: 3.36259s
put_down girl0 place0 tent0 (1)
drive_tent girl0 place0 place1 car0 tent0 (1)
put_up girl0 place1 tent0 (1)
walk_together tent0 place1 guy1 place0 girl1 couple1 (1)
put_down guy0 place0 tent1 (1)
drive_tent guy0 place0 place2 car1 tent1 (1)
put_up guy0 place2 tent1 (1)
walk_together tent1 place2 guy1 place1 girl1 couple1 (1)
put_down girl0 place1 tent0 (1)
drive_tent girl0 place1 place3 car0 tent0 (1)
put_up girl0 place3 tent0 (1)
walk_together tent0 place3 guy1 place2 girl1 couple1 (1)
put_down guy0 place2 tent1 (1)
drive_tent guy0 place2 place4 car1 tent1 (1)
put_up guy0 place4 tent1 (1)
walk_together tent1 place4 guy1 place3 girl1 couple1 (1)
put_down girl0 place3 tent0 (1)
drive_tent girl0 place3 place5 car0 tent0 (1)
put_up girl0 place5 tent0 (1)
walk_together tent0 place5 guy1 place4 girl1 couple1 (1)
put_down girl0 place5 tent0 (1)
drive_tent_passenger girl0 place5 place1 car0 tent0 girl1 (1)
put_up girl0 place1 tent0 (1)
drive guy0 place4 place1 car1 (1)
drive_passenger girl0 place1 place0 car0 guy0 (1)
walk_together tent0 place1 guy0 place0 girl0 couple0 (1)
put_down girl0 place1 tent0 (1)
drive_tent_passenger girl0 place1 place0 car1 tent0 guy0 (1)
drive_tent girl0 place0 place2 car0 tent0 (1)
put_up girl0 place2 tent0 (1)
drive guy0 place0 place5 car1 (1)
drive_passenger guy0 place5 place2 car1 guy1 (1)
drive_passenger girl0 place2 place1 car0 guy0 (1)
walk_together tent0 place2 guy0 place1 girl0 couple0 (1)
put_down girl0 place2 tent0 (1)
drive_tent_passenger girl0 place2 place3 car1 tent0 guy0 (1)
put_up girl0 place3 tent0 (1)
drive girl1 place1 place3 car0 (1)
drive_passenger girl0 place3 place2 car0 guy0 (1)
walk_together tent0 place3 guy0 place2 girl0 couple0 (1)
walk_together tent1 place4 guy0 place3 girl0 couple0 (1)
put_down girl1 place3 tent0 (1)
drive_tent girl1 place3 place5 car1 tent0 (1)
put_up girl1 place5 tent0 (1)
walk_together tent0 place5 guy0 place4 girl0 couple0 (1)
[t=3.39829s, 25708 KB] Plan length: 45 step(s).
[t=3.39829s, 25708 KB] Plan cost: 45
[t=3.39829s, 25708 KB] Expanded 9181 state(s).
[t=3.39829s, 25708 KB] Reopened 233 state(s).
[t=3.39829s, 25708 KB] Evaluated 91789 state(s).
[t=3.39829s, 25708 KB] Evaluations: 91789
[t=3.39829s, 25708 KB] Generated 284221 state(s).
[t=3.39829s, 25708 KB] Dead ends: 4 state(s).
[t=3.39829s, 25708 KB] Number of registered states: 91789
[t=3.39829s, 25708 KB] Int hash set load factor: 91789/131072 = 0.700294
[t=3.39829s, 25708 KB] Int hash set resizes: 17
[t=3.39829s, 25708 KB] mean number of q cost that have been adjusted 0 times in relation to total number of q: -1
[t=3.39829s, 25708 KB] mean number of q cost that have been adjusted 1 times in relation to total number of q: -1
[t=3.39829s, 25708 KB] mean number of q cost that have been adjusted 2 times in relation to total number of q: -1
[t=3.39829s, 25708 KB] mean number of q that are at some point overconsitent in relation to total number of q: -1
[t=3.39829s, 25708 KB] mean number of q that are at first underconsisten in relation to total number of q: -1
[t=3.39829s, 25708 KB] mean number of state variables that are not in common between two following states in relation to total number of state variables: -1
[t=3.39829s, 25708 KB] variance number of state variables that are not in common between two following states in relation to total number of state variables: -1
[t=3.39829s, 25708 KB] Search time: 3.36299s
[t=3.39829s, 25708 KB] Total time: 3.39829s
Solution found.
Peak memory: 25708 KB
Remove intermediate file output.sas
search exit code: 0

INFO     Running validate.
INFO     validate stdin: None
INFO     validate time limit: None
INFO     validate memory limit: None
INFO     validate command line string: validate domain.pddl problem.pddl sas_plan
