INFO     Running translator.
INFO     translator stdin: None
INFO     translator time limit: 1799.95s
INFO     translator memory limit: 3584 MB
INFO     translator command line string: /infai/weidan00/downward/experiments/bachelor/.venv/bin/python3 /infai/weidan00/downward/experiments/bachelor/data/bachelor-v1/code-7aa5f34_e5e41175/builds/release/bin/translate/translate.py domain.pddl problem.pddl --sas-file output.sas
Parsing...
Parsing: [0.000s CPU, 0.006s wall-clock]
Normalizing task... [0.000s CPU, 0.001s wall-clock]
Instantiating...
Generating Datalog program... [0.000s CPU, 0.003s wall-clock]
Normalizing Datalog program...
Normalizing Datalog program: [0.010s CPU, 0.003s wall-clock]
Preparing model... [0.000s CPU, 0.006s wall-clock]
Generated 70 rules.
Computing model... [0.030s CPU, 0.025s wall-clock]
1678 relevant atoms
1112 auxiliary atoms
2790 final queue length
3566 total queue pushes
Completing instantiation... [0.010s CPU, 0.019s wall-clock]
Instantiating: [0.060s CPU, 0.058s wall-clock]
Computing fact groups...
Finding invariants...
17 initial candidates
Finding invariants: [0.000s CPU, 0.002s wall-clock]
Checking invariant weight... [0.000s CPU, 0.000s wall-clock]
Instantiating groups... [0.000s CPU, 0.000s wall-clock]
Collecting mutex groups... [0.000s CPU, 0.000s wall-clock]
Choosing groups...
211 uncovered facts
Choosing groups: [0.000s CPU, 0.000s wall-clock]
Building translation key... [0.000s CPU, 0.001s wall-clock]
Computing fact groups: [0.000s CPU, 0.005s wall-clock]
Building STRIPS to SAS dictionary... [0.000s CPU, 0.000s wall-clock]
Building dictionary for full mutex groups... [0.000s CPU, 0.000s wall-clock]
Building mutex information...
Building mutex information: [0.000s CPU, 0.000s wall-clock]
Translating task...
Processing axioms...
Simplifying axioms... [0.000s CPU, 0.000s wall-clock]
Processing axioms: [0.000s CPU, 0.002s wall-clock]
Translating task: [0.030s CPU, 0.025s wall-clock]
208 effect conditions simplified
0 implied preconditions added
Detecting unreachable propositions...
0 operators removed
0 axioms removed
1 propositions removed
Detecting unreachable propositions: [0.010s CPU, 0.012s wall-clock]
Reordering and filtering variables...
143 of 212 variables necessary.
0 of 1 mutex groups necessary.
581 of 597 operators necessary.
0 of 0 axiom rules necessary.
Reordering and filtering variables: [0.000s CPU, 0.006s wall-clock]
Translator variables: 143
Translator derived variables: 0
Translator facts: 295
Translator goal facts: 11
Translator mutex groups: 0
Translator total mutex groups size: 0
Translator operators: 581
Translator axioms: 0
Translator task size: 3237
Translator peak memory: 145100 KB
Writing output... [0.010s CPU, 0.009s wall-clock]
Done! [0.110s CPU, 0.125s wall-clock]
translate exit code: 0

INFO     Running search (release).
INFO     search stdin: output.sas
INFO     search time limit: 1799.78s
INFO     search memory limit: 3584 MB
INFO     search command line string: /infai/weidan00/downward/experiments/bachelor/data/bachelor-v1/code-7aa5f34_e5e41175/builds/release/bin/downward --search 'eager_wastar([pinch()], w=2)' --internal-plan-file sas_plan < output.sas
[t=6.563e-05s, 17204 KB] reading input...
[t=0.003821s, 17364 KB] done reading input!
[t=0.00588001s, 17780 KB] Simplifying 1124 unary operators... done! [1124 unary operators]
[t=0.0065377s, 17780 KB] time to simplify: 0.000736309s
[t=0.00672104s, 17780 KB] Initializing pinch heuristic...
[t=0.00685289s, 17780 KB] Building successor generator...done!
[t=0.00723993s, 17780 KB] peak memory difference for successor generator creation: 0 KB
[t=0.00727935s, 17780 KB] time for successor generation creation: 0.000257975s
[t=0.00733251s, 17780 KB] Variables: 143
[t=0.00737253s, 17780 KB] FactPairs: 295
[t=0.00741218s, 17780 KB] Bytes per state: 20
[t=0.00754775s, 17780 KB] Conducting best first search with reopening closed nodes, (real) bound = 2147483647
[t=0.00776634s, 17780 KB] New best heuristic value for pinch: 128
[t=0.00781004s, 17780 KB] g=0, 1 evaluated, 0 expanded
[t=0.00786132s, 17780 KB] Initial heuristic value for pinch: 128
[t=0.00790258s, 17780 KB] pruning method: none
[t=0.00801643s, 17780 KB] New best heuristic value for pinch: 126
[t=0.0080586s, 17780 KB] g=1, 6 evaluated, 1 expanded
[t=0.00811568s, 17780 KB] New best heuristic value for pinch: 122
[t=0.00815738s, 17780 KB] g=1, 7 evaluated, 1 expanded
[t=0.00826009s, 17780 KB] New best heuristic value for pinch: 117
[t=0.00830104s, 17780 KB] g=1, 13 evaluated, 1 expanded
[t=0.00863103s, 17780 KB] New best heuristic value for pinch: 115
[t=0.00867638s, 17780 KB] g=2, 46 evaluated, 2 expanded
[t=0.00873139s, 17780 KB] New best heuristic value for pinch: 111
[t=0.00877266s, 17780 KB] g=2, 47 evaluated, 2 expanded
[t=0.00892249s, 17780 KB] New best heuristic value for pinch: 106
[t=0.00896427s, 17780 KB] g=2, 53 evaluated, 2 expanded
[t=0.00928895s, 17780 KB] New best heuristic value for pinch: 104
[t=0.00933401s, 17780 KB] g=3, 86 evaluated, 3 expanded
[t=0.00938868s, 17780 KB] New best heuristic value for pinch: 100
[t=0.00942988s, 17780 KB] g=3, 87 evaluated, 3 expanded
[t=0.00955302s, 17780 KB] New best heuristic value for pinch: 96
[t=0.00959424s, 17780 KB] g=3, 98 evaluated, 3 expanded
[t=0.0098504s, 17780 KB] New best heuristic value for pinch: 94
[t=0.00989884s, 17780 KB] g=4, 125 evaluated, 4 expanded
[t=0.00995363s, 17780 KB] New best heuristic value for pinch: 90
[t=0.0099947s, 17780 KB] g=4, 126 evaluated, 4 expanded
[t=0.0101789s, 17780 KB] New best heuristic value for pinch: 86
[t=0.0102209s, 17780 KB] g=4, 137 evaluated, 4 expanded
[t=0.0104762s, 17780 KB] New best heuristic value for pinch: 84
[t=0.0105193s, 17780 KB] g=5, 164 evaluated, 5 expanded
[t=0.0105736s, 17780 KB] New best heuristic value for pinch: 80
[t=0.0106153s, 17780 KB] g=5, 165 evaluated, 5 expanded
[t=0.0109314s, 17780 KB] New best heuristic value for pinch: 77
[t=0.0109746s, 17780 KB] g=5, 198 evaluated, 5 expanded
[t=0.0110652s, 17780 KB] New best heuristic value for pinch: 75
[t=0.0111062s, 17780 KB] g=6, 203 evaluated, 6 expanded
[t=0.0111595s, 17780 KB] New best heuristic value for pinch: 71
[t=0.0112012s, 17780 KB] g=6, 204 evaluated, 6 expanded
[t=0.0117387s, 17780 KB] New best heuristic value for pinch: 69
[t=0.0117841s, 17780 KB] g=7, 249 evaluated, 7 expanded
[t=0.0118788s, 17780 KB] New best heuristic value for pinch: 65
[t=0.0119203s, 17780 KB] g=7, 250 evaluated, 7 expanded
[t=0.0124593s, 17780 KB] New best heuristic value for pinch: 63
[t=0.0125056s, 17780 KB] g=8, 295 evaluated, 8 expanded
[t=0.0128138s, 17780 KB] New best heuristic value for pinch: 61
[t=0.0128574s, 17780 KB] g=8, 319 evaluated, 8 expanded
[t=0.0130201s, 17780 KB] New best heuristic value for pinch: 60
[t=0.013062s, 17780 KB] g=8, 331 evaluated, 8 expanded
[t=0.0131817s, 17780 KB] New best heuristic value for pinch: 58
[t=0.0132236s, 17780 KB] g=9, 340 evaluated, 9 expanded
[t=0.0135193s, 17780 KB] New best heuristic value for pinch: 56
[t=0.0135683s, 17780 KB] g=9, 364 evaluated, 9 expanded
[t=0.0138241s, 17780 KB] New best heuristic value for pinch: 54
[t=0.013867s, 17780 KB] g=10, 386 evaluated, 10 expanded
[t=0.0141798s, 17780 KB] New best heuristic value for pinch: 52
[t=0.0142231s, 17780 KB] g=10, 410 evaluated, 10 expanded
[t=0.0144802s, 17780 KB] New best heuristic value for pinch: 50
[t=0.0145242s, 17780 KB] g=11, 432 evaluated, 11 expanded
[t=0.014907s, 17780 KB] New best heuristic value for pinch: 49
[t=0.0149508s, 17780 KB] g=11, 469 evaluated, 11 expanded
[t=0.0150915s, 17780 KB] New best heuristic value for pinch: 47
[t=0.015134s, 17780 KB] g=12, 481 evaluated, 12 expanded
[t=0.0156032s, 17780 KB] New best heuristic value for pinch: 46
[t=0.0156485s, 17780 KB] g=12, 521 evaluated, 12 expanded
[t=0.0157683s, 17780 KB] New best heuristic value for pinch: 44
[t=0.0158104s, 17780 KB] g=13, 529 evaluated, 13 expanded
[t=0.0163215s, 17780 KB] New best heuristic value for pinch: 42
[t=0.0163715s, 17780 KB] g=14, 577 evaluated, 14 expanded
[t=0.0168885s, 17780 KB] New best heuristic value for pinch: 41
[t=0.0169333s, 17780 KB] g=15, 630 evaluated, 15 expanded
[t=0.0171122s, 17780 KB] New best heuristic value for pinch: 40
[t=0.0171543s, 17780 KB] g=15, 647 evaluated, 15 expanded
[t=0.0174825s, 17780 KB] New best heuristic value for pinch: 39
[t=0.0175274s, 17780 KB] g=16, 679 evaluated, 16 expanded
[t=0.0177222s, 17780 KB] New best heuristic value for pinch: 38
[t=0.0177648s, 17780 KB] g=16, 696 evaluated, 16 expanded
[t=0.0180796s, 17780 KB] New best heuristic value for pinch: 37
[t=0.018124s, 17780 KB] g=17, 728 evaluated, 17 expanded
[t=0.0183002s, 17780 KB] New best heuristic value for pinch: 36
[t=0.0183431s, 17780 KB] g=17, 746 evaluated, 17 expanded
[t=0.018634s, 17780 KB] New best heuristic value for pinch: 35
[t=0.0186775s, 17780 KB] g=18, 776 evaluated, 18 expanded
[t=0.0188561s, 17780 KB] New best heuristic value for pinch: 33
[t=0.0188985s, 17780 KB] g=18, 794 evaluated, 18 expanded
[t=0.0192869s, 17780 KB] New best heuristic value for pinch: 32
[t=0.0193305s, 17780 KB] g=19, 839 evaluated, 19 expanded
[t=0.0197104s, 17780 KB] New best heuristic value for pinch: 31
[t=0.0197556s, 17780 KB] g=20, 886 evaluated, 20 expanded
[t=0.0201994s, 17780 KB] New best heuristic value for pinch: 30
[t=0.0202454s, 17780 KB] g=21, 946 evaluated, 21 expanded
[t=0.020609s, 17780 KB] New best heuristic value for pinch: 29
[t=0.0206528s, 17780 KB] g=22, 994 evaluated, 22 expanded
[t=0.021117s, 17780 KB] New best heuristic value for pinch: 28
[t=0.0211616s, 17780 KB] g=23, 1040 evaluated, 23 expanded
[t=0.0215534s, 17780 KB] New best heuristic value for pinch: 26
[t=0.0215971s, 17780 KB] g=24, 1088 evaluated, 24 expanded
[t=0.0220197s, 17780 KB] New best heuristic value for pinch: 25
[t=0.022065s, 17780 KB] g=25, 1140 evaluated, 25 expanded
[t=0.0224448s, 17780 KB] New best heuristic value for pinch: 24
[t=0.0224891s, 17780 KB] g=26, 1189 evaluated, 26 expanded
[t=0.0229008s, 17780 KB] New best heuristic value for pinch: 23
[t=0.0229452s, 17780 KB] g=27, 1240 evaluated, 27 expanded
[t=0.0233365s, 17780 KB] New best heuristic value for pinch: 22
[t=0.02338s, 17780 KB] g=28, 1289 evaluated, 28 expanded
[t=0.0322762s, 17780 KB] New best heuristic value for pinch: 19
[t=0.0323581s, 17780 KB] g=30, 2483 evaluated, 72 expanded
[t=0.0327838s, 17780 KB] New best heuristic value for pinch: 18
[t=0.0328289s, 17780 KB] g=31, 2534 evaluated, 73 expanded
[t=0.0329892s, 17780 KB] New best heuristic value for pinch: 17
[t=0.0330323s, 17780 KB] g=32, 2547 evaluated, 74 expanded
[t=0.0337137s, 17780 KB] New best heuristic value for pinch: 16
[t=0.0337593s, 17780 KB] g=33, 2640 evaluated, 75 expanded
[t=0.0460166s, 17964 KB] New best heuristic value for pinch: 15
[t=0.0461136s, 17964 KB] g=35, 4324 evaluated, 123 expanded
[t=0.0466257s, 17964 KB] New best heuristic value for pinch: 14
[t=0.0466721s, 17964 KB] g=36, 4387 evaluated, 124 expanded
[t=0.148275s, 18756 KB] New best heuristic value for pinch: 13
[t=0.148399s, 18756 KB] g=39, 19626 evaluated, 739 expanded
[t=0.148846s, 18756 KB] New best heuristic value for pinch: 12
[t=0.148895s, 18756 KB] g=40, 19682 evaluated, 740 expanded
[t=1.55198s, 33560 KB] New best heuristic value for pinch: 11
[t=1.5521s, 33560 KB] g=42, 231894 evaluated, 12472 expanded
[t=1.55259s, 33560 KB] New best heuristic value for pinch: 10
[t=1.55265s, 33560 KB] g=43, 231952 evaluated, 12473 expanded
[t=2.46282s, 38008 KB] New best heuristic value for pinch: 9
[t=2.46295s, 38008 KB] g=47, 374787 evaluated, 22624 expanded
[t=2.4634s, 38008 KB] New best heuristic value for pinch: 8
[t=2.46345s, 38008 KB] g=48, 374840 evaluated, 22625 expanded
[t=2.46917s, 38008 KB] New best heuristic value for pinch: 7
[t=2.46925s, 38008 KB] g=50, 375767 evaluated, 22673 expanded
[t=2.4697s, 38008 KB] New best heuristic value for pinch: 6
[t=2.46975s, 38008 KB] g=51, 375820 evaluated, 22674 expanded
[t=14.6137s, 146216 KB] New best heuristic value for pinch: 5
[t=14.6139s, 146216 KB] g=56, 2212708 evaluated, 199463 expanded
[t=14.6141s, 146216 KB] New best heuristic value for pinch: 4
[t=14.6141s, 146216 KB] g=57, 2212730 evaluated, 199464 expanded
[t=31.3388s, 289084 KB] New best heuristic value for pinch: 3
[t=31.339s, 289084 KB] g=60, 4761531 evaluated, 395813 expanded
[t=31.3395s, 289084 KB] New best heuristic value for pinch: 2
[t=31.3395s, 289084 KB] g=61, 4761581 evaluated, 395814 expanded
[t=31.3399s, 289084 KB] New best heuristic value for pinch: 1
[t=31.34s, 289084 KB] g=62, 4761632 evaluated, 395815 expanded
[t=31.3404s, 289084 KB] New best heuristic value for pinch: 0
[t=31.3405s, 289084 KB] g=63, 4761683 evaluated, 395816 expanded
[t=31.3405s, 289084 KB] Solution found!
[t=31.3406s, 289084 KB] Actual search time: 31.3327s
choose e2f13-dp12 l1 l0 (1)
initialize e2f13-dp12 (1)
choose ge2 l2 l1 (1)
initialize ge2 (1)
associate e2f13-dp12 ge2 e2f13-dp12-ge2 (1)
choose cdk2p1 l3 l2 (1)
initialize cdk2p1 (1)
synthesize e2f13-dp12-ge2 cyca (1)
choose p53 l4 l3 (1)
initialize p53 (1)
synthesize p53 p21 (1)
synthesize e2f13-dp12-ge2 cyce (1)
choose cdk2 l5 l4 (1)
initialize cdk2 (1)
choose p27 l6 l5 (1)
initialize p27 (1)
choose p57 l7 l6 (1)
initialize p57 (1)
choose max l8 l7 (1)
initialize max (1)
synthesize e2f13-dp12-ge2 c-myc (1)
synthesize e2f13-dp12-ge2 cycep1 (1)
associate cdk2 cyce cdk2-cyce (1)
synthesize e2f13-dp12-ge2 cyce (1)
dummy-action-1  (1)
dummy-action-6  (1)
associate c-myc max c-myc-max (1)
dummy-action-7  (1)
associate cdk2p1 cyca cdk2p1-cyca (1)
initialize cdk2p1 (1)
associate cdk2p1 cyce cdk2p1-cyce (1)
initialize cdk2p1 (1)
associate cdk2p1 cycep1 cdk2p1-cycep1 (1)
associate p27 cdk2p1-cycep1 p27-cdk2p1-cycep1 (1)
initialize p27 (1)
dummy-action-8  (1)
initialize e2f13-dp12 (1)
synthesize p53 mdm2 (1)
associate mdm2 e2f13-dp12 mdm2-e2f13-dp12 (1)
dummy-action-9  (1)
associate p21 cdk2-cyce p21-cdk2-cyce (1)
synthesize p53 p21 (1)
dummy-action-11  (1)
initialize cdk2p1 (1)
synthesize e2f13-dp12-ge2 cyca (1)
associate p27 cdk2p1-cyca p27-cdk2p1-cyca (1)
associate cdk2p1 cyca cdk2p1-cyca (1)
dummy-action-5  (1)
choose gcdc25a l9 l8 (1)
initialize gcdc25a (1)
associate c-myc-max gcdc25a c-myc-max-gcdc25a (1)
synthesize c-myc-max-gcdc25a cdc25a (1)
dummy-action-2  (1)
associate p57 cdk2p1-cyce p57-cdk2p1-cyce (1)
initialize p57 (1)
dummy-action-4  (1)
initialize cdk2p1 (1)
synthesize e2f13-dp12-ge2 cyca (1)
associate p21 cdk2p1-cyca p21-cdk2p1-cyca (1)
associate cdk2p1 cyca cdk2p1-cyca (1)
associate p57 cdk2p1-cyca p57-cdk2p1-cyca (1)
dummy-action-3  (1)
dummy-action-10  (1)
[t=31.3406s, 289084 KB] Plan length: 63 step(s).
[t=31.3406s, 289084 KB] Plan cost: 63
[t=31.3406s, 289084 KB] Expanded 395817 state(s).
[t=31.3406s, 289084 KB] Reopened 0 state(s).
[t=31.3406s, 289084 KB] Evaluated 4761683 state(s).
[t=31.3406s, 289084 KB] Evaluations: 4761683
[t=31.3406s, 289084 KB] Generated 15091910 state(s).
[t=31.3406s, 289084 KB] Dead ends: 0 state(s).
[t=31.3406s, 289084 KB] Number of registered states: 4761683
[t=31.3406s, 289084 KB] Int hash set load factor: 4761683/8388608 = 0.567637
[t=31.3406s, 289084 KB] Int hash set resizes: 23
[t=31.3406s, 289084 KB] mean number of q cost that have been adjusted 0 times in relation to total number of q: -1
[t=31.3406s, 289084 KB] mean number of q cost that have been adjusted 1 times in relation to total number of q: -1
[t=31.3406s, 289084 KB] mean number of q cost that have been adjusted 2 times in relation to total number of q: -1
[t=31.3406s, 289084 KB] mean number of q that are at some point overconsitent in relation to total number of q: -1
[t=31.3406s, 289084 KB] mean number of q that are at first underconsisten in relation to total number of q: -1
[t=31.3406s, 289084 KB] mean number of state variables that are not in common between two following states in relation to total number of state variables: -1
[t=31.3406s, 289084 KB] variance number of state variables that are not in common between two following states in relation to total number of state variables: -1
[t=31.3406s, 289084 KB] Search time: 31.3331s
[t=31.3406s, 289084 KB] Total time: 31.3406s
Solution found.
Peak memory: 289084 KB
Remove intermediate file output.sas
search exit code: 0

INFO     Running validate.
INFO     validate stdin: None
INFO     validate time limit: None
INFO     validate memory limit: None
INFO     validate command line string: validate domain.pddl problem.pddl sas_plan
