INFO     Running translator.
INFO     translator stdin: None
INFO     translator time limit: 1799.96s
INFO     translator memory limit: 3584 MB
INFO     translator command line string: /infai/weidan00/downward/experiments/bachelor/.venv/bin/python3 /infai/weidan00/downward/experiments/bachelor/data/bachelor-v1/code-7aa5f34_e5e41175/builds/release/bin/translate/translate.py domain.pddl problem.pddl --sas-file output.sas
Parsing...
Parsing: [0.010s CPU, 0.006s wall-clock]
Normalizing task... [0.000s CPU, 0.000s wall-clock]
Instantiating...
Generating Datalog program... [0.000s CPU, 0.001s wall-clock]
Normalizing Datalog program...
Normalizing Datalog program: [0.000s CPU, 0.003s wall-clock]
Preparing model... [0.010s CPU, 0.003s wall-clock]
Generated 65 rules.
Computing model... [0.020s CPU, 0.020s wall-clock]
1759 relevant atoms
332 auxiliary atoms
2091 final queue length
5459 total queue pushes
Completing instantiation... [0.080s CPU, 0.084s wall-clock]
Instantiating: [0.110s CPU, 0.112s wall-clock]
Computing fact groups...
Finding invariants...
21 initial candidates
Finding invariants: [0.010s CPU, 0.004s wall-clock]
Checking invariant weight... [0.000s CPU, 0.000s wall-clock]
Instantiating groups... [0.000s CPU, 0.000s wall-clock]
Collecting mutex groups... [0.000s CPU, 0.000s wall-clock]
Choosing groups...
665 uncovered facts
Choosing groups: [0.000s CPU, 0.000s wall-clock]
Building translation key... [0.010s CPU, 0.003s wall-clock]
Computing fact groups: [0.020s CPU, 0.015s wall-clock]
Building STRIPS to SAS dictionary... [0.000s CPU, 0.001s wall-clock]
Building dictionary for full mutex groups... [0.000s CPU, 0.001s wall-clock]
Building mutex information...
Building mutex information: [0.000s CPU, 0.001s wall-clock]
Translating task...
Processing axioms...
Simplifying axioms... [0.000s CPU, 0.000s wall-clock]
Processing axioms: [0.000s CPU, 0.007s wall-clock]
Translating task: [0.130s CPU, 0.141s wall-clock]
3799 effect conditions simplified
0 implied preconditions added
Detecting unreachable propositions...
0 operators removed
0 axioms removed
20 propositions removed
Detecting unreachable propositions: [0.050s CPU, 0.046s wall-clock]
Reordering and filtering variables...
342 of 655 variables necessary.
0 of 0 mutex groups necessary.
889 of 889 operators necessary.
0 of 0 axiom rules necessary.
Reordering and filtering variables: [0.060s CPU, 0.050s wall-clock]
Translator variables: 342
Translator derived variables: 0
Translator facts: 684
Translator goal facts: 37
Translator mutex groups: 0
Translator total mutex groups size: 0
Translator operators: 889
Translator axioms: 0
Translator task size: 8582
Translator peak memory: 151756 KB
Writing output... [0.020s CPU, 0.019s wall-clock]
Done! [0.400s CPU, 0.397s wall-clock]
translate exit code: 0

INFO     Running search (release).
INFO     search stdin: output.sas
INFO     search time limit: 1799.51s
INFO     search memory limit: 3584 MB
INFO     search command line string: /infai/weidan00/downward/experiments/bachelor/data/bachelor-v1/code-7aa5f34_e5e41175/builds/release/bin/downward --search 'eager_wastar([pinch()], w=2)' --internal-plan-file sas_plan < output.sas
[t=6.5097e-05s, 17204 KB] reading input...
[t=0.00892986s, 17608 KB] done reading input!
[t=0.0114259s, 18152 KB] Simplifying 3780 unary operators... done! [3016 unary operators]
[t=0.0146103s, 18416 KB] time to simplify: 0.00332894s
[t=0.015012s, 18416 KB] Initializing pinch heuristic...
[t=0.0151826s, 18416 KB] Building successor generator...done!
[t=0.0158125s, 18416 KB] peak memory difference for successor generator creation: 0 KB
[t=0.0158529s, 18416 KB] time for successor generation creation: 0.000490799s
[t=0.0159081s, 18416 KB] Variables: 342
[t=0.0159475s, 18416 KB] FactPairs: 684
[t=0.0159867s, 18416 KB] Bytes per state: 44
[t=0.016129s, 18416 KB] Conducting best first search with reopening closed nodes, (real) bound = 2147483647
[t=0.016545s, 18416 KB] New best heuristic value for pinch: 37
[t=0.0165926s, 18416 KB] g=0, 1 evaluated, 0 expanded
[t=0.0166454s, 18416 KB] Initial heuristic value for pinch: 37
[t=0.0166867s, 18416 KB] pruning method: none
[t=0.0176092s, 18416 KB] New best heuristic value for pinch: 36
[t=0.0176598s, 18416 KB] g=1, 13 evaluated, 1 expanded
[t=0.0494941s, 18416 KB] New best heuristic value for pinch: 35
[t=0.04959s, 18416 KB] g=1, 520 evaluated, 1 expanded
[t=0.052534s, 18416 KB] New best heuristic value for pinch: 34
[t=0.0525961s, 18416 KB] g=2, 633 evaluated, 2 expanded
[t=0.859876s, 20108 KB] New best heuristic value for pinch: 33
[t=0.859987s, 20108 KB] g=4, 24851 evaluated, 78 expanded
[t=0.893869s, 20108 KB] New best heuristic value for pinch: 32
[t=0.893963s, 20108 KB] g=5, 25458 evaluated, 79 expanded
[t=0.931821s, 20108 KB] New best heuristic value for pinch: 31
[t=0.931921s, 20108 KB] g=6, 26248 evaluated, 80 expanded
[t=1.61417s, 22356 KB] New best heuristic value for pinch: 30
[t=1.61428s, 22356 KB] g=8, 54257 evaluated, 203 expanded
[t=1.655s, 22356 KB] New best heuristic value for pinch: 29
[t=1.65511s, 22356 KB] g=9, 54993 evaluated, 204 expanded
[t=1.6748s, 22356 KB] New best heuristic value for pinch: 28
[t=1.67489s, 22356 KB] g=10, 55594 evaluated, 205 expanded
[t=2.1165s, 24196 KB] New best heuristic value for pinch: 27
[t=2.11662s, 24196 KB] g=12, 74946 evaluated, 309 expanded
[t=2.1647s, 24332 KB] New best heuristic value for pinch: 26
[t=2.1648s, 24332 KB] g=13, 75851 evaluated, 310 expanded
[t=3.12604s, 26456 KB] New best heuristic value for pinch: 25
[t=3.12614s, 26456 KB] g=15, 106685 evaluated, 417 expanded
[t=3.1373s, 26456 KB] New best heuristic value for pinch: 24
[t=3.1374s, 26456 KB] g=16, 106859 evaluated, 418 expanded
[t=4.53544s, 31072 KB] New best heuristic value for pinch: 23
[t=4.53554s, 31072 KB] g=18, 161031 evaluated, 635 expanded
[t=4.56661s, 31208 KB] New best heuristic value for pinch: 22
[t=4.5667s, 31208 KB] g=19, 161597 evaluated, 636 expanded
[t=5.96751s, 34956 KB] New best heuristic value for pinch: 21
[t=5.96761s, 34956 KB] g=21, 216649 evaluated, 863 expanded
[t=5.97637s, 34956 KB] New best heuristic value for pinch: 20
[t=5.97645s, 34956 KB] g=22, 216785 evaluated, 864 expanded
[t=7.49595s, 41000 KB] New best heuristic value for pinch: 19
[t=7.49607s, 41000 KB] g=24, 275904 evaluated, 1105 expanded
[t=7.50883s, 41000 KB] New best heuristic value for pinch: 18
[t=7.50891s, 41000 KB] g=25, 276103 evaluated, 1106 expanded
[t=9.15301s, 45268 KB] New best heuristic value for pinch: 17
[t=9.15312s, 45268 KB] g=27, 339044 evaluated, 1366 expanded
[t=11.1164s, 49820 KB] New best heuristic value for pinch: 16
[t=11.1165s, 49820 KB] g=29, 406278 evaluated, 1681 expanded
[t=14.4368s, 61368 KB] New best heuristic value for pinch: 15
[t=14.4369s, 61368 KB] g=31, 513196 evaluated, 2056 expanded
[t=29.6886s, 102764 KB] New best heuristic value for pinch: 14
[t=29.6887s, 102764 KB] g=33, 1007800 evaluated, 3861 expanded
[t=56.8855s, 185360 KB] New best heuristic value for pinch: 13
[t=56.8856s, 185360 KB] g=35, 1902571 evaluated, 7220 expanded
[t=83.6494s, 238376 KB] New best heuristic value for pinch: 12
[t=83.6495s, 238376 KB] g=37, 2776754 evaluated, 10590 expanded
Failed to allocate memory.
Memory limit has been reached.
Peak memory: 3670012 KB
Remove intermediate file output.sas
search exit code: 22

Driver aborting after search
