INFO     Running translator.
INFO     translator stdin: None
INFO     translator time limit: 1799.96s
INFO     translator memory limit: 3584 MB
INFO     translator command line string: /infai/weidan00/downward/experiments/bachelor/.venv/bin/python3 /infai/weidan00/downward/experiments/bachelor/data/bachelor-v1/code-7aa5f34_e5e41175/builds/release/bin/translate/translate.py domain.pddl problem.pddl --sas-file output.sas
Parsing...
Parsing: [0.010s CPU, 0.010s wall-clock]
Normalizing task... [0.000s CPU, 0.001s wall-clock]
Instantiating...
Generating Datalog program... [0.000s CPU, 0.002s wall-clock]
Normalizing Datalog program...
Normalizing Datalog program: [0.030s CPU, 0.029s wall-clock]
Preparing model... [0.020s CPU, 0.009s wall-clock]
Generated 400 rules.
Computing model... [1.190s CPU, 1.199s wall-clock]
45765 relevant atoms
39820 auxiliary atoms
85585 final queue length
236866 total queue pushes
Completing instantiation... [4.210s CPU, 4.227s wall-clock]
Instantiating: [5.480s CPU, 5.495s wall-clock]
Computing fact groups...
Finding invariants...
41 initial candidates
Finding invariants: [0.100s CPU, 0.103s wall-clock]
Checking invariant weight... [0.000s CPU, 0.000s wall-clock]
Instantiating groups... [0.000s CPU, 0.000s wall-clock]
Collecting mutex groups... [0.000s CPU, 0.000s wall-clock]
Choosing groups...
471 uncovered facts
Choosing groups: [0.000s CPU, 0.000s wall-clock]
Building translation key... [0.000s CPU, 0.002s wall-clock]
Computing fact groups: [0.110s CPU, 0.110s wall-clock]
Building STRIPS to SAS dictionary... [0.000s CPU, 0.001s wall-clock]
Building dictionary for full mutex groups... [0.000s CPU, 0.001s wall-clock]
Building mutex information...
Building mutex information: [0.000s CPU, 0.000s wall-clock]
Translating task...
Processing axioms...
Simplifying axioms... [0.000s CPU, 0.000s wall-clock]
Processing axioms: [0.210s CPU, 0.204s wall-clock]
Translating task: [5.110s CPU, 5.142s wall-clock]
125021 effect conditions simplified
0 implied preconditions added
Detecting unreachable propositions...
0 operators removed
0 axioms removed
2 propositions removed
Detecting unreachable propositions: [2.360s CPU, 2.362s wall-clock]
Reordering and filtering variables...
473 of 473 variables necessary.
1 of 3 mutex groups necessary.
45090 of 45090 operators necessary.
0 of 0 axiom rules necessary.
Reordering and filtering variables: [1.350s CPU, 1.355s wall-clock]
Translator variables: 473
Translator derived variables: 0
Translator facts: 949
Translator goal facts: 4
Translator mutex groups: 1
Translator total mutex groups size: 2
Translator operators: 45090
Translator axioms: 0
Translator task size: 549948
Translator peak memory: 497048 KB
Writing output... [0.880s CPU, 0.938s wall-clock]
Done! [15.520s CPU, 15.635s wall-clock]
translate exit code: 0

INFO     Running search (release).
INFO     search stdin: output.sas
INFO     search time limit: 1784.29s
INFO     search memory limit: 3584 MB
INFO     search command line string: /infai/weidan00/downward/experiments/bachelor/data/bachelor-v1/code-7aa5f34_e5e41175/builds/release/bin/downward --search 'eager_wastar([pinch_tracking()], w=2)' --internal-plan-file sas_plan < output.sas
[t=6.6412e-05s, 17204 KB] reading input...
[t=0.503917s, 37808 KB] done reading input!
[t=0.54625s, 57548 KB] Simplifying 275775 unary operators... done! [274527 unary operators]
[t=3.2951s, 82244 KB] time to simplify: 2.74896s
[t=3.31941s, 83772 KB] Initializing pinch tracking heuristic...
[t=3.31967s, 83772 KB] Building successor generator...done!
[t=3.36071s, 83772 KB] peak memory difference for successor generator creation: 0 KB
[t=3.36076s, 83772 KB] time for successor generation creation: 0.0408567s
[t=3.3612s, 83772 KB] Variables: 473
[t=3.36127s, 83772 KB] FactPairs: 949
[t=3.36131s, 83772 KB] Bytes per state: 60
[t=3.36154s, 83772 KB] Conducting best first search with reopening closed nodes, (real) bound = 2147483647
[t=3.39886s, 83772 KB] New best heuristic value for pinch_tracking: 92
[t=3.39896s, 83772 KB] g=0, 1 evaluated, 0 expanded
[t=3.39902s, 83772 KB] Initial heuristic value for pinch_tracking: 92
[t=3.39906s, 83772 KB] pruning method: none
[t=3.46598s, 83772 KB] New best heuristic value for pinch_tracking: 66
[t=3.46608s, 83772 KB] g=1, 4 evaluated, 1 expanded
[t=3.57706s, 83772 KB] New best heuristic value for pinch_tracking: 60
[t=3.57717s, 83772 KB] g=2, 7 evaluated, 2 expanded
[t=3.67001s, 83772 KB] New best heuristic value for pinch_tracking: 53
[t=3.67011s, 83772 KB] g=3, 10 evaluated, 3 expanded
[t=3.7948s, 83772 KB] New best heuristic value for pinch_tracking: 50
[t=3.79489s, 83772 KB] g=4, 14 evaluated, 4 expanded
[t=3.9174s, 83772 KB] New best heuristic value for pinch_tracking: 44
[t=3.9175s, 83772 KB] g=5, 18 evaluated, 5 expanded
[t=4.01784s, 83772 KB] New best heuristic value for pinch_tracking: 38
[t=4.01795s, 83772 KB] g=6, 22 evaluated, 6 expanded
[t=4.11778s, 83772 KB] New best heuristic value for pinch_tracking: 34
[t=4.11786s, 83772 KB] g=7, 26 evaluated, 7 expanded
[t=4.24104s, 84624 KB] New best heuristic value for pinch_tracking: 33
[t=4.24114s, 84624 KB] g=8, 31 evaluated, 8 expanded
[t=7.19457s, 90364 KB] New best heuristic value for pinch_tracking: 29
[t=7.19468s, 90364 KB] g=15, 147 evaluated, 61 expanded
[t=7.30583s, 90364 KB] New best heuristic value for pinch_tracking: 26
[t=7.30593s, 90364 KB] g=16, 151 evaluated, 62 expanded
[t=7.4283s, 90364 KB] New best heuristic value for pinch_tracking: 25
[t=7.42841s, 90364 KB] g=17, 156 evaluated, 63 expanded
[t=8.11981s, 90364 KB] New best heuristic value for pinch_tracking: 23
[t=8.11992s, 90364 KB] g=20, 182 evaluated, 77 expanded
[t=8.69033s, 90364 KB] New best heuristic value for pinch_tracking: 19
[t=8.69044s, 90364 KB] g=21, 203 evaluated, 86 expanded
[t=8.84227s, 90364 KB] New best heuristic value for pinch_tracking: 18
[t=8.84237s, 90364 KB] g=22, 209 evaluated, 87 expanded
[t=10.179s, 90364 KB] New best heuristic value for pinch_tracking: 16
[t=10.1791s, 90364 KB] g=29, 258 evaluated, 110 expanded
[t=10.2425s, 90364 KB] New best heuristic value for pinch_tracking: 14
[t=10.2426s, 90364 KB] g=30, 261 evaluated, 111 expanded
[t=10.3052s, 90364 KB] New best heuristic value for pinch_tracking: 12
[t=10.3053s, 90364 KB] g=31, 264 evaluated, 112 expanded
[t=10.377s, 90364 KB] New best heuristic value for pinch_tracking: 10
[t=10.3771s, 90364 KB] g=32, 267 evaluated, 113 expanded
[t=10.417s, 90364 KB] New best heuristic value for pinch_tracking: 8
[t=10.4171s, 90364 KB] g=33, 268 evaluated, 114 expanded
[t=10.4944s, 90364 KB] New best heuristic value for pinch_tracking: 7
[t=10.4946s, 90364 KB] g=34, 274 evaluated, 115 expanded
[t=10.6962s, 92748 KB] New best heuristic value for pinch_tracking: 5
[t=10.6963s, 92748 KB] g=35, 282 evaluated, 118 expanded
[t=10.7563s, 93820 KB] New best heuristic value for pinch_tracking: 4
[t=10.7564s, 93820 KB] g=37, 287 evaluated, 121 expanded
[t=10.7738s, 93820 KB] New best heuristic value for pinch_tracking: 3
[t=10.7739s, 93820 KB] g=38, 288 evaluated, 122 expanded
[t=10.8695s, 94672 KB] New best heuristic value for pinch_tracking: 2
[t=10.8696s, 94672 KB] g=39, 292 evaluated, 123 expanded
[t=10.9269s, 94672 KB] New best heuristic value for pinch_tracking: 1
[t=10.927s, 94672 KB] g=40, 296 evaluated, 124 expanded
[t=10.9842s, 94672 KB] New best heuristic value for pinch_tracking: 0
[t=10.9843s, 94672 KB] g=41, 299 evaluated, 125 expanded
[t=10.9844s, 94672 KB] Solution found!
[t=10.9844s, 94672 KB] Actual search time: 7.58535s
unpark pr2 xrel0 yrel0 (1)
base-right pr2 x0 x1 y0 (1)
base-right pr2 x1 x2 y0 (1)
base-right pr2 x2 x3 y0 (1)
base-right pr2 x3 x4 y0 (1)
base-down pr2 x4 y0 y1 (1)
base-down pr2 x4 y1 y2 (1)
finish-object object3 x5 y3 (1)
park pr2 (1)
get-right pr2 x4 y2 xrel0 x4 yrel0 y2 object0 x5 (1)
unpark pr2 xrel0 yrel0 (1)
base-up pr2 x4 y2 y1 (1)
park pr2 (1)
put-down pr2 x4 y1 xrel0 x4 yrel0 y1 object0 y2 (1)
unpark pr2 xrel0 yrel0 (1)
base-down pr2 x4 y1 y2 (1)
finish-object object0 x4 y2 (1)
park pr2 (1)
get-down pr2 x4 y2 xrel0 x4 yrel0 y2 object2 y3 (1)
put-right pr2 x4 y2 xrel0 x4 yrel0 y2 object2 x5 (1)
unpark pr2 xrel0 yrel0 (1)
finish-object object2 x5 y2 (1)
base-up pr2 x4 y2 y1 (1)
base-up pr2 x4 y1 y0 (1)
base-right pr2 x4 x5 y0 (1)
base-right pr2 x5 x6 y0 (1)
base-right pr2 x6 x7 y0 (1)
base-down pr2 x7 y0 y1 (1)
base-down pr2 x7 y1 y2 (1)
base-down pr2 x7 y2 y3 (1)
base-down pr2 x7 y3 y4 (1)
base-down pr2 x7 y4 y5 (1)
base-left pr2 x7 x6 y5 (1)
park pr2 (1)
gripper-down pr2 x6 y5 xrel0 x6 yrel0 yrel1 y5 y6 (1)
gripper-left pr2 x6 y5 xrel0 xrel-1 x6 x5 yrel1 y6 (1)
get-down pr2 x6 y5 xrel-1 x5 yrel1 y6 object1 y7 (1)
gripper-right pr2 x6 y5 xrel-1 xrel0 x5 x6 yrel1 y6 (1)
gripper-right pr2 x6 y5 xrel0 xrel1 x6 x7 yrel1 y6 (1)
put-down pr2 x6 y5 xrel1 x7 yrel1 y6 object1 y7 (1)
finish-object object1 x7 y7 (1)
[t=10.9845s, 94672 KB] Plan length: 41 step(s).
[t=10.9845s, 94672 KB] Plan cost: 41
[t=10.9845s, 94672 KB] Expanded 126 state(s).
[t=10.9845s, 94672 KB] Reopened 0 state(s).
[t=10.9845s, 94672 KB] Evaluated 299 state(s).
[t=10.9845s, 94672 KB] Evaluations: 299
[t=10.9845s, 94672 KB] Generated 521 state(s).
[t=10.9845s, 94672 KB] Dead ends: 0 state(s).
[t=10.9845s, 94672 KB] Number of registered states: 299
[t=10.9845s, 94672 KB] Int hash set load factor: 299/512 = 0.583984
[t=10.9845s, 94672 KB] Int hash set resizes: 9
[t=10.9845s, 94672 KB] mean number of q cost that have been adjusted 0 times in relation to total number of q: -1
[t=10.9845s, 94672 KB] mean number of q cost that have been adjusted 1 times in relation to total number of q: -1
[t=10.9845s, 94672 KB] mean number of q cost that have been adjusted 2 times in relation to total number of q: -1
[t=10.9845s, 94672 KB] mean number of q that are at some point overconsitent in relation to total number of q: -1
[t=10.9845s, 94672 KB] mean number of q that are at first underconsisten in relation to total number of q: -1
[t=10.9845s, 94672 KB] mean number of state variables that are not in common between two following states in relation to total number of state variables: -1
[t=10.9845s, 94672 KB] variance number of state variables that are not in common between two following states in relation to total number of state variables: -1
[t=10.9845s, 94672 KB] Search time: 7.62293s
[t=10.9845s, 94672 KB] Total time: 10.9845s
Solution found.
Peak memory: 94672 KB
Remove intermediate file output.sas
search exit code: 0

INFO     Running validate.
INFO     validate stdin: None
INFO     validate time limit: None
INFO     validate memory limit: None
INFO     validate command line string: validate domain.pddl problem.pddl sas_plan
