INFO     Running translator.
INFO     translator stdin: None
INFO     translator time limit: 1799.96s
INFO     translator memory limit: 3584 MB
INFO     translator command line string: /infai/weidan00/downward/experiments/bachelor/.venv/bin/python3 /infai/weidan00/downward/experiments/bachelor/data/bachelor-v1/code-7aa5f34_e5e41175/builds/release/bin/translate/translate.py domain.pddl problem.pddl --sas-file output.sas
Parsing...
Parsing: [0.000s CPU, 0.013s wall-clock]
Normalizing task... [0.010s CPU, 0.000s wall-clock]
Instantiating...
Generating Datalog program... [0.000s CPU, 0.003s wall-clock]
Normalizing Datalog program...
Normalizing Datalog program: [0.000s CPU, 0.006s wall-clock]
Preparing model... [0.030s CPU, 0.013s wall-clock]
Generated 90 rules.
Computing model... [0.640s CPU, 0.652s wall-clock]
7161 relevant atoms
65436 auxiliary atoms
72597 final queue length
80055 total queue pushes
Completing instantiation... [0.240s CPU, 0.234s wall-clock]
Instantiating: [0.930s CPU, 0.930s wall-clock]
Computing fact groups...
Finding invariants...
35 initial candidates
Finding invariants: [0.010s CPU, 0.008s wall-clock]
Checking invariant weight... [0.000s CPU, 0.001s wall-clock]
Instantiating groups... [0.010s CPU, 0.005s wall-clock]
Collecting mutex groups... [0.000s CPU, 0.001s wall-clock]
Choosing groups...
228 uncovered facts
Choosing groups: [0.000s CPU, 0.001s wall-clock]
Building translation key... [0.000s CPU, 0.002s wall-clock]
Computing fact groups: [0.020s CPU, 0.024s wall-clock]
Building STRIPS to SAS dictionary... [0.000s CPU, 0.001s wall-clock]
Building dictionary for full mutex groups... [0.010s CPU, 0.001s wall-clock]
Building mutex information...
Building mutex information: [0.000s CPU, 0.001s wall-clock]
Translating task...
Processing axioms...
Simplifying axioms... [0.000s CPU, 0.000s wall-clock]
Processing axioms: [0.010s CPU, 0.010s wall-clock]
Translating task: [0.200s CPU, 0.210s wall-clock]
2454 effect conditions simplified
0 implied preconditions added
Detecting unreachable propositions...
0 operators removed
0 axioms removed
80 propositions removed
Detecting unreachable propositions: [0.090s CPU, 0.086s wall-clock]
Reordering and filtering variables...
113 of 272 variables necessary.
0 of 55 mutex groups necessary.
3809 of 4972 operators necessary.
0 of 0 axiom rules necessary.
Reordering and filtering variables: [0.020s CPU, 0.024s wall-clock]
Translator variables: 113
Translator derived variables: 0
Translator facts: 679
Translator goal facts: 20
Translator mutex groups: 0
Translator total mutex groups size: 0
Translator operators: 3809
Translator axioms: 0
Translator task size: 16080
Translator peak memory: 174072 KB
Writing output... [0.030s CPU, 0.039s wall-clock]
Done! [1.320s CPU, 1.338s wall-clock]
translate exit code: 0

INFO     Running search (release).
INFO     search stdin: output.sas
INFO     search time limit: 1798.58s
INFO     search memory limit: 3584 MB
INFO     search command line string: /infai/weidan00/downward/experiments/bachelor/data/bachelor-v1/code-7aa5f34_e5e41175/builds/release/bin/downward --search 'eager_wastar([add()], w=2)' --internal-plan-file sas_plan < output.sas
[t=6.389e-05s, 17204 KB] reading input...
[t=0.0225758s, 18364 KB] done reading input!
[t=0.0254013s, 18956 KB] Simplifying 4488 unary operators... done! [2420 unary operators]
[t=0.0270505s, 19088 KB] time to simplify: 0.00176631s
[t=0.0274421s, 19088 KB] Initializing additive heuristic...
[t=0.0276055s, 19088 KB] Building successor generator...done!
[t=0.029058s, 19308 KB] peak memory difference for successor generator creation: 220 KB
[t=0.0291019s, 19308 KB] time for successor generation creation: 0.00130801s
[t=0.0291763s, 19308 KB] Variables: 113
[t=0.0292163s, 19308 KB] FactPairs: 679
[t=0.0292555s, 19308 KB] Bytes per state: 28
[t=0.0294s, 19308 KB] Conducting best first search with reopening closed nodes, (real) bound = 2147483647
[t=0.0295713s, 19308 KB] New best heuristic value for add: 83
[t=0.029615s, 19308 KB] g=0, 1 evaluated, 0 expanded
[t=0.0296678s, 19308 KB] Initial heuristic value for add: 83
[t=0.0297083s, 19308 KB] pruning method: none
[t=0.0298272s, 19308 KB] New best heuristic value for add: 80
[t=0.02987s, 19308 KB] g=1, 2 evaluated, 1 expanded
[t=0.0304681s, 19308 KB] New best heuristic value for add: 79
[t=0.0305137s, 19308 KB] g=1, 15 evaluated, 1 expanded
[t=0.03073s, 19308 KB] New best heuristic value for add: 78
[t=0.0307733s, 19308 KB] g=1, 19 evaluated, 1 expanded
[t=0.031319s, 19308 KB] New best heuristic value for add: 73
[t=0.0313633s, 19308 KB] g=1, 32 evaluated, 1 expanded
[t=0.0329927s, 19308 KB] New best heuristic value for add: 71
[t=0.0330404s, 19308 KB] g=2, 73 evaluated, 2 expanded
[t=0.033201s, 19308 KB] New best heuristic value for add: 70
[t=0.0332452s, 19308 KB] g=2, 76 evaluated, 2 expanded
[t=0.0337837s, 19308 KB] New best heuristic value for add: 69
[t=0.0338281s, 19308 KB] g=2, 89 evaluated, 2 expanded
[t=0.0353999s, 19308 KB] New best heuristic value for add: 67
[t=0.0354483s, 19308 KB] g=3, 130 evaluated, 3 expanded
[t=0.035615s, 19308 KB] New best heuristic value for add: 66
[t=0.0356583s, 19308 KB] g=3, 133 evaluated, 3 expanded
[t=0.0383021s, 19308 KB] New best heuristic value for add: 65
[t=0.0383519s, 19308 KB] g=4, 203 evaluated, 4 expanded
[t=0.0393609s, 19308 KB] New best heuristic value for add: 64
[t=0.0394067s, 19308 KB] g=4, 229 evaluated, 4 expanded
[t=0.0408244s, 19308 KB] New best heuristic value for add: 63
[t=0.0408712s, 19308 KB] g=5, 265 evaluated, 5 expanded
[t=0.0454471s, 19308 KB] New best heuristic value for add: 61
[t=0.0455014s, 19308 KB] g=6, 388 evaluated, 7 expanded
[t=0.0476691s, 19308 KB] New best heuristic value for add: 60
[t=0.0477176s, 19308 KB] g=7, 446 evaluated, 8 expanded
[t=0.0498897s, 19308 KB] New best heuristic value for add: 59
[t=0.049939s, 19308 KB] g=8, 504 evaluated, 9 expanded
[t=0.065816s, 19308 KB] New best heuristic value for add: 58
[t=0.0658937s, 19308 KB] g=10, 940 evaluated, 17 expanded
[t=0.0681346s, 19308 KB] New best heuristic value for add: 57
[t=0.0681841s, 19308 KB] g=11, 1000 evaluated, 18 expanded
[t=0.0884981s, 19308 KB] New best heuristic value for add: 56
[t=0.0885809s, 19308 KB] g=13, 1561 evaluated, 28 expanded
[t=0.0907501s, 19308 KB] New best heuristic value for add: 55
[t=0.0907988s, 19308 KB] g=14, 1620 evaluated, 29 expanded
[t=0.110483s, 19308 KB] New best heuristic value for add: 53
[t=0.110568s, 19308 KB] g=16, 2165 evaluated, 39 expanded
[t=0.112743s, 19308 KB] New best heuristic value for add: 52
[t=0.112794s, 19308 KB] g=17, 2224 evaluated, 40 expanded
[t=0.114751s, 19308 KB] New best heuristic value for add: 51
[t=0.114799s, 19308 KB] g=18, 2278 evaluated, 41 expanded
[t=0.135701s, 19308 KB] New best heuristic value for add: 50
[t=0.135783s, 19308 KB] g=20, 2880 evaluated, 53 expanded
[t=0.137796s, 19308 KB] New best heuristic value for add: 49
[t=0.137844s, 19308 KB] g=21, 2936 evaluated, 54 expanded
[t=0.139718s, 19308 KB] New best heuristic value for add: 48
[t=0.139765s, 19308 KB] g=22, 2989 evaluated, 55 expanded
[t=0.14159s, 19308 KB] New best heuristic value for add: 47
[t=0.141636s, 19308 KB] g=23, 3041 evaluated, 56 expanded
[t=0.163911s, 19308 KB] New best heuristic value for add: 46
[t=0.163992s, 19308 KB] g=25, 3684 evaluated, 70 expanded
[t=0.166455s, 19308 KB] New best heuristic value for add: 45
[t=0.166504s, 19308 KB] g=26, 3755 evaluated, 71 expanded
[t=0.187807s, 19308 KB] New best heuristic value for add: 44
[t=0.187889s, 19308 KB] g=28, 4364 evaluated, 85 expanded
[t=0.189498s, 19308 KB] New best heuristic value for add: 43
[t=0.189546s, 19308 KB] g=29, 4409 evaluated, 86 expanded
[t=0.191431s, 19308 KB] New best heuristic value for add: 42
[t=0.191478s, 19308 KB] g=30, 4463 evaluated, 87 expanded
[t=0.218895s, 19308 KB] New best heuristic value for add: 41
[t=0.21898s, 19308 KB] g=32, 5276 evaluated, 106 expanded
[t=0.227105s, 19308 KB] New best heuristic value for add: 40
[t=0.22717s, 19308 KB] g=33, 5514 evaluated, 112 expanded
[t=0.259374s, 19308 KB] New best heuristic value for add: 39
[t=0.259466s, 19308 KB] g=35, 6495 evaluated, 134 expanded
[t=0.271369s, 19308 KB] New best heuristic value for add: 38
[t=0.271438s, 19308 KB] g=36, 6857 evaluated, 144 expanded
[t=0.273163s, 19308 KB] New best heuristic value for add: 37
[t=0.273212s, 19308 KB] g=37, 6910 evaluated, 145 expanded
[t=0.300387s, 19324 KB] New best heuristic value for add: 36
[t=0.300482s, 19324 KB] g=39, 7767 evaluated, 164 expanded
[t=0.317913s, 19456 KB] New best heuristic value for add: 35
[t=0.318003s, 19456 KB] g=40, 8282 evaluated, 180 expanded
[t=0.319579s, 19456 KB] New best heuristic value for add: 34
[t=0.319627s, 19456 KB] g=41, 8330 evaluated, 181 expanded
[t=0.321359s, 19456 KB] New best heuristic value for add: 33
[t=0.321411s, 19456 KB] g=42, 8385 evaluated, 182 expanded
[t=0.351982s, 19456 KB] New best heuristic value for add: 32
[t=0.352081s, 19456 KB] g=44, 9372 evaluated, 205 expanded
[t=0.45974s, 19588 KB] New best heuristic value for add: 31
[t=0.459855s, 19588 KB] g=46, 12784 evaluated, 312 expanded
[t=0.461363s, 19588 KB] New best heuristic value for add: 30
[t=0.461415s, 19588 KB] g=47, 12832 evaluated, 313 expanded
[t=0.462924s, 19588 KB] New best heuristic value for add: 29
[t=0.462976s, 19588 KB] g=48, 12880 evaluated, 314 expanded
[t=0.464528s, 19588 KB] New best heuristic value for add: 28
[t=0.464575s, 19588 KB] g=49, 12930 evaluated, 315 expanded
[t=5.51942s, 29796 KB] New best heuristic value for add: 27
[t=5.51954s, 29796 KB] g=53, 174987 evaluated, 6735 expanded
[t=5.52527s, 29796 KB] New best heuristic value for add: 26
[t=5.52535s, 29796 KB] g=54, 175174 evaluated, 6739 expanded
[t=5.52635s, 29796 KB] New best heuristic value for add: 25
[t=5.5264s, 29796 KB] g=55, 175205 evaluated, 6740 expanded
[t=5.5279s, 29796 KB] New best heuristic value for add: 24
[t=5.52795s, 29796 KB] g=56, 175254 evaluated, 6741 expanded
[t=10.6027s, 40264 KB] New best heuristic value for add: 23
[t=10.6029s, 40264 KB] g=60, 339726 evaluated, 13225 expanded
[t=13.1496s, 44428 KB] New best heuristic value for add: 22
[t=13.1497s, 44428 KB] g=62, 421231 evaluated, 17129 expanded
[t=13.1512s, 44428 KB] New best heuristic value for add: 21
[t=13.1512s, 44428 KB] g=63, 421279 evaluated, 17130 expanded
[t=13.1527s, 44428 KB] New best heuristic value for add: 20
[t=13.1527s, 44428 KB] g=64, 421329 evaluated, 17131 expanded
[t=13.1543s, 44428 KB] New best heuristic value for add: 19
[t=13.1543s, 44428 KB] g=65, 421383 evaluated, 17132 expanded
[t=20.9802s, 61904 KB] New best heuristic value for add: 18
[t=20.9803s, 61904 KB] g=69, 682357 evaluated, 27969 expanded
[t=21.1617s, 62184 KB] New best heuristic value for add: 17
[t=21.1618s, 62184 KB] g=71, 688215 evaluated, 28291 expanded
[t=21.1632s, 62184 KB] New best heuristic value for add: 16
[t=21.1633s, 62184 KB] g=72, 688262 evaluated, 28292 expanded
[t=21.1648s, 62184 KB] New best heuristic value for add: 15
[t=21.1649s, 62184 KB] g=73, 688314 evaluated, 28293 expanded
[t=21.9123s, 63392 KB] New best heuristic value for add: 14
[t=21.9125s, 63392 KB] g=75, 713644 evaluated, 29207 expanded
[t=21.9128s, 63524 KB] New best heuristic value for add: 13
[t=21.9129s, 63524 KB] g=76, 713655 evaluated, 29208 expanded
[t=39.2731s, 101436 KB] New best heuristic value for add: 12
[t=39.2732s, 101436 KB] g=80, 1297792 evaluated, 53871 expanded
[t=39.2747s, 101436 KB] New best heuristic value for add: 11
[t=39.2747s, 101436 KB] g=81, 1297843 evaluated, 53872 expanded
[t=39.277s, 101436 KB] New best heuristic value for add: 10
[t=39.2771s, 101436 KB] g=82, 1297926 evaluated, 53873 expanded
[t=39.2903s, 101436 KB] New best heuristic value for add: 9
[t=39.2904s, 101436 KB] g=84, 1298413 evaluated, 53884 expanded
[t=39.2916s, 101568 KB] New best heuristic value for add: 8
[t=39.2917s, 101568 KB] g=85, 1298458 evaluated, 53885 expanded
[t=39.2931s, 101568 KB] New best heuristic value for add: 7
[t=39.2932s, 101568 KB] g=86, 1298509 evaluated, 53886 expanded
[t=1051.32s, 2411744 KB] New best heuristic value for add: 6
[t=1051.32s, 2411744 KB] g=92, 36724119 evaluated, 2747852 expanded
[t=1051.32s, 2411744 KB] New best heuristic value for add: 5
[t=1051.32s, 2411744 KB] g=93, 36724165 evaluated, 2747853 expanded
[t=1051.32s, 2411744 KB] New best heuristic value for add: 4
[t=1051.32s, 2411744 KB] g=94, 36724218 evaluated, 2747854 expanded
[t=1051.32s, 2411744 KB] New best heuristic value for add: 3
[t=1051.32s, 2411744 KB] g=95, 36724266 evaluated, 2747855 expanded
[t=1051.33s, 2411744 KB] New best heuristic value for add: 2
[t=1051.33s, 2411744 KB] g=97, 36724595 evaluated, 2747863 expanded
[t=1051.33s, 2411744 KB] New best heuristic value for add: 1
[t=1051.33s, 2411744 KB] g=98, 36724641 evaluated, 2747864 expanded
[t=1051.33s, 2411744 KB] New best heuristic value for add: 0
[t=1051.33s, 2411744 KB] g=99, 36724690 evaluated, 2747865 expanded
[t=1051.33s, 2411744 KB] Solution found!
[t=1051.33s, 2411744 KB] Actual search time: 1051.3s
navigate rover4 waypoint23 waypoint0 (1)
calibrate rover4 camera12 objective0 waypoint0 (1)
navigate rover7 waypoint6 waypoint4 (1)
navigate rover1 waypoint19 waypoint14 (1)
navigate rover5 waypoint20 waypoint15 (1)
navigate rover5 waypoint15 waypoint32 (1)
sample_rock rover5 rover5store waypoint32 (1)
communicate_rock_data rover5 general waypoint32 waypoint32 waypoint6 (1)
calibrate rover7 camera5 objective3 waypoint4 (1)
take_image rover7 waypoint4 objective5 camera5 colour (1)
communicate_image_data rover7 general objective5 colour waypoint4 waypoint6 (1)
calibrate rover7 camera5 objective3 waypoint4 (1)
take_image rover7 waypoint4 objective7 camera5 colour (1)
communicate_image_data rover7 general objective7 colour waypoint4 waypoint6 (1)
navigate rover6 waypoint9 waypoint1 (1)
navigate rover6 waypoint1 waypoint14 (1)
sample_soil rover6 rover6store waypoint14 (1)
communicate_soil_data rover6 general waypoint14 waypoint14 waypoint6 (1)
take_image rover4 waypoint0 objective0 camera12 high_res (1)
calibrate rover4 camera12 objective0 waypoint0 (1)
take_image rover4 waypoint0 objective5 camera12 high_res (1)
communicate_image_data rover4 general objective5 high_res waypoint0 waypoint6 (1)
communicate_image_data rover4 general objective0 high_res waypoint0 waypoint6 (1)
sample_soil rover4 rover4store waypoint0 (1)
communicate_soil_data rover4 general waypoint0 waypoint0 waypoint6 (1)
drop rover4 rover4store (1)
navigate rover4 waypoint0 waypoint21 (1)
sample_soil rover4 rover4store waypoint21 (1)
navigate rover4 waypoint21 waypoint0 (1)
communicate_soil_data rover4 general waypoint21 waypoint0 waypoint6 (1)
sample_soil rover2 rover2store waypoint32 (1)
communicate_soil_data rover2 general waypoint32 waypoint32 waypoint6 (1)
navigate rover0 waypoint22 waypoint13 (1)
navigate rover1 waypoint14 waypoint11 (1)
sample_rock rover1 rover1store waypoint11 (1)
navigate rover1 waypoint11 waypoint14 (1)
communicate_rock_data rover1 general waypoint11 waypoint14 waypoint6 (1)
navigate rover0 waypoint13 waypoint25 (1)
sample_soil rover0 rover0store waypoint25 (1)
navigate rover0 waypoint25 waypoint13 (1)
navigate rover0 waypoint13 waypoint14 (1)
communicate_soil_data rover0 general waypoint25 waypoint14 waypoint6 (1)
navigate rover3 waypoint17 waypoint2 (1)
navigate rover3 waypoint2 waypoint24 (1)
navigate rover3 waypoint24 waypoint3 (1)
sample_soil rover3 rover3store waypoint3 (1)
navigate rover3 waypoint3 waypoint24 (1)
navigate rover3 waypoint24 waypoint4 (1)
communicate_soil_data rover3 general waypoint3 waypoint4 waypoint6 (1)
navigate rover5 waypoint32 waypoint15 (1)
navigate rover5 waypoint15 waypoint20 (1)
navigate rover5 waypoint20 waypoint24 (1)
navigate rover5 waypoint24 waypoint4 (1)
drop rover5 rover5store (1)
sample_rock rover5 rover5store waypoint4 (1)
communicate_rock_data rover5 general waypoint4 waypoint4 waypoint6 (1)
navigate rover5 waypoint4 waypoint24 (1)
navigate rover5 waypoint24 waypoint20 (1)
navigate rover5 waypoint20 waypoint1 (1)
drop rover5 rover5store (1)
navigate rover5 waypoint1 waypoint9 (1)
sample_rock rover5 rover5store waypoint9 (1)
navigate rover5 waypoint9 waypoint1 (1)
navigate rover5 waypoint1 waypoint14 (1)
communicate_rock_data rover5 general waypoint9 waypoint14 waypoint6 (1)
navigate rover1 waypoint14 waypoint19 (1)
navigate rover1 waypoint19 waypoint8 (1)
navigate rover1 waypoint8 waypoint0 (1)
drop rover1 rover1store (1)
navigate rover1 waypoint0 waypoint28 (1)
sample_rock rover1 rover1store waypoint28 (1)
navigate rover1 waypoint28 waypoint0 (1)
communicate_rock_data rover1 general waypoint28 waypoint0 waypoint6 (1)
sample_rock rover8 rover8store waypoint29 (1)
drop rover8 rover8store (1)
communicate_rock_data rover8 general waypoint29 waypoint29 waypoint6 (1)
drop rover3 rover3store (1)
navigate rover7 waypoint4 waypoint10 (1)
sample_soil rover7 rover7store waypoint10 (1)
navigate rover7 waypoint10 waypoint4 (1)
communicate_soil_data rover7 general waypoint10 waypoint4 waypoint6 (1)
drop rover7 rover7store (1)
navigate rover7 waypoint4 waypoint8 (1)
sample_soil rover7 rover7store waypoint8 (1)
navigate rover7 waypoint8 waypoint4 (1)
communicate_soil_data rover7 general waypoint8 waypoint4 waypoint6 (1)
navigate rover1 waypoint0 waypoint8 (1)
navigate rover1 waypoint8 waypoint19 (1)
navigate rover1 waypoint19 waypoint12 (1)
navigate rover1 waypoint12 waypoint10 (1)
drop rover1 rover1store (1)
sample_rock rover1 rover1store waypoint10 (1)
navigate rover1 waypoint10 waypoint12 (1)
navigate rover1 waypoint12 waypoint29 (1)
communicate_rock_data rover1 general waypoint10 waypoint29 waypoint6 (1)
navigate rover8 waypoint29 waypoint26 (1)
sample_rock rover8 rover8store waypoint26 (1)
navigate rover8 waypoint26 waypoint29 (1)
communicate_rock_data rover8 general waypoint26 waypoint29 waypoint6 (1)
[t=1051.33s, 2411744 KB] Plan length: 99 step(s).
[t=1051.33s, 2411744 KB] Plan cost: 99
[t=1051.33s, 2411744 KB] Expanded 2747866 state(s).
[t=1051.33s, 2411744 KB] Reopened 0 state(s).
[t=1051.33s, 2411744 KB] Evaluated 36724728 state(s).
[t=1051.33s, 2411744 KB] Evaluations: 36724728
[t=1051.33s, 2411744 KB] Generated 183436009 state(s).
[t=1051.33s, 2411744 KB] Dead ends: 0 state(s).
[t=1051.33s, 2411744 KB] Number of registered states: 36724728
[t=1051.33s, 2411744 KB] Int hash set load factor: 36724728/67108864 = 0.547241
[t=1051.33s, 2411744 KB] Int hash set resizes: 26
[t=1051.33s, 2411744 KB] mean number of q cost that have been adjusted 0 times in relation to total number of q: -1
[t=1051.33s, 2411744 KB] mean number of q cost that have been adjusted 1 times in relation to total number of q: -1
[t=1051.33s, 2411744 KB] mean number of q cost that have been adjusted 2 times in relation to total number of q: -1
[t=1051.33s, 2411744 KB] mean number of q that are at some point overconsitent in relation to total number of q: -1
[t=1051.33s, 2411744 KB] mean number of q that are at first underconsisten in relation to total number of q: -1
[t=1051.33s, 2411744 KB] mean number of state variables that are not in common between two following states in relation to total number of state variables: -1
[t=1051.33s, 2411744 KB] variance number of state variables that are not in common between two following states in relation to total number of state variables: -1
[t=1051.33s, 2411744 KB] Search time: 1051.3s
[t=1051.33s, 2411744 KB] Total time: 1051.33s
Solution found.
Peak memory: 2411744 KB
Remove intermediate file output.sas
search exit code: 0

INFO     Running validate.
INFO     validate stdin: None
INFO     validate time limit: None
INFO     validate memory limit: None
INFO     validate command line string: validate domain.pddl problem.pddl sas_plan
