INFO     Running translator.
INFO     translator stdin: None
INFO     translator time limit: 1799.96s
INFO     translator memory limit: 3584 MB
INFO     translator command line string: /infai/weidan00/downward/experiments/bachelor/.venv/bin/python3 /infai/weidan00/downward/experiments/bachelor/data/bachelor-v1/code-7aa5f34_e5e41175/builds/release/bin/translate/translate.py domain.pddl problem.pddl --sas-file output.sas
Parsing...
Parsing: [0.000s CPU, 0.007s wall-clock]
Normalizing task... [0.000s CPU, 0.000s wall-clock]
Instantiating...
Generating Datalog program... [0.010s CPU, 0.001s wall-clock]
Normalizing Datalog program...
Normalizing Datalog program: [0.000s CPU, 0.002s wall-clock]
Preparing model... [0.000s CPU, 0.004s wall-clock]
Generated 65 rules.
Computing model... [0.020s CPU, 0.022s wall-clock]
2070 relevant atoms
388 auxiliary atoms
2458 final queue length
6467 total queue pushes
Completing instantiation... [0.090s CPU, 0.091s wall-clock]
Instantiating: [0.120s CPU, 0.120s wall-clock]
Computing fact groups...
Finding invariants...
21 initial candidates
Finding invariants: [0.000s CPU, 0.004s wall-clock]
Checking invariant weight... [0.010s CPU, 0.000s wall-clock]
Instantiating groups... [0.000s CPU, 0.000s wall-clock]
Collecting mutex groups... [0.000s CPU, 0.000s wall-clock]
Choosing groups...
787 uncovered facts
Choosing groups: [0.000s CPU, 0.000s wall-clock]
Building translation key... [0.010s CPU, 0.003s wall-clock]
Computing fact groups: [0.020s CPU, 0.015s wall-clock]
Building STRIPS to SAS dictionary... [0.000s CPU, 0.001s wall-clock]
Building dictionary for full mutex groups... [0.000s CPU, 0.001s wall-clock]
Building mutex information...
Building mutex information: [0.000s CPU, 0.001s wall-clock]
Translating task...
Processing axioms...
Simplifying axioms... [0.000s CPU, 0.000s wall-clock]
Processing axioms: [0.000s CPU, 0.007s wall-clock]
Translating task: [0.140s CPU, 0.145s wall-clock]
4512 effect conditions simplified
0 implied preconditions added
Detecting unreachable propositions...
0 operators removed
0 axioms removed
28 propositions removed
Detecting unreachable propositions: [0.060s CPU, 0.050s wall-clock]
Reordering and filtering variables...
405 of 773 variables necessary.
0 of 0 mutex groups necessary.
1057 of 1057 operators necessary.
0 of 0 axiom rules necessary.
Reordering and filtering variables: [0.050s CPU, 0.056s wall-clock]
Translator variables: 405
Translator derived variables: 0
Translator facts: 810
Translator goal facts: 44
Translator mutex groups: 0
Translator total mutex groups size: 0
Translator operators: 1057
Translator axioms: 0
Translator task size: 10140
Translator peak memory: 153548 KB
Writing output... [0.010s CPU, 0.021s wall-clock]
Done! [0.410s CPU, 0.421s wall-clock]
translate exit code: 0

INFO     Running search (release).
INFO     search stdin: output.sas
INFO     search time limit: 1799.49s
INFO     search memory limit: 3584 MB
INFO     search command line string: /infai/weidan00/downward/experiments/bachelor/data/bachelor-v1/code-7aa5f34_e5e41175/builds/release/bin/downward --search 'eager_wastar([add()], w=2)' --internal-plan-file sas_plan < output.sas
[t=6.7092e-05s, 17204 KB] reading input...
[t=0.00957471s, 17648 KB] done reading input!
[t=0.0118883s, 18224 KB] Simplifying 4435 unary operators... done! [3551 unary operators]
[t=0.0153668s, 18620 KB] time to simplify: 0.00360035s
[t=0.0157534s, 18620 KB] Initializing additive heuristic...
[t=0.0158925s, 18620 KB] Building successor generator...done!
[t=0.0165099s, 18620 KB] peak memory difference for successor generator creation: 0 KB
[t=0.0165476s, 18620 KB] time for successor generation creation: 0.000490106s
[t=0.0165972s, 18620 KB] Variables: 405
[t=0.0166342s, 18620 KB] FactPairs: 810
[t=0.0166705s, 18620 KB] Bytes per state: 52
[t=0.0167787s, 18620 KB] Conducting best first search with reopening closed nodes, (real) bound = 2147483647
[t=0.0169348s, 18620 KB] New best heuristic value for add: 44
[t=0.0169759s, 18620 KB] g=0, 1 evaluated, 0 expanded
[t=0.0170236s, 18620 KB] Initial heuristic value for add: 44
[t=0.0170616s, 18620 KB] pruning method: none
[t=0.0210603s, 18620 KB] New best heuristic value for add: 43
[t=0.0211153s, 18620 KB] g=1, 76 evaluated, 1 expanded
[t=0.0468511s, 18620 KB] New best heuristic value for add: 42
[t=0.0469205s, 18620 KB] g=1, 573 evaluated, 1 expanded
[t=0.0589292s, 18620 KB] New best heuristic value for add: 41
[t=0.0589996s, 18620 KB] g=2, 802 evaluated, 2 expanded
[t=2.00142s, 21592 KB] New best heuristic value for add: 40
[t=2.00152s, 21592 KB] g=4, 38659 evaluated, 93 expanded
[t=2.02889s, 21724 KB] New best heuristic value for add: 39
[t=2.02894s, 21724 KB] g=4, 39192 evaluated, 93 expanded
[t=2.03893s, 21724 KB] New best heuristic value for add: 38
[t=2.03898s, 21724 KB] g=5, 39385 evaluated, 94 expanded
[t=3.67813s, 24640 KB] New best heuristic value for add: 37
[t=3.67822s, 24640 KB] g=7, 71691 evaluated, 180 expanded
[t=3.72467s, 24772 KB] New best heuristic value for add: 36
[t=3.72474s, 24772 KB] g=8, 72620 evaluated, 181 expanded
[t=3.75109s, 24772 KB] New best heuristic value for add: 35
[t=3.75115s, 24772 KB] g=9, 73162 evaluated, 182 expanded
[t=5.73512s, 27700 KB] New best heuristic value for add: 34
[t=5.73521s, 27700 KB] g=10, 112301 evaluated, 276 expanded
[t=5.77796s, 27836 KB] New best heuristic value for add: 33
[t=5.77804s, 27836 KB] g=11, 113120 evaluated, 277 expanded
[t=5.80596s, 27836 KB] New best heuristic value for add: 32
[t=5.80603s, 27836 KB] g=12, 113662 evaluated, 278 expanded
[t=8.80765s, 33400 KB] New best heuristic value for add: 31
[t=8.80774s, 33400 KB] g=14, 173162 evaluated, 474 expanded
[t=8.84854s, 33400 KB] New best heuristic value for add: 30
[t=8.84863s, 33400 KB] g=15, 173934 evaluated, 475 expanded
[t=8.87363s, 33400 KB] New best heuristic value for add: 29
[t=8.87371s, 33400 KB] g=16, 174419 evaluated, 476 expanded
[t=11.3964s, 37132 KB] New best heuristic value for add: 28
[t=11.3965s, 37132 KB] g=18, 223272 evaluated, 653 expanded
[t=11.436s, 37132 KB] New best heuristic value for add: 27
[t=11.436s, 37132 KB] g=19, 224028 evaluated, 654 expanded
[t=15.6627s, 45320 KB] New best heuristic value for add: 26
[t=15.6628s, 45320 KB] g=21, 304856 evaluated, 923 expanded
[t=15.7036s, 45452 KB] New best heuristic value for add: 25
[t=15.7037s, 45452 KB] g=22, 305629 evaluated, 924 expanded
[t=19.3258s, 50660 KB] New best heuristic value for add: 24
[t=19.3259s, 50660 KB] g=24, 375543 evaluated, 1187 expanded
[t=42.5001s, 89160 KB] New best heuristic value for add: 23
[t=42.5002s, 89160 KB] g=26, 829308 evaluated, 2976 expanded
[t=42.5301s, 89160 KB] New best heuristic value for add: 22
[t=42.5302s, 89160 KB] g=27, 829906 evaluated, 2977 expanded
[t=45.5795s, 108916 KB] New best heuristic value for add: 21
[t=45.5796s, 108916 KB] g=29, 889314 evaluated, 3157 expanded
[t=45.6135s, 108916 KB] New best heuristic value for add: 20
[t=45.6135s, 108916 KB] g=30, 889968 evaluated, 3158 expanded
[t=49.29s, 108916 KB] New best heuristic value for add: 19
[t=49.2901s, 108916 KB] g=32, 962891 evaluated, 3390 expanded
[t=61.7821s, 126124 KB] New best heuristic value for add: 18
[t=61.7822s, 126124 KB] g=34, 1213438 evaluated, 4202 expanded
[t=75.4483s, 146692 KB] New best heuristic value for add: 17
[t=75.4484s, 146692 KB] g=36, 1486258 evaluated, 5020 expanded
[t=154.761s, 280340 KB] New best heuristic value for add: 16
[t=154.761s, 280340 KB] g=38, 3047920 evaluated, 9779 expanded
[t=322.035s, 562072 KB] New best heuristic value for add: 15
[t=322.035s, 562072 KB] g=40, 6362989 evaluated, 20018 expanded
Peak memory: 3213088 KB
caught signal 24 -- exiting
Time limit has been reached.
Remove intermediate file output.sas
search exit code: 23

Driver aborting after search
