INFO     Running translator.
INFO     translator stdin: None
INFO     translator time limit: 1799.96s
INFO     translator memory limit: 3584 MB
INFO     translator command line string: /infai/weidan00/downward/experiments/bachelor/.venv/bin/python3 /infai/weidan00/downward/experiments/bachelor/data/bachelor-v1/code-7aa5f34_e5e41175/builds/release/bin/translate/translate.py domain.pddl problem.pddl --sas-file output.sas
Parsing...
Parsing: [0.000s CPU, 0.005s wall-clock]
Normalizing task... [0.000s CPU, 0.000s wall-clock]
Instantiating...
Generating Datalog program... [0.010s CPU, 0.001s wall-clock]
Normalizing Datalog program...
Normalizing Datalog program: [0.000s CPU, 0.002s wall-clock]
Preparing model... [0.000s CPU, 0.001s wall-clock]
Generated 65 rules.
Computing model... [0.000s CPU, 0.002s wall-clock]
237 relevant atoms
60 auxiliary atoms
297 final queue length
563 total queue pushes
Completing instantiation... [0.010s CPU, 0.007s wall-clock]
Instantiating: [0.020s CPU, 0.013s wall-clock]
Computing fact groups...
Finding invariants...
21 initial candidates
Finding invariants: [0.000s CPU, 0.004s wall-clock]
Checking invariant weight... [0.000s CPU, 0.000s wall-clock]
Instantiating groups... [0.000s CPU, 0.000s wall-clock]
Collecting mutex groups... [0.000s CPU, 0.000s wall-clock]
Choosing groups...
61 uncovered facts
Choosing groups: [0.000s CPU, 0.000s wall-clock]
Building translation key... [0.000s CPU, 0.000s wall-clock]
Computing fact groups: [0.000s CPU, 0.005s wall-clock]
Building STRIPS to SAS dictionary... [0.000s CPU, 0.000s wall-clock]
Building dictionary for full mutex groups... [0.000s CPU, 0.000s wall-clock]
Building mutex information...
Building mutex information: [0.000s CPU, 0.000s wall-clock]
Translating task...
Processing axioms...
Simplifying axioms... [0.000s CPU, 0.000s wall-clock]
Processing axioms: [0.000s CPU, 0.001s wall-clock]
Translating task: [0.010s CPU, 0.011s wall-clock]
313 effect conditions simplified
0 implied preconditions added
Detecting unreachable propositions...
0 operators removed
0 axioms removed
4 propositions removed
Detecting unreachable propositions: [0.010s CPU, 0.004s wall-clock]
Reordering and filtering variables...
36 of 59 variables necessary.
0 of 0 mutex groups necessary.
73 of 73 operators necessary.
0 of 0 axiom rules necessary.
Reordering and filtering variables: [0.000s CPU, 0.003s wall-clock]
Translator variables: 36
Translator derived variables: 0
Translator facts: 72
Translator goal facts: 3
Translator mutex groups: 0
Translator total mutex groups size: 0
Translator operators: 73
Translator axioms: 0
Translator task size: 739
Translator peak memory: 143052 KB
Writing output... [0.000s CPU, 0.003s wall-clock]
Done! [0.040s CPU, 0.045s wall-clock]
translate exit code: 0

INFO     Running search (release).
INFO     search stdin: output.sas
INFO     search time limit: 1799.86s
INFO     search memory limit: 3584 MB
INFO     search command line string: /infai/weidan00/downward/experiments/bachelor/data/bachelor-v1/code-7aa5f34_e5e41175/builds/release/bin/downward --search 'eager_wastar([pinch_tracking()], w=2)' --internal-plan-file sas_plan < output.sas
[t=5.8512e-05s, 17204 KB] reading input...
[t=0.000993645s, 17212 KB] done reading input!
[t=0.0027929s, 17476 KB] Simplifying 323 unary operators... done! [259 unary operators]
[t=0.00313652s, 17476 KB] time to simplify: 0.000397293s
[t=0.0032321s, 17608 KB] Initializing pinch tracking heuristic...
[t=0.00336223s, 17608 KB] Building successor generator...done!
[t=0.00354323s, 17608 KB] peak memory difference for successor generator creation: 0 KB
[t=0.00358147s, 17608 KB] time for successor generation creation: 5.9334e-05s
[t=0.00362766s, 17608 KB] Variables: 36
[t=0.00366847s, 17608 KB] FactPairs: 72
[t=0.00370792s, 17608 KB] Bytes per state: 8
[t=0.0038175s, 17608 KB] Conducting best first search with reopening closed nodes, (real) bound = 2147483647
[t=0.00394586s, 17608 KB] New best heuristic value for pinch_tracking: 3
[t=0.00398915s, 17608 KB] g=0, 1 evaluated, 0 expanded
[t=0.00403823s, 17608 KB] Initial heuristic value for pinch_tracking: 3
[t=0.0040791s, 17608 KB] pruning method: none
[t=0.00459955s, 17608 KB] New best heuristic value for pinch_tracking: 2
[t=0.00464671s, 17608 KB] g=1, 41 evaluated, 1 expanded
[t=0.00524684s, 17608 KB] New best heuristic value for pinch_tracking: 1
[t=0.00529552s, 17608 KB] g=3, 95 evaluated, 3 expanded
[t=0.00582643s, 17608 KB] New best heuristic value for pinch_tracking: 0
[t=0.00587287s, 17608 KB] g=4, 141 evaluated, 4 expanded
[t=0.0059421s, 17608 KB] Solution found!
[t=0.00598537s, 17608 KB] Actual search time: 0.00190249s
do-grind c0 (1)
do-punch a0 one back (1)
do-time-step  (1)
do-immersion-paint a0 yellow (1)
[t=0.00602845s, 17608 KB] Plan length: 4 step(s).
[t=0.00602845s, 17608 KB] Plan cost: 4
[t=0.00602845s, 17608 KB] Expanded 5 state(s).
[t=0.00602845s, 17608 KB] Reopened 0 state(s).
[t=0.00602845s, 17608 KB] Evaluated 143 state(s).
[t=0.00602845s, 17608 KB] Evaluations: 143
[t=0.00602845s, 17608 KB] Generated 191 state(s).
[t=0.00602845s, 17608 KB] Dead ends: 0 state(s).
[t=0.00602845s, 17608 KB] Number of registered states: 143
[t=0.00602845s, 17608 KB] Int hash set load factor: 143/256 = 0.558594
[t=0.00602845s, 17608 KB] Int hash set resizes: 8
[t=0.00602845s, 17608 KB] mean number of q cost that have been adjusted 0 times in relation to total number of q: -1
[t=0.00602845s, 17608 KB] mean number of q cost that have been adjusted 1 times in relation to total number of q: -1
[t=0.00602845s, 17608 KB] mean number of q cost that have been adjusted 2 times in relation to total number of q: -1
[t=0.00602845s, 17608 KB] mean number of q that are at some point overconsitent in relation to total number of q: -1
[t=0.00602845s, 17608 KB] mean number of q that are at first underconsisten in relation to total number of q: -1
[t=0.00602845s, 17608 KB] mean number of state variables that are not in common between two following states in relation to total number of state variables: -1
[t=0.00602845s, 17608 KB] variance number of state variables that are not in common between two following states in relation to total number of state variables: -1
[t=0.00602845s, 17608 KB] Search time: 0.00221165s
[t=0.00602845s, 17608 KB] Total time: 0.00602845s
Solution found.
Peak memory: 17608 KB
Remove intermediate file output.sas
search exit code: 0

INFO     Running validate.
INFO     validate stdin: None
INFO     validate time limit: None
INFO     validate memory limit: None
INFO     validate command line string: validate domain.pddl problem.pddl sas_plan
