INFO     Running translator.
INFO     translator stdin: None
INFO     translator time limit: 1799.96s
INFO     translator memory limit: 3584 MB
INFO     translator command line string: /infai/weidan00/downward/experiments/bachelor/.venv/bin/python3 /infai/weidan00/downward/experiments/bachelor/data/bachelor-v1/code-7aa5f34_e5e41175/builds/release/bin/translate/translate.py domain.pddl problem.pddl --sas-file output.sas
Parsing...
Parsing: [0.010s CPU, 0.005s wall-clock]
Normalizing task... [0.000s CPU, 0.000s wall-clock]
Instantiating...
Generating Datalog program... [0.000s CPU, 0.001s wall-clock]
Normalizing Datalog program...
Normalizing Datalog program: [0.000s CPU, 0.006s wall-clock]
Preparing model... [0.010s CPU, 0.003s wall-clock]
Generated 125 rules.
Computing model... [0.170s CPU, 0.173s wall-clock]
11808 relevant atoms
2649 auxiliary atoms
14457 final queue length
51321 total queue pushes
Completing instantiation... [0.750s CPU, 0.749s wall-clock]
Instantiating: [0.930s CPU, 0.936s wall-clock]
Computing fact groups...
Finding invariants...
15 initial candidates
Finding invariants: [0.020s CPU, 0.023s wall-clock]
Checking invariant weight... [0.000s CPU, 0.001s wall-clock]
Instantiating groups... [0.010s CPU, 0.007s wall-clock]
Collecting mutex groups... [0.000s CPU, 0.000s wall-clock]
Choosing groups...
24 uncovered facts
Choosing groups: [0.000s CPU, 0.001s wall-clock]
Building translation key... [0.000s CPU, 0.000s wall-clock]
Computing fact groups: [0.030s CPU, 0.034s wall-clock]
Building STRIPS to SAS dictionary... [0.000s CPU, 0.000s wall-clock]
Building dictionary for full mutex groups... [0.000s CPU, 0.000s wall-clock]
Building mutex information...
not in strips_to_sas, left out: Atom bottomcol(c0)
not in strips_to_sas, left out: Atom bottomcol(d0)
not in strips_to_sas, left out: Atom bottomcol(h0)
not in strips_to_sas, left out: Atom bottomcol(s0)
Building mutex information: [0.000s CPU, 0.000s wall-clock]
Translating task...
Processing axioms...
Simplifying axioms... [0.000s CPU, 0.000s wall-clock]
Processing axioms: [0.030s CPU, 0.028s wall-clock]
Translating task: [0.660s CPU, 0.659s wall-clock]
4920 effect conditions simplified
0 implied preconditions added
Detecting unreachable propositions...
0 operators removed
0 axioms removed
14 propositions removed
Detecting unreachable propositions: [0.360s CPU, 0.363s wall-clock]
Reordering and filtering variables...
54 of 54 variables necessary.
52 of 98 mutex groups necessary.
11381 of 11381 operators necessary.
0 of 0 axiom rules necessary.
Reordering and filtering variables: [0.120s CPU, 0.112s wall-clock]
Translator variables: 54
Translator derived variables: 0
Translator facts: 233
Translator goal facts: 4
Translator mutex groups: 52
Translator total mutex groups size: 244
Translator operators: 11381
Translator axioms: 0
Translator task size: 93584
Translator peak memory: 210892 KB
Writing output... [0.130s CPU, 0.145s wall-clock]
Done! [2.270s CPU, 2.296s wall-clock]
translate exit code: 0

INFO     Running search (release).
INFO     search stdin: output.sas
INFO     search time limit: 1797.61s
INFO     search memory limit: 3584 MB
INFO     search command line string: /infai/weidan00/downward/experiments/bachelor/data/bachelor-v1/code-7aa5f34_e5e41175/builds/release/bin/downward --search 'eager_wastar([pinch()], w=2)' --internal-plan-file sas_plan < output.sas
[t=5.4393e-05s, 17204 KB] reading input...
[t=0.0735242s, 21052 KB] done reading input!
[t=0.0812584s, 24040 KB] Simplifying 42637 unary operators... done! [42637 unary operators]
[t=0.129193s, 27968 KB] time to simplify: 0.0480156s
[t=0.131114s, 27968 KB] Initializing pinch heuristic...
[t=0.131273s, 27968 KB] Building successor generator...done!
[t=0.13605s, 27968 KB] peak memory difference for successor generator creation: 0 KB
[t=0.136088s, 27968 KB] time for successor generation creation: 0.00465171s
[t=0.136235s, 27968 KB] Variables: 54
[t=0.136285s, 27968 KB] FactPairs: 233
[t=0.13632s, 27968 KB] Bytes per state: 16
[t=0.136447s, 27968 KB] Conducting best first search with reopening closed nodes, (real) bound = 2147483647
[t=0.140386s, 27968 KB] New best heuristic value for pinch: 57
[t=0.140438s, 27968 KB] g=0, 1 evaluated, 0 expanded
[t=0.140484s, 27968 KB] Initial heuristic value for pinch: 57
[t=0.140522s, 27968 KB] pruning method: none
[t=0.141066s, 27968 KB] New best heuristic value for pinch: 54
[t=0.141135s, 27968 KB] g=1, 2 evaluated, 1 expanded
[t=0.142153s, 27968 KB] New best heuristic value for pinch: 53
[t=0.142201s, 27968 KB] g=1, 3 evaluated, 1 expanded
[t=0.215767s, 27968 KB] New best heuristic value for pinch: 50
[t=0.215845s, 27968 KB] g=2, 21 evaluated, 2 expanded
[t=0.255946s, 27968 KB] New best heuristic value for pinch: 49
[t=0.256017s, 27968 KB] g=2, 31 evaluated, 2 expanded
[t=0.286204s, 27968 KB] New best heuristic value for pinch: 46
[t=0.286301s, 27968 KB] g=3, 38 evaluated, 3 expanded
[t=0.322402s, 27968 KB] New best heuristic value for pinch: 45
[t=0.322505s, 27968 KB] g=3, 46 evaluated, 3 expanded
[t=0.369957s, 27968 KB] New best heuristic value for pinch: 42
[t=0.370053s, 27968 KB] g=4, 57 evaluated, 4 expanded
[t=0.441154s, 27968 KB] New best heuristic value for pinch: 41
[t=0.441247s, 27968 KB] g=5, 76 evaluated, 5 expanded
[t=0.452099s, 27968 KB] New best heuristic value for pinch: 40
[t=0.452155s, 27968 KB] g=5, 78 evaluated, 5 expanded
[t=0.479846s, 27968 KB] New best heuristic value for pinch: 39
[t=0.479897s, 27968 KB] g=5, 86 evaluated, 5 expanded
[t=0.506524s, 27968 KB] New best heuristic value for pinch: 38
[t=0.506576s, 27968 KB] g=6, 94 evaluated, 6 expanded
[t=0.515941s, 27968 KB] New best heuristic value for pinch: 37
[t=0.51599s, 27968 KB] g=6, 96 evaluated, 6 expanded
[t=0.537984s, 27968 KB] New best heuristic value for pinch: 36
[t=0.538041s, 27968 KB] g=6, 105 evaluated, 6 expanded
[t=0.563874s, 27968 KB] New best heuristic value for pinch: 35
[t=0.56393s, 27968 KB] g=7, 114 evaluated, 7 expanded
[t=0.572838s, 27968 KB] New best heuristic value for pinch: 34
[t=0.572891s, 27968 KB] g=7, 116 evaluated, 7 expanded
[t=0.600483s, 27968 KB] New best heuristic value for pinch: 33
[t=0.600568s, 27968 KB] g=7, 128 evaluated, 7 expanded
[t=0.619079s, 27968 KB] New best heuristic value for pinch: 32
[t=0.619138s, 27968 KB] g=8, 135 evaluated, 8 expanded
[t=0.629619s, 27968 KB] New best heuristic value for pinch: 31
[t=0.629671s, 27968 KB] g=8, 138 evaluated, 8 expanded
[t=0.669103s, 27968 KB] New best heuristic value for pinch: 30
[t=0.669154s, 27968 KB] g=8, 150 evaluated, 8 expanded
[t=0.687538s, 27968 KB] New best heuristic value for pinch: 28
[t=0.687589s, 27968 KB] g=9, 159 evaluated, 9 expanded
[t=0.75225s, 27968 KB] New best heuristic value for pinch: 27
[t=0.752333s, 27968 KB] g=10, 183 evaluated, 10 expanded
[t=0.756309s, 27968 KB] New best heuristic value for pinch: 26
[t=0.756369s, 27968 KB] g=10, 185 evaluated, 10 expanded
[t=0.801211s, 27968 KB] New best heuristic value for pinch: 25
[t=0.801294s, 27968 KB] g=11, 205 evaluated, 11 expanded
[t=0.802566s, 27968 KB] New best heuristic value for pinch: 24
[t=0.802621s, 27968 KB] g=11, 206 evaluated, 11 expanded
[t=0.829922s, 27968 KB] New best heuristic value for pinch: 23
[t=0.829981s, 27968 KB] g=12, 221 evaluated, 12 expanded
[t=0.831232s, 27968 KB] New best heuristic value for pinch: 22
[t=0.831284s, 27968 KB] g=12, 222 evaluated, 12 expanded
[t=0.855378s, 27968 KB] New best heuristic value for pinch: 21
[t=0.855431s, 27968 KB] g=13, 237 evaluated, 13 expanded
[t=0.866064s, 27968 KB] New best heuristic value for pinch: 20
[t=0.866117s, 27968 KB] g=13, 243 evaluated, 13 expanded
[t=0.881463s, 27968 KB] New best heuristic value for pinch: 19
[t=0.881515s, 27968 KB] g=14, 255 evaluated, 14 expanded
[t=0.905552s, 27968 KB] New best heuristic value for pinch: 18
[t=0.905606s, 27968 KB] g=15, 272 evaluated, 15 expanded
[t=0.925039s, 27968 KB] New best heuristic value for pinch: 17
[t=0.9251s, 27968 KB] g=15, 287 evaluated, 15 expanded
[t=0.929082s, 27968 KB] New best heuristic value for pinch: 16
[t=0.929135s, 27968 KB] g=16, 290 evaluated, 16 expanded
[t=0.947981s, 27968 KB] New best heuristic value for pinch: 15
[t=0.948038s, 27968 KB] g=17, 306 evaluated, 17 expanded
[t=0.980451s, 27968 KB] New best heuristic value for pinch: 14
[t=0.980511s, 27968 KB] g=18, 327 evaluated, 18 expanded
[t=0.995699s, 27968 KB] New best heuristic value for pinch: 13
[t=0.995758s, 27968 KB] g=19, 340 evaluated, 19 expanded
[t=1.01772s, 27968 KB] New best heuristic value for pinch: 12
[t=1.01778s, 27968 KB] g=20, 356 evaluated, 20 expanded
[t=1.04063s, 27968 KB] New best heuristic value for pinch: 11
[t=1.04069s, 27968 KB] g=21, 374 evaluated, 21 expanded
[t=1.05519s, 27968 KB] New best heuristic value for pinch: 10
[t=1.05524s, 27968 KB] g=22, 386 evaluated, 22 expanded
[t=1.07075s, 27968 KB] New best heuristic value for pinch: 9
[t=1.0708s, 27968 KB] g=23, 398 evaluated, 23 expanded
[t=1.08495s, 27968 KB] New best heuristic value for pinch: 8
[t=1.08501s, 27968 KB] g=24, 411 evaluated, 24 expanded
[t=1.09845s, 27968 KB] New best heuristic value for pinch: 7
[t=1.09851s, 27968 KB] g=25, 423 evaluated, 25 expanded
[t=1.11216s, 27968 KB] New best heuristic value for pinch: 6
[t=1.11221s, 27968 KB] g=26, 435 evaluated, 26 expanded
[t=1.12067s, 27968 KB] New best heuristic value for pinch: 5
[t=1.12073s, 27968 KB] g=27, 444 evaluated, 27 expanded
[t=1.12444s, 27968 KB] New best heuristic value for pinch: 4
[t=1.12449s, 27968 KB] g=28, 450 evaluated, 28 expanded
[t=1.12916s, 27968 KB] New best heuristic value for pinch: 3
[t=1.12921s, 27968 KB] g=29, 457 evaluated, 29 expanded
[t=1.13425s, 27968 KB] New best heuristic value for pinch: 2
[t=1.1343s, 27968 KB] g=30, 463 evaluated, 30 expanded
[t=1.13762s, 27968 KB] New best heuristic value for pinch: 1
[t=1.13767s, 27968 KB] g=31, 467 evaluated, 31 expanded
[t=1.14212s, 27968 KB] New best heuristic value for pinch: 0
[t=1.14217s, 27968 KB] g=32, 471 evaluated, 32 expanded
[t=1.14286s, 27968 KB] Solution found!
[t=1.14291s, 27968 KB] Actual search time: 1.00239s
sendtohome sa h3 s n1 s0 n0 (1)
sendtofree d3 s2 n4 n3 (1)
sendtohome s2 c6 s n2 sa n1 (1)
sendtohome ca d5 c n1 c0 n0 (1)
sendtofree h5 s3 n3 n2 (1)
sendtohome s3 s6 s n3 s2 n2 (1)
sendtofree h4 s4 n2 n1 (1)
sendtohome s4 d6 s n4 s3 n3 (1)
sendtohome s5 da s n5 s4 n4 (1)
sendtofree h3 ha n1 n0 (1)
sendtohome ha d4 h n1 h0 n0 (1)
sendtohome h2 c5 h n2 ha n1 (1)
sendtohome s6 c4 s n6 s5 n5 (1)
sendtohome-b da d n1 d0 n0 n1 n2 (1)
sendtonewcol c6 h6 n2 n1 (1)
homefromfreecell h3 h n3 h2 n2 n0 n1 (1)
sendtofree d5 d2 n1 n0 (1)
sendtohome-b d2 d n2 da n1 n1 n2 (1)
homefromfreecell d3 d n3 d2 n2 n0 n1 (1)
sendtofree d6 c2 n1 n0 (1)
sendtohome-b c2 c n2 ca n1 n2 n3 (1)
sendtonewcol h6 c3 n3 n2 (1)
sendtohome-b c3 c n3 c2 n2 n2 n3 (1)
sendtohome-b c4 c n4 c3 n3 n3 n4 (1)
sendtohome-b c5 c n5 c4 n4 n4 n5 (1)
sendtohome-b c6 c n6 c5 n5 n5 n6 (1)
sendtohome-b d4 d n4 d3 n3 n6 n7 (1)
homefromfreecell d5 d n5 d4 n4 n0 n1 (1)
homefromfreecell h4 h n4 h3 n3 n1 n2 (1)
homefromfreecell h5 h n5 h4 n4 n2 n3 (1)
sendtohome-b h6 h n6 h5 n5 n7 n8 (1)
homefromfreecell d6 d n6 d5 n5 n3 n4 (1)
[t=1.14295s, 27968 KB] Plan length: 32 step(s).
[t=1.14295s, 27968 KB] Plan cost: 32
[t=1.14295s, 27968 KB] Expanded 33 state(s).
[t=1.14295s, 27968 KB] Reopened 0 state(s).
[t=1.14295s, 27968 KB] Evaluated 472 state(s).
[t=1.14295s, 27968 KB] Evaluations: 472
[t=1.14295s, 27968 KB] Generated 480 state(s).
[t=1.14295s, 27968 KB] Dead ends: 0 state(s).
[t=1.14295s, 27968 KB] Number of registered states: 472
[t=1.14295s, 27968 KB] Int hash set load factor: 472/512 = 0.921875
[t=1.14295s, 27968 KB] Int hash set resizes: 9
[t=1.14295s, 27968 KB] mean number of q cost that have been adjusted 0 times in relation to total number of q: -1
[t=1.14295s, 27968 KB] mean number of q cost that have been adjusted 1 times in relation to total number of q: -1
[t=1.14295s, 27968 KB] mean number of q cost that have been adjusted 2 times in relation to total number of q: -1
[t=1.14295s, 27968 KB] mean number of q that are at some point overconsitent in relation to total number of q: -1
[t=1.14295s, 27968 KB] mean number of q that are at first underconsisten in relation to total number of q: -1
[t=1.14295s, 27968 KB] mean number of state variables that are not in common between two following states in relation to total number of state variables: -1
[t=1.14295s, 27968 KB] variance number of state variables that are not in common between two following states in relation to total number of state variables: -1
[t=1.14295s, 27968 KB] Search time: 1.0065s
[t=1.14295s, 27968 KB] Total time: 1.14295s
Solution found.
Peak memory: 27968 KB
Remove intermediate file output.sas
search exit code: 0

INFO     Running validate.
INFO     validate stdin: None
INFO     validate time limit: None
INFO     validate memory limit: None
INFO     validate command line string: validate domain.pddl problem.pddl sas_plan
