INFO     Running translator.
INFO     translator stdin: None
INFO     translator time limit: 1799.96s
INFO     translator memory limit: 3584 MB
INFO     translator command line string: /infai/weidan00/downward/experiments/bachelor/.venv/bin/python3 /infai/weidan00/downward/experiments/bachelor/data/bachelor-v1/code-7aa5f34_e5e41175/builds/release/bin/translate/translate.py domain.pddl problem.pddl --sas-file output.sas
Parsing...
Parsing: [0.000s CPU, 0.003s wall-clock]
Normalizing task... [0.000s CPU, 0.000s wall-clock]
Instantiating...
Generating Datalog program... [0.000s CPU, 0.000s wall-clock]
Normalizing Datalog program...
Normalizing Datalog program: [0.000s CPU, 0.004s wall-clock]
Preparing model... [0.010s CPU, 0.002s wall-clock]
Generated 59 rules.
Computing model... [0.010s CPU, 0.012s wall-clock]
593 relevant atoms
481 auxiliary atoms
1074 final queue length
1863 total queue pushes
Completing instantiation... [0.020s CPU, 0.023s wall-clock]
Instantiating: [0.040s CPU, 0.041s wall-clock]
Computing fact groups...
Finding invariants...
9 initial candidates
Finding invariants: [0.000s CPU, 0.003s wall-clock]
Checking invariant weight... [0.000s CPU, 0.000s wall-clock]
Instantiating groups... [0.000s CPU, 0.000s wall-clock]
Collecting mutex groups... [0.000s CPU, 0.000s wall-clock]
Choosing groups...
0 uncovered facts
Choosing groups: [0.000s CPU, 0.000s wall-clock]
Building translation key... [0.000s CPU, 0.000s wall-clock]
Computing fact groups: [0.000s CPU, 0.004s wall-clock]
Building STRIPS to SAS dictionary... [0.000s CPU, 0.000s wall-clock]
Building dictionary for full mutex groups... [0.000s CPU, 0.000s wall-clock]
Building mutex information...
Building mutex information: [0.000s CPU, 0.000s wall-clock]
Translating task...
Processing axioms...
Simplifying axioms... [0.000s CPU, 0.000s wall-clock]
Processing axioms: [0.000s CPU, 0.001s wall-clock]
Translating task: [0.010s CPU, 0.016s wall-clock]
0 effect conditions simplified
0 implied preconditions added
Detecting unreachable propositions...
0 operators removed
0 axioms removed
9 propositions removed
Detecting unreachable propositions: [0.010s CPU, 0.008s wall-clock]
Reordering and filtering variables...
9 of 9 variables necessary.
0 of 9 mutex groups necessary.
480 of 480 operators necessary.
0 of 0 axiom rules necessary.
Reordering and filtering variables: [0.000s CPU, 0.002s wall-clock]
Translator variables: 9
Translator derived variables: 0
Translator facts: 52
Translator goal facts: 5
Translator mutex groups: 0
Translator total mutex groups size: 0
Translator operators: 480
Translator axioms: 0
Translator task size: 2250
Translator peak memory: 144332 KB
Writing output... [0.010s CPU, 0.008s wall-clock]
Done! [0.080s CPU, 0.083s wall-clock]
translate exit code: 0

INFO     Running search (release).
INFO     search stdin: output.sas
INFO     search time limit: 1799.82s
INFO     search memory limit: 3584 MB
INFO     search command line string: /infai/weidan00/downward/experiments/bachelor/data/bachelor-v1/code-7aa5f34_e5e41175/builds/release/bin/downward --search 'eager_wastar([pinch()], w=2)' --internal-plan-file sas_plan < output.sas
[t=6.1749e-05s, 17204 KB] reading input...
[t=0.002715s, 17344 KB] done reading input!
[t=0.00465965s, 17608 KB] Simplifying 744 unary operators... done! [360 unary operators]
[t=0.00500639s, 17608 KB] time to simplify: 0.000403078s
[t=0.0051053s, 17608 KB] Initializing pinch heuristic...
[t=0.00522056s, 17608 KB] Building successor generator...done!
[t=0.00552649s, 17740 KB] peak memory difference for successor generator creation: 132 KB
[t=0.00556761s, 17740 KB] time for successor generation creation: 0.000170135s
[t=0.00561812s, 17740 KB] Variables: 9
[t=0.00565809s, 17740 KB] FactPairs: 52
[t=0.0056974s, 17740 KB] Bytes per state: 4
[t=0.00582099s, 17740 KB] Conducting best first search with reopening closed nodes, (real) bound = 2147483647
[t=0.00595377s, 17740 KB] New best heuristic value for pinch: 13
[t=0.00599697s, 17740 KB] g=0, 1 evaluated, 0 expanded
[t=0.00604897s, 17740 KB] Initial heuristic value for pinch: 13
[t=0.00608996s, 17740 KB] pruning method: none
[t=0.00625812s, 17740 KB] New best heuristic value for pinch: 12
[t=0.00630112s, 17740 KB] g=1, 11 evaluated, 1 expanded
[t=0.0065056s, 17740 KB] New best heuristic value for pinch: 11
[t=0.00655077s, 17740 KB] g=2, 22 evaluated, 2 expanded
[t=0.00686304s, 17740 KB] New best heuristic value for pinch: 10
[t=0.00691215s, 17740 KB] g=3, 47 evaluated, 3 expanded
[t=0.00710041s, 17740 KB] New best heuristic value for pinch: 9
[t=0.00714761s, 17740 KB] g=4, 62 evaluated, 4 expanded
[t=0.0074048s, 17740 KB] New best heuristic value for pinch: 8
[t=0.00745401s, 17740 KB] g=5, 81 evaluated, 5 expanded
[t=0.00777003s, 17740 KB] New best heuristic value for pinch: 7
[t=0.00781823s, 17740 KB] g=6, 110 evaluated, 6 expanded
[t=0.00795477s, 17740 KB] New best heuristic value for pinch: 6
[t=0.00799968s, 17740 KB] g=7, 119 evaluated, 7 expanded
[t=0.00827312s, 17740 KB] New best heuristic value for pinch: 5
[t=0.00831928s, 17740 KB] g=8, 140 evaluated, 8 expanded
[t=0.0088182s, 17740 KB] New best heuristic value for pinch: 4
[t=0.00886501s, 17740 KB] g=10, 184 evaluated, 12 expanded
[t=0.00905336s, 17740 KB] New best heuristic value for pinch: 3
[t=0.0090973s, 17740 KB] g=11, 195 evaluated, 13 expanded
[t=0.00934373s, 17740 KB] New best heuristic value for pinch: 2
[t=0.0093879s, 17740 KB] g=12, 213 evaluated, 14 expanded
[t=0.00950281s, 17740 KB] New best heuristic value for pinch: 1
[t=0.00954522s, 17740 KB] g=13, 220 evaluated, 15 expanded
[t=0.00975237s, 17740 KB] New best heuristic value for pinch: 0
[t=0.00979575s, 17740 KB] g=14, 236 evaluated, 16 expanded
[t=0.00983759s, 17740 KB] Solution found!
[t=0.00987937s, 17740 KB] Actual search time: 0.00378574s
board person4 plane2 city1 (1)
fly plane2 city1 city0 fl3 fl2 (1)
board person2 plane2 city0 (1)
fly plane2 city0 city3 fl2 fl1 (1)
debark person4 plane2 city3 (1)
board person5 plane1 city2 (1)
fly plane1 city2 city1 fl5 fl4 (1)
debark person5 plane1 city1 (1)
fly plane2 city3 city1 fl1 fl0 (1)
debark person2 plane2 city1 (1)
fly plane1 city1 city0 fl4 fl3 (1)
board person1 plane1 city0 (1)
fly plane1 city0 city3 fl3 fl2 (1)
debark person1 plane1 city3 (1)
[t=0.00992235s, 17740 KB] Plan length: 14 step(s).
[t=0.00992235s, 17740 KB] Plan cost: 14
[t=0.00992235s, 17740 KB] Expanded 17 state(s).
[t=0.00992235s, 17740 KB] Reopened 0 state(s).
[t=0.00992235s, 17740 KB] Evaluated 236 state(s).
[t=0.00992235s, 17740 KB] Evaluations: 236
[t=0.00992235s, 17740 KB] Generated 278 state(s).
[t=0.00992235s, 17740 KB] Dead ends: 0 state(s).
[t=0.00992235s, 17740 KB] Number of registered states: 236
[t=0.00992235s, 17740 KB] Int hash set load factor: 236/256 = 0.921875
[t=0.00992235s, 17740 KB] Int hash set resizes: 8
[t=0.00992235s, 17740 KB] mean number of q cost that have been adjusted 0 times in relation to total number of q: -1
[t=0.00992235s, 17740 KB] mean number of q cost that have been adjusted 1 times in relation to total number of q: -1
[t=0.00992235s, 17740 KB] mean number of q cost that have been adjusted 2 times in relation to total number of q: -1
[t=0.00992235s, 17740 KB] mean number of q that are at some point overconsitent in relation to total number of q: -1
[t=0.00992235s, 17740 KB] mean number of q that are at first underconsisten in relation to total number of q: -1
[t=0.00992235s, 17740 KB] mean number of state variables that are not in common between two following states in relation to total number of state variables: -1
[t=0.00992235s, 17740 KB] variance number of state variables that are not in common between two following states in relation to total number of state variables: -1
[t=0.00992235s, 17740 KB] Search time: 0.00410204s
[t=0.00992235s, 17740 KB] Total time: 0.00992235s
Solution found.
Peak memory: 17740 KB
Remove intermediate file output.sas
search exit code: 0

INFO     Running validate.
INFO     validate stdin: None
INFO     validate time limit: None
INFO     validate memory limit: None
INFO     validate command line string: validate domain.pddl problem.pddl sas_plan
