INFO     Running translator.
INFO     translator stdin: None
INFO     translator time limit: 1799.96s
INFO     translator memory limit: 3584 MB
INFO     translator command line string: /infai/weidan00/downward/experiments/bachelor/.venv/bin/python3 /infai/weidan00/downward/experiments/bachelor/data/bachelor-v1/code-7aa5f34_e5e41175/builds/release/bin/translate/translate.py domain.pddl problem.pddl --sas-file output.sas
Parsing...
Parsing: [0.000s CPU, 0.003s wall-clock]
Normalizing task... [0.000s CPU, 0.000s wall-clock]
Instantiating...
Generating Datalog program... [0.000s CPU, 0.001s wall-clock]
Normalizing Datalog program...
Normalizing Datalog program: [0.000s CPU, 0.004s wall-clock]
Preparing model... [0.010s CPU, 0.002s wall-clock]
Generated 59 rules.
Computing model... [0.090s CPU, 0.093s wall-clock]
7138 relevant atoms
2034 auxiliary atoms
9172 final queue length
21257 total queue pushes
Completing instantiation... [0.360s CPU, 0.358s wall-clock]
Instantiating: [0.470s CPU, 0.460s wall-clock]
Computing fact groups...
Finding invariants...
9 initial candidates
Finding invariants: [0.000s CPU, 0.008s wall-clock]
Checking invariant weight... [0.010s CPU, 0.000s wall-clock]
Instantiating groups... [0.000s CPU, 0.002s wall-clock]
Collecting mutex groups... [0.000s CPU, 0.000s wall-clock]
Choosing groups...
0 uncovered facts
Choosing groups: [0.000s CPU, 0.001s wall-clock]
Building translation key... [0.000s CPU, 0.000s wall-clock]
Computing fact groups: [0.010s CPU, 0.012s wall-clock]
Building STRIPS to SAS dictionary... [0.000s CPU, 0.000s wall-clock]
Building dictionary for full mutex groups... [0.000s CPU, 0.000s wall-clock]
Building mutex information...
Building mutex information: [0.000s CPU, 0.000s wall-clock]
Translating task...
Processing axioms...
Simplifying axioms... [0.000s CPU, 0.000s wall-clock]
Processing axioms: [0.010s CPU, 0.012s wall-clock]
Translating task: [0.220s CPU, 0.230s wall-clock]
0 effect conditions simplified
0 implied preconditions added
Detecting unreachable propositions...
0 operators removed
0 axioms removed
20 propositions removed
Detecting unreachable propositions: [0.170s CPU, 0.159s wall-clock]
Reordering and filtering variables...
19 of 20 variables necessary.
0 of 20 mutex groups necessary.
6700 of 6800 operators necessary.
0 of 0 axiom rules necessary.
Reordering and filtering variables: [0.030s CPU, 0.031s wall-clock]
Translator variables: 19
Translator derived variables: 0
Translator facts: 220
Translator goal facts: 12
Translator mutex groups: 0
Translator total mutex groups size: 0
Translator operators: 6700
Translator axioms: 0
Translator task size: 32001
Translator peak memory: 169932 KB
Writing output... [0.060s CPU, 0.066s wall-clock]
Done! [0.970s CPU, 0.976s wall-clock]
translate exit code: 0

INFO     Running search (release).
INFO     search stdin: output.sas
INFO     search time limit: 1798.92s
INFO     search memory limit: 3584 MB
INFO     search command line string: /infai/weidan00/downward/experiments/bachelor/data/bachelor-v1/code-7aa5f34_e5e41175/builds/release/bin/downward --search 'eager_wastar([pinch()], w=2)' --internal-plan-file sas_plan < output.sas
[t=6.7547e-05s, 17204 KB] reading input...
[t=0.033776s, 18900 KB] done reading input!
[t=0.0377238s, 19840 KB] Simplifying 11650 unary operators... done! [4450 unary operators]
[t=0.0416128s, 20208 KB] time to simplify: 0.0039907s
[t=0.0419676s, 20208 KB] Initializing pinch heuristic...
[t=0.0421212s, 20208 KB] Building successor generator...done!
[t=0.0446153s, 20504 KB] peak memory difference for successor generator creation: 296 KB
[t=0.0446626s, 20504 KB] time for successor generation creation: 0.00226187s
[t=0.0447768s, 20504 KB] Variables: 19
[t=0.044821s, 20504 KB] FactPairs: 220
[t=0.0448614s, 20504 KB] Bytes per state: 12
[t=0.0450221s, 20504 KB] Conducting best first search with reopening closed nodes, (real) bound = 2147483647
[t=0.045503s, 20504 KB] New best heuristic value for pinch: 33
[t=0.0455515s, 20504 KB] g=0, 1 evaluated, 0 expanded
[t=0.0456068s, 20504 KB] Initial heuristic value for pinch: 33
[t=0.0456488s, 20504 KB] pruning method: none
[t=0.0458464s, 20504 KB] New best heuristic value for pinch: 32
[t=0.0458905s, 20504 KB] g=1, 8 evaluated, 1 expanded
[t=0.0462997s, 20504 KB] New best heuristic value for pinch: 31
[t=0.0463446s, 20504 KB] g=1, 25 evaluated, 1 expanded
[t=0.0468714s, 20504 KB] New best heuristic value for pinch: 30
[t=0.0469181s, 20504 KB] g=1, 51 evaluated, 1 expanded
[t=0.0485107s, 20504 KB] New best heuristic value for pinch: 29
[t=0.0485732s, 20504 KB] g=2, 128 evaluated, 2 expanded
[t=0.0502659s, 20504 KB] New best heuristic value for pinch: 28
[t=0.0503265s, 20504 KB] g=3, 211 evaluated, 3 expanded
[t=0.0525726s, 20504 KB] New best heuristic value for pinch: 27
[t=0.0526363s, 20504 KB] g=4, 321 evaluated, 4 expanded
[t=0.0547707s, 20504 KB] New best heuristic value for pinch: 26
[t=0.0548453s, 20504 KB] g=5, 430 evaluated, 5 expanded
[t=0.0570125s, 20504 KB] New best heuristic value for pinch: 25
[t=0.0570751s, 20504 KB] g=6, 538 evaluated, 6 expanded
[t=0.0588679s, 20504 KB] New best heuristic value for pinch: 24
[t=0.0589285s, 20504 KB] g=7, 629 evaluated, 7 expanded
[t=0.0611821s, 20504 KB] New best heuristic value for pinch: 23
[t=0.0612454s, 20504 KB] g=8, 742 evaluated, 8 expanded
[t=0.0631528s, 20504 KB] New best heuristic value for pinch: 22
[t=0.0632133s, 20504 KB] g=9, 837 evaluated, 9 expanded
[t=0.0654097s, 20504 KB] New best heuristic value for pinch: 21
[t=0.0654775s, 20504 KB] g=10, 944 evaluated, 10 expanded
[t=0.0682489s, 20504 KB] New best heuristic value for pinch: 20
[t=0.0683186s, 20504 KB] g=11, 1070 evaluated, 11 expanded
[t=0.0703908s, 20504 KB] New best heuristic value for pinch: 19
[t=0.0704589s, 20504 KB] g=12, 1169 evaluated, 12 expanded
[t=0.0721169s, 20504 KB] New best heuristic value for pinch: 18
[t=0.0721762s, 20504 KB] g=13, 1247 evaluated, 13 expanded
[t=0.0744596s, 20504 KB] New best heuristic value for pinch: 17
[t=0.074525s, 20504 KB] g=14, 1354 evaluated, 14 expanded
[t=0.0765962s, 20504 KB] New best heuristic value for pinch: 16
[t=0.0766575s, 20504 KB] g=15, 1454 evaluated, 15 expanded
[t=0.0782901s, 20504 KB] New best heuristic value for pinch: 15
[t=0.0783479s, 20504 KB] g=16, 1532 evaluated, 16 expanded
[t=0.0806135s, 20504 KB] New best heuristic value for pinch: 14
[t=0.0806814s, 20504 KB] g=17, 1641 evaluated, 17 expanded
[t=0.0824334s, 20504 KB] New best heuristic value for pinch: 13
[t=0.0824926s, 20504 KB] g=18, 1725 evaluated, 18 expanded
[t=0.0847052s, 20504 KB] New best heuristic value for pinch: 12
[t=0.0847678s, 20504 KB] g=19, 1828 evaluated, 19 expanded
[t=0.0940833s, 20504 KB] New best heuristic value for pinch: 11
[t=0.0941764s, 20504 KB] g=20, 2263 evaluated, 24 expanded
[t=0.0959557s, 20504 KB] New best heuristic value for pinch: 10
[t=0.0960155s, 20504 KB] g=21, 2346 evaluated, 25 expanded
[t=0.0980805s, 20504 KB] New best heuristic value for pinch: 9
[t=0.0981411s, 20504 KB] g=22, 2440 evaluated, 26 expanded
[t=0.100124s, 20504 KB] New best heuristic value for pinch: 8
[t=0.100186s, 20504 KB] g=23, 2532 evaluated, 27 expanded
[t=0.137305s, 20504 KB] New best heuristic value for pinch: 7
[t=0.137416s, 20504 KB] g=25, 4196 evaluated, 50 expanded
[t=0.139085s, 20504 KB] New best heuristic value for pinch: 6
[t=0.139145s, 20504 KB] g=26, 4272 evaluated, 51 expanded
[t=0.140985s, 20504 KB] New best heuristic value for pinch: 5
[t=0.141048s, 20504 KB] g=27, 4345 evaluated, 52 expanded
[t=0.189055s, 20504 KB] New best heuristic value for pinch: 4
[t=0.189165s, 20504 KB] g=30, 6342 evaluated, 90 expanded
[t=0.190707s, 20504 KB] New best heuristic value for pinch: 3
[t=0.19076s, 20504 KB] g=31, 6407 evaluated, 91 expanded
[t=0.295159s, 20504 KB] New best heuristic value for pinch: 2
[t=0.295282s, 20504 KB] g=32, 10646 evaluated, 182 expanded
[t=0.319065s, 20504 KB] New best heuristic value for pinch: 1
[t=0.319177s, 20504 KB] g=35, 11613 evaluated, 202 expanded
[t=0.320623s, 20504 KB] New best heuristic value for pinch: 0
[t=0.320678s, 20504 KB] g=36, 11670 evaluated, 203 expanded
[t=0.321983s, 20504 KB] Solution found!
[t=0.322042s, 20504 KB] Actual search time: 0.27639s
fly plane3 city4 city6 fl6 fl5 (1)
board person4 plane5 city9 (1)
fly plane5 city9 city7 fl4 fl3 (1)
board person7 plane5 city7 (1)
debark person4 plane5 city7 (1)
board person10 plane5 city7 (1)
fly plane5 city7 city5 fl3 fl2 (1)
debark person7 plane5 city5 (1)
fly plane5 city5 city8 fl2 fl1 (1)
fly plane4 city8 city5 fl3 fl2 (1)
board person8 plane3 city6 (1)
board person5 plane3 city6 (1)
fly plane3 city6 city1 fl5 fl4 (1)
debark person8 plane3 city1 (1)
debark person5 plane3 city1 (1)
fly plane3 city1 city0 fl4 fl3 (1)
board person6 plane3 city0 (1)
board person3 plane3 city0 (1)
fly plane3 city0 city2 fl3 fl2 (1)
debark person3 plane3 city2 (1)
fly plane3 city2 city6 fl2 fl1 (1)
debark person6 plane3 city6 (1)
fly plane2 city2 city3 fl6 fl5 (1)
fly plane1 city5 city1 fl2 fl1 (1)
board person2 plane1 city1 (1)
fly plane1 city1 city8 fl1 fl0 (1)
debark person2 plane1 city8 (1)
fly plane3 city6 city4 fl1 fl0 (1)
refuel plane3 city4 fl0 fl1 (1)
board person9 plane3 city4 (1)
fly plane3 city4 city5 fl1 fl0 (1)
debark person9 plane3 city5 (1)
refuel plane5 city8 fl1 fl2 (1)
fly plane5 city8 city9 fl2 fl1 (1)
debark person10 plane5 city9 (1)
fly plane5 city9 city8 fl1 fl0 (1)
[t=0.322088s, 20504 KB] Plan length: 36 step(s).
[t=0.322088s, 20504 KB] Plan cost: 36
[t=0.322088s, 20504 KB] Expanded 204 state(s).
[t=0.322088s, 20504 KB] Reopened 0 state(s).
[t=0.322088s, 20504 KB] Evaluated 11721 state(s).
[t=0.322088s, 20504 KB] Evaluations: 11721
[t=0.322088s, 20504 KB] Generated 14322 state(s).
[t=0.322088s, 20504 KB] Dead ends: 0 state(s).
[t=0.322088s, 20504 KB] Number of registered states: 11721
[t=0.322088s, 20504 KB] Int hash set load factor: 11721/16384 = 0.715393
[t=0.322088s, 20504 KB] Int hash set resizes: 14
[t=0.322088s, 20504 KB] mean number of q cost that have been adjusted 0 times in relation to total number of q: -1
[t=0.322088s, 20504 KB] mean number of q cost that have been adjusted 1 times in relation to total number of q: -1
[t=0.322088s, 20504 KB] mean number of q cost that have been adjusted 2 times in relation to total number of q: -1
[t=0.322088s, 20504 KB] mean number of q that are at some point overconsitent in relation to total number of q: -1
[t=0.322088s, 20504 KB] mean number of q that are at first underconsisten in relation to total number of q: -1
[t=0.322088s, 20504 KB] mean number of state variables that are not in common between two following states in relation to total number of state variables: -1
[t=0.322088s, 20504 KB] variance number of state variables that are not in common between two following states in relation to total number of state variables: -1
[t=0.322088s, 20504 KB] Search time: 0.277066s
[t=0.322088s, 20504 KB] Total time: 0.322088s
Solution found.
Peak memory: 20504 KB
Remove intermediate file output.sas
search exit code: 0

INFO     Running validate.
INFO     validate stdin: None
INFO     validate time limit: None
INFO     validate memory limit: None
INFO     validate command line string: validate domain.pddl problem.pddl sas_plan
