INFO     Running translator.
INFO     translator stdin: None
INFO     translator time limit: 1799.96s
INFO     translator memory limit: 3584 MB
INFO     translator command line string: /infai/weidan00/downward/experiments/bachelor/.venv/bin/python3 /infai/weidan00/downward/experiments/bachelor/data/bachelor-v1/code-7aa5f34_e5e41175/builds/release/bin/translate/translate.py domain.pddl problem.pddl --sas-file output.sas
Parsing...
Parsing: [0.000s CPU, 0.005s wall-clock]
Normalizing task... [0.000s CPU, 0.000s wall-clock]
Instantiating...
Generating Datalog program... [0.000s CPU, 0.001s wall-clock]
Normalizing Datalog program...
Normalizing Datalog program: [0.010s CPU, 0.007s wall-clock]
Preparing model... [0.000s CPU, 0.003s wall-clock]
Generated 91 rules.
Computing model... [0.390s CPU, 0.387s wall-clock]
15118 relevant atoms
19580 auxiliary atoms
34698 final queue length
74601 total queue pushes
Completing instantiation... [1.020s CPU, 1.017s wall-clock]
Instantiating: [1.430s CPU, 1.424s wall-clock]
Computing fact groups...
Finding invariants...
18 initial candidates
Finding invariants: [0.020s CPU, 0.027s wall-clock]
Checking invariant weight... [0.000s CPU, 0.000s wall-clock]
Instantiating groups... [0.000s CPU, 0.000s wall-clock]
Collecting mutex groups... [0.000s CPU, 0.000s wall-clock]
Choosing groups...
1212 uncovered facts
Choosing groups: [0.000s CPU, 0.000s wall-clock]
Building translation key... [0.000s CPU, 0.005s wall-clock]
Computing fact groups: [0.040s CPU, 0.046s wall-clock]
Building STRIPS to SAS dictionary... [0.000s CPU, 0.002s wall-clock]
Building dictionary for full mutex groups... [0.010s CPU, 0.002s wall-clock]
Building mutex information...
Building mutex information: [0.000s CPU, 0.001s wall-clock]
Translating task...
Processing axioms...
Simplifying axioms... [0.000s CPU, 0.000s wall-clock]
Processing axioms: [0.030s CPU, 0.035s wall-clock]
Translating task: [1.080s CPU, 1.097s wall-clock]
28312 effect conditions simplified
0 implied preconditions added
Detecting unreachable propositions...
0 operators removed
0 axioms removed
8 propositions removed
Detecting unreachable propositions: [0.600s CPU, 0.608s wall-clock]
Reordering and filtering variables...
1216 of 1216 variables necessary.
0 of 4 mutex groups necessary.
13696 of 13696 operators necessary.
0 of 0 axiom rules necessary.
Reordering and filtering variables: [0.880s CPU, 0.885s wall-clock]
Translator variables: 1216
Translator derived variables: 0
Translator facts: 2436
Translator goal facts: 8
Translator mutex groups: 0
Translator total mutex groups size: 0
Translator operators: 13696
Translator axioms: 0
Translator task size: 125784
Translator peak memory: 238264 KB
Writing output... [0.220s CPU, 0.241s wall-clock]
Done! [4.320s CPU, 4.370s wall-clock]
translate exit code: 0

INFO     Running search (release).
INFO     search stdin: output.sas
INFO     search time limit: 1795.56s
INFO     search memory limit: 3584 MB
INFO     search command line string: /infai/weidan00/downward/experiments/bachelor/data/bachelor-v1/code-7aa5f34_e5e41175/builds/release/bin/downward --search 'eager_wastar([add()], w=2)' --internal-plan-file sas_plan < output.sas
[t=6.4248e-05s, 17204 KB] reading input...
[t=0.126594s, 22860 KB] done reading input!
[t=0.139085s, 27988 KB] Simplifying 68860 unary operators... done! [68860 unary operators]
[t=0.253733s, 34120 KB] time to simplify: 0.114773s
[t=0.258746s, 34120 KB] Initializing additive heuristic...
[t=0.259013s, 34120 KB] Building successor generator...done!
[t=0.267582s, 34120 KB] peak memory difference for successor generator creation: 0 KB
[t=0.267631s, 34120 KB] time for successor generation creation: 0.00838827s
[t=0.26781s, 34120 KB] Variables: 1216
[t=0.267861s, 34120 KB] FactPairs: 2436
[t=0.267901s, 34120 KB] Bytes per state: 156
[t=0.268053s, 34120 KB] Conducting best first search with reopening closed nodes, (real) bound = 2147483647
[t=0.269504s, 34120 KB] New best heuristic value for add: 85
[t=0.26958s, 34120 KB] g=0, 1 evaluated, 0 expanded
[t=0.269639s, 34120 KB] Initial heuristic value for add: 85
[t=0.269681s, 34120 KB] pruning method: none
[t=0.270808s, 34120 KB] New best heuristic value for add: 83
[t=0.270874s, 34120 KB] g=1, 2 evaluated, 1 expanded
[t=0.273855s, 34120 KB] New best heuristic value for add: 82
[t=0.273938s, 34120 KB] g=1, 5 evaluated, 1 expanded
[t=0.278793s, 34120 KB] New best heuristic value for add: 75
[t=0.278896s, 34120 KB] g=1, 10 evaluated, 1 expanded
[t=0.29925s, 34120 KB] New best heuristic value for add: 73
[t=0.29936s, 34120 KB] g=2, 31 evaluated, 2 expanded
[t=0.305596s, 34120 KB] New best heuristic value for add: 71
[t=0.305703s, 34120 KB] g=2, 38 evaluated, 2 expanded
[t=0.310195s, 34120 KB] New best heuristic value for add: 70
[t=0.310301s, 34120 KB] g=2, 43 evaluated, 2 expanded
[t=0.322028s, 34120 KB] New best heuristic value for add: 68
[t=0.32214s, 34120 KB] g=3, 56 evaluated, 3 expanded
[t=0.33902s, 34120 KB] New best heuristic value for add: 66
[t=0.339133s, 34120 KB] g=4, 75 evaluated, 4 expanded
[t=0.340084s, 34120 KB] New best heuristic value for add: 65
[t=0.340165s, 34120 KB] g=4, 76 evaluated, 4 expanded
[t=0.356093s, 34120 KB] New best heuristic value for add: 64
[t=0.35621s, 34120 KB] g=5, 94 evaluated, 5 expanded
[t=0.377242s, 34120 KB] New best heuristic value for add: 63
[t=0.377354s, 34120 KB] g=6, 118 evaluated, 6 expanded
[t=0.393244s, 34120 KB] New best heuristic value for add: 62
[t=0.393355s, 34120 KB] g=7, 136 evaluated, 7 expanded
[t=0.470348s, 34120 KB] New best heuristic value for add: 61
[t=0.470461s, 34120 KB] g=9, 224 evaluated, 12 expanded
[t=0.472346s, 34120 KB] New best heuristic value for add: 58
[t=0.472441s, 34120 KB] g=9, 226 evaluated, 12 expanded
[t=0.487555s, 34120 KB] New best heuristic value for add: 54
[t=0.487665s, 34120 KB] g=10, 243 evaluated, 13 expanded
[t=0.49917s, 34120 KB] New best heuristic value for add: 51
[t=0.499277s, 34120 KB] g=11, 256 evaluated, 14 expanded
[t=0.524243s, 34120 KB] New best heuristic value for add: 50
[t=0.524358s, 34120 KB] g=12, 284 evaluated, 15 expanded
[t=0.528096s, 34120 KB] New best heuristic value for add: 46
[t=0.528197s, 34120 KB] g=13, 288 evaluated, 16 expanded
[t=0.61649s, 34120 KB] New best heuristic value for add: 41
[t=0.616604s, 34120 KB] g=15, 388 evaluated, 22 expanded
[t=1.06976s, 34120 KB] New best heuristic value for add: 39
[t=1.06988s, 34120 KB] g=17, 905 evaluated, 54 expanded
[t=1.08347s, 34120 KB] New best heuristic value for add: 38
[t=1.08358s, 34120 KB] g=18, 920 evaluated, 55 expanded
[t=3.19815s, 34120 KB] New best heuristic value for add: 37
[t=3.19827s, 34120 KB] g=20, 3380 evaluated, 288 expanded
[t=3.21287s, 34120 KB] New best heuristic value for add: 35
[t=3.21299s, 34120 KB] g=21, 3397 evaluated, 289 expanded
[t=3.36713s, 34120 KB] New best heuristic value for add: 34
[t=3.36725s, 34120 KB] g=23, 3578 evaluated, 310 expanded
[t=3.39647s, 34120 KB] New best heuristic value for add: 30
[t=3.39659s, 34120 KB] g=25, 3612 evaluated, 314 expanded
[t=3.44273s, 34120 KB] New best heuristic value for add: 29
[t=3.44284s, 34120 KB] g=28, 3666 evaluated, 321 expanded
[t=3.46253s, 34120 KB] New best heuristic value for add: 27
[t=3.46264s, 34120 KB] g=30, 3689 evaluated, 323 expanded
[t=7.62477s, 34120 KB] New best heuristic value for add: 26
[t=7.6249s, 34120 KB] g=36, 8599 evaluated, 890 expanded, 12 reopened
[t=7.71537s, 34120 KB] New best heuristic value for add: 25
[t=7.71551s, 34120 KB] g=37, 8708 evaluated, 900 expanded, 12 reopened
[t=16.374s, 34120 KB] New best heuristic value for add: 23
[t=16.3742s, 34120 KB] g=32, 18918 evaluated, 1931 expanded, 20 reopened
[t=16.389s, 34120 KB] New best heuristic value for add: 22
[t=16.3891s, 34120 KB] g=33, 18937 evaluated, 1932 expanded, 20 reopened
[t=18.3796s, 34420 KB] New best heuristic value for add: 21
[t=18.3797s, 34420 KB] g=37, 21587 evaluated, 2263 expanded, 20 reopened
[t=42.712s, 40192 KB] New best heuristic value for add: 17
[t=42.7122s, 40192 KB] g=39, 53771 evaluated, 6265 expanded, 30 reopened
[t=42.7298s, 40192 KB] New best heuristic value for add: 16
[t=42.7299s, 40192 KB] g=41, 53797 evaluated, 6267 expanded, 30 reopened
[t=42.7327s, 40192 KB] New best heuristic value for add: 15
[t=42.7329s, 40192 KB] g=42, 53801 evaluated, 6268 expanded, 30 reopened
[t=42.7548s, 40192 KB] New best heuristic value for add: 12
[t=42.7549s, 40192 KB] g=44, 53834 evaluated, 6270 expanded, 30 reopened
[t=62.3729s, 45732 KB] New best heuristic value for add: 11
[t=62.373s, 45732 KB] g=48, 82724 evaluated, 9802 expanded, 40 reopened
[t=62.3806s, 45732 KB] New best heuristic value for add: 10
[t=62.3807s, 45732 KB] g=49, 82735 evaluated, 9803 expanded, 40 reopened
[t=73.1974s, 48524 KB] New best heuristic value for add: 9
[t=73.1975s, 48524 KB] g=49, 98330 evaluated, 11489 expanded, 40 reopened
[t=73.2354s, 48524 KB] New best heuristic value for add: 6
[t=73.2356s, 48524 KB] g=51, 98397 evaluated, 11492 expanded, 40 reopened
[t=73.271s, 48524 KB] New best heuristic value for add: 5
[t=73.2711s, 48524 KB] g=53, 98482 evaluated, 11496 expanded, 40 reopened
[t=73.2766s, 48524 KB] New best heuristic value for add: 4
[t=73.2767s, 48524 KB] g=54, 98493 evaluated, 11497 expanded, 40 reopened
[t=73.2876s, 48524 KB] New best heuristic value for add: 3
[t=73.2877s, 48524 KB] g=55, 98521 evaluated, 11498 expanded, 40 reopened
[t=73.2986s, 48524 KB] New best heuristic value for add: 2
[t=73.2987s, 48524 KB] g=56, 98549 evaluated, 11499 expanded, 40 reopened
[t=78.5125s, 52436 KB] New best heuristic value for add: 1
[t=78.5126s, 52436 KB] g=60, 112399 evaluated, 12718 expanded, 40 reopened
[t=78.5203s, 52436 KB] New best heuristic value for add: 0
[t=78.5204s, 52436 KB] g=61, 112420 evaluated, 12719 expanded, 40 reopened
[t=78.5271s, 52436 KB] Solution found!
[t=78.5273s, 52436 KB] Actual search time: 78.2576s
pop-start s15 b24 a1 a5 b15 lco oc1b (1)
push-start s23 b27 a2 a3 b19 oc1b gasoleo (1)
pop-unitarypipe s34 b16 a3 a4 b5 oc1b lco (1)
pop-unitarypipe s34 b18 a3 a4 b16 gasoleo oc1b (1)
pop-unitarypipe s34 b1 a3 a4 b18 gasoleo gasoleo (1)
push-unitarypipe s34 b6 a3 a4 b1 gasoleo gasoleo (1)
push-unitarypipe s34 b21 a3 a4 b6 oca1 gasoleo (1)
pop-start s13 b16 a1 a3 b3 oc1b gasoleo (1)
pop-end s13 a1 a3 b8 b3 (1)
pop-start s13 b11 a1 a3 b16 lco oc1b (1)
pop-end s13 a1 a3 b3 b16 (1)
pop-start s13 b5 a1 a3 b11 lco lco (1)
pop-end s13 a1 a3 b16 b11 (1)
push-end s23 a2 a3 b10 b13 (1)
push-start s23 b14 a2 a3 b27 gasoleo oc1b (1)
pop-start s13 b10 a1 a3 b5 oca1 lco (1)
pop-end s13 a1 a3 b11 b5 (1)
push-start s13 b12 a1 a3 b5 oca1 lco (1)
push-end s23 a2 a3 b13 b19 (1)
push-start s23 b17 a2 a3 b14 rat-a gasoleo (1)
push-start s12 b25 a1 a2 b7 oca1 lco (1)
push-end s12 a1 a2 b9 b7 (1)
push-start s12 b3 a1 a2 b25 gasoleo oca1 (1)
push-end s23 a2 a3 b19 b27 (1)
push-start s23 b9 a2 a3 b17 rat-a rat-a (1)
push-end s23 a2 a3 b27 b14 (1)
push-unitarypipe s34 b27 a3 a4 b21 oc1b oca1 (1)
push-unitarypipe s34 b19 a3 a4 b27 gasoleo oc1b (1)
push-end s12 a1 a2 b7 b25 (1)
push-start s23 b7 a2 a3 b9 lco rat-a (1)
pop-end s15 a1 a5 b26 b2 (1)
pop-start s15 b0 a1 a5 b24 rat-a lco (1)
push-start s12 b26 a1 a2 b3 rat-a gasoleo (1)
pop-end s15 a1 a5 b2 b20 (1)
pop-start s15 b23 a1 a5 b0 lco rat-a (1)
pop-end s15 a1 a5 b20 b15 (1)
pop-start s15 b22 a1 a5 b23 oc1b lco (1)
push-end s12 a1 a2 b25 b3 (1)
push-start s12 b20 a1 a2 b26 rat-a rat-a (1)
push-end s23 a2 a3 b14 b17 (1)
push-start s23 b25 a2 a3 b7 oca1 lco (1)
push-end s23 a2 a3 b17 b9 (1)
push-end s12 a1 a2 b3 b26 (1)
push-start s12 b2 a1 a2 b20 rat-a rat-a (1)
pop-end s15 a1 a5 b15 b24 (1)
pop-start s15 b28 a1 a5 b22 lco oc1b (1)
pop-end s15 a1 a5 b24 b0 (1)
push-end s13 a1 a3 b10 b5 (1)
push-start s13 b24 a1 a3 b12 lco oca1 (1)
push-end s13 a1 a3 b5 b12 (1)
push-start s13 b15 a1 a3 b24 oc1b lco (1)
push-end s13 a1 a3 b12 b24 (1)
push-start s13 b29 a1 a3 b15 oca1 oc1b (1)
push-end s13 a1 a3 b24 b15 (1)
push-unitarypipe s34 b24 a3 a4 b19 lco gasoleo (1)
push-unitarypipe s34 b13 a3 a4 b24 rat-a lco (1)
push-end s12 a1 a2 b26 b20 (1)
pop-start s15 b4 a1 a5 b28 gasoleo lco (1)
pop-end s15 a1 a5 b0 b23 (1)
push-start s12 b0 a1 a2 b2 rat-a rat-a (1)
push-end s12 a1 a2 b20 b2 (1)
[t=78.5273s, 52436 KB] Plan length: 61 step(s).
[t=78.5273s, 52436 KB] Plan cost: 61
[t=78.5273s, 52436 KB] Expanded 12720 state(s).
[t=78.5273s, 52436 KB] Reopened 40 state(s).
[t=78.5273s, 52436 KB] Evaluated 112444 state(s).
[t=78.5273s, 52436 KB] Evaluations: 112444
[t=78.5273s, 52436 KB] Generated 180058 state(s).
[t=78.5273s, 52436 KB] Dead ends: 0 state(s).
[t=78.5273s, 52436 KB] Number of registered states: 112444
[t=78.5273s, 52436 KB] Int hash set load factor: 112444/262144 = 0.42894
[t=78.5273s, 52436 KB] Int hash set resizes: 18
[t=78.5273s, 52436 KB] mean number of q cost that have been adjusted 0 times in relation to total number of q: -1
[t=78.5273s, 52436 KB] mean number of q cost that have been adjusted 1 times in relation to total number of q: -1
[t=78.5273s, 52436 KB] mean number of q cost that have been adjusted 2 times in relation to total number of q: -1
[t=78.5273s, 52436 KB] mean number of q that are at some point overconsitent in relation to total number of q: -1
[t=78.5273s, 52436 KB] mean number of q that are at first underconsisten in relation to total number of q: -1
[t=78.5273s, 52436 KB] mean number of state variables that are not in common between two following states in relation to total number of state variables: -1
[t=78.5273s, 52436 KB] variance number of state variables that are not in common between two following states in relation to total number of state variables: -1
[t=78.5273s, 52436 KB] Search time: 78.2593s
[t=78.5273s, 52436 KB] Total time: 78.5273s
Solution found.
Peak memory: 52436 KB
Remove intermediate file output.sas
search exit code: 0

INFO     Running validate.
INFO     validate stdin: None
INFO     validate time limit: None
INFO     validate memory limit: None
INFO     validate command line string: validate domain.pddl problem.pddl sas_plan
