INFO     Running translator.
INFO     translator stdin: None
INFO     translator time limit: 1799.96s
INFO     translator memory limit: 3584 MB
INFO     translator command line string: /infai/weidan00/downward/experiments/bachelor/.venv/bin/python3 /infai/weidan00/downward/experiments/bachelor/data/bachelor-v1/code-7aa5f34_e5e41175/builds/release/bin/translate/translate.py domain.pddl problem.pddl --sas-file output.sas
Parsing...
Parsing: [0.010s CPU, 0.010s wall-clock]
Normalizing task... [0.000s CPU, 0.001s wall-clock]
Instantiating...
Generating Datalog program... [0.000s CPU, 0.002s wall-clock]
Normalizing Datalog program...
Normalizing Datalog program: [0.030s CPU, 0.028s wall-clock]
Preparing model... [0.010s CPU, 0.009s wall-clock]
Generated 400 rules.
Computing model... [1.150s CPU, 1.159s wall-clock]
44906 relevant atoms
39548 auxiliary atoms
84454 final queue length
234012 total queue pushes
Completing instantiation... [3.590s CPU, 3.600s wall-clock]
Instantiating: [4.810s CPU, 4.828s wall-clock]
Computing fact groups...
Finding invariants...
41 initial candidates
Finding invariants: [0.320s CPU, 0.321s wall-clock]
Checking invariant weight... [0.000s CPU, 0.000s wall-clock]
Instantiating groups... [0.000s CPU, 0.000s wall-clock]
Collecting mutex groups... [0.000s CPU, 0.000s wall-clock]
Choosing groups...
459 uncovered facts
Choosing groups: [0.000s CPU, 0.000s wall-clock]
Building translation key... [0.000s CPU, 0.002s wall-clock]
Computing fact groups: [0.330s CPU, 0.327s wall-clock]
Building STRIPS to SAS dictionary... [0.000s CPU, 0.001s wall-clock]
Building dictionary for full mutex groups... [0.000s CPU, 0.001s wall-clock]
Building mutex information...
Building mutex information: [0.000s CPU, 0.000s wall-clock]
Translating task...
Processing axioms...
Simplifying axioms... [0.000s CPU, 0.000s wall-clock]
Processing axioms: [0.200s CPU, 0.200s wall-clock]
Translating task: [4.850s CPU, 4.862s wall-clock]
124181 effect conditions simplified
0 implied preconditions added
Detecting unreachable propositions...
0 operators removed
0 axioms removed
2 propositions removed
Detecting unreachable propositions: [2.140s CPU, 2.145s wall-clock]
Reordering and filtering variables...
461 of 461 variables necessary.
1 of 3 mutex groups necessary.
44248 of 44248 operators necessary.
0 of 0 axiom rules necessary.
Reordering and filtering variables: [1.210s CPU, 1.208s wall-clock]
Translator variables: 461
Translator derived variables: 0
Translator facts: 925
Translator goal facts: 4
Translator mutex groups: 1
Translator total mutex groups size: 2
Translator operators: 44248
Translator axioms: 0
Translator task size: 541924
Translator peak memory: 491908 KB
Writing output... [0.820s CPU, 0.899s wall-clock]
Done! [14.380s CPU, 14.488s wall-clock]
translate exit code: 0

INFO     Running search (release).
INFO     search stdin: output.sas
INFO     search time limit: 1785.43s
INFO     search memory limit: 3584 MB
INFO     search command line string: /infai/weidan00/downward/experiments/bachelor/data/bachelor-v1/code-7aa5f34_e5e41175/builds/release/bin/downward --search 'eager_wastar([pinch()], w=2)' --internal-plan-file sas_plan < output.sas
[t=6.1715e-05s, 17204 KB] reading input...
[t=0.494296s, 37600 KB] done reading input!
[t=0.535928s, 57156 KB] Simplifying 273253 unary operators... done! [272293 unary operators]
[t=3.02362s, 81724 KB] time to simplify: 2.48779s
[t=3.04503s, 82896 KB] Initializing pinch heuristic...
[t=3.04529s, 82896 KB] Building successor generator...done!
[t=3.08478s, 82896 KB] peak memory difference for successor generator creation: 0 KB
[t=3.08483s, 82896 KB] time for successor generation creation: 0.0393133s
[t=3.08525s, 82896 KB] Variables: 461
[t=3.08531s, 82896 KB] FactPairs: 925
[t=3.08535s, 82896 KB] Bytes per state: 60
[t=3.08557s, 82896 KB] Conducting best first search with reopening closed nodes, (real) bound = 2147483647
[t=3.11986s, 82896 KB] New best heuristic value for pinch: 119
[t=3.11995s, 82896 KB] g=0, 1 evaluated, 0 expanded
[t=3.12001s, 82896 KB] Initial heuristic value for pinch: 119
[t=3.12005s, 82896 KB] pruning method: none
[t=3.18437s, 82896 KB] New best heuristic value for pinch: 84
[t=3.18446s, 82896 KB] g=1, 4 evaluated, 1 expanded
[t=3.24065s, 82896 KB] New best heuristic value for pinch: 75
[t=3.24074s, 82896 KB] g=2, 6 evaluated, 2 expanded
[t=3.32337s, 82896 KB] New best heuristic value for pinch: 68
[t=3.32347s, 82896 KB] g=3, 9 evaluated, 3 expanded
[t=3.42756s, 82896 KB] New best heuristic value for pinch: 61
[t=3.42766s, 82896 KB] g=4, 12 evaluated, 4 expanded
[t=3.52989s, 82896 KB] New best heuristic value for pinch: 58
[t=3.52998s, 82896 KB] g=5, 15 evaluated, 5 expanded
[t=3.64237s, 82896 KB] New best heuristic value for pinch: 55
[t=3.64245s, 82896 KB] g=6, 19 evaluated, 6 expanded
[t=3.75917s, 82896 KB] New best heuristic value for pinch: 52
[t=3.75926s, 82896 KB] g=7, 23 evaluated, 7 expanded
[t=3.86734s, 82896 KB] New best heuristic value for pinch: 49
[t=3.86744s, 82896 KB] g=8, 27 evaluated, 8 expanded
[t=3.94609s, 82896 KB] New best heuristic value for pinch: 48
[t=3.94618s, 82896 KB] g=9, 30 evaluated, 9 expanded
[t=5.62475s, 87084 KB] New best heuristic value for pinch: 42
[t=5.62484s, 87084 KB] g=13, 108 evaluated, 43 expanded, 2 reopened
[t=5.70639s, 87084 KB] New best heuristic value for pinch: 40
[t=5.70648s, 87084 KB] g=14, 111 evaluated, 44 expanded, 2 reopened
[t=5.88689s, 87084 KB] New best heuristic value for pinch: 39
[t=5.88698s, 87084 KB] g=15, 118 evaluated, 45 expanded, 2 reopened
[t=6.59453s, 87084 KB] New best heuristic value for pinch: 38
[t=6.59462s, 87084 KB] g=20, 149 evaluated, 54 expanded, 2 reopened
[t=10.1617s, 87660 KB] New best heuristic value for pinch: 36
[t=10.1618s, 87660 KB] g=28, 300 evaluated, 119 expanded, 2 reopened
[t=14.4901s, 87660 KB] New best heuristic value for pinch: 35
[t=14.4902s, 87660 KB] g=30, 488 evaluated, 187 expanded, 2 reopened
[t=14.9495s, 87660 KB] New best heuristic value for pinch: 29
[t=14.9496s, 87660 KB] g=33, 508 evaluated, 195 expanded, 2 reopened
[t=15.0678s, 87660 KB] New best heuristic value for pinch: 28
[t=15.0679s, 87660 KB] g=34, 513 evaluated, 196 expanded, 2 reopened
[t=21.0893s, 89132 KB] New best heuristic value for pinch: 26
[t=21.0894s, 89132 KB] g=46, 799 evaluated, 312 expanded, 2 reopened
[t=21.1812s, 89132 KB] New best heuristic value for pinch: 24
[t=21.1812s, 89132 KB] g=47, 802 evaluated, 313 expanded, 2 reopened
[t=21.3013s, 89132 KB] New best heuristic value for pinch: 22
[t=21.3014s, 89132 KB] g=48, 807 evaluated, 314 expanded, 2 reopened
[t=23.6085s, 89556 KB] New best heuristic value for pinch: 19
[t=23.6086s, 89556 KB] g=52, 904 evaluated, 354 expanded, 2 reopened
[t=23.6738s, 89556 KB] New best heuristic value for pinch: 17
[t=23.6739s, 89556 KB] g=53, 906 evaluated, 355 expanded, 2 reopened
[t=23.8469s, 89556 KB] New best heuristic value for pinch: 16
[t=23.847s, 89556 KB] g=54, 913 evaluated, 356 expanded, 2 reopened
[t=35.6612s, 96264 KB] New best heuristic value for pinch: 14
[t=35.6613s, 96264 KB] g=68, 1547 evaluated, 623 expanded, 6 reopened
[t=35.6991s, 96264 KB] New best heuristic value for pinch: 13
[t=35.6992s, 96264 KB] g=69, 1549 evaluated, 624 expanded, 6 reopened
[t=35.8097s, 96264 KB] New best heuristic value for pinch: 12
[t=35.8098s, 96264 KB] g=70, 1553 evaluated, 625 expanded, 6 reopened
[t=35.8779s, 96264 KB] New best heuristic value for pinch: 11
[t=35.878s, 96264 KB] g=71, 1556 evaluated, 626 expanded, 6 reopened
[t=35.9609s, 96264 KB] New best heuristic value for pinch: 10
[t=35.961s, 96264 KB] g=72, 1559 evaluated, 627 expanded, 6 reopened
[t=36.0242s, 96264 KB] New best heuristic value for pinch: 9
[t=36.0243s, 96264 KB] g=73, 1561 evaluated, 628 expanded, 6 reopened
[t=36.1137s, 96264 KB] New best heuristic value for pinch: 8
[t=36.1138s, 96264 KB] g=74, 1564 evaluated, 629 expanded, 6 reopened
[t=36.2506s, 96264 KB] New best heuristic value for pinch: 7
[t=36.2507s, 96264 KB] g=75, 1569 evaluated, 630 expanded, 6 reopened
[t=36.3509s, 96264 KB] New best heuristic value for pinch: 6
[t=36.351s, 96264 KB] g=76, 1572 evaluated, 631 expanded, 6 reopened
[t=36.4483s, 96264 KB] New best heuristic value for pinch: 5
[t=36.4484s, 96264 KB] g=77, 1575 evaluated, 632 expanded, 6 reopened
[t=36.4934s, 96264 KB] New best heuristic value for pinch: 4
[t=36.4935s, 96264 KB] g=78, 1576 evaluated, 633 expanded, 6 reopened
[t=36.602s, 96264 KB] New best heuristic value for pinch: 3
[t=36.6021s, 96264 KB] g=79, 1581 evaluated, 634 expanded, 6 reopened
[t=36.7025s, 96264 KB] New best heuristic value for pinch: 2
[t=36.7026s, 96264 KB] g=80, 1586 evaluated, 635 expanded, 6 reopened
[t=36.7033s, 96264 KB] New best heuristic value for pinch: 1
[t=36.7034s, 96264 KB] g=81, 1587 evaluated, 636 expanded, 6 reopened
[t=36.761s, 96264 KB] New best heuristic value for pinch: 0
[t=36.7611s, 96264 KB] g=82, 1590 evaluated, 637 expanded, 6 reopened
[t=36.7612s, 96264 KB] Solution found!
[t=36.7612s, 96264 KB] Actual search time: 33.6412s
unpark pr2 xrel0 yrel0 (1)
base-right pr2 x0 x1 y0 (1)
base-down pr2 x1 y0 y1 (1)
base-down pr2 x1 y1 y2 (1)
base-down pr2 x1 y2 y3 (1)
base-down pr2 x1 y3 y4 (1)
base-down pr2 x1 y4 y5 (1)
base-right pr2 x1 x2 y5 (1)
base-right pr2 x2 x3 y5 (1)
park pr2 (1)
get-down pr2 x3 y5 xrel0 x3 yrel0 y5 object2 y6 (1)
put-right pr2 x3 y5 xrel0 x3 yrel0 y5 object2 x4 (1)
unpark pr2 xrel0 yrel0 (1)
base-left pr2 x3 x2 y5 (1)
finish-object object2 x4 y5 (1)
base-left pr2 x2 x1 y5 (1)
base-up pr2 x1 y5 y4 (1)
base-up pr2 x1 y4 y3 (1)
base-up pr2 x1 y3 y2 (1)
base-right pr2 x1 x2 y2 (1)
base-right pr2 x2 x3 y2 (1)
park pr2 (1)
get-right pr2 x3 y2 xrel0 x3 yrel0 y2 object0 x4 (1)
unpark pr2 xrel0 yrel0 (1)
base-left pr2 x3 x2 y2 (1)
base-left pr2 x2 x1 y2 (1)
base-down pr2 x1 y2 y3 (1)
base-down pr2 x1 y3 y4 (1)
base-down pr2 x1 y4 y5 (1)
base-right pr2 x1 x2 y5 (1)
park pr2 (1)
put-right pr2 x2 y5 xrel0 x2 yrel0 y5 object0 x3 (1)
unpark pr2 xrel0 yrel0 (1)
finish-object object0 x3 y5 (1)
base-left pr2 x2 x1 y5 (1)
base-up pr2 x1 y5 y4 (1)
base-up pr2 x1 y4 y3 (1)
base-up pr2 x1 y3 y2 (1)
base-right pr2 x1 x2 y2 (1)
park pr2 (1)
get-up pr2 x2 y2 xrel0 x2 yrel0 y2 object3 y1 (1)
unpark pr2 xrel0 yrel0 (1)
base-left pr2 x2 x1 y2 (1)
base-down pr2 x1 y2 y3 (1)
base-down pr2 x1 y3 y4 (1)
base-down pr2 x1 y4 y5 (1)
base-down pr2 x1 y5 y6 (1)
base-right pr2 x1 x2 y6 (1)
base-right pr2 x2 x3 y6 (1)
park pr2 (1)
put-right pr2 x3 y6 xrel0 x3 yrel0 y6 object3 x4 (1)
unpark pr2 xrel0 yrel0 (1)
base-left pr2 x3 x2 y6 (1)
finish-object object3 x4 y6 (1)
base-left pr2 x2 x1 y6 (1)
base-up pr2 x1 y6 y5 (1)
base-up pr2 x1 y5 y4 (1)
base-up pr2 x1 y4 y3 (1)
base-up pr2 x1 y3 y2 (1)
base-right pr2 x1 x2 y2 (1)
base-right pr2 x2 x3 y2 (1)
base-up pr2 x3 y2 y1 (1)
base-right pr2 x3 x4 y1 (1)
base-right pr2 x4 x5 y1 (1)
base-right pr2 x5 x6 y1 (1)
park pr2 (1)
get-right pr2 x6 y1 xrel0 x6 yrel0 y1 object1 x7 (1)
unpark pr2 xrel0 yrel0 (1)
base-left pr2 x6 x5 y1 (1)
base-left pr2 x5 x4 y1 (1)
base-left pr2 x4 x3 y1 (1)
base-down pr2 x3 y1 y2 (1)
base-left pr2 x3 x2 y2 (1)
base-left pr2 x2 x1 y2 (1)
base-down pr2 x1 y2 y3 (1)
base-down pr2 x1 y3 y4 (1)
base-down pr2 x1 y4 y5 (1)
park pr2 (1)
gripper-down pr2 x1 y5 xrel0 x1 yrel0 yrel1 y5 y6 (1)
gripper-right pr2 x1 y5 xrel0 xrel1 x1 x2 yrel1 y6 (1)
put-right pr2 x1 y5 xrel1 x2 yrel1 y6 object1 x3 (1)
finish-object object1 x3 y6 (1)
[t=36.7613s, 96264 KB] Plan length: 82 step(s).
[t=36.7613s, 96264 KB] Plan cost: 82
[t=36.7613s, 96264 KB] Expanded 638 state(s).
[t=36.7613s, 96264 KB] Reopened 6 state(s).
[t=36.7613s, 96264 KB] Evaluated 1590 state(s).
[t=36.7613s, 96264 KB] Evaluations: 1590
[t=36.7613s, 96264 KB] Generated 2844 state(s).
[t=36.7613s, 96264 KB] Dead ends: 0 state(s).
[t=36.7613s, 96264 KB] Number of registered states: 1590
[t=36.7613s, 96264 KB] Int hash set load factor: 1590/2048 = 0.776367
[t=36.7613s, 96264 KB] Int hash set resizes: 11
[t=36.7613s, 96264 KB] mean number of q cost that have been adjusted 0 times in relation to total number of q: -1
[t=36.7613s, 96264 KB] mean number of q cost that have been adjusted 1 times in relation to total number of q: -1
[t=36.7613s, 96264 KB] mean number of q cost that have been adjusted 2 times in relation to total number of q: -1
[t=36.7613s, 96264 KB] mean number of q that are at some point overconsitent in relation to total number of q: -1
[t=36.7613s, 96264 KB] mean number of q that are at first underconsisten in relation to total number of q: -1
[t=36.7613s, 96264 KB] mean number of state variables that are not in common between two following states in relation to total number of state variables: -1
[t=36.7613s, 96264 KB] variance number of state variables that are not in common between two following states in relation to total number of state variables: -1
[t=36.7613s, 96264 KB] Search time: 33.6757s
[t=36.7613s, 96264 KB] Total time: 36.7613s
Solution found.
Peak memory: 96264 KB
Remove intermediate file output.sas
search exit code: 0

INFO     Running validate.
INFO     validate stdin: None
INFO     validate time limit: None
INFO     validate memory limit: None
INFO     validate command line string: validate domain.pddl problem.pddl sas_plan
