INFO     Running translator.
INFO     translator stdin: None
INFO     translator time limit: 1799.96s
INFO     translator memory limit: 3584 MB
INFO     translator command line string: /infai/weidan00/downward/experiments/bachelor/.venv/bin/python3 /infai/weidan00/downward/experiments/bachelor/data/bachelor-v1/code-7aa5f34_e5e41175/builds/release/bin/translate/translate.py domain.pddl problem.pddl --sas-file output.sas
Parsing...
Parsing: [0.000s CPU, 0.003s wall-clock]
Normalizing task... [0.000s CPU, 0.000s wall-clock]
Instantiating...
Generating Datalog program... [0.000s CPU, 0.000s wall-clock]
Normalizing Datalog program...
Normalizing Datalog program: [0.000s CPU, 0.003s wall-clock]
Preparing model... [0.000s CPU, 0.002s wall-clock]
Generated 42 rules.
Computing model... [0.040s CPU, 0.038s wall-clock]
2607 relevant atoms
1254 auxiliary atoms
3861 final queue length
8243 total queue pushes
Completing instantiation... [0.130s CPU, 0.119s wall-clock]
Instantiating: [0.170s CPU, 0.163s wall-clock]
Computing fact groups...
Finding invariants...
12 initial candidates
Finding invariants: [0.000s CPU, 0.005s wall-clock]
Checking invariant weight... [0.000s CPU, 0.000s wall-clock]
Instantiating groups... [0.000s CPU, 0.002s wall-clock]
Collecting mutex groups... [0.000s CPU, 0.000s wall-clock]
Choosing groups...
1 uncovered facts
Choosing groups: [0.000s CPU, 0.000s wall-clock]
Building translation key... [0.000s CPU, 0.000s wall-clock]
Computing fact groups: [0.000s CPU, 0.009s wall-clock]
Building STRIPS to SAS dictionary... [0.000s CPU, 0.000s wall-clock]
Building dictionary for full mutex groups... [0.000s CPU, 0.000s wall-clock]
Building mutex information...
Building mutex information: [0.000s CPU, 0.000s wall-clock]
Translating task...
Processing axioms...
Simplifying axioms... [0.000s CPU, 0.000s wall-clock]
Processing axioms: [0.000s CPU, 0.005s wall-clock]
Translating task: [0.080s CPU, 0.090s wall-clock]
0 effect conditions simplified
0 implied preconditions added
Detecting unreachable propositions...
0 operators removed
0 axioms removed
29 propositions removed
Detecting unreachable propositions: [0.050s CPU, 0.044s wall-clock]
Reordering and filtering variables...
27 of 27 variables necessary.
0 of 27 mutex groups necessary.
2280 of 2280 operators necessary.
0 of 0 axiom rules necessary.
Reordering and filtering variables: [0.010s CPU, 0.014s wall-clock]
Translator variables: 27
Translator derived variables: 0
Translator facts: 205
Translator goal facts: 2
Translator mutex groups: 0
Translator total mutex groups size: 0
Translator operators: 2280
Translator axioms: 0
Translator task size: 13818
Translator peak memory: 153548 KB
Writing output... [0.030s CPU, 0.028s wall-clock]
Done! [0.350s CPU, 0.357s wall-clock]
translate exit code: 0

INFO     Running search (release).
INFO     search stdin: output.sas
INFO     search time limit: 1799.56s
INFO     search memory limit: 3584 MB
INFO     search command line string: /infai/weidan00/downward/experiments/bachelor/data/bachelor-v1/code-7aa5f34_e5e41175/builds/release/bin/downward --search 'eager_wastar([pinch()], w=2)' --internal-plan-file sas_plan < output.sas
[t=6.1269e-05s, 17204 KB] reading input...
[t=0.0145565s, 17956 KB] done reading input!
[t=0.0171453s, 18532 KB] Simplifying 4560 unary operators... done! [4512 unary operators]
[t=0.0206957s, 18928 KB] time to simplify: 0.00370481s
[t=0.02114s, 18928 KB] Initializing pinch heuristic...
[t=0.0212865s, 18928 KB] Building successor generator...done!
[t=0.0224911s, 18928 KB] peak memory difference for successor generator creation: 0 KB
[t=0.022533s, 18928 KB] time for successor generation creation: 0.00106866s
[t=0.0225926s, 18928 KB] Variables: 27
[t=0.0226339s, 18928 KB] FactPairs: 205
[t=0.0226746s, 18928 KB] Bytes per state: 12
[t=0.022791s, 18928 KB] Conducting best first search with reopening closed nodes, (real) bound = 2147483647
[t=0.0233323s, 18928 KB] New best heuristic value for pinch: 9
[t=0.0233814s, 18928 KB] g=0, 1 evaluated, 0 expanded
[t=0.0234356s, 18928 KB] Initial heuristic value for pinch: 9
[t=0.0234782s, 18928 KB] pruning method: none
[t=0.0242068s, 18928 KB] New best heuristic value for pinch: 8
[t=0.0242563s, 18928 KB] g=1, 6 evaluated, 1 expanded
[t=0.0243385s, 18928 KB] New best heuristic value for pinch: 7
[t=0.0243817s, 18928 KB] g=1, 7 evaluated, 1 expanded
[t=0.025952s, 18928 KB] New best heuristic value for pinch: 6
[t=0.0260074s, 18928 KB] g=2, 23 evaluated, 2 expanded
[t=0.0277312s, 18928 KB] New best heuristic value for pinch: 5
[t=0.0277808s, 18928 KB] g=3, 41 evaluated, 3 expanded
[t=0.0296723s, 18928 KB] New best heuristic value for pinch: 4
[t=0.0297206s, 18928 KB] g=4, 64 evaluated, 4 expanded
[t=0.0307797s, 18928 KB] New best heuristic value for pinch: 3
[t=0.0308281s, 18928 KB] g=5, 74 evaluated, 5 expanded
[t=0.0318213s, 18928 KB] New best heuristic value for pinch: 2
[t=0.0318766s, 18928 KB] g=6, 84 evaluated, 6 expanded
[t=0.0331617s, 18928 KB] New best heuristic value for pinch: 1
[t=0.0332098s, 18928 KB] g=7, 97 evaluated, 7 expanded
[t=0.0348734s, 18928 KB] New best heuristic value for pinch: 0
[t=0.034922s, 18928 KB] g=8, 112 evaluated, 8 expanded
[t=0.0352257s, 18928 KB] Solution found!
[t=0.0352727s, 18928 KB] Actual search time: 0.0117914s
overcome sciatica entertainment flounder saturn venus (1)
feast entertainment flounder hamburger bavaria arizona (1)
succumb sciatica entertainment hamburger saturn venus (1)
overcome jealousy excitement guava earth uranus (1)
feast excitement guava apple manitoba kentucky (1)
feast excitement apple hotdog bavaria arizona (1)
feast excitement hotdog wurst bosnia bavaria (1)
succumb jealousy excitement wurst earth uranus (1)
[t=0.0353179s, 18928 KB] Plan length: 8 step(s).
[t=0.0353179s, 18928 KB] Plan cost: 8
[t=0.0353179s, 18928 KB] Expanded 9 state(s).
[t=0.0353179s, 18928 KB] Reopened 0 state(s).
[t=0.0353179s, 18928 KB] Evaluated 117 state(s).
[t=0.0353179s, 18928 KB] Evaluations: 117
[t=0.0353179s, 18928 KB] Generated 120 state(s).
[t=0.0353179s, 18928 KB] Dead ends: 7 state(s).
[t=0.0353179s, 18928 KB] Number of registered states: 117
[t=0.0353179s, 18928 KB] Int hash set load factor: 117/128 = 0.914062
[t=0.0353179s, 18928 KB] Int hash set resizes: 7
[t=0.0353179s, 18928 KB] mean number of q cost that have been adjusted 0 times in relation to total number of q: -1
[t=0.0353179s, 18928 KB] mean number of q cost that have been adjusted 1 times in relation to total number of q: -1
[t=0.0353179s, 18928 KB] mean number of q cost that have been adjusted 2 times in relation to total number of q: -1
[t=0.0353179s, 18928 KB] mean number of q that are at some point overconsitent in relation to total number of q: -1
[t=0.0353179s, 18928 KB] mean number of q that are at first underconsisten in relation to total number of q: -1
[t=0.0353179s, 18928 KB] mean number of state variables that are not in common between two following states in relation to total number of state variables: -1
[t=0.0353179s, 18928 KB] variance number of state variables that are not in common between two following states in relation to total number of state variables: -1
[t=0.0353179s, 18928 KB] Search time: 0.0125277s
[t=0.0353179s, 18928 KB] Total time: 0.0353179s
Solution found.
Peak memory: 18928 KB
Remove intermediate file output.sas
search exit code: 0

INFO     Running validate.
INFO     validate stdin: None
INFO     validate time limit: None
INFO     validate memory limit: None
INFO     validate command line string: validate domain.pddl problem.pddl sas_plan
