INFO     Running translator.
INFO     translator stdin: None
INFO     translator time limit: 1799.95s
INFO     translator memory limit: 3584 MB
INFO     translator command line string: /infai/weidan00/downward/experiments/bachelor/.venv/bin/python3 /infai/weidan00/downward/experiments/bachelor/data/bachelor-v1/code-7aa5f34_e5e41175/builds/release/bin/translate/translate.py domain.pddl problem.pddl --sas-file output.sas
Parsing...
Parsing: [0.000s CPU, 0.004s wall-clock]
Normalizing task... [0.000s CPU, 0.000s wall-clock]
Instantiating...
Generating Datalog program... [0.000s CPU, 0.001s wall-clock]
Normalizing Datalog program...
Normalizing Datalog program: [0.010s CPU, 0.004s wall-clock]
Preparing model... [0.000s CPU, 0.002s wall-clock]
Generated 45 rules.
Computing model... [0.030s CPU, 0.034s wall-clock]
1015 relevant atoms
2192 auxiliary atoms
3207 final queue length
4543 total queue pushes
Completing instantiation... [0.040s CPU, 0.038s wall-clock]
Instantiating: [0.080s CPU, 0.080s wall-clock]
Computing fact groups...
Finding invariants...
18 initial candidates
Finding invariants: [0.010s CPU, 0.007s wall-clock]
Checking invariant weight... [0.000s CPU, 0.000s wall-clock]
Instantiating groups... [0.000s CPU, 0.002s wall-clock]
Collecting mutex groups... [0.000s CPU, 0.000s wall-clock]
Choosing groups...
18 uncovered facts
Choosing groups: [0.000s CPU, 0.001s wall-clock]
Building translation key... [0.000s CPU, 0.000s wall-clock]
Computing fact groups: [0.010s CPU, 0.011s wall-clock]
Building STRIPS to SAS dictionary... [0.000s CPU, 0.000s wall-clock]
Building dictionary for full mutex groups... [0.000s CPU, 0.000s wall-clock]
Building mutex information...
Building mutex information: [0.000s CPU, 0.000s wall-clock]
Translating task...
Processing axioms...
Simplifying axioms... [0.000s CPU, 0.000s wall-clock]
Processing axioms: [0.010s CPU, 0.002s wall-clock]
Translating task: [0.040s CPU, 0.033s wall-clock]
0 effect conditions simplified
0 implied preconditions added
Detecting unreachable propositions...
0 operators removed
0 axioms removed
81 propositions removed
Detecting unreachable propositions: [0.010s CPU, 0.017s wall-clock]
Reordering and filtering variables...
45 of 45 variables necessary.
0 of 45 mutex groups necessary.
744 of 744 operators necessary.
0 of 0 axiom rules necessary.
Reordering and filtering variables: [0.010s CPU, 0.006s wall-clock]
Translator variables: 45
Translator derived variables: 0
Translator facts: 173
Translator goal facts: 6
Translator mutex groups: 0
Translator total mutex groups size: 0
Translator operators: 744
Translator axioms: 0
Translator task size: 4616
Translator peak memory: 146380 KB
Writing output... [0.010s CPU, 0.011s wall-clock]
Done! [0.160s CPU, 0.165s wall-clock]
translate exit code: 0

INFO     Running search (release).
INFO     search stdin: output.sas
INFO     search time limit: 1799.72s
INFO     search memory limit: 3584 MB
INFO     search command line string: /infai/weidan00/downward/experiments/bachelor/data/bachelor-v1/code-7aa5f34_e5e41175/builds/release/bin/downward --search 'eager_wastar([pinch_tracking()], w=2)' --internal-plan-file sas_plan < output.sas
[t=6.4828e-05s, 17204 KB] reading input...
[t=0.0054576s, 17484 KB] done reading input!
[t=0.00762107s, 17880 KB] Simplifying 1464 unary operators... done! [1464 unary operators]
[t=0.00885146s, 17880 KB] time to simplify: 0.00132605s
[t=0.00911065s, 17880 KB] Initializing pinch tracking heuristic...
[t=0.00925077s, 17880 KB] Building successor generator...done!
[t=0.00974545s, 17880 KB] peak memory difference for successor generator creation: 0 KB
[t=0.00978515s, 17880 KB] time for successor generation creation: 0.000362514s
[t=0.00983821s, 17880 KB] Variables: 45
[t=0.00987851s, 17880 KB] FactPairs: 173
[t=0.00991838s, 17880 KB] Bytes per state: 12
[t=0.0100634s, 17880 KB] Conducting best first search with reopening closed nodes, (real) bound = 2147483647
[t=0.0103392s, 17880 KB] New best heuristic value for pinch_tracking: 111
[t=0.0103847s, 17880 KB] g=0, 1 evaluated, 0 expanded
[t=0.0104374s, 17880 KB] Initial heuristic value for pinch_tracking: 111
[t=0.0104794s, 17880 KB] pruning method: none
[t=0.0106264s, 17880 KB] New best heuristic value for pinch_tracking: 96
[t=0.0106701s, 17880 KB] g=1, 2 evaluated, 1 expanded
[t=0.0111104s, 17880 KB] New best heuristic value for pinch_tracking: 93
[t=0.011157s, 17880 KB] g=2, 6 evaluated, 2 expanded
[t=0.0116309s, 17880 KB] New best heuristic value for pinch_tracking: 84
[t=0.0116775s, 17880 KB] g=3, 11 evaluated, 3 expanded
[t=0.0121039s, 17880 KB] New best heuristic value for pinch_tracking: 83
[t=0.012151s, 17880 KB] g=4, 15 evaluated, 4 expanded
[t=0.0122359s, 17880 KB] New best heuristic value for pinch_tracking: 82
[t=0.012278s, 17880 KB] g=4, 16 evaluated, 4 expanded
[t=0.0123972s, 17880 KB] New best heuristic value for pinch_tracking: 81
[t=0.0124396s, 17880 KB] g=4, 18 evaluated, 4 expanded
[t=0.0126001s, 17880 KB] New best heuristic value for pinch_tracking: 78
[t=0.0126427s, 17880 KB] g=4, 21 evaluated, 4 expanded
[t=0.012832s, 17880 KB] New best heuristic value for pinch_tracking: 77
[t=0.0128751s, 17880 KB] g=5, 23 evaluated, 5 expanded
[t=0.0129593s, 17880 KB] New best heuristic value for pinch_tracking: 76
[t=0.0130011s, 17880 KB] g=5, 24 evaluated, 5 expanded
[t=0.0131064s, 17880 KB] New best heuristic value for pinch_tracking: 75
[t=0.0131483s, 17880 KB] g=5, 26 evaluated, 5 expanded
[t=0.0137423s, 17880 KB] New best heuristic value for pinch_tracking: 74
[t=0.0137898s, 17880 KB] g=6, 35 evaluated, 6 expanded
[t=0.0138765s, 17880 KB] New best heuristic value for pinch_tracking: 73
[t=0.0139189s, 17880 KB] g=6, 36 evaluated, 6 expanded
[t=0.0140349s, 17880 KB] New best heuristic value for pinch_tracking: 72
[t=0.0140775s, 17880 KB] g=6, 38 evaluated, 6 expanded
[t=0.0146871s, 17880 KB] New best heuristic value for pinch_tracking: 71
[t=0.0147334s, 17880 KB] g=7, 48 evaluated, 7 expanded
[t=0.0148192s, 17880 KB] New best heuristic value for pinch_tracking: 70
[t=0.0148615s, 17880 KB] g=7, 49 evaluated, 7 expanded
[t=0.0150197s, 17880 KB] New best heuristic value for pinch_tracking: 69
[t=0.0150679s, 17880 KB] g=7, 53 evaluated, 7 expanded
[t=0.0156077s, 17880 KB] New best heuristic value for pinch_tracking: 68
[t=0.0156545s, 17880 KB] g=8, 61 evaluated, 8 expanded
[t=0.0157412s, 17880 KB] New best heuristic value for pinch_tracking: 67
[t=0.0157839s, 17880 KB] g=8, 62 evaluated, 8 expanded
[t=0.0159577s, 17880 KB] New best heuristic value for pinch_tracking: 66
[t=0.0160109s, 17880 KB] g=8, 66 evaluated, 8 expanded
[t=0.0164891s, 17880 KB] New best heuristic value for pinch_tracking: 63
[t=0.0165356s, 17880 KB] g=9, 74 evaluated, 9 expanded
[t=0.0172351s, 17880 KB] New best heuristic value for pinch_tracking: 60
[t=0.017283s, 17880 KB] g=10, 87 evaluated, 10 expanded
[t=0.0178156s, 17880 KB] New best heuristic value for pinch_tracking: 54
[t=0.017862s, 17880 KB] g=11, 95 evaluated, 11 expanded
[t=0.0187518s, 17880 KB] New best heuristic value for pinch_tracking: 51
[t=0.0188005s, 17880 KB] g=12, 108 evaluated, 12 expanded
[t=0.0193825s, 17880 KB] New best heuristic value for pinch_tracking: 48
[t=0.0194295s, 17880 KB] g=13, 116 evaluated, 13 expanded
[t=0.0200838s, 17880 KB] New best heuristic value for pinch_tracking: 45
[t=0.0201314s, 17880 KB] g=14, 125 evaluated, 14 expanded
[t=0.020743s, 17880 KB] New best heuristic value for pinch_tracking: 42
[t=0.0207977s, 17880 KB] g=15, 133 evaluated, 15 expanded
[t=0.0211896s, 17880 KB] New best heuristic value for pinch_tracking: 39
[t=0.0212355s, 17880 KB] g=16, 138 evaluated, 16 expanded
[t=0.0219001s, 17880 KB] New best heuristic value for pinch_tracking: 36
[t=0.0219563s, 17880 KB] g=17, 147 evaluated, 17 expanded
[t=0.0223553s, 17880 KB] New best heuristic value for pinch_tracking: 33
[t=0.0224014s, 17880 KB] g=18, 154 evaluated, 18 expanded
[t=0.0227637s, 17880 KB] New best heuristic value for pinch_tracking: 30
[t=0.0228101s, 17880 KB] g=19, 161 evaluated, 19 expanded
[t=0.0232976s, 17880 KB] New best heuristic value for pinch_tracking: 29
[t=0.0233437s, 17880 KB] g=20, 169 evaluated, 20 expanded
[t=0.0234285s, 17880 KB] New best heuristic value for pinch_tracking: 28
[t=0.0234783s, 17880 KB] g=20, 170 evaluated, 20 expanded
[t=0.024096s, 17880 KB] New best heuristic value for pinch_tracking: 27
[t=0.0241422s, 17880 KB] g=21, 182 evaluated, 21 expanded
[t=0.0242428s, 17880 KB] New best heuristic value for pinch_tracking: 26
[t=0.0242854s, 17880 KB] g=21, 184 evaluated, 21 expanded
[t=0.0248333s, 17880 KB] New best heuristic value for pinch_tracking: 25
[t=0.024881s, 17880 KB] g=22, 195 evaluated, 22 expanded
[t=0.0256257s, 17880 KB] New best heuristic value for pinch_tracking: 24
[t=0.0256741s, 17880 KB] g=23, 208 evaluated, 23 expanded
[t=0.0262571s, 17880 KB] New best heuristic value for pinch_tracking: 23
[t=0.0263086s, 17880 KB] g=24, 216 evaluated, 24 expanded
[t=0.0284123s, 17880 KB] New best heuristic value for pinch_tracking: 21
[t=0.0284696s, 17880 KB] g=24, 252 evaluated, 28 expanded
[t=0.0290449s, 17880 KB] New best heuristic value for pinch_tracking: 19
[t=0.0290935s, 17880 KB] g=25, 260 evaluated, 29 expanded
[t=0.0328832s, 17880 KB] New best heuristic value for pinch_tracking: 18
[t=0.0329547s, 17880 KB] g=25, 326 evaluated, 37 expanded
[t=0.033529s, 17880 KB] New best heuristic value for pinch_tracking: 15
[t=0.0335765s, 17880 KB] g=26, 334 evaluated, 38 expanded
[t=0.0340999s, 17880 KB] New best heuristic value for pinch_tracking: 14
[t=0.0341453s, 17880 KB] g=27, 342 evaluated, 39 expanded
[t=0.0413258s, 17880 KB] New best heuristic value for pinch_tracking: 13
[t=0.0414023s, 17880 KB] g=34, 465 evaluated, 58 expanded, 3 reopened
[t=0.0871613s, 17880 KB] New best heuristic value for pinch_tracking: 12
[t=0.0872567s, 17880 KB] g=37, 1235 evaluated, 214 expanded, 34 reopened
[t=0.116246s, 17880 KB] New best heuristic value for pinch_tracking: 11
[t=0.11634s, 17880 KB] g=40, 1816 evaluated, 289 expanded, 34 reopened
[t=0.841381s, 19456 KB] New best heuristic value for pinch_tracking: 10
[t=0.841481s, 19456 KB] g=43, 16978 evaluated, 2326 expanded, 64 reopened
[t=0.997089s, 19592 KB] New best heuristic value for pinch_tracking: 9
[t=0.997207s, 19592 KB] g=44, 20295 evaluated, 2787 expanded, 76 reopened
[t=1.81255s, 21312 KB] New best heuristic value for pinch_tracking: 8
[t=1.81266s, 21312 KB] g=51, 37598 evaluated, 5218 expanded, 130 reopened
[t=19.0324s, 49056 KB] New best heuristic value for pinch_tracking: 7
[t=19.0325s, 49056 KB] g=54, 420745 evaluated, 64931 expanded, 3492 reopened
[t=19.2997s, 49320 KB] New best heuristic value for pinch_tracking: 6
[t=19.2998s, 49320 KB] g=55, 426794 evaluated, 65996 expanded, 3594 reopened
[t=84.3961s, 178132 KB] New best heuristic value for pinch_tracking: 5
[t=84.3962s, 178132 KB] g=60, 1966839 evaluated, 326099 expanded, 21351 reopened
[t=222.37s, 467488 KB] New best heuristic value for pinch_tracking: 4
[t=222.37s, 467488 KB] g=61, 5255627 evaluated, 1019570 expanded, 130324 reopened
[t=222.37s, 467488 KB] New best heuristic value for pinch_tracking: 3
[t=222.37s, 467488 KB] g=62, 5255632 evaluated, 1019571 expanded, 130324 reopened
[t=439.926s, 923032 KB] New best heuristic value for pinch_tracking: 2
[t=439.926s, 923032 KB] g=67, 10771233 evaluated, 2205168 expanded, 186411 reopened
Failed to allocate memory.
Memory limit has been reached.
Peak memory: 3670016 KB
Remove intermediate file output.sas
search exit code: 22

Driver aborting after search
