INFO     Running translator.
INFO     translator stdin: None
INFO     translator time limit: 1799.94s
INFO     translator memory limit: 3584 MB
INFO     translator command line string: /infai/weidan00/downward/experiments/bachelor/.venv/bin/python3 /infai/weidan00/downward/experiments/bachelor/data/bachelor-v1/code-7aa5f34_e5e41175/builds/release/bin/translate/translate.py domain.pddl problem.pddl --sas-file output.sas
Parsing...
Parsing: [0.110s CPU, 0.118s wall-clock]
Normalizing task... [0.010s CPU, 0.010s wall-clock]
Instantiating...
Generating Datalog program... [0.010s CPU, 0.008s wall-clock]
Normalizing Datalog program...
Normalizing Datalog program: [0.020s CPU, 0.022s wall-clock]
Preparing model... [0.050s CPU, 0.039s wall-clock]
Generated 1439 rules.
Computing model... [0.020s CPU, 0.019s wall-clock]
745 relevant atoms
0 auxiliary atoms
745 final queue length
1454 total queue pushes
Completing instantiation... [0.020s CPU, 0.022s wall-clock]
Instantiating: [0.120s CPU, 0.115s wall-clock]
Computing fact groups...
Finding invariants...
44 initial candidates
Finding invariants: [0.090s CPU, 0.092s wall-clock]
Checking invariant weight... [0.000s CPU, 0.000s wall-clock]
Instantiating groups... [0.000s CPU, 0.000s wall-clock]
Collecting mutex groups... [0.000s CPU, 0.000s wall-clock]
Choosing groups...
7 uncovered facts
Choosing groups: [0.000s CPU, 0.000s wall-clock]
Building translation key... [0.000s CPU, 0.000s wall-clock]
Computing fact groups: [0.090s CPU, 0.093s wall-clock]
Building STRIPS to SAS dictionary... [0.000s CPU, 0.000s wall-clock]
Building dictionary for full mutex groups... [0.000s CPU, 0.000s wall-clock]
Building mutex information...
Building mutex information: [0.000s CPU, 0.000s wall-clock]
Translating task...
Processing axioms...
Simplifying axioms... [0.000s CPU, 0.000s wall-clock]
Processing axioms: [0.010s CPU, 0.003s wall-clock]
Translating task: [0.040s CPU, 0.040s wall-clock]
52 effect conditions simplified
0 implied preconditions added
Detecting unreachable propositions...
0 operators removed
0 axioms removed
13 propositions removed
Detecting unreachable propositions: [0.020s CPU, 0.018s wall-clock]
Reordering and filtering variables...
20 of 20 variables necessary.
0 of 13 mutex groups necessary.
700 of 700 operators necessary.
0 of 0 axiom rules necessary.
Reordering and filtering variables: [0.010s CPU, 0.007s wall-clock]
Translator variables: 20
Translator derived variables: 0
Translator facts: 51
Translator goal facts: 2
Translator mutex groups: 0
Translator total mutex groups size: 0
Translator operators: 700
Translator axioms: 0
Translator task size: 8750
Translator peak memory: 149708 KB
Writing output... [0.010s CPU, 0.015s wall-clock]
Done! [0.410s CPU, 0.418s wall-clock]
translate exit code: 0

INFO     Running search (release).
INFO     search stdin: output.sas
INFO     search time limit: 1799.47s
INFO     search memory limit: 3584 MB
INFO     search command line string: /infai/weidan00/downward/experiments/bachelor/data/bachelor-v1/code-7aa5f34_e5e41175/builds/release/bin/downward --search 'eager_wastar([pinch_tracking()], w=2)' --internal-plan-file sas_plan < output.sas
[t=5.9038e-05s, 17204 KB] reading input...
[t=0.00629092s, 17344 KB] done reading input!
[t=0.00834644s, 17740 KB] Simplifying 790 unary operators... done! [286 unary operators]
[t=0.00879239s, 17740 KB] time to simplify: 0.000501229s
[t=0.0088961s, 17740 KB] Initializing pinch tracking heuristic...
[t=0.00901642s, 17740 KB] Building successor generator...done!
[t=0.00955511s, 17884 KB] peak memory difference for successor generator creation: 144 KB
[t=0.00959518s, 17884 KB] time for successor generation creation: 0.000409269s
[t=0.009646s, 17884 KB] Variables: 20
[t=0.00968669s, 17884 KB] FactPairs: 51
[t=0.00973225s, 17884 KB] Bytes per state: 4
[t=0.00985144s, 17884 KB] Conducting best first search with reopening closed nodes, (real) bound = 2147483647
[t=0.00999627s, 17884 KB] New best heuristic value for pinch_tracking: 2
[t=0.0100396s, 17884 KB] g=0, 1 evaluated, 0 expanded
[t=0.0100921s, 17884 KB] Initial heuristic value for pinch_tracking: 2
[t=0.0101343s, 17884 KB] pruning method: none
[t=0.0483619s, 17884 KB] New best heuristic value for pinch_tracking: 1
[t=0.0484367s, 17884 KB] g=9, 1967 evaluated, 341 expanded
[t=0.0484988s, 17884 KB] New best heuristic value for pinch_tracking: 0
[t=0.0485412s, 17884 KB] g=10, 1968 evaluated, 342 expanded
[t=0.0487435s, 17884 KB] Solution found!
[t=0.0487886s, 17884 KB] Actual search time: 0.0386521s
wait_cb1  (1)
wait_cb1-condeff1-no-0  (1)
wait_cb1-condeff0-yes  (1)
wait_cb1-endof-condeffs  (1)
open-sd4  (1)
close_sd6  (1)
close_sd6-condeff1-no-0  (1)
close_sd6-condeff0-no-0  (1)
close_sd6-endof-condeffs  (1)
reach-goal-511  (1)
[t=0.048833s, 17884 KB] Plan length: 10 step(s).
[t=0.048833s, 17884 KB] Plan cost: 10
[t=0.048833s, 17884 KB] Expanded 343 state(s).
[t=0.048833s, 17884 KB] Reopened 0 state(s).
[t=0.048833s, 17884 KB] Evaluated 1978 state(s).
[t=0.048833s, 17884 KB] Evaluations: 1978
[t=0.048833s, 17884 KB] Generated 3061 state(s).
[t=0.048833s, 17884 KB] Dead ends: 0 state(s).
[t=0.048833s, 17884 KB] Number of registered states: 1978
[t=0.048833s, 17884 KB] Int hash set load factor: 1978/4096 = 0.48291
[t=0.048833s, 17884 KB] Int hash set resizes: 12
[t=0.048833s, 17884 KB] mean number of q cost that have been adjusted 0 times in relation to total number of q: -1
[t=0.048833s, 17884 KB] mean number of q cost that have been adjusted 1 times in relation to total number of q: -1
[t=0.048833s, 17884 KB] mean number of q cost that have been adjusted 2 times in relation to total number of q: -1
[t=0.048833s, 17884 KB] mean number of q that are at some point overconsitent in relation to total number of q: -1
[t=0.048833s, 17884 KB] mean number of q that are at first underconsisten in relation to total number of q: -1
[t=0.048833s, 17884 KB] mean number of state variables that are not in common between two following states in relation to total number of state variables: -1
[t=0.048833s, 17884 KB] variance number of state variables that are not in common between two following states in relation to total number of state variables: -1
[t=0.048833s, 17884 KB] Search time: 0.0389825s
[t=0.048833s, 17884 KB] Total time: 0.048833s
Solution found.
Peak memory: 17884 KB
Remove intermediate file output.sas
search exit code: 0

INFO     Running validate.
INFO     validate stdin: None
INFO     validate time limit: None
INFO     validate memory limit: None
INFO     validate command line string: validate domain.pddl problem.pddl sas_plan
