INFO     Running translator.
INFO     translator stdin: None
INFO     translator time limit: 1799.96s
INFO     translator memory limit: 3584 MB
INFO     translator command line string: /infai/weidan00/downward/experiments/bachelor/.venv/bin/python3 /infai/weidan00/downward/experiments/bachelor/data/bachelor-v1/code-7aa5f34_e5e41175/builds/release/bin/translate/translate.py domain.pddl problem.pddl --sas-file output.sas
Parsing...
Parsing: [0.000s CPU, 0.006s wall-clock]
Normalizing task... [0.000s CPU, 0.000s wall-clock]
Instantiating...
Generating Datalog program... [0.000s CPU, 0.001s wall-clock]
Normalizing Datalog program...
Normalizing Datalog program: [0.010s CPU, 0.002s wall-clock]
Preparing model... [0.000s CPU, 0.004s wall-clock]
Generated 65 rules.
Computing model... [0.030s CPU, 0.022s wall-clock]
2024 relevant atoms
380 auxiliary atoms
2404 final queue length
6323 total queue pushes
Completing instantiation... [0.090s CPU, 0.093s wall-clock]
Instantiating: [0.130s CPU, 0.123s wall-clock]
Computing fact groups...
Finding invariants...
21 initial candidates
Finding invariants: [0.000s CPU, 0.004s wall-clock]
Checking invariant weight... [0.000s CPU, 0.000s wall-clock]
Instantiating groups... [0.000s CPU, 0.000s wall-clock]
Collecting mutex groups... [0.000s CPU, 0.000s wall-clock]
Choosing groups...
768 uncovered facts
Choosing groups: [0.000s CPU, 0.000s wall-clock]
Building translation key... [0.000s CPU, 0.003s wall-clock]
Computing fact groups: [0.010s CPU, 0.016s wall-clock]
Building STRIPS to SAS dictionary... [0.000s CPU, 0.001s wall-clock]
Building dictionary for full mutex groups... [0.000s CPU, 0.001s wall-clock]
Building mutex information...
Building mutex information: [0.010s CPU, 0.001s wall-clock]
Translating task...
Processing axioms...
Simplifying axioms... [0.000s CPU, 0.000s wall-clock]
Processing axioms: [0.000s CPU, 0.008s wall-clock]
Translating task: [0.150s CPU, 0.159s wall-clock]
4407 effect conditions simplified
0 implied preconditions added
Detecting unreachable propositions...
0 operators removed
0 axioms removed
30 propositions removed
Detecting unreachable propositions: [0.060s CPU, 0.054s wall-clock]
Reordering and filtering variables...
396 of 753 variables necessary.
0 of 0 mutex groups necessary.
1033 of 1033 operators necessary.
0 of 0 axiom rules necessary.
Reordering and filtering variables: [0.060s CPU, 0.060s wall-clock]
Translator variables: 396
Translator derived variables: 0
Translator facts: 792
Translator goal facts: 43
Translator mutex groups: 0
Translator total mutex groups size: 0
Translator operators: 1033
Translator axioms: 0
Translator task size: 9947
Translator peak memory: 153292 KB
Writing output... [0.010s CPU, 0.021s wall-clock]
Done! [0.440s CPU, 0.449s wall-clock]
translate exit code: 0

INFO     Running search (release).
INFO     search stdin: output.sas
INFO     search time limit: 1799.45s
INFO     search memory limit: 3584 MB
INFO     search command line string: /infai/weidan00/downward/experiments/bachelor/data/bachelor-v1/code-7aa5f34_e5e41175/builds/release/bin/downward --search 'eager_wastar([pinch()], w=2)' --internal-plan-file sas_plan < output.sas
[t=6.3515e-05s, 17204 KB] reading input...
[t=0.0101972s, 17644 KB] done reading input!
[t=0.0128689s, 18212 KB] Simplifying 4371 unary operators... done! [3494 unary operators]
[t=0.0164697s, 18608 KB] time to simplify: 0.00373761s
[t=0.0169165s, 18608 KB] Initializing pinch heuristic...
[t=0.0170948s, 18608 KB] Building successor generator...done!
[t=0.0177462s, 18608 KB] peak memory difference for successor generator creation: 0 KB
[t=0.0177867s, 18608 KB] time for successor generation creation: 0.000512172s
[t=0.017843s, 18608 KB] Variables: 396
[t=0.0178843s, 18608 KB] FactPairs: 792
[t=0.0179333s, 18608 KB] Bytes per state: 52
[t=0.0180736s, 18608 KB] Conducting best first search with reopening closed nodes, (real) bound = 2147483647
[t=0.0185264s, 18608 KB] New best heuristic value for pinch: 43
[t=0.0185727s, 18608 KB] g=0, 1 evaluated, 0 expanded
[t=0.0186277s, 18608 KB] Initial heuristic value for pinch: 43
[t=0.0186702s, 18608 KB] pruning method: none
[t=0.02159s, 18608 KB] New best heuristic value for pinch: 42
[t=0.0216414s, 18608 KB] g=1, 38 evaluated, 1 expanded
[t=0.076479s, 18608 KB] New best heuristic value for pinch: 41
[t=0.0765861s, 18608 KB] g=2, 860 evaluated, 2 expanded
[t=0.116216s, 18608 KB] New best heuristic value for pinch: 40
[t=0.11631s, 18608 KB] g=3, 1650 evaluated, 3 expanded
[t=0.138435s, 18608 KB] New best heuristic value for pinch: 39
[t=0.138536s, 18608 KB] g=4, 2525 evaluated, 5 expanded
[t=0.144237s, 18608 KB] New best heuristic value for pinch: 38
[t=0.144295s, 18608 KB] g=5, 2599 evaluated, 6 expanded
[t=0.22362s, 18608 KB] New best heuristic value for pinch: 37
[t=0.223718s, 18608 KB] g=6, 3742 evaluated, 7 expanded
[t=4.76067s, 26304 KB] New best heuristic value for pinch: 36
[t=4.76079s, 26304 KB] g=8, 93409 evaluated, 258 expanded
[t=4.82937s, 26436 KB] New best heuristic value for pinch: 35
[t=4.82948s, 26436 KB] g=9, 94446 evaluated, 259 expanded
[t=8.1405s, 33060 KB] New best heuristic value for pinch: 34
[t=8.14061s, 33060 KB] g=11, 169401 evaluated, 496 expanded
[t=8.20755s, 33060 KB] New best heuristic value for pinch: 33
[t=8.20766s, 33060 KB] g=12, 170419 evaluated, 497 expanded
[t=10.6203s, 41452 KB] New best heuristic value for pinch: 32
[t=10.6204s, 41452 KB] g=14, 235129 evaluated, 728 expanded
[t=30.6399s, 109992 KB] New best heuristic value for pinch: 31
[t=30.64s, 109992 KB] g=16, 939244 evaluated, 3716 expanded
[t=30.6738s, 109992 KB] New best heuristic value for pinch: 30
[t=30.6739s, 109992 KB] g=17, 939686 evaluated, 3717 expanded
[t=32.8733s, 110660 KB] New best heuristic value for pinch: 29
[t=32.8734s, 110660 KB] g=19, 1014201 evaluated, 3967 expanded
[t=32.9186s, 110792 KB] New best heuristic value for pinch: 28
[t=32.9187s, 110792 KB] g=20, 1014895 evaluated, 3968 expanded
[t=35.1414s, 116452 KB] New best heuristic value for pinch: 27
[t=35.1416s, 116452 KB] g=22, 1090428 evaluated, 4226 expanded
[t=35.1511s, 116452 KB] New best heuristic value for pinch: 26
[t=35.1511s, 116452 KB] g=23, 1090552 evaluated, 4227 expanded
[t=37.4338s, 122400 KB] New best heuristic value for pinch: 25
[t=37.4339s, 122400 KB] g=25, 1169720 evaluated, 4496 expanded
[t=38.1s, 123208 KB] New best heuristic value for pinch: 24
[t=38.1001s, 123208 KB] g=26, 1180508 evaluated, 4524 expanded
[t=40.4393s, 129280 KB] New best heuristic value for pinch: 23
[t=40.4394s, 129280 KB] g=28, 1261783 evaluated, 4803 expanded
[t=44.3873s, 137352 KB] New best heuristic value for pinch: 22
[t=44.3874s, 137352 KB] g=30, 1368323 evaluated, 5197 expanded
[t=69.8749s, 204628 KB] New best heuristic value for pinch: 21
[t=69.875s, 204628 KB] g=32, 2048580 evaluated, 7176 expanded
[t=211.995s, 525608 KB] New best heuristic value for pinch: 20
[t=211.995s, 525608 KB] g=34, 5889925 evaluated, 18655 expanded
[t=583.479s, 1471744 KB] New best heuristic value for pinch: 19
[t=583.479s, 1471744 KB] g=36, 15886559 evaluated, 49076 expanded
[t=1150.92s, 2881492 KB] New best heuristic value for pinch: 18
[t=1150.92s, 2881492 KB] g=38, 31185328 evaluated, 96377 expanded
Failed to allocate memory.
Memory limit has been reached.
Peak memory: 3670012 KB
Remove intermediate file output.sas
search exit code: 22

Driver aborting after search
