INFO     Running translator.
INFO     translator stdin: None
INFO     translator time limit: 1799.96s
INFO     translator memory limit: 3584 MB
INFO     translator command line string: /infai/weidan00/downward/experiments/bachelor/.venv/bin/python3 /infai/weidan00/downward/experiments/bachelor/data/bachelor-v1/code-7aa5f34_e5e41175/builds/release/bin/translate/translate.py domain.pddl problem.pddl --sas-file output.sas
Parsing...
Parsing: [0.000s CPU, 0.004s wall-clock]
Normalizing task... [0.000s CPU, 0.000s wall-clock]
Instantiating...
Generating Datalog program... [0.000s CPU, 0.001s wall-clock]
Normalizing Datalog program...
Normalizing Datalog program: [0.010s CPU, 0.002s wall-clock]
Preparing model... [0.000s CPU, 0.003s wall-clock]
Generated 41 rules.
Computing model... [0.130s CPU, 0.131s wall-clock]
17299 relevant atoms
1562 auxiliary atoms
18861 final queue length
37120 total queue pushes
Completing instantiation... [0.760s CPU, 0.773s wall-clock]
Instantiating: [0.910s CPU, 0.915s wall-clock]
Computing fact groups...
Finding invariants...
18 initial candidates
Finding invariants: [0.000s CPU, 0.007s wall-clock]
Checking invariant weight... [0.000s CPU, 0.001s wall-clock]
Instantiating groups... [0.010s CPU, 0.005s wall-clock]
Collecting mutex groups... [0.000s CPU, 0.000s wall-clock]
Choosing groups...
91 uncovered facts
Choosing groups: [0.000s CPU, 0.001s wall-clock]
Building translation key... [0.000s CPU, 0.001s wall-clock]
Computing fact groups: [0.010s CPU, 0.018s wall-clock]
Building STRIPS to SAS dictionary... [0.000s CPU, 0.000s wall-clock]
Building dictionary for full mutex groups... [0.000s CPU, 0.000s wall-clock]
Building mutex information...
Building mutex information: [0.000s CPU, 0.000s wall-clock]
Translating task...
Processing axioms...
Simplifying axioms... [0.000s CPU, 0.000s wall-clock]
Processing axioms: [0.040s CPU, 0.034s wall-clock]
Translating task: [1.040s CPU, 1.036s wall-clock]
28280 effect conditions simplified
0 implied preconditions added
Detecting unreachable propositions...
0 operators removed
0 axioms removed
4 propositions removed
Detecting unreachable propositions: [0.490s CPU, 0.491s wall-clock]
Reordering and filtering variables...
123 of 123 variables necessary.
28 of 88 mutex groups necessary.
16652 of 16652 operators necessary.
0 of 0 axiom rules necessary.
Reordering and filtering variables: [0.150s CPU, 0.144s wall-clock]
Translator variables: 123
Translator derived variables: 0
Translator facts: 394
Translator goal facts: 21
Translator mutex groups: 28
Translator total mutex groups size: 56
Translator operators: 16652
Translator axioms: 0
Translator task size: 114614
Translator peak memory: 219084 KB
Writing output... [0.180s CPU, 0.205s wall-clock]
Done! [2.810s CPU, 2.851s wall-clock]
translate exit code: 0

INFO     Running search (release).
INFO     search stdin: output.sas
INFO     search time limit: 1797.07s
INFO     search memory limit: 3584 MB
INFO     search command line string: /infai/weidan00/downward/experiments/bachelor/data/bachelor-v1/code-7aa5f34_e5e41175/builds/release/bin/downward --search 'eager_wastar([add()], w=2)' --internal-plan-file sas_plan < output.sas
[t=6.1449e-05s, 17204 KB] reading input...
[t=0.109908s, 22740 KB] done reading input!
[t=0.119712s, 25908 KB] Simplifying 49076 unary operators... done! [41684 unary operators]
[t=0.172921s, 29732 KB] time to simplify: 0.0533157s
[t=0.174851s, 29732 KB] Initializing additive heuristic...
[t=0.17505s, 29732 KB] Building successor generator...done!
[t=0.183779s, 29732 KB] peak memory difference for successor generator creation: 0 KB
[t=0.183828s, 29732 KB] time for successor generation creation: 0.00838148s
[t=0.184037s, 29732 KB] Variables: 123
[t=0.18409s, 29732 KB] FactPairs: 394
[t=0.18413s, 29732 KB] Bytes per state: 24
[t=0.184282s, 29732 KB] Conducting best first search with reopening closed nodes, (real) bound = 2147483647
[t=0.185029s, 29732 KB] New best heuristic value for add: 92
[t=0.185089s, 29732 KB] g=0, 1 evaluated, 0 expanded
[t=0.185139s, 29732 KB] Initial heuristic value for add: 92
[t=0.18518s, 29732 KB] pruning method: none
[t=0.191013s, 29732 KB] New best heuristic value for add: 79
[t=0.191118s, 29732 KB] g=1, 14 evaluated, 1 expanded
[t=0.343584s, 29732 KB] New best heuristic value for add: 63
[t=0.343698s, 29732 KB] g=1, 392 evaluated, 1 expanded
[t=5.85795s, 29732 KB] New best heuristic value for add: 42
[t=5.85807s, 29732 KB] g=2, 14157 evaluated, 2 expanded
[t=10.5085s, 29732 KB] New best heuristic value for add: 35
[t=10.5086s, 29732 KB] g=3, 26293 evaluated, 3 expanded
Peak memory: 321420 KB
caught signal 24 -- exiting
Time limit has been reached.
Remove intermediate file output.sas
search exit code: 23

Driver aborting after search
