INFO     Running translator.
INFO     translator stdin: None
INFO     translator time limit: 1799.96s
INFO     translator memory limit: 3584 MB
INFO     translator command line string: /infai/weidan00/downward/experiments/bachelor/.venv/bin/python3 /infai/weidan00/downward/experiments/bachelor/data/bachelor-v1/code-7aa5f34_e5e41175/builds/release/bin/translate/translate.py domain.pddl problem.pddl --sas-file output.sas
Parsing...
Parsing: [0.000s CPU, 0.003s wall-clock]
Normalizing task... [0.000s CPU, 0.000s wall-clock]
Instantiating...
Generating Datalog program... [0.000s CPU, 0.001s wall-clock]
Normalizing Datalog program...
Normalizing Datalog program: [0.000s CPU, 0.003s wall-clock]
Preparing model... [0.000s CPU, 0.002s wall-clock]
Generated 51 rules.
Computing model... [0.020s CPU, 0.017s wall-clock]
681 relevant atoms
780 auxiliary atoms
1461 final queue length
1699 total queue pushes
Completing instantiation... [0.010s CPU, 0.011s wall-clock]
Instantiating: [0.030s CPU, 0.034s wall-clock]
Computing fact groups...
Finding invariants...
6 initial candidates
Finding invariants: [0.000s CPU, 0.002s wall-clock]
Checking invariant weight... [0.000s CPU, 0.000s wall-clock]
Instantiating groups... [0.010s CPU, 0.002s wall-clock]
Collecting mutex groups... [0.000s CPU, 0.000s wall-clock]
Choosing groups...
0 uncovered facts
Choosing groups: [0.000s CPU, 0.000s wall-clock]
Building translation key... [0.000s CPU, 0.000s wall-clock]
Computing fact groups: [0.010s CPU, 0.006s wall-clock]
Building STRIPS to SAS dictionary... [0.000s CPU, 0.000s wall-clock]
Building dictionary for full mutex groups... [0.000s CPU, 0.000s wall-clock]
Building mutex information...
Building mutex information: [0.000s CPU, 0.000s wall-clock]
Translating task...
Processing axioms...
Simplifying axioms... [0.000s CPU, 0.000s wall-clock]
Processing axioms: [0.000s CPU, 0.001s wall-clock]
Translating task: [0.010s CPU, 0.010s wall-clock]
0 effect conditions simplified
0 implied preconditions added
Detecting unreachable propositions...
0 operators removed
0 axioms removed
16 propositions removed
Detecting unreachable propositions: [0.000s CPU, 0.005s wall-clock]
Reordering and filtering variables...
16 of 16 variables necessary.
0 of 16 mutex groups necessary.
342 of 342 operators necessary.
0 of 0 axiom rules necessary.
Reordering and filtering variables: [0.000s CPU, 0.001s wall-clock]
Translator variables: 16
Translator derived variables: 0
Translator facts: 151
Translator goal facts: 4
Translator mutex groups: 0
Translator total mutex groups size: 0
Translator operators: 342
Translator axioms: 0
Translator task size: 1445
Translator peak memory: 143820 KB
Writing output... [0.000s CPU, 0.005s wall-clock]
Done! [0.050s CPU, 0.065s wall-clock]
translate exit code: 0

INFO     Running search (release).
INFO     search stdin: output.sas
INFO     search time limit: 1799.85s
INFO     search memory limit: 3584 MB
INFO     search command line string: /infai/weidan00/downward/experiments/bachelor/data/bachelor-v1/code-7aa5f34_e5e41175/builds/release/bin/downward --search 'eager_wastar([pinch()], w=2)' --internal-plan-file sas_plan < output.sas
[t=6.2714e-05s, 17204 KB] reading input...
[t=0.00207524s, 17344 KB] done reading input!
[t=0.00396973s, 17608 KB] Simplifying 342 unary operators... done! [342 unary operators]
[t=0.00420741s, 17608 KB] time to simplify: 0.00031577s
[t=0.00433683s, 17608 KB] Initializing pinch heuristic...
[t=0.0044528s, 17608 KB] Building successor generator...done!
[t=0.00476202s, 17608 KB] peak memory difference for successor generator creation: 0 KB
[t=0.00480142s, 17608 KB] time for successor generation creation: 0.000187199s
[t=0.0048493s, 17608 KB] Variables: 16
[t=0.00488919s, 17608 KB] FactPairs: 151
[t=0.00492876s, 17608 KB] Bytes per state: 8
[t=0.00504279s, 17608 KB] Conducting best first search with reopening closed nodes, (real) bound = 2147483647
[t=0.00517691s, 17608 KB] New best heuristic value for pinch: 23
[t=0.0052202s, 17608 KB] g=0, 1 evaluated, 0 expanded
[t=0.00527s, 17608 KB] Initial heuristic value for pinch: 23
[t=0.00531099s, 17608 KB] pruning method: none
[t=0.00541267s, 17608 KB] New best heuristic value for pinch: 22
[t=0.00545419s, 17608 KB] g=1, 10 evaluated, 1 expanded
[t=0.00568382s, 17608 KB] New best heuristic value for pinch: 21
[t=0.00572708s, 17608 KB] g=2, 32 evaluated, 2 expanded
[t=0.00594241s, 17608 KB] New best heuristic value for pinch: 20
[t=0.00599281s, 17608 KB] g=3, 53 evaluated, 3 expanded
[t=0.00623544s, 17608 KB] New best heuristic value for pinch: 19
[t=0.00627841s, 17608 KB] g=4, 78 evaluated, 4 expanded
[t=0.00648968s, 17608 KB] New best heuristic value for pinch: 18
[t=0.00653297s, 17608 KB] g=5, 100 evaluated, 5 expanded
[t=0.00675338s, 17608 KB] New best heuristic value for pinch: 17
[t=0.00679718s, 17608 KB] g=6, 123 evaluated, 6 expanded
[t=0.00712259s, 17608 KB] New best heuristic value for pinch: 16
[t=0.0071667s, 17608 KB] g=7, 157 evaluated, 7 expanded
[t=0.00735587s, 17608 KB] New best heuristic value for pinch: 15
[t=0.0073984s, 17608 KB] g=8, 178 evaluated, 8 expanded
[t=0.00755561s, 17608 KB] New best heuristic value for pinch: 14
[t=0.0075975s, 17608 KB] g=9, 194 evaluated, 9 expanded
[t=0.00792149s, 17608 KB] New best heuristic value for pinch: 13
[t=0.00796554s, 17608 KB] g=9, 235 evaluated, 11 expanded
[t=0.008085s, 17608 KB] New best heuristic value for pinch: 12
[t=0.00812806s, 17608 KB] g=10, 249 evaluated, 12 expanded
[t=0.00952626s, 17608 KB] New best heuristic value for pinch: 11
[t=0.00957399s, 17608 KB] g=12, 438 evaluated, 25 expanded
[t=0.00971614s, 17608 KB] New best heuristic value for pinch: 10
[t=0.00975989s, 17608 KB] g=13, 453 evaluated, 26 expanded
[t=0.00995863s, 17608 KB] New best heuristic value for pinch: 9
[t=0.0100017s, 17608 KB] g=14, 474 evaluated, 27 expanded
[t=0.0101059s, 17608 KB] New best heuristic value for pinch: 8
[t=0.0101477s, 17608 KB] g=15, 486 evaluated, 28 expanded
[t=0.0103442s, 17608 KB] New best heuristic value for pinch: 7
[t=0.0103862s, 17608 KB] g=16, 506 evaluated, 29 expanded
[t=0.0106309s, 17608 KB] New best heuristic value for pinch: 6
[t=0.0106796s, 17608 KB] g=17, 526 evaluated, 30 expanded
[t=0.0109265s, 17608 KB] New best heuristic value for pinch: 5
[t=0.0109692s, 17608 KB] g=18, 552 evaluated, 31 expanded
[t=0.0111507s, 17608 KB] New best heuristic value for pinch: 4
[t=0.011193s, 17608 KB] g=19, 570 evaluated, 32 expanded
[t=0.0113597s, 17608 KB] New best heuristic value for pinch: 3
[t=0.0114012s, 17608 KB] g=20, 589 evaluated, 33 expanded
[t=0.0115696s, 17608 KB] New best heuristic value for pinch: 2
[t=0.0116116s, 17608 KB] g=21, 606 evaluated, 34 expanded
[t=0.0118169s, 17608 KB] New best heuristic value for pinch: 1
[t=0.0118592s, 17608 KB] g=22, 628 evaluated, 35 expanded
[t=0.0120099s, 17608 KB] New best heuristic value for pinch: 0
[t=0.0120523s, 17608 KB] g=23, 643 evaluated, 36 expanded
[t=0.0120941s, 17608 KB] Solution found!
[t=0.012137s, 17608 KB] Actual search time: 0.0068224s
load-truck package4 truck2 city8-1 (1)
drive-truck truck2 city8-1 city8-2 city8 (1)
unload-truck package4 truck2 city8-2 (1)
load-truck package3 truck11 city9-1 (1)
drive-truck truck11 city9-1 city9-2 city9 (1)
unload-truck package3 truck11 city9-2 (1)
load-airplane package4 plane1 city8-2 (1)
load-airplane package2 plane1 city8-2 (1)
fly-airplane plane1 city8-2 city9-2 (1)
load-airplane package3 plane1 city9-2 (1)
fly-airplane plane1 city9-2 city2-2 (1)
unload-airplane package4 plane1 city2-2 (1)
fly-airplane plane1 city2-2 city3-2 (1)
unload-airplane package2 plane1 city3-2 (1)
load-truck package2 truck1 city3-2 (1)
drive-truck truck1 city3-2 city3-1 city3 (1)
unload-truck package2 truck1 city3-1 (1)
fly-airplane plane1 city3-2 city6-2 (1)
load-airplane package1 plane1 city6-2 (1)
fly-airplane plane1 city6-2 city7-2 (1)
unload-airplane package3 plane1 city7-2 (1)
fly-airplane plane1 city7-2 city9-2 (1)
unload-airplane package1 plane1 city9-2 (1)
[t=0.0121798s, 17608 KB] Plan length: 23 step(s).
[t=0.0121798s, 17608 KB] Plan cost: 23
[t=0.0121798s, 17608 KB] Expanded 37 state(s).
[t=0.0121798s, 17608 KB] Reopened 0 state(s).
[t=0.0121798s, 17608 KB] Evaluated 643 state(s).
[t=0.0121798s, 17608 KB] Evaluations: 643
[t=0.0121798s, 17608 KB] Generated 807 state(s).
[t=0.0121798s, 17608 KB] Dead ends: 0 state(s).
[t=0.0121798s, 17608 KB] Number of registered states: 643
[t=0.0121798s, 17608 KB] Int hash set load factor: 643/1024 = 0.62793
[t=0.0121798s, 17608 KB] Int hash set resizes: 10
[t=0.0121798s, 17608 KB] mean number of q cost that have been adjusted 0 times in relation to total number of q: -1
[t=0.0121798s, 17608 KB] mean number of q cost that have been adjusted 1 times in relation to total number of q: -1
[t=0.0121798s, 17608 KB] mean number of q cost that have been adjusted 2 times in relation to total number of q: -1
[t=0.0121798s, 17608 KB] mean number of q that are at some point overconsitent in relation to total number of q: -1
[t=0.0121798s, 17608 KB] mean number of q that are at first underconsisten in relation to total number of q: -1
[t=0.0121798s, 17608 KB] mean number of state variables that are not in common between two following states in relation to total number of state variables: -1
[t=0.0121798s, 17608 KB] variance number of state variables that are not in common between two following states in relation to total number of state variables: -1
[t=0.0121798s, 17608 KB] Search time: 0.00713789s
[t=0.0121798s, 17608 KB] Total time: 0.0121798s
Solution found.
Peak memory: 17608 KB
Remove intermediate file output.sas
search exit code: 0

INFO     Running validate.
INFO     validate stdin: None
INFO     validate time limit: None
INFO     validate memory limit: None
INFO     validate command line string: validate domain.pddl problem.pddl sas_plan
