INFO     Running translator.
INFO     translator stdin: None
INFO     translator time limit: 1799.96s
INFO     translator memory limit: 3584 MB
INFO     translator command line string: /infai/weidan00/downward/experiments/bachelor/.venv/bin/python3 /infai/weidan00/downward/experiments/bachelor/data/bachelor-v1/code-7aa5f34_e5e41175/builds/release/bin/translate/translate.py domain.pddl problem.pddl --sas-file output.sas
Parsing...
Parsing: [0.010s CPU, 0.008s wall-clock]
Normalizing task... [0.000s CPU, 0.000s wall-clock]
Instantiating...
Generating Datalog program... [0.000s CPU, 0.003s wall-clock]
Normalizing Datalog program...
Normalizing Datalog program: [0.010s CPU, 0.013s wall-clock]
Preparing model... [0.010s CPU, 0.009s wall-clock]
Generated 285 rules.
Computing model... [0.580s CPU, 0.588s wall-clock]
16097 relevant atoms
4873 auxiliary atoms
20970 final queue length
171751 total queue pushes
Completing instantiation... [1.400s CPU, 1.416s wall-clock]
Instantiating: [2.020s CPU, 2.037s wall-clock]
Computing fact groups...
Finding invariants...
37 initial candidates
Finding invariants: [0.070s CPU, 0.064s wall-clock]
Checking invariant weight... [0.000s CPU, 0.000s wall-clock]
Instantiating groups... [0.000s CPU, 0.000s wall-clock]
Collecting mutex groups... [0.000s CPU, 0.000s wall-clock]
Choosing groups...
333 uncovered facts
Choosing groups: [0.000s CPU, 0.000s wall-clock]
Building translation key... [0.000s CPU, 0.001s wall-clock]
Computing fact groups: [0.070s CPU, 0.068s wall-clock]
Building STRIPS to SAS dictionary... [0.000s CPU, 0.000s wall-clock]
Building dictionary for full mutex groups... [0.000s CPU, 0.000s wall-clock]
Building mutex information...
Building mutex information: [0.000s CPU, 0.000s wall-clock]
Translating task...
Processing axioms...
Simplifying axioms... [0.000s CPU, 0.000s wall-clock]
Processing axioms: [0.040s CPU, 0.047s wall-clock]
Translating task: [0.820s CPU, 0.826s wall-clock]
0 effect conditions simplified
0 implied preconditions added
Detecting unreachable propositions...
0 operators removed
0 axioms removed
132 propositions removed
Detecting unreachable propositions: [0.390s CPU, 0.393s wall-clock]
Reordering and filtering variables...
185 of 267 variables necessary.
0 of 0 mutex groups necessary.
4817 of 4897 operators necessary.
0 of 0 axiom rules necessary.
Reordering and filtering variables: [0.300s CPU, 0.300s wall-clock]
Translator variables: 185
Translator derived variables: 0
Translator facts: 370
Translator goal facts: 3
Translator mutex groups: 0
Translator total mutex groups size: 0
Translator operators: 4817
Translator axioms: 0
Translator task size: 117874
Translator peak memory: 216268 KB
Writing output... [0.170s CPU, 0.186s wall-clock]
Done! [3.810s CPU, 3.847s wall-clock]
translate exit code: 0

INFO     Running search (release).
INFO     search stdin: output.sas
INFO     search time limit: 1796.08s
INFO     search memory limit: 3584 MB
INFO     search command line string: /infai/weidan00/downward/experiments/bachelor/data/bachelor-v1/code-7aa5f34_e5e41175/builds/release/bin/downward --search 'eager_wastar([pinch_tracking()], w=2)' --internal-plan-file sas_plan < output.sas
[t=5.7897e-05s, 17204 KB] reading input...
[t=0.10164s, 21228 KB] done reading input!
[t=0.11234s, 27028 KB] Simplifying 29672 unary operators... done! [29421 unary operators]
[t=0.129269s, 29868 KB] time to simplify: 0.0170178s
[t=0.135578s, 35348 KB] Initializing pinch tracking heuristic...
[t=0.135781s, 35348 KB] Building successor generator...done!
[t=0.141642s, 35348 KB] peak memory difference for successor generator creation: 0 KB
[t=0.14169s, 35348 KB] time for successor generation creation: 0.00571016s
[t=0.141777s, 35348 KB] Variables: 185
[t=0.141818s, 35348 KB] FactPairs: 370
[t=0.141858s, 35348 KB] Bytes per state: 24
[t=0.142016s, 35348 KB] Conducting best first search with reopening closed nodes, (real) bound = 2147483647
[t=0.152158s, 35880 KB] New best heuristic value for pinch_tracking: 6313
[t=0.152239s, 35880 KB] g=0, 1 evaluated, 0 expanded
[t=0.152298s, 35880 KB] Initial heuristic value for pinch_tracking: 6313
[t=0.15234s, 35880 KB] pruning method: none
[t=0.159677s, 35880 KB] New best heuristic value for pinch_tracking: 3017
[t=0.159754s, 35880 KB] g=1, 2 evaluated, 1 expanded
[t=0.164691s, 35880 KB] New best heuristic value for pinch_tracking: 1093
[t=0.164758s, 35880 KB] g=2, 3 evaluated, 2 expanded
[t=0.204143s, 44544 KB] New best heuristic value for pinch_tracking: 389
[t=0.204254s, 44544 KB] g=3, 7 evaluated, 3 expanded
[t=0.205645s, 44680 KB] New best heuristic value for pinch_tracking: 383
[t=0.20571s, 44680 KB] g=4, 8 evaluated, 4 expanded
[t=0.212218s, 46112 KB] New best heuristic value for pinch_tracking: 88
[t=0.212288s, 46112 KB] g=4, 9 evaluated, 4 expanded
[t=0.261354s, 52236 KB] New best heuristic value for pinch_tracking: 82
[t=0.261457s, 52236 KB] g=5, 20 evaluated, 5 expanded
[t=0.269214s, 52860 KB] New best heuristic value for pinch_tracking: 81
[t=0.2693s, 52860 KB] g=5, 24 evaluated, 5 expanded
[t=0.272862s, 53156 KB] New best heuristic value for pinch_tracking: 53
[t=0.272927s, 53156 KB] g=5, 25 evaluated, 5 expanded
[t=0.294351s, 54300 KB] New best heuristic value for pinch_tracking: 47
[t=0.294438s, 54300 KB] g=6, 34 evaluated, 6 expanded
[t=0.301411s, 54592 KB] New best heuristic value for pinch_tracking: 46
[t=0.301485s, 54592 KB] g=6, 38 evaluated, 6 expanded
[t=0.320938s, 55296 KB] New best heuristic value for pinch_tracking: 40
[t=0.32102s, 55296 KB] g=7, 47 evaluated, 7 expanded
[t=0.330423s, 55440 KB] New best heuristic value for pinch_tracking: 39
[t=0.330504s, 55440 KB] g=7, 53 evaluated, 7 expanded
[t=0.349314s, 55588 KB] New best heuristic value for pinch_tracking: 33
[t=0.349401s, 55588 KB] g=8, 64 evaluated, 8 expanded
[t=0.352197s, 55588 KB] New best heuristic value for pinch_tracking: 32
[t=0.352259s, 55588 KB] g=8, 65 evaluated, 8 expanded
[t=0.364278s, 55588 KB] New best heuristic value for pinch_tracking: 28
[t=0.364346s, 55588 KB] g=8, 75 evaluated, 8 expanded
[t=0.378305s, 55844 KB] New best heuristic value for pinch_tracking: 21
[t=0.378378s, 55844 KB] g=9, 84 evaluated, 9 expanded
[t=0.410091s, 56076 KB] New best heuristic value for pinch_tracking: 16
[t=0.410175s, 56076 KB] g=10, 114 evaluated, 10 expanded
[t=0.418272s, 56076 KB] New best heuristic value for pinch_tracking: 14
[t=0.418342s, 56076 KB] g=10, 120 evaluated, 10 expanded
[t=0.439834s, 56076 KB] New best heuristic value for pinch_tracking: 9
[t=0.439915s, 56076 KB] g=11, 138 evaluated, 11 expanded
[t=0.471842s, 56076 KB] New best heuristic value for pinch_tracking: 8
[t=0.471923s, 56076 KB] g=12, 163 evaluated, 12 expanded
[t=0.474874s, 56076 KB] New best heuristic value for pinch_tracking: 4
[t=0.474935s, 56076 KB] g=12, 165 evaluated, 12 expanded
[t=0.49335s, 56076 KB] New best heuristic value for pinch_tracking: 3
[t=0.493421s, 56076 KB] g=13, 181 evaluated, 13 expanded
[t=0.510472s, 56076 KB] New best heuristic value for pinch_tracking: 2
[t=0.510548s, 56076 KB] g=14, 197 evaluated, 14 expanded
[t=0.538922s, 56076 KB] New best heuristic value for pinch_tracking: 1
[t=0.539s, 56076 KB] g=15, 232 evaluated, 15 expanded
[t=0.550728s, 56076 KB] New best heuristic value for pinch_tracking: 0
[t=0.550799s, 56076 KB] g=16, 246 evaluated, 16 expanded
[t=0.557294s, 56076 KB] Solution found!
[t=0.55736s, 56076 KB] Actual search time: 0.405019s
get_domain id_ckrat id_cdhost str__ch (1)
creds id_ckrat id_cdhost id_adomain (1)
get_computers id_ckrat id_adomain (1)
net_use id_ckrat id_cdhost id_bphost str__bt id_xdomaincredential str__y id_wdomainuser str__linda id_adomain str__alpha id_cmshare (1)
smb_copy id_ckrat id_cdhost str__cl id_cmshare id_cdhost id_bphost whatever id_cufile (1)
get_admin id_ckrat id_bphost id_adomain (1)
wmic id_ckrat id_cdhost id_bphost id_cufile somepath id_xdomaincredential id_wdomainuser id_adomain str__alpha str__y id_crrat (1)
creds id_crrat id_bphost id_adomain (1)
net_use id_crrat id_bphost id_bihost str__bm id_bbdomaincredential str__bc id_badomainuser str__michael id_adomain str__alpha id_cnshare (1)
net_use id_crrat id_bphost id_bwhost str__ca id_xdomaincredential str__y id_wdomainuser str__linda id_adomain str__alpha id_coshare (1)
smb_copy id_crrat id_bphost somepath id_cnshare id_bphost id_bihost whatever id_cvfile (1)
smb_copy id_crrat id_bphost somepath id_coshare id_bphost id_bwhost whatever id_cwfile (1)
get_admin id_ckrat id_bihost id_adomain (1)
wmic id_crrat id_bphost id_bihost id_cvfile somepath id_bbdomaincredential id_badomainuser id_adomain str__alpha str__bc id_csrat (1)
get_admin id_ckrat id_bwhost id_adomain (1)
wmic id_csrat id_bihost id_bwhost id_cwfile somepath id_xdomaincredential id_wdomainuser id_adomain str__alpha str__y id_ctrat (1)
[t=0.557407s, 56076 KB] Plan length: 16 step(s).
[t=0.557407s, 56076 KB] Plan cost: 16
[t=0.557407s, 56076 KB] Expanded 17 state(s).
[t=0.557407s, 56076 KB] Reopened 0 state(s).
[t=0.557407s, 56076 KB] Evaluated 256 state(s).
[t=0.557407s, 56076 KB] Evaluations: 256
[t=0.557407s, 56076 KB] Generated 440 state(s).
[t=0.557407s, 56076 KB] Dead ends: 21 state(s).
[t=0.557407s, 56076 KB] Number of registered states: 256
[t=0.557407s, 56076 KB] Int hash set load factor: 256/256 = 1
[t=0.557407s, 56076 KB] Int hash set resizes: 8
[t=0.557407s, 56076 KB] mean number of q cost that have been adjusted 0 times in relation to total number of q: -1
[t=0.557407s, 56076 KB] mean number of q cost that have been adjusted 1 times in relation to total number of q: -1
[t=0.557407s, 56076 KB] mean number of q cost that have been adjusted 2 times in relation to total number of q: -1
[t=0.557407s, 56076 KB] mean number of q that are at some point overconsitent in relation to total number of q: -1
[t=0.557407s, 56076 KB] mean number of q that are at first underconsisten in relation to total number of q: -1
[t=0.557407s, 56076 KB] mean number of state variables that are not in common between two following states in relation to total number of state variables: -1
[t=0.557407s, 56076 KB] variance number of state variables that are not in common between two following states in relation to total number of state variables: -1
[t=0.557407s, 56076 KB] Search time: 0.415392s
[t=0.557407s, 56076 KB] Total time: 0.557407s
Solution found.
Peak memory: 56076 KB
Remove intermediate file output.sas
search exit code: 0

INFO     Running validate.
INFO     validate stdin: None
INFO     validate time limit: None
INFO     validate memory limit: None
INFO     validate command line string: validate domain.pddl problem.pddl sas_plan
