INFO     Running translator.
INFO     translator stdin: None
INFO     translator time limit: 1799.96s
INFO     translator memory limit: 3584 MB
INFO     translator command line string: /infai/weidan00/downward/experiments/bachelor/.venv/bin/python3 /infai/weidan00/downward/experiments/bachelor/data/bachelor-v1/code-7aa5f34_e5e41175/builds/release/bin/translate/translate.py domain.pddl problem.pddl --sas-file output.sas
Parsing...
Parsing: [0.000s CPU, 0.006s wall-clock]
Normalizing task... [0.000s CPU, 0.000s wall-clock]
Instantiating...
Generating Datalog program... [0.000s CPU, 0.001s wall-clock]
Normalizing Datalog program...
Normalizing Datalog program: [0.000s CPU, 0.002s wall-clock]
Preparing model... [0.010s CPU, 0.006s wall-clock]
Generated 26 rules.
Computing model... [0.040s CPU, 0.029s wall-clock]
1973 relevant atoms
1547 auxiliary atoms
3520 final queue length
4609 total queue pushes
Completing instantiation... [0.030s CPU, 0.032s wall-clock]
Instantiating: [0.080s CPU, 0.072s wall-clock]
Computing fact groups...
Finding invariants...
6 initial candidates
Finding invariants: [0.000s CPU, 0.001s wall-clock]
Checking invariant weight... [0.000s CPU, 0.000s wall-clock]
Instantiating groups... [0.000s CPU, 0.000s wall-clock]
Collecting mutex groups... [0.000s CPU, 0.000s wall-clock]
Choosing groups...
34 uncovered facts
Choosing groups: [0.000s CPU, 0.000s wall-clock]
Building translation key... [0.000s CPU, 0.000s wall-clock]
Computing fact groups: [0.000s CPU, 0.003s wall-clock]
Building STRIPS to SAS dictionary... [0.000s CPU, 0.000s wall-clock]
Building dictionary for full mutex groups... [0.000s CPU, 0.000s wall-clock]
Building mutex information...
Building mutex information: [0.000s CPU, 0.000s wall-clock]
Translating task...
Processing axioms...
Simplifying axioms... [0.000s CPU, 0.000s wall-clock]
Processing axioms: [0.000s CPU, 0.002s wall-clock]
Translating task: [0.030s CPU, 0.027s wall-clock]
17 effect conditions simplified
0 implied preconditions added
Detecting unreachable propositions...
0 operators removed
0 axioms removed
1 propositions removed
Detecting unreachable propositions: [0.010s CPU, 0.015s wall-clock]
Reordering and filtering variables...
35 of 35 variables necessary.
0 of 1 mutex groups necessary.
1156 of 1156 operators necessary.
0 of 0 axiom rules necessary.
Reordering and filtering variables: [0.010s CPU, 0.003s wall-clock]
Translator variables: 35
Translator derived variables: 0
Translator facts: 102
Translator goal facts: 17
Translator mutex groups: 0
Translator total mutex groups size: 0
Translator operators: 1156
Translator axioms: 0
Translator task size: 3656
Translator peak memory: 145868 KB
Writing output... [0.010s CPU, 0.011s wall-clock]
Done! [0.140s CPU, 0.139s wall-clock]
translate exit code: 0

INFO     Running search (release).
INFO     search stdin: output.sas
INFO     search time limit: 1799.76s
INFO     search memory limit: 3584 MB
INFO     search command line string: /infai/weidan00/downward/experiments/bachelor/data/bachelor-v1/code-7aa5f34_e5e41175/builds/release/bin/downward --search 'eager_wastar([pinch()], w=2)' --internal-plan-file sas_plan < output.sas
[t=6.4431e-05s, 17204 KB] reading input...
[t=0.00444848s, 17376 KB] done reading input!
[t=0.00654712s, 17784 KB] Simplifying 1173 unary operators... done! [1173 unary operators]
[t=0.00710185s, 17784 KB] time to simplify: 0.000630682s
[t=0.00723866s, 17784 KB] Initializing pinch heuristic...
[t=0.00736309s, 17784 KB] Building successor generator...done!
[t=0.00772169s, 17920 KB] peak memory difference for successor generator creation: 136 KB
[t=0.00776096s, 17920 KB] time for successor generation creation: 0.00022616s
[t=0.00781403s, 17920 KB] Variables: 35
[t=0.00785611s, 17920 KB] FactPairs: 102
[t=0.00789596s, 17920 KB] Bytes per state: 8
[t=0.00802139s, 17920 KB] Conducting best first search with reopening closed nodes, (real) bound = 2147483647
[t=0.00820922s, 17920 KB] New best heuristic value for pinch: 67
[t=0.00825278s, 17920 KB] g=0, 1 evaluated, 0 expanded
[t=0.00830389s, 17920 KB] Initial heuristic value for pinch: 67
[t=0.00834529s, 17920 KB] pruning method: none
[t=0.00844107s, 17920 KB] New best heuristic value for pinch: 66
[t=0.0084839s, 17920 KB] g=1, 7 evaluated, 1 expanded
[t=0.00871441s, 17920 KB] New best heuristic value for pinch: 65
[t=0.00875758s, 17920 KB] g=2, 35 evaluated, 2 expanded
[t=0.00881271s, 17920 KB] New best heuristic value for pinch: 64
[t=0.00885368s, 17920 KB] g=3, 37 evaluated, 3 expanded
[t=0.00912594s, 17920 KB] New best heuristic value for pinch: 63
[t=0.00916968s, 17920 KB] g=4, 71 evaluated, 4 expanded
[t=0.0092564s, 17920 KB] New best heuristic value for pinch: 62
[t=0.00929724s, 17920 KB] g=4, 78 evaluated, 4 expanded
[t=0.00950044s, 17920 KB] New best heuristic value for pinch: 61
[t=0.00954262s, 17920 KB] g=5, 104 evaluated, 5 expanded
[t=0.00959743s, 17920 KB] New best heuristic value for pinch: 60
[t=0.00963772s, 17920 KB] g=6, 106 evaluated, 6 expanded
[t=0.00991214s, 17920 KB] New best heuristic value for pinch: 59
[t=0.0099546s, 17920 KB] g=7, 140 evaluated, 7 expanded
[t=0.0100547s, 17920 KB] New best heuristic value for pinch: 58
[t=0.0100964s, 17920 KB] g=7, 149 evaluated, 7 expanded
[t=0.0102953s, 17920 KB] New best heuristic value for pinch: 57
[t=0.010337s, 17920 KB] g=8, 173 evaluated, 9 expanded
[t=0.0104428s, 17920 KB] New best heuristic value for pinch: 56
[t=0.0104841s, 17920 KB] g=9, 182 evaluated, 10 expanded
[t=0.0106857s, 17920 KB] New best heuristic value for pinch: 55
[t=0.010759s, 17920 KB] g=10, 207 evaluated, 12 expanded
[t=0.0108153s, 17920 KB] New best heuristic value for pinch: 54
[t=0.010856s, 17920 KB] g=11, 209 evaluated, 13 expanded
[t=0.0111077s, 17920 KB] New best heuristic value for pinch: 53
[t=0.0111498s, 17920 KB] g=12, 243 evaluated, 14 expanded
[t=0.0112673s, 17920 KB] New best heuristic value for pinch: 52
[t=0.0113085s, 17920 KB] g=12, 255 evaluated, 14 expanded
[t=0.0115162s, 17920 KB] New best heuristic value for pinch: 51
[t=0.0115576s, 17920 KB] g=13, 276 evaluated, 16 expanded
[t=0.0116173s, 17920 KB] New best heuristic value for pinch: 50
[t=0.0116586s, 17920 KB] g=14, 278 evaluated, 17 expanded
[t=0.011912s, 17920 KB] New best heuristic value for pinch: 49
[t=0.0119543s, 17920 KB] g=15, 312 evaluated, 18 expanded
[t=0.0120465s, 17920 KB] New best heuristic value for pinch: 48
[t=0.0120874s, 17920 KB] g=15, 320 evaluated, 18 expanded
[t=0.0122905s, 17920 KB] New best heuristic value for pinch: 47
[t=0.012332s, 17920 KB] g=16, 345 evaluated, 20 expanded
[t=0.0124415s, 17920 KB] New best heuristic value for pinch: 46
[t=0.0124828s, 17920 KB] g=17, 355 evaluated, 21 expanded
[t=0.012697s, 17920 KB] New best heuristic value for pinch: 45
[t=0.0127387s, 17920 KB] g=18, 381 evaluated, 22 expanded
[t=0.0129725s, 17920 KB] New best heuristic value for pinch: 44
[t=0.0130142s, 17920 KB] g=19, 412 evaluated, 23 expanded
[t=0.0130783s, 17920 KB] New best heuristic value for pinch: 43
[t=0.0131201s, 17920 KB] g=20, 415 evaluated, 24 expanded
[t=0.0131751s, 17920 KB] New best heuristic value for pinch: 42
[t=0.0132158s, 17920 KB] g=21, 417 evaluated, 25 expanded
[t=0.0134764s, 17920 KB] New best heuristic value for pinch: 41
[t=0.0135194s, 17920 KB] g=22, 451 evaluated, 26 expanded
[t=0.0137788s, 17920 KB] New best heuristic value for pinch: 40
[t=0.0138214s, 17920 KB] g=23, 484 evaluated, 28 expanded
[t=0.0138713s, 17920 KB] New best heuristic value for pinch: 39
[t=0.013912s, 17920 KB] g=24, 485 evaluated, 29 expanded
[t=0.0142196s, 17920 KB] New best heuristic value for pinch: 38
[t=0.0142644s, 17920 KB] g=25, 518 evaluated, 31 expanded
[t=0.014322s, 17920 KB] New best heuristic value for pinch: 37
[t=0.0143636s, 17920 KB] g=26, 519 evaluated, 32 expanded
[t=0.0146266s, 17920 KB] New best heuristic value for pinch: 36
[t=0.0146703s, 17920 KB] g=27, 552 evaluated, 34 expanded
[t=0.0147211s, 17920 KB] New best heuristic value for pinch: 35
[t=0.0147622s, 17920 KB] g=28, 553 evaluated, 35 expanded
[t=0.0150246s, 17920 KB] New best heuristic value for pinch: 34
[t=0.015068s, 17920 KB] g=29, 586 evaluated, 37 expanded
[t=0.0151189s, 17920 KB] New best heuristic value for pinch: 33
[t=0.0151605s, 17920 KB] g=30, 587 evaluated, 38 expanded
[t=0.0154181s, 17920 KB] New best heuristic value for pinch: 32
[t=0.0154607s, 17920 KB] g=31, 620 evaluated, 40 expanded
[t=0.0155175s, 17920 KB] New best heuristic value for pinch: 31
[t=0.0155582s, 17920 KB] g=32, 621 evaluated, 41 expanded
[t=0.0158239s, 17920 KB] New best heuristic value for pinch: 30
[t=0.0158655s, 17920 KB] g=33, 654 evaluated, 44 expanded
[t=0.015916s, 17920 KB] New best heuristic value for pinch: 29
[t=0.0159571s, 17920 KB] g=34, 655 evaluated, 45 expanded
[t=0.0162341s, 17920 KB] New best heuristic value for pinch: 28
[t=0.0162763s, 17920 KB] g=35, 688 evaluated, 48 expanded
[t=0.0163259s, 17920 KB] New best heuristic value for pinch: 27
[t=0.0163662s, 17920 KB] g=36, 689 evaluated, 49 expanded
[t=0.0166258s, 17920 KB] New best heuristic value for pinch: 26
[t=0.0166679s, 17920 KB] g=37, 722 evaluated, 52 expanded
[t=0.0167254s, 17920 KB] New best heuristic value for pinch: 25
[t=0.0167663s, 17920 KB] g=38, 723 evaluated, 53 expanded
[t=0.0170349s, 17920 KB] New best heuristic value for pinch: 24
[t=0.0170772s, 17920 KB] g=39, 756 evaluated, 55 expanded
[t=0.017127s, 17920 KB] New best heuristic value for pinch: 23
[t=0.0171681s, 17920 KB] g=40, 757 evaluated, 56 expanded
[t=0.0174295s, 17920 KB] New best heuristic value for pinch: 22
[t=0.0174722s, 17920 KB] g=41, 790 evaluated, 59 expanded
[t=0.0175291s, 17920 KB] New best heuristic value for pinch: 21
[t=0.0175695s, 17920 KB] g=42, 791 evaluated, 60 expanded
[t=0.0178209s, 17920 KB] New best heuristic value for pinch: 20
[t=0.0178752s, 17920 KB] g=43, 824 evaluated, 61 expanded
[t=0.0179693s, 17920 KB] New best heuristic value for pinch: 19
[t=0.0180105s, 17920 KB] g=44, 832 evaluated, 62 expanded
[t=0.0182271s, 17920 KB] New best heuristic value for pinch: 18
[t=0.0182686s, 17920 KB] g=45, 858 evaluated, 64 expanded
[t=0.0183673s, 17920 KB] New best heuristic value for pinch: 17
[t=0.0184083s, 17920 KB] g=46, 867 evaluated, 65 expanded
[t=0.0186166s, 17920 KB] New best heuristic value for pinch: 16
[t=0.0186579s, 17920 KB] g=47, 892 evaluated, 67 expanded
[t=0.0187635s, 17920 KB] New best heuristic value for pinch: 15
[t=0.0188045s, 17920 KB] g=48, 901 evaluated, 68 expanded
[t=0.0190116s, 17920 KB] New best heuristic value for pinch: 14
[t=0.0190525s, 17920 KB] g=49, 926 evaluated, 70 expanded
[t=0.019152s, 17920 KB] New best heuristic value for pinch: 13
[t=0.0191927s, 17920 KB] g=50, 935 evaluated, 71 expanded
[t=0.0194019s, 17920 KB] New best heuristic value for pinch: 12
[t=0.0194431s, 17920 KB] g=51, 960 evaluated, 73 expanded
[t=0.0195417s, 17920 KB] New best heuristic value for pinch: 11
[t=0.0195824s, 17920 KB] g=52, 969 evaluated, 74 expanded
[t=0.0197985s, 17920 KB] New best heuristic value for pinch: 10
[t=0.01984s, 17920 KB] g=53, 994 evaluated, 76 expanded
[t=0.0199434s, 17920 KB] New best heuristic value for pinch: 9
[t=0.0199842s, 17920 KB] g=54, 1003 evaluated, 77 expanded
[t=0.0202961s, 17920 KB] New best heuristic value for pinch: 8
[t=0.0203407s, 17920 KB] g=55, 1028 evaluated, 79 expanded
[t=0.0204474s, 17920 KB] New best heuristic value for pinch: 7
[t=0.0204896s, 17920 KB] g=56, 1037 evaluated, 80 expanded
[t=0.0206926s, 17920 KB] New best heuristic value for pinch: 6
[t=0.020735s, 17920 KB] g=57, 1062 evaluated, 81 expanded
[t=0.0209466s, 17920 KB] New best heuristic value for pinch: 5
[t=0.0209882s, 17920 KB] g=58, 1089 evaluated, 82 expanded
[t=0.0210817s, 17920 KB] New best heuristic value for pinch: 4
[t=0.0211234s, 17920 KB] g=59, 1096 evaluated, 83 expanded
[t=0.0213511s, 17920 KB] New best heuristic value for pinch: 3
[t=0.0213926s, 17920 KB] g=60, 1126 evaluated, 84 expanded
[t=0.0214729s, 17920 KB] New best heuristic value for pinch: 2
[t=0.0215148s, 17920 KB] g=61, 1131 evaluated, 85 expanded
[t=0.0217575s, 17920 KB] New best heuristic value for pinch: 1
[t=0.0217989s, 17920 KB] g=62, 1164 evaluated, 86 expanded
[t=0.0218609s, 17920 KB] New best heuristic value for pinch: 0
[t=0.0219017s, 17920 KB] g=63, 1166 evaluated, 87 expanded
[t=0.021962s, 17920 KB] Solution found!
[t=0.0220126s, 17920 KB] Actual search time: 0.0136637s
up f0 f14 (1)
board f14 p7 (1)
board f14 p8 (1)
down f14 f3 (1)
board f3 p0 (1)
board f3 p4 (1)
up f3 f23 (1)
board f23 p2 (1)
down f23 f6 (1)
board f6 p11 (1)
board f6 p16 (1)
up f6 f28 (1)
board f28 p10 (1)
board f28 p6 (1)
up f28 f30 (1)
board f30 p13 (1)
down f30 f16 (1)
depart f16 p13 (1)
up f16 f31 (1)
board f31 p14 (1)
board f31 p5 (1)
down f31 f1 (1)
depart f1 p16 (1)
up f1 f10 (1)
board f10 p1 (1)
down f10 f4 (1)
depart f4 p4 (1)
up f4 f11 (1)
depart f11 p8 (1)
down f11 f8 (1)
board f8 p12 (1)
up f8 f13 (1)
depart f13 p0 (1)
down f13 f9 (1)
depart f9 p1 (1)
up f9 f15 (1)
board f15 p3 (1)
down f15 f12 (1)
depart f12 p3 (1)
up f12 f17 (1)
board f17 p15 (1)
down f17 f0 (1)
depart f0 p15 (1)
up f0 f18 (1)
depart f18 p5 (1)
up f18 f20 (1)
depart f20 p12 (1)
up f20 f21 (1)
depart f21 p11 (1)
up f21 f23 (1)
depart f23 p10 (1)
up f23 f25 (1)
depart f25 p7 (1)
up f25 f26 (1)
board f26 p9 (1)
down f26 f16 (1)
depart f16 p9 (1)
up f16 f27 (1)
depart f27 p14 (1)
up f27 f30 (1)
depart f30 p6 (1)
up f30 f32 (1)
depart f32 p2 (1)
[t=0.0220566s, 17920 KB] Plan length: 63 step(s).
[t=0.0220566s, 17920 KB] Plan cost: 63
[t=0.0220566s, 17920 KB] Expanded 88 state(s).
[t=0.0220566s, 17920 KB] Reopened 0 state(s).
[t=0.0220566s, 17920 KB] Evaluated 1166 state(s).
[t=0.0220566s, 17920 KB] Evaluations: 1166
[t=0.0220566s, 17920 KB] Generated 2938 state(s).
[t=0.0220566s, 17920 KB] Dead ends: 0 state(s).
[t=0.0220566s, 17920 KB] Number of registered states: 1166
[t=0.0220566s, 17920 KB] Int hash set load factor: 1166/2048 = 0.569336
[t=0.0220566s, 17920 KB] Int hash set resizes: 11
[t=0.0220566s, 17920 KB] mean number of q cost that have been adjusted 0 times in relation to total number of q: -1
[t=0.0220566s, 17920 KB] mean number of q cost that have been adjusted 1 times in relation to total number of q: -1
[t=0.0220566s, 17920 KB] mean number of q cost that have been adjusted 2 times in relation to total number of q: -1
[t=0.0220566s, 17920 KB] mean number of q that are at some point overconsitent in relation to total number of q: -1
[t=0.0220566s, 17920 KB] mean number of q that are at first underconsisten in relation to total number of q: -1
[t=0.0220566s, 17920 KB] mean number of state variables that are not in common between two following states in relation to total number of state variables: -1
[t=0.0220566s, 17920 KB] variance number of state variables that are not in common between two following states in relation to total number of state variables: -1
[t=0.0220566s, 17920 KB] Search time: 0.0140358s
[t=0.0220566s, 17920 KB] Total time: 0.0220566s
Solution found.
Peak memory: 17920 KB
Remove intermediate file output.sas
search exit code: 0

INFO     Running validate.
INFO     validate stdin: None
INFO     validate time limit: None
INFO     validate memory limit: None
INFO     validate command line string: validate domain.pddl problem.pddl sas_plan
