INFO     Running translator.
INFO     translator stdin: None
INFO     translator time limit: 1799.96s
INFO     translator memory limit: 3584 MB
INFO     translator command line string: /infai/weidan00/downward/experiments/bachelor/.venv/bin/python3 /infai/weidan00/downward/experiments/bachelor/data/bachelor-v1/code-7aa5f34_e5e41175/builds/release/bin/translate/translate.py domain.pddl problem.pddl --sas-file output.sas
Parsing...
Parsing: [0.000s CPU, 0.003s wall-clock]
Normalizing task... [0.000s CPU, 0.000s wall-clock]
Instantiating...
Generating Datalog program... [0.000s CPU, 0.001s wall-clock]
Normalizing Datalog program...
Normalizing Datalog program: [0.010s CPU, 0.004s wall-clock]
Preparing model... [0.000s CPU, 0.002s wall-clock]
Generated 74 rules.
Computing model... [0.110s CPU, 0.115s wall-clock]
6725 relevant atoms
1977 auxiliary atoms
8702 final queue length
31265 total queue pushes
Completing instantiation... [0.360s CPU, 0.356s wall-clock]
Instantiating: [0.480s CPU, 0.479s wall-clock]
Computing fact groups...
Finding invariants...
16 initial candidates
Finding invariants: [0.010s CPU, 0.011s wall-clock]
Checking invariant weight... [0.000s CPU, 0.000s wall-clock]
Instantiating groups... [0.000s CPU, 0.000s wall-clock]
Collecting mutex groups... [0.000s CPU, 0.000s wall-clock]
Choosing groups...
0 uncovered facts
Choosing groups: [0.000s CPU, 0.000s wall-clock]
Building translation key... [0.000s CPU, 0.000s wall-clock]
Computing fact groups: [0.010s CPU, 0.013s wall-clock]
Building STRIPS to SAS dictionary... [0.000s CPU, 0.000s wall-clock]
Building dictionary for full mutex groups... [0.000s CPU, 0.000s wall-clock]
Building mutex information...
Building mutex information: [0.000s CPU, 0.000s wall-clock]
Translating task...
Processing axioms...
Simplifying axioms... [0.000s CPU, 0.000s wall-clock]
Processing axioms: [0.010s CPU, 0.015s wall-clock]
Translating task: [0.300s CPU, 0.295s wall-clock]
0 effect conditions simplified
0 implied preconditions added
Detecting unreachable propositions...
0 operators removed
0 axioms removed
13 propositions removed
Detecting unreachable propositions: [0.110s CPU, 0.115s wall-clock]
Reordering and filtering variables...
13 of 13 variables necessary.
0 of 13 mutex groups necessary.
4436 of 4436 operators necessary.
0 of 0 axiom rules necessary.
Reordering and filtering variables: [0.050s CPU, 0.046s wall-clock]
Translator variables: 13
Translator derived variables: 0
Translator facts: 70
Translator goal facts: 2
Translator mutex groups: 0
Translator total mutex groups size: 0
Translator operators: 4436
Translator axioms: 0
Translator task size: 37465
Translator peak memory: 173260 KB
Writing output... [0.050s CPU, 0.064s wall-clock]
Done! [1.010s CPU, 1.032s wall-clock]
translate exit code: 0

INFO     Running search (release).
INFO     search stdin: output.sas
INFO     search time limit: 1798.88s
INFO     search memory limit: 3584 MB
INFO     search command line string: /infai/weidan00/downward/experiments/bachelor/data/bachelor-v1/code-7aa5f34_e5e41175/builds/release/bin/downward --search 'eager_wastar([add()], w=2)' --internal-plan-file sas_plan < output.sas
[t=6.6128e-05s, 17204 KB] reading input...
[t=0.0325584s, 18816 KB] done reading input!
[t=0.0370358s, 20000 KB] Simplifying 14916 unary operators... done! [1596 unary operators]
[t=0.0481131s, 20796 KB] time to simplify: 0.0111894s
[t=0.0483386s, 20796 KB] Initializing additive heuristic...
[t=0.0485015s, 20796 KB] Building successor generator...done!
[t=0.0503372s, 20796 KB] peak memory difference for successor generator creation: 0 KB
[t=0.0503845s, 20796 KB] time for successor generation creation: 0.00164246s
[t=0.0504692s, 20796 KB] Variables: 13
[t=0.0505101s, 20796 KB] FactPairs: 70
[t=0.0505495s, 20796 KB] Bytes per state: 8
[t=0.0506962s, 20796 KB] Conducting best first search with reopening closed nodes, (real) bound = 2147483647
[t=0.0508241s, 20796 KB] New best heuristic value for add: 46
[t=0.0508668s, 20796 KB] g=0, 1 evaluated, 0 expanded
[t=0.050919s, 20796 KB] Initial heuristic value for add: 46
[t=0.0509597s, 20796 KB] pruning method: none
[t=0.051054s, 20796 KB] New best heuristic value for add: 44
[t=0.0510968s, 20796 KB] g=1, 2 evaluated, 1 expanded
[t=0.0600593s, 20796 KB] New best heuristic value for add: 42
[t=0.0601315s, 20796 KB] g=2, 454 evaluated, 2 expanded
[t=0.062735s, 20796 KB] New best heuristic value for add: 39
[t=0.0627839s, 20796 KB] g=3, 581 evaluated, 3 expanded
[t=0.0654307s, 20796 KB] New best heuristic value for add: 37
[t=0.0654809s, 20796 KB] g=4, 710 evaluated, 4 expanded
[t=0.0665447s, 20796 KB] New best heuristic value for add: 35
[t=0.0665913s, 20796 KB] g=5, 761 evaluated, 5 expanded
[t=0.0673829s, 20796 KB] New best heuristic value for add: 32
[t=0.0674286s, 20796 KB] g=6, 798 evaluated, 6 expanded
[t=0.0958652s, 20796 KB] New best heuristic value for add: 30
[t=0.0959553s, 20796 KB] g=9, 2237 evaluated, 65 expanded
[t=0.0967328s, 20796 KB] New best heuristic value for add: 27
[t=0.0967792s, 20796 KB] g=10, 2274 evaluated, 66 expanded
[t=0.121534s, 20796 KB] New best heuristic value for add: 25
[t=0.121624s, 20796 KB] g=13, 3567 evaluated, 112 expanded
[t=0.122402s, 20796 KB] New best heuristic value for add: 22
[t=0.122463s, 20796 KB] g=14, 3604 evaluated, 113 expanded
[t=0.204038s, 20796 KB] New best heuristic value for add: 21
[t=0.204152s, 20796 KB] g=17, 7857 evaluated, 344 expanded
[t=0.204826s, 20796 KB] New best heuristic value for add: 20
[t=0.204873s, 20796 KB] g=18, 7890 evaluated, 345 expanded
[t=0.20565s, 20796 KB] New best heuristic value for add: 19
[t=0.205694s, 20796 KB] g=19, 7929 evaluated, 346 expanded
[t=1.43384s, 23076 KB] New best heuristic value for add: 16
[t=1.43396s, 23076 KB] g=24, 71455 evaluated, 7735 expanded, 47 reopened
[t=1.43504s, 23076 KB] New best heuristic value for add: 15
[t=1.43509s, 23076 KB] g=26, 71510 evaluated, 7737 expanded, 47 reopened
[t=1.43633s, 23076 KB] New best heuristic value for add: 14
[t=1.43637s, 23076 KB] g=27, 71574 evaluated, 7738 expanded, 47 reopened
[t=4.63281s, 32772 KB] New best heuristic value for add: 11
[t=4.63294s, 32772 KB] g=32, 234841 evaluated, 27688 expanded, 535 reopened
[t=4.63388s, 32772 KB] New best heuristic value for add: 10
[t=4.63393s, 32772 KB] g=34, 234889 evaluated, 27690 expanded, 535 reopened
[t=4.63514s, 32772 KB] New best heuristic value for add: 9
[t=4.63519s, 32772 KB] g=35, 234952 evaluated, 27691 expanded, 535 reopened
[t=4.83121s, 32772 KB] New best heuristic value for add: 6
[t=4.83133s, 32772 KB] g=38, 245380 evaluated, 28613 expanded, 539 reopened
[t=4.83194s, 32772 KB] New best heuristic value for add: 3
[t=4.83198s, 32772 KB] g=39, 245410 evaluated, 28614 expanded, 539 reopened
[t=4.83293s, 32772 KB] New best heuristic value for add: 2
[t=4.83297s, 32772 KB] g=41, 245462 evaluated, 28616 expanded, 539 reopened
[t=4.83322s, 32772 KB] New best heuristic value for add: 1
[t=4.83326s, 32772 KB] g=42, 245474 evaluated, 28617 expanded, 539 reopened
[t=4.83348s, 32772 KB] New best heuristic value for add: 0
[t=4.83352s, 32772 KB] g=43, 245486 evaluated, 28618 expanded, 539 reopened
[t=4.83362s, 32772 KB] Solution found!
[t=4.83368s, 32772 KB] Actual search time: 4.78271s
drive_tent girl0 place0 place1 car0 tent0 (1)
put_up girl0 place1 tent0 (1)
walk_together tent0 place1 guy1 place0 girl1 couple1 (1)
drive_tent guy0 place0 place2 car1 tent1 (1)
put_up guy0 place2 tent1 (1)
walk_together tent1 place2 guy1 place1 girl1 couple1 (1)
put_down girl0 place1 tent0 (1)
drive_tent girl0 place1 place3 car0 tent0 (1)
put_up girl0 place3 tent0 (1)
walk_together tent0 place3 guy1 place2 girl1 couple1 (1)
put_down guy0 place2 tent1 (1)
drive_tent guy0 place2 place4 car1 tent1 (1)
put_up guy0 place4 tent1 (1)
walk_together tent1 place4 guy1 place3 girl1 couple1 (1)
put_down girl0 place3 tent0 (1)
drive_tent girl0 place3 place5 car0 tent0 (1)
put_up girl0 place5 tent0 (1)
walk_together tent0 place5 guy1 place4 girl1 couple1 (1)
put_down girl0 place5 tent0 (1)
drive_tent_passenger girl0 place5 place1 car0 tent0 girl1 (1)
put_up girl0 place1 tent0 (1)
drive guy0 place4 place1 car1 (1)
drive_passenger girl0 place1 place0 car0 guy0 (1)
walk_together tent0 place1 guy0 place0 girl0 couple0 (1)
put_down girl0 place1 tent0 (1)
drive_tent_passenger girl0 place1 place0 car1 tent0 guy0 (1)
drive_tent girl0 place0 place2 car0 tent0 (1)
put_up girl0 place2 tent0 (1)
drive guy0 place0 place5 car1 (1)
drive_passenger guy0 place5 place2 car1 guy1 (1)
drive_passenger girl0 place2 place1 car0 guy0 (1)
walk_together tent0 place2 guy0 place1 girl0 couple0 (1)
put_down girl0 place2 tent0 (1)
drive_tent_passenger girl0 place2 place3 car1 tent0 guy0 (1)
put_up girl0 place3 tent0 (1)
drive girl1 place1 place3 car0 (1)
drive_passenger girl0 place3 place2 car0 guy0 (1)
walk_together tent0 place3 guy0 place2 girl0 couple0 (1)
walk_together tent1 place4 guy0 place3 girl0 couple0 (1)
put_down girl1 place3 tent0 (1)
drive_tent girl1 place3 place5 car1 tent0 (1)
put_up girl1 place5 tent0 (1)
walk_together tent0 place5 guy0 place4 girl0 couple0 (1)
[t=4.83373s, 32772 KB] Plan length: 43 step(s).
[t=4.83373s, 32772 KB] Plan cost: 43
[t=4.83373s, 32772 KB] Expanded 28619 state(s).
[t=4.83373s, 32772 KB] Reopened 539 state(s).
[t=4.83373s, 32772 KB] Evaluated 245497 state(s).
[t=4.83373s, 32772 KB] Evaluations: 245497
[t=4.83373s, 32772 KB] Generated 925030 state(s).
[t=4.83373s, 32772 KB] Dead ends: 12 state(s).
[t=4.83373s, 32772 KB] Number of registered states: 245497
[t=4.83373s, 32772 KB] Int hash set load factor: 245497/524288 = 0.468248
[t=4.83373s, 32772 KB] Int hash set resizes: 19
[t=4.83373s, 32772 KB] mean number of q cost that have been adjusted 0 times in relation to total number of q: -1
[t=4.83373s, 32772 KB] mean number of q cost that have been adjusted 1 times in relation to total number of q: -1
[t=4.83373s, 32772 KB] mean number of q cost that have been adjusted 2 times in relation to total number of q: -1
[t=4.83373s, 32772 KB] mean number of q that are at some point overconsitent in relation to total number of q: -1
[t=4.83373s, 32772 KB] mean number of q that are at first underconsisten in relation to total number of q: -1
[t=4.83373s, 32772 KB] mean number of state variables that are not in common between two following states in relation to total number of state variables: -1
[t=4.83373s, 32772 KB] variance number of state variables that are not in common between two following states in relation to total number of state variables: -1
[t=4.83373s, 32772 KB] Search time: 4.78303s
[t=4.83373s, 32772 KB] Total time: 4.83373s
Solution found.
Peak memory: 32772 KB
Remove intermediate file output.sas
search exit code: 0

INFO     Running validate.
INFO     validate stdin: None
INFO     validate time limit: None
INFO     validate memory limit: None
INFO     validate command line string: validate domain.pddl problem.pddl sas_plan
