INFO     Running translator.
INFO     translator stdin: None
INFO     translator time limit: 1799.96s
INFO     translator memory limit: 3584 MB
INFO     translator command line string: /infai/weidan00/downward/experiments/bachelor/.venv/bin/python3 /infai/weidan00/downward/experiments/bachelor/data/bachelor-v1/code-7aa5f34_e5e41175/builds/release/bin/translate/translate.py domain.pddl problem.pddl --sas-file output.sas
Parsing...
Parsing: [0.010s CPU, 0.004s wall-clock]
Normalizing task... [0.000s CPU, 0.000s wall-clock]
Instantiating...
Generating Datalog program... [0.000s CPU, 0.001s wall-clock]
Normalizing Datalog program...
Normalizing Datalog program: [0.000s CPU, 0.002s wall-clock]
Preparing model... [0.000s CPU, 0.003s wall-clock]
Generated 13 rules.
Computing model... [0.010s CPU, 0.011s wall-clock]
881 relevant atoms
517 auxiliary atoms
1398 final queue length
2301 total queue pushes
Completing instantiation... [0.020s CPU, 0.015s wall-clock]
Instantiating: [0.030s CPU, 0.032s wall-clock]
Computing fact groups...
Finding invariants...
6 initial candidates
Finding invariants: [0.000s CPU, 0.001s wall-clock]
Checking invariant weight... [0.000s CPU, 0.000s wall-clock]
Instantiating groups... [0.000s CPU, 0.000s wall-clock]
Collecting mutex groups... [0.000s CPU, 0.000s wall-clock]
Choosing groups...
22 uncovered facts
Choosing groups: [0.000s CPU, 0.000s wall-clock]
Building translation key... [0.000s CPU, 0.000s wall-clock]
Computing fact groups: [0.000s CPU, 0.002s wall-clock]
Building STRIPS to SAS dictionary... [0.000s CPU, 0.000s wall-clock]
Building dictionary for full mutex groups... [0.000s CPU, 0.000s wall-clock]
Building mutex information...
Building mutex information: [0.000s CPU, 0.000s wall-clock]
Translating task...
Processing axioms...
Simplifying axioms... [0.000s CPU, 0.000s wall-clock]
Processing axioms: [0.000s CPU, 0.001s wall-clock]
Translating task: [0.010s CPU, 0.011s wall-clock]
11 effect conditions simplified
0 implied preconditions added
Detecting unreachable propositions...
0 operators removed
0 axioms removed
1 propositions removed
Detecting unreachable propositions: [0.010s CPU, 0.007s wall-clock]
Reordering and filtering variables...
23 of 23 variables necessary.
0 of 1 mutex groups necessary.
477 of 477 operators necessary.
0 of 0 axiom rules necessary.
Reordering and filtering variables: [0.000s CPU, 0.002s wall-clock]
Translator variables: 23
Translator derived variables: 0
Translator facts: 66
Translator goal facts: 11
Translator mutex groups: 0
Translator total mutex groups size: 0
Translator operators: 477
Translator axioms: 0
Translator task size: 1571
Translator peak memory: 143820 KB
Writing output... [0.000s CPU, 0.007s wall-clock]
Done! [0.060s CPU, 0.067s wall-clock]
translate exit code: 0

INFO     Running search (release).
INFO     search stdin: output.sas
INFO     search time limit: 1799.84s
INFO     search memory limit: 3584 MB
INFO     search command line string: /infai/weidan00/downward/experiments/bachelor/data/bachelor-v1/code-7aa5f34_e5e41175/builds/release/bin/downward --search 'eager_wastar([pinch()], w=2)' --internal-plan-file sas_plan < output.sas
[t=6.2857e-05s, 17204 KB] reading input...
[t=0.0020527s, 17344 KB] done reading input!
[t=0.00401534s, 17608 KB] Simplifying 495 unary operators... done! [495 unary operators]
[t=0.00430229s, 17608 KB] time to simplify: 0.000346373s
[t=0.00439822s, 17608 KB] Initializing pinch heuristic...
[t=0.00451416s, 17608 KB] Building successor generator...done!
[t=0.00473304s, 17608 KB] peak memory difference for successor generator creation: 0 KB
[t=0.004779s, 17608 KB] time for successor generation creation: 9.1602e-05s
[t=0.00482884s, 17608 KB] Variables: 23
[t=0.00486844s, 17608 KB] FactPairs: 66
[t=0.00490764s, 17608 KB] Bytes per state: 4
[t=0.0050365s, 17608 KB] Conducting best first search with reopening closed nodes, (real) bound = 2147483647
[t=0.00517303s, 17608 KB] New best heuristic value for pinch: 44
[t=0.00521673s, 17608 KB] g=0, 1 evaluated, 0 expanded
[t=0.00526702s, 17608 KB] Initial heuristic value for pinch: 44
[t=0.00530851s, 17608 KB] pruning method: none
[t=0.00536848s, 17608 KB] New best heuristic value for pinch: 43
[t=0.00541007s, 17608 KB] g=1, 2 evaluated, 1 expanded
[t=0.00546476s, 17608 KB] New best heuristic value for pinch: 42
[t=0.00550565s, 17608 KB] g=1, 4 evaluated, 1 expanded
[t=0.00563321s, 17608 KB] New best heuristic value for pinch: 41
[t=0.00567568s, 17608 KB] g=1, 21 evaluated, 1 expanded
[t=0.0057324s, 17608 KB] New best heuristic value for pinch: 40
[t=0.00577376s, 17608 KB] g=2, 23 evaluated, 2 expanded
[t=0.00592012s, 17608 KB] New best heuristic value for pinch: 38
[t=0.00596177s, 17608 KB] g=4, 45 evaluated, 4 expanded
[t=0.00601676s, 17608 KB] New best heuristic value for pinch: 37
[t=0.00605751s, 17608 KB] g=5, 47 evaluated, 5 expanded
[t=0.00612508s, 17608 KB] New best heuristic value for pinch: 36
[t=0.00616587s, 17608 KB] g=5, 53 evaluated, 5 expanded
[t=0.00628491s, 17608 KB] New best heuristic value for pinch: 34
[t=0.00632567s, 17608 KB] g=6, 67 evaluated, 7 expanded
[t=0.00638015s, 17608 KB] New best heuristic value for pinch: 33
[t=0.00642114s, 17608 KB] g=7, 69 evaluated, 8 expanded
[t=0.00648115s, 17608 KB] New best heuristic value for pinch: 32
[t=0.00652147s, 17608 KB] g=7, 71 evaluated, 8 expanded
[t=0.00664345s, 17608 KB] New best heuristic value for pinch: 31
[t=0.00668508s, 17608 KB] g=8, 89 evaluated, 9 expanded
[t=0.00677015s, 17608 KB] New best heuristic value for pinch: 30
[t=0.00681105s, 17608 KB] g=9, 99 evaluated, 10 expanded
[t=0.0069114s, 17608 KB] New best heuristic value for pinch: 28
[t=0.00695276s, 17608 KB] g=10, 111 evaluated, 12 expanded
[t=0.00700616s, 17608 KB] New best heuristic value for pinch: 27
[t=0.00704668s, 17608 KB] g=11, 113 evaluated, 13 expanded
[t=0.00711667s, 17608 KB] New best heuristic value for pinch: 26
[t=0.00715737s, 17608 KB] g=11, 120 evaluated, 13 expanded
[t=0.00726946s, 17608 KB] New best heuristic value for pinch: 25
[t=0.00731614s, 17608 KB] g=12, 133 evaluated, 14 expanded
[t=0.00743246s, 17608 KB] New best heuristic value for pinch: 24
[t=0.00747474s, 17608 KB] g=13, 150 evaluated, 15 expanded
[t=0.00754236s, 17608 KB] New best heuristic value for pinch: 23
[t=0.00758347s, 17608 KB] g=14, 155 evaluated, 16 expanded
[t=0.00771948s, 17608 KB] New best heuristic value for pinch: 22
[t=0.00776129s, 17608 KB] g=16, 177 evaluated, 18 expanded
[t=0.00781651s, 17608 KB] New best heuristic value for pinch: 21
[t=0.00785769s, 17608 KB] g=17, 179 evaluated, 19 expanded
[t=0.00798465s, 17608 KB] New best heuristic value for pinch: 20
[t=0.00802629s, 17608 KB] g=18, 199 evaluated, 20 expanded
[t=0.00809126s, 17608 KB] New best heuristic value for pinch: 19
[t=0.00813269s, 17608 KB] g=19, 204 evaluated, 21 expanded
[t=0.00825442s, 17608 KB] New best heuristic value for pinch: 18
[t=0.00829608s, 17608 KB] g=20, 221 evaluated, 22 expanded
[t=0.00836631s, 17608 KB] New best heuristic value for pinch: 17
[t=0.0084077s, 17608 KB] g=21, 227 evaluated, 23 expanded
[t=0.00851796s, 17608 KB] New best heuristic value for pinch: 16
[t=0.00855945s, 17608 KB] g=22, 243 evaluated, 24 expanded
[t=0.00864354s, 17608 KB] New best heuristic value for pinch: 15
[t=0.00868518s, 17608 KB] g=23, 253 evaluated, 25 expanded
[t=0.00880543s, 17608 KB] New best heuristic value for pinch: 14
[t=0.00884716s, 17608 KB] g=24, 265 evaluated, 26 expanded
[t=0.00893772s, 17608 KB] New best heuristic value for pinch: 13
[t=0.00897892s, 17608 KB] g=25, 276 evaluated, 27 expanded
[t=0.00909403s, 17608 KB] New best heuristic value for pinch: 12
[t=0.00913633s, 17608 KB] g=26, 287 evaluated, 29 expanded
[t=0.00920113s, 17608 KB] New best heuristic value for pinch: 11
[t=0.00924153s, 17608 KB] g=27, 292 evaluated, 30 expanded
[t=0.00936137s, 17608 KB] New best heuristic value for pinch: 10
[t=0.0094026s, 17608 KB] g=28, 309 evaluated, 32 expanded
[t=0.00946737s, 17608 KB] New best heuristic value for pinch: 9
[t=0.009508s, 17608 KB] g=29, 314 evaluated, 33 expanded
[t=0.00962777s, 17608 KB] New best heuristic value for pinch: 8
[t=0.00966903s, 17608 KB] g=30, 331 evaluated, 35 expanded
[t=0.00973432s, 17608 KB] New best heuristic value for pinch: 7
[t=0.00977619s, 17608 KB] g=31, 336 evaluated, 36 expanded
[t=0.0098972s, 17608 KB] New best heuristic value for pinch: 6
[t=0.00993993s, 17608 KB] g=32, 353 evaluated, 37 expanded
[t=0.0100562s, 17608 KB] New best heuristic value for pinch: 5
[t=0.0100973s, 17608 KB] g=33, 371 evaluated, 38 expanded
[t=0.0101617s, 17608 KB] New best heuristic value for pinch: 4
[t=0.0102029s, 17608 KB] g=34, 375 evaluated, 39 expanded
[t=0.0103222s, 17608 KB] New best heuristic value for pinch: 3
[t=0.0103637s, 17608 KB] g=35, 394 evaluated, 40 expanded
[t=0.0104227s, 17608 KB] New best heuristic value for pinch: 2
[t=0.0104635s, 17608 KB] g=36, 397 evaluated, 41 expanded
[t=0.0105895s, 17608 KB] New best heuristic value for pinch: 1
[t=0.0106304s, 17608 KB] g=37, 418 evaluated, 42 expanded
[t=0.0106873s, 17608 KB] New best heuristic value for pinch: 0
[t=0.0107283s, 17608 KB] g=38, 419 evaluated, 43 expanded
[t=0.0107692s, 17608 KB] Solution found!
[t=0.0108165s, 17608 KB] Actual search time: 0.00550313s
up f0 f8 (1)
stop f8 (1)
down f8 f6 (1)
stop f6 (1)
up f6 f14 (1)
stop f14 (1)
down f14 f11 (1)
stop f11 (1)
down f11 f9 (1)
stop f9 (1)
down f9 f8 (1)
stop f8 (1)
up f8 f18 (1)
stop f18 (1)
down f18 f1 (1)
stop f1 (1)
up f1 f10 (1)
stop f10 (1)
down f10 f4 (1)
stop f4 (1)
up f4 f11 (1)
stop f11 (1)
down f11 f8 (1)
stop f8 (1)
up f8 f13 (1)
stop f13 (1)
up f13 f15 (1)
stop f15 (1)
up f15 f17 (1)
stop f17 (1)
down f17 f12 (1)
stop f12 (1)
up f12 f18 (1)
stop f18 (1)
up f18 f19 (1)
stop f19 (1)
up f19 f21 (1)
stop f21 (1)
[t=0.0108596s, 17608 KB] Plan length: 38 step(s).
[t=0.0108596s, 17608 KB] Plan cost: 38
[t=0.0108596s, 17608 KB] Expanded 44 state(s).
[t=0.0108596s, 17608 KB] Reopened 0 state(s).
[t=0.0108596s, 17608 KB] Evaluated 419 state(s).
[t=0.0108596s, 17608 KB] Evaluations: 419
[t=0.0108596s, 17608 KB] Generated 945 state(s).
[t=0.0108596s, 17608 KB] Dead ends: 0 state(s).
[t=0.0108596s, 17608 KB] Number of registered states: 419
[t=0.0108596s, 17608 KB] Int hash set load factor: 419/512 = 0.818359
[t=0.0108596s, 17608 KB] Int hash set resizes: 9
[t=0.0108596s, 17608 KB] mean number of q cost that have been adjusted 0 times in relation to total number of q: -1
[t=0.0108596s, 17608 KB] mean number of q cost that have been adjusted 1 times in relation to total number of q: -1
[t=0.0108596s, 17608 KB] mean number of q cost that have been adjusted 2 times in relation to total number of q: -1
[t=0.0108596s, 17608 KB] mean number of q that are at some point overconsitent in relation to total number of q: -1
[t=0.0108596s, 17608 KB] mean number of q that are at first underconsisten in relation to total number of q: -1
[t=0.0108596s, 17608 KB] mean number of state variables that are not in common between two following states in relation to total number of state variables: -1
[t=0.0108596s, 17608 KB] variance number of state variables that are not in common between two following states in relation to total number of state variables: -1
[t=0.0108596s, 17608 KB] Search time: 0.00582386s
[t=0.0108596s, 17608 KB] Total time: 0.0108596s
Solution found.
Peak memory: 17608 KB
Remove intermediate file output.sas
search exit code: 0

INFO     Running validate.
INFO     validate stdin: None
INFO     validate time limit: None
INFO     validate memory limit: None
INFO     validate command line string: validate domain.pddl problem.pddl sas_plan
