INFO     Running translator.
INFO     translator stdin: None
INFO     translator time limit: 1799.95s
INFO     translator memory limit: 3584 MB
INFO     translator command line string: /infai/weidan00/downward/experiments/bachelor/.venv/bin/python3 /infai/weidan00/downward/experiments/bachelor/data/bachelor-v1/code-7aa5f34_e5e41175/builds/release/bin/translate/translate.py domain.pddl problem.pddl --sas-file output.sas
Parsing...
Parsing: [0.020s CPU, 0.009s wall-clock]
Normalizing task... [0.000s CPU, 0.001s wall-clock]
Instantiating...
Generating Datalog program... [0.000s CPU, 0.002s wall-clock]
Normalizing Datalog program...
Normalizing Datalog program: [0.010s CPU, 0.015s wall-clock]
Preparing model... [0.010s CPU, 0.006s wall-clock]
Generated 284 rules.
Computing model... [0.070s CPU, 0.077s wall-clock]
1432 relevant atoms
4746 auxiliary atoms
6178 final queue length
9807 total queue pushes
Completing instantiation... [0.080s CPU, 0.082s wall-clock]
Instantiating: [0.180s CPU, 0.186s wall-clock]
Computing fact groups...
Finding invariants...
22 initial candidates
Finding invariants: [0.050s CPU, 0.056s wall-clock]
Checking invariant weight... [0.000s CPU, 0.000s wall-clock]
Instantiating groups... [0.010s CPU, 0.003s wall-clock]
Collecting mutex groups... [0.000s CPU, 0.000s wall-clock]
Choosing groups...
122 uncovered facts
Choosing groups: [0.000s CPU, 0.001s wall-clock]
Building translation key... [0.000s CPU, 0.001s wall-clock]
Computing fact groups: [0.060s CPU, 0.062s wall-clock]
Building STRIPS to SAS dictionary... [0.000s CPU, 0.000s wall-clock]
Building dictionary for full mutex groups... [0.000s CPU, 0.000s wall-clock]
Building mutex information...
Building mutex information: [0.000s CPU, 0.000s wall-clock]
Translating task...
Processing axioms...
Simplifying axioms... [0.000s CPU, 0.000s wall-clock]
Processing axioms: [0.000s CPU, 0.004s wall-clock]
Translating task: [0.080s CPU, 0.078s wall-clock]
1050 effect conditions simplified
0 implied preconditions added
Detecting unreachable propositions...
0 operators removed
0 axioms removed
1 propositions removed
Detecting unreachable propositions: [0.040s CPU, 0.038s wall-clock]
Reordering and filtering variables...
122 of 134 variables necessary.
26 of 38 mutex groups necessary.
1014 of 1018 operators necessary.
0 of 0 axiom rules necessary.
Reordering and filtering variables: [0.020s CPU, 0.025s wall-clock]
Translator variables: 122
Translator derived variables: 0
Translator facts: 310
Translator goal facts: 4
Translator mutex groups: 26
Translator total mutex groups size: 152
Translator operators: 1014
Translator axioms: 0
Translator task size: 10493
Translator peak memory: 150220 KB
Writing output... [0.010s CPU, 0.022s wall-clock]
Done! [0.420s CPU, 0.427s wall-clock]
translate exit code: 0

INFO     Running search (release).
INFO     search stdin: output.sas
INFO     search time limit: 1799.47s
INFO     search memory limit: 3584 MB
INFO     search command line string: /infai/weidan00/downward/experiments/bachelor/data/bachelor-v1/code-7aa5f34_e5e41175/builds/release/bin/downward --search 'eager_wastar([pinch_tracking()], w=2)' --internal-plan-file sas_plan < output.sas
[t=6.7231e-05s, 17204 KB] reading input...
[t=0.00978979s, 17680 KB] done reading input!
[t=0.0125478s, 18260 KB] Simplifying 5226 unary operators... done! [5101 unary operators]
[t=0.0190976s, 18788 KB] time to simplify: 0.00681374s
[t=0.0197743s, 18788 KB] Initializing pinch tracking heuristic...
[t=0.0199563s, 18788 KB] Building successor generator...done!
[t=0.0208197s, 18788 KB] peak memory difference for successor generator creation: 0 KB
[t=0.0208615s, 18788 KB] time for successor generation creation: 0.000710052s
[t=0.0209316s, 18788 KB] Variables: 122
[t=0.0209723s, 18788 KB] FactPairs: 310
[t=0.0210118s, 18788 KB] Bytes per state: 20
[t=0.0211593s, 18788 KB] Conducting best first search with reopening closed nodes, (real) bound = 2147483647
[t=0.0218535s, 18788 KB] New best heuristic value for pinch_tracking: 69
[t=0.0219125s, 18788 KB] g=0, 1 evaluated, 0 expanded
[t=0.0219633s, 18788 KB] Initial heuristic value for pinch_tracking: 69
[t=0.0220053s, 18788 KB] pruning method: none
[t=0.0222127s, 18788 KB] New best heuristic value for pinch_tracking: 65
[t=0.0222569s, 18788 KB] g=1, 2 evaluated, 1 expanded
[t=0.0246907s, 18788 KB] New best heuristic value for pinch_tracking: 62
[t=0.0247612s, 18788 KB] g=2, 8 evaluated, 2 expanded
[t=0.0264447s, 18788 KB] New best heuristic value for pinch_tracking: 57
[t=0.0265005s, 18788 KB] g=3, 12 evaluated, 3 expanded
[t=0.0273681s, 18788 KB] New best heuristic value for pinch_tracking: 54
[t=0.0274183s, 18788 KB] g=4, 15 evaluated, 4 expanded
[t=0.0288572s, 18788 KB] New best heuristic value for pinch_tracking: 50
[t=0.0289137s, 18788 KB] g=5, 19 evaluated, 5 expanded
[t=0.0299628s, 18788 KB] New best heuristic value for pinch_tracking: 49
[t=0.0300135s, 18788 KB] g=6, 23 evaluated, 6 expanded
[t=0.0308978s, 18788 KB] New best heuristic value for pinch_tracking: 47
[t=0.0309478s, 18788 KB] g=7, 26 evaluated, 7 expanded
[t=0.0322651s, 18788 KB] New best heuristic value for pinch_tracking: 46
[t=0.0323157s, 18788 KB] g=8, 30 evaluated, 8 expanded
[t=0.0331868s, 18788 KB] New best heuristic value for pinch_tracking: 42
[t=0.0332363s, 18788 KB] g=9, 33 evaluated, 9 expanded
[t=0.0347499s, 18788 KB] New best heuristic value for pinch_tracking: 41
[t=0.0348034s, 18788 KB] g=10, 38 evaluated, 10 expanded
[t=0.0355415s, 18788 KB] New best heuristic value for pinch_tracking: 37
[t=0.0355903s, 18788 KB] g=11, 41 evaluated, 11 expanded
[t=0.0380671s, 18788 KB] New best heuristic value for pinch_tracking: 35
[t=0.0381298s, 18788 KB] g=13, 51 evaluated, 13 expanded
[t=0.0471511s, 18788 KB] New best heuristic value for pinch_tracking: 34
[t=0.0472457s, 18788 KB] g=16, 90 evaluated, 24 expanded
[t=0.0478382s, 18788 KB] New best heuristic value for pinch_tracking: 31
[t=0.0478854s, 18788 KB] g=16, 92 evaluated, 24 expanded
[t=0.0488153s, 18788 KB] New best heuristic value for pinch_tracking: 27
[t=0.0488657s, 18788 KB] g=17, 97 evaluated, 25 expanded
[t=0.0502823s, 18788 KB] New best heuristic value for pinch_tracking: 24
[t=0.0503357s, 18788 KB] g=19, 105 evaluated, 27 expanded
[t=0.0514208s, 18788 KB] New best heuristic value for pinch_tracking: 22
[t=0.0514704s, 18788 KB] g=20, 111 evaluated, 28 expanded
[t=0.0530146s, 18788 KB] New best heuristic value for pinch_tracking: 20
[t=0.0530656s, 18788 KB] g=22, 119 evaluated, 31 expanded
[t=0.054385s, 18788 KB] New best heuristic value for pinch_tracking: 19
[t=0.0544373s, 18788 KB] g=24, 127 evaluated, 33 expanded
[t=0.0547032s, 18788 KB] New best heuristic value for pinch_tracking: 18
[t=0.0547488s, 18788 KB] g=25, 129 evaluated, 34 expanded
[t=0.0548788s, 18788 KB] New best heuristic value for pinch_tracking: 14
[t=0.0549217s, 18788 KB] g=25, 130 evaluated, 34 expanded
[t=0.0553142s, 18788 KB] New best heuristic value for pinch_tracking: 11
[t=0.0553602s, 18788 KB] g=26, 133 evaluated, 35 expanded
[t=0.0560737s, 18788 KB] New best heuristic value for pinch_tracking: 9
[t=0.056121s, 18788 KB] g=27, 139 evaluated, 36 expanded
[t=0.0566902s, 18788 KB] New best heuristic value for pinch_tracking: 8
[t=0.0567365s, 18788 KB] g=28, 145 evaluated, 37 expanded
[t=0.0570454s, 18788 KB] New best heuristic value for pinch_tracking: 6
[t=0.0570904s, 18788 KB] g=29, 148 evaluated, 38 expanded
[t=0.0579861s, 18788 KB] New best heuristic value for pinch_tracking: 5
[t=0.0580332s, 18788 KB] g=30, 155 evaluated, 39 expanded
[t=0.0591787s, 18788 KB] New best heuristic value for pinch_tracking: 4
[t=0.0592278s, 18788 KB] g=32, 165 evaluated, 44 expanded
[t=0.0594871s, 18788 KB] New best heuristic value for pinch_tracking: 2
[t=0.0595324s, 18788 KB] g=33, 167 evaluated, 45 expanded
[t=0.0600065s, 18788 KB] New best heuristic value for pinch_tracking: 1
[t=0.0600536s, 18788 KB] g=34, 171 evaluated, 46 expanded
[t=0.060773s, 18788 KB] New best heuristic value for pinch_tracking: 0
[t=0.0608207s, 18788 KB] g=35, 177 evaluated, 47 expanded
[t=0.0610279s, 18788 KB] Solution found!
[t=0.0610755s, 18788 KB] Actual search time: 0.0390663s
col-to-home da d5 d n1 d0 n0 (1)
tal-to-home sa s2 c2 s0 s n1 n0 (1)
turn-deck c2 s2 (1)
tal-to-home s2 c3 c2 sa s n2 n1 (1)
turn-deck c2 c3 (1)
turn-deck c3 h5 (1)
turn-deck h5 s4 (1)
turn-deck s4 ha (1)
tal-to-home ha d2 s4 h0 h n1 n0 (1)
turn-deck s4 d2 (1)
tal-to-home d2 s5 s4 da d n2 n1 (1)
move-col-to-col-b d4 c5 coln0 coln1 (1)
turn-deck s4 s5 (1)
move-col-to-col c4 s3 d5 (1)
col-to-home-b s3 s2 s n3 n2 coln1 coln2 (1)
tal-to-col-g s5 s4 coln2 coln1 (1)
tal-to-home-c s4 h5 s3 s n4 n3 (1)
move-col-to-col-c c5 ca coln1 coln0 (1)
col-to-home ca h4 c n1 c0 n0 (1)
col-to-home-b s5 s4 s n5 n4 coln0 coln1 (1)
move-col-to-col-c d5 h2 coln1 coln0 (1)
col-to-home-b h2 ha h n2 n1 coln0 coln1 (1)
tal-to-col-g h5 c3 coln1 coln0 (1)
turn-deck-a c3 d3 (1)
tal-to-home-b d3 c2 d2 d n3 n2 (1)
col-to-home d4 c5 d n4 d3 n3 (1)
tal-to-home-b c2 c3 ca c n2 n1 (1)
tal-to-home-d c3 c2 c n3 n2 (1)
col-to-home c4 d5 c n4 c3 n3 (1)
col-to-home-b d5 d4 d n5 n4 coln0 coln1 (1)
move-col-to-col h4 h3 c5 (1)
col-to-home-b h3 h2 h n3 n2 coln1 coln2 (1)
col-to-home h4 c5 h n4 h3 n3 (1)
col-to-home-b c5 c4 c n5 n4 coln2 coln3 (1)
col-to-home-b h5 h4 h n5 n4 coln3 coln4 (1)
[t=0.0611195s, 18788 KB] Plan length: 35 step(s).
[t=0.0611195s, 18788 KB] Plan cost: 35
[t=0.0611195s, 18788 KB] Expanded 48 state(s).
[t=0.0611195s, 18788 KB] Reopened 0 state(s).
[t=0.0611195s, 18788 KB] Evaluated 179 state(s).
[t=0.0611195s, 18788 KB] Evaluations: 179
[t=0.0611195s, 18788 KB] Generated 200 state(s).
[t=0.0611195s, 18788 KB] Dead ends: 2 state(s).
[t=0.0611195s, 18788 KB] Number of registered states: 179
[t=0.0611195s, 18788 KB] Int hash set load factor: 179/256 = 0.699219
[t=0.0611195s, 18788 KB] Int hash set resizes: 8
[t=0.0611195s, 18788 KB] mean number of q cost that have been adjusted 0 times in relation to total number of q: -1
[t=0.0611195s, 18788 KB] mean number of q cost that have been adjusted 1 times in relation to total number of q: -1
[t=0.0611195s, 18788 KB] mean number of q cost that have been adjusted 2 times in relation to total number of q: -1
[t=0.0611195s, 18788 KB] mean number of q that are at some point overconsitent in relation to total number of q: -1
[t=0.0611195s, 18788 KB] mean number of q that are at first underconsisten in relation to total number of q: -1
[t=0.0611195s, 18788 KB] mean number of state variables that are not in common between two following states in relation to total number of state variables: -1
[t=0.0611195s, 18788 KB] variance number of state variables that are not in common between two following states in relation to total number of state variables: -1
[t=0.0611195s, 18788 KB] Search time: 0.0399614s
[t=0.0611195s, 18788 KB] Total time: 0.0611195s
Solution found.
Peak memory: 18788 KB
Remove intermediate file output.sas
search exit code: 0

INFO     Running validate.
INFO     validate stdin: None
INFO     validate time limit: None
INFO     validate memory limit: None
INFO     validate command line string: validate domain.pddl problem.pddl sas_plan
