INFO     Running translator.
INFO     translator stdin: None
INFO     translator time limit: 1799.96s
INFO     translator memory limit: 3584 MB
INFO     translator command line string: /infai/weidan00/downward/experiments/bachelor/.venv/bin/python3 /infai/weidan00/downward/experiments/bachelor/data/bachelor-v1/code-7aa5f34_e5e41175/builds/release/bin/translate/translate.py domain.pddl problem.pddl --sas-file output.sas
Parsing...
Parsing: [0.000s CPU, 0.003s wall-clock]
Normalizing task... [0.000s CPU, 0.000s wall-clock]
Instantiating...
Generating Datalog program... [0.000s CPU, 0.001s wall-clock]
Normalizing Datalog program...
Normalizing Datalog program: [0.010s CPU, 0.003s wall-clock]
Preparing model... [0.000s CPU, 0.002s wall-clock]
Generated 42 rules.
Computing model... [0.120s CPU, 0.124s wall-clock]
7768 relevant atoms
4174 auxiliary atoms
11942 final queue length
25710 total queue pushes
Completing instantiation... [0.400s CPU, 0.398s wall-clock]
Instantiating: [0.530s CPU, 0.532s wall-clock]
Computing fact groups...
Finding invariants...
12 initial candidates
Finding invariants: [0.010s CPU, 0.008s wall-clock]
Checking invariant weight... [0.000s CPU, 0.000s wall-clock]
Instantiating groups... [0.010s CPU, 0.004s wall-clock]
Collecting mutex groups... [0.000s CPU, 0.000s wall-clock]
Choosing groups...
2 uncovered facts
Choosing groups: [0.000s CPU, 0.001s wall-clock]
Building translation key... [0.000s CPU, 0.001s wall-clock]
Computing fact groups: [0.020s CPU, 0.018s wall-clock]
Building STRIPS to SAS dictionary... [0.000s CPU, 0.000s wall-clock]
Building dictionary for full mutex groups... [0.000s CPU, 0.000s wall-clock]
Building mutex information...
Building mutex information: [0.000s CPU, 0.000s wall-clock]
Translating task...
Processing axioms...
Simplifying axioms... [0.000s CPU, 0.000s wall-clock]
Processing axioms: [0.010s CPU, 0.015s wall-clock]
Translating task: [0.310s CPU, 0.316s wall-clock]
0 effect conditions simplified
0 implied preconditions added
Detecting unreachable propositions...
0 operators removed
0 axioms removed
46 propositions removed
Detecting unreachable propositions: [0.190s CPU, 0.195s wall-clock]
Reordering and filtering variables...
42 of 42 variables necessary.
0 of 42 mutex groups necessary.
7094 of 7094 operators necessary.
0 of 0 axiom rules necessary.
Reordering and filtering variables: [0.040s CPU, 0.042s wall-clock]
Translator variables: 42
Translator derived variables: 0
Translator facts: 462
Translator goal facts: 1
Translator mutex groups: 0
Translator total mutex groups size: 0
Translator operators: 7094
Translator axioms: 0
Translator task size: 40295
Translator peak memory: 174540 KB
Writing output... [0.080s CPU, 0.081s wall-clock]
Done! [1.190s CPU, 1.204s wall-clock]
translate exit code: 0

INFO     Running search (release).
INFO     search stdin: output.sas
INFO     search time limit: 1798.71s
INFO     search memory limit: 3584 MB
INFO     search command line string: /infai/weidan00/downward/experiments/bachelor/data/bachelor-v1/code-7aa5f34_e5e41175/builds/release/bin/downward --search 'eager_wastar([add()], w=2)' --internal-plan-file sas_plan < output.sas
[t=6.2483e-05s, 17204 KB] reading input...
[t=0.0437384s, 19332 KB] done reading input!
[t=0.0479624s, 20564 KB] Simplifying 14188 unary operators... done! [12488 unary operators]
[t=0.0586725s, 21620 KB] time to simplify: 0.0108103s
[t=0.0596326s, 21620 KB] Initializing additive heuristic...
[t=0.0598091s, 21620 KB] Building successor generator...done!
[t=0.0636388s, 21728 KB] peak memory difference for successor generator creation: 108 KB
[t=0.0636833s, 21728 KB] time for successor generation creation: 0.00367905s
[t=0.0637899s, 21728 KB] Variables: 42
[t=0.0638315s, 21728 KB] FactPairs: 462
[t=0.0638709s, 21728 KB] Bytes per state: 20
[t=0.0640168s, 21728 KB] Conducting best first search with reopening closed nodes, (real) bound = 2147483647
[t=0.0643072s, 21728 KB] New best heuristic value for add: 7
[t=0.0643572s, 21728 KB] g=0, 1 evaluated, 0 expanded
[t=0.0644106s, 21728 KB] Initial heuristic value for add: 7
[t=0.0644592s, 21728 KB] pruning method: none
[t=0.0676417s, 21728 KB] New best heuristic value for add: 6
[t=0.0677008s, 21728 KB] g=1, 23 evaluated, 1 expanded
[t=0.0699505s, 21728 KB] New best heuristic value for add: 5
[t=0.0700115s, 21728 KB] g=2, 39 evaluated, 2 expanded
[t=0.0752319s, 21728 KB] New best heuristic value for add: 4
[t=0.0753175s, 21728 KB] g=3, 79 evaluated, 3 expanded
[t=0.0788018s, 21728 KB] New best heuristic value for add: 3
[t=0.078869s, 21728 KB] g=4, 111 evaluated, 4 expanded
[t=0.0803655s, 21728 KB] New best heuristic value for add: 2
[t=0.0804221s, 21728 KB] g=5, 128 evaluated, 5 expanded
[t=0.0831269s, 21728 KB] New best heuristic value for add: 1
[t=0.0831896s, 21728 KB] g=6, 173 evaluated, 6 expanded
[t=0.0844426s, 21728 KB] New best heuristic value for add: 0
[t=0.0844942s, 21728 KB] g=7, 205 evaluated, 7 expanded
[t=0.0847648s, 21728 KB] Solution found!
[t=0.0848105s, 21728 KB] Actual search time: 0.020348s
overcome abrasion intoxication wonderbread neptune venus (1)
feast intoxication wonderbread yogurt moravia bosnia (1)
feast intoxication yogurt tuna goias arizona (1)
feast intoxication tuna turkey goias arizona (1)
feast intoxication turkey cherry quebec alsace (1)
feast intoxication cherry pepper bosnia goias (1)
succumb abrasion intoxication pepper neptune venus (1)
[t=0.0848551s, 21728 KB] Plan length: 7 step(s).
[t=0.0848551s, 21728 KB] Plan cost: 7
[t=0.0848551s, 21728 KB] Expanded 8 state(s).
[t=0.0848551s, 21728 KB] Reopened 0 state(s).
[t=0.0848551s, 21728 KB] Evaluated 212 state(s).
[t=0.0848551s, 21728 KB] Evaluations: 212
[t=0.0848551s, 21728 KB] Generated 212 state(s).
[t=0.0848551s, 21728 KB] Dead ends: 0 state(s).
[t=0.0848551s, 21728 KB] Number of registered states: 212
[t=0.0848551s, 21728 KB] Int hash set load factor: 212/256 = 0.828125
[t=0.0848551s, 21728 KB] Int hash set resizes: 8
[t=0.0848551s, 21728 KB] mean number of q cost that have been adjusted 0 times in relation to total number of q: -1
[t=0.0848551s, 21728 KB] mean number of q cost that have been adjusted 1 times in relation to total number of q: -1
[t=0.0848551s, 21728 KB] mean number of q cost that have been adjusted 2 times in relation to total number of q: -1
[t=0.0848551s, 21728 KB] mean number of q that are at some point overconsitent in relation to total number of q: -1
[t=0.0848551s, 21728 KB] mean number of q that are at first underconsisten in relation to total number of q: -1
[t=0.0848551s, 21728 KB] mean number of state variables that are not in common between two following states in relation to total number of state variables: -1
[t=0.0848551s, 21728 KB] variance number of state variables that are not in common between two following states in relation to total number of state variables: -1
[t=0.0848551s, 21728 KB] Search time: 0.020839s
[t=0.0848551s, 21728 KB] Total time: 0.0848551s
Solution found.
Peak memory: 21728 KB
Remove intermediate file output.sas
search exit code: 0

INFO     Running validate.
INFO     validate stdin: None
INFO     validate time limit: None
INFO     validate memory limit: None
INFO     validate command line string: validate domain.pddl problem.pddl sas_plan
