INFO     Running translator.
INFO     translator stdin: None
INFO     translator time limit: 1799.96s
INFO     translator memory limit: 3584 MB
INFO     translator command line string: /infai/weidan00/downward/experiments/bachelor/.venv/bin/python3 /infai/weidan00/downward/experiments/bachelor/data/bachelor-v1/code-7aa5f34_e5e41175/builds/release/bin/translate/translate.py domain.pddl problem.pddl --sas-file output.sas
Parsing...
Parsing: [0.000s CPU, 0.002s wall-clock]
Normalizing task... [0.000s CPU, 0.000s wall-clock]
Instantiating...
Generating Datalog program... [0.000s CPU, 0.000s wall-clock]
Normalizing Datalog program...
Normalizing Datalog program: [0.000s CPU, 0.002s wall-clock]
Preparing model... [0.000s CPU, 0.000s wall-clock]
Generated 21 rules.
Computing model... [0.000s CPU, 0.002s wall-clock]
112 relevant atoms
75 auxiliary atoms
187 final queue length
298 total queue pushes
Completing instantiation... [0.000s CPU, 0.002s wall-clock]
Instantiating: [0.000s CPU, 0.007s wall-clock]
Computing fact groups...
Finding invariants...
10 initial candidates
Finding invariants: [0.010s CPU, 0.004s wall-clock]
Checking invariant weight... [0.000s CPU, 0.000s wall-clock]
Instantiating groups... [0.000s CPU, 0.000s wall-clock]
Collecting mutex groups... [0.000s CPU, 0.000s wall-clock]
Choosing groups...
6 uncovered facts
Choosing groups: [0.000s CPU, 0.000s wall-clock]
Building translation key... [0.000s CPU, 0.000s wall-clock]
Computing fact groups: [0.010s CPU, 0.005s wall-clock]
Building STRIPS to SAS dictionary... [0.000s CPU, 0.000s wall-clock]
Building dictionary for full mutex groups... [0.000s CPU, 0.000s wall-clock]
Building mutex information...
Building mutex information: [0.000s CPU, 0.000s wall-clock]
Translating task...
Processing axioms...
Simplifying axioms... [0.000s CPU, 0.000s wall-clock]
Processing axioms: [0.000s CPU, 0.000s wall-clock]
Translating task: [0.000s CPU, 0.003s wall-clock]
70 effect conditions simplified
0 implied preconditions added
Detecting unreachable propositions...
0 operators removed
0 axioms removed
10 propositions removed
Detecting unreachable propositions: [0.000s CPU, 0.002s wall-clock]
Reordering and filtering variables...
11 of 11 variables necessary.
6 of 11 mutex groups necessary.
50 of 50 operators necessary.
0 of 0 axiom rules necessary.
Reordering and filtering variables: [0.000s CPU, 0.001s wall-clock]
Translator variables: 11
Translator derived variables: 0
Translator facts: 42
Translator goal facts: 4
Translator mutex groups: 6
Translator total mutex groups size: 36
Translator operators: 50
Translator axioms: 0
Translator task size: 453
Translator peak memory: 142540 KB
Writing output... [0.000s CPU, 0.003s wall-clock]
Done! [0.010s CPU, 0.025s wall-clock]
translate exit code: 0

INFO     Running search (release).
INFO     search stdin: output.sas
INFO     search time limit: 1799.88s
INFO     search memory limit: 3584 MB
INFO     search command line string: /infai/weidan00/downward/experiments/bachelor/data/bachelor-v1/code-7aa5f34_e5e41175/builds/release/bin/downward --search 'eager_wastar([add()], w=2)' --internal-plan-file sas_plan < output.sas
[t=5.9255e-05s, 17204 KB] reading input...
[t=0.000682039s, 17212 KB] done reading input!
[t=0.00243732s, 17476 KB] Simplifying 190 unary operators... done! [150 unary operators]
[t=0.00263594s, 17476 KB] time to simplify: 0.000250457s
[t=0.00271722s, 17476 KB] Initializing additive heuristic...
[t=0.00282968s, 17476 KB] Building successor generator...done!
[t=0.0029959s, 17476 KB] peak memory difference for successor generator creation: 0 KB
[t=0.00303386s, 17476 KB] time for successor generation creation: 4.564e-05s
[t=0.00308003s, 17476 KB] Variables: 11
[t=0.00311966s, 17476 KB] FactPairs: 42
[t=0.00315911s, 17476 KB] Bytes per state: 4
[t=0.0032663s, 17476 KB] Conducting best first search with reopening closed nodes, (real) bound = 2147483647
[t=0.00336443s, 17476 KB] New best heuristic value for add: 25
[t=0.00340734s, 17476 KB] g=0, 1 evaluated, 0 expanded
[t=0.00345988s, 17476 KB] Initial heuristic value for add: 25
[t=0.00350091s, 17476 KB] pruning method: none
[t=0.00356647s, 17476 KB] New best heuristic value for add: 18
[t=0.00360812s, 17476 KB] g=2, 3 evaluated, 2 expanded
[t=0.00366328s, 17476 KB] New best heuristic value for add: 14
[t=0.00370402s, 17476 KB] g=4, 5 evaluated, 4 expanded
[t=0.00375105s, 17476 KB] New best heuristic value for add: 13
[t=0.00379161s, 17476 KB] g=4, 6 evaluated, 4 expanded
[t=0.00385797s, 17476 KB] New best heuristic value for add: 11
[t=0.00389886s, 17476 KB] g=6, 10 evaluated, 7 expanded
[t=0.00395006s, 17476 KB] New best heuristic value for add: 10
[t=0.00399124s, 17476 KB] g=6, 12 evaluated, 7 expanded
[t=0.0040755s, 17476 KB] New best heuristic value for add: 8
[t=0.00411641s, 17476 KB] g=8, 20 evaluated, 11 expanded
[t=0.0042438s, 17476 KB] New best heuristic value for add: 7
[t=0.00429576s, 17476 KB] g=10, 39 evaluated, 16 expanded
[t=0.00446785s, 17476 KB] New best heuristic value for add: 6
[t=0.0045096s, 17476 KB] g=12, 68 evaluated, 25 expanded
[t=0.00471179s, 17476 KB] New best heuristic value for add: 5
[t=0.00475393s, 17476 KB] g=12, 105 evaluated, 41 expanded
[t=0.0048265s, 17476 KB] New best heuristic value for add: 4
[t=0.00486776s, 17476 KB] g=12, 112 evaluated, 44 expanded
[t=0.00492709s, 17476 KB] New best heuristic value for add: 3
[t=0.0049681s, 17476 KB] g=14, 116 evaluated, 46 expanded
[t=0.00501528s, 17476 KB] New best heuristic value for add: 2
[t=0.00505604s, 17476 KB] g=14, 117 evaluated, 48 expanded
[t=0.00510466s, 17476 KB] New best heuristic value for add: 1
[t=0.0051451s, 17476 KB] g=15, 119 evaluated, 49 expanded
[t=0.00519473s, 17476 KB] New best heuristic value for add: 0
[t=0.00523533s, 17476 KB] g=16, 120 evaluated, 50 expanded
[t=0.0052765s, 17476 KB] Solution found!
[t=0.00531815s, 17476 KB] Actual search time: 0.00181319s
unstack d e (1)
put-down d (1)
unstack e c (1)
put-down e (1)
unstack c a (1)
put-down c (1)
unstack a b (1)
put-down a (1)
pick-up e (1)
stack e a (1)
pick-up b (1)
stack b e (1)
pick-up c (1)
stack c b (1)
pick-up d (1)
stack d c (1)
[t=0.00536145s, 17476 KB] Plan length: 16 step(s).
[t=0.00536145s, 17476 KB] Plan cost: 16
[t=0.00536145s, 17476 KB] Expanded 51 state(s).
[t=0.00536145s, 17476 KB] Reopened 0 state(s).
[t=0.00536145s, 17476 KB] Evaluated 120 state(s).
[t=0.00536145s, 17476 KB] Evaluations: 120
[t=0.00536145s, 17476 KB] Generated 176 state(s).
[t=0.00536145s, 17476 KB] Dead ends: 0 state(s).
[t=0.00536145s, 17476 KB] Number of registered states: 120
[t=0.00536145s, 17476 KB] Int hash set load factor: 120/128 = 0.9375
[t=0.00536145s, 17476 KB] Int hash set resizes: 7
[t=0.00536145s, 17476 KB] mean number of q cost that have been adjusted 0 times in relation to total number of q: -1
[t=0.00536145s, 17476 KB] mean number of q cost that have been adjusted 1 times in relation to total number of q: -1
[t=0.00536145s, 17476 KB] mean number of q cost that have been adjusted 2 times in relation to total number of q: -1
[t=0.00536145s, 17476 KB] mean number of q that are at some point overconsitent in relation to total number of q: -1
[t=0.00536145s, 17476 KB] mean number of q that are at first underconsisten in relation to total number of q: -1
[t=0.00536145s, 17476 KB] mean number of state variables that are not in common between two following states in relation to total number of state variables: -1
[t=0.00536145s, 17476 KB] variance number of state variables that are not in common between two following states in relation to total number of state variables: -1
[t=0.00536145s, 17476 KB] Search time: 0.0020958s
[t=0.00536145s, 17476 KB] Total time: 0.00536145s
Solution found.
Peak memory: 17476 KB
Remove intermediate file output.sas
search exit code: 0

INFO     Running validate.
INFO     validate stdin: None
INFO     validate time limit: None
INFO     validate memory limit: None
INFO     validate command line string: validate domain.pddl problem.pddl sas_plan
