INFO     Running translator.
INFO     translator stdin: None
INFO     translator time limit: 1799.96s
INFO     translator memory limit: 3584 MB
INFO     translator command line string: /infai/weidan00/downward/experiments/bachelor/.venv/bin/python3 /infai/weidan00/downward/experiments/bachelor/data/bachelor-v1/code-7aa5f34_e5e41175/builds/release/bin/translate/translate.py domain.pddl problem.pddl --sas-file output.sas
Parsing...
Parsing: [0.010s CPU, 0.004s wall-clock]
Normalizing task... [0.000s CPU, 0.000s wall-clock]
Instantiating...
Generating Datalog program... [0.000s CPU, 0.001s wall-clock]
Normalizing Datalog program...
Normalizing Datalog program: [0.000s CPU, 0.006s wall-clock]
Preparing model... [0.010s CPU, 0.002s wall-clock]
Generated 91 rules.
Computing model... [0.060s CPU, 0.066s wall-clock]
2546 relevant atoms
4016 auxiliary atoms
6562 final queue length
12294 total queue pushes
Completing instantiation... [0.130s CPU, 0.122s wall-clock]
Instantiating: [0.200s CPU, 0.200s wall-clock]
Computing fact groups...
Finding invariants...
18 initial candidates
Finding invariants: [0.020s CPU, 0.016s wall-clock]
Checking invariant weight... [0.000s CPU, 0.000s wall-clock]
Instantiating groups... [0.000s CPU, 0.000s wall-clock]
Collecting mutex groups... [0.000s CPU, 0.000s wall-clock]
Choosing groups...
380 uncovered facts
Choosing groups: [0.000s CPU, 0.000s wall-clock]
Building translation key... [0.000s CPU, 0.001s wall-clock]
Computing fact groups: [0.020s CPU, 0.021s wall-clock]
Building STRIPS to SAS dictionary... [0.000s CPU, 0.000s wall-clock]
Building dictionary for full mutex groups... [0.000s CPU, 0.000s wall-clock]
Building mutex information...
Building mutex information: [0.000s CPU, 0.000s wall-clock]
Translating task...
Processing axioms...
Simplifying axioms... [0.000s CPU, 0.000s wall-clock]
Processing axioms: [0.010s CPU, 0.005s wall-clock]
Translating task: [0.120s CPU, 0.122s wall-clock]
3920 effect conditions simplified
0 implied preconditions added
Detecting unreachable propositions...
0 operators removed
0 axioms removed
2 propositions removed
Detecting unreachable propositions: [0.070s CPU, 0.063s wall-clock]
Reordering and filtering variables...
382 of 382 variables necessary.
0 of 2 mutex groups necessary.
2032 of 2032 operators necessary.
0 of 0 axiom rules necessary.
Reordering and filtering variables: [0.070s CPU, 0.071s wall-clock]
Translator variables: 382
Translator derived variables: 0
Translator facts: 766
Translator goal facts: 6
Translator mutex groups: 0
Translator total mutex groups size: 0
Translator operators: 2032
Translator axioms: 0
Translator task size: 19154
Translator peak memory: 156108 KB
Writing output... [0.030s CPU, 0.036s wall-clock]
Done! [0.520s CPU, 0.525s wall-clock]
translate exit code: 0

INFO     Running search (release).
INFO     search stdin: output.sas
INFO     search time limit: 1799.39s
INFO     search memory limit: 3584 MB
INFO     search command line string: /infai/weidan00/downward/experiments/bachelor/data/bachelor-v1/code-7aa5f34_e5e41175/builds/release/bin/downward --search 'eager_wastar([add()], w=2)' --internal-plan-file sas_plan < output.sas
[t=5.2787e-05s, 17204 KB] reading input...
[t=0.0181233s, 18064 KB] done reading input!
[t=0.0211116s, 19192 KB] Simplifying 9872 unary operators... done! [9872 unary operators]
[t=0.0292292s, 19928 KB] time to simplify: 0.00819994s
[t=0.030075s, 19928 KB] Initializing additive heuristic...
[t=0.0302346s, 19928 KB] Building successor generator...done!
[t=0.0315926s, 19928 KB] peak memory difference for successor generator creation: 0 KB
[t=0.0316315s, 19928 KB] time for successor generation creation: 0.00120758s
[t=0.0316949s, 19928 KB] Variables: 382
[t=0.031732s, 19928 KB] FactPairs: 766
[t=0.0317692s, 19928 KB] Bytes per state: 48
[t=0.0319043s, 19928 KB] Conducting best first search with reopening closed nodes, (real) bound = 2147483647
[t=0.0321368s, 19928 KB] New best heuristic value for add: 52
[t=0.0321817s, 19928 KB] g=0, 1 evaluated, 0 expanded
[t=0.0322313s, 19928 KB] Initial heuristic value for add: 52
[t=0.0322696s, 19928 KB] pruning method: none
[t=0.0327588s, 19928 KB] New best heuristic value for add: 48
[t=0.0328059s, 19928 KB] g=1, 5 evaluated, 1 expanded
[t=0.0339797s, 19928 KB] New best heuristic value for add: 47
[t=0.0340284s, 19928 KB] g=2, 16 evaluated, 2 expanded
[t=0.0352823s, 19928 KB] New best heuristic value for add: 43
[t=0.0353329s, 19928 KB] g=3, 28 evaluated, 3 expanded
[t=0.0379164s, 19928 KB] New best heuristic value for add: 40
[t=0.0379671s, 19928 KB] g=5, 53 evaluated, 5 expanded
[t=0.0401138s, 19928 KB] New best heuristic value for add: 39
[t=0.0401624s, 19928 KB] g=7, 74 evaluated, 7 expanded
[t=0.0417061s, 19928 KB] New best heuristic value for add: 38
[t=0.041754s, 19928 KB] g=8, 89 evaluated, 8 expanded
[t=0.207862s, 19928 KB] New best heuristic value for add: 37
[t=0.207932s, 19928 KB] g=10, 1765 evaluated, 144 expanded
[t=0.861543s, 19936 KB] New best heuristic value for add: 34
[t=0.861623s, 19936 KB] g=12, 8382 evaluated, 695 expanded
[t=0.924105s, 19936 KB] New best heuristic value for add: 25
[t=0.924175s, 19936 KB] g=14, 9014 evaluated, 740 expanded
[t=2.08367s, 20996 KB] New best heuristic value for add: 20
[t=2.08375s, 20996 KB] g=16, 21074 evaluated, 1692 expanded
[t=2.09526s, 20996 KB] New best heuristic value for add: 19
[t=2.09532s, 20996 KB] g=18, 21198 evaluated, 1702 expanded
[t=2.09598s, 20996 KB] New best heuristic value for add: 18
[t=2.09603s, 20996 KB] g=19, 21204 evaluated, 1703 expanded
[t=2.09754s, 20996 KB] New best heuristic value for add: 16
[t=2.09759s, 20996 KB] g=20, 21219 evaluated, 1704 expanded
[t=2.09832s, 20996 KB] New best heuristic value for add: 15
[t=2.09837s, 20996 KB] g=21, 21226 evaluated, 1705 expanded
[t=2.10019s, 20996 KB] New best heuristic value for add: 11
[t=2.10024s, 20996 KB] g=22, 21244 evaluated, 1706 expanded
[t=2.1064s, 20996 KB] New best heuristic value for add: 10
[t=2.10646s, 20996 KB] g=24, 21310 evaluated, 1712 expanded
[t=2.20818s, 20996 KB] New best heuristic value for add: 9
[t=2.20827s, 20996 KB] g=24, 22425 evaluated, 1825 expanded
[t=2.20907s, 20996 KB] New best heuristic value for add: 8
[t=2.20912s, 20996 KB] g=25, 22432 evaluated, 1826 expanded
[t=2.2096s, 20996 KB] New best heuristic value for add: 5
[t=2.20965s, 20996 KB] g=25, 22437 evaluated, 1826 expanded
[t=2.21165s, 20996 KB] New best heuristic value for add: 2
[t=2.2117s, 20996 KB] g=27, 22460 evaluated, 1828 expanded
[t=2.21494s, 20996 KB] New best heuristic value for add: 1
[t=2.21499s, 20996 KB] g=29, 22521 evaluated, 1834 expanded
[t=2.21572s, 21132 KB] New best heuristic value for add: 0
[t=2.21577s, 21132 KB] g=30, 22534 evaluated, 1835 expanded
[t=2.21607s, 21132 KB] Solution found!
[t=2.21612s, 21132 KB] Actual search time: 2.18385s
pop-start s13 b10 a1 a3 b8 gasoleo rat-a (1)
pop-end s13 a1 a3 b14 b8 (1)
pop-start s13 b15 a1 a3 b10 oc1b gasoleo (1)
pop-end s13 a1 a3 b8 b10 (1)
pop-start s13 b6 a1 a3 b15 lco oc1b (1)
pop-end s13 a1 a3 b10 b15 (1)
pop-start s13 b1 a1 a3 b6 rat-a lco (1)
pop-end s13 a1 a3 b15 b6 (1)
push-start s12 b3 a1 a2 b2 oca1 oca1 (1)
push-end s12 a1 a2 b13 b2 (1)
push-start s12 b12 a1 a2 b3 gasoleo oca1 (1)
push-end s12 a1 a2 b2 b3 (1)
push-start s12 b7 a1 a2 b12 lco gasoleo (1)
push-end s12 a1 a2 b3 b12 (1)
push-start s12 b9 a1 a2 b7 oca1 lco (1)
push-end s12 a1 a2 b12 b7 (1)
pop-start s12 b2 a1 a2 b7 oca1 lco (1)
pop-end s12 a1 a2 b9 b7 (1)
pop-start s12 b5 a1 a2 b2 gasoleo oca1 (1)
pop-end s12 a1 a2 b7 b2 (1)
pop-start s12 b4 a1 a2 b5 rat-a gasoleo (1)
pop-end s12 a1 a2 b2 b5 (1)
pop-start s12 b16 a1 a2 b4 gasoleo rat-a (1)
pop-end s12 a1 a2 b5 b4 (1)
push-start s12 b7 a1 a2 b4 lco rat-a (1)
push-end s12 a1 a2 b16 b4 (1)
push-start s12 b14 a1 a2 b7 rat-a lco (1)
push-end s12 a1 a2 b4 b7 (1)
push-start s12 b17 a1 a2 b14 rat-a rat-a (1)
push-end s12 a1 a2 b7 b14 (1)
[t=2.21617s, 21132 KB] Plan length: 30 step(s).
[t=2.21617s, 21132 KB] Plan cost: 30
[t=2.21617s, 21132 KB] Expanded 1836 state(s).
[t=2.21617s, 21132 KB] Reopened 0 state(s).
[t=2.21617s, 21132 KB] Evaluated 22540 state(s).
[t=2.21617s, 21132 KB] Evaluations: 22540
[t=2.21617s, 21132 KB] Generated 23321 state(s).
[t=2.21617s, 21132 KB] Dead ends: 0 state(s).
[t=2.21617s, 21132 KB] Number of registered states: 22540
[t=2.21617s, 21132 KB] Int hash set load factor: 22540/32768 = 0.687866
[t=2.21617s, 21132 KB] Int hash set resizes: 15
[t=2.21617s, 21132 KB] mean number of q cost that have been adjusted 0 times in relation to total number of q: -1
[t=2.21617s, 21132 KB] mean number of q cost that have been adjusted 1 times in relation to total number of q: -1
[t=2.21617s, 21132 KB] mean number of q cost that have been adjusted 2 times in relation to total number of q: -1
[t=2.21617s, 21132 KB] mean number of q that are at some point overconsitent in relation to total number of q: -1
[t=2.21617s, 21132 KB] mean number of q that are at first underconsisten in relation to total number of q: -1
[t=2.21617s, 21132 KB] mean number of state variables that are not in common between two following states in relation to total number of state variables: -1
[t=2.21617s, 21132 KB] variance number of state variables that are not in common between two following states in relation to total number of state variables: -1
[t=2.21617s, 21132 KB] Search time: 2.18426s
[t=2.21617s, 21132 KB] Total time: 2.21617s
Solution found.
Peak memory: 21132 KB
Remove intermediate file output.sas
search exit code: 0

INFO     Running validate.
INFO     validate stdin: None
INFO     validate time limit: None
INFO     validate memory limit: None
INFO     validate command line string: validate domain.pddl problem.pddl sas_plan
