INFO     Running translator.
INFO     translator stdin: None
INFO     translator time limit: 1799.96s
INFO     translator memory limit: 3584 MB
INFO     translator command line string: /infai/weidan00/downward/experiments/bachelor/.venv/bin/python3 /infai/weidan00/downward/experiments/bachelor/data/bachelor-v1/code-7aa5f34_e5e41175/builds/release/bin/translate/translate.py domain.pddl problem.pddl --sas-file output.sas
Parsing...
Parsing: [0.000s CPU, 0.003s wall-clock]
Normalizing task... [0.000s CPU, 0.000s wall-clock]
Instantiating...
Generating Datalog program... [0.000s CPU, 0.000s wall-clock]
Normalizing Datalog program...
Normalizing Datalog program: [0.000s CPU, 0.003s wall-clock]
Preparing model... [0.000s CPU, 0.001s wall-clock]
Generated 44 rules.
Computing model... [0.010s CPU, 0.003s wall-clock]
199 relevant atoms
120 auxiliary atoms
319 final queue length
394 total queue pushes
Completing instantiation... [0.010s CPU, 0.003s wall-clock]
Instantiating: [0.020s CPU, 0.012s wall-clock]
Computing fact groups...
Finding invariants...
12 initial candidates
Finding invariants: [0.000s CPU, 0.002s wall-clock]
Checking invariant weight... [0.000s CPU, 0.000s wall-clock]
Instantiating groups... [0.000s CPU, 0.000s wall-clock]
Collecting mutex groups... [0.000s CPU, 0.000s wall-clock]
Choosing groups...
26 uncovered facts
Choosing groups: [0.000s CPU, 0.000s wall-clock]
Building translation key... [0.000s CPU, 0.000s wall-clock]
Computing fact groups: [0.000s CPU, 0.003s wall-clock]
Building STRIPS to SAS dictionary... [0.000s CPU, 0.000s wall-clock]
Building dictionary for full mutex groups... [0.000s CPU, 0.000s wall-clock]
Building mutex information...
Building mutex information: [0.000s CPU, 0.000s wall-clock]
Translating task...
Processing axioms...
Simplifying axioms... [0.000s CPU, 0.000s wall-clock]
Processing axioms: [0.000s CPU, 0.000s wall-clock]
Translating task: [0.010s CPU, 0.003s wall-clock]
2 effect conditions simplified
0 implied preconditions added
Detecting unreachable propositions...
0 operators removed
0 axioms removed
2 propositions removed
Detecting unreachable propositions: [0.000s CPU, 0.002s wall-clock]
Reordering and filtering variables...
9 of 28 variables necessary.
0 of 2 mutex groups necessary.
71 of 102 operators necessary.
0 of 0 axiom rules necessary.
Reordering and filtering variables: [0.000s CPU, 0.001s wall-clock]
Translator variables: 9
Translator derived variables: 0
Translator facts: 25
Translator goal facts: 5
Translator mutex groups: 0
Translator total mutex groups size: 0
Translator operators: 71
Translator axioms: 0
Translator task size: 274
Translator peak memory: 142540 KB
Writing output... [0.000s CPU, 0.003s wall-clock]
Done! [0.030s CPU, 0.027s wall-clock]
translate exit code: 0

INFO     Running search (release).
INFO     search stdin: output.sas
INFO     search time limit: 1799.86s
INFO     search memory limit: 3584 MB
INFO     search command line string: /infai/weidan00/downward/experiments/bachelor/data/bachelor-v1/code-7aa5f34_e5e41175/builds/release/bin/downward --search 'eager_wastar([pinch()], w=2)' --internal-plan-file sas_plan < output.sas
[t=6.6326e-05s, 17204 KB] reading input...
[t=0.000711487s, 17212 KB] done reading input!
[t=0.00256895s, 17476 KB] Simplifying 73 unary operators... done! [73 unary operators]
[t=0.00271163s, 17476 KB] time to simplify: 0.000203087s
[t=0.00278693s, 17476 KB] Initializing pinch heuristic...
[t=0.0029059s, 17476 KB] Building successor generator...done!
[t=0.00306838s, 17476 KB] peak memory difference for successor generator creation: 0 KB
[t=0.0031069s, 17476 KB] time for successor generation creation: 4.0749e-05s
[t=0.00315505s, 17476 KB] Variables: 9
[t=0.00319542s, 17476 KB] FactPairs: 25
[t=0.00323732s, 17476 KB] Bytes per state: 4
[t=0.00336638s, 17476 KB] Conducting best first search with reopening closed nodes, (real) bound = 2147483647
[t=0.00346892s, 17476 KB] New best heuristic value for pinch: 29
[t=0.00351194s, 17476 KB] g=0, 1 evaluated, 0 expanded
[t=0.00356367s, 17476 KB] Initial heuristic value for pinch: 29
[t=0.00361228s, 17476 KB] pruning method: none
[t=0.00367338s, 17476 KB] New best heuristic value for pinch: 23
[t=0.00371512s, 17476 KB] g=1, 2 evaluated, 1 expanded
[t=0.0037633s, 17476 KB] New best heuristic value for pinch: 19
[t=0.00380515s, 17476 KB] g=1, 3 evaluated, 1 expanded
[t=0.00389281s, 17476 KB] New best heuristic value for pinch: 15
[t=0.00393498s, 17476 KB] g=2, 12 evaluated, 2 expanded
[t=0.00400074s, 17476 KB] New best heuristic value for pinch: 10
[t=0.00404343s, 17476 KB] g=3, 18 evaluated, 3 expanded
[t=0.00410103s, 17476 KB] New best heuristic value for pinch: 9
[t=0.00414293s, 17476 KB] g=4, 21 evaluated, 4 expanded
[t=0.00420868s, 17476 KB] New best heuristic value for pinch: 8
[t=0.0042507s, 17476 KB] g=5, 28 evaluated, 5 expanded
[t=0.00430845s, 17476 KB] New best heuristic value for pinch: 7
[t=0.00434966s, 17476 KB] g=6, 32 evaluated, 6 expanded
[t=0.0044229s, 17476 KB] New best heuristic value for pinch: 6
[t=0.00447408s, 17476 KB] g=7, 38 evaluated, 7 expanded
[t=0.00453951s, 17476 KB] New best heuristic value for pinch: 5
[t=0.00458279s, 17476 KB] g=8, 43 evaluated, 8 expanded
[t=0.00464342s, 17476 KB] New best heuristic value for pinch: 4
[t=0.0046854s, 17476 KB] g=9, 48 evaluated, 9 expanded
[t=0.00474799s, 17476 KB] New best heuristic value for pinch: 3
[t=0.00478958s, 17476 KB] g=10, 54 evaluated, 10 expanded
[t=0.00484616s, 17476 KB] New best heuristic value for pinch: 2
[t=0.0048873s, 17476 KB] g=11, 58 evaluated, 11 expanded
[t=0.00496044s, 17476 KB] New best heuristic value for pinch: 1
[t=0.00500156s, 17476 KB] g=12, 66 evaluated, 12 expanded
[t=0.00505231s, 17476 KB] New best heuristic value for pinch: 0
[t=0.00509353s, 17476 KB] g=13, 68 evaluated, 13 expanded
[t=0.0051372s, 17476 KB] Solution found!
[t=0.00518025s, 17476 KB] Actual search time: 0.00161496s
switch_on instrument1 satellite0 (1)
turn_to satellite0 groundstation2 planet4 (1)
calibrate satellite0 instrument1 groundstation2 (1)
turn_to satellite0 phenomenon5 groundstation2 (1)
take_image satellite0 phenomenon5 instrument1 image2 (1)
turn_to satellite0 phenomenon6 phenomenon5 (1)
take_image satellite0 phenomenon6 instrument1 infrared0 (1)
turn_to satellite0 planet3 phenomenon6 (1)
take_image satellite0 planet3 instrument1 infrared0 (1)
turn_to satellite0 planet4 planet3 (1)
take_image satellite0 planet4 instrument1 infrared0 (1)
turn_to satellite0 star7 planet4 (1)
take_image satellite0 star7 instrument1 infrared0 (1)
[t=0.00527549s, 17476 KB] Plan length: 13 step(s).
[t=0.00527549s, 17476 KB] Plan cost: 13
[t=0.00527549s, 17476 KB] Expanded 14 state(s).
[t=0.00527549s, 17476 KB] Reopened 0 state(s).
[t=0.00527549s, 17476 KB] Evaluated 68 state(s).
[t=0.00527549s, 17476 KB] Evaluations: 68
[t=0.00527549s, 17476 KB] Generated 116 state(s).
[t=0.00527549s, 17476 KB] Dead ends: 0 state(s).
[t=0.00527549s, 17476 KB] Number of registered states: 68
[t=0.00527549s, 17476 KB] Int hash set load factor: 68/128 = 0.53125
[t=0.00527549s, 17476 KB] Int hash set resizes: 7
[t=0.00527549s, 17476 KB] mean number of q cost that have been adjusted 0 times in relation to total number of q: -1
[t=0.00527549s, 17476 KB] mean number of q cost that have been adjusted 1 times in relation to total number of q: -1
[t=0.00527549s, 17476 KB] mean number of q cost that have been adjusted 2 times in relation to total number of q: -1
[t=0.00527549s, 17476 KB] mean number of q that are at some point overconsitent in relation to total number of q: -1
[t=0.00527549s, 17476 KB] mean number of q that are at first underconsisten in relation to total number of q: -1
[t=0.00527549s, 17476 KB] mean number of state variables that are not in common between two following states in relation to total number of state variables: -1
[t=0.00527549s, 17476 KB] variance number of state variables that are not in common between two following states in relation to total number of state variables: -1
[t=0.00527549s, 17476 KB] Search time: 0.00190967s
[t=0.00527549s, 17476 KB] Total time: 0.00527549s
Solution found.
Peak memory: 17476 KB
Remove intermediate file output.sas
search exit code: 0

INFO     Running validate.
INFO     validate stdin: None
INFO     validate time limit: None
INFO     validate memory limit: None
INFO     validate command line string: validate domain.pddl problem.pddl sas_plan
