INFO     Running translator.
INFO     translator stdin: None
INFO     translator time limit: 1799.95s
INFO     translator memory limit: 3584 MB
INFO     translator command line string: /infai/weidan00/downward/experiments/bachelor/.venv/bin/python3 /infai/weidan00/downward/experiments/bachelor/data/bachelor-v1/code-7aa5f34_e5e41175/builds/release/bin/translate/translate.py domain.pddl problem.pddl --sas-file output.sas
Parsing...
Parsing: [0.320s CPU, 0.311s wall-clock]
Normalizing task... [0.040s CPU, 0.045s wall-clock]
Instantiating...
Generating Datalog program... [0.070s CPU, 0.065s wall-clock]
Normalizing Datalog program...
Normalizing Datalog program: [0.190s CPU, 0.193s wall-clock]
Preparing model... [0.240s CPU, 0.248s wall-clock]
Generated 8809 rules.
Computing model... [0.490s CPU, 0.484s wall-clock]
10054 relevant atoms
20918 auxiliary atoms
30972 final queue length
45892 total queue pushes
Completing instantiation... [0.500s CPU, 0.494s wall-clock]
Instantiating: [1.510s CPU, 1.519s wall-clock]
Computing fact groups...
Finding invariants...
26 initial candidates
Finding invariants: [0.490s CPU, 0.494s wall-clock]
Checking invariant weight... [0.000s CPU, 0.005s wall-clock]
Instantiating groups... [0.140s CPU, 0.139s wall-clock]
Collecting mutex groups... [0.000s CPU, 0.004s wall-clock]
Choosing groups...
3588 uncovered facts
Choosing groups: [0.090s CPU, 0.082s wall-clock]
Building translation key... [0.010s CPU, 0.019s wall-clock]
Computing fact groups: [0.810s CPU, 0.814s wall-clock]
Building STRIPS to SAS dictionary... [0.010s CPU, 0.008s wall-clock]
Building dictionary for full mutex groups... [0.010s CPU, 0.009s wall-clock]
Building mutex information...
Building mutex information: [0.010s CPU, 0.009s wall-clock]
Translating task...
Processing axioms...
Simplifying axioms... [0.000s CPU, 0.000s wall-clock]
Processing axioms: [0.020s CPU, 0.020s wall-clock]
Translating task: [0.550s CPU, 0.554s wall-clock]
12264 effect conditions simplified
0 implied preconditions added
Detecting unreachable propositions...
0 operators removed
0 axioms removed
1293 propositions removed
Detecting unreachable propositions: [0.360s CPU, 0.357s wall-clock]
Reordering and filtering variables...
1376 of 2966 variables necessary.
200 of 229 mutex groups necessary.
4141 of 4141 operators necessary.
0 of 0 axiom rules necessary.
Reordering and filtering variables: [2.020s CPU, 2.026s wall-clock]
Translator variables: 1376
Translator derived variables: 0
Translator facts: 4101
Translator goal facts: 6
Translator mutex groups: 200
Translator total mutex groups size: 1381
Translator operators: 4141
Translator axioms: 0
Translator task size: 56012
Translator peak memory: 216096 KB
Writing output... [0.080s CPU, 0.101s wall-clock]
Done! [5.750s CPU, 5.781s wall-clock]
translate exit code: 0

INFO     Running search (release).
INFO     search stdin: output.sas
INFO     search time limit: 1794.12s
INFO     search memory limit: 3584 MB
INFO     search command line string: /infai/weidan00/downward/experiments/bachelor/data/bachelor-v1/code-7aa5f34_e5e41175/builds/release/bin/downward --search 'eager_wastar([pinch_tracking()], w=2)' --internal-plan-file sas_plan < output.sas
[t=6.8297e-05s, 17204 KB] reading input...
[t=0.0609702s, 20260 KB] done reading input!
[t=0.0667626s, 22292 KB] Simplifying 17380 unary operators... done! [17210 unary operators]
[t=0.0825624s, 23960 KB] time to simplify: 0.0159172s
[t=0.0868349s, 24540 KB] Initializing pinch tracking heuristic...
[t=0.0871004s, 24540 KB] Building successor generator...done!
[t=0.0907685s, 24540 KB] peak memory difference for successor generator creation: 0 KB
[t=0.0908223s, 24540 KB] time for successor generation creation: 0.00346967s
[t=0.0909194s, 24540 KB] Variables: 1376
[t=0.0909625s, 24540 KB] FactPairs: 4101
[t=0.0910024s, 24540 KB] Bytes per state: 184
[t=0.091155s, 24540 KB] Conducting best first search with reopening closed nodes, (real) bound = 2147483647
[t=0.0948556s, 24540 KB] New best heuristic value for pinch_tracking: 783
[t=0.0949667s, 24540 KB] g=0, 1 evaluated, 0 expanded
[t=0.0950214s, 24540 KB] Initial heuristic value for pinch_tracking: 783
[t=0.0950637s, 24540 KB] pruning method: none
[t=0.0955403s, 24540 KB] New best heuristic value for pinch_tracking: 750
[t=0.0955973s, 24540 KB] g=1, 2 evaluated, 1 expanded
[t=0.107269s, 24540 KB] New best heuristic value for pinch_tracking: 717
[t=0.107386s, 24540 KB] g=2, 18 evaluated, 2 expanded
[t=0.119109s, 24540 KB] New best heuristic value for pinch_tracking: 684
[t=0.119228s, 24540 KB] g=3, 34 evaluated, 3 expanded
[t=0.131115s, 24540 KB] New best heuristic value for pinch_tracking: 663
[t=0.13123s, 24540 KB] g=4, 50 evaluated, 4 expanded
[t=0.132077s, 24540 KB] New best heuristic value for pinch_tracking: 661
[t=0.132153s, 24540 KB] g=4, 51 evaluated, 4 expanded
[t=0.134008s, 24540 KB] New best heuristic value for pinch_tracking: 654
[t=0.134096s, 24540 KB] g=4, 53 evaluated, 4 expanded
[t=0.143173s, 24540 KB] New best heuristic value for pinch_tracking: 633
[t=0.143282s, 24540 KB] g=5, 66 evaluated, 5 expanded
[t=0.144146s, 24540 KB] New best heuristic value for pinch_tracking: 631
[t=0.144224s, 24540 KB] g=5, 67 evaluated, 5 expanded
[t=0.148523s, 24540 KB] New best heuristic value for pinch_tracking: 629
[t=0.148635s, 24540 KB] g=5, 72 evaluated, 5 expanded
[t=0.155614s, 24540 KB] New best heuristic value for pinch_tracking: 608
[t=0.155726s, 24540 KB] g=6, 82 evaluated, 6 expanded
[t=0.156588s, 24540 KB] New best heuristic value for pinch_tracking: 606
[t=0.156668s, 24540 KB] g=6, 83 evaluated, 6 expanded
[t=0.167515s, 24540 KB] New best heuristic value for pinch_tracking: 585
[t=0.167629s, 24540 KB] g=7, 98 evaluated, 7 expanded
[t=0.180923s, 24540 KB] New best heuristic value for pinch_tracking: 570
[t=0.181036s, 24540 KB] g=8, 115 evaluated, 8 expanded
[t=0.186338s, 24540 KB] New best heuristic value for pinch_tracking: 566
[t=0.18645s, 24540 KB] g=8, 121 evaluated, 8 expanded
[t=0.194531s, 24540 KB] New best heuristic value for pinch_tracking: 551
[t=0.194635s, 24540 KB] g=9, 131 evaluated, 9 expanded
[t=0.207434s, 24540 KB] New best heuristic value for pinch_tracking: 539
[t=0.20753s, 24540 KB] g=10, 147 evaluated, 10 expanded
[t=0.221196s, 24540 KB] New best heuristic value for pinch_tracking: 527
[t=0.221311s, 24540 KB] g=11, 164 evaluated, 11 expanded
[t=0.228242s, 24540 KB] New best heuristic value for pinch_tracking: 503
[t=0.22835s, 24540 KB] g=11, 172 evaluated, 11 expanded
[t=0.235801s, 24540 KB] New best heuristic value for pinch_tracking: 491
[t=0.235914s, 24540 KB] g=12, 180 evaluated, 12 expanded
[t=0.24825s, 24540 KB] New best heuristic value for pinch_tracking: 480
[t=0.248359s, 24540 KB] g=13, 195 evaluated, 13 expanded
[t=0.250029s, 24540 KB] New best heuristic value for pinch_tracking: 479
[t=0.250131s, 24540 KB] g=13, 197 evaluated, 13 expanded
[t=0.253353s, 24540 KB] New best heuristic value for pinch_tracking: 441
[t=0.253461s, 24540 KB] g=13, 201 evaluated, 13 expanded
[t=0.260558s, 24540 KB] New best heuristic value for pinch_tracking: 430
[t=0.260671s, 24540 KB] g=14, 209 evaluated, 14 expanded
[t=0.262317s, 24540 KB] New best heuristic value for pinch_tracking: 429
[t=0.262416s, 24540 KB] g=14, 211 evaluated, 14 expanded
[t=0.272487s, 24540 KB] New best heuristic value for pinch_tracking: 418
[t=0.272611s, 24540 KB] g=15, 222 evaluated, 15 expanded
[t=0.27423s, 24540 KB] New best heuristic value for pinch_tracking: 417
[t=0.274333s, 24540 KB] g=15, 224 evaluated, 15 expanded
[t=0.275208s, 24540 KB] New best heuristic value for pinch_tracking: 397
[t=0.275285s, 24540 KB] g=15, 225 evaluated, 15 expanded
[t=0.282345s, 24540 KB] New best heuristic value for pinch_tracking: 386
[t=0.282467s, 24540 KB] g=16, 233 evaluated, 16 expanded
[t=0.286016s, 24540 KB] New best heuristic value for pinch_tracking: 385
[t=0.286106s, 24540 KB] g=16, 236 evaluated, 16 expanded
[t=0.293129s, 24540 KB] New best heuristic value for pinch_tracking: 374
[t=0.293248s, 24540 KB] g=17, 244 evaluated, 17 expanded
[t=0.296799s, 24540 KB] New best heuristic value for pinch_tracking: 343
[t=0.29691s, 24540 KB] g=17, 247 evaluated, 17 expanded
[t=0.302278s, 24540 KB] New best heuristic value for pinch_tracking: 332
[t=0.302395s, 24540 KB] g=18, 253 evaluated, 18 expanded
[t=0.312826s, 24540 KB] New best heuristic value for pinch_tracking: 313
[t=0.312948s, 24540 KB] g=19, 264 evaluated, 19 expanded
[t=0.321674s, 24540 KB] New best heuristic value for pinch_tracking: 310
[t=0.321797s, 24540 KB] g=21, 275 evaluated, 21 expanded
[t=0.343585s, 24540 KB] New best heuristic value for pinch_tracking: 307
[t=0.343701s, 24540 KB] g=23, 298 evaluated, 25 expanded
[t=0.36554s, 24540 KB] New best heuristic value for pinch_tracking: 304
[t=0.365649s, 24540 KB] g=25, 321 evaluated, 29 expanded
[t=0.374941s, 24540 KB] New best heuristic value for pinch_tracking: 301
[t=0.375049s, 24540 KB] g=27, 331 evaluated, 31 expanded
[t=0.386738s, 24540 KB] New best heuristic value for pinch_tracking: 298
[t=0.386851s, 24540 KB] g=29, 345 evaluated, 33 expanded
[t=0.408505s, 24540 KB] New best heuristic value for pinch_tracking: 295
[t=0.408612s, 24540 KB] g=33, 366 evaluated, 37 expanded
[t=0.435252s, 24540 KB] New best heuristic value for pinch_tracking: 292
[t=0.43536s, 24540 KB] g=35, 391 evaluated, 41 expanded
[t=0.457418s, 24540 KB] New best heuristic value for pinch_tracking: 289
[t=0.457533s, 24540 KB] g=37, 412 evaluated, 45 expanded
[t=0.481132s, 24540 KB] New best heuristic value for pinch_tracking: 286
[t=0.481231s, 24540 KB] g=39, 434 evaluated, 49 expanded
[t=0.540264s, 24540 KB] New best heuristic value for pinch_tracking: 284
[t=0.540365s, 24540 KB] g=43, 488 evaluated, 59 expanded
[t=0.563082s, 24540 KB] New best heuristic value for pinch_tracking: 281
[t=0.563188s, 24540 KB] g=45, 510 evaluated, 63 expanded
[t=0.590021s, 24540 KB] New best heuristic value for pinch_tracking: 278
[t=0.590127s, 24540 KB] g=47, 536 evaluated, 68 expanded
[t=0.612366s, 24540 KB] New best heuristic value for pinch_tracking: 275
[t=0.612466s, 24540 KB] g=49, 558 evaluated, 72 expanded
[t=0.64036s, 24540 KB] New best heuristic value for pinch_tracking: 272
[t=0.640472s, 24540 KB] g=51, 584 evaluated, 77 expanded
[t=0.663089s, 24540 KB] New best heuristic value for pinch_tracking: 269
[t=0.663201s, 24540 KB] g=53, 606 evaluated, 81 expanded
[t=0.933229s, 24540 KB] New best heuristic value for pinch_tracking: 266
[t=0.933348s, 24540 KB] g=55, 847 evaluated, 133 expanded
[t=1.17911s, 24540 KB] New best heuristic value for pinch_tracking: 264
[t=1.17923s, 24540 KB] g=65, 1075 evaluated, 180 expanded
[t=1.20257s, 24540 KB] New best heuristic value for pinch_tracking: 261
[t=1.20268s, 24540 KB] g=67, 1097 evaluated, 184 expanded
[t=1.22598s, 24540 KB] New best heuristic value for pinch_tracking: 258
[t=1.22609s, 24540 KB] g=69, 1119 evaluated, 188 expanded
[t=1.25741s, 24540 KB] New best heuristic value for pinch_tracking: 256
[t=1.25752s, 24540 KB] g=71, 1146 evaluated, 193 expanded
[t=1.28751s, 24540 KB] New best heuristic value for pinch_tracking: 253
[t=1.28763s, 24540 KB] g=73, 1173 evaluated, 198 expanded
[t=1.32933s, 24540 KB] New best heuristic value for pinch_tracking: 251
[t=1.32945s, 24540 KB] g=77, 1209 evaluated, 205 expanded
[t=1.35639s, 24540 KB] New best heuristic value for pinch_tracking: 248
[t=1.3565s, 24540 KB] g=79, 1231 evaluated, 209 expanded
[t=1.38653s, 24540 KB] New best heuristic value for pinch_tracking: 246
[t=1.38664s, 24540 KB] g=81, 1258 evaluated, 214 expanded
[t=2.55136s, 24812 KB] New best heuristic value for pinch_tracking: 244
[t=2.55148s, 24812 KB] g=88, 2216 evaluated, 439 expanded
[t=2.57365s, 24812 KB] New best heuristic value for pinch_tracking: 241
[t=2.57376s, 24812 KB] g=90, 2239 evaluated, 442 expanded
[t=2.61371s, 24812 KB] New best heuristic value for pinch_tracking: 240
[t=2.61382s, 24812 KB] g=95, 2279 evaluated, 449 expanded
[t=2.62073s, 24812 KB] New best heuristic value for pinch_tracking: 236
[t=2.62084s, 24812 KB] g=96, 2286 evaluated, 450 expanded
[t=2.62772s, 24812 KB] New best heuristic value for pinch_tracking: 232
[t=2.62781s, 24812 KB] g=97, 2293 evaluated, 451 expanded
[t=2.64844s, 24812 KB] New best heuristic value for pinch_tracking: 231
[t=2.64855s, 24812 KB] g=100, 2314 evaluated, 454 expanded
[t=2.65603s, 24812 KB] New best heuristic value for pinch_tracking: 228
[t=2.65613s, 24812 KB] g=101, 2321 evaluated, 455 expanded
[t=2.66306s, 24812 KB] New best heuristic value for pinch_tracking: 225
[t=2.66317s, 24812 KB] g=102, 2328 evaluated, 456 expanded
[t=2.68125s, 24812 KB] New best heuristic value for pinch_tracking: 221
[t=2.68135s, 24812 KB] g=104, 2346 evaluated, 458 expanded
[t=2.69424s, 24812 KB] New best heuristic value for pinch_tracking: 213
[t=2.69435s, 24812 KB] g=106, 2358 evaluated, 460 expanded
[t=2.70715s, 24812 KB] New best heuristic value for pinch_tracking: 200
[t=2.70725s, 24812 KB] g=107, 2370 evaluated, 461 expanded
[t=2.73947s, 24812 KB] New best heuristic value for pinch_tracking: 199
[t=2.73958s, 24812 KB] g=112, 2407 evaluated, 469 expanded
[t=2.75227s, 24812 KB] New best heuristic value for pinch_tracking: 197
[t=2.75236s, 24812 KB] g=112, 2422 evaluated, 472 expanded
[t=2.75768s, 24812 KB] New best heuristic value for pinch_tracking: 190
[t=2.75777s, 24812 KB] g=114, 2430 evaluated, 474 expanded
[t=2.79141s, 24812 KB] New best heuristic value for pinch_tracking: 188
[t=2.79153s, 24812 KB] g=118, 2470 evaluated, 481 expanded
[t=2.80543s, 24812 KB] New best heuristic value for pinch_tracking: 185
[t=2.80554s, 24812 KB] g=120, 2487 evaluated, 484 expanded
[t=2.84928s, 24812 KB] New best heuristic value for pinch_tracking: 181
[t=2.84939s, 24812 KB] g=126, 2536 evaluated, 494 expanded
[t=2.85472s, 24812 KB] New best heuristic value for pinch_tracking: 177
[t=2.85482s, 24812 KB] g=127, 2542 evaluated, 495 expanded
[t=2.86029s, 24812 KB] New best heuristic value for pinch_tracking: 176
[t=2.86039s, 24812 KB] g=128, 2548 evaluated, 496 expanded
[t=2.87722s, 24812 KB] New best heuristic value for pinch_tracking: 173
[t=2.87733s, 24812 KB] g=131, 2566 evaluated, 499 expanded
[t=2.88278s, 24812 KB] New best heuristic value for pinch_tracking: 170
[t=2.8829s, 24812 KB] g=132, 2572 evaluated, 500 expanded
[t=2.89803s, 24968 KB] New best heuristic value for pinch_tracking: 166
[t=2.89814s, 24968 KB] g=134, 2588 evaluated, 502 expanded
[t=2.90829s, 24968 KB] New best heuristic value for pinch_tracking: 159
[t=2.9084s, 24968 KB] g=136, 2598 evaluated, 504 expanded
[t=2.91856s, 24968 KB] New best heuristic value for pinch_tracking: 149
[t=2.91868s, 24968 KB] g=137, 2608 evaluated, 505 expanded
[t=2.93859s, 24968 KB] New best heuristic value for pinch_tracking: 146
[t=2.9387s, 24968 KB] g=142, 2631 evaluated, 511 expanded
[t=2.94664s, 24968 KB] New best heuristic value for pinch_tracking: 139
[t=2.94675s, 24968 KB] g=144, 2641 evaluated, 513 expanded
[t=2.97605s, 24968 KB] New best heuristic value for pinch_tracking: 136
[t=2.97616s, 24968 KB] g=150, 2675 evaluated, 521 expanded
[t=2.9804s, 24968 KB] New best heuristic value for pinch_tracking: 132
[t=2.98051s, 24968 KB] g=151, 2680 evaluated, 522 expanded
[t=2.98471s, 24968 KB] New best heuristic value for pinch_tracking: 130
[t=2.98482s, 24968 KB] g=152, 2685 evaluated, 523 expanded
[t=2.99755s, 24968 KB] New best heuristic value for pinch_tracking: 128
[t=2.99766s, 24968 KB] g=155, 2700 evaluated, 526 expanded
[t=3.00171s, 24968 KB] New best heuristic value for pinch_tracking: 125
[t=3.00184s, 24968 KB] g=156, 2705 evaluated, 527 expanded
[t=3.00589s, 24968 KB] New best heuristic value for pinch_tracking: 124
[t=3.00601s, 24968 KB] g=157, 2710 evaluated, 528 expanded
[t=3.01382s, 24968 KB] New best heuristic value for pinch_tracking: 121
[t=3.01394s, 24968 KB] g=158, 2719 evaluated, 529 expanded
[t=3.02041s, 24968 KB] New best heuristic value for pinch_tracking: 115
[t=3.02052s, 24968 KB] g=160, 2727 evaluated, 531 expanded
[t=3.02771s, 24968 KB] New best heuristic value for pinch_tracking: 108
[t=3.02782s, 24968 KB] g=161, 2735 evaluated, 532 expanded
[t=3.04289s, 24968 KB] New best heuristic value for pinch_tracking: 105
[t=3.043s, 24968 KB] g=166, 2756 evaluated, 539 expanded
[t=3.05713s, 24968 KB] New best heuristic value for pinch_tracking: 103
[t=3.05725s, 24968 KB] g=172, 2775 evaluated, 547 expanded
[t=3.05948s, 24968 KB] New best heuristic value for pinch_tracking: 99
[t=3.05959s, 24968 KB] g=173, 2778 evaluated, 548 expanded
[t=3.06182s, 24968 KB] New best heuristic value for pinch_tracking: 96
[t=3.06193s, 24968 KB] g=174, 2781 evaluated, 549 expanded
[t=3.06892s, 24968 KB] New best heuristic value for pinch_tracking: 95
[t=3.06903s, 24968 KB] g=177, 2790 evaluated, 552 expanded
[t=3.07127s, 24968 KB] New best heuristic value for pinch_tracking: 92
[t=3.07138s, 24968 KB] g=178, 2793 evaluated, 553 expanded
[t=3.07357s, 24968 KB] New best heuristic value for pinch_tracking: 90
[t=3.07368s, 24968 KB] g=179, 2796 evaluated, 554 expanded
[t=3.07761s, 24968 KB] New best heuristic value for pinch_tracking: 88
[t=3.07772s, 24968 KB] g=180, 2801 evaluated, 555 expanded
[t=3.07881s, 24968 KB] New best heuristic value for pinch_tracking: 87
[t=3.0789s, 24968 KB] g=181, 2803 evaluated, 556 expanded
[t=3.08208s, 24968 KB] New best heuristic value for pinch_tracking: 83
[t=3.08218s, 24968 KB] g=182, 2807 evaluated, 557 expanded
[t=3.08464s, 24968 KB] New best heuristic value for pinch_tracking: 79
[t=3.08475s, 24968 KB] g=183, 2811 evaluated, 558 expanded
[t=3.0879s, 24968 KB] New best heuristic value for pinch_tracking: 75
[t=3.08801s, 24968 KB] g=186, 2816 evaluated, 561 expanded
[t=3.10565s, 24968 KB] New best heuristic value for pinch_tracking: 74
[t=3.10577s, 24968 KB] g=192, 2840 evaluated, 571 expanded
[t=3.10714s, 24968 KB] New best heuristic value for pinch_tracking: 70
[t=3.10724s, 24968 KB] g=193, 2842 evaluated, 572 expanded
[t=3.10861s, 24968 KB] New best heuristic value for pinch_tracking: 66
[t=3.1087s, 24968 KB] g=194, 2844 evaluated, 573 expanded
[t=3.11402s, 24968 KB] New best heuristic value for pinch_tracking: 63
[t=3.11414s, 24968 KB] g=198, 2852 evaluated, 577 expanded
[t=3.11547s, 24968 KB] New best heuristic value for pinch_tracking: 60
[t=3.11557s, 24968 KB] g=199, 2854 evaluated, 578 expanded
[t=3.11738s, 24968 KB] New best heuristic value for pinch_tracking: 59
[t=3.11748s, 24968 KB] g=200, 2857 evaluated, 579 expanded
[t=3.11845s, 24968 KB] New best heuristic value for pinch_tracking: 57
[t=3.11853s, 24968 KB] g=201, 2859 evaluated, 580 expanded
[t=3.11956s, 24968 KB] New best heuristic value for pinch_tracking: 55
[t=3.11963s, 24968 KB] g=202, 2861 evaluated, 581 expanded
[t=3.12121s, 24968 KB] New best heuristic value for pinch_tracking: 54
[t=3.12129s, 24968 KB] g=203, 2864 evaluated, 582 expanded
[t=4.14857s, 25424 KB] New best heuristic value for pinch_tracking: 45
[t=4.14869s, 25424 KB] g=211, 4025 evaluated, 1153 expanded
[t=4.15065s, 25424 KB] New best heuristic value for pinch_tracking: 38
[t=4.15076s, 25424 KB] g=217, 4031 evaluated, 1159 expanded
[t=4.15309s, 25424 KB] New best heuristic value for pinch_tracking: 29
[t=4.1532s, 25424 KB] g=225, 4039 evaluated, 1167 expanded
[t=4.15533s, 25424 KB] New best heuristic value for pinch_tracking: 21
[t=4.15544s, 25424 KB] g=232, 4046 evaluated, 1174 expanded
[t=4.15625s, 25424 KB] New best heuristic value for pinch_tracking: 17
[t=4.15634s, 25424 KB] g=234, 4048 evaluated, 1176 expanded
[t=4.15667s, 25424 KB] New best heuristic value for pinch_tracking: 16
[t=4.15673s, 25424 KB] g=235, 4049 evaluated, 1177 expanded
[t=4.15749s, 25424 KB] New best heuristic value for pinch_tracking: 14
[t=4.15755s, 25424 KB] g=236, 4051 evaluated, 1178 expanded
[t=4.15795s, 25424 KB] New best heuristic value for pinch_tracking: 13
[t=4.15801s, 25424 KB] g=237, 4052 evaluated, 1179 expanded
[t=4.15862s, 25424 KB] New best heuristic value for pinch_tracking: 11
[t=4.15868s, 25424 KB] g=238, 4054 evaluated, 1180 expanded
[t=4.15907s, 25424 KB] New best heuristic value for pinch_tracking: 10
[t=4.15913s, 25424 KB] g=239, 4055 evaluated, 1181 expanded
[t=4.15973s, 25424 KB] New best heuristic value for pinch_tracking: 8
[t=4.15979s, 25424 KB] g=240, 4057 evaluated, 1182 expanded
[t=4.16018s, 25424 KB] New best heuristic value for pinch_tracking: 7
[t=4.16023s, 25424 KB] g=241, 4058 evaluated, 1183 expanded
[t=4.16083s, 25424 KB] New best heuristic value for pinch_tracking: 5
[t=4.16089s, 25424 KB] g=242, 4060 evaluated, 1184 expanded
[t=4.16128s, 25424 KB] New best heuristic value for pinch_tracking: 4
[t=4.16133s, 25424 KB] g=243, 4061 evaluated, 1185 expanded
[t=4.16176s, 25424 KB] New best heuristic value for pinch_tracking: 2
[t=4.16182s, 25424 KB] g=244, 4062 evaluated, 1186 expanded
[t=4.1624s, 25424 KB] New best heuristic value for pinch_tracking: 1
[t=4.16245s, 25424 KB] g=245, 4064 evaluated, 1187 expanded
[t=4.16264s, 25424 KB] New best heuristic value for pinch_tracking: 0
[t=4.16268s, 25424 KB] g=246, 4065 evaluated, 1188 expanded
[t=4.16273s, 25424 KB] Solution found!
[t=4.16279s, 25424 KB] Actual search time: 4.06773s
move_seg_08l_a7b_0_161_245_seg_a8_a_0_157_785_south_south_medium airplane_cfbeg (1)
move_seg_a8_a_0_157_785_seg_a8_b_1_0_79_7559_south_south_medium airplane_cfbeg (1)
move_seg_a8_b_1_0_79_7559_seg_a8_b_0_80_6226_south_south_medium airplane_cfbeg (1)
pushback_seg_p118_0_76_seg_o1_118b_0_60_south_south_medium airplane_daew7 (1)
pushback_seg_p112_0_76_seg_o1_c3b_0_60_south_south_medium airplane_daew2 (1)
pushback_seg_p154_0_75_seg_w1_154b_0_45_south_south_medium airplane_daew5 (1)
move_seg_a8_b_0_80_6226_seg_m_a8d_0_120_934_south_north_medium airplane_cfbeg (1)
pushback_seg_p107_0_76_seg_o1_c2b_0_60_south_south_medium airplane_daew1 (1)
pushback_seg_p141_0_75_seg_w1_141b_0_45_south_south_medium airplane_daew6 (1)
pushback_seg_w1_154b_0_45_seg_w1_154c_0_34_south_north_medium airplane_daew5 (1)
startup_seg_w1_154c_0_34_north_medium airplane_daew5 (1)
pushback_seg_o1_118b_0_60_seg_o1_118c_0_34_south_north_medium airplane_daew7 (1)
startup_seg_o1_118c_0_34_north_medium airplane_daew7 (1)
pushback_seg_o1_c2b_0_60_seg_o1_c2d_0_60_south_north_medium airplane_daew1 (1)
startup_seg_o1_c2d_0_60_north_medium airplane_daew1 (1)
pushback_seg_o1_c3b_0_60_seg_o1_c3d_0_60_south_north_medium airplane_daew2 (1)
startup_seg_o1_c3d_0_60_north_medium airplane_daew2 (1)
pushback_seg_w1_141b_0_45_seg_w1_141c_0_34_south_north_medium airplane_daew6 (1)
startup_seg_w1_141c_0_34_north_medium airplane_daew6 (1)
move_seg_w1_154c_0_34_seg_w1_154a_0_34_north_south_medium airplane_daew5 (1)
move_seg_w1_154a_0_34_seg_w1_153c_0_34_south_north_medium airplane_daew5 (1)
move_seg_w1_153c_0_34_seg_w1_153a_0_34_north_south_medium airplane_daew5 (1)
move_seg_w1_153a_0_34_seg_w1_152c_0_34_south_north_medium airplane_daew5 (1)
move_seg_w1_152c_0_34_seg_w1_152a_0_34_north_south_medium airplane_daew5 (1)
move_seg_w1_152a_0_34_seg_w1_151c_0_34_south_north_medium airplane_daew5 (1)
move_seg_w1_151c_0_34_seg_w1_151a_0_34_north_south_medium airplane_daew5 (1)
move_seg_w1_151a_0_34_seg_w1_c2c_0_34_south_north_medium airplane_daew5 (1)
move_seg_w1_c2c_0_34_seg_w1_c2a_0_60_north_south_medium airplane_daew5 (1)
move_seg_w1_c2a_0_60_seg_w1_143c_0_60_south_north_medium airplane_daew5 (1)
move_seg_w1_143c_0_60_seg_w1_143a_0_34_north_south_medium airplane_daew5 (1)
move_seg_w1_143a_0_34_seg_w1_142c_0_34_south_north_medium airplane_daew5 (1)
move_seg_w1_141c_0_34_seg_w1_141a_0_34_north_south_medium airplane_daew6 (1)
move_seg_w1_141a_0_34_seg_w1_c1c_0_34_south_north_medium airplane_daew6 (1)
move_seg_o1_118c_0_34_seg_o1_118a_0_34_north_south_medium airplane_daew7 (1)
move_seg_o1_118a_0_34_seg_o1_117c_0_34_south_north_medium airplane_daew7 (1)
move_seg_o1_117c_0_34_seg_o1_117a_0_34_north_south_medium airplane_daew7 (1)
move_seg_o1_117a_0_34_seg_o1_116c_0_34_south_north_medium airplane_daew7 (1)
move_seg_o1_116c_0_34_seg_o1_116a_0_34_north_south_medium airplane_daew7 (1)
move_seg_o1_116a_0_34_seg_o1_115c_0_34_south_north_medium airplane_daew7 (1)
move_seg_o1_c3d_0_60_seg_o1_c3a_0_34_north_south_medium airplane_daew2 (1)
move_seg_o1_c3a_0_34_seg_o1_111c_0_34_south_north_medium airplane_daew2 (1)
move_seg_o1_111c_0_34_seg_o1_111a_0_34_north_south_medium airplane_daew2 (1)
move_seg_o1_111a_0_34_seg_o1_110c_0_34_south_north_medium airplane_daew2 (1)
move_seg_o1_115c_0_34_seg_o1_115a_0_34_north_south_medium airplane_daew7 (1)
move_seg_o1_115a_0_34_seg_o1_c3c_0_48_south_north_medium airplane_daew7 (1)
move_seg_o1_110c_0_34_seg_o1_110a_0_34_north_south_medium airplane_daew2 (1)
move_seg_o1_110a_0_34_seg_o1_109c_0_34_south_north_medium airplane_daew2 (1)
move_seg_o1_c3c_0_48_seg_o1_c3a_0_34_north_south_medium airplane_daew7 (1)
move_seg_o1_c3a_0_34_seg_o1_111c_0_34_south_north_medium airplane_daew7 (1)
move_seg_o1_109c_0_34_seg_o1_109a_0_34_north_south_medium airplane_daew2 (1)
move_seg_o1_109a_0_34_seg_o1_108c_0_34_south_north_medium airplane_daew2 (1)
move_seg_o1_111c_0_34_seg_o1_111a_0_34_north_south_medium airplane_daew7 (1)
move_seg_o1_111a_0_34_seg_o1_110c_0_34_south_north_medium airplane_daew7 (1)
move_seg_m_a8d_0_120_934_seg_m_a8b_0_60_north_south_medium airplane_cfbeg (1)
move_seg_m_a8b_0_60_seg_n_a8a_0_60_south_north_medium airplane_cfbeg (1)
move_seg_o1_c2d_0_60_seg_o1_c2a_0_60_north_south_medium airplane_daew1 (1)
move_seg_o1_c2a_0_60_seg_o1_104c_0_60_south_north_medium airplane_daew1 (1)
move_seg_o1_110c_0_34_seg_o1_110a_0_34_north_south_medium airplane_daew7 (1)
move_seg_o1_110a_0_34_seg_o1_109c_0_34_south_north_medium airplane_daew7 (1)
move_seg_o1_108c_0_34_seg_o1_108a_0_34_north_south_medium airplane_daew2 (1)
move_seg_o1_108a_0_34_seg_o1_c2c_0_34_south_north_medium airplane_daew2 (1)
move_seg_o1_104c_0_60_seg_o1_104a_0_34_north_south_medium airplane_daew1 (1)
move_seg_o1_104a_0_34_seg_o1_103c_0_34_south_north_medium airplane_daew1 (1)
move_seg_o1_103c_0_34_seg_o1_103a_0_34_north_south_medium airplane_daew1 (1)
move_seg_o1_103a_0_34_seg_o1_102c_0_34_south_north_medium airplane_daew1 (1)
move_seg_o1_102c_0_34_seg_o1_102a_0_34_north_south_medium airplane_daew1 (1)
move_seg_o1_102a_0_34_seg_o1_c1b_0_34_south_north_medium airplane_daew1 (1)
move_seg_o1_c1b_0_34_seg_o1_c1c_0_80_north_south_medium airplane_daew1 (1)
move_seg_o1_c1c_0_80_seg_c1_n2b_0_80_south_north_medium airplane_daew1 (1)
move_seg_o1_c2c_0_34_seg_o1_c2a_0_60_north_south_medium airplane_daew2 (1)
move_seg_o1_c2a_0_60_seg_o1_104c_0_60_south_north_medium airplane_daew2 (1)
move_seg_o1_109c_0_34_seg_o1_109a_0_34_north_south_medium airplane_daew7 (1)
move_seg_o1_109a_0_34_seg_o1_108c_0_34_south_north_medium airplane_daew7 (1)
move_seg_o1_108c_0_34_seg_o1_108a_0_34_north_south_medium airplane_daew7 (1)
move_seg_o1_108a_0_34_seg_o1_c2c_0_34_south_north_medium airplane_daew7 (1)
move_seg_o1_104c_0_60_seg_o1_104a_0_34_north_south_medium airplane_daew2 (1)
move_seg_o1_104a_0_34_seg_o1_103c_0_34_south_north_medium airplane_daew2 (1)
move_seg_o1_103c_0_34_seg_o1_103a_0_34_north_south_medium airplane_daew2 (1)
move_seg_o1_103a_0_34_seg_o1_102c_0_34_south_north_medium airplane_daew2 (1)
move_seg_o1_c2c_0_34_seg_o1_c2a_0_60_north_south_medium airplane_daew7 (1)
move_seg_o1_c2a_0_60_seg_o1_104c_0_60_south_north_medium airplane_daew7 (1)
move_seg_w1_142c_0_34_seg_w1_142a_0_34_north_south_medium airplane_daew5 (1)
move_seg_w1_142a_0_34_seg_w1_141c_0_34_south_north_medium airplane_daew5 (1)
move_seg_w1_c1c_0_34_seg_w1_c1a_0_60_north_south_medium airplane_daew6 (1)
move_seg_w1_c1a_0_60_seg_n1_0_108_south_north_medium airplane_daew6 (1)
move_seg_n1_0_108_seg_n_a3c_0_60_north_north_medium airplane_daew6 (1)
move_seg_c1_n2b_0_80_seg_c1_n2c_0_60_north_south_medium airplane_daew1 (1)
move_seg_c1_n2c_0_60_seg_w1_c1b_0_60_south_north_medium airplane_daew1 (1)
move_seg_o1_102c_0_34_seg_o1_102a_0_34_north_south_medium airplane_daew2 (1)
move_seg_o1_102a_0_34_seg_o1_c1b_0_34_south_north_medium airplane_daew2 (1)
move_seg_n_a3c_0_60_seg_n_a3d_0_60_north_south_medium airplane_daew6 (1)
move_seg_n_a3d_0_60_seg_n_a2a3f_0_115_south_north_medium airplane_daew6 (1)
move_seg_n_a2a3f_0_115_seg_n_a2a3e_0_75_north_north_medium airplane_daew6 (1)
move_seg_n_a2a3e_0_75_seg_n_a2a3d_0_75_north_north_medium airplane_daew6 (1)
move_seg_n_a2a3d_0_75_seg_n_a2a3c_0_75_north_north_medium airplane_daew6 (1)
move_seg_n_a2a3c_0_75_seg_n_a2a3b_0_75_north_north_medium airplane_daew6 (1)
move_seg_n_a2a3b_0_75_seg_n_a2a3a_0_75_north_north_medium airplane_daew6 (1)
move_seg_n_a2a3a_0_75_seg_n_a2b_0_60_north_north_medium airplane_daew6 (1)
move_seg_n_a2b_0_60_seg_n_a2a_0_60_north_south_medium airplane_daew6 (1)
move_seg_n_a2a_0_60_seg_a2_c_0_100_south_north_medium airplane_daew6 (1)
move_seg_a2_c_0_100_seg_a2_b_0_90_north_north_medium airplane_daew6 (1)
move_seg_a2_b_0_90_seg_a2_a_0_90_north_north_medium airplane_daew6 (1)
move_seg_a2_a_0_90_seg_08l_a2b_0_80_north_north_medium airplane_daew6 (1)
move_seg_08l_a2b_0_80_seg_08l_a2a_0_80_north_south_medium airplane_daew6 (1)
move_seg_08l_a2a_0_80_seg_08l_a2a3_0_970_south_south_medium airplane_daew6 (1)
move_seg_08l_a2a3_0_970_seg_08l_0_80_south_north_medium airplane_daew6 (1)
takeoff_seg_08l_0_80_north airplane_daew6 (1)
move_seg_w1_c1b_0_60_seg_w1_c1a_0_60_north_south_medium airplane_daew1 (1)
move_seg_w1_c1a_0_60_seg_n1_0_108_south_north_medium airplane_daew1 (1)
move_seg_n1_0_108_seg_n_a3c_0_60_north_north_medium airplane_daew1 (1)
move_seg_o1_c1b_0_34_seg_o1_c1c_0_80_north_south_medium airplane_daew2 (1)
move_seg_o1_c1c_0_80_seg_c1_n2b_0_80_south_north_medium airplane_daew2 (1)
move_seg_c1_n2b_0_80_seg_c1_n2c_0_60_north_south_medium airplane_daew2 (1)
move_seg_c1_n2c_0_60_seg_w1_c1b_0_60_south_north_medium airplane_daew2 (1)
move_seg_o1_104c_0_60_seg_o1_104a_0_34_north_south_medium airplane_daew7 (1)
move_seg_o1_104a_0_34_seg_o1_103c_0_34_south_north_medium airplane_daew7 (1)
move_seg_o1_103c_0_34_seg_o1_103a_0_34_north_south_medium airplane_daew7 (1)
move_seg_o1_103a_0_34_seg_o1_102c_0_34_south_north_medium airplane_daew7 (1)
move_seg_o1_102c_0_34_seg_o1_102a_0_34_north_south_medium airplane_daew7 (1)
move_seg_o1_102a_0_34_seg_o1_c1b_0_34_south_north_medium airplane_daew7 (1)
move_seg_n_a3c_0_60_seg_n_a3d_0_60_north_south_medium airplane_daew1 (1)
move_seg_n_a3d_0_60_seg_n_a2a3f_0_115_south_north_medium airplane_daew1 (1)
move_seg_n_a2a3f_0_115_seg_n_a2a3e_0_75_north_north_medium airplane_daew1 (1)
move_seg_n_a2a3e_0_75_seg_n_a2a3d_0_75_north_north_medium airplane_daew1 (1)
move_seg_n_a2a3d_0_75_seg_n_a2a3c_0_75_north_north_medium airplane_daew1 (1)
move_seg_n_a2a3c_0_75_seg_n_a2a3b_0_75_north_north_medium airplane_daew1 (1)
move_seg_n_a2a3b_0_75_seg_n_a2a3a_0_75_north_north_medium airplane_daew1 (1)
move_seg_n_a2a3a_0_75_seg_n_a2b_0_60_north_north_medium airplane_daew1 (1)
move_seg_n_a2b_0_60_seg_n_a2a_0_60_north_south_medium airplane_daew1 (1)
move_seg_n_a2a_0_60_seg_a2_c_0_100_south_north_medium airplane_daew1 (1)
move_seg_a2_c_0_100_seg_a2_b_0_90_north_north_medium airplane_daew1 (1)
move_seg_a2_b_0_90_seg_a2_a_0_90_north_north_medium airplane_daew1 (1)
move_seg_a2_a_0_90_seg_08l_a2b_0_80_north_north_medium airplane_daew1 (1)
move_seg_08l_a2b_0_80_seg_08l_a2a_0_80_north_south_medium airplane_daew1 (1)
move_seg_08l_a2a_0_80_seg_08l_a2a3_0_970_south_south_medium airplane_daew1 (1)
move_seg_08l_a2a3_0_970_seg_08l_0_80_south_north_medium airplane_daew1 (1)
takeoff_seg_08l_0_80_north airplane_daew1 (1)
move_seg_o1_c1b_0_34_seg_o1_c1c_0_80_north_south_medium airplane_daew7 (1)
move_seg_o1_c1c_0_80_seg_c1_n2b_0_80_south_north_medium airplane_daew7 (1)
move_seg_w1_c1b_0_60_seg_w1_c1a_0_60_north_south_medium airplane_daew2 (1)
move_seg_w1_c1a_0_60_seg_n1_0_108_south_north_medium airplane_daew2 (1)
move_seg_n1_0_108_seg_n_a3c_0_60_north_north_medium airplane_daew2 (1)
move_seg_c1_n2b_0_80_seg_c1_n2c_0_60_north_south_medium airplane_daew7 (1)
move_seg_c1_n2c_0_60_seg_w1_c1b_0_60_south_north_medium airplane_daew7 (1)
move_seg_n_a3c_0_60_seg_n_a3d_0_60_north_south_medium airplane_daew2 (1)
move_seg_n_a3d_0_60_seg_n_a2a3f_0_115_south_north_medium airplane_daew2 (1)
move_seg_n_a2a3f_0_115_seg_n_a2a3e_0_75_north_north_medium airplane_daew2 (1)
move_seg_n_a2a3e_0_75_seg_n_a2a3d_0_75_north_north_medium airplane_daew2 (1)
move_seg_n_a2a3d_0_75_seg_n_a2a3c_0_75_north_north_medium airplane_daew2 (1)
move_seg_n_a2a3c_0_75_seg_n_a2a3b_0_75_north_north_medium airplane_daew2 (1)
move_seg_n_a2a3b_0_75_seg_n_a2a3a_0_75_north_north_medium airplane_daew2 (1)
move_seg_n_a2a3a_0_75_seg_n_a2b_0_60_north_north_medium airplane_daew2 (1)
move_seg_n_a2b_0_60_seg_n_a2a_0_60_north_south_medium airplane_daew2 (1)
move_seg_n_a2a_0_60_seg_a2_c_0_100_south_north_medium airplane_daew2 (1)
move_seg_a2_c_0_100_seg_a2_b_0_90_north_north_medium airplane_daew2 (1)
move_seg_a2_b_0_90_seg_a2_a_0_90_north_north_medium airplane_daew2 (1)
move_seg_a2_a_0_90_seg_08l_a2b_0_80_north_north_medium airplane_daew2 (1)
move_seg_08l_a2b_0_80_seg_08l_a2a_0_80_north_south_medium airplane_daew2 (1)
move_seg_08l_a2a_0_80_seg_08l_a2a3_0_970_south_south_medium airplane_daew2 (1)
move_seg_08l_a2a3_0_970_seg_08l_0_80_south_north_medium airplane_daew2 (1)
takeoff_seg_08l_0_80_north airplane_daew2 (1)
move_seg_w1_c1b_0_60_seg_w1_c1a_0_60_north_south_medium airplane_daew7 (1)
move_seg_w1_c1a_0_60_seg_n1_0_108_south_north_medium airplane_daew7 (1)
move_seg_n1_0_108_seg_n_a3c_0_60_north_north_medium airplane_daew7 (1)
move_seg_w1_141c_0_34_seg_w1_141a_0_34_north_south_medium airplane_daew5 (1)
move_seg_w1_141a_0_34_seg_w1_c1c_0_34_south_north_medium airplane_daew5 (1)
move_seg_n_a3c_0_60_seg_n_a3d_0_60_north_south_medium airplane_daew7 (1)
move_seg_n_a3d_0_60_seg_n_a2a3f_0_115_south_north_medium airplane_daew7 (1)
move_seg_n_a2a3f_0_115_seg_n_a2a3e_0_75_north_north_medium airplane_daew7 (1)
move_seg_n_a2a3e_0_75_seg_n_a2a3d_0_75_north_north_medium airplane_daew7 (1)
move_seg_n_a2a3d_0_75_seg_n_a2a3c_0_75_north_north_medium airplane_daew7 (1)
move_seg_n_a2a3c_0_75_seg_n_a2a3b_0_75_north_north_medium airplane_daew7 (1)
move_seg_n_a2a3b_0_75_seg_n_a2a3a_0_75_north_north_medium airplane_daew7 (1)
move_seg_n_a2a3a_0_75_seg_n_a2b_0_60_north_north_medium airplane_daew7 (1)
move_seg_n_a2b_0_60_seg_n_a2a_0_60_north_south_medium airplane_daew7 (1)
move_seg_n_a2a_0_60_seg_a2_c_0_100_south_north_medium airplane_daew7 (1)
move_seg_a2_c_0_100_seg_a2_b_0_90_north_north_medium airplane_daew7 (1)
move_seg_a2_b_0_90_seg_a2_a_0_90_north_north_medium airplane_daew7 (1)
move_seg_a2_a_0_90_seg_08l_a2b_0_80_north_north_medium airplane_daew7 (1)
move_seg_08l_a2b_0_80_seg_08l_a2a_0_80_north_south_medium airplane_daew7 (1)
move_seg_08l_a2a_0_80_seg_08l_a2a3_0_970_south_south_medium airplane_daew7 (1)
move_seg_08l_a2a3_0_970_seg_08l_0_80_south_north_medium airplane_daew7 (1)
takeoff_seg_08l_0_80_north airplane_daew7 (1)
move_seg_w1_c1c_0_34_seg_w1_c1a_0_60_north_south_medium airplane_daew5 (1)
move_seg_w1_c1a_0_60_seg_n1_0_108_south_north_medium airplane_daew5 (1)
move_seg_n1_0_108_seg_n_a3c_0_60_north_north_medium airplane_daew5 (1)
move_seg_n_a3c_0_60_seg_n_a3d_0_60_north_south_medium airplane_daew5 (1)
move_seg_n_a3d_0_60_seg_n_a2a3f_0_115_south_north_medium airplane_daew5 (1)
move_seg_n_a2a3f_0_115_seg_n_a2a3e_0_75_north_north_medium airplane_daew5 (1)
move_seg_n_a2a3e_0_75_seg_n_a2a3d_0_75_north_north_medium airplane_daew5 (1)
move_seg_n_a2a3d_0_75_seg_n_a2a3c_0_75_north_north_medium airplane_daew5 (1)
move_seg_n_a2a3c_0_75_seg_n_a2a3b_0_75_north_north_medium airplane_daew5 (1)
move_seg_n_a2a3b_0_75_seg_n_a2a3a_0_75_north_north_medium airplane_daew5 (1)
move_seg_n_a2a3a_0_75_seg_n_a2b_0_60_north_north_medium airplane_daew5 (1)
move_seg_n_a2b_0_60_seg_n_a2a_0_60_north_south_medium airplane_daew5 (1)
move_seg_n_a2a_0_60_seg_a2_c_0_100_south_north_medium airplane_daew5 (1)
move_seg_a2_c_0_100_seg_a2_b_0_90_north_north_medium airplane_daew5 (1)
move_seg_a2_b_0_90_seg_a2_a_0_90_north_north_medium airplane_daew5 (1)
move_seg_a2_a_0_90_seg_08l_a2b_0_80_north_north_medium airplane_daew5 (1)
move_seg_08l_a2b_0_80_seg_08l_a2a_0_80_north_south_medium airplane_daew5 (1)
move_seg_08l_a2a_0_80_seg_08l_a2a3_0_970_south_south_medium airplane_daew5 (1)
move_seg_08l_a2a3_0_970_seg_08l_0_80_south_north_medium airplane_daew5 (1)
takeoff_seg_08l_0_80_north airplane_daew5 (1)
move_seg_n_a8a_0_60_seg_n_a8c_0_60_north_south_medium airplane_cfbeg (1)
move_seg_n_a8c_0_60_seg_n_a6a8f_0_75_south_north_medium airplane_cfbeg (1)
move_seg_n_a6a8f_0_75_seg_n_a6a8e_0_75_north_north_medium airplane_cfbeg (1)
move_seg_n_a6a8e_0_75_seg_n_a6a8d_0_75_north_north_medium airplane_cfbeg (1)
move_seg_n_a6a8d_0_75_seg_n_a6a8c_0_75_north_north_medium airplane_cfbeg (1)
move_seg_n_a6a8c_0_75_seg_n_a6a8b_0_75_north_north_medium airplane_cfbeg (1)
move_seg_n_a6a8b_0_75_seg_n_a6a8a_0_115_north_north_medium airplane_cfbeg (1)
move_seg_n_a6a8a_0_115_seg_n_a6b_0_60_north_north_medium airplane_cfbeg (1)
move_seg_n_a6b_0_60_seg_n_a6c_0_60_north_south_medium airplane_cfbeg (1)
move_seg_n_a6c_0_60_seg_n_a7a6d_0_75_south_north_medium airplane_cfbeg (1)
move_seg_n_a7a6d_0_75_seg_n_a7a6c_0_75_north_north_medium airplane_cfbeg (1)
move_seg_n_a7a6c_0_75_seg_n_a7a6b_0_75_north_north_medium airplane_cfbeg (1)
move_seg_n_a7a6b_0_75_seg_n_a7a6a_0_85_north_north_medium airplane_cfbeg (1)
move_seg_n_a7a6a_0_85_seg_n_a7b_0_60_north_north_medium airplane_cfbeg (1)
move_seg_n_a7b_0_60_seg_n_a7c_0_60_north_south_medium airplane_cfbeg (1)
move_seg_n_a7c_0_60_seg_n_a4a7f_0_75_south_north_medium airplane_cfbeg (1)
move_seg_n_a4a7f_0_75_seg_n_a4a7e_0_75_north_north_medium airplane_cfbeg (1)
move_seg_n_a4a7e_0_75_seg_n_a4a7d_0_75_north_north_medium airplane_cfbeg (1)
move_seg_n_a4a7d_0_75_seg_n_a4a7c_0_75_north_north_medium airplane_cfbeg (1)
move_seg_n_a4a7c_0_75_seg_n_a4a7b_0_75_north_north_medium airplane_cfbeg (1)
move_seg_n_a4a7b_0_75_seg_n_a4a7a_0_115_north_north_medium airplane_cfbeg (1)
move_seg_n_a4a7a_0_115_seg_n_a4b_0_60_north_north_medium airplane_cfbeg (1)
move_seg_n_a4b_0_60_seg_n_a4c_0_60_north_south_medium airplane_cfbeg (1)
move_seg_n_a4c_0_60_seg_n_n2a4e_0_75_south_north_medium airplane_cfbeg (1)
move_seg_n_n2a4e_0_75_seg_n_n2a4d_0_75_north_north_medium airplane_cfbeg (1)
move_seg_n_n2a4d_0_75_seg_n_n2a4c_0_75_north_north_medium airplane_cfbeg (1)
move_seg_n_n2a4c_0_75_seg_n_n2a4b_0_75_north_north_medium airplane_cfbeg (1)
move_seg_n_n2a4b_0_75_seg_n_n2a4a_0_70_north_north_medium airplane_cfbeg (1)
move_seg_n_n2a4a_0_70_seg_n_n2a_0_60_north_north_medium airplane_cfbeg (1)
move_seg_n_n2a_0_60_seg_n_n2b_0_60_north_south_medium airplane_cfbeg (1)
move_seg_n_n2b_0_60_seg_n2_0_108_south_south_medium airplane_cfbeg (1)
move_seg_n2_0_108_seg_c1_n2a_0_60_south_north_medium airplane_cfbeg (1)
move_seg_c1_n2a_0_60_seg_c1_n2b_0_80_north_south_medium airplane_cfbeg (1)
move_seg_c1_n2b_0_80_seg_o1_c1c_0_80_south_north_medium airplane_cfbeg (1)
move_seg_o1_c1c_0_80_seg_o1_c1b_0_34_north_south_medium airplane_cfbeg (1)
move_seg_o1_c1b_0_34_seg_o1_102a_0_34_south_north_medium airplane_cfbeg (1)
move_seg_o1_102a_0_34_seg_o1_102c_0_34_north_south_medium airplane_cfbeg (1)
move_seg_o1_102c_0_34_seg_o1_103a_0_34_south_north_medium airplane_cfbeg (1)
move_seg_o1_103a_0_34_seg_o1_103c_0_34_north_south_medium airplane_cfbeg (1)
move_seg_o1_103c_0_34_seg_o1_104a_0_34_south_north_medium airplane_cfbeg (1)
move_seg_o1_104a_0_34_seg_o1_104b_0_60_north_south_medium airplane_cfbeg (1)
move_seg_o1_104b_0_60_seg_p104_0_76_south_south_medium airplane_cfbeg (1)
park_seg_p104_0_76_south airplane_cfbeg (1)
[t=4.16284s, 25424 KB] Plan length: 246 step(s).
[t=4.16284s, 25424 KB] Plan cost: 246
[t=4.16284s, 25424 KB] Expanded 1189 state(s).
[t=4.16284s, 25424 KB] Reopened 0 state(s).
[t=4.16284s, 25424 KB] Evaluated 4065 state(s).
[t=4.16284s, 25424 KB] Evaluations: 4065
[t=4.16284s, 25424 KB] Generated 5425 state(s).
[t=4.16284s, 25424 KB] Dead ends: 255 state(s).
[t=4.16284s, 25424 KB] Number of registered states: 4065
[t=4.16284s, 25424 KB] Int hash set load factor: 4065/8192 = 0.496216
[t=4.16284s, 25424 KB] Int hash set resizes: 13
[t=4.16284s, 25424 KB] mean number of q cost that have been adjusted 0 times in relation to total number of q: -1
[t=4.16284s, 25424 KB] mean number of q cost that have been adjusted 1 times in relation to total number of q: -1
[t=4.16284s, 25424 KB] mean number of q cost that have been adjusted 2 times in relation to total number of q: -1
[t=4.16284s, 25424 KB] mean number of q that are at some point overconsitent in relation to total number of q: -1
[t=4.16284s, 25424 KB] mean number of q that are at first underconsisten in relation to total number of q: -1
[t=4.16284s, 25424 KB] mean number of state variables that are not in common between two following states in relation to total number of state variables: -1
[t=4.16284s, 25424 KB] variance number of state variables that are not in common between two following states in relation to total number of state variables: -1
[t=4.16284s, 25424 KB] Search time: 4.07168s
[t=4.16284s, 25424 KB] Total time: 4.16284s
Solution found.
Peak memory: 25424 KB
Remove intermediate file output.sas
search exit code: 0

INFO     Running validate.
INFO     validate stdin: None
INFO     validate time limit: None
INFO     validate memory limit: None
INFO     validate command line string: validate domain.pddl problem.pddl sas_plan
