INFO     Running translator.
INFO     translator stdin: None
INFO     translator time limit: 1799.96s
INFO     translator memory limit: 3584 MB
INFO     translator command line string: /infai/weidan00/downward/experiments/bachelor/.venv/bin/python3 /infai/weidan00/downward/experiments/bachelor/data/bachelor-v1/code-7aa5f34_e5e41175/builds/release/bin/translate/translate.py domain.pddl problem.pddl --sas-file output.sas
Parsing...
Parsing: [0.010s CPU, 0.012s wall-clock]
Normalizing task... [0.000s CPU, 0.000s wall-clock]
Instantiating...
Generating Datalog program... [0.010s CPU, 0.004s wall-clock]
Normalizing Datalog program...
Normalizing Datalog program: [0.000s CPU, 0.002s wall-clock]
Preparing model... [0.020s CPU, 0.017s wall-clock]
Generated 26 rules.
Computing model... [0.080s CPU, 0.074s wall-clock]
5453 relevant atoms
4031 auxiliary atoms
9484 final queue length
12733 total queue pushes
Completing instantiation... [0.100s CPU, 0.100s wall-clock]
Instantiating: [0.210s CPU, 0.199s wall-clock]
Computing fact groups...
Finding invariants...
6 initial candidates
Finding invariants: [0.000s CPU, 0.001s wall-clock]
Checking invariant weight... [0.000s CPU, 0.001s wall-clock]
Instantiating groups... [0.000s CPU, 0.000s wall-clock]
Collecting mutex groups... [0.000s CPU, 0.000s wall-clock]
Choosing groups...
58 uncovered facts
Choosing groups: [0.000s CPU, 0.000s wall-clock]
Building translation key... [0.000s CPU, 0.000s wall-clock]
Computing fact groups: [0.000s CPU, 0.004s wall-clock]
Building STRIPS to SAS dictionary... [0.000s CPU, 0.000s wall-clock]
Building dictionary for full mutex groups... [0.000s CPU, 0.000s wall-clock]
Building mutex information...
Building mutex information: [0.000s CPU, 0.000s wall-clock]
Translating task...
Processing axioms...
Simplifying axioms... [0.000s CPU, 0.000s wall-clock]
Processing axioms: [0.010s CPU, 0.004s wall-clock]
Translating task: [0.080s CPU, 0.076s wall-clock]
29 effect conditions simplified
0 implied preconditions added
Detecting unreachable propositions...
0 operators removed
0 axioms removed
1 propositions removed
Detecting unreachable propositions: [0.040s CPU, 0.041s wall-clock]
Reordering and filtering variables...
59 of 59 variables necessary.
0 of 1 mutex groups necessary.
3364 of 3364 operators necessary.
0 of 0 axiom rules necessary.
Reordering and filtering variables: [0.010s CPU, 0.009s wall-clock]
Translator variables: 59
Translator derived variables: 0
Translator facts: 174
Translator goal facts: 29
Translator mutex groups: 0
Translator total mutex groups size: 0
Translator operators: 3364
Translator axioms: 0
Translator task size: 10412
Translator peak memory: 152524 KB
Writing output... [0.020s CPU, 0.026s wall-clock]
Done! [0.370s CPU, 0.373s wall-clock]
translate exit code: 0

INFO     Running search (release).
INFO     search stdin: output.sas
INFO     search time limit: 1799.54s
INFO     search memory limit: 3584 MB
INFO     search command line string: /infai/weidan00/downward/experiments/bachelor/data/bachelor-v1/code-7aa5f34_e5e41175/builds/release/bin/downward --search 'eager_wastar([pinch_tracking()], w=2)' --internal-plan-file sas_plan < output.sas
[t=5.7243e-05s, 17204 KB] reading input...
[t=0.0119119s, 17792 KB] done reading input!
[t=0.0143159s, 18260 KB] Simplifying 3393 unary operators... done! [3393 unary operators]
[t=0.0157432s, 18524 KB] time to simplify: 0.0015723s
[t=0.0159911s, 18524 KB] Initializing pinch tracking heuristic...
[t=0.0161184s, 18524 KB] Building successor generator...done!
[t=0.0168753s, 18624 KB] peak memory difference for successor generator creation: 100 KB
[t=0.0169156s, 18624 KB] time for successor generation creation: 0.00062668s
[t=0.0169784s, 18624 KB] Variables: 59
[t=0.0170186s, 18624 KB] FactPairs: 174
[t=0.0170584s, 18624 KB] Bytes per state: 8
[t=0.0171771s, 18624 KB] Conducting best first search with reopening closed nodes, (real) bound = 2147483647
[t=0.0175077s, 18624 KB] New best heuristic value for pinch_tracking: 116
[t=0.0175519s, 18624 KB] g=0, 1 evaluated, 0 expanded
[t=0.0176034s, 18624 KB] Initial heuristic value for pinch_tracking: 116
[t=0.0176442s, 18624 KB] pruning method: none
[t=0.0177289s, 18624 KB] New best heuristic value for pinch_tracking: 115
[t=0.0177703s, 18624 KB] g=1, 3 evaluated, 1 expanded
[t=0.0178405s, 18624 KB] New best heuristic value for pinch_tracking: 114
[t=0.0178815s, 18624 KB] g=1, 5 evaluated, 1 expanded
[t=0.0184383s, 18624 KB] New best heuristic value for pinch_tracking: 113
[t=0.0184897s, 18624 KB] g=1, 46 evaluated, 1 expanded
[t=0.0186964s, 18624 KB] New best heuristic value for pinch_tracking: 112
[t=0.0187382s, 18624 KB] g=2, 59 evaluated, 2 expanded
[t=0.0188016s, 18624 KB] New best heuristic value for pinch_tracking: 111
[t=0.0188422s, 18624 KB] g=3, 61 evaluated, 3 expanded
[t=0.0196356s, 18624 KB] New best heuristic value for pinch_tracking: 110
[t=0.0196783s, 18624 KB] g=4, 121 evaluated, 4 expanded
[t=0.0203756s, 18624 KB] New best heuristic value for pinch_tracking: 109
[t=0.020419s, 18624 KB] g=4, 173 evaluated, 4 expanded
[t=0.0205016s, 18624 KB] New best heuristic value for pinch_tracking: 108
[t=0.0205429s, 18624 KB] g=5, 176 evaluated, 5 expanded
[t=0.020606s, 18624 KB] New best heuristic value for pinch_tracking: 107
[t=0.0206467s, 18624 KB] g=6, 178 evaluated, 6 expanded
[t=0.0214278s, 18624 KB] New best heuristic value for pinch_tracking: 106
[t=0.0214714s, 18624 KB] g=7, 238 evaluated, 7 expanded
[t=0.0222133s, 18624 KB] New best heuristic value for pinch_tracking: 105
[t=0.022257s, 18624 KB] g=8, 293 evaluated, 8 expanded
[t=0.0223734s, 18624 KB] New best heuristic value for pinch_tracking: 104
[t=0.0224153s, 18624 KB] g=9, 298 evaluated, 9 expanded
[t=0.0231063s, 18624 KB] New best heuristic value for pinch_tracking: 103
[t=0.0231489s, 18624 KB] g=10, 351 evaluated, 10 expanded
[t=0.0233029s, 18624 KB] New best heuristic value for pinch_tracking: 102
[t=0.0233417s, 18624 KB] g=11, 359 evaluated, 11 expanded
[t=0.0239699s, 18624 KB] New best heuristic value for pinch_tracking: 101
[t=0.0240098s, 18624 KB] g=12, 411 evaluated, 12 expanded
[t=0.0242195s, 18624 KB] New best heuristic value for pinch_tracking: 100
[t=0.0242617s, 18624 KB] g=13, 423 evaluated, 13 expanded
[t=0.0248648s, 18624 KB] New best heuristic value for pinch_tracking: 99
[t=0.0249076s, 18624 KB] g=14, 469 evaluated, 14 expanded
[t=0.0251951s, 18624 KB] New best heuristic value for pinch_tracking: 98
[t=0.0252376s, 18624 KB] g=15, 488 evaluated, 15 expanded
[t=0.025812s, 18624 KB] New best heuristic value for pinch_tracking: 97
[t=0.0258569s, 18624 KB] g=16, 527 evaluated, 16 expanded
[t=0.0261631s, 18624 KB] New best heuristic value for pinch_tracking: 96
[t=0.0262054s, 18624 KB] g=17, 547 evaluated, 17 expanded
[t=0.0267147s, 18624 KB] New best heuristic value for pinch_tracking: 95
[t=0.0267588s, 18624 KB] g=18, 585 evaluated, 18 expanded
[t=0.0271351s, 18624 KB] New best heuristic value for pinch_tracking: 94
[t=0.0271776s, 18624 KB] g=19, 611 evaluated, 19 expanded
[t=0.0276147s, 18624 KB] New best heuristic value for pinch_tracking: 93
[t=0.0276583s, 18624 KB] g=20, 643 evaluated, 20 expanded
[t=0.0280652s, 18624 KB] New best heuristic value for pinch_tracking: 92
[t=0.0281059s, 18624 KB] g=21, 671 evaluated, 21 expanded
[t=0.0284972s, 18624 KB] New best heuristic value for pinch_tracking: 91
[t=0.0285381s, 18624 KB] g=22, 701 evaluated, 23 expanded
[t=0.0288431s, 18624 KB] New best heuristic value for pinch_tracking: 90
[t=0.0288813s, 18624 KB] g=23, 724 evaluated, 24 expanded
[t=0.0294062s, 18624 KB] New best heuristic value for pinch_tracking: 89
[t=0.0294493s, 18624 KB] g=24, 761 evaluated, 26 expanded
[t=0.0295131s, 18624 KB] New best heuristic value for pinch_tracking: 88
[t=0.0295537s, 18624 KB] g=25, 763 evaluated, 27 expanded
[t=0.030316s, 18624 KB] New best heuristic value for pinch_tracking: 87
[t=0.0303556s, 18624 KB] g=26, 823 evaluated, 28 expanded
[t=0.0306082s, 18624 KB] New best heuristic value for pinch_tracking: 86
[t=0.0306464s, 18624 KB] g=26, 842 evaluated, 28 expanded
[t=0.0311543s, 18624 KB] New best heuristic value for pinch_tracking: 85
[t=0.0311963s, 18624 KB] g=27, 878 evaluated, 30 expanded
[t=0.0312634s, 18624 KB] New best heuristic value for pinch_tracking: 84
[t=0.0313054s, 18624 KB] g=28, 880 evaluated, 31 expanded
[t=0.0320842s, 18624 KB] New best heuristic value for pinch_tracking: 83
[t=0.0321268s, 18624 KB] g=29, 940 evaluated, 32 expanded
[t=0.0324002s, 18624 KB] New best heuristic value for pinch_tracking: 82
[t=0.0324413s, 18624 KB] g=29, 959 evaluated, 32 expanded
[t=0.032937s, 18624 KB] New best heuristic value for pinch_tracking: 81
[t=0.0329771s, 18624 KB] g=30, 995 evaluated, 33 expanded
[t=0.0335171s, 18624 KB] New best heuristic value for pinch_tracking: 80
[t=0.0335595s, 18624 KB] g=31, 1031 evaluated, 34 expanded
[t=0.0338645s, 18624 KB] New best heuristic value for pinch_tracking: 79
[t=0.0339041s, 18624 KB] g=32, 1053 evaluated, 35 expanded
[t=0.0344135s, 18624 KB] New best heuristic value for pinch_tracking: 78
[t=0.0344561s, 18624 KB] g=33, 1093 evaluated, 36 expanded
[t=0.0347557s, 18624 KB] New best heuristic value for pinch_tracking: 77
[t=0.0347978s, 18624 KB] g=34, 1113 evaluated, 37 expanded
[t=0.0348636s, 18624 KB] New best heuristic value for pinch_tracking: 76
[t=0.0349041s, 18624 KB] g=35, 1115 evaluated, 38 expanded
[t=0.0356862s, 18624 KB] New best heuristic value for pinch_tracking: 75
[t=0.0357301s, 18624 KB] g=36, 1175 evaluated, 39 expanded
[t=0.0362476s, 18624 KB] New best heuristic value for pinch_tracking: 74
[t=0.0362904s, 18624 KB] g=36, 1214 evaluated, 39 expanded
[t=0.0365354s, 18624 KB] New best heuristic value for pinch_tracking: 73
[t=0.0365775s, 18624 KB] g=37, 1230 evaluated, 40 expanded
[t=0.0371682s, 18624 KB] New best heuristic value for pinch_tracking: 72
[t=0.0372105s, 18624 KB] g=38, 1275 evaluated, 41 expanded
[t=0.0374561s, 18624 KB] New best heuristic value for pinch_tracking: 71
[t=0.0374982s, 18624 KB] g=39, 1290 evaluated, 42 expanded
[t=0.0381704s, 18624 KB] New best heuristic value for pinch_tracking: 70
[t=0.0382135s, 18624 KB] g=40, 1342 evaluated, 43 expanded
[t=0.0383324s, 18624 KB] New best heuristic value for pinch_tracking: 69
[t=0.038377s, 18624 KB] g=41, 1348 evaluated, 44 expanded
[t=0.0390845s, 18624 KB] New best heuristic value for pinch_tracking: 68
[t=0.0391278s, 18624 KB] g=42, 1402 evaluated, 45 expanded
[t=0.0392222s, 18624 KB] New best heuristic value for pinch_tracking: 67
[t=0.0392627s, 18624 KB] g=43, 1406 evaluated, 46 expanded
[t=0.0400283s, 18624 KB] New best heuristic value for pinch_tracking: 66
[t=0.0400699s, 18624 KB] g=44, 1465 evaluated, 47 expanded
[t=0.0401508s, 18624 KB] New best heuristic value for pinch_tracking: 65
[t=0.0401914s, 18624 KB] g=45, 1468 evaluated, 48 expanded
[t=0.0409047s, 18624 KB] New best heuristic value for pinch_tracking: 64
[t=0.0409463s, 18624 KB] g=46, 1523 evaluated, 49 expanded
[t=0.0410382s, 18624 KB] New best heuristic value for pinch_tracking: 63
[t=0.0410793s, 18624 KB] g=47, 1526 evaluated, 50 expanded
[t=0.0418292s, 18624 KB] New best heuristic value for pinch_tracking: 62
[t=0.0418718s, 18624 KB] g=48, 1581 evaluated, 53 expanded
[t=0.0419529s, 18624 KB] New best heuristic value for pinch_tracking: 61
[t=0.0419945s, 18624 KB] g=49, 1584 evaluated, 54 expanded
[t=0.0427432s, 18624 KB] New best heuristic value for pinch_tracking: 60
[t=0.0427867s, 18624 KB] g=50, 1639 evaluated, 57 expanded
[t=0.0428913s, 18624 KB] New best heuristic value for pinch_tracking: 59
[t=0.0429327s, 18624 KB] g=51, 1644 evaluated, 58 expanded
[t=0.0436543s, 18624 KB] New best heuristic value for pinch_tracking: 58
[t=0.0436975s, 18624 KB] g=52, 1697 evaluated, 61 expanded
[t=0.043778s, 18624 KB] New best heuristic value for pinch_tracking: 57
[t=0.0438188s, 18624 KB] g=53, 1700 evaluated, 62 expanded
[t=0.0445724s, 18624 KB] New best heuristic value for pinch_tracking: 56
[t=0.0446151s, 18624 KB] g=54, 1755 evaluated, 65 expanded
[t=0.0447324s, 18624 KB] New best heuristic value for pinch_tracking: 55
[t=0.0447732s, 18624 KB] g=55, 1761 evaluated, 66 expanded
[t=0.0455145s, 18624 KB] New best heuristic value for pinch_tracking: 54
[t=0.0455575s, 18624 KB] g=56, 1815 evaluated, 70 expanded
[t=0.0456499s, 18624 KB] New best heuristic value for pinch_tracking: 53
[t=0.0456911s, 18624 KB] g=57, 1818 evaluated, 71 expanded
[t=0.0464717s, 18624 KB] New best heuristic value for pinch_tracking: 52
[t=0.046515s, 18624 KB] g=58, 1875 evaluated, 75 expanded
[t=0.0466572s, 18624 KB] New best heuristic value for pinch_tracking: 51
[t=0.0466983s, 18624 KB] g=59, 1883 evaluated, 76 expanded
[t=0.0474134s, 18624 KB] New best heuristic value for pinch_tracking: 50
[t=0.0474569s, 18624 KB] g=60, 1935 evaluated, 80 expanded
[t=0.0476223s, 18624 KB] New best heuristic value for pinch_tracking: 49
[t=0.0476634s, 18624 KB] g=61, 1944 evaluated, 81 expanded
[t=0.0485091s, 18624 KB] New best heuristic value for pinch_tracking: 48
[t=0.0485538s, 18624 KB] g=62, 1993 evaluated, 82 expanded
[t=0.0487222s, 18624 KB] New best heuristic value for pinch_tracking: 47
[t=0.0487634s, 18624 KB] g=63, 2003 evaluated, 83 expanded
[t=0.0494012s, 18624 KB] New best heuristic value for pinch_tracking: 46
[t=0.0494428s, 18624 KB] g=64, 2052 evaluated, 84 expanded
[t=0.0496253s, 18624 KB] New best heuristic value for pinch_tracking: 45
[t=0.0496641s, 18624 KB] g=65, 2065 evaluated, 85 expanded
[t=0.0503372s, 18624 KB] New best heuristic value for pinch_tracking: 44
[t=0.0503802s, 18624 KB] g=66, 2113 evaluated, 88 expanded
[t=0.0505939s, 18624 KB] New best heuristic value for pinch_tracking: 43
[t=0.050635s, 18624 KB] g=67, 2127 evaluated, 89 expanded
[t=0.051272s, 18624 KB] New best heuristic value for pinch_tracking: 42
[t=0.0513141s, 18624 KB] g=68, 2173 evaluated, 92 expanded
[t=0.0515407s, 18624 KB] New best heuristic value for pinch_tracking: 41
[t=0.0515815s, 18624 KB] g=69, 2188 evaluated, 93 expanded
[t=0.0521948s, 18624 KB] New best heuristic value for pinch_tracking: 40
[t=0.052237s, 18624 KB] g=70, 2233 evaluated, 96 expanded
[t=0.052508s, 18624 KB] New best heuristic value for pinch_tracking: 39
[t=0.0525492s, 18624 KB] g=71, 2251 evaluated, 97 expanded
[t=0.0531375s, 18624 KB] New best heuristic value for pinch_tracking: 38
[t=0.0531794s, 18624 KB] g=72, 2293 evaluated, 100 expanded
[t=0.0534572s, 18624 KB] New best heuristic value for pinch_tracking: 37
[t=0.0534985s, 18624 KB] g=73, 2312 evaluated, 101 expanded
[t=0.0540792s, 18624 KB] New best heuristic value for pinch_tracking: 36
[t=0.0541222s, 18624 KB] g=74, 2353 evaluated, 104 expanded
[t=0.0544123s, 18624 KB] New best heuristic value for pinch_tracking: 35
[t=0.0544534s, 18624 KB] g=75, 2373 evaluated, 105 expanded
[t=0.0550378s, 18624 KB] New best heuristic value for pinch_tracking: 34
[t=0.0550802s, 18624 KB] g=76, 2415 evaluated, 108 expanded
[t=0.055385s, 18624 KB] New best heuristic value for pinch_tracking: 33
[t=0.055426s, 18624 KB] g=77, 2437 evaluated, 109 expanded
[t=0.0559876s, 18624 KB] New best heuristic value for pinch_tracking: 32
[t=0.0560302s, 18624 KB] g=78, 2477 evaluated, 112 expanded
[t=0.056353s, 18624 KB] New best heuristic value for pinch_tracking: 31
[t=0.0563941s, 18624 KB] g=79, 2499 evaluated, 113 expanded
[t=0.0568997s, 18624 KB] New best heuristic value for pinch_tracking: 30
[t=0.0569422s, 18624 KB] g=80, 2536 evaluated, 114 expanded
[t=0.0572723s, 18624 KB] New best heuristic value for pinch_tracking: 29
[t=0.0573135s, 18624 KB] g=81, 2560 evaluated, 115 expanded
[t=0.0578102s, 18624 KB] New best heuristic value for pinch_tracking: 28
[t=0.0578524s, 18624 KB] g=82, 2595 evaluated, 117 expanded
[t=0.0581777s, 18624 KB] New best heuristic value for pinch_tracking: 27
[t=0.0582192s, 18624 KB] g=83, 2617 evaluated, 118 expanded
[t=0.0587433s, 18624 KB] New best heuristic value for pinch_tracking: 26
[t=0.0587859s, 18624 KB] g=84, 2655 evaluated, 120 expanded
[t=0.059157s, 18624 KB] New best heuristic value for pinch_tracking: 25
[t=0.0591989s, 18624 KB] g=85, 2683 evaluated, 121 expanded
[t=0.0596567s, 18624 KB] New best heuristic value for pinch_tracking: 24
[t=0.0596992s, 18624 KB] g=86, 2715 evaluated, 123 expanded
[t=0.0600116s, 18624 KB] New best heuristic value for pinch_tracking: 23
[t=0.0600538s, 18624 KB] g=87, 2737 evaluated, 124 expanded
[t=0.0605626s, 18624 KB] New best heuristic value for pinch_tracking: 22
[t=0.0606067s, 18624 KB] g=88, 2773 evaluated, 126 expanded
[t=0.0609203s, 18624 KB] New best heuristic value for pinch_tracking: 21
[t=0.0609627s, 18624 KB] g=89, 2795 evaluated, 127 expanded
[t=0.0614819s, 18624 KB] New best heuristic value for pinch_tracking: 20
[t=0.0615255s, 18624 KB] g=90, 2832 evaluated, 129 expanded
[t=0.061844s, 18624 KB] New best heuristic value for pinch_tracking: 19
[t=0.0618859s, 18624 KB] g=91, 2855 evaluated, 130 expanded
[t=0.0624004s, 18624 KB] New best heuristic value for pinch_tracking: 18
[t=0.0624442s, 18624 KB] g=92, 2891 evaluated, 132 expanded
[t=0.0627563s, 18624 KB] New best heuristic value for pinch_tracking: 17
[t=0.0627981s, 18624 KB] g=93, 2913 evaluated, 133 expanded
[t=0.0633137s, 18624 KB] New best heuristic value for pinch_tracking: 16
[t=0.0633557s, 18624 KB] g=94, 2949 evaluated, 135 expanded
[t=0.063668s, 18624 KB] New best heuristic value for pinch_tracking: 15
[t=0.0637091s, 18624 KB] g=95, 2971 evaluated, 136 expanded
[t=0.0642115s, 18624 KB] New best heuristic value for pinch_tracking: 14
[t=0.0642543s, 18624 KB] g=96, 3007 evaluated, 138 expanded
[t=0.0645789s, 18624 KB] New best heuristic value for pinch_tracking: 13
[t=0.0646215s, 18624 KB] g=97, 3029 evaluated, 139 expanded
[t=0.0651261s, 18624 KB] New best heuristic value for pinch_tracking: 12
[t=0.065179s, 18624 KB] g=98, 3065 evaluated, 140 expanded
[t=0.0657893s, 18624 KB] New best heuristic value for pinch_tracking: 11
[t=0.0658292s, 18624 KB] g=99, 3115 evaluated, 141 expanded
[t=0.0659809s, 18624 KB] New best heuristic value for pinch_tracking: 10
[t=0.0660192s, 18624 KB] g=100, 3123 evaluated, 142 expanded
[t=0.0666358s, 18624 KB] New best heuristic value for pinch_tracking: 9
[t=0.0666758s, 18624 KB] g=101, 3174 evaluated, 143 expanded
[t=0.0668095s, 18624 KB] New best heuristic value for pinch_tracking: 8
[t=0.0668481s, 18624 KB] g=102, 3181 evaluated, 144 expanded
[t=0.0675438s, 18624 KB] New best heuristic value for pinch_tracking: 7
[t=0.0675917s, 18624 KB] g=103, 3233 evaluated, 145 expanded
[t=0.0677474s, 18624 KB] New best heuristic value for pinch_tracking: 6
[t=0.0677895s, 18624 KB] g=104, 3240 evaluated, 147 expanded
[t=0.0684408s, 18624 KB] New best heuristic value for pinch_tracking: 5
[t=0.0684885s, 18624 KB] g=105, 3289 evaluated, 148 expanded
[t=0.0686705s, 18624 KB] New best heuristic value for pinch_tracking: 4
[t=0.0687132s, 18624 KB] g=106, 3299 evaluated, 150 expanded
[t=0.0693718s, 18624 KB] New best heuristic value for pinch_tracking: 3
[t=0.0694188s, 18624 KB] g=107, 3348 evaluated, 151 expanded
[t=0.0695937s, 18624 KB] New best heuristic value for pinch_tracking: 2
[t=0.0696372s, 18624 KB] g=108, 3358 evaluated, 152 expanded
[t=0.0703823s, 18624 KB] New best heuristic value for pinch_tracking: 1
[t=0.0704265s, 18624 KB] g=109, 3416 evaluated, 153 expanded
[t=0.0704876s, 18624 KB] New best heuristic value for pinch_tracking: 0
[t=0.0705284s, 18624 KB] g=110, 3417 evaluated, 154 expanded
[t=0.0705695s, 18624 KB] Solution found!
[t=0.0706243s, 18624 KB] Actual search time: 0.0529772s
up f0 f5 (1)
board f5 p12 (1)
board f5 p25 (1)
up f5 f7 (1)
board f7 p22 (1)
board f7 p24 (1)
down f7 f2 (1)
board f2 p21 (1)
up f2 f12 (1)
board f12 p20 (1)
down f12 f4 (1)
board f4 p28 (1)
up f4 f17 (1)
board f17 p16 (1)
up f17 f19 (1)
board f19 p6 (1)
up f19 f20 (1)
board f20 p11 (1)
up f20 f26 (1)
board f26 p1 (1)
up f26 f30 (1)
board f30 p23 (1)
up f30 f31 (1)
board f31 p10 (1)
board f31 p18 (1)
up f31 f35 (1)
board f35 p0 (1)
board f35 p8 (1)
down f35 f28 (1)
depart f28 p0 (1)
up f28 f36 (1)
depart f36 p16 (1)
up f36 f39 (1)
board f39 p26 (1)
board f39 p4 (1)
up f39 f42 (1)
board f42 p3 (1)
up f42 f44 (1)
depart f44 p1 (1)
up f44 f52 (1)
board f52 p7 (1)
up f52 f54 (1)
board f54 p5 (1)
depart f54 p22 (1)
down f54 f10 (1)
board f10 p15 (1)
down f10 f5 (1)
depart f5 p5 (1)
up f5 f12 (1)
depart f12 p24 (1)
down f12 f6 (1)
depart f6 p7 (1)
up f6 f13 (1)
depart f13 p18 (1)
down f13 f8 (1)
board f8 p27 (1)
up f8 f15 (1)
depart f15 p20 (1)
up f15 f16 (1)
board f16 p13 (1)
down f16 f2 (1)
depart f2 p13 (1)
up f2 f17 (1)
depart f17 p26 (1)
up f17 f19 (1)
depart f19 p8 (1)
up f19 f20 (1)
depart f20 p3 (1)
up f20 f23 (1)
board f23 p14 (1)
up f23 f24 (1)
depart f24 p21 (1)
up f24 f25 (1)
depart f25 p28 (1)
up f25 f26 (1)
depart f26 p10 (1)
up f26 f27 (1)
board f27 p19 (1)
down f27 f4 (1)
depart f4 p19 (1)
up f4 f29 (1)
board f29 p17 (1)
down f29 f7 (1)
depart f7 p17 (1)
up f7 f30 (1)
depart f30 p25 (1)
up f30 f36 (1)
depart f36 p11 (1)
up f36 f42 (1)
depart f42 p23 (1)
up f42 f44 (1)
depart f44 p27 (1)
up f44 f47 (1)
depart f47 p14 (1)
up f47 f48 (1)
board f48 p9 (1)
down f48 f28 (1)
depart f28 p9 (1)
up f28 f50 (1)
depart f50 p6 (1)
up f50 f51 (1)
depart f51 p15 (1)
up f51 f53 (1)
depart f53 p12 (1)
up f53 f55 (1)
board f55 p2 (1)
down f55 f52 (1)
depart f52 p2 (1)
up f52 f57 (1)
depart f57 p4 (1)
[t=0.0706685s, 18624 KB] Plan length: 110 step(s).
[t=0.0706685s, 18624 KB] Plan cost: 110
[t=0.0706685s, 18624 KB] Expanded 155 state(s).
[t=0.0706685s, 18624 KB] Reopened 0 state(s).
[t=0.0706685s, 18624 KB] Evaluated 3417 state(s).
[t=0.0706685s, 18624 KB] Evaluations: 3417
[t=0.0706685s, 18624 KB] Generated 8956 state(s).
[t=0.0706685s, 18624 KB] Dead ends: 0 state(s).
[t=0.0706685s, 18624 KB] Number of registered states: 3417
[t=0.0706685s, 18624 KB] Int hash set load factor: 3417/4096 = 0.834229
[t=0.0706685s, 18624 KB] Int hash set resizes: 12
[t=0.0706685s, 18624 KB] mean number of q cost that have been adjusted 0 times in relation to total number of q: -1
[t=0.0706685s, 18624 KB] mean number of q cost that have been adjusted 1 times in relation to total number of q: -1
[t=0.0706685s, 18624 KB] mean number of q cost that have been adjusted 2 times in relation to total number of q: -1
[t=0.0706685s, 18624 KB] mean number of q that are at some point overconsitent in relation to total number of q: -1
[t=0.0706685s, 18624 KB] mean number of q that are at first underconsisten in relation to total number of q: -1
[t=0.0706685s, 18624 KB] mean number of state variables that are not in common between two following states in relation to total number of state variables: -1
[t=0.0706685s, 18624 KB] variance number of state variables that are not in common between two following states in relation to total number of state variables: -1
[t=0.0706685s, 18624 KB] Search time: 0.053492s
[t=0.0706685s, 18624 KB] Total time: 0.0706685s
Solution found.
Peak memory: 18624 KB
Remove intermediate file output.sas
search exit code: 0

INFO     Running validate.
INFO     validate stdin: None
INFO     validate time limit: None
INFO     validate memory limit: None
INFO     validate command line string: validate domain.pddl problem.pddl sas_plan
