INFO     Running translator.
INFO     translator stdin: None
INFO     translator time limit: 1799.96s
INFO     translator memory limit: 3584 MB
INFO     translator command line string: /infai/weidan00/downward/experiments/bachelor/.venv/bin/python3 /infai/weidan00/downward/experiments/bachelor/data/bachelor-v1/code-7aa5f34_e5e41175/builds/release/bin/translate/translate.py domain.pddl problem.pddl --sas-file output.sas
Parsing...
Parsing: [0.010s CPU, 0.013s wall-clock]
Normalizing task... [0.000s CPU, 0.000s wall-clock]
Instantiating...
Generating Datalog program... [0.000s CPU, 0.004s wall-clock]
Normalizing Datalog program...
Normalizing Datalog program: [0.000s CPU, 0.002s wall-clock]
Preparing model... [0.010s CPU, 0.017s wall-clock]
Generated 26 rules.
Computing model... [0.090s CPU, 0.075s wall-clock]
5453 relevant atoms
4031 auxiliary atoms
9484 final queue length
12733 total queue pushes
Completing instantiation... [0.100s CPU, 0.105s wall-clock]
Instantiating: [0.210s CPU, 0.207s wall-clock]
Computing fact groups...
Finding invariants...
6 initial candidates
Finding invariants: [0.000s CPU, 0.001s wall-clock]
Checking invariant weight... [0.000s CPU, 0.001s wall-clock]
Instantiating groups... [0.000s CPU, 0.000s wall-clock]
Collecting mutex groups... [0.000s CPU, 0.000s wall-clock]
Choosing groups...
58 uncovered facts
Choosing groups: [0.000s CPU, 0.000s wall-clock]
Building translation key... [0.000s CPU, 0.000s wall-clock]
Computing fact groups: [0.000s CPU, 0.004s wall-clock]
Building STRIPS to SAS dictionary... [0.000s CPU, 0.000s wall-clock]
Building dictionary for full mutex groups... [0.000s CPU, 0.000s wall-clock]
Building mutex information...
Building mutex information: [0.000s CPU, 0.000s wall-clock]
Translating task...
Processing axioms...
Simplifying axioms... [0.000s CPU, 0.000s wall-clock]
Processing axioms: [0.010s CPU, 0.005s wall-clock]
Translating task: [0.080s CPU, 0.076s wall-clock]
29 effect conditions simplified
0 implied preconditions added
Detecting unreachable propositions...
0 operators removed
0 axioms removed
1 propositions removed
Detecting unreachable propositions: [0.040s CPU, 0.043s wall-clock]
Reordering and filtering variables...
59 of 59 variables necessary.
0 of 1 mutex groups necessary.
3364 of 3364 operators necessary.
0 of 0 axiom rules necessary.
Reordering and filtering variables: [0.010s CPU, 0.010s wall-clock]
Translator variables: 59
Translator derived variables: 0
Translator facts: 174
Translator goal facts: 29
Translator mutex groups: 0
Translator total mutex groups size: 0
Translator operators: 3364
Translator axioms: 0
Translator task size: 10412
Translator peak memory: 152524 KB
Writing output... [0.020s CPU, 0.027s wall-clock]
Done! [0.380s CPU, 0.386s wall-clock]
translate exit code: 0

INFO     Running search (release).
INFO     search stdin: output.sas
INFO     search time limit: 1799.52s
INFO     search memory limit: 3584 MB
INFO     search command line string: /infai/weidan00/downward/experiments/bachelor/data/bachelor-v1/code-7aa5f34_e5e41175/builds/release/bin/downward --search 'eager_wastar([pinch()], w=2)' --internal-plan-file sas_plan < output.sas
[t=6.589e-05s, 17204 KB] reading input...
[t=0.0122404s, 17792 KB] done reading input!
[t=0.0148039s, 18260 KB] Simplifying 3393 unary operators... done! [3393 unary operators]
[t=0.0162928s, 18524 KB] time to simplify: 0.00167052s
[t=0.0165805s, 18524 KB] Initializing pinch heuristic...
[t=0.0167261s, 18524 KB] Building successor generator...done!
[t=0.0175212s, 18624 KB] peak memory difference for successor generator creation: 100 KB
[t=0.0175648s, 18624 KB] time for successor generation creation: 0.000660656s
[t=0.0176402s, 18624 KB] Variables: 59
[t=0.0176809s, 18624 KB] FactPairs: 174
[t=0.0177206s, 18624 KB] Bytes per state: 8
[t=0.0178674s, 18624 KB] Conducting best first search with reopening closed nodes, (real) bound = 2147483647
[t=0.0181972s, 18624 KB] New best heuristic value for pinch: 115
[t=0.018244s, 18624 KB] g=0, 1 evaluated, 0 expanded
[t=0.0182983s, 18624 KB] Initial heuristic value for pinch: 115
[t=0.01834s, 18624 KB] pruning method: none
[t=0.0183964s, 18624 KB] New best heuristic value for pinch: 114
[t=0.018438s, 18624 KB] g=1, 2 evaluated, 1 expanded
[t=0.0184985s, 18624 KB] New best heuristic value for pinch: 112
[t=0.0185403s, 18624 KB] g=1, 3 evaluated, 1 expanded
[t=0.0192587s, 18624 KB] New best heuristic value for pinch: 111
[t=0.0193066s, 18624 KB] g=2, 60 evaluated, 2 expanded
[t=0.019381s, 18624 KB] New best heuristic value for pinch: 110
[t=0.0194249s, 18624 KB] g=3, 62 evaluated, 3 expanded
[t=0.0203455s, 18624 KB] New best heuristic value for pinch: 108
[t=0.0203916s, 18624 KB] g=4, 136 evaluated, 4 expanded
[t=0.0209185s, 18624 KB] New best heuristic value for pinch: 107
[t=0.020963s, 18624 KB] g=5, 177 evaluated, 5 expanded
[t=0.021027s, 18624 KB] New best heuristic value for pinch: 106
[t=0.0210678s, 18624 KB] g=6, 179 evaluated, 6 expanded
[t=0.0220561s, 18624 KB] New best heuristic value for pinch: 105
[t=0.0221043s, 18624 KB] g=7, 259 evaluated, 7 expanded
[t=0.0221845s, 18624 KB] New best heuristic value for pinch: 104
[t=0.0222263s, 18624 KB] g=7, 262 evaluated, 7 expanded
[t=0.0226471s, 18624 KB] New best heuristic value for pinch: 103
[t=0.0226907s, 18624 KB] g=8, 294 evaluated, 8 expanded
[t=0.0234085s, 18624 KB] New best heuristic value for pinch: 102
[t=0.0234538s, 18624 KB] g=10, 352 evaluated, 10 expanded
[t=0.0235155s, 18624 KB] New best heuristic value for pinch: 101
[t=0.0235626s, 18624 KB] g=11, 354 evaluated, 11 expanded
[t=0.0242817s, 18624 KB] New best heuristic value for pinch: 100
[t=0.0243254s, 18624 KB] g=12, 413 evaluated, 12 expanded
[t=0.0246396s, 18624 KB] New best heuristic value for pinch: 99
[t=0.0246825s, 18624 KB] g=12, 436 evaluated, 12 expanded
[t=0.0251166s, 18624 KB] New best heuristic value for pinch: 98
[t=0.0251595s, 18624 KB] g=13, 469 evaluated, 14 expanded
[t=0.0254547s, 18624 KB] New best heuristic value for pinch: 97
[t=0.0254974s, 18624 KB] g=14, 490 evaluated, 15 expanded
[t=0.0260548s, 18624 KB] New best heuristic value for pinch: 96
[t=0.026101s, 18624 KB] g=15, 529 evaluated, 16 expanded
[t=0.026693s, 18624 KB] New best heuristic value for pinch: 95
[t=0.0267363s, 18624 KB] g=16, 576 evaluated, 17 expanded
[t=0.0269097s, 18624 KB] New best heuristic value for pinch: 94
[t=0.0269519s, 18624 KB] g=17, 587 evaluated, 18 expanded
[t=0.0275712s, 18624 KB] New best heuristic value for pinch: 93
[t=0.0276157s, 18624 KB] g=18, 636 evaluated, 19 expanded
[t=0.027765s, 18624 KB] New best heuristic value for pinch: 92
[t=0.0278071s, 18624 KB] g=19, 645 evaluated, 20 expanded
[t=0.0285424s, 18624 KB] New best heuristic value for pinch: 91
[t=0.0285876s, 18624 KB] g=21, 703 evaluated, 23 expanded
[t=0.028666s, 18624 KB] New best heuristic value for pinch: 90
[t=0.0287072s, 18624 KB] g=22, 705 evaluated, 24 expanded
[t=0.0294005s, 18624 KB] New best heuristic value for pinch: 89
[t=0.0294439s, 18624 KB] g=23, 761 evaluated, 26 expanded
[t=0.0295033s, 18624 KB] New best heuristic value for pinch: 88
[t=0.0295445s, 18624 KB] g=24, 763 evaluated, 27 expanded
[t=0.0302523s, 18624 KB] New best heuristic value for pinch: 87
[t=0.0302963s, 18624 KB] g=25, 821 evaluated, 28 expanded
[t=0.030351s, 18624 KB] New best heuristic value for pinch: 86
[t=0.0303924s, 18624 KB] g=25, 822 evaluated, 28 expanded
[t=0.0311135s, 18624 KB] New best heuristic value for pinch: 85
[t=0.0311674s, 18624 KB] g=26, 879 evaluated, 32 expanded
[t=0.0312388s, 18624 KB] New best heuristic value for pinch: 84
[t=0.0312805s, 18624 KB] g=27, 882 evaluated, 33 expanded
[t=0.0319907s, 18624 KB] New best heuristic value for pinch: 83
[t=0.0320359s, 18624 KB] g=28, 938 evaluated, 37 expanded
[t=0.0321296s, 18624 KB] New best heuristic value for pinch: 82
[t=0.0321716s, 18624 KB] g=29, 941 evaluated, 38 expanded
[t=0.0329047s, 18624 KB] New best heuristic value for pinch: 81
[t=0.0329492s, 18624 KB] g=30, 998 evaluated, 42 expanded
[t=0.0330169s, 18624 KB] New best heuristic value for pinch: 80
[t=0.0330579s, 18624 KB] g=31, 1000 evaluated, 43 expanded
[t=0.033866s, 18624 KB] New best heuristic value for pinch: 79
[t=0.0339141s, 18624 KB] g=32, 1058 evaluated, 44 expanded
[t=0.0339737s, 18624 KB] New best heuristic value for pinch: 78
[t=0.0340161s, 18624 KB] g=32, 1059 evaluated, 44 expanded
[t=0.0347301s, 18624 KB] New best heuristic value for pinch: 77
[t=0.034776s, 18624 KB] g=33, 1115 evaluated, 47 expanded
[t=0.0348529s, 18624 KB] New best heuristic value for pinch: 76
[t=0.0348944s, 18624 KB] g=34, 1117 evaluated, 48 expanded
[t=0.0356086s, 18624 KB] New best heuristic value for pinch: 75
[t=0.0356528s, 18624 KB] g=35, 1173 evaluated, 51 expanded
[t=0.0357209s, 18624 KB] New best heuristic value for pinch: 74
[t=0.0357681s, 18624 KB] g=36, 1175 evaluated, 52 expanded
[t=0.0364864s, 18624 KB] New best heuristic value for pinch: 73
[t=0.0365301s, 18624 KB] g=37, 1232 evaluated, 55 expanded
[t=0.036613s, 18624 KB] New best heuristic value for pinch: 72
[t=0.0366563s, 18624 KB] g=38, 1235 evaluated, 56 expanded
[t=0.0374016s, 18624 KB] New best heuristic value for pinch: 71
[t=0.0374478s, 18624 KB] g=39, 1293 evaluated, 59 expanded
[t=0.0375205s, 18624 KB] New best heuristic value for pinch: 70
[t=0.0375618s, 18624 KB] g=40, 1296 evaluated, 60 expanded
[t=0.0383228s, 18624 KB] New best heuristic value for pinch: 69
[t=0.0383701s, 18624 KB] g=41, 1355 evaluated, 64 expanded
[t=0.0384529s, 18624 KB] New best heuristic value for pinch: 68
[t=0.0384948s, 18624 KB] g=42, 1358 evaluated, 65 expanded
[t=0.0392139s, 18624 KB] New best heuristic value for pinch: 67
[t=0.0392587s, 18624 KB] g=43, 1416 evaluated, 66 expanded
[t=0.0394993s, 18624 KB] New best heuristic value for pinch: 66
[t=0.0395497s, 18624 KB] g=44, 1434 evaluated, 67 expanded
[t=0.0414412s, 18624 KB] New best heuristic value for pinch: 65
[t=0.0414938s, 18624 KB] g=44, 1592 evaluated, 74 expanded
[t=0.0417433s, 18624 KB] New best heuristic value for pinch: 64
[t=0.0417857s, 18624 KB] g=45, 1610 evaluated, 75 expanded
[t=0.0437365s, 18624 KB] New best heuristic value for pinch: 63
[t=0.0437869s, 18624 KB] g=47, 1769 evaluated, 85 expanded
[t=0.0440118s, 18624 KB] New best heuristic value for pinch: 62
[t=0.0440545s, 18624 KB] g=47, 1785 evaluated, 85 expanded
[t=0.0446068s, 18624 KB] New best heuristic value for pinch: 61
[t=0.0446514s, 18624 KB] g=48, 1827 evaluated, 87 expanded
[t=0.0449042s, 18624 KB] New best heuristic value for pinch: 60
[t=0.0449466s, 18624 KB] g=49, 1846 evaluated, 88 expanded
[t=0.0461855s, 18624 KB] New best heuristic value for pinch: 59
[t=0.0462333s, 18624 KB] g=51, 1946 evaluated, 94 expanded
[t=0.0465367s, 18624 KB] New best heuristic value for pinch: 58
[t=0.0465797s, 18624 KB] g=51, 1968 evaluated, 94 expanded
[t=0.0472619s, 18624 KB] New best heuristic value for pinch: 57
[t=0.047314s, 18624 KB] g=53, 2005 evaluated, 99 expanded
[t=0.0475633s, 18624 KB] New best heuristic value for pinch: 56
[t=0.0476057s, 18624 KB] g=53, 2023 evaluated, 99 expanded
[t=0.0488347s, 18624 KB] New best heuristic value for pinch: 55
[t=0.048883s, 18624 KB] g=55, 2122 evaluated, 105 expanded
[t=0.0491795s, 18624 KB] New best heuristic value for pinch: 54
[t=0.0492324s, 18624 KB] g=55, 2144 evaluated, 105 expanded
[t=0.0504208s, 18624 KB] New best heuristic value for pinch: 53
[t=0.0504683s, 18624 KB] g=57, 2239 evaluated, 111 expanded
[t=0.0507283s, 18624 KB] New best heuristic value for pinch: 52
[t=0.0507709s, 18624 KB] g=57, 2258 evaluated, 111 expanded
[t=0.0519843s, 18624 KB] New best heuristic value for pinch: 51
[t=0.0520328s, 18624 KB] g=59, 2356 evaluated, 116 expanded
[t=0.0522645s, 18624 KB] New best heuristic value for pinch: 50
[t=0.0523067s, 18624 KB] g=59, 2372 evaluated, 116 expanded
[t=0.0535502s, 18624 KB] New best heuristic value for pinch: 49
[t=0.0535972s, 18624 KB] g=61, 2473 evaluated, 121 expanded
[t=0.0538925s, 18624 KB] New best heuristic value for pinch: 48
[t=0.0539356s, 18624 KB] g=61, 2495 evaluated, 121 expanded
[t=0.0551166s, 18624 KB] New best heuristic value for pinch: 47
[t=0.0551648s, 18624 KB] g=63, 2590 evaluated, 126 expanded
[t=0.055436s, 18624 KB] New best heuristic value for pinch: 46
[t=0.0554791s, 18624 KB] g=63, 2610 evaluated, 126 expanded
[t=0.0566822s, 18624 KB] New best heuristic value for pinch: 45
[t=0.0567313s, 18624 KB] g=65, 2708 evaluated, 131 expanded
[t=0.0570299s, 18624 KB] New best heuristic value for pinch: 44
[t=0.0570725s, 18624 KB] g=65, 2730 evaluated, 131 expanded
[t=0.0582539s, 18624 KB] New best heuristic value for pinch: 43
[t=0.0583011s, 18624 KB] g=67, 2828 evaluated, 136 expanded
[t=0.0585852s, 18624 KB] New best heuristic value for pinch: 42
[t=0.0586286s, 18624 KB] g=67, 2849 evaluated, 136 expanded
[t=0.0598222s, 18624 KB] New best heuristic value for pinch: 41
[t=0.059874s, 18624 KB] g=69, 2946 evaluated, 141 expanded
[t=0.0601005s, 18624 KB] New best heuristic value for pinch: 40
[t=0.0601439s, 18624 KB] g=69, 2962 evaluated, 141 expanded
[t=0.0613973s, 18624 KB] New best heuristic value for pinch: 39
[t=0.0614451s, 18624 KB] g=71, 3064 evaluated, 146 expanded
[t=0.0617485s, 18624 KB] New best heuristic value for pinch: 38
[t=0.0617916s, 18624 KB] g=71, 3086 evaluated, 146 expanded
[t=0.0629857s, 18624 KB] New best heuristic value for pinch: 37
[t=0.0630338s, 18624 KB] g=73, 3182 evaluated, 151 expanded
[t=0.0632603s, 18624 KB] New best heuristic value for pinch: 36
[t=0.063305s, 18624 KB] g=73, 3198 evaluated, 151 expanded
[t=0.0638575s, 18624 KB] New best heuristic value for pinch: 35
[t=0.0639028s, 18624 KB] g=74, 3239 evaluated, 152 expanded
[t=0.0653133s, 18624 KB] New best heuristic value for pinch: 34
[t=0.065364s, 18624 KB] g=76, 3357 evaluated, 156 expanded
[t=0.0654466s, 18624 KB] New best heuristic value for pinch: 33
[t=0.0654888s, 18624 KB] g=77, 3359 evaluated, 157 expanded
[t=0.0662281s, 18624 KB] New best heuristic value for pinch: 32
[t=0.0662736s, 18624 KB] g=78, 3418 evaluated, 159 expanded
[t=0.0663458s, 18624 KB] New best heuristic value for pinch: 31
[t=0.0663881s, 18624 KB] g=79, 3421 evaluated, 160 expanded
[t=0.0671199s, 18624 KB] New best heuristic value for pinch: 30
[t=0.0671649s, 18624 KB] g=80, 3479 evaluated, 163 expanded
[t=0.067245s, 18624 KB] New best heuristic value for pinch: 29
[t=0.067287s, 18624 KB] g=81, 3481 evaluated, 164 expanded
[t=0.0680499s, 18624 KB] New best heuristic value for pinch: 28
[t=0.068095s, 18624 KB] g=82, 3540 evaluated, 168 expanded
[t=0.0681641s, 18624 KB] New best heuristic value for pinch: 27
[t=0.0682057s, 18624 KB] g=83, 3542 evaluated, 169 expanded
[t=0.0689693s, 18624 KB] New best heuristic value for pinch: 26
[t=0.0690145s, 18624 KB] g=84, 3601 evaluated, 173 expanded
[t=0.0690829s, 18624 KB] New best heuristic value for pinch: 25
[t=0.0691241s, 18624 KB] g=85, 3603 evaluated, 174 expanded
[t=0.0698839s, 18624 KB] New best heuristic value for pinch: 24
[t=0.0699294s, 18624 KB] g=86, 3663 evaluated, 178 expanded
[t=0.070001s, 18624 KB] New best heuristic value for pinch: 23
[t=0.0700425s, 18624 KB] g=87, 3666 evaluated, 179 expanded
[t=0.0707903s, 18624 KB] New best heuristic value for pinch: 22
[t=0.0708355s, 18624 KB] g=88, 3725 evaluated, 183 expanded
[t=0.0709147s, 18624 KB] New best heuristic value for pinch: 21
[t=0.0709563s, 18624 KB] g=89, 3727 evaluated, 184 expanded
[t=0.0719784s, 18624 KB] New best heuristic value for pinch: 20
[t=0.0720277s, 18624 KB] g=90, 3786 evaluated, 187 expanded
[t=0.0721018s, 18624 KB] New best heuristic value for pinch: 19
[t=0.0721499s, 18624 KB] g=91, 3789 evaluated, 188 expanded
[t=0.0728738s, 18624 KB] New best heuristic value for pinch: 18
[t=0.0729206s, 18624 KB] g=92, 3847 evaluated, 191 expanded
[t=0.0730008s, 18624 KB] New best heuristic value for pinch: 17
[t=0.0730429s, 18624 KB] g=93, 3849 evaluated, 192 expanded
[t=0.0737842s, 18624 KB] New best heuristic value for pinch: 16
[t=0.0738293s, 18624 KB] g=94, 3908 evaluated, 195 expanded
[t=0.0739017s, 18624 KB] New best heuristic value for pinch: 15
[t=0.0739439s, 18624 KB] g=95, 3911 evaluated, 196 expanded
[t=0.0746761s, 18624 KB] New best heuristic value for pinch: 14
[t=0.074721s, 18624 KB] g=96, 3969 evaluated, 199 expanded
[t=0.0747998s, 18624 KB] New best heuristic value for pinch: 13
[t=0.0748419s, 18624 KB] g=97, 3971 evaluated, 200 expanded
[t=0.0755509s, 18624 KB] New best heuristic value for pinch: 12
[t=0.0755972s, 18624 KB] g=98, 4029 evaluated, 201 expanded
[t=0.0759418s, 18624 KB] New best heuristic value for pinch: 11
[t=0.0759848s, 18624 KB] g=99, 4056 evaluated, 202 expanded
[t=0.0764317s, 18624 KB] New best heuristic value for pinch: 10
[t=0.0764757s, 18624 KB] g=100, 4090 evaluated, 204 expanded
[t=0.076825s, 18624 KB] New best heuristic value for pinch: 9
[t=0.0768689s, 18624 KB] g=101, 4117 evaluated, 205 expanded
[t=0.077292s, 18624 KB] New best heuristic value for pinch: 8
[t=0.0773355s, 18624 KB] g=102, 4149 evaluated, 207 expanded
[t=0.0776866s, 18624 KB] New best heuristic value for pinch: 7
[t=0.0777301s, 18624 KB] g=103, 4175 evaluated, 208 expanded
[t=0.0781531s, 18624 KB] New best heuristic value for pinch: 6
[t=0.0781977s, 18624 KB] g=104, 4207 evaluated, 209 expanded
[t=0.0788696s, 18624 KB] New best heuristic value for pinch: 5
[t=0.0789138s, 18624 KB] g=105, 4261 evaluated, 210 expanded
[t=0.0790164s, 18624 KB] New best heuristic value for pinch: 4
[t=0.079058s, 18624 KB] g=106, 4265 evaluated, 211 expanded
[t=0.0797411s, 18624 KB] New best heuristic value for pinch: 3
[t=0.0797843s, 18624 KB] g=107, 4320 evaluated, 212 expanded
[t=0.0798766s, 18624 KB] New best heuristic value for pinch: 2
[t=0.0799186s, 18624 KB] g=108, 4323 evaluated, 213 expanded
[t=0.0806196s, 18624 KB] New best heuristic value for pinch: 1
[t=0.0806637s, 18624 KB] g=109, 4380 evaluated, 214 expanded
[t=0.0807227s, 18624 KB] New best heuristic value for pinch: 0
[t=0.0807635s, 18624 KB] g=110, 4381 evaluated, 215 expanded
[t=0.0808049s, 18624 KB] Solution found!
[t=0.0808624s, 18624 KB] Actual search time: 0.0625185s
up f0 f1 (1)
board f1 p13 (1)
board f1 p4 (1)
up f1 f24 (1)
board f24 p11 (1)
board f24 p22 (1)
up f24 f26 (1)
board f26 p7 (1)
down f26 f8 (1)
board f8 p18 (1)
board f8 p28 (1)
up f8 f36 (1)
board f36 p23 (1)
down f36 f26 (1)
depart f26 p23 (1)
up f26 f47 (1)
board f47 p1 (1)
up f47 f49 (1)
board f49 p6 (1)
down f49 f19 (1)
board f19 p25 (1)
down f19 f2 (1)
board f2 p2 (1)
board f2 p8 (1)
up f2 f36 (1)
depart f36 p18 (1)
down f36 f9 (1)
board f9 p26 (1)
up f9 f37 (1)
board f37 p16 (1)
board f37 p21 (1)
down f37 f26 (1)
depart f26 p21 (1)
up f26 f39 (1)
depart f39 p13 (1)
up f39 f43 (1)
board f43 p20 (1)
up f43 f47 (1)
depart f47 p6 (1)
up f47 f56 (1)
board f56 p19 (1)
depart f56 p1 (1)
down f56 f1 (1)
depart f1 p19 (1)
down f1 f0 (1)
board f0 p10 (1)
up f0 f49 (1)
depart f49 p10 (1)
down f49 f14 (1)
board f14 p17 (1)
down f14 f5 (1)
depart f5 p11 (1)
up f5 f16 (1)
board f16 p24 (1)
down f16 f6 (1)
board f6 p27 (1)
down f6 f3 (1)
depart f3 p27 (1)
up f3 f18 (1)
depart f18 p8 (1)
down f18 f7 (1)
depart f7 p4 (1)
up f7 f19 (1)
depart f19 p16 (1)
down f19 f8 (1)
depart f8 p25 (1)
up f8 f26 (1)
depart f26 p24 (1)
down f26 f9 (1)
depart f9 p7 (1)
up f9 f29 (1)
board f29 p3 (1)
down f29 f24 (1)
depart f24 p3 (1)
up f24 f30 (1)
board f30 p15 (1)
down f30 f24 (1)
depart f24 p15 (1)
up f24 f35 (1)
board f35 p14 (1)
up f35 f39 (1)
depart f39 p17 (1)
up f39 f42 (1)
depart f42 p20 (1)
up f42 f43 (1)
depart f43 p26 (1)
up f43 f44 (1)
board f44 p5 (1)
down f44 f36 (1)
depart f36 p5 (1)
up f36 f46 (1)
board f46 p0 (1)
up f46 f47 (1)
depart f47 p2 (1)
up f47 f48 (1)
board f48 p9 (1)
down f48 f1 (1)
depart f1 p9 (1)
up f1 f49 (1)
depart f49 p0 (1)
up f49 f52 (1)
board f52 p12 (1)
down f52 f31 (1)
depart f31 p12 (1)
up f31 f54 (1)
depart f54 p14 (1)
up f54 f55 (1)
depart f55 p22 (1)
up f55 f57 (1)
depart f57 p28 (1)
[t=0.0809062s, 18624 KB] Plan length: 110 step(s).
[t=0.0809062s, 18624 KB] Plan cost: 110
[t=0.0809062s, 18624 KB] Expanded 216 state(s).
[t=0.0809062s, 18624 KB] Reopened 0 state(s).
[t=0.0809062s, 18624 KB] Evaluated 4381 state(s).
[t=0.0809062s, 18624 KB] Evaluations: 4381
[t=0.0809062s, 18624 KB] Generated 12573 state(s).
[t=0.0809062s, 18624 KB] Dead ends: 0 state(s).
[t=0.0809062s, 18624 KB] Number of registered states: 4381
[t=0.0809062s, 18624 KB] Int hash set load factor: 4381/8192 = 0.53479
[t=0.0809062s, 18624 KB] Int hash set resizes: 13
[t=0.0809062s, 18624 KB] mean number of q cost that have been adjusted 0 times in relation to total number of q: -1
[t=0.0809062s, 18624 KB] mean number of q cost that have been adjusted 1 times in relation to total number of q: -1
[t=0.0809062s, 18624 KB] mean number of q cost that have been adjusted 2 times in relation to total number of q: -1
[t=0.0809062s, 18624 KB] mean number of q that are at some point overconsitent in relation to total number of q: -1
[t=0.0809062s, 18624 KB] mean number of q that are at first underconsisten in relation to total number of q: -1
[t=0.0809062s, 18624 KB] mean number of state variables that are not in common between two following states in relation to total number of state variables: -1
[t=0.0809062s, 18624 KB] variance number of state variables that are not in common between two following states in relation to total number of state variables: -1
[t=0.0809062s, 18624 KB] Search time: 0.0630397s
[t=0.0809062s, 18624 KB] Total time: 0.0809062s
Solution found.
Peak memory: 18624 KB
Remove intermediate file output.sas
search exit code: 0

INFO     Running validate.
INFO     validate stdin: None
INFO     validate time limit: None
INFO     validate memory limit: None
INFO     validate command line string: validate domain.pddl problem.pddl sas_plan
