INFO     Running translator.
INFO     translator stdin: None
INFO     translator time limit: 1799.95s
INFO     translator memory limit: 3584 MB
INFO     translator command line string: /infai/weidan00/downward/experiments/bachelor/.venv/bin/python3 /infai/weidan00/downward/experiments/bachelor/data/bachelor-v1/code-7aa5f34_e5e41175/builds/release/bin/translate/translate.py domain.pddl problem.pddl --sas-file output.sas
Parsing...
Parsing: [0.010s CPU, 0.004s wall-clock]
Normalizing task... [0.000s CPU, 0.000s wall-clock]
Instantiating...
Generating Datalog program... [0.000s CPU, 0.001s wall-clock]
Normalizing Datalog program...
Normalizing Datalog program: [0.010s CPU, 0.003s wall-clock]
Preparing model... [0.000s CPU, 0.002s wall-clock]
Generated 46 rules.
Computing model... [0.060s CPU, 0.066s wall-clock]
5240 relevant atoms
2298 auxiliary atoms
7538 final queue length
15595 total queue pushes
Completing instantiation... [0.180s CPU, 0.182s wall-clock]
Instantiating: [0.260s CPU, 0.256s wall-clock]
Computing fact groups...
Finding invariants...
12 initial candidates
Finding invariants: [0.000s CPU, 0.003s wall-clock]
Checking invariant weight... [0.000s CPU, 0.001s wall-clock]
Instantiating groups... [0.000s CPU, 0.001s wall-clock]
Collecting mutex groups... [0.000s CPU, 0.000s wall-clock]
Choosing groups...
1 uncovered facts
Choosing groups: [0.000s CPU, 0.001s wall-clock]
Building translation key... [0.000s CPU, 0.001s wall-clock]
Computing fact groups: [0.000s CPU, 0.010s wall-clock]
Building STRIPS to SAS dictionary... [0.000s CPU, 0.000s wall-clock]
Building dictionary for full mutex groups... [0.010s CPU, 0.000s wall-clock]
Building mutex information...
Building mutex information: [0.000s CPU, 0.000s wall-clock]
Translating task...
Processing axioms...
Simplifying axioms... [0.000s CPU, 0.000s wall-clock]
Processing axioms: [0.000s CPU, 0.008s wall-clock]
Translating task: [0.180s CPU, 0.185s wall-clock]
360 effect conditions simplified
0 implied preconditions added
Detecting unreachable propositions...
0 operators removed
0 axioms removed
103 propositions removed
Detecting unreachable propositions: [0.080s CPU, 0.082s wall-clock]
Reordering and filtering variables...
20 of 20 variables necessary.
1 of 20 mutex groups necessary.
4140 of 4140 operators necessary.
0 of 0 axiom rules necessary.
Reordering and filtering variables: [0.020s CPU, 0.023s wall-clock]
Translator variables: 20
Translator derived variables: 0
Translator facts: 424
Translator goal facts: 3
Translator mutex groups: 1
Translator total mutex groups size: 11
Translator operators: 4140
Translator axioms: 0
Translator task size: 24548
Translator peak memory: 161996 KB
Writing output... [0.040s CPU, 0.048s wall-clock]
Done! [0.610s CPU, 0.617s wall-clock]
translate exit code: 0

INFO     Running search (release).
INFO     search stdin: output.sas
INFO     search time limit: 1799.28s
INFO     search memory limit: 3584 MB
INFO     search command line string: /infai/weidan00/downward/experiments/bachelor/data/bachelor-v1/code-7aa5f34_e5e41175/builds/release/bin/downward --search 'eager_wastar([add()], w=2)' --internal-plan-file sas_plan < output.sas
[t=6.6378e-05s, 17204 KB] reading input...
[t=0.0240723s, 18396 KB] done reading input!
[t=0.0273862s, 19340 KB] Simplifying 8100 unary operators... done! [4860 unary operators]
[t=0.0332236s, 20000 KB] time to simplify: 0.00619651s
[t=0.0338882s, 20000 KB] Initializing additive heuristic...
[t=0.0340622s, 20000 KB] Building successor generator...done!
[t=0.0366105s, 20000 KB] peak memory difference for successor generator creation: 0 KB
[t=0.0366544s, 20000 KB] time for successor generation creation: 0.00236635s
[t=0.0367351s, 20000 KB] Variables: 20
[t=0.0367771s, 20000 KB] FactPairs: 424
[t=0.0368179s, 20000 KB] Bytes per state: 12
[t=0.0369575s, 20000 KB] Conducting best first search with reopening closed nodes, (real) bound = 2147483647
[t=0.0371584s, 20000 KB] New best heuristic value for add: 51
[t=0.0372042s, 20000 KB] g=0, 1 evaluated, 0 expanded
[t=0.0372542s, 20000 KB] Initial heuristic value for add: 51
[t=0.0372966s, 20000 KB] pruning method: none
[t=0.0374219s, 20000 KB] New best heuristic value for add: 47
[t=0.0374657s, 20000 KB] g=1, 2 evaluated, 1 expanded
[t=0.0378267s, 20000 KB] New best heuristic value for add: 39
[t=0.0378722s, 20000 KB] g=2, 7 evaluated, 3 expanded
[t=0.0381156s, 20000 KB] New best heuristic value for add: 37
[t=0.0381604s, 20000 KB] g=3, 10 evaluated, 4 expanded
[t=0.0383281s, 20000 KB] New best heuristic value for add: 35
[t=0.0383722s, 20000 KB] g=4, 12 evaluated, 5 expanded
[t=0.0385362s, 20000 KB] New best heuristic value for add: 34
[t=0.0385804s, 20000 KB] g=4, 14 evaluated, 5 expanded
[t=0.0387481s, 20000 KB] New best heuristic value for add: 31
[t=0.0387919s, 20000 KB] g=5, 16 evaluated, 6 expanded
[t=0.0389653s, 20000 KB] New best heuristic value for add: 29
[t=0.0390095s, 20000 KB] g=5, 18 evaluated, 6 expanded
[t=0.0391747s, 20000 KB] New best heuristic value for add: 28
[t=0.0392184s, 20000 KB] g=6, 20 evaluated, 7 expanded
[t=0.0394365s, 20000 KB] New best heuristic value for add: 21
[t=0.03948s, 20000 KB] g=6, 23 evaluated, 7 expanded
[t=0.0396964s, 20000 KB] New best heuristic value for add: 18
[t=0.03974s, 20000 KB] g=7, 26 evaluated, 8 expanded
[t=0.0398452s, 20000 KB] New best heuristic value for add: 17
[t=0.0398885s, 20000 KB] g=7, 27 evaluated, 8 expanded
[t=0.040202s, 20000 KB] New best heuristic value for add: 14
[t=0.0402465s, 20000 KB] g=8, 32 evaluated, 9 expanded
[t=0.0405555s, 20000 KB] New best heuristic value for add: 13
[t=0.0406006s, 20000 KB] g=9, 37 evaluated, 10 expanded
[t=0.0487223s, 20000 KB] New best heuristic value for add: 11
[t=0.0487743s, 20000 KB] g=12, 216 evaluated, 65 expanded
[t=0.0489293s, 20000 KB] New best heuristic value for add: 10
[t=0.0489737s, 20000 KB] g=13, 218 evaluated, 66 expanded
[t=0.0492539s, 20000 KB] New best heuristic value for add: 9
[t=0.0492983s, 20000 KB] g=14, 223 evaluated, 67 expanded
[t=0.0496036s, 20000 KB] New best heuristic value for add: 7
[t=0.0496483s, 20000 KB] g=15, 229 evaluated, 69 expanded
[t=0.0505918s, 20000 KB] New best heuristic value for add: 6
[t=0.0506381s, 20000 KB] g=20, 251 evaluated, 82 expanded
[t=0.0507102s, 20000 KB] New best heuristic value for add: 5
[t=0.0507526s, 20000 KB] g=21, 252 evaluated, 83 expanded
[t=0.0508745s, 20000 KB] New best heuristic value for add: 4
[t=0.0509172s, 20000 KB] g=22, 255 evaluated, 84 expanded
[t=0.0511007s, 20000 KB] New best heuristic value for add: 3
[t=0.0511437s, 20000 KB] g=23, 259 evaluated, 85 expanded
[t=0.0512829s, 20000 KB] New best heuristic value for add: 2
[t=0.0513255s, 20000 KB] g=24, 263 evaluated, 86 expanded
[t=0.0514454s, 20000 KB] New best heuristic value for add: 1
[t=0.0514881s, 20000 KB] g=25, 267 evaluated, 87 expanded
[t=0.0516005s, 20000 KB] New best heuristic value for add: 0
[t=0.0516429s, 20000 KB] g=26, 272 evaluated, 88 expanded
[t=0.0516854s, 20000 KB] Solution found!
[t=0.0517293s, 20000 KB] Actual search time: 0.0144289s
pickup node5-5 key4 (1)
move node5-5 node4-5 (1)
unlock node4-5 node4-4 key4 triangle (1)
move node4-5 node4-4 (1)
unlock node4-4 node4-3 key4 triangle (1)
move node4-4 node4-3 (1)
unlock node4-3 node4-2 key4 triangle (1)
move node4-3 node4-2 (1)
unlock node4-2 node3-2 key4 triangle (1)
move node4-2 node4-3 (1)
pickup-and-loose node4-3 key8 key4 (1)
move node4-3 node4-2 (1)
move node4-2 node3-2 (1)
putdown node3-2 key8 (1)
move node3-2 node3-1 (1)
move node3-1 node2-1 (1)
move node2-1 node1-1 (1)
move node1-1 node0-1 (1)
move node0-1 node0-0 (1)
pickup node0-0 key0 (1)
move node0-0 node0-1 (1)
move node0-1 node1-1 (1)
move node1-1 node2-1 (1)
move node2-1 node3-1 (1)
move node3-1 node4-1 (1)
putdown node4-1 key0 (1)
[t=0.0517732s, 20000 KB] Plan length: 26 step(s).
[t=0.0517732s, 20000 KB] Plan cost: 26
[t=0.0517732s, 20000 KB] Expanded 89 state(s).
[t=0.0517732s, 20000 KB] Reopened 0 state(s).
[t=0.0517732s, 20000 KB] Evaluated 272 state(s).
[t=0.0517732s, 20000 KB] Evaluations: 272
[t=0.0517732s, 20000 KB] Generated 397 state(s).
[t=0.0517732s, 20000 KB] Dead ends: 0 state(s).
[t=0.0517732s, 20000 KB] Number of registered states: 272
[t=0.0517732s, 20000 KB] Int hash set load factor: 272/512 = 0.53125
[t=0.0517732s, 20000 KB] Int hash set resizes: 9
[t=0.0517732s, 20000 KB] mean number of q cost that have been adjusted 0 times in relation to total number of q: -1
[t=0.0517732s, 20000 KB] mean number of q cost that have been adjusted 1 times in relation to total number of q: -1
[t=0.0517732s, 20000 KB] mean number of q cost that have been adjusted 2 times in relation to total number of q: -1
[t=0.0517732s, 20000 KB] mean number of q that are at some point overconsitent in relation to total number of q: -1
[t=0.0517732s, 20000 KB] mean number of q that are at first underconsisten in relation to total number of q: -1
[t=0.0517732s, 20000 KB] mean number of state variables that are not in common between two following states in relation to total number of state variables: -1
[t=0.0517732s, 20000 KB] variance number of state variables that are not in common between two following states in relation to total number of state variables: -1
[t=0.0517732s, 20000 KB] Search time: 0.0148166s
[t=0.0517732s, 20000 KB] Total time: 0.0517732s
Solution found.
Peak memory: 20000 KB
Remove intermediate file output.sas
search exit code: 0

INFO     Running validate.
INFO     validate stdin: None
INFO     validate time limit: None
INFO     validate memory limit: None
INFO     validate command line string: validate domain.pddl problem.pddl sas_plan
