INFO     Running translator.
INFO     translator stdin: None
INFO     translator time limit: 1799.96s
INFO     translator memory limit: 3584 MB
INFO     translator command line string: /infai/weidan00/downward/experiments/bachelor/.venv/bin/python3 /infai/weidan00/downward/experiments/bachelor/data/bachelor-v1/code-7aa5f34_e5e41175/builds/release/bin/translate/translate.py domain.pddl problem.pddl --sas-file output.sas
Parsing...
Parsing: [0.010s CPU, 0.009s wall-clock]
Normalizing task... [0.000s CPU, 0.000s wall-clock]
Instantiating...
Generating Datalog program... [0.000s CPU, 0.003s wall-clock]
Normalizing Datalog program...
Normalizing Datalog program: [0.000s CPU, 0.001s wall-clock]
Preparing model... [0.020s CPU, 0.012s wall-clock]
Generated 13 rules.
Computing model... [0.040s CPU, 0.049s wall-clock]
3793 relevant atoms
2376 auxiliary atoms
6169 final queue length
10634 total queue pushes
Completing instantiation... [0.070s CPU, 0.069s wall-clock]
Instantiating: [0.130s CPU, 0.136s wall-clock]
Computing fact groups...
Finding invariants...
6 initial candidates
Finding invariants: [0.000s CPU, 0.001s wall-clock]
Checking invariant weight... [0.000s CPU, 0.001s wall-clock]
Instantiating groups... [0.000s CPU, 0.000s wall-clock]
Collecting mutex groups... [0.000s CPU, 0.000s wall-clock]
Choosing groups...
48 uncovered facts
Choosing groups: [0.000s CPU, 0.000s wall-clock]
Building translation key... [0.000s CPU, 0.000s wall-clock]
Computing fact groups: [0.000s CPU, 0.003s wall-clock]
Building STRIPS to SAS dictionary... [0.000s CPU, 0.000s wall-clock]
Building dictionary for full mutex groups... [0.000s CPU, 0.000s wall-clock]
Building mutex information...
Building mutex information: [0.000s CPU, 0.000s wall-clock]
Translating task...
Processing axioms...
Simplifying axioms... [0.000s CPU, 0.000s wall-clock]
Processing axioms: [0.010s CPU, 0.003s wall-clock]
Translating task: [0.060s CPU, 0.055s wall-clock]
24 effect conditions simplified
0 implied preconditions added
Detecting unreachable propositions...
0 operators removed
0 axioms removed
1 propositions removed
Detecting unreachable propositions: [0.040s CPU, 0.039s wall-clock]
Reordering and filtering variables...
49 of 49 variables necessary.
0 of 1 mutex groups necessary.
2286 of 2286 operators necessary.
0 of 0 axiom rules necessary.
Reordering and filtering variables: [0.000s CPU, 0.007s wall-clock]
Translator variables: 49
Translator derived variables: 0
Translator facts: 144
Translator goal facts: 24
Translator mutex groups: 0
Translator total mutex groups size: 0
Translator operators: 2286
Translator axioms: 0
Translator task size: 7165
Translator peak memory: 149196 KB
Writing output... [0.010s CPU, 0.020s wall-clock]
Done! [0.260s CPU, 0.274s wall-clock]
translate exit code: 0

INFO     Running search (release).
INFO     search stdin: output.sas
INFO     search time limit: 1799.63s
INFO     search memory limit: 3584 MB
INFO     search command line string: /infai/weidan00/downward/experiments/bachelor/data/bachelor-v1/code-7aa5f34_e5e41175/builds/release/bin/downward --search 'eager_wastar([add()], w=2)' --internal-plan-file sas_plan < output.sas
[t=6.4677e-05s, 17204 KB] reading input...
[t=0.00841997s, 17560 KB] done reading input!
[t=0.0107558s, 17952 KB] Simplifying 2328 unary operators... done! [2328 unary operators]
[t=0.0117638s, 18216 KB] time to simplify: 0.0011281s
[t=0.0119698s, 18216 KB] Initializing additive heuristic...
[t=0.0121235s, 18216 KB] Building successor generator...done!
[t=0.0126631s, 18216 KB] peak memory difference for successor generator creation: 0 KB
[t=0.0127028s, 18216 KB] time for successor generation creation: 0.000412898s
[t=0.0127649s, 18216 KB] Variables: 49
[t=0.0128053s, 18216 KB] FactPairs: 144
[t=0.0128447s, 18216 KB] Bytes per state: 8
[t=0.0129875s, 18216 KB] Conducting best first search with reopening closed nodes, (real) bound = 2147483647
[t=0.0131136s, 18216 KB] New best heuristic value for add: 94
[t=0.0131581s, 18216 KB] g=0, 1 evaluated, 0 expanded
[t=0.0132089s, 18216 KB] Initial heuristic value for add: 94
[t=0.0132496s, 18216 KB] pruning method: none
[t=0.013726s, 18216 KB] New best heuristic value for add: 93
[t=0.0137718s, 18216 KB] g=1, 24 evaluated, 1 expanded
[t=0.0138344s, 18216 KB] New best heuristic value for add: 92
[t=0.0138834s, 18216 KB] g=1, 25 evaluated, 1 expanded
[t=0.014366s, 18216 KB] New best heuristic value for add: 91
[t=0.014411s, 18216 KB] g=2, 49 evaluated, 2 expanded
[t=0.0153311s, 18216 KB] New best heuristic value for add: 90
[t=0.0153782s, 18216 KB] g=4, 97 evaluated, 4 expanded
[t=0.01586s, 18216 KB] New best heuristic value for add: 89
[t=0.0159097s, 18216 KB] g=5, 121 evaluated, 5 expanded
[t=0.0164101s, 18216 KB] New best heuristic value for add: 88
[t=0.0164584s, 18216 KB] g=6, 145 evaluated, 7 expanded
[t=0.0169517s, 18216 KB] New best heuristic value for add: 87
[t=0.0169993s, 18216 KB] g=7, 170 evaluated, 8 expanded
[t=0.0174949s, 18216 KB] New best heuristic value for add: 86
[t=0.0175413s, 18216 KB] g=9, 194 evaluated, 12 expanded
[t=0.0181024s, 18216 KB] New best heuristic value for add: 85
[t=0.0181506s, 18216 KB] g=9, 223 evaluated, 12 expanded
[t=0.0185484s, 18216 KB] New best heuristic value for add: 84
[t=0.0185939s, 18216 KB] g=10, 241 evaluated, 17 expanded
[t=0.0186702s, 18216 KB] New best heuristic value for add: 82
[t=0.0187124s, 18216 KB] g=11, 242 evaluated, 18 expanded
[t=0.0192926s, 18216 KB] New best heuristic value for add: 81
[t=0.019339s, 18216 KB] g=11, 271 evaluated, 18 expanded
[t=0.0197308s, 18216 KB] New best heuristic value for add: 80
[t=0.0197755s, 18216 KB] g=12, 289 evaluated, 22 expanded
[t=0.0198452s, 18216 KB] New best heuristic value for add: 78
[t=0.0198863s, 18216 KB] g=13, 290 evaluated, 23 expanded
[t=0.0203287s, 18216 KB] New best heuristic value for add: 77
[t=0.0203721s, 18216 KB] g=13, 313 evaluated, 23 expanded
[t=0.020891s, 18216 KB] New best heuristic value for add: 76
[t=0.0209345s, 18216 KB] g=15, 338 evaluated, 28 expanded
[t=0.0214903s, 18216 KB] New best heuristic value for add: 75
[t=0.0215332s, 18216 KB] g=15, 367 evaluated, 28 expanded
[t=0.0219411s, 18216 KB] New best heuristic value for add: 74
[t=0.0219834s, 18216 KB] g=17, 386 evaluated, 33 expanded
[t=0.022531s, 18216 KB] New best heuristic value for add: 73
[t=0.0225748s, 18216 KB] g=17, 415 evaluated, 33 expanded
[t=0.0229581s, 18216 KB] New best heuristic value for add: 72
[t=0.0230011s, 18216 KB] g=18, 433 evaluated, 37 expanded
[t=0.0230668s, 18216 KB] New best heuristic value for add: 70
[t=0.0231079s, 18216 KB] g=19, 434 evaluated, 38 expanded
[t=0.0236512s, 18216 KB] New best heuristic value for add: 69
[t=0.0236954s, 18216 KB] g=19, 463 evaluated, 38 expanded
[t=0.0240791s, 18216 KB] New best heuristic value for add: 68
[t=0.0241224s, 18216 KB] g=20, 481 evaluated, 42 expanded
[t=0.0241869s, 18216 KB] New best heuristic value for add: 66
[t=0.0242277s, 18216 KB] g=21, 482 evaluated, 43 expanded
[t=0.0246857s, 18216 KB] New best heuristic value for add: 65
[t=0.0247282s, 18216 KB] g=21, 506 evaluated, 43 expanded
[t=0.025249s, 18216 KB] New best heuristic value for add: 64
[t=0.0252933s, 18216 KB] g=22, 529 evaluated, 47 expanded
[t=0.0253575s, 18216 KB] New best heuristic value for add: 62
[t=0.0253987s, 18216 KB] g=23, 530 evaluated, 48 expanded
[t=0.0258439s, 18216 KB] New best heuristic value for add: 61
[t=0.0258861s, 18216 KB] g=23, 554 evaluated, 48 expanded
[t=0.0263551s, 18216 KB] New best heuristic value for add: 60
[t=0.026398s, 18216 KB] g=24, 577 evaluated, 52 expanded
[t=0.0264615s, 18216 KB] New best heuristic value for add: 58
[t=0.0265022s, 18216 KB] g=25, 578 evaluated, 53 expanded
[t=0.0269426s, 18216 KB] New best heuristic value for add: 57
[t=0.0269849s, 18216 KB] g=25, 602 evaluated, 53 expanded
[t=0.0274195s, 18216 KB] New best heuristic value for add: 56
[t=0.0274624s, 18216 KB] g=26, 625 evaluated, 54 expanded
[t=0.0283216s, 18216 KB] New best heuristic value for add: 55
[t=0.0283658s, 18216 KB] g=28, 673 evaluated, 57 expanded
[t=0.0284321s, 18216 KB] New best heuristic value for add: 54
[t=0.0284734s, 18216 KB] g=29, 674 evaluated, 58 expanded
[t=0.029319s, 18216 KB] New best heuristic value for add: 52
[t=0.0293657s, 18216 KB] g=30, 721 evaluated, 61 expanded
[t=0.0294284s, 18216 KB] New best heuristic value for add: 50
[t=0.0294694s, 18216 KB] g=31, 722 evaluated, 62 expanded
[t=0.0303474s, 18216 KB] New best heuristic value for add: 48
[t=0.030395s, 18216 KB] g=33, 770 evaluated, 68 expanded
[t=0.0312579s, 18216 KB] New best heuristic value for add: 46
[t=0.0313031s, 18216 KB] g=35, 818 evaluated, 74 expanded
[t=0.0321611s, 18216 KB] New best heuristic value for add: 44
[t=0.0322066s, 18216 KB] g=37, 866 evaluated, 80 expanded
[t=0.033057s, 18216 KB] New best heuristic value for add: 42
[t=0.033102s, 18216 KB] g=39, 914 evaluated, 86 expanded
[t=0.0339125s, 18216 KB] New best heuristic value for add: 41
[t=0.0339567s, 18216 KB] g=40, 961 evaluated, 89 expanded
[t=0.0340173s, 18216 KB] New best heuristic value for add: 40
[t=0.0340585s, 18216 KB] g=41, 962 evaluated, 90 expanded
[t=0.0349006s, 18216 KB] New best heuristic value for add: 38
[t=0.0349451s, 18216 KB] g=43, 1010 evaluated, 96 expanded
[t=0.035885s, 18216 KB] New best heuristic value for add: 36
[t=0.0359312s, 18216 KB] g=45, 1058 evaluated, 102 expanded
[t=0.0367602s, 18216 KB] New best heuristic value for add: 34
[t=0.0368046s, 18216 KB] g=47, 1106 evaluated, 108 expanded
[t=0.0376175s, 18216 KB] New best heuristic value for add: 32
[t=0.0376609s, 18216 KB] g=49, 1154 evaluated, 114 expanded
[t=0.038454s, 18216 KB] New best heuristic value for add: 30
[t=0.0385s, 18216 KB] g=51, 1202 evaluated, 119 expanded
[t=0.0392949s, 18216 KB] New best heuristic value for add: 28
[t=0.03934s, 18216 KB] g=53, 1250 evaluated, 124 expanded
[t=0.0400927s, 18216 KB] New best heuristic value for add: 27
[t=0.0401396s, 18216 KB] g=54, 1297 evaluated, 126 expanded
[t=0.0402017s, 18216 KB] New best heuristic value for add: 26
[t=0.0402429s, 18216 KB] g=55, 1298 evaluated, 127 expanded
[t=0.0410211s, 18216 KB] New best heuristic value for add: 24
[t=0.0410652s, 18216 KB] g=57, 1346 evaluated, 131 expanded
[t=0.0418372s, 18216 KB] New best heuristic value for add: 22
[t=0.0418819s, 18216 KB] g=59, 1394 evaluated, 135 expanded
[t=0.0426438s, 18216 KB] New best heuristic value for add: 20
[t=0.0426903s, 18216 KB] g=61, 1442 evaluated, 139 expanded
[t=0.0434465s, 18216 KB] New best heuristic value for add: 18
[t=0.043493s, 18216 KB] g=63, 1490 evaluated, 143 expanded
[t=0.0442287s, 18216 KB] New best heuristic value for add: 16
[t=0.0442765s, 18216 KB] g=65, 1538 evaluated, 146 expanded
[t=0.045007s, 18216 KB] New best heuristic value for add: 14
[t=0.0450524s, 18216 KB] g=67, 1586 evaluated, 149 expanded
[t=0.0457802s, 18216 KB] New best heuristic value for add: 12
[t=0.045827s, 18216 KB] g=69, 1634 evaluated, 152 expanded
[t=0.0465452s, 18216 KB] New best heuristic value for add: 10
[t=0.0465938s, 18216 KB] g=71, 1682 evaluated, 155 expanded
[t=0.0472736s, 18216 KB] New best heuristic value for add: 9
[t=0.0473227s, 18216 KB] g=72, 1729 evaluated, 156 expanded
[t=0.0480323s, 18216 KB] New best heuristic value for add: 8
[t=0.0480799s, 18216 KB] g=74, 1777 evaluated, 159 expanded
[t=0.0481391s, 18216 KB] New best heuristic value for add: 7
[t=0.0481799s, 18216 KB] g=75, 1778 evaluated, 160 expanded
[t=0.0488554s, 18216 KB] New best heuristic value for add: 6
[t=0.0489013s, 18216 KB] g=76, 1825 evaluated, 161 expanded
[t=0.0494451s, 18216 KB] New best heuristic value for add: 5
[t=0.0494896s, 18216 KB] g=77, 1862 evaluated, 162 expanded
[t=0.0496958s, 18216 KB] New best heuristic value for add: 4
[t=0.0497387s, 18216 KB] g=78, 1873 evaluated, 164 expanded
[t=0.0502853s, 18216 KB] New best heuristic value for add: 3
[t=0.0503303s, 18216 KB] g=79, 1911 evaluated, 165 expanded
[t=0.0505129s, 18216 KB] New best heuristic value for add: 2
[t=0.0505559s, 18216 KB] g=80, 1921 evaluated, 166 expanded
[t=0.0511816s, 18216 KB] New best heuristic value for add: 1
[t=0.0512264s, 18216 KB] g=81, 1966 evaluated, 167 expanded
[t=0.0513101s, 18216 KB] New best heuristic value for add: 0
[t=0.0513508s, 18216 KB] g=82, 1969 evaluated, 168 expanded
[t=0.0513928s, 18216 KB] Solution found!
[t=0.0514403s, 18216 KB] Actual search time: 0.0381871s
up f0 f30 (1)
stop f30 (1)
down f30 f3 (1)
stop f3 (1)
up f3 f42 (1)
stop f42 (1)
down f42 f11 (1)
stop f11 (1)
up f11 f17 (1)
stop f17 (1)
down f17 f3 (1)
stop f3 (1)
up f3 f19 (1)
stop f19 (1)
up f19 f24 (1)
stop f24 (1)
up f24 f25 (1)
stop f25 (1)
up f25 f31 (1)
stop f31 (1)
up f31 f32 (1)
stop f32 (1)
up f32 f38 (1)
stop f38 (1)
down f38 f30 (1)
stop f30 (1)
down f30 f14 (1)
stop f14 (1)
up f14 f39 (1)
stop f39 (1)
down f39 f12 (1)
stop f12 (1)
down f12 f2 (1)
stop f2 (1)
up f2 f13 (1)
stop f13 (1)
down f13 f4 (1)
stop f4 (1)
up f4 f42 (1)
stop f42 (1)
down f42 f15 (1)
stop f15 (1)
down f15 f5 (1)
stop f5 (1)
up f5 f16 (1)
stop f16 (1)
down f16 f7 (1)
stop f7 (1)
up f7 f14 (1)
stop f14 (1)
down f14 f9 (1)
stop f9 (1)
up f9 f30 (1)
stop f30 (1)
down f30 f18 (1)
stop f18 (1)
up f18 f19 (1)
stop f19 (1)
up f19 f24 (1)
stop f24 (1)
up f24 f26 (1)
stop f26 (1)
down f26 f11 (1)
stop f11 (1)
up f11 f30 (1)
stop f30 (1)
up f30 f34 (1)
stop f34 (1)
up f34 f40 (1)
stop f40 (1)
down f40 f0 (1)
stop f0 (1)
up f0 f43 (1)
stop f43 (1)
down f43 f0 (1)
stop f0 (1)
up f0 f44 (1)
stop f44 (1)
down f44 f42 (1)
stop f42 (1)
up f42 f45 (1)
stop f45 (1)
[t=0.0514833s, 18216 KB] Plan length: 82 step(s).
[t=0.0514833s, 18216 KB] Plan cost: 82
[t=0.0514833s, 18216 KB] Expanded 169 state(s).
[t=0.0514833s, 18216 KB] Reopened 0 state(s).
[t=0.0514833s, 18216 KB] Evaluated 1969 state(s).
[t=0.0514833s, 18216 KB] Evaluations: 1969
[t=0.0514833s, 18216 KB] Generated 8064 state(s).
[t=0.0514833s, 18216 KB] Dead ends: 0 state(s).
[t=0.0514833s, 18216 KB] Number of registered states: 1969
[t=0.0514833s, 18216 KB] Int hash set load factor: 1969/2048 = 0.961426
[t=0.0514833s, 18216 KB] Int hash set resizes: 11
[t=0.0514833s, 18216 KB] mean number of q cost that have been adjusted 0 times in relation to total number of q: -1
[t=0.0514833s, 18216 KB] mean number of q cost that have been adjusted 1 times in relation to total number of q: -1
[t=0.0514833s, 18216 KB] mean number of q cost that have been adjusted 2 times in relation to total number of q: -1
[t=0.0514833s, 18216 KB] mean number of q that are at some point overconsitent in relation to total number of q: -1
[t=0.0514833s, 18216 KB] mean number of q that are at first underconsisten in relation to total number of q: -1
[t=0.0514833s, 18216 KB] mean number of state variables that are not in common between two following states in relation to total number of state variables: -1
[t=0.0514833s, 18216 KB] variance number of state variables that are not in common between two following states in relation to total number of state variables: -1
[t=0.0514833s, 18216 KB] Search time: 0.0384967s
[t=0.0514833s, 18216 KB] Total time: 0.0514833s
Solution found.
Peak memory: 18216 KB
Remove intermediate file output.sas
search exit code: 0

INFO     Running validate.
INFO     validate stdin: None
INFO     validate time limit: None
INFO     validate memory limit: None
INFO     validate command line string: validate domain.pddl problem.pddl sas_plan
