INFO     Running translator.
INFO     translator stdin: None
INFO     translator time limit: 1799.96s
INFO     translator memory limit: 3584 MB
INFO     translator command line string: /infai/weidan00/downward/experiments/bachelor/.venv/bin/python3 /infai/weidan00/downward/experiments/bachelor/data/bachelor-v1/code-7aa5f34_e5e41175/builds/release/bin/translate/translate.py domain.pddl problem.pddl --sas-file output.sas
Parsing...
Parsing: [0.000s CPU, 0.007s wall-clock]
Normalizing task... [0.000s CPU, 0.000s wall-clock]
Instantiating...
Generating Datalog program... [0.000s CPU, 0.002s wall-clock]
Normalizing Datalog program...
Normalizing Datalog program: [0.000s CPU, 0.002s wall-clock]
Preparing model... [0.010s CPU, 0.004s wall-clock]
Generated 65 rules.
Computing model... [0.020s CPU, 0.023s wall-clock]
2112 relevant atoms
396 auxiliary atoms
2508 final queue length
6611 total queue pushes
Completing instantiation... [0.100s CPU, 0.099s wall-clock]
Instantiating: [0.130s CPU, 0.131s wall-clock]
Computing fact groups...
Finding invariants...
21 initial candidates
Finding invariants: [0.000s CPU, 0.004s wall-clock]
Checking invariant weight... [0.000s CPU, 0.000s wall-clock]
Instantiating groups... [0.000s CPU, 0.000s wall-clock]
Collecting mutex groups... [0.000s CPU, 0.000s wall-clock]
Choosing groups...
802 uncovered facts
Choosing groups: [0.000s CPU, 0.000s wall-clock]
Building translation key... [0.000s CPU, 0.004s wall-clock]
Computing fact groups: [0.010s CPU, 0.017s wall-clock]
Building STRIPS to SAS dictionary... [0.000s CPU, 0.002s wall-clock]
Building dictionary for full mutex groups... [0.000s CPU, 0.001s wall-clock]
Building mutex information...
Building mutex information: [0.010s CPU, 0.001s wall-clock]
Translating task...
Processing axioms...
Simplifying axioms... [0.000s CPU, 0.000s wall-clock]
Processing axioms: [0.010s CPU, 0.008s wall-clock]
Translating task: [0.170s CPU, 0.170s wall-clock]
4609 effect conditions simplified
0 implied preconditions added
Detecting unreachable propositions...
0 operators removed
0 axioms removed
34 propositions removed
Detecting unreachable propositions: [0.050s CPU, 0.059s wall-clock]
Reordering and filtering variables...
414 of 785 variables necessary.
0 of 0 mutex groups necessary.
1081 of 1081 operators necessary.
0 of 0 axiom rules necessary.
Reordering and filtering variables: [0.060s CPU, 0.065s wall-clock]
Translator variables: 414
Translator derived variables: 0
Translator facts: 828
Translator goal facts: 45
Translator mutex groups: 0
Translator total mutex groups size: 0
Translator operators: 1081
Translator axioms: 0
Translator task size: 10435
Translator peak memory: 153804 KB
Writing output... [0.020s CPU, 0.023s wall-clock]
Done! [0.460s CPU, 0.481s wall-clock]
translate exit code: 0

INFO     Running search (release).
INFO     search stdin: output.sas
INFO     search time limit: 1799.42s
INFO     search memory limit: 3584 MB
INFO     search command line string: /infai/weidan00/downward/experiments/bachelor/data/bachelor-v1/code-7aa5f34_e5e41175/builds/release/bin/downward --search 'eager_wastar([add()], w=2)' --internal-plan-file sas_plan < output.sas
[t=6.6806e-05s, 17204 KB] reading input...
[t=0.0108693s, 17656 KB] done reading input!
[t=0.0135779s, 18248 KB] Simplifying 4601 unary operators... done! [3674 unary operators]
[t=0.0175819s, 18644 KB] time to simplify: 0.004168s
[t=0.0180501s, 18644 KB] Initializing additive heuristic...
[t=0.0182386s, 18644 KB] Building successor generator...done!
[t=0.0189623s, 18644 KB] peak memory difference for successor generator creation: 0 KB
[t=0.0190049s, 18644 KB] time for successor generation creation: 0.00057991s
[t=0.0190659s, 18644 KB] Variables: 414
[t=0.0191067s, 18644 KB] FactPairs: 828
[t=0.0191466s, 18644 KB] Bytes per state: 52
[t=0.019308s, 18644 KB] Conducting best first search with reopening closed nodes, (real) bound = 2147483647
[t=0.0194984s, 18644 KB] New best heuristic value for add: 45
[t=0.0195446s, 18644 KB] g=0, 1 evaluated, 0 expanded
[t=0.0195982s, 18644 KB] Initial heuristic value for add: 45
[t=0.0196396s, 18644 KB] pruning method: none
[t=0.0220221s, 18644 KB] New best heuristic value for add: 44
[t=0.0220897s, 18644 KB] g=1, 39 evaluated, 1 expanded
[t=0.0693889s, 18644 KB] New best heuristic value for add: 43
[t=0.0694868s, 18644 KB] g=2, 852 evaluated, 2 expanded
[t=0.118772s, 18644 KB] New best heuristic value for add: 42
[t=0.11887s, 18644 KB] g=3, 1726 evaluated, 3 expanded
[t=3.78753s, 24384 KB] New best heuristic value for add: 41
[t=3.78765s, 24384 KB] g=5, 68060 evaluated, 195 expanded
[t=3.82872s, 24520 KB] New best heuristic value for add: 40
[t=3.82883s, 24520 KB] g=6, 68782 evaluated, 196 expanded
[t=3.87654s, 24520 KB] New best heuristic value for add: 39
[t=3.87664s, 24520 KB] g=7, 69639 evaluated, 197 expanded
[t=6.49269s, 29900 KB] New best heuristic value for add: 38
[t=6.49281s, 29900 KB] g=9, 117231 evaluated, 350 expanded
[t=6.53125s, 29900 KB] New best heuristic value for add: 37
[t=6.53136s, 29900 KB] g=10, 117915 evaluated, 351 expanded
[t=6.57465s, 29900 KB] New best heuristic value for add: 36
[t=6.57476s, 29900 KB] g=11, 118703 evaluated, 352 expanded
[t=7.82812s, 31012 KB] New best heuristic value for add: 35
[t=7.82824s, 31012 KB] g=13, 141775 evaluated, 455 expanded
[t=7.86628s, 31012 KB] New best heuristic value for add: 34
[t=7.86639s, 31012 KB] g=14, 142461 evaluated, 456 expanded
[t=13.8463s, 41408 KB] New best heuristic value for add: 33
[t=13.8464s, 41408 KB] g=16, 252532 evaluated, 751 expanded
[t=13.8607s, 41408 KB] New best heuristic value for add: 32
[t=13.8608s, 41408 KB] g=17, 252793 evaluated, 752 expanded
[t=13.8985s, 41496 KB] New best heuristic value for add: 31
[t=13.8986s, 41496 KB] g=18, 253483 evaluated, 753 expanded
[t=13.937s, 41496 KB] New best heuristic value for add: 30
[t=13.9371s, 41496 KB] g=19, 254196 evaluated, 754 expanded
[t=15.3427s, 43488 KB] New best heuristic value for add: 29
[t=15.3428s, 43488 KB] g=21, 279926 evaluated, 872 expanded
[t=28.9297s, 66176 KB] New best heuristic value for add: 28
[t=28.9298s, 66176 KB] g=23, 527156 evaluated, 2006 expanded
[t=28.9499s, 66176 KB] New best heuristic value for add: 27
[t=28.95s, 66176 KB] g=24, 527528 evaluated, 2007 expanded
[t=32.767s, 71600 KB] New best heuristic value for add: 26
[t=32.7672s, 71600 KB] g=26, 598751 evaluated, 2245 expanded
[t=32.7939s, 71600 KB] New best heuristic value for add: 25
[t=32.794s, 71600 KB] g=27, 599247 evaluated, 2246 expanded
[t=36.8479s, 77280 KB] New best heuristic value for add: 24
[t=36.848s, 77280 KB] g=29, 675209 evaluated, 2502 expanded
[t=36.8755s, 77280 KB] New best heuristic value for add: 23
[t=36.8756s, 77280 KB] g=30, 675724 evaluated, 2503 expanded
[t=40.968s, 83192 KB] New best heuristic value for add: 22
[t=40.9681s, 83192 KB] g=32, 753771 evaluated, 2768 expanded
[t=41.1347s, 83460 KB] New best heuristic value for add: 21
[t=41.1348s, 83460 KB] g=33, 756875 evaluated, 2775 expanded
[t=45.2547s, 89256 KB] New best heuristic value for add: 20
[t=45.2548s, 89256 KB] g=35, 835257 evaluated, 3041 expanded
[t=45.5395s, 89656 KB] New best heuristic value for add: 19
[t=45.5396s, 89656 KB] g=36, 840515 evaluated, 3056 expanded
[t=49.8399s, 109020 KB] New best heuristic value for add: 18
[t=49.8401s, 109020 KB] g=38, 921453 evaluated, 3332 expanded
[t=54.0277s, 110028 KB] New best heuristic value for add: 17
[t=54.0278s, 110028 KB] g=40, 1002127 evaluated, 3658 expanded
[t=70.052s, 133080 KB] New best heuristic value for add: 16
[t=70.0521s, 133080 KB] g=42, 1309728 evaluated, 4560 expanded
[t=108.534s, 204792 KB] New best heuristic value for add: 15
[t=108.534s, 204792 KB] g=44, 2046912 evaluated, 6813 expanded
Peak memory: 3349780 KB
caught signal 24 -- exiting
Time limit has been reached.
Remove intermediate file output.sas
search exit code: 23

Driver aborting after search
