INFO     Running translator.
INFO     translator stdin: None
INFO     translator time limit: 1799.96s
INFO     translator memory limit: 3584 MB
INFO     translator command line string: /infai/weidan00/downward/experiments/bachelor/.venv/bin/python3 /infai/weidan00/downward/experiments/bachelor/data/bachelor-v1/code-7aa5f34_e5e41175/builds/release/bin/translate/translate.py domain.pddl problem.pddl --sas-file output.sas
Parsing...
Parsing: [0.000s CPU, 0.006s wall-clock]
Normalizing task... [0.000s CPU, 0.000s wall-clock]
Instantiating...
Generating Datalog program... [0.000s CPU, 0.002s wall-clock]
Normalizing Datalog program...
Normalizing Datalog program: [0.010s CPU, 0.004s wall-clock]
Preparing model... [0.000s CPU, 0.006s wall-clock]
Generated 45 rules.
Computing model... [1.290s CPU, 1.292s wall-clock]
43151 relevant atoms
83221 auxiliary atoms
126372 final queue length
206218 total queue pushes
Completing instantiation... [2.340s CPU, 2.348s wall-clock]
Instantiating: [3.670s CPU, 3.684s wall-clock]
Computing fact groups...
Finding invariants...
18 initial candidates
Finding invariants: [0.060s CPU, 0.055s wall-clock]
Checking invariant weight... [0.000s CPU, 0.003s wall-clock]
Instantiating groups... [0.030s CPU, 0.030s wall-clock]
Collecting mutex groups... [0.000s CPU, 0.002s wall-clock]
Choosing groups...
170 uncovered facts
Choosing groups: [0.000s CPU, 0.005s wall-clock]
Building translation key... [0.000s CPU, 0.004s wall-clock]
Computing fact groups: [0.110s CPU, 0.110s wall-clock]
Building STRIPS to SAS dictionary... [0.010s CPU, 0.002s wall-clock]
Building dictionary for full mutex groups... [0.000s CPU, 0.001s wall-clock]
Building mutex information...
Building mutex information: [0.000s CPU, 0.001s wall-clock]
Translating task...
Processing axioms...
Simplifying axioms... [0.000s CPU, 0.000s wall-clock]
Processing axioms: [0.080s CPU, 0.083s wall-clock]
Translating task: [1.950s CPU, 1.962s wall-clock]
0 effect conditions simplified
0 implied preconditions added
Detecting unreachable propositions...
0 operators removed
0 axioms removed
653 propositions removed
Detecting unreachable propositions: [1.070s CPU, 1.059s wall-clock]
Reordering and filtering variables...
313 of 313 variables necessary.
0 of 313 mutex groups necessary.
40848 of 40848 operators necessary.
0 of 0 axiom rules necessary.
Reordering and filtering variables: [0.240s CPU, 0.246s wall-clock]
Translator variables: 313
Translator derived variables: 0
Translator facts: 1923
Translator goal facts: 19
Translator mutex groups: 0
Translator total mutex groups size: 0
Translator operators: 40848
Translator axioms: 0
Translator task size: 246623
Translator peak memory: 340224 KB
Writing output... [0.410s CPU, 0.452s wall-clock]
Done! [7.550s CPU, 7.619s wall-clock]
translate exit code: 0

INFO     Running search (release).
INFO     search stdin: output.sas
INFO     search time limit: 1792.31s
INFO     search memory limit: 3584 MB
INFO     search command line string: /infai/weidan00/downward/experiments/bachelor/data/bachelor-v1/code-7aa5f34_e5e41175/builds/release/bin/downward --search 'eager_wastar([add()], w=2)' --internal-plan-file sas_plan < output.sas
[t=7.1239e-05s, 17204 KB] reading input...
[t=0.265152s, 29624 KB] done reading input!
[t=0.27988s, 35236 KB] Simplifying 81456 unary operators... done! [81456 unary operators]
[t=0.376537s, 42652 KB] time to simplify: 0.0967703s
[t=0.381743s, 42652 KB] Initializing additive heuristic...
[t=0.381973s, 42652 KB] Building successor generator...done!
[t=0.401211s, 42652 KB] peak memory difference for successor generator creation: 0 KB
[t=0.401257s, 42652 KB] time for successor generation creation: 0.0190661s
[t=0.401639s, 42652 KB] Variables: 313
[t=0.401696s, 42652 KB] FactPairs: 1923
[t=0.401736s, 42652 KB] Bytes per state: 108
[t=0.401884s, 42652 KB] Conducting best first search with reopening closed nodes, (real) bound = 2147483647
[t=0.403618s, 42652 KB] New best heuristic value for add: 357
[t=0.403679s, 42652 KB] g=0, 1 evaluated, 0 expanded
[t=0.403737s, 42652 KB] Initial heuristic value for add: 357
[t=0.403778s, 42652 KB] pruning method: none
[t=0.405117s, 42652 KB] New best heuristic value for add: 321
[t=0.405174s, 42652 KB] g=1, 2 evaluated, 1 expanded
[t=0.407734s, 42652 KB] New best heuristic value for add: 296
[t=0.407789s, 42652 KB] g=1, 4 evaluated, 1 expanded
[t=0.421575s, 42652 KB] New best heuristic value for add: 295
[t=0.421646s, 42652 KB] g=2, 15 evaluated, 2 expanded
[t=0.422942s, 42652 KB] New best heuristic value for add: 292
[t=0.423s, 42652 KB] g=2, 16 evaluated, 2 expanded
[t=0.426769s, 42652 KB] New best heuristic value for add: 291
[t=0.426827s, 42652 KB] g=2, 19 evaluated, 2 expanded
[t=0.450503s, 42652 KB] New best heuristic value for add: 290
[t=0.450582s, 42652 KB] g=3, 38 evaluated, 3 expanded
[t=0.451875s, 42652 KB] New best heuristic value for add: 287
[t=0.451932s, 42652 KB] g=3, 39 evaluated, 3 expanded
[t=0.455682s, 42652 KB] New best heuristic value for add: 286
[t=0.455739s, 42652 KB] g=3, 42 evaluated, 3 expanded
[t=0.479401s, 42652 KB] New best heuristic value for add: 285
[t=0.479482s, 42652 KB] g=4, 61 evaluated, 4 expanded
[t=0.480774s, 42652 KB] New best heuristic value for add: 282
[t=0.480831s, 42652 KB] g=4, 62 evaluated, 4 expanded
[t=0.506952s, 42652 KB] New best heuristic value for add: 281
[t=0.507039s, 42652 KB] g=5, 83 evaluated, 5 expanded
[t=0.508328s, 42652 KB] New best heuristic value for add: 278
[t=0.508386s, 42652 KB] g=5, 84 evaluated, 5 expanded
[t=0.534505s, 42652 KB] New best heuristic value for add: 277
[t=0.534592s, 42652 KB] g=6, 105 evaluated, 6 expanded
[t=0.535873s, 42652 KB] New best heuristic value for add: 276
[t=0.535931s, 42652 KB] g=6, 106 evaluated, 6 expanded
[t=0.538442s, 42652 KB] New best heuristic value for add: 274
[t=0.538503s, 42652 KB] g=6, 108 evaluated, 6 expanded
[t=0.560809s, 42652 KB] New best heuristic value for add: 273
[t=0.560886s, 42652 KB] g=7, 126 evaluated, 7 expanded
[t=0.56217s, 42652 KB] New best heuristic value for add: 272
[t=0.562226s, 42652 KB] g=7, 127 evaluated, 7 expanded
[t=0.564754s, 42652 KB] New best heuristic value for add: 270
[t=0.56481s, 42652 KB] g=7, 129 evaluated, 7 expanded
[t=0.58713s, 42652 KB] New best heuristic value for add: 269
[t=0.587207s, 42652 KB] g=8, 147 evaluated, 8 expanded
[t=0.588489s, 42652 KB] New best heuristic value for add: 268
[t=0.588546s, 42652 KB] g=8, 148 evaluated, 8 expanded
[t=0.591051s, 42652 KB] New best heuristic value for add: 266
[t=0.591114s, 42652 KB] g=8, 150 evaluated, 8 expanded
[t=0.612143s, 42652 KB] New best heuristic value for add: 265
[t=0.612224s, 42652 KB] g=9, 167 evaluated, 9 expanded
[t=0.613509s, 42652 KB] New best heuristic value for add: 264
[t=0.613568s, 42652 KB] g=9, 168 evaluated, 9 expanded
[t=0.61607s, 42652 KB] New best heuristic value for add: 262
[t=0.616126s, 42652 KB] g=9, 170 evaluated, 9 expanded
[t=0.637364s, 42652 KB] New best heuristic value for add: 261
[t=0.637443s, 42652 KB] g=10, 187 evaluated, 10 expanded
[t=0.638718s, 42652 KB] New best heuristic value for add: 260
[t=0.638777s, 42652 KB] g=10, 188 evaluated, 10 expanded
[t=0.64248s, 42652 KB] New best heuristic value for add: 259
[t=0.642537s, 42652 KB] g=10, 191 evaluated, 10 expanded
[t=0.661052s, 42652 KB] New best heuristic value for add: 258
[t=0.661125s, 42652 KB] g=11, 206 evaluated, 11 expanded
[t=0.662409s, 42652 KB] New best heuristic value for add: 257
[t=0.662467s, 42652 KB] g=11, 207 evaluated, 11 expanded
[t=0.666175s, 42652 KB] New best heuristic value for add: 256
[t=0.666232s, 42652 KB] g=11, 210 evaluated, 11 expanded
[t=0.684715s, 42652 KB] New best heuristic value for add: 255
[t=0.684786s, 42652 KB] g=12, 225 evaluated, 12 expanded
[t=0.686059s, 42652 KB] New best heuristic value for add: 254
[t=0.686117s, 42652 KB] g=12, 226 evaluated, 12 expanded
[t=0.68982s, 42652 KB] New best heuristic value for add: 253
[t=0.689877s, 42652 KB] g=12, 229 evaluated, 12 expanded
[t=0.707101s, 42652 KB] New best heuristic value for add: 252
[t=0.707173s, 42652 KB] g=13, 243 evaluated, 13 expanded
[t=0.708453s, 42652 KB] New best heuristic value for add: 251
[t=0.70851s, 42652 KB] g=13, 244 evaluated, 13 expanded
[t=0.712203s, 42652 KB] New best heuristic value for add: 250
[t=0.712259s, 42652 KB] g=13, 247 evaluated, 13 expanded
[t=0.729476s, 42652 KB] New best heuristic value for add: 249
[t=0.729554s, 42652 KB] g=14, 261 evaluated, 14 expanded
[t=0.730817s, 42652 KB] New best heuristic value for add: 248
[t=0.730875s, 42652 KB] g=14, 262 evaluated, 14 expanded
[t=0.734557s, 42652 KB] New best heuristic value for add: 247
[t=0.734613s, 42652 KB] g=14, 265 evaluated, 14 expanded
[t=0.75055s, 42652 KB] New best heuristic value for add: 246
[t=0.750619s, 42652 KB] g=15, 278 evaluated, 15 expanded
[t=0.75188s, 42652 KB] New best heuristic value for add: 245
[t=0.751942s, 42652 KB] g=15, 279 evaluated, 15 expanded
[t=0.756815s, 42652 KB] New best heuristic value for add: 244
[t=0.75687s, 42652 KB] g=15, 283 evaluated, 15 expanded
[t=0.772785s, 42652 KB] New best heuristic value for add: 243
[t=0.772858s, 42652 KB] g=16, 296 evaluated, 16 expanded
[t=0.774116s, 42652 KB] New best heuristic value for add: 242
[t=0.774172s, 42652 KB] g=16, 297 evaluated, 16 expanded
[t=0.793703s, 42652 KB] New best heuristic value for add: 241
[t=0.793777s, 42652 KB] g=17, 313 evaluated, 17 expanded
[t=0.795032s, 42652 KB] New best heuristic value for add: 240
[t=0.795088s, 42652 KB] g=17, 314 evaluated, 17 expanded
[t=0.814592s, 42652 KB] New best heuristic value for add: 239
[t=0.814668s, 42652 KB] g=18, 330 evaluated, 18 expanded
[t=0.815922s, 42652 KB] New best heuristic value for add: 238
[t=0.81598s, 42652 KB] g=18, 331 evaluated, 18 expanded
[t=0.834242s, 42652 KB] New best heuristic value for add: 237
[t=0.834318s, 42652 KB] g=19, 346 evaluated, 19 expanded
[t=0.836778s, 42652 KB] New best heuristic value for add: 236
[t=0.836839s, 42652 KB] g=19, 348 evaluated, 19 expanded
[t=0.855101s, 42652 KB] New best heuristic value for add: 235
[t=0.855173s, 42652 KB] g=20, 363 evaluated, 20 expanded
[t=0.857618s, 42652 KB] New best heuristic value for add: 234
[t=0.857677s, 42652 KB] g=20, 365 evaluated, 20 expanded
[t=0.869882s, 42652 KB] New best heuristic value for add: 233
[t=0.869948s, 42652 KB] g=21, 375 evaluated, 21 expanded
[t=0.877189s, 42652 KB] New best heuristic value for add: 232
[t=0.877251s, 42652 KB] g=21, 381 evaluated, 21 expanded
[t=0.889409s, 42652 KB] New best heuristic value for add: 229
[t=0.889475s, 42652 KB] g=22, 391 evaluated, 22 expanded
[t=0.90512s, 42652 KB] New best heuristic value for add: 203
[t=0.905189s, 42652 KB] g=23, 404 evaluated, 23 expanded
[t=0.919542s, 42652 KB] New best heuristic value for add: 200
[t=0.919613s, 42652 KB] g=23, 416 evaluated, 23 expanded
[t=0.941058s, 42652 KB] New best heuristic value for add: 180
[t=0.941141s, 42652 KB] g=24, 434 evaluated, 24 expanded
[t=0.970927s, 42652 KB] New best heuristic value for add: 179
[t=0.97102s, 42652 KB] g=25, 459 evaluated, 25 expanded
[t=0.972205s, 42652 KB] New best heuristic value for add: 175
[t=0.972263s, 42652 KB] g=25, 460 evaluated, 25 expanded
[t=1.00603s, 42652 KB] New best heuristic value for add: 174
[t=1.00612s, 42652 KB] g=26, 489 evaluated, 26 expanded
[t=1.00843s, 42652 KB] New best heuristic value for add: 170
[t=1.00849s, 42652 KB] g=26, 491 evaluated, 26 expanded
[t=1.04177s, 42652 KB] New best heuristic value for add: 169
[t=1.04189s, 42652 KB] g=27, 520 evaluated, 27 expanded
[t=1.04536s, 42652 KB] New best heuristic value for add: 166
[t=1.04546s, 42652 KB] g=27, 523 evaluated, 27 expanded
[t=1.07653s, 42652 KB] New best heuristic value for add: 165
[t=1.07664s, 42652 KB] g=28, 550 evaluated, 28 expanded
[t=1.08012s, 42652 KB] New best heuristic value for add: 162
[t=1.08022s, 42652 KB] g=28, 553 evaluated, 28 expanded
[t=1.11119s, 42652 KB] New best heuristic value for add: 161
[t=1.1113s, 42652 KB] g=29, 580 evaluated, 29 expanded
[t=1.1159s, 42652 KB] New best heuristic value for add: 158
[t=1.116s, 42652 KB] g=29, 584 evaluated, 29 expanded
[t=1.14363s, 42652 KB] New best heuristic value for add: 156
[t=1.14375s, 42652 KB] g=30, 608 evaluated, 30 expanded
[t=1.15064s, 42652 KB] New best heuristic value for add: 154
[t=1.15075s, 42652 KB] g=30, 614 evaluated, 30 expanded
[t=1.17829s, 42652 KB] New best heuristic value for add: 148
[t=1.17841s, 42652 KB] g=31, 638 evaluated, 31 expanded
[t=1.21064s, 42652 KB] New best heuristic value for add: 147
[t=1.21075s, 42652 KB] g=32, 666 evaluated, 32 expanded
[t=1.21429s, 42652 KB] New best heuristic value for add: 146
[t=1.21435s, 42652 KB] g=32, 669 evaluated, 32 expanded
[t=1.23986s, 42652 KB] New best heuristic value for add: 145
[t=1.23994s, 42652 KB] g=33, 691 evaluated, 33 expanded
[t=1.24344s, 42652 KB] New best heuristic value for add: 144
[t=1.2435s, 42652 KB] g=33, 694 evaluated, 33 expanded
[t=1.26427s, 42652 KB] New best heuristic value for add: 143
[t=1.26434s, 42652 KB] g=34, 712 evaluated, 34 expanded
[t=1.27704s, 42652 KB] New best heuristic value for add: 130
[t=1.27711s, 42652 KB] g=35, 723 evaluated, 35 expanded
[t=1.2963s, 42652 KB] New best heuristic value for add: 129
[t=1.29637s, 42652 KB] g=35, 740 evaluated, 35 expanded
[t=1.32174s, 42652 KB] New best heuristic value for add: 120
[t=1.32182s, 42652 KB] g=36, 762 evaluated, 36 expanded
[t=1.35348s, 42652 KB] New best heuristic value for add: 119
[t=1.35357s, 42652 KB] g=37, 790 evaluated, 37 expanded
[t=1.35916s, 42652 KB] New best heuristic value for add: 116
[t=1.35923s, 42652 KB] g=37, 795 evaluated, 37 expanded
[t=1.38999s, 42652 KB] New best heuristic value for add: 115
[t=1.39008s, 42652 KB] g=38, 823 evaluated, 38 expanded
[t=1.39661s, 42652 KB] New best heuristic value for add: 112
[t=1.39667s, 42652 KB] g=38, 829 evaluated, 38 expanded
[t=1.42718s, 42652 KB] New best heuristic value for add: 111
[t=1.42727s, 42652 KB] g=39, 857 evaluated, 39 expanded
[t=1.43378s, 42652 KB] New best heuristic value for add: 109
[t=1.43385s, 42652 KB] g=39, 863 evaluated, 39 expanded
[t=1.46018s, 42652 KB] New best heuristic value for add: 106
[t=1.46027s, 42652 KB] g=40, 887 evaluated, 40 expanded
[t=1.50319s, 42652 KB] New best heuristic value for add: 103
[t=1.50329s, 42652 KB] g=41, 927 evaluated, 41 expanded
[t=1.53438s, 42652 KB] New best heuristic value for add: 102
[t=1.53448s, 42652 KB] g=42, 956 evaluated, 42 expanded
[t=1.54292s, 42652 KB] New best heuristic value for add: 100
[t=1.543s, 42652 KB] g=42, 964 evaluated, 42 expanded
[t=1.57411s, 42652 KB] New best heuristic value for add: 96
[t=1.57421s, 42652 KB] g=43, 993 evaluated, 43 expanded
[t=1.6103s, 42652 KB] New best heuristic value for add: 92
[t=1.6104s, 42652 KB] g=44, 1027 evaluated, 44 expanded
[t=1.62015s, 42652 KB] New best heuristic value for add: 89
[t=1.62023s, 42652 KB] g=45, 1036 evaluated, 45 expanded
[t=1.64253s, 42652 KB] New best heuristic value for add: 88
[t=1.64261s, 42652 KB] g=45, 1057 evaluated, 45 expanded
[t=1.66795s, 42652 KB] New best heuristic value for add: 86
[t=1.66804s, 42652 KB] g=46, 1081 evaluated, 46 expanded
[t=1.69968s, 42652 KB] New best heuristic value for add: 85
[t=1.69978s, 42652 KB] g=47, 1111 evaluated, 47 expanded
[t=1.70704s, 42652 KB] New best heuristic value for add: 83
[t=1.70712s, 42652 KB] g=47, 1118 evaluated, 47 expanded
[t=1.7365s, 42652 KB] New best heuristic value for add: 82
[t=1.73659s, 42652 KB] g=48, 1146 evaluated, 48 expanded
[t=1.74483s, 42652 KB] New best heuristic value for add: 80
[t=1.7449s, 42652 KB] g=48, 1154 evaluated, 48 expanded
[t=1.77217s, 42652 KB] New best heuristic value for add: 76
[t=1.77225s, 42652 KB] g=49, 1181 evaluated, 49 expanded
[t=1.80459s, 42652 KB] New best heuristic value for add: 74
[t=1.80468s, 42652 KB] g=50, 1214 evaluated, 50 expanded
[t=2.0939s, 42652 KB] New best heuristic value for add: 72
[t=2.09403s, 42652 KB] g=51, 1510 evaluated, 61 expanded
[t=4.08821s, 42652 KB] New best heuristic value for add: 69
[t=4.08834s, 42652 KB] g=55, 3518 evaluated, 133 expanded
[t=4.1164s, 42652 KB] New best heuristic value for add: 66
[t=4.11651s, 42652 KB] g=56, 3546 evaluated, 134 expanded
[t=4.14726s, 42652 KB] New best heuristic value for add: 63
[t=4.14735s, 42652 KB] g=57, 3579 evaluated, 135 expanded
[t=13.8441s, 42652 KB] New best heuristic value for add: 61
[t=13.8442s, 42652 KB] g=58, 14749 evaluated, 500 expanded
[t=13.8713s, 42652 KB] New best heuristic value for add: 60
[t=13.8714s, 42652 KB] g=59, 14780 evaluated, 501 expanded
[t=42.6704s, 45284 KB] New best heuristic value for add: 59
[t=42.6706s, 45284 KB] g=64, 48066 evaluated, 1577 expanded
[t=44.2862s, 45556 KB] New best heuristic value for add: 58
[t=44.2863s, 45556 KB] g=65, 49935 evaluated, 1639 expanded
Peak memory: 333136 KB
caught signal 24 -- exiting
Time limit has been reached.
Remove intermediate file output.sas
search exit code: 23

Driver aborting after search
