INFO     Running translator.
INFO     translator stdin: None
INFO     translator time limit: 1799.96s
INFO     translator memory limit: 3584 MB
INFO     translator command line string: /infai/weidan00/downward/experiments/bachelor/.venv/bin/python3 /infai/weidan00/downward/experiments/bachelor/data/bachelor-v1/code-7aa5f34_e5e41175/builds/release/bin/translate/translate.py domain.pddl problem.pddl --sas-file output.sas
Parsing...
Parsing: [0.000s CPU, 0.006s wall-clock]
Normalizing task... [0.000s CPU, 0.000s wall-clock]
Instantiating...
Generating Datalog program... [0.000s CPU, 0.002s wall-clock]
Normalizing Datalog program...
Normalizing Datalog program: [0.010s CPU, 0.004s wall-clock]
Preparing model... [0.000s CPU, 0.006s wall-clock]
Generated 44 rules.
Computing model... [1.860s CPU, 1.862s wall-clock]
215369 relevant atoms
5525 auxiliary atoms
220894 final queue length
431851 total queue pushes
Completing instantiation... [7.700s CPU, 7.725s wall-clock]
Instantiating: [9.640s CPU, 9.666s wall-clock]
Computing fact groups...
Finding invariants...
12 initial candidates
Finding invariants: [0.030s CPU, 0.032s wall-clock]
Checking invariant weight... [0.000s CPU, 0.000s wall-clock]
Instantiating groups... [0.000s CPU, 0.002s wall-clock]
Collecting mutex groups... [0.000s CPU, 0.001s wall-clock]
Choosing groups...
839 uncovered facts
Choosing groups: [0.000s CPU, 0.003s wall-clock]
Building translation key... [0.000s CPU, 0.005s wall-clock]
Computing fact groups: [0.060s CPU, 0.062s wall-clock]
Building STRIPS to SAS dictionary... [0.000s CPU, 0.002s wall-clock]
Building dictionary for full mutex groups... [0.000s CPU, 0.002s wall-clock]
Building mutex information...
Building mutex information: [0.010s CPU, 0.001s wall-clock]
Translating task...
Processing axioms...
Simplifying axioms... [0.000s CPU, 0.000s wall-clock]
Processing axioms: [0.230s CPU, 0.234s wall-clock]
Translating task: [5.710s CPU, 5.733s wall-clock]
21 effect conditions simplified
0 implied preconditions added
Detecting unreachable propositions...
0 operators removed
0 axioms removed
5 propositions removed
Detecting unreachable propositions: [5.100s CPU, 5.116s wall-clock]
Reordering and filtering variables...
164 of 844 variables necessary.
0 of 5 mutex groups necessary.
209557 of 211786 operators necessary.
0 of 0 axiom rules necessary.
Reordering and filtering variables: [0.560s CPU, 0.569s wall-clock]
Translator variables: 164
Translator derived variables: 0
Translator facts: 1343
Translator goal facts: 141
Translator mutex groups: 0
Translator total mutex groups size: 0
Translator operators: 209557
Translator axioms: 0
Translator task size: 631219
Translator peak memory: 759540 KB
Writing output... [1.370s CPU, 1.545s wall-clock]
Done! [22.730s CPU, 22.973s wall-clock]
translate exit code: 0

INFO     Running search (release).
INFO     search stdin: output.sas
INFO     search time limit: 1777.0s
INFO     search memory limit: 3584 MB
INFO     search command line string: /infai/weidan00/downward/experiments/bachelor/data/bachelor-v1/code-7aa5f34_e5e41175/builds/release/bin/downward --search 'eager_wastar([add()], w=2)' --internal-plan-file sas_plan < output.sas
[t=5.7786e-05s, 17204 KB] reading input...
[t=0.94423s, 69860 KB] done reading input!
[t=0.981394s, 79096 KB] Simplifying 209578 unary operators... done! [209576 unary operators]
[t=1.1122s, 99836 KB] time to simplify: 0.151033s
[t=1.13761s, 99836 KB] Initializing additive heuristic...
[t=1.13781s, 99836 KB] Building successor generator...done!
[t=1.2003s, 100412 KB] peak memory difference for successor generator creation: 576 KB
[t=1.20036s, 100412 KB] time for successor generation creation: 0.0584247s
[t=1.20202s, 100412 KB] Variables: 164
[t=1.20207s, 100412 KB] FactPairs: 1343
[t=1.20211s, 100412 KB] Bytes per state: 28
[t=1.20226s, 100412 KB] Conducting best first search with reopening closed nodes, (real) bound = 2147483647
[t=1.20558s, 100412 KB] New best heuristic value for add: 838
[t=1.20565s, 100412 KB] g=0, 1 evaluated, 0 expanded
[t=1.20571s, 100412 KB] Initial heuristic value for add: 838
[t=1.20575s, 100412 KB] pruning method: none
[t=1.20807s, 100412 KB] New best heuristic value for add: 781
[t=1.20814s, 100412 KB] g=1, 2 evaluated, 1 expanded
[t=1.21004s, 100412 KB] New best heuristic value for add: 717
[t=1.21011s, 100412 KB] g=1, 3 evaluated, 1 expanded
[t=1.21184s, 100412 KB] New best heuristic value for add: 624
[t=1.21191s, 100412 KB] g=1, 4 evaluated, 1 expanded
[t=2.77583s, 100412 KB] New best heuristic value for add: 559
[t=2.77595s, 100412 KB] g=2, 1029 evaluated, 2 expanded
[t=2.78843s, 100412 KB] New best heuristic value for add: 517
[t=2.78853s, 100412 KB] g=2, 1037 evaluated, 2 expanded
[t=4.33543s, 100412 KB] New best heuristic value for add: 409
[t=4.33554s, 100412 KB] g=3, 2053 evaluated, 3 expanded
[t=5.59058s, 100412 KB] New best heuristic value for add: 345
[t=5.5907s, 100412 KB] g=4, 2875 evaluated, 4 expanded
[t=7.26193s, 100412 KB] New best heuristic value for add: 344
[t=7.26205s, 100412 KB] g=5, 3907 evaluated, 5 expanded
[t=7.58083s, 100412 KB] New best heuristic value for add: 313
[t=7.58095s, 100412 KB] g=5, 4111 evaluated, 5 expanded
[t=8.83409s, 100412 KB] New best heuristic value for add: 281
[t=8.8342s, 100412 KB] g=6, 4924 evaluated, 6 expanded
[t=10.1s, 100412 KB] New best heuristic value for add: 280
[t=10.1002s, 100412 KB] g=7, 5753 evaluated, 7 expanded
[t=11.6391s, 100412 KB] New best heuristic value for add: 279
[t=11.6393s, 100412 KB] g=8, 6770 evaluated, 8 expanded
[t=12.9073s, 100412 KB] New best heuristic value for add: 278
[t=12.9074s, 100412 KB] g=9, 7602 evaluated, 9 expanded
[t=14.4503s, 100412 KB] New best heuristic value for add: 277
[t=14.4505s, 100412 KB] g=10, 8617 evaluated, 10 expanded
[t=15.7188s, 100412 KB] New best heuristic value for add: 276
[t=15.719s, 100412 KB] g=11, 9453 evaluated, 11 expanded
[t=17.2586s, 100412 KB] New best heuristic value for add: 275
[t=17.2587s, 100412 KB] g=12, 10464 evaluated, 12 expanded
[t=18.5313s, 100412 KB] New best heuristic value for add: 274
[t=18.5314s, 100412 KB] g=13, 11301 evaluated, 13 expanded
[t=20.0703s, 100412 KB] New best heuristic value for add: 273
[t=20.0705s, 100412 KB] g=14, 12311 evaluated, 14 expanded
[t=21.3485s, 100412 KB] New best heuristic value for add: 272
[t=21.3486s, 100412 KB] g=15, 13150 evaluated, 15 expanded
[t=22.8844s, 100412 KB] New best heuristic value for add: 271
[t=22.8845s, 100412 KB] g=16, 14158 evaluated, 16 expanded
[t=24.1678s, 100412 KB] New best heuristic value for add: 270
[t=24.1679s, 100412 KB] g=17, 14998 evaluated, 17 expanded
[t=25.7007s, 100412 KB] New best heuristic value for add: 269
[t=25.7008s, 100412 KB] g=18, 16005 evaluated, 18 expanded
[t=26.9843s, 100412 KB] New best heuristic value for add: 268
[t=26.9844s, 100412 KB] g=19, 16849 evaluated, 19 expanded
[t=28.5092s, 100412 KB] New best heuristic value for add: 267
[t=28.5093s, 100412 KB] g=20, 17852 evaluated, 20 expanded
[t=29.7944s, 100412 KB] New best heuristic value for add: 266
[t=29.7945s, 100412 KB] g=21, 18697 evaluated, 21 expanded
[t=31.3189s, 100412 KB] New best heuristic value for add: 265
[t=31.319s, 100412 KB] g=22, 19699 evaluated, 22 expanded
[t=32.6109s, 100412 KB] New best heuristic value for add: 264
[t=32.611s, 100412 KB] g=23, 20545 evaluated, 23 expanded
[t=34.1332s, 100412 KB] New best heuristic value for add: 263
[t=34.1333s, 100412 KB] g=24, 21546 evaluated, 24 expanded
[t=35.4239s, 100412 KB] New best heuristic value for add: 262
[t=35.424s, 100412 KB] g=25, 22395 evaluated, 25 expanded
[t=36.9437s, 100412 KB] New best heuristic value for add: 261
[t=36.9438s, 100412 KB] g=26, 23393 evaluated, 26 expanded
[t=38.2411s, 100412 KB] New best heuristic value for add: 260
[t=38.2412s, 100412 KB] g=27, 24244 evaluated, 27 expanded
[t=39.7597s, 100412 KB] New best heuristic value for add: 259
[t=39.7598s, 100412 KB] g=28, 25240 evaluated, 28 expanded
[t=41.0585s, 100412 KB] New best heuristic value for add: 258
[t=41.0586s, 100412 KB] g=29, 26092 evaluated, 29 expanded
[t=42.5702s, 100412 KB] New best heuristic value for add: 257
[t=42.5703s, 100412 KB] g=30, 27087 evaluated, 30 expanded
[t=43.8679s, 100412 KB] New best heuristic value for add: 256
[t=43.8681s, 100412 KB] g=31, 27940 evaluated, 31 expanded
[t=45.3805s, 100412 KB] New best heuristic value for add: 255
[t=45.3806s, 100412 KB] g=32, 28934 evaluated, 32 expanded
[t=46.6828s, 100412 KB] New best heuristic value for add: 254
[t=46.6829s, 100412 KB] g=33, 29789 evaluated, 33 expanded
[t=48.1901s, 100412 KB] New best heuristic value for add: 253
[t=48.1902s, 100412 KB] g=34, 30781 evaluated, 34 expanded
[t=49.4929s, 100412 KB] New best heuristic value for add: 252
[t=49.493s, 100412 KB] g=35, 31637 evaluated, 35 expanded
[t=51.0001s, 100412 KB] New best heuristic value for add: 251
[t=51.0002s, 100412 KB] g=36, 32628 evaluated, 36 expanded
[t=52.3081s, 100412 KB] New best heuristic value for add: 250
[t=52.3082s, 100412 KB] g=37, 33487 evaluated, 37 expanded
[t=53.8103s, 100412 KB] New best heuristic value for add: 249
[t=53.8104s, 100412 KB] g=38, 34475 evaluated, 38 expanded
[t=55.1241s, 100412 KB] New best heuristic value for add: 248
[t=55.1242s, 100412 KB] g=39, 35339 evaluated, 39 expanded
[t=56.6174s, 100412 KB] New best heuristic value for add: 247
[t=56.6175s, 100412 KB] g=40, 36322 evaluated, 40 expanded
[t=57.9453s, 100412 KB] New best heuristic value for add: 246
[t=57.9454s, 100412 KB] g=41, 37188 evaluated, 41 expanded
[t=59.4355s, 100412 KB] New best heuristic value for add: 245
[t=59.4357s, 100412 KB] g=42, 38169 evaluated, 42 expanded
[t=60.7533s, 100412 KB] New best heuristic value for add: 244
[t=60.7534s, 100412 KB] g=43, 39036 evaluated, 43 expanded
[t=62.2484s, 100412 KB] New best heuristic value for add: 243
[t=62.2485s, 100412 KB] g=44, 40016 evaluated, 44 expanded
[t=63.564s, 100412 KB] New best heuristic value for add: 242
[t=63.5641s, 100412 KB] g=45, 40884 evaluated, 45 expanded
[t=65.0458s, 100412 KB] New best heuristic value for add: 241
[t=65.046s, 100412 KB] g=46, 41863 evaluated, 46 expanded
[t=66.3578s, 100412 KB] New best heuristic value for add: 240
[t=66.3579s, 100412 KB] g=47, 42732 evaluated, 47 expanded
[t=67.8471s, 100412 KB] New best heuristic value for add: 239
[t=67.8472s, 100412 KB] g=48, 43710 evaluated, 48 expanded
[t=69.1721s, 100412 KB] New best heuristic value for add: 238
[t=69.1722s, 100412 KB] g=49, 44582 evaluated, 49 expanded
[t=70.6481s, 100412 KB] New best heuristic value for add: 237
[t=70.6482s, 100412 KB] g=50, 45557 evaluated, 50 expanded
[t=71.9732s, 100412 KB] New best heuristic value for add: 236
[t=71.9734s, 100412 KB] g=51, 46430 evaluated, 51 expanded
[t=73.4558s, 100412 KB] New best heuristic value for add: 235
[t=73.4559s, 100412 KB] g=52, 47404 evaluated, 52 expanded
[t=74.7936s, 100412 KB] New best heuristic value for add: 234
[t=74.7937s, 100412 KB] g=53, 48278 evaluated, 53 expanded
[t=76.2602s, 100412 KB] New best heuristic value for add: 233
[t=76.2603s, 100412 KB] g=54, 49251 evaluated, 54 expanded
[t=77.5781s, 100412 KB] New best heuristic value for add: 232
[t=77.5782s, 100412 KB] g=55, 50126 evaluated, 55 expanded
[t=79.0399s, 100412 KB] New best heuristic value for add: 231
[t=79.04s, 100412 KB] g=56, 51098 evaluated, 56 expanded
[t=80.3572s, 100412 KB] New best heuristic value for add: 230
[t=80.3573s, 100412 KB] g=57, 51974 evaluated, 57 expanded
[t=81.8165s, 100412 KB] New best heuristic value for add: 229
[t=81.8166s, 100412 KB] g=58, 52945 evaluated, 58 expanded
[t=83.139s, 100412 KB] New best heuristic value for add: 228
[t=83.1391s, 100412 KB] g=59, 53822 evaluated, 59 expanded
[t=84.6009s, 100412 KB] New best heuristic value for add: 227
[t=84.601s, 100412 KB] g=60, 54792 evaluated, 60 expanded
[t=85.9256s, 100412 KB] New best heuristic value for add: 226
[t=85.9257s, 100412 KB] g=61, 55670 evaluated, 61 expanded
[t=87.388s, 100412 KB] New best heuristic value for add: 225
[t=87.3881s, 100412 KB] g=62, 56639 evaluated, 62 expanded
[t=88.7188s, 100412 KB] New best heuristic value for add: 224
[t=88.7189s, 100412 KB] g=63, 57521 evaluated, 63 expanded
[t=90.1701s, 100412 KB] New best heuristic value for add: 223
[t=90.1702s, 100412 KB] g=64, 58486 evaluated, 64 expanded
[t=91.4952s, 100412 KB] New best heuristic value for add: 222
[t=91.4953s, 100412 KB] g=65, 59369 evaluated, 65 expanded
[t=92.9441s, 100412 KB] New best heuristic value for add: 221
[t=92.9442s, 100412 KB] g=66, 60333 evaluated, 66 expanded
[t=94.2725s, 100412 KB] New best heuristic value for add: 220
[t=94.2726s, 100412 KB] g=67, 61217 evaluated, 67 expanded
[t=95.7171s, 100412 KB] New best heuristic value for add: 219
[t=95.7173s, 100412 KB] g=68, 62180 evaluated, 68 expanded
[t=97.0484s, 100412 KB] New best heuristic value for add: 218
[t=97.0486s, 100412 KB] g=69, 63067 evaluated, 69 expanded
[t=98.492s, 100412 KB] New best heuristic value for add: 217
[t=98.4921s, 100412 KB] g=70, 64027 evaluated, 70 expanded
[t=99.8279s, 100412 KB] New best heuristic value for add: 216
[t=99.828s, 100412 KB] g=71, 64916 evaluated, 71 expanded
[t=101.268s, 100412 KB] New best heuristic value for add: 215
[t=101.268s, 100412 KB] g=72, 65874 evaluated, 72 expanded
[t=102.605s, 100412 KB] New best heuristic value for add: 214
[t=102.605s, 100412 KB] g=73, 66765 evaluated, 73 expanded
[t=104.038s, 100412 KB] New best heuristic value for add: 213
[t=104.038s, 100412 KB] g=74, 67721 evaluated, 74 expanded
[t=105.382s, 100412 KB] New best heuristic value for add: 212
[t=105.382s, 100412 KB] g=75, 68617 evaluated, 75 expanded
[t=106.813s, 100412 KB] New best heuristic value for add: 211
[t=106.813s, 100412 KB] g=76, 69568 evaluated, 76 expanded
[t=108.159s, 100412 KB] New best heuristic value for add: 210
[t=108.159s, 100412 KB] g=77, 70467 evaluated, 77 expanded
[t=109.583s, 100412 KB] New best heuristic value for add: 209
[t=109.583s, 100412 KB] g=78, 71415 evaluated, 78 expanded
[t=110.931s, 100412 KB] New best heuristic value for add: 208
[t=110.931s, 100412 KB] g=79, 72315 evaluated, 79 expanded
[t=112.353s, 100412 KB] New best heuristic value for add: 207
[t=112.353s, 100412 KB] g=80, 73262 evaluated, 80 expanded
[t=113.704s, 100412 KB] New best heuristic value for add: 206
[t=113.704s, 100412 KB] g=81, 74163 evaluated, 81 expanded
[t=115.124s, 100412 KB] New best heuristic value for add: 205
[t=115.124s, 100412 KB] g=82, 75109 evaluated, 82 expanded
[t=116.489s, 100412 KB] New best heuristic value for add: 204
[t=116.489s, 100412 KB] g=83, 76011 evaluated, 83 expanded
[t=117.912s, 100412 KB] New best heuristic value for add: 203
[t=117.913s, 100412 KB] g=84, 76956 evaluated, 84 expanded
[t=119.276s, 100412 KB] New best heuristic value for add: 202
[t=119.276s, 100412 KB] g=85, 77859 evaluated, 85 expanded
[t=120.7s, 100412 KB] New best heuristic value for add: 201
[t=120.7s, 100412 KB] g=86, 78803 evaluated, 86 expanded
[t=122.067s, 100412 KB] New best heuristic value for add: 200
[t=122.067s, 100412 KB] g=87, 79709 evaluated, 87 expanded
[t=123.486s, 100412 KB] New best heuristic value for add: 199
[t=123.487s, 100412 KB] g=88, 80650 evaluated, 88 expanded
[t=124.855s, 100412 KB] New best heuristic value for add: 198
[t=124.855s, 100412 KB] g=89, 81557 evaluated, 89 expanded
[t=126.366s, 100412 KB] New best heuristic value for add: 197
[t=126.366s, 100412 KB] g=90, 82497 evaluated, 90 expanded
[t=127.756s, 100412 KB] New best heuristic value for add: 196
[t=127.757s, 100412 KB] g=91, 83405 evaluated, 91 expanded
[t=129.173s, 100412 KB] New best heuristic value for add: 195
[t=129.173s, 100412 KB] g=92, 84344 evaluated, 92 expanded
[t=130.545s, 100412 KB] New best heuristic value for add: 194
[t=130.545s, 100412 KB] g=93, 85253 evaluated, 93 expanded
[t=131.958s, 100412 KB] New best heuristic value for add: 193
[t=131.958s, 100412 KB] g=94, 86191 evaluated, 94 expanded
[t=133.331s, 100412 KB] New best heuristic value for add: 192
[t=133.332s, 100412 KB] g=95, 87102 evaluated, 95 expanded
[t=134.744s, 100412 KB] New best heuristic value for add: 191
[t=134.744s, 100412 KB] g=96, 88038 evaluated, 96 expanded
[t=136.12s, 100412 KB] New best heuristic value for add: 190
[t=136.12s, 100412 KB] g=97, 88950 evaluated, 97 expanded
[t=137.53s, 100412 KB] New best heuristic value for add: 189
[t=137.53s, 100412 KB] g=98, 89885 evaluated, 98 expanded
[t=138.908s, 100412 KB] New best heuristic value for add: 188
[t=138.908s, 100412 KB] g=99, 90799 evaluated, 99 expanded
[t=140.316s, 100412 KB] New best heuristic value for add: 187
[t=140.316s, 100412 KB] g=100, 91732 evaluated, 100 expanded
[t=141.695s, 100412 KB] New best heuristic value for add: 186
[t=141.695s, 100412 KB] g=101, 92647 evaluated, 101 expanded
[t=143.1s, 100412 KB] New best heuristic value for add: 185
[t=143.1s, 100412 KB] g=102, 93579 evaluated, 102 expanded
[t=144.484s, 100412 KB] New best heuristic value for add: 184
[t=144.484s, 100412 KB] g=103, 94496 evaluated, 103 expanded
[t=145.888s, 100412 KB] New best heuristic value for add: 183
[t=145.888s, 100412 KB] g=104, 95426 evaluated, 104 expanded
[t=147.276s, 100412 KB] New best heuristic value for add: 182
[t=147.276s, 100412 KB] g=105, 96344 evaluated, 105 expanded
[t=148.678s, 100412 KB] New best heuristic value for add: 181
[t=148.678s, 100412 KB] g=106, 97273 evaluated, 106 expanded
[t=150.069s, 100412 KB] New best heuristic value for add: 180
[t=150.069s, 100412 KB] g=107, 98193 evaluated, 107 expanded
[t=151.468s, 100412 KB] New best heuristic value for add: 179
[t=151.468s, 100412 KB] g=108, 99120 evaluated, 108 expanded
[t=152.858s, 100412 KB] New best heuristic value for add: 178
[t=152.858s, 100412 KB] g=109, 100041 evaluated, 109 expanded
[t=154.255s, 100412 KB] New best heuristic value for add: 177
[t=154.255s, 100412 KB] g=110, 100967 evaluated, 110 expanded
[t=155.644s, 100412 KB] New best heuristic value for add: 176
[t=155.644s, 100412 KB] g=111, 101889 evaluated, 111 expanded
[t=157.039s, 100412 KB] New best heuristic value for add: 175
[t=157.039s, 100412 KB] g=112, 102814 evaluated, 112 expanded
[t=158.438s, 100412 KB] New best heuristic value for add: 174
[t=158.438s, 100412 KB] g=113, 103740 evaluated, 113 expanded
[t=159.825s, 100412 KB] New best heuristic value for add: 173
[t=159.825s, 100412 KB] g=114, 104661 evaluated, 114 expanded
[t=161.223s, 100412 KB] New best heuristic value for add: 172
[t=161.223s, 100412 KB] g=115, 105588 evaluated, 115 expanded
[t=162.613s, 100412 KB] New best heuristic value for add: 171
[t=162.613s, 100412 KB] g=116, 106508 evaluated, 116 expanded
[t=164.014s, 100412 KB] New best heuristic value for add: 170
[t=164.014s, 100412 KB] g=117, 107436 evaluated, 117 expanded
[t=165.404s, 100412 KB] New best heuristic value for add: 169
[t=165.405s, 100412 KB] g=118, 108355 evaluated, 118 expanded
[t=166.8s, 100412 KB] New best heuristic value for add: 168
[t=166.8s, 100412 KB] g=119, 109285 evaluated, 119 expanded
[t=168.18s, 100412 KB] New best heuristic value for add: 167
[t=168.18s, 100412 KB] g=120, 110202 evaluated, 120 expanded
[t=169.581s, 100412 KB] New best heuristic value for add: 166
[t=169.581s, 100412 KB] g=121, 111133 evaluated, 121 expanded
[t=170.96s, 100412 KB] New best heuristic value for add: 165
[t=170.961s, 100412 KB] g=122, 112049 evaluated, 122 expanded
[t=172.36s, 100412 KB] New best heuristic value for add: 164
[t=172.36s, 100412 KB] g=123, 112981 evaluated, 123 expanded
[t=173.744s, 100412 KB] New best heuristic value for add: 163
[t=173.744s, 100412 KB] g=124, 113896 evaluated, 124 expanded
[t=175.15s, 100412 KB] New best heuristic value for add: 162
[t=175.15s, 100412 KB] g=125, 114830 evaluated, 125 expanded
[t=176.521s, 100412 KB] New best heuristic value for add: 161
[t=176.521s, 100412 KB] g=126, 115743 evaluated, 126 expanded
[t=177.935s, 100412 KB] New best heuristic value for add: 160
[t=177.935s, 100412 KB] g=127, 116681 evaluated, 127 expanded
[t=179.299s, 100412 KB] New best heuristic value for add: 159
[t=179.299s, 100412 KB] g=128, 117590 evaluated, 128 expanded
[t=180.719s, 100412 KB] New best heuristic value for add: 158
[t=180.719s, 100412 KB] g=129, 118535 evaluated, 129 expanded
[t=182.076s, 100412 KB] New best heuristic value for add: 157
[t=182.076s, 100412 KB] g=130, 119437 evaluated, 130 expanded
[t=183.498s, 100412 KB] New best heuristic value for add: 156
[t=183.498s, 100412 KB] g=131, 120384 evaluated, 131 expanded
[t=184.851s, 100412 KB] New best heuristic value for add: 155
[t=184.851s, 100412 KB] g=132, 121284 evaluated, 132 expanded
[t=186.282s, 100412 KB] New best heuristic value for add: 154
[t=186.282s, 100412 KB] g=133, 122235 evaluated, 133 expanded
[t=187.628s, 100412 KB] New best heuristic value for add: 153
[t=187.628s, 100412 KB] g=134, 123131 evaluated, 134 expanded
[t=189.061s, 100412 KB] New best heuristic value for add: 152
[t=189.061s, 100412 KB] g=135, 124083 evaluated, 135 expanded
[t=190.406s, 100412 KB] New best heuristic value for add: 151
[t=190.406s, 100412 KB] g=136, 124978 evaluated, 136 expanded
[t=191.838s, 100412 KB] New best heuristic value for add: 150
[t=191.838s, 100412 KB] g=137, 125931 evaluated, 137 expanded
[t=193.185s, 100412 KB] New best heuristic value for add: 149
[t=193.185s, 100412 KB] g=138, 126825 evaluated, 138 expanded
[t=194.62s, 100412 KB] New best heuristic value for add: 148
[t=194.62s, 100412 KB] g=139, 127780 evaluated, 139 expanded
[t=195.964s, 100412 KB] New best heuristic value for add: 147
[t=195.964s, 100412 KB] g=140, 128672 evaluated, 140 expanded
[t=197.405s, 100412 KB] New best heuristic value for add: 146
[t=197.405s, 100412 KB] g=141, 129628 evaluated, 141 expanded
[t=198.747s, 100412 KB] New best heuristic value for add: 145
[t=198.747s, 100412 KB] g=142, 130519 evaluated, 142 expanded
[t=200.186s, 100412 KB] New best heuristic value for add: 144
[t=200.186s, 100412 KB] g=143, 131476 evaluated, 143 expanded
[t=201.549s, 100412 KB] New best heuristic value for add: 143
[t=201.55s, 100412 KB] g=144, 132366 evaluated, 144 expanded
[t=202.993s, 100412 KB] New best heuristic value for add: 142
[t=202.993s, 100412 KB] g=145, 133326 evaluated, 145 expanded
[t=204.328s, 100412 KB] New best heuristic value for add: 141
[t=204.329s, 100412 KB] g=146, 134213 evaluated, 146 expanded
[t=205.774s, 100412 KB] New best heuristic value for add: 140
[t=205.774s, 100412 KB] g=147, 135175 evaluated, 147 expanded
[t=207.103s, 100412 KB] New best heuristic value for add: 139
[t=207.103s, 100412 KB] g=148, 136060 evaluated, 148 expanded
[t=208.551s, 100412 KB] New best heuristic value for add: 138
[t=208.551s, 100412 KB] g=149, 137024 evaluated, 149 expanded
[t=209.877s, 100412 KB] New best heuristic value for add: 137
[t=209.877s, 100412 KB] g=150, 137907 evaluated, 150 expanded
[t=211.328s, 100412 KB] New best heuristic value for add: 136
[t=211.329s, 100412 KB] g=151, 138874 evaluated, 151 expanded
[t=212.653s, 100412 KB] New best heuristic value for add: 135
[t=212.653s, 100412 KB] g=152, 139754 evaluated, 152 expanded
[t=214.106s, 100412 KB] New best heuristic value for add: 134
[t=214.106s, 100412 KB] g=153, 140722 evaluated, 153 expanded
[t=215.426s, 100412 KB] New best heuristic value for add: 133
[t=215.426s, 100412 KB] g=154, 141601 evaluated, 154 expanded
[t=216.879s, 100412 KB] New best heuristic value for add: 132
[t=216.879s, 100412 KB] g=155, 142570 evaluated, 155 expanded
[t=218.198s, 100412 KB] New best heuristic value for add: 131
[t=218.198s, 100412 KB] g=156, 143448 evaluated, 156 expanded
[t=219.656s, 100412 KB] New best heuristic value for add: 130
[t=219.656s, 100412 KB] g=157, 144420 evaluated, 157 expanded
[t=220.971s, 100412 KB] New best heuristic value for add: 129
[t=220.971s, 100412 KB] g=158, 145295 evaluated, 158 expanded
[t=222.433s, 100412 KB] New best heuristic value for add: 128
[t=222.433s, 100412 KB] g=159, 146268 evaluated, 159 expanded
[t=223.742s, 100412 KB] New best heuristic value for add: 127
[t=223.743s, 100412 KB] g=160, 147142 evaluated, 160 expanded
[t=225.206s, 100412 KB] New best heuristic value for add: 126
[t=225.206s, 100412 KB] g=161, 148116 evaluated, 161 expanded
[t=226.513s, 100412 KB] New best heuristic value for add: 125
[t=226.513s, 100412 KB] g=162, 148989 evaluated, 162 expanded
[t=227.993s, 100412 KB] New best heuristic value for add: 124
[t=227.993s, 100412 KB] g=163, 149964 evaluated, 163 expanded
[t=229.305s, 100412 KB] New best heuristic value for add: 123
[t=229.306s, 100412 KB] g=164, 150836 evaluated, 164 expanded
[t=230.77s, 100412 KB] New best heuristic value for add: 122
[t=230.771s, 100412 KB] g=165, 151812 evaluated, 165 expanded
[t=232.075s, 100412 KB] New best heuristic value for add: 121
[t=232.075s, 100412 KB] g=166, 152683 evaluated, 166 expanded
[t=233.54s, 100412 KB] New best heuristic value for add: 120
[t=233.541s, 100412 KB] g=167, 153661 evaluated, 167 expanded
[t=234.841s, 100412 KB] New best heuristic value for add: 119
[t=234.841s, 100412 KB] g=168, 154530 evaluated, 168 expanded
[t=236.31s, 100412 KB] New best heuristic value for add: 118
[t=236.31s, 100412 KB] g=169, 155509 evaluated, 169 expanded
[t=237.616s, 100412 KB] New best heuristic value for add: 117
[t=237.616s, 100412 KB] g=170, 156377 evaluated, 170 expanded
[t=239.094s, 100412 KB] New best heuristic value for add: 116
[t=239.094s, 100412 KB] g=171, 157358 evaluated, 171 expanded
[t=240.392s, 100412 KB] New best heuristic value for add: 115
[t=240.393s, 100412 KB] g=172, 158224 evaluated, 172 expanded
[t=241.87s, 100412 KB] New best heuristic value for add: 114
[t=241.87s, 100412 KB] g=173, 159207 evaluated, 173 expanded
[t=243.165s, 100412 KB] New best heuristic value for add: 113
[t=243.165s, 100412 KB] g=174, 160071 evaluated, 174 expanded
[t=244.644s, 100412 KB] New best heuristic value for add: 112
[t=244.644s, 100412 KB] g=175, 161055 evaluated, 175 expanded
[t=245.937s, 100412 KB] New best heuristic value for add: 111
[t=245.937s, 100412 KB] g=176, 161918 evaluated, 176 expanded
[t=247.433s, 100412 KB] New best heuristic value for add: 110
[t=247.433s, 100412 KB] g=177, 162905 evaluated, 177 expanded
[t=248.731s, 100412 KB] New best heuristic value for add: 109
[t=248.731s, 100412 KB] g=178, 163765 evaluated, 178 expanded
[t=250.208s, 100412 KB] New best heuristic value for add: 108
[t=250.208s, 100412 KB] g=179, 164754 evaluated, 179 expanded
[t=251.493s, 100412 KB] New best heuristic value for add: 107
[t=251.493s, 100412 KB] g=180, 165612 evaluated, 180 expanded
[t=252.975s, 100412 KB] New best heuristic value for add: 106
[t=252.975s, 100412 KB] g=181, 166602 evaluated, 181 expanded
[t=254.258s, 100412 KB] New best heuristic value for add: 105
[t=254.258s, 100412 KB] g=182, 167459 evaluated, 182 expanded
[t=255.744s, 100412 KB] New best heuristic value for add: 104
[t=255.744s, 100412 KB] g=183, 168452 evaluated, 183 expanded
[t=257.024s, 100412 KB] New best heuristic value for add: 103
[t=257.024s, 100412 KB] g=184, 169306 evaluated, 184 expanded
[t=258.518s, 100412 KB] New best heuristic value for add: 102
[t=258.518s, 100412 KB] g=185, 170302 evaluated, 185 expanded
[t=259.789s, 100412 KB] New best heuristic value for add: 101
[t=259.789s, 100412 KB] g=186, 171153 evaluated, 186 expanded
[t=261.283s, 100412 KB] New best heuristic value for add: 100
[t=261.283s, 100412 KB] g=187, 172150 evaluated, 187 expanded
[t=262.557s, 100412 KB] New best heuristic value for add: 99
[t=262.557s, 100412 KB] g=188, 173000 evaluated, 188 expanded
[t=264.107s, 100412 KB] New best heuristic value for add: 98
[t=264.107s, 100412 KB] g=189, 174000 evaluated, 189 expanded
[t=265.356s, 100412 KB] New best heuristic value for add: 97
[t=265.357s, 100412 KB] g=190, 174847 evaluated, 190 expanded
[t=266.84s, 100412 KB] New best heuristic value for add: 96
[t=266.841s, 100412 KB] g=191, 175848 evaluated, 191 expanded
[t=268.145s, 100412 KB] New best heuristic value for add: 95
[t=268.145s, 100412 KB] g=192, 176694 evaluated, 192 expanded
[t=269.7s, 100412 KB] New best heuristic value for add: 94
[t=269.7s, 100412 KB] g=193, 177696 evaluated, 193 expanded
[t=270.994s, 100412 KB] New best heuristic value for add: 93
[t=270.994s, 100412 KB] g=194, 178541 evaluated, 194 expanded
[t=272.489s, 100412 KB] New best heuristic value for add: 92
[t=272.489s, 100412 KB] g=195, 179545 evaluated, 195 expanded
[t=273.75s, 100412 KB] New best heuristic value for add: 91
[t=273.75s, 100412 KB] g=196, 180388 evaluated, 196 expanded
[t=275.246s, 100412 KB] New best heuristic value for add: 90
[t=275.246s, 100412 KB] g=197, 181393 evaluated, 197 expanded
[t=276.498s, 100412 KB] New best heuristic value for add: 89
[t=276.498s, 100412 KB] g=198, 182235 evaluated, 198 expanded
[t=277.999s, 100412 KB] New best heuristic value for add: 88
[t=277.999s, 100412 KB] g=199, 183243 evaluated, 199 expanded
[t=279.251s, 100412 KB] New best heuristic value for add: 87
[t=279.251s, 100412 KB] g=200, 184082 evaluated, 200 expanded
[t=280.76s, 100412 KB] New best heuristic value for add: 86
[t=280.76s, 100412 KB] g=201, 185094 evaluated, 201 expanded
[t=282.005s, 100412 KB] New best heuristic value for add: 85
[t=282.005s, 100412 KB] g=202, 185929 evaluated, 202 expanded
[t=283.515s, 100412 KB] New best heuristic value for add: 84
[t=283.516s, 100412 KB] g=203, 186942 evaluated, 203 expanded
[t=284.757s, 100412 KB] New best heuristic value for add: 83
[t=284.757s, 100412 KB] g=204, 187776 evaluated, 204 expanded
[t=286.267s, 100412 KB] New best heuristic value for add: 82
[t=286.267s, 100412 KB] g=205, 188791 evaluated, 205 expanded
[t=287.503s, 100412 KB] New best heuristic value for add: 81
[t=287.503s, 100412 KB] g=206, 189623 evaluated, 206 expanded
[t=289.014s, 100412 KB] New best heuristic value for add: 80
[t=289.014s, 100412 KB] g=207, 190639 evaluated, 207 expanded
[t=290.248s, 100412 KB] New best heuristic value for add: 79
[t=290.248s, 100412 KB] g=208, 191470 evaluated, 208 expanded
[t=291.763s, 100412 KB] New best heuristic value for add: 78
[t=291.763s, 100412 KB] g=209, 192488 evaluated, 209 expanded
[t=292.998s, 100412 KB] New best heuristic value for add: 77
[t=292.998s, 100412 KB] g=210, 193317 evaluated, 210 expanded
[t=294.518s, 100412 KB] New best heuristic value for add: 76
[t=294.519s, 100412 KB] g=211, 194337 evaluated, 211 expanded
[t=295.756s, 100412 KB] New best heuristic value for add: 75
[t=295.757s, 100412 KB] g=212, 195164 evaluated, 212 expanded
[t=297.276s, 100412 KB] New best heuristic value for add: 74
[t=297.277s, 100412 KB] g=213, 196185 evaluated, 213 expanded
[t=298.5s, 100412 KB] New best heuristic value for add: 73
[t=298.5s, 100412 KB] g=214, 197011 evaluated, 214 expanded
[t=300.017s, 100412 KB] New best heuristic value for add: 72
[t=300.017s, 100412 KB] g=215, 198034 evaluated, 215 expanded
[t=301.236s, 100412 KB] New best heuristic value for add: 71
[t=301.236s, 100412 KB] g=216, 198858 evaluated, 216 expanded
[t=302.763s, 100412 KB] New best heuristic value for add: 70
[t=302.763s, 100412 KB] g=217, 199883 evaluated, 217 expanded
[t=303.984s, 100412 KB] New best heuristic value for add: 69
[t=303.984s, 100412 KB] g=218, 200705 evaluated, 218 expanded
[t=305.516s, 100412 KB] New best heuristic value for add: 68
[t=305.516s, 100412 KB] g=219, 201733 evaluated, 219 expanded
[t=306.735s, 100412 KB] New best heuristic value for add: 67
[t=306.736s, 100412 KB] g=220, 202552 evaluated, 220 expanded
[t=308.269s, 100412 KB] New best heuristic value for add: 66
[t=308.269s, 100412 KB] g=221, 203581 evaluated, 221 expanded
[t=309.489s, 100412 KB] New best heuristic value for add: 65
[t=309.489s, 100412 KB] g=222, 204399 evaluated, 222 expanded
[t=311.034s, 100412 KB] New best heuristic value for add: 64
[t=311.034s, 100412 KB] g=223, 205434 evaluated, 223 expanded
[t=312.25s, 100412 KB] New best heuristic value for add: 63
[t=312.25s, 100412 KB] g=224, 206247 evaluated, 224 expanded
[t=313.807s, 100412 KB] New best heuristic value for add: 62
[t=313.808s, 100412 KB] g=225, 207285 evaluated, 225 expanded
[t=315.013s, 100412 KB] New best heuristic value for add: 61
[t=315.013s, 100412 KB] g=226, 208094 evaluated, 226 expanded
[t=316.568s, 100412 KB] New best heuristic value for add: 60
[t=316.568s, 100412 KB] g=227, 209139 evaluated, 227 expanded
[t=317.77s, 100412 KB] New best heuristic value for add: 59
[t=317.77s, 100412 KB] g=228, 209941 evaluated, 228 expanded
[t=319.343s, 100412 KB] New best heuristic value for add: 58
[t=319.343s, 100412 KB] g=229, 210992 evaluated, 229 expanded
[t=320.523s, 100412 KB] New best heuristic value for add: 57
[t=320.523s, 100412 KB] g=230, 211788 evaluated, 230 expanded
[t=322.117s, 100412 KB] New best heuristic value for add: 56
[t=322.117s, 100412 KB] g=231, 212848 evaluated, 231 expanded
[t=323.282s, 100412 KB] New best heuristic value for add: 55
[t=323.282s, 100412 KB] g=232, 213635 evaluated, 232 expanded
[t=324.853s, 100412 KB] New best heuristic value for add: 54
[t=324.853s, 100412 KB] g=233, 214696 evaluated, 233 expanded
[t=326.017s, 100412 KB] New best heuristic value for add: 53
[t=326.018s, 100412 KB] g=234, 215482 evaluated, 234 expanded
[t=327.598s, 100412 KB] New best heuristic value for add: 52
[t=327.598s, 100412 KB] g=235, 216547 evaluated, 235 expanded
[t=328.752s, 100412 KB] New best heuristic value for add: 51
[t=328.752s, 100412 KB] g=236, 217329 evaluated, 236 expanded
[t=330.329s, 100412 KB] New best heuristic value for add: 50
[t=330.329s, 100412 KB] g=237, 218397 evaluated, 237 expanded
[t=331.478s, 100412 KB] New best heuristic value for add: 49
[t=331.479s, 100412 KB] g=238, 219176 evaluated, 238 expanded
[t=333.059s, 100412 KB] New best heuristic value for add: 48
[t=333.06s, 100412 KB] g=239, 220249 evaluated, 239 expanded
[t=334.209s, 100412 KB] New best heuristic value for add: 47
[t=334.209s, 100412 KB] g=240, 221023 evaluated, 240 expanded
[t=335.82s, 100412 KB] New best heuristic value for add: 46
[t=335.82s, 100412 KB] g=241, 222105 evaluated, 241 expanded
[t=336.962s, 100412 KB] New best heuristic value for add: 45
[t=336.962s, 100412 KB] g=242, 222870 evaluated, 242 expanded
[t=338.564s, 100412 KB] New best heuristic value for add: 44
[t=338.564s, 100412 KB] g=243, 223953 evaluated, 243 expanded
[t=339.691s, 100412 KB] New best heuristic value for add: 43
[t=339.692s, 100412 KB] g=244, 224717 evaluated, 244 expanded
[t=341.316s, 100412 KB] New best heuristic value for add: 42
[t=341.316s, 100412 KB] g=245, 225813 evaluated, 245 expanded
[t=342.423s, 100412 KB] New best heuristic value for add: 41
[t=342.423s, 100412 KB] g=246, 226564 evaluated, 246 expanded
[t=344.07s, 100412 KB] New best heuristic value for add: 40
[t=344.07s, 100412 KB] g=247, 227680 evaluated, 247 expanded
[t=345.159s, 100412 KB] New best heuristic value for add: 39
[t=345.159s, 100412 KB] g=248, 228411 evaluated, 248 expanded
[t=346.825s, 100412 KB] New best heuristic value for add: 38
[t=346.825s, 100412 KB] g=249, 229530 evaluated, 249 expanded
[t=347.904s, 100412 KB] New best heuristic value for add: 37
[t=347.904s, 100412 KB] g=250, 230258 evaluated, 250 expanded
[t=349.569s, 100412 KB] New best heuristic value for add: 36
[t=349.569s, 100412 KB] g=251, 231380 evaluated, 251 expanded
[t=350.656s, 100412 KB] New best heuristic value for add: 35
[t=350.656s, 100412 KB] g=252, 232105 evaluated, 252 expanded
[t=352.339s, 100412 KB] New best heuristic value for add: 34
[t=352.339s, 100412 KB] g=253, 233247 evaluated, 253 expanded
[t=353.464s, 100412 KB] New best heuristic value for add: 33
[t=353.464s, 100412 KB] g=254, 233952 evaluated, 254 expanded
[t=355.166s, 100412 KB] New best heuristic value for add: 32
[t=355.167s, 100412 KB] g=255, 235096 evaluated, 255 expanded
[t=356.204s, 100412 KB] New best heuristic value for add: 31
[t=356.204s, 100412 KB] g=256, 235799 evaluated, 256 expanded
[t=357.904s, 100412 KB] New best heuristic value for add: 30
[t=357.904s, 100412 KB] g=257, 236950 evaluated, 257 expanded
[t=358.926s, 100412 KB] New best heuristic value for add: 29
[t=358.926s, 100412 KB] g=258, 237646 evaluated, 258 expanded
[t=360.617s, 100412 KB] New best heuristic value for add: 28
[t=360.617s, 100412 KB] g=259, 238799 evaluated, 259 expanded
[t=361.635s, 100412 KB] New best heuristic value for add: 27
[t=361.635s, 100412 KB] g=260, 239493 evaluated, 260 expanded
[t=363.34s, 100412 KB] New best heuristic value for add: 26
[t=363.34s, 100412 KB] g=261, 240654 evaluated, 261 expanded
[t=364.346s, 100412 KB] New best heuristic value for add: 25
[t=364.347s, 100412 KB] g=262, 241340 evaluated, 262 expanded
[t=366.058s, 100412 KB] New best heuristic value for add: 24
[t=366.058s, 100412 KB] g=263, 242506 evaluated, 263 expanded
[t=367.059s, 100412 KB] New best heuristic value for add: 23
[t=367.059s, 100412 KB] g=264, 243187 evaluated, 264 expanded
[t=368.794s, 100412 KB] New best heuristic value for add: 22
[t=368.795s, 100412 KB] g=265, 244367 evaluated, 265 expanded
[t=369.774s, 100412 KB] New best heuristic value for add: 21
[t=369.774s, 100412 KB] g=266, 245034 evaluated, 266 expanded
[t=371.528s, 100412 KB] New best heuristic value for add: 20
[t=371.528s, 100412 KB] g=267, 246219 evaluated, 267 expanded
[t=372.499s, 100412 KB] New best heuristic value for add: 19
[t=372.499s, 100412 KB] g=268, 246881 evaluated, 268 expanded
[t=374.242s, 100412 KB] New best heuristic value for add: 18
[t=374.242s, 100412 KB] g=269, 248069 evaluated, 269 expanded
[t=375.21s, 100412 KB] New best heuristic value for add: 17
[t=375.21s, 100412 KB] g=270, 248728 evaluated, 270 expanded
[t=376.958s, 100412 KB] New best heuristic value for add: 16
[t=376.958s, 100412 KB] g=271, 249919 evaluated, 271 expanded
[t=377.92s, 100412 KB] New best heuristic value for add: 15
[t=377.92s, 100412 KB] g=272, 250575 evaluated, 272 expanded
[t=379.672s, 100412 KB] New best heuristic value for add: 14
[t=379.673s, 100412 KB] g=273, 251770 evaluated, 273 expanded
[t=380.631s, 100412 KB] New best heuristic value for add: 13
[t=380.631s, 100412 KB] g=274, 252422 evaluated, 274 expanded
[t=382.384s, 100412 KB] New best heuristic value for add: 12
[t=382.385s, 100412 KB] g=275, 253619 evaluated, 275 expanded
[t=383.34s, 100412 KB] New best heuristic value for add: 11
[t=383.34s, 100412 KB] g=276, 254269 evaluated, 276 expanded
[t=385.094s, 100412 KB] New best heuristic value for add: 10
[t=385.094s, 100412 KB] g=277, 255467 evaluated, 277 expanded
[t=386.046s, 100412 KB] New best heuristic value for add: 9
[t=386.047s, 100412 KB] g=278, 256116 evaluated, 278 expanded
[t=387.823s, 100412 KB] New best heuristic value for add: 8
[t=387.823s, 100412 KB] g=279, 257328 evaluated, 279 expanded
[t=388.753s, 100412 KB] New best heuristic value for add: 7
[t=388.753s, 100412 KB] g=280, 257963 evaluated, 280 expanded
[t=390.529s, 100412 KB] New best heuristic value for add: 6
[t=390.529s, 100412 KB] g=281, 259176 evaluated, 281 expanded
[t=391.459s, 100412 KB] New best heuristic value for add: 5
[t=391.46s, 100412 KB] g=282, 259810 evaluated, 282 expanded
[t=393.245s, 100412 KB] New best heuristic value for add: 4
[t=393.245s, 100412 KB] g=283, 261027 evaluated, 283 expanded
[t=394.172s, 100412 KB] New best heuristic value for add: 3
[t=394.172s, 100412 KB] g=284, 261657 evaluated, 284 expanded
[t=395.962s, 100412 KB] New best heuristic value for add: 2
[t=395.962s, 100412 KB] g=285, 262877 evaluated, 285 expanded
[t=396.883s, 100412 KB] New best heuristic value for add: 1
[t=396.884s, 100412 KB] g=286, 263504 evaluated, 286 expanded
[t=398.085s, 100412 KB] New best heuristic value for add: 0
[t=398.086s, 100412 KB] g=287, 264749 evaluated, 287 expanded
[t=398.664s, 100412 KB] Solution found!
[t=398.665s, 100412 KB] Actual search time: 397.459s
switch_on instrument6 satellite4 (1)
turn_to satellite4 groundstation4 star142 (1)
calibrate satellite4 instrument6 groundstation4 (1)
switch_on instrument3 satellite3 (1)
turn_to satellite3 groundstation4 phenomenon86 (1)
calibrate satellite3 instrument3 groundstation4 (1)
turn_to satellite4 phenomenon100 groundstation4 (1)
take_image satellite4 phenomenon100 instrument6 thermograph3 (1)
turn_to satellite4 phenomenon104 phenomenon100 (1)
take_image satellite4 phenomenon104 instrument6 thermograph3 (1)
turn_to satellite4 phenomenon114 phenomenon104 (1)
take_image satellite4 phenomenon114 instrument6 image2 (1)
turn_to satellite4 phenomenon115 phenomenon114 (1)
take_image satellite4 phenomenon115 instrument6 image2 (1)
turn_to satellite4 phenomenon120 phenomenon115 (1)
take_image satellite4 phenomenon120 instrument6 thermograph4 (1)
turn_to satellite4 phenomenon125 phenomenon120 (1)
take_image satellite4 phenomenon125 instrument6 image2 (1)
turn_to satellite4 phenomenon134 phenomenon125 (1)
take_image satellite4 phenomenon134 instrument6 image2 (1)
turn_to satellite4 phenomenon135 phenomenon134 (1)
take_image satellite4 phenomenon135 instrument6 thermograph4 (1)
turn_to satellite4 phenomenon140 phenomenon135 (1)
take_image satellite4 phenomenon140 instrument6 thermograph3 (1)
turn_to satellite4 phenomenon146 phenomenon140 (1)
take_image satellite4 phenomenon146 instrument6 thermograph4 (1)
turn_to satellite4 phenomenon150 phenomenon146 (1)
take_image satellite4 phenomenon150 instrument6 thermograph4 (1)
turn_to satellite4 phenomenon153 phenomenon150 (1)
take_image satellite4 phenomenon153 instrument6 thermograph3 (1)
turn_to satellite4 phenomenon160 phenomenon153 (1)
take_image satellite4 phenomenon160 instrument6 thermograph4 (1)
turn_to satellite4 phenomenon163 phenomenon160 (1)
take_image satellite4 phenomenon163 instrument6 thermograph3 (1)
turn_to satellite4 phenomenon164 phenomenon163 (1)
take_image satellite4 phenomenon164 instrument6 thermograph3 (1)
turn_to satellite4 phenomenon172 phenomenon164 (1)
take_image satellite4 phenomenon172 instrument6 thermograph4 (1)
turn_to satellite4 phenomenon187 phenomenon172 (1)
take_image satellite4 phenomenon187 instrument6 thermograph3 (1)
turn_to satellite4 phenomenon193 phenomenon187 (1)
take_image satellite4 phenomenon193 instrument6 image2 (1)
turn_to satellite4 phenomenon198 phenomenon193 (1)
take_image satellite4 phenomenon198 instrument6 thermograph3 (1)
turn_to satellite4 phenomenon199 phenomenon198 (1)
take_image satellite4 phenomenon199 instrument6 thermograph3 (1)
turn_to satellite4 phenomenon200 phenomenon199 (1)
take_image satellite4 phenomenon200 instrument6 thermograph4 (1)
turn_to satellite4 phenomenon28 phenomenon200 (1)
take_image satellite4 phenomenon28 instrument6 thermograph3 (1)
turn_to satellite4 phenomenon31 phenomenon28 (1)
take_image satellite4 phenomenon31 instrument6 thermograph4 (1)
turn_to satellite4 phenomenon34 phenomenon31 (1)
take_image satellite4 phenomenon34 instrument6 image2 (1)
turn_to satellite4 phenomenon38 phenomenon34 (1)
take_image satellite4 phenomenon38 instrument6 image2 (1)
turn_to satellite4 phenomenon42 phenomenon38 (1)
take_image satellite4 phenomenon42 instrument6 thermograph3 (1)
turn_to satellite4 phenomenon43 phenomenon42 (1)
take_image satellite4 phenomenon43 instrument6 thermograph3 (1)
turn_to satellite4 phenomenon44 phenomenon43 (1)
take_image satellite4 phenomenon44 instrument6 thermograph4 (1)
turn_to satellite4 phenomenon54 phenomenon44 (1)
take_image satellite4 phenomenon54 instrument6 thermograph3 (1)
turn_to satellite4 phenomenon56 phenomenon54 (1)
take_image satellite4 phenomenon56 instrument6 image2 (1)
turn_to satellite4 phenomenon58 phenomenon56 (1)
take_image satellite4 phenomenon58 instrument6 thermograph3 (1)
turn_to satellite4 phenomenon61 phenomenon58 (1)
take_image satellite4 phenomenon61 instrument6 image2 (1)
turn_to satellite4 phenomenon64 phenomenon61 (1)
take_image satellite4 phenomenon64 instrument6 thermograph3 (1)
turn_to satellite4 phenomenon70 phenomenon64 (1)
take_image satellite4 phenomenon70 instrument6 thermograph3 (1)
turn_to satellite4 phenomenon86 phenomenon70 (1)
take_image satellite4 phenomenon86 instrument6 image2 (1)
turn_to satellite4 phenomenon97 phenomenon86 (1)
take_image satellite4 phenomenon97 instrument6 image2 (1)
turn_to satellite4 planet102 phenomenon97 (1)
take_image satellite4 planet102 instrument6 thermograph3 (1)
turn_to satellite4 planet103 planet102 (1)
take_image satellite4 planet103 instrument6 thermograph3 (1)
turn_to satellite4 planet105 planet103 (1)
take_image satellite4 planet105 instrument6 image2 (1)
turn_to satellite4 planet109 planet105 (1)
take_image satellite4 planet109 instrument6 thermograph3 (1)
turn_to satellite4 planet112 planet109 (1)
take_image satellite4 planet112 instrument6 thermograph4 (1)
turn_to satellite4 planet119 planet112 (1)
take_image satellite4 planet119 instrument6 image2 (1)
turn_to satellite4 planet121 planet119 (1)
take_image satellite4 planet121 instrument6 image2 (1)
turn_to satellite4 planet122 planet121 (1)
take_image satellite4 planet122 instrument6 image2 (1)
turn_to satellite4 planet127 planet122 (1)
take_image satellite4 planet127 instrument6 thermograph4 (1)
turn_to satellite4 planet128 planet127 (1)
take_image satellite4 planet128 instrument6 image2 (1)
turn_to satellite4 planet137 planet128 (1)
take_image satellite4 planet137 instrument6 image2 (1)
turn_to satellite4 planet138 planet137 (1)
take_image satellite4 planet138 instrument6 thermograph4 (1)
turn_to satellite4 planet144 planet138 (1)
take_image satellite4 planet144 instrument6 image2 (1)
turn_to satellite4 planet15 planet144 (1)
take_image satellite4 planet15 instrument6 image2 (1)
turn_to satellite4 planet152 planet15 (1)
take_image satellite4 planet152 instrument6 thermograph3 (1)
turn_to satellite4 planet155 planet152 (1)
take_image satellite4 planet155 instrument6 image2 (1)
turn_to satellite4 planet156 planet155 (1)
take_image satellite4 planet156 instrument6 image2 (1)
turn_to satellite4 planet161 planet156 (1)
take_image satellite4 planet161 instrument6 thermograph3 (1)
turn_to satellite4 planet165 planet161 (1)
take_image satellite4 planet165 instrument6 thermograph3 (1)
turn_to satellite4 planet166 planet165 (1)
take_image satellite4 planet166 instrument6 image2 (1)
turn_to satellite4 planet17 planet166 (1)
take_image satellite4 planet17 instrument6 image2 (1)
turn_to satellite4 planet173 planet17 (1)
take_image satellite4 planet173 instrument6 image2 (1)
turn_to satellite4 planet175 planet173 (1)
take_image satellite4 planet175 instrument6 image2 (1)
turn_to satellite4 planet179 planet175 (1)
take_image satellite4 planet179 instrument6 thermograph4 (1)
turn_to satellite4 planet201 planet179 (1)
take_image satellite4 planet201 instrument6 thermograph3 (1)
turn_to satellite4 planet33 planet201 (1)
take_image satellite4 planet33 instrument6 thermograph3 (1)
turn_to satellite4 planet39 planet33 (1)
take_image satellite4 planet39 instrument6 image2 (1)
turn_to satellite4 planet65 planet39 (1)
take_image satellite4 planet65 instrument6 thermograph4 (1)
turn_to satellite4 planet66 planet65 (1)
take_image satellite4 planet66 instrument6 thermograph3 (1)
turn_to satellite4 planet67 planet66 (1)
take_image satellite4 planet67 instrument6 thermograph3 (1)
turn_to satellite4 planet76 planet67 (1)
take_image satellite4 planet76 instrument6 thermograph3 (1)
turn_to satellite4 planet77 planet76 (1)
take_image satellite4 planet77 instrument6 thermograph3 (1)
turn_to satellite4 planet8 planet77 (1)
take_image satellite4 planet8 instrument6 image2 (1)
turn_to satellite4 planet85 planet8 (1)
take_image satellite4 planet85 instrument6 image2 (1)
turn_to satellite4 planet90 planet85 (1)
take_image satellite4 planet90 instrument6 thermograph4 (1)
turn_to satellite4 planet94 planet90 (1)
take_image satellite4 planet94 instrument6 image2 (1)
turn_to satellite4 star10 planet94 (1)
take_image satellite4 star10 instrument6 thermograph3 (1)
turn_to satellite4 star106 star10 (1)
take_image satellite4 star106 instrument6 thermograph3 (1)
turn_to satellite4 star108 star106 (1)
take_image satellite4 star108 instrument6 thermograph4 (1)
turn_to satellite4 star118 star108 (1)
take_image satellite4 star118 instrument6 image2 (1)
turn_to satellite4 star123 star118 (1)
take_image satellite4 star123 instrument6 thermograph4 (1)
turn_to satellite4 star124 star123 (1)
take_image satellite4 star124 instrument6 thermograph3 (1)
turn_to satellite4 star130 star124 (1)
take_image satellite4 star130 instrument6 thermograph4 (1)
turn_to satellite4 star132 star130 (1)
take_image satellite4 star132 instrument6 thermograph3 (1)
turn_to satellite4 star14 star132 (1)
take_image satellite4 star14 instrument6 thermograph4 (1)
turn_to satellite4 star142 star14 (1)
take_image satellite4 star142 instrument6 thermograph4 (1)
turn_to satellite4 star148 star142 (1)
take_image satellite4 star148 instrument6 image2 (1)
turn_to satellite4 star154 star148 (1)
take_image satellite4 star154 instrument6 thermograph3 (1)
turn_to satellite4 star159 star154 (1)
take_image satellite4 star159 instrument6 thermograph3 (1)
turn_to satellite4 star176 star159 (1)
take_image satellite4 star176 instrument6 image2 (1)
turn_to satellite4 star183 star176 (1)
take_image satellite4 star183 instrument6 thermograph4 (1)
turn_to satellite4 star185 star183 (1)
take_image satellite4 star185 instrument6 thermograph4 (1)
turn_to satellite4 star19 star185 (1)
take_image satellite4 star19 instrument6 thermograph4 (1)
turn_to satellite4 star192 star19 (1)
take_image satellite4 star192 instrument6 thermograph4 (1)
turn_to satellite4 star194 star192 (1)
take_image satellite4 star194 instrument6 thermograph4 (1)
turn_to satellite4 star20 star194 (1)
take_image satellite4 star20 instrument6 thermograph4 (1)
turn_to satellite4 star202 star20 (1)
take_image satellite4 star202 instrument6 image2 (1)
turn_to satellite4 star22 star202 (1)
take_image satellite4 star22 instrument6 thermograph3 (1)
turn_to satellite4 star30 star22 (1)
take_image satellite4 star30 instrument6 thermograph3 (1)
turn_to satellite4 star32 star30 (1)
take_image satellite4 star32 instrument6 image2 (1)
turn_to satellite4 star40 star32 (1)
take_image satellite4 star40 instrument6 image2 (1)
turn_to satellite4 star52 star40 (1)
take_image satellite4 star52 instrument6 thermograph3 (1)
turn_to satellite4 star53 star52 (1)
take_image satellite4 star53 instrument6 thermograph3 (1)
turn_to satellite4 star57 star53 (1)
take_image satellite4 star57 instrument6 image2 (1)
turn_to satellite4 star59 star57 (1)
take_image satellite4 star59 instrument6 thermograph4 (1)
turn_to satellite4 star69 star59 (1)
take_image satellite4 star69 instrument6 thermograph4 (1)
turn_to satellite4 star72 star69 (1)
take_image satellite4 star72 instrument6 image2 (1)
turn_to satellite4 star74 star72 (1)
take_image satellite4 star74 instrument6 thermograph3 (1)
turn_to satellite4 star78 star74 (1)
take_image satellite4 star78 instrument6 thermograph4 (1)
turn_to satellite4 star87 star78 (1)
take_image satellite4 star87 instrument6 thermograph3 (1)
turn_to satellite4 star98 star87 (1)
take_image satellite4 star98 instrument6 thermograph3 (1)
turn_to satellite4 star99 star98 (1)
take_image satellite4 star99 instrument6 thermograph3 (1)
turn_to satellite3 phenomenon101 groundstation4 (1)
take_image satellite3 phenomenon101 instrument3 image1 (1)
turn_to satellite3 phenomenon113 phenomenon101 (1)
take_image satellite3 phenomenon113 instrument3 image1 (1)
turn_to satellite3 phenomenon13 phenomenon113 (1)
take_image satellite3 phenomenon13 instrument3 image1 (1)
turn_to satellite3 phenomenon145 phenomenon13 (1)
take_image satellite3 phenomenon145 instrument3 image1 (1)
turn_to satellite3 phenomenon169 phenomenon145 (1)
take_image satellite3 phenomenon169 instrument3 image1 (1)
turn_to satellite3 phenomenon171 phenomenon169 (1)
take_image satellite3 phenomenon171 instrument3 image1 (1)
turn_to satellite3 phenomenon18 phenomenon171 (1)
take_image satellite3 phenomenon18 instrument3 image1 (1)
turn_to satellite3 phenomenon188 phenomenon18 (1)
take_image satellite3 phenomenon188 instrument3 image1 (1)
turn_to satellite3 phenomenon204 phenomenon188 (1)
take_image satellite3 phenomenon204 instrument3 image1 (1)
turn_to satellite3 phenomenon49 phenomenon204 (1)
take_image satellite3 phenomenon49 instrument3 image1 (1)
turn_to satellite3 phenomenon5 phenomenon49 (1)
take_image satellite3 phenomenon5 instrument3 image1 (1)
turn_to satellite3 phenomenon79 phenomenon5 (1)
take_image satellite3 phenomenon79 instrument3 image1 (1)
turn_to satellite3 planet133 phenomenon79 (1)
take_image satellite3 planet133 instrument3 image1 (1)
turn_to satellite3 planet139 planet133 (1)
take_image satellite3 planet139 instrument3 image1 (1)
turn_to satellite3 planet151 planet139 (1)
take_image satellite3 planet151 instrument3 image1 (1)
turn_to satellite3 planet203 planet151 (1)
take_image satellite3 planet203 instrument3 image1 (1)
turn_to satellite3 planet23 planet203 (1)
take_image satellite3 planet23 instrument3 image1 (1)
turn_to satellite3 planet41 planet23 (1)
take_image satellite3 planet41 instrument3 image1 (1)
turn_to satellite3 planet47 planet41 (1)
take_image satellite3 planet47 instrument3 image1 (1)
turn_to satellite3 planet81 planet47 (1)
take_image satellite3 planet81 instrument3 image1 (1)
turn_to satellite3 planet93 planet81 (1)
take_image satellite3 planet93 instrument3 image1 (1)
turn_to satellite3 star136 planet93 (1)
take_image satellite3 star136 instrument3 image1 (1)
turn_to satellite3 star149 star136 (1)
take_image satellite3 star149 instrument3 image1 (1)
turn_to satellite3 star168 star149 (1)
take_image satellite3 star168 instrument3 image1 (1)
turn_to satellite3 star181 star168 (1)
take_image satellite3 star181 instrument3 image1 (1)
turn_to satellite3 star189 star181 (1)
take_image satellite3 star189 instrument3 image1 (1)
turn_to satellite3 star190 star189 (1)
take_image satellite3 star190 instrument3 image1 (1)
turn_to satellite3 star191 star190 (1)
take_image satellite3 star191 instrument3 image1 (1)
turn_to satellite3 star46 star191 (1)
take_image satellite3 star46 instrument3 image1 (1)
turn_to satellite3 star48 star46 (1)
take_image satellite3 star48 instrument3 image1 (1)
turn_to satellite3 star55 star48 (1)
take_image satellite3 star55 instrument3 image1 (1)
turn_to satellite3 star63 star55 (1)
take_image satellite3 star63 instrument3 image1 (1)
turn_to satellite2 phenomenon115 planet196 (1)
[t=398.665s, 100412 KB] Plan length: 287 step(s).
[t=398.665s, 100412 KB] Plan cost: 287
[t=398.665s, 100412 KB] Expanded 288 state(s).
[t=398.665s, 100412 KB] Reopened 0 state(s).
[t=398.665s, 100412 KB] Evaluated 265348 state(s).
[t=398.665s, 100412 KB] Evaluations: 265348
[t=398.665s, 100412 KB] Generated 294744 state(s).
[t=398.665s, 100412 KB] Dead ends: 0 state(s).
[t=398.665s, 100412 KB] Number of registered states: 265348
[t=398.665s, 100412 KB] Int hash set load factor: 265348/524288 = 0.506111
[t=398.665s, 100412 KB] Int hash set resizes: 19
[t=398.665s, 100412 KB] mean number of q cost that have been adjusted 0 times in relation to total number of q: -1
[t=398.665s, 100412 KB] mean number of q cost that have been adjusted 1 times in relation to total number of q: -1
[t=398.665s, 100412 KB] mean number of q cost that have been adjusted 2 times in relation to total number of q: -1
[t=398.665s, 100412 KB] mean number of q that are at some point overconsitent in relation to total number of q: -1
[t=398.665s, 100412 KB] mean number of q that are at first underconsisten in relation to total number of q: -1
[t=398.665s, 100412 KB] mean number of state variables that are not in common between two following states in relation to total number of state variables: -1
[t=398.665s, 100412 KB] variance number of state variables that are not in common between two following states in relation to total number of state variables: -1
[t=398.665s, 100412 KB] Search time: 397.462s
[t=398.665s, 100412 KB] Total time: 398.665s
Solution found.
Peak memory: 100412 KB
Remove intermediate file output.sas
search exit code: 0

INFO     Running validate.
INFO     validate stdin: None
INFO     validate time limit: None
INFO     validate memory limit: None
INFO     validate command line string: validate domain.pddl problem.pddl sas_plan
