INFO     Running translator.
INFO     translator stdin: None
INFO     translator time limit: 1799.95s
INFO     translator memory limit: 3584 MB
INFO     translator command line string: /infai/weidan00/downward/experiments/bachelor/.venv/bin/python3 /infai/weidan00/downward/experiments/bachelor/data/bachelor-v1/code-7aa5f34_e5e41175/builds/release/bin/translate/translate.py domain.pddl problem.pddl --sas-file output.sas
Parsing...
Parsing: [0.010s CPU, 0.011s wall-clock]
Normalizing task... [0.000s CPU, 0.000s wall-clock]
Instantiating...
Generating Datalog program... [0.010s CPU, 0.004s wall-clock]
Normalizing Datalog program...
Normalizing Datalog program: [0.000s CPU, 0.002s wall-clock]
Preparing model... [0.010s CPU, 0.015s wall-clock]
Generated 13 rules.
Computing model... [0.070s CPU, 0.066s wall-clock]
4753 relevant atoms
2997 auxiliary atoms
7750 final queue length
13421 total queue pushes
Completing instantiation... [0.080s CPU, 0.090s wall-clock]
Instantiating: [0.170s CPU, 0.177s wall-clock]
Computing fact groups...
Finding invariants...
6 initial candidates
Finding invariants: [0.010s CPU, 0.001s wall-clock]
Checking invariant weight... [0.000s CPU, 0.001s wall-clock]
Instantiating groups... [0.000s CPU, 0.000s wall-clock]
Collecting mutex groups... [0.000s CPU, 0.000s wall-clock]
Choosing groups...
54 uncovered facts
Choosing groups: [0.000s CPU, 0.000s wall-clock]
Building translation key... [0.000s CPU, 0.000s wall-clock]
Computing fact groups: [0.010s CPU, 0.004s wall-clock]
Building STRIPS to SAS dictionary... [0.000s CPU, 0.000s wall-clock]
Building dictionary for full mutex groups... [0.000s CPU, 0.000s wall-clock]
Building mutex information...
Building mutex information: [0.000s CPU, 0.000s wall-clock]
Translating task...
Processing axioms...
Simplifying axioms... [0.000s CPU, 0.000s wall-clock]
Processing axioms: [0.000s CPU, 0.004s wall-clock]
Translating task: [0.080s CPU, 0.078s wall-clock]
27 effect conditions simplified
0 implied preconditions added
Detecting unreachable propositions...
0 operators removed
0 axioms removed
1 propositions removed
Detecting unreachable propositions: [0.040s CPU, 0.037s wall-clock]
Reordering and filtering variables...
55 of 55 variables necessary.
0 of 1 mutex groups necessary.
2896 of 2896 operators necessary.
0 of 0 axiom rules necessary.
Reordering and filtering variables: [0.010s CPU, 0.009s wall-clock]
Translator variables: 55
Translator derived variables: 0
Translator facts: 162
Translator goal facts: 27
Translator mutex groups: 0
Translator total mutex groups size: 0
Translator operators: 2896
Translator axioms: 0
Translator task size: 9033
Translator peak memory: 150988 KB
Writing output... [0.020s CPU, 0.023s wall-clock]
Done! [0.340s CPU, 0.345s wall-clock]
translate exit code: 0

INFO     Running search (release).
INFO     search stdin: output.sas
INFO     search time limit: 1799.56s
INFO     search memory limit: 3584 MB
INFO     search command line string: /infai/weidan00/downward/experiments/bachelor/data/bachelor-v1/code-7aa5f34_e5e41175/builds/release/bin/downward --search 'eager_wastar([pinch()], w=2)' --internal-plan-file sas_plan < output.sas
[t=5.9793e-05s, 17204 KB] reading input...
[t=0.0106885s, 17748 KB] done reading input!
[t=0.0130937s, 18160 KB] Simplifying 2943 unary operators... done! [2943 unary operators]
[t=0.014348s, 18424 KB] time to simplify: 0.00139555s
[t=0.0145853s, 18424 KB] Initializing pinch heuristic...
[t=0.0147174s, 18424 KB] Building successor generator...done!
[t=0.0153849s, 18484 KB] peak memory difference for successor generator creation: 60 KB
[t=0.0154252s, 18484 KB] time for successor generation creation: 0.000539198s
[t=0.0154889s, 18484 KB] Variables: 55
[t=0.0155288s, 18484 KB] FactPairs: 162
[t=0.0155683s, 18484 KB] Bytes per state: 8
[t=0.0156914s, 18484 KB] Conducting best first search with reopening closed nodes, (real) bound = 2147483647
[t=0.0159909s, 18484 KB] New best heuristic value for pinch: 106
[t=0.0160358s, 18484 KB] g=0, 1 evaluated, 0 expanded
[t=0.0160872s, 18484 KB] Initial heuristic value for pinch: 106
[t=0.0161287s, 18484 KB] pruning method: none
[t=0.0163899s, 18484 KB] New best heuristic value for pinch: 105
[t=0.0164332s, 18484 KB] g=1, 20 evaluated, 1 expanded
[t=0.0166018s, 18484 KB] New best heuristic value for pinch: 104
[t=0.0166432s, 18484 KB] g=1, 32 evaluated, 1 expanded
[t=0.0169439s, 18484 KB] New best heuristic value for pinch: 103
[t=0.016987s, 18484 KB] g=2, 55 evaluated, 2 expanded
[t=0.0176041s, 18484 KB] New best heuristic value for pinch: 101
[t=0.0176499s, 18484 KB] g=4, 109 evaluated, 4 expanded
[t=0.0177096s, 18484 KB] New best heuristic value for pinch: 100
[t=0.0177707s, 18484 KB] g=5, 110 evaluated, 5 expanded
[t=0.0180436s, 18484 KB] New best heuristic value for pinch: 99
[t=0.0180872s, 18484 KB] g=5, 131 evaluated, 5 expanded
[t=0.0184688s, 18484 KB] New best heuristic value for pinch: 97
[t=0.0185133s, 18484 KB] g=6, 163 evaluated, 6 expanded
[t=0.0185759s, 18484 KB] New best heuristic value for pinch: 96
[t=0.0186172s, 18484 KB] g=7, 164 evaluated, 7 expanded
[t=0.0189337s, 18484 KB] New best heuristic value for pinch: 95
[t=0.0189776s, 18484 KB] g=7, 190 evaluated, 7 expanded
[t=0.0193072s, 18484 KB] New best heuristic value for pinch: 94
[t=0.0193511s, 18484 KB] g=8, 217 evaluated, 8 expanded
[t=0.0198123s, 18484 KB] New best heuristic value for pinch: 93
[t=0.0198601s, 18484 KB] g=9, 254 evaluated, 9 expanded
[t=0.0201455s, 18484 KB] New best heuristic value for pinch: 91
[t=0.0202034s, 18484 KB] g=10, 271 evaluated, 11 expanded
[t=0.0202617s, 18484 KB] New best heuristic value for pinch: 90
[t=0.0203037s, 18484 KB] g=11, 272 evaluated, 12 expanded
[t=0.0206855s, 18484 KB] New best heuristic value for pinch: 89
[t=0.0207321s, 18484 KB] g=11, 303 evaluated, 12 expanded
[t=0.0210466s, 18484 KB] New best heuristic value for pinch: 88
[t=0.0210971s, 18484 KB] g=13, 326 evaluated, 16 expanded
[t=0.0215266s, 18484 KB] New best heuristic value for pinch: 87
[t=0.0215719s, 18484 KB] g=13, 362 evaluated, 16 expanded
[t=0.0218462s, 18484 KB] New best heuristic value for pinch: 86
[t=0.0218917s, 18484 KB] g=15, 380 evaluated, 20 expanded
[t=0.0223067s, 18484 KB] New best heuristic value for pinch: 85
[t=0.0223566s, 18484 KB] g=15, 415 evaluated, 20 expanded
[t=0.0226369s, 18484 KB] New best heuristic value for pinch: 84
[t=0.0226813s, 18484 KB] g=17, 434 evaluated, 24 expanded
[t=0.0231115s, 18484 KB] New best heuristic value for pinch: 83
[t=0.023156s, 18484 KB] g=17, 470 evaluated, 24 expanded
[t=0.0234264s, 18484 KB] New best heuristic value for pinch: 82
[t=0.0234705s, 18484 KB] g=19, 488 evaluated, 29 expanded
[t=0.0239455s, 18484 KB] New best heuristic value for pinch: 81
[t=0.0239983s, 18484 KB] g=19, 524 evaluated, 29 expanded
[t=0.0242727s, 18484 KB] New best heuristic value for pinch: 80
[t=0.0243153s, 18484 KB] g=21, 542 evaluated, 34 expanded
[t=0.0247286s, 18484 KB] New best heuristic value for pinch: 79
[t=0.0247725s, 18484 KB] g=21, 578 evaluated, 34 expanded
[t=0.0250422s, 18484 KB] New best heuristic value for pinch: 78
[t=0.0250847s, 18484 KB] g=23, 596 evaluated, 39 expanded
[t=0.0255038s, 18484 KB] New best heuristic value for pinch: 77
[t=0.025549s, 18484 KB] g=23, 632 evaluated, 39 expanded
[t=0.0257776s, 18484 KB] New best heuristic value for pinch: 76
[t=0.0258211s, 18484 KB] g=24, 649 evaluated, 40 expanded
[t=0.0264564s, 18484 KB] New best heuristic value for pinch: 74
[t=0.0265027s, 18484 KB] g=26, 703 evaluated, 44 expanded
[t=0.0265578s, 18484 KB] New best heuristic value for pinch: 72
[t=0.0265985s, 18484 KB] g=27, 704 evaluated, 45 expanded
[t=0.0272316s, 18484 KB] New best heuristic value for pinch: 70
[t=0.0272754s, 18484 KB] g=28, 757 evaluated, 49 expanded
[t=0.0273296s, 18484 KB] New best heuristic value for pinch: 68
[t=0.0273705s, 18484 KB] g=29, 758 evaluated, 50 expanded
[t=0.0280177s, 18484 KB] New best heuristic value for pinch: 66
[t=0.0280616s, 18484 KB] g=31, 812 evaluated, 55 expanded
[t=0.0286982s, 18484 KB] New best heuristic value for pinch: 64
[t=0.0287423s, 18484 KB] g=33, 866 evaluated, 60 expanded
[t=0.0294118s, 18484 KB] New best heuristic value for pinch: 62
[t=0.0294733s, 18484 KB] g=35, 920 evaluated, 67 expanded
[t=0.0300928s, 18484 KB] New best heuristic value for pinch: 61
[t=0.0301419s, 18484 KB] g=36, 973 evaluated, 68 expanded
[t=0.0303918s, 18484 KB] New best heuristic value for pinch: 60
[t=0.0304348s, 18484 KB] g=37, 991 evaluated, 69 expanded
[t=0.0310506s, 18484 KB] New best heuristic value for pinch: 59
[t=0.0310998s, 18484 KB] g=39, 1028 evaluated, 77 expanded
[t=0.0314123s, 18484 KB] New best heuristic value for pinch: 58
[t=0.0314575s, 18484 KB] g=39, 1052 evaluated, 77 expanded
[t=0.0318722s, 18484 KB] New best heuristic value for pinch: 57
[t=0.031916s, 18484 KB] g=41, 1082 evaluated, 83 expanded
[t=0.0322102s, 18484 KB] New best heuristic value for pinch: 56
[t=0.0322529s, 18484 KB] g=41, 1106 evaluated, 83 expanded
[t=0.0326597s, 18484 KB] New best heuristic value for pinch: 55
[t=0.0327028s, 18484 KB] g=43, 1136 evaluated, 89 expanded
[t=0.0329323s, 18484 KB] New best heuristic value for pinch: 54
[t=0.0329738s, 18484 KB] g=43, 1154 evaluated, 89 expanded
[t=0.0334008s, 18484 KB] New best heuristic value for pinch: 53
[t=0.0334432s, 18484 KB] g=44, 1189 evaluated, 91 expanded
[t=0.0336958s, 18484 KB] New best heuristic value for pinch: 52
[t=0.0337389s, 18484 KB] g=45, 1208 evaluated, 92 expanded
[t=0.0341995s, 18484 KB] New best heuristic value for pinch: 51
[t=0.0342459s, 18484 KB] g=47, 1244 evaluated, 98 expanded
[t=0.0344695s, 18484 KB] New best heuristic value for pinch: 50
[t=0.0345168s, 18484 KB] g=47, 1262 evaluated, 98 expanded
[t=0.0349826s, 18484 KB] New best heuristic value for pinch: 49
[t=0.035025s, 18484 KB] g=49, 1298 evaluated, 104 expanded
[t=0.0352638s, 18484 KB] New best heuristic value for pinch: 48
[t=0.0353054s, 18484 KB] g=49, 1317 evaluated, 104 expanded
[t=0.035771s, 18484 KB] New best heuristic value for pinch: 47
[t=0.0358158s, 18484 KB] g=51, 1352 evaluated, 110 expanded
[t=0.0360398s, 18484 KB] New best heuristic value for pinch: 46
[t=0.0360815s, 18484 KB] g=51, 1370 evaluated, 110 expanded
[t=0.0365533s, 18484 KB] New best heuristic value for pinch: 45
[t=0.0365965s, 18484 KB] g=53, 1406 evaluated, 116 expanded
[t=0.0368433s, 18484 KB] New best heuristic value for pinch: 44
[t=0.0368853s, 18484 KB] g=53, 1426 evaluated, 116 expanded
[t=0.0373467s, 18484 KB] New best heuristic value for pinch: 43
[t=0.0373899s, 18484 KB] g=55, 1460 evaluated, 123 expanded
[t=0.0376137s, 18484 KB] New best heuristic value for pinch: 42
[t=0.0376549s, 18484 KB] g=55, 1478 evaluated, 123 expanded
[t=0.0381262s, 18484 KB] New best heuristic value for pinch: 41
[t=0.0381703s, 18484 KB] g=57, 1514 evaluated, 130 expanded
[t=0.0384299s, 18484 KB] New best heuristic value for pinch: 40
[t=0.0384722s, 18484 KB] g=57, 1535 evaluated, 130 expanded
[t=0.0389112s, 18484 KB] New best heuristic value for pinch: 39
[t=0.0389539s, 18484 KB] g=59, 1571 evaluated, 133 expanded
[t=0.0391419s, 18484 KB] New best heuristic value for pinch: 38
[t=0.0391841s, 18484 KB] g=59, 1585 evaluated, 133 expanded
[t=0.0397339s, 18484 KB] New best heuristic value for pinch: 37
[t=0.0397797s, 18484 KB] g=61, 1626 evaluated, 139 expanded
[t=0.039964s, 18484 KB] New best heuristic value for pinch: 36
[t=0.0400074s, 18484 KB] g=61, 1640 evaluated, 139 expanded
[t=0.0405792s, 18484 KB] New best heuristic value for pinch: 35
[t=0.0406336s, 18484 KB] g=63, 1685 evaluated, 145 expanded
[t=0.0408197s, 18484 KB] New best heuristic value for pinch: 34
[t=0.0408624s, 18484 KB] g=63, 1698 evaluated, 145 expanded
[t=0.0413442s, 18484 KB] New best heuristic value for pinch: 33
[t=0.0413898s, 18484 KB] g=65, 1734 evaluated, 151 expanded
[t=0.0415777s, 18484 KB] New best heuristic value for pinch: 32
[t=0.0416201s, 18484 KB] g=65, 1748 evaluated, 151 expanded
[t=0.0421952s, 18484 KB] New best heuristic value for pinch: 31
[t=0.0422404s, 18484 KB] g=67, 1792 evaluated, 158 expanded
[t=0.0424466s, 18484 KB] New best heuristic value for pinch: 30
[t=0.0424908s, 18484 KB] g=67, 1808 evaluated, 158 expanded
[t=0.0429518s, 18484 KB] New best heuristic value for pinch: 29
[t=0.0429941s, 18484 KB] g=69, 1842 evaluated, 165 expanded
[t=0.0431792s, 18484 KB] New best heuristic value for pinch: 28
[t=0.0432212s, 18484 KB] g=69, 1856 evaluated, 165 expanded
[t=0.0437137s, 18484 KB] New best heuristic value for pinch: 27
[t=0.0437562s, 18484 KB] g=71, 1896 evaluated, 169 expanded
[t=0.0439502s, 18484 KB] New best heuristic value for pinch: 26
[t=0.0439949s, 18484 KB] g=71, 1910 evaluated, 169 expanded
[t=0.0446611s, 18484 KB] New best heuristic value for pinch: 25
[t=0.0447077s, 18484 KB] g=73, 1950 evaluated, 175 expanded
[t=0.0449053s, 18484 KB] New best heuristic value for pinch: 24
[t=0.0449477s, 18484 KB] g=73, 1964 evaluated, 175 expanded
[t=0.0454461s, 18484 KB] New best heuristic value for pinch: 23
[t=0.0454887s, 18484 KB] g=75, 2004 evaluated, 181 expanded
[t=0.0456731s, 18484 KB] New best heuristic value for pinch: 22
[t=0.0457146s, 18484 KB] g=75, 2018 evaluated, 181 expanded
[t=0.046137s, 18484 KB] New best heuristic value for pinch: 21
[t=0.0461815s, 18484 KB] g=76, 2053 evaluated, 182 expanded
[t=0.0468268s, 18484 KB] New best heuristic value for pinch: 20
[t=0.0468708s, 18484 KB] g=78, 2107 evaluated, 187 expanded
[t=0.0469688s, 18484 KB] New best heuristic value for pinch: 19
[t=0.0470102s, 18484 KB] g=79, 2112 evaluated, 188 expanded
[t=0.0475858s, 18484 KB] New best heuristic value for pinch: 18
[t=0.0476296s, 18484 KB] g=80, 2161 evaluated, 192 expanded
[t=0.0477988s, 18484 KB] New best heuristic value for pinch: 17
[t=0.0478402s, 18484 KB] g=81, 2172 evaluated, 193 expanded
[t=0.048362s, 18484 KB] New best heuristic value for pinch: 16
[t=0.0484054s, 18484 KB] g=82, 2215 evaluated, 197 expanded
[t=0.0485031s, 18484 KB] New best heuristic value for pinch: 15
[t=0.048544s, 18484 KB] g=83, 2220 evaluated, 198 expanded
[t=0.0491219s, 18484 KB] New best heuristic value for pinch: 14
[t=0.0491669s, 18484 KB] g=84, 2269 evaluated, 200 expanded
[t=0.0492613s, 18484 KB] New best heuristic value for pinch: 13
[t=0.049304s, 18484 KB] g=85, 2274 evaluated, 201 expanded
[t=0.0499042s, 18484 KB] New best heuristic value for pinch: 12
[t=0.0499502s, 18484 KB] g=86, 2323 evaluated, 204 expanded
[t=0.0500505s, 18484 KB] New best heuristic value for pinch: 11
[t=0.0500924s, 18484 KB] g=87, 2328 evaluated, 205 expanded
[t=0.0506484s, 18484 KB] New best heuristic value for pinch: 10
[t=0.0506924s, 18484 KB] g=88, 2377 evaluated, 206 expanded
[t=0.0510731s, 18484 KB] New best heuristic value for pinch: 9
[t=0.0511182s, 18484 KB] g=89, 2406 evaluated, 207 expanded
[t=0.0514669s, 18484 KB] New best heuristic value for pinch: 8
[t=0.0515138s, 18484 KB] g=90, 2431 evaluated, 209 expanded
[t=0.0518177s, 18484 KB] New best heuristic value for pinch: 7
[t=0.0518624s, 18484 KB] g=91, 2454 evaluated, 210 expanded
[t=0.0522693s, 18484 KB] New best heuristic value for pinch: 6
[t=0.0523153s, 18484 KB] g=92, 2485 evaluated, 212 expanded
[t=0.0525992s, 18484 KB] New best heuristic value for pinch: 5
[t=0.0526424s, 18484 KB] g=93, 2508 evaluated, 213 expanded
[t=0.0530455s, 18484 KB] New best heuristic value for pinch: 4
[t=0.0530969s, 18484 KB] g=94, 2539 evaluated, 214 expanded
[t=0.0536666s, 18484 KB] New best heuristic value for pinch: 3
[t=0.0537128s, 18484 KB] g=95, 2588 evaluated, 215 expanded
[t=0.0538209s, 18484 KB] New best heuristic value for pinch: 2
[t=0.0538629s, 18484 KB] g=96, 2593 evaluated, 216 expanded
[t=0.0544302s, 18484 KB] New best heuristic value for pinch: 1
[t=0.0544774s, 18484 KB] g=97, 2643 evaluated, 217 expanded
[t=0.0545739s, 18484 KB] New best heuristic value for pinch: 0
[t=0.0546161s, 18484 KB] g=98, 2647 evaluated, 218 expanded
[t=0.0546586s, 18484 KB] Solution found!
[t=0.0547146s, 18484 KB] Actual search time: 0.038584s
up f0 f37 (1)
stop f37 (1)
down f37 f26 (1)
stop f26 (1)
down f26 f5 (1)
stop f5 (1)
up f5 f31 (1)
stop f31 (1)
up f31 f50 (1)
stop f50 (1)
down f50 f12 (1)
stop f12 (1)
down f12 f8 (1)
stop f8 (1)
up f8 f16 (1)
stop f16 (1)
up f16 f29 (1)
stop f29 (1)
up f29 f31 (1)
stop f31 (1)
up f31 f33 (1)
stop f33 (1)
up f33 f37 (1)
stop f37 (1)
up f37 f51 (1)
stop f51 (1)
up f51 f52 (1)
stop f52 (1)
down f52 f10 (1)
stop f10 (1)
down f10 f2 (1)
stop f2 (1)
up f2 f18 (1)
stop f18 (1)
down f18 f0 (1)
stop f0 (1)
up f0 f19 (1)
stop f19 (1)
down f19 f16 (1)
stop f16 (1)
down f16 f3 (1)
stop f3 (1)
up f3 f37 (1)
stop f37 (1)
down f37 f27 (1)
stop f27 (1)
down f27 f4 (1)
stop f4 (1)
up f4 f28 (1)
stop f28 (1)
down f28 f5 (1)
stop f5 (1)
up f5 f31 (1)
stop f31 (1)
down f31 f6 (1)
stop f6 (1)
down f6 f0 (1)
stop f0 (1)
up f0 f32 (1)
stop f32 (1)
down f32 f7 (1)
stop f7 (1)
up f7 f33 (1)
stop f33 (1)
down f33 f9 (1)
stop f9 (1)
up f9 f35 (1)
stop f35 (1)
down f35 f26 (1)
stop f26 (1)
up f26 f37 (1)
stop f37 (1)
up f37 f41 (1)
stop f41 (1)
down f41 f25 (1)
stop f25 (1)
up f25 f44 (1)
stop f44 (1)
down f44 f8 (1)
stop f8 (1)
up f8 f45 (1)
stop f45 (1)
down f45 f25 (1)
stop f25 (1)
up f25 f46 (1)
stop f46 (1)
down f46 f12 (1)
stop f12 (1)
up f12 f47 (1)
stop f47 (1)
up f47 f48 (1)
stop f48 (1)
down f48 f29 (1)
stop f29 (1)
up f29 f49 (1)
stop f49 (1)
up f49 f50 (1)
stop f50 (1)
[t=0.0547603s, 18484 KB] Plan length: 98 step(s).
[t=0.0547603s, 18484 KB] Plan cost: 98
[t=0.0547603s, 18484 KB] Expanded 219 state(s).
[t=0.0547603s, 18484 KB] Reopened 0 state(s).
[t=0.0547603s, 18484 KB] Evaluated 2647 state(s).
[t=0.0547603s, 18484 KB] Evaluations: 2647
[t=0.0547603s, 18484 KB] Generated 11772 state(s).
[t=0.0547603s, 18484 KB] Dead ends: 0 state(s).
[t=0.0547603s, 18484 KB] Number of registered states: 2647
[t=0.0547603s, 18484 KB] Int hash set load factor: 2647/4096 = 0.64624
[t=0.0547603s, 18484 KB] Int hash set resizes: 12
[t=0.0547603s, 18484 KB] mean number of q cost that have been adjusted 0 times in relation to total number of q: -1
[t=0.0547603s, 18484 KB] mean number of q cost that have been adjusted 1 times in relation to total number of q: -1
[t=0.0547603s, 18484 KB] mean number of q cost that have been adjusted 2 times in relation to total number of q: -1
[t=0.0547603s, 18484 KB] mean number of q that are at some point overconsitent in relation to total number of q: -1
[t=0.0547603s, 18484 KB] mean number of q that are at first underconsisten in relation to total number of q: -1
[t=0.0547603s, 18484 KB] mean number of state variables that are not in common between two following states in relation to total number of state variables: -1
[t=0.0547603s, 18484 KB] variance number of state variables that are not in common between two following states in relation to total number of state variables: -1
[t=0.0547603s, 18484 KB] Search time: 0.0390696s
[t=0.0547603s, 18484 KB] Total time: 0.0547603s
Solution found.
Peak memory: 18484 KB
Remove intermediate file output.sas
search exit code: 0

INFO     Running validate.
INFO     validate stdin: None
INFO     validate time limit: None
INFO     validate memory limit: None
INFO     validate command line string: validate domain.pddl problem.pddl sas_plan
