INFO     Running translator.
INFO     translator stdin: None
INFO     translator time limit: 1799.96s
INFO     translator memory limit: 3584 MB
INFO     translator command line string: /infai/weidan00/downward/experiments/bachelor/.venv/bin/python3 /infai/weidan00/downward/experiments/bachelor/data/bachelor-v1/code-7aa5f34_e5e41175/builds/release/bin/translate/translate.py domain.pddl problem.pddl --sas-file output.sas
Parsing...
Parsing: [0.000s CPU, 0.006s wall-clock]
Normalizing task... [0.000s CPU, 0.000s wall-clock]
Instantiating...
Generating Datalog program... [0.000s CPU, 0.001s wall-clock]
Normalizing Datalog program...
Normalizing Datalog program: [0.010s CPU, 0.002s wall-clock]
Preparing model... [0.000s CPU, 0.002s wall-clock]
Generated 65 rules.
Computing model... [0.000s CPU, 0.011s wall-clock]
686 relevant atoms
140 auxiliary atoms
826 final queue length
2003 total queue pushes
Completing instantiation... [0.030s CPU, 0.034s wall-clock]
Instantiating: [0.040s CPU, 0.051s wall-clock]
Computing fact groups...
Finding invariants...
21 initial candidates
Finding invariants: [0.000s CPU, 0.004s wall-clock]
Checking invariant weight... [0.000s CPU, 0.000s wall-clock]
Instantiating groups... [0.000s CPU, 0.000s wall-clock]
Collecting mutex groups... [0.000s CPU, 0.000s wall-clock]
Choosing groups...
240 uncovered facts
Choosing groups: [0.000s CPU, 0.000s wall-clock]
Building translation key... [0.000s CPU, 0.001s wall-clock]
Computing fact groups: [0.010s CPU, 0.008s wall-clock]
Building STRIPS to SAS dictionary... [0.000s CPU, 0.000s wall-clock]
Building dictionary for full mutex groups... [0.000s CPU, 0.000s wall-clock]
Building mutex information...
Building mutex information: [0.000s CPU, 0.000s wall-clock]
Translating task...
Processing axioms...
Simplifying axioms... [0.000s CPU, 0.000s wall-clock]
Processing axioms: [0.000s CPU, 0.002s wall-clock]
Translating task: [0.050s CPU, 0.044s wall-clock]
1341 effect conditions simplified
0 implied preconditions added
Detecting unreachable propositions...
0 operators removed
0 axioms removed
6 propositions removed
Detecting unreachable propositions: [0.010s CPU, 0.016s wall-clock]
Reordering and filtering variables...
126 of 237 variables necessary.
0 of 0 mutex groups necessary.
313 of 313 operators necessary.
0 of 0 axiom rules necessary.
Reordering and filtering variables: [0.020s CPU, 0.013s wall-clock]
Translator variables: 126
Translator derived variables: 0
Translator facts: 252
Translator goal facts: 13
Translator mutex groups: 0
Translator total mutex groups size: 0
Translator operators: 313
Translator axioms: 0
Translator task size: 3050
Translator peak memory: 145612 KB
Writing output... [0.000s CPU, 0.008s wall-clock]
Done! [0.130s CPU, 0.149s wall-clock]
translate exit code: 0

INFO     Running search (release).
INFO     search stdin: output.sas
INFO     search time limit: 1799.77s
INFO     search memory limit: 3584 MB
INFO     search command line string: /infai/weidan00/downward/experiments/bachelor/data/bachelor-v1/code-7aa5f34_e5e41175/builds/release/bin/downward --search 'eager_wastar([add()], w=2)' --internal-plan-file sas_plan < output.sas
[t=6.6566e-05s, 17204 KB] reading input...
[t=0.00332261s, 17344 KB] done reading input!
[t=0.00541611s, 17740 KB] Simplifying 1344 unary operators... done! [1078 unary operators]
[t=0.00658313s, 17872 KB] time to simplify: 0.00124558s
[t=0.00677653s, 17872 KB] Initializing additive heuristic...
[t=0.00691201s, 17872 KB] Building successor generator...done!
[t=0.00723208s, 17872 KB] peak memory difference for successor generator creation: 0 KB
[t=0.00727162s, 17872 KB] time for successor generation creation: 0.000187629s
[t=0.0073206s, 17872 KB] Variables: 126
[t=0.00736013s, 17872 KB] FactPairs: 252
[t=0.00739933s, 17872 KB] Bytes per state: 16
[t=0.00752354s, 17872 KB] Conducting best first search with reopening closed nodes, (real) bound = 2147483647
[t=0.00764416s, 17872 KB] New best heuristic value for add: 13
[t=0.00768783s, 17872 KB] g=0, 1 evaluated, 0 expanded
[t=0.00773864s, 17872 KB] Initial heuristic value for add: 13
[t=0.00777967s, 17872 KB] pruning method: none
[t=0.00871846s, 17872 KB] New best heuristic value for add: 12
[t=0.00876736s, 17872 KB] g=1, 51 evaluated, 1 expanded
[t=0.0128603s, 17872 KB] New best heuristic value for add: 11
[t=0.0129215s, 17872 KB] g=2, 292 evaluated, 2 expanded
[t=0.0157562s, 17872 KB] New best heuristic value for add: 10
[t=0.0158098s, 17872 KB] g=3, 464 evaluated, 3 expanded
[t=0.0179007s, 17872 KB] New best heuristic value for add: 9
[t=0.0179531s, 17872 KB] g=4, 586 evaluated, 4 expanded
[t=0.0279618s, 17872 KB] New best heuristic value for add: 8
[t=0.0280275s, 17872 KB] g=6, 1196 evaluated, 22 expanded
[t=0.0285062s, 17872 KB] New best heuristic value for add: 7
[t=0.0285623s, 17872 KB] g=7, 1222 evaluated, 23 expanded
[t=0.0325836s, 17872 KB] New best heuristic value for add: 6
[t=0.0326417s, 17872 KB] g=8, 1484 evaluated, 24 expanded
[t=1.40157s, 22092 KB] New best heuristic value for add: 5
[t=1.40169s, 22092 KB] g=11, 87878 evaluated, 1430 expanded
[t=7.12383s, 39400 KB] New best heuristic value for add: 4
[t=7.12395s, 39400 KB] g=13, 447069 evaluated, 7510 expanded
Failed to allocate memory.
Memory limit has been reached.
Peak memory: 3670016 KB
Remove intermediate file output.sas
search exit code: 22

Driver aborting after search
