INFO     Running translator.
INFO     translator stdin: None
INFO     translator time limit: 1799.95s
INFO     translator memory limit: 3584 MB
INFO     translator command line string: /infai/weidan00/downward/experiments/bachelor/.venv/bin/python3 /infai/weidan00/downward/experiments/bachelor/data/bachelor-v1/code-7aa5f34_e5e41175/builds/release/bin/translate/translate.py domain.pddl problem.pddl --sas-file output.sas
Parsing...
Parsing: [0.000s CPU, 0.003s wall-clock]
Normalizing task... [0.000s CPU, 0.000s wall-clock]
Instantiating...
Generating Datalog program... [0.000s CPU, 0.000s wall-clock]
Normalizing Datalog program...
Normalizing Datalog program: [0.000s CPU, 0.002s wall-clock]
Preparing model... [0.000s CPU, 0.000s wall-clock]
Generated 21 rules.
Computing model... [0.010s CPU, 0.001s wall-clock]
78 relevant atoms
52 auxiliary atoms
130 final queue length
206 total queue pushes
Completing instantiation... [0.000s CPU, 0.002s wall-clock]
Instantiating: [0.010s CPU, 0.005s wall-clock]
Computing fact groups...
Finding invariants...
10 initial candidates
Finding invariants: [0.000s CPU, 0.004s wall-clock]
Checking invariant weight... [0.000s CPU, 0.000s wall-clock]
Instantiating groups... [0.000s CPU, 0.000s wall-clock]
Collecting mutex groups... [0.000s CPU, 0.000s wall-clock]
Choosing groups...
5 uncovered facts
Choosing groups: [0.000s CPU, 0.000s wall-clock]
Building translation key... [0.000s CPU, 0.000s wall-clock]
Computing fact groups: [0.000s CPU, 0.005s wall-clock]
Building STRIPS to SAS dictionary... [0.000s CPU, 0.000s wall-clock]
Building dictionary for full mutex groups... [0.000s CPU, 0.000s wall-clock]
Building mutex information...
Building mutex information: [0.000s CPU, 0.000s wall-clock]
Translating task...
Processing axioms...
Simplifying axioms... [0.000s CPU, 0.000s wall-clock]
Processing axioms: [0.000s CPU, 0.000s wall-clock]
Translating task: [0.000s CPU, 0.002s wall-clock]
44 effect conditions simplified
0 implied preconditions added
Detecting unreachable propositions...
0 operators removed
0 axioms removed
8 propositions removed
Detecting unreachable propositions: [0.010s CPU, 0.001s wall-clock]
Reordering and filtering variables...
9 of 9 variables necessary.
5 of 9 mutex groups necessary.
32 of 32 operators necessary.
0 of 0 axiom rules necessary.
Reordering and filtering variables: [0.000s CPU, 0.001s wall-clock]
Translator variables: 9
Translator derived variables: 0
Translator facts: 30
Translator goal facts: 3
Translator mutex groups: 5
Translator total mutex groups size: 25
Translator operators: 32
Translator axioms: 0
Translator task size: 295
Translator peak memory: 142540 KB
Writing output... [0.000s CPU, 0.004s wall-clock]
Done! [0.020s CPU, 0.021s wall-clock]
translate exit code: 0

INFO     Running search (release).
INFO     search stdin: output.sas
INFO     search time limit: 1799.88s
INFO     search memory limit: 3584 MB
INFO     search command line string: /infai/weidan00/downward/experiments/bachelor/data/bachelor-v1/code-7aa5f34_e5e41175/builds/release/bin/downward --search 'eager_wastar([add()], w=2)' --internal-plan-file sas_plan < output.sas
[t=6.4063e-05s, 17204 KB] reading input...
[t=0.000570763s, 17212 KB] done reading input!
[t=0.00242726s, 17476 KB] Simplifying 120 unary operators... done! [96 unary operators]
[t=0.00258512s, 17476 KB] time to simplify: 0.000208214s
[t=0.00265802s, 17476 KB] Initializing additive heuristic...
[t=0.00278117s, 17476 KB] Building successor generator...done!
[t=0.00293912s, 17476 KB] peak memory difference for successor generator creation: 0 KB
[t=0.00297696s, 17476 KB] time for successor generation creation: 3.8494e-05s
[t=0.00302486s, 17476 KB] Variables: 9
[t=0.00306422s, 17476 KB] FactPairs: 30
[t=0.00310329s, 17476 KB] Bytes per state: 4
[t=0.00325646s, 17476 KB] Conducting best first search with reopening closed nodes, (real) bound = 2147483647
[t=0.00335391s, 17476 KB] New best heuristic value for add: 6
[t=0.00339749s, 17476 KB] g=0, 1 evaluated, 0 expanded
[t=0.00344496s, 17476 KB] Initial heuristic value for add: 6
[t=0.00348581s, 17476 KB] pruning method: none
[t=0.00357146s, 17476 KB] New best heuristic value for add: 5
[t=0.00361369s, 17476 KB] g=2, 8 evaluated, 2 expanded
[t=0.00368066s, 17476 KB] New best heuristic value for add: 4
[t=0.00372187s, 17476 KB] g=2, 13 evaluated, 5 expanded
[t=0.00379049s, 17476 KB] New best heuristic value for add: 3
[t=0.00383147s, 17476 KB] g=4, 19 evaluated, 7 expanded
[t=0.00387868s, 17476 KB] New best heuristic value for add: 2
[t=0.00392001s, 17476 KB] g=4, 20 evaluated, 9 expanded
[t=0.00396917s, 17476 KB] New best heuristic value for add: 1
[t=0.00400976s, 17476 KB] g=5, 22 evaluated, 10 expanded
[t=0.00406192s, 17476 KB] New best heuristic value for add: 0
[t=0.00410307s, 17476 KB] g=6, 23 evaluated, 11 expanded
[t=0.00414469s, 17476 KB] Solution found!
[t=0.00418726s, 17476 KB] Actual search time: 0.000697768s
pick-up b (1)
stack b a (1)
pick-up c (1)
stack c b (1)
pick-up d (1)
stack d c (1)
[t=0.00423146s, 17476 KB] Plan length: 6 step(s).
[t=0.00423146s, 17476 KB] Plan cost: 6
[t=0.00423146s, 17476 KB] Expanded 12 state(s).
[t=0.00423146s, 17476 KB] Reopened 0 state(s).
[t=0.00423146s, 17476 KB] Evaluated 23 state(s).
[t=0.00423146s, 17476 KB] Evaluations: 23
[t=0.00423146s, 17476 KB] Generated 33 state(s).
[t=0.00423146s, 17476 KB] Dead ends: 0 state(s).
[t=0.00423146s, 17476 KB] Number of registered states: 23
[t=0.00423146s, 17476 KB] Int hash set load factor: 23/32 = 0.71875
[t=0.00423146s, 17476 KB] Int hash set resizes: 5
[t=0.00423146s, 17476 KB] mean number of q cost that have been adjusted 0 times in relation to total number of q: -1
[t=0.00423146s, 17476 KB] mean number of q cost that have been adjusted 1 times in relation to total number of q: -1
[t=0.00423146s, 17476 KB] mean number of q cost that have been adjusted 2 times in relation to total number of q: -1
[t=0.00423146s, 17476 KB] mean number of q that are at some point overconsitent in relation to total number of q: -1
[t=0.00423146s, 17476 KB] mean number of q that are at first underconsisten in relation to total number of q: -1
[t=0.00423146s, 17476 KB] mean number of state variables that are not in common between two following states in relation to total number of state variables: -1
[t=0.00423146s, 17476 KB] variance number of state variables that are not in common between two following states in relation to total number of state variables: -1
[t=0.00423146s, 17476 KB] Search time: 0.000975474s
[t=0.00423146s, 17476 KB] Total time: 0.00423146s
Solution found.
Peak memory: 17476 KB
Remove intermediate file output.sas
search exit code: 0

INFO     Running validate.
INFO     validate stdin: None
INFO     validate time limit: None
INFO     validate memory limit: None
INFO     validate command line string: validate domain.pddl problem.pddl sas_plan
