INFO     Running translator.
INFO     translator stdin: None
INFO     translator time limit: 1799.96s
INFO     translator memory limit: 3584 MB
INFO     translator command line string: /infai/weidan00/downward/experiments/bachelor/.venv/bin/python3 /infai/weidan00/downward/experiments/bachelor/data/bachelor-v1/code-7aa5f34_e5e41175/builds/release/bin/translate/translate.py domain.pddl problem.pddl --sas-file output.sas
Parsing...
Parsing: [0.000s CPU, 0.004s wall-clock]
Normalizing task... [0.000s CPU, 0.000s wall-clock]
Instantiating...
Generating Datalog program... [0.000s CPU, 0.001s wall-clock]
Normalizing Datalog program...
Normalizing Datalog program: [0.010s CPU, 0.004s wall-clock]
Preparing model... [0.010s CPU, 0.004s wall-clock]
Generated 51 rules.
Computing model... [0.100s CPU, 0.106s wall-clock]
7605 relevant atoms
3882 auxiliary atoms
11487 final queue length
16801 total queue pushes
Completing instantiation... [0.190s CPU, 0.192s wall-clock]
Instantiating: [0.310s CPU, 0.310s wall-clock]
Computing fact groups...
Finding invariants...
6 initial candidates
Finding invariants: [0.010s CPU, 0.003s wall-clock]
Checking invariant weight... [0.000s CPU, 0.001s wall-clock]
Instantiating groups... [0.020s CPU, 0.021s wall-clock]
Collecting mutex groups... [0.000s CPU, 0.001s wall-clock]
Choosing groups...
0 uncovered facts
Choosing groups: [0.010s CPU, 0.002s wall-clock]
Building translation key... [0.000s CPU, 0.001s wall-clock]
Computing fact groups: [0.040s CPU, 0.036s wall-clock]
Building STRIPS to SAS dictionary... [0.000s CPU, 0.001s wall-clock]
Building dictionary for full mutex groups... [0.000s CPU, 0.001s wall-clock]
Building mutex information...
Building mutex information: [0.000s CPU, 0.000s wall-clock]
Translating task...
Processing axioms...
Simplifying axioms... [0.000s CPU, 0.000s wall-clock]
Processing axioms: [0.010s CPU, 0.008s wall-clock]
Translating task: [0.180s CPU, 0.178s wall-clock]
0 effect conditions simplified
0 implied preconditions added
Detecting unreachable propositions...
0 operators removed
0 axioms removed
72 propositions removed
Detecting unreachable propositions: [0.080s CPU, 0.083s wall-clock]
Reordering and filtering variables...
72 of 72 variables necessary.
0 of 72 mutex groups necessary.
5928 of 5928 operators necessary.
0 of 0 axiom rules necessary.
Reordering and filtering variables: [0.020s CPU, 0.020s wall-clock]
Translator variables: 72
Translator derived variables: 0
Translator facts: 985
Translator goal facts: 7
Translator mutex groups: 0
Translator total mutex groups size: 0
Translator operators: 5928
Translator axioms: 0
Translator task size: 23034
Translator peak memory: 162764 KB
Writing output... [0.040s CPU, 0.053s wall-clock]
Done! [0.680s CPU, 0.696s wall-clock]
translate exit code: 0

INFO     Running search (release).
INFO     search stdin: output.sas
INFO     search time limit: 1799.21s
INFO     search memory limit: 3584 MB
INFO     search command line string: /infai/weidan00/downward/experiments/bachelor/data/bachelor-v1/code-7aa5f34_e5e41175/builds/release/bin/downward --search 'eager_wastar([pinch_tracking()], w=2)' --internal-plan-file sas_plan < output.sas
[t=6.1804e-05s, 17204 KB] reading input...
[t=0.0296596s, 18824 KB] done reading input!
[t=0.0327704s, 19460 KB] Simplifying 5928 unary operators... done! [5928 unary operators]
[t=0.0358618s, 19988 KB] time to simplify: 0.00330202s
[t=0.0366102s, 19988 KB] Initializing pinch tracking heuristic...
[t=0.0367768s, 19988 KB] Building successor generator...done!
[t=0.0399287s, 20456 KB] peak memory difference for successor generator creation: 468 KB
[t=0.0399739s, 20456 KB] time for successor generation creation: 0.00295209s
[t=0.0400613s, 20456 KB] Variables: 72
[t=0.0401037s, 20456 KB] FactPairs: 985
[t=0.0401431s, 20456 KB] Bytes per state: 28
[t=0.040286s, 20456 KB] Conducting best first search with reopening closed nodes, (real) bound = 2147483647
[t=0.0408832s, 20456 KB] New best heuristic value for pinch_tracking: 60
[t=0.0409327s, 20456 KB] g=0, 1 evaluated, 0 expanded
[t=0.0409872s, 20456 KB] Initial heuristic value for pinch_tracking: 60
[t=0.0410287s, 20456 KB] pruning method: none
[t=0.0412714s, 20456 KB] New best heuristic value for pinch_tracking: 59
[t=0.0413146s, 20456 KB] g=1, 12 evaluated, 1 expanded
[t=0.0456824s, 20456 KB] New best heuristic value for pinch_tracking: 58
[t=0.0457413s, 20456 KB] g=2, 259 evaluated, 2 expanded
[t=0.0500443s, 20456 KB] New best heuristic value for pinch_tracking: 57
[t=0.0501047s, 20456 KB] g=3, 505 evaluated, 3 expanded
[t=0.0546962s, 20456 KB] New best heuristic value for pinch_tracking: 56
[t=0.0547577s, 20456 KB] g=4, 769 evaluated, 4 expanded
[t=0.0593997s, 20456 KB] New best heuristic value for pinch_tracking: 55
[t=0.059462s, 20456 KB] g=5, 1019 evaluated, 5 expanded
[t=0.0640937s, 20456 KB] New best heuristic value for pinch_tracking: 54
[t=0.0641549s, 20456 KB] g=6, 1268 evaluated, 6 expanded
[t=0.0688435s, 20456 KB] New best heuristic value for pinch_tracking: 53
[t=0.0689038s, 20456 KB] g=7, 1523 evaluated, 7 expanded
[t=0.0735818s, 20456 KB] New best heuristic value for pinch_tracking: 52
[t=0.0736416s, 20456 KB] g=8, 1774 evaluated, 8 expanded
[t=0.0785368s, 20456 KB] New best heuristic value for pinch_tracking: 51
[t=0.0785972s, 20456 KB] g=9, 2024 evaluated, 9 expanded
[t=0.0834061s, 20456 KB] New best heuristic value for pinch_tracking: 50
[t=0.0834703s, 20456 KB] g=10, 2280 evaluated, 10 expanded
[t=0.0882426s, 20456 KB] New best heuristic value for pinch_tracking: 49
[t=0.0883012s, 20456 KB] g=11, 2532 evaluated, 11 expanded
[t=0.093012s, 20456 KB] New best heuristic value for pinch_tracking: 48
[t=0.0930713s, 20456 KB] g=12, 2782 evaluated, 12 expanded
[t=0.0979776s, 20456 KB] New best heuristic value for pinch_tracking: 47
[t=0.0980386s, 20456 KB] g=13, 3052 evaluated, 13 expanded
[t=0.102739s, 20456 KB] New best heuristic value for pinch_tracking: 46
[t=0.102799s, 20456 KB] g=14, 3303 evaluated, 14 expanded
[t=0.107604s, 20456 KB] New best heuristic value for pinch_tracking: 45
[t=0.107667s, 20456 KB] g=15, 3554 evaluated, 15 expanded
[t=0.11273s, 20456 KB] New best heuristic value for pinch_tracking: 44
[t=0.112796s, 20456 KB] g=16, 3824 evaluated, 16 expanded
[t=0.118127s, 20456 KB] New best heuristic value for pinch_tracking: 43
[t=0.118193s, 20456 KB] g=17, 4078 evaluated, 17 expanded
[t=0.123461s, 20572 KB] New best heuristic value for pinch_tracking: 42
[t=0.123528s, 20572 KB] g=18, 4334 evaluated, 18 expanded
[t=0.130005s, 20572 KB] New best heuristic value for pinch_tracking: 41
[t=0.130071s, 20572 KB] g=19, 4656 evaluated, 19 expanded
[t=0.135226s, 20572 KB] New best heuristic value for pinch_tracking: 40
[t=0.135294s, 20572 KB] g=20, 4910 evaluated, 20 expanded
[t=0.140353s, 20572 KB] New best heuristic value for pinch_tracking: 39
[t=0.140418s, 20572 KB] g=21, 5161 evaluated, 21 expanded
[t=0.144726s, 20572 KB] New best heuristic value for pinch_tracking: 38
[t=0.144789s, 20572 KB] g=22, 5372 evaluated, 22 expanded
[t=0.150012s, 20572 KB] New best heuristic value for pinch_tracking: 37
[t=0.150075s, 20572 KB] g=23, 5628 evaluated, 23 expanded
[t=0.155204s, 20572 KB] New best heuristic value for pinch_tracking: 36
[t=0.155268s, 20572 KB] g=24, 5883 evaluated, 24 expanded
[t=0.16176s, 20572 KB] New best heuristic value for pinch_tracking: 35
[t=0.161828s, 20572 KB] g=25, 6215 evaluated, 25 expanded
[t=0.16665s, 20572 KB] New best heuristic value for pinch_tracking: 34
[t=0.166713s, 20572 KB] g=26, 6467 evaluated, 26 expanded
[t=0.171078s, 20572 KB] New best heuristic value for pinch_tracking: 33
[t=0.171139s, 20572 KB] g=27, 6710 evaluated, 27 expanded
[t=0.175351s, 20572 KB] New best heuristic value for pinch_tracking: 32
[t=0.175412s, 20572 KB] g=28, 6952 evaluated, 28 expanded
[t=0.179382s, 20572 KB] New best heuristic value for pinch_tracking: 31
[t=0.179444s, 20572 KB] g=29, 7194 evaluated, 29 expanded
[t=0.184153s, 20812 KB] New best heuristic value for pinch_tracking: 30
[t=0.184222s, 20812 KB] g=30, 7435 evaluated, 30 expanded
[t=0.187633s, 20812 KB] New best heuristic value for pinch_tracking: 29
[t=0.187693s, 20812 KB] g=31, 7621 evaluated, 31 expanded
[t=0.192452s, 20812 KB] New best heuristic value for pinch_tracking: 28
[t=0.192518s, 20812 KB] g=32, 7869 evaluated, 32 expanded
[t=0.19712s, 20812 KB] New best heuristic value for pinch_tracking: 27
[t=0.197185s, 20812 KB] g=33, 8114 evaluated, 33 expanded
[t=0.203295s, 21004 KB] New best heuristic value for pinch_tracking: 26
[t=0.20337s, 21004 KB] g=34, 8425 evaluated, 34 expanded
[t=0.207973s, 21004 KB] New best heuristic value for pinch_tracking: 25
[t=0.208043s, 21004 KB] g=35, 8670 evaluated, 35 expanded
[t=0.2126s, 21004 KB] New best heuristic value for pinch_tracking: 24
[t=0.21265s, 21004 KB] g=36, 8916 evaluated, 36 expanded
[t=0.214542s, 21004 KB] New best heuristic value for pinch_tracking: 23
[t=0.214598s, 21004 KB] g=37, 9028 evaluated, 37 expanded
[t=0.219085s, 21004 KB] New best heuristic value for pinch_tracking: 22
[t=0.219147s, 21004 KB] g=38, 9279 evaluated, 38 expanded
[t=0.223513s, 21004 KB] New best heuristic value for pinch_tracking: 21
[t=0.223573s, 21004 KB] g=39, 9529 evaluated, 39 expanded
[t=0.230756s, 21004 KB] New best heuristic value for pinch_tracking: 20
[t=0.230822s, 21004 KB] g=40, 9950 evaluated, 40 expanded
[t=0.234808s, 21004 KB] New best heuristic value for pinch_tracking: 19
[t=0.234869s, 21004 KB] g=41, 10190 evaluated, 41 expanded
[t=0.23878s, 21004 KB] New best heuristic value for pinch_tracking: 18
[t=0.238846s, 21004 KB] g=42, 10435 evaluated, 42 expanded
[t=0.24025s, 21004 KB] New best heuristic value for pinch_tracking: 17
[t=0.240302s, 21004 KB] g=43, 10520 evaluated, 43 expanded
[t=0.244358s, 21004 KB] New best heuristic value for pinch_tracking: 16
[t=0.244419s, 21004 KB] g=44, 10769 evaluated, 44 expanded
[t=0.24837s, 21004 KB] New best heuristic value for pinch_tracking: 15
[t=0.248431s, 21004 KB] g=45, 11017 evaluated, 45 expanded
[t=0.254719s, 21136 KB] New best heuristic value for pinch_tracking: 14
[t=0.25479s, 21136 KB] g=46, 11428 evaluated, 46 expanded
[t=0.258304s, 21136 KB] New best heuristic value for pinch_tracking: 13
[t=0.258368s, 21136 KB] g=47, 11668 evaluated, 47 expanded
[t=0.262127s, 21136 KB] New best heuristic value for pinch_tracking: 12
[t=0.262195s, 21136 KB] g=48, 11908 evaluated, 48 expanded
[t=0.356275s, 21932 KB] New best heuristic value for pinch_tracking: 11
[t=0.356395s, 21932 KB] g=50, 17626 evaluated, 73 expanded
[t=0.360501s, 21932 KB] New best heuristic value for pinch_tracking: 10
[t=0.360572s, 21932 KB] g=51, 17873 evaluated, 74 expanded
[t=0.364668s, 21932 KB] New best heuristic value for pinch_tracking: 9
[t=0.364731s, 21932 KB] g=52, 18119 evaluated, 75 expanded
[t=0.466095s, 22216 KB] New best heuristic value for pinch_tracking: 8
[t=0.466215s, 22216 KB] g=54, 24255 evaluated, 101 expanded
[t=0.470409s, 22216 KB] New best heuristic value for pinch_tracking: 7
[t=0.470477s, 22216 KB] g=55, 24504 evaluated, 102 expanded
[t=0.47471s, 22360 KB] New best heuristic value for pinch_tracking: 6
[t=0.474775s, 22360 KB] g=56, 24752 evaluated, 103 expanded
[t=0.481627s, 22360 KB] New best heuristic value for pinch_tracking: 5
[t=0.481704s, 22360 KB] g=57, 25143 evaluated, 104 expanded
[t=0.485832s, 22360 KB] New best heuristic value for pinch_tracking: 4
[t=0.485898s, 22360 KB] g=58, 25388 evaluated, 105 expanded
[t=0.490182s, 22360 KB] New best heuristic value for pinch_tracking: 3
[t=0.490255s, 22360 KB] g=59, 25632 evaluated, 106 expanded
[t=0.60493s, 23148 KB] New best heuristic value for pinch_tracking: 2
[t=0.605053s, 23148 KB] g=61, 31499 evaluated, 131 expanded
[t=0.609914s, 23148 KB] New best heuristic value for pinch_tracking: 1
[t=0.609984s, 23148 KB] g=62, 31750 evaluated, 132 expanded
[t=0.614646s, 23148 KB] New best heuristic value for pinch_tracking: 0
[t=0.614713s, 23148 KB] g=63, 31999 evaluated, 133 expanded
[t=0.61895s, 23148 KB] Solution found!
[t=0.619022s, 23148 KB] Actual search time: 0.577994s
load-truck package5 truck52 city11-2 (1)
drive-truck truck52 city11-2 city11-3 city11 (1)
unload-truck package5 truck52 city11-3 (1)
load-truck package6 truck45 city4-1 (1)
drive-truck truck45 city4-1 city4-3 city4 (1)
unload-truck package6 truck45 city4-3 (1)
load-truck package4 truck43 city2-2 (1)
drive-truck truck43 city2-2 city2-3 city2 (1)
unload-truck package4 truck43 city2-3 (1)
load-truck package3 truck41 city7-2 (1)
drive-truck truck41 city7-2 city7-3 city7 (1)
unload-truck package3 truck41 city7-3 (1)
load-truck package2 truck33 city7-2 (1)
drive-truck truck33 city7-2 city7-3 city7 (1)
unload-truck package2 truck33 city7-3 (1)
load-truck package1 truck26 city7-2 (1)
drive-truck truck26 city7-2 city7-3 city7 (1)
unload-truck package1 truck26 city7-3 (1)
load-airplane package3 plane8 city7-3 (1)
fly-airplane plane8 city7-3 city5-3 (1)
unload-airplane package3 plane8 city5-3 (1)
load-truck package3 truck2 city5-3 (1)
drive-truck truck2 city5-3 city5-1 city5 (1)
unload-truck package3 truck2 city5-1 (1)
load-airplane package2 plane5 city7-3 (1)
load-airplane package1 plane5 city7-3 (1)
fly-airplane plane5 city7-3 city4-3 (1)
load-airplane package6 plane5 city4-3 (1)
fly-airplane plane5 city4-3 city5-3 (1)
unload-airplane package6 plane5 city5-3 (1)
load-truck package6 truck14 city5-3 (1)
drive-truck truck14 city5-3 city5-2 city5 (1)
unload-truck package6 truck14 city5-2 (1)
unload-airplane package2 plane5 city5-3 (1)
fly-airplane plane5 city5-3 city4-3 (1)
unload-airplane package1 plane5 city4-3 (1)
load-truck package1 truck45 city4-3 (1)
drive-truck truck45 city4-3 city4-1 city4 (1)
unload-truck package1 truck45 city4-1 (1)
load-airplane package5 plane2 city11-3 (1)
fly-airplane plane2 city11-3 city2-3 (1)
unload-airplane package5 plane2 city2-3 (1)
load-truck package5 truck43 city2-3 (1)
drive-truck truck43 city2-3 city2-1 city2 (1)
unload-truck package5 truck43 city2-1 (1)
load-airplane package4 plane2 city2-3 (1)
fly-airplane plane2 city2-3 city5-3 (1)
unload-airplane package4 plane2 city5-3 (1)
drive-truck truck46 city5-2 city5-3 city5 (1)
load-truck package2 truck46 city5-3 (1)
drive-truck truck46 city5-3 city5-2 city5 (1)
unload-truck package2 truck46 city5-2 (1)
drive-truck truck45 city4-1 city4-2 city4 (1)
load-truck package7 truck45 city4-2 (1)
drive-truck truck45 city4-2 city4-3 city4 (1)
unload-truck package7 truck45 city4-3 (1)
load-airplane package7 plane5 city4-3 (1)
fly-airplane plane5 city4-3 city5-3 (1)
unload-airplane package7 plane5 city5-3 (1)
drive-truck truck46 city5-2 city5-3 city5 (1)
load-truck package7 truck46 city5-3 (1)
drive-truck truck46 city5-3 city5-1 city5 (1)
unload-truck package7 truck46 city5-1 (1)
[t=0.61907s, 23148 KB] Plan length: 63 step(s).
[t=0.61907s, 23148 KB] Plan cost: 63
[t=0.61907s, 23148 KB] Expanded 134 state(s).
[t=0.61907s, 23148 KB] Reopened 0 state(s).
[t=0.61907s, 23148 KB] Evaluated 32224 state(s).
[t=0.61907s, 23148 KB] Evaluations: 32224
[t=0.61907s, 23148 KB] Generated 33402 state(s).
[t=0.61907s, 23148 KB] Dead ends: 0 state(s).
[t=0.61907s, 23148 KB] Number of registered states: 32224
[t=0.61907s, 23148 KB] Int hash set load factor: 32224/65536 = 0.491699
[t=0.61907s, 23148 KB] Int hash set resizes: 16
[t=0.61907s, 23148 KB] mean number of q cost that have been adjusted 0 times in relation to total number of q: -1
[t=0.61907s, 23148 KB] mean number of q cost that have been adjusted 1 times in relation to total number of q: -1
[t=0.61907s, 23148 KB] mean number of q cost that have been adjusted 2 times in relation to total number of q: -1
[t=0.61907s, 23148 KB] mean number of q that are at some point overconsitent in relation to total number of q: -1
[t=0.61907s, 23148 KB] mean number of q that are at first underconsisten in relation to total number of q: -1
[t=0.61907s, 23148 KB] mean number of state variables that are not in common between two following states in relation to total number of state variables: -1
[t=0.61907s, 23148 KB] variance number of state variables that are not in common between two following states in relation to total number of state variables: -1
[t=0.61907s, 23148 KB] Search time: 0.578785s
[t=0.61907s, 23148 KB] Total time: 0.61907s
Solution found.
Peak memory: 23148 KB
Remove intermediate file output.sas
search exit code: 0

INFO     Running validate.
INFO     validate stdin: None
INFO     validate time limit: None
INFO     validate memory limit: None
INFO     validate command line string: validate domain.pddl problem.pddl sas_plan
