INFO     Running translator.
INFO     translator stdin: None
INFO     translator time limit: 1799.96s
INFO     translator memory limit: 3584 MB
INFO     translator command line string: /infai/weidan00/downward/experiments/bachelor/.venv/bin/python3 /infai/weidan00/downward/experiments/bachelor/data/bachelor-v1/code-7aa5f34_e5e41175/builds/release/bin/translate/translate.py domain.pddl problem.pddl --sas-file output.sas
Parsing...
Parsing: [0.000s CPU, 0.005s wall-clock]
Normalizing task... [0.000s CPU, 0.000s wall-clock]
Instantiating...
Generating Datalog program... [0.000s CPU, 0.001s wall-clock]
Normalizing Datalog program...
Normalizing Datalog program: [0.010s CPU, 0.003s wall-clock]
Preparing model... [0.000s CPU, 0.004s wall-clock]
Generated 46 rules.
Computing model... [0.160s CPU, 0.163s wall-clock]
12552 relevant atoms
4521 auxiliary atoms
17073 final queue length
37368 total queue pushes
Completing instantiation... [0.530s CPU, 0.536s wall-clock]
Instantiating: [0.710s CPU, 0.712s wall-clock]
Computing fact groups...
Finding invariants...
12 initial candidates
Finding invariants: [0.000s CPU, 0.004s wall-clock]
Checking invariant weight... [0.010s CPU, 0.001s wall-clock]
Instantiating groups... [0.000s CPU, 0.002s wall-clock]
Collecting mutex groups... [0.000s CPU, 0.001s wall-clock]
Choosing groups...
1 uncovered facts
Choosing groups: [0.000s CPU, 0.002s wall-clock]
Building translation key... [0.000s CPU, 0.001s wall-clock]
Computing fact groups: [0.020s CPU, 0.017s wall-clock]
Building STRIPS to SAS dictionary... [0.000s CPU, 0.001s wall-clock]
Building dictionary for full mutex groups... [0.000s CPU, 0.001s wall-clock]
Building mutex information...
Building mutex information: [0.000s CPU, 0.000s wall-clock]
Translating task...
Processing axioms...
Simplifying axioms... [0.000s CPU, 0.000s wall-clock]
Processing axioms: [0.020s CPU, 0.023s wall-clock]
Translating task: [0.510s CPU, 0.522s wall-clock]
768 effect conditions simplified
0 implied preconditions added
Detecting unreachable propositions...
0 operators removed
0 axioms removed
189 propositions removed
Detecting unreachable propositions: [0.300s CPU, 0.287s wall-clock]
Reordering and filtering variables...
22 of 22 variables necessary.
1 of 22 mutex groups necessary.
10382 of 10382 operators necessary.
0 of 0 axiom rules necessary.
Reordering and filtering variables: [0.050s CPU, 0.058s wall-clock]
Translator variables: 22
Translator derived variables: 0
Translator facts: 862
Translator goal facts: 3
Translator mutex groups: 1
Translator total mutex groups size: 13
Translator operators: 10382
Translator axioms: 0
Translator task size: 61607
Translator peak memory: 190924 KB
Writing output... [0.100s CPU, 0.112s wall-clock]
Done! [1.710s CPU, 1.735s wall-clock]
translate exit code: 0

INFO     Running search (release).
INFO     search stdin: output.sas
INFO     search time limit: 1798.18s
INFO     search memory limit: 3584 MB
INFO     search command line string: /infai/weidan00/downward/experiments/bachelor/data/bachelor-v1/code-7aa5f34_e5e41175/builds/release/bin/downward --search 'eager_wastar([add()], w=2)' --internal-plan-file sas_plan < output.sas
[t=7.3695e-05s, 17204 KB] reading input...
[t=0.0586055s, 20300 KB] done reading input!
[t=0.063574s, 21912 KB] Simplifying 20366 unary operators... done! [11918 unary operators]
[t=0.0793522s, 23672 KB] time to simplify: 0.0167062s
[t=0.0810519s, 23672 KB] Initializing additive heuristic...
[t=0.0812187s, 23672 KB] Building successor generator...done!
[t=0.0871121s, 23672 KB] peak memory difference for successor generator creation: 0 KB
[t=0.0871544s, 23672 KB] time for successor generation creation: 0.00575189s
[t=0.0872848s, 23672 KB] Variables: 22
[t=0.0873288s, 23672 KB] FactPairs: 862
[t=0.0873697s, 23672 KB] Bytes per state: 16
[t=0.0875152s, 23672 KB] Conducting best first search with reopening closed nodes, (real) bound = 2147483647
[t=0.0877691s, 23672 KB] New best heuristic value for add: 41
[t=0.0878185s, 23672 KB] g=0, 1 evaluated, 0 expanded
[t=0.0878681s, 23672 KB] Initial heuristic value for add: 41
[t=0.0879154s, 23672 KB] pruning method: none
[t=0.0881039s, 23672 KB] New best heuristic value for add: 39
[t=0.0881469s, 23672 KB] g=1, 2 evaluated, 1 expanded
[t=0.0882958s, 23672 KB] New best heuristic value for add: 37
[t=0.0883375s, 23672 KB] g=1, 3 evaluated, 1 expanded
[t=0.0887037s, 23672 KB] New best heuristic value for add: 35
[t=0.0887485s, 23672 KB] g=2, 6 evaluated, 2 expanded
[t=0.0891244s, 23672 KB] New best heuristic value for add: 33
[t=0.0891687s, 23672 KB] g=3, 9 evaluated, 3 expanded
[t=0.0895444s, 23672 KB] New best heuristic value for add: 32
[t=0.0895885s, 23672 KB] g=4, 12 evaluated, 4 expanded
[t=0.0898563s, 23672 KB] New best heuristic value for add: 31
[t=0.0899002s, 23672 KB] g=5, 14 evaluated, 5 expanded
[t=0.0916611s, 23672 KB] New best heuristic value for add: 29
[t=0.0917153s, 23672 KB] g=8, 30 evaluated, 10 expanded
[t=3.08316s, 24580 KB] New best heuristic value for add: 26
[t=3.08324s, 24580 KB] g=13, 29269 evaluated, 10168 expanded, 321 reopened
[t=3.08377s, 24580 KB] New best heuristic value for add: 25
[t=3.08382s, 24580 KB] g=14, 29273 evaluated, 10169 expanded, 321 reopened
[t=3.08428s, 24580 KB] New best heuristic value for add: 24
[t=3.08433s, 24580 KB] g=15, 29277 evaluated, 10170 expanded, 321 reopened
[t=3.08495s, 24580 KB] New best heuristic value for add: 23
[t=3.085s, 24580 KB] g=16, 29283 evaluated, 10171 expanded, 321 reopened
[t=3.08543s, 24580 KB] New best heuristic value for add: 22
[t=3.08548s, 24580 KB] g=17, 29287 evaluated, 10172 expanded, 321 reopened
[t=3.30188s, 24580 KB] New best heuristic value for add: 21
[t=3.30196s, 24580 KB] g=21, 31584 evaluated, 10891 expanded, 339 reopened
[t=33.6825s, 39932 KB] New best heuristic value for add: 19
[t=33.6826s, 39932 KB] g=27, 345739 evaluated, 118910 expanded, 8546 reopened
[t=33.683s, 39932 KB] New best heuristic value for add: 17
[t=33.683s, 39932 KB] g=28, 345742 evaluated, 118911 expanded, 8546 reopened
[t=33.6835s, 39932 KB] New best heuristic value for add: 16
[t=33.6835s, 39932 KB] g=29, 345747 evaluated, 118912 expanded, 8546 reopened
[t=33.6838s, 39932 KB] New best heuristic value for add: 15
[t=33.6838s, 39932 KB] g=30, 345750 evaluated, 118913 expanded, 8546 reopened
[t=33.6841s, 39932 KB] New best heuristic value for add: 14
[t=33.6841s, 39932 KB] g=31, 345753 evaluated, 118914 expanded, 8546 reopened
[t=33.6845s, 39932 KB] New best heuristic value for add: 13
[t=33.6845s, 39932 KB] g=32, 345757 evaluated, 118915 expanded, 8546 reopened
[t=33.7498s, 40068 KB] New best heuristic value for add: 12
[t=33.7499s, 40068 KB] g=38, 346553 evaluated, 119158 expanded, 8547 reopened
[t=33.8397s, 40068 KB] New best heuristic value for add: 11
[t=33.8398s, 40068 KB] g=42, 347640 evaluated, 119510 expanded, 8551 reopened
[t=33.9176s, 40068 KB] New best heuristic value for add: 9
[t=33.9177s, 40068 KB] g=44, 348591 evaluated, 119838 expanded, 8579 reopened
[t=33.918s, 40068 KB] New best heuristic value for add: 7
[t=33.918s, 40068 KB] g=45, 348594 evaluated, 119839 expanded, 8579 reopened
[t=33.9184s, 40068 KB] New best heuristic value for add: 6
[t=33.9185s, 40068 KB] g=46, 348599 evaluated, 119840 expanded, 8579 reopened
[t=33.9187s, 40068 KB] New best heuristic value for add: 5
[t=33.9188s, 40068 KB] g=47, 348603 evaluated, 119841 expanded, 8579 reopened
[t=33.919s, 40068 KB] New best heuristic value for add: 4
[t=33.9191s, 40068 KB] g=48, 348606 evaluated, 119842 expanded, 8579 reopened
[t=33.9193s, 40068 KB] New best heuristic value for add: 3
[t=33.9193s, 40068 KB] g=49, 348610 evaluated, 119843 expanded, 8579 reopened
[t=33.9195s, 40068 KB] New best heuristic value for add: 2
[t=33.9196s, 40068 KB] g=50, 348614 evaluated, 119844 expanded, 8579 reopened
[t=33.9197s, 40068 KB] New best heuristic value for add: 1
[t=33.9197s, 40068 KB] g=51, 348617 evaluated, 119845 expanded, 8579 reopened
[t=33.9199s, 40068 KB] New best heuristic value for add: 0
[t=33.9199s, 40068 KB] g=52, 348621 evaluated, 119846 expanded, 8579 reopened
[t=33.92s, 40068 KB] Solution found!
[t=33.92s, 40068 KB] Actual search time: 33.8321s
move node4-4 node4-3 (1)
move node4-3 node3-3 (1)
move node3-3 node3-2 (1)
pickup node3-2 key10 (1)
move node3-2 node3-1 (1)
move node3-1 node4-1 (1)
unlock node4-1 node5-1 key10 square (1)
move node4-1 node5-1 (1)
pickup-and-loose node5-1 key4 key10 (1)
move node5-1 node4-1 (1)
move node4-1 node3-1 (1)
move node3-1 node2-1 (1)
move node2-1 node1-1 (1)
pickup-and-loose node1-1 key9 key4 (1)
move node1-1 node1-2 (1)
move node1-2 node1-3 (1)
move node1-3 node0-3 (1)
pickup-and-loose node0-3 key3 key9 (1)
move node0-3 node1-3 (1)
move node1-3 node1-2 (1)
move node1-2 node1-1 (1)
move node1-1 node2-1 (1)
move node2-1 node3-1 (1)
move node3-1 node3-0 (1)
putdown node3-0 key3 (1)
move node3-0 node3-1 (1)
move node3-1 node2-1 (1)
move node2-1 node1-1 (1)
pickup node1-1 key4 (1)
move node1-1 node1-2 (1)
move node1-2 node1-3 (1)
move node1-3 node1-4 (1)
putdown node1-4 key4 (1)
move node1-4 node1-5 (1)
move node1-5 node1-6 (1)
pickup node1-6 key0 (1)
move node1-6 node1-5 (1)
move node1-5 node1-4 (1)
move node1-4 node1-3 (1)
move node1-3 node1-2 (1)
move node1-2 node1-1 (1)
putdown node1-1 key0 (1)
move node1-1 node1-2 (1)
move node1-2 node1-3 (1)
move node1-3 node1-4 (1)
pickup node1-4 key4 (1)
move node1-4 node2-4 (1)
move node2-4 node3-4 (1)
move node3-4 node4-4 (1)
move node4-4 node5-4 (1)
move node5-4 node6-4 (1)
putdown node6-4 key4 (1)
[t=33.92s, 40068 KB] Plan length: 52 step(s).
[t=33.92s, 40068 KB] Plan cost: 52
[t=33.92s, 40068 KB] Expanded 119847 state(s).
[t=33.92s, 40068 KB] Reopened 8579 state(s).
[t=33.92s, 40068 KB] Evaluated 348621 state(s).
[t=33.92s, 40068 KB] Evaluations: 348621
[t=33.92s, 40068 KB] Generated 612811 state(s).
[t=33.92s, 40068 KB] Dead ends: 0 state(s).
[t=33.92s, 40068 KB] Number of registered states: 348621
[t=33.92s, 40068 KB] Int hash set load factor: 348621/524288 = 0.664942
[t=33.92s, 40068 KB] Int hash set resizes: 19
[t=33.92s, 40068 KB] mean number of q cost that have been adjusted 0 times in relation to total number of q: -1
[t=33.92s, 40068 KB] mean number of q cost that have been adjusted 1 times in relation to total number of q: -1
[t=33.92s, 40068 KB] mean number of q cost that have been adjusted 2 times in relation to total number of q: -1
[t=33.92s, 40068 KB] mean number of q that are at some point overconsitent in relation to total number of q: -1
[t=33.92s, 40068 KB] mean number of q that are at first underconsisten in relation to total number of q: -1
[t=33.92s, 40068 KB] mean number of state variables that are not in common between two following states in relation to total number of state variables: -1
[t=33.92s, 40068 KB] variance number of state variables that are not in common between two following states in relation to total number of state variables: -1
[t=33.92s, 40068 KB] Search time: 33.8325s
[t=33.92s, 40068 KB] Total time: 33.92s
Solution found.
Peak memory: 40068 KB
Remove intermediate file output.sas
search exit code: 0

INFO     Running validate.
INFO     validate stdin: None
INFO     validate time limit: None
INFO     validate memory limit: None
INFO     validate command line string: validate domain.pddl problem.pddl sas_plan
