INFO     Running translator.
INFO     translator stdin: None
INFO     translator time limit: 1799.96s
INFO     translator memory limit: 3584 MB
INFO     translator command line string: /infai/weidan00/downward/experiments/bachelor/.venv/bin/python3 /infai/weidan00/downward/experiments/bachelor/data/bachelor-v1/code-7aa5f34_e5e41175/builds/release/bin/translate/translate.py domain.pddl problem.pddl --sas-file output.sas
Parsing...
Parsing: [0.000s CPU, 0.004s wall-clock]
Normalizing task... [0.000s CPU, 0.000s wall-clock]
Instantiating...
Generating Datalog program... [0.000s CPU, 0.001s wall-clock]
Normalizing Datalog program...
Normalizing Datalog program: [0.010s CPU, 0.004s wall-clock]
Preparing model... [0.000s CPU, 0.002s wall-clock]
Generated 52 rules.
Computing model... [0.120s CPU, 0.120s wall-clock]
2867 relevant atoms
10148 auxiliary atoms
13015 final queue length
15801 total queue pushes
Completing instantiation... [0.110s CPU, 0.103s wall-clock]
Instantiating: [0.240s CPU, 0.234s wall-clock]
Computing fact groups...
Finding invariants...
6 initial candidates
Finding invariants: [0.000s CPU, 0.003s wall-clock]
Checking invariant weight... [0.000s CPU, 0.000s wall-clock]
Instantiating groups... [0.010s CPU, 0.001s wall-clock]
Collecting mutex groups... [0.000s CPU, 0.000s wall-clock]
Choosing groups...
1 uncovered facts
Choosing groups: [0.000s CPU, 0.001s wall-clock]
Building translation key... [0.000s CPU, 0.000s wall-clock]
Computing fact groups: [0.010s CPU, 0.006s wall-clock]
Building STRIPS to SAS dictionary... [0.000s CPU, 0.000s wall-clock]
Building dictionary for full mutex groups... [0.000s CPU, 0.000s wall-clock]
Building mutex information...
Building mutex information: [0.000s CPU, 0.000s wall-clock]
Translating task...
Processing axioms...
Simplifying axioms... [0.000s CPU, 0.000s wall-clock]
Processing axioms: [0.000s CPU, 0.006s wall-clock]
Translating task: [0.090s CPU, 0.098s wall-clock]
463 effect conditions simplified
0 implied preconditions added
Detecting unreachable propositions...
150 operators removed
0 axioms removed
33 propositions removed
Detecting unreachable propositions: [0.050s CPU, 0.047s wall-clock]
Reordering and filtering variables...
26 of 26 variables necessary.
0 of 25 mutex groups necessary.
2314 of 2314 operators necessary.
0 of 0 axiom rules necessary.
Reordering and filtering variables: [0.010s CPU, 0.013s wall-clock]
Translator variables: 26
Translator derived variables: 0
Translator facts: 195
Translator goal facts: 25
Translator mutex groups: 0
Translator total mutex groups size: 0
Translator operators: 2314
Translator axioms: 0
Translator task size: 13584
Translator peak memory: 152780 KB
Writing output... [0.020s CPU, 0.028s wall-clock]
Done! [0.430s CPU, 0.436s wall-clock]
translate exit code: 0

INFO     Running search (release).
INFO     search stdin: output.sas
INFO     search time limit: 1799.47s
INFO     search memory limit: 3584 MB
INFO     search command line string: /infai/weidan00/downward/experiments/bachelor/data/bachelor-v1/code-7aa5f34_e5e41175/builds/release/bin/downward --search 'eager_wastar([pinch_tracking()], w=2)' --internal-plan-file sas_plan < output.sas
[t=7.6046e-05s, 17204 KB] reading input...
[t=0.013338s, 17828 KB] done reading input!
[t=0.0159153s, 18288 KB] Simplifying 3208 unary operators... done! [3202 unary operators]
[t=0.0196103s, 18552 KB] time to simplify: 0.00385484s
[t=0.0200217s, 18552 KB] Initializing pinch tracking heuristic...
[t=0.020185s, 18552 KB] Building successor generator...done!
[t=0.0216159s, 18684 KB] peak memory difference for successor generator creation: 132 KB
[t=0.0216612s, 18684 KB] time for successor generation creation: 0.00126631s
[t=0.0217344s, 18684 KB] Variables: 26
[t=0.0217749s, 18684 KB] FactPairs: 195
[t=0.0218139s, 18684 KB] Bytes per state: 12
[t=0.0219664s, 18684 KB] Conducting best first search with reopening closed nodes, (real) bound = 2147483647
[t=0.0225527s, 18684 KB] New best heuristic value for pinch_tracking: 2554
[t=0.0226046s, 18684 KB] g=0, 1 evaluated, 0 expanded
[t=0.0226609s, 18684 KB] Initial heuristic value for pinch_tracking: 2554
[t=0.0227024s, 18684 KB] pruning method: none
[t=0.0242031s, 18684 KB] New best heuristic value for pinch_tracking: 1866
[t=0.02426s, 18684 KB] g=1, 5 evaluated, 1 expanded
[t=0.0260865s, 18684 KB] New best heuristic value for pinch_tracking: 1403
[t=0.0261517s, 18684 KB] g=2, 10 evaluated, 2 expanded
[t=0.0283815s, 18684 KB] New best heuristic value for pinch_tracking: 1282
[t=0.0284524s, 18684 KB] g=3, 16 evaluated, 3 expanded
[t=0.110733s, 18820 KB] New best heuristic value for pinch_tracking: 1224
[t=0.110847s, 18820 KB] g=11, 334 evaluated, 106 expanded
[t=0.139373s, 18940 KB] New best heuristic value for pinch_tracking: 1195
[t=0.139481s, 18940 KB] g=15, 437 evaluated, 130 expanded
[t=0.157714s, 18940 KB] New best heuristic value for pinch_tracking: 1192
[t=0.157819s, 18940 KB] g=17, 504 evaluated, 146 expanded
[t=0.97522s, 20020 KB] New best heuristic value for pinch_tracking: 1111
[t=0.975335s, 20020 KB] g=17, 3554 evaluated, 2995 expanded, 1844 reopened
[t=8.22812s, 22436 KB] New best heuristic value for pinch_tracking: 983
[t=8.22824s, 22436 KB] g=19, 29218 evaluated, 30029 expanded, 20185 reopened
[t=10.866s, 24180 KB] New best heuristic value for pinch_tracking: 970
[t=10.8661s, 24180 KB] g=33, 38222 evaluated, 35739 expanded, 23452 reopened
[t=46.2212s, 35092 KB] New best heuristic value for pinch_tracking: 923
[t=46.2213s, 35092 KB] g=37, 158083 evaluated, 198969 expanded, 146176 reopened
[t=56.9937s, 36572 KB] New best heuristic value for pinch_tracking: 910
[t=56.9938s, 36572 KB] g=69, 193821 evaluated, 222257 expanded, 159259 reopened
[t=231.576s, 88536 KB] New best heuristic value for pinch_tracking: 905
[t=231.577s, 88536 KB] g=49, 764337 evaluated, 1398691 expanded, 1139287 reopened
[t=234.973s, 89196 KB] New best heuristic value for pinch_tracking: 904
[t=234.974s, 89196 KB] g=67, 775513 evaluated, 1404165 expanded, 1141603 reopened
[t=244.705s, 90268 KB] New best heuristic value for pinch_tracking: 892
[t=244.705s, 90268 KB] g=97, 807148 evaluated, 1421876 expanded, 1150255 reopened
[t=248.284s, 90668 KB] New best heuristic value for pinch_tracking: 877
[t=248.284s, 90668 KB] g=97, 818914 evaluated, 1427431 expanded, 1152283 reopened
[t=266.739s, 108948 KB] New best heuristic value for pinch_tracking: 850
[t=266.739s, 108948 KB] g=73, 878119 evaluated, 1501489 expanded, 1208964 reopened
[t=773.926s, 270980 KB] New best heuristic value for pinch_tracking: 832
[t=773.927s, 270980 KB] g=99, 2507223 evaluated, 4756188 expanded, 3920954 reopened
Peak memory: 559160 KB
caught signal 24 -- exiting
Time limit has been reached.
Remove intermediate file output.sas
search exit code: 23

Driver aborting after search
