INFO     Running translator.
INFO     translator stdin: None
INFO     translator time limit: 1799.96s
INFO     translator memory limit: 3584 MB
INFO     translator command line string: /infai/weidan00/downward/experiments/bachelor/.venv/bin/python3 /infai/weidan00/downward/experiments/bachelor/data/bachelor-v1/code-7aa5f34_e5e41175/builds/release/bin/translate/translate.py domain.pddl problem.pddl --sas-file output.sas
Parsing...
Parsing: [0.000s CPU, 0.007s wall-clock]
Normalizing task... [0.000s CPU, 0.000s wall-clock]
Instantiating...
Generating Datalog program... [0.000s CPU, 0.002s wall-clock]
Normalizing Datalog program...
Normalizing Datalog program: [0.010s CPU, 0.002s wall-clock]
Preparing model... [0.000s CPU, 0.004s wall-clock]
Generated 65 rules.
Computing model... [0.020s CPU, 0.024s wall-clock]
2245 relevant atoms
420 auxiliary atoms
2665 final queue length
7043 total queue pushes
Completing instantiation... [0.100s CPU, 0.101s wall-clock]
Instantiating: [0.130s CPU, 0.133s wall-clock]
Computing fact groups...
Finding invariants...
21 initial candidates
Finding invariants: [0.010s CPU, 0.005s wall-clock]
Checking invariant weight... [0.000s CPU, 0.000s wall-clock]
Instantiating groups... [0.000s CPU, 0.000s wall-clock]
Collecting mutex groups... [0.000s CPU, 0.000s wall-clock]
Choosing groups...
854 uncovered facts
Choosing groups: [0.000s CPU, 0.000s wall-clock]
Building translation key... [0.000s CPU, 0.004s wall-clock]
Computing fact groups: [0.020s CPU, 0.017s wall-clock]
Building STRIPS to SAS dictionary... [0.000s CPU, 0.001s wall-clock]
Building dictionary for full mutex groups... [0.000s CPU, 0.001s wall-clock]
Building mutex information...
Building mutex information: [0.000s CPU, 0.001s wall-clock]
Translating task...
Processing axioms...
Simplifying axioms... [0.000s CPU, 0.000s wall-clock]
Processing axioms: [0.010s CPU, 0.008s wall-clock]
Translating task: [0.170s CPU, 0.169s wall-clock]
4914 effect conditions simplified
0 implied preconditions added
Detecting unreachable propositions...
0 operators removed
0 axioms removed
38 propositions removed
Detecting unreachable propositions: [0.050s CPU, 0.057s wall-clock]
Reordering and filtering variables...
441 of 835 variables necessary.
0 of 0 mutex groups necessary.
1153 of 1153 operators necessary.
0 of 0 axiom rules necessary.
Reordering and filtering variables: [0.070s CPU, 0.069s wall-clock]
Translator variables: 441
Translator derived variables: 0
Translator facts: 882
Translator goal facts: 48
Translator mutex groups: 0
Translator total mutex groups size: 0
Translator operators: 1153
Translator axioms: 0
Translator task size: 11113
Translator peak memory: 154572 KB
Writing output... [0.020s CPU, 0.025s wall-clock]
Done! [0.470s CPU, 0.486s wall-clock]
translate exit code: 0

INFO     Running search (release).
INFO     search stdin: output.sas
INFO     search time limit: 1799.42s
INFO     search memory limit: 3584 MB
INFO     search command line string: /infai/weidan00/downward/experiments/bachelor/data/bachelor-v1/code-7aa5f34_e5e41175/builds/release/bin/downward --search 'eager_wastar([pinch_tracking()], w=2)' --internal-plan-file sas_plan < output.sas
[t=5.886e-05s, 17204 KB] reading input...
[t=0.0112922s, 17804 KB] done reading input!
[t=0.0138477s, 18424 KB] Simplifying 4892 unary operators... done! [3907 unary operators]
[t=0.0179763s, 18688 KB] time to simplify: 0.0042723s
[t=0.0184338s, 18688 KB] Initializing pinch tracking heuristic...
[t=0.0185894s, 18688 KB] Building successor generator...done!
[t=0.0193321s, 18688 KB] peak memory difference for successor generator creation: 0 KB
[t=0.0193728s, 18688 KB] time for successor generation creation: 0.000597446s
[t=0.0194286s, 18688 KB] Variables: 441
[t=0.0194684s, 18688 KB] FactPairs: 882
[t=0.0195073s, 18688 KB] Bytes per state: 56
[t=0.0196384s, 18688 KB] Conducting best first search with reopening closed nodes, (real) bound = 2147483647
[t=0.0201495s, 18688 KB] New best heuristic value for pinch_tracking: 48
[t=0.0201967s, 18688 KB] g=0, 1 evaluated, 0 expanded
[t=0.0202494s, 18688 KB] Initial heuristic value for pinch_tracking: 48
[t=0.0202905s, 18688 KB] pruning method: none
[t=0.026041s, 18688 KB] New best heuristic value for pinch_tracking: 47
[t=0.026103s, 18688 KB] g=1, 62 evaluated, 1 expanded
[t=0.0748752s, 18688 KB] New best heuristic value for pinch_tracking: 46
[t=0.074961s, 18688 KB] g=1, 599 evaluated, 1 expanded
[t=0.0864287s, 18688 KB] New best heuristic value for pinch_tracking: 45
[t=0.0865056s, 18688 KB] g=2, 850 evaluated, 2 expanded
[t=5.32409s, 28656 KB] New best heuristic value for pinch_tracking: 44
[t=5.32419s, 28656 KB] g=4, 77439 evaluated, 152 expanded
[t=5.37463s, 28656 KB] New best heuristic value for pinch_tracking: 43
[t=5.37472s, 28656 KB] g=4, 78033 evaluated, 152 expanded
[t=5.38547s, 28656 KB] New best heuristic value for pinch_tracking: 42
[t=5.38553s, 28656 KB] g=5, 78239 evaluated, 153 expanded
[t=9.463s, 38040 KB] New best heuristic value for pinch_tracking: 41
[t=9.46309s, 38040 KB] g=7, 143740 evaluated, 290 expanded
[t=9.51294s, 38040 KB] New best heuristic value for pinch_tracking: 40
[t=9.51303s, 38040 KB] g=7, 144330 evaluated, 290 expanded
[t=9.52459s, 38040 KB] New best heuristic value for pinch_tracking: 39
[t=9.52467s, 38040 KB] g=8, 144540 evaluated, 291 expanded
[t=12.6537s, 42484 KB] New best heuristic value for pinch_tracking: 38
[t=12.6538s, 42484 KB] g=10, 201433 evaluated, 419 expanded
[t=12.6964s, 42616 KB] New best heuristic value for pinch_tracking: 37
[t=12.6965s, 42616 KB] g=10, 201975 evaluated, 419 expanded
[t=12.7154s, 42616 KB] New best heuristic value for pinch_tracking: 36
[t=12.7155s, 42616 KB] g=11, 202233 evaluated, 420 expanded
[t=15.1374s, 48600 KB] New best heuristic value for pinch_tracking: 35
[t=15.1375s, 48600 KB] g=13, 252788 evaluated, 543 expanded
[t=15.1746s, 48600 KB] New best heuristic value for pinch_tracking: 34
[t=15.1747s, 48600 KB] g=13, 253284 evaluated, 543 expanded
[t=15.2023s, 48736 KB] New best heuristic value for pinch_tracking: 33
[t=15.2024s, 48736 KB] g=14, 253623 evaluated, 544 expanded
[t=17.0976s, 58572 KB] New best heuristic value for pinch_tracking: 32
[t=17.0977s, 58572 KB] g=16, 300179 evaluated, 666 expanded
[t=17.1437s, 58572 KB] New best heuristic value for pinch_tracking: 31
[t=17.1438s, 58572 KB] g=17, 300974 evaluated, 667 expanded
[t=17.1634s, 58704 KB] New best heuristic value for pinch_tracking: 30
[t=17.1635s, 58704 KB] g=18, 301568 evaluated, 668 expanded
[t=18.1999s, 61660 KB] New best heuristic value for pinch_tracking: 29
[t=18.1999s, 61660 KB] g=20, 339935 evaluated, 827 expanded
[t=18.2583s, 61796 KB] New best heuristic value for pinch_tracking: 28
[t=18.2584s, 61796 KB] g=21, 340664 evaluated, 828 expanded
[t=18.2788s, 61796 KB] New best heuristic value for pinch_tracking: 27
[t=18.2789s, 61796 KB] g=22, 341202 evaluated, 829 expanded
[t=19.8907s, 65436 KB] New best heuristic value for pinch_tracking: 26
[t=19.8908s, 65436 KB] g=24, 386810 evaluated, 1004 expanded
[t=47.6371s, 177140 KB] New best heuristic value for pinch_tracking: 25
[t=47.6372s, 177140 KB] g=26, 1177061 evaluated, 4480 expanded
[t=47.6899s, 177272 KB] New best heuristic value for pinch_tracking: 24
[t=47.69s, 177272 KB] g=27, 1177675 evaluated, 4481 expanded
[t=49.3274s, 180044 KB] New best heuristic value for pinch_tracking: 23
[t=49.3275s, 180044 KB] g=29, 1212647 evaluated, 4552 expanded
[t=49.3454s, 180044 KB] New best heuristic value for pinch_tracking: 22
[t=49.3455s, 180044 KB] g=30, 1212846 evaluated, 4553 expanded
[t=49.3977s, 180180 KB] New best heuristic value for pinch_tracking: 21
[t=49.3978s, 180180 KB] g=31, 1213802 evaluated, 4554 expanded
[t=50.448s, 182868 KB] New best heuristic value for pinch_tracking: 20
[t=50.4481s, 182868 KB] g=33, 1247625 evaluated, 4664 expanded
[t=50.499s, 182868 KB] New best heuristic value for pinch_tracking: 19
[t=50.4991s, 182868 KB] g=34, 1248233 evaluated, 4665 expanded
[t=52.3564s, 186388 KB] New best heuristic value for pinch_tracking: 18
[t=52.3565s, 186388 KB] g=36, 1292295 evaluated, 4763 expanded
[t=53.1326s, 187596 KB] New best heuristic value for pinch_tracking: 17
[t=53.1327s, 187596 KB] g=37, 1307920 evaluated, 4800 expanded
[t=54.2617s, 190312 KB] New best heuristic value for pinch_tracking: 16
[t=54.2618s, 190312 KB] g=39, 1342293 evaluated, 4907 expanded
[t=54.9552s, 191664 KB] New best heuristic value for pinch_tracking: 15
[t=54.9553s, 191664 KB] g=40, 1359599 evaluated, 4962 expanded
[t=56.0837s, 194340 KB] New best heuristic value for pinch_tracking: 14
[t=56.0838s, 194340 KB] g=42, 1393904 evaluated, 5069 expanded
[t=57.7224s, 197840 KB] New best heuristic value for pinch_tracking: 13
[t=57.7224s, 197840 KB] g=43, 1437881 evaluated, 5229 expanded
[t=61.444s, 206332 KB] New best heuristic value for pinch_tracking: 12
[t=61.4441s, 206332 KB] g=45, 1545203 evaluated, 5577 expanded
[t=66.3675s, 215808 KB] New best heuristic value for pinch_tracking: 11
[t=66.3676s, 215808 KB] g=47, 1666079 evaluated, 6035 expanded
[t=75.7929s, 258284 KB] New best heuristic value for pinch_tracking: 10
[t=75.793s, 258284 KB] g=49, 1899830 evaluated, 6683 expanded
[t=75.847s, 258284 KB] New best heuristic value for pinch_tracking: 9
[t=75.8471s, 258284 KB] g=50, 1900550 evaluated, 6684 expanded
[t=83.777s, 266060 KB] New best heuristic value for pinch_tracking: 8
[t=83.7771s, 266060 KB] g=52, 2094182 evaluated, 7326 expanded
[t=90.3416s, 331948 KB] New best heuristic value for pinch_tracking: 7
[t=90.3417s, 331948 KB] g=54, 2248177 evaluated, 7808 expanded
Failed to allocate memory.
Memory limit has been reached.
Peak memory: 3670012 KB
Remove intermediate file output.sas
search exit code: 22

Driver aborting after search
