INFO     Running translator.
INFO     translator stdin: None
INFO     translator time limit: 1799.96s
INFO     translator memory limit: 3584 MB
INFO     translator command line string: /infai/weidan00/downward/experiments/bachelor/.venv/bin/python3 /infai/weidan00/downward/experiments/bachelor/data/bachelor-v1/code-7aa5f34_e5e41175/builds/release/bin/translate/translate.py domain.pddl problem.pddl --sas-file output.sas
Parsing...
Parsing: [0.000s CPU, 0.004s wall-clock]
Normalizing task... [0.000s CPU, 0.000s wall-clock]
Instantiating...
Generating Datalog program... [0.000s CPU, 0.001s wall-clock]
Normalizing Datalog program...
Normalizing Datalog program: [0.000s CPU, 0.002s wall-clock]
Preparing model... [0.010s CPU, 0.003s wall-clock]
Generated 26 rules.
Computing model... [0.010s CPU, 0.014s wall-clock]
881 relevant atoms
737 auxiliary atoms
1618 final queue length
2059 total queue pushes
Completing instantiation... [0.010s CPU, 0.013s wall-clock]
Instantiating: [0.030s CPU, 0.033s wall-clock]
Computing fact groups...
Finding invariants...
6 initial candidates
Finding invariants: [0.000s CPU, 0.001s wall-clock]
Checking invariant weight... [0.000s CPU, 0.000s wall-clock]
Instantiating groups... [0.010s CPU, 0.000s wall-clock]
Collecting mutex groups... [0.000s CPU, 0.000s wall-clock]
Choosing groups...
22 uncovered facts
Choosing groups: [0.000s CPU, 0.000s wall-clock]
Building translation key... [0.000s CPU, 0.000s wall-clock]
Computing fact groups: [0.010s CPU, 0.002s wall-clock]
Building STRIPS to SAS dictionary... [0.000s CPU, 0.000s wall-clock]
Building dictionary for full mutex groups... [0.000s CPU, 0.000s wall-clock]
Building mutex information...
Building mutex information: [0.000s CPU, 0.000s wall-clock]
Translating task...
Processing axioms...
Simplifying axioms... [0.000s CPU, 0.000s wall-clock]
Processing axioms: [0.000s CPU, 0.001s wall-clock]
Translating task: [0.010s CPU, 0.012s wall-clock]
11 effect conditions simplified
0 implied preconditions added
Detecting unreachable propositions...
0 operators removed
0 axioms removed
1 propositions removed
Detecting unreachable propositions: [0.000s CPU, 0.006s wall-clock]
Reordering and filtering variables...
23 of 23 variables necessary.
0 of 1 mutex groups necessary.
484 of 484 operators necessary.
0 of 0 axiom rules necessary.
Reordering and filtering variables: [0.000s CPU, 0.002s wall-clock]
Translator variables: 23
Translator derived variables: 0
Translator facts: 66
Translator goal facts: 11
Translator mutex groups: 0
Translator total mutex groups size: 0
Translator operators: 484
Translator axioms: 0
Translator task size: 1574
Translator peak memory: 143820 KB
Writing output... [0.000s CPU, 0.006s wall-clock]
Done! [0.060s CPU, 0.067s wall-clock]
translate exit code: 0

INFO     Running search (release).
INFO     search stdin: output.sas
INFO     search time limit: 1799.85s
INFO     search memory limit: 3584 MB
INFO     search command line string: /infai/weidan00/downward/experiments/bachelor/data/bachelor-v1/code-7aa5f34_e5e41175/builds/release/bin/downward --search 'eager_wastar([pinch()], w=2)' --internal-plan-file sas_plan < output.sas
[t=6.709e-05s, 17204 KB] reading input...
[t=0.00207733s, 17344 KB] done reading input!
[t=0.00405617s, 17608 KB] Simplifying 495 unary operators... done! [495 unary operators]
[t=0.0043423s, 17608 KB] time to simplify: 0.000346462s
[t=0.00443834s, 17608 KB] Initializing pinch heuristic...
[t=0.00456759s, 17608 KB] Building successor generator...done!
[t=0.00479641s, 17608 KB] peak memory difference for successor generator creation: 0 KB
[t=0.00483604s, 17608 KB] time for successor generation creation: 0.000105695s
[t=0.00488662s, 17608 KB] Variables: 23
[t=0.00492653s, 17608 KB] FactPairs: 66
[t=0.00496614s, 17608 KB] Bytes per state: 4
[t=0.00509076s, 17608 KB] Conducting best first search with reopening closed nodes, (real) bound = 2147483647
[t=0.00522885s, 17608 KB] New best heuristic value for pinch: 43
[t=0.00527244s, 17608 KB] g=0, 1 evaluated, 0 expanded
[t=0.00532438s, 17608 KB] Initial heuristic value for pinch: 43
[t=0.00536562s, 17608 KB] pruning method: none
[t=0.00545496s, 17608 KB] New best heuristic value for pinch: 42
[t=0.00549705s, 17608 KB] g=1, 8 evaluated, 1 expanded
[t=0.00554583s, 17608 KB] New best heuristic value for pinch: 41
[t=0.00558683s, 17608 KB] g=1, 9 evaluated, 1 expanded
[t=0.00565696s, 17608 KB] New best heuristic value for pinch: 40
[t=0.00569755s, 17608 KB] g=1, 15 evaluated, 1 expanded
[t=0.00577819s, 17608 KB] New best heuristic value for pinch: 39
[t=0.00581954s, 17608 KB] g=2, 23 evaluated, 2 expanded
[t=0.00587069s, 17608 KB] New best heuristic value for pinch: 38
[t=0.0059117s, 17608 KB] g=3, 25 evaluated, 3 expanded
[t=0.00608701s, 17608 KB] New best heuristic value for pinch: 37
[t=0.00612924s, 17608 KB] g=4, 55 evaluated, 4 expanded
[t=0.00624216s, 17608 KB] New best heuristic value for pinch: 36
[t=0.00628441s, 17608 KB] g=5, 68 evaluated, 5 expanded
[t=0.00642373s, 17608 KB] New best heuristic value for pinch: 35
[t=0.0064655s, 17608 KB] g=7, 90 evaluated, 7 expanded
[t=0.00655548s, 17608 KB] New best heuristic value for pinch: 34
[t=0.00659744s, 17608 KB] g=8, 101 evaluated, 8 expanded
[t=0.00670183s, 17608 KB] New best heuristic value for pinch: 33
[t=0.00674291s, 17608 KB] g=9, 114 evaluated, 9 expanded
[t=0.00682961s, 17608 KB] New best heuristic value for pinch: 32
[t=0.00687205s, 17608 KB] g=10, 125 evaluated, 10 expanded
[t=0.00698077s, 17608 KB] New best heuristic value for pinch: 31
[t=0.00702212s, 17608 KB] g=11, 136 evaluated, 12 expanded
[t=0.00710162s, 17608 KB] New best heuristic value for pinch: 30
[t=0.00714413s, 17608 KB] g=12, 138 evaluated, 13 expanded
[t=0.0072752s, 17608 KB] New best heuristic value for pinch: 29
[t=0.00731809s, 17608 KB] g=13, 160 evaluated, 14 expanded
[t=0.0073927s, 17608 KB] New best heuristic value for pinch: 28
[t=0.00743357s, 17608 KB] g=13, 168 evaluated, 14 expanded
[t=0.00753644s, 17608 KB] New best heuristic value for pinch: 27
[t=0.00757783s, 17608 KB] g=14, 181 evaluated, 15 expanded
[t=0.00768492s, 17608 KB] New best heuristic value for pinch: 26
[t=0.00772755s, 17608 KB] g=15, 197 evaluated, 16 expanded
[t=0.00780788s, 17608 KB] New best heuristic value for pinch: 25
[t=0.00784925s, 17608 KB] g=16, 205 evaluated, 17 expanded
[t=0.00798281s, 17608 KB] New best heuristic value for pinch: 24
[t=0.00802538s, 17608 KB] g=17, 225 evaluated, 18 expanded
[t=0.00808515s, 17608 KB] New best heuristic value for pinch: 23
[t=0.00812635s, 17608 KB] g=18, 228 evaluated, 19 expanded
[t=0.00838472s, 17608 KB] New best heuristic value for pinch: 22
[t=0.00842844s, 17608 KB] g=20, 272 evaluated, 23 expanded
[t=0.00847626s, 17608 KB] New best heuristic value for pinch: 21
[t=0.00851709s, 17608 KB] g=21, 273 evaluated, 24 expanded
[t=0.00865557s, 17608 KB] New best heuristic value for pinch: 20
[t=0.00869684s, 17608 KB] g=22, 294 evaluated, 27 expanded
[t=0.00874773s, 17608 KB] New best heuristic value for pinch: 19
[t=0.00879375s, 17608 KB] g=23, 295 evaluated, 28 expanded
[t=0.00893185s, 17608 KB] New best heuristic value for pinch: 18
[t=0.00897296s, 17608 KB] g=24, 316 evaluated, 31 expanded
[t=0.00902456s, 17608 KB] New best heuristic value for pinch: 17
[t=0.00906493s, 17608 KB] g=25, 317 evaluated, 32 expanded
[t=0.00919811s, 17608 KB] New best heuristic value for pinch: 16
[t=0.00923894s, 17608 KB] g=26, 338 evaluated, 33 expanded
[t=0.00930961s, 17608 KB] New best heuristic value for pinch: 15
[t=0.00935062s, 17608 KB] g=27, 345 evaluated, 34 expanded
[t=0.00945915s, 17608 KB] New best heuristic value for pinch: 14
[t=0.00950065s, 17608 KB] g=28, 360 evaluated, 35 expanded
[t=0.0095832s, 17608 KB] New best heuristic value for pinch: 13
[t=0.00963038s, 17608 KB] g=29, 370 evaluated, 36 expanded
[t=0.00974328s, 17608 KB] New best heuristic value for pinch: 12
[t=0.00978474s, 17608 KB] g=30, 383 evaluated, 39 expanded
[t=0.00984803s, 17608 KB] New best heuristic value for pinch: 11
[t=0.00988913s, 17608 KB] g=31, 388 evaluated, 40 expanded
[t=0.0100229s, 17608 KB] New best heuristic value for pinch: 10
[t=0.0100656s, 17608 KB] g=32, 407 evaluated, 43 expanded
[t=0.0101543s, 17608 KB] New best heuristic value for pinch: 9
[t=0.0101962s, 17608 KB] g=33, 419 evaluated, 44 expanded
[t=0.0102994s, 17608 KB] New best heuristic value for pinch: 8
[t=0.0103414s, 17608 KB] g=34, 431 evaluated, 47 expanded
[t=0.0104358s, 17608 KB] New best heuristic value for pinch: 7
[t=0.0104835s, 17608 KB] g=35, 443 evaluated, 48 expanded
[t=0.0105792s, 17608 KB] New best heuristic value for pinch: 6
[t=0.0106209s, 17608 KB] g=36, 454 evaluated, 50 expanded
[t=0.0106857s, 17608 KB] New best heuristic value for pinch: 5
[t=0.0107263s, 17608 KB] g=37, 460 evaluated, 51 expanded
[t=0.010843s, 17608 KB] New best heuristic value for pinch: 4
[t=0.0108845s, 17608 KB] g=38, 477 evaluated, 53 expanded
[t=0.0109844s, 17608 KB] New best heuristic value for pinch: 3
[t=0.011025s, 17608 KB] g=39, 490 evaluated, 54 expanded
[t=0.01111s, 17608 KB] New best heuristic value for pinch: 2
[t=0.011151s, 17608 KB] g=40, 499 evaluated, 55 expanded
[t=0.0113204s, 17608 KB] New best heuristic value for pinch: 1
[t=0.0113631s, 17608 KB] g=41, 515 evaluated, 56 expanded
[t=0.0114412s, 17608 KB] New best heuristic value for pinch: 0
[t=0.0114824s, 17608 KB] g=42, 523 evaluated, 57 expanded
[t=0.0115236s, 17608 KB] Solution found!
[t=0.0115707s, 17608 KB] Actual search time: 0.00619884s
up f0 f21 (1)
board f21 p4 (1)
board f21 p7 (1)
down f21 f16 (1)
board f16 p3 (1)
down f16 f15 (1)
board f15 p0 (1)
down f15 f4 (1)
depart f4 p7 (1)
up f4 f19 (1)
board f19 p10 (1)
board f19 p8 (1)
down f19 f16 (1)
depart f16 p8 (1)
down f16 f8 (1)
board f8 p5 (1)
up f8 f21 (1)
depart f21 p3 (1)
down f21 f10 (1)
depart f10 p5 (1)
down f10 f5 (1)
board f5 p9 (1)
up f5 f14 (1)
board f14 p1 (1)
down f14 f0 (1)
depart f0 p1 (1)
up f0 f15 (1)
depart f15 p4 (1)
down f15 f9 (1)
depart f9 p0 (1)
up f9 f16 (1)
depart f16 p10 (1)
up f16 f17 (1)
board f17 p6 (1)
down f17 f8 (1)
depart f8 p6 (1)
up f8 f18 (1)
board f18 p2 (1)
down f18 f4 (1)
depart f4 p2 (1)
up f4 f21 (1)
depart f21 p9 (1)
[t=0.0116136s, 17608 KB] Plan length: 42 step(s).
[t=0.0116136s, 17608 KB] Plan cost: 42
[t=0.0116136s, 17608 KB] Expanded 58 state(s).
[t=0.0116136s, 17608 KB] Reopened 0 state(s).
[t=0.0116136s, 17608 KB] Evaluated 523 state(s).
[t=0.0116136s, 17608 KB] Evaluations: 523
[t=0.0116136s, 17608 KB] Generated 1258 state(s).
[t=0.0116136s, 17608 KB] Dead ends: 0 state(s).
[t=0.0116136s, 17608 KB] Number of registered states: 523
[t=0.0116136s, 17608 KB] Int hash set load factor: 523/1024 = 0.510742
[t=0.0116136s, 17608 KB] Int hash set resizes: 10
[t=0.0116136s, 17608 KB] mean number of q cost that have been adjusted 0 times in relation to total number of q: -1
[t=0.0116136s, 17608 KB] mean number of q cost that have been adjusted 1 times in relation to total number of q: -1
[t=0.0116136s, 17608 KB] mean number of q cost that have been adjusted 2 times in relation to total number of q: -1
[t=0.0116136s, 17608 KB] mean number of q that are at some point overconsitent in relation to total number of q: -1
[t=0.0116136s, 17608 KB] mean number of q that are at first underconsisten in relation to total number of q: -1
[t=0.0116136s, 17608 KB] mean number of state variables that are not in common between two following states in relation to total number of state variables: -1
[t=0.0116136s, 17608 KB] variance number of state variables that are not in common between two following states in relation to total number of state variables: -1
[t=0.0116136s, 17608 KB] Search time: 0.00652377s
[t=0.0116136s, 17608 KB] Total time: 0.0116136s
Solution found.
Peak memory: 17608 KB
Remove intermediate file output.sas
search exit code: 0

INFO     Running validate.
INFO     validate stdin: None
INFO     validate time limit: None
INFO     validate memory limit: None
INFO     validate command line string: validate domain.pddl problem.pddl sas_plan
