INFO     Running translator.
INFO     translator stdin: None
INFO     translator time limit: 1799.96s
INFO     translator memory limit: 3584 MB
INFO     translator command line string: /infai/weidan00/downward/experiments/bachelor/.venv/bin/python3 /infai/weidan00/downward/experiments/bachelor/data/bachelor-v1/code-7aa5f34_e5e41175/builds/release/bin/translate/translate.py domain.pddl problem.pddl --sas-file output.sas
Parsing...
Parsing: [0.010s CPU, 0.007s wall-clock]
Normalizing task... [0.000s CPU, 0.000s wall-clock]
Instantiating...
Generating Datalog program... [0.000s CPU, 0.002s wall-clock]
Normalizing Datalog program...
Normalizing Datalog program: [0.000s CPU, 0.002s wall-clock]
Preparing model... [0.010s CPU, 0.008s wall-clock]
Generated 13 rules.
Computing model... [0.030s CPU, 0.034s wall-clock]
2681 relevant atoms
1660 auxiliary atoms
4341 final queue length
7422 total queue pushes
Completing instantiation... [0.050s CPU, 0.049s wall-clock]
Instantiating: [0.090s CPU, 0.095s wall-clock]
Computing fact groups...
Finding invariants...
6 initial candidates
Finding invariants: [0.000s CPU, 0.001s wall-clock]
Checking invariant weight... [0.000s CPU, 0.000s wall-clock]
Instantiating groups... [0.000s CPU, 0.000s wall-clock]
Collecting mutex groups... [0.000s CPU, 0.000s wall-clock]
Choosing groups...
40 uncovered facts
Choosing groups: [0.000s CPU, 0.000s wall-clock]
Building translation key... [0.000s CPU, 0.000s wall-clock]
Computing fact groups: [0.000s CPU, 0.003s wall-clock]
Building STRIPS to SAS dictionary... [0.000s CPU, 0.000s wall-clock]
Building dictionary for full mutex groups... [0.000s CPU, 0.000s wall-clock]
Building mutex information...
Building mutex information: [0.000s CPU, 0.000s wall-clock]
Translating task...
Processing axioms...
Simplifying axioms... [0.000s CPU, 0.000s wall-clock]
Processing axioms: [0.000s CPU, 0.002s wall-clock]
Translating task: [0.040s CPU, 0.036s wall-clock]
20 effect conditions simplified
0 implied preconditions added
Detecting unreachable propositions...
0 operators removed
0 axioms removed
1 propositions removed
Detecting unreachable propositions: [0.020s CPU, 0.021s wall-clock]
Reordering and filtering variables...
41 of 41 variables necessary.
0 of 1 mutex groups necessary.
1585 of 1585 operators necessary.
0 of 0 axiom rules necessary.
Reordering and filtering variables: [0.000s CPU, 0.005s wall-clock]
Translator variables: 41
Translator derived variables: 0
Translator facts: 120
Translator goal facts: 20
Translator mutex groups: 0
Translator total mutex groups size: 0
Translator operators: 1585
Translator axioms: 0
Translator task size: 5011
Translator peak memory: 147404 KB
Writing output... [0.020s CPU, 0.015s wall-clock]
Done! [0.180s CPU, 0.185s wall-clock]
translate exit code: 0

INFO     Running search (release).
INFO     search stdin: output.sas
INFO     search time limit: 1799.73s
INFO     search memory limit: 3584 MB
INFO     search command line string: /infai/weidan00/downward/experiments/bachelor/data/bachelor-v1/code-7aa5f34_e5e41175/builds/release/bin/downward --search 'eager_wastar([pinch()], w=2)' --internal-plan-file sas_plan < output.sas
[t=5.8597e-05s, 17204 KB] reading input...
[t=0.0058633s, 17496 KB] done reading input!
[t=0.00793076s, 17896 KB] Simplifying 1620 unary operators... done! [1620 unary operators]
[t=0.00865469s, 18028 KB] time to simplify: 0.000821722s
[t=0.00882518s, 18028 KB] Initializing pinch heuristic...
[t=0.00894444s, 18028 KB] Building successor generator...done!
[t=0.0093714s, 18064 KB] peak memory difference for successor generator creation: 36 KB
[t=0.00941051s, 18064 KB] time for successor generation creation: 0.000292294s
[t=0.0094631s, 18064 KB] Variables: 41
[t=0.00950285s, 18064 KB] FactPairs: 120
[t=0.00954202s, 18064 KB] Bytes per state: 8
[t=0.00965353s, 18064 KB] Conducting best first search with reopening closed nodes, (real) bound = 2147483647
[t=0.0098607s, 18064 KB] New best heuristic value for pinch: 78
[t=0.00990402s, 18064 KB] g=0, 1 evaluated, 0 expanded
[t=0.00995298s, 18064 KB] Initial heuristic value for pinch: 78
[t=0.0099932s, 18064 KB] pruning method: none
[t=0.0100563s, 18064 KB] New best heuristic value for pinch: 77
[t=0.0100979s, 18064 KB] g=1, 2 evaluated, 1 expanded
[t=0.0104397s, 18064 KB] New best heuristic value for pinch: 76
[t=0.0104818s, 18064 KB] g=1, 41 evaluated, 1 expanded
[t=0.0105303s, 18064 KB] New best heuristic value for pinch: 75
[t=0.010571s, 18064 KB] g=2, 42 evaluated, 2 expanded
[t=0.0109194s, 18064 KB] New best heuristic value for pinch: 73
[t=0.0109672s, 18064 KB] g=4, 82 evaluated, 4 expanded
[t=0.0110243s, 18064 KB] New best heuristic value for pinch: 72
[t=0.0110647s, 18064 KB] g=5, 83 evaluated, 5 expanded
[t=0.0113803s, 18064 KB] New best heuristic value for pinch: 71
[t=0.0114213s, 18064 KB] g=5, 121 evaluated, 5 expanded
[t=0.0114689s, 18064 KB] New best heuristic value for pinch: 70
[t=0.0115092s, 18064 KB] g=6, 122 evaluated, 6 expanded
[t=0.0118632s, 18064 KB] New best heuristic value for pinch: 69
[t=0.0119113s, 18064 KB] g=8, 162 evaluated, 8 expanded
[t=0.0120341s, 18064 KB] New best heuristic value for pinch: 68
[t=0.0120747s, 18064 KB] g=9, 172 evaluated, 9 expanded
[t=0.0123381s, 18064 KB] New best heuristic value for pinch: 66
[t=0.012379s, 18064 KB] g=10, 202 evaluated, 10 expanded
[t=0.012433s, 18064 KB] New best heuristic value for pinch: 65
[t=0.0124734s, 18064 KB] g=11, 203 evaluated, 11 expanded
[t=0.0125881s, 18064 KB] New best heuristic value for pinch: 64
[t=0.0126284s, 18064 KB] g=11, 213 evaluated, 11 expanded
[t=0.0128926s, 18064 KB] New best heuristic value for pinch: 63
[t=0.0129343s, 18064 KB] g=12, 242 evaluated, 12 expanded
[t=0.0130781s, 18064 KB] New best heuristic value for pinch: 62
[t=0.0131193s, 18064 KB] g=13, 255 evaluated, 13 expanded
[t=0.0133878s, 18064 KB] New best heuristic value for pinch: 60
[t=0.0134289s, 18064 KB] g=14, 282 evaluated, 14 expanded
[t=0.0134823s, 18064 KB] New best heuristic value for pinch: 59
[t=0.0135226s, 18064 KB] g=15, 283 evaluated, 15 expanded
[t=0.0137069s, 18064 KB] New best heuristic value for pinch: 58
[t=0.0137476s, 18064 KB] g=15, 302 evaluated, 15 expanded
[t=0.0139499s, 18064 KB] New best heuristic value for pinch: 56
[t=0.0139907s, 18064 KB] g=16, 322 evaluated, 17 expanded
[t=0.0140434s, 18064 KB] New best heuristic value for pinch: 55
[t=0.0140834s, 18064 KB] g=17, 323 evaluated, 18 expanded
[t=0.0142756s, 18064 KB] New best heuristic value for pinch: 54
[t=0.014316s, 18064 KB] g=17, 344 evaluated, 18 expanded
[t=0.0145036s, 18064 KB] New best heuristic value for pinch: 53
[t=0.0145442s, 18064 KB] g=18, 362 evaluated, 20 expanded
[t=0.014768s, 18064 KB] New best heuristic value for pinch: 52
[t=0.0148092s, 18064 KB] g=19, 386 evaluated, 21 expanded
[t=0.0149809s, 18064 KB] New best heuristic value for pinch: 50
[t=0.0150215s, 18064 KB] g=20, 402 evaluated, 23 expanded
[t=0.0150738s, 18064 KB] New best heuristic value for pinch: 49
[t=0.0151148s, 18064 KB] g=21, 403 evaluated, 24 expanded
[t=0.0153424s, 18064 KB] New best heuristic value for pinch: 48
[t=0.0153829s, 18064 KB] g=21, 429 evaluated, 24 expanded
[t=0.0155611s, 18064 KB] New best heuristic value for pinch: 46
[t=0.0156026s, 18064 KB] g=22, 442 evaluated, 26 expanded
[t=0.0156552s, 18064 KB] New best heuristic value for pinch: 45
[t=0.0156955s, 18064 KB] g=23, 443 evaluated, 27 expanded
[t=0.0159449s, 18064 KB] New best heuristic value for pinch: 44
[t=0.0159854s, 18064 KB] g=23, 472 evaluated, 27 expanded
[t=0.0161153s, 18064 KB] New best heuristic value for pinch: 42
[t=0.0161564s, 18064 KB] g=24, 482 evaluated, 29 expanded
[t=0.016208s, 18064 KB] New best heuristic value for pinch: 41
[t=0.0162483s, 18064 KB] g=25, 483 evaluated, 30 expanded
[t=0.0165764s, 18064 KB] New best heuristic value for pinch: 40
[t=0.0166187s, 18064 KB] g=25, 515 evaluated, 30 expanded
[t=0.0167271s, 18064 KB] New best heuristic value for pinch: 38
[t=0.0167688s, 18064 KB] g=26, 522 evaluated, 32 expanded
[t=0.0168188s, 18064 KB] New best heuristic value for pinch: 37
[t=0.0168589s, 18064 KB] g=27, 523 evaluated, 33 expanded
[t=0.0171683s, 18064 KB] New best heuristic value for pinch: 36
[t=0.0172092s, 18064 KB] g=27, 560 evaluated, 33 expanded
[t=0.0172933s, 18064 KB] New best heuristic value for pinch: 35
[t=0.0173343s, 18064 KB] g=29, 563 evaluated, 36 expanded
[t=0.0176493s, 18064 KB] New best heuristic value for pinch: 34
[t=0.0176901s, 18064 KB] g=29, 601 evaluated, 36 expanded
[t=0.0177849s, 18064 KB] New best heuristic value for pinch: 33
[t=0.0178251s, 18064 KB] g=31, 606 evaluated, 39 expanded
[t=0.0181186s, 18064 KB] New best heuristic value for pinch: 32
[t=0.0181608s, 18064 KB] g=31, 641 evaluated, 39 expanded
[t=0.0182639s, 18064 KB] New best heuristic value for pinch: 31
[t=0.0183046s, 18064 KB] g=33, 647 evaluated, 42 expanded
[t=0.018397s, 18064 KB] New best heuristic value for pinch: 30
[t=0.0184375s, 18064 KB] g=33, 654 evaluated, 42 expanded
[t=0.0187281s, 18064 KB] New best heuristic value for pinch: 29
[t=0.0187693s, 18064 KB] g=35, 685 evaluated, 46 expanded
[t=0.0190671s, 18064 KB] New best heuristic value for pinch: 28
[t=0.0191131s, 18064 KB] g=35, 721 evaluated, 46 expanded
[t=0.0192296s, 18064 KB] New best heuristic value for pinch: 27
[t=0.0192699s, 18064 KB] g=37, 728 evaluated, 50 expanded
[t=0.0193602s, 18064 KB] New best heuristic value for pinch: 26
[t=0.0194004s, 18064 KB] g=37, 735 evaluated, 50 expanded
[t=0.0197205s, 18064 KB] New best heuristic value for pinch: 25
[t=0.019762s, 18064 KB] g=39, 770 evaluated, 55 expanded
[t=0.0198526s, 18064 KB] New best heuristic value for pinch: 24
[t=0.0198927s, 18064 KB] g=39, 777 evaluated, 55 expanded
[t=0.0202327s, 18064 KB] New best heuristic value for pinch: 23
[t=0.0202738s, 18064 KB] g=41, 814 evaluated, 60 expanded
[t=0.0203647s, 18064 KB] New best heuristic value for pinch: 22
[t=0.0204057s, 18064 KB] g=41, 821 evaluated, 60 expanded
[t=0.0207209s, 18064 KB] New best heuristic value for pinch: 21
[t=0.0207641s, 18064 KB] g=43, 855 evaluated, 65 expanded
[t=0.020863s, 18064 KB] New best heuristic value for pinch: 20
[t=0.0209209s, 18064 KB] g=43, 863 evaluated, 65 expanded
[t=0.0211461s, 18064 KB] New best heuristic value for pinch: 19
[t=0.0211872s, 18064 KB] g=45, 885 evaluated, 69 expanded
[t=0.0214827s, 18064 KB] New best heuristic value for pinch: 18
[t=0.0215242s, 18064 KB] g=45, 921 evaluated, 69 expanded
[t=0.0216904s, 18064 KB] New best heuristic value for pinch: 17
[t=0.0217317s, 18064 KB] g=47, 935 evaluated, 73 expanded
[t=0.0218588s, 18064 KB] New best heuristic value for pinch: 16
[t=0.0219s, 18064 KB] g=47, 945 evaluated, 73 expanded
[t=0.0221564s, 18064 KB] New best heuristic value for pinch: 15
[t=0.0221999s, 18064 KB] g=48, 962 evaluated, 74 expanded
[t=0.0225449s, 18064 KB] New best heuristic value for pinch: 14
[t=0.0225876s, 18064 KB] g=50, 1002 evaluated, 77 expanded
[t=0.0227254s, 18064 KB] New best heuristic value for pinch: 13
[t=0.0227723s, 18064 KB] g=51, 1015 evaluated, 78 expanded
[t=0.0230283s, 18064 KB] New best heuristic value for pinch: 12
[t=0.0230699s, 18064 KB] g=52, 1042 evaluated, 81 expanded
[t=0.0232071s, 18064 KB] New best heuristic value for pinch: 11
[t=0.0232477s, 18064 KB] g=53, 1055 evaluated, 82 expanded
[t=0.0234847s, 18064 KB] New best heuristic value for pinch: 10
[t=0.0235256s, 18064 KB] g=54, 1082 evaluated, 83 expanded
[t=0.0237329s, 18064 KB] New best heuristic value for pinch: 9
[t=0.023775s, 18064 KB] g=55, 1104 evaluated, 84 expanded
[t=0.0239532s, 18064 KB] New best heuristic value for pinch: 8
[t=0.0239937s, 18064 KB] g=56, 1122 evaluated, 85 expanded
[t=0.0242417s, 18064 KB] New best heuristic value for pinch: 7
[t=0.0242823s, 18064 KB] g=57, 1151 evaluated, 86 expanded
[t=0.0244167s, 18064 KB] New best heuristic value for pinch: 6
[t=0.0244569s, 18064 KB] g=58, 1162 evaluated, 88 expanded
[t=0.024725s, 18064 KB] New best heuristic value for pinch: 5
[t=0.024766s, 18064 KB] g=59, 1193 evaluated, 89 expanded
[t=0.0248856s, 18064 KB] New best heuristic value for pinch: 4
[t=0.0249261s, 18064 KB] g=60, 1202 evaluated, 91 expanded
[t=0.0251939s, 18064 KB] New best heuristic value for pinch: 3
[t=0.0252356s, 18064 KB] g=61, 1234 evaluated, 92 expanded
[t=0.0253383s, 18064 KB] New best heuristic value for pinch: 2
[t=0.0253788s, 18064 KB] g=62, 1242 evaluated, 93 expanded
[t=0.0257048s, 18064 KB] New best heuristic value for pinch: 1
[t=0.025746s, 18064 KB] g=63, 1281 evaluated, 94 expanded
[t=0.0257977s, 18064 KB] New best heuristic value for pinch: 0
[t=0.0258375s, 18064 KB] g=64, 1282 evaluated, 95 expanded
[t=0.0258789s, 18064 KB] Solution found!
[t=0.025925s, 18064 KB] Actual search time: 0.0159279s
up f0 f9 (1)
stop f9 (1)
down f9 f7 (1)
stop f7 (1)
up f7 f9 (1)
stop f9 (1)
down f9 f0 (1)
stop f0 (1)
up f0 f18 (1)
stop f18 (1)
down f18 f2 (1)
stop f2 (1)
up f2 f20 (1)
stop f20 (1)
up f20 f22 (1)
stop f22 (1)
up f22 f24 (1)
stop f24 (1)
up f24 f27 (1)
stop f27 (1)
up f27 f30 (1)
stop f30 (1)
up f30 f33 (1)
stop f33 (1)
up f33 f38 (1)
stop f38 (1)
down f38 f0 (1)
stop f0 (1)
up f0 f1 (1)
stop f1 (1)
up f1 f12 (1)
stop f12 (1)
down f12 f5 (1)
stop f5 (1)
up f5 f13 (1)
stop f13 (1)
up f13 f15 (1)
stop f15 (1)
up f15 f19 (1)
stop f19 (1)
up f19 f21 (1)
stop f21 (1)
down f21 f7 (1)
stop f7 (1)
up f7 f23 (1)
stop f23 (1)
down f23 f9 (1)
stop f9 (1)
up f9 f24 (1)
stop f24 (1)
up f24 f28 (1)
stop f28 (1)
down f28 f2 (1)
stop f2 (1)
up f2 f29 (1)
stop f29 (1)
up f29 f31 (1)
stop f31 (1)
up f31 f32 (1)
stop f32 (1)
down f32 f9 (1)
stop f9 (1)
up f9 f39 (1)
stop f39 (1)
[t=0.0259677s, 18064 KB] Plan length: 64 step(s).
[t=0.0259677s, 18064 KB] Plan cost: 64
[t=0.0259677s, 18064 KB] Expanded 96 state(s).
[t=0.0259677s, 18064 KB] Reopened 0 state(s).
[t=0.0259677s, 18064 KB] Evaluated 1282 state(s).
[t=0.0259677s, 18064 KB] Evaluations: 1282
[t=0.0259677s, 18064 KB] Generated 3800 state(s).
[t=0.0259677s, 18064 KB] Dead ends: 0 state(s).
[t=0.0259677s, 18064 KB] Number of registered states: 1282
[t=0.0259677s, 18064 KB] Int hash set load factor: 1282/2048 = 0.625977
[t=0.0259677s, 18064 KB] Int hash set resizes: 11
[t=0.0259677s, 18064 KB] mean number of q cost that have been adjusted 0 times in relation to total number of q: -1
[t=0.0259677s, 18064 KB] mean number of q cost that have been adjusted 1 times in relation to total number of q: -1
[t=0.0259677s, 18064 KB] mean number of q cost that have been adjusted 2 times in relation to total number of q: -1
[t=0.0259677s, 18064 KB] mean number of q that are at some point overconsitent in relation to total number of q: -1
[t=0.0259677s, 18064 KB] mean number of q that are at first underconsisten in relation to total number of q: -1
[t=0.0259677s, 18064 KB] mean number of state variables that are not in common between two following states in relation to total number of state variables: -1
[t=0.0259677s, 18064 KB] variance number of state variables that are not in common between two following states in relation to total number of state variables: -1
[t=0.0259677s, 18064 KB] Search time: 0.0163148s
[t=0.0259677s, 18064 KB] Total time: 0.0259677s
Solution found.
Peak memory: 18064 KB
Remove intermediate file output.sas
search exit code: 0

INFO     Running validate.
INFO     validate stdin: None
INFO     validate time limit: None
INFO     validate memory limit: None
INFO     validate command line string: validate domain.pddl problem.pddl sas_plan
