INFO     Running translator.
INFO     translator stdin: None
INFO     translator time limit: 1799.96s
INFO     translator memory limit: 3584 MB
INFO     translator command line string: /infai/weidan00/downward/experiments/bachelor/.venv/bin/python3 /infai/weidan00/downward/experiments/bachelor/data/bachelor-v1/code-7aa5f34_e5e41175/builds/release/bin/translate/translate.py domain.pddl problem.pddl --sas-file output.sas
Parsing...
Parsing: [0.000s CPU, 0.003s wall-clock]
Normalizing task... [0.000s CPU, 0.000s wall-clock]
Instantiating...
Generating Datalog program... [0.000s CPU, 0.000s wall-clock]
Normalizing Datalog program...
Normalizing Datalog program: [0.000s CPU, 0.003s wall-clock]
Preparing model... [0.000s CPU, 0.001s wall-clock]
Generated 42 rules.
Computing model... [0.010s CPU, 0.007s wall-clock]
366 relevant atoms
334 auxiliary atoms
700 final queue length
1024 total queue pushes
Completing instantiation... [0.010s CPU, 0.010s wall-clock]
Instantiating: [0.020s CPU, 0.023s wall-clock]
Computing fact groups...
Finding invariants...
12 initial candidates
Finding invariants: [0.000s CPU, 0.003s wall-clock]
Checking invariant weight... [0.000s CPU, 0.000s wall-clock]
Instantiating groups... [0.000s CPU, 0.001s wall-clock]
Collecting mutex groups... [0.000s CPU, 0.000s wall-clock]
Choosing groups...
0 uncovered facts
Choosing groups: [0.000s CPU, 0.000s wall-clock]
Building translation key... [0.000s CPU, 0.000s wall-clock]
Computing fact groups: [0.000s CPU, 0.006s wall-clock]
Building STRIPS to SAS dictionary... [0.000s CPU, 0.000s wall-clock]
Building dictionary for full mutex groups... [0.000s CPU, 0.000s wall-clock]
Building mutex information...
Building mutex information: [0.000s CPU, 0.000s wall-clock]
Translating task...
Processing axioms...
Simplifying axioms... [0.000s CPU, 0.000s wall-clock]
Processing axioms: [0.000s CPU, 0.001s wall-clock]
Translating task: [0.010s CPU, 0.008s wall-clock]
0 effect conditions simplified
0 implied preconditions added
Detecting unreachable propositions...
0 operators removed
0 axioms removed
14 propositions removed
Detecting unreachable propositions: [0.000s CPU, 0.004s wall-clock]
Reordering and filtering variables...
14 of 14 variables necessary.
0 of 14 mutex groups necessary.
194 of 194 operators necessary.
0 of 0 axiom rules necessary.
Reordering and filtering variables: [0.010s CPU, 0.001s wall-clock]
Translator variables: 14
Translator derived variables: 0
Translator facts: 78
Translator goal facts: 2
Translator mutex groups: 0
Translator total mutex groups size: 0
Translator operators: 194
Translator axioms: 0
Translator task size: 1204
Translator peak memory: 143308 KB
Writing output... [0.000s CPU, 0.004s wall-clock]
Done! [0.040s CPU, 0.050s wall-clock]
translate exit code: 0

INFO     Running search (release).
INFO     search stdin: output.sas
INFO     search time limit: 1799.86s
INFO     search memory limit: 3584 MB
INFO     search command line string: /infai/weidan00/downward/experiments/bachelor/data/bachelor-v1/code-7aa5f34_e5e41175/builds/release/bin/downward --search 'eager_wastar([add()], w=2)' --internal-plan-file sas_plan < output.sas
[t=6.5558e-05s, 17204 KB] reading input...
[t=0.00158752s, 17212 KB] done reading input!
[t=0.00350982s, 17608 KB] Simplifying 388 unary operators... done! [357 unary operators]
[t=0.00384729s, 17608 KB] time to simplify: 0.000394317s
[t=0.00395865s, 17608 KB] Initializing additive heuristic...
[t=0.00408099s, 17608 KB] Building successor generator...done!
[t=0.0043252s, 17608 KB] peak memory difference for successor generator creation: 0 KB
[t=0.00436379s, 17608 KB] time for successor generation creation: 0.000120022s
[t=0.00441182s, 17608 KB] Variables: 14
[t=0.00445177s, 17608 KB] FactPairs: 78
[t=0.00449996s, 17608 KB] Bytes per state: 8
[t=0.00462429s, 17608 KB] Conducting best first search with reopening closed nodes, (real) bound = 2147483647
[t=0.00473447s, 17608 KB] New best heuristic value for add: 11
[t=0.00477758s, 17608 KB] g=0, 1 evaluated, 0 expanded
[t=0.00482858s, 17608 KB] Initial heuristic value for add: 11
[t=0.00486973s, 17608 KB] pruning method: none
[t=0.00493091s, 17608 KB] New best heuristic value for add: 9
[t=0.00497261s, 17608 KB] g=1, 2 evaluated, 1 expanded
[t=0.00506995s, 17608 KB] New best heuristic value for add: 7
[t=0.00511228s, 17608 KB] g=2, 9 evaluated, 2 expanded
[t=0.00523373s, 17608 KB] New best heuristic value for add: 6
[t=0.00527529s, 17608 KB] g=5, 21 evaluated, 6 expanded
[t=0.00538391s, 17608 KB] New best heuristic value for add: 5
[t=0.00542556s, 17608 KB] g=6, 27 evaluated, 7 expanded
[t=0.00547313s, 17608 KB] New best heuristic value for add: 4
[t=0.00551401s, 17608 KB] g=6, 28 evaluated, 7 expanded
[t=0.00567464s, 17608 KB] New best heuristic value for add: 3
[t=0.0057163s, 17608 KB] g=9, 48 evaluated, 12 expanded
[t=0.00576422s, 17608 KB] New best heuristic value for add: 2
[t=0.00580587s, 17608 KB] g=10, 49 evaluated, 13 expanded
[t=0.0058624s, 17608 KB] New best heuristic value for add: 1
[t=0.00590363s, 17608 KB] g=11, 52 evaluated, 14 expanded
[t=0.0059781s, 17608 KB] New best heuristic value for add: 0
[t=0.00601928s, 17608 KB] g=12, 60 evaluated, 15 expanded
[t=0.00606059s, 17608 KB] Solution found!
[t=0.00610248s, 17608 KB] Actual search time: 0.00123372s
feast intoxication wurst lamb goias bosnia (1)
overcome grief intoxication lamb vulcan earth (1)
feast intoxication lamb broccoli alsace kentucky (1)
overcome boils intoxication broccoli neptune vulcan (1)
feast intoxication broccoli lamb alsace kentucky (1)
succumb boils intoxication lamb neptune vulcan (1)
feast intoxication lamb broccoli oregon alsace (1)
feast intoxication broccoli muffin oregon alsace (1)
overcome anger intoxication muffin neptune vulcan (1)
feast intoxication muffin broccoli bosnia pennsylvania (1)
feast intoxication broccoli lamb quebec oregon (1)
succumb anger intoxication lamb neptune vulcan (1)
[t=0.00615079s, 17608 KB] Plan length: 12 step(s).
[t=0.00615079s, 17608 KB] Plan cost: 12
[t=0.00615079s, 17608 KB] Expanded 16 state(s).
[t=0.00615079s, 17608 KB] Reopened 0 state(s).
[t=0.00615079s, 17608 KB] Evaluated 60 state(s).
[t=0.00615079s, 17608 KB] Evaluations: 60
[t=0.00615079s, 17608 KB] Generated 65 state(s).
[t=0.00615079s, 17608 KB] Dead ends: 10 state(s).
[t=0.00615079s, 17608 KB] Number of registered states: 60
[t=0.00615079s, 17608 KB] Int hash set load factor: 60/64 = 0.9375
[t=0.00615079s, 17608 KB] Int hash set resizes: 6
[t=0.00615079s, 17608 KB] mean number of q cost that have been adjusted 0 times in relation to total number of q: -1
[t=0.00615079s, 17608 KB] mean number of q cost that have been adjusted 1 times in relation to total number of q: -1
[t=0.00615079s, 17608 KB] mean number of q cost that have been adjusted 2 times in relation to total number of q: -1
[t=0.00615079s, 17608 KB] mean number of q that are at some point overconsitent in relation to total number of q: -1
[t=0.00615079s, 17608 KB] mean number of q that are at first underconsisten in relation to total number of q: -1
[t=0.00615079s, 17608 KB] mean number of state variables that are not in common between two following states in relation to total number of state variables: -1
[t=0.00615079s, 17608 KB] variance number of state variables that are not in common between two following states in relation to total number of state variables: -1
[t=0.00615079s, 17608 KB] Search time: 0.00152732s
[t=0.00615079s, 17608 KB] Total time: 0.00615079s
Solution found.
Peak memory: 17608 KB
Remove intermediate file output.sas
search exit code: 0

INFO     Running validate.
INFO     validate stdin: None
INFO     validate time limit: None
INFO     validate memory limit: None
INFO     validate command line string: validate domain.pddl problem.pddl sas_plan
