INFO     Running translator.
INFO     translator stdin: None
INFO     translator time limit: 1799.96s
INFO     translator memory limit: 3584 MB
INFO     translator command line string: /infai/weidan00/downward/experiments/bachelor/.venv/bin/python3 /infai/weidan00/downward/experiments/bachelor/data/bachelor-v1/code-7aa5f34_e5e41175/builds/release/bin/translate/translate.py domain.pddl problem.pddl --sas-file output.sas
Parsing...
Parsing: [0.000s CPU, 0.006s wall-clock]
Normalizing task... [0.000s CPU, 0.000s wall-clock]
Instantiating...
Generating Datalog program... [0.000s CPU, 0.001s wall-clock]
Normalizing Datalog program...
Normalizing Datalog program: [0.020s CPU, 0.010s wall-clock]
Preparing model... [0.000s CPU, 0.003s wall-clock]
Generated 126 rules.
Computing model... [0.090s CPU, 0.090s wall-clock]
2954 relevant atoms
4242 auxiliary atoms
7196 final queue length
17102 total queue pushes
Completing instantiation... [0.210s CPU, 0.209s wall-clock]
Instantiating: [0.320s CPU, 0.317s wall-clock]
Computing fact groups...
Finding invariants...
22 initial candidates
Finding invariants: [0.040s CPU, 0.042s wall-clock]
Checking invariant weight... [0.000s CPU, 0.000s wall-clock]
Instantiating groups... [0.010s CPU, 0.002s wall-clock]
Collecting mutex groups... [0.000s CPU, 0.000s wall-clock]
Choosing groups...
24 uncovered facts
Choosing groups: [0.000s CPU, 0.001s wall-clock]
Building translation key... [0.000s CPU, 0.000s wall-clock]
Computing fact groups: [0.050s CPU, 0.047s wall-clock]
Building STRIPS to SAS dictionary... [0.000s CPU, 0.000s wall-clock]
Building dictionary for full mutex groups... [0.000s CPU, 0.000s wall-clock]
Building mutex information...
Building mutex information: [0.000s CPU, 0.000s wall-clock]
Translating task...
Processing axioms...
Simplifying axioms... [0.000s CPU, 0.000s wall-clock]
Processing axioms: [0.010s CPU, 0.008s wall-clock]
Translating task: [0.170s CPU, 0.171s wall-clock]
754 effect conditions simplified
0 implied preconditions added
Detecting unreachable propositions...
0 operators removed
0 axioms removed
30 propositions removed
Detecting unreachable propositions: [0.070s CPU, 0.071s wall-clock]
Reordering and filtering variables...
54 of 54 variables necessary.
2 of 32 mutex groups necessary.
2378 of 2378 operators necessary.
0 of 0 axiom rules necessary.
Reordering and filtering variables: [0.030s CPU, 0.034s wall-clock]
Translator variables: 54
Translator derived variables: 0
Translator facts: 278
Translator goal facts: 7
Translator mutex groups: 2
Translator total mutex groups size: 24
Translator operators: 2378
Translator axioms: 0
Translator task size: 22445
Translator peak memory: 160204 KB
Writing output... [0.030s CPU, 0.037s wall-clock]
Done! [0.680s CPU, 0.694s wall-clock]
translate exit code: 0

INFO     Running search (release).
INFO     search stdin: output.sas
INFO     search time limit: 1799.21s
INFO     search memory limit: 3584 MB
INFO     search command line string: /infai/weidan00/downward/experiments/bachelor/data/bachelor-v1/code-7aa5f34_e5e41175/builds/release/bin/downward --search 'eager_wastar([add()], w=2)' --internal-plan-file sas_plan < output.sas
[t=6.1304e-05s, 17204 KB] reading input...
[t=0.0197604s, 18096 KB] done reading input!
[t=0.0232586s, 19220 KB] Simplifying 10192 unary operators... done! [10192 unary operators]
[t=0.0381311s, 20012 KB] time to simplify: 0.0149478s
[t=0.0390558s, 20012 KB] Initializing additive heuristic...
[t=0.0392138s, 20012 KB] Building successor generator...done!
[t=0.0410521s, 20012 KB] peak memory difference for successor generator creation: 0 KB
[t=0.0410941s, 20012 KB] time for successor generation creation: 0.00170141s
[t=0.0411619s, 20012 KB] Variables: 54
[t=0.0412018s, 20012 KB] FactPairs: 278
[t=0.0412414s, 20012 KB] Bytes per state: 16
[t=0.0413819s, 20012 KB] Conducting best first search with reopening closed nodes, (real) bound = 2147483647
[t=0.0416464s, 20012 KB] New best heuristic value for add: 70
[t=0.0416962s, 20012 KB] g=0, 1 evaluated, 0 expanded
[t=0.0417456s, 20012 KB] Initial heuristic value for add: 70
[t=0.0417862s, 20012 KB] pruning method: none
[t=0.0421084s, 20012 KB] New best heuristic value for add: 66
[t=0.0421567s, 20012 KB] g=1, 3 evaluated, 1 expanded
[t=0.0432717s, 20012 KB] New best heuristic value for add: 64
[t=0.043322s, 20012 KB] g=2, 12 evaluated, 2 expanded
[t=0.0436263s, 20012 KB] New best heuristic value for add: 55
[t=0.0436725s, 20012 KB] g=2, 14 evaluated, 2 expanded
[t=0.043972s, 20012 KB] New best heuristic value for add: 53
[t=0.0440171s, 20012 KB] g=2, 16 evaluated, 2 expanded
[t=0.0445121s, 20012 KB] New best heuristic value for add: 49
[t=0.0445592s, 20012 KB] g=3, 20 evaluated, 3 expanded
[t=0.0464098s, 20012 KB] New best heuristic value for add: 44
[t=0.0464602s, 20012 KB] g=4, 35 evaluated, 4 expanded
[t=0.0472491s, 20012 KB] New best heuristic value for add: 42
[t=0.0472966s, 20012 KB] g=5, 41 evaluated, 5 expanded
[t=0.0488187s, 20012 KB] New best heuristic value for add: 35
[t=0.0488692s, 20012 KB] g=6, 53 evaluated, 6 expanded
[t=0.0709998s, 20012 KB] New best heuristic value for add: 33
[t=0.0710723s, 20012 KB] g=9, 238 evaluated, 25 expanded
[t=0.0713664s, 20012 KB] New best heuristic value for add: 30
[t=0.0714132s, 20012 KB] g=9, 240 evaluated, 25 expanded
[t=0.0721709s, 20012 KB] New best heuristic value for add: 29
[t=0.0722196s, 20012 KB] g=10, 246 evaluated, 26 expanded
[t=0.236163s, 20012 KB] New best heuristic value for add: 28
[t=0.236249s, 20012 KB] g=17, 1609 evaluated, 298 expanded
[t=0.376184s, 20012 KB] New best heuristic value for add: 26
[t=0.376279s, 20012 KB] g=19, 2770 evaluated, 527 expanded
[t=0.383334s, 20012 KB] New best heuristic value for add: 21
[t=0.383406s, 20012 KB] g=21, 2835 evaluated, 533 expanded
[t=0.389061s, 20012 KB] New best heuristic value for add: 20
[t=0.389132s, 20012 KB] g=24, 2885 evaluated, 537 expanded
[t=0.390185s, 20012 KB] New best heuristic value for add: 19
[t=0.390235s, 20012 KB] g=25, 2894 evaluated, 538 expanded
[t=0.518723s, 20012 KB] New best heuristic value for add: 17
[t=0.518809s, 20012 KB] g=29, 4122 evaluated, 723 expanded
[t=1.77943s, 20496 KB] New best heuristic value for add: 14
[t=1.77953s, 20496 KB] g=32, 16296 evaluated, 3199 expanded, 66 reopened
[t=1.78057s, 20496 KB] New best heuristic value for add: 11
[t=1.78062s, 20496 KB] g=33, 16306 evaluated, 3200 expanded, 66 reopened
[t=1.78203s, 20496 KB] New best heuristic value for add: 9
[t=1.78208s, 20496 KB] g=34, 16321 evaluated, 3201 expanded, 66 reopened
[t=1.78247s, 20496 KB] New best heuristic value for add: 8
[t=1.78252s, 20496 KB] g=35, 16326 evaluated, 3202 expanded, 66 reopened
[t=1.78611s, 20496 KB] New best heuristic value for add: 6
[t=1.78616s, 20496 KB] g=37, 16374 evaluated, 3209 expanded, 66 reopened
[t=2.4661s, 20768 KB] New best heuristic value for add: 5
[t=2.46617s, 20768 KB] g=39, 24620 evaluated, 5572 expanded, 162 reopened
[t=2.46655s, 20768 KB] New best heuristic value for add: 4
[t=2.46661s, 20768 KB] g=40, 24625 evaluated, 5573 expanded, 162 reopened
[t=2.46842s, 20768 KB] New best heuristic value for add: 2
[t=2.46847s, 20768 KB] g=42, 24650 evaluated, 5575 expanded, 162 reopened
[t=2.48774s, 20768 KB] New best heuristic value for add: 0
[t=2.48779s, 20768 KB] g=46, 24955 evaluated, 5603 expanded, 162 reopened
[t=2.48794s, 20768 KB] Solution found!
[t=2.48799s, 20768 KB] Actual search time: 2.4462s
pop-start s13 b5 a1 a3 b11 gasoleo rat-a ta3-1-gasoleo (1)
pop-end s13 a1 a3 b1 b11 oca1 ta1-1-oca1 (1)
pop-start s12 b9 a1 a2 b0 oca1 lco ta2-1-oca1 (1)
pop-end s12 a1 a2 b6 b0 rat-a ta1-1-rat-a (1)
pop-start s13 b10 a1 a3 b5 oca1 gasoleo ta3-1-oca1 (1)
pop-end s13 a1 a3 b11 b5 lco ta1-1-lco (1)
pop-start s13 b7 a1 a3 b10 oca1 oca1 ta3-2-oca1 (1)
pop-end s13 a1 a3 b5 b10 gasoleo ta1-2-gasoleo (1)
push-start s13 b3 a1 a3 b10 gasoleo oca1 ta1-1-gasoleo (1)
push-end s13 a1 a3 b7 b10 oca1 ta3-1-oca1 (1)
pop-start s12 b2 a1 a2 b9 lco oca1 ta2-1-lco (1)
pop-end s12 a1 a2 b0 b9 gasoleo ta1-1-gasoleo (1)
push-start s13 b6 a1 a3 b3 gasoleo gasoleo ta1-1-gasoleo (1)
pop-start s12 b4 a1 a2 b2 gasoleo lco ta2-1-gasoleo (1)
pop-end s12 a1 a2 b9 b2 gasoleo ta1-1-gasoleo (1)
push-end s13 a1 a3 b10 b3 oca1 ta3-2-oca1 (1)
push-start s12 b0 a1 a2 b2 lco lco ta1-1-lco (1)
push-start s13 b9 a1 a3 b6 oca1 gasoleo ta1-1-oca1 (1)
push-end s13 a1 a3 b3 b6 gasoleo ta3-1-gasoleo (1)
pop-start s13 b10 a1 a3 b6 oca1 gasoleo ta3-1-oca1 (1)
pop-end s13 a1 a3 b9 b6 oca1 ta1-1-oca1 (1)
push-end s12 a1 a2 b4 b2 gasoleo ta2-1-gasoleo (1)
pop-start s13 b7 a1 a3 b10 oca1 oca1 ta3-2-oca1 (1)
pop-end s13 a1 a3 b6 b10 lco ta1-1-lco (1)
push-start s12 b6 a1 a2 b0 gasoleo lco ta1-1-gasoleo (1)
push-end s12 a1 a2 b2 b0 lco ta2-1-lco (1)
pop-start s13 b8 a1 a3 b7 gasoleo oca1 ta3-1-gasoleo (1)
pop-end s13 a1 a3 b10 b7 gasoleo ta1-1-gasoleo (1)
push-start s13 b9 a1 a3 b7 oca1 oca1 ta1-1-oca1 (1)
push-end s13 a1 a3 b8 b7 gasoleo ta3-1-gasoleo (1)
pop-start s12 b2 a1 a2 b0 lco lco ta2-1-lco (1)
pop-end s12 a1 a2 b6 b0 oca1 ta1-1-oca1 (1)
push-start s13 b6 a1 a3 b9 gasoleo oca1 ta1-1-gasoleo (1)
push-end s13 a1 a3 b7 b9 oca1 ta3-1-oca1 (1)
pop-start s12 b4 a1 a2 b2 gasoleo lco ta2-1-gasoleo (1)
pop-end s12 a1 a2 b0 b2 gasoleo ta1-1-gasoleo (1)
push-start s12 b10 a1 a2 b2 oca1 lco ta1-1-oca1 (1)
push-end s12 a1 a2 b4 b2 gasoleo ta2-1-gasoleo (1)
push-start s12 b0 a1 a2 b10 lco oca1 ta1-1-lco (1)
push-end s12 a1 a2 b2 b10 lco ta2-1-lco (1)
push-start s12 b11 a1 a2 b0 rat-a lco ta1-1-rat-a (1)
push-end s12 a1 a2 b10 b0 oca1 ta2-1-oca1 (1)
pop-start s12 b2 a1 a2 b0 lco lco ta2-1-lco (1)
pop-end s12 a1 a2 b11 b0 rat-a ta1-1-rat-a (1)
push-start s13 b11 a1 a3 b6 rat-a gasoleo ta1-1-rat-a (1)
push-end s13 a1 a3 b9 b6 oca1 ta3-2-oca1 (1)
[t=2.48803s, 20768 KB] Plan length: 46 step(s).
[t=2.48803s, 20768 KB] Plan cost: 46
[t=2.48803s, 20768 KB] Expanded 5604 state(s).
[t=2.48803s, 20768 KB] Reopened 162 state(s).
[t=2.48803s, 20768 KB] Evaluated 24957 state(s).
[t=2.48803s, 20768 KB] Evaluations: 24957
[t=2.48803s, 20768 KB] Generated 37070 state(s).
[t=2.48803s, 20768 KB] Dead ends: 2488 state(s).
[t=2.48803s, 20768 KB] Number of registered states: 24957
[t=2.48803s, 20768 KB] Int hash set load factor: 24957/32768 = 0.761627
[t=2.48803s, 20768 KB] Int hash set resizes: 15
[t=2.48803s, 20768 KB] mean number of q cost that have been adjusted 0 times in relation to total number of q: -1
[t=2.48803s, 20768 KB] mean number of q cost that have been adjusted 1 times in relation to total number of q: -1
[t=2.48803s, 20768 KB] mean number of q cost that have been adjusted 2 times in relation to total number of q: -1
[t=2.48803s, 20768 KB] mean number of q that are at some point overconsitent in relation to total number of q: -1
[t=2.48803s, 20768 KB] mean number of q that are at first underconsisten in relation to total number of q: -1
[t=2.48803s, 20768 KB] mean number of state variables that are not in common between two following states in relation to total number of state variables: -1
[t=2.48803s, 20768 KB] variance number of state variables that are not in common between two following states in relation to total number of state variables: -1
[t=2.48803s, 20768 KB] Search time: 2.44665s
[t=2.48803s, 20768 KB] Total time: 2.48803s
Solution found.
Peak memory: 20768 KB
Remove intermediate file output.sas
search exit code: 0

INFO     Running validate.
INFO     validate stdin: None
INFO     validate time limit: None
INFO     validate memory limit: None
INFO     validate command line string: validate domain.pddl problem.pddl sas_plan
