INFO     Running translator.
INFO     translator stdin: None
INFO     translator time limit: 1799.96s
INFO     translator memory limit: 3584 MB
INFO     translator command line string: /infai/weidan00/downward/experiments/bachelor/.venv/bin/python3 /infai/weidan00/downward/experiments/bachelor/data/bachelor-v1/code-7aa5f34_e5e41175/builds/release/bin/translate/translate.py domain.pddl problem.pddl --sas-file output.sas
Parsing...
Parsing: [0.010s CPU, 0.003s wall-clock]
Normalizing task... [0.000s CPU, 0.000s wall-clock]
Instantiating...
Generating Datalog program... [0.000s CPU, 0.000s wall-clock]
Normalizing Datalog program...
Normalizing Datalog program: [0.000s CPU, 0.004s wall-clock]
Preparing model... [0.000s CPU, 0.002s wall-clock]
Generated 59 rules.
Computing model... [0.020s CPU, 0.022s wall-clock]
1331 relevant atoms
793 auxiliary atoms
2124 final queue length
4018 total queue pushes
Completing instantiation... [0.060s CPU, 0.052s wall-clock]
Instantiating: [0.080s CPU, 0.082s wall-clock]
Computing fact groups...
Finding invariants...
9 initial candidates
Finding invariants: [0.000s CPU, 0.004s wall-clock]
Checking invariant weight... [0.000s CPU, 0.000s wall-clock]
Instantiating groups... [0.000s CPU, 0.001s wall-clock]
Collecting mutex groups... [0.000s CPU, 0.000s wall-clock]
Choosing groups...
0 uncovered facts
Choosing groups: [0.000s CPU, 0.000s wall-clock]
Building translation key... [0.000s CPU, 0.000s wall-clock]
Computing fact groups: [0.000s CPU, 0.006s wall-clock]
Building STRIPS to SAS dictionary... [0.000s CPU, 0.000s wall-clock]
Building dictionary for full mutex groups... [0.000s CPU, 0.000s wall-clock]
Building mutex information...
Building mutex information: [0.000s CPU, 0.000s wall-clock]
Translating task...
Processing axioms...
Simplifying axioms... [0.000s CPU, 0.000s wall-clock]
Processing axioms: [0.010s CPU, 0.002s wall-clock]
Translating task: [0.040s CPU, 0.038s wall-clock]
0 effect conditions simplified
0 implied preconditions added
Detecting unreachable propositions...
0 operators removed
0 axioms removed
14 propositions removed
Detecting unreachable propositions: [0.020s CPU, 0.019s wall-clock]
Reordering and filtering variables...
14 of 14 variables necessary.
0 of 14 mutex groups necessary.
1155 of 1155 operators necessary.
0 of 0 axiom rules necessary.
Reordering and filtering variables: [0.000s CPU, 0.005s wall-clock]
Translator variables: 14
Translator derived variables: 0
Translator facts: 100
Translator goal facts: 9
Translator mutex groups: 0
Translator total mutex groups size: 0
Translator operators: 1155
Translator axioms: 0
Translator task size: 5403
Translator peak memory: 147148 KB
Writing output... [0.010s CPU, 0.014s wall-clock]
Done! [0.170s CPU, 0.170s wall-clock]
translate exit code: 0

INFO     Running search (release).
INFO     search stdin: output.sas
INFO     search time limit: 1799.74s
INFO     search memory limit: 3584 MB
INFO     search command line string: /infai/weidan00/downward/experiments/bachelor/data/bachelor-v1/code-7aa5f34_e5e41175/builds/release/bin/downward --search 'eager_wastar([pinch_tracking()], w=2)' --internal-plan-file sas_plan < output.sas
[t=6.0306e-05s, 17204 KB] reading input...
[t=0.00599025s, 17508 KB] done reading input!
[t=0.00813869s, 17904 KB] Simplifying 1815 unary operators... done! [855 unary operators]
[t=0.00887923s, 17904 KB] time to simplify: 0.000813585s
[t=0.0090347s, 17904 KB] Initializing pinch tracking heuristic...
[t=0.00916245s, 17904 KB] Building successor generator...done!
[t=0.00967811s, 18036 KB] peak memory difference for successor generator creation: 132 KB
[t=0.00971858s, 18036 KB] time for successor generation creation: 0.000380746s
[t=0.00977219s, 18036 KB] Variables: 14
[t=0.00981199s, 18036 KB] FactPairs: 100
[t=0.0098511s, 18036 KB] Bytes per state: 8
[t=0.00997832s, 18036 KB] Conducting best first search with reopening closed nodes, (real) bound = 2147483647
[t=0.0101574s, 18036 KB] New best heuristic value for pinch_tracking: 26
[t=0.0102003s, 18036 KB] g=0, 1 evaluated, 0 expanded
[t=0.0102583s, 18036 KB] Initial heuristic value for pinch_tracking: 26
[t=0.0102998s, 18036 KB] pruning method: none
[t=0.0104181s, 18036 KB] New best heuristic value for pinch_tracking: 25
[t=0.0104603s, 18036 KB] g=1, 5 evaluated, 1 expanded
[t=0.011016s, 18036 KB] New best heuristic value for pinch_tracking: 24
[t=0.0110624s, 18036 KB] g=2, 40 evaluated, 2 expanded
[t=0.0115755s, 18036 KB] New best heuristic value for pinch_tracking: 23
[t=0.0116222s, 18036 KB] g=3, 74 evaluated, 3 expanded
[t=0.0122511s, 18036 KB] New best heuristic value for pinch_tracking: 22
[t=0.012297s, 18036 KB] g=4, 118 evaluated, 4 expanded
[t=0.01268s, 18036 KB] New best heuristic value for pinch_tracking: 21
[t=0.0127252s, 18036 KB] g=5, 141 evaluated, 5 expanded
[t=0.0133053s, 18036 KB] New best heuristic value for pinch_tracking: 20
[t=0.0133515s, 18036 KB] g=6, 179 evaluated, 6 expanded
[t=0.0138719s, 18036 KB] New best heuristic value for pinch_tracking: 19
[t=0.0139167s, 18036 KB] g=7, 214 evaluated, 7 expanded
[t=0.0144417s, 18036 KB] New best heuristic value for pinch_tracking: 18
[t=0.0144876s, 18036 KB] g=8, 248 evaluated, 8 expanded
[t=0.0148768s, 18036 KB] New best heuristic value for pinch_tracking: 17
[t=0.0149216s, 18036 KB] g=9, 270 evaluated, 9 expanded
[t=0.0155222s, 18036 KB] New best heuristic value for pinch_tracking: 16
[t=0.0155677s, 18036 KB] g=10, 309 evaluated, 10 expanded
[t=0.016096s, 18036 KB] New best heuristic value for pinch_tracking: 15
[t=0.0161416s, 18036 KB] g=11, 346 evaluated, 11 expanded
[t=0.016522s, 18036 KB] New best heuristic value for pinch_tracking: 14
[t=0.0165659s, 18036 KB] g=12, 371 evaluated, 12 expanded
[t=0.0171519s, 18036 KB] New best heuristic value for pinch_tracking: 13
[t=0.0171974s, 18036 KB] g=13, 406 evaluated, 13 expanded
[t=0.0177416s, 18036 KB] New best heuristic value for pinch_tracking: 12
[t=0.0177862s, 18036 KB] g=14, 442 evaluated, 14 expanded
[t=0.0181571s, 18036 KB] New best heuristic value for pinch_tracking: 11
[t=0.0182019s, 18036 KB] g=15, 465 evaluated, 15 expanded
[t=0.0187639s, 18036 KB] New best heuristic value for pinch_tracking: 10
[t=0.0188143s, 18036 KB] g=16, 501 evaluated, 16 expanded
[t=0.0192853s, 18036 KB] New best heuristic value for pinch_tracking: 9
[t=0.019331s, 18036 KB] g=17, 527 evaluated, 17 expanded
[t=0.019797s, 18036 KB] New best heuristic value for pinch_tracking: 8
[t=0.019842s, 18036 KB] g=18, 553 evaluated, 18 expanded
[t=0.0202963s, 18036 KB] New best heuristic value for pinch_tracking: 7
[t=0.0203412s, 18036 KB] g=19, 581 evaluated, 19 expanded
[t=0.0218978s, 18036 KB] New best heuristic value for pinch_tracking: 6
[t=0.0219473s, 18036 KB] g=21, 671 evaluated, 25 expanded
[t=0.0222875s, 18036 KB] New best heuristic value for pinch_tracking: 5
[t=0.0223311s, 18036 KB] g=22, 690 evaluated, 26 expanded
[t=0.0227466s, 18036 KB] New best heuristic value for pinch_tracking: 4
[t=0.0227906s, 18036 KB] g=23, 712 evaluated, 27 expanded
[t=0.0232544s, 18036 KB] New best heuristic value for pinch_tracking: 3
[t=0.023299s, 18036 KB] g=25, 739 evaluated, 29 expanded
[t=0.0236135s, 18036 KB] New best heuristic value for pinch_tracking: 2
[t=0.023657s, 18036 KB] g=26, 755 evaluated, 30 expanded
[t=0.0239142s, 18036 KB] New best heuristic value for pinch_tracking: 1
[t=0.0239578s, 18036 KB] g=27, 767 evaluated, 31 expanded
[t=0.0242806s, 18036 KB] New best heuristic value for pinch_tracking: 0
[t=0.0243237s, 18036 KB] g=28, 784 evaluated, 32 expanded
[t=0.0245316s, 18036 KB] Solution found!
[t=0.0245779s, 18036 KB] Actual search time: 0.0142754s
fly plane3 city2 city3 fl2 fl1 (1)
board person2 plane3 city3 (1)
board person1 plane3 city3 (1)
board person4 plane2 city4 (1)
fly plane2 city4 city1 fl5 fl4 (1)
board person7 plane2 city1 (1)
board person5 plane2 city1 (1)
debark person4 plane2 city1 (1)
fly plane2 city1 city0 fl4 fl3 (1)
board person8 plane2 city0 (1)
board person6 plane2 city0 (1)
fly plane2 city0 city3 fl3 fl2 (1)
debark person8 plane2 city3 (1)
debark person6 plane2 city3 (1)
fly plane2 city3 city0 fl2 fl1 (1)
debark person5 plane2 city0 (1)
fly plane2 city0 city4 fl1 fl0 (1)
debark person7 plane2 city4 (1)
fly plane1 city0 city2 fl2 fl1 (1)
refuel plane2 city4 fl0 fl1 (1)
board person3 plane2 city4 (1)
fly plane2 city4 city3 fl1 fl0 (1)
debark person3 plane2 city3 (1)
fly plane3 city3 city1 fl1 fl0 (1)
refuel plane3 city1 fl0 fl1 (1)
debark person1 plane3 city1 (1)
fly plane3 city1 city2 fl1 fl0 (1)
debark person2 plane3 city2 (1)
[t=0.0246217s, 18036 KB] Plan length: 28 step(s).
[t=0.0246217s, 18036 KB] Plan cost: 28
[t=0.0246217s, 18036 KB] Expanded 33 state(s).
[t=0.0246217s, 18036 KB] Reopened 0 state(s).
[t=0.0246217s, 18036 KB] Evaluated 794 state(s).
[t=0.0246217s, 18036 KB] Evaluations: 794
[t=0.0246217s, 18036 KB] Generated 875 state(s).
[t=0.0246217s, 18036 KB] Dead ends: 0 state(s).
[t=0.0246217s, 18036 KB] Number of registered states: 794
[t=0.0246217s, 18036 KB] Int hash set load factor: 794/1024 = 0.775391
[t=0.0246217s, 18036 KB] Int hash set resizes: 10
[t=0.0246217s, 18036 KB] mean number of q cost that have been adjusted 0 times in relation to total number of q: -1
[t=0.0246217s, 18036 KB] mean number of q cost that have been adjusted 1 times in relation to total number of q: -1
[t=0.0246217s, 18036 KB] mean number of q cost that have been adjusted 2 times in relation to total number of q: -1
[t=0.0246217s, 18036 KB] mean number of q that are at some point overconsitent in relation to total number of q: -1
[t=0.0246217s, 18036 KB] mean number of q that are at first underconsisten in relation to total number of q: -1
[t=0.0246217s, 18036 KB] mean number of state variables that are not in common between two following states in relation to total number of state variables: -1
[t=0.0246217s, 18036 KB] variance number of state variables that are not in common between two following states in relation to total number of state variables: -1
[t=0.0246217s, 18036 KB] Search time: 0.0146441s
[t=0.0246217s, 18036 KB] Total time: 0.0246217s
Solution found.
Peak memory: 18036 KB
Remove intermediate file output.sas
search exit code: 0

INFO     Running validate.
INFO     validate stdin: None
INFO     validate time limit: None
INFO     validate memory limit: None
INFO     validate command line string: validate domain.pddl problem.pddl sas_plan
