INFO     Running translator.
INFO     translator stdin: None
INFO     translator time limit: 1799.96s
INFO     translator memory limit: 3584 MB
INFO     translator command line string: /infai/weidan00/downward/experiments/bachelor/.venv/bin/python3 /infai/weidan00/downward/experiments/bachelor/data/bachelor-v1/code-7aa5f34_e5e41175/builds/release/bin/translate/translate.py domain.pddl problem.pddl --sas-file output.sas
Parsing...
Parsing: [0.000s CPU, 0.005s wall-clock]
Normalizing task... [0.000s CPU, 0.000s wall-clock]
Instantiating...
Generating Datalog program... [0.000s CPU, 0.001s wall-clock]
Normalizing Datalog program...
Normalizing Datalog program: [0.010s CPU, 0.006s wall-clock]
Preparing model... [0.000s CPU, 0.004s wall-clock]
Generated 125 rules.
Computing model... [0.220s CPU, 0.217s wall-clock]
13179 relevant atoms
4383 auxiliary atoms
17562 final queue length
57309 total queue pushes
Completing instantiation... [0.820s CPU, 0.823s wall-clock]
Instantiating: [1.050s CPU, 1.056s wall-clock]
Computing fact groups...
Finding invariants...
15 initial candidates
Finding invariants: [0.020s CPU, 0.020s wall-clock]
Checking invariant weight... [0.010s CPU, 0.002s wall-clock]
Instantiating groups... [0.010s CPU, 0.013s wall-clock]
Collecting mutex groups... [0.000s CPU, 0.000s wall-clock]
Choosing groups...
40 uncovered facts
Choosing groups: [0.000s CPU, 0.002s wall-clock]
Building translation key... [0.000s CPU, 0.000s wall-clock]
Computing fact groups: [0.040s CPU, 0.040s wall-clock]
Building STRIPS to SAS dictionary... [0.000s CPU, 0.000s wall-clock]
Building dictionary for full mutex groups... [0.000s CPU, 0.001s wall-clock]
Building mutex information...
not in strips_to_sas, left out: Atom bottomcol(club0)
not in strips_to_sas, left out: Atom bottomcol(diamond0)
not in strips_to_sas, left out: Atom bottomcol(heart0)
not in strips_to_sas, left out: Atom bottomcol(spade0)
Building mutex information: [0.010s CPU, 0.001s wall-clock]
Translating task...
Processing axioms...
Simplifying axioms... [0.000s CPU, 0.000s wall-clock]
Processing axioms: [0.030s CPU, 0.031s wall-clock]
Translating task: [0.790s CPU, 0.792s wall-clock]
5146 effect conditions simplified
0 implied preconditions added
Detecting unreachable propositions...
0 operators removed
0 axioms removed
14 propositions removed
Detecting unreachable propositions: [0.420s CPU, 0.429s wall-clock]
Reordering and filtering variables...
86 of 86 variables necessary.
84 of 162 mutex groups necessary.
12529 of 12529 operators necessary.
0 of 0 axiom rules necessary.
Reordering and filtering variables: [0.120s CPU, 0.119s wall-clock]
Translator variables: 86
Translator derived variables: 0
Translator facts: 369
Translator goal facts: 4
Translator mutex groups: 84
Translator total mutex groups size: 416
Translator operators: 12529
Translator axioms: 0
Translator task size: 102078
Translator peak memory: 217292 KB
Writing output... [0.140s CPU, 0.160s wall-clock]
Done! [2.610s CPU, 2.639s wall-clock]
translate exit code: 0

INFO     Running search (release).
INFO     search stdin: output.sas
INFO     search time limit: 1797.27s
INFO     search memory limit: 3584 MB
INFO     search command line string: /infai/weidan00/downward/experiments/bachelor/data/bachelor-v1/code-7aa5f34_e5e41175/builds/release/bin/downward --search 'eager_wastar([pinch_tracking()], w=2)' --internal-plan-file sas_plan < output.sas
[t=5.6013e-05s, 17204 KB] reading input...
[t=0.0828163s, 21556 KB] done reading input!
[t=0.0911032s, 24732 KB] Simplifying 45967 unary operators... done! [45967 unary operators]
[t=0.147584s, 28952 KB] time to simplify: 0.0565914s
[t=0.149877s, 28952 KB] Initializing pinch tracking heuristic...
[t=0.150044s, 28952 KB] Building successor generator...done!
[t=0.15548s, 28952 KB] peak memory difference for successor generator creation: 0 KB
[t=0.155524s, 28952 KB] time for successor generation creation: 0.00529626s
[t=0.155672s, 28952 KB] Variables: 86
[t=0.155716s, 28952 KB] FactPairs: 369
[t=0.155752s, 28952 KB] Bytes per state: 24
[t=0.155893s, 28952 KB] Conducting best first search with reopening closed nodes, (real) bound = 2147483647
[t=0.160604s, 28952 KB] New best heuristic value for pinch_tracking: 120
[t=0.160665s, 28952 KB] g=0, 1 evaluated, 0 expanded
[t=0.160714s, 28952 KB] Initial heuristic value for pinch_tracking: 120
[t=0.160753s, 28952 KB] pruning method: none
[t=0.162319s, 28952 KB] New best heuristic value for pinch_tracking: 115
[t=0.16238s, 28952 KB] g=1, 2 evaluated, 1 expanded
[t=0.181224s, 28952 KB] New best heuristic value for pinch_tracking: 110
[t=0.181294s, 28952 KB] g=2, 14 evaluated, 2 expanded
[t=0.20492s, 28952 KB] New best heuristic value for pinch_tracking: 105
[t=0.204981s, 28952 KB] g=3, 25 evaluated, 3 expanded
[t=0.231169s, 28952 KB] New best heuristic value for pinch_tracking: 101
[t=0.231231s, 28952 KB] g=4, 36 evaluated, 4 expanded
[t=0.259793s, 28952 KB] New best heuristic value for pinch_tracking: 97
[t=0.259854s, 28952 KB] g=5, 46 evaluated, 5 expanded
[t=0.299181s, 28952 KB] New best heuristic value for pinch_tracking: 94
[t=0.299247s, 28952 KB] g=6, 57 evaluated, 6 expanded
[t=0.30799s, 28952 KB] New best heuristic value for pinch_tracking: 93
[t=0.308046s, 28952 KB] g=6, 60 evaluated, 6 expanded
[t=0.766148s, 29092 KB] New best heuristic value for pinch_tracking: 91
[t=0.766245s, 29092 KB] g=7, 138 evaluated, 14 expanded
[t=0.823233s, 29336 KB] New best heuristic value for pinch_tracking: 86
[t=0.823304s, 29336 KB] g=8, 147 evaluated, 15 expanded
[t=0.891364s, 29516 KB] New best heuristic value for pinch_tracking: 85
[t=0.891445s, 29516 KB] g=9, 161 evaluated, 16 expanded
[t=0.94624s, 29516 KB] New best heuristic value for pinch_tracking: 84
[t=0.946321s, 29516 KB] g=10, 173 evaluated, 17 expanded
[t=1.39676s, 29516 KB] New best heuristic value for pinch_tracking: 82
[t=1.39683s, 29516 KB] g=12, 272 evaluated, 25 expanded
[t=1.44743s, 29824 KB] New best heuristic value for pinch_tracking: 81
[t=1.4475s, 29824 KB] g=13, 284 evaluated, 26 expanded
[t=1.47982s, 29824 KB] New best heuristic value for pinch_tracking: 78
[t=1.47988s, 29824 KB] g=14, 297 evaluated, 27 expanded
[t=1.50914s, 29824 KB] New best heuristic value for pinch_tracking: 74
[t=1.50921s, 29824 KB] g=15, 304 evaluated, 28 expanded
[t=1.57012s, 29824 KB] New best heuristic value for pinch_tracking: 71
[t=1.57019s, 29824 KB] g=16, 318 evaluated, 29 expanded
[t=1.63392s, 29824 KB] New best heuristic value for pinch_tracking: 70
[t=1.634s, 29824 KB] g=17, 337 evaluated, 30 expanded
[t=1.83104s, 29824 KB] New best heuristic value for pinch_tracking: 69
[t=1.83111s, 29824 KB] g=19, 395 evaluated, 36 expanded
[t=2.85418s, 29824 KB] New best heuristic value for pinch_tracking: 67
[t=2.85428s, 29824 KB] g=20, 626 evaluated, 69 expanded, 2 reopened
[t=2.92579s, 29824 KB] New best heuristic value for pinch_tracking: 64
[t=2.92589s, 29824 KB] g=21, 645 evaluated, 70 expanded, 2 reopened
[t=2.98167s, 29824 KB] New best heuristic value for pinch_tracking: 63
[t=2.98177s, 29824 KB] g=21, 660 evaluated, 70 expanded, 2 reopened
[t=3.10903s, 29824 KB] New best heuristic value for pinch_tracking: 61
[t=3.10912s, 29824 KB] g=22, 679 evaluated, 72 expanded, 2 reopened
[t=5.72977s, 29824 KB] New best heuristic value for pinch_tracking: 59
[t=5.72988s, 29824 KB] g=24, 1157 evaluated, 142 expanded, 5 reopened
[t=6.58448s, 29824 KB] New best heuristic value for pinch_tracking: 57
[t=6.58457s, 29824 KB] g=25, 1286 evaluated, 161 expanded, 7 reopened
[t=6.8805s, 29824 KB] New best heuristic value for pinch_tracking: 55
[t=6.88058s, 29824 KB] g=27, 1340 evaluated, 166 expanded, 7 reopened
[t=18.7371s, 30100 KB] New best heuristic value for pinch_tracking: 54
[t=18.7371s, 30100 KB] g=32, 3957 evaluated, 634 expanded, 58 reopened
[t=19.2652s, 30280 KB] New best heuristic value for pinch_tracking: 53
[t=19.2653s, 30280 KB] g=34, 4155 evaluated, 655 expanded, 58 reopened
[t=19.3843s, 30280 KB] New best heuristic value for pinch_tracking: 52
[t=19.3844s, 30280 KB] g=35, 4189 evaluated, 660 expanded, 58 reopened
[t=22.1535s, 30280 KB] New best heuristic value for pinch_tracking: 50
[t=22.1536s, 30280 KB] g=36, 4987 evaluated, 772 expanded, 58 reopened
[t=26.8047s, 30280 KB] New best heuristic value for pinch_tracking: 49
[t=26.8048s, 30280 KB] g=38, 6469 evaluated, 1044 expanded, 110 reopened
[t=26.8201s, 30280 KB] New best heuristic value for pinch_tracking: 46
[t=26.8202s, 30280 KB] g=39, 6474 evaluated, 1045 expanded, 110 reopened
[t=26.8254s, 30280 KB] New best heuristic value for pinch_tracking: 45
[t=26.8255s, 30280 KB] g=39, 6480 evaluated, 1045 expanded, 110 reopened
[t=26.8457s, 30280 KB] New best heuristic value for pinch_tracking: 44
[t=26.8458s, 30280 KB] g=40, 6489 evaluated, 1046 expanded, 110 reopened
[t=26.8543s, 30280 KB] New best heuristic value for pinch_tracking: 43
[t=26.8544s, 30280 KB] g=41, 6492 evaluated, 1047 expanded, 110 reopened
[t=26.8579s, 30280 KB] New best heuristic value for pinch_tracking: 41
[t=26.858s, 30280 KB] g=41, 6494 evaluated, 1047 expanded, 110 reopened
[t=26.8679s, 30280 KB] New best heuristic value for pinch_tracking: 40
[t=26.868s, 30280 KB] g=42, 6501 evaluated, 1048 expanded, 110 reopened
[t=26.8765s, 30280 KB] New best heuristic value for pinch_tracking: 38
[t=26.8766s, 30280 KB] g=42, 6507 evaluated, 1048 expanded, 110 reopened
[t=26.8866s, 30280 KB] New best heuristic value for pinch_tracking: 37
[t=26.8867s, 30280 KB] g=43, 6512 evaluated, 1049 expanded, 110 reopened
[t=26.899s, 30280 KB] New best heuristic value for pinch_tracking: 36
[t=26.8991s, 30280 KB] g=44, 6521 evaluated, 1050 expanded, 110 reopened
[t=26.9121s, 30280 KB] New best heuristic value for pinch_tracking: 35
[t=26.9122s, 30280 KB] g=44, 6525 evaluated, 1050 expanded, 110 reopened
[t=26.9363s, 30280 KB] New best heuristic value for pinch_tracking: 34
[t=26.9364s, 30280 KB] g=44, 6534 evaluated, 1050 expanded, 110 reopened
[t=26.9517s, 30280 KB] New best heuristic value for pinch_tracking: 33
[t=26.9518s, 30280 KB] g=45, 6540 evaluated, 1051 expanded, 110 reopened
[t=26.9697s, 30280 KB] New best heuristic value for pinch_tracking: 32
[t=26.9698s, 30280 KB] g=46, 6550 evaluated, 1052 expanded, 110 reopened
[t=26.9757s, 30280 KB] New best heuristic value for pinch_tracking: 31
[t=26.9758s, 30280 KB] g=46, 6552 evaluated, 1052 expanded, 110 reopened
[t=27.0209s, 30280 KB] New best heuristic value for pinch_tracking: 30
[t=27.021s, 30280 KB] g=47, 6568 evaluated, 1053 expanded, 110 reopened
[t=27.0252s, 30280 KB] New best heuristic value for pinch_tracking: 29
[t=27.0253s, 30280 KB] g=47, 6571 evaluated, 1053 expanded, 110 reopened
[t=27.071s, 30280 KB] New best heuristic value for pinch_tracking: 28
[t=27.0711s, 30280 KB] g=48, 6590 evaluated, 1054 expanded, 110 reopened
[t=27.077s, 30280 KB] New best heuristic value for pinch_tracking: 27
[t=27.077s, 30280 KB] g=48, 6593 evaluated, 1054 expanded, 110 reopened
[t=27.0954s, 30280 KB] New best heuristic value for pinch_tracking: 26
[t=27.0954s, 30280 KB] g=48, 6600 evaluated, 1054 expanded, 110 reopened
[t=27.1111s, 30280 KB] New best heuristic value for pinch_tracking: 25
[t=27.1112s, 30280 KB] g=49, 6608 evaluated, 1055 expanded, 110 reopened
[t=27.1224s, 30280 KB] New best heuristic value for pinch_tracking: 24
[t=27.1225s, 30280 KB] g=49, 6614 evaluated, 1055 expanded, 110 reopened
[t=27.1484s, 30280 KB] New best heuristic value for pinch_tracking: 23
[t=27.1485s, 30280 KB] g=50, 6628 evaluated, 1056 expanded, 110 reopened
[t=27.1502s, 30280 KB] New best heuristic value for pinch_tracking: 22
[t=27.1502s, 30280 KB] g=50, 6629 evaluated, 1056 expanded, 110 reopened
[t=27.1654s, 30280 KB] New best heuristic value for pinch_tracking: 21
[t=27.1654s, 30280 KB] g=51, 6641 evaluated, 1057 expanded, 110 reopened
[t=27.1825s, 30280 KB] New best heuristic value for pinch_tracking: 20
[t=27.1826s, 30280 KB] g=52, 6650 evaluated, 1058 expanded, 110 reopened
[t=27.1865s, 30280 KB] New best heuristic value for pinch_tracking: 19
[t=27.1866s, 30280 KB] g=52, 6654 evaluated, 1058 expanded, 110 reopened
[t=27.2705s, 30280 KB] New best heuristic value for pinch_tracking: 18
[t=27.2706s, 30280 KB] g=54, 6716 evaluated, 1065 expanded, 110 reopened
[t=27.2758s, 30280 KB] New best heuristic value for pinch_tracking: 17
[t=27.2759s, 30280 KB] g=54, 6720 evaluated, 1065 expanded, 110 reopened
[t=27.2797s, 30280 KB] New best heuristic value for pinch_tracking: 16
[t=27.2797s, 30280 KB] g=55, 6726 evaluated, 1066 expanded, 110 reopened
[t=27.2956s, 30280 KB] New best heuristic value for pinch_tracking: 15
[t=27.2957s, 30280 KB] g=56, 6740 evaluated, 1067 expanded, 110 reopened
[t=27.3149s, 30280 KB] New best heuristic value for pinch_tracking: 14
[t=27.315s, 30280 KB] g=57, 6754 evaluated, 1068 expanded, 110 reopened
[t=27.3242s, 30280 KB] New best heuristic value for pinch_tracking: 13
[t=27.3243s, 30280 KB] g=58, 6764 evaluated, 1069 expanded, 110 reopened
[t=27.3335s, 30280 KB] New best heuristic value for pinch_tracking: 11
[t=27.3336s, 30280 KB] g=59, 6774 evaluated, 1070 expanded, 110 reopened
[t=27.3414s, 30280 KB] New best heuristic value for pinch_tracking: 10
[t=27.3415s, 30280 KB] g=60, 6785 evaluated, 1071 expanded, 110 reopened
[t=27.3509s, 30280 KB] New best heuristic value for pinch_tracking: 9
[t=27.3509s, 30280 KB] g=61, 6794 evaluated, 1072 expanded, 110 reopened
[t=27.3621s, 30280 KB] New best heuristic value for pinch_tracking: 8
[t=27.3622s, 30280 KB] g=62, 6805 evaluated, 1073 expanded, 110 reopened
[t=27.3702s, 30280 KB] New best heuristic value for pinch_tracking: 7
[t=27.3703s, 30280 KB] g=63, 6814 evaluated, 1074 expanded, 110 reopened
[t=27.3769s, 30280 KB] New best heuristic value for pinch_tracking: 6
[t=27.377s, 30280 KB] g=64, 6821 evaluated, 1075 expanded, 110 reopened
[t=27.3844s, 30280 KB] New best heuristic value for pinch_tracking: 5
[t=27.3844s, 30280 KB] g=65, 6829 evaluated, 1076 expanded, 110 reopened
[t=27.3916s, 30280 KB] New best heuristic value for pinch_tracking: 3
[t=27.3916s, 30280 KB] g=66, 6836 evaluated, 1077 expanded, 110 reopened
[t=27.3962s, 30280 KB] New best heuristic value for pinch_tracking: 2
[t=27.3963s, 30280 KB] g=67, 6841 evaluated, 1078 expanded, 110 reopened
[t=27.4012s, 30280 KB] New best heuristic value for pinch_tracking: 1
[t=27.4012s, 30280 KB] g=68, 6847 evaluated, 1079 expanded, 110 reopened
[t=27.4049s, 30280 KB] New best heuristic value for pinch_tracking: 0
[t=27.4049s, 30280 KB] g=69, 6851 evaluated, 1080 expanded, 110 reopened
[t=27.4057s, 30280 KB] Solution found!
[t=27.4058s, 30280 KB] Actual search time: 27.245s
sendtohome cluba diamond9 club n1 club0 n0 (1)
sendtohome spadea club3 spade n1 spade0 n0 (1)
sendtohome spade2 diamond5 spade n2 spadea n1 (1)
sendtofree heart7 diamond6 n4 n3 (1)
sendtofree diamond8 heart8 n3 n2 (1)
sendtofree heart8 hearta n2 n1 (1)
sendtohome hearta spade7 heart n1 heart0 n0 (1)
sendtohome heart2 heart4 heart n2 hearta n1 (1)
move diamond6 spade6 spade7 (1)
move spade5 spade8 diamond6 (1)
move club3 spade3 heart4 (1)
sendtohome spade3 heart9 spade n3 spade2 n2 (1)
move spade8 spade4 heart9 (1)
sendtohome spade4 diamond10 spade n4 spade3 n3 (1)
sendtohome spade5 diamond6 spade n5 spade4 n4 (1)
sendtohome spade6 spade10 spade n6 spade5 n5 (1)
colfromfreecell heart7 spade8 n1 n2 (1)
sendtofree spade10 club2 n2 n1 (1)
sendtohome-b club2 club n2 cluba n1 n0 n1 (1)
sendtohome club3 heart4 club n3 club2 n2 (1)
sendtofree diamond10 club4 n1 n0 (1)
sendtohome-b club4 club n4 club3 n3 n1 n2 (1)
sendtonewcol diamond5 club5 n2 n1 (1)
sendtohome club5 club6 club n5 club4 n4 (1)
newcolfromfreecell spade10 n1 n0 n0 n1 (1)
move diamond9 diamond2 spade10 (1)
move-b diamond5 club6 n0 n1 (1)
sendtofree diamond2 club9 n1 n0 (1)
newcolfromfreecell diamond10 n1 n0 n0 n1 (1)
move club9 spade9 diamond10 (1)
colfromfreecell heart8 spade9 n1 n2 (1)
sendtofree heart4 heart5 n2 n1 (1)
colfromfreecell diamond8 club9 n1 n2 (1)
sendtofree heart5 heart3 n2 n1 (1)
sendtohome heart3 club7 heart n3 heart2 n2 (1)
move diamond6 spade7 club7 (1)
sendtohome spade7 heart6 spade n7 spade6 n6 (1)
homefromfreecell heart4 heart n4 heart3 n3 n1 n2 (1)
sendtofree club10 diamond3 n2 n1 (1)
homefromfreecell heart5 heart n5 heart4 n4 n1 n2 (1)
sendtofree heart7 spade8 n2 n1 (1)
sendtohome spade8 heart9 spade n8 spade7 n7 (1)
sendtohome-b heart6 heart n6 heart5 n5 n0 n1 (1)
sendtofree diamond3 heart10 n1 n0 (1)
homefromfreecell heart7 heart n7 heart6 n6 n0 n1 (1)
sendtohome heart8 spade9 heart n8 heart7 n7 (1)
sendtohome heart9 club8 heart n9 heart8 n8 (1)
sendtohome heart10 diamond4 heart n10 heart9 n9 (1)
sendtofree diamond5 club6 n1 n0 (1)
sendtohome club6 diamond7 club n6 club5 n5 (1)
sendtohome-b spade9 spade n9 spade8 n8 n1 n2 (1)
sendtonewcol diamond4 diamonda n2 n1 (1)
sendtohome-b diamonda diamond n1 diamond0 n0 n1 n2 (1)
sendtonewcol diamond8 club9 n2 n1 (1)
homefromfreecell diamond2 diamond n2 diamonda n1 n0 n1 (1)
sendtofree diamond6 club7 n1 n0 (1)
sendtohome-b club7 club n7 club6 n6 n1 n2 (1)
sendtohome-b club8 club n8 club7 n7 n2 n3 (1)
sendtohome club9 diamond10 club n9 club8 n8 (1)
homefromfreecell diamond3 diamond n3 diamond2 n2 n0 n1 (1)
sendtohome-b diamond4 diamond n4 diamond3 n3 n3 n4 (1)
homefromfreecell diamond5 diamond n5 diamond4 n4 n1 n2 (1)
homefromfreecell diamond6 diamond n6 diamond5 n5 n2 n3 (1)
sendtohome-b diamond7 diamond n7 diamond6 n6 n4 n5 (1)
sendtohome-b diamond8 diamond n8 diamond7 n7 n5 n6 (1)
sendtohome diamond9 spade10 diamond n9 diamond8 n8 (1)
sendtohome-b diamond10 diamond n10 diamond9 n9 n6 n7 (1)
sendtohome-b spade10 spade n10 spade9 n9 n7 n8 (1)
homefromfreecell club10 club n10 club9 n9 n3 n4 (1)
[t=27.4058s, 30280 KB] Plan length: 69 step(s).
[t=27.4058s, 30280 KB] Plan cost: 69
[t=27.4058s, 30280 KB] Expanded 1081 state(s).
[t=27.4058s, 30280 KB] Reopened 110 state(s).
[t=27.4058s, 30280 KB] Evaluated 6852 state(s).
[t=27.4058s, 30280 KB] Evaluations: 6852
[t=27.4058s, 30280 KB] Generated 11493 state(s).
[t=27.4058s, 30280 KB] Dead ends: 772 state(s).
[t=27.4058s, 30280 KB] Number of registered states: 6852
[t=27.4058s, 30280 KB] Int hash set load factor: 6852/8192 = 0.836426
[t=27.4058s, 30280 KB] Int hash set resizes: 13
[t=27.4058s, 30280 KB] mean number of q cost that have been adjusted 0 times in relation to total number of q: -1
[t=27.4058s, 30280 KB] mean number of q cost that have been adjusted 1 times in relation to total number of q: -1
[t=27.4058s, 30280 KB] mean number of q cost that have been adjusted 2 times in relation to total number of q: -1
[t=27.4058s, 30280 KB] mean number of q that are at some point overconsitent in relation to total number of q: -1
[t=27.4058s, 30280 KB] mean number of q that are at first underconsisten in relation to total number of q: -1
[t=27.4058s, 30280 KB] mean number of state variables that are not in common between two following states in relation to total number of state variables: -1
[t=27.4058s, 30280 KB] variance number of state variables that are not in common between two following states in relation to total number of state variables: -1
[t=27.4058s, 30280 KB] Search time: 27.2499s
[t=27.4058s, 30280 KB] Total time: 27.4058s
Solution found.
Peak memory: 30280 KB
Remove intermediate file output.sas
search exit code: 0

INFO     Running validate.
INFO     validate stdin: None
INFO     validate time limit: None
INFO     validate memory limit: None
INFO     validate command line string: validate domain.pddl problem.pddl sas_plan
