INFO     Running translator.
INFO     translator stdin: None
INFO     translator time limit: 1799.96s
INFO     translator memory limit: 3584 MB
INFO     translator command line string: /infai/weidan00/downward/experiments/bachelor/.venv/bin/python3 /infai/weidan00/downward/experiments/bachelor/data/bachelor-v1/code-7aa5f34_e5e41175/builds/release/bin/translate/translate.py domain.pddl problem.pddl --sas-file output.sas
Parsing...
Parsing: [0.000s CPU, 0.006s wall-clock]
Normalizing task... [0.010s CPU, 0.000s wall-clock]
Instantiating...
Generating Datalog program... [0.000s CPU, 0.001s wall-clock]
Normalizing Datalog program...
Normalizing Datalog program: [0.000s CPU, 0.006s wall-clock]
Preparing model... [0.010s CPU, 0.004s wall-clock]
Generated 125 rules.
Computing model... [0.340s CPU, 0.347s wall-clock]
22072 relevant atoms
4995 auxiliary atoms
27067 final queue length
95994 total queue pushes
Completing instantiation... [1.520s CPU, 1.525s wall-clock]
Instantiating: [1.880s CPU, 1.892s wall-clock]
Computing fact groups...
Finding invariants...
15 initial candidates
Finding invariants: [0.020s CPU, 0.026s wall-clock]
Checking invariant weight... [0.000s CPU, 0.002s wall-clock]
Instantiating groups... [0.020s CPU, 0.016s wall-clock]
Collecting mutex groups... [0.000s CPU, 0.000s wall-clock]
Choosing groups...
44 uncovered facts
Choosing groups: [0.000s CPU, 0.002s wall-clock]
Building translation key... [0.000s CPU, 0.001s wall-clock]
Computing fact groups: [0.050s CPU, 0.050s wall-clock]
Building STRIPS to SAS dictionary... [0.000s CPU, 0.000s wall-clock]
Building dictionary for full mutex groups... [0.000s CPU, 0.003s wall-clock]
Building mutex information...
not in strips_to_sas, left out: Atom bottomcol(c0)
not in strips_to_sas, left out: Atom bottomcol(d0)
not in strips_to_sas, left out: Atom bottomcol(h0)
not in strips_to_sas, left out: Atom bottomcol(s0)
Building mutex information: [0.000s CPU, 0.001s wall-clock]
Translating task...
Processing axioms...
Simplifying axioms... [0.000s CPU, 0.000s wall-clock]
Processing axioms: [0.080s CPU, 0.077s wall-clock]
Translating task: [1.310s CPU, 1.312s wall-clock]
9064 effect conditions simplified
0 implied preconditions added
Detecting unreachable propositions...
0 operators removed
0 axioms removed
14 propositions removed
Detecting unreachable propositions: [0.920s CPU, 0.923s wall-clock]
Reordering and filtering variables...
94 of 94 variables necessary.
90 of 178 mutex groups necessary.
21346 of 21346 operators necessary.
0 of 0 axiom rules necessary.
Reordering and filtering variables: [0.210s CPU, 0.205s wall-clock]
Translator variables: 94
Translator derived variables: 0
Translator facts: 411
Translator goal facts: 4
Translator mutex groups: 90
Translator total mutex groups size: 455
Translator operators: 21346
Translator axioms: 0
Translator task size: 174800
Translator peak memory: 270540 KB
Writing output... [0.240s CPU, 0.272s wall-clock]
Done! [4.680s CPU, 4.724s wall-clock]
translate exit code: 0

INFO     Running search (release).
INFO     search stdin: output.sas
INFO     search time limit: 1795.19s
INFO     search memory limit: 3584 MB
INFO     search command line string: /infai/weidan00/downward/experiments/bachelor/data/bachelor-v1/code-7aa5f34_e5e41175/builds/release/bin/downward --search 'eager_wastar([pinch()], w=2)' --internal-plan-file sas_plan < output.sas
[t=5.6789e-05s, 17204 KB] reading input...
[t=0.142296s, 24364 KB] done reading input!
[t=0.155037s, 29836 KB] Simplifying 79404 unary operators... done! [79404 unary operators]
[t=0.263808s, 37124 KB] time to simplify: 0.108852s
[t=0.267885s, 37124 KB] Initializing pinch heuristic...
[t=0.268057s, 37124 KB] Building successor generator...done!
[t=0.278169s, 37124 KB] peak memory difference for successor generator creation: 0 KB
[t=0.278211s, 37124 KB] time for successor generation creation: 0.00995685s
[t=0.278444s, 37124 KB] Variables: 94
[t=0.278499s, 37124 KB] FactPairs: 411
[t=0.278534s, 37124 KB] Bytes per state: 24
[t=0.278677s, 37124 KB] Conducting best first search with reopening closed nodes, (real) bound = 2147483647
[t=0.287219s, 37124 KB] New best heuristic value for pinch: 147
[t=0.287283s, 37124 KB] g=0, 1 evaluated, 0 expanded
[t=0.287333s, 37124 KB] Initial heuristic value for pinch: 147
[t=0.287371s, 37124 KB] pruning method: none
[t=0.293709s, 37124 KB] New best heuristic value for pinch: 141
[t=0.293772s, 37124 KB] g=1, 2 evaluated, 1 expanded
[t=0.334144s, 37124 KB] New best heuristic value for pinch: 138
[t=0.334245s, 37124 KB] g=2, 11 evaluated, 2 expanded
[t=0.349971s, 37124 KB] New best heuristic value for pinch: 136
[t=0.350041s, 37124 KB] g=2, 12 evaluated, 2 expanded
[t=0.360872s, 37124 KB] New best heuristic value for pinch: 135
[t=0.360948s, 37124 KB] g=2, 15 evaluated, 2 expanded
[t=0.378579s, 37124 KB] New best heuristic value for pinch: 132
[t=0.378666s, 37124 KB] g=3, 19 evaluated, 3 expanded
[t=0.39412s, 37124 KB] New best heuristic value for pinch: 130
[t=0.394205s, 37124 KB] g=3, 20 evaluated, 3 expanded
[t=0.422683s, 37124 KB] New best heuristic value for pinch: 125
[t=0.42277s, 37124 KB] g=4, 27 evaluated, 4 expanded
[t=0.465386s, 37124 KB] New best heuristic value for pinch: 122
[t=0.465473s, 37124 KB] g=5, 36 evaluated, 5 expanded
[t=0.480073s, 37124 KB] New best heuristic value for pinch: 121
[t=0.480158s, 37124 KB] g=5, 37 evaluated, 5 expanded
[t=0.483196s, 37124 KB] New best heuristic value for pinch: 120
[t=0.483265s, 37124 KB] g=5, 39 evaluated, 5 expanded
[t=0.590578s, 37124 KB] New best heuristic value for pinch: 115
[t=0.590664s, 37124 KB] g=6, 48 evaluated, 6 expanded
[t=0.927254s, 37124 KB] New best heuristic value for pinch: 114
[t=0.927349s, 37124 KB] g=7, 64 evaluated, 7 expanded
[t=1.34637s, 38172 KB] New best heuristic value for pinch: 110
[t=1.34647s, 38172 KB] g=10, 92 evaluated, 10 expanded
[t=1.672s, 38172 KB] New best heuristic value for pinch: 109
[t=1.67209s, 38172 KB] g=12, 117 evaluated, 13 expanded
[t=2.0856s, 38684 KB] New best heuristic value for pinch: 106
[t=2.08568s, 38684 KB] g=15, 154 evaluated, 17 expanded
[t=2.21323s, 38684 KB] New best heuristic value for pinch: 105
[t=2.21332s, 38684 KB] g=15, 165 evaluated, 17 expanded
[t=2.31622s, 38944 KB] New best heuristic value for pinch: 104
[t=2.31632s, 38944 KB] g=16, 173 evaluated, 18 expanded
[t=2.3826s, 38944 KB] New best heuristic value for pinch: 100
[t=2.3827s, 38944 KB] g=17, 183 evaluated, 19 expanded
[t=2.55075s, 38944 KB] New best heuristic value for pinch: 99
[t=2.55084s, 38944 KB] g=17, 197 evaluated, 19 expanded
[t=2.79145s, 38944 KB] New best heuristic value for pinch: 96
[t=2.79154s, 38944 KB] g=19, 237 evaluated, 24 expanded
[t=2.90858s, 38944 KB] New best heuristic value for pinch: 94
[t=2.90867s, 38944 KB] g=21, 252 evaluated, 26 expanded
[t=2.92845s, 38944 KB] New best heuristic value for pinch: 90
[t=2.92853s, 38944 KB] g=22, 260 evaluated, 27 expanded
[t=3.5627s, 38944 KB] New best heuristic value for pinch: 87
[t=3.5628s, 38944 KB] g=24, 323 evaluated, 35 expanded
[t=3.59729s, 38944 KB] New best heuristic value for pinch: 83
[t=3.59738s, 38944 KB] g=25, 332 evaluated, 36 expanded
[t=3.78451s, 38944 KB] New best heuristic value for pinch: 80
[t=3.78459s, 38944 KB] g=28, 362 evaluated, 39 expanded
[t=3.98005s, 38944 KB] New best heuristic value for pinch: 76
[t=3.98014s, 38944 KB] g=29, 380 evaluated, 40 expanded
[t=4.05643s, 38944 KB] New best heuristic value for pinch: 75
[t=4.05653s, 38944 KB] g=30, 392 evaluated, 41 expanded
[t=4.131s, 38944 KB] New best heuristic value for pinch: 73
[t=4.13107s, 38944 KB] g=31, 407 evaluated, 42 expanded
[t=4.16664s, 38944 KB] New best heuristic value for pinch: 72
[t=4.16672s, 38944 KB] g=31, 411 evaluated, 42 expanded
[t=4.24033s, 38944 KB] New best heuristic value for pinch: 71
[t=4.24041s, 38944 KB] g=31, 420 evaluated, 42 expanded
[t=4.33359s, 38944 KB] New best heuristic value for pinch: 70
[t=4.33368s, 38944 KB] g=32, 429 evaluated, 43 expanded
[t=4.40693s, 38944 KB] New best heuristic value for pinch: 68
[t=4.40702s, 38944 KB] g=33, 442 evaluated, 44 expanded
[t=4.42226s, 38944 KB] New best heuristic value for pinch: 66
[t=4.42234s, 38944 KB] g=33, 444 evaluated, 44 expanded
[t=4.5613s, 38944 KB] New best heuristic value for pinch: 64
[t=4.56141s, 38944 KB] g=34, 463 evaluated, 45 expanded
[t=4.58271s, 38944 KB] New best heuristic value for pinch: 63
[t=4.5828s, 38944 KB] g=34, 466 evaluated, 45 expanded
[t=4.65765s, 38944 KB] New best heuristic value for pinch: 62
[t=4.65775s, 38944 KB] g=34, 476 evaluated, 45 expanded
[t=4.90997s, 38944 KB] New best heuristic value for pinch: 60
[t=4.91006s, 38944 KB] g=35, 509 evaluated, 47 expanded
[t=5.11566s, 38944 KB] New best heuristic value for pinch: 57
[t=5.11576s, 38944 KB] g=37, 536 evaluated, 50 expanded
[t=5.23828s, 38944 KB] New best heuristic value for pinch: 56
[t=5.23838s, 38944 KB] g=38, 555 evaluated, 51 expanded
[t=5.86698s, 38944 KB] New best heuristic value for pinch: 55
[t=5.86709s, 38944 KB] g=40, 641 evaluated, 60 expanded
[t=6.01088s, 38944 KB] New best heuristic value for pinch: 52
[t=6.01098s, 38944 KB] g=41, 663 evaluated, 62 expanded
[t=6.38597s, 38944 KB] New best heuristic value for pinch: 49
[t=6.38607s, 38944 KB] g=45, 725 evaluated, 68 expanded
[t=6.52597s, 38944 KB] New best heuristic value for pinch: 47
[t=6.52607s, 38944 KB] g=46, 746 evaluated, 69 expanded
[t=6.6518s, 38944 KB] New best heuristic value for pinch: 46
[t=6.6519s, 38944 KB] g=46, 764 evaluated, 69 expanded
[t=6.68076s, 38944 KB] New best heuristic value for pinch: 45
[t=6.68085s, 38944 KB] g=47, 768 evaluated, 70 expanded
[t=6.74698s, 38944 KB] New best heuristic value for pinch: 43
[t=6.74707s, 38944 KB] g=48, 782 evaluated, 71 expanded
[t=6.89461s, 38944 KB] New best heuristic value for pinch: 42
[t=6.89471s, 38944 KB] g=49, 805 evaluated, 72 expanded
[t=6.9749s, 38944 KB] New best heuristic value for pinch: 41
[t=6.97499s, 38944 KB] g=50, 821 evaluated, 73 expanded
[t=6.99667s, 38944 KB] New best heuristic value for pinch: 40
[t=6.99676s, 38944 KB] g=50, 825 evaluated, 73 expanded
[t=7.02498s, 38944 KB] New best heuristic value for pinch: 39
[t=7.02507s, 38944 KB] g=50, 829 evaluated, 73 expanded
[t=7.12521s, 38944 KB] New best heuristic value for pinch: 38
[t=7.1253s, 38944 KB] g=51, 845 evaluated, 74 expanded
[t=7.15604s, 38944 KB] New best heuristic value for pinch: 37
[t=7.15613s, 38944 KB] g=51, 851 evaluated, 74 expanded
[t=7.25766s, 38944 KB] New best heuristic value for pinch: 35
[t=7.25777s, 38944 KB] g=52, 869 evaluated, 75 expanded
[t=7.33564s, 38944 KB] New best heuristic value for pinch: 34
[t=7.33574s, 38944 KB] g=53, 887 evaluated, 76 expanded
[t=7.35229s, 38944 KB] New best heuristic value for pinch: 32
[t=7.35238s, 38944 KB] g=53, 893 evaluated, 76 expanded
[t=7.397s, 38944 KB] New best heuristic value for pinch: 31
[t=7.39709s, 38944 KB] g=54, 907 evaluated, 77 expanded
[t=7.39892s, 38944 KB] New best heuristic value for pinch: 30
[t=7.39899s, 38944 KB] g=54, 908 evaluated, 77 expanded
[t=7.44775s, 38944 KB] New best heuristic value for pinch: 29
[t=7.44785s, 38944 KB] g=55, 928 evaluated, 78 expanded
[t=7.46751s, 38944 KB] New best heuristic value for pinch: 28
[t=7.4676s, 38944 KB] g=55, 938 evaluated, 78 expanded
[t=7.49179s, 38944 KB] New best heuristic value for pinch: 27
[t=7.49188s, 38944 KB] g=56, 947 evaluated, 79 expanded
[t=7.53048s, 38944 KB] New best heuristic value for pinch: 26
[t=7.53057s, 38944 KB] g=57, 963 evaluated, 80 expanded
[t=7.54832s, 38944 KB] New best heuristic value for pinch: 25
[t=7.54841s, 38944 KB] g=57, 973 evaluated, 80 expanded
[t=7.56732s, 38944 KB] New best heuristic value for pinch: 24
[t=7.56742s, 38944 KB] g=58, 979 evaluated, 81 expanded
[t=7.60539s, 38944 KB] New best heuristic value for pinch: 23
[t=7.60548s, 38944 KB] g=59, 998 evaluated, 82 expanded
[t=7.62623s, 38944 KB] New best heuristic value for pinch: 22
[t=7.62632s, 38944 KB] g=59, 1008 evaluated, 82 expanded
[t=7.64155s, 38944 KB] New best heuristic value for pinch: 21
[t=7.64163s, 38944 KB] g=60, 1015 evaluated, 83 expanded
[t=7.65619s, 38944 KB] New best heuristic value for pinch: 20
[t=7.65626s, 38944 KB] g=60, 1023 evaluated, 83 expanded
[t=7.67619s, 38944 KB] New best heuristic value for pinch: 19
[t=7.67627s, 38944 KB] g=61, 1032 evaluated, 84 expanded
[t=7.70895s, 38944 KB] New best heuristic value for pinch: 18
[t=7.70903s, 38944 KB] g=62, 1048 evaluated, 85 expanded
[t=7.73533s, 38944 KB] New best heuristic value for pinch: 17
[t=7.7354s, 38944 KB] g=62, 1060 evaluated, 85 expanded
[t=7.76155s, 38944 KB] New best heuristic value for pinch: 16
[t=7.76163s, 38944 KB] g=63, 1068 evaluated, 86 expanded
[t=7.79093s, 38944 KB] New best heuristic value for pinch: 15
[t=7.79102s, 38944 KB] g=64, 1081 evaluated, 87 expanded
[t=7.81575s, 38944 KB] New best heuristic value for pinch: 14
[t=7.81584s, 38944 KB] g=65, 1093 evaluated, 88 expanded
[t=7.8448s, 38944 KB] New best heuristic value for pinch: 13
[t=7.84487s, 38944 KB] g=66, 1106 evaluated, 89 expanded
[t=7.87528s, 38944 KB] New best heuristic value for pinch: 12
[t=7.87536s, 38944 KB] g=67, 1121 evaluated, 90 expanded
[t=7.91819s, 38944 KB] New best heuristic value for pinch: 10
[t=7.91827s, 38944 KB] g=68, 1140 evaluated, 91 expanded
[t=7.95479s, 38944 KB] New best heuristic value for pinch: 9
[t=7.95487s, 38944 KB] g=69, 1157 evaluated, 92 expanded
[t=7.99663s, 38944 KB] New best heuristic value for pinch: 8
[t=7.99671s, 38944 KB] g=70, 1178 evaluated, 93 expanded
[t=8.02718s, 38944 KB] New best heuristic value for pinch: 7
[t=8.02726s, 38944 KB] g=71, 1194 evaluated, 94 expanded
[t=8.05419s, 38944 KB] New best heuristic value for pinch: 6
[t=8.05426s, 38944 KB] g=72, 1208 evaluated, 95 expanded
[t=8.07695s, 38944 KB] New best heuristic value for pinch: 5
[t=8.07702s, 38944 KB] g=73, 1220 evaluated, 96 expanded
[t=8.08709s, 38944 KB] New best heuristic value for pinch: 4
[t=8.08718s, 38944 KB] g=73, 1226 evaluated, 96 expanded
[t=8.09514s, 38944 KB] New best heuristic value for pinch: 3
[t=8.09521s, 38944 KB] g=74, 1231 evaluated, 97 expanded
[t=8.10436s, 38944 KB] New best heuristic value for pinch: 2
[t=8.10444s, 38944 KB] g=75, 1236 evaluated, 98 expanded
[t=8.11417s, 38944 KB] New best heuristic value for pinch: 1
[t=8.11425s, 38944 KB] g=76, 1241 evaluated, 99 expanded
[t=8.11983s, 38944 KB] New best heuristic value for pinch: 0
[t=8.1199s, 38944 KB] g=77, 1243 evaluated, 100 expanded
[t=8.1213s, 38944 KB] Solution found!
[t=8.12137s, 38944 KB] Actual search time: 7.83399s
sendtohome sa h3 s n1 s0 n0 (1)
sendtofree hj d3 n4 n3 (1)
sendtofree s5 da n3 n2 (1)
sendtohome da s9 d n1 d0 n0 (1)
sendtofree d3 s2 n2 n1 (1)
sendtohome s2 c7 s n2 sa n1 (1)
move d8 s10 s9 (1)
move c7 c6 d8 (1)
move h5 s3 c6 (1)
sendtohome s3 s6 s n3 s2 n2 (1)
move h9 ca s10 (1)
sendtohome ca d5 c n1 c0 n0 (1)
move d5 d2 s6 (1)
sendtohome-b d2 d n2 da n1 n0 n1 (1)
sendtofree c7 d8 n1 n0 (1)
homefromfreecell d3 d n3 d2 n2 n0 n1 (1)
sendtofree h9 s10 n1 n0 (1)
newcolfromfreecell hj n1 n0 n0 n1 (1)
move s10 h4 hj (1)
colfromfreecell h9 s10 n1 n2 (1)
sendtofree h4 s4 n2 n1 (1)
sendtohome s4 d6 s n4 s3 n3 (1)
homefromfreecell s5 s n5 s4 n4 n1 n2 (1)
sendtofree h3 ha n2 n1 (1)
sendtohome ha s7 h n1 h0 n0 (1)
move d6 c2 s7 (1)
sendtohome-b c2 c n2 ca n1 n0 n1 (1)
sendtofree d7 h2 n1 n0 (1)
sendtohome h2 h8 h n2 ha n1 (1)
homefromfreecell h3 h n3 h2 n2 n0 n1 (1)
sendtofree d8 s9 n1 n0 (1)
homefromfreecell h4 h n4 h3 n3 n0 n1 (1)
sendtohome h5 c6 h n5 h4 n4 (1)
sendtonewcol h10 h7 n1 n0 (1)
move s9 d9 h10 (1)
move d5 s6 c6 (1)
sendtohome s6 s8 s n6 s5 n5 (1)
move h7 c10 s8 (1)
colfromfreecell d8 s9 n1 n2 (1)
sendtofree d6 s7 n2 n1 (1)
sendtohome s7 d10 s n7 s6 n6 (1)
move d9 cj c10 (1)
move d10 d4 cj (1)
sendtohome-b d4 d n4 d3 n3 n0 n1 (1)
sendtohome d5 c6 d n5 d4 n4 (1)
sendtofree d9 c10 n1 n0 (1)
homefromfreecell d6 d n6 d5 n5 n0 n1 (1)
sendtofree h8 c9 n1 n0 (1)
homefromfreecell d7 d n7 d6 n6 n0 n1 (1)
sendtohome d8 s9 d n8 d7 n7 (1)
sendtofree c6 h6 n1 n0 (1)
sendtohome h6 c3 h n6 h5 n5 (1)
sendtohome h7 s8 h n7 h6 n6 (1)
sendtohome s8 c4 s n8 s7 n7 (1)
sendtohome s9 h10 s n9 s8 n8 (1)
sendtohome-b c3 c n3 c2 n2 n1 n2 (1)
sendtonewcol c10 c8 n2 n1 (1)
sendtohome-b c4 c n4 c3 n3 n1 n2 (1)
sendtonewcol h9 s10 n2 n1 (1)
sendtohome s10 hj s n10 s9 n9 (1)
homefromfreecell h8 h n8 h7 n7 n0 n1 (1)
sendtofree d10 cj n1 n0 (1)
sendtohome-b h9 h n9 h8 n8 n1 n2 (1)
sendtonewcol c9 c5 n2 n1 (1)
sendtohome-b c5 c n5 c4 n4 n1 n2 (1)
homefromfreecell c6 c n6 c5 n5 n0 n1 (1)
homefromfreecell c7 c n7 c6 n6 n1 n2 (1)
sendtohome c8 sj c n8 c7 n7 (1)
sendtohome-b sj s n11 s10 n10 n2 n3 (1)
homefromfreecell d9 d n9 d8 n8 n2 n3 (1)
sendtohome-b c9 c n9 c8 n8 n3 n4 (1)
sendtohome-b c10 c n10 c9 n9 n4 n5 (1)
sendtohome cj dj c n11 c10 n10 (1)
sendtohome-b h10 h n10 h9 n9 n5 n6 (1)
sendtohome-b hj h n11 h10 n10 n6 n7 (1)
homefromfreecell d10 d n10 d9 n9 n3 n4 (1)
sendtohome-b dj d n11 d10 n10 n7 n8 (1)
[t=8.12141s, 38944 KB] Plan length: 77 step(s).
[t=8.12141s, 38944 KB] Plan cost: 77
[t=8.12141s, 38944 KB] Expanded 101 state(s).
[t=8.12141s, 38944 KB] Reopened 0 state(s).
[t=8.12141s, 38944 KB] Evaluated 1244 state(s).
[t=8.12141s, 38944 KB] Evaluations: 1244
[t=8.12141s, 38944 KB] Generated 1347 state(s).
[t=8.12141s, 38944 KB] Dead ends: 1 state(s).
[t=8.12141s, 38944 KB] Number of registered states: 1244
[t=8.12141s, 38944 KB] Int hash set load factor: 1244/2048 = 0.607422
[t=8.12141s, 38944 KB] Int hash set resizes: 11
[t=8.12141s, 38944 KB] mean number of q cost that have been adjusted 0 times in relation to total number of q: -1
[t=8.12141s, 38944 KB] mean number of q cost that have been adjusted 1 times in relation to total number of q: -1
[t=8.12141s, 38944 KB] mean number of q cost that have been adjusted 2 times in relation to total number of q: -1
[t=8.12141s, 38944 KB] mean number of q that are at some point overconsitent in relation to total number of q: -1
[t=8.12141s, 38944 KB] mean number of q that are at first underconsisten in relation to total number of q: -1
[t=8.12141s, 38944 KB] mean number of state variables that are not in common between two following states in relation to total number of state variables: -1
[t=8.12141s, 38944 KB] variance number of state variables that are not in common between two following states in relation to total number of state variables: -1
[t=8.12141s, 38944 KB] Search time: 7.84273s
[t=8.12141s, 38944 KB] Total time: 8.12141s
Solution found.
Peak memory: 38944 KB
Remove intermediate file output.sas
search exit code: 0

INFO     Running validate.
INFO     validate stdin: None
INFO     validate time limit: None
INFO     validate memory limit: None
INFO     validate command line string: validate domain.pddl problem.pddl sas_plan
